

Starting up round ID . 01:55:47
---------------------
[01:55:47]ADMIN: Loading Banlist
[01:55:48]GAME: Saved mode is 'sandbox'
[01:56:23]ACCESS: Login: Noober84555 from 127.0.0.1-645371209 || BYOND v511
[01:56:23]ACCESS: Mob Login: Noober84555/(Noober84555) was assigned to a /mob/dead/new_player
[01:59:50]EMOTE: *no key*/(pug) : <b>Swanson</b> chases its tail. (107,142,2)
[01:59:50]SAY: Officer Beepsky/ : Engaging patrol mode. (186,190,2)
[01:59:50]SAY: Prison Ofitser/ : Engaging patrol mode. (23,36,5)
[01:59:50]SAY: Prison Ofitser/ : Disengaging patrol mode. (23,36,5)
[01:59:50]ACCESS: Mob Login: Noober84555/(Noober84555) was assigned to a /mob/living/carbon/human
[01:59:52]EMOTE: *no key*/(grey baby slime (429)) : <b>The grey baby slime (429)</b> bounces in place. (108,153,2)
[01:59:57]ADMIN: Noober84555/(Noober84555) changed the equipment of Noober84555/(Noober84555) to Naked.
[02:00:03]EMOTE: *no key*/(mouse) : <b>The mouse</b> runs in a circle. (202,231,2)
[02:00:13]EMOTE: *no key*/(monkey (913)) : <b>The monkey (913)</b> rolls. (204,25,2)
[02:00:27]EMOTE: *no key*/(Pun Pun 38) : <b>Pun Pun 38</b> rolls. (138,213,2)
[02:00:34]EMOTE: *no key*/(monkey (726)) : <b>The monkey (726)</b> scratches. (188,8,2)
[02:00:42]EMOTE: *no key*/(monkey (330)) : <b>The monkey (330)</b> rolls. (160,141,2)
[02:00:46]EMOTE: Noober84555/(Noober84555) : <b>Noober84555</b> pees themselves! thankfully they were wearing a diaper. (145,242,2)
[02:00:46]EMOTE: *no key*/(Poly) : <b>Poly</b> looks in the BreatheDeep cartridge's direction and takes flight. (80,190,2)
[02:00:46]SAY: Poly/ : Attention! Wanted issue distributed! (80,190,2)
[02:00:57]SAY: Renault/ : Awoo (152,194,2)
[02:01:00]ADMIN: Noober84555/(Noober84555) modified Noober84555's PeeRate to from 0.05 to 5
[02:01:10]ADMIN: Noober84555/(Noober84555) modified Noober84555's PeeAmount to from 0.400002 to 15
[02:01:13]EMOTE: Noober84555/(Noober84555) : <b>Noober84555</b> pees themselves! thankfully they were wearing a diaper. (145,242,2)
[02:01:22]EMOTE: *no key*/(mouse) : <b>The mouse</b> runs in a circle. (197,226,2)
[02:01:28]EMOTE: Noober84555/(Noober84555) : <b>Noober84555</b> pees themselves! thankfully they were wearing a diaper. (143,242,2)
[02:01:41]EMOTE: Noober84555/(Noober84555) : <b>Noober84555</b> pees themselves! thankfully they were wearing a diaper. (142,242,2)
[02:01:43]EMOTE: *no key*/(monkey (191)) : <b>The monkey (191)</b> rolls. (188,119,2)
[02:01:43]EMOTE: *no key*/(Ian) : <b>Ian</b> chases its tail! (134,185,2)
[02:01:43]EMOTE: *no key*/(Poly) : <b>Poly</b> looks in the BreatheDeep cartridge's direction and takes flight. (80,190,2)
[02:01:51]EMOTE: *no key*/(monkey (538)) : <b>The monkey (538)</b> jumps! (201,21,2)
[02:01:58]EMOTE: Noober84555/(Noober84555) : <b>Unknown</b> pees themselves! thankfully they were wearing a diaper. (145,233,2)
[02:02:05]ACCESS: Logout: Noober84555/(Noober84555)
