

Starting up round ID . 01:42:59
---------------------
[01:42:59]ADMIN: Loading Banlist
[01:43:00]GAME: Saved mode is 'sandbox'
[01:43:52]ACCESS: Login: Kryfrac from 110.143.91.191-735727780 || BYOND v511
[01:43:52]ACCESS: Mob Login: Kryfrac/(Kryfrac) was assigned to a /mob/dead/new_player
[01:44:32]ACCESS: Login: Noober84555 from 127.0.0.1-645371209 || BYOND v511
[01:44:33]ACCESS: Mob Login: Noober84555/(Noober84555) was assigned to a /mob/dead/new_player
[01:46:04]EMOTE: *no key*/(grey baby slime (821)) : <b>The grey baby slime (821)</b> jiggles! (112,162,2)
[01:46:06]SAY: Officer Beepsky/ : Engaging patrol mode. (186,190,2)
[01:46:06]SAY: Prison Ofitser/ : Engaging patrol mode. (23,36,5)
[01:46:06]SAY: Prison Ofitser/ : Disengaging patrol mode. (23,36,5)
[01:46:08]ADMIN: Kryfrac/(Kryfrac) has turned stealth mode ON
[01:46:14]ACCESS: Mob Login: Kryfrac/(Charletto Onic) was assigned to a /mob/living/carbon/human
[01:46:31]SAY: Persephone/ : Esp! (166,139,2)
[01:46:35]EMOTE: *no key*/(pug) : <b>Swanson</b> woofs! (106,142,2)
[01:46:38]EMOTE: *no key*/(monkey (66)) : <b>The monkey (66)</b> scratches. (189,8,2)
[01:46:39]SAY: Nobody's Perfect/ : Delicious! (24,75,1)
[01:46:40]ACCESS: Mob Login: Noober84555/(Logan Paul) was assigned to a /mob/living/carbon/human
[01:46:45]ADMIN: Noober84555/(Logan Paul) jumped to Kryfrac/(Charletto Onic)
[01:46:52]SAY: Logan Paul/Noober84555 : if youre wondering why im busy its a ss13 thing (142,263,2)
[01:47:00]SAY: Logan Paul/Noober84555 : im literally working on adding PP to a station (142,263,2)
[01:47:05]EMOTE: *no key*/(Poly) : <b>Poly</b> looks in the BreatheDeep cartridge's direction and takes flight. (80,190,2)
[01:47:05]SAY: Charletto Onic/Kryfrac : adding what (142,263,2)
[01:47:06]SAY: Logan Paul/Noober84555 : aka hygiene and needs (142,263,2)
[01:47:09]SAY: Charletto Onic/Kryfrac : Oh (142,263,2)
[01:47:10]SAY: Charletto Onic/Kryfrac : OH (142,263,2)
[01:47:13]EMOTE: *no key*/(monkey (709)) : <b>The monkey (709)</b> scratches. (160,141,2)
[01:47:15]EMOTE: *no key*/(grey baby slime (821)) : <b>The grey baby slime (821)</b> vibrates! (113,163,2)
[01:47:19]EMOTE: *no key*/(Persephone) : <b>Persephone</b> sits down. (167,137,2)
[01:47:21]EMOTE: *no key*/(monkey (697)) : <b>The monkey (697)</b> scratches. (203,25,2)
[01:47:21]SAY: Logan Paul/Noober84555 : u need to pee pee or else u pe pee on ur SUIT (146,263,2)
[01:47:26]EMOTE: *no key*/(mouse) : <b>The mouse</b> squeeks. (201,231,2)
[01:47:28]SAY: Nobody's Perfect/ : Delicious! (24,75,1)
[01:47:29]EMOTE: *no key*/(monkey (66)) : <b>The monkey (66)</b> rolls. (189,8,2)
[01:47:31]EMOTE: *no key*/(monkey (106)) : <b>The monkey (106)</b> waves her tail. (186,118,2)
[01:47:35]EMOTE: *no key*/(grey baby slime (821)) : <b>The grey baby slime (821)</b> vibrates! (113,162,2)
[01:47:39]SAY: Charletto Onic/Kryfrac : That&#39;s actually.. hilarious. lmao. (143,263,2)
[01:47:40]SAY: Medibot/ : I knew it, I should&#39;ve been a plastic surgeon. (155,73,1)
[01:47:49]EMOTE: *no key*/(Persephone) : <b>Persephone</b> looks alert. (167,137,2)
[01:47:55]EMOTE: *no key*/(monkey (709)) : <b>The monkey (709)</b> scratches. (160,139,2)
[01:48:01]EMOTE: *no key*/(Poly) : <b>Poly</b> looks in the BreatheDeep cartridge's direction and takes flight. (80,190,2)
[01:48:02]EMOTE: *no key*/(Citrus) : <b>Citrus</b> looks around sleepily. (171,220,2)
[01:48:06]SAY: Poly/ : Check the crystal, you chucklefucks! (80,190,2)
[01:48:08]SAY: Ian/ : YAP (136,183,2)
[01:48:08]SAY: Logan Paul/Noober84555 : also hygiene needs (146,263,2)
[01:48:10]SAY: emergency medibot/ : What kind of medbay is this? Everyone&#39;s dropping like flies. (222,84,1)
[01:48:10]EMOTE: *no key*/(Ian) : <b>Ian</b> pants. (136,183,2)
[01:48:10]SAY: Poly/ : Twice the calories for half the price! (80,190,2)
[01:48:10]SAY: Nobody's Perfect/ : I knew it, I should&#39;ve been a plastic surgeon. (24,75,1)
[01:48:11]SAY: Logan Paul/Noober84555 : such as bathing, and shit (146,263,2)
[01:48:13]EMOTE: *no key*/(monkey (700)) : <b>The monkey (700)</b> waves his tail. (160,141,2)
[01:48:16]SAY: Logan Paul/Noober84555 : showers finally become useful? (146,263,2)
[01:48:22]SAY: Charletto Onic/Kryfrac : Finalllllyy (143,263,2)
[01:48:23]SAY: Logan Paul/Noober84555 : welcome to realism station 2k18 (147,263,2)
[01:48:26]SAY: Charletto Onic/Kryfrac : Altho they are already useful (143,263,2)
[01:48:27]SAY: Charletto Onic/Kryfrac : Also (143,263,2)
[01:48:36]SAY: Charletto Onic/Kryfrac : Invitation for scat lovers anyone? (143,263,2)
[01:48:37]SAY: Poly/ : Breaking news from Station Announcements! (80,190,2)
[01:48:37]SAY: Charletto Onic/Kryfrac : lmao. (143,263,2)
[01:48:46]SAY: Logan Paul/Noober84555 : no poo poo yet (145,263,2)
[01:48:50]SAY: Logan Paul/Noober84555 : i have code for it, but its removed rn (145,263,2)
[01:48:51]SAY: Swanson/ : YAP (106,143,2)
[01:48:57]EMOTE: *no key*/(Poly) : <b>Poly</b> looks in the BreatheDeep cartridge's direction and takes flight. (80,190,2)
[01:48:58]SAY: Charletto Onic/Kryfrac : Invitation for watersports lovers anyone? (143,263,2)
[01:48:59]EMOTE: *no key*/(Citrus) : <b>Citrus</b> yawns. (170,220,2)
[01:49:03]SAY: Logan Paul/Noober84555 : ah yes (145,263,2)
[01:49:04]SAY: Medibot/ : Radar, put a mask on! (154,73,1)
[01:49:05]EMOTE: *no key*/(monkey (106)) : <b>The monkey (106)</b> jumps! (185,119,2)
[01:49:08]SAY: Logan Paul/Noober84555 : someone told me to add diapers so i did (145,263,2)
[01:49:09]EMOTE: *no key*/(monkey (700)) : <b>The monkey (700)</b> waves his tail. (160,141,2)
[01:49:18]SAY: Charletto Onic/Kryfrac : ugh I hate that fetish so much (143,263,2)
[01:49:21]SAY: Logan Paul/Noober84555 : same (145,263,2)
[01:49:21]EMOTE: *no key*/(monkey (106)) : <b>The monkey (106)</b> waves her tail. (184,119,2)
[01:49:28]SAY: Logan Paul/Noober84555 : but actually R E A L I S M (145,263,2)
[01:49:31]EMOTE: *no key*/(Ian) : <b>Ian</b> chases its tail! (135,183,2)
[01:49:36]SAY: Charletto Onic/Kryfrac : But no (143,263,2)
[01:49:43]EMOTE: *no key*/(mouse) : <b>The mouse</b> squeeks. (201,224,2)
[01:49:43]EMOTE: *no key*/(monkey (106)) : <b>The monkey (106)</b> scratches. (186,119,2)
[01:49:44]SAY: Charletto Onic/Kryfrac : Adult diapers (143,263,2)
[01:49:47]SAY: emergency medibot/ : Delicious! (222,84,1)
[01:49:47]SAY: Charletto Onic/Kryfrac : are for old people (143,263,2)
[01:49:48]SAY: Charletto Onic/Kryfrac : only (143,263,2)
[01:49:49]EMOTE: *no key*/(Citrus) : <b>Citrus</b> looks around sleepily. (170,221,2)
[01:49:53]EMOTE: *no key*/(Poly) : <b>Poly</b> looks in the chief engineer's rubber stamp's direction and takes flight. (80,190,2)
[01:50:00]SAY: Logan Paul/Noober84555 : ye (145,263,2)
[01:50:01]EMOTE: *no key*/(monkey (66)) : <b>The monkey (66)</b> waves her tail. (188,8,2)
[01:50:07]EMOTE: *no key*/(Persephone) : <b>Persephone</b> gets up and meows. (167,137,2)
[01:50:14]SAY: Charletto Onic/Kryfrac : I&#39;m   going     to     go    ahead    and     se e ript    an    autohotkey    for     spinning (143,263,2)
[01:50:17]EMOTE: *no key*/(grey baby slime (47)) : <b>The grey baby slime (47)</b> lights up for a bit, then stops. (103,163,2)
[01:50:17]SAY: Poly/ : I knew it, I should&#39;ve been a plastic surgeon. (80,190,2)
[01:50:21]SAY: Charletto Onic/Kryfrac : tfue ke ing   a utohotkey    stop   it    reeeeeeeee (143,263,2)
[01:50:21]EMOTE: *no key*/(monkey (330)) : <b>The monkey (330)</b> rolls. (160,141,2)
[01:50:33]EMOTE: *no key*/(monkey (700)) : <b>The monkey (700)</b> scratches. (160,140,2)
[01:50:34]SAY: Charletto Onic/Kryfrac : Thanks autohotkey (143,263,2)
[01:50:39]EMOTE: *no key*/(monkey (106)) : <b>The monkey (106)</b> jumps! (186,119,2)
[01:50:41]SAY: Logan Paul/Noober84555 : ya (145,263,2)
[01:50:44]SAY: Logan Paul/Noober84555 : yeet (145,263,2)
[01:50:44]SAY: Poly/ : Wait Hanry Smith! I want to help! (80,190,2)
[01:50:48]EMOTE: *no key*/(Poly) : <b>Poly</b> looks in the Cohiba Robusto cigar's direction and takes flight. (80,190,2)
[01:50:49]EMOTE: *no key*/(Persephone) : <b>Persephone</b> twitches its whiskers. (167,137,2)
[01:50:54]SAY: Medibot/ : Delicious! (154,73,1)
[01:50:56]SAY: Logan Paul/Noober84555 : jesus christ i feel bad for making diaper sprites (145,263,2)
[01:50:58]SAY: Nobody's Perfect/ : There&#39;s always a catch, and I&#39;m the best there is. (24,75,1)
[01:51:03]EMOTE: *no key*/(grey baby slime (821)) : <b>The grey baby slime (821)</b> vibrates! (112,162,2)
[01:51:06]SAY: Logan Paul/Noober84555 : and if that server gets fucked by fetishits (145,263,2)
[01:51:08]SAY: Logan Paul/Noober84555 : im gonna be mad (145,263,2)
[01:51:08]SAY: Medibot/ : There&#39;s always a catch, and I&#39;m the best there is. (154,73,1)
[01:51:09]SAY: Logan Paul/Noober84555 : as fuck (145,263,2)
[01:51:12]SAY: Charletto Onic/Kryfrac : It will (143,263,2)
[01:51:14]SAY: Charletto Onic/Kryfrac : You know it will (143,263,2)
[01:51:15]SAY: Logan Paul/Noober84555 : to the point where ill add a backdoor (145,263,2)
[01:51:16]SAY: Charletto Onic/Kryfrac : the erp (143,263,2)
[01:51:17]SAY: Logan Paul/Noober84555 : to crash the server (145,263,2)
[01:51:17]EMOTE: *no key*/(Persephone) : <b>Persephone</b> lies down. (168,136,2)
[01:51:18]SAY: Poly/ : I knew it, I should&#39;ve been a plastic surgeon. (80,190,2)
[01:51:19]SAY: Charletto Onic/Kryfrac : the erp will be real (143,263,2)
[01:51:36]SAY: Logan Paul/Noober84555 : this is the worst thing i have ever had to do (145,263,2)
[01:51:37]SAY: Charletto Onic/Kryfrac : You&#39;re like, REcoding Lifeweb for normal player slmao (143,263,2)
[01:51:39]SAY: Logan Paul/Noober84555 : code Pee (145,263,2)
[01:51:39]EMOTE: *no key*/(Ian) : <b>Ian</b> dances around. (136,186,2)
[01:51:42]SAY: Logan Paul/Noober84555 : Pee Pee (145,263,2)
[01:51:43]EMOTE: *no key*/(monkey (709)) : <b>The monkey (709)</b> scratches. (160,140,2)
[01:51:43]EMOTE: *no key*/(Pun Pun 30) : <b>Pun Pun 30</b> rolls. (138,216,2)
[01:51:44]SAY: Logan Paul/Noober84555 : And Poo Poo (145,263,2)
[01:51:45]EMOTE: *no key*/(Poly) : <b>Poly</b> looks in the premium Havanian cigar's direction and takes flight. (80,190,2)
[01:51:47]SAY: Poly/ : Try our new nougat bar! (80,190,2)
[01:51:47]SAY: Charletto Onic/Kryfrac : Yeahhh (143,263,2)
[01:51:47]SAY: Logan Paul/Noober84555 : u can go pee pee in toilet (145,263,2)
[01:51:51]SAY: Charletto Onic/Kryfrac : LifeWeb anyone? (143,263,2)
[01:52:05]SAY: Logan Paul/Noober84555 : this sounds like something that would go on citadel lmao (145,263,2)
[01:52:07]SAY: Logan Paul/Noober84555 : or bay (145,263,2)
[01:52:10]SAY: Charletto Onic/Kryfrac : Lmao true (143,263,2)
[01:52:21]SAY: Poly/ : I knew it, I should&#39;ve been a plastic surgeon. (80,190,2)
[01:52:27]EMOTE: *no key*/(monkey (700)) : <b>The monkey (700)</b> scratches. (160,139,2)
[01:52:31]EMOTE: *no key*/(monkey (300)) : <b>The monkey (300)</b> scratches. (201,25,2)
[01:52:37]EMOTE: *no key*/(Renault) : <b>Renault</b> shivers. (153,193,2)
[01:52:43]SAY: Logan Paul/Noober84555 : &gt;when u have to search pee noises (145,263,2)
[01:52:43]EMOTE: *no key*/(monkey (531)) : <b>The monkey (531)</b> jumps! (201,21,2)
[01:52:45]SAY: Logan Paul/Noober84555 : &gt;and use them (145,263,2)
[01:52:45]EMOTE: *no key*/(Poly) : <b>Poly</b> looks in the premium Havanian cigar's direction and takes flight. (80,190,2)
[01:52:47]SAY: Logan Paul/Noober84555 : &gt;for that %100 realism (145,263,2)
[01:52:49]SAY: Renault/ : Ack-Ack-Ack-Ackawoooo (152,193,2)
[01:53:10]EMOTE: *no key*/(monkey (509)) : <b>The monkey (509)</b> jumps! (204,21,2)
[01:53:10]EMOTE: *no key*/(Ian) : <b>Ian</b> chases its tail! (133,185,2)
[01:53:14]EMOTE: *no key*/(grey baby slime (740)) : <b>The grey baby slime (740)</b> vibrates! (109,153,2)
[01:53:16]SAY: emergency medibot/ : Radar, put a mask on! (222,84,1)
[01:53:20]EMOTE: *no key*/(monkey (66)) : <b>The monkey (66)</b> rolls. (189,8,2)
[01:53:22]SAY: Logan Paul/Noober84555 : ya (145,263,2)
[01:53:24]EMOTE: *no key*/(Persephone) : <b>Persephone</b> looks alert. (168,136,2)
[01:53:35]EMOTE: *no key*/(monkey (466)) : <b>The monkey (466)</b> rolls. (187,118,2)
[01:53:37]EMOTE: *no key*/(grey baby slime (740)) : <b>The grey baby slime (740)</b> bounces in place. (109,153,2)
[01:53:44]EMOTE: *no key*/(monkey (985)) : <b>The monkey (985)</b> jumps! (189,8,2)
[01:53:44]EMOTE: *no key*/(Poly) : <b>Poly</b> looks in the premium cigar's direction and takes flight. (80,190,2)
[01:53:48]SAY: Poly/ : Try our new nougat bar! (81,192,2)
[01:53:50]EMOTE: *no key*/(monkey (509)) : <b>The monkey (509)</b> scratches. (204,21,2)
[01:53:50]EMOTE: *no key*/(monkey (476)) : <b>The monkey (476)</b> rolls. (184,118,2)
[01:53:52]EMOTE: *no key*/(monkey (985)) : <b>The monkey (985)</b> jumps! (189,8,2)
[01:53:52]EMOTE: *no key*/(monkey (300)) : <b>The monkey (300)</b> rolls. (200,25,2)
[01:53:52]EMOTE: *no key*/(Poly) : <b>Poly</b> squawks. (81,192,2)
[01:54:10]EMOTE: *no key*/(Persephone) : <b>Persephone</b> stops resting. (168,136,2)
[01:54:23]EMOTE: *no key*/(grey baby slime (740)) : <b>The grey baby slime (740)</b> vibrates! (107,151,2)
[01:54:26]EMOTE: *no key*/(Persephone) : <b>Persephone</b> meows (169,137,2)
[01:54:32]EMOTE: *no key*/(monkey (66)) : <b>The monkey (66)</b> rolls. (188,8,2)
[01:54:40]EMOTE: *no key*/(grey baby slime (740)) : <b>The grey baby slime (740)</b> jiggles! (107,151,2)
[01:54:43]EMOTE: *no key*/(monkey (300)) : <b>The monkey (300)</b> scratches. (201,25,2)
[01:54:43]EMOTE: *no key*/(monkey (466)) : <b>The monkey (466)</b> scratches. (187,119,2)
[01:54:49]EMOTE: *no key*/(Persephone) : <b>Persephone</b> twitches its whiskers. (169,136,2)
[01:54:57]EMOTE: *no key*/(grey baby slime (821)) : <b>The grey baby slime (821)</b> bounces in place. (113,162,2)
[01:55:05]EMOTE: *no key*/(pug) : <b>Swanson</b> chases its tail. (106,146,2)
[01:55:08]EMOTE: *no key*/(Poly) : <b>Poly</b> looks in the premium cigar's direction and takes flight. (80,190,2)
[01:55:15]EMOTE: *no key*/(monkey (66)) : <b>The monkey (66)</b> scratches. (188,8,2)
[01:55:20]SAY: Medibot/ : Delicious! (155,73,1)
[01:55:34]SAY: Persephone/ : Esp! (168,136,2)
[01:55:36]SAY: Poly/ : I knew it, I should&#39;ve been a plastic surgeon. (80,190,2)
[01:55:41]SAY: emergency medibot/ : Delicious! (222,84,1)
[01:55:45]SAY: Persephone/ : Purr! (168,137,2)
[01:55:57]SAY: mouse/ : Squeek? (200,231,2)
[01:56:05]EMOTE: *no key*/(Poly) : <b>Poly</b> looks in the Power-ON cartridge's direction and takes flight. (80,190,2)
[01:56:16]EMOTE: *no key*/(grey baby slime (821)) : <b>The grey baby slime (821)</b> jiggles! (113,162,2)
[01:56:16]EMOTE: *no key*/(grey baby slime (47)) : <b>The grey baby slime (47)</b> vibrates! (103,163,2)
[01:56:18]SAY: emergency medibot/ : Radar, put a mask on! (222,84,1)
[01:56:24]SAY: Nobody's Perfect/ : Radar, put a mask on! (24,75,1)
[01:56:28]SAY: emergency medibot/ : Delicious! (222,84,1)
[01:56:30]EMOTE: *no key*/(pug) : <b>Swanson</b> chases its tail. (106,148,2)
[01:56:52]EMOTE: *no key*/(monkey (509)) : <b>The monkey (509)</b> scratches. (204,21,2)
[01:57:02]ADMIN: Noober84555/(Logan Paul) jumped to Kryfrac/(Charletto Onic)
[01:57:04]SAY: Logan Paul/Noober84555 : owner.peeam = owner.peeam + 0.07 //me irl (144,263,2)
[01:57:05]EMOTE: *no key*/(Poly) : <b>Poly</b> looks in the Power-ON cartridge's direction and takes flight. (80,190,2)
[01:57:07]EMOTE: *no key*/(Ian) : <b>Ian</b> pants. (132,186,2)
[01:57:07]SAY: Logan Paul/Noober84555 : code_irl (144,263,2)
[01:57:14]EMOTE: *no key*/(grey baby slime (47)) : <b>The grey baby slime (47)</b> jiggles! (105,163,2)
[01:57:14]EMOTE: *no key*/(Ian) : <b>Ian</b> chases its tail! (132,186,2)
[01:57:20]EMOTE: *no key*/(monkey (330)) : <b>The monkey (330)</b> rolls. (160,141,2)
[01:57:22]EMOTE: *no key*/(monkey (106)) : <b>The monkey (106)</b> scratches. (184,118,2)
[01:57:24]EMOTE: *no key*/(monkey (531)) : <b>The monkey (531)</b> jumps! (200,21,2)
[01:57:27]EMOTE: *no key*/(Poly) : <b>Poly</b> flutters its wings. (80,190,2)
[01:57:41]SAY: emergency medibot/ : What kind of medbay is this? Everyone&#39;s dropping like flies. (222,84,1)
[01:58:07]EMOTE: *no key*/(Persephone) : <b>Persephone</b> stretches out for a belly rub. (169,138,2)
[01:58:17]EMOTE: *no key*/(Poly) : <b>Poly</b> looks in the Power-ON cartridge's direction and takes flight. (80,190,2)
[01:58:19]EMOTE: *no key*/(mouse) : <b>The mouse</b> shakes. (200,229,2)
[01:58:20]EMOTE: *no key*/(monkey (985)) : <b>The monkey (985)</b> rolls. (187,8,2)
[01:58:23]EMOTE: *no key*/(Persephone) : <b>Persephone</b> sits down. (169,138,2)
[01:58:35]SAY: Renault/ : Ack-Ack-Ack-Ackawoooo (153,193,2)
[01:58:39]ACCESS: Login: XenomorphLoversAreGay from 127.0.0.1-1910366036 || BYOND v511
[01:58:39]ACCESS: Notice: XenomorphLoversAreGay has the same IP (127.0.0.1) as Noober84555/(Logan Paul).
[01:58:39]ACCESS: Mob Login: XenomorphLoversAreGay/(XenomorphLoversAreGay) was assigned to a /mob/dead/new_player
[01:58:42]EMOTE: *no key*/(monkey (330)) : <b>The monkey (330)</b> scratches. (160,142,2)
[01:58:48]EMOTE: *no key*/(Persephone) : <b>Persephone</b> walks around. (169,138,2)
[01:58:58]ACCESS: Logout: XenomorphLoversAreGay/(XenomorphLoversAreGay)
[01:59:06]EMOTE: *no key*/(monkey (509)) : <b>The monkey (509)</b> scratches. (203,21,2)
[01:59:11]SAY: Poly/ : Breaking news from Station Announcements! (80,190,2)
[01:59:17]SAY: grey baby slime (740)/ : Rawr... (109,153,2)
[01:59:19]SAY: mouse/ : Squeek! (201,230,2)
[01:59:21]EMOTE: *no key*/(monkey (985)) : <b>The monkey (985)</b> scratches. (187,8,2)
[01:59:23]EMOTE: *no key*/(monkey (531)) : <b>The monkey (531)</b> waves her tail. (201,21,2)
[01:59:23]EMOTE: *no key*/(Poly) : <b>Poly</b> looks in the burn patch's direction and takes flight. (80,190,2)
[01:59:26]SAY: emergency medibot/ : What kind of medbay is this? Everyone&#39;s dropping like flies. (222,84,1)
[02:00:04]EMOTE: *no key*/(Persephone) : <b>Persephone</b> crouches on its hind legs. (168,142,2)
[02:00:10]EMOTE: *no key*/(grey baby slime (821)) : <b>The grey baby slime (821)</b> jiggles! (113,162,2)
[02:00:11]SAY: Medibot/ : What kind of medbay is this? Everyone&#39;s dropping like flies. (155,73,1)
[02:00:14]EMOTE: *no key*/(Ian) : <b>Ian</b> chases its tail! (134,187,2)
[02:00:17]SAY: Renault/ : Ack-Ack (154,193,2)
[02:00:23]EMOTE: *no key*/(Poly) : <b>Poly</b> looks in the Zippo lighter's direction and takes flight. (80,190,2)
[02:00:30]EMOTE: *no key*/(Ian) : <b>Ian</b> yaps. (134,187,2)
[02:00:40]EMOTE: *no key*/(Pun Pun 30) : <b>Pun Pun 30</b> rolls. (135,220,2)
[02:00:42]SAY: mouse/ : Squeek? (200,229,2)
[02:00:56]EMOTE: *no key*/(monkey (106)) : <b>The monkey (106)</b> scratches. (187,119,2)
[02:00:58]EMOTE: *no key*/(monkey (509)) : <b>The monkey (509)</b> scratches. (203,21,2)
[02:00:59]SAY: Medibot/ : There&#39;s always a catch, and I&#39;m the best there is. (154,73,1)
[02:01:00]EMOTE: *no key*/(pug) : <b>Swanson</b> chases its tail. (107,147,2)
[02:01:02]EMOTE: *no key*/(grey baby slime (821)) : <b>The grey baby slime (821)</b> jiggles! (111,162,2)
[02:01:16]EMOTE: *no key*/(monkey (330)) : <b>The monkey (330)</b> waves her tail. (160,139,2)
[02:01:42]EMOTE: *no key*/(monkey (697)) : <b>The monkey (697)</b> scratches. (204,25,2)
[02:01:42]EMOTE: *no key*/(monkey (476)) : <b>The monkey (476)</b> waves his tail. (185,119,2)
[02:01:42]EMOTE: *no key*/(monkey (106)) : <b>The monkey (106)</b> waves her tail. (188,118,2)
[02:01:54]EMOTE: *no key*/(monkey (697)) : <b>The monkey (697)</b> waves her tail. (204,25,2)
[02:02:00]EMOTE: *no key*/(Persephone) : <b>Persephone</b> looks alert. (168,142,2)
[02:02:03]ADMIN: Noober84555/(Logan Paul) jumped to Kryfrac/(Charletto Onic)
[02:02:04]EMOTE: *no key*/(monkey (330)) : <b>The monkey (330)</b> rolls. (160,140,2)
[02:02:06]SAY: Logan Paul/Noober84555 : yo ever died irl (142,263,2)
[02:02:10]EMOTE: *no key*/(mouse) : <b>The mouse</b> runs in a circle. (202,231,2)
[02:02:11]SAY: Logan Paul/Noober84555 : u now (142,263,2)
[02:02:15]SAY: Logan Paul/Noober84555 : dead (142,263,2)
[02:02:26]EMOTE: *no key*/(grey baby slime (821)) : <b>The grey baby slime (821)</b> jiggles! (113,162,2)
[02:02:28]EMOTE: *no key*/(monkey (700)) : <b>The monkey (700)</b> waves his tail. (160,140,2)
[02:02:29]ADMIN: Kryfrac/(Charletto Onic) deleted Logan Paul at (139, 263, 2)
[02:02:29]ACCESS: Mob Login: Noober84555/(Logan Paul) was assigned to a /mob/dead/observer
[02:02:34]SAY: emergency medibot/ : There&#39;s always a catch, and I&#39;m the best there is. (222,84,1)
[02:02:44]SAY: emergency medibot/ : There&#39;s always a catch, and I&#39;m the best there is. (222,84,1)
[02:02:44]GAME: <a href='?priv_msg=kryfrac'>Kryfrac</a>/(Charletto Onic) checked the player panel while in game.
[02:02:45]EMOTE: *no key*/(monkey (985)) : <b>The monkey (985)</b> scratches. (187,8,2)
[02:02:49]ADMIN: Kryfrac/(Charletto Onic) has sent Noober84555/(Logan Paul) back to the Lobby.
[02:02:49]ACCESS: Mob Login: noober84555/(new player) was assigned to a /mob/dead/new_player
[02:02:57]ACCESS: Mob Login: noober84555/(Logan Paul) was assigned to a /mob/living/carbon/human
[02:02:57]SAY: emergency medibot/ : I knew it, I should&#39;ve been a plastic surgeon. (222,84,1)
[02:03:00]EMOTE: *no key*/(monkey (476)) : <b>The monkey (476)</b> jumps! (187,119,2)
[02:03:03]SAY: Logan Paul/noober84555 : bro that ban able (143,261,2)
[02:03:04]EMOTE: *no key*/(mouse) : <b>The mouse</b> runs in a circle. (204,224,2)
[02:03:10]SAY: Poly/ : Wait Hanry Smith! I want to help! (80,190,2)
[02:03:16]SAY: grey baby slime (47)/ : Blorble... (105,162,2)
[02:03:20]EMOTE: *no key*/(Ian) : <b>Ian</b> chases its tail! (133,186,2)
[02:03:23]EMOTE: *no key*/(monkey (466)) : <b>The monkey (466)</b> waves his tail. (188,119,2)
[02:03:26]SAY: Charletto Onic/Kryfrac : Why is AHK (143,263,2)
[02:03:29]SAY: Charletto Onic/Kryfrac : SO COMPLICATED (143,263,2)
[02:03:33]SAY: Charletto Onic/Kryfrac : It&#39;s not really (143,263,2)
[02:03:35]SAY: Charletto Onic/Kryfrac : I&#39;m just dumb (143,263,2)
[02:03:37]SAY: Charletto Onic/Kryfrac : BUT STILL (143,263,2)
[02:03:39]EMOTE: *no key*/(monkey (300)) : <b>The monkey (300)</b> rolls. (200,25,2)
[02:03:43]EMOTE: *no key*/(Poly) : <b>Poly</b> bawks! (80,190,2)
[02:03:45]EMOTE: *no key*/(Citrus) : <b>Citrus</b> yawns. (170,220,2)
[02:03:49]EMOTE: *no key*/(monkey (985)) : <b>The monkey (985)</b> waves his tail. (187,8,2)
[02:03:59]EMOTE: *no key*/(monkey (466)) : <b>The monkey (466)</b> scratches. (187,119,2)
[02:04:07]SAY: Persephone/ : Meow! (168,142,2)
[02:04:15]EMOTE: *no key*/(Poly) : <b>Poly</b> squawks. (80,190,2)
[02:04:21]EMOTE: *no key*/(Citrus) : <b>Citrus</b> dozes off. (172,220,2)
[02:04:30]SAY: Persephone/ : HSSSSS (168,142,2)
[02:04:33]EMOTE: *no key*/(grey baby slime (821)) : <b>The grey baby slime (821)</b> lights up for a bit, then stops. (111,162,2)
[02:04:34]EMOTE: *no key*/(Persephone) : <b>Persephone</b> shakes its head (168,142,2)
[02:04:39]EMOTE: *no key*/(monkey (697)) : <b>The monkey (697)</b> scratches. (203,25,2)
[02:04:39]EMOTE: *no key*/(Persephone) : <b>Persephone</b> stops resting. (168,142,2)
[02:04:43]SAY: Logan Paul/noober84555 : dude im sorry (143,262,2)
[02:04:44]SAY: Logan Paul/noober84555 : but... (143,262,2)
[02:04:46]SAY: Poly/ : Wait Hanry Smith! I want to help! (80,190,2)
[02:04:47]EMOTE: *no key*/(monkey (330)) : <b>The monkey (330)</b> rolls. (160,139,2)
[02:04:51]SAY: Logan Paul/noober84555 : heres the thing (143,262,2)
[02:04:57]EMOTE: *no key*/(Persephone) : <b>Persephone</b> crouches on its hind legs. (169,141,2)
[02:05:04]EMOTE: *no key*/(pug) : <b>Swanson</b> shakes its head. (108,146,2)
[02:05:06]EMOTE: *no key*/(pug) : <b>Swanson</b> chases its tail. (108,146,2)
[02:05:07]SAY: Charletto Onic/Kryfrac : Lmao (143,263,2)
[02:05:09]EMOTE: *no key*/(monkey (66)) : <b>The monkey (66)</b> waves her tail. (187,8,2)
[02:05:11]SAY: Charletto Onic/Kryfrac : You&#39;re hilarious (143,263,2)
[02:05:11]SAY: Logan Paul/noober84555 : lmao (143,262,2)
[02:05:19]EMOTE: *no key*/(monkey (985)) : <b>The monkey (985)</b> scratches. (187,8,2)
[02:05:20]SAY: Charletto Onic/Kryfrac : Didn&#39;t fall for it for a second (143,263,2)
[02:05:31]EMOTE: *no key*/(monkey (985)) : <b>The monkey (985)</b> rolls. (187,8,2)
[02:05:33]EMOTE: *no key*/(monkey (700)) : <b>The monkey (700)</b> scratches. (160,141,2)
[02:05:39]EMOTE: *no key*/(mouse) : <b>The mouse</b> runs in a circle. (206,227,2)
[02:05:42]EMOTE: *no key*/(Persephone) : <b>Persephone</b> walks around. (169,141,2)
[02:05:46]SAY: Poly/ : I knew it, I should&#39;ve been a plastic surgeon. (80,190,2)
[02:05:48]SAY: Charletto Onic/Kryfrac : Thats better (143,263,2)
[02:05:54]EMOTE: *no key*/(Ian) : <b>Ian</b> shakes its head. (133,185,2)
[02:06:04]SAY: Medibot/ : There&#39;s always a catch, and I&#39;m the best there is. (154,73,1)
[02:06:06]SAY: Poly/ : What kind of medbay is this? Everyone&#39;s dropping like flies. (80,190,2)
[02:06:12]EMOTE: *no key*/(monkey (531)) : <b>The monkey (531)</b> jumps! (201,21,2)
[02:06:12]SAY: Charletto Onic/Kryfrac : L m a o (143,263,2)
[02:06:14]SAY: Persephone/ : Purr! (168,142,2)
[02:06:23]SAY: Poly/ : Twice the calories for half the price! (80,190,2)
[02:06:23]EMOTE: *no key*/(mouse) : <b>The mouse</b> shakes. (202,231,2)
[02:06:23]EMOTE: *no key*/(monkey (709)) : <b>The monkey (709)</b> waves her tail. (160,139,2)
[02:06:25]SAY: Swanson/ : Bark! (109,148,2)
[02:06:31]SAY: Renault/ : Ack-Ack (156,195,2)
[02:06:45]EMOTE: *no key*/(monkey (531)) : <b>The monkey (531)</b> scratches. (201,21,2)
[02:07:07]EMOTE: *no key*/(monkey (466)) : <b>The monkey (466)</b> rolls. (185,119,2)
[02:07:08]SAY: Poly/ : Wait Hanry Smith! I want to help! (80,190,2)
[02:07:13]EMOTE: *no key*/(Pun Pun 30) : <b>Pun Pun 30</b> waves its tail. (140,225,2)
[02:07:15]EMOTE: *no key*/(monkey (709)) : <b>The monkey (709)</b> jumps! (160,142,2)
[02:07:18]ACCESS: Login: XenomorphLoversAreGay from 127.0.0.1-1910366036 || BYOND v511
[02:07:18]ACCESS: Notice: XenomorphLoversAreGay has the same IP (127.0.0.1) as Noober84555/(Logan Paul).
[02:07:18]ACCESS: Mob Login: XenomorphLoversAreGay/(XenomorphLoversAreGay) was assigned to a /mob/dead/new_player
[02:07:24]EMOTE: *no key*/(Ian) : <b>Ian</b> dances around. (133,186,2)
[02:07:24]EMOTE: *no key*/(Pun Pun 30) : <b>Pun Pun 30</b> rolls. (140,225,2)
[02:07:27]EMOTE: *no key*/(Persephone) : <b>Persephone</b> sits down. (168,142,2)
[02:07:33]EMOTE: *no key*/(grey baby slime (47)) : <b>The grey baby slime (47)</b> jiggles! (103,162,2)
[02:07:35]SAY: Poly/ : I knew it, I should&#39;ve been a plastic surgeon. (80,190,2)
[02:07:37]SAY: Poly/ : Breaking news from Station Announcements! (80,190,2)
[02:07:38]EMOTE: *no key*/(monkey (330)) : <b>The monkey (330)</b> jumps! (160,142,2)
[02:07:40]SAY: Renault/ : Ack-Ack (155,196,2)
[02:07:48]EMOTE: *no key*/(Pun Pun 30) : <b>Pun Pun 30</b> waves its tail. (142,225,2)
[02:08:00]EMOTE: *no key*/(monkey (985)) : <b>The monkey (985)</b> rolls. (188,8,2)
[02:08:05]EMOTE: *no key*/(Persephone) : <b>Persephone</b> stretches out for a belly rub. (168,142,2)
[02:08:10]SAY: Persephone/ : Esp! (168,142,2)
[02:08:17]EMOTE: *no key*/(Persephone) : <b>Persephone</b> stretches out for a belly rub. (168,142,2)
[02:08:18]ACCESS: Logout: XenomorphLoversAreGay/(XenomorphLoversAreGay)
[02:08:27]EMOTE: *no key*/(Citrus) : <b>Citrus</b> yawns. (172,219,2)
[02:08:33]EMOTE: *no key*/(Pun Pun 30) : <b>Pun Pun 30</b> rolls. (143,224,2)
[02:08:47]SAY: Poly/ : Twice the calories for half the price! (80,190,2)
[02:08:49]EMOTE: *no key*/(monkey (466)) : <b>The monkey (466)</b> waves his tail. (184,118,2)
[02:08:51]EMOTE: *no key*/(monkey (509)) : <b>The monkey (509)</b> jumps! (204,21,2)
[02:08:51]EMOTE: *no key*/(monkey (709)) : <b>The monkey (709)</b> rolls. (160,139,2)
[02:09:11]ADMINPRIVATE: ASAY: Noober84555/(Logan Paul) : leaked footage of chef gameplay https://youtu.be/f8RviwdWdWw?t=1m33s (143,262,2)
[02:09:21]SAY: Poly/ : Don&#39;t believe the reports - smoke today! (80,190,2)
[02:09:30]EMOTE: *no key*/(monkey (106)) : <b>The monkey (106)</b> scratches. (187,119,2)
[02:09:40]ADMINPRIVATE: ASAY: Noober84555/(Logan Paul) : replace the minecraft guy with a cool guy high class lmao (143,262,2)
[02:09:44]SAY: grey baby slime (47)/ : Lonely... (104,163,2)
[02:09:45]SAY: mouse/ : Squeek? (201,229,2)
[02:09:48]EMOTE: *no key*/(monkey (300)) : <b>The monkey (300)</b> scratches. (200,25,2)
[02:09:56]EMOTE: *no key*/(Pun Pun 30) : <b>Pun Pun 30</b> jumps! (143,224,2)
[02:09:58]EMOTE: *no key*/(Persephone) : <b>Persephone</b> stops resting. (168,142,2)
[02:10:05]SAY: mouse/ : Squeek? (203,224,2)
[02:10:07]SAY: emergency medibot/ : I knew it, I should&#39;ve been a plastic surgeon. (222,84,1)
[02:10:10]EMOTE: *no key*/(Persephone) : <b>Persephone</b> stretches out for a belly rub. (169,141,2)
[02:10:12]EMOTE: *no key*/(monkey (697)) : <b>The monkey (697)</b> scratches. (203,25,2)
[02:10:14]EMOTE: *no key*/(pug) : <b>Swanson</b> yaps. (110,147,2)
[02:10:26]EMOTE: *no key*/(mouse) : <b>The mouse</b> squeeks. (202,225,2)
[02:10:28]EMOTE: *no key*/(monkey (985)) : <b>The monkey (985)</b> rolls. (188,8,2)
[02:10:40]EMOTE: *no key*/(monkey (700)) : <b>The monkey (700)</b> jumps! (160,140,2)
[02:10:49]EMOTE: *no key*/(Persephone) : <b>Persephone</b> shivers (169,141,2)
[02:10:52]EMOTE: *no key*/(monkey (509)) : <b>The monkey (509)</b> scratches. (203,21,2)
[02:10:58]EMOTE: *no key*/(monkey (330)) : <b>The monkey (330)</b> scratches. (160,142,2)
[02:11:09]EMOTE: *no key*/(Persephone) : <b>Persephone</b> crouches on its hind legs. (169,141,2)
[02:11:13]ADMINPRIVATE: ASAY: Noober84555/(Logan Paul) : https://youtu.be/KdTbuDnmPng?t=1m12s (143,263,2)
[02:11:19]EMOTE: *no key*/(Persephone) : <b>Persephone</b> lies down. (169,141,2)
[02:11:21]SAY: Charletto Onic/Kryfrac : What&#39;s wrong with xenomorph lovers? (143,264,2)
[02:11:23]EMOTE: *no key*/(Citrus) : <b>Citrus</b> snores. (174,222,2)
[02:11:29]SAY: Logan Paul/noober84555 : they gay (143,263,2)
[02:11:31]SAY: Logan Paul/noober84555 : uhh (143,263,2)
[02:11:33]SAY: Logan Paul/noober84555 : I have proof (143,263,2)
[02:11:37]EMOTE: *no key*/(Ian) : <b>Ian</b> dances around. (133,188,2)
[02:11:41]EMOTE: *no key*/(monkey (985)) : <b>The monkey (985)</b> scratches. (188,8,2)
[02:11:44]EMOTE: *no key*/(pug) : <b>Swanson</b> chases its tail. (111,148,2)
[02:11:44]SAY: Charletto Onic/Kryfrac : Do you ban every xenomoprh lover? (143,264,2)
[02:11:46]EMOTE: *no key*/(Persephone) : <b>Persephone</b> sits down. (169,141,2)
[02:11:57]SAY: Medibot/ : What kind of medbay is this? Everyone&#39;s dropping like flies. (154,73,1)
[02:12:03]EMOTE: *no key*/(monkey (300)) : <b>The monkey (300)</b> scratches. (200,25,2)
[02:12:03]EMOTE: *no key*/(Persephone) : <b>Persephone</b> wags its tail. (169,141,2)
[02:12:03]SAY: Ian/ : AUUUUUU (133,188,2)
[02:12:04]SAY: Charletto Onic/Kryfrac : Wow uhm (143,264,2)
[02:12:05]EMOTE: *no key*/(pug) : <b>Swanson</b> chases its tail. (111,148,2)
[02:12:24]SAY: Poly/ : Twice the calories for half the price! (80,190,2)
[02:12:25]SAY: Charletto Onic/Kryfrac : So would I get banned if I liked xenomorphs? (143,264,2)
[02:12:31]SAY: Logan Paul/noober84555 : well if you FUCK them (143,263,2)
[02:12:36]SAY: Logan Paul/noober84555 : like do it.. for SEX eRECTION (143,263,2)
[02:12:38]SAY: Logan Paul/noober84555 : or some shit (143,263,2)
[02:12:40]SAY: Charletto Onic/Kryfrac : You can&#39;t.. fuck xenomorphs.. (143,264,2)
[02:12:40]SAY: Logan Paul/noober84555 : u ban forever (143,263,2)
[02:12:41]SAY: Charletto Onic/Kryfrac : Like (143,264,2)
[02:12:43]EMOTE: *no key*/(Ian) : <b>Ian</b> barks! (134,189,2)
[02:12:44]SAY: Charletto Onic/Kryfrac : They&#39;re.. not real.. (143,264,2)
[02:12:47]SAY: Renault/ : Ack-Ack-Ack-Ackawoooo (157,193,2)
[02:13:06]EMOTE: *no key*/(Poly) : <b>Poly</b> bawks! (80,190,2)
[02:13:08]EMOTE: *no key*/(mouse) : <b>The mouse</b> squeeks. (197,225,2)
[02:13:13]EMOTE: *no key*/(monkey (466)) : <b>The monkey (466)</b> rolls. (187,119,2)
[02:13:13]EMOTE: *no key*/(monkey (476)) : <b>The monkey (476)</b> jumps! (188,118,2)
[02:13:20]EMOTE: *no key*/(monkey (66)) : <b>The monkey (66)</b> rolls. (188,8,2)
[02:13:29]SAY: Swanson/ : Woof! (111,147,2)
[02:13:43]EMOTE: *no key*/(monkey (66)) : <b>The monkey (66)</b> scratches. (187,8,2)
[02:13:54]EMOTE: *no key*/(monkey (709)) : <b>The monkey (709)</b> jumps! (160,140,2)
[02:14:00]SAY: grey baby slime (821)/ : Blop... (112,163,2)
[02:14:12]EMOTE: *no key*/(Poly) : <b>Poly</b> squawks. (80,190,2)
[02:14:18]SAY: Poly/ : I knew it, I should&#39;ve been a plastic surgeon. (80,190,2)
[02:14:22]EMOTE: *no key*/(Citrus) : <b>Citrus</b> yawns. (174,223,2)
[02:14:31]EMOTE: *no key*/(monkey (531)) : <b>The monkey (531)</b> waves her tail. (201,21,2)
[02:14:35]EMOTE: *no key*/(Persephone) : <b>Persephone</b> stops resting. (169,141,2)
[02:14:37]EMOTE: *no key*/(Persephone) : <b>Persephone</b> crouches on its hind legs. (169,141,2)
[02:14:37]EMOTE: *no key*/(monkey (709)) : <b>The monkey (709)</b> rolls. (160,141,2)
[02:14:50]EMOTE: *no key*/(monkey (509)) : <b>The monkey (509)</b> jumps! (204,21,2)
[02:14:50]EMOTE: *no key*/(monkey (106)) : <b>The monkey (106)</b> waves her tail. (185,118,2)
[02:15:00]EMOTE: *no key*/(Poly) : <b>Poly</b> flutters its wings. (80,190,2)
[02:15:07]EMOTE: *no key*/(monkey (66)) : <b>The monkey (66)</b> jumps! (189,8,2)
[02:15:20]EMOTE: *no key*/(Persephone) : <b>Persephone</b> wags its tail. (169,141,2)
[02:15:22]EMOTE: *no key*/(Pun Pun 30) : <b>Pun Pun 30</b> scratches. (144,235,2)
[02:15:22]SAY: Medibot/ : I knew it, I should&#39;ve been a plastic surgeon. (155,73,1)
[02:15:26]SAY: Swanson/ : Bark! (109,149,2)
[02:15:30]EMOTE: *no key*/(monkey (106)) : <b>The monkey (106)</b> scratches. (185,119,2)
[02:15:35]EMOTE: *no key*/(Citrus) : <b>Citrus</b> dozes off. (173,223,2)
[02:15:39]EMOTE: *no key*/(pug) : <b>Swanson</b> chases its tail. (109,149,2)
[02:15:39]EMOTE: *no key*/(Ian) : <b>Ian</b> dances around. (133,186,2)
[02:16:02]SAY: Medibot/ : Delicious! (155,73,1)
[02:16:20]SAY: emergency medibot/ : Radar, put a mask on! (222,84,1)
[02:16:22]EMOTE: *no key*/(monkey (476)) : <b>The monkey (476)</b> jumps! (187,119,2)
[02:16:33]SAY: Poly/ : I knew it, I should&#39;ve been a plastic surgeon. (80,190,2)
[02:16:33]EMOTE: *no key*/(mouse) : <b>The mouse</b> runs in a circle. (201,231,2)
[02:16:41]SAY: Charletto Onic/Kryfrac : PgDn::  while (GetKeyState(&#34;PgDn&#34;, &#34;P&#34;)) {      Send, &#34;ban-user RainbowParty&#34;      }   return (143,264,2)
[02:16:45]SAY: Logan Paul/noober84555 : Lamo (143,261,2)
[02:16:48]EMOTE: *no key*/(monkey (509)) : <b>The monkey (509)</b> rolls. (204,21,2)
[02:16:54]SAY: Charletto Onic/Kryfrac : Wrote a hotkey to ban him once a millisecond while pagedown is pressed. (143,264,2)
[02:16:55]SAY: Logan Paul/noober84555 : dont worry he Ban (143,261,2)
[02:17:02]EMOTE: *no key*/(Persephone) : <b>Persephone</b> sits down. (169,141,2)
[02:17:02]SAY: grey baby slime (47)/ : Rawr... (104,163,2)
[02:17:03]SAY: mouse/ : Squeek! (200,231,2)
[02:17:05]SAY: Charletto Onic/Kryfrac : BWOINKBWOINKBWOINKBWOINKBWOINKBWOINKBWOINKBWOINKBWOINKBWOINKBWOINKBWOINKBWOINKBWOINKBWOINKBWOINKBWOINKBWOINKBWOINK (143,264,2)
[02:17:07]SAY: Charletto Onic/Kryfrac : Ahahahaha (143,264,2)
[02:17:14]EMOTE: *no key*/(monkey (466)) : <b>The monkey (466)</b> waves his tail. (184,118,2)
[02:17:16]SAY: Logan Paul/noober84555 : RainbowParty - 86.19.227.46 - 1551062657 (143,261,2)
[02:17:18]EMOTE: *no key*/(Pun Pun 30) : <b>Pun Pun 30</b> waves its tail. (144,239,2)
[02:17:19]SAY: Logan Paul/noober84555 : this is the funniest part tbh (143,261,2)
[02:17:26]EMOTE: *no key*/(monkey (466)) : <b>The monkey (466)</b> waves his tail. (184,119,2)
[02:17:33]SAY: Charletto Onic/Kryfrac : So hey, You have my IP right now? (143,264,2)
[02:17:34]EMOTE: *no key*/(grey baby slime (47)) : <b>The grey baby slime (47)</b> jiggles! (103,161,2)
[02:17:37]SAY: Logan Paul/noober84555 : no (143,261,2)
[02:17:38]EMOTE: *no key*/(monkey (466)) : <b>The monkey (466)</b> rolls. (184,119,2)
[02:17:41]SAY: Charletto Onic/Kryfrac : Oh (143,264,2)
[02:17:42]SAY: Poly/ : Twice the calories for half the price! (80,190,2)
[02:17:42]SAY: Logan Paul/noober84555 : its just given to me when I ban a user (143,261,2)
[02:17:42]EMOTE: *no key*/(monkey (330)) : <b>The monkey (330)</b> jumps! (160,139,2)
[02:17:46]SAY: Nobody's Perfect/ : Delicious! (24,75,1)
[02:17:49]SAY: Charletto Onic/Kryfrac : Ooooooh (143,264,2)
[02:18:00]SAY: Nobody's Perfect/ : Delicious! (24,75,1)
[02:18:02]SAY: Logan Paul/noober84555 : the message says (143,261,2)
[02:18:03]SAY: Logan Paul/noober84555 : You have banned XenomorphLoversAreGay - 127.0.0.1 - 1910366036 (143,261,2)
[02:18:18]EMOTE: *no key*/(monkey (700)) : <b>The monkey (700)</b> rolls. (160,142,2)
[02:18:22]EMOTE: *no key*/(grey baby slime (740)) : <b>The grey baby slime (740)</b> lights up for a bit, then stops. (109,151,2)
[02:18:27]EMOTE: *no key*/(monkey (697)) : <b>The monkey (697)</b> jumps! (203,25,2)
[02:18:27]EMOTE: *no key*/(monkey (330)) : <b>The monkey (330)</b> waves her tail. (160,140,2)
[02:18:29]EMOTE: *no key*/(Persephone) : <b>Persephone</b> sits down. (169,141,2)
[02:18:29]EMOTE: *no key*/(monkey (330)) : <b>The monkey (330)</b> rolls. (160,140,2)
[02:18:33]EMOTE: *no key*/(monkey (709)) : <b>The monkey (709)</b> rolls. (160,140,2)
[02:18:35]EMOTE: *no key*/(Poly) : <b>Poly</b> flutters its wings. (80,190,2)
[02:18:38]SAY: Charletto Onic/Kryfrac : Yeah, Because 127.0.0.1 is localhost (143,264,2)
[02:18:39]EMOTE: *no key*/(Persephone) : <b>Persephone</b> shakes its head (169,141,2)
[02:18:41]SAY: mouse/ : Squeek? (205,221,2)
[02:18:52]SAY: Charletto Onic/Kryfrac : Also, I can&#39;t watch videos lmao (143,264,2)
[02:19:04]SAY: Logan Paul/noober84555 : ur gay lmao (143,261,2)
[02:19:05]EMOTE: *no key*/(grey baby slime (821)) : <b>The grey baby slime (821)</b> vibrates! (112,163,2)
[02:19:07]EMOTE: *no key*/(monkey (300)) : <b>The monkey (300)</b> waves her tail. (201,25,2)
[02:19:13]EMOTE: *no key*/(Pun Pun 30) : <b>Pun Pun 30</b> scratches. (144,242,2)
[02:19:18]EMOTE: *no key*/(mouse) : <b>The mouse</b> shakes. (205,221,2)
[02:19:30]SAY: Charletto Onic/Kryfrac : yep (143,264,2)
[02:19:32]SAY: emergency medibot/ : There&#39;s always a catch, and I&#39;m the best there is. (222,84,1)
[02:19:33]SAY: Charletto Onic/Kryfrac : downrightupleftdownright\ (143,264,2)
[02:19:35]SAY: Charletto Onic/Kryfrac : That (143,264,2)
[02:19:37]SAY: Charletto Onic/Kryfrac : Didn&#39;t work (143,264,2)
[02:19:38]SAY: Charletto Onic/Kryfrac : Lmao (143,264,2)
[02:19:39]EMOTE: *no key*/(monkey (509)) : <b>The monkey (509)</b> rolls. (203,21,2)
[02:19:41]EMOTE: *no key*/(Ian) : <b>Ian</b> chases its tail! (136,186,2)
[02:19:45]SAY: Charletto Onic/Kryfrac : downrightupleftdownrightupleftdownrightupleftdownrightupleftdownrightupleftdownrightupleftdownrightupleftdownrightupleftdownrightupleftdown (143,264,2)
[02:19:50]EMOTE: *no key*/(mouse) : <b>The mouse</b> shakes. (202,230,2)
[02:19:51]SAY: Charletto Onic/Kryfrac : Lmao hotkey fail (143,264,2)
[02:20:04]EMOTE: *no key*/(monkey (106)) : <b>The monkey (106)</b> rolls. (187,118,2)
[02:20:04]EMOTE: *no key*/(Ian) : <b>Ian</b> chases its tail! (136,187,2)
[02:20:06]ADMINPRIVATE: ASAY: Noober84555/(Logan Paul) : me irl https://www.youtube.com/watch?v=voHOO4T2Q6o (143,261,2)
[02:20:07]SAY: Charletto Onic/Kryfrac : Aparrently arrow keys say their name in chat instead (143,264,2)
[02:20:10]EMOTE: *no key*/(grey baby slime (740)) : <b>The grey baby slime (740)</b> jiggles! (109,151,2)
[02:20:13]SAY: Charletto Onic/Kryfrac : downrightupleftdownrightupleftdownrightupleftdownrightupleftdownrightupleftdownrightupleftdownrightupleftdown (143,264,2)
[02:20:15]SAY: Charletto Onic/Kryfrac : upleftdownrightupleftdownrightup (143,264,2)
[02:20:16]SAY: Charletto Onic/Kryfrac : downrightupleftdown (143,264,2)
[02:20:16]SAY: Charletto Onic/Kryfrac : upleft (143,264,2)
[02:20:17]SAY: Charletto Onic/Kryfrac : up (143,264,2)
[02:20:17]SAY: Charletto Onic/Kryfrac : up (143,264,2)
[02:20:18]SAY: Charletto Onic/Kryfrac : up (143,264,2)
[02:20:19]SAY: Charletto Onic/Kryfrac : up (143,264,2)
[02:20:23]SAY: emergency medibot/ : Delicious! (222,84,1)
[02:20:24]SAY: Charletto Onic/Kryfrac : downrightupleftdownrightupleftdownrightupleftdownHErilghtupPleft (143,264,2)
[02:20:30]EMOTE: *no key*/(Ian) : <b>Ian</b> chases its tail! (136,186,2)
[02:20:42]SAY: Persephone/ : Meow! (169,141,2)
[02:20:51]SAY: Medibot/ : Radar, put a mask on! (155,73,1)
[02:20:51]SAY: emergency medibot/ : Delicious! (222,84,1)
[02:20:55]EMOTE: *no key*/(Ian) : <b>Ian</b> chases its tail! (136,187,2)
[02:20:57]EMOTE: *no key*/(monkey (330)) : <b>The monkey (330)</b> jumps! (160,140,2)
[02:20:59]EMOTE: *no key*/(monkey (476)) : <b>The monkey (476)</b> rolls. (184,119,2)
[02:21:13]EMOTE: *no key*/(monkey (697)) : <b>The monkey (697)</b> scratches. (204,25,2)
[02:21:25]SAY: Charletto Onic/Kryfrac : WN WN WN WN  lmao (143,264,2)
[02:21:42]ACCESS: Login: Bobalobdob from 76.121.198.33-717731021 || BYOND v511
[02:21:42]ACCESS: Mob Login: Bobalobdob/(Bobalobdob) was assigned to a /mob/dead/new_player
[02:21:47]EMOTE: *no key*/(Poly) : <b>Poly</b> squawks. (80,190,2)
[02:21:48]EMOTE: *no key*/(monkey (300)) : <b>The monkey (300)</b> scratches. (200,25,2)
[02:21:51]ADMINPRIVATE: ASAY: Noober84555/(Logan Paul) : Holy fuck I remember when I made this video (143,259,2)
[02:21:53]ADMINPRIVATE: ASAY: Noober84555/(Logan Paul) : https://www.youtube.com/watch?v=voHOO4T2Q6o (143,259,2)
[02:21:57]EMOTE: *no key*/(pug) : <b>Swanson</b> shivers. (112,148,2)
[02:22:00]EMOTE: *no key*/(Persephone) : <b>Persephone</b> wags its tail. (169,141,2)
[02:22:05]EMOTE: *no key*/(mouse) : <b>The mouse</b> squeeks. (205,222,2)
[02:22:08]EMOTE: *no key*/(pug) : <b>Swanson</b> chases its tail. (112,148,2)
[02:22:09]SAY: mouse/ : SQUEEK! (205,222,2)
[02:22:21]SAY: Poly/ : Attention! Wanted issue distributed! (80,190,2)
[02:22:21]SAY: Nobody's Perfect/ : Delicious! (24,75,1)
[02:22:33]SAY: mouse/ : Squeek! (206,222,2)
[02:22:50]SAY: Renault/ : Awoo (154,195,2)
[02:23:07]EMOTE: *no key*/(Persephone) : <b>Persephone</b> meows (169,141,2)
[02:23:07]SAY: mouse/ : Squeek? (200,231,2)
[02:23:18]SAY: mouse/ : Squeek? (201,231,2)
[02:23:27]SAY: mouse/ : Squeek? (205,221,2)
[02:23:28]EMOTE: *no key*/(monkey (700)) : <b>The monkey (700)</b> jumps! (160,139,2)
[02:23:34]EMOTE: *no key*/(monkey (509)) : <b>The monkey (509)</b> waves her tail. (204,21,2)
[02:23:36]EMOTE: *no key*/(monkey (66)) : <b>The monkey (66)</b> jumps! (187,8,2)
[02:23:40]EMOTE: *no key*/(monkey (476)) : <b>The monkey (476)</b> jumps! (185,118,2)
[02:23:56]SAY: Poly/ : Don&#39;t believe the reports - smoke today! (80,190,2)
[02:24:01]SAY: Charletto Onic/Kryfrac : LMAO (143,265,2)
[02:24:19]EMOTE: *no key*/(monkey (106)) : <b>The monkey (106)</b> scratches. (186,119,2)
[02:24:19]EMOTE: *no key*/(Pun Pun 30) : <b>Pun Pun 30</b> scratches. (145,241,2)
[02:24:21]EMOTE: *no key*/(monkey (985)) : <b>The monkey (985)</b> jumps! (187,8,2)
[02:24:25]SAY: Renault/ : Geckers (154,196,2)
[02:24:48]SAY: Persephone/ : Esp! (169,141,2)
[02:24:48]EMOTE: *no key*/(grey baby slime (740)) : <b>The grey baby slime (740)</b> bounces in place. (107,152,2)
[02:24:54]SAY: Swanson/ : Bark! (110,147,2)
[02:25:00]EMOTE: *no key*/(pug) : <b>Swanson</b> shakes its head. (110,148,2)
[02:25:02]ADMINPRIVATE: ASAY: Noober84555/(Logan Paul) : you guys should watch this lmao https://www.youtube.com/watch?v=voHOO4T2Q6o (143,257,2)
[02:25:08]EMOTE: *no key*/(Ian) : <b>Ian</b> pants. (132,189,2)
[02:25:09]ADMINPRIVATE: ASAY: Noober84555/(Logan Paul) : made this when I was retarded (143,257,2)
[02:25:15]EMOTE: *no key*/(Poly) : <b>Poly</b> squawks. (80,190,2)
[02:25:17]SAY: Medibot/ : Radar, put a mask on! (154,73,1)
[02:25:30]SAY: Logan Paul/noober84555 : its the gay (143,257,2)
[02:25:42]EMOTE: *no key*/(monkey (476)) : <b>The monkey (476)</b> jumps! (184,118,2)
[02:25:44]EMOTE: *no key*/(monkey (509)) : <b>The monkey (509)</b> jumps! (204,21,2)
[02:25:44]SAY: Nobody's Perfect/ : I knew it, I should&#39;ve been a plastic surgeon. (24,75,1)
[02:25:46]EMOTE: *no key*/(pug) : <b>Swanson</b> chases its tail. (111,147,2)
[02:25:52]EMOTE: *no key*/(Persephone) : <b>Persephone</b> looks alert. (169,141,2)
[02:25:54]SAY: Poly/ : Twice the calories for half the price! (80,190,2)
[02:25:56]EMOTE: *no key*/(Pun Pun 30) : <b>Pun Pun 30</b> scratches. (141,238,2)
[02:26:00]EMOTE: *no key*/(monkey (106)) : <b>The monkey (106)</b> scratches. (188,118,2)
[02:26:07]SAY: emergency medibot/ : Radar, put a mask on! (222,84,1)
[02:26:10]EMOTE: *no key*/(monkey (509)) : <b>The monkey (509)</b> jumps! (203,21,2)
[02:26:12]EMOTE: *no key*/(monkey (985)) : <b>The monkey (985)</b> rolls. (187,8,2)
[02:26:18]EMOTE: *no key*/(monkey (476)) : <b>The monkey (476)</b> waves his tail. (185,119,2)
[02:26:27]SAY: Poly/ : Twice the calories for half the price! (80,190,2)
[02:26:28]EMOTE: *no key*/(Persephone) : <b>Persephone</b> walks around. (169,141,2)
[02:26:35]SAY: Nobody's Perfect/ : I knew it, I should&#39;ve been a plastic surgeon. (24,75,1)
[02:26:40]EMOTE: *no key*/(monkey (106)) : <b>The monkey (106)</b> rolls. (188,119,2)
[02:26:42]EMOTE: *no key*/(monkey (330)) : <b>The monkey (330)</b> rolls. (160,141,2)
[02:26:50]EMOTE: *no key*/(grey baby slime (740)) : <b>The grey baby slime (740)</b> lights up for a bit, then stops. (109,152,2)
[02:26:54]EMOTE: *no key*/(monkey (106)) : <b>The monkey (106)</b> scratches. (188,119,2)
[02:27:06]EMOTE: *no key*/(Persephone) : <b>Persephone</b> crouches on its hind legs. (169,141,2)
[02:27:16]SAY: emergency medibot/ : Radar, put a mask on! (222,84,1)
[02:27:16]EMOTE: *no key*/(monkey (466)) : <b>The monkey (466)</b> scratches. (187,119,2)
[02:27:20]EMOTE: *no key*/(pug) : <b>Swanson</b> woofs! (109,149,2)
[02:27:26]SAY: mouse/ : Squeek? (205,223,2)
[02:27:31]EMOTE: *no key*/(monkey (466)) : <b>The monkey (466)</b> rolls. (188,119,2)
[02:27:34]EMOTE: *no key*/(Persephone) : <b>Persephone</b> shakes its head (169,141,2)
[02:27:35]EMOTE: *no key*/(monkey (509)) : <b>The monkey (509)</b> waves her tail. (204,21,2)
[02:27:38]SAY: Nobody's Perfect/ : Delicious! (24,75,1)
[02:27:39]EMOTE: *no key*/(Persephone) : <b>Persephone</b> walks around. (169,141,2)
[02:27:45]EMOTE: *no key*/(monkey (66)) : <b>The monkey (66)</b> waves her tail. (188,8,2)
[02:27:51]EMOTE: *no key*/(Persephone) : <b>Persephone</b> shakes out its coat. (169,142,2)
[02:27:53]EMOTE: *no key*/(monkey (700)) : <b>The monkey (700)</b> waves his tail. (160,139,2)
[02:27:55]SAY: Medibot/ : Delicious! (155,73,1)
[02:27:57]EMOTE: *no key*/(monkey (66)) : <b>The monkey (66)</b> jumps! (189,8,2)
[02:28:11]EMOTE: *no key*/(Poly) : <b>Poly</b> squawks. (80,190,2)
[02:28:19]SAY: Poly/ : Wait Hanry Smith! I want to help! (80,190,2)
[02:28:21]SAY: Medibot/ : There&#39;s always a catch, and I&#39;m the best there is. (154,73,1)
[02:28:27]EMOTE: *no key*/(monkey (697)) : <b>The monkey (697)</b> waves her tail. (204,25,2)
[02:28:31]EMOTE: *no key*/(pug) : <b>Swanson</b> chases its tail. (109,148,2)
[02:28:54]EMOTE: *no key*/(Citrus) : <b>Citrus</b> snores. (170,220,2)
[02:29:06]SAY: Ian/ : AUUUUUU (134,189,2)
[02:29:09]EMOTE: *no key*/(monkey (985)) : <b>The monkey (985)</b> scratches. (187,8,2)
[02:29:20]SAY: Nobody's Perfect/ : Radar, put a mask on! (24,75,1)
[02:29:25]EMOTE: *no key*/(monkey (106)) : <b>The monkey (106)</b> scratches. (186,119,2)
[02:29:28]SAY: Poly/ : Try our new nougat bar! (80,190,2)
[02:29:29]EMOTE: *no key*/(monkey (476)) : <b>The monkey (476)</b> rolls. (186,118,2)
[02:29:34]SAY: Ian/ : Woof! (134,188,2)
[02:29:34]SAY: Poly/ : Attention! Wanted issue distributed! (80,190,2)
[02:29:44]EMOTE: *no key*/(pug) : <b>Swanson</b> chases its tail. (107,149,2)
[02:29:51]ADMINPRIVATE: ASAY: Noober84555/(Logan Paul) : 2017 GOLDMINE (143,257,2)
[02:29:52]EMOTE: *no key*/(mouse) : <b>The mouse</b> runs in a circle. (204,224,2)
[02:29:53]ADMINPRIVATE: ASAY: Noober84555/(Logan Paul) : https://cdn.discordapp.com/attachments/408435510021718016/410306135287922689/i_smell_2_retards.PNG (143,257,2)
[02:30:02]EMOTE: *no key*/(monkey (697)) : <b>The monkey (697)</b> scratches. (203,25,2)
[02:30:04]ACCESS: Mob Login: Bobalobdob/(Edgar Jenkins) was assigned to a /mob/living/carbon/human
[02:30:17]EMOTE: *no key*/(pug) : <b>Swanson</b> shakes its head. (108,149,2)
[02:30:20]SAY: Swanson/ : Woof! (108,149,2)
[02:30:31]EMOTE: *no key*/(monkey (709)) : <b>The monkey (709)</b> rolls. (160,140,2)
[02:30:34]EMOTE: *no key*/(Poly) : <b>Poly</b> bawks! (80,190,2)
[02:30:35]EMOTE: *no key*/(monkey (476)) : <b>The monkey (476)</b> rolls. (185,119,2)
[02:30:38]SAY: emergency medibot/ : There&#39;s always a catch, and I&#39;m the best there is. (222,84,1)
[02:30:47]EMOTE: *no key*/(monkey (330)) : <b>The monkey (330)</b> waves her tail. (160,141,2)
[02:30:55]SAY: Medibot/ : Delicious! (155,73,1)
[02:30:55]EMOTE: *no key*/(Ian) : <b>Ian</b> chases its tail! (134,189,2)
[02:31:03]EMOTE: *no key*/(pug) : <b>Swanson</b> chases its tail. (108,149,2)
[02:31:07]EMOTE: *no key*/(monkey (531)) : <b>The monkey (531)</b> jumps! (200,21,2)
[02:31:07]EMOTE: *no key*/(grey baby slime (47)) : <b>The grey baby slime (47)</b> bounces in place. (105,163,2)
[02:31:11]EMOTE: *no key*/(monkey (985)) : <b>The monkey (985)</b> waves his tail. (188,8,2)
[02:31:32]EMOTE: *no key*/(monkey (509)) : <b>The monkey (509)</b> jumps! (203,21,2)
[02:31:34]SAY: Persephone/ : Esp! (167,142,2)
[02:31:40]EMOTE: *no key*/(monkey (300)) : <b>The monkey (300)</b> scratches. (201,25,2)
[02:31:42]EMOTE: *no key*/(Persephone) : <b>Persephone</b> shakes out its coat. (168,142,2)
[02:31:46]EMOTE: *no key*/(Citrus) : <b>Citrus</b> dozes off. (172,221,2)
[02:31:50]EMOTE: *no key*/(monkey (476)) : <b>The monkey (476)</b> jumps! (188,118,2)
[02:31:58]EMOTE: *no key*/(monkey (509)) : <b>The monkey (509)</b> scratches. (204,21,2)
[02:32:02]EMOTE: *no key*/(monkey (697)) : <b>The monkey (697)</b> rolls. (203,25,2)
[02:32:03]EMOTE: *no key*/(Persephone) : <b>Persephone</b> meows (169,141,2)
[02:32:03]SAY: Nobody's Perfect/ : Delicious! (24,75,1)
[02:32:09]SAY: Medibot/ : Radar, put a mask on! (154,73,1)
[02:32:10]EMOTE: *no key*/(monkey (709)) : <b>The monkey (709)</b> jumps! (160,141,2)
[02:32:11]SAY: Medibot/ : What kind of medbay is this? Everyone&#39;s dropping like flies. (155,73,1)
[02:32:11]SAY: Renault/ : Geckers (154,196,2)
[02:32:12]EMOTE: *no key*/(monkey (300)) : <b>The monkey (300)</b> waves her tail. (200,25,2)
[02:32:14]EMOTE: *no key*/(monkey (509)) : <b>The monkey (509)</b> scratches. (203,21,2)
[02:32:14]EMOTE: *no key*/(Pun Pun 30) : <b>Pun Pun 30</b> waves its tail. (138,239,2)
[02:32:21]EMOTE: *no key*/(Persephone) : <b>Persephone</b> stretches out for a belly rub. (170,141,2)
[02:32:42]SAY: emergency medibot/ : Radar, put a mask on! (222,84,1)
[02:32:45]EMOTE: *no key*/(grey baby slime (740)) : <b>The grey baby slime (740)</b> jiggles! (107,152,2)
[02:32:45]EMOTE: *no key*/(grey baby slime (821)) : <b>The grey baby slime (821)</b> lights up for a bit, then stops. (113,162,2)
[02:32:57]EMOTE: *no key*/(monkey (985)) : <b>The monkey (985)</b> jumps! (189,8,2)
[02:33:00]SAY: Medibot/ : I knew it, I should&#39;ve been a plastic surgeon. (155,73,1)
[02:33:00]SAY: Renault/ : Ack-Ack (155,195,2)
[02:33:09]EMOTE: *no key*/(Ian) : <b>Ian</b> chases its tail! (133,188,2)
[02:33:12]SAY: Medibot/ : I knew it, I should&#39;ve been a plastic surgeon. (155,73,1)
[02:33:15]EMOTE: *no key*/(monkey (509)) : <b>The monkey (509)</b> waves her tail. (204,21,2)
[02:33:15]EMOTE: *no key*/(grey baby slime (821)) : <b>The grey baby slime (821)</b> jiggles! (113,162,2)
[02:33:33]EMOTE: *no key*/(monkey (106)) : <b>The monkey (106)</b> scratches. (187,119,2)
[02:33:39]EMOTE: *no key*/(monkey (985)) : <b>The monkey (985)</b> scratches. (189,8,2)
[02:33:41]EMOTE: *no key*/(Renault) : <b>Renault</b> howls. (157,195,2)
[02:33:41]EMOTE: *no key*/(monkey (697)) : <b>The monkey (697)</b> jumps! (204,25,2)
[02:33:41]SAY: grey baby slime (740)/ : Where food? (107,151,2)
[02:33:43]EMOTE: *no key*/(Ian) : <b>Ian</b> pants. (134,187,2)
[02:33:43]EMOTE: *no key*/(monkey (66)) : <b>The monkey (66)</b> jumps! (187,8,2)
[02:33:47]SAY: Nobody's Perfect/ : What kind of medbay is this? Everyone&#39;s dropping like flies. (24,75,1)
[02:33:49]EMOTE: *no key*/(Persephone) : <b>Persephone</b> gets up and meows. (170,141,2)
[02:33:53]EMOTE: *no key*/(pug) : <b>Swanson</b> chases its tail. (106,147,2)
[02:33:55]SAY: grey baby slime (740)/ : Hungry... (107,152,2)
[02:33:59]EMOTE: *no key*/(Persephone) : <b>Persephone</b> twitches its whiskers. (170,140,2)
[02:34:07]EMOTE: *no key*/(monkey (106)) : <b>The monkey (106)</b> waves her tail. (187,118,2)
[02:34:08]SAY: Renault/ : Geckers (155,194,2)
[02:34:14]SAY: Nobody's Perfect/ : There&#39;s always a catch, and I&#39;m the best there is. (24,75,1)
[02:34:22]EMOTE: *no key*/(Poly) : <b>Poly</b> bawks! (80,190,2)
[02:34:25]EMOTE: *no key*/(monkey (300)) : <b>The monkey (300)</b> rolls. (201,25,2)
[02:34:25]SAY: grey baby slime (821)/ : Where food? (111,163,2)
[02:34:32]EMOTE: *no key*/(pug) : <b>Swanson</b> woofs! (107,146,2)
[02:34:34]SAY: Poly/ : Try our new nougat bar! (80,190,2)
[02:34:35]EMOTE: *no key*/(Ian) : <b>Ian</b> chases its tail! (135,187,2)
[02:34:39]EMOTE: *no key*/(monkey (466)) : <b>The monkey (466)</b> jumps! (184,118,2)
[02:34:51]EMOTE: *no key*/(monkey (709)) : <b>The monkey (709)</b> scratches. (160,140,2)
[02:34:59]EMOTE: *no key*/(monkey (300)) : <b>The monkey (300)</b> scratches. (201,25,2)
[02:34:59]EMOTE: *no key*/(grey baby slime (740)) : <b>The grey baby slime (740)</b> jiggles! (109,152,2)
[02:35:02]SAY: Poly/ : I knew it, I should&#39;ve been a plastic surgeon. (80,190,2)
[02:35:16]EMOTE: *no key*/(pug) : <b>Swanson</b> chases its tail. (108,146,2)
[02:35:18]EMOTE: *no key*/(grey baby slime (821)) : <b>The grey baby slime (821)</b> bounces in place. (111,161,2)
[02:35:28]EMOTE: *no key*/(monkey (330)) : <b>The monkey (330)</b> waves her tail. (160,139,2)
[02:35:34]EMOTE: *no key*/(Ian) : <b>Ian</b> chases its tail! (136,187,2)
[02:35:44]EMOTE: *no key*/(monkey (476)) : <b>The monkey (476)</b> scratches. (185,119,2)
[02:35:48]EMOTE: *no key*/(Persephone) : <b>Persephone</b> looks alert. (170,140,2)
[02:35:58]EMOTE: *no key*/(Persephone) : <b>Persephone</b> gets up and meows. (170,140,2)
[02:36:02]EMOTE: *no key*/(Persephone) : <b>Persephone</b> sits down. (170,140,2)
[02:36:06]EMOTE: *no key*/(monkey (106)) : <b>The monkey (106)</b> waves her tail. (188,118,2)
[02:36:08]EMOTE: *no key*/(Pun Pun 30) : <b>Pun Pun 30</b> waves its tail. (136,236,2)
[02:36:09]SAY: emergency medibot/ : Delicious! (222,84,1)
[02:36:12]EMOTE: *no key*/(monkey (476)) : <b>The monkey (476)</b> jumps! (188,119,2)
[02:36:20]EMOTE: *no key*/(Persephone) : <b>Persephone</b> lies down. (170,140,2)
[02:36:25]EMOTE: *no key*/(grey baby slime (740)) : <b>The grey baby slime (740)</b> lights up for a bit, then stops. (109,152,2)
[02:36:28]SAY: Renault/ : Ack-Ack (157,195,2)
[02:36:31]EMOTE: *no key*/(monkey (985)) : <b>The monkey (985)</b> rolls. (187,8,2)
[02:36:39]EMOTE: *no key*/(monkey (476)) : <b>The monkey (476)</b> jumps! (187,119,2)
[02:36:41]EMOTE: *no key*/(monkey (985)) : <b>The monkey (985)</b> waves his tail. (188,8,2)
[02:36:41]SAY: grey baby slime (47)/ : Blop... (103,161,2)
[02:36:43]SAY: mouse/ : SQUEEK! (200,229,2)
[02:36:45]EMOTE: *no key*/(pug) : <b>Swanson</b> chases its tail. (108,148,2)
[02:36:47]EMOTE: *no key*/(monkey (106)) : <b>The monkey (106)</b> jumps! (188,119,2)
[02:36:53]EMOTE: *no key*/(monkey (66)) : <b>The monkey (66)</b> jumps! (189,8,2)
[02:37:08]ACCESS: Logout: Kryfrac/(Charletto Onic)
[02:37:11]EMOTE: *no key*/(Persephone) : <b>Persephone</b> shivers (170,140,2)
[02:37:12]EMOTE: *no key*/(monkey (709)) : <b>The monkey (709)</b> waves her tail. (160,140,2)
[02:37:13]SAY: Renault/ : Geckers (159,196,2)
[02:37:17]EMOTE: *no key*/(Renault) : <b>Renault</b> barks. (159,196,2)
[02:37:18]EMOTE: *no key*/(monkey (466)) : <b>The monkey (466)</b> rolls. (187,119,2)
[02:37:19]EMOTE: *no key*/(mouse) : <b>The mouse</b> shakes. (201,230,2)
[02:37:20]EMOTE: *no key*/(monkey (697)) : <b>The monkey (697)</b> rolls. (204,25,2)
[02:37:24]EMOTE: *no key*/(monkey (509)) : <b>The monkey (509)</b> scratches. (203,21,2)
[02:37:24]EMOTE: *no key*/(monkey (531)) : <b>The monkey (531)</b> waves her tail. (201,21,2)
[02:37:27]SAY: Renault/ : Ack-Ack-Ack-Ackawoooo (158,196,2)
[02:37:29]SAY: Ian/ : Bark! (136,185,2)
[02:37:31]EMOTE: *no key*/(monkey (476)) : <b>The monkey (476)</b> jumps! (186,119,2)
[02:37:32]EMOTE: *no key*/(Citrus) : <b>Citrus</b> snores. (172,223,2)
[02:37:33]EMOTE: *no key*/(grey baby slime (740)) : <b>The grey baby slime (740)</b> vibrates! (108,153,2)
[02:37:34]EMOTE: *no key*/(mouse) : <b>The mouse</b> squeeks. (198,224,2)
[02:37:47]EMOTE: *no key*/(grey baby slime (47)) : <b>The grey baby slime (47)</b> vibrates! (103,163,2)
[02:37:48]EMOTE: *no key*/(Citrus) : <b>Citrus</b> snores. (172,223,2)
[02:37:53]EMOTE: *no key*/(monkey (466)) : <b>The monkey (466)</b> rolls. (187,119,2)
[02:37:59]EMOTE: *no key*/(monkey (509)) : <b>The monkey (509)</b> rolls. (204,21,2)
[02:38:14]SAY: Poly/ : Twice the calories for half the price! (80,190,2)
[02:38:19]EMOTE: *no key*/(monkey (700)) : <b>The monkey (700)</b> scratches. (160,142,2)
[02:38:23]EMOTE: *no key*/(Persephone) : <b>Persephone</b> walks around. (170,140,2)
[02:38:27]EMOTE: *no key*/(monkey (700)) : <b>The monkey (700)</b> jumps! (160,142,2)
[02:38:29]EMOTE: *no key*/(monkey (709)) : <b>The monkey (709)</b> scratches. (160,141,2)
[02:38:29]EMOTE: *no key*/(pug) : <b>Swanson</b> chases its tail. (108,146,2)
[02:38:39]SAY: Poly/ : What kind of medbay is this? Everyone&#39;s dropping like flies. (80,190,2)
[02:38:45]SAY: Medibot/ : I knew it, I should&#39;ve been a plastic surgeon. (155,73,1)
[02:38:57]EMOTE: *no key*/(monkey (697)) : <b>The monkey (697)</b> scratches. (204,25,2)
[02:39:00]SAY: Nobody's Perfect/ : There&#39;s always a catch, and I&#39;m the best there is. (24,75,1)
[02:39:03]EMOTE: *no key*/(monkey (709)) : <b>The monkey (709)</b> jumps! (160,141,2)
[02:39:06]EMOTE: *no key*/(Ian) : <b>Ian</b> woofs! (136,185,2)
[02:39:07]EMOTE: *no key*/(monkey (509)) : <b>The monkey (509)</b> rolls. (204,21,2)
[02:39:07]EMOTE: *no key*/(monkey (697)) : <b>The monkey (697)</b> waves her tail. (203,25,2)
[02:39:07]EMOTE: *no key*/(monkey (476)) : <b>The monkey (476)</b> rolls. (185,118,2)
[02:39:12]SAY: Medibot/ : What kind of medbay is this? Everyone&#39;s dropping like flies. (155,73,1)
[02:39:14]EMOTE: *no key*/(Citrus) : <b>Citrus</b> dozes off. (173,223,2)
[02:39:15]EMOTE: *no key*/(grey baby slime (47)) : <b>The grey baby slime (47)</b> bounces in place. (103,162,2)
[02:39:19]EMOTE: *no key*/(grey baby slime (821)) : <b>The grey baby slime (821)</b> jiggles! (113,163,2)
[02:39:44]SAY: Nobody's Perfect/ : What kind of medbay is this? Everyone&#39;s dropping like flies. (24,75,1)
[02:39:48]SAY: Ian/ : Bark! (136,187,2)
[02:39:49]EMOTE: *no key*/(monkey (476)) : <b>The monkey (476)</b> scratches. (184,118,2)
[02:39:49]EMOTE: *no key*/(monkey (330)) : <b>The monkey (330)</b> rolls. (160,140,2)
[02:39:51]EMOTE: *no key*/(Persephone) : <b>Persephone</b> looks alert. (168,139,2)
[02:39:54]EMOTE: *no key*/(mouse) : <b>The mouse</b> runs in a circle. (202,224,2)
[02:39:56]SAY: Medibot/ : I knew it, I should&#39;ve been a plastic surgeon. (154,73,1)
[02:40:08]EMOTE: *no key*/(mouse) : <b>The mouse</b> shakes. (202,229,2)
[02:40:20]EMOTE: *no key*/(Pun Pun 30) : <b>Pun Pun 30</b> waves its tail. (136,236,2)
[02:40:26]EMOTE: *no key*/(Pun Pun 30) : <b>Pun Pun 30</b> scratches. (136,236,2)
[02:40:28]EMOTE: *no key*/(monkey (66)) : <b>The monkey (66)</b> scratches. (187,8,2)
[02:40:30]SAY: grey baby slime (821)/ : Blorble... (113,163,2)
[02:40:35]SAY: Medibot/ : Delicious! (155,73,1)
[02:40:43]SAY: Swanson/ : YAP (108,147,2)
[02:40:53]SAY: Nobody's Perfect/ : Radar, put a mask on! (24,75,1)
[02:40:55]SAY: Persephone/ : Meow! (168,139,2)
[02:41:13]SAY: Nobody's Perfect/ : There&#39;s always a catch, and I&#39;m the best there is. (24,75,1)
[02:41:26]EMOTE: *no key*/(monkey (66)) : <b>The monkey (66)</b> waves her tail. (189,8,2)
[02:41:36]EMOTE: *no key*/(Renault) : <b>Renault</b> howls. (159,194,2)
[02:41:38]SAY: Ian/ : Bark! (135,185,2)
[02:41:38]EMOTE: *no key*/(monkey (509)) : <b>The monkey (509)</b> jumps! (203,21,2)
[02:41:46]EMOTE: *no key*/(Pun Pun 30) : <b>Pun Pun 30</b> jumps! (136,237,2)
[02:42:00]SAY: Edgar Jenkins/Bobalobdob : oi cunts (138,212,2)
[02:42:05]SAY: Edgar Jenkins/Bobalobdob : I need ya meat (138,212,2)
[02:42:07]EMOTE: *no key*/(monkey (531)) : <b>The monkey (531)</b> waves her tail. (201,21,2)
[02:42:11]EMOTE: *no key*/(monkey (66)) : <b>The monkey (66)</b> waves her tail. (187,8,2)
[02:42:11]SAY: Renault/ : Geckers (159,196,2)
[02:42:23]SAY: Logan Paul/noober84555 : TO BEAT IT (142,261,2)
[02:42:26]ADMIN: noober84555/(Logan Paul) jumped to Bobalobdob/(Edgar Jenkins)
[02:42:28]SAY: Persephone/ : Purr! (168,139,2)
[02:42:31]SAY: Logan Paul/noober84555 : beat my meat (132,217,2)
[02:42:32]SAY: Logan Paul/noober84555 : now (132,217,2)
[02:42:34]SAY: Edgar Jenkins/Bobalobdob : gimma ya meat (133,217,2)
[02:42:34]SAY: Ian/ : Bark! (134,187,2)
[02:42:37]EMOTE: *no key*/(grey baby slime (740)) : <b>The grey baby slime (740)</b> jiggles! (108,151,2)
[02:42:41]ADMIN: noober84555/(Logan Paul) changed the equipment of noober84555/(Logan Paul) to Naked.
[02:42:51]SAY: Logan Paul/noober84555 : grab me aggresively (132,217,2)
[02:42:52]SAY: Logan Paul/noober84555 : noob (132,217,2)
[02:42:52]SAY: Poly/ : Twice the calories for half the price! (80,190,2)
[02:43:01]SAY: Edgar Jenkins/Bobalobdob : MEAT TIME (133,217,2)
[02:43:01]EMOTE: *no key*/(monkey (330)) : <b>The monkey (330)</b> scratches. (160,139,2)
[02:43:04]ACCESS: Mob Login: noober84555/(Logan Paul) was assigned to a /mob/dead/observer
[02:43:06]SAY: Medibot/ : I knew it, I should&#39;ve been a plastic surgeon. (155,73,1)
[02:43:07]EMOTE: *no key*/(monkey (709)) : <b>The monkey (709)</b> waves her tail. (160,139,2)
[02:43:08]SAY: Edgar Jenkins/Bobalobdob : MEAT (133,217,2)
[02:43:08]SAY: Renault/ : Tchoff (158,196,2)
[02:43:15]EMOTE: *no key*/(monkey (509)) : <b>The monkey (509)</b> scratches. (204,21,2)
[02:43:17]SAY: mouse/ : SQUEEK! (200,229,2)
[02:43:30]EMOTE: *no key*/(pug) : <b>Swanson</b> chases its tail. (109,148,2)
[02:43:30]EMOTE: *no key*/(grey baby slime (821)) : <b>The grey baby slime (821)</b> jiggles! (112,163,2)
[02:43:32]EMOTE: *no key*/(monkey (697)) : <b>The monkey (697)</b> scratches. (203,25,2)
[02:43:34]EMOTE: *no key*/(Persephone) : <b>Persephone</b> gets up and meows. (168,139,2)
[02:43:37]EMOTE: *no key*/(mouse) : <b>The mouse</b> shakes. (200,231,2)
[02:43:41]SAY: Poly/ : I knew it, I should&#39;ve been a plastic surgeon. (80,190,2)
[02:43:51]SAY: Renault/ : Awoo (157,196,2)
[02:43:53]EMOTE: *no key*/(pug) : <b>Swanson</b> chases its tail. (108,148,2)
[02:43:53]SAY: Ian/ : Bark! (135,187,2)
[02:44:02]SAY: grey baby slime (821)/ : Hungry... (113,162,2)
[02:44:12]EMOTE: *no key*/(monkey (466)) : <b>The monkey (466)</b> rolls. (188,119,2)
[02:44:12]EMOTE: *no key*/(Persephone) : <b>Persephone</b> sits down. (169,141,2)
[02:44:14]EMOTE: *no key*/(monkey (466)) : <b>The monkey (466)</b> scratches. (188,119,2)
[02:39:37]ACCESS: Logout: Noober84555/(Logan Paul)
[02:39:37]ACCESS: Logout: Bobalobdob/(Edgar Jenkins)
