

Starting up round ID . 17:33:49
---------------------
Initialized Blackbox subsystem within 0 seconds!
Initialized Server Tasks subsystem within 0 seconds!
Initialized Events subsystem within 0 seconds!
runtime error: 
[17:33:51]cannot read from list
[17:33:51]proc name: LoadJobs (/datum/controller/subsystem/job/proc/LoadJobs)
[17:33:51]  source file: job.dm,448
[17:33:51]  usr: null
[17:33:51]  src: Jobs (/datum/controller/subsystem/job)
[17:33:51]  call stack:
[17:33:51]Jobs (/datum/controller/subsystem/job): LoadJobs()
[17:33:51]Jobs (/datum/controller/subsystem/job): Initialize(740312)
[17:33:51]Master (/datum/controller/master): Initialize(10, 0)
Initialized Jobs subsystem within 0 seconds!
Initialized Ticker subsystem within 0.1 seconds!
Loading Delta Station...
runtime error: 
[17:35:58]Cannot execute /datum/plant_gene/trait/glow (/datum/plant_gene/trait/glow).glow range().
[17:35:58]proc name: New (/obj/structure/glowshroom/New)
[17:35:58]  source file: glowshroom.dm,63
[17:35:58]  usr: null
[17:35:58]  src: the glowshroom (/obj/structure/glowshroom/single)
[17:35:58]  src.loc: Cave Floor (303,71,2) (/turf/open/floor/plating/asteroid)
[17:35:58]  call stack:
[17:35:58]the glowshroom (/obj/structure/glowshroom/single): New(Cave Floor (303,71,2) (/turf/open/floor/plating/asteroid), null, null)
[17:35:58]/dmm_suite (/dmm_suite): create atom(/obj/structure/glowshroom/sing... (/obj/structure/glowshroom/single), Cave Floor (303,71,2) (/turf/open/floor/plating/asteroid))
[17:35:58]/dmm_suite (/dmm_suite): instance atom(/obj/structure/glowshroom/sing... (/obj/structure/glowshroom/single), /list (/list), Cave Floor (303,71,2) (/turf/open/floor/plating/asteroid), 1)
[17:35:58]/dmm_suite (/dmm_suite): parse grid("/obj/structure/glowshroom/sing...", "eFi", 303, 71, 2, 1)
[17:35:58]/dmm_suite (/dmm_suite): load map impl(_maps/map_files/Deltastation/D..., 1, 1, 2, null, null, 1, -1e+031, 1e+031, -1e+031, 1e+031)
[17:35:58]/dmm_suite (/dmm_suite): load map(_maps/map_files/Deltastation/D..., 0, 0, 2, null, null, 1, null, null, null, null)
[17:35:58]Mapping (/datum/controller/subsystem/mapping): TryLoadZ("_maps/map_files/Deltastation/D...", /list (/list), 2, null)
[17:35:58]Mapping (/datum/controller/subsystem/mapping): loadWorld()
[17:35:58]Mapping (/datum/controller/subsystem/mapping): Initialize(740313)
[17:35:58]Master (/datum/controller/master): Initialize(10, 0)
runtime error: 
[17:35:58]Cannot execute /datum/plant_gene/trait/glow (/datum/plant_gene/trait/glow).glow range().
[17:35:58]proc name: New (/obj/structure/glowshroom/New)
[17:35:58]  source file: glowshroom.dm,63
[17:35:58]  usr: null
[17:35:58]  src: the glowshroom (/obj/structure/glowshroom/single)
[17:35:58]  src.loc: Cave Floor (306,70,2) (/turf/open/floor/plating/asteroid)
[17:35:58]  call stack:
[17:35:58]the glowshroom (/obj/structure/glowshroom/single): New(Cave Floor (306,70,2) (/turf/open/floor/plating/asteroid), null, null)
[17:35:58]/dmm_suite (/dmm_suite): create atom(/obj/structure/glowshroom/sing... (/obj/structure/glowshroom/single), Cave Floor (306,70,2) (/turf/open/floor/plating/asteroid))
[17:35:58]/dmm_suite (/dmm_suite): instance atom(/obj/structure/glowshroom/sing... (/obj/structure/glowshroom/single), /list (/list), Cave Floor (306,70,2) (/turf/open/floor/plating/asteroid), 1)
[17:35:58]/dmm_suite (/dmm_suite): parse grid("/obj/structure/glowshroom/sing...", "eFi", 306, 70, 2, 1)
[17:35:58]/dmm_suite (/dmm_suite): load map impl(_maps/map_files/Deltastation/D..., 1, 1, 2, null, null, 1, -1e+031, 1e+031, -1e+031, 1e+031)
[17:35:58]/dmm_suite (/dmm_suite): load map(_maps/map_files/Deltastation/D..., 0, 0, 2, null, null, 1, null, null, null, null)
[17:35:58]Mapping (/datum/controller/subsystem/mapping): TryLoadZ("_maps/map_files/Deltastation/D...", /list (/list), 2, null)
[17:35:58]Mapping (/datum/controller/subsystem/mapping): loadWorld()
[17:35:58]Mapping (/datum/controller/subsystem/mapping): Initialize(740313)
[17:35:58]Master (/datum/controller/master): Initialize(10, 0)
runtime error: 
[17:35:58]Cannot execute /datum/plant_gene/trait/glow (/datum/plant_gene/trait/glow).glow range().
[17:35:58]proc name: New (/obj/structure/glowshroom/New)
[17:35:58]  source file: glowshroom.dm,63
[17:35:58]  usr: null
[17:35:58]  src: the glowshroom (/obj/structure/glowshroom/single)
[17:35:58]  src.loc: Cave Floor (309,70,2) (/turf/open/floor/plating/asteroid)
[17:35:58]  call stack:
[17:35:58]the glowshroom (/obj/structure/glowshroom/single): New(Cave Floor (309,70,2) (/turf/open/floor/plating/asteroid), null, null)
[17:35:58]/dmm_suite (/dmm_suite): create atom(/obj/structure/glowshroom/sing... (/obj/structure/glowshroom/single), Cave Floor (309,70,2) (/turf/open/floor/plating/asteroid))
[17:35:58]/dmm_suite (/dmm_suite): instance atom(/obj/structure/glowshroom/sing... (/obj/structure/glowshroom/single), /list (/list), Cave Floor (309,70,2) (/turf/open/floor/plating/asteroid), 1)
[17:35:58]/dmm_suite (/dmm_suite): parse grid("/obj/structure/glowshroom/sing...", "eFi", 309, 70, 2, 1)
[17:35:58]/dmm_suite (/dmm_suite): load map impl(_maps/map_files/Deltastation/D..., 1, 1, 2, null, null, 1, -1e+031, 1e+031, -1e+031, 1e+031)
[17:35:58]/dmm_suite (/dmm_suite): load map(_maps/map_files/Deltastation/D..., 0, 0, 2, null, null, 1, null, null, null, null)
[17:35:58]Mapping (/datum/controller/subsystem/mapping): TryLoadZ("_maps/map_files/Deltastation/D...", /list (/list), 2, null)
[17:35:58]Mapping (/datum/controller/subsystem/mapping): loadWorld()
[17:35:58]Mapping (/datum/controller/subsystem/mapping): Initialize(740313)
[17:35:58]Master (/datum/controller/master): Initialize(10, 0)
runtime error: 
[17:35:58]Cannot execute /datum/plant_gene/trait/glow (/datum/plant_gene/trait/glow).glow range().
[17:35:58]proc name: New (/obj/structure/glowshroom/New)
[17:35:58]  source file: glowshroom.dm,63
[17:35:58]  usr: null
[17:35:58]  src: the glowshroom (/obj/structure/glowshroom/single)
[17:35:58]  src.loc: Cave Floor (302,69,2) (/turf/open/floor/plating/asteroid)
[17:35:58]  call stack:
[17:35:58]the glowshroom (/obj/structure/glowshroom/single): New(Cave Floor (302,69,2) (/turf/open/floor/plating/asteroid), null, null)
[17:35:58]/dmm_suite (/dmm_suite): create atom(/obj/structure/glowshroom/sing... (/obj/structure/glowshroom/single), Cave Floor (302,69,2) (/turf/open/floor/plating/asteroid))
[17:35:58]/dmm_suite (/dmm_suite): instance atom(/obj/structure/glowshroom/sing... (/obj/structure/glowshroom/single), /list (/list), Cave Floor (302,69,2) (/turf/open/floor/plating/asteroid), 1)
[17:35:58]/dmm_suite (/dmm_suite): parse grid("/obj/structure/glowshroom/sing...", "eFi", 302, 69, 2, 1)
[17:35:58]/dmm_suite (/dmm_suite): load map impl(_maps/map_files/Deltastation/D..., 1, 1, 2, null, null, 1, -1e+031, 1e+031, -1e+031, 1e+031)
[17:35:58]/dmm_suite (/dmm_suite): load map(_maps/map_files/Deltastation/D..., 0, 0, 2, null, null, 1, null, null, null, null)
[17:35:58]Mapping (/datum/controller/subsystem/mapping): TryLoadZ("_maps/map_files/Deltastation/D...", /list (/list), 2, null)
[17:35:58]Mapping (/datum/controller/subsystem/mapping): loadWorld()
[17:35:58]Mapping (/datum/controller/subsystem/mapping): Initialize(740313)
[17:35:58]Master (/datum/controller/master): Initialize(10, 0)
runtime error: 
[17:35:59]Cannot execute /datum/plant_gene/trait/glow (/datum/plant_gene/trait/glow).glow range().
[17:35:59]proc name: New (/obj/structure/glowshroom/New)
[17:35:59]  source file: glowshroom.dm,63
[17:35:59]  usr: null
[17:35:59]  src: the glowshroom (/obj/structure/glowshroom/single)
[17:35:59]  src.loc: Cave Floor (296,55,2) (/turf/open/floor/plating/asteroid)
[17:35:59]  call stack:
[17:35:59]the glowshroom (/obj/structure/glowshroom/single): New(Cave Floor (296,55,2) (/turf/open/floor/plating/asteroid), null, null)
[17:35:59]/dmm_suite (/dmm_suite): create atom(/obj/structure/glowshroom/sing... (/obj/structure/glowshroom/single), Cave Floor (296,55,2) (/turf/open/floor/plating/asteroid))
[17:35:59]/dmm_suite (/dmm_suite): instance atom(/obj/structure/glowshroom/sing... (/obj/structure/glowshroom/single), /list (/list), Cave Floor (296,55,2) (/turf/open/floor/plating/asteroid), 1)
[17:35:59]/dmm_suite (/dmm_suite): parse grid("/obj/structure/glowshroom/sing...", "eJI", 296, 55, 2, 1)
[17:35:59]/dmm_suite (/dmm_suite): load map impl(_maps/map_files/Deltastation/D..., 1, 1, 2, null, null, 1, -1e+031, 1e+031, -1e+031, 1e+031)
[17:35:59]/dmm_suite (/dmm_suite): load map(_maps/map_files/Deltastation/D..., 0, 0, 2, null, null, 1, null, null, null, null)
[17:35:59]Mapping (/datum/controller/subsystem/mapping): TryLoadZ("_maps/map_files/Deltastation/D...", /list (/list), 2, null)
[17:35:59]Mapping (/datum/controller/subsystem/mapping): loadWorld()
[17:35:59]Mapping (/datum/controller/subsystem/mapping): Initialize(740313)
[17:35:59]Master (/datum/controller/master): Initialize(10, 0)
runtime error: 
[17:35:59]Cannot execute /datum/plant_gene/trait/glow (/datum/plant_gene/trait/glow).glow range().
[17:35:59]proc name: New (/obj/structure/glowshroom/New)
[17:35:59]  source file: glowshroom.dm,63
[17:35:59]  usr: null
[17:35:59]  src: the glowshroom (/obj/structure/glowshroom/single)
[17:35:59]  src.loc: Cave Floor (299,55,2) (/turf/open/floor/plating/asteroid)
[17:35:59]  call stack:
[17:35:59]the glowshroom (/obj/structure/glowshroom/single): New(Cave Floor (299,55,2) (/turf/open/floor/plating/asteroid), null, null)
[17:35:59]/dmm_suite (/dmm_suite): create atom(/obj/structure/glowshroom/sing... (/obj/structure/glowshroom/single), Cave Floor (299,55,2) (/turf/open/floor/plating/asteroid))
[17:35:59]/dmm_suite (/dmm_suite): instance atom(/obj/structure/glowshroom/sing... (/obj/structure/glowshroom/single), /list (/list), Cave Floor (299,55,2) (/turf/open/floor/plating/asteroid), 1)
[17:35:59]/dmm_suite (/dmm_suite): parse grid("/obj/structure/glowshroom/sing...", "eJI", 299, 55, 2, 1)
[17:35:59]/dmm_suite (/dmm_suite): load map impl(_maps/map_files/Deltastation/D..., 1, 1, 2, null, null, 1, -1e+031, 1e+031, -1e+031, 1e+031)
[17:35:59]/dmm_suite (/dmm_suite): load map(_maps/map_files/Deltastation/D..., 0, 0, 2, null, null, 1, null, null, null, null)
[17:35:59]Mapping (/datum/controller/subsystem/mapping): TryLoadZ("_maps/map_files/Deltastation/D...", /list (/list), 2, null)
[17:35:59]Mapping (/datum/controller/subsystem/mapping): loadWorld()
[17:35:59]Mapping (/datum/controller/subsystem/mapping): Initialize(740313)
[17:35:59]Master (/datum/controller/master): Initialize(10, 0)
runtime error: 
[17:35:59]Cannot execute /datum/plant_gene/trait/glow (/datum/plant_gene/trait/glow).glow range().
[17:35:59]proc name: New (/obj/structure/glowshroom/New)
[17:35:59]  source file: glowshroom.dm,63
[17:35:59]  usr: null
[17:35:59]  src: the glowshroom (/obj/structure/glowshroom/single)
[17:35:59]  src.loc: Cave Floor (283,53,2) (/turf/open/floor/plating/asteroid)
[17:35:59]  call stack:
[17:35:59]the glowshroom (/obj/structure/glowshroom/single): New(Cave Floor (283,53,2) (/turf/open/floor/plating/asteroid), null, null)
[17:35:59]/dmm_suite (/dmm_suite): create atom(/obj/structure/glowshroom/sing... (/obj/structure/glowshroom/single), Cave Floor (283,53,2) (/turf/open/floor/plating/asteroid))
[17:35:59]/dmm_suite (/dmm_suite): instance atom(/obj/structure/glowshroom/sing... (/obj/structure/glowshroom/single), /list (/list), Cave Floor (283,53,2) (/turf/open/floor/plating/asteroid), 1)
[17:35:59]/dmm_suite (/dmm_suite): parse grid("/obj/structure/glowshroom/sing...", "eJI", 283, 53, 2, 1)
[17:35:59]/dmm_suite (/dmm_suite): load map impl(_maps/map_files/Deltastation/D..., 1, 1, 2, null, null, 1, -1e+031, 1e+031, -1e+031, 1e+031)
[17:35:59]/dmm_suite (/dmm_suite): load map(_maps/map_files/Deltastation/D..., 0, 0, 2, null, null, 1, null, null, null, null)
[17:35:59]Mapping (/datum/controller/subsystem/mapping): TryLoadZ("_maps/map_files/Deltastation/D...", /list (/list), 2, null)
[17:35:59]Mapping (/datum/controller/subsystem/mapping): loadWorld()
[17:35:59]Mapping (/datum/controller/subsystem/mapping): Initialize(740313)
[17:35:59]Master (/datum/controller/master): Initialize(10, 0)
runtime error: 
[17:35:59]Cannot execute /datum/plant_gene/trait/glow (/datum/plant_gene/trait/glow).glow range().
[17:35:59]proc name: New (/obj/structure/glowshroom/New)
[17:35:59]  source file: glowshroom.dm,63
[17:35:59]  usr: null
[17:35:59]  src: the glowshroom (/obj/structure/glowshroom/single)
[17:35:59]  src.loc: Cave Floor (302,53,2) (/turf/open/floor/plating/asteroid)
[17:35:59]  call stack:
[17:35:59]the glowshroom (/obj/structure/glowshroom/single): New(Cave Floor (302,53,2) (/turf/open/floor/plating/asteroid), null, null)
[17:35:59]/dmm_suite (/dmm_suite): create atom(/obj/structure/glowshroom/sing... (/obj/structure/glowshroom/single), Cave Floor (302,53,2) (/turf/open/floor/plating/asteroid))
[17:35:59]/dmm_suite (/dmm_suite): instance atom(/obj/structure/glowshroom/sing... (/obj/structure/glowshroom/single), /list (/list), Cave Floor (302,53,2) (/turf/open/floor/plating/asteroid), 1)
[17:35:59]/dmm_suite (/dmm_suite): parse grid("/obj/structure/glowshroom/sing...", "eJI", 302, 53, 2, 1)
[17:35:59]/dmm_suite (/dmm_suite): load map impl(_maps/map_files/Deltastation/D..., 1, 1, 2, null, null, 1, -1e+031, 1e+031, -1e+031, 1e+031)
[17:35:59]/dmm_suite (/dmm_suite): load map(_maps/map_files/Deltastation/D..., 0, 0, 2, null, null, 1, null, null, null, null)
[17:35:59]Mapping (/datum/controller/subsystem/mapping): TryLoadZ("_maps/map_files/Deltastation/D...", /list (/list), 2, null)
[17:35:59]Mapping (/datum/controller/subsystem/mapping): loadWorld()
[17:35:59]Mapping (/datum/controller/subsystem/mapping): Initialize(740313)
[17:35:59]Master (/datum/controller/master): Initialize(10, 0)
runtime error: 
[17:35:59]Cannot execute /datum/plant_gene/trait/glow (/datum/plant_gene/trait/glow).glow range().
[17:35:59]proc name: New (/obj/structure/glowshroom/New)
[17:35:59]  source file: glowshroom.dm,63
[17:35:59]  usr: null
[17:35:59]  src: the glowshroom (/obj/structure/glowshroom/single)
[17:35:59]  src.loc: Cave Floor (276,52,2) (/turf/open/floor/plating/asteroid)
[17:35:59]  call stack:
[17:35:59]the glowshroom (/obj/structure/glowshroom/single): New(Cave Floor (276,52,2) (/turf/open/floor/plating/asteroid), null, null)
[17:35:59]/dmm_suite (/dmm_suite): create atom(/obj/structure/glowshroom/sing... (/obj/structure/glowshroom/single), Cave Floor (276,52,2) (/turf/open/floor/plating/asteroid))
[17:35:59]/dmm_suite (/dmm_suite): instance atom(/obj/structure/glowshroom/sing... (/obj/structure/glowshroom/single), /list (/list), Cave Floor (276,52,2) (/turf/open/floor/plating/asteroid), 1)
[17:35:59]/dmm_suite (/dmm_suite): parse grid("/obj/structure/glowshroom/sing...", "eJI", 276, 52, 2, 1)
[17:35:59]/dmm_suite (/dmm_suite): load map impl(_maps/map_files/Deltastation/D..., 1, 1, 2, null, null, 1, -1e+031, 1e+031, -1e+031, 1e+031)
[17:35:59]/dmm_suite (/dmm_suite): load map(_maps/map_files/Deltastation/D..., 0, 0, 2, null, null, 1, null, null, null, null)
[17:35:59]Mapping (/datum/controller/subsystem/mapping): TryLoadZ("_maps/map_files/Deltastation/D...", /list (/list), 2, null)
[17:35:59]Mapping (/datum/controller/subsystem/mapping): loadWorld()
[17:35:59]Mapping (/datum/controller/subsystem/mapping): Initialize(740313)
[17:35:59]Master (/datum/controller/master): Initialize(10, 0)
runtime error: 
[17:36:00]Cannot execute /datum/plant_gene/trait/glow (/datum/plant_gene/trait/glow).glow range().
[17:36:00]proc name: New (/obj/structure/glowshroom/New)
[17:36:00]  source file: glowshroom.dm,63
[17:36:00]  usr: null
[17:36:00]  src: the glowshroom (/obj/structure/glowshroom/single)
[17:36:00]  src.loc: Cave Floor (292,51,2) (/turf/open/floor/plating/asteroid)
[17:36:00]  call stack:
[17:36:00]the glowshroom (/obj/structure/glowshroom/single): New(Cave Floor (292,51,2) (/turf/open/floor/plating/asteroid), null, null)
[17:36:00]/dmm_suite (/dmm_suite): create atom(/obj/structure/glowshroom/sing... (/obj/structure/glowshroom/single), Cave Floor (292,51,2) (/turf/open/floor/plating/asteroid))
[17:36:00]/dmm_suite (/dmm_suite): instance atom(/obj/structure/glowshroom/sing... (/obj/structure/glowshroom/single), /list (/list), Cave Floor (292,51,2) (/turf/open/floor/plating/asteroid), 1)
[17:36:00]/dmm_suite (/dmm_suite): parse grid("/obj/structure/glowshroom/sing...", "eJI", 292, 51, 2, 1)
[17:36:00]/dmm_suite (/dmm_suite): load map impl(_maps/map_files/Deltastation/D..., 1, 1, 2, null, null, 1, -1e+031, 1e+031, -1e+031, 1e+031)
[17:36:00]/dmm_suite (/dmm_suite): load map(_maps/map_files/Deltastation/D..., 0, 0, 2, null, null, 1, null, null, null, null)
[17:36:00]Mapping (/datum/controller/subsystem/mapping): TryLoadZ("_maps/map_files/Deltastation/D...", /list (/list), 2, null)
[17:36:00]Mapping (/datum/controller/subsystem/mapping): loadWorld()
[17:36:00]Mapping (/datum/controller/subsystem/mapping): Initialize(740313)
[17:36:00]Master (/datum/controller/master): Initialize(10, 0)
runtime error: 
[17:36:00]Cannot execute /datum/plant_gene/trait/glow (/datum/plant_gene/trait/glow).glow range().
[17:36:00]proc name: New (/obj/structure/glowshroom/New)
[17:36:00]  source file: glowshroom.dm,63
[17:36:00]  usr: null
[17:36:00]  src: the glowshroom (/obj/structure/glowshroom/single)
[17:36:00]  src.loc: Cave Floor (295,51,2) (/turf/open/floor/plating/asteroid)
[17:36:00]  call stack:
[17:36:00]the glowshroom (/obj/structure/glowshroom/single): New(Cave Floor (295,51,2) (/turf/open/floor/plating/asteroid), null, null)
[17:36:00]/dmm_suite (/dmm_suite): create atom(/obj/structure/glowshroom/sing... (/obj/structure/glowshroom/single), Cave Floor (295,51,2) (/turf/open/floor/plating/asteroid))
[17:36:00]/dmm_suite (/dmm_suite): instance atom(/obj/structure/glowshroom/sing... (/obj/structure/glowshroom/single), /list (/list), Cave Floor (295,51,2) (/turf/open/floor/plating/asteroid), 1)
[17:36:00]/dmm_suite (/dmm_suite): parse grid("/obj/structure/glowshroom/sing...", "eJI", 295, 51, 2, 1)
[17:36:00]/dmm_suite (/dmm_suite): load map impl(_maps/map_files/Deltastation/D..., 1, 1, 2, null, null, 1, -1e+031, 1e+031, -1e+031, 1e+031)
[17:36:00]/dmm_suite (/dmm_suite): load map(_maps/map_files/Deltastation/D..., 0, 0, 2, null, null, 1, null, null, null, null)
[17:36:00]Mapping (/datum/controller/subsystem/mapping): TryLoadZ("_maps/map_files/Deltastation/D...", /list (/list), 2, null)
[17:36:00]Mapping (/datum/controller/subsystem/mapping): loadWorld()
[17:36:00]Mapping (/datum/controller/subsystem/mapping): Initialize(740313)
[17:36:00]Master (/datum/controller/master): Initialize(10, 0)
runtime error: 
[17:36:00]Cannot execute /datum/plant_gene/trait/glow (/datum/plant_gene/trait/glow).glow range().
[17:36:00]proc name: New (/obj/structure/glowshroom/New)
[17:36:00]  source file: glowshroom.dm,63
[17:36:00]  usr: null
[17:36:00]  src: the glowshroom (/obj/structure/glowshroom/single)
[17:36:00]  src.loc: Cave Floor (258,49,2) (/turf/open/floor/plating/asteroid)
[17:36:00]  call stack:
[17:36:00]the glowshroom (/obj/structure/glowshroom/single): New(Cave Floor (258,49,2) (/turf/open/floor/plating/asteroid), null, null)
[17:36:00]/dmm_suite (/dmm_suite): create atom(/obj/structure/glowshroom/sing... (/obj/structure/glowshroom/single), Cave Floor (258,49,2) (/turf/open/floor/plating/asteroid))
[17:36:00]/dmm_suite (/dmm_suite): instance atom(/obj/structure/glowshroom/sing... (/obj/structure/glowshroom/single), /list (/list), Cave Floor (258,49,2) (/turf/open/floor/plating/asteroid), 1)
[17:36:00]/dmm_suite (/dmm_suite): parse grid("/obj/structure/glowshroom/sing...", "eJI", 258, 49, 2, 1)
[17:36:00]/dmm_suite (/dmm_suite): load map impl(_maps/map_files/Deltastation/D..., 1, 1, 2, null, null, 1, -1e+031, 1e+031, -1e+031, 1e+031)
[17:36:00]/dmm_suite (/dmm_suite): load map(_maps/map_files/Deltastation/D..., 0, 0, 2, null, null, 1, null, null, null, null)
[17:36:00]Mapping (/datum/controller/subsystem/mapping): TryLoadZ("_maps/map_files/Deltastation/D...", /list (/list), 2, null)
[17:36:00]Mapping (/datum/controller/subsystem/mapping): loadWorld()
[17:36:00]Mapping (/datum/controller/subsystem/mapping): Initialize(740313)
[17:36:00]Master (/datum/controller/master): Initialize(10, 0)
runtime error: 
[17:36:00]Cannot execute /datum/plant_gene/trait/glow (/datum/plant_gene/trait/glow).glow range().
[17:36:00]proc name: New (/obj/structure/glowshroom/New)
[17:36:00]  source file: glowshroom.dm,63
[17:36:00]  usr: null
[17:36:00]  src: the glowshroom (/obj/structure/glowshroom/single)
[17:36:00]  src.loc: Cave Floor (275,49,2) (/turf/open/floor/plating/asteroid)
[17:36:00]  call stack:
[17:36:00]the glowshroom (/obj/structure/glowshroom/single): New(Cave Floor (275,49,2) (/turf/open/floor/plating/asteroid), null, null)
[17:36:00]/dmm_suite (/dmm_suite): create atom(/obj/structure/glowshroom/sing... (/obj/structure/glowshroom/single), Cave Floor (275,49,2) (/turf/open/floor/plating/asteroid))
[17:36:00]/dmm_suite (/dmm_suite): instance atom(/obj/structure/glowshroom/sing... (/obj/structure/glowshroom/single), /list (/list), Cave Floor (275,49,2) (/turf/open/floor/plating/asteroid), 1)
[17:36:00]/dmm_suite (/dmm_suite): parse grid("/obj/structure/glowshroom/sing...", "eJI", 275, 49, 2, 1)
[17:36:00]/dmm_suite (/dmm_suite): load map impl(_maps/map_files/Deltastation/D..., 1, 1, 2, null, null, 1, -1e+031, 1e+031, -1e+031, 1e+031)
[17:36:00]/dmm_suite (/dmm_suite): load map(_maps/map_files/Deltastation/D..., 0, 0, 2, null, null, 1, null, null, null, null)
[17:36:00]Mapping (/datum/controller/subsystem/mapping): TryLoadZ("_maps/map_files/Deltastation/D...", /list (/list), 2, null)
[17:36:00]Mapping (/datum/controller/subsystem/mapping): loadWorld()
[17:36:00]Mapping (/datum/controller/subsystem/mapping): Initialize(740313)
[17:36:00]Master (/datum/controller/master): Initialize(10, 0)
runtime error: 
[17:36:00]Cannot execute /datum/plant_gene/trait/glow (/datum/plant_gene/trait/glow).glow range().
[17:36:00]proc name: New (/obj/structure/glowshroom/New)
[17:36:00]  source file: glowshroom.dm,63
[17:36:00]  usr: null
[17:36:00]  src: the glowshroom (/obj/structure/glowshroom/single)
[17:36:00]  src.loc: Cave Floor (261,48,2) (/turf/open/floor/plating/asteroid)
[17:36:00]  call stack:
[17:36:00]the glowshroom (/obj/structure/glowshroom/single): New(Cave Floor (261,48,2) (/turf/open/floor/plating/asteroid), null, null)
[17:36:00]/dmm_suite (/dmm_suite): create atom(/obj/structure/glowshroom/sing... (/obj/structure/glowshroom/single), Cave Floor (261,48,2) (/turf/open/floor/plating/asteroid))
[17:36:00]/dmm_suite (/dmm_suite): instance atom(/obj/structure/glowshroom/sing... (/obj/structure/glowshroom/single), /list (/list), Cave Floor (261,48,2) (/turf/open/floor/plating/asteroid), 1)
[17:36:00]/dmm_suite (/dmm_suite): parse grid("/obj/structure/glowshroom/sing...", "eJI", 261, 48, 2, 1)
[17:36:00]/dmm_suite (/dmm_suite): load map impl(_maps/map_files/Deltastation/D..., 1, 1, 2, null, null, 1, -1e+031, 1e+031, -1e+031, 1e+031)
[17:36:00]/dmm_suite (/dmm_suite): load map(_maps/map_files/Deltastation/D..., 0, 0, 2, null, null, 1, null, null, null, null)
[17:36:00]Mapping (/datum/controller/subsystem/mapping): TryLoadZ("_maps/map_files/Deltastation/D...", /list (/list), 2, null)
[17:36:00]Mapping (/datum/controller/subsystem/mapping): loadWorld()
[17:36:00]Mapping (/datum/controller/subsystem/mapping): Initialize(740313)
[17:36:00]Master (/datum/controller/master): Initialize(10, 0)
runtime error: 
[17:36:00]Cannot execute /datum/plant_gene/trait/glow (/datum/plant_gene/trait/glow).glow range().
[17:36:00]proc name: New (/obj/structure/glowshroom/New)
[17:36:00]  source file: glowshroom.dm,63
[17:36:00]  usr: null
[17:36:00]  src: the glowshroom (/obj/structure/glowshroom/single)
[17:36:00]  src.loc: Cave Floor (292,48,2) (/turf/open/floor/plating/asteroid)
[17:36:00]  call stack:
[17:36:00]the glowshroom (/obj/structure/glowshroom/single): New(Cave Floor (292,48,2) (/turf/open/floor/plating/asteroid), null, null)
[17:36:00]/dmm_suite (/dmm_suite): create atom(/obj/structure/glowshroom/sing... (/obj/structure/glowshroom/single), Cave Floor (292,48,2) (/turf/open/floor/plating/asteroid))
[17:36:00]/dmm_suite (/dmm_suite): instance atom(/obj/structure/glowshroom/sing... (/obj/structure/glowshroom/single), /list (/list), Cave Floor (292,48,2) (/turf/open/floor/plating/asteroid), 1)
[17:36:00]/dmm_suite (/dmm_suite): parse grid("/obj/structure/glowshroom/sing...", "eJI", 292, 48, 2, 1)
[17:36:00]/dmm_suite (/dmm_suite): load map impl(_maps/map_files/Deltastation/D..., 1, 1, 2, null, null, 1, -1e+031, 1e+031, -1e+031, 1e+031)
[17:36:00]/dmm_suite (/dmm_suite): load map(_maps/map_files/Deltastation/D..., 0, 0, 2, null, null, 1, null, null, null, null)
[17:36:00]Mapping (/datum/controller/subsystem/mapping): TryLoadZ("_maps/map_files/Deltastation/D...", /list (/list), 2, null)
[17:36:00]Mapping (/datum/controller/subsystem/mapping): loadWorld()
[17:36:00]Mapping (/datum/controller/subsystem/mapping): Initialize(740313)
[17:36:00]Master (/datum/controller/master): Initialize(10, 0)
runtime error: 
[17:36:00]Cannot execute /datum/plant_gene/trait/glow (/datum/plant_gene/trait/glow).glow range().
[17:36:00]proc name: New (/obj/structure/glowshroom/New)
[17:36:00]  source file: glowshroom.dm,63
runtime error: 
[17:36:00]Cannot execute /datum/plant_gene/trait/glow (/datum/plant_gene/trait/glow).glow range().
[17:36:00]proc name: New (/obj/structure/glowshroom/New)
[17:36:00]  source file: glowshroom.dm,63
runtime error: 
[17:36:00]Cannot execute /datum/plant_gene/trait/glow (/datum/plant_gene/trait/glow).glow range().
[17:36:00]proc name: New (/obj/structure/glowshroom/New)
[17:36:00]  source file: glowshroom.dm,63
runtime error: 
[17:36:00]Cannot execute /datum/plant_gene/trait/glow (/datum/plant_gene/trait/glow).glow range().
[17:36:00]proc name: New (/obj/structure/glowshroom/New)
[17:36:00]  source file: glowshroom.dm,63
runtime error: 
[17:36:00]Cannot execute /datum/plant_gene/trait/glow (/datum/plant_gene/trait/glow).glow range().
[17:36:00]proc name: New (/obj/structure/glowshroom/New)
[17:36:00]  source file: glowshroom.dm,63
runtime error: 
[17:36:01]Cannot execute /datum/plant_gene/trait/glow (/datum/plant_gene/trait/glow).glow range().
[17:36:01]proc name: New (/obj/structure/glowshroom/New)
[17:36:01]  source file: glowshroom.dm,63
runtime error: 
[17:36:01]Cannot execute /datum/plant_gene/trait/glow (/datum/plant_gene/trait/glow).glow range().
[17:36:01]proc name: New (/obj/structure/glowshroom/New)
[17:36:01]  source file: glowshroom.dm,63
runtime error: 
[17:36:01]Cannot execute /datum/plant_gene/trait/glow (/datum/plant_gene/trait/glow).glow range().
[17:36:01]proc name: New (/obj/structure/glowshroom/New)
[17:36:01]  source file: glowshroom.dm,63
runtime error: 
[17:36:01]Cannot execute /datum/plant_gene/trait/glow (/datum/plant_gene/trait/glow).glow range().
[17:36:01]proc name: New (/obj/structure/glowshroom/New)
[17:36:01]  source file: glowshroom.dm,63
runtime error: 
[17:36:01]Cannot execute /datum/plant_gene/trait/glow (/datum/plant_gene/trait/glow).glow range().
[17:36:01]proc name: New (/obj/structure/glowshroom/New)
[17:36:01]  source file: glowshroom.dm,63
runtime error: 
[17:36:01]Cannot execute /datum/plant_gene/trait/glow (/datum/plant_gene/trait/glow).glow range().
[17:36:01]proc name: New (/obj/structure/glowshroom/New)
[17:36:01]  source file: glowshroom.dm,63
runtime error: 
[17:36:01]Cannot execute /datum/plant_gene/trait/glow (/datum/plant_gene/trait/glow).glow range().
[17:36:01]proc name: New (/obj/structure/glowshroom/New)
[17:36:01]  source file: glowshroom.dm,63
runtime error: 
[17:36:01]Cannot execute /datum/plant_gene/trait/glow (/datum/plant_gene/trait/glow).glow range().
[17:36:01]proc name: New (/obj/structure/glowshroom/New)
[17:36:01]  source file: glowshroom.dm,63
runtime error: 
[17:36:01]Cannot execute /datum/plant_gene/trait/glow (/datum/plant_gene/trait/glow).glow range().
[17:36:01]proc name: New (/obj/structure/glowshroom/New)
[17:36:01]  source file: glowshroom.dm,63
runtime error: 
[17:36:02]Cannot execute /datum/plant_gene/trait/glow (/datum/plant_gene/trait/glow).glow range().
[17:36:02]proc name: New (/obj/structure/glowshroom/New)
[17:36:02]  source file: glowshroom.dm,63
runtime error: 
[17:36:02]Cannot execute /datum/plant_gene/trait/glow (/datum/plant_gene/trait/glow).glow range().
[17:36:02]proc name: New (/obj/structure/glowshroom/New)
[17:36:02]  source file: glowshroom.dm,63
runtime error: 
[17:36:02]Cannot execute /datum/plant_gene/trait/glow (/datum/plant_gene/trait/glow).glow range().
[17:36:02]proc name: New (/obj/structure/glowshroom/New)
[17:36:02]  source file: glowshroom.dm,63
runtime error: 
[17:36:02]Cannot execute /datum/plant_gene/trait/glow (/datum/plant_gene/trait/glow).glow range().
[17:36:02]proc name: New (/obj/structure/glowshroom/New)
[17:36:02]  source file: glowshroom.dm,63
runtime error: 
[17:36:02]Cannot execute /datum/plant_gene/trait/glow (/datum/plant_gene/trait/glow).glow range().
[17:36:02]proc name: New (/obj/structure/glowshroom/New)
[17:36:02]  source file: glowshroom.dm,63
runtime error: 
[17:36:02]Cannot execute /datum/plant_gene/trait/glow (/datum/plant_gene/trait/glow).glow range().
[17:36:02]proc name: New (/obj/structure/glowshroom/New)
[17:36:02]  source file: glowshroom.dm,63
runtime error: 
[17:36:02]Cannot execute /datum/plant_gene/trait/glow (/datum/plant_gene/trait/glow).glow range().
[17:36:02]proc name: New (/obj/structure/glowshroom/New)
[17:36:02]  source file: glowshroom.dm,63
runtime error: 
[17:36:03]Cannot execute /datum/plant_gene/trait/glow (/datum/plant_gene/trait/glow).glow range().
[17:36:03]proc name: New (/obj/structure/glowshroom/New)
[17:36:03]  source file: glowshroom.dm,63
runtime error: 
[17:36:03]Cannot execute /datum/plant_gene/trait/glow (/datum/plant_gene/trait/glow).glow range().
[17:36:03]proc name: New (/obj/structure/glowshroom/New)
[17:36:03]  source file: glowshroom.dm,63
runtime error: 
[17:36:03]Cannot execute /datum/plant_gene/trait/glow (/datum/plant_gene/trait/glow).glow range().
[17:36:03]proc name: New (/obj/structure/glowshroom/New)
[17:36:03]  source file: glowshroom.dm,63
runtime error: 
[17:36:03]Cannot execute /datum/plant_gene/trait/glow (/datum/plant_gene/trait/glow).glow range().
[17:36:03]proc name: New (/obj/structure/glowshroom/New)
[17:36:03]  source file: glowshroom.dm,63
runtime error: 
[17:36:03]Cannot execute /datum/plant_gene/trait/glow (/datum/plant_gene/trait/glow).glow range().
[17:36:03]proc name: New (/obj/structure/glowshroom/New)
[17:36:03]  source file: glowshroom.dm,63
Loaded station in 133.7s!
Ruin "Hierophant's Arena" placed at (124, 102, 5)
Ruin "Blood-Drunk Miner" placed at (89, 79, 5)
Ruin "Ruin of Sloth" placed at (201, 36, 5)
Ruin loader gave up with 1 left to spend.
Ruin "Disposal Facility 17" placed at (212, 264, 10)
Initialized Mapping subsystem within 148.2 seconds!
runtime error: 
[17:36:20]Cannot execute null.add reagent().
[17:36:20]proc name: Initialize (/obj/effect/decal/cleanable/blood/gibs/Initialize)
[17:36:20]  source file: humans.dm,57
runtime error: 
[17:36:20]Cannot execute null.add reagent().
[17:36:20]proc name: Initialize (/obj/effect/decal/cleanable/blood/gibs/Initialize)
[17:36:20]  source file: humans.dm,57
runtime error: 
[17:36:20]Cannot execute null.add reagent().
[17:36:20]proc name: Initialize (/obj/effect/decal/cleanable/blood/gibs/Initialize)
[17:36:20]  source file: humans.dm,57
runtime error: 
[17:36:20]Cannot execute null.add reagent().
[17:36:20]proc name: Initialize (/obj/effect/decal/cleanable/blood/gibs/Initialize)
[17:36:20]  source file: humans.dm,57
runtime error: 
[17:36:20]Cannot execute null.add reagent().
[17:36:20]proc name: Initialize (/obj/effect/decal/cleanable/oil/Initialize)
[17:36:20]  source file: robots.dm,52
runtime error: 
[17:36:20]Cannot execute null.add reagent().
[17:36:20]proc name: Initialize (/obj/effect/decal/cleanable/oil/Initialize)
[17:36:20]  source file: robots.dm,52
runtime error: 
[17:36:26]Cannot execute null.add reagent().
[17:36:26]proc name: Initialize (/obj/effect/decal/cleanable/oil/Initialize)
[17:36:26]  source file: robots.dm,52
runtime error: 
[17:36:26]Cannot execute null.add reagent().
[17:36:26]proc name: Initialize (/obj/effect/decal/cleanable/oil/Initialize)
[17:36:26]  source file: robots.dm,52
runtime error: 
[17:36:26]Cannot execute null.add reagent().
[17:36:26]proc name: Initialize (/obj/effect/decal/cleanable/oil/Initialize)
[17:36:26]  source file: robots.dm,52
runtime error: 
[17:36:26]Cannot execute null.add reagent().
[17:36:26]proc name: Initialize (/obj/effect/decal/cleanable/blood/gibs/Initialize)
[17:36:26]  source file: humans.dm,57
runtime error: 
[17:36:26]Cannot execute null.add reagent().
[17:36:26]proc name: Initialize (/obj/effect/decal/cleanable/oil/Initialize)
[17:36:26]  source file: robots.dm,52
runtime error: 
[17:36:27]Cannot execute null.add reagent().
[17:36:27]proc name: Initialize (/obj/effect/decal/cleanable/blood/gibs/Initialize)
[17:36:27]  source file: humans.dm,57
runtime error: 
[17:36:27]Cannot execute null.add reagent().
[17:36:27]proc name: Initialize (/obj/effect/decal/cleanable/oil/Initialize)
[17:36:27]  source file: robots.dm,52
runtime error: 
[17:36:27]Cannot execute null.add reagent().
[17:36:27]proc name: Initialize (/obj/effect/decal/cleanable/blood/gibs/Initialize)
[17:36:27]  source file: humans.dm,57
runtime error: 
[17:36:28]Cannot execute null.add reagent().
[17:36:28]proc name: Initialize (/obj/effect/decal/cleanable/oil/Initialize)
[17:36:28]  source file: robots.dm,52
runtime error: 
[17:36:28]Cannot execute null.add reagent().
[17:36:28]proc name: Initialize (/obj/effect/decal/cleanable/oil/Initialize)
[17:36:28]  source file: robots.dm,52
runtime error: 
[17:36:28]Cannot execute null.add reagent().
[17:36:28]proc name: Initialize (/obj/effect/decal/cleanable/oil/Initialize)
[17:36:28]  source file: robots.dm,52
runtime error: 
[17:36:28]Cannot execute null.add reagent().
[17:36:28]proc name: Initialize (/obj/effect/decal/cleanable/oil/Initialize)
[17:36:28]  source file: robots.dm,52
runtime error: 
[17:36:28]Cannot execute null.add reagent().
[17:36:28]proc name: Initialize (/obj/effect/decal/cleanable/oil/Initialize)
[17:36:28]  source file: robots.dm,52
runtime error: 
[17:36:28]Cannot execute null.add reagent().
[17:36:28]proc name: Initialize (/obj/effect/decal/cleanable/oil/Initialize)
[17:36:28]  source file: robots.dm,52
runtime error: 
[17:36:28]Cannot execute null.add reagent().
[17:36:28]proc name: Initialize (/obj/effect/decal/cleanable/oil/Initialize)
[17:36:28]  source file: robots.dm,52
runtime error: 
[17:36:29]Cannot execute null.add reagent().
[17:36:29]proc name: Initialize (/obj/effect/decal/cleanable/oil/Initialize)
[17:36:29]  source file: robots.dm,52
runtime error: 
[17:36:29]Cannot execute null.add reagent().
[17:36:29]proc name: Initialize (/obj/effect/decal/cleanable/oil/Initialize)
[17:36:29]  source file: robots.dm,52
runtime error: 
[17:36:29]Cannot execute null.add reagent().
[17:36:29]proc name: Initialize (/obj/effect/decal/cleanable/oil/Initialize)
[17:36:29]  source file: robots.dm,52
runtime error: 
[17:36:29]Cannot execute null.add reagent().
[17:36:29]proc name: Initialize (/obj/effect/decal/cleanable/oil/Initialize)
[17:36:29]  source file: robots.dm,52
runtime error: 
[17:36:29]Cannot execute null.add reagent().
[17:36:29]proc name: Initialize (/obj/effect/decal/cleanable/oil/Initialize)
[17:36:29]  source file: robots.dm,52
runtime error: 
[17:36:30]Cannot execute null.add reagent().
[17:36:30]proc name: Initialize (/obj/effect/decal/cleanable/oil/Initialize)
[17:36:30]  source file: robots.dm,52
runtime error: 
[17:36:30]Cannot execute null.add reagent().
[17:36:30]proc name: Initialize (/obj/effect/decal/cleanable/oil/Initialize)
[17:36:30]  source file: robots.dm,52
runtime error: 
[17:36:31]Cannot execute null.add reagent().
[17:36:31]proc name: Initialize (/obj/effect/decal/cleanable/oil/Initialize)
[17:36:31]  source file: robots.dm,52
runtime error: 
[17:36:31]Cannot execute null.add reagent().
[17:36:31]proc name: Initialize (/obj/effect/decal/cleanable/oil/Initialize)
[17:36:31]  source file: robots.dm,52
runtime error: 
[17:36:31]Cannot execute null.add reagent().
[17:36:31]proc name: Initialize (/obj/effect/decal/cleanable/oil/Initialize)
[17:36:31]  source file: robots.dm,52
runtime error: 
[17:36:31]Cannot execute null.add reagent().
[17:36:31]proc name: Initialize (/obj/effect/decal/cleanable/oil/Initialize)
[17:36:31]  source file: robots.dm,52
runtime error: 
[17:36:32]Cannot execute null.add reagent().
[17:36:32]proc name: Initialize (/obj/effect/decal/cleanable/oil/Initialize)
[17:36:32]  source file: robots.dm,52
runtime error: 
[17:36:32]Cannot execute null.add reagent().
[17:36:32]proc name: Initialize (/obj/effect/decal/cleanable/oil/Initialize)
[17:36:32]  source file: robots.dm,52
runtime error: 
[17:36:33]Cannot execute null.add reagent().
[17:36:33]proc name: Initialize (/obj/effect/decal/cleanable/oil/Initialize)
[17:36:33]  source file: robots.dm,52
runtime error: 
[17:36:33]Cannot execute null.add reagent().
[17:36:33]proc name: Initialize (/obj/effect/decal/cleanable/oil/Initialize)
[17:36:33]  source file: robots.dm,52
runtime error: 
[17:36:33]Cannot execute null.add reagent().
[17:36:33]proc name: Initialize (/obj/effect/decal/cleanable/oil/Initialize)
[17:36:33]  source file: robots.dm,52
runtime error: 
[17:36:33]Cannot execute null.add reagent().
[17:36:33]proc name: Initialize (/obj/effect/decal/cleanable/oil/Initialize)
[17:36:33]  source file: robots.dm,52
runtime error: 
[17:36:34]Cannot execute null.add reagent().
[17:36:34]proc name: Initialize (/obj/effect/decal/cleanable/oil/Initialize)
[17:36:34]  source file: robots.dm,52
runtime error: 
[17:36:34]Cannot execute null.add reagent().
[17:36:34]proc name: Initialize (/obj/effect/decal/cleanable/oil/Initialize)
[17:36:34]  source file: robots.dm,52
runtime error: 
[17:36:34]Cannot execute null.add reagent().
[17:36:34]proc name: Initialize (/obj/effect/decal/cleanable/oil/Initialize)
[17:36:34]  source file: robots.dm,52
runtime error: 
[17:36:34]Cannot execute null.add reagent().
[17:36:34]proc name: Initialize (/obj/effect/decal/cleanable/oil/Initialize)
[17:36:34]  source file: robots.dm,52
runtime error: 
[17:36:34]Cannot execute null.add reagent().
[17:36:34]proc name: Initialize (/obj/effect/decal/cleanable/oil/Initialize)
[17:36:34]  source file: robots.dm,52
runtime error: 
[17:36:35]Cannot execute null.add reagent().
[17:36:35]proc name: Initialize (/obj/effect/decal/cleanable/oil/Initialize)
[17:36:35]  source file: robots.dm,52
runtime error: 
[17:36:35]Cannot execute null.add reagent().
[17:36:35]proc name: Initialize (/obj/effect/decal/cleanable/oil/Initialize)
[17:36:35]  source file: robots.dm,52
runtime error: 
[17:36:37]Cannot execute null.add reagent().
[17:36:37]proc name: Initialize (/obj/effect/decal/cleanable/oil/Initialize)
[17:36:37]  source file: robots.dm,52
runtime error: 
[17:36:37]Cannot execute null.add reagent().
[17:36:37]proc name: Initialize (/obj/effect/decal/cleanable/oil/Initialize)
[17:36:37]  source file: robots.dm,52
runtime error: 
[17:36:37]Cannot execute null.add reagent().
[17:36:37]proc name: Initialize (/obj/effect/decal/cleanable/oil/Initialize)
[17:36:37]  source file: robots.dm,52
runtime error: 
[17:36:38]Cannot execute null.add reagent().
[17:36:38]proc name: Initialize (/obj/effect/decal/cleanable/oil/Initialize)
[17:36:38]  source file: robots.dm,52
runtime error: 
[17:36:38]Cannot execute null.add reagent().
[17:36:38]proc name: Initialize (/obj/effect/decal/cleanable/oil/Initialize)
[17:36:38]  source file: robots.dm,52
runtime error: 
[17:36:38]Cannot execute null.add reagent().
[17:36:38]proc name: Initialize (/obj/effect/decal/cleanable/oil/Initialize)
[17:36:38]  source file: robots.dm,52
runtime error: 
[17:36:39]Cannot execute null.add reagent().
[17:36:39]proc name: Initialize (/obj/effect/decal/cleanable/oil/Initialize)
[17:36:39]  source file: robots.dm,52
runtime error: 
[17:36:40]Cannot execute null.add reagent().
[17:36:40]Warning: further proc crash messages are being suppressed to prevent overload...
runtime error: 
[17:36:44]Undefined variable /obj/item/rupee/var/swimming

runtime error: 
[17:36:44]Undefined variable /obj/item/rupee/var/swimming

runtime error: 
[17:36:44]Undefined variable /obj/item/rupee/var/swimming

runtime error: 
[17:36:44]Undefined variable /obj/structure/signpost/salvation/var/swimming

runtime error: 
[17:36:44]Undefined variable /obj/item/rupee/var/swimming

runtime error: 
[17:36:44]Undefined variable /obj/item/rupee/var/swimming

runtime error: 
[17:36:44]Undefined variable /obj/item/rupee/var/swimming

runtime error: 
[17:36:44]Undefined variable /obj/item/rupee/var/swimming

runtime error: 
[17:36:44]Undefined variable /obj/item/rupee/var/swimming

runtime error: 
[17:36:44]Undefined variable /obj/item/rupee/var/swimming

runtime error: 
[17:36:44]Undefined variable /obj/effect/landmark/error/var/swimming

runtime error: 
[17:36:44]Undefined variable /obj/item/rupee/var/swimming

runtime error: 
[17:36:44]Undefined variable /obj/item/rupee/var/swimming

runtime error: 
[17:36:44]Undefined variable /obj/item/rupee/var/swimming

runtime error: 
[17:36:44]Undefined variable /obj/item/rupee/var/swimming

runtime error: 
[17:36:44]Undefined variable /obj/item/rupee/var/swimming

runtime error: 
[17:36:44]Undefined variable /obj/item/rupee/var/swimming

runtime error: 
[17:36:44]Undefined variable /obj/item/rupee/var/swimming

runtime error: 
[17:36:44]Undefined variable /obj/item/rupee/var/swimming

runtime error: 
[17:36:44]Undefined variable /obj/item/rupee/var/swimming

runtime error: 
[17:36:44]Undefined variable /obj/item/rupee/var/swimming

runtime error: 
[17:36:44]Undefined variable /obj/item/rupee/var/swimming

runtime error: 
[17:36:45]Undefined variable /obj/item/rupee/var/swimming

runtime error: 
[17:36:45]Undefined variable /obj/item/rupee/var/swimming

runtime error: 
[17:36:45]Undefined variable /obj/item/rupee/var/swimming

runtime error: 
[17:36:45]Undefined variable /obj/item/rupee/var/swimming

runtime error: 
[17:36:45]Undefined variable /obj/item/rupee/var/swimming

runtime error: 
[17:36:45]Undefined variable /obj/item/rupee/var/swimming

runtime error: 
[17:36:45]Undefined variable /obj/item/rupee/var/swimming

runtime error: 
[17:36:45]Undefined variable /obj/item/rupee/var/swimming

runtime error: 
[17:36:45]Undefined variable /obj/item/rupee/var/swimming

runtime error: 
[17:36:45]Undefined variable /obj/item/rupee/var/swimming

runtime error: 
[17:36:45]Undefined variable /obj/item/rupee/var/swimming

runtime error: 
[17:36:45]Undefined variable /obj/item/rupee/var/swimming

runtime error: 
[17:36:45]Undefined variable /obj/item/rupee/var/swimming

runtime error: 
[17:36:45]Undefined variable /obj/item/rupee/var/swimming

runtime error: 
[17:36:45]Undefined variable /obj/item/rupee/var/swimming

runtime error: 
[17:36:45]Undefined variable /obj/item/rupee/var/swimming

runtime error: 
[17:36:45]Undefined variable /obj/item/rupee/var/swimming

runtime error: 
[17:36:45]Undefined variable /obj/item/rupee/var/swimming

runtime error: 
[17:36:45]Undefined variable /obj/item/rupee/var/swimming

runtime error: 
[17:36:45]Undefined variable /obj/item/rupee/var/swimming

runtime error: 
[17:36:45]Undefined variable /obj/item/rupee/var/swimming

runtime error: 
[17:36:45]Undefined variable /obj/item/rupee/var/swimming

runtime error: 
[17:36:45]Undefined variable /obj/item/rupee/var/swimming

runtime error: 
[17:36:45]Undefined variable /obj/item/rupee/var/swimming

runtime error: 
[17:36:45]Undefined variable /obj/item/rupee/var/swimming

runtime error: 
[17:36:45]Undefined variable /obj/structure/speaking_tile/var/swimming

runtime error: 
[17:36:45]Undefined variable /obj/machinery/abductor/gland_dispenser/var/swimming

runtime error: 
[17:36:45]Undefined variable /obj/structure/table/abductor/var/swimming

runtime error: 
[17:36:45]Undefined variable /obj/item/surgicaldrill/alien/var/swimming

runtime error: 
[17:36:46]undefined proc or verb /mob/living/simple_animal/bot/medbot/mysterious/remove overlay().

runtime error: 
[17:36:46]undefined proc or verb /mob/living/simple_animal/hostile/creature/remove overlay().

runtime error: 
[17:36:46]undefined proc or verb /mob/living/simple_animal/hostile/carp/cayenne/remove overlay().

runtime error: 
[17:36:47]undefined proc or verb /mob/dead/new_player/remove overlay().

runtime error: 
[17:36:54]Cannot execute null.add reagent().
runtime error: 
[17:36:54]Cannot execute null.add reagent().
runtime error: 
[17:36:54]Cannot execute null.add reagent().
runtime error: 
[17:36:54]undefined proc or verb /mob/living/simple_animal/bot/medbot/remove overlay().

runtime error: 
[17:36:54]Cannot execute null.add reagent().
runtime error: 
[17:36:54]undefined proc or verb /mob/living/simple_animal/cockroach/remove overlay().

runtime error: 
[17:36:54]undefined proc or verb /mob/living/simple_animal/cockroach/remove overlay().

runtime error: 
[17:36:54]Cannot execute null.add reagent().
runtime error: 
[17:36:54]undefined proc or verb /mob/living/simple_animal/cockroach/remove overlay().

runtime error: 
[17:36:55]undefined proc or verb /mob/living/simple_animal/cockroach/remove overlay().

runtime error: 
[17:36:55]undefined proc or verb /mob/living/simple_animal/cockroach/remove overlay().

runtime error: 
[17:36:55]Cannot execute null.add reagent().
runtime error: 
[17:36:55]undefined proc or verb /mob/living/simple_animal/pet/cat/Runtime/remove overlay().

runtime error: 
[17:36:55]undefined proc or verb /mob/living/simple_animal/cockroach/remove overlay().

runtime error: 
[17:36:55]undefined proc or verb /mob/living/simple_animal/pet/dog/pug/remove overlay().

runtime error: 
[17:36:55]undefined proc or verb /mob/living/simple_animal/cockroach/remove overlay().

runtime error: 
[17:36:55]undefined proc or verb /mob/living/simple_animal/cockroach/remove overlay().

runtime error: 
[17:36:55]undefined proc or verb /mob/living/simple_animal/cockroach/remove overlay().

runtime error: 
[17:36:56]undefined proc or verb /mob/living/simple_animal/slime/remove overlay().

runtime error: 
[17:36:56]undefined proc or verb /mob/living/simple_animal/slime/remove overlay().

runtime error: 
[17:36:56]undefined proc or verb /mob/living/simple_animal/slime/remove overlay().

runtime error: 
[17:36:56]undefined proc or verb /mob/living/simple_animal/cockroach/remove overlay().

runtime error: 
[17:36:57]undefined proc or verb /mob/living/simple_animal/cockroach/remove overlay().

runtime error: 
[17:36:57]undefined proc or verb /mob/living/simple_animal/pet/dog/corgi/Ian/remove overlay().

runtime error: 
[17:36:57]undefined proc or verb /mob/living/simple_animal/bot/secbot/pingsky/remove overlay().

runtime error: 
[17:36:57]undefined proc or verb /mob/living/simple_animal/parrot/Poly/remove overlay().

runtime error: 
[17:36:58]undefined proc or verb /mob/living/simple_animal/bot/secbot/beepsky/remove overlay().

runtime error: 
[17:36:58]undefined proc or verb /mob/living/simple_animal/pet/fox/Renault/remove overlay().

runtime error: 
[17:36:59]undefined proc or verb /mob/living/simple_animal/hostile/carp/cayenne/remove overlay().

runtime error: 
[17:36:59]undefined proc or verb /mob/living/simple_animal/cockroach/remove overlay().

runtime error: 
[17:36:59]undefined proc or verb /mob/living/simple_animal/hostile/retaliate/goat/remove overlay().

runtime error: 
[17:36:59]undefined proc or verb /mob/living/simple_animal/sloth/citrus/remove overlay().

runtime error: 
[17:36:59]undefined proc or verb /mob/living/simple_animal/cockroach/remove overlay().

runtime error: 
[17:36:59]undefined proc or verb /mob/living/simple_animal/mouse/remove overlay().

runtime error: 
[17:36:59]undefined proc or verb /mob/living/simple_animal/mouse/remove overlay().

runtime error: 
[17:36:59]undefined proc or verb /mob/living/simple_animal/bot/mulebot/remove overlay().

runtime error: 
[17:37:00]undefined proc or verb /mob/living/simple_animal/bot/mulebot/remove overlay().

runtime error: 
[17:37:00]undefined proc or verb /mob/living/simple_animal/cockroach/remove overlay().

runtime error: 
[17:37:00]undefined proc or verb /mob/living/simple_animal/hostile/lizard/remove overlay().

runtime error: 
[17:37:00]undefined proc or verb /mob/living/simple_animal/cockroach/remove overlay().

runtime error: 
[17:37:00]undefined proc or verb /mob/living/simple_animal/cockroach/remove overlay().

runtime error: 
[17:37:00]undefined proc or verb /mob/living/simple_animal/cockroach/remove overlay().

runtime error: 
[17:37:00]undefined proc or verb /mob/living/simple_animal/cockroach/remove overlay().

runtime error: 
[17:37:05]undefined proc or verb /mob/living/simple_animal/hostile/asteroid/hivelord/legion/random/remove overlay().

runtime error: 
[17:37:05]undefined proc or verb /mob/living/simple_animal/hostile/asteroid/basilisk/watcher/random/remove overlay().

runtime error: 
[17:37:05]undefined proc or verb /mob/living/simple_animal/hostile/asteroid/basilisk/watcher/random/remove overlay().

runtime error: 
[17:37:05]undefined proc or verb /mob/living/simple_animal/hostile/asteroid/basilisk/watcher/random/remove overlay().

runtime error: 
[17:37:05]undefined proc or verb /mob/living/simple_animal/hostile/asteroid/hivelord/legion/random/remove overlay().

runtime error: 
[17:37:06]undefined proc or verb /mob/living/simple_animal/hostile/megafauna/dragon/remove overlay().

runtime error: 
[17:37:06]undefined proc or verb /mob/living/simple_animal/hostile/asteroid/hivelord/legion/random/remove overlay().

runtime error: 
[17:37:06]undefined proc or verb /mob/living/simple_animal/hostile/asteroid/goliath/beast/random/remove overlay().

runtime error: 
[17:37:06]undefined proc or verb /mob/living/simple_animal/bot/secbot/beepsky/remove overlay().

runtime error: 
[17:37:07]undefined proc or verb /mob/living/simple_animal/hostile/asteroid/hivelord/legion/random/remove overlay().

Initialized 1.47853e+006 atoms
Initialized Atoms subsystem within 78.6 seconds!
Initialized Language subsystem within 0 seconds!
Initialized Machines subsystem within 1.6 seconds!
Initialized Circuit subsystem within 0 seconds!
Initialized Weather subsystem within 0 seconds!
## WARNING: There are 592 active turfs at roundstart, this is a mapping error caused by a difference of the air between the adjacent turfs. You can see its coordinates using "Mapping -> Show roundstart AT list" verb (debug verbs required)
## WARNING: HEY! LISTEN! 12 seconds were wasted processing 592 turf(s) (connected to 89121 other turfs) with atmos differences at round start.
Initialized Atmospherics subsystem within 35.2 seconds!
Initialized Minimap subsystem within 0 seconds!
Initialized Assets subsystem within 0.5 seconds!
Initialized Icon Smoothing subsystem within 9.7 seconds!
Initialized Overlay subsystem within 35.9 seconds!
Initialized XKeyScore subsystem within 0 seconds!
Initialized Lighting subsystem within 24.9 seconds!
Initialized Shuttle subsystem within 85.8 seconds!
Initialized Squeak subsystem within 0 seconds!
Loaded 0 engraved messages on map Delta Station
Initialized Persistence subsystem within 0.2 seconds!
Initializations complete within 421.2 seconds!
Game start took 0.1s
## WARNING: A ref was requested of an object with use_tag set but no tag: AlcaroIsAFrick in code/__HELPERS/unsorted.dm at line 1500 src:  usr: AlcaroIsAFrick.
runtime error: 
[17:43:37]Cannot read null.key
runtime error: 
[17:43:37]Cannot read null.martial_art
runtime error: 
[17:43:38]Cannot read null.martial_art
runtime error: 
[17:50:44]Undefined variable /obj/item/projectile/beam/emitter/var/swimming

runtime error: 
[17:50:44]Undefined variable /obj/item/projectile/beam/emitter/var/swimming

runtime error: 
[17:50:44]Undefined variable /obj/item/projectile/beam/emitter/var/swimming

runtime error: 
[17:50:44]Undefined variable /obj/item/projectile/beam/emitter/var/swimming

runtime error: 
[17:50:44]Undefined variable /obj/item/projectile/beam/emitter/var/swimming

runtime error: 
[17:50:44]Undefined variable /obj/item/projectile/beam/emitter/var/swimming

runtime error: 
[17:50:44]Undefined variable /obj/item/projectile/beam/emitter/var/swimming

runtime error: 
[17:50:44]Undefined variable /obj/item/projectile/beam/emitter/var/swimming

runtime error: 
[17:50:44]Undefined variable /obj/item/projectile/beam/emitter/var/swimming

runtime error: 
[17:50:44]Undefined variable /obj/item/projectile/beam/emitter/var/swimming

runtime error: 
[17:50:44]Undefined variable /obj/item/projectile/beam/emitter/var/swimming

runtime error: 
[17:50:44]Undefined variable /obj/item/projectile/beam/emitter/var/swimming

runtime error: 
[17:50:44]Undefined variable /obj/item/projectile/beam/emitter/var/swimming

runtime error: 
[17:50:44]Undefined variable /obj/item/projectile/beam/emitter/var/swimming

runtime error: 
[17:50:44]Undefined variable /obj/item/projectile/beam/emitter/var/swimming

runtime error: 
[17:50:44]Undefined variable /obj/item/projectile/beam/emitter/var/swimming

runtime error: 
[17:50:44]Undefined variable /obj/item/projectile/beam/emitter/var/swimming

runtime error: 
[17:50:45]Undefined variable /obj/item/projectile/beam/emitter/var/swimming

runtime error: 
[17:50:45]Undefined variable /obj/item/projectile/beam/emitter/var/swimming

runtime error: 
[17:50:45]Undefined variable /obj/item/projectile/beam/emitter/var/swimming

runtime error: 
[17:50:45]Undefined variable /obj/item/projectile/beam/emitter/var/swimming

runtime error: 
[17:50:45]Undefined variable /obj/effect/particle_effect/sparks/var/swimming

runtime error: 
[17:50:45]Undefined variable /obj/effect/particle_effect/sparks/var/swimming

runtime error: 
[17:50:45]Undefined variable /obj/effect/particle_effect/sparks/var/swimming

runtime error: 
[17:50:45]Undefined variable /obj/effect/particle_effect/sparks/var/swimming

runtime error: 
[17:50:45]Undefined variable /obj/effect/particle_effect/sparks/var/swimming

runtime error: 
[17:50:45]Undefined variable /obj/effect/particle_effect/sparks/var/swimming

runtime error: 
[17:50:45]Undefined variable /obj/effect/particle_effect/sparks/var/swimming

runtime error: 
[17:50:45]Undefined variable /obj/item/projectile/beam/emitter/var/swimming

runtime error: 
[17:50:45]Undefined variable /obj/item/projectile/beam/emitter/var/swimming

runtime error: 
[17:50:45]Undefined variable /obj/item/projectile/beam/emitter/var/swimming

runtime error: 
[17:50:45]Undefined variable /obj/item/projectile/beam/emitter/var/swimming

runtime error: 
[17:50:45]Undefined variable /obj/item/projectile/beam/emitter/var/swimming

runtime error: 
[17:50:45]Undefined variable /obj/item/projectile/beam/emitter/var/swimming

runtime error: 
[17:50:45]Undefined variable /obj/item/projectile/beam/emitter/var/swimming

runtime error: 
[17:50:45]Undefined variable /obj/item/projectile/beam/emitter/var/swimming

runtime error: 
[17:50:45]Undefined variable /obj/item/projectile/beam/emitter/var/swimming

runtime error: 
[17:50:45]Undefined variable /obj/effect/particle_effect/sparks/var/swimming

runtime error: 
[17:50:45]Undefined variable /obj/effect/particle_effect/sparks/var/swimming

runtime error: 
[17:50:45]Undefined variable /obj/effect/particle_effect/sparks/var/swimming

runtime error: 
[17:50:46]Undefined variable /obj/effect/particle_effect/sparks/var/swimming

runtime error: 
[17:50:46]Undefined variable /obj/effect/particle_effect/sparks/var/swimming

runtime error: 
[17:50:46]Undefined variable /obj/effect/particle_effect/sparks/var/swimming

runtime error: 
[17:50:46]Undefined variable /obj/effect/particle_effect/sparks/var/swimming

runtime error: 
[17:50:47]Undefined variable /obj/item/projectile/beam/emitter/var/swimming

runtime error: 
[17:50:47]Undefined variable /obj/item/projectile/beam/emitter/var/swimming

runtime error: 
[17:50:47]Undefined variable /obj/item/projectile/beam/emitter/var/swimming

runtime error: 
[17:50:47]Undefined variable /obj/item/projectile/beam/emitter/var/swimming

runtime error: 
[17:50:47]Undefined variable /obj/item/projectile/beam/emitter/var/swimming

runtime error: 
[17:50:47]Undefined variable /obj/item/projectile/beam/emitter/var/swimming

runtime error: 
[17:50:47]Undefined variable /obj/item/projectile/beam/emitter/var/swimming

runtime error: 
[17:50:48]undefined proc or verb /mob/living/simple_animal/hostile/asteroid/hivelord/legion/tendril/remove overlay().

runtime error: 
[17:50:48]undefined proc or verb /mob/living/simple_animal/hostile/asteroid/goliath/beast/tendril/remove overlay().

runtime error: 
[17:50:48]undefined proc or verb /mob/living/simple_animal/hostile/asteroid/hivelord/legion/tendril/remove overlay().

runtime error: 
[17:50:48]undefined proc or verb /mob/living/simple_animal/hostile/asteroid/hivelord/legion/tendril/remove overlay().

runtime error: 
[17:50:48]undefined proc or verb /mob/living/simple_animal/hostile/lizard/remove overlay().

runtime error: 
[17:50:48]undefined proc or verb /mob/living/simple_animal/hostile/megafauna/dragon/remove overlay().

runtime error: 
[17:50:48]undefined proc or verb /mob/living/simple_animal/hostile/asteroid/hivelord/legion/random/remove overlay().

runtime error: 
[17:50:49]undefined proc or verb /mob/living/simple_animal/hostile/asteroid/goliath/beast/random/remove overlay().

runtime error: 
[17:50:49]undefined proc or verb /mob/living/simple_animal/hostile/asteroid/goliath/beast/random/remove overlay().

runtime error: 
[17:50:49]undefined proc or verb /mob/living/simple_animal/hostile/asteroid/goliath/beast/random/remove overlay().

runtime error: 
[17:50:49]undefined proc or verb /mob/living/simple_animal/hostile/asteroid/hivelord/legion/random/remove overlay().

runtime error: 
[17:50:49]undefined proc or verb /mob/living/simple_animal/hostile/asteroid/goliath/beast/random/remove overlay().

runtime error: 
[17:50:49]undefined proc or verb /mob/living/simple_animal/hostile/asteroid/hivelord/legion/random/remove overlay().

runtime error: 
[17:50:49]undefined proc or verb /mob/living/simple_animal/hostile/asteroid/hivelord/legion/random/remove overlay().

runtime error: 
[17:50:49]undefined proc or verb /mob/living/simple_animal/hostile/asteroid/goliath/beast/random/remove overlay().

runtime error: 
[17:50:49]undefined proc or verb /mob/living/simple_animal/hostile/asteroid/goliath/beast/random/remove overlay().

runtime error: 
[17:50:49]undefined proc or verb /mob/living/simple_animal/hostile/asteroid/goliath/beast/random/remove overlay().

runtime error: 
[17:50:49]undefined proc or verb /mob/living/simple_animal/hostile/asteroid/hivelord/legion/random/remove overlay().

runtime error: 
[17:50:49]undefined proc or verb /mob/living/simple_animal/hostile/asteroid/goldgrub/remove overlay().

runtime error: 
[17:50:49]undefined proc or verb /mob/living/simple_animal/hostile/asteroid/hivelord/legion/random/remove overlay().

runtime error: 
[17:50:49]undefined proc or verb /mob/living/simple_animal/hostile/asteroid/hivelord/legion/random/remove overlay().

runtime error: 
[17:50:49]undefined proc or verb /mob/living/simple_animal/hostile/asteroid/goliath/beast/random/remove overlay().

runtime error: 
[17:50:49]undefined proc or verb /mob/living/simple_animal/hostile/asteroid/goliath/beast/random/remove overlay().

runtime error: 
[17:50:50]undefined proc or verb /mob/living/simple_animal/hostile/asteroid/goldgrub/remove overlay().

runtime error: 
[17:50:50]undefined proc or verb /mob/living/simple_animal/hostile/asteroid/goliath/beast/random/remove overlay().

runtime error: 
[17:50:50]undefined proc or verb /mob/living/simple_animal/hostile/asteroid/hivelord/legion/random/remove overlay().

runtime error: 
[17:50:50]undefined proc or verb /mob/living/simple_animal/hostile/asteroid/hivelord/legion/random/remove overlay().

runtime error: 
[17:50:50]undefined proc or verb /mob/living/simple_animal/hostile/asteroid/goldgrub/remove overlay().

runtime error: 
[17:50:50]undefined proc or verb /mob/living/simple_animal/hostile/asteroid/goliath/beast/random/remove overlay().

runtime error: 
[17:50:50]undefined proc or verb /mob/living/simple_animal/hostile/asteroid/goliath/beast/random/remove overlay().

runtime error: 
[17:50:50]undefined proc or verb /mob/living/simple_animal/hostile/asteroid/goliath/beast/random/remove overlay().

runtime error: 
[17:50:50]undefined proc or verb /mob/living/simple_animal/hostile/asteroid/goliath/beast/random/remove overlay().

runtime error: 
[17:50:50]undefined proc or verb /mob/living/simple_animal/hostile/asteroid/hivelord/legion/random/remove overlay().

runtime error: 
[17:50:50]undefined proc or verb /mob/living/simple_animal/hostile/asteroid/goldgrub/remove overlay().

runtime error: 
[17:50:50]undefined proc or verb /mob/living/simple_animal/hostile/asteroid/goliath/beast/random/remove overlay().

runtime error: 
[17:50:50]undefined proc or verb /mob/living/simple_animal/hostile/asteroid/goliath/beast/random/remove overlay().

runtime error: 
[17:50:50]undefined proc or verb /mob/living/simple_animal/hostile/asteroid/goliath/beast/random/remove overlay().

runtime error: 
[17:50:50]undefined proc or verb /mob/living/simple_animal/hostile/asteroid/hivelord/legion/random/remove overlay().

runtime error: 
[17:50:51]undefined proc or verb /mob/living/simple_animal/hostile/asteroid/hivelord/legion/random/remove overlay().

runtime error: 
[17:50:51]undefined proc or verb /mob/living/simple_animal/hostile/asteroid/goliath/beast/random/remove overlay().

runtime error: 
[17:50:51]undefined proc or verb /mob/living/simple_animal/hostile/asteroid/goliath/beast/random/remove overlay().

runtime error: 
[17:50:51]undefined proc or verb /mob/living/simple_animal/hostile/asteroid/goliath/beast/random/remove overlay().

runtime error: 
[17:50:51]undefined proc or verb /mob/living/simple_animal/hostile/asteroid/goliath/beast/random/remove overlay().

runtime error: 
[17:50:51]undefined proc or verb /mob/living/simple_animal/hostile/asteroid/goliath/beast/random/remove overlay().

runtime error: 
[17:50:51]undefined proc or verb /mob/living/simple_animal/hostile/megafauna/dragon/remove overlay().

runtime error: 
[17:50:51]undefined proc or verb /mob/living/simple_animal/hostile/asteroid/goldgrub/remove overlay().

runtime error: 
[17:50:51]undefined proc or verb /mob/living/simple_animal/hostile/asteroid/hivelord/legion/random/remove overlay().

runtime error: 
[17:50:51]undefined proc or verb /mob/living/simple_animal/hostile/asteroid/hivelord/legion/random/remove overlay().

runtime error: 
[17:50:51]undefined proc or verb /mob/living/simple_animal/hostile/asteroid/hivelord/legion/random/remove overlay().

runtime error: 
[17:50:51]undefined proc or verb /mob/living/simple_animal/hostile/asteroid/goliath/beast/random/remove overlay().

runtime error: 
[17:50:51]undefined proc or verb /mob/living/simple_animal/hostile/asteroid/hivelord/legion/dwarf/remove overlay().

