

Starting up round ID . 16:41:06
---------------------
[16:41:06]ADMIN: Loading Banlist
[16:41:07]GAME: Saved mode is 'sandbox'
[16:46:56]ACCESS: Login: Noober84555 from 127.0.0.1-645371209 || BYOND v511
[16:46:56]ACCESS: Mob Login: Noober84555/(Noober84555) was assigned to a /mob/dead/new_player
[16:47:03]GAME: *null* has triggered a gibtonite deposit reaction at Lavaland Wastes (<a href='?_src_=holder;admin_token=1321010413771900060865521097101316610;adminplayerobservecoodjump=1;X=42;Y=73;Z=5'>JMP</a>).
[16:47:05]SAY: Officer Beepsky/ : Engaging patrol mode. (186,190,2)
[16:47:05]SAY: Prison Ofitser/ : Engaging patrol mode. (23,36,5)
[16:47:05]SAY: Prison Ofitser/ : Disengaging patrol mode. (23,36,5)
[16:47:07]EMOTE: *no key*/(monkey (901)) : <b>The monkey (901)</b> scratches. (200,25,2)
[16:47:08]GAME: Explosion with size (0, 1, 5, 0) in area Lavaland Wastes (42,73,5)
[16:47:24]SAY: Medibot/ : Delicious! (155,73,1)
[16:47:29]EMOTE: *no key*/(grey baby slime (699)) : <b>The grey baby slime (699)</b> bounces in place. (108,151,2)
[16:47:49]EMOTE: *no key*/(mouse) : <b>The mouse</b> shakes. (202,231,2)
[16:48:04]EMOTE: *no key*/(monkey (901)) : <b>The monkey (901)</b> jumps! (201,25,2)
[16:48:04]EMOTE: *no key*/(monkey (417)) : <b>The monkey (417)</b> jumps! (185,118,2)
[16:48:04]EMOTE: *no key*/(Persephone) : <b>Persephone</b> crouches on its hind legs. (168,140,2)
[16:48:08]EMOTE: *no key*/(monkey (524)) : <b>The monkey (524)</b> jumps! (186,119,2)
[16:48:19]EMOTE: *no key*/(grey baby slime (44)) : <b>The grey baby slime (44)</b> lights up for a bit, then stops. (112,163,2)
[16:48:23]EMOTE: *no key*/(Poly) : <b>Poly</b> looks in the BreatheDeep cartridge's direction and takes flight. (80,190,2)
[16:48:35]EMOTE: *no key*/(Persephone) : <b>Persephone</b> stops resting. (168,140,2)
[16:48:43]EMOTE: *no key*/(grey baby slime (699)) : <b>The grey baby slime (699)</b> bounces in place. (109,153,2)
[16:49:09]EMOTE: *no key*/(Persephone) : <b>Persephone</b> shivers (168,142,2)
[16:49:11]SAY: Nobody's Perfect/ : Delicious! (24,75,1)
[16:49:16]EMOTE: *no key*/(monkey (9)) : <b>The monkey (9)</b> rolls. (188,118,2)
[16:49:18]EMOTE: *no key*/(monkey (315)) : <b>The monkey (315)</b> waves his tail. (204,25,2)
[16:49:19]EMOTE: *no key*/(Poly) : <b>Poly</b> looks in the BreatheDeep cartridge's direction and takes flight. (80,190,2)
[16:49:20]EMOTE: *no key*/(monkey (857)) : <b>The monkey (857)</b> scratches. (200,21,2)
[16:49:24]EMOTE: *no key*/(monkey (352)) : <b>The monkey (352)</b> scratches. (160,140,2)
[16:49:25]SAY: Poly/ : I knew it, I should&#39;ve been a plastic surgeon. (80,190,2)
[16:49:25]EMOTE: *no key*/(mouse) : <b>The mouse</b> squeeks. (197,226,2)
[16:49:26]SAY: grey baby slime (44)/ : Rawr... (112,163,2)
[16:49:39]SAY: mouse/ : SQUEEK! (201,230,2)
[16:49:46]EMOTE: *no key*/(monkey (417)) : <b>The monkey (417)</b> rolls. (185,119,2)
[16:49:52]EMOTE: *no key*/(Poly) : <b>Poly</b> flutters its wings. (80,190,2)
[16:50:01]EMOTE: *no key*/(monkey (315)) : <b>The monkey (315)</b> waves his tail. (203,25,2)
[16:50:07]EMOTE: *no key*/(monkey (315)) : <b>The monkey (315)</b> rolls. (203,25,2)
[16:50:11]EMOTE: *no key*/(grey baby slime (44)) : <b>The grey baby slime (44)</b> lights up for a bit, then stops. (111,161,2)
[16:50:14]EMOTE: *no key*/(Poly) : <b>Poly</b> looks in the BreatheDeep cartridge's direction and takes flight. (80,190,2)
[16:50:18]SAY: Persephone/ : HSSSSS (169,142,2)
[16:50:19]EMOTE: *no key*/(Persephone) : <b>Persephone</b> shakes out its coat. (169,142,2)
[16:50:21]EMOTE: *no key*/(Persephone) : <b>Persephone</b> grooms its fur. (169,142,2)
[16:50:22]SAY: emergency medibot/ : What kind of medbay is this? Everyone&#39;s dropping like flies. (222,84,1)
[16:50:28]SAY: Medibot/ : What kind of medbay is this? Everyone&#39;s dropping like flies. (155,73,1)
[16:50:29]EMOTE: *no key*/(monkey (241)) : <b>The monkey (241)</b> waves his tail. (189,8,2)
[16:50:37]EMOTE: *no key*/(pug) : <b>Swanson</b> chases its tail. (105,142,2)
[16:50:41]EMOTE: *no key*/(monkey (417)) : <b>The monkey (417)</b> jumps! (184,119,2)
[16:50:41]EMOTE: *no key*/(grey baby slime (44)) : <b>The grey baby slime (44)</b> bounces in place. (111,163,2)
[16:50:43]ACCESS: Mob Login: Noober84555/(Flamescale Zakuto) was assigned to a /mob/living/carbon/human
[16:50:58]EMOTE: *no key*/(grey baby slime (862)) : <b>The grey baby slime (862)</b> vibrates! (104,161,2)
[16:51:00]EMOTE: *no key*/(mouse) : <b>The mouse</b> runs in a circle. (198,226,2)
[16:51:02]EMOTE: *no key*/(Renault) : <b>Renault</b> shivers. (155,196,2)
[16:51:08]EMOTE: *no key*/(monkey (194)) : <b>The monkey (194)</b> waves her tail. (160,140,2)
[16:51:10]EMOTE: *no key*/(Poly) : <b>Poly</b> looks in the chief engineer's rubber stamp's direction and takes flight. (80,190,2)
[16:51:16]EMOTE: *no key*/(monkey (352)) : <b>The monkey (352)</b> scratches. (160,139,2)
[16:51:26]EMOTE: *no key*/(grey baby slime (699)) : <b>The grey baby slime (699)</b> bounces in place. (108,152,2)
[16:51:26]EMOTE: *no key*/(Poly) : <b>Poly</b> squawks. (80,190,2)
[16:51:36]SAY: Poly/ : Attention! Wanted issue distributed! (80,190,2)
[16:51:44]EMOTE: *no key*/(mouse) : <b>The mouse</b> shakes. (201,230,2)
[16:52:05]EMOTE: *no key*/(Poly) : <b>Poly</b> looks in the Cohiba Robusto cigar's direction and takes flight. (80,190,2)
[16:52:24]EMOTE: *no key*/(monkey (417)) : <b>The monkey (417)</b> jumps! (186,119,2)
[16:52:35]SAY: Medibot/ : I knew it, I should&#39;ve been a plastic surgeon. (154,73,1)
[16:52:37]SAY: Swanson/ : YAP (105,141,2)
[16:52:39]EMOTE: *no key*/(mouse) : <b>The mouse</b> runs in a circle. (199,227,2)
[16:52:43]EMOTE: *no key*/(Ian) : <b>Ian</b> yaps. (133,189,2)
[16:52:49]SAY: mouse/ : Squeek! (201,229,2)
[16:52:50]EMOTE: *no key*/(monkey (638)) : <b>The monkey (638)</b> waves her tail. (189,8,2)
[16:53:01]EMOTE: *no key*/(Poly) : <b>Poly</b> looks in the premium Havanian cigar's direction and takes flight. (80,190,2)
[16:53:04]EMOTE: *no key*/(monkey (638)) : <b>The monkey (638)</b> waves her tail. (189,8,2)
[16:53:20]EMOTE: *no key*/(monkey (9)) : <b>The monkey (9)</b> jumps! (185,119,2)
[16:53:20]EMOTE: *no key*/(Persephone) : <b>Persephone</b> twitches its whiskers. (170,139,2)
[16:53:40]SAY: Medibot/ : There&#39;s always a catch, and I&#39;m the best there is. (154,73,1)
[16:53:40]SAY: emergency medibot/ : There&#39;s always a catch, and I&#39;m the best there is. (222,84,1)
[16:53:46]EMOTE: *no key*/(Citrus) : <b>Citrus</b> snores. (169,221,2)
[16:53:54]SAY: Persephone/ : HSSSSS (168,140,2)
[16:53:58]EMOTE: *no key*/(monkey (901)) : <b>The monkey (901)</b> waves his tail. (200,25,2)
[16:54:00]SAY: Poly/ : Wait Hanry Smith! I want to help! (80,190,2)
[16:54:10]EMOTE: *no key*/(Persephone) : <b>Persephone</b> twitches its whiskers. (168,141,2)
[16:54:16]EMOTE: *no key*/(monkey (241)) : <b>The monkey (241)</b> scratches. (188,8,2)
[16:54:22]SAY: emergency medibot/ : There&#39;s always a catch, and I&#39;m the best there is. (222,84,1)
[16:54:24]EMOTE: *no key*/(pug) : <b>Swanson</b> yaps. (109,141,2)
[16:54:38]SAY: Nobody's Perfect/ : I knew it, I should&#39;ve been a plastic surgeon. (24,75,1)
[16:54:44]EMOTE: *no key*/(Persephone) : <b>Persephone</b> grooms its fur. (168,142,2)
[16:54:46]EMOTE: *no key*/(Poly) : <b>Poly</b> looks in the premium Havanian cigar's direction and takes flight. (80,190,2)
[16:54:56]EMOTE: *no key*/(monkey (194)) : <b>The monkey (194)</b> rolls. (160,141,2)
[16:55:10]SAY: grey baby slime (862)/ : Blorble... (105,162,2)
[16:55:11]EMOTE: *no key*/(mouse) : <b>The mouse</b> shakes. (200,231,2)
[16:55:37]SAY: Renault/ : Awoo (154,194,2)
[16:55:43]EMOTE: *no key*/(Poly) : <b>Poly</b> looks in the premium cigar's direction and takes flight. (80,190,2)
[16:55:45]SAY: Poly/ : What kind of medbay is this? Everyone&#39;s dropping like flies. (80,190,2)
[16:55:47]SAY: Medibot/ : Delicious! (154,73,1)
[16:55:47]EMOTE: *no key*/(Citrus) : <b>Citrus</b> yawns. (170,222,2)
[16:55:55]SAY: mouse/ : Squeek? (201,225,2)
[16:56:06]SAY: grey baby slime (862)/ : Lonely... (104,163,2)
[16:56:32]EMOTE: *no key*/(Persephone) : <b>Persephone</b> grooms its fur. (166,141,2)
[16:56:39]EMOTE: *no key*/(Poly) : <b>Poly</b> looks in the Power-ON cartridge's direction and takes flight. (80,190,2)
[16:56:43]EMOTE: *no key*/(Citrus) : <b>Citrus</b> snores. (169,221,2)
[16:56:48]EMOTE: *no key*/(Persephone) : <b>Persephone</b> sits down. (168,141,2)
[16:57:02]EMOTE: *no key*/(monkey (98)) : <b>The monkey (98)</b> scratches. (160,141,2)
[16:57:08]EMOTE: *no key*/(monkey (352)) : <b>The monkey (352)</b> rolls. (160,140,2)
[16:57:14]EMOTE: *no key*/(Renault) : <b>Renault</b> howls. (156,195,2)
[16:57:26]EMOTE: *no key*/(monkey (417)) : <b>The monkey (417)</b> jumps! (184,118,2)
[16:57:28]EMOTE: *no key*/(monkey (9)) : <b>The monkey (9)</b> rolls. (185,119,2)
[16:57:36]SAY: emergency medibot/ : Radar, put a mask on! (222,84,1)
[16:57:40]EMOTE: *no key*/(Persephone) : <b>Persephone</b> mews (168,141,2)
[16:57:42]EMOTE: *no key*/(monkey (417)) : <b>The monkey (417)</b> rolls. (185,118,2)
[16:57:52]EMOTE: *no key*/(Poly) : <b>Poly</b> looks in the Power-ON cartridge's direction and takes flight. (80,190,2)
[16:57:52]EMOTE: *no key*/(Pun Pun 41) : <b>Pun Pun 41</b> waves its tail. (142,215,2)
[16:57:58]EMOTE: *no key*/(Persephone) : <b>Persephone</b> wags its tail. (168,141,2)
[16:58:08]EMOTE: *no key*/(Persephone) : <b>Persephone</b> stretches out for a belly rub. (168,141,2)
[16:58:08]EMOTE: *no key*/(Ian) : <b>Ian</b> dances around. (135,184,2)
[16:58:28]EMOTE: *no key*/(Persephone) : <b>Persephone</b> gets up and meows. (168,141,2)
[16:58:28]EMOTE: *no key*/(monkey (194)) : <b>The monkey (194)</b> jumps! (160,141,2)
[16:58:30]EMOTE: *no key*/(Persephone) : <b>Persephone</b> lies down. (168,141,2)
[16:58:34]SAY: grey baby slime (862)/ : Lonely... (103,163,2)
[16:58:40]EMOTE: *no key*/(monkey (241)) : <b>The monkey (241)</b> rolls. (188,8,2)
[16:58:51]EMOTE: *no key*/(pug) : <b>Swanson</b> barks! (113,142,2)
[16:58:51]EMOTE: *no key*/(Poly) : <b>Poly</b> looks in the Power-ON cartridge's direction and takes flight. (80,190,2)
[16:59:00]EMOTE: *no key*/(monkey (750)) : <b>The monkey (750)</b> scratches. (204,21,2)
[16:59:02]EMOTE: *no key*/(monkey (315)) : <b>The monkey (315)</b> jumps! (204,25,2)
[16:59:15]SAY: Medibot/ : Delicious! (155,73,1)
[16:59:19]EMOTE: *no key*/(grey baby slime (862)) : <b>The grey baby slime (862)</b> bounces in place. (104,161,2)
[16:59:29]EMOTE: *no key*/(Pun Pun 41) : <b>Pun Pun 41</b> scratches. (145,214,2)
[16:59:29]SAY: emergency medibot/ : Radar, put a mask on! (222,84,1)
[16:59:45]EMOTE: *no key*/(Persephone) : <b>Persephone</b> lies down. (168,141,2)
[16:59:50]EMOTE: *no key*/(Poly) : <b>Poly</b> looks in the Power-ON cartridge's direction and takes flight. (80,190,2)
[16:59:50]EMOTE: *no key*/(mouse) : <b>The mouse</b> squeeks. (207,226,2)
[16:59:57]EMOTE: *no key*/(monkey (315)) : <b>The monkey (315)</b> jumps! (204,25,2)
[17:00:01]EMOTE: *no key*/(monkey (638)) : <b>The monkey (638)</b> rolls. (189,8,2)
[17:00:03]EMOTE: *no key*/(monkey (241)) : <b>The monkey (241)</b> scratches. (188,8,2)
[17:00:04]EMOTE: *no key*/(pug) : <b>Swanson</b> pants. (112,141,2)
[17:00:09]EMOTE: *no key*/(monkey (194)) : <b>The monkey (194)</b> waves her tail. (160,141,2)
[17:00:10]SAY: Nobody's Perfect/ : Radar, put a mask on! (24,75,1)
[17:00:15]EMOTE: *no key*/(Persephone) : <b>Persephone</b> sits down. (168,141,2)
[17:00:15]EMOTE: *no key*/(monkey (352)) : <b>The monkey (352)</b> waves her tail. (160,140,2)
[17:00:16]EMOTE: *no key*/(mouse) : <b>The mouse</b> squeeks. (202,231,2)
[17:00:23]EMOTE: *no key*/(monkey (901)) : <b>The monkey (901)</b> scratches. (201,25,2)
[17:00:31]EMOTE: *no key*/(pug) : <b>Swanson</b> chases its tail. (112,141,2)
[17:00:32]SAY: emergency medibot/ : Radar, put a mask on! (222,84,1)
[17:00:35]EMOTE: *no key*/(monkey (750)) : <b>The monkey (750)</b> scratches. (203,21,2)
[17:00:43]EMOTE: *no key*/(monkey (352)) : <b>The monkey (352)</b> rolls. (160,139,2)
[17:00:48]EMOTE: *no key*/(Poly) : <b>Poly</b> looks in the burn patch's direction and takes flight. (80,190,2)
[17:00:48]EMOTE: *no key*/(Citrus) : <b>Citrus</b> yawns. (172,222,2)
[17:00:55]EMOTE: *no key*/(monkey (241)) : <b>The monkey (241)</b> waves his tail. (187,8,2)
[17:00:59]EMOTE: *no key*/(Persephone) : <b>Persephone</b> stretches out for a belly rub. (168,141,2)
[17:01:02]SAY: Poly/ : I knew it, I should&#39;ve been a plastic surgeon. (80,190,2)
[17:01:07]EMOTE: *no key*/(monkey (9)) : <b>The monkey (9)</b> jumps! (185,118,2)
[17:01:12]EMOTE: *no key*/(pug) : <b>Swanson</b> pants. (112,141,2)
[17:01:23]EMOTE: *no key*/(grey baby slime (44)) : <b>The grey baby slime (44)</b> lights up for a bit, then stops. (113,162,2)
[17:01:33]EMOTE: *no key*/(monkey (9)) : <b>The monkey (9)</b> jumps! (184,119,2)
[17:01:33]EMOTE: *no key*/(Citrus) : <b>Citrus</b> yawns. (173,223,2)
[17:01:41]EMOTE: *no key*/(Persephone) : <b>Persephone</b> stops resting. (168,141,2)
[17:01:47]EMOTE: *no key*/(Poly) : <b>Poly</b> looks in the Zippo lighter's direction and takes flight. (80,190,2)
[17:01:51]SAY: Medibot/ : There&#39;s always a catch, and I&#39;m the best there is. (155,73,1)
[17:01:53]EMOTE: *no key*/(monkey (638)) : <b>The monkey (638)</b> waves her tail. (187,8,2)
[17:02:02]ADMIN: Noober84555/(Flamescale Zakuto) deleted Flamescale Zakuto at (135, 272, 2)
[17:02:02]ACCESS: Mob Login: Noober84555/(Flamescale Zakuto) was assigned to a /mob/dead/observer
[17:02:03]EMOTE: *no key*/(Persephone) : <b>Persephone</b> shakes its head (167,139,2)
[17:02:06]GAME: Flamescale Zakuto/Noober84555 used abandon mob.
[17:02:06]ACCESS: Mob Login: Noober84555/(new player) was assigned to a /mob/dead/new_player
[17:02:08]ACCESS: Mob Login: Noober84555/(Flamescale Zakuto) was assigned to a /mob/living/carbon/human
[17:02:09]EMOTE: *no key*/(monkey (194)) : <b>The monkey (194)</b> scratches. (160,140,2)
[17:02:24]EMOTE: *no key*/(Persephone) : <b>Persephone</b> crouches on its hind legs. (168,139,2)
[17:02:35]EMOTE: *no key*/(monkey (638)) : <b>The monkey (638)</b> jumps! (188,8,2)
[17:02:35]EMOTE: *no key*/(pug) : <b>Swanson</b> chases its tail. (113,141,2)
[17:02:37]EMOTE: *no key*/(Persephone) : <b>Persephone</b> stretches out for a belly rub. (168,139,2)
[17:02:47]EMOTE: *no key*/(monkey (194)) : <b>The monkey (194)</b> waves her tail. (160,140,2)
[17:02:47]EMOTE: *no key*/(pug) : <b>Swanson</b> barks! (113,141,2)
[17:02:53]EMOTE: *no key*/(monkey (750)) : <b>The monkey (750)</b> jumps! (204,21,2)
[17:02:55]EMOTE: *no key*/(monkey (638)) : <b>The monkey (638)</b> waves her tail. (189,8,2)
[17:03:08]SAY: Poly/ : What kind of medbay is this? Everyone&#39;s dropping like flies. (80,190,2)
[17:03:10]SAY: Persephone/ : Meow! (168,139,2)
[17:03:11]EMOTE: *no key*/(monkey (417)) : <b>The monkey (417)</b> jumps! (188,119,2)
[17:03:19]EMOTE: *no key*/(monkey (638)) : <b>The monkey (638)</b> scratches. (189,8,2)
[17:03:21]SAY: grey baby slime (862)/ : Blorble... (103,162,2)
[17:03:26]EMOTE: *no key*/(Citrus) : <b>Citrus</b> looks around sleepily. (172,220,2)
[17:03:27]EMOTE: *no key*/(monkey (194)) : <b>The monkey (194)</b> waves her tail. (160,139,2)
[17:03:30]EMOTE: *no key*/(Poly) : <b>Poly</b> bawks! (80,190,2)
[17:03:35]EMOTE: *no key*/(monkey (857)) : <b>The monkey (857)</b> waves his tail. (200,21,2)
[17:03:37]EMOTE: *no key*/(Pun Pun 41) : <b>Pun Pun 41</b> waves its tail. (149,213,2)
[17:03:43]EMOTE: *no key*/(monkey (524)) : <b>The monkey (524)</b> scratches. (185,119,2)
[17:03:47]EMOTE: *no key*/(monkey (352)) : <b>The monkey (352)</b> waves her tail. (160,142,2)
[17:03:57]EMOTE: *no key*/(monkey (9)) : <b>The monkey (9)</b> scratches. (184,119,2)
[17:04:03]EMOTE: *no key*/(grey baby slime (699)) : <b>The grey baby slime (699)</b> bounces in place. (108,152,2)
[17:04:07]EMOTE: *no key*/(pug) : <b>Swanson</b> chases its tail. (111,141,2)
[17:04:21]SAY: Ian/ : Bark! (134,185,2)
[17:04:27]EMOTE: *no key*/(Pun Pun 41) : <b>Pun Pun 41</b> jumps! (154,214,2)
[17:04:29]SAY: mouse/ : Squeek? (202,231,2)
[17:04:29]EMOTE: *no key*/(Ian) : <b>Ian</b> chases its tail! (134,185,2)
[17:04:31]EMOTE: *no key*/(grey baby slime (699)) : <b>The grey baby slime (699)</b> lights up for a bit, then stops. (109,151,2)
[17:04:33]EMOTE: *no key*/(pug) : <b>Swanson</b> shivers. (111,141,2)
[17:04:37]EMOTE: *no key*/(grey baby slime (862)) : <b>The grey baby slime (862)</b> vibrates! (105,162,2)
[17:04:47]EMOTE: *no key*/(Pun Pun 41) : <b>Pun Pun 41</b> rolls. (153,216,2)
[17:04:51]SAY: mouse/ : SQUEEK! (202,231,2)
[17:05:02]SAY: mouse/ : Squeek? (202,231,2)
[17:05:12]SAY: Renault/ : Awoo (157,196,2)
[17:05:13]EMOTE: *no key*/(monkey (98)) : <b>The monkey (98)</b> scratches. (160,142,2)
[17:05:14]EMOTE: *no key*/(Poly) : <b>Poly</b> squawks. (80,190,2)
[17:05:20]EMOTE: *no key*/(Pun Pun 41) : <b>Pun Pun 41</b> scratches. (151,215,2)
[17:05:22]EMOTE: *no key*/(monkey (241)) : <b>The monkey (241)</b> rolls. (189,8,2)
[17:05:39]EMOTE: *no key*/(monkey (315)) : <b>The monkey (315)</b> scratches. (204,25,2)
[17:05:51]ACCESS: Login: Momo1911 from 76.99.81.238-1202224813 || BYOND v512
[17:05:51]ACCESS: Mob Login: Momo1911/(Momo1911) was assigned to a /mob/dead/new_player
[17:05:54]SAY: Renault/ : Tchoff (156,196,2)
[17:06:03]EMOTE: *no key*/(monkey (9)) : <b>The monkey (9)</b> rolls. (184,118,2)
[17:06:05]EMOTE: *no key*/(monkey (638)) : <b>The monkey (638)</b> rolls. (187,8,2)
[17:06:17]EMOTE: *no key*/(Persephone) : <b>Persephone</b> stretches out for a belly rub. (168,139,2)
[17:06:22]EMOTE: *no key*/(Persephone) : <b>Persephone</b> lies down. (168,139,2)
[17:06:28]SAY: Medibot/ : Delicious! (155,73,1)
[17:06:34]EMOTE: *no key*/(grey baby slime (699)) : <b>The grey baby slime (699)</b> bounces in place. (107,151,2)
[17:06:34]SAY: emergency medibot/ : What kind of medbay is this? Everyone&#39;s dropping like flies. (222,84,1)
[17:06:45]EMOTE: *no key*/(Citrus) : <b>Citrus</b> dozes off. (172,220,2)
[17:07:00]SAY: emergency medibot/ : There&#39;s always a catch, and I&#39;m the best there is. (222,84,1)
[17:07:01]EMOTE: *no key*/(monkey (194)) : <b>The monkey (194)</b> scratches. (160,141,2)
[17:07:03]EMOTE: *no key*/(grey baby slime (862)) : <b>The grey baby slime (862)</b> vibrates! (105,162,2)
[17:07:05]EMOTE: *no key*/(grey baby slime (862)) : <b>The grey baby slime (862)</b> vibrates! (105,162,2)
[17:07:08]EMOTE: *no key*/(Renault) : <b>Renault</b> shivers. (155,195,2)
[17:07:16]EMOTE: *no key*/(Persephone) : <b>Persephone</b> mews (168,139,2)
[17:07:16]EMOTE: *no key*/(mouse) : <b>The mouse</b> runs in a circle. (199,224,2)
[17:07:25]EMOTE: *no key*/(monkey (98)) : <b>The monkey (98)</b> scratches. (160,139,2)
[17:07:28]ACCESS: Mob Login: Momo1911/(Gordon Ramsay) was assigned to a /mob/living/carbon/human
[17:07:29]SAY: Poly/ : Wait Hanry Smith! I want to help! (80,190,2)
[17:07:30]EMOTE: *no key*/(Pun Pun 41) : <b>Pun Pun 41</b> scratches. (150,214,2)
[17:07:35]SAY: mouse/ : Squeek! (199,226,2)
[17:07:41]EMOTE: *no key*/(mouse) : <b>The mouse</b> shakes. (200,229,2)
[17:07:52]SAY: grey baby slime (862)/ : Blorble... (105,162,2)
[17:07:54]EMOTE: *no key*/(Citrus) : <b>Citrus</b> dozes off. (170,220,2)
[17:07:54]EMOTE: *no key*/(monkey (901)) : <b>The monkey (901)</b> rolls. (200,25,2)
[17:07:56]SAY: mouse/ : Squeek? (197,226,2)
[17:08:04]EMOTE: *no key*/(Poly) : <b>Poly</b> bawks! (80,190,2)
[17:08:05]EMOTE: *no key*/(Pun Pun 41) : <b>Pun Pun 41</b> jumps! (148,215,2)
[17:08:08]SAY: Medibot/ : Delicious! (154,73,1)
[17:08:09]EMOTE: *no key*/(monkey (857)) : <b>The monkey (857)</b> rolls. (201,21,2)
[17:08:26]SAY: emergency medibot/ : I knew it, I should&#39;ve been a plastic surgeon. (222,84,1)
[17:08:27]EMOTE: *no key*/(pug) : <b>Swanson</b> chases its tail. (110,142,2)
[17:08:32]SAY: Gordon Ramsay/Momo1911 : YOU (141,212,2)
[17:08:36]EMOTE: *no key*/(Citrus) : <b>Citrus</b> dozes off. (171,219,2)
[17:08:38]ADMIN: Noober84555/(Flamescale Zakuto) admin ghosted.
[17:08:38]ACCESS: Mob Login: Noober84555/(Flamescale Zakuto) was assigned to a /mob/dead/observer
[17:08:40]SAY: Poly/ : What kind of medbay is this? Everyone&#39;s dropping like flies. (80,190,2)
[17:08:40]SAY: Nobody's Perfect/ : I knew it, I should&#39;ve been a plastic surgeon. (24,75,1)
[17:08:41]SAY: Gordon Ramsay/Momo1911 : Get in HERE NOW!!! (141,212,2)
[17:09:04]SAY: Poly/ : Breaking news from Station Announcements! (80,190,2)
[17:09:06]EMOTE: *no key*/(Ian) : <b>Ian</b> shivers. (134,184,2)
[17:09:21]SAY: mouse/ : Squeek? (200,229,2)
[17:09:22]EMOTE: *no key*/(monkey (750)) : <b>The monkey (750)</b> jumps! (203,21,2)
[17:09:31]EMOTE: *no key*/(monkey (524)) : <b>The monkey (524)</b> scratches. (187,118,2)
[17:09:34]EMOTE: *no key*/(Ian) : <b>Ian</b> yaps. (135,185,2)
[17:09:46]EMOTE: *no key*/(Citrus) : <b>Citrus</b> snores. (169,221,2)
[17:09:49]SAY: Medibot/ : Radar, put a mask on! (155,73,1)
[17:09:54]EMOTE: *no key*/(Ian) : <b>Ian</b> chases its tail! (136,185,2)
[17:09:58]EMOTE: *no key*/(pug) : <b>Swanson</b> chases its tail. (110,142,2)
[17:10:05]EMOTE: *no key*/(Renault) : <b>Renault</b> shakes its head. (156,196,2)
[17:10:11]ACCESS: Login: Arthurfelipe12 from 138.97.199.11-3382386134 || BYOND v511
[17:10:11]ACCESS: Mob Login: Arthurfelipe12/(Arthurfelipe12) was assigned to a /mob/dead/new_player
[17:10:11]EMOTE: @Noober84555[DC]/(Flamescale Zakuto) : <b>Flamescale Zakuto</b> seizes up and falls limp, their eyes dead and lifeless... (145,210,2)
[17:10:27]EMOTE: *no key*/(Poly) : <b>Poly</b> flutters its wings. (80,190,2)
[17:10:31]EMOTE: *no key*/(monkey (352)) : <b>The monkey (352)</b> rolls. (160,140,2)
[17:10:42]EMOTE: *no key*/(monkey (315)) : <b>The monkey (315)</b> jumps! (203,25,2)
[17:10:50]SAY: mouse/ : Squeek! (200,230,2)
[17:11:03]SAY: emergency medibot/ : I knew it, I should&#39;ve been a plastic surgeon. (222,84,1)
[17:11:04]EMOTE: *no key*/(monkey (98)) : <b>The monkey (98)</b> jumps! (160,141,2)
[17:11:20]EMOTE: *no key*/(monkey (901)) : <b>The monkey (901)</b> scratches. (200,25,2)
[17:11:22]SAY: mouse/ : SQUEEK! (202,231,2)
[17:11:24]EMOTE: *no key*/(mouse) : <b>The mouse</b> runs in a circle. (202,226,2)
[17:11:24]SAY: Nobody's Perfect/ : There&#39;s always a catch, and I&#39;m the best there is. (24,75,1)
[17:11:26]EMOTE: *no key*/(monkey (417)) : <b>The monkey (417)</b> waves his tail. (186,119,2)
[17:11:28]SAY: Persephone/ : Purr! (168,139,2)
[17:11:32]SAY: Ian/ : AUUUUUU (136,185,2)
[17:11:38]SAY: mouse/ : Squeek! (201,230,2)
[17:11:40]ACCESS: Mob Login: Arthurfelipe12/(Angel Dude) was assigned to a /mob/living/carbon/human
[17:11:42]EMOTE: *no key*/(pug) : <b>Swanson</b> chases its tail. (111,142,2)
[17:11:45]EMOTE: *no key*/(Renault) : <b>Renault</b> barks. (155,195,2)
[17:11:48]EMOTE: *no key*/(monkey (857)) : <b>The monkey (857)</b> jumps! (201,21,2)
[17:11:54]EMOTE: *no key*/(mouse) : <b>The mouse</b> shakes. (201,229,2)
[17:12:02]EMOTE: *no key*/(Persephone) : <b>Persephone</b> walks around. (168,139,2)
[17:12:17]EMOTE: *no key*/(monkey (524)) : <b>The monkey (524)</b> waves her tail. (184,118,2)
[17:12:17]EMOTE: *no key*/(monkey (352)) : <b>The monkey (352)</b> waves her tail. (160,139,2)
[17:12:21]SAY: Medibot/ : I knew it, I should&#39;ve been a plastic surgeon. (154,73,1)
[17:12:33]SAY: Poly/ : Twice the calories for half the price! (80,190,2)
[17:12:37]EMOTE: *no key*/(pug) : <b>Swanson</b> chases its tail. (113,142,2)
[17:12:37]SAY: mouse/ : Squeek? (203,227,2)
[17:12:41]SAY: Medibot/ : What kind of medbay is this? Everyone&#39;s dropping like flies. (155,73,1)
[17:12:43]SAY: Poly/ : Twice the calories for half the price! (80,190,2)
[17:12:49]EMOTE: *no key*/(monkey (194)) : <b>The monkey (194)</b> scratches. (160,141,2)
[17:13:04]EMOTE: *no key*/(mouse) : <b>The mouse</b> runs in a circle. (202,225,2)
[17:13:05]EMOTE: *no key*/(monkey (315)) : <b>The monkey (315)</b> rolls. (203,25,2)
[17:13:05]EMOTE: *no key*/(Pun Pun 41) : <b>Pun Pun 41</b> jumps! (148,215,2)
[17:13:07]EMOTE: *no key*/(monkey (194)) : <b>The monkey (194)</b> scratches. (160,140,2)
[17:13:07]SAY: Gordon Ramsay/Momo1911 : WOW (163,200,2)
[17:13:09]EMOTE: *no key*/(monkey (194)) : <b>The monkey (194)</b> scratches. (160,140,2)
[17:13:12]SAY: Gordon Ramsay/Momo1911 : JUST WOW!!! (163,200,2)
[17:13:15]SAY: Angel Dude/Arthurfelipe12 : hello gordon (162,198,2)
[17:13:20]EMOTE: *no key*/(pug) : <b>Swanson</b> shivers. (113,142,2)
[17:13:26]SAY: Gordon Ramsay/Momo1911 : GET IN THE KITCHEN NOW!!! (163,200,2)
[17:13:27]EMOTE: *no key*/(monkey (901)) : <b>The monkey (901)</b> jumps! (201,25,2)
[17:13:27]EMOTE: *no key*/(monkey (352)) : <b>The monkey (352)</b> rolls. (160,142,2)
[17:13:29]EMOTE: *no key*/(monkey (638)) : <b>The monkey (638)</b> waves her tail. (187,8,2)
[17:13:30]SAY: Angel Dude/Arthurfelipe12 : why? (162,199,2)
[17:13:35]SAY: Gordon Ramsay/Momo1911 : DO IT!!! (163,200,2)
[17:13:37]EMOTE: *no key*/(monkey (417)) : <b>The monkey (417)</b> scratches. (184,119,2)
[17:13:38]EMOTE: *no key*/(Citrus) : <b>Citrus</b> snores. (170,221,2)
[17:13:41]EMOTE: *no key*/(monkey (98)) : <b>The monkey (98)</b> scratches. (160,142,2)
[17:13:46]ACCESS: Login: Stormin5532 from 76.24.45.80-1890530469 || BYOND v511
[17:13:46]ACCESS: Mob Login: Stormin5532/(Stormin5532) was assigned to a /mob/dead/new_player
[17:13:50]EMOTE: *no key*/(grey baby slime (44)) : <b>The grey baby slime (44)</b> jiggles! (111,163,2)
[17:13:54]EMOTE: *no key*/(Persephone) : <b>Persephone</b> lies down. (167,141,2)
[17:14:00]EMOTE: *no key*/(monkey (524)) : <b>The monkey (524)</b> scratches. (186,118,2)
[17:14:03]SAY: Angel Dude/Arthurfelipe12 : so (136,213,2)
[17:14:05]SAY: Angel Dude/Arthurfelipe12 : what (136,213,2)
[17:14:11]SAY: Gordon Ramsay/Momo1911 : COOK SOME THING GOOD NOT SHIT!!! (134,212,2)
[17:14:14]EMOTE: *no key*/(monkey (638)) : <b>The monkey (638)</b> jumps! (187,8,2)
[17:14:18]SAY: Angel Dude/Arthurfelipe12 : but (136,213,2)
[17:14:20]ACCESS: Mob Login: Stormin5532/(Janel Field) was assigned to a /mob/living/carbon/human
[17:14:23]SAY: Angel Dude/Arthurfelipe12 : you are the cook (136,213,2)
[17:14:24]ADMIN: Noober84555/(Flamescale Zakuto) jumped to Momo1911/(Gordon Ramsay)
[17:14:28]ADMIN: Noober84555/(Flamescale Zakuto) has used rudimentary transformation on Noober84555/(Flamescale Zakuto). Transforming to human.; deletemob=1
[17:14:28]ACCESS: Mob Login: Noober84555/(Flamescale Zakuto) was assigned to a /mob/living/carbon/human
[17:14:34]ADMIN: Noober84555/(Flamescale Zakuto) changed the equipment of Noober84555/(Flamescale Zakuto) to /datum/outfit/job/captain.
[17:14:39]EMOTE: *no key*/(monkey (352)) : <b>The monkey (352)</b> waves her tail. (160,142,2)
[17:14:40]SAY: Gordon Ramsay/Momo1911 : 5 MINS LEFT!!! (133,212,2)
[17:14:43]EMOTE: *no key*/(monkey (352)) : <b>The monkey (352)</b> scratches. (160,142,2)
[17:14:58]EMOTE: *no key*/(Persephone) : <b>Persephone</b> gets up and meows. (167,141,2)
[17:15:15]EMOTE: *no key*/(pug) : <b>Swanson</b> chases its tail. (111,143,2)
[17:15:21]EMOTE: *no key*/(mouse) : <b>The mouse</b> runs in a circle. (203,227,2)
[17:15:25]SAY: Nobody's Perfect/ : Delicious! (24,75,1)
[17:15:27]EMOTE: *no key*/(Poly) : <b>Poly</b> squawks. (80,190,2)
[17:15:30]SAY: Flamescale Zakuto/Noober84555 : slow (137,212,2)
[17:15:31]EMOTE: *no key*/(monkey (857)) : <b>The monkey (857)</b> jumps! (200,21,2)
[17:15:33]SAY: emergency medibot/ : Radar, put a mask on! (222,84,1)
[17:15:37]EMOTE: *no key*/(Persephone) : <b>Persephone</b> meows (166,140,2)
[17:15:40]SAY: Angel Dude/Arthurfelipe12 : wheres dah salt (139,212,2)
[17:15:41]EMOTE: *no key*/(pug) : <b>Swanson</b> shakes its head. (110,143,2)
[17:15:44]SAY: Flamescale Zakuto/Noober84555 : um idk (142,212,2)
[17:15:45]SAY: Persephone/ : HSSSSS (166,141,2)
[17:15:51]EMOTE: *no key*/(Persephone) : <b>Persephone</b> shakes out its coat. (166,141,2)
[17:16:01]EMOTE: *no key*/(Persephone) : <b>Persephone</b> shivers (167,141,2)
[17:16:05]EMOTE: *no key*/(grey baby slime (862)) : <b>The grey baby slime (862)</b> lights up for a bit, then stops. (103,163,2)
[17:16:06]SAY: Gordon Ramsay/Momo1911 : UN BLODDY BELIVEABLE!!! (136,212,2)
[17:16:07]EMOTE: *no key*/(monkey (750)) : <b>The monkey (750)</b> waves her tail. (204,21,2)
[17:16:19]EMOTE: *no key*/(Persephone) : <b>Persephone</b> twitches its whiskers. (167,139,2)
[17:16:23]EMOTE: *no key*/(monkey (417)) : <b>The monkey (417)</b> scratches. (185,119,2)
[17:16:24]EMOTE: *no key*/(Renault) : <b>Renault</b> howls. (154,194,2)
[17:16:31]EMOTE: *no key*/(monkey (857)) : <b>The monkey (857)</b> scratches. (201,21,2)
[17:16:33]EMOTE: *no key*/(monkey (857)) : <b>The monkey (857)</b> jumps! (201,21,2)
[17:16:35]SAY: Flamescale Zakuto/Noober84555 : do we have flour? (138,212,2)
[17:16:36]SAY: Medibot/ : I knew it, I should&#39;ve been a plastic surgeon. (155,73,1)
[17:16:41]EMOTE: *no key*/(Persephone) : <b>Persephone</b> twitches its whiskers. (167,138,2)
[17:16:44]EMOTE: *no key*/(Renault) : <b>Renault</b> barks. (152,194,2)
[17:16:45]EMOTE: *no key*/(monkey (857)) : <b>The monkey (857)</b> waves his tail. (201,21,2)
[17:16:45]EMOTE: *no key*/(monkey (901)) : <b>The monkey (901)</b> jumps! (201,25,2)
[17:16:48]EMOTE: *no key*/(Ian) : <b>Ian</b> pants. (136,185,2)
[17:16:54]SAY: Poly/ : Breaking news from Station Announcements! (80,190,2)
[17:16:59]EMOTE: *no key*/(grey baby slime (44)) : <b>The grey baby slime (44)</b> vibrates! (111,163,2)
[17:17:24]SAY: Gordon Ramsay/Momo1911 : 4 MINS!!! (135,212,2)
[17:17:51]EMOTE: *no key*/(mouse) : <b>The mouse</b> squeeks. (202,227,2)
[17:17:53]EMOTE: *no key*/(monkey (901)) : <b>The monkey (901)</b> jumps! (201,25,2)
[17:17:55]SAY: Poly/ : Twice the calories for half the price! (80,190,2)
[17:18:05]EMOTE: *no key*/(monkey (524)) : <b>The monkey (524)</b> rolls. (187,118,2)
[17:18:12]EMOTE: *no key*/(Citrus) : <b>Citrus</b> looks around sleepily. (169,221,2)
[17:18:14]EMOTE: *no key*/(mouse) : <b>The mouse</b> squeeks. (205,227,2)
[17:18:14]SAY: Nobody's Perfect/ : Radar, put a mask on! (24,75,1)
[17:18:16]SAY: Flamescale Zakuto/Noober84555 : what is even going on (137,212,2)
[17:18:22]SAY: Flamescale Zakuto/Noober84555 : do u want food? (137,212,2)
[17:18:23]SAY: Angel Dude/Arthurfelipe12 : IM READY! (140,212,2)
[17:18:23]SAY: Gordon Ramsay/Momo1911 : COOK!!! (135,212,2)
[17:18:23]EMOTE: *no key*/(monkey (194)) : <b>The monkey (194)</b> waves her tail. (160,142,2)
[17:18:27]SAY: grey baby slime (862)/ : Blop... (104,161,2)
[17:18:38]SAY: Flamescale Zakuto/Noober84555 : give me the ROLLING PIN MFER!! (137,212,2)
[17:18:38]SAY: Angel Dude/Arthurfelipe12 : the name of my food is... (137,213,2)
[17:18:38]SAY: Gordon Ramsay/Momo1911 : Present it (135,213,2)
[17:18:38]EMOTE: *no key*/(Poly) : <b>Poly</b> flutters its wings. (80,190,2)
[17:18:44]SAY: Angel Dude/Arthurfelipe12 : SALTY KEBAB (137,213,2)
[17:18:48]EMOTE: *no key*/(monkey (901)) : <b>The monkey (901)</b> waves his tail. (200,25,2)
[17:18:52]EMOTE: *no key*/(Persephone) : <b>Persephone</b> grooms its fur. (166,139,2)
[17:18:59]SAY: Gordon Ramsay/Momo1911 : WHAT IS THIS ONLY MEAT (135,213,2)
[17:19:02]SAY: Angel Dude/Arthurfelipe12 : it is meme and it is salty (137,214,2)
[17:19:02]ACCESS: Mob Login: Stormin5532/(Janel Field) was assigned to a /mob/dead/observer
[17:19:03]SAY: Medibot/ : I knew it, I should&#39;ve been a plastic surgeon. (155,73,1)
[17:19:03]EMOTE: *no key*/(Ian) : <b>Ian</b> chases its tail. (135,184,2)
[17:19:03]SAY: Poly/ : Breaking news from Station Announcements! (80,190,2)
[17:19:06]SAY: Angel Dude/Arthurfelipe12 : no (137,214,2)
[17:19:11]EMOTE: *no key*/(Renault) : <b>Renault</b> barks. (153,193,2)
[17:19:12]SAY: Angel Dude/Arthurfelipe12 : its salty meat (137,214,2)
[17:19:20]SAY: Angel Dude/Arthurfelipe12 : and this kebab tipe of meat (137,214,2)
[17:19:25]SAY: Gordon Ramsay/Momo1911 : FUCKENELL (135,213,2)
[17:19:26]SAY: grey baby slime (699)/ : Lonely... (109,153,2)
[17:19:27]SAY: Poly/ : Try our new nougat bar! (80,190,2)
[17:19:27]SAY: Flamescale Zakuto/Noober84555 : MY PIZA (137,214,2)
[17:19:28]EMOTE: *no key*/(grey baby slime (862)) : <b>The grey baby slime (862)</b> vibrates! (105,162,2)
[17:19:30]SAY: Flamescale Zakuto/Noober84555 : SUPPER PIZZA (137,214,2)
[17:19:31]SAY: Flamescale Zakuto/Noober84555 : FRMO ROBLOX (137,214,2)
[17:19:35]SAY: Gordon Ramsay/Momo1911 : ALL I TASTE IS SALT!!! (135,213,2)
[17:19:40]EMOTE: *no key*/(Pun Pun 41) : <b>Pun Pun 41</b> waves its tail. (144,211,2)
[17:19:46]EMOTE: *no key*/(monkey (901)) : <b>The monkey (901)</b> scratches. (200,25,2)
[17:19:48]EMOTE: *no key*/(Pun Pun 41) : <b>Pun Pun 41</b> scratches. (145,211,2)
[17:19:52]EMOTE: *no key*/(monkey (524)) : <b>The monkey (524)</b> rolls. (187,118,2)
[17:20:02]EMOTE: *no key*/(monkey (352)) : <b>The monkey (352)</b> waves her tail. (160,141,2)
[17:20:04]SAY: emergency medibot/ : I knew it, I should&#39;ve been a plastic surgeon. (222,84,1)
[17:20:04]SAY: grey baby slime (862)/ : Rawr... (105,163,2)
[17:20:06]EMOTE: *no key*/(Ian) : <b>Ian</b> yaps. (136,183,2)
[17:20:10]SAY: Gordon Ramsay/Momo1911 : WHATS IN IT COME ON!!! (137,212,2)
[17:20:14]EMOTE: *no key*/(grey baby slime (44)) : <b>The grey baby slime (44)</b> bounces in place. (111,161,2)
[17:20:15]SAY: Flamescale Zakuto/Noober84555 : SUPPER MEAT (140,212,2)
[17:20:18]SAY: Flamescale Zakuto/Noober84555 : AND SUPPER CHEESE (140,212,2)
[17:20:22]EMOTE: *no key*/(monkey (524)) : <b>The monkey (524)</b> waves her tail. (188,119,2)
[17:20:24]EMOTE: *no key*/(monkey (638)) : <b>The monkey (638)</b> jumps! (189,8,2)
[17:20:26]EMOTE: *no key*/(Persephone) : <b>Persephone</b> shakes out its coat. (169,140,2)
[17:20:28]SAY: Flamescale Zakuto/Noober84555 : extra cheese and extra meat (139,212,2)
[17:20:32]EMOTE: *no key*/(monkey (194)) : <b>The monkey (194)</b> rolls. (160,139,2)
[17:20:34]SAY: Poly/ : Attention! Wanted issue distributed! (80,190,2)
[17:20:36]SAY: mouse/ : Squeek? (201,224,2)
[17:20:42]SAY: Flamescale Zakuto/Noober84555 : HOLY FUCK (139,212,2)
[17:20:42]EMOTE: *no key*/(monkey (901)) : <b>The monkey (901)</b> scratches. (201,25,2)
[17:20:44]SAY: Flamescale Zakuto/Noober84555 : I DID IT (139,212,2)
[17:20:49]EMOTE: *no key*/(grey baby slime (44)) : <b>The grey baby slime (44)</b> bounces in place. (111,163,2)
[17:20:56]EMOTE: *no key*/(Ian) : <b>Ian</b> pants. (136,183,2)
[17:20:56]SAY: mouse/ : SQUEEK! (202,224,2)
[17:20:57]EMOTE: *no key*/(monkey (9)) : <b>The monkey (9)</b> waves his tail. (187,118,2)
[17:20:59]EMOTE: *no key*/(monkey (352)) : <b>The monkey (352)</b> jumps! (160,140,2)
[17:21:05]SAY: emergency medibot/ : Delicious! (222,84,1)
[17:21:07]EMOTE: *no key*/(monkey (194)) : <b>The monkey (194)</b> scratches. (160,142,2)
[17:21:14]SAY: Angel Dude/Arthurfelipe12 : look (136,212,2)
[17:21:15]EMOTE: *no key*/(monkey (638)) : <b>The monkey (638)</b> scratches. (188,8,2)
[17:21:17]EMOTE: *no key*/(pug) : <b>Swanson</b> shakes its head. (112,141,2)
[17:21:19]SAY: Nobody's Perfect/ : What kind of medbay is this? Everyone&#39;s dropping like flies. (24,75,1)
[17:21:26]SAY: Gordon Ramsay/Momo1911 : SUPER SALTY MEAT REALLY! (135,212,2)
[17:21:27]SAY: Angel Dude/Arthurfelipe12 : I DON&#39;T ACCEPT BRONZE SHIT (136,212,2)
[17:21:29]EMOTE: Arthurfelipe12/(Angel Dude) : <b>Angel Dude</b> screams! (136,212,2)
[17:21:36]SAY: Gordon Ramsay/Momo1911 : thats it (132,212,2)
[17:21:38]GAME: Arthurfelipe12/(Angel Dude) planted C4 on wall at (135,214,2) with 10 second fuse
[17:21:45]EMOTE: *no key*/(pug) : <b>Swanson</b> chases its tail. (113,141,2)
[17:21:47]EMOTE: *no key*/(monkey (315)) : <b>The monkey (315)</b> scratches. (203,25,2)
[17:21:48]GAME: Explosion with size (0, 0, 3, 0) in area Kitchen (135,214,2)
[17:21:55]EMOTE: *no key*/(monkey (241)) : <b>The monkey (241)</b> waves his tail. (188,8,2)
[17:22:04]EMOTE: Arthurfelipe12/(Angel Dude) : <b>Angel Dude</b> seizes up and falls limp, his eyes dead and lifeless... (127,211,2)
[17:22:06]EMOTE: *no key*/(monkey (352)) : <b>The monkey (352)</b> rolls. (160,142,2)
[17:22:14]ADMIN: Noober84555/(Flamescale Zakuto) teleported Momo1911/(Gordon Ramsay)
[17:22:16]EMOTE: *no key*/(monkey (194)) : <b>The monkey (194)</b> rolls. (160,140,2)
[17:22:16]ACCESS: Mob Login: Arthurfelipe12/(Angel Dude) was assigned to a /mob/dead/observer
[17:22:17]SAY: Flamescale Zakuto/Noober84555 : hi ramsay (67,272,2)
[17:22:18]EMOTE: *no key*/(Persephone) : <b>Persephone</b> grooms its fur. (170,139,2)
[17:22:19]SAY: Gordon Ramsay/Momo1911 : YES (64,272,2)
[17:22:20]ACCESS: Login: Deandude469 from 65.78.83.33-772424705 || BYOND v511
[17:22:20]ACCESS: Mob Login: Deandude469/(Deandude469) was assigned to a /mob/dead/new_player
[17:22:27]SAY: Gordon Ramsay/Momo1911 : you are my sucsesser (64,272,2)
[17:22:30]GAME: Angel Dude/Arthurfelipe12 used abandon mob.
[17:22:30]ACCESS: Mob Login: Arthurfelipe12/(new player) was assigned to a /mob/dead/new_player
[17:22:30]SAY: Flamescale Zakuto/Noober84555 : this is the perfect kitchen. (67,272,2)
[17:22:31]SAY: Flamescale Zakuto/Noober84555 : yes (67,272,2)
[17:22:34]ACCESS: Mob Login: Arthurfelipe12/(Angel Dude) was assigned to a /mob/living/carbon/human
[17:22:39]SAY: Flamescale Zakuto/Noober84555 : my pizza be like MAMA MIA (67,272,2)
[17:22:39]SAY: grey baby slime (862)/ : Rawr... (104,163,2)
[17:22:44]EMOTE: *no key*/(monkey (194)) : <b>The monkey (194)</b> scratches. (160,141,2)
[17:22:46]SAY: Flamescale Zakuto/Noober84555 : thank u (67,272,2)
[17:22:52]SAY: Flamescale Zakuto/Noober84555 : time to make SUPPER PIZZA V2 (67,270,2)
[17:22:57]EMOTE: *no key*/(monkey (750)) : <b>The monkey (750)</b> scratches. (203,21,2)
[17:22:59]EMOTE: *no key*/(Persephone) : <b>Persephone</b> wags its tail. (170,139,2)
[17:23:02]SAY: emergency medibot/ : Delicious! (222,84,1)
[17:23:10]SAY: Persephone/ : HSSSSS (170,139,2)
[17:23:14]SAY: Medibot/ : Radar, put a mask on! (155,73,1)
[17:23:31]EMOTE: *no key*/(pug) : <b>Swanson</b> yaps. (113,142,2)
[17:23:37]EMOTE: *no key*/(grey baby slime (44)) : <b>The grey baby slime (44)</b> lights up for a bit, then stops. (111,163,2)
[17:23:47]EMOTE: *no key*/(monkey (352)) : <b>The monkey (352)</b> rolls. (160,141,2)
[17:23:54]EMOTE: *no key*/(monkey (352)) : <b>The monkey (352)</b> rolls. (160,142,2)
[17:24:00]EMOTE: *no key*/(monkey (750)) : <b>The monkey (750)</b> rolls. (204,21,2)
[17:24:02]SAY: Gordon Ramsay/Momo1911 : money bag (64,272,2)
[17:24:16]GAME: Radiation pulse with intensity:3000 and range modifier:2 in area Central Primary Hallway 
[17:24:18]SAY: Poly/ : Breaking news from Station Announcements! (80,190,2)
[17:24:20]EMOTE: *no key*/(monkey (417)) : <b>The monkey (417)</b> rolls. (185,119,2)
[17:24:23]GAME: Radiation pulse with intensity:3000 and range modifier:2 in area Head of Personnel's Office 
[17:24:26]EMOTE: *no key*/(Citrus) : <b>Citrus</b> looks around sleepily. (169,222,2)
[17:24:28]SAY: Medibot/ : I knew it, I should&#39;ve been a plastic surgeon. (154,73,1)
[17:24:32]SAY: Medibot/ : Radar, put a mask on! (155,73,1)
[17:24:35]EMOTE: *no key*/(Persephone) : <b>Persephone</b> mews (170,139,2)
[17:24:35]EMOTE: *no key*/(Poly) : <b>Poly</b> bawks! (80,190,2)
[17:24:42]EMOTE: *no key*/(Ian) : <b>Ian</b> dances around. (136,184,2)
[17:24:55]EMOTE: *no key*/(grey baby slime (862)) : <b>The grey baby slime (862)</b> lights up for a bit, then stops. (103,161,2)
[17:24:57]SAY: Nobody's Perfect/ : I knew it, I should&#39;ve been a plastic surgeon. (24,75,1)
[17:24:59]EMOTE: *no key*/(monkey (315)) : <b>The monkey (315)</b> scratches. (203,25,2)
[17:24:59]EMOTE: *no key*/(monkey (901)) : <b>The monkey (901)</b> jumps! (201,25,2)
[17:25:01]SAY: Poly/ : Try our new nougat bar! (80,190,2)
[17:25:03]SAY: Poly/ : Wait Hanry Smith! I want to help! (80,190,2)
[17:25:03]ACCESS: Logout: Deandude469/(Deandude469)
[17:25:04]GAME: Janel Field/Stormin5532 used abandon mob.
[17:25:04]ACCESS: Mob Login: Stormin5532/(new player) was assigned to a /mob/dead/new_player
[17:25:07]ACCESS: Mob Login: Stormin5532/(Janel Field) was assigned to a /mob/living/carbon/human
[17:25:10]EMOTE: *no key*/(monkey (98)) : <b>The monkey (98)</b> scratches. (160,140,2)
[17:25:12]SAY: Poly/ : Try our new nougat bar! (80,190,2)
[17:25:14]EMOTE: Arthurfelipe12/(Angel Dude) : <b>Unknown</b> gasps! (133,187,2)
[17:25:16]SAY: Flamescale Zakuto/Noober84555 : THE NEW SUPPER PIZZA (65,272,2)
[17:25:17]EMOTE: *no key*/(grey baby slime (699)) : <b>The grey baby slime (699)</b> lights up for a bit, then stops. (109,151,2)
[17:25:20]SAY: Flamescale Zakuto/Noober84555 : IT IS DONE (67,272,2)
[17:25:23]SAY: Flamescale Zakuto/Noober84555 : IT IS COMPLETE (67,272,2)
[17:25:44]EMOTE: *no key*/(Ian) : <b>Ian</b> shakes its head. (133,184,2)
[17:25:55]EMOTE: *no key*/(monkey (857)) : <b>The monkey (857)</b> rolls. (200,21,2)
[17:25:57]EMOTE: *no key*/(monkey (857)) : <b>The monkey (857)</b> jumps! (200,21,2)
[17:26:10]EMOTE: *no key*/(monkey (524)) : <b>The monkey (524)</b> rolls. (188,118,2)
[17:26:21]GAME: <a href='?priv_msg=noober84555'>Noober84555</a>/(Flamescale Zakuto) checked the player panel while in game.
[17:26:24]EMOTE: *no key*/(mouse) : <b>The mouse</b> runs in a circle. (202,227,2)
[17:26:25]ADMIN: Noober84555/(Flamescale Zakuto) healed / Revived Noober84555/(Flamescale Zakuto).
[17:26:26]SAY: Medibot/ : What kind of medbay is this? Everyone&#39;s dropping like flies. (155,73,1)
[17:26:32]SAY: Flamescale Zakuto/Noober84555 : hol up (66,272,2)
[17:26:35]SAY: Flamescale Zakuto/Noober84555 : I need to fix Da Pizza (66,272,2)
[17:26:44]SAY: Flamescale Zakuto/Noober84555 : it taste No Good (66,272,2)
[17:26:45]EMOTE: *no key*/(Persephone) : <b>Persephone</b> gets up and meows. (170,139,2)
[17:26:51]SAY: Medibot/ : I knew it, I should&#39;ve been a plastic surgeon. (154,73,1)
[17:26:55]EMOTE: *no key*/(monkey (901)) : <b>The monkey (901)</b> waves his tail. (201,25,2)
[17:26:56]SAY: Gordon Ramsay/Momo1911 : look at the prize and also FUCKEN ELL (64,272,2)
[17:26:57]EMOTE: *no key*/(Persephone) : <b>Persephone</b> grooms its fur. (170,140,2)
[17:26:57]SAY: mouse/ : SQUEEK! (206,226,2)
[17:26:59]EMOTE: *no key*/(Persephone) : <b>Persephone</b> grooms its fur. (170,140,2)
[17:26:59]EMOTE: *no key*/(Ian) : <b>Ian</b> stops moving... (131,186,2)
[17:26:59]SAY: Nobody's Perfect/ : What kind of medbay is this? Everyone&#39;s dropping like flies. (24,75,1)
[17:27:01]EMOTE: *no key*/(monkey (524)) : <b>The monkey (524)</b> jumps! (187,118,2)
[17:27:05]EMOTE: *no key*/(pug) : <b>Swanson</b> chases its tail. (113,141,2)
[17:27:05]SAY: Nobody's Perfect/ : I knew it, I should&#39;ve been a plastic surgeon. (24,75,1)
[17:27:15]EMOTE: *no key*/(monkey (524)) : <b>The monkey (524)</b> rolls. (188,118,2)
[17:27:15]SAY: Gordon Ramsay/Momo1911 : PROVE YOU WONT THE GOLD AND THE MONEY (62,272,2)
[17:27:15]SAY: emergency medibot/ : Radar, put a mask on! (222,84,1)
[17:27:21]SAY: Flamescale Zakuto/Noober84555 : ok (66,272,2)
[17:27:22]SAY: Medibot/ : Radar, put a mask on! (154,73,1)
[17:27:25]SAY: Flamescale Zakuto/Noober84555 : time to make a good Piza (66,272,2)
[17:27:26]SAY: Medibot/ : There&#39;s always a catch, and I&#39;m the best there is. (155,73,1)
[17:27:28]SAY: Poly/ : Wait Hanry Smith! I want to help! (80,190,2)
[17:27:29]EMOTE: *no key*/(Persephone) : <b>Persephone</b> sits down. (169,142,2)
[17:27:31]EMOTE: *no key*/(monkey (857)) : <b>The monkey (857)</b> waves his tail. (201,21,2)
[17:27:31]EMOTE: *no key*/(Persephone) : <b>Persephone</b> lies down. (169,142,2)
[17:27:37]EMOTE: *no key*/(Pun Pun 41) : <b>Pun Pun 41</b> jumps! (154,222,2)
[17:27:38]SAY: Nobody's Perfect/ : I knew it, I should&#39;ve been a plastic surgeon. (24,75,1)
[17:27:44]SAY: Medibot/ : There&#39;s always a catch, and I&#39;m the best there is. (154,73,1)
[17:27:45]EMOTE: *no key*/(grey baby slime (699)) : <b>The grey baby slime (699)</b> lights up for a bit, then stops. (109,153,2)
[17:27:47]ADMIN: Noober84555/(Flamescale Zakuto) has entered build mode.
[17:27:51]EMOTE: *no key*/(grey baby slime (44)) : <b>The grey baby slime (44)</b> lights up for a bit, then stops. (112,163,2)
[17:27:54]SAY: mouse/ : Squeek? (208,226,2)
[17:27:56]GAME: Radiation pulse with intensity:3000 and range modifier:2 in area Fore Primary Hallway 
[17:27:58]SAY: Poly/ : Wait Hanry Smith! I want to help! (80,190,2)
[17:27:59]ADMIN: Build Mode: Noober84555/(Flamescale Zakuto) modified the monkey meat's (65,273,2) dir to 2
[17:27:59]ADMIN: Build Mode: Noober84555/(Flamescale Zakuto) modified the monkey meat's (65,273,2) dir to 2
[17:27:59]ADMIN: Build Mode: Noober84555/(Flamescale Zakuto) modified the monkey meat's (65,273,2) dir to 2
[17:27:59]ADMIN: Build Mode: Noober84555/(Flamescale Zakuto) modified the monkey meat's (65,273,2) dir to 2
[17:27:59]ADMIN: Build Mode: Noober84555/(Flamescale Zakuto) modified the monkey meat's (65,273,2) dir to 2
[17:28:00]ADMIN: Build Mode: Noober84555/(Flamescale Zakuto) modified the monkey meat's (65,273,2) dir to 2
[17:28:02]EMOTE: *no key*/(Persephone) : <b>Persephone</b> meows (169,142,2)
[17:28:04]SAY: emergency medibot/ : There&#39;s always a catch, and I&#39;m the best there is. (222,84,1)
[17:28:05]EMOTE: *no key*/(monkey (241)) : <b>The monkey (241)</b> scratches. (189,8,2)
[17:28:09]EMOTE: *no key*/(Poly) : <b>Poly</b> flutters its wings. (80,190,2)
[17:28:11]EMOTE: *no key*/(Pun Pun 41) : <b>Pun Pun 41</b> screeches. (153,222,2)
[17:28:11]GAME: Radiation pulse with intensity:3000 and range modifier:2 in area Cargo Office 
[17:28:16]EMOTE: *no key*/(Persephone) : <b>Persephone</b> walks around. (169,142,2)
[17:28:16]SAY: Gordon Ramsay/Momo1911 : HERE TO COOK (63,272,2)
[17:28:18]EMOTE: *no key*/(monkey (241)) : <b>The monkey (241)</b> jumps! (189,8,2)
[17:28:20]EMOTE: *no key*/(monkey (901)) : <b>The monkey (901)</b> rolls. (200,25,2)
[17:28:23]SAY: Poly/ : Wait Hanry Smith! I want to help! (80,190,2)
[17:28:26]SAY: TERRORIST/Arthurfelipe12 : i want a medal (63,278,2)
[17:28:26]EMOTE: *no key*/(grey baby slime (862)) : <b>The grey baby slime (862)</b> bounces in place. (103,163,2)
[17:28:34]EMOTE: *no key*/(monkey (750)) : <b>The monkey (750)</b> jumps! (204,21,2)
[17:28:34]EMOTE: *no key*/(monkey (194)) : <b>The monkey (194)</b> waves her tail. (160,139,2)
[17:28:41]SAY: Poly/ : Wait Hanry Smith! I want to help! (80,190,2)
[17:28:44]SAY: Gordon Ramsay/Momo1911 : COMPETE (65,275,2)
[17:28:48]SAY: Gordon Ramsay/Momo1911 : GO!!!!! (65,275,2)
[17:28:53]SAY: Flamescale Zakuto/Noober84555 : my pizza best (62,272,2)
[17:28:54]EMOTE: *no key*/(monkey (750)) : <b>The monkey (750)</b> waves her tail. (203,21,2)
[17:28:57]GAME: Radiation pulse with intensity:3000 and range modifier:2 in area DAB Studio (Video Recording) 
[17:28:58]SAY: Gordon Ramsay/Momo1911 : LOSER DIES (61,273,2)
[17:29:11]SAY: TERRORIST/Arthurfelipe12 : wait (67,275,2)
[17:29:14]EMOTE: *no key*/(monkey (194)) : <b>The monkey (194)</b> rolls. (160,139,2)
[17:29:18]GAME: Radiation pulse with intensity:3000 and range modifier:2 in area Central Primary Hallway 
[17:29:20]GAME: Radiation pulse with intensity:3000 and range modifier:2 in area Central Primary Hallway 
[17:29:20]SAY: Flamescale Zakuto/Noober84555 : its time for a knuckles sandwich (68,273,2)
[17:29:34]GAME: Radiation pulse with intensity:3000 and range modifier:2 in area Central Primary Hallway 
[17:29:35]GAME: Radiation pulse with intensity:3000 and range modifier:2 in area Central Primary Hallway 
[17:29:36]GAME: Radiation pulse with intensity:3000 and range modifier:2 in area Central Primary Hallway 
[17:29:37]GAME: Radiation pulse with intensity:3000 and range modifier:2 in area Central Primary Hallway 
[17:29:38]GAME: Radiation pulse with intensity:3000 and range modifier:2 in area Central Primary Hallway 
[17:29:42]SAY: Persephone/ : HSSSSS (170,141,2)
[17:29:44]SAY: Poly/ : Wait Hanry Smith! I want to help! (80,190,2)
[17:29:44]EMOTE: *no key*/(monkey (857)) : <b>The monkey (857)</b> scratches. (201,21,2)
[17:29:51]SAY: grey baby slime (44)/ : Blop... (112,163,2)
[17:29:54]EMOTE: *no key*/(monkey (194)) : <b>The monkey (194)</b> scratches. (160,142,2)
[17:30:02]GAME: Radiation pulse with intensity:3000 and range modifier:2 in area Customs 
[17:30:03]EMOTE: *no key*/(pug) : <b>Swanson</b> chases its tail. (110,143,2)
[17:30:03]GAME: Radiation pulse with intensity:3000 and range modifier:2 in area Customs 
[17:30:08]ADMIN: Noober84555/(Flamescale Zakuto) deleted the cheesy fries at (63, 272, 2)
[17:30:09]GAME: Radiation pulse with intensity:3000 and range modifier:2 in area Departure Lounge 
[17:30:11]GAME: Radiation pulse with intensity:3000 and range modifier:2 in area Departure Lounge 
[17:30:12]GAME: Radiation pulse with intensity:3000 and range modifier:2 in area Departure Lounge 
[17:30:13]EMOTE: *no key*/(monkey (901)) : <b>The monkey (901)</b> waves his tail. (200,25,2)
[17:30:19]EMOTE: *no key*/(grey baby slime (699)) : <b>The grey baby slime (699)</b> vibrates! (109,153,2)
[17:30:19]SAY: emergency medibot/ : There&#39;s always a catch, and I&#39;m the best there is. (222,84,1)
[17:30:19]SAY: mouse/ : SQUEEK! (206,226,2)
[17:30:19]GAME: Radiation pulse with intensity:3000 and range modifier:2 in area Customs 
[17:30:21]EMOTE: *no key*/(monkey (750)) : <b>The monkey (750)</b> rolls. (203,21,2)
[17:30:21]EMOTE: *no key*/(Poly) : <b>Poly</b> flutters its wings. (80,190,2)
[17:30:29]SAY: Poly/ : I knew it, I should&#39;ve been a plastic surgeon. (80,190,2)
[17:30:35]EMOTE: *no key*/(Persephone) : <b>Persephone</b> looks alert. (170,140,2)
[17:30:37]SAY: Flamescale Zakuto/Noober84555 : do am cool or no (64,275,2)
[17:30:37]SAY: mouse/ : Squeek? (206,226,2)
[17:30:38]GAME: Radiation pulse with intensity:3000 and range modifier:2 in area Port Quarter Maintenance 
[17:30:43]EMOTE: *no key*/(monkey (241)) : <b>The monkey (241)</b> scratches. (188,8,2)
[17:30:47]SAY: mouse/ : SQUEEK! (207,226,2)
[17:30:52]SAY: Nobody's Perfect/ : There&#39;s always a catch, and I&#39;m the best there is. (24,75,1)
[17:30:57]SAY: Gordon Ramsay/Momo1911 : ARE YOU TRYING TO GIVE ME A HEART ATTACK!!!!! (61,273,2)
[17:31:05]ADMIN: Noober84555/(Flamescale Zakuto) played sound HELLS KITCHEN SEASON 17 INTRO.ogg
[17:31:06]GAME: Momo1911/(Gordon Ramsay) splashed (thrown) Cola at (61,268,2).
[17:31:08]EMOTE: *no key*/(Poly) : <b>Poly</b> flutters its wings. (80,190,2)
[17:31:19]EMOTE: *no key*/(Persephone) : <b>Persephone</b> lies down. (170,140,2)
[17:31:30]SAY: Renault/ : Ack-Ack-Ack-Ackawoooo (154,193,2)
[17:31:30]SAY: mouse/ : Squeek! (203,226,2)
[17:31:31]EMOTE: *no key*/(monkey (315)) : <b>The monkey (315)</b> jumps! (204,25,2)
[17:31:31]EMOTE: *no key*/(Persephone) : <b>Persephone</b> walks around. (170,140,2)
[17:31:34]SAY: TERRORIST/Arthurfelipe12 : thats a hamburguer (63,272,2)
[17:31:46]ADMIN: Noober84555/(Flamescale Zakuto) jumped to Stormin5532/(Janel Field)
[17:31:49]ADMIN: Noober84555/(Flamescale Zakuto) jumped to Arthurfelipe12/(Angel Dude)
[17:31:53]SAY: Gordon Ramsay/Momo1911 : DISCRASE!!!!!!!!!!!! (61,272,2)
[17:31:57]SAY: emergency medibot/ : Radar, put a mask on! (222,84,1)
[17:31:59]GAME: Radiation pulse with intensity:3000 and range modifier:2 in area Port Quarter Maintenance 
[17:32:07]ADMIN: Noober84555/(Flamescale Zakuto) stopped all currently playing sounds.
[17:32:09]SAY: Flamescale Zakuto/Noober84555 : HOLY FUCK (67,271,2)
[17:32:09]EMOTE: *no key*/(grey baby slime (699)) : <b>The grey baby slime (699)</b> vibrates! (109,151,2)
[17:32:11]SAY: Flamescale Zakuto/Noober84555 : LMAO (68,271,2)
[17:32:13]GAME: Radiation pulse with intensity:3000 and range modifier:2 in area Abandoned Library 
[17:32:16]SAY: emergency medibot/ : There&#39;s always a catch, and I&#39;m the best there is. (222,84,1)
[17:32:20]EMOTE: *no key*/(Poly) : <b>Poly</b> squawks. (80,190,2)
[17:32:23]GAME: Radiation pulse with intensity:3000 and range modifier:2 in area Abandoned Library 
[17:32:26]GAME: Radiation pulse with intensity:3000 and range modifier:2 in area Abandoned Library 
[17:32:28]ADMIN: Noober84555/(Flamescale Zakuto) jumped to Stormin5532/(Janel Field)
[17:32:30]GAME: Arthurfelipe12/(Angel Dude) planted C4 on reinforced window at (60,277,2) with 10 second fuse
[17:32:34]SAY: Gordon Ramsay/Momo1911 : DIE OR LOSE A HAND (67,275,2)
[17:32:34]EMOTE: *no key*/(monkey (9)) : <b>The monkey (9)</b> jumps! (184,119,2)
[17:32:45]ADMIN: Noober84555/(Flamescale Zakuto) has entered build mode.
[17:32:45]ADMIN: Build Mode: Noober84555/(Flamescale Zakuto) built the floor at (107,114,2)
[17:32:46]ADMIN: Build Mode: Noober84555/(Flamescale Zakuto) built the wall at (107,114,2)
[17:32:46]ADMIN: Build Mode: Noober84555/(Flamescale Zakuto) built the reinforced wall at (107,114,2)
[17:32:49]GAME: Explosion with size (0, 0, 3, 0) in area DAB Studio (Video Recording) (60,277,2)
[17:32:57]SAY: Swanson/ : Woof! (111,142,2)
[17:32:57]EMOTE: *no key*/(grey baby slime (862)) : <b>The grey baby slime (862)</b> lights up for a bit, then stops. (104,163,2)
[17:32:58]EMOTE: Arthurfelipe12/(Angel Dude) : <b>TERRORIST</b> screams! (43,279,2)
[17:32:59]ADMIN: Noober84555/(Flamescale Zakuto) jumped to Momo1911/(Gordon Ramsay)
[17:32:59]GAME: Stormin5532/(Janel Field) (job: MASON KILLERS) committed suicide at Abandoned Library.
[17:32:59]GAME: Radiation pulse with intensity:3000 and range modifier:2 in area Abandoned Library 
[17:33:00]ACCESS: Mob Login: Stormin5532/(Janel Field) was assigned to a /mob/dead/observer
[17:33:01]EMOTE: *no key*/(Persephone) : <b>Persephone</b> stretches out for a belly rub. (169,138,2)
[17:33:05]EMOTE: *no key*/(Persephone) : <b>Persephone</b> crouches on its hind legs. (169,138,2)
[17:33:06]EMOTE: Arthurfelipe12/(Angel Dude) : <b>TERRORIST</b> screams! (46,279,2)
[17:33:11]EMOTE: Momo1911/(Gordon Ramsay) : <b>Gordon Ramsay</b> seizes up and falls limp, his eyes dead and lifeless... (63,279,2)
[17:33:11]EMOTE: *no key*/(Persephone) : <b>Persephone</b> lies down. (169,138,2)
[17:33:11]ACCESS: Logout: Stormin5532/(Janel Field)
[17:33:16]SAY: Poly/ : What kind of medbay is this? Everyone&#39;s dropping like flies. (80,190,2)
[17:33:18]EMOTE: *no key*/(mouse) : <b>The mouse</b> shakes. (206,227,2)
[17:33:19]GAME: <a href='?priv_msg=noober84555'>Noober84555</a>/(Flamescale Zakuto) checked the player panel while in game.
[17:33:20]ADMIN: Noober84555/(Flamescale Zakuto) healed / Revived Momo1911/(Gordon Ramsay).
[17:33:40]EMOTE: *no key*/(Persephone) : <b>Persephone</b> looks alert. (169,138,2)
[17:33:41]EMOTE: *no key*/(Citrus) : <b>Citrus</b> snores. (170,221,2)
[17:33:44]EMOTE: *no key*/(monkey (315)) : <b>The monkey (315)</b> jumps! (203,25,2)
[17:33:45]GAME: Arthurfelipe12/(Angel Dude) planted C4 on wall at (70,276,2) with 10 second fuse
[17:34:05]GAME: Explosion with size (0, 0, 3, 0) in area DAB Studio (Video Recording) (70,276,2)
[17:34:07]GAME: Arthurfelipe12/(Angel Dude) planted C4 on wall at (62,277,2) with 10 second fuse
[17:34:08]SAY: Nobody's Perfect/ : There&#39;s always a catch, and I&#39;m the best there is. (24,75,1)
[17:34:11]EMOTE: *no key*/(monkey (524)) : <b>The monkey (524)</b> scratches. (184,118,2)
[17:34:18]GAME: Explosion with size (0, 0, 3, 0) in area DAB Studio (Video Recording) (62,277,2)
[17:34:27]EMOTE: *no key*/(monkey (417)) : <b>The monkey (417)</b> jumps! (186,118,2)
[17:34:29]EMOTE: *no key*/(Persephone) : <b>Persephone</b> looks alert. (169,138,2)
[17:34:29]EMOTE: Arthurfelipe12/(Angel Dude) : <b>TERRORIST</b> screams! (42,279,2)
[17:34:36]ADMIN: Noober84555/(Flamescale Zakuto) played sound YOUR NOW A NOODLE.ogg
[17:34:40]EMOTE: Momo1911/(Gordon Ramsay) : <b>Gordon Ramsay</b> seizes up and falls limp, his eyes dead and lifeless... (31,279,2)
[17:34:42]EMOTE: *no key*/(Renault) : <b>Renault</b> shivers. (153,194,2)
[17:34:43]EMOTE: *no key*/(monkey (241)) : <b>The monkey (241)</b> rolls. (187,8,2)
[17:34:51]SAY: grey baby slime (699)/ : Blorble... (107,152,2)
[17:34:54]EMOTE: *no key*/(Citrus) : <b>Citrus</b> snores. (171,222,2)
[17:34:56]EMOTE: *no key*/(Citrus) : <b>Citrus</b> dozes off. (171,222,2)
[17:35:01]ADMINPRIVATE: Ticket #1: Momo1911/(Gordon Ramsay): god moed me - heard by 1 non-AFK admins who have +BAN.
[17:35:03]EMOTE: *no key*/(monkey (524)) : <b>The monkey (524)</b> scratches. (184,119,2)
[17:35:11]SAY: emergency medibot/ : I knew it, I should&#39;ve been a plastic surgeon. (222,84,1)
[17:35:11]SAY: mouse/ : SQUEEK! (207,227,2)
[17:35:11]ADMIN: Noober84555/(Flamescale Zakuto) jumped to Momo1911/(Gordon Ramsay)
[17:35:14]GAME: <a href='?priv_msg=noober84555'>Noober84555</a>/(Flamescale Zakuto) checked the player panel while in game.
[17:35:15]ADMIN: Noober84555/(Flamescale Zakuto) healed / Revived Momo1911/(Gordon Ramsay).
[17:35:19]ADMIN: Noober84555/(Flamescale Zakuto) has toggled Momo1911/(Gordon Ramsay)'s nodamage to On
[17:35:23]ADMINPRIVATE: PM: Noober84555/(Flamescale Zakuto)->Momo1911/(Gordon Ramsay): ok done
[17:35:29]ADMINPRIVATE: PM: Momo1911/(Gordon Ramsay)->Noober84555/(Flamescale Zakuto): thx
[17:35:30]EMOTE: *no key*/(monkey (194)) : <b>The monkey (194)</b> rolls. (160,142,2)
[17:35:38]EMOTE: *no key*/(monkey (9)) : <b>The monkey (9)</b> rolls. (187,118,2)
[17:35:43]ADMINPRIVATE: PM: Momo1911/(Gordon Ramsay)->Noober84555/(Flamescale Zakuto): i MEAN MAKE GOOD FOOD!!!
[17:35:52]SAY: grey baby slime (699)/ : Where food? (108,151,2)
[17:35:54]EMOTE: *no key*/(monkey (98)) : <b>The monkey (98)</b> waves his tail. (160,139,2)
[17:35:56]EMOTE: *no key*/(monkey (194)) : <b>The monkey (194)</b> rolls. (160,142,2)
[17:35:56]SAY: mouse/ : Squeek! (205,227,2)
[17:36:00]EMOTE: *no key*/(Poly) : <b>Poly</b> squawks. (80,190,2)
[17:36:11]EMOTE: Momo1911/(Gordon Ramsay) : <b>Gordon Ramsay</b> seizes up and falls limp, his eyes dead and lifeless... (31,279,2)
[17:36:19]EMOTE: *no key*/(Persephone) : <b>Persephone</b> shivers (169,138,2)
[17:36:21]SAY: Renault/ : Ack-Ack-Ack-Ackawoooo (152,195,2)
[17:37:04]EMOTE: *no key*/(monkey (241)) : <b>The monkey (241)</b> scratches. (187,8,2)
[17:37:10]ACCESS: Login: MrStonedOne from 24.18.54.160-755797302 || BYOND v512
[17:37:10]ACCESS: Mob Login: MrStonedOne/(MrStonedOne) was assigned to a /mob/dead/new_player
[17:37:10]EMOTE: *no key*/(monkey (9)) : <b>The monkey (9)</b> rolls. (186,118,2)
[17:37:14]SAY: Nobody's Perfect/ : What kind of medbay is this? Everyone&#39;s dropping like flies. (24,75,1)
[17:37:22]EMOTE: *no key*/(grey baby slime (44)) : <b>The grey baby slime (44)</b> jiggles! (112,163,2)
[17:37:23]ACCESS: Mob Login: MrStonedOne/(ghost) was assigned to a /mob/dead/observer
[17:37:27]EMOTE: *no key*/(monkey (241)) : <b>The monkey (241)</b> jumps! (187,8,2)
[17:37:29]EMOTE: *no key*/(monkey (524)) : <b>The monkey (524)</b> jumps! (184,118,2)
[17:37:31]EMOTE: *no key*/(monkey (750)) : <b>The monkey (750)</b> scratches. (204,21,2)
[17:37:38]GAME: Arthurfelipe12/(Angel Dude) has primed a syndicate minibomb for detonation at DAB Studio (Video Recording) (37,279,2).
[17:37:43]GAME: Explosion with size (0, 1, 4, 2) in area DAB Studio (Video Recording) (31,279,2)
[17:37:44]SAY: Medibot/ : Delicious! (155,73,1)
[17:37:46]ACCESS: Logout: Noober84555/(Flamescale Zakuto)
[17:37:47]ACCESS: Logout: Momo1911/(Gordon Ramsay)
[17:37:47]ACCESS: Logout: Arthurfelipe12/(Angel Dude)
[17:37:48]ACCESS: Logout: MrStonedOne/(Shiloh Smirnov)
