

Starting up round ID . 18:51:45
---------------------
Initialized Blackbox subsystem within 0 seconds!
Initialized Server Tasks subsystem within 0 seconds!
Initialized Events subsystem within 0 seconds!
runtime error: 
[18:51:46]cannot read from list
[18:51:46]proc name: LoadJobs (/datum/controller/subsystem/job/proc/LoadJobs)
[18:51:46]  source file: job.dm,448
[18:51:46]  usr: null
[18:51:46]  src: Jobs (/datum/controller/subsystem/job)
[18:51:46]  call stack:
[18:51:46]Jobs (/datum/controller/subsystem/job): LoadJobs()
[18:51:46]Jobs (/datum/controller/subsystem/job): Initialize(823062)
[18:51:46]Master (/datum/controller/master): Initialize(10, 0)
Initialized Jobs subsystem within 0 seconds!
Initialized Ticker subsystem within 0.1 seconds!
Loading Delta Station...
runtime error: 
[18:53:03]Cannot execute /datum/plant_gene/trait/glow (/datum/plant_gene/trait/glow).glow range().
[18:53:03]proc name: New (/obj/structure/glowshroom/New)
[18:53:03]  source file: glowshroom.dm,63
[18:53:03]  usr: null
[18:53:03]  src: the glowshroom (/obj/structure/glowshroom/single)
[18:53:03]  src.loc: Cave Floor (303,71,2) (/turf/open/floor/plating/asteroid)
[18:53:03]  call stack:
[18:53:03]the glowshroom (/obj/structure/glowshroom/single): New(Cave Floor (303,71,2) (/turf/open/floor/plating/asteroid), null, null)
[18:53:03]/dmm_suite (/dmm_suite): create atom(/obj/structure/glowshroom/sing... (/obj/structure/glowshroom/single), Cave Floor (303,71,2) (/turf/open/floor/plating/asteroid))
[18:53:03]/dmm_suite (/dmm_suite): instance atom(/obj/structure/glowshroom/sing... (/obj/structure/glowshroom/single), /list (/list), Cave Floor (303,71,2) (/turf/open/floor/plating/asteroid), 1)
[18:53:03]/dmm_suite (/dmm_suite): parse grid("/obj/structure/glowshroom/sing...", "eAY", 303, 71, 2, 1)
[18:53:03]/dmm_suite (/dmm_suite): load map impl(_maps/map_files/Deltastation/D..., 1, 1, 2, null, null, 1, -1e+031, 1e+031, -1e+031, 1e+031)
[18:53:03]/dmm_suite (/dmm_suite): load map(_maps/map_files/Deltastation/D..., 0, 0, 2, null, null, 1, null, null, null, null)
[18:53:03]Mapping (/datum/controller/subsystem/mapping): TryLoadZ("_maps/map_files/Deltastation/D...", /list (/list), 2, null)
[18:53:03]Mapping (/datum/controller/subsystem/mapping): loadWorld()
[18:53:03]Mapping (/datum/controller/subsystem/mapping): Initialize(823063)
[18:53:03]Master (/datum/controller/master): Initialize(10, 0)
runtime error: 
[18:53:03]Cannot execute /datum/plant_gene/trait/glow (/datum/plant_gene/trait/glow).glow range().
[18:53:03]proc name: New (/obj/structure/glowshroom/New)
[18:53:03]  source file: glowshroom.dm,63
[18:53:03]  usr: null
[18:53:03]  src: the glowshroom (/obj/structure/glowshroom/single)
[18:53:03]  src.loc: Cave Floor (306,70,2) (/turf/open/floor/plating/asteroid)
[18:53:03]  call stack:
[18:53:03]the glowshroom (/obj/structure/glowshroom/single): New(Cave Floor (306,70,2) (/turf/open/floor/plating/asteroid), null, null)
[18:53:03]/dmm_suite (/dmm_suite): create atom(/obj/structure/glowshroom/sing... (/obj/structure/glowshroom/single), Cave Floor (306,70,2) (/turf/open/floor/plating/asteroid))
[18:53:03]/dmm_suite (/dmm_suite): instance atom(/obj/structure/glowshroom/sing... (/obj/structure/glowshroom/single), /list (/list), Cave Floor (306,70,2) (/turf/open/floor/plating/asteroid), 1)
[18:53:03]/dmm_suite (/dmm_suite): parse grid("/obj/structure/glowshroom/sing...", "eAY", 306, 70, 2, 1)
[18:53:03]/dmm_suite (/dmm_suite): load map impl(_maps/map_files/Deltastation/D..., 1, 1, 2, null, null, 1, -1e+031, 1e+031, -1e+031, 1e+031)
[18:53:03]/dmm_suite (/dmm_suite): load map(_maps/map_files/Deltastation/D..., 0, 0, 2, null, null, 1, null, null, null, null)
[18:53:03]Mapping (/datum/controller/subsystem/mapping): TryLoadZ("_maps/map_files/Deltastation/D...", /list (/list), 2, null)
[18:53:03]Mapping (/datum/controller/subsystem/mapping): loadWorld()
[18:53:03]Mapping (/datum/controller/subsystem/mapping): Initialize(823063)
[18:53:03]Master (/datum/controller/master): Initialize(10, 0)
runtime error: 
[18:53:03]Cannot execute /datum/plant_gene/trait/glow (/datum/plant_gene/trait/glow).glow range().
[18:53:03]proc name: New (/obj/structure/glowshroom/New)
[18:53:03]  source file: glowshroom.dm,63
[18:53:03]  usr: null
[18:53:03]  src: the glowshroom (/obj/structure/glowshroom/single)
[18:53:03]  src.loc: Cave Floor (309,70,2) (/turf/open/floor/plating/asteroid)
[18:53:03]  call stack:
[18:53:03]the glowshroom (/obj/structure/glowshroom/single): New(Cave Floor (309,70,2) (/turf/open/floor/plating/asteroid), null, null)
[18:53:03]/dmm_suite (/dmm_suite): create atom(/obj/structure/glowshroom/sing... (/obj/structure/glowshroom/single), Cave Floor (309,70,2) (/turf/open/floor/plating/asteroid))
[18:53:03]/dmm_suite (/dmm_suite): instance atom(/obj/structure/glowshroom/sing... (/obj/structure/glowshroom/single), /list (/list), Cave Floor (309,70,2) (/turf/open/floor/plating/asteroid), 1)
[18:53:03]/dmm_suite (/dmm_suite): parse grid("/obj/structure/glowshroom/sing...", "eAY", 309, 70, 2, 1)
[18:53:03]/dmm_suite (/dmm_suite): load map impl(_maps/map_files/Deltastation/D..., 1, 1, 2, null, null, 1, -1e+031, 1e+031, -1e+031, 1e+031)
[18:53:03]/dmm_suite (/dmm_suite): load map(_maps/map_files/Deltastation/D..., 0, 0, 2, null, null, 1, null, null, null, null)
[18:53:03]Mapping (/datum/controller/subsystem/mapping): TryLoadZ("_maps/map_files/Deltastation/D...", /list (/list), 2, null)
[18:53:03]Mapping (/datum/controller/subsystem/mapping): loadWorld()
[18:53:03]Mapping (/datum/controller/subsystem/mapping): Initialize(823063)
[18:53:03]Master (/datum/controller/master): Initialize(10, 0)
runtime error: 
[18:53:03]Cannot execute /datum/plant_gene/trait/glow (/datum/plant_gene/trait/glow).glow range().
[18:53:03]proc name: New (/obj/structure/glowshroom/New)
[18:53:03]  source file: glowshroom.dm,63
[18:53:03]  usr: null
[18:53:03]  src: the glowshroom (/obj/structure/glowshroom/single)
[18:53:03]  src.loc: Cave Floor (302,69,2) (/turf/open/floor/plating/asteroid)
[18:53:03]  call stack:
[18:53:03]the glowshroom (/obj/structure/glowshroom/single): New(Cave Floor (302,69,2) (/turf/open/floor/plating/asteroid), null, null)
[18:53:03]/dmm_suite (/dmm_suite): create atom(/obj/structure/glowshroom/sing... (/obj/structure/glowshroom/single), Cave Floor (302,69,2) (/turf/open/floor/plating/asteroid))
[18:53:03]/dmm_suite (/dmm_suite): instance atom(/obj/structure/glowshroom/sing... (/obj/structure/glowshroom/single), /list (/list), Cave Floor (302,69,2) (/turf/open/floor/plating/asteroid), 1)
[18:53:03]/dmm_suite (/dmm_suite): parse grid("/obj/structure/glowshroom/sing...", "eAY", 302, 69, 2, 1)
[18:53:03]/dmm_suite (/dmm_suite): load map impl(_maps/map_files/Deltastation/D..., 1, 1, 2, null, null, 1, -1e+031, 1e+031, -1e+031, 1e+031)
[18:53:03]/dmm_suite (/dmm_suite): load map(_maps/map_files/Deltastation/D..., 0, 0, 2, null, null, 1, null, null, null, null)
[18:53:03]Mapping (/datum/controller/subsystem/mapping): TryLoadZ("_maps/map_files/Deltastation/D...", /list (/list), 2, null)
[18:53:03]Mapping (/datum/controller/subsystem/mapping): loadWorld()
[18:53:03]Mapping (/datum/controller/subsystem/mapping): Initialize(823063)
[18:53:03]Master (/datum/controller/master): Initialize(10, 0)
runtime error: 
[18:53:04]Cannot execute /datum/plant_gene/trait/glow (/datum/plant_gene/trait/glow).glow range().
[18:53:04]proc name: New (/obj/structure/glowshroom/New)
[18:53:04]  source file: glowshroom.dm,63
[18:53:04]  usr: null
[18:53:04]  src: the glowshroom (/obj/structure/glowshroom/single)
[18:53:04]  src.loc: Cave Floor (296,55,2) (/turf/open/floor/plating/asteroid)
[18:53:04]  call stack:
[18:53:04]the glowshroom (/obj/structure/glowshroom/single): New(Cave Floor (296,55,2) (/turf/open/floor/plating/asteroid), null, null)
[18:53:04]/dmm_suite (/dmm_suite): create atom(/obj/structure/glowshroom/sing... (/obj/structure/glowshroom/single), Cave Floor (296,55,2) (/turf/open/floor/plating/asteroid))
[18:53:04]/dmm_suite (/dmm_suite): instance atom(/obj/structure/glowshroom/sing... (/obj/structure/glowshroom/single), /list (/list), Cave Floor (296,55,2) (/turf/open/floor/plating/asteroid), 1)
[18:53:04]/dmm_suite (/dmm_suite): parse grid("/obj/structure/glowshroom/sing...", "eFL", 296, 55, 2, 1)
[18:53:04]/dmm_suite (/dmm_suite): load map impl(_maps/map_files/Deltastation/D..., 1, 1, 2, null, null, 1, -1e+031, 1e+031, -1e+031, 1e+031)
[18:53:04]/dmm_suite (/dmm_suite): load map(_maps/map_files/Deltastation/D..., 0, 0, 2, null, null, 1, null, null, null, null)
[18:53:04]Mapping (/datum/controller/subsystem/mapping): TryLoadZ("_maps/map_files/Deltastation/D...", /list (/list), 2, null)
[18:53:04]Mapping (/datum/controller/subsystem/mapping): loadWorld()
[18:53:04]Mapping (/datum/controller/subsystem/mapping): Initialize(823063)
[18:53:04]Master (/datum/controller/master): Initialize(10, 0)
runtime error: 
[18:53:04]Cannot execute /datum/plant_gene/trait/glow (/datum/plant_gene/trait/glow).glow range().
[18:53:04]proc name: New (/obj/structure/glowshroom/New)
[18:53:04]  source file: glowshroom.dm,63
[18:53:04]  usr: null
[18:53:04]  src: the glowshroom (/obj/structure/glowshroom/single)
[18:53:04]  src.loc: Cave Floor (299,55,2) (/turf/open/floor/plating/asteroid)
[18:53:04]  call stack:
[18:53:04]the glowshroom (/obj/structure/glowshroom/single): New(Cave Floor (299,55,2) (/turf/open/floor/plating/asteroid), null, null)
[18:53:04]/dmm_suite (/dmm_suite): create atom(/obj/structure/glowshroom/sing... (/obj/structure/glowshroom/single), Cave Floor (299,55,2) (/turf/open/floor/plating/asteroid))
[18:53:04]/dmm_suite (/dmm_suite): instance atom(/obj/structure/glowshroom/sing... (/obj/structure/glowshroom/single), /list (/list), Cave Floor (299,55,2) (/turf/open/floor/plating/asteroid), 1)
[18:53:04]/dmm_suite (/dmm_suite): parse grid("/obj/structure/glowshroom/sing...", "eFL", 299, 55, 2, 1)
[18:53:04]/dmm_suite (/dmm_suite): load map impl(_maps/map_files/Deltastation/D..., 1, 1, 2, null, null, 1, -1e+031, 1e+031, -1e+031, 1e+031)
[18:53:04]/dmm_suite (/dmm_suite): load map(_maps/map_files/Deltastation/D..., 0, 0, 2, null, null, 1, null, null, null, null)
[18:53:04]Mapping (/datum/controller/subsystem/mapping): TryLoadZ("_maps/map_files/Deltastation/D...", /list (/list), 2, null)
[18:53:04]Mapping (/datum/controller/subsystem/mapping): loadWorld()
[18:53:04]Mapping (/datum/controller/subsystem/mapping): Initialize(823063)
[18:53:04]Master (/datum/controller/master): Initialize(10, 0)
runtime error: 
[18:53:04]Cannot execute /datum/plant_gene/trait/glow (/datum/plant_gene/trait/glow).glow range().
[18:53:04]proc name: New (/obj/structure/glowshroom/New)
[18:53:04]  source file: glowshroom.dm,63
[18:53:04]  usr: null
[18:53:04]  src: the glowshroom (/obj/structure/glowshroom/single)
[18:53:04]  src.loc: Cave Floor (283,53,2) (/turf/open/floor/plating/asteroid)
[18:53:04]  call stack:
[18:53:04]the glowshroom (/obj/structure/glowshroom/single): New(Cave Floor (283,53,2) (/turf/open/floor/plating/asteroid), null, null)
[18:53:04]/dmm_suite (/dmm_suite): create atom(/obj/structure/glowshroom/sing... (/obj/structure/glowshroom/single), Cave Floor (283,53,2) (/turf/open/floor/plating/asteroid))
[18:53:04]/dmm_suite (/dmm_suite): instance atom(/obj/structure/glowshroom/sing... (/obj/structure/glowshroom/single), /list (/list), Cave Floor (283,53,2) (/turf/open/floor/plating/asteroid), 1)
[18:53:04]/dmm_suite (/dmm_suite): parse grid("/obj/structure/glowshroom/sing...", "eFL", 283, 53, 2, 1)
[18:53:04]/dmm_suite (/dmm_suite): load map impl(_maps/map_files/Deltastation/D..., 1, 1, 2, null, null, 1, -1e+031, 1e+031, -1e+031, 1e+031)
[18:53:04]/dmm_suite (/dmm_suite): load map(_maps/map_files/Deltastation/D..., 0, 0, 2, null, null, 1, null, null, null, null)
[18:53:04]Mapping (/datum/controller/subsystem/mapping): TryLoadZ("_maps/map_files/Deltastation/D...", /list (/list), 2, null)
[18:53:04]Mapping (/datum/controller/subsystem/mapping): loadWorld()
[18:53:04]Mapping (/datum/controller/subsystem/mapping): Initialize(823063)
[18:53:04]Master (/datum/controller/master): Initialize(10, 0)
runtime error: 
[18:53:04]Cannot execute /datum/plant_gene/trait/glow (/datum/plant_gene/trait/glow).glow range().
[18:53:04]proc name: New (/obj/structure/glowshroom/New)
[18:53:04]  source file: glowshroom.dm,63
[18:53:04]  usr: null
[18:53:04]  src: the glowshroom (/obj/structure/glowshroom/single)
[18:53:04]  src.loc: Cave Floor (302,53,2) (/turf/open/floor/plating/asteroid)
[18:53:04]  call stack:
[18:53:04]the glowshroom (/obj/structure/glowshroom/single): New(Cave Floor (302,53,2) (/turf/open/floor/plating/asteroid), null, null)
[18:53:04]/dmm_suite (/dmm_suite): create atom(/obj/structure/glowshroom/sing... (/obj/structure/glowshroom/single), Cave Floor (302,53,2) (/turf/open/floor/plating/asteroid))
[18:53:04]/dmm_suite (/dmm_suite): instance atom(/obj/structure/glowshroom/sing... (/obj/structure/glowshroom/single), /list (/list), Cave Floor (302,53,2) (/turf/open/floor/plating/asteroid), 1)
[18:53:04]/dmm_suite (/dmm_suite): parse grid("/obj/structure/glowshroom/sing...", "eFL", 302, 53, 2, 1)
[18:53:04]/dmm_suite (/dmm_suite): load map impl(_maps/map_files/Deltastation/D..., 1, 1, 2, null, null, 1, -1e+031, 1e+031, -1e+031, 1e+031)
[18:53:04]/dmm_suite (/dmm_suite): load map(_maps/map_files/Deltastation/D..., 0, 0, 2, null, null, 1, null, null, null, null)
[18:53:04]Mapping (/datum/controller/subsystem/mapping): TryLoadZ("_maps/map_files/Deltastation/D...", /list (/list), 2, null)
[18:53:04]Mapping (/datum/controller/subsystem/mapping): loadWorld()
[18:53:04]Mapping (/datum/controller/subsystem/mapping): Initialize(823063)
[18:53:04]Master (/datum/controller/master): Initialize(10, 0)
runtime error: 
[18:53:04]Cannot execute /datum/plant_gene/trait/glow (/datum/plant_gene/trait/glow).glow range().
[18:53:04]proc name: New (/obj/structure/glowshroom/New)
[18:53:04]  source file: glowshroom.dm,63
[18:53:04]  usr: null
[18:53:04]  src: the glowshroom (/obj/structure/glowshroom/single)
[18:53:04]  src.loc: Cave Floor (276,52,2) (/turf/open/floor/plating/asteroid)
[18:53:04]  call stack:
[18:53:04]the glowshroom (/obj/structure/glowshroom/single): New(Cave Floor (276,52,2) (/turf/open/floor/plating/asteroid), null, null)
[18:53:04]/dmm_suite (/dmm_suite): create atom(/obj/structure/glowshroom/sing... (/obj/structure/glowshroom/single), Cave Floor (276,52,2) (/turf/open/floor/plating/asteroid))
[18:53:04]/dmm_suite (/dmm_suite): instance atom(/obj/structure/glowshroom/sing... (/obj/structure/glowshroom/single), /list (/list), Cave Floor (276,52,2) (/turf/open/floor/plating/asteroid), 1)
[18:53:04]/dmm_suite (/dmm_suite): parse grid("/obj/structure/glowshroom/sing...", "eFL", 276, 52, 2, 1)
[18:53:04]/dmm_suite (/dmm_suite): load map impl(_maps/map_files/Deltastation/D..., 1, 1, 2, null, null, 1, -1e+031, 1e+031, -1e+031, 1e+031)
[18:53:04]/dmm_suite (/dmm_suite): load map(_maps/map_files/Deltastation/D..., 0, 0, 2, null, null, 1, null, null, null, null)
[18:53:04]Mapping (/datum/controller/subsystem/mapping): TryLoadZ("_maps/map_files/Deltastation/D...", /list (/list), 2, null)
[18:53:04]Mapping (/datum/controller/subsystem/mapping): loadWorld()
[18:53:04]Mapping (/datum/controller/subsystem/mapping): Initialize(823063)
[18:53:04]Master (/datum/controller/master): Initialize(10, 0)
runtime error: 
[18:53:04]Cannot execute /datum/plant_gene/trait/glow (/datum/plant_gene/trait/glow).glow range().
[18:53:04]proc name: New (/obj/structure/glowshroom/New)
[18:53:04]  source file: glowshroom.dm,63
[18:53:04]  usr: null
[18:53:04]  src: the glowshroom (/obj/structure/glowshroom/single)
[18:53:04]  src.loc: Cave Floor (292,51,2) (/turf/open/floor/plating/asteroid)
[18:53:04]  call stack:
[18:53:04]the glowshroom (/obj/structure/glowshroom/single): New(Cave Floor (292,51,2) (/turf/open/floor/plating/asteroid), null, null)
[18:53:04]/dmm_suite (/dmm_suite): create atom(/obj/structure/glowshroom/sing... (/obj/structure/glowshroom/single), Cave Floor (292,51,2) (/turf/open/floor/plating/asteroid))
[18:53:04]/dmm_suite (/dmm_suite): instance atom(/obj/structure/glowshroom/sing... (/obj/structure/glowshroom/single), /list (/list), Cave Floor (292,51,2) (/turf/open/floor/plating/asteroid), 1)
[18:53:04]/dmm_suite (/dmm_suite): parse grid("/obj/structure/glowshroom/sing...", "eFL", 292, 51, 2, 1)
[18:53:04]/dmm_suite (/dmm_suite): load map impl(_maps/map_files/Deltastation/D..., 1, 1, 2, null, null, 1, -1e+031, 1e+031, -1e+031, 1e+031)
[18:53:04]/dmm_suite (/dmm_suite): load map(_maps/map_files/Deltastation/D..., 0, 0, 2, null, null, 1, null, null, null, null)
[18:53:04]Mapping (/datum/controller/subsystem/mapping): TryLoadZ("_maps/map_files/Deltastation/D...", /list (/list), 2, null)
[18:53:04]Mapping (/datum/controller/subsystem/mapping): loadWorld()
[18:53:04]Mapping (/datum/controller/subsystem/mapping): Initialize(823063)
[18:53:04]Master (/datum/controller/master): Initialize(10, 0)
runtime error: 
[18:53:04]Cannot execute /datum/plant_gene/trait/glow (/datum/plant_gene/trait/glow).glow range().
[18:53:04]proc name: New (/obj/structure/glowshroom/New)
[18:53:04]  source file: glowshroom.dm,63
[18:53:04]  usr: null
[18:53:04]  src: the glowshroom (/obj/structure/glowshroom/single)
[18:53:04]  src.loc: Cave Floor (295,51,2) (/turf/open/floor/plating/asteroid)
[18:53:04]  call stack:
[18:53:04]the glowshroom (/obj/structure/glowshroom/single): New(Cave Floor (295,51,2) (/turf/open/floor/plating/asteroid), null, null)
[18:53:04]/dmm_suite (/dmm_suite): create atom(/obj/structure/glowshroom/sing... (/obj/structure/glowshroom/single), Cave Floor (295,51,2) (/turf/open/floor/plating/asteroid))
[18:53:04]/dmm_suite (/dmm_suite): instance atom(/obj/structure/glowshroom/sing... (/obj/structure/glowshroom/single), /list (/list), Cave Floor (295,51,2) (/turf/open/floor/plating/asteroid), 1)
[18:53:04]/dmm_suite (/dmm_suite): parse grid("/obj/structure/glowshroom/sing...", "eFL", 295, 51, 2, 1)
[18:53:04]/dmm_suite (/dmm_suite): load map impl(_maps/map_files/Deltastation/D..., 1, 1, 2, null, null, 1, -1e+031, 1e+031, -1e+031, 1e+031)
[18:53:04]/dmm_suite (/dmm_suite): load map(_maps/map_files/Deltastation/D..., 0, 0, 2, null, null, 1, null, null, null, null)
[18:53:04]Mapping (/datum/controller/subsystem/mapping): TryLoadZ("_maps/map_files/Deltastation/D...", /list (/list), 2, null)
[18:53:04]Mapping (/datum/controller/subsystem/mapping): loadWorld()
[18:53:04]Mapping (/datum/controller/subsystem/mapping): Initialize(823063)
[18:53:04]Master (/datum/controller/master): Initialize(10, 0)
runtime error: 
[18:53:04]Cannot execute /datum/plant_gene/trait/glow (/datum/plant_gene/trait/glow).glow range().
[18:53:04]proc name: New (/obj/structure/glowshroom/New)
[18:53:04]  source file: glowshroom.dm,63
[18:53:04]  usr: null
[18:53:04]  src: the glowshroom (/obj/structure/glowshroom/single)
[18:53:04]  src.loc: Cave Floor (258,49,2) (/turf/open/floor/plating/asteroid)
[18:53:04]  call stack:
[18:53:04]the glowshroom (/obj/structure/glowshroom/single): New(Cave Floor (258,49,2) (/turf/open/floor/plating/asteroid), null, null)
[18:53:04]/dmm_suite (/dmm_suite): create atom(/obj/structure/glowshroom/sing... (/obj/structure/glowshroom/single), Cave Floor (258,49,2) (/turf/open/floor/plating/asteroid))
[18:53:04]/dmm_suite (/dmm_suite): instance atom(/obj/structure/glowshroom/sing... (/obj/structure/glowshroom/single), /list (/list), Cave Floor (258,49,2) (/turf/open/floor/plating/asteroid), 1)
[18:53:04]/dmm_suite (/dmm_suite): parse grid("/obj/structure/glowshroom/sing...", "eFL", 258, 49, 2, 1)
[18:53:04]/dmm_suite (/dmm_suite): load map impl(_maps/map_files/Deltastation/D..., 1, 1, 2, null, null, 1, -1e+031, 1e+031, -1e+031, 1e+031)
[18:53:04]/dmm_suite (/dmm_suite): load map(_maps/map_files/Deltastation/D..., 0, 0, 2, null, null, 1, null, null, null, null)
[18:53:04]Mapping (/datum/controller/subsystem/mapping): TryLoadZ("_maps/map_files/Deltastation/D...", /list (/list), 2, null)
[18:53:04]Mapping (/datum/controller/subsystem/mapping): loadWorld()
[18:53:04]Mapping (/datum/controller/subsystem/mapping): Initialize(823063)
[18:53:04]Master (/datum/controller/master): Initialize(10, 0)
runtime error: 
[18:53:04]Cannot execute /datum/plant_gene/trait/glow (/datum/plant_gene/trait/glow).glow range().
[18:53:04]proc name: New (/obj/structure/glowshroom/New)
[18:53:04]  source file: glowshroom.dm,63
[18:53:04]  usr: null
[18:53:04]  src: the glowshroom (/obj/structure/glowshroom/single)
[18:53:04]  src.loc: Cave Floor (275,49,2) (/turf/open/floor/plating/asteroid)
[18:53:04]  call stack:
[18:53:04]the glowshroom (/obj/structure/glowshroom/single): New(Cave Floor (275,49,2) (/turf/open/floor/plating/asteroid), null, null)
[18:53:04]/dmm_suite (/dmm_suite): create atom(/obj/structure/glowshroom/sing... (/obj/structure/glowshroom/single), Cave Floor (275,49,2) (/turf/open/floor/plating/asteroid))
[18:53:04]/dmm_suite (/dmm_suite): instance atom(/obj/structure/glowshroom/sing... (/obj/structure/glowshroom/single), /list (/list), Cave Floor (275,49,2) (/turf/open/floor/plating/asteroid), 1)
[18:53:04]/dmm_suite (/dmm_suite): parse grid("/obj/structure/glowshroom/sing...", "eFL", 275, 49, 2, 1)
[18:53:04]/dmm_suite (/dmm_suite): load map impl(_maps/map_files/Deltastation/D..., 1, 1, 2, null, null, 1, -1e+031, 1e+031, -1e+031, 1e+031)
[18:53:04]/dmm_suite (/dmm_suite): load map(_maps/map_files/Deltastation/D..., 0, 0, 2, null, null, 1, null, null, null, null)
[18:53:04]Mapping (/datum/controller/subsystem/mapping): TryLoadZ("_maps/map_files/Deltastation/D...", /list (/list), 2, null)
[18:53:04]Mapping (/datum/controller/subsystem/mapping): loadWorld()
[18:53:04]Mapping (/datum/controller/subsystem/mapping): Initialize(823063)
[18:53:04]Master (/datum/controller/master): Initialize(10, 0)
runtime error: 
[18:53:04]Cannot execute /datum/plant_gene/trait/glow (/datum/plant_gene/trait/glow).glow range().
[18:53:04]proc name: New (/obj/structure/glowshroom/New)
[18:53:04]  source file: glowshroom.dm,63
[18:53:04]  usr: null
[18:53:04]  src: the glowshroom (/obj/structure/glowshroom/single)
[18:53:04]  src.loc: Cave Floor (261,48,2) (/turf/open/floor/plating/asteroid)
[18:53:04]  call stack:
[18:53:04]the glowshroom (/obj/structure/glowshroom/single): New(Cave Floor (261,48,2) (/turf/open/floor/plating/asteroid), null, null)
[18:53:04]/dmm_suite (/dmm_suite): create atom(/obj/structure/glowshroom/sing... (/obj/structure/glowshroom/single), Cave Floor (261,48,2) (/turf/open/floor/plating/asteroid))
[18:53:04]/dmm_suite (/dmm_suite): instance atom(/obj/structure/glowshroom/sing... (/obj/structure/glowshroom/single), /list (/list), Cave Floor (261,48,2) (/turf/open/floor/plating/asteroid), 1)
[18:53:04]/dmm_suite (/dmm_suite): parse grid("/obj/structure/glowshroom/sing...", "eFL", 261, 48, 2, 1)
[18:53:04]/dmm_suite (/dmm_suite): load map impl(_maps/map_files/Deltastation/D..., 1, 1, 2, null, null, 1, -1e+031, 1e+031, -1e+031, 1e+031)
[18:53:04]/dmm_suite (/dmm_suite): load map(_maps/map_files/Deltastation/D..., 0, 0, 2, null, null, 1, null, null, null, null)
[18:53:04]Mapping (/datum/controller/subsystem/mapping): TryLoadZ("_maps/map_files/Deltastation/D...", /list (/list), 2, null)
[18:53:04]Mapping (/datum/controller/subsystem/mapping): loadWorld()
[18:53:04]Mapping (/datum/controller/subsystem/mapping): Initialize(823063)
[18:53:04]Master (/datum/controller/master): Initialize(10, 0)
runtime error: 
[18:53:04]Cannot execute /datum/plant_gene/trait/glow (/datum/plant_gene/trait/glow).glow range().
[18:53:04]proc name: New (/obj/structure/glowshroom/New)
[18:53:04]  source file: glowshroom.dm,63
[18:53:04]  usr: null
[18:53:04]  src: the glowshroom (/obj/structure/glowshroom/single)
[18:53:04]  src.loc: Cave Floor (292,48,2) (/turf/open/floor/plating/asteroid)
[18:53:04]  call stack:
[18:53:04]the glowshroom (/obj/structure/glowshroom/single): New(Cave Floor (292,48,2) (/turf/open/floor/plating/asteroid), null, null)
[18:53:04]/dmm_suite (/dmm_suite): create atom(/obj/structure/glowshroom/sing... (/obj/structure/glowshroom/single), Cave Floor (292,48,2) (/turf/open/floor/plating/asteroid))
[18:53:04]/dmm_suite (/dmm_suite): instance atom(/obj/structure/glowshroom/sing... (/obj/structure/glowshroom/single), /list (/list), Cave Floor (292,48,2) (/turf/open/floor/plating/asteroid), 1)
[18:53:04]/dmm_suite (/dmm_suite): parse grid("/obj/structure/glowshroom/sing...", "eFL", 292, 48, 2, 1)
[18:53:04]/dmm_suite (/dmm_suite): load map impl(_maps/map_files/Deltastation/D..., 1, 1, 2, null, null, 1, -1e+031, 1e+031, -1e+031, 1e+031)
[18:53:04]/dmm_suite (/dmm_suite): load map(_maps/map_files/Deltastation/D..., 0, 0, 2, null, null, 1, null, null, null, null)
[18:53:04]Mapping (/datum/controller/subsystem/mapping): TryLoadZ("_maps/map_files/Deltastation/D...", /list (/list), 2, null)
[18:53:04]Mapping (/datum/controller/subsystem/mapping): loadWorld()
[18:53:04]Mapping (/datum/controller/subsystem/mapping): Initialize(823063)
[18:53:04]Master (/datum/controller/master): Initialize(10, 0)
runtime error: 
[18:53:04]Cannot execute /datum/plant_gene/trait/glow (/datum/plant_gene/trait/glow).glow range().
[18:53:04]proc name: New (/obj/structure/glowshroom/New)
[18:53:04]  source file: glowshroom.dm,63
runtime error: 
[18:53:04]Cannot execute /datum/plant_gene/trait/glow (/datum/plant_gene/trait/glow).glow range().
[18:53:04]proc name: New (/obj/structure/glowshroom/New)
[18:53:04]  source file: glowshroom.dm,63
runtime error: 
[18:53:04]Cannot execute /datum/plant_gene/trait/glow (/datum/plant_gene/trait/glow).glow range().
[18:53:04]proc name: New (/obj/structure/glowshroom/New)
[18:53:04]  source file: glowshroom.dm,63
runtime error: 
[18:53:04]Cannot execute /datum/plant_gene/trait/glow (/datum/plant_gene/trait/glow).glow range().
[18:53:04]proc name: New (/obj/structure/glowshroom/New)
[18:53:04]  source file: glowshroom.dm,63
runtime error: 
[18:53:04]Cannot execute /datum/plant_gene/trait/glow (/datum/plant_gene/trait/glow).glow range().
[18:53:04]proc name: New (/obj/structure/glowshroom/New)
[18:53:04]  source file: glowshroom.dm,63
runtime error: 
[18:53:04]Cannot execute /datum/plant_gene/trait/glow (/datum/plant_gene/trait/glow).glow range().
[18:53:04]proc name: New (/obj/structure/glowshroom/New)
[18:53:04]  source file: glowshroom.dm,63
runtime error: 
[18:53:04]Cannot execute /datum/plant_gene/trait/glow (/datum/plant_gene/trait/glow).glow range().
[18:53:04]proc name: New (/obj/structure/glowshroom/New)
[18:53:04]  source file: glowshroom.dm,63
runtime error: 
[18:53:04]Cannot execute /datum/plant_gene/trait/glow (/datum/plant_gene/trait/glow).glow range().
[18:53:04]proc name: New (/obj/structure/glowshroom/New)
[18:53:04]  source file: glowshroom.dm,63
runtime error: 
[18:53:04]Cannot execute /datum/plant_gene/trait/glow (/datum/plant_gene/trait/glow).glow range().
[18:53:04]proc name: New (/obj/structure/glowshroom/New)
[18:53:04]  source file: glowshroom.dm,63
runtime error: 
[18:53:05]Cannot execute /datum/plant_gene/trait/glow (/datum/plant_gene/trait/glow).glow range().
[18:53:05]proc name: New (/obj/structure/glowshroom/New)
[18:53:05]  source file: glowshroom.dm,63
runtime error: 
[18:53:05]Cannot execute /datum/plant_gene/trait/glow (/datum/plant_gene/trait/glow).glow range().
[18:53:05]proc name: New (/obj/structure/glowshroom/New)
[18:53:05]  source file: glowshroom.dm,63
runtime error: 
[18:53:05]Cannot execute /datum/plant_gene/trait/glow (/datum/plant_gene/trait/glow).glow range().
[18:53:05]proc name: New (/obj/structure/glowshroom/New)
[18:53:05]  source file: glowshroom.dm,63
runtime error: 
[18:53:05]Cannot execute /datum/plant_gene/trait/glow (/datum/plant_gene/trait/glow).glow range().
[18:53:05]proc name: New (/obj/structure/glowshroom/New)
[18:53:05]  source file: glowshroom.dm,63
runtime error: 
[18:53:05]Cannot execute /datum/plant_gene/trait/glow (/datum/plant_gene/trait/glow).glow range().
[18:53:05]proc name: New (/obj/structure/glowshroom/New)
[18:53:05]  source file: glowshroom.dm,63
runtime error: 
[18:53:05]Cannot execute /datum/plant_gene/trait/glow (/datum/plant_gene/trait/glow).glow range().
[18:53:05]proc name: New (/obj/structure/glowshroom/New)
[18:53:05]  source file: glowshroom.dm,63
runtime error: 
[18:53:05]Cannot execute /datum/plant_gene/trait/glow (/datum/plant_gene/trait/glow).glow range().
[18:53:05]proc name: New (/obj/structure/glowshroom/New)
[18:53:05]  source file: glowshroom.dm,63
runtime error: 
[18:53:05]Cannot execute /datum/plant_gene/trait/glow (/datum/plant_gene/trait/glow).glow range().
[18:53:05]proc name: New (/obj/structure/glowshroom/New)
[18:53:05]  source file: glowshroom.dm,63
runtime error: 
[18:53:05]Cannot execute /datum/plant_gene/trait/glow (/datum/plant_gene/trait/glow).glow range().
[18:53:05]proc name: New (/obj/structure/glowshroom/New)
[18:53:05]  source file: glowshroom.dm,63
runtime error: 
[18:53:05]Cannot execute /datum/plant_gene/trait/glow (/datum/plant_gene/trait/glow).glow range().
[18:53:05]proc name: New (/obj/structure/glowshroom/New)
[18:53:05]  source file: glowshroom.dm,63
runtime error: 
[18:53:05]Cannot execute /datum/plant_gene/trait/glow (/datum/plant_gene/trait/glow).glow range().
[18:53:05]proc name: New (/obj/structure/glowshroom/New)
[18:53:05]  source file: glowshroom.dm,63
runtime error: 
[18:53:05]Cannot execute /datum/plant_gene/trait/glow (/datum/plant_gene/trait/glow).glow range().
[18:53:05]proc name: New (/obj/structure/glowshroom/New)
[18:53:05]  source file: glowshroom.dm,63
runtime error: 
[18:53:05]Cannot execute /datum/plant_gene/trait/glow (/datum/plant_gene/trait/glow).glow range().
[18:53:05]proc name: New (/obj/structure/glowshroom/New)
[18:53:05]  source file: glowshroom.dm,63
runtime error: 
[18:53:05]Cannot execute /datum/plant_gene/trait/glow (/datum/plant_gene/trait/glow).glow range().
[18:53:05]proc name: New (/obj/structure/glowshroom/New)
[18:53:05]  source file: glowshroom.dm,63
runtime error: 
[18:53:05]Cannot execute /datum/plant_gene/trait/glow (/datum/plant_gene/trait/glow).glow range().
[18:53:05]proc name: New (/obj/structure/glowshroom/New)
[18:53:05]  source file: glowshroom.dm,63
runtime error: 
[18:53:05]Cannot execute /datum/plant_gene/trait/glow (/datum/plant_gene/trait/glow).glow range().
[18:53:05]proc name: New (/obj/structure/glowshroom/New)
[18:53:05]  source file: glowshroom.dm,63
runtime error: 
[18:53:05]Cannot execute /datum/plant_gene/trait/glow (/datum/plant_gene/trait/glow).glow range().
[18:53:05]proc name: New (/obj/structure/glowshroom/New)
[18:53:05]  source file: glowshroom.dm,63
Loaded station in 79.6s!
