

Starting up round ID . 11:04:37
---------------------
[11:04:37]ADMIN: Loading Banlist
[11:04:38]GAME: Saved mode is 'sandbox'
[11:04:42]ACCESS: Login: Guest-1817465521 from 127.0.0.1-1817465521 || BYOND v511
[11:04:42]ACCESS: Mob Login: Guest-1817465521/(Guest-1817465521) was assigned to a /mob/dead/new_player
[11:05:27]GAME: Hierophant's Arena loaded at at 30,180,5
[11:05:27]GAME: Fountain Hall loaded at at 191,44,5
[11:05:27]GAME: Survival Capsule Ruins loaded at at 54,121,5
[11:05:27]GAME: Makeshift Shelter loaded at at 109,177,5
[11:05:27]GAME: Blood-Drunk Miner (Hunter) loaded at at 79,181,5
[11:05:28]GAME: Ruined Pizza Party loaded at at 197,79,5
[11:05:28]GAME: Ash Walker Nest loaded at at 85,56,5
[11:05:28]GAME: Ruin of Gluttony loaded at at 127,181,5
[11:05:28]GAME: Ruin of Sloth loaded at at 181,178,5
[11:05:28]GAME: UFO Crash loaded at at 131,73,5
[11:05:29]GAME: Aesthetic Outpost loaded at at 190,183,11
[11:05:30]GAME: Crashed Ship loaded at at 82,148,11
[11:05:30]GAME: Syndicate Ambush loaded at at 51,153,8
[11:05:31]GAME: Survivalist Bunker loaded at at 63,110,9
[11:05:31]GAME: DK Excavator 453 loaded at at 81,84,3
[11:05:31]GAME: Derelict 3 loaded at at 177,66,9
[11:05:31]GAME: CF Corsair loaded at at 109,30,4
[11:05:31]GAME: Abandoned Telecommunications Satellite loaded at at 65,87,11
[11:05:31]GAME: Ordinary Space Tile loaded at at 47,93,8
[11:05:31]GAME: Asteroid 3 loaded at at 162,182,10
[11:05:32]GAME: Dinner for Two loaded at at 55,59,9
[11:05:32]GAME: Abandoned Teleporter loaded at at 164,118,7
[11:05:32]GAME: A Giant Ball of Paper in Space loaded at at 33,173,11
[11:05:32]GAME: Strange Ship loaded at at 138,93,3
[11:05:34]GAME: Derelict Tradepost loaded at at 181,74,4
[11:05:34]GAME: Derelict 6 loaded at at 111,98,8
[11:08:48]GAME: Explosion with size (0, 1, 5, 0) in area Unexplored Location (103,190,8)
[11:08:48]GAME: Explosion with size (0, 1, 5, 0) in area Unexplored Location (103,189,8)
[11:08:50]SAY: Mjor the Creative/ : Rise, my creations! Jump off your pages and into this realm! (67,186,11)
[11:08:51]SAY: Officer Beepsky/ : Engaging patrol mode. (193,130,2)
[11:08:51]SAY: Prison Ofitser/ : Engaging patrol mode. (23,36,5)
[11:08:51]SAY: Prison Ofitser/ : Disengaging patrol mode. (23,36,5)
[11:08:53]ACCESS: Mob Login: Guest-1817465521/(Esteban Best) was assigned to a /mob/living/carbon/human
[11:08:57]SAY: Medibot/ : What kind of medbay is this? Everyone&#39;s dropping like flies. (155,73,1)
[11:09:10]ACCESS: Logout: Guest-1817465521/(Esteban Best)
[11:10:28]ACCESS: Login: AlcaroIsAFrick from 127.0.0.1-1817465521 || BYOND v511
[11:10:28]ACCESS: Mob Login: AlcaroIsAFrick/(AlcaroIsAFrick) was assigned to a /mob/dead/new_player
[11:10:28]SAY: mouse/ : Squeek? (204,120,2)
[11:10:31]EMOTE: *no key*/(Poly) : <b>Poly</b> turns and flies towards the folder. (89,129,2)
[11:10:31]EMOTE: *no key*/(Deempisi's Revenge V) : <b>Deempisi's Revenge V</b> waves its tail. (144,158,2)
[11:10:32]SAY: Mjor the Creative/ : Rise, my creations! Jump off your pages and into this realm! (66,185,11)
[11:10:33]SAY: emergency medibot/ : Delicious! (222,84,1)
[11:10:40]EMOTE: *no key*/(Runtime) : <b>Runtime</b> grooms its fur. (173,79,2)
[11:10:46]ADMIN: AlcaroIsAFrick/(AlcaroIsAFrick) modified Space Station 13's icon to from icons/blank_title.png to config/title_screens/images/alberto.gif
[11:10:52]EMOTE: *no key*/(Citrus) : <b>Citrus</b> dozes off. (177,161,2)
[11:10:53]ACCESS: Logout: AlcaroIsAFrick/(AlcaroIsAFrick)
[11:10:56]ACCESS: Login: AlcaroIsAFrick from 127.0.0.1-1817465521 || BYOND v511
[11:10:56]ACCESS: Mob Login: AlcaroIsAFrick/(AlcaroIsAFrick) was assigned to a /mob/dead/new_player
[11:11:01]EMOTE: *no key*/(Pegwing) : <b>Pegwing</b> turns and flies towards the gold. (112,187,8)
[11:11:05]EMOTE: *no key*/(monkey (31)) : <b>The monkey (31)</b> rolls. (167,81,2)
[11:11:07]SAY: mouse/ : SQUEEK! (132,64,2)
[11:11:13]ACCESS: Mob Login: AlcaroIsAFrick/(A Fine Example Of Obesity) was assigned to a /mob/living/carbon/human
[11:11:17]GAME: Explosion with size (0, 1, 5, 0) in area Unexplored Location (115,191,8)
[11:11:17]GAME: Explosion with size (0, 1, 5, 0) in area Unexplored Location (115,188,8)
[11:11:19]SAY: Medibot/ : Delicious! (155,73,1)
[11:11:27]EMOTE: *no key*/(mouse) : <b>The mouse</b> squeeks. (177,105,2)
[11:11:29]EMOTE: *no key*/(Runtime) : <b>Runtime</b> wags its tail. (173,79,2)
[11:11:29]SAY: mouse/ : Squeek? (179,218,2)
[11:11:29]EMOTE: *no key*/(mouse) : <b>The mouse</b> squeeks. (126,172,2)
[11:11:36]SAY: Mjor the Creative/ : Rise, my creations! Jump off your pages and into this realm! (63,185,11)
[11:11:38]EMOTE: *no key*/(Ian) : <b>Ian</b> shivers. (143,122,2)
[11:11:42]EMOTE: *no key*/(Runtime) : <b>Runtime</b> crouches on its hind legs. (173,79,2)
[11:11:47]EMOTE: *no key*/(Poly) : <b>Poly</b> looks in the BreatheDeep cartridge's direction and takes flight. (87,130,2)
[11:11:53]SAY: mouse/ : Squeek? (82,214,2)
[11:11:57]SAY: Pegwing/ : Hi! (107,191,8)
[11:11:58]EMOTE: *no key*/(monkey (249)) : <b>The monkey (249)</b> waves her tail. (193,59,2)
[11:12:03]EMOTE: *no key*/(Pegwing) : <b>Pegwing</b> stops moving... (106,190,8)
[11:12:09]EMOTE: *no key*/(grey baby slime (331)) : <b>The grey baby slime (331)</b> jiggles! (116,93,2)
[11:12:11]SAY: Medibot/ : What kind of medbay is this? Everyone&#39;s dropping like flies. (154,73,1)
[11:12:17]EMOTE: *no key*/(monkey (632)) : <b>The monkey (632)</b> rolls. (192,58,2)
[11:12:20]EMOTE: *no key*/(mouse) : <b>The mouse</b> runs in a circle. (132,63,2)
[11:12:26]EMOTE: *no key*/(monkey (632)) : <b>The monkey (632)</b> waves his tail. (192,58,2)
[11:12:28]EMOTE: *no key*/(Runtime) : <b>Runtime</b> walks around. (173,79,2)
[11:12:32]SAY: Poly/ : OH GOD ITS ABOUT TO DELAMINATE CALL THE SHUTTLE (87,130,2)
[11:12:34]EMOTE: *no key*/(grey baby slime (331)) : <b>The grey baby slime (331)</b> lights up for a bit, then stops. (115,92,2)
[11:12:36]EMOTE: *no key*/(Runtime) : <b>Runtime</b> grooms its fur. (174,79,2)
[11:12:39]EMOTE: *no key*/(Renault) : <b>Renault</b> barks. (159,135,2)
[11:12:43]EMOTE: *no key*/(Poly) : <b>Poly</b> looks in the BreatheDeep cartridge's direction and takes flight. (87,130,2)
[11:12:46]EMOTE: *no key*/(Runtime) : <b>Runtime</b> twitches its whiskers. (174,78,2)
[11:12:51]SAY: Renault/ : Awoo (160,135,2)
[11:12:58]EMOTE: *no key*/(Ian) : <b>Ian</b> dances around. (143,121,2)
[11:13:01]SAY: Poly/ : Breaking news from Station Announcements! (87,130,2)
[11:13:16]SAY: mouse/ : Squeek! (204,121,2)
[11:13:23]EMOTE: *no key*/(Runtime) : <b>Runtime</b> crouches on its hind legs. (176,77,2)
[11:13:25]EMOTE: *no key*/(mouse) : <b>The mouse</b> shakes. (126,173,2)
[11:13:27]EMOTE: *no key*/(Deempisi's Revenge V) : <b>Deempisi's Revenge V</b> rolls. (147,158,2)
[11:13:39]EMOTE: *no key*/(Poly) : <b>Poly</b> looks in the BreatheDeep cartridge's direction and takes flight. (87,130,2)
[11:13:39]EMOTE: *no key*/(Runtime) : <b>Runtime</b> stretches out for a belly rub. (176,77,2)
[11:13:39]EMOTE: *no key*/(grey baby slime (331)) : <b>The grey baby slime (331)</b> lights up for a bit, then stops. (115,92,2)
[11:13:45]EMOTE: *no key*/(monkey (31)) : <b>The monkey (31)</b> scratches. (167,81,2)
[11:13:53]SAY: mouse/ : Squeek! (203,121,2)
[11:14:05]EMOTE: *no key*/(Runtime) : <b>Runtime</b> gets up and meows. (176,77,2)
[11:14:16]EMOTE: *no key*/(monkey (632)) : <b>The monkey (632)</b> waves his tail. (194,59,2)
[11:14:19]SAY: Medibot/ : I knew it, I should&#39;ve been a plastic surgeon. (154,73,1)
[11:14:25]SAY: mouse/ : Squeek? (181,222,2)
[11:14:33]EMOTE: *no key*/(Poly) : <b>Poly</b> looks in the chief engineer's rubber stamp's direction and takes flight. (87,130,2)
[11:14:34]EMOTE: *no key*/(pug) : <b>Swanson</b> chases its tail. (112,83,2)
[11:14:37]SAY: Ian/ : YAP (142,123,2)
[11:14:41]SAY: mouse/ : Squeek? (126,173,2)
[11:14:43]GAME: Random Event triggering: Minor Space Dust (/datum/round_event/space_dust)
[11:14:46]EMOTE: *no key*/(Runtime) : <b>Runtime</b> looks alert. (175,80,2)
[11:14:51]EMOTE: *no key*/(mouse) : <b>The mouse</b> runs in a circle. (203,120,2)
[11:14:53]EMOTE: *no key*/(Poly) : <b>Poly</b> squawks. (87,130,2)
[11:15:02]EMOTE: *no key*/(mouse) : <b>The mouse</b> squeeks. (175,105,2)
[11:15:14]EMOTE: *no key*/(Runtime) : <b>Runtime</b> stretches out for a belly rub. (175,80,2)
[11:15:18]EMOTE: *no key*/(monkey (632)) : <b>The monkey (632)</b> scratches. (194,59,2)
[11:15:22]EMOTE: *no key*/(monkey (249)) : <b>The monkey (249)</b> waves her tail. (193,59,2)
[11:15:27]SAY: Medibot/ : I knew it, I should&#39;ve been a plastic surgeon. (154,73,1)
[11:15:29]EMOTE: *no key*/(Poly) : <b>Poly</b> looks in the Cohiba Robusto cigar's direction and takes flight. (87,130,2)
[11:15:35]ACCESS: Logout: AlcaroIsAFrick/(A Fine Example Of Obesity)
