

Starting up round ID . 15:30:05
---------------------
Initialized Blackbox subsystem within 0 seconds!
Initialized Server Tasks subsystem within 0 seconds!
Initialized Events subsystem within 0 seconds!
runtime error: 
[15:30:07]cannot read from list
[15:30:07]proc name: LoadJobs (/datum/controller/subsystem/job/proc/LoadJobs)
[15:30:07]  source file: job.dm,448
[15:30:07]  usr: null
[15:30:07]  src: Jobs (/datum/controller/subsystem/job)
[15:30:07]  call stack:
[15:30:07]Jobs (/datum/controller/subsystem/job): LoadJobs()
[15:30:07]Jobs (/datum/controller/subsystem/job): Initialize(666074)
[15:30:07]Master (/datum/controller/master): Initialize(10, 0)
Initialized Jobs subsystem within 0.1 seconds!
Initialized Ticker subsystem within 0.1 seconds!
Loading Delta Station...
runtime error: 
[15:32:50]Cannot execute /datum/plant_gene/trait/glow (/datum/plant_gene/trait/glow).glow range().
[15:32:50]proc name: New (/obj/structure/glowshroom/New)
[15:32:50]  source file: glowshroom.dm,63
[15:32:50]  usr: null
[15:32:50]  src: the glowshroom (/obj/structure/glowshroom/single)
[15:32:50]  src.loc: Cave Floor (303,71,2) (/turf/open/floor/plating/asteroid)
[15:32:50]  call stack:
[15:32:50]the glowshroom (/obj/structure/glowshroom/single): New(Cave Floor (303,71,2) (/turf/open/floor/plating/asteroid), null, null)
[15:32:50]/dmm_suite (/dmm_suite): create atom(/obj/structure/glowshroom/sing... (/obj/structure/glowshroom/single), Cave Floor (303,71,2) (/turf/open/floor/plating/asteroid))
[15:32:50]/dmm_suite (/dmm_suite): instance atom(/obj/structure/glowshroom/sing... (/obj/structure/glowshroom/single), /list (/list), Cave Floor (303,71,2) (/turf/open/floor/plating/asteroid), 1)
[15:32:50]/dmm_suite (/dmm_suite): parse grid("/obj/structure/glowshroom/sing...", "eFi", 303, 71, 2, 1)
[15:32:50]/dmm_suite (/dmm_suite): load map impl(_maps/map_files/Deltastation/D..., 1, 1, 2, null, null, 1, -1e+031, 1e+031, -1e+031, 1e+031)
[15:32:50]/dmm_suite (/dmm_suite): load map(_maps/map_files/Deltastation/D..., 0, 0, 2, null, null, 1, null, null, null, null)
[15:32:50]Mapping (/datum/controller/subsystem/mapping): TryLoadZ("_maps/map_files/Deltastation/D...", /list (/list), 2, null)
[15:32:50]Mapping (/datum/controller/subsystem/mapping): loadWorld()
[15:32:50]Mapping (/datum/controller/subsystem/mapping): Initialize(666076)
[15:32:50]Master (/datum/controller/master): Initialize(10, 0)
runtime error: 
[15:32:50]Cannot execute /datum/plant_gene/trait/glow (/datum/plant_gene/trait/glow).glow range().
[15:32:50]proc name: New (/obj/structure/glowshroom/New)
[15:32:50]  source file: glowshroom.dm,63
[15:32:50]  usr: null
[15:32:50]  src: the glowshroom (/obj/structure/glowshroom/single)
[15:32:50]  src.loc: Cave Floor (306,70,2) (/turf/open/floor/plating/asteroid)
[15:32:50]  call stack:
[15:32:50]the glowshroom (/obj/structure/glowshroom/single): New(Cave Floor (306,70,2) (/turf/open/floor/plating/asteroid), null, null)
[15:32:50]/dmm_suite (/dmm_suite): create atom(/obj/structure/glowshroom/sing... (/obj/structure/glowshroom/single), Cave Floor (306,70,2) (/turf/open/floor/plating/asteroid))
[15:32:50]/dmm_suite (/dmm_suite): instance atom(/obj/structure/glowshroom/sing... (/obj/structure/glowshroom/single), /list (/list), Cave Floor (306,70,2) (/turf/open/floor/plating/asteroid), 1)
[15:32:50]/dmm_suite (/dmm_suite): parse grid("/obj/structure/glowshroom/sing...", "eFi", 306, 70, 2, 1)
[15:32:50]/dmm_suite (/dmm_suite): load map impl(_maps/map_files/Deltastation/D..., 1, 1, 2, null, null, 1, -1e+031, 1e+031, -1e+031, 1e+031)
[15:32:50]/dmm_suite (/dmm_suite): load map(_maps/map_files/Deltastation/D..., 0, 0, 2, null, null, 1, null, null, null, null)
[15:32:50]Mapping (/datum/controller/subsystem/mapping): TryLoadZ("_maps/map_files/Deltastation/D...", /list (/list), 2, null)
[15:32:50]Mapping (/datum/controller/subsystem/mapping): loadWorld()
[15:32:50]Mapping (/datum/controller/subsystem/mapping): Initialize(666076)
[15:32:50]Master (/datum/controller/master): Initialize(10, 0)
runtime error: 
[15:32:50]Cannot execute /datum/plant_gene/trait/glow (/datum/plant_gene/trait/glow).glow range().
[15:32:50]proc name: New (/obj/structure/glowshroom/New)
[15:32:50]  source file: glowshroom.dm,63
[15:32:50]  usr: null
[15:32:50]  src: the glowshroom (/obj/structure/glowshroom/single)
[15:32:50]  src.loc: Cave Floor (309,70,2) (/turf/open/floor/plating/asteroid)
[15:32:50]  call stack:
[15:32:50]the glowshroom (/obj/structure/glowshroom/single): New(Cave Floor (309,70,2) (/turf/open/floor/plating/asteroid), null, null)
[15:32:50]/dmm_suite (/dmm_suite): create atom(/obj/structure/glowshroom/sing... (/obj/structure/glowshroom/single), Cave Floor (309,70,2) (/turf/open/floor/plating/asteroid))
[15:32:50]/dmm_suite (/dmm_suite): instance atom(/obj/structure/glowshroom/sing... (/obj/structure/glowshroom/single), /list (/list), Cave Floor (309,70,2) (/turf/open/floor/plating/asteroid), 1)
[15:32:50]/dmm_suite (/dmm_suite): parse grid("/obj/structure/glowshroom/sing...", "eFi", 309, 70, 2, 1)
[15:32:50]/dmm_suite (/dmm_suite): load map impl(_maps/map_files/Deltastation/D..., 1, 1, 2, null, null, 1, -1e+031, 1e+031, -1e+031, 1e+031)
[15:32:50]/dmm_suite (/dmm_suite): load map(_maps/map_files/Deltastation/D..., 0, 0, 2, null, null, 1, null, null, null, null)
[15:32:50]Mapping (/datum/controller/subsystem/mapping): TryLoadZ("_maps/map_files/Deltastation/D...", /list (/list), 2, null)
[15:32:50]Mapping (/datum/controller/subsystem/mapping): loadWorld()
[15:32:50]Mapping (/datum/controller/subsystem/mapping): Initialize(666076)
[15:32:50]Master (/datum/controller/master): Initialize(10, 0)
runtime error: 
[15:32:50]Cannot execute /datum/plant_gene/trait/glow (/datum/plant_gene/trait/glow).glow range().
[15:32:50]proc name: New (/obj/structure/glowshroom/New)
[15:32:50]  source file: glowshroom.dm,63
[15:32:50]  usr: null
[15:32:50]  src: the glowshroom (/obj/structure/glowshroom/single)
[15:32:50]  src.loc: Cave Floor (302,69,2) (/turf/open/floor/plating/asteroid)
[15:32:50]  call stack:
[15:32:50]the glowshroom (/obj/structure/glowshroom/single): New(Cave Floor (302,69,2) (/turf/open/floor/plating/asteroid), null, null)
[15:32:50]/dmm_suite (/dmm_suite): create atom(/obj/structure/glowshroom/sing... (/obj/structure/glowshroom/single), Cave Floor (302,69,2) (/turf/open/floor/plating/asteroid))
[15:32:50]/dmm_suite (/dmm_suite): instance atom(/obj/structure/glowshroom/sing... (/obj/structure/glowshroom/single), /list (/list), Cave Floor (302,69,2) (/turf/open/floor/plating/asteroid), 1)
[15:32:50]/dmm_suite (/dmm_suite): parse grid("/obj/structure/glowshroom/sing...", "eFi", 302, 69, 2, 1)
[15:32:50]/dmm_suite (/dmm_suite): load map impl(_maps/map_files/Deltastation/D..., 1, 1, 2, null, null, 1, -1e+031, 1e+031, -1e+031, 1e+031)
[15:32:50]/dmm_suite (/dmm_suite): load map(_maps/map_files/Deltastation/D..., 0, 0, 2, null, null, 1, null, null, null, null)
[15:32:50]Mapping (/datum/controller/subsystem/mapping): TryLoadZ("_maps/map_files/Deltastation/D...", /list (/list), 2, null)
[15:32:50]Mapping (/datum/controller/subsystem/mapping): loadWorld()
[15:32:50]Mapping (/datum/controller/subsystem/mapping): Initialize(666076)
[15:32:50]Master (/datum/controller/master): Initialize(10, 0)
runtime error: 
[15:32:51]Cannot execute /datum/plant_gene/trait/glow (/datum/plant_gene/trait/glow).glow range().
[15:32:51]proc name: New (/obj/structure/glowshroom/New)
[15:32:51]  source file: glowshroom.dm,63
[15:32:51]  usr: null
[15:32:51]  src: the glowshroom (/obj/structure/glowshroom/single)
[15:32:51]  src.loc: Cave Floor (296,55,2) (/turf/open/floor/plating/asteroid)
[15:32:51]  call stack:
[15:32:51]the glowshroom (/obj/structure/glowshroom/single): New(Cave Floor (296,55,2) (/turf/open/floor/plating/asteroid), null, null)
[15:32:51]/dmm_suite (/dmm_suite): create atom(/obj/structure/glowshroom/sing... (/obj/structure/glowshroom/single), Cave Floor (296,55,2) (/turf/open/floor/plating/asteroid))
[15:32:51]/dmm_suite (/dmm_suite): instance atom(/obj/structure/glowshroom/sing... (/obj/structure/glowshroom/single), /list (/list), Cave Floor (296,55,2) (/turf/open/floor/plating/asteroid), 1)
[15:32:51]/dmm_suite (/dmm_suite): parse grid("/obj/structure/glowshroom/sing...", "eJI", 296, 55, 2, 1)
[15:32:51]/dmm_suite (/dmm_suite): load map impl(_maps/map_files/Deltastation/D..., 1, 1, 2, null, null, 1, -1e+031, 1e+031, -1e+031, 1e+031)
[15:32:51]/dmm_suite (/dmm_suite): load map(_maps/map_files/Deltastation/D..., 0, 0, 2, null, null, 1, null, null, null, null)
[15:32:51]Mapping (/datum/controller/subsystem/mapping): TryLoadZ("_maps/map_files/Deltastation/D...", /list (/list), 2, null)
[15:32:51]Mapping (/datum/controller/subsystem/mapping): loadWorld()
[15:32:51]Mapping (/datum/controller/subsystem/mapping): Initialize(666076)
[15:32:51]Master (/datum/controller/master): Initialize(10, 0)
runtime error: 
[15:32:51]Cannot execute /datum/plant_gene/trait/glow (/datum/plant_gene/trait/glow).glow range().
[15:32:51]proc name: New (/obj/structure/glowshroom/New)
[15:32:51]  source file: glowshroom.dm,63
[15:32:51]  usr: null
[15:32:51]  src: the glowshroom (/obj/structure/glowshroom/single)
[15:32:51]  src.loc: Cave Floor (299,55,2) (/turf/open/floor/plating/asteroid)
[15:32:51]  call stack:
[15:32:51]the glowshroom (/obj/structure/glowshroom/single): New(Cave Floor (299,55,2) (/turf/open/floor/plating/asteroid), null, null)
[15:32:51]/dmm_suite (/dmm_suite): create atom(/obj/structure/glowshroom/sing... (/obj/structure/glowshroom/single), Cave Floor (299,55,2) (/turf/open/floor/plating/asteroid))
[15:32:51]/dmm_suite (/dmm_suite): instance atom(/obj/structure/glowshroom/sing... (/obj/structure/glowshroom/single), /list (/list), Cave Floor (299,55,2) (/turf/open/floor/plating/asteroid), 1)
[15:32:51]/dmm_suite (/dmm_suite): parse grid("/obj/structure/glowshroom/sing...", "eJI", 299, 55, 2, 1)
[15:32:51]/dmm_suite (/dmm_suite): load map impl(_maps/map_files/Deltastation/D..., 1, 1, 2, null, null, 1, -1e+031, 1e+031, -1e+031, 1e+031)
[15:32:51]/dmm_suite (/dmm_suite): load map(_maps/map_files/Deltastation/D..., 0, 0, 2, null, null, 1, null, null, null, null)
[15:32:51]Mapping (/datum/controller/subsystem/mapping): TryLoadZ("_maps/map_files/Deltastation/D...", /list (/list), 2, null)
[15:32:51]Mapping (/datum/controller/subsystem/mapping): loadWorld()
[15:32:51]Mapping (/datum/controller/subsystem/mapping): Initialize(666076)
[15:32:51]Master (/datum/controller/master): Initialize(10, 0)
runtime error: 
[15:32:51]Cannot execute /datum/plant_gene/trait/glow (/datum/plant_gene/trait/glow).glow range().
[15:32:51]proc name: New (/obj/structure/glowshroom/New)
[15:32:51]  source file: glowshroom.dm,63
[15:32:51]  usr: null
[15:32:51]  src: the glowshroom (/obj/structure/glowshroom/single)
[15:32:51]  src.loc: Cave Floor (283,53,2) (/turf/open/floor/plating/asteroid)
[15:32:51]  call stack:
[15:32:51]the glowshroom (/obj/structure/glowshroom/single): New(Cave Floor (283,53,2) (/turf/open/floor/plating/asteroid), null, null)
[15:32:51]/dmm_suite (/dmm_suite): create atom(/obj/structure/glowshroom/sing... (/obj/structure/glowshroom/single), Cave Floor (283,53,2) (/turf/open/floor/plating/asteroid))
[15:32:51]/dmm_suite (/dmm_suite): instance atom(/obj/structure/glowshroom/sing... (/obj/structure/glowshroom/single), /list (/list), Cave Floor (283,53,2) (/turf/open/floor/plating/asteroid), 1)
[15:32:51]/dmm_suite (/dmm_suite): parse grid("/obj/structure/glowshroom/sing...", "eJI", 283, 53, 2, 1)
[15:32:51]/dmm_suite (/dmm_suite): load map impl(_maps/map_files/Deltastation/D..., 1, 1, 2, null, null, 1, -1e+031, 1e+031, -1e+031, 1e+031)
[15:32:51]/dmm_suite (/dmm_suite): load map(_maps/map_files/Deltastation/D..., 0, 0, 2, null, null, 1, null, null, null, null)
[15:32:51]Mapping (/datum/controller/subsystem/mapping): TryLoadZ("_maps/map_files/Deltastation/D...", /list (/list), 2, null)
[15:32:51]Mapping (/datum/controller/subsystem/mapping): loadWorld()
[15:32:51]Mapping (/datum/controller/subsystem/mapping): Initialize(666076)
[15:32:51]Master (/datum/controller/master): Initialize(10, 0)
runtime error: 
[15:32:51]Cannot execute /datum/plant_gene/trait/glow (/datum/plant_gene/trait/glow).glow range().
[15:32:51]proc name: New (/obj/structure/glowshroom/New)
[15:32:51]  source file: glowshroom.dm,63
[15:32:51]  usr: null
[15:32:51]  src: the glowshroom (/obj/structure/glowshroom/single)
[15:32:51]  src.loc: Cave Floor (302,53,2) (/turf/open/floor/plating/asteroid)
[15:32:51]  call stack:
[15:32:51]the glowshroom (/obj/structure/glowshroom/single): New(Cave Floor (302,53,2) (/turf/open/floor/plating/asteroid), null, null)
[15:32:51]/dmm_suite (/dmm_suite): create atom(/obj/structure/glowshroom/sing... (/obj/structure/glowshroom/single), Cave Floor (302,53,2) (/turf/open/floor/plating/asteroid))
[15:32:51]/dmm_suite (/dmm_suite): instance atom(/obj/structure/glowshroom/sing... (/obj/structure/glowshroom/single), /list (/list), Cave Floor (302,53,2) (/turf/open/floor/plating/asteroid), 1)
[15:32:51]/dmm_suite (/dmm_suite): parse grid("/obj/structure/glowshroom/sing...", "eJI", 302, 53, 2, 1)
[15:32:51]/dmm_suite (/dmm_suite): load map impl(_maps/map_files/Deltastation/D..., 1, 1, 2, null, null, 1, -1e+031, 1e+031, -1e+031, 1e+031)
[15:32:51]/dmm_suite (/dmm_suite): load map(_maps/map_files/Deltastation/D..., 0, 0, 2, null, null, 1, null, null, null, null)
[15:32:51]Mapping (/datum/controller/subsystem/mapping): TryLoadZ("_maps/map_files/Deltastation/D...", /list (/list), 2, null)
[15:32:51]Mapping (/datum/controller/subsystem/mapping): loadWorld()
[15:32:51]Mapping (/datum/controller/subsystem/mapping): Initialize(666076)
[15:32:51]Master (/datum/controller/master): Initialize(10, 0)
runtime error: 
[15:32:52]Cannot execute /datum/plant_gene/trait/glow (/datum/plant_gene/trait/glow).glow range().
[15:32:52]proc name: New (/obj/structure/glowshroom/New)
[15:32:52]  source file: glowshroom.dm,63
[15:32:52]  usr: null
[15:32:52]  src: the glowshroom (/obj/structure/glowshroom/single)
[15:32:52]  src.loc: Cave Floor (276,52,2) (/turf/open/floor/plating/asteroid)
[15:32:52]  call stack:
[15:32:52]the glowshroom (/obj/structure/glowshroom/single): New(Cave Floor (276,52,2) (/turf/open/floor/plating/asteroid), null, null)
[15:32:52]/dmm_suite (/dmm_suite): create atom(/obj/structure/glowshroom/sing... (/obj/structure/glowshroom/single), Cave Floor (276,52,2) (/turf/open/floor/plating/asteroid))
[15:32:52]/dmm_suite (/dmm_suite): instance atom(/obj/structure/glowshroom/sing... (/obj/structure/glowshroom/single), /list (/list), Cave Floor (276,52,2) (/turf/open/floor/plating/asteroid), 1)
[15:32:52]/dmm_suite (/dmm_suite): parse grid("/obj/structure/glowshroom/sing...", "eJI", 276, 52, 2, 1)
[15:32:52]/dmm_suite (/dmm_suite): load map impl(_maps/map_files/Deltastation/D..., 1, 1, 2, null, null, 1, -1e+031, 1e+031, -1e+031, 1e+031)
[15:32:52]/dmm_suite (/dmm_suite): load map(_maps/map_files/Deltastation/D..., 0, 0, 2, null, null, 1, null, null, null, null)
[15:32:52]Mapping (/datum/controller/subsystem/mapping): TryLoadZ("_maps/map_files/Deltastation/D...", /list (/list), 2, null)
[15:32:52]Mapping (/datum/controller/subsystem/mapping): loadWorld()
[15:32:52]Mapping (/datum/controller/subsystem/mapping): Initialize(666076)
[15:32:52]Master (/datum/controller/master): Initialize(10, 0)
runtime error: 
[15:32:52]Cannot execute /datum/plant_gene/trait/glow (/datum/plant_gene/trait/glow).glow range().
[15:32:52]proc name: New (/obj/structure/glowshroom/New)
[15:32:52]  source file: glowshroom.dm,63
[15:32:52]  usr: null
[15:32:52]  src: the glowshroom (/obj/structure/glowshroom/single)
[15:32:52]  src.loc: Cave Floor (292,51,2) (/turf/open/floor/plating/asteroid)
[15:32:52]  call stack:
[15:32:52]the glowshroom (/obj/structure/glowshroom/single): New(Cave Floor (292,51,2) (/turf/open/floor/plating/asteroid), null, null)
[15:32:52]/dmm_suite (/dmm_suite): create atom(/obj/structure/glowshroom/sing... (/obj/structure/glowshroom/single), Cave Floor (292,51,2) (/turf/open/floor/plating/asteroid))
[15:32:52]/dmm_suite (/dmm_suite): instance atom(/obj/structure/glowshroom/sing... (/obj/structure/glowshroom/single), /list (/list), Cave Floor (292,51,2) (/turf/open/floor/plating/asteroid), 1)
[15:32:52]/dmm_suite (/dmm_suite): parse grid("/obj/structure/glowshroom/sing...", "eJI", 292, 51, 2, 1)
[15:32:52]/dmm_suite (/dmm_suite): load map impl(_maps/map_files/Deltastation/D..., 1, 1, 2, null, null, 1, -1e+031, 1e+031, -1e+031, 1e+031)
[15:32:52]/dmm_suite (/dmm_suite): load map(_maps/map_files/Deltastation/D..., 0, 0, 2, null, null, 1, null, null, null, null)
[15:32:52]Mapping (/datum/controller/subsystem/mapping): TryLoadZ("_maps/map_files/Deltastation/D...", /list (/list), 2, null)
[15:32:52]Mapping (/datum/controller/subsystem/mapping): loadWorld()
[15:32:52]Mapping (/datum/controller/subsystem/mapping): Initialize(666076)
[15:32:52]Master (/datum/controller/master): Initialize(10, 0)
runtime error: 
[15:32:52]Cannot execute /datum/plant_gene/trait/glow (/datum/plant_gene/trait/glow).glow range().
[15:32:52]proc name: New (/obj/structure/glowshroom/New)
[15:32:52]  source file: glowshroom.dm,63
[15:32:52]  usr: null
[15:32:52]  src: the glowshroom (/obj/structure/glowshroom/single)
[15:32:52]  src.loc: Cave Floor (295,51,2) (/turf/open/floor/plating/asteroid)
[15:32:52]  call stack:
[15:32:52]the glowshroom (/obj/structure/glowshroom/single): New(Cave Floor (295,51,2) (/turf/open/floor/plating/asteroid), null, null)
[15:32:52]/dmm_suite (/dmm_suite): create atom(/obj/structure/glowshroom/sing... (/obj/structure/glowshroom/single), Cave Floor (295,51,2) (/turf/open/floor/plating/asteroid))
[15:32:52]/dmm_suite (/dmm_suite): instance atom(/obj/structure/glowshroom/sing... (/obj/structure/glowshroom/single), /list (/list), Cave Floor (295,51,2) (/turf/open/floor/plating/asteroid), 1)
[15:32:52]/dmm_suite (/dmm_suite): parse grid("/obj/structure/glowshroom/sing...", "eJI", 295, 51, 2, 1)
[15:32:52]/dmm_suite (/dmm_suite): load map impl(_maps/map_files/Deltastation/D..., 1, 1, 2, null, null, 1, -1e+031, 1e+031, -1e+031, 1e+031)
[15:32:52]/dmm_suite (/dmm_suite): load map(_maps/map_files/Deltastation/D..., 0, 0, 2, null, null, 1, null, null, null, null)
[15:32:52]Mapping (/datum/controller/subsystem/mapping): TryLoadZ("_maps/map_files/Deltastation/D...", /list (/list), 2, null)
[15:32:52]Mapping (/datum/controller/subsystem/mapping): loadWorld()
[15:32:52]Mapping (/datum/controller/subsystem/mapping): Initialize(666076)
[15:32:52]Master (/datum/controller/master): Initialize(10, 0)
runtime error: 
[15:32:52]Cannot execute /datum/plant_gene/trait/glow (/datum/plant_gene/trait/glow).glow range().
[15:32:52]proc name: New (/obj/structure/glowshroom/New)
[15:32:52]  source file: glowshroom.dm,63
[15:32:52]  usr: null
[15:32:52]  src: the glowshroom (/obj/structure/glowshroom/single)
[15:32:52]  src.loc: Cave Floor (258,49,2) (/turf/open/floor/plating/asteroid)
[15:32:52]  call stack:
[15:32:52]the glowshroom (/obj/structure/glowshroom/single): New(Cave Floor (258,49,2) (/turf/open/floor/plating/asteroid), null, null)
[15:32:52]/dmm_suite (/dmm_suite): create atom(/obj/structure/glowshroom/sing... (/obj/structure/glowshroom/single), Cave Floor (258,49,2) (/turf/open/floor/plating/asteroid))
[15:32:52]/dmm_suite (/dmm_suite): instance atom(/obj/structure/glowshroom/sing... (/obj/structure/glowshroom/single), /list (/list), Cave Floor (258,49,2) (/turf/open/floor/plating/asteroid), 1)
[15:32:52]/dmm_suite (/dmm_suite): parse grid("/obj/structure/glowshroom/sing...", "eJI", 258, 49, 2, 1)
[15:32:52]/dmm_suite (/dmm_suite): load map impl(_maps/map_files/Deltastation/D..., 1, 1, 2, null, null, 1, -1e+031, 1e+031, -1e+031, 1e+031)
[15:32:52]/dmm_suite (/dmm_suite): load map(_maps/map_files/Deltastation/D..., 0, 0, 2, null, null, 1, null, null, null, null)
[15:32:52]Mapping (/datum/controller/subsystem/mapping): TryLoadZ("_maps/map_files/Deltastation/D...", /list (/list), 2, null)
[15:32:52]Mapping (/datum/controller/subsystem/mapping): loadWorld()
[15:32:52]Mapping (/datum/controller/subsystem/mapping): Initialize(666076)
[15:32:52]Master (/datum/controller/master): Initialize(10, 0)
runtime error: 
[15:32:52]Cannot execute /datum/plant_gene/trait/glow (/datum/plant_gene/trait/glow).glow range().
[15:32:52]proc name: New (/obj/structure/glowshroom/New)
[15:32:52]  source file: glowshroom.dm,63
[15:32:52]  usr: null
[15:32:52]  src: the glowshroom (/obj/structure/glowshroom/single)
[15:32:52]  src.loc: Cave Floor (275,49,2) (/turf/open/floor/plating/asteroid)
[15:32:52]  call stack:
[15:32:52]the glowshroom (/obj/structure/glowshroom/single): New(Cave Floor (275,49,2) (/turf/open/floor/plating/asteroid), null, null)
[15:32:52]/dmm_suite (/dmm_suite): create atom(/obj/structure/glowshroom/sing... (/obj/structure/glowshroom/single), Cave Floor (275,49,2) (/turf/open/floor/plating/asteroid))
[15:32:52]/dmm_suite (/dmm_suite): instance atom(/obj/structure/glowshroom/sing... (/obj/structure/glowshroom/single), /list (/list), Cave Floor (275,49,2) (/turf/open/floor/plating/asteroid), 1)
[15:32:52]/dmm_suite (/dmm_suite): parse grid("/obj/structure/glowshroom/sing...", "eJI", 275, 49, 2, 1)
[15:32:52]/dmm_suite (/dmm_suite): load map impl(_maps/map_files/Deltastation/D..., 1, 1, 2, null, null, 1, -1e+031, 1e+031, -1e+031, 1e+031)
[15:32:52]/dmm_suite (/dmm_suite): load map(_maps/map_files/Deltastation/D..., 0, 0, 2, null, null, 1, null, null, null, null)
[15:32:52]Mapping (/datum/controller/subsystem/mapping): TryLoadZ("_maps/map_files/Deltastation/D...", /list (/list), 2, null)
[15:32:52]Mapping (/datum/controller/subsystem/mapping): loadWorld()
[15:32:52]Mapping (/datum/controller/subsystem/mapping): Initialize(666076)
[15:32:52]Master (/datum/controller/master): Initialize(10, 0)
runtime error: 
[15:32:52]Cannot execute /datum/plant_gene/trait/glow (/datum/plant_gene/trait/glow).glow range().
[15:32:52]proc name: New (/obj/structure/glowshroom/New)
[15:32:52]  source file: glowshroom.dm,63
[15:32:52]  usr: null
[15:32:52]  src: the glowshroom (/obj/structure/glowshroom/single)
[15:32:52]  src.loc: Cave Floor (261,48,2) (/turf/open/floor/plating/asteroid)
[15:32:52]  call stack:
[15:32:52]the glowshroom (/obj/structure/glowshroom/single): New(Cave Floor (261,48,2) (/turf/open/floor/plating/asteroid), null, null)
[15:32:52]/dmm_suite (/dmm_suite): create atom(/obj/structure/glowshroom/sing... (/obj/structure/glowshroom/single), Cave Floor (261,48,2) (/turf/open/floor/plating/asteroid))
[15:32:52]/dmm_suite (/dmm_suite): instance atom(/obj/structure/glowshroom/sing... (/obj/structure/glowshroom/single), /list (/list), Cave Floor (261,48,2) (/turf/open/floor/plating/asteroid), 1)
[15:32:52]/dmm_suite (/dmm_suite): parse grid("/obj/structure/glowshroom/sing...", "eJI", 261, 48, 2, 1)
[15:32:52]/dmm_suite (/dmm_suite): load map impl(_maps/map_files/Deltastation/D..., 1, 1, 2, null, null, 1, -1e+031, 1e+031, -1e+031, 1e+031)
[15:32:52]/dmm_suite (/dmm_suite): load map(_maps/map_files/Deltastation/D..., 0, 0, 2, null, null, 1, null, null, null, null)
[15:32:52]Mapping (/datum/controller/subsystem/mapping): TryLoadZ("_maps/map_files/Deltastation/D...", /list (/list), 2, null)
[15:32:52]Mapping (/datum/controller/subsystem/mapping): loadWorld()
[15:32:52]Mapping (/datum/controller/subsystem/mapping): Initialize(666076)
[15:32:52]Master (/datum/controller/master): Initialize(10, 0)
runtime error: 
[15:32:52]Cannot execute /datum/plant_gene/trait/glow (/datum/plant_gene/trait/glow).glow range().
[15:32:52]proc name: New (/obj/structure/glowshroom/New)
[15:32:52]  source file: glowshroom.dm,63
[15:32:52]  usr: null
[15:32:52]  src: the glowshroom (/obj/structure/glowshroom/single)
[15:32:52]  src.loc: Cave Floor (292,48,2) (/turf/open/floor/plating/asteroid)
[15:32:52]  call stack:
[15:32:52]the glowshroom (/obj/structure/glowshroom/single): New(Cave Floor (292,48,2) (/turf/open/floor/plating/asteroid), null, null)
[15:32:52]/dmm_suite (/dmm_suite): create atom(/obj/structure/glowshroom/sing... (/obj/structure/glowshroom/single), Cave Floor (292,48,2) (/turf/open/floor/plating/asteroid))
[15:32:52]/dmm_suite (/dmm_suite): instance atom(/obj/structure/glowshroom/sing... (/obj/structure/glowshroom/single), /list (/list), Cave Floor (292,48,2) (/turf/open/floor/plating/asteroid), 1)
[15:32:52]/dmm_suite (/dmm_suite): parse grid("/obj/structure/glowshroom/sing...", "eJI", 292, 48, 2, 1)
[15:32:52]/dmm_suite (/dmm_suite): load map impl(_maps/map_files/Deltastation/D..., 1, 1, 2, null, null, 1, -1e+031, 1e+031, -1e+031, 1e+031)
[15:32:52]/dmm_suite (/dmm_suite): load map(_maps/map_files/Deltastation/D..., 0, 0, 2, null, null, 1, null, null, null, null)
[15:32:52]Mapping (/datum/controller/subsystem/mapping): TryLoadZ("_maps/map_files/Deltastation/D...", /list (/list), 2, null)
[15:32:52]Mapping (/datum/controller/subsystem/mapping): loadWorld()
[15:32:52]Mapping (/datum/controller/subsystem/mapping): Initialize(666076)
[15:32:52]Master (/datum/controller/master): Initialize(10, 0)
runtime error: 
[15:32:52]Cannot execute /datum/plant_gene/trait/glow (/datum/plant_gene/trait/glow).glow range().
[15:32:52]proc name: New (/obj/structure/glowshroom/New)
[15:32:52]  source file: glowshroom.dm,63
runtime error: 
[15:32:52]Cannot execute /datum/plant_gene/trait/glow (/datum/plant_gene/trait/glow).glow range().
[15:32:52]proc name: New (/obj/structure/glowshroom/New)
[15:32:52]  source file: glowshroom.dm,63
runtime error: 
[15:32:52]Cannot execute /datum/plant_gene/trait/glow (/datum/plant_gene/trait/glow).glow range().
[15:32:52]proc name: New (/obj/structure/glowshroom/New)
[15:32:52]  source file: glowshroom.dm,63
runtime error: 
[15:32:52]Cannot execute /datum/plant_gene/trait/glow (/datum/plant_gene/trait/glow).glow range().
[15:32:52]proc name: New (/obj/structure/glowshroom/New)
[15:32:52]  source file: glowshroom.dm,63
runtime error: 
[15:32:53]Cannot execute /datum/plant_gene/trait/glow (/datum/plant_gene/trait/glow).glow range().
[15:32:53]proc name: New (/obj/structure/glowshroom/New)
[15:32:53]  source file: glowshroom.dm,63
runtime error: 
[15:32:53]Cannot execute /datum/plant_gene/trait/glow (/datum/plant_gene/trait/glow).glow range().
[15:32:53]proc name: New (/obj/structure/glowshroom/New)
[15:32:53]  source file: glowshroom.dm,63
runtime error: 
[15:32:53]Cannot execute /datum/plant_gene/trait/glow (/datum/plant_gene/trait/glow).glow range().
[15:32:53]proc name: New (/obj/structure/glowshroom/New)
[15:32:53]  source file: glowshroom.dm,63
runtime error: 
[15:32:53]Cannot execute /datum/plant_gene/trait/glow (/datum/plant_gene/trait/glow).glow range().
[15:32:53]proc name: New (/obj/structure/glowshroom/New)
[15:32:53]  source file: glowshroom.dm,63
runtime error: 
[15:32:53]Cannot execute /datum/plant_gene/trait/glow (/datum/plant_gene/trait/glow).glow range().
[15:32:53]proc name: New (/obj/structure/glowshroom/New)
[15:32:53]  source file: glowshroom.dm,63
runtime error: 
[15:32:53]Cannot execute /datum/plant_gene/trait/glow (/datum/plant_gene/trait/glow).glow range().
[15:32:53]proc name: New (/obj/structure/glowshroom/New)
[15:32:53]  source file: glowshroom.dm,63
runtime error: 
[15:32:53]Cannot execute /datum/plant_gene/trait/glow (/datum/plant_gene/trait/glow).glow range().
[15:32:53]proc name: New (/obj/structure/glowshroom/New)
[15:32:53]  source file: glowshroom.dm,63
runtime error: 
[15:32:53]Cannot execute /datum/plant_gene/trait/glow (/datum/plant_gene/trait/glow).glow range().
[15:32:53]proc name: New (/obj/structure/glowshroom/New)
[15:32:53]  source file: glowshroom.dm,63
runtime error: 
[15:32:53]Cannot execute /datum/plant_gene/trait/glow (/datum/plant_gene/trait/glow).glow range().
[15:32:53]proc name: New (/obj/structure/glowshroom/New)
[15:32:53]  source file: glowshroom.dm,63
runtime error: 
[15:32:53]Cannot execute /datum/plant_gene/trait/glow (/datum/plant_gene/trait/glow).glow range().
[15:32:53]proc name: New (/obj/structure/glowshroom/New)
[15:32:53]  source file: glowshroom.dm,63
runtime error: 
[15:32:54]Cannot execute /datum/plant_gene/trait/glow (/datum/plant_gene/trait/glow).glow range().
[15:32:54]proc name: New (/obj/structure/glowshroom/New)
[15:32:54]  source file: glowshroom.dm,63
runtime error: 
[15:32:54]Cannot execute /datum/plant_gene/trait/glow (/datum/plant_gene/trait/glow).glow range().
[15:32:54]proc name: New (/obj/structure/glowshroom/New)
[15:32:54]  source file: glowshroom.dm,63
runtime error: 
[15:32:54]Cannot execute /datum/plant_gene/trait/glow (/datum/plant_gene/trait/glow).glow range().
[15:32:54]proc name: New (/obj/structure/glowshroom/New)
[15:32:54]  source file: glowshroom.dm,63
runtime error: 
[15:32:54]Cannot execute /datum/plant_gene/trait/glow (/datum/plant_gene/trait/glow).glow range().
[15:32:54]proc name: New (/obj/structure/glowshroom/New)
[15:32:54]  source file: glowshroom.dm,63
runtime error: 
[15:32:54]Cannot execute /datum/plant_gene/trait/glow (/datum/plant_gene/trait/glow).glow range().
[15:32:54]proc name: New (/obj/structure/glowshroom/New)
[15:32:54]  source file: glowshroom.dm,63
runtime error: 
[15:32:54]Cannot execute /datum/plant_gene/trait/glow (/datum/plant_gene/trait/glow).glow range().
[15:32:54]proc name: New (/obj/structure/glowshroom/New)
[15:32:54]  source file: glowshroom.dm,63
runtime error: 
[15:32:54]Cannot execute /datum/plant_gene/trait/glow (/datum/plant_gene/trait/glow).glow range().
[15:32:54]proc name: New (/obj/structure/glowshroom/New)
[15:32:54]  source file: glowshroom.dm,63
runtime error: 
[15:32:54]Cannot execute /datum/plant_gene/trait/glow (/datum/plant_gene/trait/glow).glow range().
[15:32:54]proc name: New (/obj/structure/glowshroom/New)
[15:32:54]  source file: glowshroom.dm,63
runtime error: 
[15:32:54]Cannot execute /datum/plant_gene/trait/glow (/datum/plant_gene/trait/glow).glow range().
[15:32:54]proc name: New (/obj/structure/glowshroom/New)
[15:32:54]  source file: glowshroom.dm,63
runtime error: 
[15:32:54]Cannot execute /datum/plant_gene/trait/glow (/datum/plant_gene/trait/glow).glow range().
[15:32:54]proc name: New (/obj/structure/glowshroom/New)
[15:32:54]  source file: glowshroom.dm,63
runtime error: 
[15:32:55]Cannot execute /datum/plant_gene/trait/glow (/datum/plant_gene/trait/glow).glow range().
[15:32:55]proc name: New (/obj/structure/glowshroom/New)
[15:32:55]  source file: glowshroom.dm,63
runtime error: 
[15:32:55]Cannot execute /datum/plant_gene/trait/glow (/datum/plant_gene/trait/glow).glow range().
[15:32:55]proc name: New (/obj/structure/glowshroom/New)
[15:32:55]  source file: glowshroom.dm,63
Loaded station in 168.4s!
Ruin "Hierophant's Arena" placed at (179, 207, 5)
Ruin "Ruin of Sloth" placed at (191, 33, 5)
Ruin "Blood-Drunk Miner" placed at (213, 78, 5)
Ruin loader gave up with 1 left to spend.
Ruin "Asteroid 3" placed at (251, 157, 4)
Initialized Mapping subsystem within 178.8 seconds!
runtime error: 
[15:33:07]Cannot execute null.add reagent().
[15:33:07]proc name: Initialize (/obj/effect/decal/cleanable/blood/gibs/Initialize)
[15:33:07]  source file: humans.dm,57
runtime error: 
[15:33:07]Cannot execute null.add reagent().
[15:33:07]proc name: Initialize (/obj/effect/decal/cleanable/blood/gibs/Initialize)
[15:33:07]  source file: humans.dm,57
runtime error: 
[15:33:07]Cannot execute null.add reagent().
[15:33:07]proc name: Initialize (/obj/effect/decal/cleanable/blood/gibs/Initialize)
[15:33:07]  source file: humans.dm,57
runtime error: 
[15:33:07]Cannot execute null.add reagent().
[15:33:07]proc name: Initialize (/obj/effect/decal/cleanable/blood/gibs/Initialize)
[15:33:07]  source file: humans.dm,57
runtime error: 
[15:33:07]Cannot execute null.add reagent().
[15:33:07]proc name: Initialize (/obj/effect/decal/cleanable/oil/Initialize)
[15:33:07]  source file: robots.dm,52
runtime error: 
[15:33:08]Cannot execute null.add reagent().
[15:33:08]proc name: Initialize (/obj/effect/decal/cleanable/oil/Initialize)
[15:33:08]  source file: robots.dm,52
runtime error: 
[15:33:12]Cannot execute null.add reagent().
[15:33:12]proc name: Initialize (/obj/effect/decal/cleanable/oil/Initialize)
[15:33:12]  source file: robots.dm,52
runtime error: 
[15:33:12]Cannot execute null.add reagent().
[15:33:12]proc name: Initialize (/obj/effect/decal/cleanable/oil/Initialize)
[15:33:12]  source file: robots.dm,52
runtime error: 
[15:33:13]Cannot execute null.add reagent().
[15:33:13]proc name: Initialize (/obj/effect/decal/cleanable/oil/Initialize)
[15:33:13]  source file: robots.dm,52
runtime error: 
[15:33:13]Cannot execute null.add reagent().
[15:33:13]proc name: Initialize (/obj/effect/decal/cleanable/blood/gibs/Initialize)
[15:33:13]  source file: humans.dm,57
runtime error: 
[15:33:13]Cannot execute null.add reagent().
[15:33:13]proc name: Initialize (/obj/effect/decal/cleanable/oil/Initialize)
[15:33:13]  source file: robots.dm,52
runtime error: 
[15:33:14]Cannot execute null.add reagent().
[15:33:14]proc name: Initialize (/obj/effect/decal/cleanable/blood/gibs/Initialize)
[15:33:14]  source file: humans.dm,57
runtime error: 
[15:33:14]Cannot execute null.add reagent().
[15:33:14]proc name: Initialize (/obj/effect/decal/cleanable/oil/Initialize)
[15:33:14]  source file: robots.dm,52
runtime error: 
[15:33:14]Cannot execute null.add reagent().
[15:33:14]proc name: Initialize (/obj/effect/decal/cleanable/blood/gibs/Initialize)
[15:33:14]  source file: humans.dm,57
runtime error: 
[15:33:15]Cannot execute null.add reagent().
[15:33:15]proc name: Initialize (/obj/effect/decal/cleanable/oil/Initialize)
[15:33:15]  source file: robots.dm,52
runtime error: 
[15:33:15]Cannot execute null.add reagent().
[15:33:15]proc name: Initialize (/obj/effect/decal/cleanable/oil/Initialize)
[15:33:15]  source file: robots.dm,52
runtime error: 
[15:33:15]Cannot execute null.add reagent().
[15:33:15]proc name: Initialize (/obj/effect/decal/cleanable/oil/Initialize)
[15:33:15]  source file: robots.dm,52
runtime error: 
[15:33:15]Cannot execute null.add reagent().
[15:33:15]proc name: Initialize (/obj/effect/decal/cleanable/oil/Initialize)
[15:33:15]  source file: robots.dm,52
runtime error: 
[15:33:15]Cannot execute null.add reagent().
[15:33:15]proc name: Initialize (/obj/effect/decal/cleanable/oil/Initialize)
[15:33:15]  source file: robots.dm,52
runtime error: 
[15:33:15]Cannot execute null.add reagent().
[15:33:15]proc name: Initialize (/obj/effect/decal/cleanable/oil/Initialize)
[15:33:15]  source file: robots.dm,52
runtime error: 
[15:33:15]Cannot execute null.add reagent().
[15:33:15]proc name: Initialize (/obj/effect/decal/cleanable/oil/Initialize)
[15:33:15]  source file: robots.dm,52
runtime error: 
[15:33:16]Cannot execute null.add reagent().
[15:33:16]proc name: Initialize (/obj/effect/decal/cleanable/oil/Initialize)
[15:33:16]  source file: robots.dm,52
runtime error: 
[15:33:16]Cannot execute null.add reagent().
[15:33:16]proc name: Initialize (/obj/effect/decal/cleanable/oil/Initialize)
[15:33:16]  source file: robots.dm,52
runtime error: 
[15:33:16]Cannot execute null.add reagent().
[15:33:16]proc name: Initialize (/obj/effect/decal/cleanable/oil/Initialize)
[15:33:16]  source file: robots.dm,52
runtime error: 
[15:33:16]Cannot execute null.add reagent().
[15:33:16]proc name: Initialize (/obj/effect/decal/cleanable/oil/Initialize)
[15:33:16]  source file: robots.dm,52
runtime error: 
[15:33:17]Cannot execute null.add reagent().
[15:33:17]proc name: Initialize (/obj/effect/decal/cleanable/oil/Initialize)
[15:33:17]  source file: robots.dm,52
runtime error: 
[15:33:17]Cannot execute null.add reagent().
[15:33:17]proc name: Initialize (/obj/effect/decal/cleanable/oil/Initialize)
[15:33:17]  source file: robots.dm,52
runtime error: 
[15:33:17]Cannot execute null.add reagent().
[15:33:17]proc name: Initialize (/obj/effect/decal/cleanable/oil/Initialize)
[15:33:17]  source file: robots.dm,52
runtime error: 
[15:33:18]Cannot execute null.add reagent().
[15:33:18]proc name: Initialize (/obj/effect/decal/cleanable/oil/Initialize)
[15:33:18]  source file: robots.dm,52
runtime error: 
[15:33:18]Cannot execute null.add reagent().
[15:33:18]proc name: Initialize (/obj/effect/decal/cleanable/oil/Initialize)
[15:33:18]  source file: robots.dm,52
runtime error: 
[15:33:19]Cannot execute null.add reagent().
[15:33:19]proc name: Initialize (/obj/effect/decal/cleanable/oil/Initialize)
[15:33:19]  source file: robots.dm,52
runtime error: 
[15:33:19]Cannot execute null.add reagent().
[15:33:19]proc name: Initialize (/obj/effect/decal/cleanable/oil/Initialize)
[15:33:19]  source file: robots.dm,52
runtime error: 
[15:33:19]Cannot execute null.add reagent().
[15:33:19]proc name: Initialize (/obj/effect/decal/cleanable/oil/Initialize)
[15:33:19]  source file: robots.dm,52
runtime error: 
[15:33:20]Cannot execute null.add reagent().
[15:33:20]proc name: Initialize (/obj/effect/decal/cleanable/oil/Initialize)
[15:33:20]  source file: robots.dm,52
runtime error: 
[15:33:20]Cannot execute null.add reagent().
[15:33:20]proc name: Initialize (/obj/effect/decal/cleanable/oil/Initialize)
[15:33:20]  source file: robots.dm,52
runtime error: 
[15:33:20]Cannot execute null.add reagent().
[15:33:20]proc name: Initialize (/obj/effect/decal/cleanable/oil/Initialize)
[15:33:20]  source file: robots.dm,52
runtime error: 
[15:33:21]Cannot execute null.add reagent().
[15:33:21]proc name: Initialize (/obj/effect/decal/cleanable/oil/Initialize)
[15:33:21]  source file: robots.dm,52
runtime error: 
[15:33:21]Cannot execute null.add reagent().
[15:33:21]proc name: Initialize (/obj/effect/decal/cleanable/oil/Initialize)
[15:33:21]  source file: robots.dm,52
runtime error: 
[15:33:21]Cannot execute null.add reagent().
[15:33:21]proc name: Initialize (/obj/effect/decal/cleanable/oil/Initialize)
[15:33:21]  source file: robots.dm,52
runtime error: 
[15:33:21]Cannot execute null.add reagent().
[15:33:21]proc name: Initialize (/obj/effect/decal/cleanable/oil/Initialize)
[15:33:21]  source file: robots.dm,52
runtime error: 
[15:33:21]Cannot execute null.add reagent().
[15:33:21]proc name: Initialize (/obj/effect/decal/cleanable/oil/Initialize)
[15:33:21]  source file: robots.dm,52
runtime error: 
[15:33:21]Cannot execute null.add reagent().
[15:33:21]proc name: Initialize (/obj/effect/decal/cleanable/oil/Initialize)
[15:33:21]  source file: robots.dm,52
runtime error: 
[15:33:22]Cannot execute null.add reagent().
[15:33:22]proc name: Initialize (/obj/effect/decal/cleanable/oil/Initialize)
[15:33:22]  source file: robots.dm,52
runtime error: 
[15:33:23]Cannot execute null.add reagent().
[15:33:23]proc name: Initialize (/obj/effect/decal/cleanable/oil/Initialize)
[15:33:23]  source file: robots.dm,52
runtime error: 
[15:33:23]Cannot execute null.add reagent().
[15:33:23]proc name: Initialize (/obj/effect/decal/cleanable/oil/Initialize)
[15:33:23]  source file: robots.dm,52
runtime error: 
[15:33:24]Cannot execute null.add reagent().
[15:33:24]proc name: Initialize (/obj/effect/decal/cleanable/oil/Initialize)
[15:33:24]  source file: robots.dm,52
runtime error: 
[15:33:25]Cannot execute null.add reagent().
[15:33:25]proc name: Initialize (/obj/effect/decal/cleanable/oil/Initialize)
[15:33:25]  source file: robots.dm,52
runtime error: 
[15:33:25]Cannot execute null.add reagent().
[15:33:25]proc name: Initialize (/obj/effect/decal/cleanable/oil/Initialize)
[15:33:25]  source file: robots.dm,52
runtime error: 
[15:33:25]Cannot execute null.add reagent().
[15:33:25]proc name: Initialize (/obj/effect/decal/cleanable/oil/Initialize)
[15:33:25]  source file: robots.dm,52
runtime error: 
[15:33:25]Cannot execute null.add reagent().
[15:33:25]proc name: Initialize (/obj/effect/decal/cleanable/oil/Initialize)
[15:33:25]  source file: robots.dm,52
runtime error: 
[15:33:26]Cannot execute null.add reagent().
[15:33:26]proc name: Initialize (/obj/effect/decal/cleanable/oil/Initialize)
[15:33:26]  source file: robots.dm,52
runtime error: 
[15:33:26]Cannot execute null.add reagent().
[15:33:26]proc name: Initialize (/obj/effect/decal/cleanable/oil/Initialize)
[15:33:26]  source file: robots.dm,52
runtime error: 
[15:33:27]Cannot execute null.add reagent().
[15:33:27]Warning: further proc crash messages are being suppressed to prevent overload...
runtime error: 
[15:33:32]Undefined variable /obj/item/rupee/var/swimming

runtime error: 
[15:33:32]Undefined variable /obj/item/rupee/var/swimming

runtime error: 
[15:33:33]Undefined variable /obj/item/rupee/var/swimming

runtime error: 
[15:33:33]Undefined variable /obj/structure/signpost/salvation/var/swimming

runtime error: 
[15:33:33]Undefined variable /obj/item/rupee/var/swimming

runtime error: 
[15:33:33]Undefined variable /obj/item/rupee/var/swimming

runtime error: 
[15:33:33]Undefined variable /obj/item/rupee/var/swimming

runtime error: 
[15:33:33]Undefined variable /obj/item/rupee/var/swimming

runtime error: 
[15:33:33]Undefined variable /obj/item/rupee/var/swimming

runtime error: 
[15:33:33]Undefined variable /obj/item/rupee/var/swimming

runtime error: 
[15:33:33]Undefined variable /obj/effect/landmark/error/var/swimming

runtime error: 
[15:33:33]Undefined variable /obj/item/rupee/var/swimming

runtime error: 
[15:33:33]Undefined variable /obj/item/rupee/var/swimming

runtime error: 
[15:33:33]Undefined variable /obj/item/rupee/var/swimming

runtime error: 
[15:33:33]Undefined variable /obj/item/rupee/var/swimming

runtime error: 
[15:33:33]Undefined variable /obj/item/rupee/var/swimming

runtime error: 
[15:33:33]Undefined variable /obj/item/rupee/var/swimming

runtime error: 
[15:33:33]Undefined variable /obj/item/rupee/var/swimming

runtime error: 
[15:33:33]Undefined variable /obj/item/rupee/var/swimming

runtime error: 
[15:33:33]Undefined variable /obj/item/rupee/var/swimming

runtime error: 
[15:33:33]Undefined variable /obj/item/rupee/var/swimming

runtime error: 
[15:33:33]Undefined variable /obj/item/rupee/var/swimming

runtime error: 
[15:33:33]Undefined variable /obj/item/rupee/var/swimming

runtime error: 
[15:33:33]Undefined variable /obj/item/rupee/var/swimming

runtime error: 
[15:33:33]Undefined variable /obj/item/rupee/var/swimming

runtime error: 
[15:33:33]Undefined variable /obj/item/rupee/var/swimming

runtime error: 
[15:33:34]Undefined variable /obj/item/rupee/var/swimming

runtime error: 
[15:33:34]Undefined variable /obj/item/rupee/var/swimming

runtime error: 
[15:33:34]Undefined variable /obj/item/rupee/var/swimming

runtime error: 
[15:33:34]Undefined variable /obj/item/rupee/var/swimming

runtime error: 
[15:33:34]Undefined variable /obj/item/rupee/var/swimming

runtime error: 
[15:33:34]Undefined variable /obj/item/rupee/var/swimming

runtime error: 
[15:33:34]Undefined variable /obj/item/rupee/var/swimming

runtime error: 
[15:33:34]Undefined variable /obj/item/rupee/var/swimming

runtime error: 
[15:33:34]Undefined variable /obj/item/rupee/var/swimming

runtime error: 
[15:33:34]Undefined variable /obj/item/rupee/var/swimming

runtime error: 
[15:33:34]Undefined variable /obj/item/rupee/var/swimming

runtime error: 
[15:33:34]Undefined variable /obj/item/rupee/var/swimming

runtime error: 
[15:33:34]Undefined variable /obj/item/rupee/var/swimming

runtime error: 
[15:33:34]Undefined variable /obj/item/rupee/var/swimming

runtime error: 
[15:33:34]Undefined variable /obj/item/rupee/var/swimming

runtime error: 
[15:33:34]Undefined variable /obj/item/rupee/var/swimming

runtime error: 
[15:33:34]Undefined variable /obj/item/rupee/var/swimming

runtime error: 
[15:33:34]Undefined variable /obj/item/rupee/var/swimming

runtime error: 
[15:33:34]Undefined variable /obj/item/rupee/var/swimming

runtime error: 
[15:33:34]Undefined variable /obj/item/rupee/var/swimming

runtime error: 
[15:33:34]Undefined variable /obj/item/rupee/var/swimming

runtime error: 
[15:33:34]Undefined variable /obj/structure/speaking_tile/var/swimming

runtime error: 
[15:33:34]Undefined variable /obj/machinery/abductor/gland_dispenser/var/swimming

runtime error: 
[15:33:34]Undefined variable /obj/structure/table/abductor/var/swimming

runtime error: 
[15:33:34]Undefined variable /obj/item/surgicaldrill/alien/var/swimming

runtime error: 
[15:33:35]undefined proc or verb /mob/living/simple_animal/bot/medbot/mysterious/remove overlay().

runtime error: 
[15:33:35]undefined proc or verb /mob/living/simple_animal/hostile/creature/remove overlay().

runtime error: 
[15:33:35]undefined proc or verb /mob/living/simple_animal/hostile/carp/cayenne/remove overlay().

runtime error: 
[15:33:42]Cannot execute null.add reagent().
runtime error: 
[15:33:44]Cannot execute null.add reagent().
runtime error: 
[15:33:44]undefined proc or verb /mob/living/simple_animal/bot/medbot/remove overlay().

runtime error: 
[15:33:44]undefined proc or verb /mob/living/simple_animal/cockroach/remove overlay().

runtime error: 
[15:33:44]Cannot execute null.add reagent().
runtime error: 
[15:33:44]undefined proc or verb /mob/living/simple_animal/cockroach/remove overlay().

runtime error: 
[15:33:44]Cannot execute null.add reagent().
runtime error: 
[15:33:44]Cannot execute null.add reagent().
runtime error: 
[15:33:44]undefined proc or verb /mob/living/simple_animal/cockroach/remove overlay().

runtime error: 
[15:33:45]undefined proc or verb /mob/living/simple_animal/cockroach/remove overlay().

runtime error: 
[15:33:45]undefined proc or verb /mob/living/simple_animal/cockroach/remove overlay().

runtime error: 
[15:33:45]undefined proc or verb /mob/living/simple_animal/pet/cat/Runtime/remove overlay().

runtime error: 
[15:33:45]undefined proc or verb /mob/living/simple_animal/cockroach/remove overlay().

runtime error: 
[15:33:45]undefined proc or verb /mob/living/simple_animal/pet/dog/pug/remove overlay().

runtime error: 
[15:33:45]Cannot execute null.add reagent().
runtime error: 
[15:33:45]Cannot execute null.add reagent().
runtime error: 
[15:33:45]undefined proc or verb /mob/living/simple_animal/cockroach/remove overlay().

runtime error: 
[15:33:46]undefined proc or verb /mob/living/simple_animal/cockroach/remove overlay().

runtime error: 
[15:33:46]undefined proc or verb /mob/living/simple_animal/cockroach/remove overlay().

runtime error: 
[15:33:46]undefined proc or verb /mob/living/simple_animal/slime/remove overlay().

runtime error: 
[15:33:46]undefined proc or verb /mob/living/simple_animal/slime/remove overlay().

runtime error: 
[15:33:46]undefined proc or verb /mob/living/simple_animal/slime/remove overlay().

runtime error: 
[15:33:46]undefined proc or verb /mob/living/simple_animal/cockroach/remove overlay().

runtime error: 
[15:33:48]undefined proc or verb /mob/living/simple_animal/cockroach/remove overlay().

runtime error: 
[15:33:48]undefined proc or verb /mob/living/simple_animal/pet/dog/corgi/Ian/remove overlay().

runtime error: 
[15:33:48]undefined proc or verb /mob/living/simple_animal/bot/secbot/pingsky/remove overlay().

runtime error: 
[15:33:48]undefined proc or verb /mob/living/simple_animal/parrot/Poly/remove overlay().

runtime error: 
[15:33:48]undefined proc or verb /mob/living/simple_animal/bot/secbot/beepsky/remove overlay().

runtime error: 
[15:33:48]undefined proc or verb /mob/living/simple_animal/pet/fox/Renault/remove overlay().

runtime error: 
[15:33:50]undefined proc or verb /mob/living/simple_animal/hostile/carp/cayenne/remove overlay().

runtime error: 
[15:33:50]undefined proc or verb /mob/living/simple_animal/cockroach/remove overlay().

runtime error: 
[15:33:50]undefined proc or verb /mob/living/simple_animal/hostile/retaliate/goat/remove overlay().

runtime error: 
[15:33:50]undefined proc or verb /mob/living/simple_animal/sloth/citrus/remove overlay().

runtime error: 
[15:33:50]undefined proc or verb /mob/living/simple_animal/cockroach/remove overlay().

runtime error: 
[15:33:50]undefined proc or verb /mob/living/simple_animal/mouse/remove overlay().

runtime error: 
[15:33:51]undefined proc or verb /mob/living/simple_animal/mouse/remove overlay().

runtime error: 
[15:33:51]undefined proc or verb /mob/living/simple_animal/bot/mulebot/remove overlay().

runtime error: 
[15:33:51]undefined proc or verb /mob/living/simple_animal/bot/mulebot/remove overlay().

runtime error: 
[15:33:51]undefined proc or verb /mob/living/simple_animal/cockroach/remove overlay().

runtime error: 
[15:33:51]undefined proc or verb /mob/living/simple_animal/hostile/lizard/remove overlay().

runtime error: 
[15:33:51]undefined proc or verb /mob/living/simple_animal/cockroach/remove overlay().

runtime error: 
[15:33:51]undefined proc or verb /mob/living/simple_animal/cockroach/remove overlay().

runtime error: 
[15:33:52]undefined proc or verb /mob/living/simple_animal/cockroach/remove overlay().

runtime error: 
[15:33:52]undefined proc or verb /mob/living/simple_animal/cockroach/remove overlay().

runtime error: 
[15:33:58]undefined proc or verb /mob/living/simple_animal/hostile/asteroid/goliath/beast/random/remove overlay().

runtime error: 
[15:33:58]undefined proc or verb /mob/living/simple_animal/hostile/asteroid/goliath/beast/random/remove overlay().

runtime error: 
[15:33:58]undefined proc or verb /mob/living/simple_animal/hostile/megafauna/bubblegum/remove overlay().

runtime error: 
[15:33:58]undefined proc or verb /mob/living/simple_animal/hostile/asteroid/goliath/beast/random/remove overlay().

runtime error: 
[15:33:58]undefined proc or verb /mob/living/simple_animal/hostile/asteroid/goliath/beast/random/remove overlay().

runtime error: 
[15:33:58]undefined proc or verb /mob/living/simple_animal/hostile/asteroid/goliath/beast/random/remove overlay().

runtime error: 
[15:33:58]undefined proc or verb /mob/living/simple_animal/hostile/asteroid/goliath/beast/random/remove overlay().

runtime error: 
[15:33:58]undefined proc or verb /mob/living/simple_animal/hostile/asteroid/basilisk/watcher/random/remove overlay().

runtime error: 
[15:33:59]undefined proc or verb /mob/living/simple_animal/hostile/asteroid/goliath/beast/random/remove overlay().

runtime error: 
[15:33:59]undefined proc or verb /mob/living/simple_animal/hostile/asteroid/goliath/beast/random/remove overlay().

runtime error: 
[15:34:00]undefined proc or verb /mob/living/simple_animal/hostile/asteroid/goliath/beast/random/remove overlay().

Initialized 1.4786e+006 atoms
Initialized Atoms subsystem within 91.6 seconds!
Initialized Language subsystem within 0 seconds!
Initialized Machines subsystem within 1.3 seconds!
Initialized Circuit subsystem within 0.1 seconds!
Initialized Weather subsystem within 0 seconds!
## WARNING: There are 573 active turfs at roundstart, this is a mapping error caused by a difference of the air between the adjacent turfs. You can see its coordinates using "Mapping -> Show roundstart AT list" verb (debug verbs required)
## WARNING: HEY! LISTEN! 14 seconds were wasted processing 573 turf(s) (connected to 88401 other turfs) with atmos differences at round start.
Initialized Atmospherics subsystem within 38.2 seconds!
Initialized Minimap subsystem within 0 seconds!
Initialized Assets subsystem within 0.4 seconds!
Initialized Icon Smoothing subsystem within 11.5 seconds!
Initialized Overlay subsystem within 32.9 seconds!
Initialized XKeyScore subsystem within 0 seconds!
Initialized Lighting subsystem within 24.1 seconds!
Initialized Shuttle subsystem within 99.1 seconds!
Initialized Squeak subsystem within 0 seconds!
Loaded 0 engraved messages on map Delta Station
Initialized Persistence subsystem within 0.1 seconds!
Initializations complete within 479.1 seconds!
Game start took 0s
