

Starting up round ID . 01:24:54
---------------------
Momo1911 \ Vegeta \ cool guys high class \ NONE \ LATEJOIN
Ss13isaids \ Dab Dab \ cool guys high class \ NONE \ LATEJOIN
MACIEKBAKI \ Mr Lmao \ cool guys high class \ NONE \ LATEJOIN
Noober84555 \ Noober \ cool guys high class \ NONE \ LATEJOIN
Ivanyuri \ Jayla Parker \ cool guys low class \ NONE \ LATEJOIN
MiniusAreas \ Kristina Potter \ cool guys low class \ NONE \ LATEJOIN
Mcrideinspace \ Nate Higgers \ Shitcurity \ NONE \ LATEJOIN
UnusualCone \ Leonel Butterfill \ cool guys high class \ NONE \ LATEJOIN
Mcrideinspace \ Nate Higgers \ Gordon Ramsay Food Critic Cooker \ NONE \ LATEJOIN
Mcrideinspace \ Nate Higgers \ Gordon Ramsay Food Critic Cooker \ NONE \ LATEJOIN
Momo1911 \ Vegeta \ cool guys high class \ NONE \ LATEJOIN
Mcrideinspace \ Nate Higgers \ Shitcurity \ NONE \ LATEJOIN
UnusualCone \ Leonel Butterfill \ Gordon Ramsay Food Critic Cooker \ NONE \ LATEJOIN
Mcrideinspace \ Nate Higgers \ Shitcurity \ NONE \ LATEJOIN
Mcrideinspace \ Nate Higgers \ Shitcurity \ NONE \ LATEJOIN
Mcrideinspace \ Nate Higgers \ Shitcurity \ NONE \ LATEJOIN
Momo1911 \ Vegeta \ cool guys high class \ NONE \ LATEJOIN
UnusualCone \ Leonel Butterfill \ Shitcurity \ NONE \ LATEJOIN
Momo1911 \ Vegeta \ cool guys high class \ NONE \ LATEJOIN
Mcrideinspace \ Nate Higgers \ Shitcurity \ NONE \ LATEJOIN
Mcrideinspace \ Nate Higgers \ Shitcurity \ NONE \ LATEJOIN
UnusualCone \ Leonel Butterfill \ cool guys high class \ NONE \ LATEJOIN
UnusualCone \ Leonel Butterfill \ cool guys high class \ NONE \ LATEJOIN
Mcrideinspace \ Nate Higgers \ Shitcurity \ NONE \ LATEJOIN
Mcrideinspace \ Nate Higgers \ Shitcurity \ NONE \ LATEJOIN
UnusualCone \ Leonel Butterfill \ Bartender \ NONE \ LATEJOIN
Mcrideinspace \ Nate Higgers \ Shitcurity \ NONE \ LATEJOIN
Noober84555 \ Noober \ cool guys high class \ NONE \ LATEJOIN
Mcrideinspace \ Nate Higgers \ Shitcurity \ NONE \ LATEJOIN
ivanyuri \ Jayla Parker \ Shitcurity \ NONE \ LATEJOIN
ivanyuri \ Jayla Parker \ cool guys medium class \ NONE \ LATEJOIN
