

Starting up round ID . 23:50:35
---------------------
[23:50:35]ADMIN: Loading Banlist
[23:50:36]GAME: Saved mode is 'sandbox'
[23:51:15]ACCESS: Logout: AlcaroIsAFrick
[23:51:18]ACCESS: Logout: AlcaroIsAFrick
[23:51:23]GAME: Hierophant's Arena loaded at at 120,62,5
[23:51:23]GAME: Biodome Clown Planet loaded at at 141,137,5
[23:51:23]GAME: Free Golem Ship loaded at at 204,194,5
[23:51:23]GAME: The Wishgranter Cube loaded at at 146,82,5
[23:51:23]GAME: Ruin of Sloth loaded at at 177,183,5
[23:51:23]GAME: Blood-Drunk Miner (Hunter) loaded at at 40,197,5
[23:51:23]GAME: Ruin of Pride loaded at at 178,79,5
[23:51:23]GAME: Ruin of Envy loaded at at 143,50,5
[23:51:24]GAME: Animal Hospital loaded at at 106,167,5
[23:51:24]GAME: DJ Station loaded at at 111,87,3
[23:51:24]GAME: DK Excavator 453 loaded at at 117,53,7
[23:51:24]ACCESS: Login: AlcaroIsAFrick from 127.0.0.1-1817465521 || BYOND v511
[23:51:24]ACCESS: Mob Login: AlcaroIsAFrick/(AlcaroIsAFrick) was assigned to a /mob/dead/new_player
[23:51:25]GAME: Crashed Ship loaded at at 111,127,8
[23:51:26]GAME: Survivalist Bunker loaded at at 57,117,9
[23:51:26]GAME: NT Medical Ship loaded at at 125,152,7
[23:51:26]GAME: Derelict 4 loaded at at 37,138,8
[23:51:26]GAME: Unnamed Turreted Outpost loaded at at 126,157,11
[23:51:26]GAME: Disposal Facility 17 loaded at at 131,104,4
[23:51:27]GAME: Ancient Space Station loaded at at 107,178,10
[23:51:27]GAME: Asteroid 4 loaded at at 49,207,7
[23:51:28]GAME: A Giant Ball of Paper in Space loaded at at 163,108,10
[23:51:28]GAME: Authorship loaded at at 176,139,9
[23:51:28]GAME: Derelict 5 loaded at at 116,183,4
[23:51:28]GAME: Derelict 1 loaded at at 81,62,8
[23:51:28]GAME: Derelict 6 loaded at at 53,85,3
[23:51:28]GAME: Asteroid 1 loaded at at 56,111,4
[23:51:37]ACCESS: Logout: AlcaroIsAFrick/(AlcaroIsAFrick)
