

Starting up round ID . 23:46:13
---------------------
Noober84555 \ Noober \ cool guys high class \ NONE \ LATEJOIN
Ss13isaids \ Dab Dab \ cool guys high class \ NONE \ LATEJOIN
Mcrideinspace \ Tobor \ AI \ NONE \ LATEJOIN
Demonkill227 \ Scotty Buttersworth \ cool guys high class \ NONE \ LATEJOIN
MonkeyMan901 \ MACHO MAN RATTLE ME BONES SAVAGE \ MASON KILLERS \ NONE \ LATEJOIN
MonkeyMan901 \ MACHO MAN RATTLE ME BONES SAVAGE \ MASON KILLERS \ NONE \ LATEJOIN
Robotumus \ Iris Getsspaced \ MASON KILLERS \ NONE \ LATEJOIN
Kezai \ Bird Up \ GORDON RAMSAY CHEF \ NONE \ LATEJOIN
Demonkill227 \ Scotty Buttersworth \ cool guys high class \ NONE \ LATEJOIN
Bobcat49 \ Louie \ Cyborg \ NONE \ LATEJOIN
Demonkill227 \ Scotty Buttersworth \ cool guys high class \ NONE \ LATEJOIN
Mcrideinspace \ Nate Higgers \ cool guys low class \ NONE \ LATEJOIN
Bobcat49 \ Louie \ Cyborg \ NONE \ LATEJOIN
MonkeyMan901 \ MACHO MAN RATTLE ME BONES SAVAGE \ MASON KILLERS \ NONE \ LATEJOIN
Bobcat49 \ Louie \ Cyborg \ NONE \ LATEJOIN
Bobcat49 \ Phil From Accounting \ cool guys medium class \ NONE \ LATEJOIN
Momo1911 \ Vegeta \ cool guys high class \ NONE \ LATEJOIN
MACIEKBAKI \ Terminus \ Cyborg \ NONE \ LATEJOIN
Altoids0 \ Gary Lafortune \ cool guys high class \ NONE \ LATEJOIN
