

Starting up round ID . 19:20:25
---------------------
Initialized Blackbox subsystem within 0 seconds!
Initialized Server Tasks subsystem within 0 seconds!
Initialized Events subsystem within 0 seconds!
runtime error: 
[19:20:27]cannot read from list
[19:20:27]proc name: LoadJobs (/datum/controller/subsystem/job/proc/LoadJobs)
[19:20:27]  source file: job.dm,448
[19:20:27]  usr: null
[19:20:27]  src: Jobs (/datum/controller/subsystem/job)
[19:20:27]  call stack:
[19:20:27]Jobs (/datum/controller/subsystem/job): LoadJobs()
[19:20:27]Jobs (/datum/controller/subsystem/job): Initialize(804273)
[19:20:27]Master (/datum/controller/master): Initialize(10, 0)
Initialized Jobs subsystem within 0 seconds!
Initialized Ticker subsystem within 0.1 seconds!
Loading Delta Station...
Loaded station in 38.4s!
Ruin "Hierophant's Arena" placed at (178, 107, 5)
Ruin "UFO Crash" placed at (101, 144, 5)
Ruin "Blood-Drunk Miner" placed at (213, 123, 5)
Ruin "Biodome Winter" placed at (138, 152, 5)
Ruin "Ruin of Envy" placed at (124, 42, 5)
Ruin "Seed Vault" placed at (158, 64, 5)
Ruin "Crashed Shuttle" placed at (203, 186, 5)
Ruin "Biodome Beach" placed at (120, 117, 5)
Ruin "UFO Crash" placed at (82, 86, 5)
Ruin "Strange Ship" placed at (68, 30, 9)
Ruin "Abandoned Teleporter" placed at (83, 120, 4)
Ruin "Derelict 1" placed at (115, 115, 8)
Ruin "Derelict Tradepost" placed at (162, 125, 7)
runtime error: 
[19:21:13]Cannot execute /datum/plant_gene/trait/glow (/datum/plant_gene/trait/glow).glow range().
[19:21:13]proc name: New (/obj/structure/glowshroom/New)
[19:21:13]  source file: glowshroom.dm,63
[19:21:13]  usr: null
[19:21:13]  src: the glowshroom (/obj/structure/glowshroom/single)
[19:21:13]  src.loc: the floor (148,125,7) (/turf/open/floor/plasteel)
[19:21:13]  call stack:
[19:21:13]the glowshroom (/obj/structure/glowshroom/single): New(the floor (148,125,7) (/turf/open/floor/plasteel), null, null)
[19:21:13]/dmm_suite (/dmm_suite): create atom(/obj/structure/glowshroom/sing... (/obj/structure/glowshroom/single), the floor (148,125,7) (/turf/open/floor/plasteel))
[19:21:13]/dmm_suite (/dmm_suite): instance atom(/obj/structure/glowshroom/sing... (/obj/structure/glowshroom/single), /list (/list), the floor (148,125,7) (/turf/open/floor/plasteel), 1)
[19:21:13]/dmm_suite (/dmm_suite): parse grid("\n/obj/structure/alien/weeds{\...", "da", 148, 125, 7, 1)
[19:21:13]/dmm_suite (/dmm_suite): load map impl(_maps/RandomRuins/SpaceRuins/b..., 142, 105, 7, 1, null, 1, -1e+031, 1e+031, -1e+031, 1e+031)
[19:21:13]/dmm_suite (/dmm_suite): load map(_maps/RandomRuins/SpaceRuins/b..., 142, 105, 7, 1, null, 1, null, null, null, null)
[19:21:13]Derelict Tradepost (/datum/map_template/ruin/space/bigderelict1): load(space (142,105,7) (/turf/open/space/basic), 1)
[19:21:13]the random ruin (/obj/effect/ruin_loader): Load(/list (/list), Derelict Tradepost (/datum/map_template/ruin/space/bigderelict1))
[19:21:13]seedRuins(/list (/list), 13, /area/space (/area/space), /list (/list))
[19:21:13]Mapping (/datum/controller/subsystem/mapping): Initialize(804274)
[19:21:13]Master (/datum/controller/master): Initialize(10, 0)
runtime error: 
[19:21:13]Cannot execute /datum/plant_gene/trait/glow (/datum/plant_gene/trait/glow).glow range().
[19:21:13]proc name: New (/obj/structure/glowshroom/New)
[19:21:13]  source file: glowshroom.dm,63
[19:21:13]  usr: null
[19:21:13]  src: the glowshroom (/obj/structure/glowshroom/single)
[19:21:13]  src.loc: the asteroid sand (152,123,7) (/turf/open/floor/plating/asteroid)
[19:21:13]  call stack:
[19:21:13]the glowshroom (/obj/structure/glowshroom/single): New(the asteroid sand (152,123,7) (/turf/open/floor/plating/asteroid), null, null)
[19:21:13]/dmm_suite (/dmm_suite): create atom(/obj/structure/glowshroom/sing... (/obj/structure/glowshroom/single), the asteroid sand (152,123,7) (/turf/open/floor/plating/asteroid))
[19:21:13]/dmm_suite (/dmm_suite): instance atom(/obj/structure/glowshroom/sing... (/obj/structure/glowshroom/single), /list (/list), the asteroid sand (152,123,7) (/turf/open/floor/plating/asteroid), 1)
[19:21:13]/dmm_suite (/dmm_suite): parse grid("\n/obj/effect/decal/cleanable/...", "dy", 152, 123, 7, 1)
[19:21:13]/dmm_suite (/dmm_suite): load map impl(_maps/RandomRuins/SpaceRuins/b..., 142, 105, 7, 1, null, 1, -1e+031, 1e+031, -1e+031, 1e+031)
[19:21:13]/dmm_suite (/dmm_suite): load map(_maps/RandomRuins/SpaceRuins/b..., 142, 105, 7, 1, null, 1, null, null, null, null)
[19:21:13]Derelict Tradepost (/datum/map_template/ruin/space/bigderelict1): load(space (142,105,7) (/turf/open/space/basic), 1)
[19:21:13]the random ruin (/obj/effect/ruin_loader): Load(/list (/list), Derelict Tradepost (/datum/map_template/ruin/space/bigderelict1))
[19:21:13]seedRuins(/list (/list), 13, /area/space (/area/space), /list (/list))
[19:21:13]Mapping (/datum/controller/subsystem/mapping): Initialize(804274)
[19:21:13]Master (/datum/controller/master): Initialize(10, 0)
runtime error: 
[19:21:13]Cannot execute /datum/plant_gene/trait/glow (/datum/plant_gene/trait/glow).glow range().
[19:21:13]proc name: New (/obj/structure/glowshroom/New)
[19:21:13]  source file: glowshroom.dm,63
[19:21:13]  usr: null
[19:21:13]  src: the glowshroom (/obj/structure/glowshroom/single)
[19:21:13]  src.loc: the shuttle floor (156,132,7) (/turf/open/floor/mineral/titanium/blue)
[19:21:13]  call stack:
[19:21:13]the glowshroom (/obj/structure/glowshroom/single): New(the shuttle floor (156,132,7) (/turf/open/floor/mineral/titanium/blue), null, null)
[19:21:13]/dmm_suite (/dmm_suite): create atom(/obj/structure/glowshroom/sing... (/obj/structure/glowshroom/single), the shuttle floor (156,132,7) (/turf/open/floor/mineral/titanium/blue))
[19:21:13]/dmm_suite (/dmm_suite): instance atom(/obj/structure/glowshroom/sing... (/obj/structure/glowshroom/single), /list (/list), the shuttle floor (156,132,7) (/turf/open/floor/mineral/titanium/blue), 1)
[19:21:13]/dmm_suite (/dmm_suite): parse grid("\n/obj/structure/alien/weeds{\...", "bg", 156, 132, 7, 1)
[19:21:13]/dmm_suite (/dmm_suite): load map impl(_maps/RandomRuins/SpaceRuins/b..., 142, 105, 7, 1, null, 1, -1e+031, 1e+031, -1e+031, 1e+031)
[19:21:13]/dmm_suite (/dmm_suite): load map(_maps/RandomRuins/SpaceRuins/b..., 142, 105, 7, 1, null, 1, null, null, null, null)
[19:21:13]Derelict Tradepost (/datum/map_template/ruin/space/bigderelict1): load(space (142,105,7) (/turf/open/space/basic), 1)
[19:21:13]the random ruin (/obj/effect/ruin_loader): Load(/list (/list), Derelict Tradepost (/datum/map_template/ruin/space/bigderelict1))
[19:21:13]seedRuins(/list (/list), 13, /area/space (/area/space), /list (/list))
[19:21:13]Mapping (/datum/controller/subsystem/mapping): Initialize(804274)
[19:21:13]Master (/datum/controller/master): Initialize(10, 0)
runtime error: 
[19:21:13]Cannot execute /datum/plant_gene/trait/glow (/datum/plant_gene/trait/glow).glow range().
[19:21:13]proc name: New (/obj/structure/glowshroom/New)
[19:21:13]  source file: glowshroom.dm,63
[19:21:13]  usr: null
[19:21:13]  src: the glowshroom (/obj/structure/glowshroom/single)
[19:21:13]  src.loc: the floor (158,127,7) (/turf/open/floor/plasteel)
[19:21:13]  call stack:
[19:21:13]the glowshroom (/obj/structure/glowshroom/single): New(the floor (158,127,7) (/turf/open/floor/plasteel), null, null)
[19:21:13]/dmm_suite (/dmm_suite): create atom(/obj/structure/glowshroom/sing... (/obj/structure/glowshroom/single), the floor (158,127,7) (/turf/open/floor/plasteel))
[19:21:13]/dmm_suite (/dmm_suite): instance atom(/obj/structure/glowshroom/sing... (/obj/structure/glowshroom/single), /list (/list), the floor (158,127,7) (/turf/open/floor/plasteel), 1)
[19:21:13]/dmm_suite (/dmm_suite): parse grid("\n/obj/structure/alien/weeds{\...", "cM", 158, 127, 7, 1)
[19:21:13]/dmm_suite (/dmm_suite): load map impl(_maps/RandomRuins/SpaceRuins/b..., 142, 105, 7, 1, null, 1, -1e+031, 1e+031, -1e+031, 1e+031)
[19:21:13]/dmm_suite (/dmm_suite): load map(_maps/RandomRuins/SpaceRuins/b..., 142, 105, 7, 1, null, 1, null, null, null, null)
[19:21:13]Derelict Tradepost (/datum/map_template/ruin/space/bigderelict1): load(space (142,105,7) (/turf/open/space/basic), 1)
[19:21:13]the random ruin (/obj/effect/ruin_loader): Load(/list (/list), Derelict Tradepost (/datum/map_template/ruin/space/bigderelict1))
[19:21:13]seedRuins(/list (/list), 13, /area/space (/area/space), /list (/list))
[19:21:13]Mapping (/datum/controller/subsystem/mapping): Initialize(804274)
[19:21:13]Master (/datum/controller/master): Initialize(10, 0)
runtime error: 
[19:21:13]Cannot execute /datum/plant_gene/trait/glow (/datum/plant_gene/trait/glow).glow range().
[19:21:13]proc name: New (/obj/structure/glowshroom/New)
[19:21:13]  source file: glowshroom.dm,63
[19:21:13]  usr: null
[19:21:13]  src: the glowshroom (/obj/structure/glowshroom/single)
[19:21:13]  src.loc: the asteroid sand (166,124,7) (/turf/open/floor/plating/asteroid)
[19:21:13]  call stack:
[19:21:13]the glowshroom (/obj/structure/glowshroom/single): New(the asteroid sand (166,124,7) (/turf/open/floor/plating/asteroid), null, null)
[19:21:13]/dmm_suite (/dmm_suite): create atom(/obj/structure/glowshroom/sing... (/obj/structure/glowshroom/single), the asteroid sand (166,124,7) (/turf/open/floor/plating/asteroid))
[19:21:13]/dmm_suite (/dmm_suite): instance atom(/obj/structure/glowshroom/sing... (/obj/structure/glowshroom/single), /list (/list), the asteroid sand (166,124,7) (/turf/open/floor/plating/asteroid), 1)
[19:21:13]/dmm_suite (/dmm_suite): parse grid("\n/obj/structure/alien/weeds{\...", "dt", 166, 124, 7, 1)
[19:21:13]/dmm_suite (/dmm_suite): load map impl(_maps/RandomRuins/SpaceRuins/b..., 142, 105, 7, 1, null, 1, -1e+031, 1e+031, -1e+031, 1e+031)
[19:21:13]/dmm_suite (/dmm_suite): load map(_maps/RandomRuins/SpaceRuins/b..., 142, 105, 7, 1, null, 1, null, null, null, null)
[19:21:13]Derelict Tradepost (/datum/map_template/ruin/space/bigderelict1): load(space (142,105,7) (/turf/open/space/basic), 1)
[19:21:13]the random ruin (/obj/effect/ruin_loader): Load(/list (/list), Derelict Tradepost (/datum/map_template/ruin/space/bigderelict1))
[19:21:13]seedRuins(/list (/list), 13, /area/space (/area/space), /list (/list))
[19:21:13]Mapping (/datum/controller/subsystem/mapping): Initialize(804274)
[19:21:13]Master (/datum/controller/master): Initialize(10, 0)
runtime error: 
[19:21:13]Cannot execute /datum/plant_gene/trait/glow (/datum/plant_gene/trait/glow).glow range().
[19:21:13]proc name: New (/obj/structure/glowshroom/New)
[19:21:13]  source file: glowshroom.dm,63
[19:21:13]  usr: null
[19:21:13]  src: the glowshroom (/obj/structure/glowshroom/single)
[19:21:13]  src.loc: the floor (169,121,7) (/turf/open/floor/plasteel)
[19:21:13]  call stack:
[19:21:13]the glowshroom (/obj/structure/glowshroom/single): New(the floor (169,121,7) (/turf/open/floor/plasteel), null, null)
[19:21:13]/dmm_suite (/dmm_suite): create atom(/obj/structure/glowshroom/sing... (/obj/structure/glowshroom/single), the floor (169,121,7) (/turf/open/floor/plasteel))
[19:21:13]/dmm_suite (/dmm_suite): instance atom(/obj/structure/glowshroom/sing... (/obj/structure/glowshroom/single), /list (/list), the floor (169,121,7) (/turf/open/floor/plasteel), 1)
[19:21:13]/dmm_suite (/dmm_suite): parse grid("\n/obj/structure/alien/weeds{\...", "dP", 169, 121, 7, 1)
[19:21:13]/dmm_suite (/dmm_suite): load map impl(_maps/RandomRuins/SpaceRuins/b..., 142, 105, 7, 1, null, 1, -1e+031, 1e+031, -1e+031, 1e+031)
[19:21:13]/dmm_suite (/dmm_suite): load map(_maps/RandomRuins/SpaceRuins/b..., 142, 105, 7, 1, null, 1, null, null, null, null)
[19:21:13]Derelict Tradepost (/datum/map_template/ruin/space/bigderelict1): load(space (142,105,7) (/turf/open/space/basic), 1)
[19:21:13]the random ruin (/obj/effect/ruin_loader): Load(/list (/list), Derelict Tradepost (/datum/map_template/ruin/space/bigderelict1))
[19:21:13]seedRuins(/list (/list), 13, /area/space (/area/space), /list (/list))
[19:21:13]Mapping (/datum/controller/subsystem/mapping): Initialize(804274)
[19:21:13]Master (/datum/controller/master): Initialize(10, 0)
runtime error: 
[19:21:13]Cannot execute /datum/plant_gene/trait/glow (/datum/plant_gene/trait/glow).glow range().
[19:21:13]proc name: New (/obj/structure/glowshroom/New)
[19:21:13]  source file: glowshroom.dm,63
[19:21:13]  usr: null
[19:21:13]  src: the glowshroom (/obj/structure/glowshroom/single)
[19:21:13]  src.loc: the floor (170,126,7) (/turf/open/floor/plasteel)
[19:21:13]  call stack:
[19:21:13]the glowshroom (/obj/structure/glowshroom/single): New(the floor (170,126,7) (/turf/open/floor/plasteel), null, null)
[19:21:13]/dmm_suite (/dmm_suite): create atom(/obj/structure/glowshroom/sing... (/obj/structure/glowshroom/single), the floor (170,126,7) (/turf/open/floor/plasteel))
[19:21:13]/dmm_suite (/dmm_suite): instance atom(/obj/structure/glowshroom/sing... (/obj/structure/glowshroom/single), /list (/list), the floor (170,126,7) (/turf/open/floor/plasteel), 1)
[19:21:13]/dmm_suite (/dmm_suite): parse grid("\n/obj/structure/alien/weeds{\...", "ci", 170, 126, 7, 1)
[19:21:13]/dmm_suite (/dmm_suite): load map impl(_maps/RandomRuins/SpaceRuins/b..., 142, 105, 7, 1, null, 1, -1e+031, 1e+031, -1e+031, 1e+031)
[19:21:13]/dmm_suite (/dmm_suite): load map(_maps/RandomRuins/SpaceRuins/b..., 142, 105, 7, 1, null, 1, null, null, null, null)
[19:21:13]Derelict Tradepost (/datum/map_template/ruin/space/bigderelict1): load(space (142,105,7) (/turf/open/space/basic), 1)
[19:21:13]the random ruin (/obj/effect/ruin_loader): Load(/list (/list), Derelict Tradepost (/datum/map_template/ruin/space/bigderelict1))
[19:21:13]seedRuins(/list (/list), 13, /area/space (/area/space), /list (/list))
[19:21:13]Mapping (/datum/controller/subsystem/mapping): Initialize(804274)
[19:21:13]Master (/datum/controller/master): Initialize(10, 0)
runtime error: 
[19:21:13]Cannot execute /datum/plant_gene/trait/glow (/datum/plant_gene/trait/glow).glow range().
[19:21:13]proc name: New (/obj/structure/glowshroom/New)
[19:21:13]  source file: glowshroom.dm,63
[19:21:13]  usr: null
[19:21:13]  src: the glowshroom (/obj/structure/glowshroom/single)
[19:21:13]  src.loc: the floor (171,129,7) (/turf/open/floor/plasteel)
[19:21:13]  call stack:
[19:21:13]the glowshroom (/obj/structure/glowshroom/single): New(the floor (171,129,7) (/turf/open/floor/plasteel), null, null)
[19:21:13]/dmm_suite (/dmm_suite): create atom(/obj/structure/glowshroom/sing... (/obj/structure/glowshroom/single), the floor (171,129,7) (/turf/open/floor/plasteel))
[19:21:13]/dmm_suite (/dmm_suite): instance atom(/obj/structure/glowshroom/sing... (/obj/structure/glowshroom/single), /list (/list), the floor (171,129,7) (/turf/open/floor/plasteel), 1)
[19:21:13]/dmm_suite (/dmm_suite): parse grid("\n/obj/structure/alien/weeds{\...", "ci", 171, 129, 7, 1)
[19:21:13]/dmm_suite (/dmm_suite): load map impl(_maps/RandomRuins/SpaceRuins/b..., 142, 105, 7, 1, null, 1, -1e+031, 1e+031, -1e+031, 1e+031)
[19:21:13]/dmm_suite (/dmm_suite): load map(_maps/RandomRuins/SpaceRuins/b..., 142, 105, 7, 1, null, 1, null, null, null, null)
[19:21:13]Derelict Tradepost (/datum/map_template/ruin/space/bigderelict1): load(space (142,105,7) (/turf/open/space/basic), 1)
[19:21:13]the random ruin (/obj/effect/ruin_loader): Load(/list (/list), Derelict Tradepost (/datum/map_template/ruin/space/bigderelict1))
[19:21:13]seedRuins(/list (/list), 13, /area/space (/area/space), /list (/list))
[19:21:13]Mapping (/datum/controller/subsystem/mapping): Initialize(804274)
[19:21:13]Master (/datum/controller/master): Initialize(10, 0)
runtime error: 
[19:21:14]Cannot execute /datum/plant_gene/trait/glow (/datum/plant_gene/trait/glow).glow range().
[19:21:14]proc name: New (/obj/structure/glowshroom/New)
[19:21:14]  source file: glowshroom.dm,63
[19:21:14]  usr: null
[19:21:14]  src: the glowshroom (/obj/structure/glowshroom/single)
[19:21:14]  src.loc: the floor (172,122,7) (/turf/open/floor/plasteel)
[19:21:14]  call stack:
[19:21:14]the glowshroom (/obj/structure/glowshroom/single): New(the floor (172,122,7) (/turf/open/floor/plasteel), null, null)
[19:21:14]/dmm_suite (/dmm_suite): create atom(/obj/structure/glowshroom/sing... (/obj/structure/glowshroom/single), the floor (172,122,7) (/turf/open/floor/plasteel))
[19:21:14]/dmm_suite (/dmm_suite): instance atom(/obj/structure/glowshroom/sing... (/obj/structure/glowshroom/single), /list (/list), the floor (172,122,7) (/turf/open/floor/plasteel), 1)
[19:21:14]/dmm_suite (/dmm_suite): parse grid("\n/obj/structure/alien/weeds{\...", "ci", 172, 122, 7, 1)
[19:21:14]/dmm_suite (/dmm_suite): load map impl(_maps/RandomRuins/SpaceRuins/b..., 142, 105, 7, 1, null, 1, -1e+031, 1e+031, -1e+031, 1e+031)
[19:21:14]/dmm_suite (/dmm_suite): load map(_maps/RandomRuins/SpaceRuins/b..., 142, 105, 7, 1, null, 1, null, null, null, null)
[19:21:14]Derelict Tradepost (/datum/map_template/ruin/space/bigderelict1): load(space (142,105,7) (/turf/open/space/basic), 1)
[19:21:14]the random ruin (/obj/effect/ruin_loader): Load(/list (/list), Derelict Tradepost (/datum/map_template/ruin/space/bigderelict1))
[19:21:14]seedRuins(/list (/list), 13, /area/space (/area/space), /list (/list))
[19:21:14]Mapping (/datum/controller/subsystem/mapping): Initialize(804274)
[19:21:14]Master (/datum/controller/master): Initialize(10, 0)
runtime error: 
[19:21:14]Cannot execute /datum/plant_gene/trait/glow (/datum/plant_gene/trait/glow).glow range().
[19:21:14]proc name: New (/obj/structure/glowshroom/New)
[19:21:14]  source file: glowshroom.dm,63
[19:21:14]  usr: null
[19:21:14]  src: the glowshroom (/obj/structure/glowshroom/single)
[19:21:14]  src.loc: the floor (174,126,7) (/turf/open/floor/plasteel)
[19:21:14]  call stack:
[19:21:14]the glowshroom (/obj/structure/glowshroom/single): New(the floor (174,126,7) (/turf/open/floor/plasteel), null, null)
[19:21:14]/dmm_suite (/dmm_suite): create atom(/obj/structure/glowshroom/sing... (/obj/structure/glowshroom/single), the floor (174,126,7) (/turf/open/floor/plasteel))
[19:21:14]/dmm_suite (/dmm_suite): instance atom(/obj/structure/glowshroom/sing... (/obj/structure/glowshroom/single), /list (/list), the floor (174,126,7) (/turf/open/floor/plasteel), 1)
[19:21:14]/dmm_suite (/dmm_suite): parse grid("\n/obj/structure/alien/weeds{\...", "ci", 174, 126, 7, 1)
[19:21:14]/dmm_suite (/dmm_suite): load map impl(_maps/RandomRuins/SpaceRuins/b..., 142, 105, 7, 1, null, 1, -1e+031, 1e+031, -1e+031, 1e+031)
[19:21:14]/dmm_suite (/dmm_suite): load map(_maps/RandomRuins/SpaceRuins/b..., 142, 105, 7, 1, null, 1, null, null, null, null)
[19:21:14]Derelict Tradepost (/datum/map_template/ruin/space/bigderelict1): load(space (142,105,7) (/turf/open/space/basic), 1)
[19:21:14]the random ruin (/obj/effect/ruin_loader): Load(/list (/list), Derelict Tradepost (/datum/map_template/ruin/space/bigderelict1))
[19:21:14]seedRuins(/list (/list), 13, /area/space (/area/space), /list (/list))
[19:21:14]Mapping (/datum/controller/subsystem/mapping): Initialize(804274)
[19:21:14]Master (/datum/controller/master): Initialize(10, 0)
runtime error: 
[19:21:14]Cannot execute /datum/plant_gene/trait/glow (/datum/plant_gene/trait/glow).glow range().
[19:21:14]proc name: New (/obj/structure/glowshroom/New)
[19:21:14]  source file: glowshroom.dm,63
[19:21:14]  usr: null
[19:21:14]  src: the glowshroom (/obj/structure/glowshroom/single)
[19:21:14]  src.loc: the asteroid sand (175,118,7) (/turf/open/floor/plating/asteroid)
[19:21:14]  call stack:
[19:21:14]the glowshroom (/obj/structure/glowshroom/single): New(the asteroid sand (175,118,7) (/turf/open/floor/plating/asteroid), null, null)
[19:21:14]/dmm_suite (/dmm_suite): create atom(/obj/structure/glowshroom/sing... (/obj/structure/glowshroom/single), the asteroid sand (175,118,7) (/turf/open/floor/plating/asteroid))
[19:21:14]/dmm_suite (/dmm_suite): instance atom(/obj/structure/glowshroom/sing... (/obj/structure/glowshroom/single), /list (/list), the asteroid sand (175,118,7) (/turf/open/floor/plating/asteroid), 1)
[19:21:14]/dmm_suite (/dmm_suite): parse grid("\n/obj/structure/alien/weeds{\...", "dt", 175, 118, 7, 1)
[19:21:14]/dmm_suite (/dmm_suite): load map impl(_maps/RandomRuins/SpaceRuins/b..., 142, 105, 7, 1, null, 1, -1e+031, 1e+031, -1e+031, 1e+031)
[19:21:14]/dmm_suite (/dmm_suite): load map(_maps/RandomRuins/SpaceRuins/b..., 142, 105, 7, 1, null, 1, null, null, null, null)
[19:21:14]Derelict Tradepost (/datum/map_template/ruin/space/bigderelict1): load(space (142,105,7) (/turf/open/space/basic), 1)
[19:21:14]the random ruin (/obj/effect/ruin_loader): Load(/list (/list), Derelict Tradepost (/datum/map_template/ruin/space/bigderelict1))
[19:21:14]seedRuins(/list (/list), 13, /area/space (/area/space), /list (/list))
[19:21:14]Mapping (/datum/controller/subsystem/mapping): Initialize(804274)
[19:21:14]Master (/datum/controller/master): Initialize(10, 0)
runtime error: 
[19:21:14]Cannot execute /datum/plant_gene/trait/glow (/datum/plant_gene/trait/glow).glow range().
[19:21:14]proc name: New (/obj/structure/glowshroom/New)
[19:21:14]  source file: glowshroom.dm,63
[19:21:14]  usr: null
[19:21:14]  src: the glowshroom (/obj/structure/glowshroom/single)
[19:21:14]  src.loc: the floor (176,132,7) (/turf/open/floor/plasteel)
[19:21:14]  call stack:
[19:21:14]the glowshroom (/obj/structure/glowshroom/single): New(the floor (176,132,7) (/turf/open/floor/plasteel), null, null)
[19:21:14]/dmm_suite (/dmm_suite): create atom(/obj/structure/glowshroom/sing... (/obj/structure/glowshroom/single), the floor (176,132,7) (/turf/open/floor/plasteel))
[19:21:14]/dmm_suite (/dmm_suite): instance atom(/obj/structure/glowshroom/sing... (/obj/structure/glowshroom/single), /list (/list), the floor (176,132,7) (/turf/open/floor/plasteel), 1)
[19:21:14]/dmm_suite (/dmm_suite): parse grid("\n/obj/structure/alien/weeds{\...", "bo", 176, 132, 7, 1)
[19:21:14]/dmm_suite (/dmm_suite): load map impl(_maps/RandomRuins/SpaceRuins/b..., 142, 105, 7, 1, null, 1, -1e+031, 1e+031, -1e+031, 1e+031)
[19:21:14]/dmm_suite (/dmm_suite): load map(_maps/RandomRuins/SpaceRuins/b..., 142, 105, 7, 1, null, 1, null, null, null, null)
[19:21:14]Derelict Tradepost (/datum/map_template/ruin/space/bigderelict1): load(space (142,105,7) (/turf/open/space/basic), 1)
[19:21:14]the random ruin (/obj/effect/ruin_loader): Load(/list (/list), Derelict Tradepost (/datum/map_template/ruin/space/bigderelict1))
[19:21:14]seedRuins(/list (/list), 13, /area/space (/area/space), /list (/list))
[19:21:14]Mapping (/datum/controller/subsystem/mapping): Initialize(804274)
[19:21:14]Master (/datum/controller/master): Initialize(10, 0)
runtime error: 
[19:21:14]Cannot execute /datum/plant_gene/trait/glow (/datum/plant_gene/trait/glow).glow range().
[19:21:14]proc name: New (/obj/structure/glowshroom/New)
[19:21:14]  source file: glowshroom.dm,63
[19:21:14]  usr: null
[19:21:14]  src: the glowshroom (/obj/structure/glowshroom/single)
[19:21:14]  src.loc: the floor (177,125,7) (/turf/open/floor/plasteel)
[19:21:14]  call stack:
[19:21:14]the glowshroom (/obj/structure/glowshroom/single): New(the floor (177,125,7) (/turf/open/floor/plasteel), null, null)
[19:21:14]/dmm_suite (/dmm_suite): create atom(/obj/structure/glowshroom/sing... (/obj/structure/glowshroom/single), the floor (177,125,7) (/turf/open/floor/plasteel))
[19:21:14]/dmm_suite (/dmm_suite): instance atom(/obj/structure/glowshroom/sing... (/obj/structure/glowshroom/single), /list (/list), the floor (177,125,7) (/turf/open/floor/plasteel), 1)
[19:21:14]/dmm_suite (/dmm_suite): parse grid("\n/obj/structure/alien/weeds{\...", "ci", 177, 125, 7, 1)
[19:21:14]/dmm_suite (/dmm_suite): load map impl(_maps/RandomRuins/SpaceRuins/b..., 142, 105, 7, 1, null, 1, -1e+031, 1e+031, -1e+031, 1e+031)
[19:21:14]/dmm_suite (/dmm_suite): load map(_maps/RandomRuins/SpaceRuins/b..., 142, 105, 7, 1, null, 1, null, null, null, null)
[19:21:14]Derelict Tradepost (/datum/map_template/ruin/space/bigderelict1): load(space (142,105,7) (/turf/open/space/basic), 1)
[19:21:14]the random ruin (/obj/effect/ruin_loader): Load(/list (/list), Derelict Tradepost (/datum/map_template/ruin/space/bigderelict1))
[19:21:14]seedRuins(/list (/list), 13, /area/space (/area/space), /list (/list))
[19:21:14]Mapping (/datum/controller/subsystem/mapping): Initialize(804274)
[19:21:14]Master (/datum/controller/master): Initialize(10, 0)
runtime error: 
[19:21:14]Cannot execute /datum/plant_gene/trait/glow (/datum/plant_gene/trait/glow).glow range().
[19:21:14]proc name: New (/obj/structure/glowshroom/New)
[19:21:14]  source file: glowshroom.dm,63
[19:21:14]  usr: null
[19:21:14]  src: the glowshroom (/obj/structure/glowshroom/single)
[19:21:14]  src.loc: the floor (178,129,7) (/turf/open/floor/plasteel)
[19:21:14]  call stack:
[19:21:14]the glowshroom (/obj/structure/glowshroom/single): New(the floor (178,129,7) (/turf/open/floor/plasteel), null, null)
[19:21:14]/dmm_suite (/dmm_suite): create atom(/obj/structure/glowshroom/sing... (/obj/structure/glowshroom/single), the floor (178,129,7) (/turf/open/floor/plasteel))
[19:21:14]/dmm_suite (/dmm_suite): instance atom(/obj/structure/glowshroom/sing... (/obj/structure/glowshroom/single), /list (/list), the floor (178,129,7) (/turf/open/floor/plasteel), 1)
[19:21:14]/dmm_suite (/dmm_suite): parse grid("\n/obj/structure/alien/weeds{\...", "cl", 178, 129, 7, 1)
[19:21:14]/dmm_suite (/dmm_suite): load map impl(_maps/RandomRuins/SpaceRuins/b..., 142, 105, 7, 1, null, 1, -1e+031, 1e+031, -1e+031, 1e+031)
[19:21:14]/dmm_suite (/dmm_suite): load map(_maps/RandomRuins/SpaceRuins/b..., 142, 105, 7, 1, null, 1, null, null, null, null)
[19:21:14]Derelict Tradepost (/datum/map_template/ruin/space/bigderelict1): load(space (142,105,7) (/turf/open/space/basic), 1)
[19:21:14]the random ruin (/obj/effect/ruin_loader): Load(/list (/list), Derelict Tradepost (/datum/map_template/ruin/space/bigderelict1))
[19:21:14]seedRuins(/list (/list), 13, /area/space (/area/space), /list (/list))
[19:21:14]Mapping (/datum/controller/subsystem/mapping): Initialize(804274)
[19:21:14]Master (/datum/controller/master): Initialize(10, 0)
runtime error: 
[19:21:14]Cannot execute /datum/plant_gene/trait/glow (/datum/plant_gene/trait/glow).glow range().
[19:21:14]proc name: New (/obj/structure/glowshroom/New)
[19:21:14]  source file: glowshroom.dm,63
[19:21:14]  usr: null
[19:21:14]  src: the glowshroom (/obj/structure/glowshroom/single)
[19:21:14]  src.loc: the asteroid sand (179,122,7) (/turf/open/floor/plating/asteroid)
[19:21:14]  call stack:
[19:21:14]the glowshroom (/obj/structure/glowshroom/single): New(the asteroid sand (179,122,7) (/turf/open/floor/plating/asteroid), null, null)
[19:21:14]/dmm_suite (/dmm_suite): create atom(/obj/structure/glowshroom/sing... (/obj/structure/glowshroom/single), the asteroid sand (179,122,7) (/turf/open/floor/plating/asteroid))
[19:21:14]/dmm_suite (/dmm_suite): instance atom(/obj/structure/glowshroom/sing... (/obj/structure/glowshroom/single), /list (/list), the asteroid sand (179,122,7) (/turf/open/floor/plating/asteroid), 1)
[19:21:14]/dmm_suite (/dmm_suite): parse grid("\n/obj/structure/alien/weeds{\...", "dt", 179, 122, 7, 1)
[19:21:14]/dmm_suite (/dmm_suite): load map impl(_maps/RandomRuins/SpaceRuins/b..., 142, 105, 7, 1, null, 1, -1e+031, 1e+031, -1e+031, 1e+031)
[19:21:14]/dmm_suite (/dmm_suite): load map(_maps/RandomRuins/SpaceRuins/b..., 142, 105, 7, 1, null, 1, null, null, null, null)
[19:21:14]Derelict Tradepost (/datum/map_template/ruin/space/bigderelict1): load(space (142,105,7) (/turf/open/space/basic), 1)
[19:21:14]the random ruin (/obj/effect/ruin_loader): Load(/list (/list), Derelict Tradepost (/datum/map_template/ruin/space/bigderelict1))
[19:21:14]seedRuins(/list (/list), 13, /area/space (/area/space), /list (/list))
[19:21:14]Mapping (/datum/controller/subsystem/mapping): Initialize(804274)
[19:21:14]Master (/datum/controller/master): Initialize(10, 0)
Ruin "Ordinary Space Tile" placed at (171, 100, 8)
Ruin "Syndicate Ambush" placed at (94, 177, 8)
Ruin "NT Medical Ship" placed at (112, 64, 11)
Ruin "DJ Station" placed at (70, 41, 10)
Ruin "Authorship" placed at (29, 120, 7)
Ruin "Kosmicheskaya Stantsiya 13" placed at (191, 120, 9)
Ruin "Survivalist Bunker" placed at (130, 108, 10)
Ruin "DK Excavator 453" placed at (163, 158, 3)
Ruin "Derelict 5" placed at (149, 136, 8)
Ruin "Ancient Space Station" placed at (155, 70, 7)
Ruin "Disposal Facility 17" placed at (129, 213, 9)
Ruin "Unnamed Turreted Outpost" placed at (211, 171, 3)
Initialized Mapping subsystem within 51.4 seconds!
runtime error: 
[19:21:19]Cannot read null.temperature
[19:21:19]proc name: Entered (/turf/Entered)
[19:21:19]  source file: turf.dm,186
runtime error: 
[19:21:19]Cannot read null.temperature
[19:21:19]proc name: Entered (/turf/Entered)
[19:21:19]  source file: turf.dm,186
runtime error: 
[19:21:19]Cannot read null.temperature
[19:21:19]proc name: Entered (/turf/Entered)
[19:21:19]  source file: turf.dm,186
runtime error: 
[19:21:19]Cannot read null.temperature
[19:21:19]proc name: Entered (/turf/Entered)
[19:21:19]  source file: turf.dm,186
runtime error: 
[19:21:21]Cannot execute null.add reagent().
[19:21:21]proc name: Initialize (/obj/effect/decal/cleanable/blood/gibs/Initialize)
[19:21:21]  source file: humans.dm,57
runtime error: 
[19:21:21]Cannot execute null.add reagent().
[19:21:21]proc name: Initialize (/obj/effect/decal/cleanable/blood/gibs/Initialize)
[19:21:21]  source file: humans.dm,57
runtime error: 
[19:21:21]Cannot execute null.add reagent().
[19:21:21]proc name: Initialize (/obj/effect/decal/cleanable/blood/gibs/Initialize)
[19:21:21]  source file: humans.dm,57
runtime error: 
[19:21:21]Cannot execute null.add reagent().
[19:21:21]proc name: Initialize (/obj/effect/decal/cleanable/blood/gibs/Initialize)
[19:21:21]  source file: humans.dm,57
runtime error: 
[19:21:22]Cannot execute null.add reagent().
[19:21:22]proc name: Initialize (/obj/effect/decal/cleanable/oil/Initialize)
[19:21:22]  source file: robots.dm,52
runtime error: 
[19:21:22]Cannot execute null.add reagent().
[19:21:22]proc name: Initialize (/obj/effect/decal/cleanable/oil/Initialize)
[19:21:22]  source file: robots.dm,52
runtime error: 
[19:21:25]Cannot execute null.add reagent().
[19:21:25]proc name: Initialize (/obj/effect/decal/cleanable/oil/Initialize)
[19:21:25]  source file: robots.dm,52
runtime error: 
[19:21:25]Cannot execute null.add reagent().
[19:21:25]proc name: Initialize (/obj/effect/decal/cleanable/oil/Initialize)
[19:21:25]  source file: robots.dm,52
runtime error: 
[19:21:25]Cannot execute null.add reagent().
[19:21:25]proc name: Initialize (/obj/effect/decal/cleanable/oil/Initialize)
[19:21:25]  source file: robots.dm,52
runtime error: 
[19:21:25]Cannot execute null.add reagent().
[19:21:25]proc name: Initialize (/obj/effect/decal/cleanable/blood/gibs/Initialize)
[19:21:25]  source file: humans.dm,57
runtime error: 
[19:21:25]Cannot execute null.add reagent().
[19:21:25]proc name: Initialize (/obj/effect/decal/cleanable/blood/gibs/Initialize)
[19:21:25]  source file: humans.dm,57
runtime error: 
[19:21:25]Cannot execute null.add reagent().
[19:21:25]proc name: Initialize (/obj/effect/decal/cleanable/oil/Initialize)
[19:21:25]  source file: robots.dm,52
runtime error: 
[19:21:26]Cannot execute null.add reagent().
[19:21:26]proc name: Initialize (/obj/effect/decal/cleanable/blood/gibs/Initialize)
[19:21:26]  source file: humans.dm,57
runtime error: 
[19:21:26]Cannot execute null.add reagent().
[19:21:26]proc name: Initialize (/obj/effect/decal/cleanable/oil/Initialize)
[19:21:26]  source file: robots.dm,52
runtime error: 
[19:21:26]Cannot execute null.add reagent().
[19:21:26]proc name: Initialize (/obj/effect/decal/cleanable/blood/gibs/Initialize)
[19:21:26]  source file: humans.dm,57
runtime error: 
[19:21:26]Cannot execute null.add reagent().
[19:21:26]proc name: Initialize (/obj/effect/decal/cleanable/blood/gibs/Initialize)
[19:21:26]  source file: humans.dm,57
runtime error: 
[19:21:26]Cannot execute null.add reagent().
[19:21:26]proc name: Initialize (/obj/effect/decal/cleanable/oil/Initialize)
[19:21:26]  source file: robots.dm,52
runtime error: 
[19:21:27]Cannot execute null.add reagent().
[19:21:27]proc name: Initialize (/obj/effect/decal/cleanable/oil/Initialize)
[19:21:27]  source file: robots.dm,52
runtime error: 
[19:21:27]Cannot execute null.add reagent().
[19:21:27]proc name: Initialize (/obj/effect/decal/cleanable/oil/Initialize)
[19:21:27]  source file: robots.dm,52
runtime error: 
[19:21:27]Cannot execute null.add reagent().
[19:21:27]proc name: Initialize (/obj/effect/decal/cleanable/oil/Initialize)
[19:21:27]  source file: robots.dm,52
runtime error: 
[19:21:27]Cannot execute null.add reagent().
[19:21:27]proc name: Initialize (/obj/effect/decal/cleanable/oil/Initialize)
[19:21:27]  source file: robots.dm,52
runtime error: 
[19:21:27]Cannot execute null.add reagent().
[19:21:27]proc name: Initialize (/obj/effect/decal/cleanable/oil/Initialize)
[19:21:27]  source file: robots.dm,52
runtime error: 
[19:21:27]Cannot execute null.add reagent().
[19:21:27]proc name: Initialize (/obj/effect/decal/cleanable/oil/Initialize)
[19:21:27]  source file: robots.dm,52
runtime error: 
[19:21:27]Cannot execute null.add reagent().
[19:21:27]proc name: Initialize (/obj/effect/decal/cleanable/oil/Initialize)
[19:21:27]  source file: robots.dm,52
runtime error: 
[19:21:27]Cannot execute null.add reagent().
[19:21:27]proc name: Initialize (/obj/effect/decal/cleanable/oil/Initialize)
[19:21:27]  source file: robots.dm,52
runtime error: 
[19:21:27]Cannot execute null.add reagent().
[19:21:27]proc name: Initialize (/obj/effect/decal/cleanable/oil/Initialize)
[19:21:27]  source file: robots.dm,52
runtime error: 
[19:21:28]Cannot execute null.add reagent().
[19:21:28]proc name: Initialize (/obj/effect/decal/cleanable/oil/Initialize)
[19:21:28]  source file: robots.dm,52
runtime error: 
[19:21:28]Cannot execute null.add reagent().
[19:21:28]proc name: Initialize (/obj/effect/decal/cleanable/oil/Initialize)
[19:21:28]  source file: robots.dm,52
runtime error: 
[19:21:28]Cannot execute null.add reagent().
[19:21:28]proc name: Initialize (/obj/effect/decal/cleanable/oil/Initialize)
[19:21:28]  source file: robots.dm,52
runtime error: 
[19:21:28]Cannot execute null.add reagent().
[19:21:28]proc name: Initialize (/obj/effect/decal/cleanable/oil/Initialize)
[19:21:28]  source file: robots.dm,52
runtime error: 
[19:21:31]Cannot execute null.add reagent().
[19:21:31]proc name: Initialize (/obj/effect/decal/cleanable/oil/Initialize)
[19:21:31]  source file: robots.dm,52
runtime error: 
[19:21:31]Cannot execute null.add reagent().
[19:21:31]proc name: Initialize (/obj/effect/decal/cleanable/oil/Initialize)
[19:21:31]  source file: robots.dm,52
runtime error: 
[19:21:31]Cannot execute null.add reagent().
[19:21:31]proc name: Initialize (/obj/effect/decal/cleanable/oil/Initialize)
[19:21:31]  source file: robots.dm,52
runtime error: 
[19:21:31]Cannot execute null.add reagent().
[19:21:31]proc name: Initialize (/obj/effect/decal/cleanable/oil/Initialize)
[19:21:31]  source file: robots.dm,52
runtime error: 
[19:21:31]Cannot execute null.add reagent().
[19:21:31]proc name: Initialize (/obj/effect/decal/cleanable/oil/Initialize)
[19:21:31]  source file: robots.dm,52
runtime error: 
[19:21:32]Cannot execute null.add reagent().
[19:21:32]proc name: Initialize (/obj/effect/decal/cleanable/oil/Initialize)
[19:21:32]  source file: robots.dm,52
runtime error: 
[19:21:33]Cannot execute null.add reagent().
[19:21:33]proc name: Initialize (/obj/effect/decal/cleanable/oil/Initialize)
[19:21:33]  source file: robots.dm,52
runtime error: 
[19:21:35]Cannot execute null.add reagent().
[19:21:35]proc name: Initialize (/obj/effect/decal/cleanable/oil/Initialize)
[19:21:35]  source file: robots.dm,52
runtime error: 
[19:21:35]Cannot execute null.add reagent().
[19:21:35]proc name: Initialize (/obj/effect/decal/cleanable/oil/Initialize)
[19:21:35]  source file: robots.dm,52
runtime error: 
[19:21:36]Cannot execute null.add reagent().
[19:21:36]proc name: Initialize (/obj/effect/decal/cleanable/oil/Initialize)
[19:21:36]  source file: robots.dm,52
runtime error: 
[19:21:36]Cannot execute null.add reagent().
[19:21:36]proc name: Initialize (/obj/effect/decal/cleanable/oil/Initialize)
[19:21:36]  source file: robots.dm,52
runtime error: 
[19:21:36]Cannot execute null.add reagent().
[19:21:36]proc name: Initialize (/obj/effect/decal/cleanable/oil/Initialize)
[19:21:36]  source file: robots.dm,52
runtime error: 
[19:21:37]Cannot execute null.add reagent().
[19:21:37]proc name: Initialize (/obj/effect/decal/cleanable/oil/Initialize)
[19:21:37]  source file: robots.dm,52
runtime error: 
[19:21:37]Cannot execute null.add reagent().
[19:21:37]proc name: Initialize (/obj/effect/decal/cleanable/oil/Initialize)
[19:21:37]  source file: robots.dm,52
runtime error: 
[19:21:38]Cannot execute null.add reagent().
[19:21:38]proc name: Initialize (/obj/effect/decal/cleanable/oil/Initialize)
[19:21:38]  source file: robots.dm,52
runtime error: 
[19:21:39]Cannot execute null.add reagent().
[19:21:39]proc name: Initialize (/obj/effect/decal/cleanable/oil/Initialize)
[19:21:39]  source file: robots.dm,52
runtime error: 
[19:21:39]Cannot execute null.add reagent().
[19:21:39]proc name: Initialize (/obj/effect/decal/cleanable/oil/Initialize)
[19:21:39]  source file: robots.dm,52
runtime error: 
[19:21:39]Cannot execute null.add reagent().
[19:21:39]proc name: Initialize (/obj/effect/decal/cleanable/oil/Initialize)
[19:21:39]  source file: robots.dm,52
runtime error: 
[19:21:39]Cannot execute null.add reagent().
[19:21:39]proc name: Initialize (/obj/effect/decal/cleanable/blood/gibs/Initialize)
[19:21:39]  source file: humans.dm,57
runtime error: 
[19:21:39]Cannot execute null.add reagent().
[19:21:39]proc name: Initialize (/obj/effect/decal/cleanable/blood/gibs/Initialize)
[19:21:39]  source file: humans.dm,57
runtime error: 
[19:21:39]Cannot execute null.add reagent().
[19:21:39]proc name: Initialize (/obj/effect/decal/cleanable/blood/gibs/Initialize)
[19:21:39]  source file: humans.dm,57
runtime error: 
[19:21:40]Cannot execute null.add reagent().
[19:21:40]proc name: Initialize (/obj/effect/decal/cleanable/blood/gibs/Initialize)
[19:21:40]  source file: humans.dm,57
runtime error: 
[19:21:40]Cannot execute null.add reagent().
[19:21:40]proc name: Initialize (/obj/effect/decal/cleanable/blood/gibs/Initialize)
[19:21:40]  source file: humans.dm,57
runtime error: 
[19:21:40]Cannot execute null.add reagent().
[19:21:40]proc name: Initialize (/obj/effect/decal/cleanable/blood/gibs/Initialize)
[19:21:40]  source file: humans.dm,57
runtime error: 
[19:21:40]Cannot execute null.add reagent().
[19:21:40]proc name: Initialize (/obj/effect/decal/cleanable/blood/gibs/Initialize)
[19:21:40]  source file: humans.dm,57
runtime error: 
[19:21:40]Cannot execute null.add reagent().
[19:21:40]proc name: Initialize (/obj/effect/decal/cleanable/blood/gibs/Initialize)
[19:21:40]  source file: humans.dm,57
runtime error: 
[19:21:40]Cannot execute null.add reagent().
[19:21:40]proc name: Initialize (/obj/effect/decal/cleanable/blood/gibs/Initialize)
[19:21:40]  source file: humans.dm,57
runtime error: 
[19:21:40]Cannot execute null.add reagent().
[19:21:40]proc name: Initialize (/obj/effect/decal/cleanable/blood/gibs/Initialize)
[19:21:40]  source file: humans.dm,57
runtime error: 
[19:21:40]Cannot execute null.add reagent().
[19:21:40]proc name: Initialize (/obj/effect/decal/cleanable/blood/gibs/Initialize)
[19:21:40]  source file: humans.dm,57
runtime error: 
[19:21:40]Cannot execute null.add reagent().
[19:21:40]proc name: Initialize (/obj/effect/decal/cleanable/blood/gibs/Initialize)
[19:21:40]  source file: humans.dm,57
runtime error: 
[19:21:40]Cannot execute null.add reagent().
[19:21:40]proc name: Initialize (/obj/effect/decal/cleanable/blood/gibs/Initialize)
[19:21:40]  source file: humans.dm,57
runtime error: 
[19:21:40]Cannot execute null.add reagent().
[19:21:40]proc name: Initialize (/obj/effect/decal/cleanable/blood/gibs/Initialize)
[19:21:40]  source file: humans.dm,57
runtime error: 
[19:21:40]Cannot execute null.add reagent().
[19:21:40]proc name: Initialize (/obj/effect/decal/cleanable/blood/gibs/Initialize)
[19:21:40]  source file: humans.dm,57
runtime error: 
[19:21:40]Cannot execute null.add reagent().
[19:21:40]proc name: Initialize (/obj/effect/decal/cleanable/blood/gibs/Initialize)
[19:21:40]  source file: humans.dm,57
runtime error: 
[19:21:40]Cannot execute null.add reagent().
[19:21:40]proc name: Initialize (/obj/effect/decal/cleanable/blood/gibs/Initialize)
[19:21:40]  source file: humans.dm,57
runtime error: 
[19:21:40]Cannot execute null.add reagent().
[19:21:40]proc name: Initialize (/obj/effect/decal/cleanable/blood/gibs/Initialize)
[19:21:40]  source file: humans.dm,57
runtime error: 
[19:21:40]Cannot execute null.add reagent().
[19:21:40]proc name: Initialize (/obj/effect/decal/cleanable/blood/gibs/Initialize)
[19:21:40]  source file: humans.dm,57
runtime error: 
[19:21:41]Cannot execute null.add reagent().
[19:21:41]proc name: Initialize (/obj/effect/decal/cleanable/blood/gibs/Initialize)
[19:21:41]  source file: humans.dm,57
runtime error: 
[19:21:41]Cannot execute null.add reagent().
[19:21:41]proc name: Initialize (/obj/effect/decal/cleanable/blood/gibs/Initialize)
[19:21:41]  source file: humans.dm,57
runtime error: 
[19:21:41]Cannot execute null.add reagent().
[19:21:41]proc name: Initialize (/obj/effect/decal/cleanable/blood/gibs/Initialize)
[19:21:41]  source file: humans.dm,57
runtime error: 
[19:21:41]Cannot execute null.add reagent().
[19:21:41]proc name: Initialize (/obj/effect/decal/cleanable/blood/gibs/Initialize)
[19:21:41]  source file: humans.dm,57
runtime error: 
[19:21:42]Cannot execute null.add reagent().
[19:21:42]proc name: Initialize (/obj/effect/decal/cleanable/oil/Initialize)
[19:21:42]  source file: robots.dm,52
runtime error: 
[19:21:42]Cannot execute null.add reagent().
[19:21:42]proc name: Initialize (/obj/effect/decal/cleanable/ash/Initialize)
[19:21:42]  source file: misc.dm,16
runtime error: 
[19:21:43]Cannot execute null.add reagent().
[19:21:43]Warning: further proc crash messages are being suppressed to prevent overload...
runtime error: 
[19:21:43]Cannot execute null.add reagent().
runtime error: 
[19:21:43]Cannot execute null.add reagent().
runtime error: 
[19:21:43]Cannot execute null.add reagent().
runtime error: 
[19:21:43]Cannot execute null.add reagent().
runtime error: 
[19:21:43]Cannot execute null.add reagent().
runtime error: 
[19:21:43]Cannot execute null.add reagent().
runtime error: 
[19:21:43]Cannot execute null.add reagent().
runtime error: 
[19:21:43]Cannot execute null.add reagent().
runtime error: 
[19:21:43]Cannot execute null.add reagent().
runtime error: 
[19:21:43]Cannot execute null.add reagent().
runtime error: 
[19:21:46]Undefined variable /obj/item/rupee/var/swimming

runtime error: 
[19:21:46]Undefined variable /obj/item/rupee/var/swimming

runtime error: 
[19:21:46]Undefined variable /obj/item/rupee/var/swimming

runtime error: 
[19:21:46]Undefined variable /obj/structure/signpost/salvation/var/swimming

runtime error: 
[19:21:46]Undefined variable /obj/item/rupee/var/swimming

runtime error: 
[19:21:46]Undefined variable /obj/item/rupee/var/swimming

runtime error: 
[19:21:46]Undefined variable /obj/item/rupee/var/swimming

runtime error: 
[19:21:46]Undefined variable /obj/item/rupee/var/swimming

runtime error: 
[19:21:46]Undefined variable /obj/item/rupee/var/swimming

runtime error: 
[19:21:46]Undefined variable /obj/item/rupee/var/swimming

runtime error: 
[19:21:46]Undefined variable /obj/effect/landmark/error/var/swimming

runtime error: 
[19:21:46]Undefined variable /obj/item/rupee/var/swimming

runtime error: 
[19:21:46]Undefined variable /obj/item/rupee/var/swimming

runtime error: 
[19:21:47]Undefined variable /obj/item/rupee/var/swimming

runtime error: 
[19:21:47]Undefined variable /obj/item/rupee/var/swimming

runtime error: 
[19:21:47]Undefined variable /obj/item/rupee/var/swimming

runtime error: 
[19:21:47]Undefined variable /obj/item/rupee/var/swimming

runtime error: 
[19:21:47]Undefined variable /obj/item/rupee/var/swimming

runtime error: 
[19:21:47]Undefined variable /obj/item/rupee/var/swimming

runtime error: 
[19:21:47]Undefined variable /obj/item/rupee/var/swimming

runtime error: 
[19:21:47]Undefined variable /obj/item/rupee/var/swimming

runtime error: 
[19:21:47]Undefined variable /obj/item/rupee/var/swimming

runtime error: 
[19:21:47]Undefined variable /obj/item/rupee/var/swimming

runtime error: 
[19:21:47]Undefined variable /obj/item/rupee/var/swimming

runtime error: 
[19:21:47]Undefined variable /obj/item/rupee/var/swimming

runtime error: 
[19:21:47]Undefined variable /obj/item/rupee/var/swimming

runtime error: 
[19:21:47]Undefined variable /obj/item/rupee/var/swimming

runtime error: 
[19:21:47]Undefined variable /obj/item/rupee/var/swimming

runtime error: 
[19:21:47]Undefined variable /obj/item/rupee/var/swimming

runtime error: 
[19:21:47]Undefined variable /obj/item/rupee/var/swimming

runtime error: 
[19:21:47]Undefined variable /obj/item/rupee/var/swimming

runtime error: 
[19:21:47]Undefined variable /obj/item/rupee/var/swimming

runtime error: 
[19:21:47]Undefined variable /obj/item/rupee/var/swimming

runtime error: 
[19:21:47]Undefined variable /obj/item/rupee/var/swimming

runtime error: 
[19:21:47]Undefined variable /obj/item/rupee/var/swimming

runtime error: 
[19:21:47]Undefined variable /obj/item/rupee/var/swimming

runtime error: 
[19:21:47]Undefined variable /obj/item/rupee/var/swimming

runtime error: 
[19:21:47]Undefined variable /obj/item/rupee/var/swimming

runtime error: 
[19:21:47]Undefined variable /obj/item/rupee/var/swimming

runtime error: 
[19:21:47]Undefined variable /obj/item/rupee/var/swimming

runtime error: 
[19:21:47]Undefined variable /obj/item/rupee/var/swimming

runtime error: 
[19:21:47]Undefined variable /obj/item/rupee/var/swimming

runtime error: 
[19:21:47]Undefined variable /obj/item/rupee/var/swimming

runtime error: 
[19:21:47]Undefined variable /obj/item/rupee/var/swimming

runtime error: 
[19:21:47]Undefined variable /obj/item/rupee/var/swimming

runtime error: 
[19:21:48]Undefined variable /obj/item/rupee/var/swimming

runtime error: 
[19:21:48]Undefined variable /obj/item/rupee/var/swimming

runtime error: 
[19:21:48]Undefined variable /obj/structure/speaking_tile/var/swimming

runtime error: 
[19:21:48]Undefined variable /obj/machinery/abductor/gland_dispenser/var/swimming

runtime error: 
[19:21:48]Undefined variable /obj/structure/table/abductor/var/swimming

runtime error: 
[19:21:48]Undefined variable /obj/item/surgicaldrill/alien/var/swimming

runtime error: 
[19:21:48]undefined proc or verb /mob/living/simple_animal/bot/medbot/mysterious/remove overlay().

runtime error: 
[19:21:48]undefined proc or verb /mob/living/simple_animal/hostile/creature/remove overlay().

runtime error: 
[19:21:49]undefined proc or verb /mob/living/simple_animal/hostile/carp/cayenne/remove overlay().

runtime error: 
[19:21:50]undefined proc or verb /mob/dead/new_player/remove overlay().

runtime error: 
[19:21:51]undefined proc or verb /mob/living/simple_animal/bot/medbot/remove overlay().

runtime error: 
[19:21:51]undefined proc or verb /mob/living/simple_animal/cockroach/remove overlay().

runtime error: 
[19:21:51]undefined proc or verb /mob/living/simple_animal/cockroach/remove overlay().

runtime error: 
[19:21:51]undefined proc or verb /mob/living/simple_animal/cockroach/remove overlay().

runtime error: 
[19:21:52]undefined proc or verb /mob/living/simple_animal/cockroach/remove overlay().

runtime error: 
[19:21:52]undefined proc or verb /mob/living/simple_animal/cockroach/remove overlay().

runtime error: 
[19:21:52]undefined proc or verb /mob/living/simple_animal/pet/cat/Runtime/remove overlay().

runtime error: 
[19:21:52]undefined proc or verb /mob/living/simple_animal/cockroach/remove overlay().

runtime error: 
[19:21:52]undefined proc or verb /mob/living/simple_animal/pet/dog/pug/remove overlay().

runtime error: 
[19:21:52]undefined proc or verb /mob/living/simple_animal/cockroach/remove overlay().

runtime error: 
[19:21:52]undefined proc or verb /mob/living/simple_animal/cockroach/remove overlay().

runtime error: 
[19:21:52]undefined proc or verb /mob/living/simple_animal/cockroach/remove overlay().

runtime error: 
[19:21:52]undefined proc or verb /mob/living/simple_animal/slime/remove overlay().

runtime error: 
[19:21:53]undefined proc or verb /mob/living/simple_animal/slime/remove overlay().

runtime error: 
[19:21:53]undefined proc or verb /mob/living/simple_animal/slime/remove overlay().

runtime error: 
[19:21:53]undefined proc or verb /mob/living/simple_animal/cockroach/remove overlay().

runtime error: 
[19:21:53]undefined proc or verb /mob/living/simple_animal/cockroach/remove overlay().

runtime error: 
[19:21:54]undefined proc or verb /mob/living/simple_animal/pet/dog/corgi/Ian/remove overlay().

runtime error: 
[19:21:54]undefined proc or verb /mob/living/simple_animal/bot/secbot/pingsky/remove overlay().

runtime error: 
[19:21:54]undefined proc or verb /mob/living/simple_animal/parrot/Poly/remove overlay().

runtime error: 
[19:21:54]undefined proc or verb /mob/living/simple_animal/bot/secbot/beepsky/remove overlay().

runtime error: 
[19:21:54]undefined proc or verb /mob/living/simple_animal/pet/fox/Renault/remove overlay().

runtime error: 
[19:21:55]undefined proc or verb /mob/living/simple_animal/hostile/carp/cayenne/remove overlay().

runtime error: 
[19:21:55]undefined proc or verb /mob/living/simple_animal/cockroach/remove overlay().

runtime error: 
[19:21:55]undefined proc or verb /mob/living/simple_animal/hostile/retaliate/goat/remove overlay().

runtime error: 
[19:21:55]undefined proc or verb /mob/living/simple_animal/sloth/citrus/remove overlay().

runtime error: 
[19:21:55]undefined proc or verb /mob/living/simple_animal/cockroach/remove overlay().

runtime error: 
[19:21:55]undefined proc or verb /mob/living/simple_animal/mouse/remove overlay().

runtime error: 
[19:21:56]undefined proc or verb /mob/living/simple_animal/mouse/remove overlay().

runtime error: 
[19:21:56]undefined proc or verb /mob/living/simple_animal/bot/mulebot/remove overlay().

runtime error: 
[19:21:56]undefined proc or verb /mob/living/simple_animal/bot/mulebot/remove overlay().

runtime error: 
[19:21:56]undefined proc or verb /mob/living/simple_animal/cockroach/remove overlay().

runtime error: 
[19:21:56]undefined proc or verb /mob/living/simple_animal/hostile/lizard/remove overlay().

runtime error: 
[19:21:56]undefined proc or verb /mob/living/simple_animal/cockroach/remove overlay().

runtime error: 
[19:21:56]undefined proc or verb /mob/living/simple_animal/cockroach/remove overlay().

runtime error: 
[19:21:56]undefined proc or verb /mob/living/simple_animal/cockroach/remove overlay().

runtime error: 
[19:21:56]undefined proc or verb /mob/living/simple_animal/cockroach/remove overlay().

runtime error: 
[19:22:00]undefined proc or verb /mob/living/simple_animal/hostile/asteroid/goliath/beast/random/remove overlay().

runtime error: 
[19:22:00]undefined proc or verb /mob/living/simple_animal/hostile/asteroid/goliath/beast/random/remove overlay().

runtime error: 
[19:22:00]undefined proc or verb /mob/living/simple_animal/hostile/asteroid/hivelord/legion/random/remove overlay().

runtime error: 
[19:22:00]undefined proc or verb /mob/living/simple_animal/hostile/asteroid/basilisk/watcher/random/remove overlay().

runtime error: 
[19:22:00]undefined proc or verb /mob/living/simple_animal/hostile/asteroid/basilisk/watcher/random/remove overlay().

runtime error: 
[19:22:00]undefined proc or verb /mob/living/simple_animal/hostile/asteroid/goliath/beast/random/remove overlay().

runtime error: 
[19:22:01]undefined proc or verb /mob/living/simple_animal/hostile/asteroid/basilisk/watcher/random/remove overlay().

runtime error: 
[19:22:01]undefined proc or verb /mob/living/simple_animal/hostile/asteroid/basilisk/watcher/random/remove overlay().

runtime error: 
[19:22:01]undefined proc or verb /mob/living/simple_animal/hostile/asteroid/basilisk/watcher/random/remove overlay().

runtime error: 
[19:22:01]undefined proc or verb /mob/living/simple_animal/hostile/asteroid/goliath/beast/random/remove overlay().

Initialized 903974 atoms
Initialized Atoms subsystem within 71.5 seconds!
Initialized Language subsystem within 0 seconds!
Initialized Machines subsystem within 1.6 seconds!
Initialized Circuit subsystem within 0 seconds!
Initialized Weather subsystem within 0 seconds!
## WARNING: There are 2 active turfs at roundstart, this is a mapping error caused by a difference of the air between the adjacent turfs. You can see its coordinates using "Mapping -> Show roundstart AT list" verb (debug verbs required)
## WARNING: HEY! LISTEN! 0.1 seconds were wasted processing 2 turf(s) (connected to 37 other turfs) with atmos differences at round start.
Initialized Atmospherics subsystem within 22.1 seconds!
Initialized Minimap subsystem within 0.1 seconds!
Initialized Assets subsystem within 0.6 seconds!
Initialized Icon Smoothing subsystem within 9.5 seconds!
Initialized Overlay subsystem within 28.8 seconds!
Initialized XKeyScore subsystem within 0 seconds!
Initialized Lighting subsystem within 20.8 seconds!
Initialized Shuttle subsystem within 49.3 seconds!
Initialized Squeak subsystem within 0 seconds!
Loaded 0 engraved messages on map Delta Station
Initialized Persistence subsystem within 0.1 seconds!
Initializations complete within 256.6 seconds!
runtime error: 
[19:24:48]Cannot read null.key
Game start took 8.1s
## WARNING: A ref was requested of an object with use_tag set but no tag: AlcaroIsAFrick in code/__HELPERS/unsorted.dm at line 1500 src:  usr: AlcaroIsAFrick.
runtime error: 
[19:24:54]Cannot read null.key
runtime error: 
[19:27:41]list index out of bounds
runtime error: 
[19:27:44]list index out of bounds
runtime error: 
[19:27:45]list index out of bounds
## WARNING: A ref was requested of an object with use_tag set but no tag: Bobcat49 in code/__HELPERS/unsorted.dm at line 1500 src:  usr: Bobcat49.
runtime error: 
[19:30:42]Cannot read null.key
runtime error: 
[19:31:16]Cannot execute null.add reagent().
runtime error: 
[19:32:49]Invalid timer: Timer: Timer: 11014, TTR: 4015, Flags: TIMER_STOPPABLE, callBack: [0x2102607e], callBack.object: some_magic_bullshit[0x6000178](GLOBAL_PROC), callBack.delegate:/proc/qdel(the vortex energy)Prev: NULL, Next: NULL, SPENT(4018), QDELETED, NO CALLBACK world.time: 4118, head_offset: 3602, practical_offset: 827
runtime error: 
[19:32:54]Cannot execute null.add reagent().
