

Starting up round ID . 15:15:10
---------------------
[15:15:10]ADMIN: Loading Banlist
[15:15:11]GAME: Saved mode is 'sandbox'
[15:21:23]ACCESS: Login: Noober84555 from 127.0.0.1-645371209 || BYOND v511
[15:21:23]ACCESS: Mob Login: Noober84555/(Noober84555) was assigned to a /mob/dead/new_player
[15:21:32]SAY: Officer Beepsky/ : Engaging patrol mode. (186,190,2)
[15:21:32]SAY: Prison Ofitser/ : Engaging patrol mode. (23,36,5)
[15:21:32]SAY: Prison Ofitser/ : Disengaging patrol mode. (23,36,5)
[15:21:40]EMOTE: *no key*/(Persephone) : <b>Persephone</b> stretches out for a belly rub. (166,139,2)
[15:21:42]EMOTE: *no key*/(Persephone) : <b>Persephone</b> wags its tail. (166,139,2)
[15:21:44]EMOTE: *no key*/(monkey (884)) : <b>The monkey (884)</b> jumps! (184,118,2)
[15:21:44]EMOTE: *no key*/(Citrus) : <b>Citrus</b> looks around sleepily. (171,220,2)
[15:21:52]EMOTE: *no key*/(monkey (447)) : <b>The monkey (447)</b> rolls. (188,8,2)
[15:22:05]EMOTE: *no key*/(Poly) : <b>Poly</b> turns and flies towards the folder. (83,189,2)
[15:22:16]EMOTE: *no key*/(Poly) : <b>Poly</b> bawks! (82,190,2)
[15:22:24]EMOTE: *no key*/(Persephone) : <b>Persephone</b> walks around. (166,139,2)
[15:22:29]EMOTE: *no key*/(Poly) : <b>Poly</b> squawks. (80,190,2)
[15:22:37]SAY: Medibot/ : What kind of medbay is this? Everyone&#39;s dropping like flies. (155,73,1)
[15:22:42]EMOTE: *no key*/(monkey (228)) : <b>The monkey (228)</b> rolls. (203,21,2)
[15:22:44]SAY: Medibot/ : Radar, put a mask on! (155,73,1)
[15:22:49]EMOTE: *no key*/(Persephone) : <b>Persephone</b> lies down. (166,139,2)
[15:22:50]SAY: Poly/ : Try our new nougat bar! (80,190,2)
[15:23:01]SAY: emergency medibot/ : What kind of medbay is this? Everyone&#39;s dropping like flies. (222,84,1)
[15:23:07]EMOTE: *no key*/(mouse) : <b>The mouse</b> squeeks. (197,224,2)
[15:23:15]EMOTE: *no key*/(monkey (447)) : <b>The monkey (447)</b> rolls. (187,8,2)
[15:23:18]SAY: Nobody's Perfect/ : I knew it, I should&#39;ve been a plastic surgeon. (24,75,1)
[15:23:22]EMOTE: *no key*/(Poly) : <b>Poly</b> looks in the BreatheDeep cartridge's direction and takes flight. (80,190,2)
[15:23:34]EMOTE: *no key*/(monkey (499)) : <b>The monkey (499)</b> rolls. (203,25,2)
[15:23:37]SAY: Medibot/ : I knew it, I should&#39;ve been a plastic surgeon. (154,73,1)
[15:23:41]EMOTE: *no key*/(Citrus) : <b>Citrus</b> snores. (173,219,2)
[15:23:46]EMOTE: *no key*/(monkey (759)) : <b>The monkey (759)</b> jumps! (160,139,2)
[15:23:48]EMOTE: *no key*/(monkey (396)) : <b>The monkey (396)</b> waves his tail. (186,119,2)
[15:23:56]SAY: Medibot/ : What kind of medbay is this? Everyone&#39;s dropping like flies. (155,73,1)
[15:23:56]ACCESS: Mob Login: Noober84555/(Noober) was assigned to a /mob/living/carbon/human
[15:24:01]EMOTE: *no key*/(monkey (97)) : <b>The monkey (97)</b> scratches. (201,25,2)
[15:24:03]SAY: Nobody's Perfect/ : What kind of medbay is this? Everyone&#39;s dropping like flies. (24,75,1)
[15:24:18]SAY: Persephone/ : Esp! (166,139,2)
[15:24:22]EMOTE: *no key*/(Poly) : <b>Poly</b> looks in the BreatheDeep cartridge's direction and takes flight. (80,190,2)
[15:24:23]ADMIN: Noober84555/(Noober) deleted the floor at (147, 264, 2)
[15:24:27]EMOTE: *no key*/(monkey (261)) : <b>The monkey (261)</b> waves his tail. (187,119,2)
[15:24:32]ADMIN: Noober84555/(Noober) admin ghosted.
[15:24:32]ACCESS: Mob Login: Noober84555/(Noober) was assigned to a /mob/dead/observer
[15:24:32]EMOTE: *no key*/(monkey (884)) : <b>The monkey (884)</b> jumps! (184,119,2)
[15:24:34]EMOTE: *no key*/(Ian) : <b>Ian</b> dances around. (135,185,2)
[15:24:40]SAY: Poly/ : What kind of medbay is this? Everyone&#39;s dropping like flies. (80,190,2)
[15:24:46]EMOTE: *no key*/(monkey (228)) : <b>The monkey (228)</b> rolls. (203,21,2)
[15:25:03]EMOTE: *no key*/(monkey (379)) : <b>The monkey (379)</b> rolls. (160,142,2)
[15:25:05]EMOTE: *no key*/(monkey (261)) : <b>The monkey (261)</b> rolls. (185,118,2)
[15:25:07]EMOTE: *no key*/(pug) : <b>Swanson</b> pants. (106,141,2)
[15:25:09]EMOTE: *no key*/(Persephone) : <b>Persephone</b> shivers (166,139,2)
[15:25:13]ACCESS: Logout: Noober84555/(Noober)
