

Starting up round ID . 16:09:08
---------------------
[16:09:08]ADMIN: Loading Banlist
[16:09:09]GAME: Saved mode is 'sandbox'
[16:09:30]ACCESS: Login: Noober84555 from 127.0.0.1-645371209 || BYOND v511
[16:09:30]ACCESS: Mob Login: Noober84555/(Noober84555) was assigned to a /mob/dead/new_player
[16:12:14]SAY: Officer Beepsky/ : Engaging patrol mode. (186,190,2)
[16:12:14]SAY: Prison Ofitser/ : Engaging patrol mode. (23,36,5)
[16:12:14]SAY: Prison Ofitser/ : Disengaging patrol mode. (23,36,5)
[16:12:15]ACCESS: Mob Login: Noober84555/(Gamers) was assigned to a /mob/living/carbon/human
[16:12:18]ADMIN: Noober84555/(Gamers) admin ghosted.
[16:12:18]ACCESS: Mob Login: Noober84555/(Gamers) was assigned to a /mob/dead/observer
[16:12:21]EMOTE: *no key*/(monkey (348)) : <b>The monkey (348)</b> scratches. (188,119,2)
[16:12:24]ACCESS: Mob Login: Noober84555/(Gamers) was assigned to a /mob/living/carbon/human
[16:12:37]ADMIN: Noober84555/(Gamers) admin ghosted.
[16:12:37]ACCESS: Mob Login: Noober84555/(Gamers) was assigned to a /mob/dead/observer
[16:12:46]EMOTE: *no key*/(monkey (247)) : <b>The monkey (247)</b> rolls. (160,140,2)
[16:13:00]EMOTE: *no key*/(Poly) : <b>Poly</b> squawks. (80,190,2)
[16:13:10]EMOTE: *no key*/(Ian) : <b>Ian</b> dances around. (136,186,2)
[16:13:16]EMOTE: *no key*/(grey baby slime (480)) : <b>The grey baby slime (480)</b> lights up for a bit, then stops. (103,162,2)
[16:13:17]EMOTE: *no key*/(Poly) : <b>Poly</b> looks in the BreatheDeep cartridge's direction and takes flight. (80,190,2)
[16:13:23]EMOTE: *no key*/(grey baby slime (454)) : <b>The grey baby slime (454)</b> jiggles! (109,152,2)
[16:13:29]EMOTE: *no key*/(pug) : <b>Swanson</b> chases its tail. (107,141,2)
[16:13:35]EMOTE: *no key*/(Persephone) : <b>Persephone</b> shakes out its coat. (169,140,2)
[16:13:53]EMOTE: *no key*/(monkey (969)) : <b>The monkey (969)</b> jumps! (189,8,2)
[16:14:01]SAY: Ian/ : Bark! (135,185,2)
[16:14:05]EMOTE: *no key*/(monkey (247)) : <b>The monkey (247)</b> scratches. (160,141,2)
[16:14:13]EMOTE: *no key*/(Poly) : <b>Poly</b> looks in the BreatheDeep cartridge's direction and takes flight. (80,190,2)
[16:14:18]EMOTE: *no key*/(Citrus) : <b>Citrus</b> looks around sleepily. (170,220,2)
[16:14:24]EMOTE: *no key*/(Persephone) : <b>Persephone</b> wags its tail. (169,141,2)
[16:14:28]EMOTE: *no key*/(monkey (342)) : <b>The monkey (342)</b> waves his tail. (203,21,2)
[16:14:28]EMOTE: *no key*/(monkey (64)) : <b>The monkey (64)</b> scratches. (200,25,2)
[16:14:30]EMOTE: *no key*/(monkey (621)) : <b>The monkey (621)</b> rolls. (160,141,2)
[16:14:32]EMOTE: *no key*/(Ian) : <b>Ian</b> chases its tail! (135,186,2)
[16:14:41]ADMIN: Noober84555/(Gamers) modified space's light_power to from 0.25 to 2
[16:14:42]EMOTE: *no key*/(monkey (704)) : <b>The monkey (704)</b> scratches. (184,118,2)
[16:14:42]ADMIN: Noober84555/(Gamers) modified space's light_power to from 2 to 4
[16:14:46]EMOTE: *no key*/(monkey (64)) : <b>The monkey (64)</b> waves his tail. (200,25,2)
[16:14:48]EMOTE: *no key*/(monkey (342)) : <b>The monkey (342)</b> scratches. (203,21,2)
[16:14:50]EMOTE: *no key*/(monkey (704)) : <b>The monkey (704)</b> jumps! (184,118,2)
[16:14:51]ADMIN: Noober84555/(Gamers) modified space's light_color to from  to #FF8080
[16:14:55]EMOTE: *no key*/(Persephone) : <b>Persephone</b> gets up and meows. (169,141,2)
[16:14:55]EMOTE: *no key*/(monkey (621)) : <b>The monkey (621)</b> scratches. (160,142,2)
[16:15:01]ADMIN: Noober84555/(Gamers) modified space's light_color to from #FF8080 to #8080FF
[16:15:01]EMOTE: *no key*/(Ian) : <b>Ian</b> yaps. (133,186,2)
[16:15:01]EMOTE: *no key*/(Poly) : <b>Poly</b> flutters its wings. (80,190,2)
[16:15:03]EMOTE: *no key*/(Persephone) : <b>Persephone</b> sits down. (168,141,2)
[16:15:03]SAY: Medibot/ : Radar, put a mask on! (154,73,1)
[16:15:09]EMOTE: *no key*/(grey baby slime (943)) : <b>The grey baby slime (943)</b> bounces in place. (113,163,2)
[16:15:09]EMOTE: *no key*/(Poly) : <b>Poly</b> looks in the BreatheDeep cartridge's direction and takes flight. (80,190,2)
[16:15:11]EMOTE: *no key*/(monkey (240)) : <b>The monkey (240)</b> jumps! (203,25,2)
[16:15:14]EMOTE: *no key*/(Poly) : <b>Poly</b> squawks. (80,190,2)
[16:15:15]ADMIN: Noober84555/(Gamers) modified space's light_color to from #8080FF to #A0A0FF
[16:15:19]EMOTE: *no key*/(monkey (342)) : <b>The monkey (342)</b> waves his tail. (203,21,2)
[16:15:20]SAY: Nobody's Perfect/ : Delicious! (24,75,1)
[16:15:26]ADMIN: Noober84555/(Gamers) modified space's light_color to from #A0A0FF to #D0D0FF
[16:15:26]SAY: Medibot/ : What kind of medbay is this? Everyone&#39;s dropping like flies. (155,73,1)
[16:15:41]EMOTE: *no key*/(monkey (247)) : <b>The monkey (247)</b> jumps! (160,141,2)
[16:15:46]SAY: Ian/ : Woof! (133,187,2)
[16:15:46]EMOTE: *no key*/(Citrus) : <b>Citrus</b> looks around sleepily. (169,221,2)
[16:15:47]EMOTE: *no key*/(Ian) : <b>Ian</b> dances around. (133,187,2)
[16:15:51]EMOTE: *no key*/(monkey (348)) : <b>The monkey (348)</b> jumps! (187,118,2)
[16:15:56]EMOTE: *no key*/(Ian) : <b>Ian</b> barks! (133,187,2)
[16:15:58]ADMIN: Noober84555/(Gamers) modified space's light_power to from 4 to 2
[16:16:02]SAY: Renault/ : Ack-Ack (157,194,2)
[16:16:04]SAY: Medibot/ : What kind of medbay is this? Everyone&#39;s dropping like flies. (154,73,1)
[16:16:04]EMOTE: *no key*/(Poly) : <b>Poly</b> looks in the chief engineer's rubber stamp's direction and takes flight. (80,190,2)
[16:16:07]ACCESS: Logout: Noober84555/(Gamers)
