

Starting up round ID . 16:09:08
---------------------
Initialized Blackbox subsystem within 0 seconds!
Initialized Server Tasks subsystem within 0 seconds!
Initialized Events subsystem within 0 seconds!
runtime error: 
[16:09:09]cannot read from list
[16:09:09]proc name: LoadJobs (/datum/controller/subsystem/job/proc/LoadJobs)
[16:09:09]  source file: job.dm,448
[16:09:09]  usr: null
[16:09:09]  src: Jobs (/datum/controller/subsystem/job)
[16:09:09]  call stack:
[16:09:09]Jobs (/datum/controller/subsystem/job): LoadJobs()
[16:09:09]Jobs (/datum/controller/subsystem/job): Initialize(725495)
[16:09:09]Master (/datum/controller/master): Initialize(10, 0)
Initialized Jobs subsystem within 0.1 seconds!
Initialized Ticker subsystem within 0 seconds!
Loading Delta Station...
runtime error: 
[16:10:12]Cannot execute /datum/plant_gene/trait/glow (/datum/plant_gene/trait/glow).glow range().
[16:10:12]proc name: New (/obj/structure/glowshroom/New)
[16:10:12]  source file: glowshroom.dm,63
[16:10:12]  usr: null
[16:10:12]  src: the glowshroom (/obj/structure/glowshroom/single)
[16:10:12]  src.loc: Cave Floor (303,71,2) (/turf/open/floor/plating/asteroid)
[16:10:12]  call stack:
[16:10:12]the glowshroom (/obj/structure/glowshroom/single): New(Cave Floor (303,71,2) (/turf/open/floor/plating/asteroid), null, null)
[16:10:12]/dmm_suite (/dmm_suite): create atom(/obj/structure/glowshroom/sing... (/obj/structure/glowshroom/single), Cave Floor (303,71,2) (/turf/open/floor/plating/asteroid))
[16:10:12]/dmm_suite (/dmm_suite): instance atom(/obj/structure/glowshroom/sing... (/obj/structure/glowshroom/single), /list (/list), Cave Floor (303,71,2) (/turf/open/floor/plating/asteroid), 1)
[16:10:12]/dmm_suite (/dmm_suite): parse grid("/obj/structure/glowshroom/sing...", "eAY", 303, 71, 2, 1)
[16:10:12]/dmm_suite (/dmm_suite): load map impl(_maps/map_files/Deltastation/D..., 1, 1, 2, null, null, 1, -1e+031, 1e+031, -1e+031, 1e+031)
[16:10:12]/dmm_suite (/dmm_suite): load map(_maps/map_files/Deltastation/D..., 0, 0, 2, null, null, 1, null, null, null, null)
[16:10:12]Mapping (/datum/controller/subsystem/mapping): TryLoadZ("_maps/map_files/Deltastation/D...", /list (/list), 2, null)
[16:10:12]Mapping (/datum/controller/subsystem/mapping): loadWorld()
[16:10:12]Mapping (/datum/controller/subsystem/mapping): Initialize(725496)
[16:10:12]Master (/datum/controller/master): Initialize(10, 0)
runtime error: 
[16:10:12]Cannot execute /datum/plant_gene/trait/glow (/datum/plant_gene/trait/glow).glow range().
[16:10:12]proc name: New (/obj/structure/glowshroom/New)
[16:10:12]  source file: glowshroom.dm,63
[16:10:12]  usr: null
[16:10:12]  src: the glowshroom (/obj/structure/glowshroom/single)
[16:10:12]  src.loc: Cave Floor (306,70,2) (/turf/open/floor/plating/asteroid)
[16:10:12]  call stack:
[16:10:12]the glowshroom (/obj/structure/glowshroom/single): New(Cave Floor (306,70,2) (/turf/open/floor/plating/asteroid), null, null)
[16:10:12]/dmm_suite (/dmm_suite): create atom(/obj/structure/glowshroom/sing... (/obj/structure/glowshroom/single), Cave Floor (306,70,2) (/turf/open/floor/plating/asteroid))
[16:10:12]/dmm_suite (/dmm_suite): instance atom(/obj/structure/glowshroom/sing... (/obj/structure/glowshroom/single), /list (/list), Cave Floor (306,70,2) (/turf/open/floor/plating/asteroid), 1)
[16:10:12]/dmm_suite (/dmm_suite): parse grid("/obj/structure/glowshroom/sing...", "eAY", 306, 70, 2, 1)
[16:10:12]/dmm_suite (/dmm_suite): load map impl(_maps/map_files/Deltastation/D..., 1, 1, 2, null, null, 1, -1e+031, 1e+031, -1e+031, 1e+031)
[16:10:12]/dmm_suite (/dmm_suite): load map(_maps/map_files/Deltastation/D..., 0, 0, 2, null, null, 1, null, null, null, null)
[16:10:12]Mapping (/datum/controller/subsystem/mapping): TryLoadZ("_maps/map_files/Deltastation/D...", /list (/list), 2, null)
[16:10:12]Mapping (/datum/controller/subsystem/mapping): loadWorld()
[16:10:12]Mapping (/datum/controller/subsystem/mapping): Initialize(725496)
[16:10:12]Master (/datum/controller/master): Initialize(10, 0)
runtime error: 
[16:10:12]Cannot execute /datum/plant_gene/trait/glow (/datum/plant_gene/trait/glow).glow range().
[16:10:12]proc name: New (/obj/structure/glowshroom/New)
[16:10:12]  source file: glowshroom.dm,63
[16:10:12]  usr: null
[16:10:12]  src: the glowshroom (/obj/structure/glowshroom/single)
[16:10:12]  src.loc: Cave Floor (309,70,2) (/turf/open/floor/plating/asteroid)
[16:10:12]  call stack:
[16:10:12]the glowshroom (/obj/structure/glowshroom/single): New(Cave Floor (309,70,2) (/turf/open/floor/plating/asteroid), null, null)
[16:10:12]/dmm_suite (/dmm_suite): create atom(/obj/structure/glowshroom/sing... (/obj/structure/glowshroom/single), Cave Floor (309,70,2) (/turf/open/floor/plating/asteroid))
[16:10:12]/dmm_suite (/dmm_suite): instance atom(/obj/structure/glowshroom/sing... (/obj/structure/glowshroom/single), /list (/list), Cave Floor (309,70,2) (/turf/open/floor/plating/asteroid), 1)
[16:10:12]/dmm_suite (/dmm_suite): parse grid("/obj/structure/glowshroom/sing...", "eAY", 309, 70, 2, 1)
[16:10:12]/dmm_suite (/dmm_suite): load map impl(_maps/map_files/Deltastation/D..., 1, 1, 2, null, null, 1, -1e+031, 1e+031, -1e+031, 1e+031)
[16:10:12]/dmm_suite (/dmm_suite): load map(_maps/map_files/Deltastation/D..., 0, 0, 2, null, null, 1, null, null, null, null)
[16:10:12]Mapping (/datum/controller/subsystem/mapping): TryLoadZ("_maps/map_files/Deltastation/D...", /list (/list), 2, null)
[16:10:12]Mapping (/datum/controller/subsystem/mapping): loadWorld()
[16:10:12]Mapping (/datum/controller/subsystem/mapping): Initialize(725496)
[16:10:12]Master (/datum/controller/master): Initialize(10, 0)
runtime error: 
[16:10:12]Cannot execute /datum/plant_gene/trait/glow (/datum/plant_gene/trait/glow).glow range().
[16:10:12]proc name: New (/obj/structure/glowshroom/New)
[16:10:12]  source file: glowshroom.dm,63
[16:10:12]  usr: null
[16:10:12]  src: the glowshroom (/obj/structure/glowshroom/single)
[16:10:12]  src.loc: Cave Floor (302,69,2) (/turf/open/floor/plating/asteroid)
[16:10:12]  call stack:
[16:10:12]the glowshroom (/obj/structure/glowshroom/single): New(Cave Floor (302,69,2) (/turf/open/floor/plating/asteroid), null, null)
[16:10:12]/dmm_suite (/dmm_suite): create atom(/obj/structure/glowshroom/sing... (/obj/structure/glowshroom/single), Cave Floor (302,69,2) (/turf/open/floor/plating/asteroid))
[16:10:12]/dmm_suite (/dmm_suite): instance atom(/obj/structure/glowshroom/sing... (/obj/structure/glowshroom/single), /list (/list), Cave Floor (302,69,2) (/turf/open/floor/plating/asteroid), 1)
[16:10:12]/dmm_suite (/dmm_suite): parse grid("/obj/structure/glowshroom/sing...", "eAY", 302, 69, 2, 1)
[16:10:12]/dmm_suite (/dmm_suite): load map impl(_maps/map_files/Deltastation/D..., 1, 1, 2, null, null, 1, -1e+031, 1e+031, -1e+031, 1e+031)
[16:10:12]/dmm_suite (/dmm_suite): load map(_maps/map_files/Deltastation/D..., 0, 0, 2, null, null, 1, null, null, null, null)
[16:10:12]Mapping (/datum/controller/subsystem/mapping): TryLoadZ("_maps/map_files/Deltastation/D...", /list (/list), 2, null)
[16:10:12]Mapping (/datum/controller/subsystem/mapping): loadWorld()
[16:10:12]Mapping (/datum/controller/subsystem/mapping): Initialize(725496)
[16:10:12]Master (/datum/controller/master): Initialize(10, 0)
runtime error: 
[16:10:13]Cannot execute /datum/plant_gene/trait/glow (/datum/plant_gene/trait/glow).glow range().
[16:10:13]proc name: New (/obj/structure/glowshroom/New)
[16:10:13]  source file: glowshroom.dm,63
[16:10:13]  usr: null
[16:10:13]  src: the glowshroom (/obj/structure/glowshroom/single)
[16:10:13]  src.loc: Cave Floor (296,55,2) (/turf/open/floor/plating/asteroid)
[16:10:13]  call stack:
[16:10:13]the glowshroom (/obj/structure/glowshroom/single): New(Cave Floor (296,55,2) (/turf/open/floor/plating/asteroid), null, null)
[16:10:13]/dmm_suite (/dmm_suite): create atom(/obj/structure/glowshroom/sing... (/obj/structure/glowshroom/single), Cave Floor (296,55,2) (/turf/open/floor/plating/asteroid))
[16:10:13]/dmm_suite (/dmm_suite): instance atom(/obj/structure/glowshroom/sing... (/obj/structure/glowshroom/single), /list (/list), Cave Floor (296,55,2) (/turf/open/floor/plating/asteroid), 1)
[16:10:13]/dmm_suite (/dmm_suite): parse grid("/obj/structure/glowshroom/sing...", "eFL", 296, 55, 2, 1)
[16:10:13]/dmm_suite (/dmm_suite): load map impl(_maps/map_files/Deltastation/D..., 1, 1, 2, null, null, 1, -1e+031, 1e+031, -1e+031, 1e+031)
[16:10:13]/dmm_suite (/dmm_suite): load map(_maps/map_files/Deltastation/D..., 0, 0, 2, null, null, 1, null, null, null, null)
[16:10:13]Mapping (/datum/controller/subsystem/mapping): TryLoadZ("_maps/map_files/Deltastation/D...", /list (/list), 2, null)
[16:10:13]Mapping (/datum/controller/subsystem/mapping): loadWorld()
[16:10:13]Mapping (/datum/controller/subsystem/mapping): Initialize(725496)
[16:10:13]Master (/datum/controller/master): Initialize(10, 0)
runtime error: 
[16:10:13]Cannot execute /datum/plant_gene/trait/glow (/datum/plant_gene/trait/glow).glow range().
[16:10:13]proc name: New (/obj/structure/glowshroom/New)
[16:10:13]  source file: glowshroom.dm,63
[16:10:13]  usr: null
[16:10:13]  src: the glowshroom (/obj/structure/glowshroom/single)
[16:10:13]  src.loc: Cave Floor (299,55,2) (/turf/open/floor/plating/asteroid)
[16:10:13]  call stack:
[16:10:13]the glowshroom (/obj/structure/glowshroom/single): New(Cave Floor (299,55,2) (/turf/open/floor/plating/asteroid), null, null)
[16:10:13]/dmm_suite (/dmm_suite): create atom(/obj/structure/glowshroom/sing... (/obj/structure/glowshroom/single), Cave Floor (299,55,2) (/turf/open/floor/plating/asteroid))
[16:10:13]/dmm_suite (/dmm_suite): instance atom(/obj/structure/glowshroom/sing... (/obj/structure/glowshroom/single), /list (/list), Cave Floor (299,55,2) (/turf/open/floor/plating/asteroid), 1)
[16:10:13]/dmm_suite (/dmm_suite): parse grid("/obj/structure/glowshroom/sing...", "eFL", 299, 55, 2, 1)
[16:10:13]/dmm_suite (/dmm_suite): load map impl(_maps/map_files/Deltastation/D..., 1, 1, 2, null, null, 1, -1e+031, 1e+031, -1e+031, 1e+031)
[16:10:13]/dmm_suite (/dmm_suite): load map(_maps/map_files/Deltastation/D..., 0, 0, 2, null, null, 1, null, null, null, null)
[16:10:13]Mapping (/datum/controller/subsystem/mapping): TryLoadZ("_maps/map_files/Deltastation/D...", /list (/list), 2, null)
[16:10:13]Mapping (/datum/controller/subsystem/mapping): loadWorld()
[16:10:13]Mapping (/datum/controller/subsystem/mapping): Initialize(725496)
[16:10:13]Master (/datum/controller/master): Initialize(10, 0)
runtime error: 
[16:10:13]Cannot execute /datum/plant_gene/trait/glow (/datum/plant_gene/trait/glow).glow range().
[16:10:13]proc name: New (/obj/structure/glowshroom/New)
[16:10:13]  source file: glowshroom.dm,63
[16:10:13]  usr: null
[16:10:13]  src: the glowshroom (/obj/structure/glowshroom/single)
[16:10:13]  src.loc: Cave Floor (283,53,2) (/turf/open/floor/plating/asteroid)
[16:10:13]  call stack:
[16:10:13]the glowshroom (/obj/structure/glowshroom/single): New(Cave Floor (283,53,2) (/turf/open/floor/plating/asteroid), null, null)
[16:10:13]/dmm_suite (/dmm_suite): create atom(/obj/structure/glowshroom/sing... (/obj/structure/glowshroom/single), Cave Floor (283,53,2) (/turf/open/floor/plating/asteroid))
[16:10:13]/dmm_suite (/dmm_suite): instance atom(/obj/structure/glowshroom/sing... (/obj/structure/glowshroom/single), /list (/list), Cave Floor (283,53,2) (/turf/open/floor/plating/asteroid), 1)
[16:10:13]/dmm_suite (/dmm_suite): parse grid("/obj/structure/glowshroom/sing...", "eFL", 283, 53, 2, 1)
[16:10:13]/dmm_suite (/dmm_suite): load map impl(_maps/map_files/Deltastation/D..., 1, 1, 2, null, null, 1, -1e+031, 1e+031, -1e+031, 1e+031)
[16:10:13]/dmm_suite (/dmm_suite): load map(_maps/map_files/Deltastation/D..., 0, 0, 2, null, null, 1, null, null, null, null)
[16:10:13]Mapping (/datum/controller/subsystem/mapping): TryLoadZ("_maps/map_files/Deltastation/D...", /list (/list), 2, null)
[16:10:13]Mapping (/datum/controller/subsystem/mapping): loadWorld()
[16:10:13]Mapping (/datum/controller/subsystem/mapping): Initialize(725496)
[16:10:13]Master (/datum/controller/master): Initialize(10, 0)
runtime error: 
[16:10:13]Cannot execute /datum/plant_gene/trait/glow (/datum/plant_gene/trait/glow).glow range().
[16:10:13]proc name: New (/obj/structure/glowshroom/New)
[16:10:13]  source file: glowshroom.dm,63
[16:10:13]  usr: null
[16:10:13]  src: the glowshroom (/obj/structure/glowshroom/single)
[16:10:13]  src.loc: Cave Floor (302,53,2) (/turf/open/floor/plating/asteroid)
[16:10:13]  call stack:
[16:10:13]the glowshroom (/obj/structure/glowshroom/single): New(Cave Floor (302,53,2) (/turf/open/floor/plating/asteroid), null, null)
[16:10:13]/dmm_suite (/dmm_suite): create atom(/obj/structure/glowshroom/sing... (/obj/structure/glowshroom/single), Cave Floor (302,53,2) (/turf/open/floor/plating/asteroid))
[16:10:13]/dmm_suite (/dmm_suite): instance atom(/obj/structure/glowshroom/sing... (/obj/structure/glowshroom/single), /list (/list), Cave Floor (302,53,2) (/turf/open/floor/plating/asteroid), 1)
[16:10:13]/dmm_suite (/dmm_suite): parse grid("/obj/structure/glowshroom/sing...", "eFL", 302, 53, 2, 1)
[16:10:13]/dmm_suite (/dmm_suite): load map impl(_maps/map_files/Deltastation/D..., 1, 1, 2, null, null, 1, -1e+031, 1e+031, -1e+031, 1e+031)
[16:10:13]/dmm_suite (/dmm_suite): load map(_maps/map_files/Deltastation/D..., 0, 0, 2, null, null, 1, null, null, null, null)
[16:10:13]Mapping (/datum/controller/subsystem/mapping): TryLoadZ("_maps/map_files/Deltastation/D...", /list (/list), 2, null)
[16:10:13]Mapping (/datum/controller/subsystem/mapping): loadWorld()
[16:10:13]Mapping (/datum/controller/subsystem/mapping): Initialize(725496)
[16:10:13]Master (/datum/controller/master): Initialize(10, 0)
runtime error: 
[16:10:13]Cannot execute /datum/plant_gene/trait/glow (/datum/plant_gene/trait/glow).glow range().
[16:10:13]proc name: New (/obj/structure/glowshroom/New)
[16:10:13]  source file: glowshroom.dm,63
[16:10:13]  usr: null
[16:10:13]  src: the glowshroom (/obj/structure/glowshroom/single)
[16:10:13]  src.loc: Cave Floor (276,52,2) (/turf/open/floor/plating/asteroid)
[16:10:13]  call stack:
[16:10:13]the glowshroom (/obj/structure/glowshroom/single): New(Cave Floor (276,52,2) (/turf/open/floor/plating/asteroid), null, null)
[16:10:13]/dmm_suite (/dmm_suite): create atom(/obj/structure/glowshroom/sing... (/obj/structure/glowshroom/single), Cave Floor (276,52,2) (/turf/open/floor/plating/asteroid))
[16:10:13]/dmm_suite (/dmm_suite): instance atom(/obj/structure/glowshroom/sing... (/obj/structure/glowshroom/single), /list (/list), Cave Floor (276,52,2) (/turf/open/floor/plating/asteroid), 1)
[16:10:13]/dmm_suite (/dmm_suite): parse grid("/obj/structure/glowshroom/sing...", "eFL", 276, 52, 2, 1)
[16:10:13]/dmm_suite (/dmm_suite): load map impl(_maps/map_files/Deltastation/D..., 1, 1, 2, null, null, 1, -1e+031, 1e+031, -1e+031, 1e+031)
[16:10:13]/dmm_suite (/dmm_suite): load map(_maps/map_files/Deltastation/D..., 0, 0, 2, null, null, 1, null, null, null, null)
[16:10:13]Mapping (/datum/controller/subsystem/mapping): TryLoadZ("_maps/map_files/Deltastation/D...", /list (/list), 2, null)
[16:10:13]Mapping (/datum/controller/subsystem/mapping): loadWorld()
[16:10:13]Mapping (/datum/controller/subsystem/mapping): Initialize(725496)
[16:10:13]Master (/datum/controller/master): Initialize(10, 0)
runtime error: 
[16:10:13]Cannot execute /datum/plant_gene/trait/glow (/datum/plant_gene/trait/glow).glow range().
[16:10:13]proc name: New (/obj/structure/glowshroom/New)
[16:10:13]  source file: glowshroom.dm,63
[16:10:13]  usr: null
[16:10:13]  src: the glowshroom (/obj/structure/glowshroom/single)
[16:10:13]  src.loc: Cave Floor (292,51,2) (/turf/open/floor/plating/asteroid)
[16:10:13]  call stack:
[16:10:13]the glowshroom (/obj/structure/glowshroom/single): New(Cave Floor (292,51,2) (/turf/open/floor/plating/asteroid), null, null)
[16:10:13]/dmm_suite (/dmm_suite): create atom(/obj/structure/glowshroom/sing... (/obj/structure/glowshroom/single), Cave Floor (292,51,2) (/turf/open/floor/plating/asteroid))
[16:10:13]/dmm_suite (/dmm_suite): instance atom(/obj/structure/glowshroom/sing... (/obj/structure/glowshroom/single), /list (/list), Cave Floor (292,51,2) (/turf/open/floor/plating/asteroid), 1)
[16:10:13]/dmm_suite (/dmm_suite): parse grid("/obj/structure/glowshroom/sing...", "eFL", 292, 51, 2, 1)
[16:10:13]/dmm_suite (/dmm_suite): load map impl(_maps/map_files/Deltastation/D..., 1, 1, 2, null, null, 1, -1e+031, 1e+031, -1e+031, 1e+031)
[16:10:13]/dmm_suite (/dmm_suite): load map(_maps/map_files/Deltastation/D..., 0, 0, 2, null, null, 1, null, null, null, null)
[16:10:13]Mapping (/datum/controller/subsystem/mapping): TryLoadZ("_maps/map_files/Deltastation/D...", /list (/list), 2, null)
[16:10:13]Mapping (/datum/controller/subsystem/mapping): loadWorld()
[16:10:13]Mapping (/datum/controller/subsystem/mapping): Initialize(725496)
[16:10:13]Master (/datum/controller/master): Initialize(10, 0)
runtime error: 
[16:10:13]Cannot execute /datum/plant_gene/trait/glow (/datum/plant_gene/trait/glow).glow range().
[16:10:13]proc name: New (/obj/structure/glowshroom/New)
[16:10:13]  source file: glowshroom.dm,63
[16:10:13]  usr: null
[16:10:13]  src: the glowshroom (/obj/structure/glowshroom/single)
[16:10:13]  src.loc: Cave Floor (295,51,2) (/turf/open/floor/plating/asteroid)
[16:10:13]  call stack:
[16:10:13]the glowshroom (/obj/structure/glowshroom/single): New(Cave Floor (295,51,2) (/turf/open/floor/plating/asteroid), null, null)
[16:10:13]/dmm_suite (/dmm_suite): create atom(/obj/structure/glowshroom/sing... (/obj/structure/glowshroom/single), Cave Floor (295,51,2) (/turf/open/floor/plating/asteroid))
[16:10:13]/dmm_suite (/dmm_suite): instance atom(/obj/structure/glowshroom/sing... (/obj/structure/glowshroom/single), /list (/list), Cave Floor (295,51,2) (/turf/open/floor/plating/asteroid), 1)
[16:10:13]/dmm_suite (/dmm_suite): parse grid("/obj/structure/glowshroom/sing...", "eFL", 295, 51, 2, 1)
[16:10:13]/dmm_suite (/dmm_suite): load map impl(_maps/map_files/Deltastation/D..., 1, 1, 2, null, null, 1, -1e+031, 1e+031, -1e+031, 1e+031)
[16:10:13]/dmm_suite (/dmm_suite): load map(_maps/map_files/Deltastation/D..., 0, 0, 2, null, null, 1, null, null, null, null)
[16:10:13]Mapping (/datum/controller/subsystem/mapping): TryLoadZ("_maps/map_files/Deltastation/D...", /list (/list), 2, null)
[16:10:13]Mapping (/datum/controller/subsystem/mapping): loadWorld()
[16:10:13]Mapping (/datum/controller/subsystem/mapping): Initialize(725496)
[16:10:13]Master (/datum/controller/master): Initialize(10, 0)
runtime error: 
[16:10:13]Cannot execute /datum/plant_gene/trait/glow (/datum/plant_gene/trait/glow).glow range().
[16:10:13]proc name: New (/obj/structure/glowshroom/New)
[16:10:13]  source file: glowshroom.dm,63
[16:10:13]  usr: null
[16:10:13]  src: the glowshroom (/obj/structure/glowshroom/single)
[16:10:13]  src.loc: Cave Floor (258,49,2) (/turf/open/floor/plating/asteroid)
[16:10:13]  call stack:
[16:10:13]the glowshroom (/obj/structure/glowshroom/single): New(Cave Floor (258,49,2) (/turf/open/floor/plating/asteroid), null, null)
[16:10:13]/dmm_suite (/dmm_suite): create atom(/obj/structure/glowshroom/sing... (/obj/structure/glowshroom/single), Cave Floor (258,49,2) (/turf/open/floor/plating/asteroid))
[16:10:13]/dmm_suite (/dmm_suite): instance atom(/obj/structure/glowshroom/sing... (/obj/structure/glowshroom/single), /list (/list), Cave Floor (258,49,2) (/turf/open/floor/plating/asteroid), 1)
[16:10:13]/dmm_suite (/dmm_suite): parse grid("/obj/structure/glowshroom/sing...", "eFL", 258, 49, 2, 1)
[16:10:13]/dmm_suite (/dmm_suite): load map impl(_maps/map_files/Deltastation/D..., 1, 1, 2, null, null, 1, -1e+031, 1e+031, -1e+031, 1e+031)
[16:10:13]/dmm_suite (/dmm_suite): load map(_maps/map_files/Deltastation/D..., 0, 0, 2, null, null, 1, null, null, null, null)
[16:10:13]Mapping (/datum/controller/subsystem/mapping): TryLoadZ("_maps/map_files/Deltastation/D...", /list (/list), 2, null)
[16:10:13]Mapping (/datum/controller/subsystem/mapping): loadWorld()
[16:10:13]Mapping (/datum/controller/subsystem/mapping): Initialize(725496)
[16:10:13]Master (/datum/controller/master): Initialize(10, 0)
runtime error: 
[16:10:13]Cannot execute /datum/plant_gene/trait/glow (/datum/plant_gene/trait/glow).glow range().
[16:10:13]proc name: New (/obj/structure/glowshroom/New)
[16:10:13]  source file: glowshroom.dm,63
[16:10:13]  usr: null
[16:10:13]  src: the glowshroom (/obj/structure/glowshroom/single)
[16:10:13]  src.loc: Cave Floor (275,49,2) (/turf/open/floor/plating/asteroid)
[16:10:13]  call stack:
[16:10:13]the glowshroom (/obj/structure/glowshroom/single): New(Cave Floor (275,49,2) (/turf/open/floor/plating/asteroid), null, null)
[16:10:13]/dmm_suite (/dmm_suite): create atom(/obj/structure/glowshroom/sing... (/obj/structure/glowshroom/single), Cave Floor (275,49,2) (/turf/open/floor/plating/asteroid))
[16:10:13]/dmm_suite (/dmm_suite): instance atom(/obj/structure/glowshroom/sing... (/obj/structure/glowshroom/single), /list (/list), Cave Floor (275,49,2) (/turf/open/floor/plating/asteroid), 1)
[16:10:13]/dmm_suite (/dmm_suite): parse grid("/obj/structure/glowshroom/sing...", "eFL", 275, 49, 2, 1)
[16:10:13]/dmm_suite (/dmm_suite): load map impl(_maps/map_files/Deltastation/D..., 1, 1, 2, null, null, 1, -1e+031, 1e+031, -1e+031, 1e+031)
[16:10:13]/dmm_suite (/dmm_suite): load map(_maps/map_files/Deltastation/D..., 0, 0, 2, null, null, 1, null, null, null, null)
[16:10:13]Mapping (/datum/controller/subsystem/mapping): TryLoadZ("_maps/map_files/Deltastation/D...", /list (/list), 2, null)
[16:10:13]Mapping (/datum/controller/subsystem/mapping): loadWorld()
[16:10:13]Mapping (/datum/controller/subsystem/mapping): Initialize(725496)
[16:10:13]Master (/datum/controller/master): Initialize(10, 0)
runtime error: 
[16:10:13]Cannot execute /datum/plant_gene/trait/glow (/datum/plant_gene/trait/glow).glow range().
[16:10:13]proc name: New (/obj/structure/glowshroom/New)
[16:10:13]  source file: glowshroom.dm,63
[16:10:13]  usr: null
[16:10:13]  src: the glowshroom (/obj/structure/glowshroom/single)
[16:10:13]  src.loc: Cave Floor (261,48,2) (/turf/open/floor/plating/asteroid)
[16:10:13]  call stack:
[16:10:13]the glowshroom (/obj/structure/glowshroom/single): New(Cave Floor (261,48,2) (/turf/open/floor/plating/asteroid), null, null)
[16:10:13]/dmm_suite (/dmm_suite): create atom(/obj/structure/glowshroom/sing... (/obj/structure/glowshroom/single), Cave Floor (261,48,2) (/turf/open/floor/plating/asteroid))
[16:10:13]/dmm_suite (/dmm_suite): instance atom(/obj/structure/glowshroom/sing... (/obj/structure/glowshroom/single), /list (/list), Cave Floor (261,48,2) (/turf/open/floor/plating/asteroid), 1)
[16:10:13]/dmm_suite (/dmm_suite): parse grid("/obj/structure/glowshroom/sing...", "eFL", 261, 48, 2, 1)
[16:10:13]/dmm_suite (/dmm_suite): load map impl(_maps/map_files/Deltastation/D..., 1, 1, 2, null, null, 1, -1e+031, 1e+031, -1e+031, 1e+031)
[16:10:13]/dmm_suite (/dmm_suite): load map(_maps/map_files/Deltastation/D..., 0, 0, 2, null, null, 1, null, null, null, null)
[16:10:13]Mapping (/datum/controller/subsystem/mapping): TryLoadZ("_maps/map_files/Deltastation/D...", /list (/list), 2, null)
[16:10:13]Mapping (/datum/controller/subsystem/mapping): loadWorld()
[16:10:13]Mapping (/datum/controller/subsystem/mapping): Initialize(725496)
[16:10:13]Master (/datum/controller/master): Initialize(10, 0)
runtime error: 
[16:10:13]Cannot execute /datum/plant_gene/trait/glow (/datum/plant_gene/trait/glow).glow range().
[16:10:13]proc name: New (/obj/structure/glowshroom/New)
[16:10:13]  source file: glowshroom.dm,63
[16:10:13]  usr: null
[16:10:13]  src: the glowshroom (/obj/structure/glowshroom/single)
[16:10:13]  src.loc: Cave Floor (292,48,2) (/turf/open/floor/plating/asteroid)
[16:10:13]  call stack:
[16:10:13]the glowshroom (/obj/structure/glowshroom/single): New(Cave Floor (292,48,2) (/turf/open/floor/plating/asteroid), null, null)
[16:10:13]/dmm_suite (/dmm_suite): create atom(/obj/structure/glowshroom/sing... (/obj/structure/glowshroom/single), Cave Floor (292,48,2) (/turf/open/floor/plating/asteroid))
[16:10:13]/dmm_suite (/dmm_suite): instance atom(/obj/structure/glowshroom/sing... (/obj/structure/glowshroom/single), /list (/list), Cave Floor (292,48,2) (/turf/open/floor/plating/asteroid), 1)
[16:10:13]/dmm_suite (/dmm_suite): parse grid("/obj/structure/glowshroom/sing...", "eFL", 292, 48, 2, 1)
[16:10:13]/dmm_suite (/dmm_suite): load map impl(_maps/map_files/Deltastation/D..., 1, 1, 2, null, null, 1, -1e+031, 1e+031, -1e+031, 1e+031)
[16:10:13]/dmm_suite (/dmm_suite): load map(_maps/map_files/Deltastation/D..., 0, 0, 2, null, null, 1, null, null, null, null)
[16:10:13]Mapping (/datum/controller/subsystem/mapping): TryLoadZ("_maps/map_files/Deltastation/D...", /list (/list), 2, null)
[16:10:13]Mapping (/datum/controller/subsystem/mapping): loadWorld()
[16:10:13]Mapping (/datum/controller/subsystem/mapping): Initialize(725496)
[16:10:13]Master (/datum/controller/master): Initialize(10, 0)
runtime error: 
[16:10:13]Cannot execute /datum/plant_gene/trait/glow (/datum/plant_gene/trait/glow).glow range().
[16:10:13]proc name: New (/obj/structure/glowshroom/New)
[16:10:13]  source file: glowshroom.dm,63
runtime error: 
[16:10:13]Cannot execute /datum/plant_gene/trait/glow (/datum/plant_gene/trait/glow).glow range().
[16:10:13]proc name: New (/obj/structure/glowshroom/New)
[16:10:13]  source file: glowshroom.dm,63
runtime error: 
[16:10:13]Cannot execute /datum/plant_gene/trait/glow (/datum/plant_gene/trait/glow).glow range().
[16:10:13]proc name: New (/obj/structure/glowshroom/New)
[16:10:13]  source file: glowshroom.dm,63
runtime error: 
[16:10:13]Cannot execute /datum/plant_gene/trait/glow (/datum/plant_gene/trait/glow).glow range().
[16:10:13]proc name: New (/obj/structure/glowshroom/New)
[16:10:13]  source file: glowshroom.dm,63
runtime error: 
[16:10:13]Cannot execute /datum/plant_gene/trait/glow (/datum/plant_gene/trait/glow).glow range().
[16:10:13]proc name: New (/obj/structure/glowshroom/New)
[16:10:13]  source file: glowshroom.dm,63
runtime error: 
[16:10:13]Cannot execute /datum/plant_gene/trait/glow (/datum/plant_gene/trait/glow).glow range().
[16:10:13]proc name: New (/obj/structure/glowshroom/New)
[16:10:13]  source file: glowshroom.dm,63
runtime error: 
[16:10:13]Cannot execute /datum/plant_gene/trait/glow (/datum/plant_gene/trait/glow).glow range().
[16:10:13]proc name: New (/obj/structure/glowshroom/New)
[16:10:13]  source file: glowshroom.dm,63
runtime error: 
[16:10:13]Cannot execute /datum/plant_gene/trait/glow (/datum/plant_gene/trait/glow).glow range().
[16:10:13]proc name: New (/obj/structure/glowshroom/New)
[16:10:13]  source file: glowshroom.dm,63
runtime error: 
[16:10:13]Cannot execute /datum/plant_gene/trait/glow (/datum/plant_gene/trait/glow).glow range().
[16:10:13]proc name: New (/obj/structure/glowshroom/New)
[16:10:13]  source file: glowshroom.dm,63
runtime error: 
[16:10:14]Cannot execute /datum/plant_gene/trait/glow (/datum/plant_gene/trait/glow).glow range().
[16:10:14]proc name: New (/obj/structure/glowshroom/New)
[16:10:14]  source file: glowshroom.dm,63
runtime error: 
[16:10:14]Cannot execute /datum/plant_gene/trait/glow (/datum/plant_gene/trait/glow).glow range().
[16:10:14]proc name: New (/obj/structure/glowshroom/New)
[16:10:14]  source file: glowshroom.dm,63
runtime error: 
[16:10:14]Cannot execute /datum/plant_gene/trait/glow (/datum/plant_gene/trait/glow).glow range().
[16:10:14]proc name: New (/obj/structure/glowshroom/New)
[16:10:14]  source file: glowshroom.dm,63
runtime error: 
[16:10:14]Cannot execute /datum/plant_gene/trait/glow (/datum/plant_gene/trait/glow).glow range().
[16:10:14]proc name: New (/obj/structure/glowshroom/New)
[16:10:14]  source file: glowshroom.dm,63
runtime error: 
[16:10:14]Cannot execute /datum/plant_gene/trait/glow (/datum/plant_gene/trait/glow).glow range().
[16:10:14]proc name: New (/obj/structure/glowshroom/New)
[16:10:14]  source file: glowshroom.dm,63
runtime error: 
[16:10:14]Cannot execute /datum/plant_gene/trait/glow (/datum/plant_gene/trait/glow).glow range().
[16:10:14]proc name: New (/obj/structure/glowshroom/New)
[16:10:14]  source file: glowshroom.dm,63
runtime error: 
[16:10:14]Cannot execute /datum/plant_gene/trait/glow (/datum/plant_gene/trait/glow).glow range().
[16:10:14]proc name: New (/obj/structure/glowshroom/New)
[16:10:14]  source file: glowshroom.dm,63
runtime error: 
[16:10:14]Cannot execute /datum/plant_gene/trait/glow (/datum/plant_gene/trait/glow).glow range().
[16:10:14]proc name: New (/obj/structure/glowshroom/New)
[16:10:14]  source file: glowshroom.dm,63
runtime error: 
[16:10:14]Cannot execute /datum/plant_gene/trait/glow (/datum/plant_gene/trait/glow).glow range().
[16:10:14]proc name: New (/obj/structure/glowshroom/New)
[16:10:14]  source file: glowshroom.dm,63
runtime error: 
[16:10:14]Cannot execute /datum/plant_gene/trait/glow (/datum/plant_gene/trait/glow).glow range().
[16:10:14]proc name: New (/obj/structure/glowshroom/New)
[16:10:14]  source file: glowshroom.dm,63
runtime error: 
[16:10:14]Cannot execute /datum/plant_gene/trait/glow (/datum/plant_gene/trait/glow).glow range().
[16:10:14]proc name: New (/obj/structure/glowshroom/New)
[16:10:14]  source file: glowshroom.dm,63
runtime error: 
[16:10:14]Cannot execute /datum/plant_gene/trait/glow (/datum/plant_gene/trait/glow).glow range().
[16:10:14]proc name: New (/obj/structure/glowshroom/New)
[16:10:14]  source file: glowshroom.dm,63
runtime error: 
[16:10:14]Cannot execute /datum/plant_gene/trait/glow (/datum/plant_gene/trait/glow).glow range().
[16:10:14]proc name: New (/obj/structure/glowshroom/New)
[16:10:14]  source file: glowshroom.dm,63
runtime error: 
[16:10:14]Cannot execute /datum/plant_gene/trait/glow (/datum/plant_gene/trait/glow).glow range().
[16:10:14]proc name: New (/obj/structure/glowshroom/New)
[16:10:14]  source file: glowshroom.dm,63
runtime error: 
[16:10:14]Cannot execute /datum/plant_gene/trait/glow (/datum/plant_gene/trait/glow).glow range().
[16:10:14]proc name: New (/obj/structure/glowshroom/New)
[16:10:14]  source file: glowshroom.dm,63
runtime error: 
[16:10:14]Cannot execute /datum/plant_gene/trait/glow (/datum/plant_gene/trait/glow).glow range().
[16:10:14]proc name: New (/obj/structure/glowshroom/New)
[16:10:14]  source file: glowshroom.dm,63
runtime error: 
[16:10:14]Cannot execute /datum/plant_gene/trait/glow (/datum/plant_gene/trait/glow).glow range().
[16:10:14]proc name: New (/obj/structure/glowshroom/New)
[16:10:14]  source file: glowshroom.dm,63
Loaded station in 65.3s!
Initialized Mapping subsystem within 68.6 seconds!
runtime error: 
[16:10:18]Cannot execute null.add reagent().
[16:10:18]proc name: Initialize (/obj/effect/decal/cleanable/blood/gibs/Initialize)
[16:10:18]  source file: humans.dm,57
runtime error: 
[16:10:18]Cannot execute null.add reagent().
[16:10:18]proc name: Initialize (/obj/effect/decal/cleanable/blood/gibs/Initialize)
[16:10:18]  source file: humans.dm,57
runtime error: 
[16:10:18]Cannot execute null.add reagent().
[16:10:18]proc name: Initialize (/obj/effect/decal/cleanable/blood/gibs/Initialize)
[16:10:18]  source file: humans.dm,57
runtime error: 
[16:10:18]Cannot execute null.add reagent().
[16:10:18]proc name: Initialize (/obj/effect/decal/cleanable/blood/gibs/Initialize)
[16:10:18]  source file: humans.dm,57
runtime error: 
[16:10:18]Cannot execute null.add reagent().
[16:10:18]proc name: Initialize (/obj/effect/decal/cleanable/oil/Initialize)
[16:10:18]  source file: robots.dm,52
runtime error: 
[16:10:18]Cannot execute null.add reagent().
[16:10:18]proc name: Initialize (/obj/effect/decal/cleanable/oil/Initialize)
[16:10:18]  source file: robots.dm,52
runtime error: 
[16:10:20]Cannot execute null.add reagent().
[16:10:20]proc name: Initialize (/obj/effect/decal/cleanable/oil/Initialize)
[16:10:20]  source file: robots.dm,52
runtime error: 
[16:10:20]Cannot execute null.add reagent().
[16:10:20]proc name: Initialize (/obj/effect/decal/cleanable/oil/Initialize)
[16:10:20]  source file: robots.dm,52
runtime error: 
[16:10:21]Cannot execute null.add reagent().
[16:10:21]proc name: Initialize (/obj/effect/decal/cleanable/oil/Initialize)
[16:10:21]  source file: robots.dm,52
runtime error: 
[16:10:21]Cannot execute null.add reagent().
[16:10:21]proc name: Initialize (/obj/effect/decal/cleanable/blood/gibs/Initialize)
[16:10:21]  source file: humans.dm,57
runtime error: 
[16:10:21]Cannot execute null.add reagent().
[16:10:21]proc name: Initialize (/obj/effect/decal/cleanable/oil/Initialize)
[16:10:21]  source file: robots.dm,52
runtime error: 
[16:10:21]Cannot execute null.add reagent().
[16:10:21]proc name: Initialize (/obj/effect/decal/cleanable/blood/gibs/Initialize)
[16:10:21]  source file: humans.dm,57
runtime error: 
[16:10:21]Cannot execute null.add reagent().
[16:10:21]proc name: Initialize (/obj/effect/decal/cleanable/oil/Initialize)
[16:10:21]  source file: robots.dm,52
runtime error: 
[16:10:21]Cannot execute null.add reagent().
[16:10:21]proc name: Initialize (/obj/effect/decal/cleanable/blood/gibs/Initialize)
[16:10:21]  source file: humans.dm,57
runtime error: 
[16:10:21]Cannot execute null.add reagent().
[16:10:21]proc name: Initialize (/obj/effect/decal/cleanable/oil/Initialize)
[16:10:21]  source file: robots.dm,52
runtime error: 
[16:10:21]Cannot execute null.add reagent().
[16:10:21]proc name: Initialize (/obj/effect/decal/cleanable/oil/Initialize)
[16:10:21]  source file: robots.dm,52
runtime error: 
[16:10:21]Cannot execute null.add reagent().
[16:10:21]proc name: Initialize (/obj/effect/decal/cleanable/oil/Initialize)
[16:10:21]  source file: robots.dm,52
runtime error: 
[16:10:22]Cannot execute null.add reagent().
[16:10:22]proc name: Initialize (/obj/effect/decal/cleanable/oil/Initialize)
[16:10:22]  source file: robots.dm,52
runtime error: 
[16:10:22]Cannot execute null.add reagent().
[16:10:22]proc name: Initialize (/obj/effect/decal/cleanable/oil/Initialize)
[16:10:22]  source file: robots.dm,52
runtime error: 
[16:10:22]Cannot execute null.add reagent().
[16:10:22]proc name: Initialize (/obj/effect/decal/cleanable/oil/Initialize)
[16:10:22]  source file: robots.dm,52
runtime error: 
[16:10:22]Cannot execute null.add reagent().
[16:10:22]proc name: Initialize (/obj/effect/decal/cleanable/oil/Initialize)
[16:10:22]  source file: robots.dm,52
runtime error: 
[16:10:22]Cannot execute null.add reagent().
[16:10:22]proc name: Initialize (/obj/effect/decal/cleanable/oil/Initialize)
[16:10:22]  source file: robots.dm,52
runtime error: 
[16:10:22]Cannot execute null.add reagent().
[16:10:22]proc name: Initialize (/obj/effect/decal/cleanable/oil/Initialize)
[16:10:22]  source file: robots.dm,52
runtime error: 
[16:10:22]Cannot execute null.add reagent().
[16:10:22]proc name: Initialize (/obj/effect/decal/cleanable/oil/Initialize)
[16:10:22]  source file: robots.dm,52
runtime error: 
[16:10:22]Cannot execute null.add reagent().
[16:10:22]proc name: Initialize (/obj/effect/decal/cleanable/oil/Initialize)
[16:10:22]  source file: robots.dm,52
runtime error: 
[16:10:22]Cannot execute null.add reagent().
[16:10:22]proc name: Initialize (/obj/effect/decal/cleanable/oil/Initialize)
[16:10:22]  source file: robots.dm,52
runtime error: 
[16:10:22]Cannot execute null.add reagent().
[16:10:22]proc name: Initialize (/obj/effect/decal/cleanable/oil/Initialize)
[16:10:22]  source file: robots.dm,52
runtime error: 
[16:10:22]Cannot execute null.add reagent().
[16:10:22]proc name: Initialize (/obj/effect/decal/cleanable/oil/Initialize)
[16:10:22]  source file: robots.dm,52
runtime error: 
[16:10:23]Cannot execute null.add reagent().
[16:10:23]proc name: Initialize (/obj/effect/decal/cleanable/oil/Initialize)
[16:10:23]  source file: robots.dm,52
runtime error: 
[16:10:23]Cannot execute null.add reagent().
[16:10:23]proc name: Initialize (/obj/effect/decal/cleanable/oil/Initialize)
[16:10:23]  source file: robots.dm,52
runtime error: 
[16:10:23]Cannot execute null.add reagent().
[16:10:23]proc name: Initialize (/obj/effect/decal/cleanable/oil/Initialize)
[16:10:23]  source file: robots.dm,52
runtime error: 
[16:10:23]Cannot execute null.add reagent().
[16:10:23]proc name: Initialize (/obj/effect/decal/cleanable/oil/Initialize)
[16:10:23]  source file: robots.dm,52
runtime error: 
[16:10:23]Cannot execute null.add reagent().
[16:10:23]proc name: Initialize (/obj/effect/decal/cleanable/oil/Initialize)
[16:10:23]  source file: robots.dm,52
runtime error: 
[16:10:24]Cannot execute null.add reagent().
[16:10:24]proc name: Initialize (/obj/effect/decal/cleanable/oil/Initialize)
[16:10:24]  source file: robots.dm,52
runtime error: 
[16:10:24]Cannot execute null.add reagent().
[16:10:24]proc name: Initialize (/obj/effect/decal/cleanable/oil/Initialize)
[16:10:24]  source file: robots.dm,52
runtime error: 
[16:10:24]Cannot execute null.add reagent().
[16:10:24]proc name: Initialize (/obj/effect/decal/cleanable/oil/Initialize)
[16:10:24]  source file: robots.dm,52
runtime error: 
[16:10:24]Cannot execute null.add reagent().
[16:10:24]proc name: Initialize (/obj/effect/decal/cleanable/oil/Initialize)
[16:10:24]  source file: robots.dm,52
runtime error: 
[16:10:24]Cannot execute null.add reagent().
[16:10:24]proc name: Initialize (/obj/effect/decal/cleanable/oil/Initialize)
[16:10:24]  source file: robots.dm,52
runtime error: 
[16:10:24]Cannot execute null.add reagent().
[16:10:24]proc name: Initialize (/obj/effect/decal/cleanable/oil/Initialize)
[16:10:24]  source file: robots.dm,52
runtime error: 
[16:10:24]Cannot execute null.add reagent().
[16:10:24]proc name: Initialize (/obj/effect/decal/cleanable/oil/Initialize)
[16:10:24]  source file: robots.dm,52
runtime error: 
[16:10:24]Cannot execute null.add reagent().
[16:10:24]proc name: Initialize (/obj/effect/decal/cleanable/oil/Initialize)
[16:10:24]  source file: robots.dm,52
runtime error: 
[16:10:24]Cannot execute null.add reagent().
[16:10:24]proc name: Initialize (/obj/effect/decal/cleanable/oil/Initialize)
[16:10:24]  source file: robots.dm,52
runtime error: 
[16:10:25]Cannot execute null.add reagent().
[16:10:25]proc name: Initialize (/obj/effect/decal/cleanable/oil/Initialize)
[16:10:25]  source file: robots.dm,52
runtime error: 
[16:10:25]Cannot execute null.add reagent().
[16:10:25]proc name: Initialize (/obj/effect/decal/cleanable/oil/Initialize)
[16:10:25]  source file: robots.dm,52
runtime error: 
[16:10:25]Cannot execute null.add reagent().
[16:10:25]proc name: Initialize (/obj/effect/decal/cleanable/oil/Initialize)
[16:10:25]  source file: robots.dm,52
runtime error: 
[16:10:26]Cannot execute null.add reagent().
[16:10:26]proc name: Initialize (/obj/effect/decal/cleanable/oil/Initialize)
[16:10:26]  source file: robots.dm,52
runtime error: 
[16:10:26]Cannot execute null.add reagent().
[16:10:26]proc name: Initialize (/obj/effect/decal/cleanable/oil/Initialize)
[16:10:26]  source file: robots.dm,52
runtime error: 
[16:10:26]Cannot execute null.add reagent().
[16:10:26]proc name: Initialize (/obj/effect/decal/cleanable/oil/Initialize)
[16:10:26]  source file: robots.dm,52
runtime error: 
[16:10:26]Cannot execute null.add reagent().
[16:10:26]proc name: Initialize (/obj/effect/decal/cleanable/oil/Initialize)
[16:10:26]  source file: robots.dm,52
runtime error: 
[16:10:26]Cannot execute null.add reagent().
[16:10:26]proc name: Initialize (/obj/effect/decal/cleanable/oil/Initialize)
[16:10:26]  source file: robots.dm,52
runtime error: 
[16:10:26]Cannot execute null.add reagent().
[16:10:26]proc name: Initialize (/obj/effect/decal/cleanable/oil/Initialize)
[16:10:26]  source file: robots.dm,52
runtime error: 
[16:10:26]Cannot execute null.add reagent().
[16:10:26]proc name: Initialize (/obj/effect/decal/cleanable/oil/Initialize)
[16:10:26]  source file: robots.dm,52
runtime error: 
[16:10:27]Cannot execute null.add reagent().
[16:10:27]Warning: further proc crash messages are being suppressed to prevent overload...
runtime error: 
[16:10:28]Undefined variable /obj/item/rupee/var/swimming

runtime error: 
[16:10:28]Undefined variable /obj/item/rupee/var/swimming

runtime error: 
[16:10:28]Undefined variable /obj/item/rupee/var/swimming

runtime error: 
[16:10:28]Undefined variable /obj/structure/signpost/salvation/var/swimming

runtime error: 
[16:10:29]Undefined variable /obj/item/rupee/var/swimming

runtime error: 
[16:10:29]Undefined variable /obj/item/rupee/var/swimming

runtime error: 
[16:10:29]Undefined variable /obj/item/rupee/var/swimming

runtime error: 
[16:10:29]Undefined variable /obj/item/rupee/var/swimming

runtime error: 
[16:10:29]Undefined variable /obj/item/rupee/var/swimming

runtime error: 
[16:10:29]Undefined variable /obj/item/rupee/var/swimming

runtime error: 
[16:10:29]Undefined variable /obj/effect/landmark/error/var/swimming

runtime error: 
[16:10:29]Undefined variable /obj/item/rupee/var/swimming

runtime error: 
[16:10:29]Undefined variable /obj/item/rupee/var/swimming

runtime error: 
[16:10:29]Undefined variable /obj/item/rupee/var/swimming

runtime error: 
[16:10:29]Undefined variable /obj/item/rupee/var/swimming

runtime error: 
[16:10:29]Undefined variable /obj/item/rupee/var/swimming

runtime error: 
[16:10:29]Undefined variable /obj/item/rupee/var/swimming

runtime error: 
[16:10:29]Undefined variable /obj/item/rupee/var/swimming

runtime error: 
[16:10:29]Undefined variable /obj/item/rupee/var/swimming

runtime error: 
[16:10:29]Undefined variable /obj/item/rupee/var/swimming

runtime error: 
[16:10:29]Undefined variable /obj/item/rupee/var/swimming

runtime error: 
[16:10:29]Undefined variable /obj/item/rupee/var/swimming

runtime error: 
[16:10:29]Undefined variable /obj/item/rupee/var/swimming

runtime error: 
[16:10:29]Undefined variable /obj/item/rupee/var/swimming

runtime error: 
[16:10:29]Undefined variable /obj/item/rupee/var/swimming

runtime error: 
[16:10:29]Undefined variable /obj/item/rupee/var/swimming

runtime error: 
[16:10:29]Undefined variable /obj/item/rupee/var/swimming

runtime error: 
[16:10:29]Undefined variable /obj/item/rupee/var/swimming

runtime error: 
[16:10:29]Undefined variable /obj/item/rupee/var/swimming

runtime error: 
[16:10:29]Undefined variable /obj/item/rupee/var/swimming

runtime error: 
[16:10:29]Undefined variable /obj/item/rupee/var/swimming

runtime error: 
[16:10:29]Undefined variable /obj/item/rupee/var/swimming

runtime error: 
[16:10:29]Undefined variable /obj/item/rupee/var/swimming

runtime error: 
[16:10:29]Undefined variable /obj/item/rupee/var/swimming

runtime error: 
[16:10:29]Undefined variable /obj/item/rupee/var/swimming

runtime error: 
[16:10:29]Undefined variable /obj/item/rupee/var/swimming

runtime error: 
[16:10:29]Undefined variable /obj/item/rupee/var/swimming

runtime error: 
[16:10:29]Undefined variable /obj/item/rupee/var/swimming

runtime error: 
[16:10:29]Undefined variable /obj/item/rupee/var/swimming

runtime error: 
[16:10:29]Undefined variable /obj/item/rupee/var/swimming

runtime error: 
[16:10:29]Undefined variable /obj/item/rupee/var/swimming

runtime error: 
[16:10:29]Undefined variable /obj/item/rupee/var/swimming

runtime error: 
[16:10:29]Undefined variable /obj/item/rupee/var/swimming

runtime error: 
[16:10:29]Undefined variable /obj/item/rupee/var/swimming

runtime error: 
[16:10:29]Undefined variable /obj/item/rupee/var/swimming

runtime error: 
[16:10:29]Undefined variable /obj/item/rupee/var/swimming

runtime error: 
[16:10:29]Undefined variable /obj/item/rupee/var/swimming

runtime error: 
[16:10:29]Undefined variable /obj/structure/speaking_tile/var/swimming

runtime error: 
[16:10:29]Undefined variable /obj/machinery/abductor/gland_dispenser/var/swimming

runtime error: 
[16:10:29]Undefined variable /obj/structure/table/abductor/var/swimming

runtime error: 
[16:10:29]Undefined variable /obj/item/surgicaldrill/alien/var/swimming

runtime error: 
[16:10:29]undefined proc or verb /mob/living/simple_animal/bot/medbot/mysterious/remove overlay().

runtime error: 
[16:10:29]undefined proc or verb /mob/living/simple_animal/hostile/creature/remove overlay().

runtime error: 
[16:10:29]undefined proc or verb /mob/living/simple_animal/hostile/carp/cayenne/remove overlay().

runtime error: 
[16:10:30]undefined proc or verb /mob/dead/new_player/remove overlay().

runtime error: 
[16:10:32]Cannot execute null.add reagent().
runtime error: 
[16:10:32]Cannot execute null.add reagent().
runtime error: 
[16:10:32]Cannot execute null.add reagent().
runtime error: 
[16:10:32]Cannot execute null.add reagent().
runtime error: 
[16:10:32]Cannot execute null.add reagent().
runtime error: 
[16:10:33]undefined proc or verb /mob/living/simple_animal/bot/medbot/remove overlay().

runtime error: 
[16:10:33]undefined proc or verb /mob/living/simple_animal/cockroach/remove overlay().

runtime error: 
[16:10:33]undefined proc or verb /mob/living/simple_animal/cockroach/remove overlay().

runtime error: 
[16:10:33]undefined proc or verb /mob/living/simple_animal/cockroach/remove overlay().

runtime error: 
[16:10:33]undefined proc or verb /mob/living/simple_animal/cockroach/remove overlay().

runtime error: 
[16:10:33]undefined proc or verb /mob/living/simple_animal/cockroach/remove overlay().

runtime error: 
[16:10:33]undefined proc or verb /mob/living/simple_animal/pet/cat/Runtime/remove overlay().

runtime error: 
[16:10:33]undefined proc or verb /mob/living/simple_animal/cockroach/remove overlay().

runtime error: 
[16:10:33]undefined proc or verb /mob/living/simple_animal/pet/dog/pug/remove overlay().

runtime error: 
[16:10:33]undefined proc or verb /mob/living/simple_animal/cockroach/remove overlay().

runtime error: 
[16:10:33]undefined proc or verb /mob/living/simple_animal/cockroach/remove overlay().

runtime error: 
[16:10:33]undefined proc or verb /mob/living/simple_animal/cockroach/remove overlay().

runtime error: 
[16:10:34]undefined proc or verb /mob/living/simple_animal/slime/remove overlay().

runtime error: 
[16:10:34]undefined proc or verb /mob/living/simple_animal/slime/remove overlay().

runtime error: 
[16:10:34]undefined proc or verb /mob/living/simple_animal/slime/remove overlay().

runtime error: 
[16:10:34]undefined proc or verb /mob/living/simple_animal/cockroach/remove overlay().

runtime error: 
[16:10:34]undefined proc or verb /mob/living/simple_animal/cockroach/remove overlay().

runtime error: 
[16:10:34]undefined proc or verb /mob/living/simple_animal/pet/dog/corgi/Ian/remove overlay().

runtime error: 
[16:10:34]undefined proc or verb /mob/living/simple_animal/bot/secbot/pingsky/remove overlay().

runtime error: 
[16:10:34]undefined proc or verb /mob/living/simple_animal/parrot/Poly/remove overlay().

runtime error: 
[16:10:34]undefined proc or verb /mob/living/simple_animal/bot/secbot/beepsky/remove overlay().

runtime error: 
[16:10:35]undefined proc or verb /mob/living/simple_animal/pet/fox/Renault/remove overlay().

runtime error: 
[16:10:35]undefined proc or verb /mob/living/simple_animal/hostile/carp/cayenne/remove overlay().

runtime error: 
[16:10:35]undefined proc or verb /mob/living/simple_animal/cockroach/remove overlay().

runtime error: 
[16:10:35]undefined proc or verb /mob/living/simple_animal/hostile/retaliate/goat/remove overlay().

runtime error: 
[16:10:35]undefined proc or verb /mob/living/simple_animal/sloth/citrus/remove overlay().

runtime error: 
[16:10:35]undefined proc or verb /mob/living/simple_animal/cockroach/remove overlay().

runtime error: 
[16:10:35]undefined proc or verb /mob/living/simple_animal/mouse/remove overlay().

runtime error: 
[16:10:35]undefined proc or verb /mob/living/simple_animal/mouse/remove overlay().

runtime error: 
[16:10:36]undefined proc or verb /mob/living/simple_animal/bot/mulebot/remove overlay().

runtime error: 
[16:10:36]undefined proc or verb /mob/living/simple_animal/bot/mulebot/remove overlay().

runtime error: 
[16:10:36]undefined proc or verb /mob/living/simple_animal/cockroach/remove overlay().

runtime error: 
[16:10:36]undefined proc or verb /mob/living/simple_animal/hostile/lizard/remove overlay().

runtime error: 
[16:10:36]undefined proc or verb /mob/living/simple_animal/cockroach/remove overlay().

runtime error: 
[16:10:36]undefined proc or verb /mob/living/simple_animal/cockroach/remove overlay().

runtime error: 
[16:10:36]undefined proc or verb /mob/living/simple_animal/cockroach/remove overlay().

runtime error: 
[16:10:38]undefined proc or verb /mob/living/simple_animal/hostile/asteroid/hivelord/legion/random/remove overlay().

runtime error: 
[16:10:38]undefined proc or verb /mob/living/simple_animal/hostile/asteroid/hivelord/legion/random/remove overlay().

runtime error: 
[16:10:38]undefined proc or verb /mob/living/simple_animal/hostile/asteroid/basilisk/watcher/random/remove overlay().

runtime error: 
[16:10:38]undefined proc or verb /mob/living/simple_animal/hostile/asteroid/basilisk/watcher/random/remove overlay().

runtime error: 
[16:10:38]undefined proc or verb /mob/living/simple_animal/bot/secbot/beepsky/remove overlay().

runtime error: 
[16:10:38]undefined proc or verb /mob/living/simple_animal/hostile/asteroid/hivelord/legion/random/remove overlay().

runtime error: 
[16:10:38]undefined proc or verb /mob/living/simple_animal/hostile/asteroid/goliath/beast/random/remove overlay().

runtime error: 
[16:10:39]undefined proc or verb /mob/living/simple_animal/hostile/asteroid/goliath/beast/random/remove overlay().

runtime error: 
[16:10:39]undefined proc or verb /mob/living/simple_animal/hostile/asteroid/basilisk/watcher/random/remove overlay().

runtime error: 
[16:10:39]undefined proc or verb /mob/living/simple_animal/hostile/asteroid/hivelord/legion/random/remove overlay().

runtime error: 
[16:10:39]undefined proc or verb /mob/living/simple_animal/hostile/asteroid/goliath/beast/random/remove overlay().

Initialized 1.48424e+006 atoms
Initialized Atoms subsystem within 36.1 seconds!
Initialized Language subsystem within 0 seconds!
Initialized Machines subsystem within 0.5 seconds!
Initialized Circuit subsystem within 0 seconds!
Initialized Weather subsystem within 0 seconds!
## WARNING: There are 703 active turfs at roundstart, this is a mapping error caused by a difference of the air between the adjacent turfs. You can see its coordinates using "Mapping -> Show roundstart AT list" verb (debug verbs required)
## WARNING: HEY! LISTEN! 3 seconds were wasted processing 703 turf(s) (connected to 76182 other turfs) with atmos differences at round start.
## WARNING: build_pipeline(): /obj/machinery/atmospherics/pipe/simple/supply/hidden added to a pipenet while still having one. (pipes leading to the same spot stacking in one turf) Nearby: (187, 161, 2)
## WARNING: build_pipeline(): /obj/machinery/atmospherics/pipe/simple/supply/hidden added to a pipenet while still having one. (pipes leading to the same spot stacking in one turf) Nearby: (187, 162, 2)
## WARNING: build_pipeline(): /obj/machinery/atmospherics/pipe/simple/supply/hidden added to a pipenet while still having one. (pipes leading to the same spot stacking in one turf) Nearby: (187, 160, 2)
## WARNING: build_pipeline(): /obj/machinery/atmospherics/pipe/simple/supply/hidden added to a pipenet while still having one. (pipes leading to the same spot stacking in one turf) Nearby: (186, 162, 2)
## WARNING: build_pipeline(): /obj/machinery/atmospherics/pipe/simple/supply/hidden added to a pipenet while still having one. (pipes leading to the same spot stacking in one turf) Nearby: (187, 159, 2)
## WARNING: build_pipeline(): /obj/machinery/atmospherics/pipe/simple/supply/hidden added to a pipenet while still having one. (pipes leading to the same spot stacking in one turf) Nearby: (185, 162, 2)
## WARNING: build_pipeline(): /obj/machinery/atmospherics/pipe/simple/supply/hidden added to a pipenet while still having one. (pipes leading to the same spot stacking in one turf) Nearby: (187, 158, 2)
## WARNING: build_pipeline(): /obj/machinery/atmospherics/pipe/simple/supply/hidden added to a pipenet while still having one. (pipes leading to the same spot stacking in one turf) Nearby: (184, 162, 2)
## WARNING: build_pipeline(): /obj/machinery/atmospherics/pipe/manifold/supply/hidden added to a pipenet while still having one. (pipes leading to the same spot stacking in one turf) Nearby: (187, 157, 2)
## WARNING: build_pipeline(): /obj/machinery/atmospherics/pipe/manifold/supply/hidden added to a pipenet while still having one. (pipes leading to the same spot stacking in one turf) Nearby: (183, 162, 2)
## WARNING: build_pipeline(): further messages about pipenets will be supressed
Initialized Atmospherics subsystem within 17.6 seconds!
Initialized Minimap subsystem within 0 seconds!
Initialized Assets subsystem within 0.2 seconds!
Initialized Icon Smoothing subsystem within 1.6 seconds!
Initialized Overlay subsystem within 9 seconds!
Initialized XKeyScore subsystem within 0 seconds!
Initialized Lighting subsystem within 8.4 seconds!
## WARNING: couldn't find dock with id: whiteship_away in code/controllers/subsystem/shuttle.dm at line 190 src: Shuttle usr: .
Initialized Shuttle subsystem within 35.6 seconds!
Initialized Squeak subsystem within 0 seconds!
Loaded 0 engraved messages on map Delta Station
Initialized Persistence subsystem within 0.1 seconds!
Initializations complete within 177.8 seconds!
Game start took 0s
## WARNING: A ref was requested of an object with use_tag set but no tag: Noober84555 in code/__HELPERS/unsorted.dm at line 1500 src:  usr: Noober84555.
runtime error: 
[16:12:15]Cannot read null.key
runtime error: 
[16:12:15]Cannot read null.martial_art
runtime error: 
[16:12:16]Cannot read null.martial_art
### VarEdit by Noober84555/(Gamers): /turf/open/space/basic light_power=0.25 => 2
### VarEdit by Noober84555/(Gamers): /turf/open/space/basic light_power=2 => 4
### VarEdit by Noober84555/(Gamers): /turf/open/space/basic light_color= => #FF8080
### VarEdit by Noober84555/(Gamers): /turf/open/space/basic light_color=#FF8080 => #8080FF
### VarEdit by Noober84555/(Gamers): /turf/open/space/basic light_color=#8080FF => #A0A0FF
### VarEdit by Noober84555/(Gamers): /turf/open/space/basic light_color=#A0A0FF => #D0D0FF
### VarEdit by Noober84555/(Gamers): /turf/open/space/basic light_power=4 => 2
