

Starting up round ID . 16:43:39
---------------------
[16:43:39]ADMIN: Loading Banlist
[16:43:40]GAME: Saved mode is 'sandbox'
[16:43:41]ACCESS: Login: AlcaroIsAFrick from 127.0.0.1-1817465521 || BYOND v511
[16:43:41]ACCESS: Mob Login: AlcaroIsAFrick/(AlcaroIsAFrick) was assigned to a /mob/dead/new_player
[16:43:44]ACCESS: Login: GimmesumsuccPls from 74.88.64.247-3169572192 || BYOND v511
[16:43:44]ACCESS: Mob Login: GimmesumsuccPls/(GimmesumsuccPls) was assigned to a /mob/dead/new_player
[16:43:47]ACCESS: Login: Krupks2017 from 176.111.248.226-2469485914 || BYOND v512
[16:43:47]ACCESS: Mob Login: Krupks2017/(Krupks2017) was assigned to a /mob/dead/new_player
[16:43:57]ACCESS: Logout: Reese4221
[16:44:19]GAME: Hierophant's Arena loaded at at 85,94,5
[16:44:19]GAME: Syndicate Lava Base loaded at at 183,130,5
[16:44:19]GAME: UFO Crash loaded at at 81,193,5
[16:44:19]GAME: Ripley loaded at at 147,95,5
[16:44:20]GAME: Blood-Drunk Miner (Hunter) loaded at at 211,31,5
[16:44:20]GAME: Ruined Pizza Party loaded at at 34,142,5
[16:44:20]GAME: Free Golem Ship loaded at at 131,40,5
[16:44:20]GAME: Ruin of Sloth loaded at at 140,78,5
[16:44:20]GAME: Biodome Beach loaded at at 113,152,5
[16:44:21]GAME: Derelict 3 loaded at at 93,39,11
[16:44:21]GAME: Disposal Facility 17 loaded at at 74,29,10
[16:44:21]GAME: Crashed Clown Ship loaded at at 198,166,11
[16:44:21]GAME: Biological Storage Facility loaded at at 134,40,7
[16:44:21]GAME: Crashed Ship loaded at at 34,56,3
[16:44:21]GAME: Empty Shell loaded at at 23,134,3
[16:44:22]GAME: Survivalist Bunker loaded at at 175,24,7
[16:44:22]GAME: Aesthetic Outpost loaded at at 133,196,4
[16:44:22]GAME: Derelict 6 loaded at at 48,50,11
[16:44:23]GAME: Kosmicheskaya Stantsiya 13 loaded at at 151,56,10
[16:44:24]ADMIN: AlcaroIsAFrick/(AlcaroIsAFrick) has toggled the server's hub status for the round, it is now off the hub.
[16:44:24]GAME: Ancient Space Station loaded at at 90,42,9
[16:44:24]GAME: Asteroid 2 loaded at at 66,212,4
[16:44:25]GAME: Syndicate Ambush loaded at at 105,161,10
[16:44:25]GAME: Dinner for Two loaded at at 149,153,4
[16:44:25]GAME: Ordinary Space Tile loaded at at 26,87,11
[16:44:25]GAME: NT Medical Ship loaded at at 187,211,4
[16:44:25]ADMIN: AlcaroIsAFrick/(AlcaroIsAFrick) has toggled the server's hub status for the round, it is now on the hub.
[16:44:32]ACCESS: Login: Reese4221 from 174.3.0.197-3349096358 || BYOND v511
[16:44:32]ACCESS: Mob Login: Reese4221/(Reese4221) was assigned to a /mob/dead/new_player
[16:44:32]ACCESS: Login: Ss13nerd from 173.202.80.254-1958543335 || BYOND v511
[16:44:33]ACCESS: Mob Login: Ss13nerd/(Ss13nerd) was assigned to a /mob/dead/new_player
[16:44:36]ACCESS: Login: TheSpaghetti from 184.89.151.44-16551276 || BYOND v511
[16:44:36]ACCESS: Mob Login: TheSpaghetti/(TheSpaghetti) was assigned to a /mob/dead/new_player
[16:44:56]ACCESS: Login: Deranging from 75.68.166.243-2869764338 || BYOND v512
[16:44:56]ACCESS: Mob Login: Deranging/(Deranging) was assigned to a /mob/dead/new_player
[16:45:41]ADMIN: GimmesumsuccPls/(GimmesumsuccPls) jumped to Abandoned Zoo
[16:46:22]ACCESS: Logout: GimmesumsuccPls/(GimmesumsuccPls)
[16:46:24]ACCESS: Login: Blackbox064 from 190.219.87.73-264158843 || BYOND v511
[16:46:24]ACCESS: Mob Login: Blackbox064/(Blackbox064) was assigned to a /mob/dead/new_player
[16:46:36]ACCESS: Login: GimmesumsuccPls from 74.88.64.247-3169572192 || BYOND v511
[16:46:36]ACCESS: Mob Login: GimmesumsuccPls/(GimmesumsuccPls) was assigned to a /mob/dead/new_player
[16:47:40]ACCESS: Mob Login: Reese4221/(Z-1) was assigned to a /mob/living/silicon/robot
[16:47:40]ACCESS: Mob Login: Ss13nerd/(Janette Milne) was assigned to a /mob/living/carbon/human
[16:47:40]ACCESS: Mob Login: Deranging/(eat pant) was assigned to a /mob/living/carbon/human
[16:47:43]SAY: Medibot/ : I knew it, I should&#39;ve been a plastic surgeon. (154,73,1)
[16:47:43]GAME: Explosion with size (0, 1, 5, 0) in area Unexplored Location (157,198,10)
[16:47:44]GAME: Explosion with size (0, 1, 5, 0) in area Unexplored Location (157,197,10)
[16:47:44]ACCESS: Mob Login: AlcaroIsAFrick/(Jake Paul) was assigned to a /mob/living/carbon/human
[16:47:45]ACCESS: Mob Login: TheSpaghetti/(ghost) was assigned to a /mob/dead/observer
[16:47:45]ACCESS: Mob Login: GimmesumsuccPls/(ghost) was assigned to a /mob/dead/observer
[16:47:46]EMOTE: *no key*/(monkey (808)) : <b>The monkey (808)</b> jumps! (167,79,2)
[16:47:50]SAY: Officer Beepsky/ : Engaging patrol mode. (193,130,2)
[16:47:50]SAY: Prison Ofitser/ : Engaging patrol mode. (23,36,5)
[16:47:50]SAY: Prison Ofitser/ : Disengaging patrol mode. (23,36,5)
[16:47:52]EMOTE: *no key*/(monkey (99)) : <b>The monkey (99)</b> waves his tail. (199,135,5)
[16:47:55]ADMIN: Ss13nerd/(Janette Milne) admin ghosted.
[16:47:55]ACCESS: Mob Login: Ss13nerd/(Janette Milne) was assigned to a /mob/dead/observer
[16:47:55]ADMIN: AlcaroIsAFrick/(Jake Paul) admin ghosted.
[16:47:55]ACCESS: Mob Login: AlcaroIsAFrick/(Jake Paul) was assigned to a /mob/dead/observer
[16:48:01]EMOTE: *no key*/(Pegwing) : <b>Pegwing</b> turns and flies towards the gold coin. (165,200,10)
[16:48:02]EMOTE: *no key*/(monkey (16)) : <b>The monkey (16)</b> waves his tail. (216,148,5)
[16:48:03]SAY: Medibot/ : Radar, put a mask on! (154,73,1)
[16:48:04]ADMIN: AlcaroIsAFrick/(Jake Paul) jumped to TheSpaghetti/(Euphemia Reichard)
[16:48:06]EMOTE: *no key*/(monkey (497)) : <b>The monkey (497)</b> jumps! (192,59,2)
[16:48:06]ADMIN: Ss13nerd/(Janette Milne) deleted Janette Milne at (130, 113, 2)
[16:48:09]EMOTE: *no key*/(Runtime) : <b>Runtime</b> grooms its fur. (174,79,2)
[16:48:12]GAME: thespaghetti became a free golem
[16:48:12]ACCESS: Mob Login: thespaghetti/(a free golem) was assigned to a /mob/living/carbon/human
[16:48:13]ADMINPRIVATE: PM: Ss13nerd/(Janette Milne)->TheSpaghetti/(Adamantine Orthoclase): henlo
[16:48:13]EMOTE: *no key*/(Runtime) : <b>Runtime</b> shakes out its coat. (175,79,2)
[16:48:18]ACCESS: Mob Login: Krupks2017/(Armando Elderson) was assigned to a /mob/living/carbon/human
[16:48:35]EMOTE: *no key*/(Runtime) : <b>Runtime</b> twitches its whiskers. (175,78,2)
[16:48:41]EMOTE: *no key*/(Citrus) : <b>Citrus</b> looks around sleepily. (176,160,2)
[16:48:42]EMOTE: *no key*/(Mojo III) : <b>Mojo III</b> jumps! (146,155,2)
[16:48:44]EMOTE: *no key*/(Mojo III) : <b>Mojo III</b> rolls. (168,240,2)
[16:48:46]SAY: Nobody's Perfect/ : What kind of medbay is this? Everyone&#39;s dropping like flies. (24,75,1)
[16:48:49]ADMIN: AlcaroIsAFrick/(Jake Paul) jumped to thespaghetti/(Adamantine Orthoclase)
[16:48:53]ADMIN: Ss13nerd/(Janette Milne) attempting to monkeyize and infect thespaghetti/(Adamantine Orthoclase)
[16:48:55]ACCESS: Mob Login: thespaghetti/(monkey (173)) was assigned to a /mob/living/carbon/monkey
[16:49:02]EMOTE: *no key*/(Ian) : <b>Ian</b> chases its tail. (144,122,2)
[16:49:24]ADMIN: GimmesumsuccPls/(Akatsuki) has triggered an event. (Spacevine)
[16:49:24]ADMIN: GimmesumsuccPls/(Akatsuki) has triggered an event. (Meteor Wave: Catastrophic)
[16:49:26]EMOTE: *no key*/(Poly) : <b>Poly</b> looks in the BreatheDeep cartridge's direction and takes flight. (87,130,2)
[16:49:27]EMOTE: *no key*/(Mojo III) : <b>Mojo III</b> rolls. (169,239,2)
[16:49:28]SAY: Nobody's Perfect/ : There&#39;s always a catch, and I&#39;m the best there is. (24,75,1)
[16:49:33]EMOTE: *no key*/(Runtime) : <b>Runtime</b> grooms its fur. (176,78,2)
[16:49:36]EMOTE: *no key*/(monkey (300)) : <b>The monkey (300)</b> rolls. (215,152,5)
[16:49:37]ACCESS: Logout: TheSpaghetti/(monkey (173))
[16:49:39]EMOTE: *no key*/(monkey (300)) : <b>The monkey (300)</b> waves her tail. (200,135,5)
[16:49:42]ADMIN: GimmesumsuccPls/(Akatsuki) has triggered an event. (Spacevine)
[16:49:53]EMOTE: *no key*/(monkey (554)) : <b>The monkey (554)</b> rolls. (167,81,2)
[16:50:02]SAY: emergency medibot/ : I knew it, I should&#39;ve been a plastic surgeon. (222,84,1)
[16:50:07]ACCESS: Logout: GimmesumsuccPls/(Akatsuki)
[16:50:07]SAY: Medibot/ : I knew it, I should&#39;ve been a plastic surgeon. (155,73,1)
[16:50:09]SAY: Poly/ : Breaking news from Station Announcements! (87,130,2)
[16:50:10]EMOTE: *no key*/(monkey (933)) : <b>The monkey (933)</b> waves his tail. (212,152,5)
[16:50:10]EMOTE: *no key*/(grey baby slime (186)) : <b>The grey baby slime (186)</b> jiggles! (112,102,2)
[16:50:12]SAY: Pegwing/ : Hello! (171,196,10)
[16:50:12]SAY: Swanson/ : AUUUUUU (112,82,2)
[16:50:16]EMOTE: thespaghetti[DC]/(monkey (173)) : <b>The monkey (173)</b> lets out a faint chimper as it collapses and stops moving... (135,53,5)
[16:50:17]ACCESS: Mob Login: AlcaroIsAFrick/(Jake Paul) was assigned to a /mob/living/carbon/human
[16:50:18]EMOTE: *no key*/(Citrus) : <b>Citrus</b> stops moving... (179,162,2)
[16:50:24]ADMIN: AlcaroIsAFrick/(Jake Paul) stopped all currently playing sounds.
[16:50:26]EMOTE: *no key*/(monkey (300)) : <b>The monkey (300)</b> scratches. (216,152,5)
[16:50:30]GAME: Explosion with size (2, 4, 6, 0) in area Space (41,114,2)
[16:50:31]SAY: Medibot/ : Delicious! (155,73,1)
[16:50:31]SAY: mouse/ : Squeek! (207,165,2)
[16:50:32]GAME: Explosion with size (2, 4, 6, 0) in area Space (41,126,2)
[16:50:32]GAME: Explosion with size (2, 4, 6, 0) in area AI Satellite Exterior (41,125,2)
[16:50:33]EMOTE: *no key*/(Mojo III) : <b>Mojo III</b> scratches. (167,239,2)
[16:50:33]GAME: Explosion with size (2, 4, 6, 0) in area AI Satellite Antechamber (41,131,2)
[16:50:37]EMOTE: *no key*/(Poly) : <b>Poly</b> looks in the BreatheDeep cartridge's direction and takes flight. (87,130,2)
[16:50:43]GAME: Explosion with size (2, 4, 6, 0) in area Space (41,195,2)
[16:50:43]EMOTE: *no key*/(monkey (808)) : <b>The monkey (808)</b> jumps! (167,80,2)
[16:50:43]GAME: Explosion with size (2, 4, 6, 0) in area Space (41,195,2)
[16:50:43]GAME: Explosion with size (2, 4, 6, 0) in area Space (41,195,2)
[16:50:44]EMOTE: *no key*/(crab) : <b>The crab</b> clacks. (138,43,7)
[16:50:44]GAME: Explosion with size (2, 4, 6, 0) in area Space (41,195,2)
[16:50:46]EMOTE: *no key*/(monkey (124)) : <b>The monkey (124)</b> rolls. (194,58,2)
[16:50:50]EMOTE: *no key*/(Mojo III) : <b>Mojo III</b> rolls. (167,239,2)
[16:50:50]EMOTE: *no key*/(Officer Beepsky) : <b>Officer Beepsky</b> stops moving... 
[16:50:51]ACCESS: Login: GimmesumsuccPls from 74.88.64.247-3169572192 || BYOND v511
[16:50:51]ACCESS: Mob Login: GimmesumsuccPls/(Akatsuki) was assigned to a /mob/dead/observer
[16:50:52]EMOTE: *no key*/(Mojo III) : <b>Mojo III</b> scratches. (167,239,2)
[16:50:57]EMOTE: *no key*/(Poly) : <b>Poly</b> bawks! (87,130,2)
[16:50:57]SAY: Renault/ : Awoo (159,133,2)
[16:51:01]EMOTE: *no key*/(monkey (400)) : <b>The monkey (400)</b> rolls. (195,58,2)
[16:51:02]SAY: Pegwing/ : Cracker? (171,196,10)
[16:51:03]ADMIN: Ss13nerd/(Janette Milne) gave Deranging/(eat pant) the disease /datum/disease/transformation/robot.
[16:51:03]EMOTE: *no key*/(monkey (300)) : <b>The monkey (300)</b> scratches. (216,152,5)
[16:51:22]EMOTE: *no key*/(monkey (933)) : <b>The monkey (933)</b> scratches. (212,152,5)
[16:51:22]EMOTE: *no key*/(Mojo III) : <b>Mojo III</b> jumps! (167,239,2)
[16:51:23]SAY: Medibot/ : There&#39;s always a catch, and I&#39;m the best there is. (154,73,1)
[16:51:26]SAY: eat pant/Deranging : Hello. It is me, your subconscious (158,104,2)
[16:51:26]ADMIN: Ss13nerd/(Janette Milne) forced Deranging/(eat pant) to say: Hello. It is me, your subconscious
[16:51:28]EMOTE: *no key*/(Runtime) : <b>Runtime</b> grooms its fur. (175,77,2)
[16:51:38]SAY: eat pant/Deranging : Beep, boop (153,163,2)
[16:51:40]SAY: eat pant/Deranging : I do not like you killing people stop or I blow up your brain (153,163,2)
[16:51:40]ADMIN: Ss13nerd/(Janette Milne) forced Deranging/(eat pant) to say: I do not like you killing people stop or I blow up your brain
[16:51:47]GAME: Explosion with size (2, 4, 6, 0) in area Morgue (156,76,2)
[16:51:48]GAME: Explosion with size (2, 4, 6, 0) in area Morgue (156,77,2)
[16:51:52]GAME: Explosion with size (2, 4, 6, 0) in area Aft Primary Hallway (151,84,2)
[16:51:52]GAME: Explosion with size (2, 4, 6, 0) in area Aft Primary Hallway (150,90,2)
[16:51:53]GAME: Explosion with size (2, 4, 6, 0) in area Aft Primary Hallway (151,82,2)
[16:51:54]SAY: eat pant/Deranging : ow (142,147,2)
[16:52:02]SAY: eat pant/Deranging : ow I&#39;m gonna explode to death (133,113,2)
[16:52:02]ADMIN: Ss13nerd/(Janette Milne) has possessed the officer's sabre (/obj/item/melee/sabre) at (133, 148, 2)
[16:52:03]EMOTE: *no key*/(Runtime) : <b>Runtime</b> shakes its head (176,77,2)
[16:52:04]SAY: Ghost/Ss13nerd : ITS ME (133,148,2)
[16:52:12]GAME: Explosion with size (0, 1, 5, 5) in area Mech Bay (149,81,2)
[16:52:16]EMOTE: *no key*/(Poly) : <b>Poly</b> looks in the BreatheDeep cartridge's direction and takes flight. (87,130,2)
[16:52:19]EMOTE: *no key*/(Runtime) : <b>Runtime</b> grooms its fur. (176,76,2)
[16:52:21]SAY: eat pant/Deranging : I wwwaaannntt tttoo dddiiieeee... (149,116,2)
[16:52:23]EMOTE: *no key*/(crab) : <b>The crab</b> clicks. (121,164,5)
[16:52:26]SAY: eat pant/Deranging : Boop bop boop beep. (149,117,2)
[16:52:28]SAY: emergency medibot/ : Delicious! (222,84,1)
[16:52:35]SAY: eat pant/Deranging : I wwwaaannntt tttoo dddiiieeee... (150,117,2)
[16:52:37]EMOTE: *no key*/(Pegwing) : <b>Pegwing</b> flutters its wings. (171,196,10)
