

Starting up round ID . 12:47:04
---------------------
Initialized Blackbox subsystem within 0 seconds!
Initialized Server Tasks subsystem within 0 seconds!
Initialized Events subsystem within 0 seconds!
runtime error: 
[12:47:05]cannot read from list
[12:47:05]proc name: LoadJobs (/datum/controller/subsystem/job/proc/LoadJobs)
[12:47:05]  source file: job.dm,448
[12:47:05]  usr: null
[12:47:05]  src: Jobs (/datum/controller/subsystem/job)
[12:47:05]  call stack:
[12:47:05]Jobs (/datum/controller/subsystem/job): LoadJobs()
[12:47:05]Jobs (/datum/controller/subsystem/job): Initialize(604251)
[12:47:05]Master (/datum/controller/master): Initialize(10, 0)
Initialized Jobs subsystem within 0 seconds!
Initialized Ticker subsystem within 0 seconds!
Loading Delta Station...
## WARNING: A ref was requested of an object with use_tag set but no tag: the new player in code/__HELPERS/unsorted.dm at line 1500 src:  usr: the new player.
runtime error: 
[12:47:24]Cannot read null.holder
[12:47:24]proc name: CanBuild (/mob/proc/CanBuild)
[12:47:24]  source file: h_sandbox.dm,12
[12:47:24]  usr: (src)
[12:47:24]  src: the new player (/mob/dead/new_player)
[12:47:24]  src.loc: null
[12:47:24]  call stack:
[12:47:24]the new player (/mob/dead/new_player): CanBuild()
[12:47:24]the new player (/mob/dead/new_player): New(null)
[12:47:24]the new player (/mob/dead/new_player): New(null)
[12:47:24]ZyneBR (/client): New(null)
## WARNING: A ref was requested of an object with use_tag set but no tag: the new player in code/__HELPERS/unsorted.dm at line 1500 src:  usr: the new player.
runtime error: 
[12:47:27]Cannot read null.holder
[12:47:27]proc name: CanBuild (/mob/proc/CanBuild)
[12:47:27]  source file: h_sandbox.dm,12
[12:47:27]  usr: (src)
[12:47:27]  src: the new player (/mob/dead/new_player)
[12:47:27]  src.loc: null
[12:47:27]  call stack:
[12:47:27]the new player (/mob/dead/new_player): CanBuild()
[12:47:27]the new player (/mob/dead/new_player): New(null)
[12:47:27]the new player (/mob/dead/new_player): New(null)
[12:47:27]ZyneBR (/client): New(null)
## WARNING: A ref was requested of an object with use_tag set but no tag: the new player in code/__HELPERS/unsorted.dm at line 1500 src:  usr: the new player.
runtime error: 
[12:47:33]Cannot read null.holder
[12:47:33]proc name: CanBuild (/mob/proc/CanBuild)
[12:47:33]  source file: h_sandbox.dm,12
[12:47:33]  usr: (src)
[12:47:33]  src: the new player (/mob/dead/new_player)
[12:47:33]  src.loc: null
[12:47:33]  call stack:
[12:47:33]the new player (/mob/dead/new_player): CanBuild()
[12:47:33]the new player (/mob/dead/new_player): New(null)
[12:47:33]the new player (/mob/dead/new_player): New(null)
[12:47:33]Noober84555 (/client): New(null)
## WARNING: A ref was requested of an object with use_tag set but no tag: Unknown in code/__HELPERS/unsorted.dm at line 1500 src:  usr: Unknown.
runtime error: 
[12:47:50]Cannot read null.holder
[12:47:50]proc name: CanBuild (/mob/proc/CanBuild)
[12:47:50]  source file: h_sandbox.dm,12
[12:47:50]  usr: (src)
[12:47:50]  src: Unknown (/mob/living/carbon/human/dummy)
[12:47:50]  src.loc: null
[12:47:50]  call stack:
[12:47:50]Unknown (/mob/living/carbon/human/dummy): CanBuild()
[12:47:50]Unknown (/mob/living/carbon/human/dummy): New(null)
[12:47:50]Unknown (/mob/living/carbon/human/dummy): New(null)
[12:47:50]generate or wait for human dummy("dummy_preference_preview")
[12:47:50]/datum/preferences (/datum/preferences): update preview icon()
[12:47:50]/datum/preferences (/datum/preferences): ShowChoices(ZyneBR (/mob/dead/new_player))
[12:47:50]ZyneBR (/mob/dead/new_player): Topic("src=\[mob_1];show_preferences=...", /list (/list))
[12:47:50]ZyneBR (/client): Topic("src=\[mob_1];show_preferences=...", /list (/list), ZyneBR (/mob/dead/new_player))
[12:47:50]ZyneBR (/client): Topic("src=\[mob_1];show_preferences=...", /list (/list), ZyneBR (/mob/dead/new_player))
## WARNING: A ref was requested of an object with use_tag set but no tag: the new player in code/__HELPERS/unsorted.dm at line 1500 src:  usr: the new player.
runtime error: 
[12:48:08]Cannot read null.holder
[12:48:08]proc name: CanBuild (/mob/proc/CanBuild)
[12:48:08]  source file: h_sandbox.dm,12
[12:48:08]  usr: (src)
[12:48:08]  src: the new player (/mob/dead/new_player)
[12:48:08]  src.loc: null
[12:48:08]  call stack:
[12:48:08]the new player (/mob/dead/new_player): CanBuild()
[12:48:08]the new player (/mob/dead/new_player): New(null)
[12:48:08]the new player (/mob/dead/new_player): New(null)
[12:48:08]MACIEKBAKI (/client): New(null)
## WARNING: A ref was requested of an object with use_tag set but no tag: the cockroach in code/__HELPERS/unsorted.dm at line 1500 src:  usr: the cockroach.
runtime error: 
[12:48:11]Cannot read null.holder
[12:48:11]proc name: CanBuild (/mob/proc/CanBuild)
[12:48:11]  source file: h_sandbox.dm,12
[12:48:11]  usr: (src)
[12:48:11]  src: the cockroach (/mob/living/simple_animal/cockroach)
[12:48:11]  src.loc: the plating (159,256,2) (/turf/open/floor/plating)
[12:48:11]  call stack:
[12:48:11]the cockroach (/mob/living/simple_animal/cockroach): CanBuild()
[12:48:11]the cockroach (/mob/living/simple_animal/cockroach): New(the plating (159,256,2) (/turf/open/floor/plating))
[12:48:11]/dmm_suite (/dmm_suite): create atom(/mob/living/simple_animal/cock... (/mob/living/simple_animal/cockroach), the plating (159,256,2) (/turf/open/floor/plating))
[12:48:11]/dmm_suite (/dmm_suite): instance atom(/mob/living/simple_animal/cock... (/mob/living/simple_animal/cockroach), /list (/list), the plating (159,256,2) (/turf/open/floor/plating), 1)
[12:48:11]/dmm_suite (/dmm_suite): parse grid("/mob/living/simple_animal/cock...", "arU", 159, 256, 2, 1)
[12:48:11]/dmm_suite (/dmm_suite): load map impl(_maps/map_files/Deltastation/D..., 1, 1, 2, null, null, 1, -1e+031, 1e+031, -1e+031, 1e+031)
[12:48:11]/dmm_suite (/dmm_suite): load map(_maps/map_files/Deltastation/D..., 0, 0, 2, null, null, 1, null, null, null, null)
[12:48:11]Mapping (/datum/controller/subsystem/mapping): TryLoadZ("_maps/map_files/Deltastation/D...", /list (/list), 2, null)
[12:48:11]Mapping (/datum/controller/subsystem/mapping): loadWorld()
[12:48:11]Mapping (/datum/controller/subsystem/mapping): Initialize(604251)
[12:48:11]Master (/datum/controller/master): Initialize(10, 0)
## WARNING: A ref was requested of an object with use_tag set but no tag: the cockroach in code/__HELPERS/unsorted.dm at line 1500 src:  usr: the cockroach.
runtime error: 
[12:48:12]Cannot read null.holder
[12:48:12]proc name: CanBuild (/mob/proc/CanBuild)
[12:48:12]  source file: h_sandbox.dm,12
[12:48:12]  usr: (src)
[12:48:12]  src: the cockroach (/mob/living/simple_animal/cockroach)
[12:48:12]  src.loc: the floor (130,248,2) (/turf/open/floor/wood)
[12:48:12]  call stack:
[12:48:12]the cockroach (/mob/living/simple_animal/cockroach): CanBuild()
[12:48:12]the cockroach (/mob/living/simple_animal/cockroach): New(the floor (130,248,2) (/turf/open/floor/wood))
[12:48:12]/dmm_suite (/dmm_suite): create atom(/mob/living/simple_animal/cock... (/mob/living/simple_animal/cockroach), the floor (130,248,2) (/turf/open/floor/wood))
[12:48:12]/dmm_suite (/dmm_suite): instance atom(/mob/living/simple_animal/cock... (/mob/living/simple_animal/cockroach), /list (/list), the floor (130,248,2) (/turf/open/floor/wood), 1)
[12:48:12]/dmm_suite (/dmm_suite): parse grid("/obj/machinery/atmospherics/pi...", "awU", 130, 248, 2, 1)
[12:48:12]/dmm_suite (/dmm_suite): load map impl(_maps/map_files/Deltastation/D..., 1, 1, 2, null, null, 1, -1e+031, 1e+031, -1e+031, 1e+031)
[12:48:12]/dmm_suite (/dmm_suite): load map(_maps/map_files/Deltastation/D..., 0, 0, 2, null, null, 1, null, null, null, null)
[12:48:12]Mapping (/datum/controller/subsystem/mapping): TryLoadZ("_maps/map_files/Deltastation/D...", /list (/list), 2, null)
[12:48:12]Mapping (/datum/controller/subsystem/mapping): loadWorld()
[12:48:12]Mapping (/datum/controller/subsystem/mapping): Initialize(604251)
[12:48:12]Master (/datum/controller/master): Initialize(10, 0)
## WARNING: A ref was requested of an object with use_tag set but no tag: the cockroach in code/__HELPERS/unsorted.dm at line 1500 src:  usr: the cockroach.
runtime error: 
[12:48:12]Cannot read null.holder
[12:48:12]proc name: CanBuild (/mob/proc/CanBuild)
[12:48:12]  source file: h_sandbox.dm,12
[12:48:12]  usr: (src)
[12:48:12]  src: the cockroach (/mob/living/simple_animal/cockroach)
[12:48:12]  src.loc: the floor (126,246,2) (/turf/open/floor/plasteel/grimy)
[12:48:12]  call stack:
[12:48:12]the cockroach (/mob/living/simple_animal/cockroach): CanBuild()
[12:48:12]the cockroach (/mob/living/simple_animal/cockroach): New(the floor (126,246,2) (/turf/open/floor/plasteel/grimy))
[12:48:12]/dmm_suite (/dmm_suite): create atom(/mob/living/simple_animal/cock... (/mob/living/simple_animal/cockroach), the floor (126,246,2) (/turf/open/floor/plasteel/grimy))
[12:48:12]/dmm_suite (/dmm_suite): instance atom(/mob/living/simple_animal/cock... (/mob/living/simple_animal/cockroach), /list (/list), the floor (126,246,2) (/turf/open/floor/plasteel/grimy), 1)
[12:48:12]/dmm_suite (/dmm_suite): parse grid("/mob/living/simple_animal/cock...", "azi", 126, 246, 2, 1)
[12:48:12]/dmm_suite (/dmm_suite): load map impl(_maps/map_files/Deltastation/D..., 1, 1, 2, null, null, 1, -1e+031, 1e+031, -1e+031, 1e+031)
[12:48:12]/dmm_suite (/dmm_suite): load map(_maps/map_files/Deltastation/D..., 0, 0, 2, null, null, 1, null, null, null, null)
[12:48:12]Mapping (/datum/controller/subsystem/mapping): TryLoadZ("_maps/map_files/Deltastation/D...", /list (/list), 2, null)
[12:48:12]Mapping (/datum/controller/subsystem/mapping): loadWorld()
[12:48:12]Mapping (/datum/controller/subsystem/mapping): Initialize(604251)
[12:48:12]Master (/datum/controller/master): Initialize(10, 0)
## WARNING: A ref was requested of an object with use_tag set but no tag: the cockroach in code/__HELPERS/unsorted.dm at line 1500 src:  usr: the cockroach.
runtime error: 
[12:48:13]Cannot read null.holder
[12:48:13]proc name: CanBuild (/mob/proc/CanBuild)
[12:48:13]  source file: h_sandbox.dm,12
[12:48:13]  usr: (src)
[12:48:13]  src: the cockroach (/mob/living/simple_animal/cockroach)
[12:48:13]  src.loc: the floor (119,239,2) (/turf/open/floor/wood)
[12:48:13]  call stack:
[12:48:13]the cockroach (/mob/living/simple_animal/cockroach): CanBuild()
[12:48:13]the cockroach (/mob/living/simple_animal/cockroach): New(the floor (119,239,2) (/turf/open/floor/wood))
[12:48:13]/dmm_suite (/dmm_suite): create atom(/mob/living/simple_animal/cock... (/mob/living/simple_animal/cockroach), the floor (119,239,2) (/turf/open/floor/wood))
[12:48:13]/dmm_suite (/dmm_suite): instance atom(/mob/living/simple_animal/cock... (/mob/living/simple_animal/cockroach), /list (/list), the floor (119,239,2) (/turf/open/floor/wood), 1)
[12:48:13]/dmm_suite (/dmm_suite): parse grid("/mob/living/simple_animal/cock...", "aGQ", 119, 239, 2, 1)
[12:48:13]/dmm_suite (/dmm_suite): load map impl(_maps/map_files/Deltastation/D..., 1, 1, 2, null, null, 1, -1e+031, 1e+031, -1e+031, 1e+031)
[12:48:13]/dmm_suite (/dmm_suite): load map(_maps/map_files/Deltastation/D..., 0, 0, 2, null, null, 1, null, null, null, null)
[12:48:13]Mapping (/datum/controller/subsystem/mapping): TryLoadZ("_maps/map_files/Deltastation/D...", /list (/list), 2, null)
[12:48:13]Mapping (/datum/controller/subsystem/mapping): loadWorld()
[12:48:13]Mapping (/datum/controller/subsystem/mapping): Initialize(604251)
[12:48:13]Master (/datum/controller/master): Initialize(10, 0)
## WARNING: A ref was requested of an object with use_tag set but no tag: the cockroach in code/__HELPERS/unsorted.dm at line 1500 src:  usr: the cockroach.
runtime error: 
[12:48:13]Cannot read null.holder
[12:48:13]proc name: CanBuild (/mob/proc/CanBuild)
[12:48:13]  source file: h_sandbox.dm,12
## WARNING: A ref was requested of an object with use_tag set but no tag: Lizard in code/__HELPERS/unsorted.dm at line 1500 src:  usr: Lizard.
runtime error: 
[12:48:13]Cannot read null.holder
[12:48:13]proc name: CanBuild (/mob/proc/CanBuild)
[12:48:13]  source file: h_sandbox.dm,12
## WARNING: A ref was requested of an object with use_tag set but no tag: the MULEbot in code/__HELPERS/unsorted.dm at line 1500 src:  usr: the MULEbot.
runtime error: 
[12:48:14]Cannot read null.holder
[12:48:14]proc name: CanBuild (/mob/proc/CanBuild)
[12:48:14]  source file: h_sandbox.dm,12
## WARNING: A ref was requested of an object with use_tag set but no tag: the MULEbot in code/__HELPERS/unsorted.dm at line 1500 src:  usr: the MULEbot.
runtime error: 
[12:48:14]Cannot read null.holder
[12:48:14]proc name: CanBuild (/mob/proc/CanBuild)
[12:48:14]  source file: h_sandbox.dm,12
## WARNING: A ref was requested of an object with use_tag set but no tag: the mouse in code/__HELPERS/unsorted.dm at line 1500 src:  usr: the mouse.
runtime error: 
[12:48:14]Cannot read null.holder
[12:48:14]proc name: CanBuild (/mob/proc/CanBuild)
[12:48:14]  source file: h_sandbox.dm,12
## WARNING: A ref was requested of an object with use_tag set but no tag: the mouse in code/__HELPERS/unsorted.dm at line 1500 src:  usr: the mouse.
runtime error: 
[12:48:14]Cannot read null.holder
[12:48:14]proc name: CanBuild (/mob/proc/CanBuild)
[12:48:14]  source file: h_sandbox.dm,12
## WARNING: A ref was requested of an object with use_tag set but no tag: the cockroach in code/__HELPERS/unsorted.dm at line 1500 src:  usr: the cockroach.
runtime error: 
[12:48:15]Cannot read null.holder
[12:48:15]proc name: CanBuild (/mob/proc/CanBuild)
[12:48:15]  source file: h_sandbox.dm,12
## WARNING: A ref was requested of an object with use_tag set but no tag: Citrus in code/__HELPERS/unsorted.dm at line 1500 src:  usr: Citrus.
runtime error: 
[12:48:15]Cannot read null.holder
[12:48:15]proc name: CanBuild (/mob/proc/CanBuild)
[12:48:15]  source file: h_sandbox.dm,12
## WARNING: A ref was requested of an object with use_tag set but no tag: the goat in code/__HELPERS/unsorted.dm at line 1500 src:  usr: the goat.
runtime error: 
[12:48:15]Cannot read null.holder
[12:48:15]proc name: CanBuild (/mob/proc/CanBuild)
[12:48:15]  source file: h_sandbox.dm,12
## WARNING: A ref was requested of an object with use_tag set but no tag: the cockroach in code/__HELPERS/unsorted.dm at line 1500 src:  usr: the cockroach.
runtime error: 
[12:48:16]Cannot read null.holder
[12:48:16]proc name: CanBuild (/mob/proc/CanBuild)
[12:48:16]  source file: h_sandbox.dm,12
## WARNING: A ref was requested of an object with use_tag set but no tag: Pun Pun in code/__HELPERS/unsorted.dm at line 1500 src:  usr: Pun Pun.
runtime error: 
[12:48:16]Cannot read null.holder
[12:48:16]proc name: CanBuild (/mob/proc/CanBuild)
[12:48:16]  source file: h_sandbox.dm,12
## WARNING: A ref was requested of an object with use_tag set but no tag: Cayenne in code/__HELPERS/unsorted.dm at line 1500 src:  usr: Cayenne.
runtime error: 
[12:48:16]Cannot read null.holder
[12:48:16]proc name: CanBuild (/mob/proc/CanBuild)
[12:48:16]  source file: h_sandbox.dm,12
## WARNING: A ref was requested of an object with use_tag set but no tag: Renault in code/__HELPERS/unsorted.dm at line 1500 src:  usr: Renault.
runtime error: 
[12:48:17]Cannot read null.holder
[12:48:17]proc name: CanBuild (/mob/proc/CanBuild)
[12:48:17]  source file: h_sandbox.dm,12
## WARNING: A ref was requested of an object with use_tag set but no tag: Officer Pingsky in code/__HELPERS/unsorted.dm at line 1500 src:  usr: Officer Pingsky.
runtime error: 
[12:48:17]Cannot read null.holder
[12:48:17]proc name: CanBuild (/mob/proc/CanBuild)
[12:48:17]  source file: h_sandbox.dm,12
## WARNING: A ref was requested of an object with use_tag set but no tag: Poly in code/__HELPERS/unsorted.dm at line 1500 src:  usr: Poly.
runtime error: 
[12:48:17]Cannot read null.holder
[12:48:17]proc name: CanBuild (/mob/proc/CanBuild)
[12:48:17]  source file: h_sandbox.dm,12
## WARNING: A ref was requested of an object with use_tag set but no tag: Officer Beep O'sky in code/__HELPERS/unsorted.dm at line 1500 src:  usr: Officer Beep O'sky.
runtime error: 
[12:48:17]Cannot read null.holder
[12:48:17]proc name: CanBuild (/mob/proc/CanBuild)
[12:48:17]  source file: h_sandbox.dm,12
## WARNING: A ref was requested of an object with use_tag set but no tag: Ian in code/__HELPERS/unsorted.dm at line 1500 src:  usr: Ian.
runtime error: 
[12:48:17]Cannot read null.holder
[12:48:17]proc name: CanBuild (/mob/proc/CanBuild)
[12:48:17]  source file: h_sandbox.dm,12
## WARNING: A ref was requested of an object with use_tag set but no tag: the cockroach in code/__HELPERS/unsorted.dm at line 1500 src:  usr: the cockroach.
runtime error: 
[12:48:18]Cannot read null.holder
[12:48:18]proc name: CanBuild (/mob/proc/CanBuild)
[12:48:18]  source file: h_sandbox.dm,12
## WARNING: A ref was requested of an object with use_tag set but no tag: the cockroach in code/__HELPERS/unsorted.dm at line 1500 src:  usr: the cockroach.
runtime error: 
[12:48:18]Cannot read null.holder
[12:48:18]proc name: CanBuild (/mob/proc/CanBuild)
[12:48:18]  source file: h_sandbox.dm,12
## WARNING: A ref was requested of an object with use_tag set but no tag: the grey baby slime (123) in code/__HELPERS/unsorted.dm at line 1500 src:  usr: the grey baby slime (123).
runtime error: 
[12:48:18]Cannot read null.holder
[12:48:18]proc name: CanBuild (/mob/proc/CanBuild)
[12:48:18]  source file: h_sandbox.dm,12
## WARNING: A ref was requested of an object with use_tag set but no tag: the grey baby slime (123) in code/__HELPERS/unsorted.dm at line 1500 src:  usr: the grey baby slime (123).
runtime error: 
[12:48:18]Cannot read null.holder
[12:48:18]proc name: CanBuild (/mob/proc/CanBuild)
[12:48:18]  source file: h_sandbox.dm,12
## WARNING: A ref was requested of an object with use_tag set but no tag: the grey baby slime (123) in code/__HELPERS/unsorted.dm at line 1500 src:  usr: the grey baby slime (123).
runtime error: 
[12:48:19]Cannot read null.holder
[12:48:19]proc name: CanBuild (/mob/proc/CanBuild)
[12:48:19]  source file: h_sandbox.dm,12
## WARNING: A ref was requested of an object with use_tag set but no tag: the cockroach in code/__HELPERS/unsorted.dm at line 1500 src:  usr: the cockroach.
runtime error: 
[12:48:19]Cannot read null.holder
[12:48:19]proc name: CanBuild (/mob/proc/CanBuild)
[12:48:19]  source file: h_sandbox.dm,12
## WARNING: A ref was requested of an object with use_tag set but no tag: the cockroach in code/__HELPERS/unsorted.dm at line 1500 src:  usr: the cockroach.
runtime error: 
[12:48:19]Cannot read null.holder
[12:48:19]proc name: CanBuild (/mob/proc/CanBuild)
[12:48:19]  source file: h_sandbox.dm,12
## WARNING: A ref was requested of an object with use_tag set but no tag: the cockroach in code/__HELPERS/unsorted.dm at line 1500 src:  usr: the cockroach.
runtime error: 
[12:48:19]Cannot read null.holder
[12:48:19]proc name: CanBuild (/mob/proc/CanBuild)
[12:48:19]  source file: h_sandbox.dm,12
## WARNING: A ref was requested of an object with use_tag set but no tag: the pug in code/__HELPERS/unsorted.dm at line 1500 src:  usr: the pug.
runtime error: 
[12:48:19]Cannot read null.holder
[12:48:19]proc name: CanBuild (/mob/proc/CanBuild)
[12:48:19]  source file: h_sandbox.dm,12
## WARNING: A ref was requested of an object with use_tag set but no tag: the monkey in code/__HELPERS/unsorted.dm at line 1500 src:  usr: the monkey.
runtime error: 
[12:48:19]Cannot read null.holder
[12:48:19]proc name: CanBuild (/mob/proc/CanBuild)
[12:48:19]  source file: h_sandbox.dm,12
## WARNING: A ref was requested of an object with use_tag set but no tag: the monkey in code/__HELPERS/unsorted.dm at line 1500 src:  usr: the monkey.
runtime error: 
[12:48:19]Cannot read null.holder
[12:48:19]proc name: CanBuild (/mob/proc/CanBuild)
[12:48:19]  source file: h_sandbox.dm,12
## WARNING: A ref was requested of an object with use_tag set but no tag: the cockroach in code/__HELPERS/unsorted.dm at line 1500 src:  usr: the cockroach.
runtime error: 
[12:48:19]Cannot read null.holder
[12:48:19]proc name: CanBuild (/mob/proc/CanBuild)
[12:48:19]  source file: h_sandbox.dm,12
## WARNING: A ref was requested of an object with use_tag set but no tag: the monkey in code/__HELPERS/unsorted.dm at line 1500 src:  usr: the monkey.
runtime error: 
[12:48:19]Cannot read null.holder
[12:48:19]proc name: CanBuild (/mob/proc/CanBuild)
[12:48:19]  source file: h_sandbox.dm,12
## WARNING: A ref was requested of an object with use_tag set but no tag: Persephone in code/__HELPERS/unsorted.dm at line 1500 src:  usr: Persephone.
runtime error: 
[12:48:19]Cannot read null.holder
[12:48:19]proc name: CanBuild (/mob/proc/CanBuild)
[12:48:19]  source file: h_sandbox.dm,12
## WARNING: A ref was requested of an object with use_tag set but no tag: the cockroach in code/__HELPERS/unsorted.dm at line 1500 src:  usr: the cockroach.
runtime error: 
[12:48:19]Cannot read null.holder
[12:48:19]proc name: CanBuild (/mob/proc/CanBuild)
[12:48:19]  source file: h_sandbox.dm,12
## WARNING: A ref was requested of an object with use_tag set but no tag: the cockroach in code/__HELPERS/unsorted.dm at line 1500 src:  usr: the cockroach.
runtime error: 
[12:48:19]Cannot read null.holder
[12:48:19]proc name: CanBuild (/mob/proc/CanBuild)
[12:48:19]  source file: h_sandbox.dm,12
## WARNING: A ref was requested of an object with use_tag set but no tag: the cockroach in code/__HELPERS/unsorted.dm at line 1500 src:  usr: the cockroach.
runtime error: 
[12:48:20]Cannot read null.holder
[12:48:20]proc name: CanBuild (/mob/proc/CanBuild)
[12:48:20]  source file: h_sandbox.dm,12
## WARNING: A ref was requested of an object with use_tag set but no tag: the cockroach in code/__HELPERS/unsorted.dm at line 1500 src:  usr: the cockroach.
runtime error: 
[12:48:20]Cannot read null.holder
[12:48:20]proc name: CanBuild (/mob/proc/CanBuild)
[12:48:20]  source file: h_sandbox.dm,12
## WARNING: A ref was requested of an object with use_tag set but no tag: the monkey in code/__HELPERS/unsorted.dm at line 1500 src:  usr: the monkey.
runtime error: 
[12:48:20]Cannot read null.holder
[12:48:20]proc name: CanBuild (/mob/proc/CanBuild)
[12:48:20]  source file: h_sandbox.dm,12
runtime error: 
[12:48:20]Cannot execute /datum/plant_gene/trait/glow (/datum/plant_gene/trait/glow).glow range().
[12:48:20]proc name: New (/obj/structure/glowshroom/New)
[12:48:20]  source file: glowshroom.dm,63
runtime error: 
[12:48:20]Cannot execute /datum/plant_gene/trait/glow (/datum/plant_gene/trait/glow).glow range().
[12:48:20]proc name: New (/obj/structure/glowshroom/New)
[12:48:20]  source file: glowshroom.dm,63
runtime error: 
[12:48:20]Cannot execute /datum/plant_gene/trait/glow (/datum/plant_gene/trait/glow).glow range().
[12:48:20]proc name: New (/obj/structure/glowshroom/New)
[12:48:20]  source file: glowshroom.dm,63
runtime error: 
[12:48:20]Cannot execute /datum/plant_gene/trait/glow (/datum/plant_gene/trait/glow).glow range().
[12:48:20]proc name: New (/obj/structure/glowshroom/New)
[12:48:20]  source file: glowshroom.dm,63
runtime error: 
[12:48:21]Cannot execute /datum/plant_gene/trait/glow (/datum/plant_gene/trait/glow).glow range().
[12:48:21]proc name: New (/obj/structure/glowshroom/New)
[12:48:21]  source file: glowshroom.dm,63
runtime error: 
[12:48:21]Cannot execute /datum/plant_gene/trait/glow (/datum/plant_gene/trait/glow).glow range().
[12:48:21]proc name: New (/obj/structure/glowshroom/New)
[12:48:21]  source file: glowshroom.dm,63
runtime error: 
[12:48:21]Cannot execute /datum/plant_gene/trait/glow (/datum/plant_gene/trait/glow).glow range().
[12:48:21]proc name: New (/obj/structure/glowshroom/New)
[12:48:21]  source file: glowshroom.dm,63
runtime error: 
[12:48:21]Cannot execute /datum/plant_gene/trait/glow (/datum/plant_gene/trait/glow).glow range().
[12:48:21]proc name: New (/obj/structure/glowshroom/New)
[12:48:21]  source file: glowshroom.dm,63
runtime error: 
[12:48:21]Cannot execute /datum/plant_gene/trait/glow (/datum/plant_gene/trait/glow).glow range().
[12:48:21]proc name: New (/obj/structure/glowshroom/New)
[12:48:21]  source file: glowshroom.dm,63
runtime error: 
[12:48:21]Cannot execute /datum/plant_gene/trait/glow (/datum/plant_gene/trait/glow).glow range().
[12:48:21]proc name: New (/obj/structure/glowshroom/New)
[12:48:21]  source file: glowshroom.dm,63
runtime error: 
[12:48:21]Cannot execute /datum/plant_gene/trait/glow (/datum/plant_gene/trait/glow).glow range().
[12:48:21]proc name: New (/obj/structure/glowshroom/New)
[12:48:21]  source file: glowshroom.dm,63
runtime error: 
[12:48:21]Cannot execute /datum/plant_gene/trait/glow (/datum/plant_gene/trait/glow).glow range().
[12:48:21]proc name: New (/obj/structure/glowshroom/New)
[12:48:21]  source file: glowshroom.dm,63
runtime error: 
[12:48:21]Cannot execute /datum/plant_gene/trait/glow (/datum/plant_gene/trait/glow).glow range().
[12:48:21]proc name: New (/obj/structure/glowshroom/New)
[12:48:21]  source file: glowshroom.dm,63
runtime error: 
[12:48:21]Cannot execute /datum/plant_gene/trait/glow (/datum/plant_gene/trait/glow).glow range().
[12:48:21]proc name: New (/obj/structure/glowshroom/New)
[12:48:21]  source file: glowshroom.dm,63
runtime error: 
[12:48:21]Cannot execute /datum/plant_gene/trait/glow (/datum/plant_gene/trait/glow).glow range().
[12:48:21]proc name: New (/obj/structure/glowshroom/New)
[12:48:21]  source file: glowshroom.dm,63
runtime error: 
[12:48:21]Cannot execute /datum/plant_gene/trait/glow (/datum/plant_gene/trait/glow).glow range().
[12:48:21]proc name: New (/obj/structure/glowshroom/New)
[12:48:21]  source file: glowshroom.dm,63
runtime error: 
[12:48:21]Cannot execute /datum/plant_gene/trait/glow (/datum/plant_gene/trait/glow).glow range().
[12:48:21]proc name: New (/obj/structure/glowshroom/New)
[12:48:21]  source file: glowshroom.dm,63
runtime error: 
[12:48:21]Cannot execute /datum/plant_gene/trait/glow (/datum/plant_gene/trait/glow).glow range().
[12:48:21]proc name: New (/obj/structure/glowshroom/New)
[12:48:21]  source file: glowshroom.dm,63
runtime error: 
[12:48:21]Cannot execute /datum/plant_gene/trait/glow (/datum/plant_gene/trait/glow).glow range().
[12:48:21]proc name: New (/obj/structure/glowshroom/New)
[12:48:21]  source file: glowshroom.dm,63
runtime error: 
[12:48:21]Cannot execute /datum/plant_gene/trait/glow (/datum/plant_gene/trait/glow).glow range().
[12:48:21]proc name: New (/obj/structure/glowshroom/New)
[12:48:21]  source file: glowshroom.dm,63
runtime error: 
[12:48:21]Cannot execute /datum/plant_gene/trait/glow (/datum/plant_gene/trait/glow).glow range().
[12:48:21]proc name: New (/obj/structure/glowshroom/New)
[12:48:21]  source file: glowshroom.dm,63
runtime error: 
[12:48:21]Cannot execute /datum/plant_gene/trait/glow (/datum/plant_gene/trait/glow).glow range().
[12:48:21]proc name: New (/obj/structure/glowshroom/New)
[12:48:21]  source file: glowshroom.dm,63
runtime error: 
[12:48:21]Cannot execute /datum/plant_gene/trait/glow (/datum/plant_gene/trait/glow).glow range().
[12:48:21]proc name: New (/obj/structure/glowshroom/New)
[12:48:21]  source file: glowshroom.dm,63
runtime error: 
[12:48:21]Cannot execute /datum/plant_gene/trait/glow (/datum/plant_gene/trait/glow).glow range().
[12:48:21]proc name: New (/obj/structure/glowshroom/New)
[12:48:21]  source file: glowshroom.dm,63
runtime error: 
[12:48:21]Cannot execute /datum/plant_gene/trait/glow (/datum/plant_gene/trait/glow).glow range().
[12:48:21]proc name: New (/obj/structure/glowshroom/New)
[12:48:21]  source file: glowshroom.dm,63
runtime error: 
[12:48:21]Cannot execute /datum/plant_gene/trait/glow (/datum/plant_gene/trait/glow).glow range().
[12:48:21]proc name: New (/obj/structure/glowshroom/New)
[12:48:21]  source file: glowshroom.dm,63
runtime error: 
[12:48:22]Cannot execute /datum/plant_gene/trait/glow (/datum/plant_gene/trait/glow).glow range().
[12:48:22]proc name: New (/obj/structure/glowshroom/New)
[12:48:22]  source file: glowshroom.dm,63
runtime error: 
[12:48:22]Cannot execute /datum/plant_gene/trait/glow (/datum/plant_gene/trait/glow).glow range().
[12:48:22]proc name: New (/obj/structure/glowshroom/New)
[12:48:22]  source file: glowshroom.dm,63
runtime error: 
[12:48:22]Cannot execute /datum/plant_gene/trait/glow (/datum/plant_gene/trait/glow).glow range().
[12:48:22]proc name: New (/obj/structure/glowshroom/New)
[12:48:22]  source file: glowshroom.dm,63
runtime error: 
[12:48:22]Cannot execute /datum/plant_gene/trait/glow (/datum/plant_gene/trait/glow).glow range().
[12:48:22]proc name: New (/obj/structure/glowshroom/New)
[12:48:22]  source file: glowshroom.dm,63
runtime error: 
[12:48:22]Cannot execute /datum/plant_gene/trait/glow (/datum/plant_gene/trait/glow).glow range().
[12:48:22]proc name: New (/obj/structure/glowshroom/New)
[12:48:22]  source file: glowshroom.dm,63
runtime error: 
[12:48:22]Cannot execute /datum/plant_gene/trait/glow (/datum/plant_gene/trait/glow).glow range().
[12:48:22]proc name: New (/obj/structure/glowshroom/New)
[12:48:22]  source file: glowshroom.dm,63
runtime error: 
[12:48:22]Cannot execute /datum/plant_gene/trait/glow (/datum/plant_gene/trait/glow).glow range().
[12:48:22]proc name: New (/obj/structure/glowshroom/New)
[12:48:22]  source file: glowshroom.dm,63
runtime error: 
[12:48:22]Cannot execute /datum/plant_gene/trait/glow (/datum/plant_gene/trait/glow).glow range().
[12:48:22]proc name: New (/obj/structure/glowshroom/New)
[12:48:22]  source file: glowshroom.dm,63
runtime error: 
[12:48:22]Cannot execute /datum/plant_gene/trait/glow (/datum/plant_gene/trait/glow).glow range().
[12:48:22]proc name: New (/obj/structure/glowshroom/New)
[12:48:22]  source file: glowshroom.dm,63
runtime error: 
[12:48:22]Cannot execute /datum/plant_gene/trait/glow (/datum/plant_gene/trait/glow).glow range().
[12:48:22]proc name: New (/obj/structure/glowshroom/New)
[12:48:22]  source file: glowshroom.dm,63
runtime error: 
[12:48:23]Cannot execute /datum/plant_gene/trait/glow (/datum/plant_gene/trait/glow).glow range().
[12:48:23]proc name: New (/obj/structure/glowshroom/New)
[12:48:23]  source file: glowshroom.dm,63
runtime error: 
[12:48:23]Cannot execute /datum/plant_gene/trait/glow (/datum/plant_gene/trait/glow).glow range().
[12:48:23]proc name: New (/obj/structure/glowshroom/New)
[12:48:23]  source file: glowshroom.dm,63
runtime error: 
[12:48:23]Cannot execute /datum/plant_gene/trait/glow (/datum/plant_gene/trait/glow).glow range().
[12:48:23]Warning: further proc crash messages are being suppressed to prevent overload...
runtime error: 
[12:48:23]Cannot execute /datum/plant_gene/trait/glow (/datum/plant_gene/trait/glow).glow range().
runtime error: 
[12:48:23]Cannot execute /datum/plant_gene/trait/glow (/datum/plant_gene/trait/glow).glow range().
Loaded station in 78.5s!
Initialized Mapping subsystem within 82.5 seconds!
runtime error: 
[12:48:28]Cannot execute null.add reagent().
runtime error: 
[12:48:28]Cannot execute null.add reagent().
runtime error: 
[12:48:28]Cannot execute null.add reagent().
runtime error: 
[12:48:28]Cannot execute null.add reagent().
runtime error: 
[12:48:28]Cannot execute null.add reagent().
runtime error: 
[12:48:28]Cannot execute null.add reagent().
runtime error: 
[12:48:30]Cannot execute null.add reagent().
runtime error: 
[12:48:30]Cannot execute null.add reagent().
runtime error: 
[12:48:30]Cannot execute null.add reagent().
runtime error: 
[12:48:31]Cannot execute null.add reagent().
runtime error: 
[12:48:31]Cannot execute null.add reagent().
runtime error: 
[12:48:31]Cannot execute null.add reagent().
runtime error: 
[12:48:31]Cannot execute null.add reagent().
runtime error: 
[12:48:31]Cannot execute null.add reagent().
runtime error: 
[12:48:31]Cannot execute null.add reagent().
runtime error: 
[12:48:32]Cannot execute null.add reagent().
runtime error: 
[12:48:32]Cannot execute null.add reagent().
runtime error: 
[12:48:32]Cannot execute null.add reagent().
runtime error: 
[12:48:32]Cannot execute null.add reagent().
runtime error: 
[12:48:32]Cannot execute null.add reagent().
runtime error: 
[12:48:32]Cannot execute null.add reagent().
runtime error: 
[12:48:32]Cannot execute null.add reagent().
runtime error: 
[12:48:32]Cannot execute null.add reagent().
runtime error: 
[12:48:32]Cannot execute null.add reagent().
runtime error: 
[12:48:33]Cannot execute null.add reagent().
runtime error: 
[12:48:33]Cannot execute null.add reagent().
runtime error: 
[12:48:33]Cannot execute null.add reagent().
runtime error: 
[12:48:33]Cannot execute null.add reagent().
runtime error: 
[12:48:33]Cannot execute null.add reagent().
runtime error: 
[12:48:33]Cannot execute null.add reagent().
runtime error: 
[12:48:34]Cannot execute null.add reagent().
runtime error: 
[12:48:34]Cannot execute null.add reagent().
runtime error: 
[12:48:34]Cannot execute null.add reagent().
runtime error: 
[12:48:34]Cannot execute null.add reagent().
runtime error: 
[12:48:35]Cannot execute null.add reagent().
runtime error: 
[12:48:35]Cannot execute null.add reagent().
runtime error: 
[12:48:35]Cannot execute null.add reagent().
runtime error: 
[12:48:35]Cannot execute null.add reagent().
runtime error: 
[12:48:35]Cannot execute null.add reagent().
runtime error: 
[12:48:35]Cannot execute null.add reagent().
runtime error: 
[12:48:35]Cannot execute null.add reagent().
runtime error: 
[12:48:35]Cannot execute null.add reagent().
runtime error: 
[12:48:36]Cannot execute null.add reagent().
runtime error: 
[12:48:36]Cannot execute null.add reagent().
runtime error: 
[12:48:36]Cannot execute null.add reagent().
runtime error: 
[12:48:37]Cannot execute null.add reagent().
runtime error: 
[12:48:37]Cannot execute null.add reagent().
runtime error: 
[12:48:37]Cannot execute null.add reagent().
runtime error: 
[12:48:37]Cannot execute null.add reagent().
runtime error: 
[12:48:37]Cannot execute null.add reagent().
runtime error: 
[12:48:38]Cannot execute null.add reagent().
runtime error: 
[12:48:38]Cannot execute null.add reagent().
runtime error: 
[12:48:38]Cannot execute null.add reagent().
runtime error: 
[12:48:41]Undefined variable /obj/item/rupee/var/swimming

runtime error: 
[12:48:41]Undefined variable /obj/item/rupee/var/swimming

runtime error: 
[12:48:41]Undefined variable /obj/item/rupee/var/swimming

runtime error: 
[12:48:41]Undefined variable /obj/structure/signpost/salvation/var/swimming

runtime error: 
[12:48:41]Undefined variable /obj/item/rupee/var/swimming

runtime error: 
[12:48:41]Undefined variable /obj/item/rupee/var/swimming

runtime error: 
[12:48:41]Undefined variable /obj/item/rupee/var/swimming

runtime error: 
[12:48:41]Undefined variable /obj/item/rupee/var/swimming

runtime error: 
[12:48:41]Undefined variable /obj/item/rupee/var/swimming

runtime error: 
[12:48:41]Undefined variable /obj/item/rupee/var/swimming

runtime error: 
[12:48:41]Undefined variable /obj/effect/landmark/error/var/swimming

runtime error: 
[12:48:41]Undefined variable /obj/item/rupee/var/swimming

runtime error: 
[12:48:41]Undefined variable /obj/item/rupee/var/swimming

runtime error: 
[12:48:41]Undefined variable /obj/item/rupee/var/swimming

runtime error: 
[12:48:41]Undefined variable /obj/item/rupee/var/swimming

runtime error: 
[12:48:41]Undefined variable /obj/item/rupee/var/swimming

runtime error: 
[12:48:41]Undefined variable /obj/item/rupee/var/swimming

runtime error: 
[12:48:41]Undefined variable /obj/item/rupee/var/swimming

runtime error: 
[12:48:41]Undefined variable /obj/item/rupee/var/swimming

runtime error: 
[12:48:41]Undefined variable /obj/item/rupee/var/swimming

runtime error: 
[12:48:41]Undefined variable /obj/item/rupee/var/swimming

runtime error: 
[12:48:41]Undefined variable /obj/item/rupee/var/swimming

runtime error: 
[12:48:41]Undefined variable /obj/item/rupee/var/swimming

runtime error: 
[12:48:41]Undefined variable /obj/item/rupee/var/swimming

runtime error: 
[12:48:41]Undefined variable /obj/item/rupee/var/swimming

runtime error: 
[12:48:41]Undefined variable /obj/item/rupee/var/swimming

runtime error: 
[12:48:41]Undefined variable /obj/item/rupee/var/swimming

runtime error: 
[12:48:41]Undefined variable /obj/item/rupee/var/swimming

runtime error: 
[12:48:41]Undefined variable /obj/item/rupee/var/swimming

runtime error: 
[12:48:41]Undefined variable /obj/item/rupee/var/swimming

runtime error: 
[12:48:41]Undefined variable /obj/item/rupee/var/swimming

runtime error: 
[12:48:41]Undefined variable /obj/item/rupee/var/swimming

runtime error: 
[12:48:41]Undefined variable /obj/item/rupee/var/swimming

runtime error: 
[12:48:41]Undefined variable /obj/item/rupee/var/swimming

runtime error: 
[12:48:41]Undefined variable /obj/item/rupee/var/swimming

runtime error: 
[12:48:41]Undefined variable /obj/item/rupee/var/swimming

runtime error: 
[12:48:41]Undefined variable /obj/item/rupee/var/swimming

runtime error: 
[12:48:41]Undefined variable /obj/item/rupee/var/swimming

runtime error: 
[12:48:41]Undefined variable /obj/item/rupee/var/swimming

runtime error: 
[12:48:41]Undefined variable /obj/item/rupee/var/swimming

runtime error: 
[12:48:41]Undefined variable /obj/item/rupee/var/swimming

runtime error: 
[12:48:41]Undefined variable /obj/item/rupee/var/swimming

runtime error: 
[12:48:41]Undefined variable /obj/item/rupee/var/swimming

runtime error: 
[12:48:41]Undefined variable /obj/item/rupee/var/swimming

runtime error: 
[12:48:41]Undefined variable /obj/item/rupee/var/swimming

runtime error: 
[12:48:41]Undefined variable /obj/item/rupee/var/swimming

runtime error: 
[12:48:41]Undefined variable /obj/item/rupee/var/swimming

runtime error: 
[12:48:41]Undefined variable /obj/structure/speaking_tile/var/swimming

runtime error: 
[12:48:41]Undefined variable /obj/machinery/abductor/gland_dispenser/var/swimming

runtime error: 
[12:48:41]Undefined variable /obj/structure/table/abductor/var/swimming

runtime error: 
[12:48:41]Undefined variable /obj/item/surgicaldrill/alien/var/swimming

runtime error: 
[12:48:42]undefined proc or verb /mob/living/simple_animal/bot/medbot/mysterious/remove overlay().

runtime error: 
[12:48:42]undefined proc or verb /mob/living/simple_animal/hostile/creature/remove overlay().

runtime error: 
[12:48:42]undefined proc or verb /mob/living/simple_animal/hostile/carp/cayenne/remove overlay().

runtime error: 
[12:48:42]undefined proc or verb /mob/dead/new_player/remove overlay().

runtime error: 
[12:48:42]undefined proc or verb /mob/dead/new_player/remove overlay().

runtime error: 
[12:48:43]undefined proc or verb /mob/dead/new_player/remove overlay().

runtime error: 
[12:48:45]Cannot execute null.add reagent().
runtime error: 
[12:48:45]Cannot execute null.add reagent().
runtime error: 
[12:48:45]Cannot execute null.add reagent().
runtime error: 
[12:48:45]Cannot execute null.add reagent().
runtime error: 
[12:48:45]Cannot execute null.add reagent().
runtime error: 
[12:48:45]undefined proc or verb /mob/living/simple_animal/bot/medbot/remove overlay().

runtime error: 
[12:48:45]undefined proc or verb /mob/living/simple_animal/cockroach/remove overlay().

runtime error: 
[12:48:45]undefined proc or verb /mob/living/simple_animal/cockroach/remove overlay().

runtime error: 
[12:48:45]undefined proc or verb /mob/living/simple_animal/cockroach/remove overlay().

runtime error: 
[12:48:46]undefined proc or verb /mob/living/simple_animal/cockroach/remove overlay().

runtime error: 
[12:48:46]undefined proc or verb /mob/living/simple_animal/cockroach/remove overlay().

runtime error: 
[12:48:46]undefined proc or verb /mob/living/simple_animal/pet/cat/Runtime/remove overlay().

runtime error: 
[12:48:46]undefined proc or verb /mob/living/simple_animal/cockroach/remove overlay().

runtime error: 
[12:48:46]undefined proc or verb /mob/living/simple_animal/pet/dog/pug/remove overlay().

runtime error: 
[12:48:46]Cannot execute null.add reagent().
runtime error: 
[12:48:46]undefined proc or verb /mob/living/simple_animal/cockroach/remove overlay().

runtime error: 
[12:48:46]undefined proc or verb /mob/living/simple_animal/cockroach/remove overlay().

runtime error: 
[12:48:46]undefined proc or verb /mob/living/simple_animal/cockroach/remove overlay().

runtime error: 
[12:48:46]undefined proc or verb /mob/living/simple_animal/slime/remove overlay().

runtime error: 
[12:48:46]undefined proc or verb /mob/living/simple_animal/slime/remove overlay().

runtime error: 
[12:48:46]undefined proc or verb /mob/living/simple_animal/slime/remove overlay().

runtime error: 
[12:48:47]undefined proc or verb /mob/living/simple_animal/cockroach/remove overlay().

runtime error: 
[12:48:47]undefined proc or verb /mob/living/simple_animal/cockroach/remove overlay().

runtime error: 
[12:48:47]undefined proc or verb /mob/living/simple_animal/pet/dog/corgi/Ian/remove overlay().

runtime error: 
[12:48:47]undefined proc or verb /mob/living/simple_animal/bot/secbot/pingsky/remove overlay().

runtime error: 
[12:48:47]undefined proc or verb /mob/living/simple_animal/parrot/Poly/remove overlay().

runtime error: 
[12:48:47]undefined proc or verb /mob/living/simple_animal/bot/secbot/beepsky/remove overlay().

runtime error: 
[12:48:47]undefined proc or verb /mob/living/simple_animal/pet/fox/Renault/remove overlay().

runtime error: 
[12:48:48]undefined proc or verb /mob/living/simple_animal/hostile/carp/cayenne/remove overlay().

runtime error: 
[12:48:48]undefined proc or verb /mob/living/simple_animal/cockroach/remove overlay().

runtime error: 
[12:48:48]undefined proc or verb /mob/living/simple_animal/hostile/retaliate/goat/remove overlay().

runtime error: 
[12:48:48]undefined proc or verb /mob/living/simple_animal/sloth/citrus/remove overlay().

runtime error: 
[12:48:48]undefined proc or verb /mob/living/simple_animal/cockroach/remove overlay().

runtime error: 
[12:48:48]undefined proc or verb /mob/living/simple_animal/mouse/remove overlay().

runtime error: 
[12:48:49]undefined proc or verb /mob/living/simple_animal/mouse/remove overlay().

runtime error: 
[12:48:49]undefined proc or verb /mob/living/simple_animal/bot/mulebot/remove overlay().

runtime error: 
[12:48:49]undefined proc or verb /mob/living/simple_animal/bot/mulebot/remove overlay().

runtime error: 
[12:48:49]undefined proc or verb /mob/living/simple_animal/cockroach/remove overlay().

runtime error: 
[12:48:49]undefined proc or verb /mob/living/simple_animal/hostile/lizard/remove overlay().

runtime error: 
[12:48:49]undefined proc or verb /mob/living/simple_animal/cockroach/remove overlay().

runtime error: 
[12:48:49]undefined proc or verb /mob/living/simple_animal/cockroach/remove overlay().

runtime error: 
[12:48:49]undefined proc or verb /mob/living/simple_animal/cockroach/remove overlay().

runtime error: 
[12:48:49]undefined proc or verb /mob/living/simple_animal/cockroach/remove overlay().

runtime error: 
[12:48:51]undefined proc or verb /mob/living/simple_animal/hostile/asteroid/basilisk/watcher/random/remove overlay().

runtime error: 
[12:48:52]undefined proc or verb /mob/living/simple_animal/hostile/asteroid/hivelord/legion/random/remove overlay().

runtime error: 
[12:48:52]undefined proc or verb /mob/living/simple_animal/hostile/asteroid/goliath/beast/random/remove overlay().

runtime error: 
[12:48:52]undefined proc or verb /mob/living/simple_animal/bot/secbot/beepsky/remove overlay().

runtime error: 
[12:48:52]undefined proc or verb /mob/living/simple_animal/hostile/asteroid/basilisk/watcher/random/remove overlay().

runtime error: 
[12:48:52]undefined proc or verb /mob/living/simple_animal/hostile/asteroid/basilisk/watcher/random/remove overlay().

runtime error: 
[12:48:52]undefined proc or verb /mob/living/simple_animal/hostile/asteroid/hivelord/legion/random/remove overlay().

runtime error: 
[12:48:52]undefined proc or verb /mob/living/simple_animal/hostile/asteroid/basilisk/watcher/random/remove overlay().

Initialized 1.48504e+006 atoms
Initialized Atoms subsystem within 33.4 seconds!
Initialized Language subsystem within 0 seconds!
Initialized Machines subsystem within 0.5 seconds!
Initialized Circuit subsystem within 0 seconds!
Initialized Weather subsystem within 0 seconds!
## WARNING: There are 733 active turfs at roundstart, this is a mapping error caused by a difference of the air between the adjacent turfs. You can see its coordinates using "Mapping -> Show roundstart AT list" verb (debug verbs required)
## WARNING: HEY! LISTEN! 3 seconds were wasted processing 733 turf(s) (connected to 77252 other turfs) with atmos differences at round start.
Initialized Atmospherics subsystem within 13.6 seconds!
Initialized Minimap subsystem within 0 seconds!
Initialized Assets subsystem within 0.1 seconds!
Initialized Icon Smoothing subsystem within 3 seconds!
Initialized Overlay subsystem within 10.4 seconds!
Initialized XKeyScore subsystem within 0 seconds!
Initialized Lighting subsystem within 8.7 seconds!
Initialized Shuttle subsystem within 32.3 seconds!
Initialized Squeak subsystem within 0 seconds!
Loaded 0 engraved messages on map Delta Station
Initialized Persistence subsystem within 0 seconds!
Initializations complete within 185.2 seconds!
Game start took 0s
runtime error: 
[12:50:14]Cannot read null.key
runtime error: 
[12:50:15]Cannot read null.martial_art
runtime error: 
[12:50:15]Cannot read null.martial_art
runtime error: 
[12:50:15]Invalid timer: Timer: Timer: -1, TTR: 143, Flags: , callBack: [0x21013475], callBack.object: the security officer's locker[0x200a69c](/obj/structure/closet/secure_closet/security/med), callBack.delegate:/obj/structure/closet/proc/take_contents()Prev: NULL, Next: NULL, SPENT(273.58), QDELETED, NO CALLBACK world.time: 287.77, head_offset: 0, practical_offset: 434
runtime error: 
[12:50:18]Cannot read null.key
runtime error: 
[12:50:18]Cannot read null.martial_art
runtime error: 
[12:50:18]Cannot read null.martial_art
runtime error: 
[12:50:29]Cannot read null.key
runtime error: 
[12:50:29]Cannot read null.martial_art
runtime error: 
[12:50:30]Cannot read null.martial_art
runtime error: 
[12:51:44]Cannot execute null.add reagent().
runtime error: 
[12:51:44]Cannot execute null.add reagent().
runtime error: 
[12:51:44]Cannot execute null.add reagent().
runtime error: 
[12:51:44]Cannot execute null.add reagent().
runtime error: 
[12:51:44]Cannot execute null.add reagent().
runtime error: 
[12:51:44]Cannot execute null.add reagent().
## WARNING: A ref was requested of an object with use_tag set but no tag: the new player in code/__HELPERS/unsorted.dm at line 1500 src:  usr: the new player.
runtime error: 
[12:53:06]Cannot read null.key
runtime error: 
[12:53:06]Cannot read null.martial_art
runtime error: 
[12:53:07]Cannot read null.martial_art
runtime error: 
[12:53:33]Cannot execute null.update remote sight().
runtime error: 
[12:53:33]Cannot execute null.get remote view fullscreens().
runtime error: 
[12:53:33]Cannot read null.len
runtime error: 
[12:53:55]Cannot read null.species
runtime error: 
[12:53:55]Cannot read null.species
runtime error: 
[12:53:55]Cannot execute null.update remote sight().
### VarEdit by MACIEKBAKI/(Mr Lmao): /turf/open/indestructible/tel1 telx=297 => 204
### VarEdit by MACIEKBAKI/(Mr Lmao): /turf/open/indestructible/tel1 tely=159 => 82
### VarEdit by MACIEKBAKI/(Mr Lmao): /turf/open/indestructible/tel1 telz=2 => 1
## WARNING: A ref was requested of an object with use_tag set but no tag: the new player in code/__HELPERS/unsorted.dm at line 1500 src:  usr: the new player.
runtime error: 
[12:55:16]Cannot read null.key
runtime error: 
[12:55:16]Cannot read null.martial_art
runtime error: 
[12:55:16]Cannot read null.martial_art
