

Starting up round ID . 16:26:01
---------------------
[16:26:02]ADMIN: Loading Banlist
[16:26:03]GAME: Saved mode is 'sandbox'
[16:26:20]ACCESS: Login: AlcaroIsAFrick from 127.0.0.1-1817465521 || BYOND v511
[16:26:20]ACCESS: Mob Login: AlcaroIsAFrick/(AlcaroIsAFrick) was assigned to a /mob/dead/new_player
[16:26:43]GAME: Hierophant's Arena loaded at at 148,184,5
[16:26:43]GAME: Biodome Beach loaded at at 25,152,5
[16:26:43]GAME: Ruin of Gluttony loaded at at 177,126,5
[16:26:43]GAME: Biodome Clown Planet loaded at at 107,156,5
[16:26:43]GAME: Ruin of Greed loaded at at 147,117,5
[16:26:44]GAME: Animal Hospital loaded at at 98,67,5
[16:26:44]GAME: The Wishgranter Cube loaded at at 71,186,5
[16:26:44]GAME: Seed Vault loaded at at 73,146,5
[16:26:44]GAME: Ripley loaded at at 114,190,5
[16:26:44]GAME: Salvation loaded at at 26,164,9
[16:26:45]GAME: Asteroid 5 loaded at at 149,114,9
[16:26:45]GAME: Unnamed Turreted Outpost loaded at at 66,146,10
[16:26:45]GAME: Abandoned Telecommunications Satellite loaded at at 31,115,8
[16:26:45]GAME: DJ Station loaded at at 182,108,8
[16:26:45]GAME: Abandoned Teleporter loaded at at 143,69,9
[16:26:46]GAME: Empty Shell loaded at at 23,66,7
[16:26:46]GAME: Derelict 1 loaded at at 47,70,11
[16:26:48]GAME: Derelict Tradepost loaded at at 169,38,4
[16:26:48]GAME: Asteroid 1 loaded at at 70,44,7
[16:26:48]GAME: Syndicate Ambush loaded at at 53,182,4
[16:26:48]GAME: Asteroid 4 loaded at at 53,62,7
[16:26:49]GAME: Biological Storage Facility loaded at at 30,121,7
[16:26:49]GAME: Asteroid 3 loaded at at 31,23,4
[16:26:49]GAME: Dinner for Two loaded at at 98,52,9
[16:26:49]GAME: Crashed Ship loaded at at 72,128,7
[16:28:01]ADMIN: AlcaroIsAFrick/(AlcaroIsAFrick) has toggled the server's hub status for the round, it is now on the hub.
[16:29:41]GAME: Explosion with size (0, 1, 5, 0) in area Unexplored Location (105,219,4)
[16:29:41]GAME: Explosion with size (0, 1, 5, 0) in area Unexplored Location (105,218,4)
[16:29:44]SAY: Officer Beepsky/ : Engaging patrol mode. (193,130,2)
[16:29:44]SAY: Prison Ofitser/ : Engaging patrol mode. (23,36,5)
[16:29:44]SAY: Prison Ofitser/ : Disengaging patrol mode. (23,36,5)
[16:29:48]EMOTE: *no key*/(Pegwing) : <b>Pegwing</b> turns and flies towards the gold coin. (114,221,4)
[16:29:51]EMOTE: *no key*/(Runtime) : <b>Runtime</b> lies down. (173,79,2)
[16:29:53]SAY: mouse/ : Squeek! (113,113,2)
[16:29:57]EMOTE: *no key*/(crab) : <b>The crab</b> clicks. (47,170,5)
[16:30:04]EMOTE: *no key*/(Citrus) : <b>Citrus</b> dozes off. (179,161,2)
[16:30:10]EMOTE: *no key*/(mouse) : <b>The mouse</b> shakes. (92,99,2)
[16:30:13]SAY: Medibot/ : I knew it, I should&#39;ve been a plastic surgeon. (154,73,1)
[16:30:13]EMOTE: *no key*/(Runtime) : <b>Runtime</b> shivers (173,79,2)
[16:30:17]SAY: emergency medibot/ : What kind of medbay is this? Everyone&#39;s dropping like flies. (222,84,1)
[16:30:17]EMOTE: *no key*/(Poly) : <b>Poly</b> turns and flies towards the Power-ON cartridge. (92,130,2)
[16:30:19]ACCESS: Mob Login: AlcaroIsAFrick/(A Fine Example Of Obesity) was assigned to a /mob/living/carbon/human
[16:30:31]EMOTE: *no key*/(Deempisi's Revenge V) : <b>Deempisi's Revenge V</b> jumps! (146,156,2)
[16:30:34]GAME: Explosion with size (0, 1, 5, 0) in area Unexplored Location (117,217,4)
[16:30:34]GAME: Explosion with size (0, 1, 5, 0) in area Unexplored Location (117,220,4)
[16:30:34]SAY: Swanson/ : AUUUUUU (113,83,2)
[16:30:40]ACCESS: Logout: AlcaroIsAFrick/(A Fine Example Of Obesity)
