

Starting up round ID . 16:26:01
---------------------
Initialized Blackbox subsystem within 0 seconds!
Initialized Server Tasks subsystem within 0 seconds!
Initialized Events subsystem within 0 seconds!
runtime error: 
[16:26:03]cannot read from list
[16:26:03]proc name: LoadJobs (/datum/controller/subsystem/job/proc/LoadJobs)
[16:26:03]  source file: job.dm,448
[16:26:03]  usr: null
[16:26:03]  src: Jobs (/datum/controller/subsystem/job)
[16:26:03]  call stack:
[16:26:03]Jobs (/datum/controller/subsystem/job): LoadJobs()
[16:26:03]Jobs (/datum/controller/subsystem/job): Initialize(699630)
[16:26:03]Master (/datum/controller/master): Initialize(10, 0)
Initialized Jobs subsystem within 0.1 seconds!
Initialized Ticker subsystem within 0 seconds!
Loading Delta Station...
Loaded station in 33.9s!
Ruin "Hierophant's Arena" placed at (159, 195, 5)
Ruin "Biodome Beach" placed at (40, 167, 5)
Ruin "Ruin of Gluttony" placed at (187, 136, 5)
Ruin "Biodome Clown Planet" placed at (123, 172, 5)
Ruin "Ruin of Greed" placed at (157, 127, 5)
Ruin "Animal Hospital" placed at (108, 81, 5)
Ruin "The Wishgranter Cube" placed at (86, 201, 5)
Ruin "Seed Vault" placed at (83, 156, 5)
Ruin "Ripley" placed at (117, 193, 5)
Ruin "Salvation" placed at (41, 179, 9)
Ruin "Asteroid 5" placed at (169, 134, 9)
Ruin "Unnamed Turreted Outpost" placed at (77, 155, 10)
Ruin "Abandoned Telecommunications Satellite" placed at (57, 143, 8)
Ruin "DJ Station" placed at (191, 119, 8)
Ruin "Abandoned Teleporter" placed at (149, 75, 9)
Ruin "Empty Shell" placed at (31, 73, 7)
Ruin "Derelict 1" placed at (67, 90, 11)
Ruin "Derelict Tradepost" placed at (189, 58, 4)
runtime error: 
[16:26:46]Cannot execute /datum/plant_gene/trait/glow (/datum/plant_gene/trait/glow).glow range().
[16:26:46]proc name: New (/obj/structure/glowshroom/New)
[16:26:46]  source file: glowshroom.dm,63
[16:26:46]  usr: null
[16:26:46]  src: the glowshroom (/obj/structure/glowshroom/single)
[16:26:46]  src.loc: the floor (175,58,4) (/turf/open/floor/plasteel)
[16:26:46]  call stack:
[16:26:46]the glowshroom (/obj/structure/glowshroom/single): New(the floor (175,58,4) (/turf/open/floor/plasteel), null, null)
[16:26:46]/dmm_suite (/dmm_suite): create atom(/obj/structure/glowshroom/sing... (/obj/structure/glowshroom/single), the floor (175,58,4) (/turf/open/floor/plasteel))
[16:26:46]/dmm_suite (/dmm_suite): instance atom(/obj/structure/glowshroom/sing... (/obj/structure/glowshroom/single), /list (/list), the floor (175,58,4) (/turf/open/floor/plasteel), 1)
[16:26:46]/dmm_suite (/dmm_suite): parse grid("\n/obj/structure/alien/weeds{\...", "da", 175, 58, 4, 1)
[16:26:46]/dmm_suite (/dmm_suite): load map impl(_maps/RandomRuins/SpaceRuins/b..., 169, 38, 4, 1, null, 1, -1e+031, 1e+031, -1e+031, 1e+031)
[16:26:46]/dmm_suite (/dmm_suite): load map(_maps/RandomRuins/SpaceRuins/b..., 169, 38, 4, 1, null, 1, null, null, null, null)
[16:26:46]Derelict Tradepost (/datum/map_template/ruin/space/bigderelict1): load(space (169,38,4) (/turf/open/space/basic), 1)
[16:26:46]the random ruin (/obj/effect/ruin_loader): Load(/list (/list), Derelict Tradepost (/datum/map_template/ruin/space/bigderelict1))
[16:26:46]seedRuins(/list (/list), 8, /area/space (/area/space), /list (/list))
[16:26:46]Mapping (/datum/controller/subsystem/mapping): Initialize(699631)
[16:26:46]Master (/datum/controller/master): Initialize(10, 0)
runtime error: 
[16:26:46]Cannot execute /datum/plant_gene/trait/glow (/datum/plant_gene/trait/glow).glow range().
[16:26:46]proc name: New (/obj/structure/glowshroom/New)
[16:26:46]  source file: glowshroom.dm,63
[16:26:46]  usr: null
[16:26:46]  src: the glowshroom (/obj/structure/glowshroom/single)
[16:26:46]  src.loc: the asteroid sand (179,56,4) (/turf/open/floor/plating/asteroid)
[16:26:46]  call stack:
[16:26:46]the glowshroom (/obj/structure/glowshroom/single): New(the asteroid sand (179,56,4) (/turf/open/floor/plating/asteroid), null, null)
[16:26:46]/dmm_suite (/dmm_suite): create atom(/obj/structure/glowshroom/sing... (/obj/structure/glowshroom/single), the asteroid sand (179,56,4) (/turf/open/floor/plating/asteroid))
[16:26:46]/dmm_suite (/dmm_suite): instance atom(/obj/structure/glowshroom/sing... (/obj/structure/glowshroom/single), /list (/list), the asteroid sand (179,56,4) (/turf/open/floor/plating/asteroid), 1)
[16:26:46]/dmm_suite (/dmm_suite): parse grid("\n/obj/effect/decal/cleanable/...", "dy", 179, 56, 4, 1)
[16:26:46]/dmm_suite (/dmm_suite): load map impl(_maps/RandomRuins/SpaceRuins/b..., 169, 38, 4, 1, null, 1, -1e+031, 1e+031, -1e+031, 1e+031)
[16:26:46]/dmm_suite (/dmm_suite): load map(_maps/RandomRuins/SpaceRuins/b..., 169, 38, 4, 1, null, 1, null, null, null, null)
[16:26:46]Derelict Tradepost (/datum/map_template/ruin/space/bigderelict1): load(space (169,38,4) (/turf/open/space/basic), 1)
[16:26:46]the random ruin (/obj/effect/ruin_loader): Load(/list (/list), Derelict Tradepost (/datum/map_template/ruin/space/bigderelict1))
[16:26:46]seedRuins(/list (/list), 8, /area/space (/area/space), /list (/list))
[16:26:46]Mapping (/datum/controller/subsystem/mapping): Initialize(699631)
[16:26:46]Master (/datum/controller/master): Initialize(10, 0)
runtime error: 
[16:26:46]Cannot execute /datum/plant_gene/trait/glow (/datum/plant_gene/trait/glow).glow range().
[16:26:46]proc name: New (/obj/structure/glowshroom/New)
[16:26:46]  source file: glowshroom.dm,63
[16:26:46]  usr: null
[16:26:46]  src: the glowshroom (/obj/structure/glowshroom/single)
[16:26:46]  src.loc: the shuttle floor (183,65,4) (/turf/open/floor/mineral/titanium/blue)
[16:26:46]  call stack:
[16:26:46]the glowshroom (/obj/structure/glowshroom/single): New(the shuttle floor (183,65,4) (/turf/open/floor/mineral/titanium/blue), null, null)
[16:26:46]/dmm_suite (/dmm_suite): create atom(/obj/structure/glowshroom/sing... (/obj/structure/glowshroom/single), the shuttle floor (183,65,4) (/turf/open/floor/mineral/titanium/blue))
[16:26:46]/dmm_suite (/dmm_suite): instance atom(/obj/structure/glowshroom/sing... (/obj/structure/glowshroom/single), /list (/list), the shuttle floor (183,65,4) (/turf/open/floor/mineral/titanium/blue), 1)
[16:26:46]/dmm_suite (/dmm_suite): parse grid("\n/obj/structure/alien/weeds{\...", "bg", 183, 65, 4, 1)
[16:26:46]/dmm_suite (/dmm_suite): load map impl(_maps/RandomRuins/SpaceRuins/b..., 169, 38, 4, 1, null, 1, -1e+031, 1e+031, -1e+031, 1e+031)
[16:26:46]/dmm_suite (/dmm_suite): load map(_maps/RandomRuins/SpaceRuins/b..., 169, 38, 4, 1, null, 1, null, null, null, null)
[16:26:46]Derelict Tradepost (/datum/map_template/ruin/space/bigderelict1): load(space (169,38,4) (/turf/open/space/basic), 1)
[16:26:46]the random ruin (/obj/effect/ruin_loader): Load(/list (/list), Derelict Tradepost (/datum/map_template/ruin/space/bigderelict1))
[16:26:46]seedRuins(/list (/list), 8, /area/space (/area/space), /list (/list))
[16:26:46]Mapping (/datum/controller/subsystem/mapping): Initialize(699631)
[16:26:46]Master (/datum/controller/master): Initialize(10, 0)
runtime error: 
[16:26:46]Cannot execute /datum/plant_gene/trait/glow (/datum/plant_gene/trait/glow).glow range().
[16:26:46]proc name: New (/obj/structure/glowshroom/New)
[16:26:46]  source file: glowshroom.dm,63
[16:26:46]  usr: null
[16:26:46]  src: the glowshroom (/obj/structure/glowshroom/single)
[16:26:46]  src.loc: the floor (185,60,4) (/turf/open/floor/plasteel)
[16:26:46]  call stack:
[16:26:46]the glowshroom (/obj/structure/glowshroom/single): New(the floor (185,60,4) (/turf/open/floor/plasteel), null, null)
[16:26:46]/dmm_suite (/dmm_suite): create atom(/obj/structure/glowshroom/sing... (/obj/structure/glowshroom/single), the floor (185,60,4) (/turf/open/floor/plasteel))
[16:26:46]/dmm_suite (/dmm_suite): instance atom(/obj/structure/glowshroom/sing... (/obj/structure/glowshroom/single), /list (/list), the floor (185,60,4) (/turf/open/floor/plasteel), 1)
[16:26:46]/dmm_suite (/dmm_suite): parse grid("\n/obj/structure/alien/weeds{\...", "cM", 185, 60, 4, 1)
[16:26:46]/dmm_suite (/dmm_suite): load map impl(_maps/RandomRuins/SpaceRuins/b..., 169, 38, 4, 1, null, 1, -1e+031, 1e+031, -1e+031, 1e+031)
[16:26:46]/dmm_suite (/dmm_suite): load map(_maps/RandomRuins/SpaceRuins/b..., 169, 38, 4, 1, null, 1, null, null, null, null)
[16:26:46]Derelict Tradepost (/datum/map_template/ruin/space/bigderelict1): load(space (169,38,4) (/turf/open/space/basic), 1)
[16:26:46]the random ruin (/obj/effect/ruin_loader): Load(/list (/list), Derelict Tradepost (/datum/map_template/ruin/space/bigderelict1))
[16:26:46]seedRuins(/list (/list), 8, /area/space (/area/space), /list (/list))
[16:26:46]Mapping (/datum/controller/subsystem/mapping): Initialize(699631)
[16:26:46]Master (/datum/controller/master): Initialize(10, 0)
runtime error: 
[16:26:47]Cannot execute /datum/plant_gene/trait/glow (/datum/plant_gene/trait/glow).glow range().
[16:26:47]proc name: New (/obj/structure/glowshroom/New)
[16:26:47]  source file: glowshroom.dm,63
[16:26:47]  usr: null
[16:26:47]  src: the glowshroom (/obj/structure/glowshroom/single)
[16:26:47]  src.loc: the asteroid sand (193,57,4) (/turf/open/floor/plating/asteroid)
[16:26:47]  call stack:
[16:26:47]the glowshroom (/obj/structure/glowshroom/single): New(the asteroid sand (193,57,4) (/turf/open/floor/plating/asteroid), null, null)
[16:26:47]/dmm_suite (/dmm_suite): create atom(/obj/structure/glowshroom/sing... (/obj/structure/glowshroom/single), the asteroid sand (193,57,4) (/turf/open/floor/plating/asteroid))
[16:26:47]/dmm_suite (/dmm_suite): instance atom(/obj/structure/glowshroom/sing... (/obj/structure/glowshroom/single), /list (/list), the asteroid sand (193,57,4) (/turf/open/floor/plating/asteroid), 1)
[16:26:47]/dmm_suite (/dmm_suite): parse grid("\n/obj/structure/alien/weeds{\...", "dt", 193, 57, 4, 1)
[16:26:47]/dmm_suite (/dmm_suite): load map impl(_maps/RandomRuins/SpaceRuins/b..., 169, 38, 4, 1, null, 1, -1e+031, 1e+031, -1e+031, 1e+031)
[16:26:47]/dmm_suite (/dmm_suite): load map(_maps/RandomRuins/SpaceRuins/b..., 169, 38, 4, 1, null, 1, null, null, null, null)
[16:26:47]Derelict Tradepost (/datum/map_template/ruin/space/bigderelict1): load(space (169,38,4) (/turf/open/space/basic), 1)
[16:26:47]the random ruin (/obj/effect/ruin_loader): Load(/list (/list), Derelict Tradepost (/datum/map_template/ruin/space/bigderelict1))
[16:26:47]seedRuins(/list (/list), 8, /area/space (/area/space), /list (/list))
[16:26:47]Mapping (/datum/controller/subsystem/mapping): Initialize(699631)
[16:26:47]Master (/datum/controller/master): Initialize(10, 0)
runtime error: 
[16:26:47]Cannot execute /datum/plant_gene/trait/glow (/datum/plant_gene/trait/glow).glow range().
[16:26:47]proc name: New (/obj/structure/glowshroom/New)
[16:26:47]  source file: glowshroom.dm,63
[16:26:47]  usr: null
[16:26:47]  src: the glowshroom (/obj/structure/glowshroom/single)
[16:26:47]  src.loc: the floor (196,54,4) (/turf/open/floor/plasteel)
[16:26:47]  call stack:
[16:26:47]the glowshroom (/obj/structure/glowshroom/single): New(the floor (196,54,4) (/turf/open/floor/plasteel), null, null)
[16:26:47]/dmm_suite (/dmm_suite): create atom(/obj/structure/glowshroom/sing... (/obj/structure/glowshroom/single), the floor (196,54,4) (/turf/open/floor/plasteel))
[16:26:47]/dmm_suite (/dmm_suite): instance atom(/obj/structure/glowshroom/sing... (/obj/structure/glowshroom/single), /list (/list), the floor (196,54,4) (/turf/open/floor/plasteel), 1)
[16:26:47]/dmm_suite (/dmm_suite): parse grid("\n/obj/structure/alien/weeds{\...", "dP", 196, 54, 4, 1)
[16:26:47]/dmm_suite (/dmm_suite): load map impl(_maps/RandomRuins/SpaceRuins/b..., 169, 38, 4, 1, null, 1, -1e+031, 1e+031, -1e+031, 1e+031)
[16:26:47]/dmm_suite (/dmm_suite): load map(_maps/RandomRuins/SpaceRuins/b..., 169, 38, 4, 1, null, 1, null, null, null, null)
[16:26:47]Derelict Tradepost (/datum/map_template/ruin/space/bigderelict1): load(space (169,38,4) (/turf/open/space/basic), 1)
[16:26:47]the random ruin (/obj/effect/ruin_loader): Load(/list (/list), Derelict Tradepost (/datum/map_template/ruin/space/bigderelict1))
[16:26:47]seedRuins(/list (/list), 8, /area/space (/area/space), /list (/list))
[16:26:47]Mapping (/datum/controller/subsystem/mapping): Initialize(699631)
[16:26:47]Master (/datum/controller/master): Initialize(10, 0)
runtime error: 
[16:26:47]Cannot execute /datum/plant_gene/trait/glow (/datum/plant_gene/trait/glow).glow range().
[16:26:47]proc name: New (/obj/structure/glowshroom/New)
[16:26:47]  source file: glowshroom.dm,63
[16:26:47]  usr: null
[16:26:47]  src: the glowshroom (/obj/structure/glowshroom/single)
[16:26:47]  src.loc: the floor (197,59,4) (/turf/open/floor/plasteel)
[16:26:47]  call stack:
[16:26:47]the glowshroom (/obj/structure/glowshroom/single): New(the floor (197,59,4) (/turf/open/floor/plasteel), null, null)
[16:26:47]/dmm_suite (/dmm_suite): create atom(/obj/structure/glowshroom/sing... (/obj/structure/glowshroom/single), the floor (197,59,4) (/turf/open/floor/plasteel))
[16:26:47]/dmm_suite (/dmm_suite): instance atom(/obj/structure/glowshroom/sing... (/obj/structure/glowshroom/single), /list (/list), the floor (197,59,4) (/turf/open/floor/plasteel), 1)
[16:26:47]/dmm_suite (/dmm_suite): parse grid("\n/obj/structure/alien/weeds{\...", "ci", 197, 59, 4, 1)
[16:26:47]/dmm_suite (/dmm_suite): load map impl(_maps/RandomRuins/SpaceRuins/b..., 169, 38, 4, 1, null, 1, -1e+031, 1e+031, -1e+031, 1e+031)
[16:26:47]/dmm_suite (/dmm_suite): load map(_maps/RandomRuins/SpaceRuins/b..., 169, 38, 4, 1, null, 1, null, null, null, null)
[16:26:47]Derelict Tradepost (/datum/map_template/ruin/space/bigderelict1): load(space (169,38,4) (/turf/open/space/basic), 1)
[16:26:47]the random ruin (/obj/effect/ruin_loader): Load(/list (/list), Derelict Tradepost (/datum/map_template/ruin/space/bigderelict1))
[16:26:47]seedRuins(/list (/list), 8, /area/space (/area/space), /list (/list))
[16:26:47]Mapping (/datum/controller/subsystem/mapping): Initialize(699631)
[16:26:47]Master (/datum/controller/master): Initialize(10, 0)
runtime error: 
[16:26:47]Cannot execute /datum/plant_gene/trait/glow (/datum/plant_gene/trait/glow).glow range().
[16:26:47]proc name: New (/obj/structure/glowshroom/New)
[16:26:47]  source file: glowshroom.dm,63
[16:26:47]  usr: null
[16:26:47]  src: the glowshroom (/obj/structure/glowshroom/single)
[16:26:47]  src.loc: the floor (198,62,4) (/turf/open/floor/plasteel)
[16:26:47]  call stack:
[16:26:47]the glowshroom (/obj/structure/glowshroom/single): New(the floor (198,62,4) (/turf/open/floor/plasteel), null, null)
[16:26:47]/dmm_suite (/dmm_suite): create atom(/obj/structure/glowshroom/sing... (/obj/structure/glowshroom/single), the floor (198,62,4) (/turf/open/floor/plasteel))
[16:26:47]/dmm_suite (/dmm_suite): instance atom(/obj/structure/glowshroom/sing... (/obj/structure/glowshroom/single), /list (/list), the floor (198,62,4) (/turf/open/floor/plasteel), 1)
[16:26:47]/dmm_suite (/dmm_suite): parse grid("\n/obj/structure/alien/weeds{\...", "ci", 198, 62, 4, 1)
[16:26:47]/dmm_suite (/dmm_suite): load map impl(_maps/RandomRuins/SpaceRuins/b..., 169, 38, 4, 1, null, 1, -1e+031, 1e+031, -1e+031, 1e+031)
[16:26:47]/dmm_suite (/dmm_suite): load map(_maps/RandomRuins/SpaceRuins/b..., 169, 38, 4, 1, null, 1, null, null, null, null)
[16:26:47]Derelict Tradepost (/datum/map_template/ruin/space/bigderelict1): load(space (169,38,4) (/turf/open/space/basic), 1)
[16:26:47]the random ruin (/obj/effect/ruin_loader): Load(/list (/list), Derelict Tradepost (/datum/map_template/ruin/space/bigderelict1))
[16:26:47]seedRuins(/list (/list), 8, /area/space (/area/space), /list (/list))
[16:26:47]Mapping (/datum/controller/subsystem/mapping): Initialize(699631)
[16:26:47]Master (/datum/controller/master): Initialize(10, 0)
runtime error: 
[16:26:47]Cannot execute /datum/plant_gene/trait/glow (/datum/plant_gene/trait/glow).glow range().
[16:26:47]proc name: New (/obj/structure/glowshroom/New)
[16:26:47]  source file: glowshroom.dm,63
[16:26:47]  usr: null
[16:26:47]  src: the glowshroom (/obj/structure/glowshroom/single)
[16:26:47]  src.loc: the floor (199,55,4) (/turf/open/floor/plasteel)
[16:26:47]  call stack:
[16:26:47]the glowshroom (/obj/structure/glowshroom/single): New(the floor (199,55,4) (/turf/open/floor/plasteel), null, null)
[16:26:47]/dmm_suite (/dmm_suite): create atom(/obj/structure/glowshroom/sing... (/obj/structure/glowshroom/single), the floor (199,55,4) (/turf/open/floor/plasteel))
[16:26:47]/dmm_suite (/dmm_suite): instance atom(/obj/structure/glowshroom/sing... (/obj/structure/glowshroom/single), /list (/list), the floor (199,55,4) (/turf/open/floor/plasteel), 1)
[16:26:47]/dmm_suite (/dmm_suite): parse grid("\n/obj/structure/alien/weeds{\...", "ci", 199, 55, 4, 1)
[16:26:47]/dmm_suite (/dmm_suite): load map impl(_maps/RandomRuins/SpaceRuins/b..., 169, 38, 4, 1, null, 1, -1e+031, 1e+031, -1e+031, 1e+031)
[16:26:47]/dmm_suite (/dmm_suite): load map(_maps/RandomRuins/SpaceRuins/b..., 169, 38, 4, 1, null, 1, null, null, null, null)
[16:26:47]Derelict Tradepost (/datum/map_template/ruin/space/bigderelict1): load(space (169,38,4) (/turf/open/space/basic), 1)
[16:26:47]the random ruin (/obj/effect/ruin_loader): Load(/list (/list), Derelict Tradepost (/datum/map_template/ruin/space/bigderelict1))
[16:26:47]seedRuins(/list (/list), 8, /area/space (/area/space), /list (/list))
[16:26:47]Mapping (/datum/controller/subsystem/mapping): Initialize(699631)
[16:26:47]Master (/datum/controller/master): Initialize(10, 0)
runtime error: 
[16:26:47]Cannot execute /datum/plant_gene/trait/glow (/datum/plant_gene/trait/glow).glow range().
[16:26:47]proc name: New (/obj/structure/glowshroom/New)
[16:26:47]  source file: glowshroom.dm,63
[16:26:47]  usr: null
[16:26:47]  src: the glowshroom (/obj/structure/glowshroom/single)
[16:26:47]  src.loc: the floor (201,59,4) (/turf/open/floor/plasteel)
[16:26:47]  call stack:
[16:26:47]the glowshroom (/obj/structure/glowshroom/single): New(the floor (201,59,4) (/turf/open/floor/plasteel), null, null)
[16:26:47]/dmm_suite (/dmm_suite): create atom(/obj/structure/glowshroom/sing... (/obj/structure/glowshroom/single), the floor (201,59,4) (/turf/open/floor/plasteel))
[16:26:47]/dmm_suite (/dmm_suite): instance atom(/obj/structure/glowshroom/sing... (/obj/structure/glowshroom/single), /list (/list), the floor (201,59,4) (/turf/open/floor/plasteel), 1)
[16:26:47]/dmm_suite (/dmm_suite): parse grid("\n/obj/structure/alien/weeds{\...", "ci", 201, 59, 4, 1)
[16:26:47]/dmm_suite (/dmm_suite): load map impl(_maps/RandomRuins/SpaceRuins/b..., 169, 38, 4, 1, null, 1, -1e+031, 1e+031, -1e+031, 1e+031)
[16:26:47]/dmm_suite (/dmm_suite): load map(_maps/RandomRuins/SpaceRuins/b..., 169, 38, 4, 1, null, 1, null, null, null, null)
[16:26:47]Derelict Tradepost (/datum/map_template/ruin/space/bigderelict1): load(space (169,38,4) (/turf/open/space/basic), 1)
[16:26:47]the random ruin (/obj/effect/ruin_loader): Load(/list (/list), Derelict Tradepost (/datum/map_template/ruin/space/bigderelict1))
[16:26:47]seedRuins(/list (/list), 8, /area/space (/area/space), /list (/list))
[16:26:47]Mapping (/datum/controller/subsystem/mapping): Initialize(699631)
[16:26:47]Master (/datum/controller/master): Initialize(10, 0)
runtime error: 
[16:26:47]Cannot execute /datum/plant_gene/trait/glow (/datum/plant_gene/trait/glow).glow range().
[16:26:47]proc name: New (/obj/structure/glowshroom/New)
[16:26:47]  source file: glowshroom.dm,63
[16:26:47]  usr: null
[16:26:47]  src: the glowshroom (/obj/structure/glowshroom/single)
[16:26:47]  src.loc: the asteroid sand (202,51,4) (/turf/open/floor/plating/asteroid)
[16:26:47]  call stack:
[16:26:47]the glowshroom (/obj/structure/glowshroom/single): New(the asteroid sand (202,51,4) (/turf/open/floor/plating/asteroid), null, null)
[16:26:47]/dmm_suite (/dmm_suite): create atom(/obj/structure/glowshroom/sing... (/obj/structure/glowshroom/single), the asteroid sand (202,51,4) (/turf/open/floor/plating/asteroid))
[16:26:47]/dmm_suite (/dmm_suite): instance atom(/obj/structure/glowshroom/sing... (/obj/structure/glowshroom/single), /list (/list), the asteroid sand (202,51,4) (/turf/open/floor/plating/asteroid), 1)
[16:26:47]/dmm_suite (/dmm_suite): parse grid("\n/obj/structure/alien/weeds{\...", "dt", 202, 51, 4, 1)
[16:26:47]/dmm_suite (/dmm_suite): load map impl(_maps/RandomRuins/SpaceRuins/b..., 169, 38, 4, 1, null, 1, -1e+031, 1e+031, -1e+031, 1e+031)
[16:26:47]/dmm_suite (/dmm_suite): load map(_maps/RandomRuins/SpaceRuins/b..., 169, 38, 4, 1, null, 1, null, null, null, null)
[16:26:47]Derelict Tradepost (/datum/map_template/ruin/space/bigderelict1): load(space (169,38,4) (/turf/open/space/basic), 1)
[16:26:47]the random ruin (/obj/effect/ruin_loader): Load(/list (/list), Derelict Tradepost (/datum/map_template/ruin/space/bigderelict1))
[16:26:47]seedRuins(/list (/list), 8, /area/space (/area/space), /list (/list))
[16:26:47]Mapping (/datum/controller/subsystem/mapping): Initialize(699631)
[16:26:47]Master (/datum/controller/master): Initialize(10, 0)
runtime error: 
[16:26:48]Cannot execute /datum/plant_gene/trait/glow (/datum/plant_gene/trait/glow).glow range().
[16:26:48]proc name: New (/obj/structure/glowshroom/New)
[16:26:48]  source file: glowshroom.dm,63
[16:26:48]  usr: null
[16:26:48]  src: the glowshroom (/obj/structure/glowshroom/single)
[16:26:48]  src.loc: the floor (203,65,4) (/turf/open/floor/plasteel)
[16:26:48]  call stack:
[16:26:48]the glowshroom (/obj/structure/glowshroom/single): New(the floor (203,65,4) (/turf/open/floor/plasteel), null, null)
[16:26:48]/dmm_suite (/dmm_suite): create atom(/obj/structure/glowshroom/sing... (/obj/structure/glowshroom/single), the floor (203,65,4) (/turf/open/floor/plasteel))
[16:26:48]/dmm_suite (/dmm_suite): instance atom(/obj/structure/glowshroom/sing... (/obj/structure/glowshroom/single), /list (/list), the floor (203,65,4) (/turf/open/floor/plasteel), 1)
[16:26:48]/dmm_suite (/dmm_suite): parse grid("\n/obj/structure/alien/weeds{\...", "bo", 203, 65, 4, 1)
[16:26:48]/dmm_suite (/dmm_suite): load map impl(_maps/RandomRuins/SpaceRuins/b..., 169, 38, 4, 1, null, 1, -1e+031, 1e+031, -1e+031, 1e+031)
[16:26:48]/dmm_suite (/dmm_suite): load map(_maps/RandomRuins/SpaceRuins/b..., 169, 38, 4, 1, null, 1, null, null, null, null)
[16:26:48]Derelict Tradepost (/datum/map_template/ruin/space/bigderelict1): load(space (169,38,4) (/turf/open/space/basic), 1)
[16:26:48]the random ruin (/obj/effect/ruin_loader): Load(/list (/list), Derelict Tradepost (/datum/map_template/ruin/space/bigderelict1))
[16:26:48]seedRuins(/list (/list), 8, /area/space (/area/space), /list (/list))
[16:26:48]Mapping (/datum/controller/subsystem/mapping): Initialize(699631)
[16:26:48]Master (/datum/controller/master): Initialize(10, 0)
runtime error: 
[16:26:48]Cannot execute /datum/plant_gene/trait/glow (/datum/plant_gene/trait/glow).glow range().
[16:26:48]proc name: New (/obj/structure/glowshroom/New)
[16:26:48]  source file: glowshroom.dm,63
[16:26:48]  usr: null
[16:26:48]  src: the glowshroom (/obj/structure/glowshroom/single)
[16:26:48]  src.loc: the floor (204,58,4) (/turf/open/floor/plasteel)
[16:26:48]  call stack:
[16:26:48]the glowshroom (/obj/structure/glowshroom/single): New(the floor (204,58,4) (/turf/open/floor/plasteel), null, null)
[16:26:48]/dmm_suite (/dmm_suite): create atom(/obj/structure/glowshroom/sing... (/obj/structure/glowshroom/single), the floor (204,58,4) (/turf/open/floor/plasteel))
[16:26:48]/dmm_suite (/dmm_suite): instance atom(/obj/structure/glowshroom/sing... (/obj/structure/glowshroom/single), /list (/list), the floor (204,58,4) (/turf/open/floor/plasteel), 1)
[16:26:48]/dmm_suite (/dmm_suite): parse grid("\n/obj/structure/alien/weeds{\...", "ci", 204, 58, 4, 1)
[16:26:48]/dmm_suite (/dmm_suite): load map impl(_maps/RandomRuins/SpaceRuins/b..., 169, 38, 4, 1, null, 1, -1e+031, 1e+031, -1e+031, 1e+031)
[16:26:48]/dmm_suite (/dmm_suite): load map(_maps/RandomRuins/SpaceRuins/b..., 169, 38, 4, 1, null, 1, null, null, null, null)
[16:26:48]Derelict Tradepost (/datum/map_template/ruin/space/bigderelict1): load(space (169,38,4) (/turf/open/space/basic), 1)
[16:26:48]the random ruin (/obj/effect/ruin_loader): Load(/list (/list), Derelict Tradepost (/datum/map_template/ruin/space/bigderelict1))
[16:26:48]seedRuins(/list (/list), 8, /area/space (/area/space), /list (/list))
[16:26:48]Mapping (/datum/controller/subsystem/mapping): Initialize(699631)
[16:26:48]Master (/datum/controller/master): Initialize(10, 0)
runtime error: 
[16:26:48]Cannot execute /datum/plant_gene/trait/glow (/datum/plant_gene/trait/glow).glow range().
[16:26:48]proc name: New (/obj/structure/glowshroom/New)
[16:26:48]  source file: glowshroom.dm,63
[16:26:48]  usr: null
[16:26:48]  src: the glowshroom (/obj/structure/glowshroom/single)
[16:26:48]  src.loc: the floor (205,62,4) (/turf/open/floor/plasteel)
[16:26:48]  call stack:
[16:26:48]the glowshroom (/obj/structure/glowshroom/single): New(the floor (205,62,4) (/turf/open/floor/plasteel), null, null)
[16:26:48]/dmm_suite (/dmm_suite): create atom(/obj/structure/glowshroom/sing... (/obj/structure/glowshroom/single), the floor (205,62,4) (/turf/open/floor/plasteel))
[16:26:48]/dmm_suite (/dmm_suite): instance atom(/obj/structure/glowshroom/sing... (/obj/structure/glowshroom/single), /list (/list), the floor (205,62,4) (/turf/open/floor/plasteel), 1)
[16:26:48]/dmm_suite (/dmm_suite): parse grid("\n/obj/structure/alien/weeds{\...", "cl", 205, 62, 4, 1)
[16:26:48]/dmm_suite (/dmm_suite): load map impl(_maps/RandomRuins/SpaceRuins/b..., 169, 38, 4, 1, null, 1, -1e+031, 1e+031, -1e+031, 1e+031)
[16:26:48]/dmm_suite (/dmm_suite): load map(_maps/RandomRuins/SpaceRuins/b..., 169, 38, 4, 1, null, 1, null, null, null, null)
[16:26:48]Derelict Tradepost (/datum/map_template/ruin/space/bigderelict1): load(space (169,38,4) (/turf/open/space/basic), 1)
[16:26:48]the random ruin (/obj/effect/ruin_loader): Load(/list (/list), Derelict Tradepost (/datum/map_template/ruin/space/bigderelict1))
[16:26:48]seedRuins(/list (/list), 8, /area/space (/area/space), /list (/list))
[16:26:48]Mapping (/datum/controller/subsystem/mapping): Initialize(699631)
[16:26:48]Master (/datum/controller/master): Initialize(10, 0)
runtime error: 
[16:26:48]Cannot execute /datum/plant_gene/trait/glow (/datum/plant_gene/trait/glow).glow range().
[16:26:48]proc name: New (/obj/structure/glowshroom/New)
[16:26:48]  source file: glowshroom.dm,63
[16:26:48]  usr: null
[16:26:48]  src: the glowshroom (/obj/structure/glowshroom/single)
[16:26:48]  src.loc: the asteroid sand (206,55,4) (/turf/open/floor/plating/asteroid)
[16:26:48]  call stack:
[16:26:48]the glowshroom (/obj/structure/glowshroom/single): New(the asteroid sand (206,55,4) (/turf/open/floor/plating/asteroid), null, null)
[16:26:48]/dmm_suite (/dmm_suite): create atom(/obj/structure/glowshroom/sing... (/obj/structure/glowshroom/single), the asteroid sand (206,55,4) (/turf/open/floor/plating/asteroid))
[16:26:48]/dmm_suite (/dmm_suite): instance atom(/obj/structure/glowshroom/sing... (/obj/structure/glowshroom/single), /list (/list), the asteroid sand (206,55,4) (/turf/open/floor/plating/asteroid), 1)
[16:26:48]/dmm_suite (/dmm_suite): parse grid("\n/obj/structure/alien/weeds{\...", "dt", 206, 55, 4, 1)
[16:26:48]/dmm_suite (/dmm_suite): load map impl(_maps/RandomRuins/SpaceRuins/b..., 169, 38, 4, 1, null, 1, -1e+031, 1e+031, -1e+031, 1e+031)
[16:26:48]/dmm_suite (/dmm_suite): load map(_maps/RandomRuins/SpaceRuins/b..., 169, 38, 4, 1, null, 1, null, null, null, null)
[16:26:48]Derelict Tradepost (/datum/map_template/ruin/space/bigderelict1): load(space (169,38,4) (/turf/open/space/basic), 1)
[16:26:48]the random ruin (/obj/effect/ruin_loader): Load(/list (/list), Derelict Tradepost (/datum/map_template/ruin/space/bigderelict1))
[16:26:48]seedRuins(/list (/list), 8, /area/space (/area/space), /list (/list))
[16:26:48]Mapping (/datum/controller/subsystem/mapping): Initialize(699631)
[16:26:48]Master (/datum/controller/master): Initialize(10, 0)
Ruin "Asteroid 1" placed at (80, 54, 7)
Ruin "Syndicate Ambush" placed at (101, 204, 4)
Ruin "Asteroid 4" placed at (63, 72, 7)
Ruin "Biological Storage Facility" placed at (40, 131, 7)
Ruin "Asteroid 3" placed at (41, 33, 4)
Ruin "Dinner for Two" placed at (118, 72, 9)
Ruin "Crashed Ship" placed at (102, 152, 7)
Initialized Mapping subsystem within 46.8 seconds!
runtime error: 
[16:26:51]Cannot execute null.add reagent().
[16:26:51]proc name: Initialize (/obj/effect/decal/cleanable/blood/gibs/Initialize)
[16:26:51]  source file: humans.dm,57
runtime error: 
[16:26:51]Cannot execute null.add reagent().
[16:26:51]proc name: Initialize (/obj/effect/decal/cleanable/blood/gibs/Initialize)
[16:26:51]  source file: humans.dm,57
runtime error: 
[16:26:51]Cannot execute null.add reagent().
[16:26:51]proc name: Initialize (/obj/effect/decal/cleanable/blood/gibs/Initialize)
[16:26:51]  source file: humans.dm,57
runtime error: 
[16:26:51]Cannot execute null.add reagent().
[16:26:51]proc name: Initialize (/obj/effect/decal/cleanable/blood/gibs/Initialize)
[16:26:51]  source file: humans.dm,57
runtime error: 
[16:26:52]Cannot execute null.add reagent().
[16:26:52]proc name: Initialize (/obj/effect/decal/cleanable/oil/Initialize)
[16:26:52]  source file: robots.dm,52
runtime error: 
[16:26:52]Cannot execute null.add reagent().
[16:26:52]proc name: Initialize (/obj/effect/decal/cleanable/oil/Initialize)
[16:26:52]  source file: robots.dm,52
runtime error: 
[16:26:55]Cannot execute null.add reagent().
[16:26:55]proc name: Initialize (/obj/effect/decal/cleanable/oil/Initialize)
[16:26:55]  source file: robots.dm,52
runtime error: 
[16:26:55]Cannot execute null.add reagent().
[16:26:55]proc name: Initialize (/obj/effect/decal/cleanable/oil/Initialize)
[16:26:55]  source file: robots.dm,52
runtime error: 
[16:26:56]Cannot execute null.add reagent().
[16:26:56]proc name: Initialize (/obj/effect/decal/cleanable/oil/Initialize)
[16:26:56]  source file: robots.dm,52
runtime error: 
[16:26:56]Cannot execute null.add reagent().
[16:26:56]proc name: Initialize (/obj/effect/decal/cleanable/blood/gibs/Initialize)
[16:26:56]  source file: humans.dm,57
runtime error: 
[16:26:56]Cannot execute null.add reagent().
[16:26:56]proc name: Initialize (/obj/effect/decal/cleanable/blood/gibs/Initialize)
[16:26:56]  source file: humans.dm,57
runtime error: 
[16:26:56]Cannot execute null.add reagent().
[16:26:56]proc name: Initialize (/obj/effect/decal/cleanable/oil/Initialize)
[16:26:56]  source file: robots.dm,52
runtime error: 
[16:26:56]Cannot execute null.add reagent().
[16:26:56]proc name: Initialize (/obj/effect/decal/cleanable/blood/gibs/Initialize)
[16:26:56]  source file: humans.dm,57
runtime error: 
[16:26:56]Cannot execute null.add reagent().
[16:26:56]proc name: Initialize (/obj/effect/decal/cleanable/oil/Initialize)
[16:26:56]  source file: robots.dm,52
runtime error: 
[16:26:56]Cannot execute null.add reagent().
[16:26:56]proc name: Initialize (/obj/effect/decal/cleanable/blood/gibs/Initialize)
[16:26:56]  source file: humans.dm,57
runtime error: 
[16:26:57]Cannot execute null.add reagent().
[16:26:57]proc name: Initialize (/obj/effect/decal/cleanable/blood/gibs/Initialize)
[16:26:57]  source file: humans.dm,57
runtime error: 
[16:26:57]Cannot execute null.add reagent().
[16:26:57]proc name: Initialize (/obj/effect/decal/cleanable/oil/Initialize)
[16:26:57]  source file: robots.dm,52
runtime error: 
[16:26:57]Cannot execute null.add reagent().
[16:26:57]proc name: Initialize (/obj/effect/decal/cleanable/oil/Initialize)
[16:26:57]  source file: robots.dm,52
runtime error: 
[16:26:57]Cannot execute null.add reagent().
[16:26:57]proc name: Initialize (/obj/effect/decal/cleanable/oil/Initialize)
[16:26:57]  source file: robots.dm,52
runtime error: 
[16:26:58]Cannot execute null.add reagent().
[16:26:58]proc name: Initialize (/obj/effect/decal/cleanable/oil/Initialize)
[16:26:58]  source file: robots.dm,52
runtime error: 
[16:26:58]Cannot execute null.add reagent().
[16:26:58]proc name: Initialize (/obj/effect/decal/cleanable/oil/Initialize)
[16:26:58]  source file: robots.dm,52
runtime error: 
[16:26:58]Cannot execute null.add reagent().
[16:26:58]proc name: Initialize (/obj/effect/decal/cleanable/oil/Initialize)
[16:26:58]  source file: robots.dm,52
runtime error: 
[16:26:58]Cannot execute null.add reagent().
[16:26:58]proc name: Initialize (/obj/effect/decal/cleanable/oil/Initialize)
[16:26:58]  source file: robots.dm,52
runtime error: 
[16:26:58]Cannot execute null.add reagent().
[16:26:58]proc name: Initialize (/obj/effect/decal/cleanable/oil/Initialize)
[16:26:58]  source file: robots.dm,52
runtime error: 
[16:26:58]Cannot execute null.add reagent().
[16:26:58]proc name: Initialize (/obj/effect/decal/cleanable/oil/Initialize)
[16:26:58]  source file: robots.dm,52
runtime error: 
[16:26:58]Cannot execute null.add reagent().
[16:26:58]proc name: Initialize (/obj/effect/decal/cleanable/oil/Initialize)
[16:26:58]  source file: robots.dm,52
runtime error: 
[16:26:59]Cannot execute null.add reagent().
[16:26:59]proc name: Initialize (/obj/effect/decal/cleanable/oil/Initialize)
[16:26:59]  source file: robots.dm,52
runtime error: 
[16:26:59]Cannot execute null.add reagent().
[16:26:59]proc name: Initialize (/obj/effect/decal/cleanable/oil/Initialize)
[16:26:59]  source file: robots.dm,52
runtime error: 
[16:26:59]Cannot execute null.add reagent().
[16:26:59]proc name: Initialize (/obj/effect/decal/cleanable/oil/Initialize)
[16:26:59]  source file: robots.dm,52
runtime error: 
[16:26:59]Cannot execute null.add reagent().
[16:26:59]proc name: Initialize (/obj/effect/decal/cleanable/oil/Initialize)
[16:26:59]  source file: robots.dm,52
runtime error: 
[16:27:02]Cannot execute null.add reagent().
[16:27:02]proc name: Initialize (/obj/effect/decal/cleanable/oil/Initialize)
[16:27:02]  source file: robots.dm,52
runtime error: 
[16:27:02]Cannot execute null.add reagent().
[16:27:02]proc name: Initialize (/obj/effect/decal/cleanable/oil/Initialize)
[16:27:02]  source file: robots.dm,52
runtime error: 
[16:27:02]Cannot execute null.add reagent().
[16:27:02]proc name: Initialize (/obj/effect/decal/cleanable/oil/Initialize)
[16:27:02]  source file: robots.dm,52
runtime error: 
[16:27:02]Cannot execute null.add reagent().
[16:27:02]proc name: Initialize (/obj/effect/decal/cleanable/oil/Initialize)
[16:27:02]  source file: robots.dm,52
runtime error: 
[16:27:03]Cannot execute null.add reagent().
[16:27:03]proc name: Initialize (/obj/effect/decal/cleanable/oil/Initialize)
[16:27:03]  source file: robots.dm,52
runtime error: 
[16:27:03]Cannot execute null.add reagent().
[16:27:03]proc name: Initialize (/obj/effect/decal/cleanable/oil/Initialize)
[16:27:03]  source file: robots.dm,52
runtime error: 
[16:27:04]Cannot execute null.add reagent().
[16:27:04]proc name: Initialize (/obj/effect/decal/cleanable/oil/Initialize)
[16:27:04]  source file: robots.dm,52
runtime error: 
[16:27:05]Cannot execute null.add reagent().
[16:27:05]proc name: Initialize (/obj/effect/decal/cleanable/oil/Initialize)
[16:27:05]  source file: robots.dm,52
runtime error: 
[16:27:05]Cannot execute null.add reagent().
[16:27:05]proc name: Initialize (/obj/effect/decal/cleanable/oil/Initialize)
[16:27:05]  source file: robots.dm,52
runtime error: 
[16:27:06]Cannot execute null.add reagent().
[16:27:06]proc name: Initialize (/obj/effect/decal/cleanable/oil/Initialize)
[16:27:06]  source file: robots.dm,52
runtime error: 
[16:27:06]Cannot execute null.add reagent().
[16:27:06]proc name: Initialize (/obj/effect/decal/cleanable/oil/Initialize)
[16:27:06]  source file: robots.dm,52
runtime error: 
[16:27:06]Cannot execute null.add reagent().
[16:27:06]proc name: Initialize (/obj/effect/decal/cleanable/oil/Initialize)
[16:27:06]  source file: robots.dm,52
runtime error: 
[16:27:07]Cannot execute null.add reagent().
[16:27:07]proc name: Initialize (/obj/effect/decal/cleanable/oil/Initialize)
[16:27:07]  source file: robots.dm,52
runtime error: 
[16:27:07]Cannot execute null.add reagent().
[16:27:07]proc name: Initialize (/obj/effect/decal/cleanable/oil/Initialize)
[16:27:07]  source file: robots.dm,52
runtime error: 
[16:27:08]Cannot execute null.add reagent().
[16:27:08]proc name: Initialize (/obj/effect/decal/cleanable/oil/Initialize)
[16:27:08]  source file: robots.dm,52
runtime error: 
[16:27:08]Cannot execute null.add reagent().
[16:27:08]proc name: Initialize (/obj/effect/decal/cleanable/oil/Initialize)
[16:27:08]  source file: robots.dm,52
runtime error: 
[16:27:08]Cannot execute null.add reagent().
[16:27:08]proc name: Initialize (/obj/effect/decal/cleanable/ash/Initialize)
[16:27:08]  source file: misc.dm,16
runtime error: 
[16:27:08]Cannot execute null.add reagent().
[16:27:08]proc name: Initialize (/obj/effect/decal/cleanable/oil/Initialize)
[16:27:08]  source file: robots.dm,52
runtime error: 
[16:27:09]Cannot execute null.add reagent().
[16:27:09]proc name: Initialize (/obj/effect/decal/cleanable/oil/Initialize)
[16:27:09]  source file: robots.dm,52
runtime error: 
[16:27:09]Cannot execute null.add reagent().
[16:27:09]proc name: Initialize (/obj/effect/decal/cleanable/oil/Initialize)
[16:27:09]  source file: robots.dm,52
runtime error: 
[16:27:09]Cannot execute null.add reagent().
[16:27:09]proc name: Initialize (/obj/effect/decal/cleanable/blood/gibs/Initialize)
[16:27:09]  source file: humans.dm,57
runtime error: 
[16:27:09]Cannot execute null.add reagent().
[16:27:09]proc name: Initialize (/obj/effect/decal/cleanable/blood/gibs/Initialize)
[16:27:09]  source file: humans.dm,57
runtime error: 
[16:27:09]Cannot execute null.add reagent().
[16:27:09]proc name: Initialize (/obj/effect/decal/cleanable/blood/gibs/Initialize)
[16:27:09]  source file: humans.dm,57
runtime error: 
[16:27:09]Cannot execute null.add reagent().
[16:27:09]proc name: Initialize (/obj/effect/decal/cleanable/blood/gibs/Initialize)
[16:27:09]  source file: humans.dm,57
runtime error: 
[16:27:09]Cannot execute null.add reagent().
[16:27:09]proc name: Initialize (/obj/effect/decal/cleanable/blood/gibs/Initialize)
[16:27:09]  source file: humans.dm,57
runtime error: 
[16:27:09]Cannot execute null.add reagent().
[16:27:09]proc name: Initialize (/obj/effect/decal/cleanable/blood/gibs/Initialize)
[16:27:09]  source file: humans.dm,57
runtime error: 
[16:27:09]Cannot execute null.add reagent().
[16:27:09]proc name: Initialize (/obj/effect/decal/cleanable/blood/gibs/Initialize)
[16:27:09]  source file: humans.dm,57
runtime error: 
[16:27:10]Cannot execute null.add reagent().
[16:27:10]proc name: Initialize (/obj/effect/decal/cleanable/blood/gibs/Initialize)
[16:27:10]  source file: humans.dm,57
runtime error: 
[16:27:10]Cannot execute null.add reagent().
[16:27:10]proc name: Initialize (/obj/effect/decal/cleanable/blood/gibs/Initialize)
[16:27:10]  source file: humans.dm,57
runtime error: 
[16:27:10]Cannot execute null.add reagent().
[16:27:10]proc name: Initialize (/obj/effect/decal/cleanable/blood/gibs/Initialize)
[16:27:10]  source file: humans.dm,57
runtime error: 
[16:27:10]Cannot execute null.add reagent().
[16:27:10]proc name: Initialize (/obj/effect/decal/cleanable/blood/gibs/Initialize)
[16:27:10]  source file: humans.dm,57
runtime error: 
[16:27:10]Cannot execute null.add reagent().
[16:27:10]proc name: Initialize (/obj/effect/decal/cleanable/blood/gibs/Initialize)
[16:27:10]  source file: humans.dm,57
runtime error: 
[16:27:10]Cannot execute null.add reagent().
[16:27:10]proc name: Initialize (/obj/effect/decal/cleanable/blood/gibs/Initialize)
[16:27:10]  source file: humans.dm,57
runtime error: 
[16:27:10]Cannot execute null.add reagent().
[16:27:10]proc name: Initialize (/obj/effect/decal/cleanable/blood/gibs/Initialize)
[16:27:10]  source file: humans.dm,57
runtime error: 
[16:27:10]Cannot execute null.add reagent().
[16:27:10]proc name: Initialize (/obj/effect/decal/cleanable/blood/gibs/Initialize)
[16:27:10]  source file: humans.dm,57
runtime error: 
[16:27:10]Cannot execute null.add reagent().
[16:27:10]proc name: Initialize (/obj/effect/decal/cleanable/blood/gibs/Initialize)
[16:27:10]  source file: humans.dm,57
runtime error: 
[16:27:10]Cannot execute null.add reagent().
[16:27:10]proc name: Initialize (/obj/effect/decal/cleanable/blood/gibs/Initialize)
[16:27:10]  source file: humans.dm,57
runtime error: 
[16:27:10]Cannot execute null.add reagent().
[16:27:10]proc name: Initialize (/obj/effect/decal/cleanable/blood/gibs/Initialize)
[16:27:10]  source file: humans.dm,57
runtime error: 
[16:27:10]Cannot execute null.add reagent().
[16:27:10]proc name: Initialize (/obj/effect/decal/cleanable/blood/gibs/Initialize)
[16:27:10]  source file: humans.dm,57
runtime error: 
[16:27:10]Cannot execute null.add reagent().
[16:27:10]proc name: Initialize (/obj/effect/decal/cleanable/blood/gibs/Initialize)
[16:27:10]  source file: humans.dm,57
runtime error: 
[16:27:10]Cannot execute null.add reagent().
[16:27:10]proc name: Initialize (/obj/effect/decal/cleanable/blood/gibs/Initialize)
[16:27:10]  source file: humans.dm,57
runtime error: 
[16:27:11]Cannot execute null.add reagent().
[16:27:11]proc name: Initialize (/obj/effect/decal/cleanable/blood/gibs/Initialize)
[16:27:11]  source file: humans.dm,57
runtime error: 
[16:27:11]Cannot execute null.add reagent().
[16:27:11]proc name: Initialize (/obj/effect/decal/cleanable/blood/gibs/Initialize)
[16:27:11]  source file: humans.dm,57
runtime error: 
[16:27:11]Cannot execute null.add reagent().
[16:27:11]proc name: Initialize (/obj/effect/decal/cleanable/blood/gibs/Initialize)
[16:27:11]  source file: humans.dm,57
runtime error: 
[16:27:11]Cannot execute null.add reagent().
[16:27:11]proc name: Initialize (/obj/effect/decal/cleanable/blood/gibs/Initialize)
[16:27:11]  source file: humans.dm,57
runtime error: 
[16:27:11]Cannot execute null.add reagent().
[16:27:11]proc name: Initialize (/obj/effect/decal/cleanable/blood/gibs/Initialize)
[16:27:11]  source file: humans.dm,57
runtime error: 
[16:27:11]Cannot execute null.add reagent().
[16:27:11]proc name: Initialize (/obj/effect/decal/cleanable/blood/gibs/Initialize)
[16:27:11]  source file: humans.dm,57
runtime error: 
[16:27:11]Cannot execute null.add reagent().
[16:27:11]proc name: Initialize (/obj/effect/decal/cleanable/blood/gibs/Initialize)
[16:27:11]  source file: humans.dm,57
runtime error: 
[16:27:11]Cannot execute null.add reagent().
[16:27:11]Warning: further proc crash messages are being suppressed to prevent overload...
runtime error: 
[16:27:11]Cannot execute null.add reagent().
runtime error: 
[16:27:11]Cannot execute null.add reagent().
runtime error: 
[16:27:11]Cannot execute null.add reagent().
runtime error: 
[16:27:11]Cannot execute null.add reagent().
runtime error: 
[16:27:11]Cannot execute null.add reagent().
runtime error: 
[16:27:11]Cannot execute null.add reagent().
runtime error: 
[16:27:11]Cannot execute null.add reagent().
runtime error: 
[16:27:11]Cannot execute null.add reagent().
runtime error: 
[16:27:12]Cannot execute null.add reagent().
runtime error: 
[16:27:12]Cannot execute null.add reagent().
runtime error: 
[16:27:12]Cannot execute null.add reagent().
runtime error: 
[16:27:12]Cannot execute null.add reagent().
runtime error: 
[16:27:12]Cannot execute null.add reagent().
runtime error: 
[16:27:12]Cannot execute null.add reagent().
runtime error: 
[16:27:14]Undefined variable /obj/item/rupee/var/swimming

runtime error: 
[16:27:14]Undefined variable /obj/item/rupee/var/swimming

runtime error: 
[16:27:14]Undefined variable /obj/item/rupee/var/swimming

runtime error: 
[16:27:14]Cannot read null.temperature
runtime error: 
[16:27:14]Cannot read null.temperature
runtime error: 
[16:27:14]Cannot read null.temperature
runtime error: 
[16:27:14]Cannot read null.temperature
runtime error: 
[16:27:14]Undefined variable /obj/structure/signpost/salvation/var/swimming

runtime error: 
[16:27:14]Undefined variable /obj/item/rupee/var/swimming

runtime error: 
[16:27:14]Undefined variable /obj/item/rupee/var/swimming

runtime error: 
[16:27:14]Undefined variable /obj/item/rupee/var/swimming

runtime error: 
[16:27:14]Undefined variable /obj/item/rupee/var/swimming

runtime error: 
[16:27:14]Undefined variable /obj/item/rupee/var/swimming

runtime error: 
[16:27:14]Undefined variable /obj/item/rupee/var/swimming

runtime error: 
[16:27:14]Undefined variable /obj/effect/landmark/error/var/swimming

runtime error: 
[16:27:15]Undefined variable /obj/item/rupee/var/swimming

runtime error: 
[16:27:15]Undefined variable /obj/item/rupee/var/swimming

runtime error: 
[16:27:15]Undefined variable /obj/item/rupee/var/swimming

runtime error: 
[16:27:15]Undefined variable /obj/item/rupee/var/swimming

runtime error: 
[16:27:15]Undefined variable /obj/item/rupee/var/swimming

runtime error: 
[16:27:15]Undefined variable /obj/item/rupee/var/swimming

runtime error: 
[16:27:15]Undefined variable /obj/item/rupee/var/swimming

runtime error: 
[16:27:15]Undefined variable /obj/item/rupee/var/swimming

runtime error: 
[16:27:15]Undefined variable /obj/item/rupee/var/swimming

runtime error: 
[16:27:15]Undefined variable /obj/item/rupee/var/swimming

runtime error: 
[16:27:15]Undefined variable /obj/item/rupee/var/swimming

runtime error: 
[16:27:15]Undefined variable /obj/item/rupee/var/swimming

runtime error: 
[16:27:15]Undefined variable /obj/item/rupee/var/swimming

runtime error: 
[16:27:15]Undefined variable /obj/item/rupee/var/swimming

runtime error: 
[16:27:15]Undefined variable /obj/item/rupee/var/swimming

runtime error: 
[16:27:15]Undefined variable /obj/item/rupee/var/swimming

runtime error: 
[16:27:15]Undefined variable /obj/item/rupee/var/swimming

runtime error: 
[16:27:15]Undefined variable /obj/item/rupee/var/swimming

runtime error: 
[16:27:15]Undefined variable /obj/item/rupee/var/swimming

runtime error: 
[16:27:16]Undefined variable /obj/item/rupee/var/swimming

runtime error: 
[16:27:16]Undefined variable /obj/item/rupee/var/swimming

runtime error: 
[16:27:16]Undefined variable /obj/item/rupee/var/swimming

runtime error: 
[16:27:16]Undefined variable /obj/item/rupee/var/swimming

runtime error: 
[16:27:16]Undefined variable /obj/item/rupee/var/swimming

runtime error: 
[16:27:16]Undefined variable /obj/item/rupee/var/swimming

runtime error: 
[16:27:16]Undefined variable /obj/item/rupee/var/swimming

runtime error: 
[16:27:16]Undefined variable /obj/item/rupee/var/swimming

runtime error: 
[16:27:16]Undefined variable /obj/item/rupee/var/swimming

runtime error: 
[16:27:16]Undefined variable /obj/item/rupee/var/swimming

runtime error: 
[16:27:16]Undefined variable /obj/item/rupee/var/swimming

runtime error: 
[16:27:16]Undefined variable /obj/item/rupee/var/swimming

runtime error: 
[16:27:16]Undefined variable /obj/item/rupee/var/swimming

runtime error: 
[16:27:16]Undefined variable /obj/item/rupee/var/swimming

runtime error: 
[16:27:16]Undefined variable /obj/item/rupee/var/swimming

runtime error: 
[16:27:16]Undefined variable /obj/item/rupee/var/swimming

runtime error: 
[16:27:16]Undefined variable /obj/item/rupee/var/swimming

runtime error: 
[16:27:16]Undefined variable /obj/structure/speaking_tile/var/swimming

runtime error: 
[16:27:16]Undefined variable /obj/machinery/abductor/gland_dispenser/var/swimming

runtime error: 
[16:27:16]Undefined variable /obj/structure/table/abductor/var/swimming

runtime error: 
[16:27:16]Undefined variable /obj/item/surgicaldrill/alien/var/swimming

runtime error: 
[16:27:16]Cannot read null.temperature
runtime error: 
[16:27:17]undefined proc or verb /mob/living/simple_animal/bot/medbot/mysterious/remove overlay().

runtime error: 
[16:27:17]undefined proc or verb /mob/living/simple_animal/hostile/creature/remove overlay().

runtime error: 
[16:27:17]undefined proc or verb /mob/living/simple_animal/hostile/carp/cayenne/remove overlay().

runtime error: 
[16:27:18]undefined proc or verb /mob/dead/new_player/remove overlay().

runtime error: 
[16:27:19]Cannot execute null.add reagent().
runtime error: 
[16:27:19]Cannot execute null.add reagent().
runtime error: 
[16:27:19]undefined proc or verb /mob/living/simple_animal/bot/medbot/remove overlay().

runtime error: 
[16:27:19]Cannot execute null.add reagent().
runtime error: 
[16:27:19]undefined proc or verb /mob/living/simple_animal/cockroach/remove overlay().

runtime error: 
[16:27:19]undefined proc or verb /mob/living/simple_animal/cockroach/remove overlay().

runtime error: 
[16:27:19]undefined proc or verb /mob/living/simple_animal/cockroach/remove overlay().

runtime error: 
[16:27:19]Cannot execute null.add reagent().
runtime error: 
[16:27:19]Cannot execute null.add reagent().
runtime error: 
[16:27:19]Cannot execute null.add reagent().
runtime error: 
[16:27:19]Cannot execute null.add reagent().
runtime error: 
[16:27:19]undefined proc or verb /mob/living/simple_animal/cockroach/remove overlay().

runtime error: 
[16:27:19]undefined proc or verb /mob/living/simple_animal/cockroach/remove overlay().

runtime error: 
[16:27:20]Cannot execute null.add reagent().
runtime error: 
[16:27:20]Cannot execute null.add reagent().
runtime error: 
[16:27:20]undefined proc or verb /mob/living/simple_animal/pet/cat/Runtime/remove overlay().

runtime error: 
[16:27:20]undefined proc or verb /mob/living/simple_animal/cockroach/remove overlay().

runtime error: 
[16:27:20]Cannot execute null.add reagent().
runtime error: 
[16:27:20]undefined proc or verb /mob/living/simple_animal/pet/dog/pug/remove overlay().

runtime error: 
[16:27:20]undefined proc or verb /mob/living/simple_animal/cockroach/remove overlay().

runtime error: 
[16:27:20]undefined proc or verb /mob/living/simple_animal/cockroach/remove overlay().

runtime error: 
[16:27:20]undefined proc or verb /mob/living/simple_animal/cockroach/remove overlay().

runtime error: 
[16:27:20]undefined proc or verb /mob/living/simple_animal/slime/remove overlay().

runtime error: 
[16:27:21]undefined proc or verb /mob/living/simple_animal/slime/remove overlay().

runtime error: 
[16:27:21]undefined proc or verb /mob/living/simple_animal/slime/remove overlay().

runtime error: 
[16:27:21]undefined proc or verb /mob/living/simple_animal/cockroach/remove overlay().

runtime error: 
[16:27:21]undefined proc or verb /mob/living/simple_animal/cockroach/remove overlay().

runtime error: 
[16:27:21]undefined proc or verb /mob/living/simple_animal/pet/dog/corgi/Ian/remove overlay().

runtime error: 
[16:27:22]undefined proc or verb /mob/living/simple_animal/bot/secbot/pingsky/remove overlay().

runtime error: 
[16:27:22]undefined proc or verb /mob/living/simple_animal/parrot/Poly/remove overlay().

runtime error: 
[16:27:22]undefined proc or verb /mob/living/simple_animal/bot/secbot/beepsky/remove overlay().

runtime error: 
[16:27:22]undefined proc or verb /mob/living/simple_animal/pet/fox/Renault/remove overlay().

runtime error: 
[16:27:22]undefined proc or verb /mob/living/simple_animal/hostile/carp/cayenne/remove overlay().

runtime error: 
[16:27:23]undefined proc or verb /mob/living/simple_animal/cockroach/remove overlay().

runtime error: 
[16:27:23]undefined proc or verb /mob/living/simple_animal/hostile/retaliate/goat/remove overlay().

runtime error: 
[16:27:23]undefined proc or verb /mob/living/simple_animal/sloth/citrus/remove overlay().

runtime error: 
[16:27:23]undefined proc or verb /mob/living/simple_animal/cockroach/remove overlay().

runtime error: 
[16:27:23]undefined proc or verb /mob/living/simple_animal/mouse/remove overlay().

runtime error: 
[16:27:23]undefined proc or verb /mob/living/simple_animal/mouse/remove overlay().

runtime error: 
[16:27:23]undefined proc or verb /mob/living/simple_animal/bot/mulebot/remove overlay().

runtime error: 
[16:27:23]undefined proc or verb /mob/living/simple_animal/bot/mulebot/remove overlay().

runtime error: 
[16:27:23]undefined proc or verb /mob/living/simple_animal/cockroach/remove overlay().

runtime error: 
[16:27:23]undefined proc or verb /mob/living/simple_animal/hostile/lizard/remove overlay().

runtime error: 
[16:27:23]undefined proc or verb /mob/living/simple_animal/cockroach/remove overlay().

runtime error: 
[16:27:24]undefined proc or verb /mob/living/simple_animal/cockroach/remove overlay().

runtime error: 
[16:27:24]undefined proc or verb /mob/living/simple_animal/cockroach/remove overlay().

runtime error: 
[16:27:24]undefined proc or verb /mob/living/simple_animal/cockroach/remove overlay().

runtime error: 
[16:27:26]undefined proc or verb /mob/living/simple_animal/hostile/creature/remove overlay().

runtime error: 
[16:27:26]undefined proc or verb /mob/living/simple_animal/hostile/creature/remove overlay().

runtime error: 
[16:27:26]undefined proc or verb /mob/living/simple_animal/hostile/creature/remove overlay().

runtime error: 
[16:27:26]undefined proc or verb /mob/living/simple_animal/hostile/creature/remove overlay().

runtime error: 
[16:27:26]undefined proc or verb /mob/living/simple_animal/hostile/creature/remove overlay().

runtime error: 
[16:27:26]undefined proc or verb /mob/living/simple_animal/hostile/creature/remove overlay().

runtime error: 
[16:27:26]undefined proc or verb /mob/living/simple_animal/hostile/creature/remove overlay().

runtime error: 
[16:27:26]undefined proc or verb /mob/living/simple_animal/hostile/creature/remove overlay().

runtime error: 
[16:27:26]undefined proc or verb /mob/living/simple_animal/hostile/creature/remove overlay().

runtime error: 
[16:27:26]undefined proc or verb /mob/living/simple_animal/hostile/syndicate/ranged/space/remove overlay().

Initialized 900454 atoms
Initialized Atoms subsystem within 59.4 seconds!
Initialized Language subsystem within 0.1 seconds!
Initialized Machines subsystem within 1.1 seconds!
Initialized Circuit subsystem within 0 seconds!
Initialized Weather subsystem within 0 seconds!
## WARNING: There are 2 active turfs at roundstart, this is a mapping error caused by a difference of the air between the adjacent turfs. You can see its coordinates using "Mapping -> Show roundstart AT list" verb (debug verbs required)
## WARNING: HEY! LISTEN! 0.1 seconds were wasted processing 2 turf(s) (connected to 37 other turfs) with atmos differences at round start.
Initialized Atmospherics subsystem within 18.9 seconds!
Initialized Minimap subsystem within 0 seconds!
Initialized Assets subsystem within 0.4 seconds!
Initialized Icon Smoothing subsystem within 7.1 seconds!
Initialized Overlay subsystem within 33.5 seconds!
Initialized XKeyScore subsystem within 0 seconds!
Initialized Lighting subsystem within 20 seconds!
Initialized Shuttle subsystem within 24 seconds!
Initialized Squeak subsystem within 0.1 seconds!
Loaded 0 engraved messages on map Delta Station
Initialized Persistence subsystem within 0.1 seconds!
Initializations complete within 211.9 seconds!
Game start took 0s
## WARNING: A ref was requested of an object with use_tag set but no tag: AlcaroIsAFrick in code/__HELPERS/unsorted.dm at line 1500 src:  usr: AlcaroIsAFrick.
runtime error: 
[16:30:19]Cannot read null.key
