

Starting up round ID . 14:02:57
---------------------
Initialized Blackbox subsystem within 0 seconds!
Initialized Server Tasks subsystem within 0 seconds!
Initialized Events subsystem within 0 seconds!
runtime error: 
[14:02:58]cannot read from list
[14:02:58]proc name: LoadJobs (/datum/controller/subsystem/job/proc/LoadJobs)
[14:02:58]  source file: job.dm,448
[14:02:58]  usr: null
[14:02:58]  src: Jobs (/datum/controller/subsystem/job)
[14:02:58]  call stack:
[14:02:58]Jobs (/datum/controller/subsystem/job): LoadJobs()
[14:02:58]Jobs (/datum/controller/subsystem/job): Initialize(649782)
[14:02:58]Master (/datum/controller/master): Initialize(10, 0)
Initialized Jobs subsystem within 0 seconds!
Initialized Ticker subsystem within 0 seconds!
Loading Delta Station...
runtime error: 
[14:04:00]Cannot execute /datum/plant_gene/trait/glow (/datum/plant_gene/trait/glow).glow range().
[14:04:00]proc name: New (/obj/structure/glowshroom/New)
[14:04:00]  source file: glowshroom.dm,63
[14:04:00]  usr: null
[14:04:00]  src: the glowshroom (/obj/structure/glowshroom/single)
[14:04:00]  src.loc: Cave Floor (303,71,2) (/turf/open/floor/plating/asteroid)
[14:04:00]  call stack:
[14:04:00]the glowshroom (/obj/structure/glowshroom/single): New(Cave Floor (303,71,2) (/turf/open/floor/plating/asteroid), null, null)
[14:04:00]/dmm_suite (/dmm_suite): create atom(/obj/structure/glowshroom/sing... (/obj/structure/glowshroom/single), Cave Floor (303,71,2) (/turf/open/floor/plating/asteroid))
[14:04:00]/dmm_suite (/dmm_suite): instance atom(/obj/structure/glowshroom/sing... (/obj/structure/glowshroom/single), /list (/list), Cave Floor (303,71,2) (/turf/open/floor/plating/asteroid), 1)
[14:04:00]/dmm_suite (/dmm_suite): parse grid("/obj/structure/glowshroom/sing...", "eAY", 303, 71, 2, 1)
[14:04:00]/dmm_suite (/dmm_suite): load map impl(_maps/map_files/Deltastation/D..., 1, 1, 2, null, null, 1, -1e+031, 1e+031, -1e+031, 1e+031)
[14:04:00]/dmm_suite (/dmm_suite): load map(_maps/map_files/Deltastation/D..., 0, 0, 2, null, null, 1, null, null, null, null)
[14:04:00]Mapping (/datum/controller/subsystem/mapping): TryLoadZ("_maps/map_files/Deltastation/D...", /list (/list), 2, null)
[14:04:00]Mapping (/datum/controller/subsystem/mapping): loadWorld()
[14:04:00]Mapping (/datum/controller/subsystem/mapping): Initialize(649782)
[14:04:00]Master (/datum/controller/master): Initialize(10, 0)
runtime error: 
[14:04:00]Cannot execute /datum/plant_gene/trait/glow (/datum/plant_gene/trait/glow).glow range().
[14:04:00]proc name: New (/obj/structure/glowshroom/New)
[14:04:00]  source file: glowshroom.dm,63
[14:04:00]  usr: null
[14:04:00]  src: the glowshroom (/obj/structure/glowshroom/single)
[14:04:00]  src.loc: Cave Floor (306,70,2) (/turf/open/floor/plating/asteroid)
[14:04:00]  call stack:
[14:04:00]the glowshroom (/obj/structure/glowshroom/single): New(Cave Floor (306,70,2) (/turf/open/floor/plating/asteroid), null, null)
[14:04:00]/dmm_suite (/dmm_suite): create atom(/obj/structure/glowshroom/sing... (/obj/structure/glowshroom/single), Cave Floor (306,70,2) (/turf/open/floor/plating/asteroid))
[14:04:00]/dmm_suite (/dmm_suite): instance atom(/obj/structure/glowshroom/sing... (/obj/structure/glowshroom/single), /list (/list), Cave Floor (306,70,2) (/turf/open/floor/plating/asteroid), 1)
[14:04:00]/dmm_suite (/dmm_suite): parse grid("/obj/structure/glowshroom/sing...", "eAY", 306, 70, 2, 1)
[14:04:00]/dmm_suite (/dmm_suite): load map impl(_maps/map_files/Deltastation/D..., 1, 1, 2, null, null, 1, -1e+031, 1e+031, -1e+031, 1e+031)
[14:04:00]/dmm_suite (/dmm_suite): load map(_maps/map_files/Deltastation/D..., 0, 0, 2, null, null, 1, null, null, null, null)
[14:04:00]Mapping (/datum/controller/subsystem/mapping): TryLoadZ("_maps/map_files/Deltastation/D...", /list (/list), 2, null)
[14:04:00]Mapping (/datum/controller/subsystem/mapping): loadWorld()
[14:04:00]Mapping (/datum/controller/subsystem/mapping): Initialize(649782)
[14:04:00]Master (/datum/controller/master): Initialize(10, 0)
runtime error: 
[14:04:00]Cannot execute /datum/plant_gene/trait/glow (/datum/plant_gene/trait/glow).glow range().
[14:04:00]proc name: New (/obj/structure/glowshroom/New)
[14:04:00]  source file: glowshroom.dm,63
[14:04:00]  usr: null
[14:04:00]  src: the glowshroom (/obj/structure/glowshroom/single)
[14:04:00]  src.loc: Cave Floor (309,70,2) (/turf/open/floor/plating/asteroid)
[14:04:00]  call stack:
[14:04:00]the glowshroom (/obj/structure/glowshroom/single): New(Cave Floor (309,70,2) (/turf/open/floor/plating/asteroid), null, null)
[14:04:00]/dmm_suite (/dmm_suite): create atom(/obj/structure/glowshroom/sing... (/obj/structure/glowshroom/single), Cave Floor (309,70,2) (/turf/open/floor/plating/asteroid))
[14:04:00]/dmm_suite (/dmm_suite): instance atom(/obj/structure/glowshroom/sing... (/obj/structure/glowshroom/single), /list (/list), Cave Floor (309,70,2) (/turf/open/floor/plating/asteroid), 1)
[14:04:00]/dmm_suite (/dmm_suite): parse grid("/obj/structure/glowshroom/sing...", "eAY", 309, 70, 2, 1)
[14:04:00]/dmm_suite (/dmm_suite): load map impl(_maps/map_files/Deltastation/D..., 1, 1, 2, null, null, 1, -1e+031, 1e+031, -1e+031, 1e+031)
[14:04:00]/dmm_suite (/dmm_suite): load map(_maps/map_files/Deltastation/D..., 0, 0, 2, null, null, 1, null, null, null, null)
[14:04:00]Mapping (/datum/controller/subsystem/mapping): TryLoadZ("_maps/map_files/Deltastation/D...", /list (/list), 2, null)
[14:04:00]Mapping (/datum/controller/subsystem/mapping): loadWorld()
[14:04:00]Mapping (/datum/controller/subsystem/mapping): Initialize(649782)
[14:04:00]Master (/datum/controller/master): Initialize(10, 0)
runtime error: 
[14:04:00]Cannot execute /datum/plant_gene/trait/glow (/datum/plant_gene/trait/glow).glow range().
[14:04:00]proc name: New (/obj/structure/glowshroom/New)
[14:04:00]  source file: glowshroom.dm,63
[14:04:00]  usr: null
[14:04:00]  src: the glowshroom (/obj/structure/glowshroom/single)
[14:04:00]  src.loc: Cave Floor (302,69,2) (/turf/open/floor/plating/asteroid)
[14:04:00]  call stack:
[14:04:00]the glowshroom (/obj/structure/glowshroom/single): New(Cave Floor (302,69,2) (/turf/open/floor/plating/asteroid), null, null)
[14:04:00]/dmm_suite (/dmm_suite): create atom(/obj/structure/glowshroom/sing... (/obj/structure/glowshroom/single), Cave Floor (302,69,2) (/turf/open/floor/plating/asteroid))
[14:04:00]/dmm_suite (/dmm_suite): instance atom(/obj/structure/glowshroom/sing... (/obj/structure/glowshroom/single), /list (/list), Cave Floor (302,69,2) (/turf/open/floor/plating/asteroid), 1)
[14:04:00]/dmm_suite (/dmm_suite): parse grid("/obj/structure/glowshroom/sing...", "eAY", 302, 69, 2, 1)
[14:04:00]/dmm_suite (/dmm_suite): load map impl(_maps/map_files/Deltastation/D..., 1, 1, 2, null, null, 1, -1e+031, 1e+031, -1e+031, 1e+031)
[14:04:00]/dmm_suite (/dmm_suite): load map(_maps/map_files/Deltastation/D..., 0, 0, 2, null, null, 1, null, null, null, null)
[14:04:00]Mapping (/datum/controller/subsystem/mapping): TryLoadZ("_maps/map_files/Deltastation/D...", /list (/list), 2, null)
[14:04:00]Mapping (/datum/controller/subsystem/mapping): loadWorld()
[14:04:00]Mapping (/datum/controller/subsystem/mapping): Initialize(649782)
[14:04:00]Master (/datum/controller/master): Initialize(10, 0)
runtime error: 
[14:04:01]Cannot execute /datum/plant_gene/trait/glow (/datum/plant_gene/trait/glow).glow range().
[14:04:01]proc name: New (/obj/structure/glowshroom/New)
[14:04:01]  source file: glowshroom.dm,63
[14:04:01]  usr: null
[14:04:01]  src: the glowshroom (/obj/structure/glowshroom/single)
[14:04:01]  src.loc: Cave Floor (296,55,2) (/turf/open/floor/plating/asteroid)
[14:04:01]  call stack:
[14:04:01]the glowshroom (/obj/structure/glowshroom/single): New(Cave Floor (296,55,2) (/turf/open/floor/plating/asteroid), null, null)
[14:04:01]/dmm_suite (/dmm_suite): create atom(/obj/structure/glowshroom/sing... (/obj/structure/glowshroom/single), Cave Floor (296,55,2) (/turf/open/floor/plating/asteroid))
[14:04:01]/dmm_suite (/dmm_suite): instance atom(/obj/structure/glowshroom/sing... (/obj/structure/glowshroom/single), /list (/list), Cave Floor (296,55,2) (/turf/open/floor/plating/asteroid), 1)
[14:04:01]/dmm_suite (/dmm_suite): parse grid("/obj/structure/glowshroom/sing...", "eFL", 296, 55, 2, 1)
[14:04:01]/dmm_suite (/dmm_suite): load map impl(_maps/map_files/Deltastation/D..., 1, 1, 2, null, null, 1, -1e+031, 1e+031, -1e+031, 1e+031)
[14:04:01]/dmm_suite (/dmm_suite): load map(_maps/map_files/Deltastation/D..., 0, 0, 2, null, null, 1, null, null, null, null)
[14:04:01]Mapping (/datum/controller/subsystem/mapping): TryLoadZ("_maps/map_files/Deltastation/D...", /list (/list), 2, null)
[14:04:01]Mapping (/datum/controller/subsystem/mapping): loadWorld()
[14:04:01]Mapping (/datum/controller/subsystem/mapping): Initialize(649782)
[14:04:01]Master (/datum/controller/master): Initialize(10, 0)
runtime error: 
[14:04:01]Cannot execute /datum/plant_gene/trait/glow (/datum/plant_gene/trait/glow).glow range().
[14:04:01]proc name: New (/obj/structure/glowshroom/New)
[14:04:01]  source file: glowshroom.dm,63
[14:04:01]  usr: null
[14:04:01]  src: the glowshroom (/obj/structure/glowshroom/single)
[14:04:01]  src.loc: Cave Floor (299,55,2) (/turf/open/floor/plating/asteroid)
[14:04:01]  call stack:
[14:04:01]the glowshroom (/obj/structure/glowshroom/single): New(Cave Floor (299,55,2) (/turf/open/floor/plating/asteroid), null, null)
[14:04:01]/dmm_suite (/dmm_suite): create atom(/obj/structure/glowshroom/sing... (/obj/structure/glowshroom/single), Cave Floor (299,55,2) (/turf/open/floor/plating/asteroid))
[14:04:01]/dmm_suite (/dmm_suite): instance atom(/obj/structure/glowshroom/sing... (/obj/structure/glowshroom/single), /list (/list), Cave Floor (299,55,2) (/turf/open/floor/plating/asteroid), 1)
[14:04:01]/dmm_suite (/dmm_suite): parse grid("/obj/structure/glowshroom/sing...", "eFL", 299, 55, 2, 1)
[14:04:01]/dmm_suite (/dmm_suite): load map impl(_maps/map_files/Deltastation/D..., 1, 1, 2, null, null, 1, -1e+031, 1e+031, -1e+031, 1e+031)
[14:04:01]/dmm_suite (/dmm_suite): load map(_maps/map_files/Deltastation/D..., 0, 0, 2, null, null, 1, null, null, null, null)
[14:04:01]Mapping (/datum/controller/subsystem/mapping): TryLoadZ("_maps/map_files/Deltastation/D...", /list (/list), 2, null)
[14:04:01]Mapping (/datum/controller/subsystem/mapping): loadWorld()
[14:04:01]Mapping (/datum/controller/subsystem/mapping): Initialize(649782)
[14:04:01]Master (/datum/controller/master): Initialize(10, 0)
runtime error: 
[14:04:01]Cannot execute /datum/plant_gene/trait/glow (/datum/plant_gene/trait/glow).glow range().
[14:04:01]proc name: New (/obj/structure/glowshroom/New)
[14:04:01]  source file: glowshroom.dm,63
[14:04:01]  usr: null
[14:04:01]  src: the glowshroom (/obj/structure/glowshroom/single)
[14:04:01]  src.loc: Cave Floor (283,53,2) (/turf/open/floor/plating/asteroid)
[14:04:01]  call stack:
[14:04:01]the glowshroom (/obj/structure/glowshroom/single): New(Cave Floor (283,53,2) (/turf/open/floor/plating/asteroid), null, null)
[14:04:01]/dmm_suite (/dmm_suite): create atom(/obj/structure/glowshroom/sing... (/obj/structure/glowshroom/single), Cave Floor (283,53,2) (/turf/open/floor/plating/asteroid))
[14:04:01]/dmm_suite (/dmm_suite): instance atom(/obj/structure/glowshroom/sing... (/obj/structure/glowshroom/single), /list (/list), Cave Floor (283,53,2) (/turf/open/floor/plating/asteroid), 1)
[14:04:01]/dmm_suite (/dmm_suite): parse grid("/obj/structure/glowshroom/sing...", "eFL", 283, 53, 2, 1)
[14:04:01]/dmm_suite (/dmm_suite): load map impl(_maps/map_files/Deltastation/D..., 1, 1, 2, null, null, 1, -1e+031, 1e+031, -1e+031, 1e+031)
[14:04:01]/dmm_suite (/dmm_suite): load map(_maps/map_files/Deltastation/D..., 0, 0, 2, null, null, 1, null, null, null, null)
[14:04:01]Mapping (/datum/controller/subsystem/mapping): TryLoadZ("_maps/map_files/Deltastation/D...", /list (/list), 2, null)
[14:04:01]Mapping (/datum/controller/subsystem/mapping): loadWorld()
[14:04:01]Mapping (/datum/controller/subsystem/mapping): Initialize(649782)
[14:04:01]Master (/datum/controller/master): Initialize(10, 0)
runtime error: 
[14:04:01]Cannot execute /datum/plant_gene/trait/glow (/datum/plant_gene/trait/glow).glow range().
[14:04:01]proc name: New (/obj/structure/glowshroom/New)
[14:04:01]  source file: glowshroom.dm,63
[14:04:01]  usr: null
[14:04:01]  src: the glowshroom (/obj/structure/glowshroom/single)
[14:04:01]  src.loc: Cave Floor (302,53,2) (/turf/open/floor/plating/asteroid)
[14:04:01]  call stack:
[14:04:01]the glowshroom (/obj/structure/glowshroom/single): New(Cave Floor (302,53,2) (/turf/open/floor/plating/asteroid), null, null)
[14:04:01]/dmm_suite (/dmm_suite): create atom(/obj/structure/glowshroom/sing... (/obj/structure/glowshroom/single), Cave Floor (302,53,2) (/turf/open/floor/plating/asteroid))
[14:04:01]/dmm_suite (/dmm_suite): instance atom(/obj/structure/glowshroom/sing... (/obj/structure/glowshroom/single), /list (/list), Cave Floor (302,53,2) (/turf/open/floor/plating/asteroid), 1)
[14:04:01]/dmm_suite (/dmm_suite): parse grid("/obj/structure/glowshroom/sing...", "eFL", 302, 53, 2, 1)
[14:04:01]/dmm_suite (/dmm_suite): load map impl(_maps/map_files/Deltastation/D..., 1, 1, 2, null, null, 1, -1e+031, 1e+031, -1e+031, 1e+031)
[14:04:01]/dmm_suite (/dmm_suite): load map(_maps/map_files/Deltastation/D..., 0, 0, 2, null, null, 1, null, null, null, null)
[14:04:01]Mapping (/datum/controller/subsystem/mapping): TryLoadZ("_maps/map_files/Deltastation/D...", /list (/list), 2, null)
[14:04:01]Mapping (/datum/controller/subsystem/mapping): loadWorld()
[14:04:01]Mapping (/datum/controller/subsystem/mapping): Initialize(649782)
[14:04:01]Master (/datum/controller/master): Initialize(10, 0)
runtime error: 
[14:04:01]Cannot execute /datum/plant_gene/trait/glow (/datum/plant_gene/trait/glow).glow range().
[14:04:01]proc name: New (/obj/structure/glowshroom/New)
[14:04:01]  source file: glowshroom.dm,63
[14:04:01]  usr: null
[14:04:01]  src: the glowshroom (/obj/structure/glowshroom/single)
[14:04:01]  src.loc: Cave Floor (276,52,2) (/turf/open/floor/plating/asteroid)
[14:04:01]  call stack:
[14:04:01]the glowshroom (/obj/structure/glowshroom/single): New(Cave Floor (276,52,2) (/turf/open/floor/plating/asteroid), null, null)
[14:04:01]/dmm_suite (/dmm_suite): create atom(/obj/structure/glowshroom/sing... (/obj/structure/glowshroom/single), Cave Floor (276,52,2) (/turf/open/floor/plating/asteroid))
[14:04:01]/dmm_suite (/dmm_suite): instance atom(/obj/structure/glowshroom/sing... (/obj/structure/glowshroom/single), /list (/list), Cave Floor (276,52,2) (/turf/open/floor/plating/asteroid), 1)
[14:04:01]/dmm_suite (/dmm_suite): parse grid("/obj/structure/glowshroom/sing...", "eFL", 276, 52, 2, 1)
[14:04:01]/dmm_suite (/dmm_suite): load map impl(_maps/map_files/Deltastation/D..., 1, 1, 2, null, null, 1, -1e+031, 1e+031, -1e+031, 1e+031)
[14:04:01]/dmm_suite (/dmm_suite): load map(_maps/map_files/Deltastation/D..., 0, 0, 2, null, null, 1, null, null, null, null)
[14:04:01]Mapping (/datum/controller/subsystem/mapping): TryLoadZ("_maps/map_files/Deltastation/D...", /list (/list), 2, null)
[14:04:01]Mapping (/datum/controller/subsystem/mapping): loadWorld()
[14:04:01]Mapping (/datum/controller/subsystem/mapping): Initialize(649782)
[14:04:01]Master (/datum/controller/master): Initialize(10, 0)
runtime error: 
[14:04:01]Cannot execute /datum/plant_gene/trait/glow (/datum/plant_gene/trait/glow).glow range().
[14:04:01]proc name: New (/obj/structure/glowshroom/New)
[14:04:01]  source file: glowshroom.dm,63
[14:04:01]  usr: null
[14:04:01]  src: the glowshroom (/obj/structure/glowshroom/single)
[14:04:01]  src.loc: Cave Floor (292,51,2) (/turf/open/floor/plating/asteroid)
[14:04:01]  call stack:
[14:04:01]the glowshroom (/obj/structure/glowshroom/single): New(Cave Floor (292,51,2) (/turf/open/floor/plating/asteroid), null, null)
[14:04:01]/dmm_suite (/dmm_suite): create atom(/obj/structure/glowshroom/sing... (/obj/structure/glowshroom/single), Cave Floor (292,51,2) (/turf/open/floor/plating/asteroid))
[14:04:01]/dmm_suite (/dmm_suite): instance atom(/obj/structure/glowshroom/sing... (/obj/structure/glowshroom/single), /list (/list), Cave Floor (292,51,2) (/turf/open/floor/plating/asteroid), 1)
[14:04:01]/dmm_suite (/dmm_suite): parse grid("/obj/structure/glowshroom/sing...", "eFL", 292, 51, 2, 1)
[14:04:01]/dmm_suite (/dmm_suite): load map impl(_maps/map_files/Deltastation/D..., 1, 1, 2, null, null, 1, -1e+031, 1e+031, -1e+031, 1e+031)
[14:04:01]/dmm_suite (/dmm_suite): load map(_maps/map_files/Deltastation/D..., 0, 0, 2, null, null, 1, null, null, null, null)
[14:04:01]Mapping (/datum/controller/subsystem/mapping): TryLoadZ("_maps/map_files/Deltastation/D...", /list (/list), 2, null)
[14:04:01]Mapping (/datum/controller/subsystem/mapping): loadWorld()
[14:04:01]Mapping (/datum/controller/subsystem/mapping): Initialize(649782)
[14:04:01]Master (/datum/controller/master): Initialize(10, 0)
runtime error: 
[14:04:01]Cannot execute /datum/plant_gene/trait/glow (/datum/plant_gene/trait/glow).glow range().
[14:04:01]proc name: New (/obj/structure/glowshroom/New)
[14:04:01]  source file: glowshroom.dm,63
[14:04:01]  usr: null
[14:04:01]  src: the glowshroom (/obj/structure/glowshroom/single)
[14:04:01]  src.loc: Cave Floor (295,51,2) (/turf/open/floor/plating/asteroid)
[14:04:01]  call stack:
[14:04:01]the glowshroom (/obj/structure/glowshroom/single): New(Cave Floor (295,51,2) (/turf/open/floor/plating/asteroid), null, null)
[14:04:01]/dmm_suite (/dmm_suite): create atom(/obj/structure/glowshroom/sing... (/obj/structure/glowshroom/single), Cave Floor (295,51,2) (/turf/open/floor/plating/asteroid))
[14:04:01]/dmm_suite (/dmm_suite): instance atom(/obj/structure/glowshroom/sing... (/obj/structure/glowshroom/single), /list (/list), Cave Floor (295,51,2) (/turf/open/floor/plating/asteroid), 1)
[14:04:01]/dmm_suite (/dmm_suite): parse grid("/obj/structure/glowshroom/sing...", "eFL", 295, 51, 2, 1)
[14:04:01]/dmm_suite (/dmm_suite): load map impl(_maps/map_files/Deltastation/D..., 1, 1, 2, null, null, 1, -1e+031, 1e+031, -1e+031, 1e+031)
[14:04:01]/dmm_suite (/dmm_suite): load map(_maps/map_files/Deltastation/D..., 0, 0, 2, null, null, 1, null, null, null, null)
[14:04:01]Mapping (/datum/controller/subsystem/mapping): TryLoadZ("_maps/map_files/Deltastation/D...", /list (/list), 2, null)
[14:04:01]Mapping (/datum/controller/subsystem/mapping): loadWorld()
[14:04:01]Mapping (/datum/controller/subsystem/mapping): Initialize(649782)
[14:04:01]Master (/datum/controller/master): Initialize(10, 0)
runtime error: 
[14:04:01]Cannot execute /datum/plant_gene/trait/glow (/datum/plant_gene/trait/glow).glow range().
[14:04:01]proc name: New (/obj/structure/glowshroom/New)
[14:04:01]  source file: glowshroom.dm,63
[14:04:01]  usr: null
[14:04:01]  src: the glowshroom (/obj/structure/glowshroom/single)
[14:04:01]  src.loc: Cave Floor (258,49,2) (/turf/open/floor/plating/asteroid)
[14:04:01]  call stack:
[14:04:01]the glowshroom (/obj/structure/glowshroom/single): New(Cave Floor (258,49,2) (/turf/open/floor/plating/asteroid), null, null)
[14:04:01]/dmm_suite (/dmm_suite): create atom(/obj/structure/glowshroom/sing... (/obj/structure/glowshroom/single), Cave Floor (258,49,2) (/turf/open/floor/plating/asteroid))
[14:04:01]/dmm_suite (/dmm_suite): instance atom(/obj/structure/glowshroom/sing... (/obj/structure/glowshroom/single), /list (/list), Cave Floor (258,49,2) (/turf/open/floor/plating/asteroid), 1)
[14:04:01]/dmm_suite (/dmm_suite): parse grid("/obj/structure/glowshroom/sing...", "eFL", 258, 49, 2, 1)
[14:04:01]/dmm_suite (/dmm_suite): load map impl(_maps/map_files/Deltastation/D..., 1, 1, 2, null, null, 1, -1e+031, 1e+031, -1e+031, 1e+031)
[14:04:01]/dmm_suite (/dmm_suite): load map(_maps/map_files/Deltastation/D..., 0, 0, 2, null, null, 1, null, null, null, null)
[14:04:01]Mapping (/datum/controller/subsystem/mapping): TryLoadZ("_maps/map_files/Deltastation/D...", /list (/list), 2, null)
[14:04:01]Mapping (/datum/controller/subsystem/mapping): loadWorld()
[14:04:01]Mapping (/datum/controller/subsystem/mapping): Initialize(649782)
[14:04:01]Master (/datum/controller/master): Initialize(10, 0)
runtime error: 
[14:04:01]Cannot execute /datum/plant_gene/trait/glow (/datum/plant_gene/trait/glow).glow range().
[14:04:01]proc name: New (/obj/structure/glowshroom/New)
[14:04:01]  source file: glowshroom.dm,63
[14:04:01]  usr: null
[14:04:01]  src: the glowshroom (/obj/structure/glowshroom/single)
[14:04:01]  src.loc: Cave Floor (275,49,2) (/turf/open/floor/plating/asteroid)
[14:04:01]  call stack:
[14:04:01]the glowshroom (/obj/structure/glowshroom/single): New(Cave Floor (275,49,2) (/turf/open/floor/plating/asteroid), null, null)
[14:04:01]/dmm_suite (/dmm_suite): create atom(/obj/structure/glowshroom/sing... (/obj/structure/glowshroom/single), Cave Floor (275,49,2) (/turf/open/floor/plating/asteroid))
[14:04:01]/dmm_suite (/dmm_suite): instance atom(/obj/structure/glowshroom/sing... (/obj/structure/glowshroom/single), /list (/list), Cave Floor (275,49,2) (/turf/open/floor/plating/asteroid), 1)
[14:04:01]/dmm_suite (/dmm_suite): parse grid("/obj/structure/glowshroom/sing...", "eFL", 275, 49, 2, 1)
[14:04:01]/dmm_suite (/dmm_suite): load map impl(_maps/map_files/Deltastation/D..., 1, 1, 2, null, null, 1, -1e+031, 1e+031, -1e+031, 1e+031)
[14:04:01]/dmm_suite (/dmm_suite): load map(_maps/map_files/Deltastation/D..., 0, 0, 2, null, null, 1, null, null, null, null)
[14:04:01]Mapping (/datum/controller/subsystem/mapping): TryLoadZ("_maps/map_files/Deltastation/D...", /list (/list), 2, null)
[14:04:01]Mapping (/datum/controller/subsystem/mapping): loadWorld()
[14:04:01]Mapping (/datum/controller/subsystem/mapping): Initialize(649782)
[14:04:01]Master (/datum/controller/master): Initialize(10, 0)
runtime error: 
[14:04:01]Cannot execute /datum/plant_gene/trait/glow (/datum/plant_gene/trait/glow).glow range().
[14:04:01]proc name: New (/obj/structure/glowshroom/New)
[14:04:01]  source file: glowshroom.dm,63
[14:04:01]  usr: null
[14:04:01]  src: the glowshroom (/obj/structure/glowshroom/single)
[14:04:01]  src.loc: Cave Floor (261,48,2) (/turf/open/floor/plating/asteroid)
[14:04:01]  call stack:
[14:04:01]the glowshroom (/obj/structure/glowshroom/single): New(Cave Floor (261,48,2) (/turf/open/floor/plating/asteroid), null, null)
[14:04:01]/dmm_suite (/dmm_suite): create atom(/obj/structure/glowshroom/sing... (/obj/structure/glowshroom/single), Cave Floor (261,48,2) (/turf/open/floor/plating/asteroid))
[14:04:01]/dmm_suite (/dmm_suite): instance atom(/obj/structure/glowshroom/sing... (/obj/structure/glowshroom/single), /list (/list), Cave Floor (261,48,2) (/turf/open/floor/plating/asteroid), 1)
[14:04:01]/dmm_suite (/dmm_suite): parse grid("/obj/structure/glowshroom/sing...", "eFL", 261, 48, 2, 1)
[14:04:01]/dmm_suite (/dmm_suite): load map impl(_maps/map_files/Deltastation/D..., 1, 1, 2, null, null, 1, -1e+031, 1e+031, -1e+031, 1e+031)
[14:04:01]/dmm_suite (/dmm_suite): load map(_maps/map_files/Deltastation/D..., 0, 0, 2, null, null, 1, null, null, null, null)
[14:04:01]Mapping (/datum/controller/subsystem/mapping): TryLoadZ("_maps/map_files/Deltastation/D...", /list (/list), 2, null)
[14:04:01]Mapping (/datum/controller/subsystem/mapping): loadWorld()
[14:04:01]Mapping (/datum/controller/subsystem/mapping): Initialize(649782)
[14:04:01]Master (/datum/controller/master): Initialize(10, 0)
runtime error: 
[14:04:01]Cannot execute /datum/plant_gene/trait/glow (/datum/plant_gene/trait/glow).glow range().
[14:04:01]proc name: New (/obj/structure/glowshroom/New)
[14:04:01]  source file: glowshroom.dm,63
[14:04:01]  usr: null
[14:04:01]  src: the glowshroom (/obj/structure/glowshroom/single)
[14:04:01]  src.loc: Cave Floor (292,48,2) (/turf/open/floor/plating/asteroid)
[14:04:01]  call stack:
[14:04:01]the glowshroom (/obj/structure/glowshroom/single): New(Cave Floor (292,48,2) (/turf/open/floor/plating/asteroid), null, null)
[14:04:01]/dmm_suite (/dmm_suite): create atom(/obj/structure/glowshroom/sing... (/obj/structure/glowshroom/single), Cave Floor (292,48,2) (/turf/open/floor/plating/asteroid))
[14:04:01]/dmm_suite (/dmm_suite): instance atom(/obj/structure/glowshroom/sing... (/obj/structure/glowshroom/single), /list (/list), Cave Floor (292,48,2) (/turf/open/floor/plating/asteroid), 1)
[14:04:01]/dmm_suite (/dmm_suite): parse grid("/obj/structure/glowshroom/sing...", "eFL", 292, 48, 2, 1)
[14:04:01]/dmm_suite (/dmm_suite): load map impl(_maps/map_files/Deltastation/D..., 1, 1, 2, null, null, 1, -1e+031, 1e+031, -1e+031, 1e+031)
[14:04:01]/dmm_suite (/dmm_suite): load map(_maps/map_files/Deltastation/D..., 0, 0, 2, null, null, 1, null, null, null, null)
[14:04:01]Mapping (/datum/controller/subsystem/mapping): TryLoadZ("_maps/map_files/Deltastation/D...", /list (/list), 2, null)
[14:04:01]Mapping (/datum/controller/subsystem/mapping): loadWorld()
[14:04:01]Mapping (/datum/controller/subsystem/mapping): Initialize(649782)
[14:04:01]Master (/datum/controller/master): Initialize(10, 0)
runtime error: 
[14:04:01]Cannot execute /datum/plant_gene/trait/glow (/datum/plant_gene/trait/glow).glow range().
[14:04:01]proc name: New (/obj/structure/glowshroom/New)
[14:04:01]  source file: glowshroom.dm,63
runtime error: 
[14:04:01]Cannot execute /datum/plant_gene/trait/glow (/datum/plant_gene/trait/glow).glow range().
[14:04:01]proc name: New (/obj/structure/glowshroom/New)
[14:04:01]  source file: glowshroom.dm,63
runtime error: 
[14:04:01]Cannot execute /datum/plant_gene/trait/glow (/datum/plant_gene/trait/glow).glow range().
[14:04:01]proc name: New (/obj/structure/glowshroom/New)
[14:04:01]  source file: glowshroom.dm,63
runtime error: 
[14:04:01]Cannot execute /datum/plant_gene/trait/glow (/datum/plant_gene/trait/glow).glow range().
[14:04:01]proc name: New (/obj/structure/glowshroom/New)
[14:04:01]  source file: glowshroom.dm,63
runtime error: 
[14:04:01]Cannot execute /datum/plant_gene/trait/glow (/datum/plant_gene/trait/glow).glow range().
[14:04:01]proc name: New (/obj/structure/glowshroom/New)
[14:04:01]  source file: glowshroom.dm,63
runtime error: 
[14:04:01]Cannot execute /datum/plant_gene/trait/glow (/datum/plant_gene/trait/glow).glow range().
[14:04:01]proc name: New (/obj/structure/glowshroom/New)
[14:04:01]  source file: glowshroom.dm,63
runtime error: 
[14:04:01]Cannot execute /datum/plant_gene/trait/glow (/datum/plant_gene/trait/glow).glow range().
[14:04:01]proc name: New (/obj/structure/glowshroom/New)
[14:04:01]  source file: glowshroom.dm,63
runtime error: 
[14:04:01]Cannot execute /datum/plant_gene/trait/glow (/datum/plant_gene/trait/glow).glow range().
[14:04:01]proc name: New (/obj/structure/glowshroom/New)
[14:04:01]  source file: glowshroom.dm,63
runtime error: 
[14:04:01]Cannot execute /datum/plant_gene/trait/glow (/datum/plant_gene/trait/glow).glow range().
[14:04:01]proc name: New (/obj/structure/glowshroom/New)
[14:04:01]  source file: glowshroom.dm,63
runtime error: 
[14:04:01]Cannot execute /datum/plant_gene/trait/glow (/datum/plant_gene/trait/glow).glow range().
[14:04:01]proc name: New (/obj/structure/glowshroom/New)
[14:04:01]  source file: glowshroom.dm,63
runtime error: 
[14:04:01]Cannot execute /datum/plant_gene/trait/glow (/datum/plant_gene/trait/glow).glow range().
[14:04:01]proc name: New (/obj/structure/glowshroom/New)
[14:04:01]  source file: glowshroom.dm,63
runtime error: 
[14:04:02]Cannot execute /datum/plant_gene/trait/glow (/datum/plant_gene/trait/glow).glow range().
[14:04:02]proc name: New (/obj/structure/glowshroom/New)
[14:04:02]  source file: glowshroom.dm,63
runtime error: 
[14:04:02]Cannot execute /datum/plant_gene/trait/glow (/datum/plant_gene/trait/glow).glow range().
[14:04:02]proc name: New (/obj/structure/glowshroom/New)
[14:04:02]  source file: glowshroom.dm,63
runtime error: 
[14:04:02]Cannot execute /datum/plant_gene/trait/glow (/datum/plant_gene/trait/glow).glow range().
[14:04:02]proc name: New (/obj/structure/glowshroom/New)
[14:04:02]  source file: glowshroom.dm,63
runtime error: 
[14:04:02]Cannot execute /datum/plant_gene/trait/glow (/datum/plant_gene/trait/glow).glow range().
[14:04:02]proc name: New (/obj/structure/glowshroom/New)
[14:04:02]  source file: glowshroom.dm,63
runtime error: 
[14:04:02]Cannot execute /datum/plant_gene/trait/glow (/datum/plant_gene/trait/glow).glow range().
[14:04:02]proc name: New (/obj/structure/glowshroom/New)
[14:04:02]  source file: glowshroom.dm,63
runtime error: 
[14:04:02]Cannot execute /datum/plant_gene/trait/glow (/datum/plant_gene/trait/glow).glow range().
[14:04:02]proc name: New (/obj/structure/glowshroom/New)
[14:04:02]  source file: glowshroom.dm,63
runtime error: 
[14:04:02]Cannot execute /datum/plant_gene/trait/glow (/datum/plant_gene/trait/glow).glow range().
[14:04:02]proc name: New (/obj/structure/glowshroom/New)
[14:04:02]  source file: glowshroom.dm,63
runtime error: 
[14:04:02]Cannot execute /datum/plant_gene/trait/glow (/datum/plant_gene/trait/glow).glow range().
[14:04:02]proc name: New (/obj/structure/glowshroom/New)
[14:04:02]  source file: glowshroom.dm,63
runtime error: 
[14:04:02]Cannot execute /datum/plant_gene/trait/glow (/datum/plant_gene/trait/glow).glow range().
[14:04:02]proc name: New (/obj/structure/glowshroom/New)
[14:04:02]  source file: glowshroom.dm,63
runtime error: 
[14:04:02]Cannot execute /datum/plant_gene/trait/glow (/datum/plant_gene/trait/glow).glow range().
[14:04:02]proc name: New (/obj/structure/glowshroom/New)
[14:04:02]  source file: glowshroom.dm,63
runtime error: 
[14:04:02]Cannot execute /datum/plant_gene/trait/glow (/datum/plant_gene/trait/glow).glow range().
[14:04:02]proc name: New (/obj/structure/glowshroom/New)
[14:04:02]  source file: glowshroom.dm,63
runtime error: 
[14:04:02]Cannot execute /datum/plant_gene/trait/glow (/datum/plant_gene/trait/glow).glow range().
[14:04:02]proc name: New (/obj/structure/glowshroom/New)
[14:04:02]  source file: glowshroom.dm,63
runtime error: 
[14:04:02]Cannot execute /datum/plant_gene/trait/glow (/datum/plant_gene/trait/glow).glow range().
[14:04:02]proc name: New (/obj/structure/glowshroom/New)
[14:04:02]  source file: glowshroom.dm,63
runtime error: 
[14:04:02]Cannot execute /datum/plant_gene/trait/glow (/datum/plant_gene/trait/glow).glow range().
[14:04:02]proc name: New (/obj/structure/glowshroom/New)
[14:04:02]  source file: glowshroom.dm,63
runtime error: 
[14:04:02]Cannot execute /datum/plant_gene/trait/glow (/datum/plant_gene/trait/glow).glow range().
[14:04:02]proc name: New (/obj/structure/glowshroom/New)
[14:04:02]  source file: glowshroom.dm,63
Loaded station in 64.5s!
Initialized Mapping subsystem within 68.7 seconds!
runtime error: 
[14:04:07]Cannot execute null.add reagent().
[14:04:07]proc name: Initialize (/obj/effect/decal/cleanable/blood/gibs/Initialize)
[14:04:07]  source file: humans.dm,57
runtime error: 
[14:04:07]Cannot execute null.add reagent().
[14:04:07]proc name: Initialize (/obj/effect/decal/cleanable/blood/gibs/Initialize)
[14:04:07]  source file: humans.dm,57
runtime error: 
[14:04:07]Cannot execute null.add reagent().
[14:04:07]proc name: Initialize (/obj/effect/decal/cleanable/blood/gibs/Initialize)
[14:04:07]  source file: humans.dm,57
runtime error: 
[14:04:07]Cannot execute null.add reagent().
[14:04:07]proc name: Initialize (/obj/effect/decal/cleanable/blood/gibs/Initialize)
[14:04:07]  source file: humans.dm,57
runtime error: 
[14:04:07]Cannot execute null.add reagent().
[14:04:07]proc name: Initialize (/obj/effect/decal/cleanable/oil/Initialize)
[14:04:07]  source file: robots.dm,52
runtime error: 
[14:04:07]Cannot execute null.add reagent().
[14:04:07]proc name: Initialize (/obj/effect/decal/cleanable/oil/Initialize)
[14:04:07]  source file: robots.dm,52
runtime error: 
[14:04:09]Cannot execute null.add reagent().
[14:04:09]proc name: Initialize (/obj/effect/decal/cleanable/oil/Initialize)
[14:04:09]  source file: robots.dm,52
runtime error: 
[14:04:09]Cannot execute null.add reagent().
[14:04:09]proc name: Initialize (/obj/effect/decal/cleanable/oil/Initialize)
[14:04:09]  source file: robots.dm,52
runtime error: 
[14:04:09]Cannot execute null.add reagent().
[14:04:09]proc name: Initialize (/obj/effect/decal/cleanable/oil/Initialize)
[14:04:09]  source file: robots.dm,52
runtime error: 
[14:04:10]Cannot execute null.add reagent().
[14:04:10]proc name: Initialize (/obj/effect/decal/cleanable/blood/gibs/Initialize)
[14:04:10]  source file: humans.dm,57
runtime error: 
[14:04:10]Cannot execute null.add reagent().
[14:04:10]proc name: Initialize (/obj/effect/decal/cleanable/oil/Initialize)
[14:04:10]  source file: robots.dm,52
runtime error: 
[14:04:10]Cannot execute null.add reagent().
[14:04:10]proc name: Initialize (/obj/effect/decal/cleanable/blood/gibs/Initialize)
[14:04:10]  source file: humans.dm,57
runtime error: 
[14:04:10]Cannot execute null.add reagent().
[14:04:10]proc name: Initialize (/obj/effect/decal/cleanable/oil/Initialize)
[14:04:10]  source file: robots.dm,52
runtime error: 
[14:04:10]Cannot execute null.add reagent().
[14:04:10]proc name: Initialize (/obj/effect/decal/cleanable/blood/gibs/Initialize)
[14:04:10]  source file: humans.dm,57
runtime error: 
[14:04:10]Cannot execute null.add reagent().
[14:04:10]proc name: Initialize (/obj/effect/decal/cleanable/oil/Initialize)
[14:04:10]  source file: robots.dm,52
runtime error: 
[14:04:10]Cannot execute null.add reagent().
[14:04:10]proc name: Initialize (/obj/effect/decal/cleanable/oil/Initialize)
[14:04:10]  source file: robots.dm,52
runtime error: 
[14:04:10]Cannot execute null.add reagent().
[14:04:10]proc name: Initialize (/obj/effect/decal/cleanable/oil/Initialize)
[14:04:10]  source file: robots.dm,52
runtime error: 
[14:04:10]Cannot execute null.add reagent().
[14:04:10]proc name: Initialize (/obj/effect/decal/cleanable/oil/Initialize)
[14:04:10]  source file: robots.dm,52
runtime error: 
[14:04:10]Cannot execute null.add reagent().
[14:04:10]proc name: Initialize (/obj/effect/decal/cleanable/oil/Initialize)
[14:04:10]  source file: robots.dm,52
runtime error: 
[14:04:10]Cannot execute null.add reagent().
[14:04:10]proc name: Initialize (/obj/effect/decal/cleanable/oil/Initialize)
[14:04:10]  source file: robots.dm,52
runtime error: 
[14:04:11]Cannot execute null.add reagent().
[14:04:11]proc name: Initialize (/obj/effect/decal/cleanable/oil/Initialize)
[14:04:11]  source file: robots.dm,52
runtime error: 
[14:04:11]Cannot execute null.add reagent().
[14:04:11]proc name: Initialize (/obj/effect/decal/cleanable/oil/Initialize)
[14:04:11]  source file: robots.dm,52
runtime error: 
[14:04:11]Cannot execute null.add reagent().
[14:04:11]proc name: Initialize (/obj/effect/decal/cleanable/oil/Initialize)
[14:04:11]  source file: robots.dm,52
runtime error: 
[14:04:11]Cannot execute null.add reagent().
[14:04:11]proc name: Initialize (/obj/effect/decal/cleanable/oil/Initialize)
[14:04:11]  source file: robots.dm,52
runtime error: 
[14:04:11]Cannot execute null.add reagent().
[14:04:11]proc name: Initialize (/obj/effect/decal/cleanable/oil/Initialize)
[14:04:11]  source file: robots.dm,52
runtime error: 
[14:04:11]Cannot execute null.add reagent().
[14:04:11]proc name: Initialize (/obj/effect/decal/cleanable/oil/Initialize)
[14:04:11]  source file: robots.dm,52
runtime error: 
[14:04:11]Cannot execute null.add reagent().
[14:04:11]proc name: Initialize (/obj/effect/decal/cleanable/oil/Initialize)
[14:04:11]  source file: robots.dm,52
runtime error: 
[14:04:11]Cannot execute null.add reagent().
[14:04:11]proc name: Initialize (/obj/effect/decal/cleanable/oil/Initialize)
[14:04:11]  source file: robots.dm,52
runtime error: 
[14:04:12]Cannot execute null.add reagent().
[14:04:12]proc name: Initialize (/obj/effect/decal/cleanable/oil/Initialize)
[14:04:12]  source file: robots.dm,52
runtime error: 
[14:04:12]Cannot execute null.add reagent().
[14:04:12]proc name: Initialize (/obj/effect/decal/cleanable/oil/Initialize)
[14:04:12]  source file: robots.dm,52
runtime error: 
[14:04:12]Cannot execute null.add reagent().
[14:04:12]proc name: Initialize (/obj/effect/decal/cleanable/oil/Initialize)
[14:04:12]  source file: robots.dm,52
runtime error: 
[14:04:12]Cannot execute null.add reagent().
[14:04:12]proc name: Initialize (/obj/effect/decal/cleanable/oil/Initialize)
[14:04:12]  source file: robots.dm,52
runtime error: 
[14:04:12]Cannot execute null.add reagent().
[14:04:12]proc name: Initialize (/obj/effect/decal/cleanable/oil/Initialize)
[14:04:12]  source file: robots.dm,52
runtime error: 
[14:04:12]Cannot execute null.add reagent().
[14:04:12]proc name: Initialize (/obj/effect/decal/cleanable/oil/Initialize)
[14:04:12]  source file: robots.dm,52
runtime error: 
[14:04:13]Cannot execute null.add reagent().
[14:04:13]proc name: Initialize (/obj/effect/decal/cleanable/oil/Initialize)
[14:04:13]  source file: robots.dm,52
runtime error: 
[14:04:13]Cannot execute null.add reagent().
[14:04:13]proc name: Initialize (/obj/effect/decal/cleanable/oil/Initialize)
[14:04:13]  source file: robots.dm,52
runtime error: 
[14:04:13]Cannot execute null.add reagent().
[14:04:13]proc name: Initialize (/obj/effect/decal/cleanable/oil/Initialize)
[14:04:13]  source file: robots.dm,52
runtime error: 
[14:04:13]Cannot execute null.add reagent().
[14:04:13]proc name: Initialize (/obj/effect/decal/cleanable/oil/Initialize)
[14:04:13]  source file: robots.dm,52
runtime error: 
[14:04:13]Cannot execute null.add reagent().
[14:04:13]proc name: Initialize (/obj/effect/decal/cleanable/oil/Initialize)
[14:04:13]  source file: robots.dm,52
runtime error: 
[14:04:13]Cannot execute null.add reagent().
[14:04:13]proc name: Initialize (/obj/effect/decal/cleanable/oil/Initialize)
[14:04:13]  source file: robots.dm,52
runtime error: 
[14:04:13]Cannot execute null.add reagent().
[14:04:13]proc name: Initialize (/obj/effect/decal/cleanable/oil/Initialize)
[14:04:13]  source file: robots.dm,52
runtime error: 
[14:04:13]Cannot execute null.add reagent().
[14:04:13]proc name: Initialize (/obj/effect/decal/cleanable/oil/Initialize)
[14:04:13]  source file: robots.dm,52
runtime error: 
[14:04:14]Cannot execute null.add reagent().
[14:04:14]proc name: Initialize (/obj/effect/decal/cleanable/oil/Initialize)
[14:04:14]  source file: robots.dm,52
runtime error: 
[14:04:14]Cannot read null.temperature
[14:04:14]proc name: Entered (/turf/Entered)
[14:04:14]  source file: turf.dm,186
runtime error: 
[14:04:14]Cannot execute null.add reagent().
[14:04:14]proc name: Initialize (/obj/effect/decal/cleanable/oil/Initialize)
[14:04:14]  source file: robots.dm,52
runtime error: 
[14:04:14]Cannot execute null.add reagent().
[14:04:14]proc name: Initialize (/obj/effect/decal/cleanable/oil/Initialize)
[14:04:14]  source file: robots.dm,52
runtime error: 
[14:04:15]Cannot execute null.add reagent().
[14:04:15]proc name: Initialize (/obj/effect/decal/cleanable/oil/Initialize)
[14:04:15]  source file: robots.dm,52
runtime error: 
[14:04:15]Cannot execute null.add reagent().
[14:04:15]proc name: Initialize (/obj/effect/decal/cleanable/oil/Initialize)
[14:04:15]  source file: robots.dm,52
runtime error: 
[14:04:15]Cannot execute null.add reagent().
[14:04:15]proc name: Initialize (/obj/effect/decal/cleanable/oil/Initialize)
[14:04:15]  source file: robots.dm,52
runtime error: 
[14:04:15]Cannot execute null.add reagent().
[14:04:15]proc name: Initialize (/obj/effect/decal/cleanable/oil/Initialize)
[14:04:15]  source file: robots.dm,52
runtime error: 
[14:04:16]Cannot execute null.add reagent().
[14:04:16]proc name: Initialize (/obj/effect/decal/cleanable/oil/Initialize)
[14:04:16]  source file: robots.dm,52
runtime error: 
[14:04:16]Cannot execute null.add reagent().
[14:04:16]proc name: Initialize (/obj/effect/decal/cleanable/oil/Initialize)
[14:04:16]  source file: robots.dm,52
runtime error: 
[14:04:16]Cannot execute null.add reagent().
[14:04:16]Warning: further proc crash messages are being suppressed to prevent overload...
runtime error: 
[14:04:16]Cannot execute null.add reagent().
runtime error: 
[14:04:18]Undefined variable /obj/item/rupee/var/swimming

runtime error: 
[14:04:18]Undefined variable /obj/item/rupee/var/swimming

runtime error: 
[14:04:18]Undefined variable /obj/item/rupee/var/swimming

runtime error: 
[14:04:18]Undefined variable /obj/structure/signpost/salvation/var/swimming

runtime error: 
[14:04:18]Undefined variable /obj/item/rupee/var/swimming

runtime error: 
[14:04:18]Undefined variable /obj/item/rupee/var/swimming

runtime error: 
[14:04:18]Undefined variable /obj/item/rupee/var/swimming

runtime error: 
[14:04:18]Undefined variable /obj/item/rupee/var/swimming

runtime error: 
[14:04:18]Undefined variable /obj/item/rupee/var/swimming

runtime error: 
[14:04:18]Undefined variable /obj/item/rupee/var/swimming

runtime error: 
[14:04:18]Undefined variable /obj/effect/landmark/error/var/swimming

runtime error: 
[14:04:18]Undefined variable /obj/item/rupee/var/swimming

runtime error: 
[14:04:18]Undefined variable /obj/item/rupee/var/swimming

runtime error: 
[14:04:18]Undefined variable /obj/item/rupee/var/swimming

runtime error: 
[14:04:18]Undefined variable /obj/item/rupee/var/swimming

runtime error: 
[14:04:18]Undefined variable /obj/item/rupee/var/swimming

runtime error: 
[14:04:18]Undefined variable /obj/item/rupee/var/swimming

runtime error: 
[14:04:18]Undefined variable /obj/item/rupee/var/swimming

runtime error: 
[14:04:18]Undefined variable /obj/item/rupee/var/swimming

runtime error: 
[14:04:18]Undefined variable /obj/item/rupee/var/swimming

runtime error: 
[14:04:18]Undefined variable /obj/item/rupee/var/swimming

runtime error: 
[14:04:18]Undefined variable /obj/item/rupee/var/swimming

runtime error: 
[14:04:18]Undefined variable /obj/item/rupee/var/swimming

runtime error: 
[14:04:18]Undefined variable /obj/item/rupee/var/swimming

runtime error: 
[14:04:18]Undefined variable /obj/item/rupee/var/swimming

runtime error: 
[14:04:18]Undefined variable /obj/item/rupee/var/swimming

runtime error: 
[14:04:18]Undefined variable /obj/item/rupee/var/swimming

runtime error: 
[14:04:18]Undefined variable /obj/item/rupee/var/swimming

runtime error: 
[14:04:18]Undefined variable /obj/item/rupee/var/swimming

runtime error: 
[14:04:19]Undefined variable /obj/item/rupee/var/swimming

runtime error: 
[14:04:19]Undefined variable /obj/item/rupee/var/swimming

runtime error: 
[14:04:19]Undefined variable /obj/item/rupee/var/swimming

runtime error: 
[14:04:19]Undefined variable /obj/item/rupee/var/swimming

runtime error: 
[14:04:19]Undefined variable /obj/item/rupee/var/swimming

runtime error: 
[14:04:19]Undefined variable /obj/item/rupee/var/swimming

runtime error: 
[14:04:19]Undefined variable /obj/item/rupee/var/swimming

runtime error: 
[14:04:19]Undefined variable /obj/item/rupee/var/swimming

runtime error: 
[14:04:19]Undefined variable /obj/item/rupee/var/swimming

runtime error: 
[14:04:19]Undefined variable /obj/item/rupee/var/swimming

runtime error: 
[14:04:19]Undefined variable /obj/item/rupee/var/swimming

runtime error: 
[14:04:19]Undefined variable /obj/item/rupee/var/swimming

runtime error: 
[14:04:19]Undefined variable /obj/item/rupee/var/swimming

runtime error: 
[14:04:19]Undefined variable /obj/item/rupee/var/swimming

runtime error: 
[14:04:19]Undefined variable /obj/item/rupee/var/swimming

runtime error: 
[14:04:19]Undefined variable /obj/item/rupee/var/swimming

runtime error: 
[14:04:19]Undefined variable /obj/item/rupee/var/swimming

runtime error: 
[14:04:19]Undefined variable /obj/item/rupee/var/swimming

runtime error: 
[14:04:19]Undefined variable /obj/structure/speaking_tile/var/swimming

runtime error: 
[14:04:19]Undefined variable /obj/machinery/abductor/gland_dispenser/var/swimming

runtime error: 
[14:04:19]Undefined variable /obj/structure/table/abductor/var/swimming

runtime error: 
[14:04:19]Undefined variable /obj/item/surgicaldrill/alien/var/swimming

runtime error: 
[14:04:19]undefined proc or verb /mob/living/simple_animal/bot/medbot/mysterious/remove overlay().

runtime error: 
[14:04:19]undefined proc or verb /mob/living/simple_animal/hostile/creature/remove overlay().

runtime error: 
[14:04:19]undefined proc or verb /mob/living/simple_animal/hostile/carp/cayenne/remove overlay().

runtime error: 
[14:04:20]undefined proc or verb /mob/dead/new_player/remove overlay().

runtime error: 
[14:04:22]Cannot execute null.add reagent().
runtime error: 
[14:04:23]Cannot execute null.add reagent().
runtime error: 
[14:04:23]undefined proc or verb /mob/living/simple_animal/bot/medbot/remove overlay().

runtime error: 
[14:04:23]undefined proc or verb /mob/living/simple_animal/cockroach/remove overlay().

runtime error: 
[14:04:23]undefined proc or verb /mob/living/simple_animal/cockroach/remove overlay().

runtime error: 
[14:04:23]Cannot execute null.add reagent().
runtime error: 
[14:04:23]Cannot execute null.add reagent().
runtime error: 
[14:04:23]undefined proc or verb /mob/living/simple_animal/cockroach/remove overlay().

runtime error: 
[14:04:23]Cannot execute null.add reagent().
runtime error: 
[14:04:23]undefined proc or verb /mob/living/simple_animal/cockroach/remove overlay().

runtime error: 
[14:04:23]undefined proc or verb /mob/living/simple_animal/cockroach/remove overlay().

runtime error: 
[14:04:24]undefined proc or verb /mob/living/simple_animal/pet/cat/Runtime/remove overlay().

runtime error: 
[14:04:24]undefined proc or verb /mob/living/simple_animal/cockroach/remove overlay().

runtime error: 
[14:04:24]undefined proc or verb /mob/living/simple_animal/pet/dog/pug/remove overlay().

runtime error: 
[14:04:24]undefined proc or verb /mob/living/simple_animal/cockroach/remove overlay().

runtime error: 
[14:04:24]undefined proc or verb /mob/living/simple_animal/cockroach/remove overlay().

runtime error: 
[14:04:24]undefined proc or verb /mob/living/simple_animal/cockroach/remove overlay().

runtime error: 
[14:04:24]undefined proc or verb /mob/living/simple_animal/slime/remove overlay().

runtime error: 
[14:04:24]undefined proc or verb /mob/living/simple_animal/slime/remove overlay().

runtime error: 
[14:04:24]undefined proc or verb /mob/living/simple_animal/slime/remove overlay().

runtime error: 
[14:04:24]undefined proc or verb /mob/living/simple_animal/cockroach/remove overlay().

runtime error: 
[14:04:25]undefined proc or verb /mob/living/simple_animal/cockroach/remove overlay().

runtime error: 
[14:04:25]undefined proc or verb /mob/living/simple_animal/pet/dog/corgi/Ian/remove overlay().

runtime error: 
[14:04:25]undefined proc or verb /mob/living/simple_animal/bot/secbot/pingsky/remove overlay().

runtime error: 
[14:04:25]undefined proc or verb /mob/living/simple_animal/parrot/Poly/remove overlay().

runtime error: 
[14:04:25]undefined proc or verb /mob/living/simple_animal/bot/secbot/beepsky/remove overlay().

runtime error: 
[14:04:25]undefined proc or verb /mob/living/simple_animal/pet/fox/Renault/remove overlay().

runtime error: 
[14:04:26]undefined proc or verb /mob/living/simple_animal/hostile/carp/cayenne/remove overlay().

runtime error: 
[14:04:26]undefined proc or verb /mob/living/simple_animal/cockroach/remove overlay().

runtime error: 
[14:04:26]undefined proc or verb /mob/living/simple_animal/hostile/retaliate/goat/remove overlay().

runtime error: 
[14:04:26]undefined proc or verb /mob/living/simple_animal/sloth/citrus/remove overlay().

runtime error: 
[14:04:26]undefined proc or verb /mob/living/simple_animal/cockroach/remove overlay().

runtime error: 
[14:04:26]undefined proc or verb /mob/living/simple_animal/mouse/remove overlay().

runtime error: 
[14:04:26]undefined proc or verb /mob/living/simple_animal/mouse/remove overlay().

runtime error: 
[14:04:26]undefined proc or verb /mob/living/simple_animal/bot/mulebot/remove overlay().

runtime error: 
[14:04:26]undefined proc or verb /mob/living/simple_animal/bot/mulebot/remove overlay().

runtime error: 
[14:04:26]undefined proc or verb /mob/living/simple_animal/cockroach/remove overlay().

runtime error: 
[14:04:26]undefined proc or verb /mob/living/simple_animal/hostile/lizard/remove overlay().

runtime error: 
[14:04:26]undefined proc or verb /mob/living/simple_animal/cockroach/remove overlay().

runtime error: 
[14:04:27]undefined proc or verb /mob/living/simple_animal/cockroach/remove overlay().

runtime error: 
[14:04:27]undefined proc or verb /mob/living/simple_animal/cockroach/remove overlay().

runtime error: 
[14:04:29]undefined proc or verb /mob/living/simple_animal/bot/secbot/beepsky/remove overlay().

runtime error: 
[14:04:29]undefined proc or verb /mob/living/simple_animal/hostile/asteroid/goldgrub/remove overlay().

runtime error: 
[14:04:29]undefined proc or verb /mob/living/simple_animal/hostile/asteroid/goldgrub/remove overlay().

runtime error: 
[14:04:29]undefined proc or verb /mob/living/simple_animal/hostile/asteroid/basilisk/watcher/random/remove overlay().

runtime error: 
[14:04:29]undefined proc or verb /mob/living/simple_animal/hostile/spawner/lavaland/remove overlay().

runtime error: 
[14:04:29]undefined proc or verb /mob/living/simple_animal/hostile/asteroid/basilisk/watcher/random/remove overlay().

runtime error: 
[14:04:29]undefined proc or verb /mob/living/simple_animal/hostile/asteroid/basilisk/watcher/random/remove overlay().

runtime error: 
[14:04:29]undefined proc or verb /mob/living/simple_animal/hostile/asteroid/basilisk/watcher/random/remove overlay().

runtime error: 
[14:04:29]undefined proc or verb /mob/living/simple_animal/hostile/asteroid/goliath/beast/random/remove overlay().

runtime error: 
[14:04:30]undefined proc or verb /mob/living/simple_animal/hostile/asteroid/basilisk/watcher/random/remove overlay().

runtime error: 
[14:04:30]undefined proc or verb /mob/living/simple_animal/hostile/asteroid/goldgrub/remove overlay().

Initialized 1.4841e+006 atoms
Initialized Atoms subsystem within 38 seconds!
Initialized Language subsystem within 0 seconds!
Initialized Machines subsystem within 0.4 seconds!
Initialized Circuit subsystem within 0 seconds!
Initialized Weather subsystem within 0 seconds!
## WARNING: There are 704 active turfs at roundstart, this is a mapping error caused by a difference of the air between the adjacent turfs. You can see its coordinates using "Mapping -> Show roundstart AT list" verb (debug verbs required)
## WARNING: HEY! LISTEN! 5 seconds were wasted processing 704 turf(s) (connected to 76808 other turfs) with atmos differences at round start.
## WARNING: build_pipeline(): /obj/machinery/atmospherics/pipe/simple/supply/hidden added to a pipenet while still having one. (pipes leading to the same spot stacking in one turf) Nearby: (187, 161, 2)
## WARNING: build_pipeline(): /obj/machinery/atmospherics/pipe/simple/supply/hidden added to a pipenet while still having one. (pipes leading to the same spot stacking in one turf) Nearby: (187, 162, 2)
## WARNING: build_pipeline(): /obj/machinery/atmospherics/pipe/simple/supply/hidden added to a pipenet while still having one. (pipes leading to the same spot stacking in one turf) Nearby: (187, 160, 2)
## WARNING: build_pipeline(): /obj/machinery/atmospherics/pipe/simple/supply/hidden added to a pipenet while still having one. (pipes leading to the same spot stacking in one turf) Nearby: (186, 162, 2)
## WARNING: build_pipeline(): /obj/machinery/atmospherics/pipe/simple/supply/hidden added to a pipenet while still having one. (pipes leading to the same spot stacking in one turf) Nearby: (187, 159, 2)
## WARNING: build_pipeline(): /obj/machinery/atmospherics/pipe/simple/supply/hidden added to a pipenet while still having one. (pipes leading to the same spot stacking in one turf) Nearby: (185, 162, 2)
## WARNING: build_pipeline(): /obj/machinery/atmospherics/pipe/simple/supply/hidden added to a pipenet while still having one. (pipes leading to the same spot stacking in one turf) Nearby: (187, 158, 2)
## WARNING: build_pipeline(): /obj/machinery/atmospherics/pipe/simple/supply/hidden added to a pipenet while still having one. (pipes leading to the same spot stacking in one turf) Nearby: (184, 162, 2)
## WARNING: build_pipeline(): /obj/machinery/atmospherics/pipe/manifold/supply/hidden added to a pipenet while still having one. (pipes leading to the same spot stacking in one turf) Nearby: (187, 157, 2)
## WARNING: build_pipeline(): /obj/machinery/atmospherics/pipe/manifold/supply/hidden added to a pipenet while still having one. (pipes leading to the same spot stacking in one turf) Nearby: (183, 162, 2)
## WARNING: build_pipeline(): further messages about pipenets will be supressed
Initialized Atmospherics subsystem within 21 seconds!
Initialized Minimap subsystem within 0 seconds!
Initialized Assets subsystem within 0.1 seconds!
Initialized Icon Smoothing subsystem within 1.7 seconds!
Initialized Overlay subsystem within 9.7 seconds!
Initialized XKeyScore subsystem within 0 seconds!
Initialized Lighting subsystem within 11.9 seconds!
## WARNING: couldn't find dock with id: whiteship_away in code/controllers/subsystem/shuttle.dm at line 190 src: Shuttle usr: .
Initialized Shuttle subsystem within 40.3 seconds!
Initialized Squeak subsystem within 0 seconds!
Loaded 0 engraved messages on map Delta Station
Initialized Persistence subsystem within 0.1 seconds!
Initializations complete within 192.1 seconds!
Game start took 0s
