

Starting up round ID . 15:14:29
---------------------
[15:14:29]ADMIN: Loading Banlist
[15:14:30]GAME: Saved mode is 'extended'
[15:15:09]GAME: Hierophant's Arena loaded at at 189,74,5
[15:15:09]GAME: Crashed Shuttle loaded at at 57,92,5
[15:15:09]GAME: UFO Crash loaded at at 138,120,5
[15:15:09]GAME: Animal Hospital loaded at at 140,144,5
[15:15:09]GAME: Ruin of Gluttony loaded at at 50,171,5
[15:15:09]GAME: Seed Vault loaded at at 151,79,5
[15:15:09]GAME: Ripley loaded at at 162,33,5
[15:15:09]GAME: Biodome Winter loaded at at 88,170,5
[15:15:10]GAME: Biological Storage Facility loaded at at 164,168,7
[15:15:10]GAME: Detached Teleporter loaded at at 127,141,4
[15:15:10]GAME: Gondoland loaded at at 170,42,4
[15:15:11]GAME: Ancient Space Station loaded at at 116,77,11
[15:15:11]GAME: DK Excavator 453 loaded at at 66,73,9
[15:15:11]GAME: Empty Shell loaded at at 145,162,11
[15:15:11]GAME: Asteroid 1 loaded at at 197,177,11
[15:15:12]GAME: Derelict 1 loaded at at 191,109,3
[15:15:12]GAME: Strange Ship loaded at at 82,90,7
[15:15:12]GAME: Abandoned Teleporter loaded at at 167,138,4
[15:15:12]GAME: NT Medical Ship loaded at at 193,49,9
[15:15:12]GAME: Disposal Facility 17 loaded at at 109,160,9
[15:15:12]GAME: CF Corsair loaded at at 83,143,9
[15:15:12]GAME: Crashed Ship loaded at at 94,99,8
[15:15:12]GAME: Asteroid 2 loaded at at 127,137,10
[15:15:12]GAME: Derelict 6 loaded at at 143,185,10
[15:15:37]ACCESS: Login: AlcaroIsAFrick from 127.0.0.1-1817465521 || BYOND v511
[15:15:37]ACCESS: Mob Login: AlcaroIsAFrick/(AlcaroIsAFrick) was assigned to a /mob/dead/new_player
[15:16:17]ACCESS: Logout: AlcaroIsAFrick/(AlcaroIsAFrick)
