

Starting up round ID . 18:16:04
---------------------
[18:16:04]ADMIN: Loading Banlist
[18:16:06]GAME: Saved mode is 'extended'
[18:16:07]ACCESS: Login: AlcaroIsAFrick from 127.0.0.1-1817465521 || BYOND v511
[18:16:07]ACCESS: Mob Login: AlcaroIsAFrick/(AlcaroIsAFrick) was assigned to a /mob/dead/new_player
[18:16:07]ACCESS: Login: Unixian from 72.28.163.203-1210434887 || BYOND v511
[18:16:07]ACCESS: Mob Login: Unixian/(Unixian) was assigned to a /mob/dead/new_player
[18:16:23]ACCESS: Login: Lezus_Konrad from 82.17.116.125-3955108823 || BYOND v512
[18:16:23]ACCESS: Mob Login: Lezus_Konrad/(Lezus_Konrad) was assigned to a /mob/dead/new_player
[18:16:27]GAME: Hierophant's Arena loaded at at 115,180,5
[18:16:27]GAME: Summoning Ritual loaded at at 117,31,5
[18:16:27]GAME: Free Golem Ship loaded at at 72,120,5
[18:16:27]GAME: Ruin of Sloth loaded at at 124,158,5
[18:16:27]GAME: Biodome Beach loaded at at 188,161,5
[18:16:27]GAME: Fountain Hall loaded at at 177,205,5
[18:16:27]GAME: Blood-Drunk Miner (Hunter) loaded at at 138,112,5
[18:16:28]GAME: Ruined Pizza Party loaded at at 194,42,5
[18:16:28]GAME: Ruin of Greed loaded at at 170,75,5
[18:16:28]GAME: Biodome Winter loaded at at 75,138,5
[18:16:29]GAME: Gondoland loaded at at 39,101,11
[18:16:29]GAME: Detached Teleporter loaded at at 75,98,4
[18:16:29]GAME: Disposal Facility 17 loaded at at 166,115,3
[18:16:29]GAME: Survivalist Bunker loaded at at 166,40,9
[18:16:29]GAME: Asteroid 2 loaded at at 26,153,8
[18:16:29]GAME: Strange Ship loaded at at 120,24,3
[18:16:30]GAME: Crashed Ship loaded at at 108,28,10
[18:16:30]GAME: Derelict 1 loaded at at 131,65,8
[18:16:31]GAME: The Twin-Nexus Hotel loaded at at 46,27,7
[18:16:32]GAME: NT Medical Ship loaded at at 158,30,8
[18:16:32]GAME: Authorship loaded at at 204,162,7
[18:16:32]GAME: Waylaid Buses loaded at at 25,206,10
[18:16:32]GAME: Syndicate Listening Station loaded at at 93,94,10
[18:16:32]GAME: Asteroid 1 loaded at at 203,121,3
[18:16:33]GAME: DJ Station loaded at at 211,202,3
[18:16:33]GAME: Derelict 5 loaded at at 174,65,11
[18:19:07]ADMIN: Lezus_Konrad has started the game.
[18:19:16]ACCESS: Mob Login: Lezus_Konrad/(Alden Is A Terrorist) was assigned to a /mob/living/carbon/human
[18:19:21]EMOTE: *no key*/(Lizard) : <b>Lizard</b> stops moving... (32,218,10)
[18:19:21]ACCESS: Mob Login: AlcaroIsAFrick/(YO MAMA) was assigned to a /mob/living/carbon/human
[18:19:23]SAY: Officer Beepsky/ : Engaging patrol mode. (94,159,2)
[18:19:23]SAY: Prison Ofitser/ : Engaging patrol mode. (23,36,5)
[18:19:23]SAY: Prison Ofitser/ : Disengaging patrol mode. (23,36,5)
[18:19:24]ADMIN: *no key*/(Lezus_Konrad) is changing the map to Runtime Station
[18:19:27]EMOTE: *no key*/(mouse) : <b>The mouse</b> runs in a circle. (95,84,2)
[18:19:30]EMOTE: *no key*/(mouse) : <b>The mouse</b> shakes. (156,86,2)
[18:19:30]EMOTE: *no key*/(Poly) : <b>Poly</b> squawks. (118,81,2)
[18:19:32]SAY: mouse/ : SQUEEK! (187,82,2)
[18:19:33]EMOTE: *no key*/(crab) : <b>The crab</b> clacks. (212,179,5)
[18:19:33]EMOTE: *no key*/(Poly) : <b>Poly</b> flutters its wings. (119,81,2)
[18:19:36]ADMIN: AlcaroIsAFrick/(YO MAMA) is changing the map to Box Station
[18:19:37]SAY: Poly/ : OH GOD ITS ABOUT TO DELAMINATE CALL THE SHUTTLE (119,81,2)
[18:19:39]EMOTE: *no key*/(monkey (440)) : <b>The monkey (440)</b> jumps! (161,117,2)
[18:19:41]SAY: Poly/ : Wire the solars, you lazy bums! (118,80,2)
[18:19:42]ACCESS: Mob Login: Lezus_Konrad/(Alden Is A Terrorist) was assigned to a /mob/dead/observer
[18:19:43]EMOTE: *no key*/(crab) : <b>The crab</b> clicks. (213,179,5)
[18:19:43]SAY: Poly/ : OH GOD ITS ABOUT TO DELAMINATE CALL THE SHUTTLE (117,80,2)
[18:19:46]EMOTE: *no key*/(monkey (662)) : <b>The monkey (662)</b> rolls. (160,118,2)
[18:19:47]SAY: mouse/ : Squeek! (196,78,2)
[18:19:47]SAY: Poly/ : Poly wanna cracker! (116,81,2)
[18:19:48]EMOTE: *no key*/(grey baby slime (235)) : <b>The grey baby slime (235)</b> bounces in place. (165,93,2)
[18:19:50]EMOTE: *no key*/(monkey (138)) : <b>The monkey (138)</b> waves his tail. (160,100,2)
[18:19:50]EMOTE: *no key*/(Runtime) : <b>Runtime</b> crouches on its hind legs. (159,109,2)
[18:19:52]SAY: Poly/ : Poly wanna cracker! (116,80,2)
[18:19:54]SAY: Ian/ : AUUUUUU (105,121,2)
[18:19:55]EMOTE: *no key*/(crab) : <b>The crab</b> stops moving... (212,179,5)
[18:20:00]SAY: mouse/ : SQUEEK! (187,83,2)
[18:20:02]EMOTE: *no key*/(monkey (138)) : <b>The monkey (138)</b> waves his tail. (158,99,2)
[18:20:08]SAY: Poly/ : Wire the solars, you lazy bums! (115,79,2)
[18:20:08]EMOTE: *no key*/(Ian) : <b>Ian</b> pants. (105,120,2)
[18:20:13]EMOTE: *no key*/(Travis) : <b>Travis</b> waves its tail. (142,136,2)
[18:20:14]EMOTE: *no key*/(Paperwork) : <b>Paperwork</b> snores. (82,124,2)
[18:20:19]SAY: mouse/ : Squeek? (187,83,2)
[18:20:19]EMOTE: *no key*/(Paperwork) : <b>Paperwork</b> dozes off. (82,124,2)
[18:20:31]EMOTE: *no key*/(monkey (671)) : <b>The monkey (671)</b> scratches. (161,116,2)
[18:20:37]EMOTE: *no key*/(mouse) : <b>The mouse</b> shakes. (196,82,2)
[18:20:38]ADMIN: AlcaroIsAFrick/(YO MAMA) is changing the map to Delta Station
[18:20:39]SAY: Poly/ : Twice the calories for half the price! (115,79,2)
[18:20:45]EMOTE: *no key*/(Poly) : <b>Poly</b> looks in the Power-ON cartridge's direction and takes flight. (115,79,2)
[18:20:47]SAY: mouse/ : Squeek? (84,82,2)
[18:20:47]SAY: Poly/ : Wire the solars, you lazy bums! (115,79,2)
[18:20:49]SAY: Poly/ : OH GOD ITS ABOUT TO DELAMINATE CALL THE SHUTTLE (116,79,2)
[18:20:53]SAY: Tom/ : SQUEEK! (101,191,2)
[18:20:59]EMOTE: *no key*/(Poly) : <b>Poly</b> flutters its wings. (116,79,2)
[18:21:03]EMOTE: *no key*/(Ian) : <b>Ian</b> woofs! (105,121,2)
[18:21:05]EMOTE: *no key*/(mouse) : <b>The mouse</b> runs in a circle. (88,148,2)
[18:21:07]SAY: Medibot/ : Radar, put a mask on! (154,73,1)
[18:21:08]SAY: Poly/ : Twice the calories for half the price! (115,79,2)
[18:21:15]EMOTE: *no key*/(monkey (138)) : <b>The monkey (138)</b> jumps! (161,100,2)
[18:21:16]EMOTE: *no key*/(Poly) : <b>Poly</b> flutters its wings. (115,79,2)
[18:21:17]EMOTE: *no key*/(Runtime) : <b>Runtime</b> wags its tail. (159,109,2)
[18:21:20]SAY: Poly/ : Twice the calories for half the price! (115,79,2)
[18:21:24]EMOTE: *no key*/(mouse) : <b>The mouse</b> shakes. (196,78,2)
[18:21:25]EMOTE: *no key*/(monkey (671)) : <b>The monkey (671)</b> waves her tail. (161,118,2)
[18:21:26]EMOTE: *no key*/(Poly) : <b>Poly</b> squawks. (115,79,2)
[18:21:34]EMOTE: *no key*/(mouse) : <b>The mouse</b> shakes. (97,150,2)
[18:21:34]EMOTE: *no key*/(Poly) : <b>Poly</b> squawks. (115,79,2)
[18:21:40]EMOTE: *no key*/(crab) : <b>The crab</b> clacks. (194,173,5)
[18:21:42]EMOTE: *no key*/(Poly) : <b>Poly</b> squawks. (115,79,2)
[18:21:44]EMOTE: *no key*/(Runtime) : <b>Runtime</b> looks alert. (159,109,2)
[18:21:44]SAY: mouse/ : SQUEEK! (88,146,2)
[18:21:44]SAY: Poly/ : ...1. (115,79,2)
[18:21:47]EMOTE: *no key*/(Runtime) : <b>Runtime</b> shakes its head (159,109,2)
[18:21:49]SAY: Runtime/ : Purr! (159,109,2)
[18:21:49]SAY: Poly/ : Twice the calories for half the price! (115,79,2)
[18:21:51]SAY: Runtime/ : Esp! (159,109,2)
[18:21:57]EMOTE: *no key*/(mouse) : <b>The mouse</b> shakes. (164,146,2)
[18:21:57]SAY: mouse/ : Squeek? (183,81,2)
[18:21:57]EMOTE: *no key*/(Poly) : <b>Poly</b> looks in the Power-ON cartridge's direction and takes flight. (115,79,2)
[18:22:03]SAY: Poly/ : Try our new nougat bar! (116,79,2)
[18:22:08]EMOTE: *no key*/(Poly) : <b>Poly</b> flutters its wings. (116,80,2)
[18:22:10]EMOTE: *no key*/(monkey (138)) : <b>The monkey (138)</b> jumps! (160,100,2)
[18:22:10]SAY: Poly/ : Try our new nougat bar! (117,80,2)
[18:22:12]SAY: Poly/ : Try our new nougat bar! (117,81,2)
[18:22:19]EMOTE: *no key*/(crab) : <b>The crab</b> clacks. (202,170,5)
[18:22:25]SAY: Medibot/ : Radar, put a mask on! (154,73,1)
[18:22:29]EMOTE: *no key*/(mouse) : <b>The mouse</b> runs in a circle. (88,146,2)
[18:22:32]EMOTE: *no key*/(Runtime) : <b>Runtime</b> stops resting. (159,109,2)
[18:22:34]EMOTE: *no key*/(monkey (120)) : <b>The monkey (120)</b> rolls. (161,117,2)
[18:22:35]SAY: Tom/ : SQUEEK! (101,190,2)
[18:22:40]ADMIN: AlcaroIsAFrick/(YO MAMA) jumped to AlcaroIsAFrick/(YO MAMA)
[18:22:41]EMOTE: *no key*/(mouse) : <b>The mouse</b> shakes. (100,125,2)
[18:22:42]ADMIN: AlcaroIsAFrick/(YO MAMA) jumped to Lezus_Konrad/(Alden Is A Terrorist)
[18:22:44]ADMIN: AlcaroIsAFrick/(YO MAMA) jumped to Unixian/(Unixian)
[18:22:47]SAY: mouse/ : Squeek? (164,146,2)
[18:22:47]ADMIN: AlcaroIsAFrick/(YO MAMA) jumped to Bar
[18:22:49]SAY: Poly/ : Don&#39;t believe the reports - smoke today! (115,79,2)
[18:22:53]EMOTE: *no key*/(mouse) : <b>The mouse</b> squeeks. (84,82,2)
[18:22:59]ADMIN: Lezus_Konrad/(Alden Is A Terrorist) toggled respawn to On.
[18:23:03]SAY: mouse/ : Squeek? (100,124,2)
[18:23:05]SAY: Accidents Happen/ : There&#39;s always a catch, and I&#39;m the best there is. (82,63,7)
[18:23:07]GAME: Alden Is A Terrorist/Lezus_Konrad used abandon mob.
[18:23:07]ACCESS: Mob Login: Lezus_Konrad/(new player) was assigned to a /mob/dead/new_player
[18:23:09]EMOTE: *no key*/(Paperwork) : <b>Paperwork</b> snores. (80,124,2)
[18:23:10]EMOTE: *no key*/(Ian) : <b>Ian</b> chases its tail! (106,121,2)
[18:23:13]SAY: mouse/ : Squeek! (88,148,2)
[18:23:13]EMOTE: *no key*/(Runtime) : <b>Runtime</b> mews (157,108,2)
[18:23:15]SAY: Poly/ : Twice the calories for half the price! (115,79,2)
[18:23:16]EMOTE: *no key*/(grey baby slime (348)) : <b>The grey baby slime (348)</b> bounces in place. (175,92,2)
[18:23:21]EMOTE: *no key*/(Poly) : <b>Poly</b> looks in the Power-ON cartridge's direction and takes flight. (115,79,2)
[18:23:25]EMOTE: *no key*/(Runtime) : <b>Runtime</b> shakes its head (157,109,2)
[18:23:25]SAY: Poly/ : Twice the calories for half the price! (116,79,2)
[18:23:27]EMOTE: *no key*/(mouse) : <b>The mouse</b> shakes. (161,86,2)
[18:23:29]ACCESS: Mob Login: Lezus_Konrad/(Alden Is A Terrorist) was assigned to a /mob/living/carbon/human
[18:23:33]EMOTE: *no key*/(monkey (671)) : <b>The monkey (671)</b> waves her tail. (160,116,2)
[18:23:34]SAY: Medibot/ : Radar, put a mask on! (154,73,1)
[18:23:34]SAY: Poly/ : Don&#39;t believe the reports - smoke today! (115,79,2)
[18:23:39]SAY: mouse/ : Squeek! (97,148,2)
[18:23:40]EMOTE: *no key*/(monkey (300)) : <b>The monkey (300)</b> waves his tail. (161,101,2)
[18:23:47]SAY: Poly/ : Don&#39;t believe the reports - smoke today! (115,79,2)
[18:23:54]EMOTE: *no key*/(Ian) : <b>Ian</b> chases its tail. (106,121,2)
[18:23:54]SAY: Colten Bennett/ : Oh bitch, that monkey was one hell of an dimwit groin. (157,134,2)
[18:23:57]EMOTE: *no key*/(crab) : <b>The crab</b> clacks. (198,170,5)
[18:23:57]EMOTE: *no key*/(Ian) : <b>Ian</b> chases its tail! (106,121,2)
[18:24:01]SAY: Medibot/ : Radar, put a mask on! (208,166,7)
[18:24:03]SAY: Poly/ : Try our new nougat bar! (115,79,2)
[18:24:04]EMOTE: *no key*/(Tom) : <b>Tom</b> shakes. (101,191,2)
[18:24:05]EMOTE: *no key*/(monkey (662)) : <b>The monkey (662)</b> scratches. (161,116,2)
[18:24:05]EMOTE: *no key*/(monkey (910)) : <b>The monkey (910)</b> jumps! (158,100,2)
[18:24:06]EMOTE: *no key*/(mouse) : <b>The mouse</b> shakes. (196,84,2)
[18:24:06]EMOTE: *no key*/(Poly) : <b>Poly</b> bawks! (115,79,2)
[18:24:11]EMOTE: *no key*/(monkey (910)) : <b>The monkey (910)</b> rolls. (159,100,2)
[18:24:12]SAY: Poly/ : Twice the calories for half the price! (115,79,2)
[18:24:14]EMOTE: *no key*/(crab) : <b>The crab</b> clacks. (194,173,5)
[18:24:17]EMOTE: *no key*/(Poly) : <b>Poly</b> flutters its wings. (115,79,2)
[18:24:21]EMOTE: *no key*/(Poly) : <b>Poly</b> squawks. (115,79,2)
[18:24:23]EMOTE: *no key*/(Poly) : <b>Poly</b> flutters its wings. (115,79,2)
[18:24:30]EMOTE: *no key*/(mouse) : <b>The mouse</b> shakes. (180,83,2)
[18:24:30]EMOTE: *no key*/(Poly) : <b>Poly</b> looks in the Power-ON cartridge's direction and takes flight. (115,79,2)
[18:24:31]EMOTE: *no key*/(monkey (300)) : <b>The monkey (300)</b> rolls. (159,100,2)
[18:24:32]SAY: mouse/ : SQUEEK! (96,147,2)
[18:24:32]SAY: Poly/ : Twice the calories for half the price! (115,79,2)
[18:24:34]EMOTE: *no key*/(Paperwork) : <b>Paperwork</b> looks around sleepily. (83,123,2)
[18:24:36]EMOTE: *no key*/(Poly) : <b>Poly</b> squawks. (116,79,2)
[18:24:39]SAY: Poly/ : Try our new nougat bar! (116,79,2)
[18:24:47]GAME: <a href='?priv_msg=alcaroisafrick'>AlcaroIsAFrick</a>/(YO MAMA) checked the player panel while in game.
[18:24:48]EMOTE: *no key*/(monkey (362)) : <b>The monkey (362)</b> rolls. (161,119,2)
[18:24:48]ADMIN: AlcaroIsAFrick/(YO MAMA) healed / Revived AlcaroIsAFrick/(YO MAMA).
[18:24:52]SAY: Poly/ : Twice the calories for half the price! (116,80,2)
[18:24:56]EMOTE: *no key*/(Travis) : <b>Travis</b> waves its tail. (144,138,2)
[18:24:57]SAY: Poly/ : Don&#39;t believe the reports - smoke today! (116,79,2)
[18:25:02]SAY: Medibot/ : What kind of medbay is this? Everyone&#39;s dropping like flies. (154,73,1)
[18:25:05]EMOTE: *no key*/(Ian) : <b>Ian</b> chases its tail! (105,121,2)
[18:25:10]EMOTE: *no key*/(Runtime) : <b>Runtime</b> grooms its fur. (159,108,2)
[18:25:13]EMOTE: *no key*/(Paperwork) : <b>Paperwork</b> yawns. (83,122,2)
[18:25:16]SAY: mouse/ : Squeek? (95,87,2)
[18:25:21]SAY: Medibot/ : Radar, put a mask on! (154,73,1)
[18:25:21]EMOTE: *no key*/(Poly) : <b>Poly</b> flutters its wings. (115,79,2)
[18:25:28]SAY: mouse/ : Squeek? (196,83,2)
[18:25:30]SAY: Poly/ : Don&#39;t believe the reports - smoke today! (115,79,2)
[18:25:35]SAY: Poly/ : Don&#39;t believe the reports - smoke today! (115,79,2)
[18:25:37]SAY: mouse/ : Squeek! (82,86,2)
[18:25:39]EMOTE: *no key*/(mouse) : <b>The mouse</b> squeeks. (102,123,2)
[18:25:40]ADMIN: AlcaroIsAFrick/(YO MAMA) teleported Unixian/(Unixian)
[18:25:41]SAY: Poly/ : Try our new nougat bar! (115,79,2)
[18:25:43]SAY: mouse/ : Squeek? (196,82,2)
[18:25:50]SAY: Poly/ : Twice the calories for half the price! (115,79,2)
[18:25:52]SAY: mouse/ : Squeek? (95,87,2)
[18:25:55]EMOTE: *no key*/(monkey (910)) : <b>The monkey (910)</b> waves his tail. (157,99,2)
[18:25:57]EMOTE: *no key*/(monkey (300)) : <b>The monkey (300)</b> scratches. (160,99,2)
[18:26:01]ADMIN: AlcaroIsAFrick/(YO MAMA) has entered build mode.
[18:26:01]EMOTE: *no key*/(crab) : <b>The crab</b> clicks. (196,170,5)
[18:26:08]EMOTE: *no key*/(Ian) : <b>Ian</b> chases its tail! (105,121,2)
[18:26:08]SAY: Poly/ : Try our new nougat bar! (115,79,2)
[18:26:12]EMOTE: *no key*/(Cash Goebbles) : <b>Cash Goebbles</b> seizes up and falls limp, his eyes dead and lifeless... (113,155,2)
[18:26:15]SAY: Poly/ : Try our new nougat bar! (115,79,2)
[18:26:17]SAY: Medibot/ : Delicious! (208,166,7)
[18:26:17]EMOTE: *no key*/(Poly) : <b>Poly</b> looks in the Power-ON cartridge's direction and takes flight. (115,79,2)
[18:26:17]SAY: Poly/ : Twice the calories for half the price! (115,79,2)
[18:26:18]ADMIN: Build Mode: AlcaroIsAFrick/(YO MAMA) modified the closet's (99,142,2) dir to 2
[18:26:18]ADMIN: Build Mode: AlcaroIsAFrick/(YO MAMA) modified the closet's (99,142,2) dir to 2
[18:26:19]ADMIN: Build Mode: AlcaroIsAFrick/(YO MAMA) deleted the closet at (99,142,2)
[18:26:20]SAY: Ian/ : Bark! (105,121,2)
[18:26:20]ADMIN: Build Mode: AlcaroIsAFrick/(YO MAMA) deleted the closet at (99,142,2)
[18:26:22]SAY: mouse/ : Squeek! (165,145,2)
[18:26:22]EMOTE: *no key*/(monkey (25)) : <b>The monkey (25)</b> rolls. (161,101,2)
[18:26:23]ADMIN: Build Mode: AlcaroIsAFrick/(YO MAMA) modified the closet's (98,142,2) dir to 2
[18:26:23]ADMIN: Build Mode: AlcaroIsAFrick/(YO MAMA) modified the closet's (99,142,2) dir to 2
[18:26:24]ADMIN: Build Mode: AlcaroIsAFrick/(YO MAMA) modified the closet's (100,142,2) dir to 2
[18:26:24]SAY: Runtime/ : Meow! (159,106,2)
[18:26:26]EMOTE: *no key*/(Poly) : <b>Poly</b> bawks! (116,79,2)
[18:26:40]EMOTE: *no key*/(Runtime) : <b>Runtime</b> wags its tail. (159,106,2)
[18:26:43]EMOTE: *no key*/(Paperwork) : <b>Paperwork</b> dozes off. (81,120,2)
[18:26:46]EMOTE: *no key*/(mouse) : <b>The mouse</b> runs in a circle. (88,151,2)
[18:26:46]SAY: Elwood Mcclymonds/ : Oh damn, stroll! (149,37,2)
[18:26:48]EMOTE: *no key*/(mouse) : <b>The mouse</b> shakes. (88,151,2)
[18:26:51]EMOTE: *no key*/(monkey (440)) : <b>The monkey (440)</b> waves his tail. (160,116,2)
[18:26:59]SAY: Poly/ : Don&#39;t believe the reports - smoke today! (115,79,2)
[18:26:59]SAY: Harry Osteen/ : Well wank, this is a ugly situation. (152,35,2)
[18:27:04]ADMIN: Lezus_Konrad/(Alden Is A Terrorist) teleported Lezus_Konrad/(Alden Is A Terrorist)
[18:27:06]SAY: Nobody's Perfect/ : Radar, put a mask on! (24,75,1)
[18:27:08]SAY: mouse/ : Squeek? (100,122,2)
[18:27:10]GAME: <a href='?priv_msg=alcaroisafrick'>AlcaroIsAFrick</a>/(YO MAMA) checked the player panel while in game.
[18:27:14]SAY: Poly/ : Don&#39;t believe the reports - smoke today! (115,79,2)
[18:27:23]EMOTE: *no key*/(Spaceman) : <b>Spaceman</b> stops moving... (128,55,3)
[18:27:29]ACCESS: Mob Login: Unixian/(Axel Koffman) was assigned to a /mob/living/carbon/human
[18:27:41]SAY: Amari Linton/ : Well wank, this is a bad situation. (109,128,2)
[18:27:44]ADMIN: Lezus_Konrad/(Alden Is A Terrorist) spawned /obj/item/device/gps/visible_debug at (43,146,2)
[18:27:44]EMOTE: *no key*/(Runtime) : <b>Runtime</b> stretches out for a belly rub. (159,106,2)
[18:27:45]EMOTE: *no key*/(Poly) : <b>Poly</b> looks in the Power-ON cartridge's direction and takes flight. (115,79,2)
[18:27:46]EMOTE: *no key*/(Travis) : <b>Travis</b> jumps! (143,134,2)
[18:27:47]SAY: mouse/ : Squeek! (96,148,2)
[18:27:49]EMOTE: *no key*/(Poly) : <b>Poly</b> bawks! (116,79,2)
[18:27:49]SAY: Elwood Mcclymonds/ : Time to get my ugly mongoloid groin elsewhere. (149,37,2)
[18:27:52]EMOTE: *no key*/(monkey (662)) : <b>The monkey (662)</b> scratches. (160,116,2)
[18:27:54]EMOTE: *no key*/(Poly) : <b>Poly</b> bawks! (116,79,2)
[18:27:58]EMOTE: *no key*/(Poly) : <b>Poly</b> bawks! (116,79,2)
[18:27:58]SAY: Colten Bennett/ : Time to get my pretty repulsive head elsewhere. (162,142,2)
[18:28:05]SAY: Nobody's Perfect/ : What kind of medbay is this? Everyone&#39;s dropping like flies. (24,75,1)
[18:28:07]SAY: Colten Bennett/ : I want to punch that milkdrinker when I find them. (162,142,2)
[18:28:08]EMOTE: *no key*/(monkey (662)) : <b>The monkey (662)</b> waves his tail. (160,117,2)
[18:28:13]SAY: mouse/ : Squeek? (179,83,2)
[18:28:13]EMOTE: *no key*/(Poly) : <b>Poly</b> squawks. (116,79,2)
[18:28:14]EMOTE: *no key*/(monkey (910)) : <b>The monkey (910)</b> rolls. (157,99,2)
[18:28:17]ADMIN: AlcaroIsAFrick/(YO MAMA) spawned /mob/living/simple_animal/slime/pet at (73,135,2)
[18:28:17]SAY: Nobody's Perfect/ : There&#39;s always a catch, and I&#39;m the best there is. (24,75,1)
[18:28:18]EMOTE: *no key*/(grey baby slime (653)) : <b>The grey baby slime (653)</b> vibrates! (74,135,2)
[18:28:18]EMOTE: *no key*/(monkey (440)) : <b>The monkey (440)</b> jumps! (160,119,2)
[18:28:20]EMOTE: *no key*/(monkey (25)) : <b>The monkey (25)</b> jumps! (160,101,2)
[18:28:27]EMOTE: *no key*/(monkey (362)) : <b>The monkey (362)</b> jumps! (161,117,2)
[18:28:33]GAME: Random Event triggering: Shuttle Loan (/datum/round_event/shuttle_loan)
[18:28:37]EMOTE: *no key*/(grey baby slime (653)) : <b>The grey baby slime (653)</b> bounces in place. (72,135,2)
[18:28:37]SAY: Poly/ : Don&#39;t believe the reports - smoke today! (115,79,2)
[18:28:41]EMOTE: *no key*/(grey baby slime (235)) : <b>The grey baby slime (235)</b> jiggles! (165,92,2)
[18:28:42]EMOTE: *no key*/(Poly) : <b>Poly</b> squawks. (115,79,2)
[18:28:49]SAY: Ximena Bullard/ : Oh arse, escape! (106,155,2)
[18:28:53]EMOTE: *no key*/(monkey (362)) : <b>The monkey (362)</b> waves her tail. (160,117,2)
[18:28:53]EMOTE: *no key*/(mouse) : <b>The mouse</b> runs in a circle. (194,79,2)
[18:28:55]EMOTE: *no key*/(Ian) : <b>Ian</b> dances around. (104,120,2)
[18:29:00]SAY: mouse/ : Squeek? (195,81,2)
[18:29:01]ADMIN: AlcaroIsAFrick/(YO MAMA) spawned /mob/living/simple_animal/slime/random at (75,136,2)
[18:29:03]EMOTE: *no key*/(grey baby slime (235)) : <b>The grey baby slime (235)</b> bounces in place. (166,93,2)
[18:29:03]EMOTE: *no key*/(Runtime) : <b>Runtime</b> gets up and meows. (159,106,2)
[18:29:06]EMOTE: *no key*/(Runtime) : <b>Runtime</b> crouches on its hind legs. (159,106,2)
[18:29:06]EMOTE: *no key*/(monkey (300)) : <b>The monkey (300)</b> jumps! (157,100,2)
[18:29:06]EMOTE: *no key*/(Poly) : <b>Poly</b> flutters its wings. (115,79,2)
[18:29:09]GAME: NES Port loaded at at 34,140,3
[18:29:10]EMOTE: *no key*/(Runtime) : <b>Runtime</b> gets up and meows. (159,106,2)
[18:29:11]EMOTE: *no key*/(monkey (671)) : <b>The monkey (671)</b> rolls. (160,116,2)
[18:29:15]EMOTE: *no key*/(mouse) : <b>The mouse</b> runs in a circle. (97,148,2)
[18:29:15]EMOTE: *no key*/(Poly) : <b>Poly</b> looks in the Power-ON cartridge's direction and takes flight. (115,79,2)
[18:29:17]EMOTE: *no key*/(Tom) : <b>Tom</b> squeeks. (106,189,2)
[18:29:19]SAY: Medibot/ : Delicious! (155,73,1)
[18:29:22]EMOTE: *no key*/(Runtime) : <b>Runtime</b> wags its tail. (159,106,2)
[18:29:22]EMOTE: *no key*/(Poly) : <b>Poly</b> squawks. (116,79,2)
[18:29:26]SAY: Poly/ : Try our new nougat bar! (116,79,2)
[18:29:30]SAY: Ximena Bullard/ : I wonder if there is anything to beat and sneeze on somewhere else.. (106,155,2)
[18:29:33]ADMIN: AlcaroIsAFrick/(YO MAMA) healed / revived AlcaroIsAFrick/(YO MAMA)
[18:29:34]EMOTE: *no key*/(grey baby slime (235)) : <b>The grey baby slime (235)</b> jiggles! (167,92,2)
[18:29:39]SAY: Bethney Richter/ : I wonder if there is anything to modify and slap somewhere else.. (113,134,2)
[18:29:40]EMOTE: *no key*/(monkey (138)) : <b>The monkey (138)</b> waves his tail. (161,100,2)
[18:29:41]EMOTE: *no key*/(mouse) : <b>The mouse</b> runs in a circle. (180,82,2)
[18:29:41]EMOTE: *no key*/(Poly) : <b>Poly</b> squawks. (115,79,2)
[18:29:41]SAY: Amari Linton/ : Well bitch, this is a okay situation. (109,128,2)
[18:29:43]EMOTE: *no key*/(mouse) : <b>The mouse</b> squeeks. (168,147,2)
[18:29:43]EMOTE: *no key*/(mouse) : <b>The mouse</b> squeeks. (82,85,2)
[18:29:48]EMOTE: *no key*/(monkey (385)) : <b>The monkey (385)</b> rolls. (161,100,2)
[18:29:50]ADMIN: Lezus_Konrad/(Alden Is A Terrorist) admin ghosted.
[18:29:50]ACCESS: Mob Login: Lezus_Konrad/(Alden Is A Terrorist) was assigned to a /mob/dead/observer
[18:29:50]EMOTE: *no key*/(mouse) : <b>The mouse</b> squeeks. (100,124,2)
[18:29:54]ADMIN: Lezus_Konrad/(Alden Is A Terrorist) has entered build mode.
[18:29:57]EMOTE: *no key*/(mouse) : <b>The mouse</b> runs in a circle. (97,149,2)
[18:29:58]ADMIN: Build Mode: Lezus_Konrad/(Alden Is A Terrorist) built the floor at (44,151,3)
[18:29:59]ADMIN: Build Mode: Lezus_Konrad/(Alden Is A Terrorist) built the floor at (44,152,3)
[18:30:00]ADMIN: AlcaroIsAFrick/(YO MAMA) healed / revived AlcaroIsAFrick/(YO MAMA)
[18:30:00]ADMIN: Build Mode: Lezus_Konrad/(Alden Is A Terrorist) built the floor at (44,154,3)
[18:30:01]ADMIN: Build Mode: Lezus_Konrad/(Alden Is A Terrorist) built the floor at (44,153,3)
[18:30:04]ADMIN: Build Mode: Lezus_Konrad/(Alden Is A Terrorist) built the floor at (43,154,3)
[18:30:06]ADMIN: Build Mode: Lezus_Konrad/(Alden Is A Terrorist) built the floor at (41,154,3)
[18:30:07]EMOTE: *no key*/(Tom) : <b>Tom</b> squeeks. (102,189,2)
[18:30:11]ADMIN: Build Mode: Lezus_Konrad/(Alden Is A Terrorist) built the floor at (40,154,3)
[18:30:12]ADMIN: Build Mode: Lezus_Konrad/(Alden Is A Terrorist) built the floor at (39,154,3)
[18:30:12]SAY: Poly/ : Try our new nougat bar! (115,79,2)
[18:30:12]ADMIN: Build Mode: Lezus_Konrad/(Alden Is A Terrorist) built the floor at (38,154,3)
[18:30:13]ADMIN: Build Mode: Lezus_Konrad/(Alden Is A Terrorist) built the floor at (38,155,3)
[18:30:14]ADMIN: Build Mode: Lezus_Konrad/(Alden Is A Terrorist) built the floor at (38,157,3)
[18:30:14]SAY: Jaiden Simmons/ : I wonder if there is anything to touch and grab somewhere else.. (123,116,2)
[18:30:14]ADMIN: Build Mode: Lezus_Konrad/(Alden Is A Terrorist) built the wall at (38,157,3)
[18:30:16]ADMIN: Build Mode: Lezus_Konrad/(Alden Is A Terrorist) built the floor at (38,159,3)
[18:30:16]EMOTE: *no key*/(crab) : <b>The crab</b> clacks. (193,173,5)
[18:30:17]ADMIN: Build Mode: Lezus_Konrad/(Alden Is A Terrorist) built the floor at (38,160,3)
[18:30:17]ADMIN: Build Mode: Lezus_Konrad/(Alden Is A Terrorist) built the floor at (38,161,3)
[18:30:18]EMOTE: *no key*/(mouse) : <b>The mouse</b> squeeks. (194,78,2)
[18:30:18]SAY: Jaiden Simmons/ : Oh ass, that milkdrinker was one hell of an mongoloid nails. (123,116,2)
[18:30:19]ADMIN: Build Mode: Lezus_Konrad/(Alden Is A Terrorist) built the floor at (40,161,3)
[18:30:20]ADMIN: Build Mode: Lezus_Konrad/(Alden Is A Terrorist) built the floor at (42,161,3)
[18:30:21]EMOTE: *no key*/(Poly) : <b>Poly</b> flutters its wings. (115,79,2)
[18:30:21]ADMIN: Build Mode: Lezus_Konrad/(Alden Is A Terrorist) built the floor at (43,161,3)
[18:30:22]ADMIN: Build Mode: Lezus_Konrad/(Alden Is A Terrorist) built the floor at (41,161,3)
[18:30:23]SAY: Ximena Bullard/ : Oh wank, yakkety! (106,155,2)
[18:30:23]ADMIN: Build Mode: Lezus_Konrad/(Alden Is A Terrorist) built the floor at (39,161,3)
[18:30:24]ADMIN: Build Mode: Lezus_Konrad/(Alden Is A Terrorist) built the floor at (38,158,3)
[18:30:25]ADMIN: Build Mode: Lezus_Konrad/(Alden Is A Terrorist) built the floor at (38,156,3)
[18:30:25]SAY: Poly/ : Try our new nougat bar! (115,79,2)
[18:30:26]EMOTE: *no key*/(grey baby slime (235)) : <b>The grey baby slime (235)</b> jiggles! (167,92,2)
[18:30:27]SAY: Poly/ : Try our new nougat bar! (115,79,2)
[18:30:27]ADMIN: Build Mode: Lezus_Konrad/(Alden Is A Terrorist) built the floor at (41,151,3)
[18:30:29]ADMIN: Build Mode: Lezus_Konrad/(Alden Is A Terrorist) built the floor at (41,152,3)
[18:30:30]EMOTE: *no key*/(monkey (440)) : <b>The monkey (440)</b> waves his tail. (161,117,2)
[18:30:30]ADMIN: Build Mode: Lezus_Konrad/(Alden Is A Terrorist) built the floor at (41,153,3)
[18:30:32]ADMIN: Build Mode: Lezus_Konrad/(Alden Is A Terrorist) built the floor at (45,154,3)
[18:30:32]ADMIN: AlcaroIsAFrick/(YO MAMA) healed / revived AlcaroIsAFrick/(YO MAMA)
[18:30:33]ADMIN: Build Mode: Lezus_Konrad/(Alden Is A Terrorist) built the floor at (46,154,3)
[18:30:33]EMOTE: *no key*/(Poly) : <b>Poly</b> looks in the Power-ON cartridge's direction and takes flight. (115,79,2)
[18:30:34]ADMIN: Build Mode: Lezus_Konrad/(Alden Is A Terrorist) built the floor at (46,155,3)
[18:30:34]ADMIN: Build Mode: Lezus_Konrad/(Alden Is A Terrorist) built the floor at (46,156,3)
[18:30:35]ADMIN: Build Mode: Lezus_Konrad/(Alden Is A Terrorist) built the floor at (46,157,3)
[18:30:36]ADMIN: Build Mode: Lezus_Konrad/(Alden Is A Terrorist) built the floor at (46,158,3)
[18:30:36]ADMIN: Build Mode: Lezus_Konrad/(Alden Is A Terrorist) built the floor at (46,160,3)
[18:30:38]ADMIN: Build Mode: Lezus_Konrad/(Alden Is A Terrorist) built the floor at (46,159,3)
[18:30:39]ADMIN: Build Mode: Lezus_Konrad/(Alden Is A Terrorist) built the wall at (46,159,3)
[18:30:40]ADMIN: Build Mode: Lezus_Konrad/(Alden Is A Terrorist) built the floor at (45,161,3)
[18:30:40]SAY: Cruz Kadel/ : I want to punch that milkdrinker when I find them. (119,135,2)
[18:30:40]ADMIN: Build Mode: Lezus_Konrad/(Alden Is A Terrorist) built the wall at (45,161,3)
[18:30:41]ADMIN: Build Mode: Lezus_Konrad/(Alden Is A Terrorist) built the floor at (46,161,3)
[18:30:42]ADMIN: Build Mode: Lezus_Konrad/(Alden Is A Terrorist) built the floor at (44,161,3)
[18:30:43]ADMIN: Build Mode: Lezus_Konrad/(Alden Is A Terrorist) built the wall at (44,161,3)
[18:30:43]ADMIN: Build Mode: Lezus_Konrad/(Alden Is A Terrorist) built the wall at (43,161,3)
[18:30:44]EMOTE: *no key*/(monkey (300)) : <b>The monkey (300)</b> rolls. (158,99,2)
[18:30:44]ADMIN: Build Mode: Lezus_Konrad/(Alden Is A Terrorist) built the reinforced wall at (43,161,3)
[18:30:45]ADMIN: Build Mode: Lezus_Konrad/(Alden Is A Terrorist) built the reinforced wall at (44,161,3)
[18:30:46]ADMIN: Build Mode: Lezus_Konrad/(Alden Is A Terrorist) built the reinforced wall at (45,161,3)
[18:30:46]ADMIN: Build Mode: Lezus_Konrad/(Alden Is A Terrorist) built the reinforced wall at (45,161,3)
[18:30:47]ADMIN: Build Mode: Lezus_Konrad/(Alden Is A Terrorist) built the wall at (46,161,3)
[18:30:48]ADMIN: Build Mode: Lezus_Konrad/(Alden Is A Terrorist) built the wall at (46,160,3)
[18:30:48]ADMIN: Build Mode: Lezus_Konrad/(Alden Is A Terrorist) built the wall at (46,158,3)
[18:30:49]ADMIN: Build Mode: Lezus_Konrad/(Alden Is A Terrorist) built the wall at (46,157,3)
[18:30:50]ADMIN: Build Mode: Lezus_Konrad/(Alden Is A Terrorist) built the wall at (46,156,3)
[18:30:50]ADMIN: Build Mode: Lezus_Konrad/(Alden Is A Terrorist) built the wall at (46,155,3)
[18:30:51]SAY: Poly/ : Try our new nougat bar! (116,79,2)
[18:30:51]ADMIN: Build Mode: Lezus_Konrad/(Alden Is A Terrorist) built the wall at (46,154,3)
[18:30:51]ADMIN: Build Mode: Lezus_Konrad/(Alden Is A Terrorist) built the wall at (45,154,3)
[18:30:52]ADMIN: Build Mode: Lezus_Konrad/(Alden Is A Terrorist) built the reinforced wall at (45,154,3)
[18:30:53]ADMIN: Build Mode: Lezus_Konrad/(Alden Is A Terrorist) built the wall at (44,154,3)
[18:30:54]ADMIN: Build Mode: Lezus_Konrad/(Alden Is A Terrorist) built the wall at (43,154,3)
[18:30:54]ADMIN: Build Mode: Lezus_Konrad/(Alden Is A Terrorist) built the wall at (44,153,3)
[18:30:54]ADMIN: Build Mode: Lezus_Konrad/(Alden Is A Terrorist) built the wall at (44,152,3)
[18:30:55]SAY: Poly/ : Twice the calories for half the price! (116,80,2)
[18:30:56]ADMIN: Build Mode: Lezus_Konrad/(Alden Is A Terrorist) built the wall at (44,151,3)
[18:30:56]ADMIN: Build Mode: Lezus_Konrad/(Alden Is A Terrorist) built the wall at (41,151,3)
[18:30:57]ADMIN: Build Mode: Lezus_Konrad/(Alden Is A Terrorist) built the wall at (41,152,3)
[18:30:57]ADMIN: Build Mode: Lezus_Konrad/(Alden Is A Terrorist) built the wall at (41,154,3)
[18:30:58]EMOTE: *no key*/(Runtime) : <b>Runtime</b> wags its tail. (159,106,2)
[18:30:58]ADMIN: Build Mode: Lezus_Konrad/(Alden Is A Terrorist) built the wall at (41,153,3)
[18:30:59]ADMIN: Build Mode: Lezus_Konrad/(Alden Is A Terrorist) built the wall at (40,154,3)
[18:30:59]ADMIN: Build Mode: Lezus_Konrad/(Alden Is A Terrorist) built the wall at (38,154,3)
[18:30:59]SAY: mouse/ : Squeek! (195,79,2)
[18:31:00]EMOTE: *no key*/(Poly) : <b>Poly</b> flutters its wings. (118,80,2)
[18:31:00]ADMIN: Build Mode: Lezus_Konrad/(Alden Is A Terrorist) built the wall at (39,154,3)
[18:31:01]ADMIN: Build Mode: Lezus_Konrad/(Alden Is A Terrorist) built the wall at (38,155,3)
[18:31:01]ADMIN: Build Mode: Lezus_Konrad/(Alden Is A Terrorist) built the wall at (38,156,3)
[18:31:02]ADMIN: Build Mode: Lezus_Konrad/(Alden Is A Terrorist) built the wall at (38,158,3)
[18:31:02]EMOTE: *no key*/(monkey (300)) : <b>The monkey (300)</b> waves his tail. (159,100,2)
[18:31:02]ADMIN: Build Mode: Lezus_Konrad/(Alden Is A Terrorist) built the wall at (38,159,3)
[18:31:03]ADMIN: Build Mode: Lezus_Konrad/(Alden Is A Terrorist) built the wall at (38,160,3)
[18:31:03]ADMIN: Build Mode: Lezus_Konrad/(Alden Is A Terrorist) built the wall at (39,161,3)
[18:31:04]EMOTE: *no key*/(monkey (385)) : <b>The monkey (385)</b> waves his tail. (160,99,2)
[18:31:04]ADMIN: Build Mode: Lezus_Konrad/(Alden Is A Terrorist) built the reinforced wall at (39,161,3)
[18:31:05]ADMIN: Build Mode: Lezus_Konrad/(Alden Is A Terrorist) built the wall at (40,161,3)
[18:31:05]ADMIN: Build Mode: Lezus_Konrad/(Alden Is A Terrorist) built the wall at (41,161,3)
[18:31:06]ADMIN: Build Mode: Lezus_Konrad/(Alden Is A Terrorist) built the wall at (42,161,3)
[18:31:07]ADMIN: Build Mode: Lezus_Konrad/(Alden Is A Terrorist) built the wall at (38,161,3)
[18:31:08]SAY: Runtime/ : Esp! (159,106,2)
[18:31:09]ADMIN: Build Mode: Lezus_Konrad/(Alden Is A Terrorist) built the reinforced wall at (42,161,3)
[18:31:09]ADMIN: Build Mode: Lezus_Konrad/(Alden Is A Terrorist) built the reinforced wall at (41,161,3)
[18:31:10]ADMIN: Build Mode: Lezus_Konrad/(Alden Is A Terrorist) built the reinforced wall at (40,161,3)
[18:31:12]ADMIN: Build Mode: Lezus_Konrad/(Alden Is A Terrorist) built the reinforced wall at (44,154,3)
[18:31:13]ADMIN: Build Mode: Lezus_Konrad/(Alden Is A Terrorist) built the reinforced wall at (43,154,3)
[18:31:14]ADMIN: Build Mode: Lezus_Konrad/(Alden Is A Terrorist) built the reinforced wall at (41,154,3)
[18:31:15]ADMIN: Build Mode: Lezus_Konrad/(Alden Is A Terrorist) built the reinforced wall at (40,154,3)
[18:31:15]ADMIN: Build Mode: Lezus_Konrad/(Alden Is A Terrorist) built the reinforced wall at (39,154,3)
[18:31:16]ADMIN: Build Mode: Lezus_Konrad/(Alden Is A Terrorist) built the reinforced wall at (38,155,3)
[18:31:17]ADMIN: Build Mode: Lezus_Konrad/(Alden Is A Terrorist) built the reinforced wall at (38,155,3)
[18:31:17]ADMIN: Build Mode: Lezus_Konrad/(Alden Is A Terrorist) built the reinforced wall at (38,156,3)
[18:31:18]ADMIN: Build Mode: Lezus_Konrad/(Alden Is A Terrorist) built the reinforced wall at (38,158,3)
[18:31:19]ADMIN: Build Mode: Lezus_Konrad/(Alden Is A Terrorist) built the reinforced wall at (38,160,3)
[18:31:21]ADMIN: Build Mode: Lezus_Konrad/(Alden Is A Terrorist) built the reinforced wall at (38,159,3)
[18:31:21]ADMIN: Build Mode: Lezus_Konrad/(Alden Is A Terrorist) built the reinforced wall at (38,157,3)
[18:31:21]SAY: Poly/ : Try our new nougat bar! (117,80,2)
[18:31:22]ADMIN: Build Mode: Lezus_Konrad/(Alden Is A Terrorist) built the reinforced wall at (46,160,3)
[18:31:23]ADMIN: Build Mode: Lezus_Konrad/(Alden Is A Terrorist) built the reinforced wall at (46,159,3)
[18:31:23]EMOTE: *no key*/(Poly) : <b>Poly</b> squawks. (117,80,2)
[18:31:24]ADMIN: Build Mode: Lezus_Konrad/(Alden Is A Terrorist) built the reinforced wall at (46,159,3)
[18:31:26]SAY: Poly/ : Try our new nougat bar! (117,80,2)
[18:31:27]ADMIN: Build Mode: Lezus_Konrad/(Alden Is A Terrorist) built the reinforced wall at (46,158,3)
[18:31:28]SAY: Poly/ : Try our new nougat bar! (115,79,2)
[18:31:28]ADMIN: Build Mode: Lezus_Konrad/(Alden Is A Terrorist) built the reinforced wall at (46,157,3)
[18:31:29]ADMIN: Build Mode: Lezus_Konrad/(Alden Is A Terrorist) built the reinforced wall at (46,156,3)
[18:31:30]ADMIN: Build Mode: Lezus_Konrad/(Alden Is A Terrorist) built the reinforced wall at (46,156,3)
[18:31:30]ADMIN: Build Mode: Lezus_Konrad/(Alden Is A Terrorist) built the reinforced wall at (46,155,3)
[18:31:32]ADMIN: Build Mode: Lezus_Konrad/(Alden Is A Terrorist) built the reinforced wall at (44,153,3)
[18:31:32]ADMIN: Build Mode: Lezus_Konrad/(Alden Is A Terrorist) built the reinforced wall at (44,151,3)
[18:31:32]SAY: mouse/ : Squeek! (179,81,2)
[18:31:33]ADMIN: Build Mode: Lezus_Konrad/(Alden Is A Terrorist) built the reinforced wall at (44,151,3)
[18:31:33]ADMIN: Build Mode: Lezus_Konrad/(Alden Is A Terrorist) built the reinforced wall at (44,152,3)
[18:31:34]EMOTE: *no key*/(monkey (120)) : <b>The monkey (120)</b> jumps! (161,116,2)
[18:31:34]ADMIN: Build Mode: Lezus_Konrad/(Alden Is A Terrorist) built the reinforced wall at (41,152,3)
[18:31:34]SAY: Poly/ : Try our new nougat bar! (115,79,2)
[18:31:34]SAY: Nobody's Perfect/ : Delicious! (24,75,1)
[18:31:35]ADMIN: Build Mode: Lezus_Konrad/(Alden Is A Terrorist) built the reinforced wall at (41,151,3)
[18:31:35]ADMIN: Build Mode: Lezus_Konrad/(Alden Is A Terrorist) built the reinforced wall at (41,153,3)
[18:31:38]ADMIN: Build Mode: Lezus_Konrad/(Alden Is A Terrorist) built the reinforced wall at (38,154,3)
[18:31:39]ADMIN: Build Mode: Lezus_Konrad/(Alden Is A Terrorist) built the reinforced wall at (46,154,3)
[18:31:40]EMOTE: *no key*/(monkey (662)) : <b>The monkey (662)</b> waves his tail. (161,117,2)
[18:31:40]ADMIN: Build Mode: Lezus_Konrad/(Alden Is A Terrorist) built the reinforced wall at (46,161,3)
[18:31:41]ADMIN: AlcaroIsAFrick/(YO MAMA) spawned /obj/item/extinguisher at (72,142,2)
[18:31:41]SAY: mouse/ : SQUEEK! (194,79,2)
[18:31:41]SAY: Poly/ : Don&#39;t believe the reports - smoke today! (115,79,2)
[18:31:41]SAY: Tom/ : Squeek? (102,189,2)
[18:31:41]ADMIN: Build Mode: Lezus_Konrad/(Alden Is A Terrorist) built the reinforced wall at (38,161,3)
[18:31:43]SAY: Colten Bennett/ : I want to punch that milkdrinker when I find them. (162,142,2)
[18:31:44]EMOTE: *no key*/(Runtime) : <b>Runtime</b> stops resting. (159,106,2)
[18:31:45]SAY: Poly/ : Try our new nougat bar! (115,79,2)
[18:31:46]EMOTE: *no key*/(grey baby slime (235)) : <b>The grey baby slime (235)</b> lights up for a bit, then stops. (165,92,2)
[18:31:48]EMOTE: *no key*/(monkey (21)) : <b>The monkey (21)</b> rolls. (161,120,2)
[18:31:48]EMOTE: *no key*/(Runtime) : <b>Runtime</b> grooms its fur. (159,107,2)
[18:31:49]ADMIN: Build Mode: Lezus_Konrad/(Alden Is A Terrorist) built the floor at (39,160,3)
[18:31:49]ADMIN: Build Mode: Lezus_Konrad/(Alden Is A Terrorist) built the floor at (40,160,3)
[18:31:50]EMOTE: *no key*/(Paperwork) : <b>Paperwork</b> yawns. (77,117,2)
[18:31:50]ADMIN: Build Mode: Lezus_Konrad/(Alden Is A Terrorist) built the floor at (41,160,3)
[18:31:50]ADMIN: Build Mode: Lezus_Konrad/(Alden Is A Terrorist) built the floor at (42,160,3)
[18:31:51]ADMIN: Build Mode: Lezus_Konrad/(Alden Is A Terrorist) built the floor at (44,160,3)
[18:31:52]ADMIN: Build Mode: Lezus_Konrad/(Alden Is A Terrorist) built the floor at (43,160,3)
[18:31:53]ADMIN: Build Mode: Lezus_Konrad/(Alden Is A Terrorist) built the floor at (45,160,3)
[18:31:53]ADMIN: Build Mode: Lezus_Konrad/(Alden Is A Terrorist) built the floor at (45,159,3)
[18:31:54]ADMIN: Build Mode: Lezus_Konrad/(Alden Is A Terrorist) built the floor at (45,156,3)
[18:31:55]ADMIN: Build Mode: Lezus_Konrad/(Alden Is A Terrorist) built the floor at (45,157,3)
[18:31:55]ADMIN: Build Mode: Lezus_Konrad/(Alden Is A Terrorist) built the floor at (44,158,3)
[18:31:56]ADMIN: Build Mode: Lezus_Konrad/(Alden Is A Terrorist) built the floor at (45,158,3)
[18:31:56]SAY: Medibot/ : There&#39;s always a catch, and I&#39;m the best there is. (155,73,1)
[18:31:56]SAY: Medibot/ : I knew it, I should&#39;ve been a plastic surgeon. (208,166,7)
[18:31:56]ADMIN: Build Mode: Lezus_Konrad/(Alden Is A Terrorist) built the floor at (44,159,3)
[18:31:57]ADMIN: Build Mode: Lezus_Konrad/(Alden Is A Terrorist) built the floor at (43,159,3)
[18:31:57]ADMIN: Build Mode: Lezus_Konrad/(Alden Is A Terrorist) built the floor at (42,159,3)
[18:31:58]ADMIN: Build Mode: Lezus_Konrad/(Alden Is A Terrorist) built the wall at (42,159,3)
[18:31:58]ADMIN: Build Mode: Lezus_Konrad/(Alden Is A Terrorist) built the floor at (41,159,3)
[18:31:59]ADMIN: Build Mode: Lezus_Konrad/(Alden Is A Terrorist) built the floor at (40,159,3)
[18:32:00]ADMIN: Build Mode: Lezus_Konrad/(Alden Is A Terrorist) deleted the wall at (42,159,3)
[18:32:01]ADMIN: Build Mode: Lezus_Konrad/(Alden Is A Terrorist) built the floor at (39,159,3)
[18:32:01]ADMIN: Build Mode: Lezus_Konrad/(Alden Is A Terrorist) built the floor at (39,158,3)
[18:32:02]EMOTE: *no key*/(Ian) : <b>Ian</b> chases its tail! (103,120,2)
[18:32:02]ADMIN: Build Mode: Lezus_Konrad/(Alden Is A Terrorist) built the floor at (40,158,3)
[18:32:03]ADMIN: Build Mode: Lezus_Konrad/(Alden Is A Terrorist) built the floor at (41,158,3)
[18:32:03]EMOTE: *no key*/(Poly) : <b>Poly</b> bawks! (115,79,2)
[18:32:03]ADMIN: Build Mode: Lezus_Konrad/(Alden Is A Terrorist) built the floor at (42,158,3)
[18:32:03]ADMIN: Build Mode: Lezus_Konrad/(Alden Is A Terrorist) built the floor at (43,158,3)
[18:32:04]ADMIN: Build Mode: Lezus_Konrad/(Alden Is A Terrorist) built the wall at (43,158,3)
[18:32:04]ADMIN: Build Mode: Lezus_Konrad/(Alden Is A Terrorist) built the floor at (44,157,3)
[18:32:05]ADMIN: Build Mode: Lezus_Konrad/(Alden Is A Terrorist) built the floor at (44,156,3)
[18:32:06]ADMIN: Build Mode: Lezus_Konrad/(Alden Is A Terrorist) built the floor at (45,155,3)
[18:32:06]EMOTE: *no key*/(monkey (385)) : <b>The monkey (385)</b> rolls. (159,100,2)
[18:32:06]EMOTE: *no key*/(Runtime) : <b>Runtime</b> looks alert. (160,107,2)
[18:32:06]ADMIN: Build Mode: Lezus_Konrad/(Alden Is A Terrorist) built the floor at (44,155,3)
[18:32:07]ADMIN: Build Mode: Lezus_Konrad/(Alden Is A Terrorist) deleted the wall at (43,158,3)
[18:32:08]ADMIN: Build Mode: Lezus_Konrad/(Alden Is A Terrorist) built the floor at (43,157,3)
[18:32:08]GAME: Unixian/(Axel Koffman) planted C4 on floor at (69,135,2) with 10 second fuse
[18:32:09]ADMIN: Build Mode: Lezus_Konrad/(Alden Is A Terrorist) built the floor at (42,157,3)
[18:32:09]ADMIN: Build Mode: Lezus_Konrad/(Alden Is A Terrorist) built the floor at (42,156,3)
[18:32:10]ADMIN: Build Mode: Lezus_Konrad/(Alden Is A Terrorist) built the floor at (42,155,3)
[18:32:11]ADMIN: Build Mode: Lezus_Konrad/(Alden Is A Terrorist) built the floor at (43,155,3)
[18:32:12]SAY: Poly/ : Try our new nougat bar! (115,79,2)
[18:32:12]ADMIN: Build Mode: Lezus_Konrad/(Alden Is A Terrorist) built the floor at (40,155,3)
[18:32:14]ADMIN: Build Mode: Lezus_Konrad/(Alden Is A Terrorist) built the floor at (41,155,3)
[18:32:14]ADMIN: Build Mode: Lezus_Konrad/(Alden Is A Terrorist) built the floor at (41,157,3)
[18:32:15]ADMIN: Build Mode: Lezus_Konrad/(Alden Is A Terrorist) built the wall at (41,157,3)
[18:32:16]ADMIN: Build Mode: Lezus_Konrad/(Alden Is A Terrorist) built the floor at (40,157,3)
[18:32:16]ADMIN: Build Mode: Lezus_Konrad/(Alden Is A Terrorist) built the floor at (41,156,3)
[18:32:16]SAY: Poly/ : Try our new nougat bar! (115,79,2)
[18:32:17]ADMIN: Build Mode: Lezus_Konrad/(Alden Is A Terrorist) deleted the floor at (41,156,3)
[18:32:18]ADMIN: Build Mode: Lezus_Konrad/(Alden Is A Terrorist) deleted the wall at (41,157,3)
[18:32:18]GAME: Explosion with size (0, 0, 3, 0) in area Locker Room (69,135,2)
[18:32:19]ADMIN: Build Mode: Lezus_Konrad/(Alden Is A Terrorist) built the floor at (41,156,3)
[18:32:20]ADMIN: Build Mode: Lezus_Konrad/(Alden Is A Terrorist) built the floor at (43,156,3)
[18:32:20]ADMIN: Build Mode: Lezus_Konrad/(Alden Is A Terrorist) built the floor at (40,156,3)
[18:32:21]SAY: Medibot/ : There&#39;s always a catch, and I&#39;m the best there is. (208,166,7)
[18:32:21]SAY: Accidents Happen/ : Radar, put a mask on! (82,63,7)
[18:32:21]SAY: Poly/ : Try our new nougat bar! (115,79,2)
[18:32:21]ADMIN: Build Mode: Lezus_Konrad/(Alden Is A Terrorist) built the floor at (39,156,3)
[18:32:21]ADMIN: Build Mode: Lezus_Konrad/(Alden Is A Terrorist) built the floor at (39,155,3)
[18:32:22]ADMIN: AlcaroIsAFrick/(YO MAMA) jumped to 73,140,2 in Port Primary Hallway
[18:32:22]ADMIN: Build Mode: Lezus_Konrad/(Alden Is A Terrorist) built the floor at (39,157,3)
[18:32:23]SAY: Runtime/ : Purr! (160,107,2)
[18:32:23]EMOTE: *no key*/(Poly) : <b>Poly</b> looks in the Power-ON cartridge's direction and takes flight. (115,79,2)
[18:32:23]SAY: Poly/ : Don&#39;t believe the reports - smoke today! (115,79,2)
[18:32:26]EMOTE: *no key*/(pyrite baby slime (445)) : <b>The pyrite baby slime (445)</b> bounces in place. (68,132,2)
[18:32:31]EMOTE: *no key*/(mouse) : <b>The mouse</b> runs in a circle. (168,148,2)
[18:32:32]SAY: Colten Bennett/ : Time to get my ugly mongoloid groin elsewhere. (162,142,2)
[18:32:34]EMOTE: *no key*/(Poly) : <b>Poly</b> bawks! (116,80,2)
[18:32:40]SAY: Poly/ : Don&#39;t believe the reports - smoke today! (116,82,2)
[18:32:41]ADMIN: Build Mode: Lezus_Konrad/(Alden Is A Terrorist) modified space (43,153,3) to /turf/open/floor/fakespace
[18:32:41]ADMIN: Build Mode: Lezus_Konrad/(Alden Is A Terrorist) modified space (43,152,3) to /turf/open/floor/fakespace
[18:32:42]ADMIN: Build Mode: Lezus_Konrad/(Alden Is A Terrorist) modified space (43,151,3) to /turf/open/floor/fakespace
[18:32:45]SAY: Jaiden Simmons/ : Oh bitch, run! (123,116,2)
[18:32:45]ADMIN: Build Mode: Lezus_Konrad/(Alden Is A Terrorist) modified space (42,151,3) to /turf/open/floor/fakespace
[18:32:46]ADMIN: Build Mode: Lezus_Konrad/(Alden Is A Terrorist) modified space (42,152,3) to /turf/open/floor/fakespace
[18:32:46]ADMIN: Build Mode: Lezus_Konrad/(Alden Is A Terrorist) modified space (42,153,3) to /turf/open/floor/fakespace
[18:32:47]ADMIN: Build Mode: Lezus_Konrad/(Alden Is A Terrorist) modified space (42,154,3) to /turf/open/floor/fakespace
[18:32:48]EMOTE: *no key*/(Ian) : <b>Ian</b> chases its tail! (103,120,2)
[18:32:50]ADMIN: Build Mode: Lezus_Konrad/(Alden Is A Terrorist) modified the shuttle floor (43,147,3) to /turf/open/floor/fakespace
[18:32:50]EMOTE: *no key*/(monkey (910)) : <b>The monkey (910)</b> jumps! (157,99,2)
[18:32:50]ADMIN: Build Mode: Lezus_Konrad/(Alden Is A Terrorist) modified the shuttle floor (42,147,3) to /turf/open/floor/fakespace
[18:32:51]ADMIN: Build Mode: Lezus_Konrad/(Alden Is A Terrorist) modified the shuttle floor (42,146,3) to /turf/open/floor/fakespace
[18:32:52]ADMIN: Build Mode: Lezus_Konrad/(Alden Is A Terrorist) modified the shuttle floor (43,146,3) to /turf/open/floor/fakespace
[18:32:52]ADMIN: Build Mode: Lezus_Konrad/(Alden Is A Terrorist) modified the shuttle floor (42,145,3) to /turf/open/floor/fakespace
[18:32:53]ADMIN: Build Mode: Lezus_Konrad/(Alden Is A Terrorist) modified the shuttle floor (43,145,3) to /turf/open/floor/fakespace
[18:32:53]SAY: Poly/ : Try our new nougat bar! (119,80,2)
[18:32:53]SAY: Jaiden Simmons/ : Guilty until proven ugly! (123,116,2)
[18:32:54]ADMIN: Build Mode: Lezus_Konrad/(Alden Is A Terrorist) modified the shuttle floor (44,145,3) to /turf/open/floor/fakespace
[18:32:54]ADMIN: Build Mode: Lezus_Konrad/(Alden Is A Terrorist) modified the shuttle floor (44,146,3) to /turf/open/floor/fakespace
[18:32:54]ADMIN: Build Mode: Lezus_Konrad/(Alden Is A Terrorist) modified the shuttle floor (44,147,3) to /turf/open/floor/fakespace
[18:32:55]ADMIN: Build Mode: Lezus_Konrad/(Alden Is A Terrorist) modified the floor (44,147,3) to /turf/open/floor/fakespace
[18:32:56]SAY: Poly/ : Don&#39;t believe the reports - smoke today! (118,80,2)
[18:33:00]EMOTE: *no key*/(mouse) : <b>The mouse</b> squeeks. (96,145,2)
[18:33:00]EMOTE: *no key*/(monkey (21)) : <b>The monkey (21)</b> rolls. (161,120,2)
[18:33:02]EMOTE: *no key*/(monkey (21)) : <b>The monkey (21)</b> waves his tail. (161,119,2)
[18:33:04]ADMIN: Build Mode: Lezus_Konrad/(Alden Is A Terrorist) modified the floor (41,155,3) to /turf/open/floor/fakespace
[18:33:05]EMOTE: *no key*/(mouse) : <b>The mouse</b> shakes. (195,78,2)
[18:33:05]ADMIN: Build Mode: Lezus_Konrad/(Alden Is A Terrorist) modified the floor (42,156,3) to /turf/open/floor/fakespace
[18:33:06]ADMIN: Build Mode: Lezus_Konrad/(Alden Is A Terrorist) modified the floor (43,157,3) to /turf/open/floor/fakespace
[18:33:07]ADMIN: Build Mode: Lezus_Konrad/(Alden Is A Terrorist) modified the floor (44,158,3) to /turf/open/floor/fakespace
[18:33:07]EMOTE: *no key*/(crab) : <b>The crab</b> clacks. (193,173,5)
[18:33:08]ADMIN: Build Mode: Lezus_Konrad/(Alden Is A Terrorist) modified the floor (45,159,3) to /turf/open/floor/fakespace
[18:33:08]EMOTE: *no key*/(monkey (910)) : <b>The monkey (910)</b> waves his tail. (158,99,2)
[18:33:08]ADMIN: Build Mode: Lezus_Konrad/(Alden Is A Terrorist) modified the floor (44,160,3) to /turf/open/floor/fakespace
[18:33:09]ADMIN: Build Mode: Lezus_Konrad/(Alden Is A Terrorist) modified the floor (43,159,3) to /turf/open/floor/fakespace
[18:33:10]ADMIN: Build Mode: Lezus_Konrad/(Alden Is A Terrorist) modified the floor (42,158,3) to /turf/open/floor/fakespace
[18:33:11]EMOTE: *no key*/(crab) : <b>The crab</b> clacks. (193,173,5)
[18:33:11]SAY: Jaiden Simmons/ : I want to punch that lingbin when I find them. (123,116,2)
[18:33:11]ADMIN: Build Mode: Lezus_Konrad/(Alden Is A Terrorist) modified the floor (41,157,3) to /turf/open/floor/fakespace
[18:33:13]ADMIN: Build Mode: Lezus_Konrad/(Alden Is A Terrorist) modified the floor (40,156,3) to /turf/open/floor/fakespace
[18:33:13]SAY: Cruz Kadel/ : Breaking news from Station Announcements! (119,135,2)
[18:33:14]ADMIN: Build Mode: Lezus_Konrad/(Alden Is A Terrorist) modified the floor (39,155,3) to /turf/open/floor/fakespace
[18:33:15]ADMIN: Build Mode: Lezus_Konrad/(Alden Is A Terrorist) modified the floor (39,157,3) to /turf/open/floor/fakespace
[18:33:16]ADMIN: Build Mode: Lezus_Konrad/(Alden Is A Terrorist) modified the floor (40,158,3) to /turf/open/floor/fakespace
[18:33:16]ADMIN: Build Mode: Lezus_Konrad/(Alden Is A Terrorist) modified the floor (41,159,3) to /turf/open/floor/fakespace
[18:33:17]ADMIN: Build Mode: Lezus_Konrad/(Alden Is A Terrorist) modified the floor (42,160,3) to /turf/open/floor/fakespace
[18:33:18]ADMIN: Build Mode: Lezus_Konrad/(Alden Is A Terrorist) modified the floor (40,160,3) to /turf/open/floor/fakespace
[18:33:19]ADMIN: Build Mode: Lezus_Konrad/(Alden Is A Terrorist) modified the floor (39,159,3) to /turf/open/floor/fakespace
[18:33:20]ADMIN: Build Mode: Lezus_Konrad/(Alden Is A Terrorist) modified the floor (45,157,3) to /turf/open/floor/fakespace
[18:33:21]ADMIN: Build Mode: Lezus_Konrad/(Alden Is A Terrorist) modified the floor (44,156,3) to /turf/open/floor/fakespace
[18:33:22]SAY: Poly/ : Don&#39;t believe the reports - smoke today! (119,80,2)
[18:33:22]EMOTE: *no key*/(monkey (362)) : <b>The monkey (362)</b> scratches. (161,118,2)
[18:33:23]ADMIN: Build Mode: Lezus_Konrad/(Alden Is A Terrorist) modified the floor (43,155,3) to /turf/open/floor/fakespace
[18:33:24]ADMIN: Build Mode: Lezus_Konrad/(Alden Is A Terrorist) modified the floor (45,155,3) to /turf/open/floor/fakespace
[18:33:24]EMOTE: *no key*/(mouse) : <b>The mouse</b> shakes. (96,144,2)
[18:33:24]EMOTE: *no key*/(Poly) : <b>Poly</b> bawks! (119,80,2)
[18:33:26]EMOTE: *no key*/(monkey (362)) : <b>The monkey (362)</b> waves her tail. (161,118,2)
[18:33:26]EMOTE: *no key*/(Runtime) : <b>Runtime</b> stops resting. (160,107,2)
[18:33:27]EMOTE: *no key*/(Paperwork) : <b>Paperwork</b> looks around sleepily. (78,115,2)
[18:33:27]SAY: Jaiden Simmons/ : Well wank, this is a ugly situation. (123,116,2)
[18:33:34]EMOTE: *no key*/(grey baby slime (348)) : <b>The grey baby slime (348)</b> vibrates! (175,93,2)
[18:33:34]EMOTE: *no key*/(Runtime) : <b>Runtime</b> shakes out its coat. (160,108,2)
[18:33:35]SAY: Poly/ : Don&#39;t believe the reports - smoke today! (118,79,2)
[18:33:40]EMOTE: *no key*/(monkey (300)) : <b>The monkey (300)</b> waves his tail. (159,101,2)
[18:33:42]SAY: Amari Linton/ : Time to get my ugly mongoloid groin elsewhere. (109,128,2)
[18:33:46]SAY: Runtime/ : Esp! (160,107,2)
[18:33:46]EMOTE: *no key*/(grey baby slime (235)) : <b>The grey baby slime (235)</b> vibrates! (165,93,2)
[18:33:47]EMOTE: *no key*/(monkey (440)) : <b>The monkey (440)</b> rolls. (160,119,2)
[18:33:52]ADMIN: AlcaroIsAFrick/(YO MAMA) spawned /obj/structure/window/plasma/reinforced at (70,142,2)
[18:33:53]SAY: Poly/ : Try our new nougat bar! (118,81,2)
[18:33:57]EMOTE: *no key*/(monkey (120)) : <b>The monkey (120)</b> jumps! (160,119,2)
[18:33:58]ADMIN: AlcaroIsAFrick/(YO MAMA) spawned /obj/structure/window/plasma/reinforced/fulltile at (69,142,2)
[18:33:59]EMOTE: *no key*/(Ian) : <b>Ian</b> dances around. (103,120,2)
[18:34:02]SAY: Medibot/ : I knew it, I should&#39;ve been a plastic surgeon. (155,73,1)
[18:34:04]SAY: Poly/ : Try our new nougat bar! (119,82,2)
[18:34:04]SAY: Bethney Richter/ : I want to punch that lingbin when I find them. (113,134,2)
[18:34:07]EMOTE: *no key*/(grey baby slime (653)) : <b>The grey baby slime (653)</b> vibrates! (68,143,2)
[18:34:09]ADMIN: AlcaroIsAFrick/(YO MAMA) modified The grey baby slime (653)'s x to from 68 to 70
[18:34:17]ADMIN: AlcaroIsAFrick/(YO MAMA) spawned /obj/structure/window/plasma/fulltile at (71,142,2)
[18:34:17]SAY: mouse/ : Squeek! (167,148,2)
[18:34:21]SAY: Medibot/ : What kind of medbay is this? Everyone&#39;s dropping like flies. (155,73,1)
[18:34:24]SAY: Poly/ : Don&#39;t believe the reports - smoke today! (115,79,2)
[18:34:26]ADMIN: AlcaroIsAFrick/(YO MAMA) modified The grey baby slime (653)'s y to from 143 to 142
[18:34:26]EMOTE: *no key*/(Poly) : <b>Poly</b> bawks! (115,79,2)
[18:34:28]SAY: mouse/ : Squeek? (88,147,2)
[18:34:28]SAY: Medibot/ : I knew it, I should&#39;ve been a plastic surgeon. (208,166,7)
[18:34:30]ADMIN: AlcaroIsAFrick/(YO MAMA) deleted the plasma window at (71, 142, 2)
[18:34:30]SAY: Runtime/ : Purr! (159,106,2)
[18:34:30]SAY: Harry Osteen/ : Well bitch, this is a okay situation. (150,33,2)
[18:34:32]EMOTE: *no key*/(Poly) : <b>Poly</b> squawks. (115,79,2)
[18:34:35]SAY: Runtime/ : Purr! (159,106,2)
[18:34:36]ADMIN: AlcaroIsAFrick/(YO MAMA) spawned /obj/structure/window/plasma/reinforced/fulltile at (71,142,2)
[18:34:37]SAY: Poly/ : Don&#39;t believe the reports - smoke today! (115,79,2)
[18:34:39]SAY: Runtime/ : Purr! (159,106,2)
[18:34:39]SAY: Bethney Richter/ : Well wank, this is a bad situation. (113,134,2)
[18:34:41]EMOTE: *no key*/(Poly) : <b>Poly</b> flutters its wings. (115,79,2)
[18:34:46]ADMIN: Build Mode: Lezus_Konrad/(Alden Is A Terrorist) deleted the wall at (42,151,3)
[18:34:47]ADMIN: Build Mode: Lezus_Konrad/(Alden Is A Terrorist) deleted the wall at (43,151,3)
[18:34:58]SAY: Medibot/ : Radar, put a mask on! (155,73,1)
[18:35:01]EMOTE: *no key*/(Poly) : <b>Poly</b> looks in the Power-ON cartridge's direction and takes flight. (115,79,2)
[18:35:01]ADMIN: Build Mode: Lezus_Konrad/(Alden Is A Terrorist) modified the floor (45,152,3) to /turf/open/floor/fakespace
[18:35:01]ADMIN: Build Mode: Lezus_Konrad/(Alden Is A Terrorist) modified the floor (44,152,3) to /turf/open/floor/fakespace
[18:35:02]ADMIN: Build Mode: Lezus_Konrad/(Alden Is A Terrorist) modified the floor (43,152,3) to /turf/open/floor/fakespace
[18:35:03]ADMIN: Build Mode: Lezus_Konrad/(Alden Is A Terrorist) modified the floor (41,152,3) to /turf/open/floor/fakespace
[18:35:03]ADMIN: Build Mode: Lezus_Konrad/(Alden Is A Terrorist) modified the floor (40,152,3) to /turf/open/floor/fakespace
[18:35:04]ADMIN: Build Mode: Lezus_Konrad/(Alden Is A Terrorist) modified the floor (42,152,3) to /turf/open/floor/fakespace
[18:35:05]ADMIN: Build Mode: Lezus_Konrad/(Alden Is A Terrorist) modified the floor (40,152,3) to /turf/open/floor/fakespace
[18:35:05]ADMIN: Build Mode: Lezus_Konrad/(Alden Is A Terrorist) modified the floor (39,153,3) to /turf/open/floor/fakespace
[18:35:06]ADMIN: Build Mode: Lezus_Konrad/(Alden Is A Terrorist) modified the floor (40,153,3) to /turf/open/floor/fakespace
[18:35:06]ADMIN: Build Mode: Lezus_Konrad/(Alden Is A Terrorist) modified the floor (39,152,3) to /turf/open/floor/fakespace
[18:35:07]ADMIN: Build Mode: Lezus_Konrad/(Alden Is A Terrorist) modified the floor (41,153,3) to /turf/open/floor/fakespace
[18:35:07]ADMIN: Build Mode: Lezus_Konrad/(Alden Is A Terrorist) modified the floor (41,154,3) to /turf/open/floor/fakespace
[18:35:08]ADMIN: Build Mode: Lezus_Konrad/(Alden Is A Terrorist) modified the floor (40,154,3) to /turf/open/floor/fakespace
[18:35:08]ADMIN: Build Mode: Lezus_Konrad/(Alden Is A Terrorist) modified the floor (40,154,3) to /turf/open/floor/fakespace
[18:35:09]ADMIN: Build Mode: Lezus_Konrad/(Alden Is A Terrorist) modified the floor (42,155,3) to /turf/open/floor/fakespace
[18:35:09]ADMIN: Build Mode: Lezus_Konrad/(Alden Is A Terrorist) modified the floor (43,155,3) to /turf/open/floor/fakespace
[18:35:09]ADMIN: Build Mode: Lezus_Konrad/(Alden Is A Terrorist) modified the floor (43,154,3) to /turf/open/floor/fakespace
[18:35:10]ADMIN: Build Mode: Lezus_Konrad/(Alden Is A Terrorist) modified the floor (44,154,3) to /turf/open/floor/fakespace
[18:35:10]ADMIN: Build Mode: Lezus_Konrad/(Alden Is A Terrorist) modified the floor (44,153,3) to /turf/open/floor/fakespace
[18:35:12]ADMIN: Build Mode: Lezus_Konrad/(Alden Is A Terrorist) modified the floor (41,155,3) to /turf/open/floor/fakespace
[18:35:13]ADMIN: Build Mode: Lezus_Konrad/(Alden Is A Terrorist) modified the floor (40,155,3) to /turf/open/floor/fakespace
[18:35:13]ADMIN: Build Mode: Lezus_Konrad/(Alden Is A Terrorist) modified the floor (39,155,3) to /turf/open/floor/fakespace
[18:35:14]ADMIN: Build Mode: Lezus_Konrad/(Alden Is A Terrorist) modified the floor (39,153,3) to /turf/open/floor/fakespace
[18:35:15]ADMIN: Build Mode: Lezus_Konrad/(Alden Is A Terrorist) modified the floor (40,154,3) to /turf/open/floor/fakespace
[18:35:15]ADMIN: Build Mode: Lezus_Konrad/(Alden Is A Terrorist) modified the floor (39,154,3) to /turf/open/floor/fakespace
[18:35:18]EMOTE: *no key*/(Paperwork) : <b>Paperwork</b> yawns. (75,115,2)
[18:35:19]ADMIN: Build Mode: Lezus_Konrad/(Alden Is A Terrorist) modified the floor (44,155,3) to /turf/open/floor/fakespace
[18:35:20]SAY: Poly/ : Try our new nougat bar! (115,79,2)
[18:35:20]ADMIN: Build Mode: Lezus_Konrad/(Alden Is A Terrorist) modified the floor (45,155,3) to /turf/open/floor/fakespace
[18:35:21]ADMIN: Build Mode: Lezus_Konrad/(Alden Is A Terrorist) modified the floor (45,154,3) to /turf/open/floor/fakespace
[18:35:22]ADMIN: Build Mode: Lezus_Konrad/(Alden Is A Terrorist) modified the floor (45,153,3) to /turf/open/floor/fakespace
[18:35:23]ADMIN: AlcaroIsAFrick/(YO MAMA) spawned /obj/item/construction/rcd at (69,141,2)
[18:35:23]ADMIN: Build Mode: Lezus_Konrad/(Alden Is A Terrorist) modified the floor (45,156,3) to /turf/open/floor/fakespace
[18:35:24]ADMIN: Build Mode: Lezus_Konrad/(Alden Is A Terrorist) modified the floor (44,156,3) to /turf/open/floor/fakespace
[18:35:25]ADMIN: Build Mode: Lezus_Konrad/(Alden Is A Terrorist) modified the floor (43,156,3) to /turf/open/floor/fakespace
[18:35:25]ADMIN: Build Mode: Lezus_Konrad/(Alden Is A Terrorist) modified the floor (42,156,3) to /turf/open/floor/fakespace
[18:35:26]ADMIN: Build Mode: Lezus_Konrad/(Alden Is A Terrorist) modified the floor (41,156,3) to /turf/open/floor/fakespace
[18:35:27]ADMIN: Build Mode: Lezus_Konrad/(Alden Is A Terrorist) modified the floor (40,156,3) to /turf/open/floor/fakespace
[18:35:27]EMOTE: *no key*/(monkey (662)) : <b>The monkey (662)</b> waves his tail. (160,117,2)
[18:35:27]ADMIN: Build Mode: Lezus_Konrad/(Alden Is A Terrorist) modified the floor (40,156,3) to /turf/open/floor/fakespace
[18:35:28]ADMIN: Build Mode: Lezus_Konrad/(Alden Is A Terrorist) modified the floor (39,157,3) to /turf/open/floor/fakespace
[18:35:29]SAY: mouse/ : Squeek? (183,83,2)
[18:35:29]ADMIN: Build Mode: Lezus_Konrad/(Alden Is A Terrorist) modified the floor (39,156,3) to /turf/open/floor/fakespace
[18:35:29]SAY: Poly/ : Try our new nougat bar! (115,79,2)
[18:35:29]ADMIN: Build Mode: Lezus_Konrad/(Alden Is A Terrorist) modified the floor (40,157,3) to /turf/open/floor/fakespace
[18:35:29]ADMIN: Build Mode: Lezus_Konrad/(Alden Is A Terrorist) modified the floor (41,157,3) to /turf/open/floor/fakespace
[18:35:30]ADMIN: Build Mode: Lezus_Konrad/(Alden Is A Terrorist) modified the floor (42,157,3) to /turf/open/floor/fakespace
[18:35:30]ADMIN: Build Mode: Lezus_Konrad/(Alden Is A Terrorist) modified the floor (43,157,3) to /turf/open/floor/fakespace
[18:35:31]ADMIN: Build Mode: Lezus_Konrad/(Alden Is A Terrorist) modified the floor (43,157,3) to /turf/open/floor/fakespace
[18:35:31]ADMIN: Build Mode: Lezus_Konrad/(Alden Is A Terrorist) modified the floor (44,157,3) to /turf/open/floor/fakespace
[18:35:32]ADMIN: Build Mode: Lezus_Konrad/(Alden Is A Terrorist) modified the floor (45,157,3) to /turf/open/floor/fakespace
[18:35:32]ADMIN: Build Mode: Lezus_Konrad/(Alden Is A Terrorist) modified the floor (45,158,3) to /turf/open/floor/fakespace
[18:35:33]ADMIN: Build Mode: Lezus_Konrad/(Alden Is A Terrorist) modified the floor (44,158,3) to /turf/open/floor/fakespace
[18:35:33]EMOTE: *no key*/(monkey (440)) : <b>The monkey (440)</b> rolls. (161,116,2)
[18:35:33]ADMIN: Build Mode: Lezus_Konrad/(Alden Is A Terrorist) modified the floor (44,158,3) to /turf/open/floor/fakespace
[18:35:33]EMOTE: *no key*/(Runtime) : <b>Runtime</b> meows (159,109,2)
[18:35:34]ADMIN: Build Mode: Lezus_Konrad/(Alden Is A Terrorist) modified the floor (43,158,3) to /turf/open/floor/fakespace
[18:35:34]ADMIN: Build Mode: Lezus_Konrad/(Alden Is A Terrorist) modified the floor (42,158,3) to /turf/open/floor/fakespace
[18:35:34]ADMIN: Build Mode: Lezus_Konrad/(Alden Is A Terrorist) modified the floor (42,158,3) to /turf/open/floor/fakespace
[18:35:35]ADMIN: Build Mode: Lezus_Konrad/(Alden Is A Terrorist) modified the floor (42,154,3) to /turf/open/floor/fakespace
[18:35:36]ADMIN: Build Mode: Lezus_Konrad/(Alden Is A Terrorist) modified the floor (43,153,3) to /turf/open/floor/fakespace
[18:35:37]ADMIN: Build Mode: Lezus_Konrad/(Alden Is A Terrorist) modified the floor (43,151,3) to /turf/open/floor/fakespace
[18:35:37]EMOTE: *no key*/(Ian) : <b>Ian</b> dances around. (104,119,2)
[18:35:37]ADMIN: Build Mode: Lezus_Konrad/(Alden Is A Terrorist) modified the floor (42,151,3) to /turf/open/floor/fakespace
[18:35:38]ADMIN: Build Mode: Lezus_Konrad/(Alden Is A Terrorist) modified the floor (42,152,3) to /turf/open/floor/fakespace
[18:35:39]ADMIN: Build Mode: Lezus_Konrad/(Alden Is A Terrorist) modified the floor (42,153,3) to /turf/open/floor/fakespace
[18:35:40]SAY: Poly/ : Don&#39;t believe the reports - smoke today! (115,79,2)
[18:35:40]ADMIN: Build Mode: Lezus_Konrad/(Alden Is A Terrorist) modified the floor (41,158,3) to /turf/open/floor/fakespace
[18:35:41]ADMIN: Build Mode: Lezus_Konrad/(Alden Is A Terrorist) modified the floor (41,158,3) to /turf/open/floor/fakespace
[18:35:41]ADMIN: Build Mode: Lezus_Konrad/(Alden Is A Terrorist) modified the floor (39,158,3) to /turf/open/floor/fakespace
[18:35:42]ADMIN: Build Mode: Lezus_Konrad/(Alden Is A Terrorist) modified the floor (39,158,3) to /turf/open/floor/fakespace
[18:35:42]ADMIN: Build Mode: Lezus_Konrad/(Alden Is A Terrorist) modified the floor (40,158,3) to /turf/open/floor/fakespace
[18:35:43]EMOTE: *no key*/(monkey (671)) : <b>The monkey (671)</b> jumps! (161,119,2)
[18:35:44]ADMIN: Build Mode: Lezus_Konrad/(Alden Is A Terrorist) modified the floor (39,159,3) to /turf/open/floor/fakespace
[18:35:45]ADMIN: Build Mode: Lezus_Konrad/(Alden Is A Terrorist) modified the floor (39,160,3) to /turf/open/floor/fakespace
[18:35:45]ADMIN: Build Mode: Lezus_Konrad/(Alden Is A Terrorist) modified the floor (40,160,3) to /turf/open/floor/fakespace
[18:35:46]ADMIN: Build Mode: Lezus_Konrad/(Alden Is A Terrorist) modified the floor (40,160,3) to /turf/open/floor/fakespace
[18:35:47]ADMIN: Build Mode: Lezus_Konrad/(Alden Is A Terrorist) modified the floor (40,159,3) to /turf/open/floor/fakespace
[18:35:47]ADMIN: Build Mode: Lezus_Konrad/(Alden Is A Terrorist) modified the floor (41,160,3) to /turf/open/floor/fakespace
[18:35:48]ADMIN: Build Mode: Lezus_Konrad/(Alden Is A Terrorist) modified the floor (41,159,3) to /turf/open/floor/fakespace
[18:35:49]ADMIN: Build Mode: Lezus_Konrad/(Alden Is A Terrorist) modified the floor (42,159,3) to /turf/open/floor/fakespace
[18:35:49]ADMIN: Build Mode: Lezus_Konrad/(Alden Is A Terrorist) modified the floor (42,160,3) to /turf/open/floor/fakespace
[18:35:50]ADMIN: Build Mode: Lezus_Konrad/(Alden Is A Terrorist) modified the floor (43,159,3) to /turf/open/floor/fakespace
[18:35:50]ADMIN: Build Mode: Lezus_Konrad/(Alden Is A Terrorist) modified the floor (43,160,3) to /turf/open/floor/fakespace
[18:35:51]ADMIN: Build Mode: Lezus_Konrad/(Alden Is A Terrorist) modified the floor (44,160,3) to /turf/open/floor/fakespace
[18:35:51]ADMIN: Build Mode: Lezus_Konrad/(Alden Is A Terrorist) modified the floor (44,159,3) to /turf/open/floor/fakespace
[18:35:51]ADMIN: Build Mode: Lezus_Konrad/(Alden Is A Terrorist) modified the floor (45,160,3) to /turf/open/floor/fakespace
[18:35:52]ADMIN: Build Mode: Lezus_Konrad/(Alden Is A Terrorist) modified the floor (45,159,3) to /turf/open/floor/fakespace
[18:35:53]SAY: Poly/ : Don&#39;t believe the reports - smoke today! (115,79,2)
[18:35:54]ADMIN: AlcaroIsAFrick/(YO MAMA) has entered build mode.
[18:35:56]ADMIN: Build Mode: AlcaroIsAFrick/(YO MAMA) built the floor at (69,135,2)
[18:35:57]SAY: Poly/ : Don&#39;t believe the reports - smoke today! (115,79,2)
[18:36:00]ACCESS: Mob Login: Lezus_Konrad/(Alden Is A Terrorist) was assigned to a /mob/living/carbon/human
[18:36:06]ADMIN: Unixian/(Axel Koffman) gave Unixian/(Axel Koffman) the spell voice_of_god/clown.
[18:36:08]EMOTE: *no key*/(Poly) : <b>Poly</b> looks in the Power-ON cartridge's direction and takes flight. (115,79,2)
[18:36:08]EMOTE: *no key*/(Poly) : <b>Poly</b> squawks. (115,79,2)
[18:36:11]SAY: Axel Koffman/Unixian : FAG (68,141,2)
[18:36:11]GAME: Unixian/(Axel Koffman) has said 'FAG' with a Voice of God, affecting The grey baby slime (653), with a power multiplier of 0.1.
[18:36:14]SAY: Nobody's Perfect/ : Delicious! (24,75,1)
[18:36:15]EMOTE: *no key*/(monkey (120)) : <b>The monkey (120)</b> rolls. (160,117,2)
[18:36:15]EMOTE: *no key*/(monkey (300)) : <b>The monkey (300)</b> scratches. (160,100,2)
[18:36:17]SAY: Axel Koffman/Unixian : YOU WILL DIE (69,141,2)
[18:36:17]GAME: Unixian/(Axel Koffman) has said 'YOU WILL DIE' with a Voice of God, affecting YO MAMA, with a power multiplier of 0.2.
[18:36:19]EMOTE: *no key*/(monkey (138)) : <b>The monkey (138)</b> waves his tail. (157,100,2)
[18:36:23]EMOTE: *no key*/(mouse) : <b>The mouse</b> squeeks. (195,77,2)
[18:36:23]SAY: Elwood Mcclymonds/ : Well bitch, this is a okay situation. (149,37,2)
[18:36:25]EMOTE: *no key*/(Runtime) : <b>Runtime</b> grooms its fur. (160,107,2)
[18:36:27]ADMIN: Lezus_Konrad/(Alden Is A Terrorist) spawned /obj/item/gun/energy/gravity_gun at (44,142,3)
[18:36:28]EMOTE: *no key*/(mouse) : <b>The mouse</b> squeeks. (168,149,2)
[18:36:31]EMOTE: *no key*/(Ian) : <b>Ian</b> chases its tail! (104,120,2)
[18:36:35]ADMIN: Lezus_Konrad/(Alden Is A Terrorist) spawned /obj/machinery/gravity_generator/main/station/admin at (45,142,3)
[18:36:36]SAY: Elwood Mcclymonds/ : Oh bitch, that monkey was one hell of an dimwit groin. (149,37,2)
[18:36:37]EMOTE: *no key*/(monkey (120)) : <b>The monkey (120)</b> rolls. (161,117,2)
[18:36:38]SAY: Poly/ : Twice the calories for half the price! (117,82,2)
[18:36:40]SAY: Medibot/ : Radar, put a mask on! (155,73,1)
[18:36:41]SAY: Harry Osteen/ : Axel Koffman has signed up as mason killer (150,33,2)
[18:36:46]SAY: Medibot/ : Delicious! (154,73,1)
[18:36:46]SAY: Elwood Mcclymonds/ : Oh bitch, that monkey was one hell of an dimwit groin. (149,37,2)
[18:36:48]EMOTE: *no key*/(monkey (21)) : <b>The monkey (21)</b> rolls. (161,120,2)
[18:36:48]EMOTE: *no key*/(monkey (120)) : <b>The monkey (120)</b> scratches. (160,117,2)
[18:36:48]EMOTE: *no key*/(Ian) : <b>Ian</b> woofs! (103,120,2)
[18:36:50]ADMIN: Lezus_Konrad/(Alden Is A Terrorist) jumped to 42,143,3 in Emergency Shuttle
[18:36:50]SAY: Poly/ : Try our new nougat bar! (115,79,2)
[18:36:52]EMOTE: *no key*/(monkey (25)) : <b>The monkey (25)</b> scratches. (161,100,2)
[18:36:58]EMOTE: *no key*/(monkey (671)) : <b>The monkey (671)</b> waves her tail. (160,118,2)
[18:36:59]EMOTE: *no key*/(Poly) : <b>Poly</b> bawks! (115,79,2)
[18:37:00]EMOTE: *no key*/(monkey (362)) : <b>The monkey (362)</b> rolls. (160,116,2)
[18:37:00]EMOTE: *no key*/(monkey (910)) : <b>The monkey (910)</b> jumps! (157,101,2)
[18:37:01]SAY: Axel Koffman/Unixian : SLEEP (83,140,2)
[18:37:01]GAME: Unixian/(Axel Koffman) has said 'SLEEP' with a Voice of God, affecting YO MAMA, with a power multiplier of 0.1.
[18:37:03]SAY: Poly/ : Don&#39;t believe the reports - smoke today! (115,79,2)
[18:37:08]SAY: mouse/ : Squeek! (168,148,2)
[18:37:08]SAY: Poly/ : Try our new nougat bar! (115,79,2)
[18:37:10]EMOTE: *no key*/(Paperwork) : <b>Paperwork</b> looks around sleepily. (74,115,2)
[18:37:12]SAY: mouse/ : Squeek? (96,144,2)
[18:37:14]EMOTE: *no key*/(monkey (25)) : <b>The monkey (25)</b> jumps! (160,99,2)
[18:37:14]EMOTE: *no key*/(Runtime) : <b>Runtime</b> lies down. (159,108,2)
[18:37:19]SAY: Tom/ : Squeek? (104,191,2)
[18:37:21]SAY: Colten Bennett/ : I want to punch that milkdrinker when I find them. (162,142,2)
[18:37:23]SAY: Ian/ : AUUUUUU (103,120,2)
[18:37:28]EMOTE: *no key*/(mouse) : <b>The mouse</b> squeeks. (195,77,2)
[18:37:36]SAY: Poly/ : Don&#39;t believe the reports - smoke today! (115,79,2)
[18:37:38]EMOTE: *no key*/(monkey (25)) : <b>The monkey (25)</b> scratches. (161,101,2)
[18:37:41]EMOTE: *no key*/(Poly) : <b>Poly</b> looks in the Power-ON cartridge's direction and takes flight. (115,79,2)
[18:37:43]SAY: mouse/ : SQUEEK! (96,144,2)
[18:37:45]SAY: Cruz Kadel/ : Oh bitch, that monkey was one hell of an dimwit groin. (119,135,2)
[18:37:49]EMOTE: *no key*/(mouse) : <b>The mouse</b> runs in a circle. (97,144,2)
[18:37:54]EMOTE: *no key*/(Poly) : <b>Poly</b> squawks. (116,79,2)
[18:37:54]EMOTE: *no key*/(Tom) : <b>Tom</b> shakes. (106,191,2)
[18:37:56]SAY: Poly/ : Twice the calories for half the price! (116,80,2)
[18:37:58]SAY: Medibot/ : Delicious! (154,73,1)
[18:38:00]SAY: Medibot/ : Delicious! (155,73,1)
[18:38:02]EMOTE: *no key*/(monkey (21)) : <b>The monkey (21)</b> rolls. (161,119,2)
[18:38:04]EMOTE: *no key*/(grey baby slime (235)) : <b>The grey baby slime (235)</b> vibrates! (167,93,2)
[18:38:05]EMOTE: *no key*/(Poly) : <b>Poly</b> bawks! (117,80,2)
[18:38:09]SAY: Medibot/ : There&#39;s always a catch, and I&#39;m the best there is. (154,73,1)
[18:38:14]ADMIN: Lezus_Konrad/(Alden Is A Terrorist) spawned /obj/structure/closet/ammunitionlocker at (45,159,3)
[18:38:19]EMOTE: *no key*/(monkey (120)) : <b>The monkey (120)</b> scratches. (160,118,2)
[18:38:22]SAY: grey baby slime (653)/ : Blorble... (70,142,2)
[18:38:28]EMOTE: *no key*/(crab) : <b>The crab</b> clacks. (192,170,5)
[18:38:30]EMOTE: *no key*/(Runtime) : <b>Runtime</b> stretches out for a belly rub. (159,108,2)
[18:38:30]SAY: Poly/ : Try our new nougat bar! (115,79,2)
[18:38:30]EMOTE: *no key*/(Ian) : <b>Ian</b> barks! (105,120,2)
[18:38:32]ADMIN: Lezus_Konrad/(Alden Is A Terrorist) deleted the ammunition locker at (45, 160, 3)
[18:38:39]EMOTE: *no key*/(Poly) : <b>Poly</b> squawks. (115,79,2)
[18:38:41]SAY: mouse/ : SQUEEK! (167,148,2)
[18:38:41]EMOTE: *no key*/(mouse) : <b>The mouse</b> shakes. (182,81,2)
[18:38:42]EMOTE: *no key*/(monkey (138)) : <b>The monkey (138)</b> waves his tail. (160,100,2)
[18:38:42]EMOTE: *no key*/(monkey (25)) : <b>The monkey (25)</b> waves his tail. (157,99,2)
[18:38:46]SAY: Poly/ : Twice the calories for half the price! (115,79,2)
[18:38:48]SAY: Poly/ : Twice the calories for half the price! (115,79,2)
[18:38:53]ADMIN: AlcaroIsAFrick/(YO MAMA) healed / revived AlcaroIsAFrick/(YO MAMA)
[18:38:54]EMOTE: *no key*/(monkey (385)) : <b>The monkey (385)</b> rolls. (159,100,2)
[18:39:01]SAY: Poly/ : Try our new nougat bar! (115,79,2)
[18:39:03]SAY: Axel Koffman/Unixian : DIR (167,129,2)
[18:39:03]GAME: Unixian/(Axel Koffman) has said 'DIR' with a Voice of God, affecting YO MAMA, with a power multiplier of 0.1.
[18:39:04]EMOTE: *no key*/(Poly) : <b>Poly</b> squawks. (115,79,2)
[18:39:06]EMOTE: *no key*/(monkey (21)) : <b>The monkey (21)</b> waves his tail. (161,118,2)
[18:39:06]SAY: Poly/ : Twice the calories for half the price! (115,79,2)
[18:39:14]EMOTE: *no key*/(monkey (25)) : <b>The monkey (25)</b> scratches. (157,100,2)
[18:39:15]EMOTE: *no key*/(crab) : <b>The crab</b> clicks. (194,170,5)
[18:39:15]SAY: Poly/ : Try our new nougat bar! (115,79,2)
[18:39:17]ADMIN: Lezus_Konrad/(Alden Is A Terrorist) spawned /obj/structure/closet/abductor at (42,160,3)
[18:39:22]EMOTE: *no key*/(Poly) : <b>Poly</b> looks in the Power-ON cartridge's direction and takes flight. (115,79,2)
[18:39:26]SAY: mouse/ : SQUEEK! (182,82,2)
[18:39:31]EMOTE: *no key*/(Poly) : <b>Poly</b> bawks! (116,80,2)
[18:39:39]EMOTE: *no key*/(Runtime) : <b>Runtime</b> mews (159,108,2)
[18:39:42]SAY: Poly/ : Don&#39;t believe the reports - smoke today! (116,79,2)
[18:39:43]EMOTE: *no key*/(monkey (138)) : <b>The monkey (138)</b> scratches. (160,99,2)
[18:39:45]EMOTE: *no key*/(Runtime) : <b>Runtime</b> looks alert. (159,108,2)
[18:39:47]ADMIN: Lezus_Konrad/(Alden Is A Terrorist) spawned /obj/structure/closet/acloset at (39,160,3)
[18:39:50]SAY: Poly/ : Don&#39;t believe the reports - smoke today! (116,79,2)
[18:39:51]EMOTE: *no key*/(monkey (120)) : <b>The monkey (120)</b> waves her tail. (161,118,2)
[18:39:51]EMOTE: *no key*/(Runtime) : <b>Runtime</b> sits down. (159,108,2)
[18:39:51]ADMIN: AlcaroIsAFrick/(YO MAMA) healed / revived AlcaroIsAFrick/(YO MAMA)
[18:39:55]SAY: Medibot/ : Delicious! (154,73,1)
[18:40:06]SAY: Jaiden Simmons/ : Well wank, this is a ugly situation. (123,116,2)
[18:40:07]SAY: grey baby slime (235)/ : Lonely... (166,92,2)
[18:40:07]EMOTE: *no key*/(monkey (138)) : <b>The monkey (138)</b> jumps! (160,100,2)
[18:40:08]EMOTE: *no key*/(Poly) : <b>Poly</b> bawks! (115,79,2)
[18:40:10]EMOTE: *no key*/(Poly) : <b>Poly</b> bawks! (115,79,2)
[18:40:11]ADMIN: Lezus_Konrad/(Alden Is A Terrorist) spawned /obj/item/bedsheet/ian at (40,152,3)
[18:40:12]EMOTE: *no key*/(Poly) : <b>Poly</b> bawks! (115,79,2)
[18:40:13]ADMIN: AlcaroIsAFrick/(YO MAMA) healed / revived AlcaroIsAFrick/(YO MAMA)
[18:40:15]EMOTE: *no key*/(monkey (21)) : <b>The monkey (21)</b> waves his tail. (160,118,2)
[18:40:15]EMOTE: *no key*/(monkey (362)) : <b>The monkey (362)</b> scratches. (160,120,2)
[18:40:15]EMOTE: *no key*/(Runtime) : <b>Runtime</b> stretches out for a belly rub. (159,108,2)
[18:40:20]ADMIN: Lezus_Konrad/(Alden Is A Terrorist) spawned /obj/structure/bed/abductor at (40,152,3)
[18:40:21]SAY: grey baby slime (235)/ : Lonely... (165,92,2)
[18:40:21]GAME: AlcaroIsAFrick/(YO MAMA) planted C4 on carpet at (183,132,2) with 10 second fuse
[18:40:21]SAY: Amari Linton/ : Breaking news from Station Announcements! (109,128,2)
[18:40:21]SAY: Bethney Richter/ : Oh ass, that milkdrinker was one hell of an mongoloid nails. (113,134,2)
[18:40:21]SAY: Harry Osteen/ : Breaking news from Station Announcements! (150,33,2)
[18:40:21]ADMINPRIVATE: PM: Unixian/(Axel Koffman)->AlcaroIsAFrick/(YO MAMA): Stop Cheat
[18:40:25]GAME: AlcaroIsAFrick/(YO MAMA) planted C4 on carpet at (183,133,2) with 10 second fuse
[18:40:29]EMOTE: *no key*/(monkey (21)) : <b>The monkey (21)</b> scratches. (160,120,2)
[18:40:31]GAME: Explosion with size (0, 0, 3, 0) in area Chapel (183,132,2)
[18:40:33]EMOTE: *no key*/(monkey (362)) : <b>The monkey (362)</b> waves her tail. (161,120,2)
[18:40:36]GAME: Explosion with size (0, 0, 3, 0) in area Chapel (183,133,2)
[18:40:47]EMOTE: *no key*/(Poly) : <b>Poly</b> looks in the Power-ON cartridge's direction and takes flight. (115,79,2)
[18:40:56]EMOTE: *no key*/(mouse) : <b>The mouse</b> shakes. (88,149,2)
[18:40:58]EMOTE: *no key*/(Runtime) : <b>Runtime</b> shivers (159,108,2)
[18:40:59]ADMIN: Lezus_Konrad/(Alden Is A Terrorist) spawned /obj/structure/table/abductor at (43,155,3)
[18:41:05]SAY: grey baby slime (348)/ : Rawr... (175,94,2)
[18:41:09]EMOTE: *no key*/(mouse) : <b>The mouse</b> shakes. (100,123,2)
[18:41:09]EMOTE: *no key*/(Poly) : <b>Poly</b> bawks! (116,79,2)
[18:41:16]EMOTE: *no key*/(crab) : <b>The crab</b> clacks. (196,173,5)
[18:41:16]EMOTE: *no key*/(Poly) : <b>Poly</b> squawks. (116,80,2)
[18:41:16]SAY: Amari Linton/ : Axel Koffman has signed up as mason killer (109,128,2)
[18:41:16]ADMIN: Lezus_Konrad/(Alden Is A Terrorist) spawned /obj/structure/table/abductor at (42,155,3)
[18:41:19]EMOTE: *no key*/(monkey (362)) : <b>The monkey (362)</b> rolls. (161,120,2)
[18:41:28]ADMIN: Lezus_Konrad/(Alden Is A Terrorist) spawned /obj/structure/table/abductor at (42,156,3)
[18:41:29]SAY: Harry Osteen/ : Oh ass, that milkdrinker was one hell of an mongoloid nails. (150,33,2)
[18:41:31]EMOTE: *no key*/(monkey (671)) : <b>The monkey (671)</b> waves her tail. (161,116,2)
[18:41:32]SAY: Poly/ : Don&#39;t believe the reports - smoke today! (115,79,2)
[18:41:33]EMOTE: *no key*/(monkey (662)) : <b>The monkey (662)</b> jumps! (160,118,2)
[18:41:33]EMOTE: *no key*/(monkey (362)) : <b>The monkey (362)</b> jumps! (161,119,2)
[18:41:38]ADMIN: Lezus_Konrad/(Alden Is A Terrorist) spawned /obj/structure/table/abductor at (43,156,3)
[18:41:39]ADMIN: Unixian/(Axel Koffman) has created a command report: thats it, you cheated. now you must DIE

[18:41:40]SAY: Poly/ : Try our new nougat bar! (115,79,2)
[18:41:40]SAY: Elwood Mcclymonds/ : Oh bitch, that monkey was one hell of an dimwit groin. (149,37,2)
[18:41:40]SAY: Bethney Richter/ : Breaking news from Station Announcements! (113,134,2)
[18:41:51]SAY: Poly/ : Try our new nougat bar! (115,79,2)
[18:41:56]SAY: Medibot/ : There&#39;s always a catch, and I&#39;m the best there is. (155,73,1)
[18:42:01]EMOTE: *no key*/(monkey (440)) : <b>The monkey (440)</b> scratches. (160,118,2)
[18:42:03]ADMIN: Unixian/(Axel Koffman) activated a nuke at (82,148,2).
[18:42:04]ADMIN: Lezus_Konrad/(Alden Is A Terrorist) spawned /obj/machinery/implantchair/brainwash at (44,152,3)
[18:42:11]SAY: Cruz Kadel/ : Guilty until proven ugly! (119,135,2)
[18:42:13]SAY: mouse/ : Squeek? (88,152,2)
[18:42:13]EMOTE: *no key*/(Poly) : <b>Poly</b> looks in the Power-ON cartridge's direction and takes flight. (115,79,2)
[18:42:18]SAY: Accidents Happen/ : There&#39;s always a catch, and I&#39;m the best there is. (82,63,7)
[18:42:18]SAY: Poly/ : Don&#39;t believe the reports - smoke today! (116,79,2)
[18:42:18]GAME: Explosion with size (0, 256, 512, 0) in area Vault (82,148,2)
[18:42:20]SAY: Medibot/ : Radar, put a mask on! (154,73,1)
[18:42:28]GAME: Explosion with size (0, 1, 5, 5) in area Primary Tool Storage (73,144,2)
[18:42:34]GAME: Explosion with size (0, 1, 5, 5) in area Port Bow Maintenance (70,157,2)
[18:42:34]GAME: Explosion with size (0, 1, 5, 5) in area Port Bow Maintenance (67,155,2)
[18:42:35]SAY: Poly/ : Try our new nougat bar! (116,79,2)
[18:42:35]GAME: Explosion with size (0, 1, 5, 5) in area Auxiliary Tool Storage (94,135,2)
[18:42:35]GAME: Explosion with size (0, 1, 5, 5) in area Locker Room (69,138,2)
[18:42:38]GAME: Explosion with size (0, 1, 5, 5) in area Port Maintenance (87,134,2)
[18:42:39]GAME: Explosion with size (0, 1, 5, 5) in area Fore Maintenance (97,146,2)
[18:42:42]ADMIN: Unixian/(Axel Koffman) has changed the Central Command name to: BYOND
[18:42:44]GAME: SMES deleted at Port Bow Solar Maintenance(65,164,2)
[18:42:53]ACCESS: Mob Login: AlcaroIsAFrick/(YO MAMA) was assigned to a /mob/living/brain
[18:42:53]ACCESS: Mob Login: Unixian/(Axel Koffman) was assigned to a /mob/living/brain
[18:42:55]ADMIN: Unixian/(Axel Koffman) has created a command report: NitroTheZangoose has ragequit.
[18:42:55]GAME: Antagonists at round end were...
[18:42:55]GAME: Blackbox sealed.
[18:42:56]ACCESS: Mob Login: AlcaroIsAFrick/(YO MAMA) was assigned to a /mob/dead/observer
[18:42:57]ACCESS: Mob Login: Unixian/(Axel Koffman) was assigned to a /mob/dead/observer
[18:42:58]EMOTE: *no key*/(The Ghost of Poly) : <b>The Ghost of Poly</b> bawks! (116,80,2)
[18:43:00]GAME: <span class='boldannounce'>Rebooting World. Station destroyed by Nuclear Device.</span>
[18:43:06]ACCESS: Logout: AlcaroIsAFrick/(YO MAMA)
[18:43:06]ACCESS: Logout: Lezus_Konrad/(Alden Is A Terrorist)
[18:43:06]ACCESS: Logout: Unixian/(Axel Koffman)
