

Starting up round ID . 18:16:04
---------------------
Initialized Blackbox subsystem within 0 seconds!
Initialized Server Tasks subsystem within 0 seconds!
Initialized Events subsystem within 0 seconds!
runtime error: 
[18:16:05]cannot read from list
[18:16:05]proc name: LoadJobs (/datum/controller/subsystem/job/proc/LoadJobs)
[18:16:05]  source file: job.dm,448
[18:16:05]  usr: null
[18:16:05]  src: Jobs (/datum/controller/subsystem/job)
[18:16:05]  call stack:
[18:16:05]Jobs (/datum/controller/subsystem/job): LoadJobs()
[18:16:05]Jobs (/datum/controller/subsystem/job): Initialize(765657)
[18:16:05]Master (/datum/controller/master): Initialize(10, 0)
Initialized Jobs subsystem within 0.4 seconds!
Initialized Ticker subsystem within 0.1 seconds!
Loading Box Station...
Loaded station in 16.9s!
Ruin "Hierophant's Arena" placed at (126, 191, 5)
Ruin "Summoning Ritual" placed at (124, 38, 5)
Ruin "Free Golem Ship" placed at (82, 130, 5)
Ruin "Ruin of Sloth" placed at (149, 163, 5)
Ruin "Biodome Beach" placed at (203, 176, 5)
Ruin "Fountain Hall" placed at (180, 213, 5)
Ruin "Blood-Drunk Miner (Hunter)" placed at (143, 120, 5)
Ruin "Ruined Pizza Party" placed at (204, 52, 5)
runtime error: 
[18:16:27]Cannot execute /datum/plant_gene/trait/glow (/datum/plant_gene/trait/glow).glow range().
[18:16:27]proc name: New (/obj/structure/glowshroom/New)
[18:16:27]  source file: glowshroom.dm,63
[18:16:27]  usr: null
[18:16:27]  src: the glowshroom (/obj/structure/glowshroom/single)
[18:16:27]  src.loc: the floor (200,54,5) (/turf/open/floor/wood)
[18:16:27]  call stack:
[18:16:27]the glowshroom (/obj/structure/glowshroom/single): New(the floor (200,54,5) (/turf/open/floor/wood), null, null)
[18:16:27]/dmm_suite (/dmm_suite): create atom(/obj/structure/glowshroom/sing... (/obj/structure/glowshroom/single), the floor (200,54,5) (/turf/open/floor/wood))
[18:16:27]/dmm_suite (/dmm_suite): instance atom(/obj/structure/glowshroom/sing... (/obj/structure/glowshroom/single), /list (/list), the floor (200,54,5) (/turf/open/floor/wood), 1)
[18:16:27]/dmm_suite (/dmm_suite): parse grid("\n/obj/structure/glowshroom/si...", "n", 200, 54, 5, 1)
[18:16:27]/dmm_suite (/dmm_suite): load map impl(_maps/RandomRuins/LavaRuins/la..., 194, 42, 5, 1, null, 1, -1e+031, 1e+031, -1e+031, 1e+031)
[18:16:27]/dmm_suite (/dmm_suite): load map(_maps/RandomRuins/LavaRuins/la..., 194, 42, 5, 1, null, 1, null, null, null, null)
[18:16:27]Ruined Pizza Party (/datum/map_template/ruin/lavaland/pizza): load(the rock (194,42,5) (/turf/closed/mineral/random/volcanic), 1)
[18:16:27]the random ruin (/obj/effect/ruin_loader): Load(/list (/list), Ruined Pizza Party (/datum/map_template/ruin/lavaland/pizza))
[18:16:27]seedRuins(/list (/list), 20, /area/lavaland/surface/outdoor... (/area/lavaland/surface/outdoors/unexplored), /list (/list))
[18:16:27]Mapping (/datum/controller/subsystem/mapping): Initialize(765663)
[18:16:27]Master (/datum/controller/master): Initialize(10, 0)
runtime error: 
[18:16:27]Cannot execute /datum/plant_gene/trait/glow (/datum/plant_gene/trait/glow).glow range().
[18:16:27]proc name: New (/obj/structure/glowshroom/New)
[18:16:27]  source file: glowshroom.dm,63
[18:16:27]  usr: null
[18:16:27]  src: the glowshroom (/obj/structure/glowshroom/single)
[18:16:27]  src.loc: the plating (201,50,5) (/turf/open/floor/plating)
[18:16:27]  call stack:
[18:16:27]the glowshroom (/obj/structure/glowshroom/single): New(the plating (201,50,5) (/turf/open/floor/plating), null, null)
[18:16:27]/dmm_suite (/dmm_suite): create atom(/obj/structure/glowshroom/sing... (/obj/structure/glowshroom/single), the plating (201,50,5) (/turf/open/floor/plating))
[18:16:27]/dmm_suite (/dmm_suite): instance atom(/obj/structure/glowshroom/sing... (/obj/structure/glowshroom/single), /list (/list), the plating (201,50,5) (/turf/open/floor/plating), 1)
[18:16:27]/dmm_suite (/dmm_suite): parse grid("\n/obj/structure/glowshroom/si...", "J", 201, 50, 5, 1)
[18:16:27]/dmm_suite (/dmm_suite): load map impl(_maps/RandomRuins/LavaRuins/la..., 194, 42, 5, 1, null, 1, -1e+031, 1e+031, -1e+031, 1e+031)
[18:16:27]/dmm_suite (/dmm_suite): load map(_maps/RandomRuins/LavaRuins/la..., 194, 42, 5, 1, null, 1, null, null, null, null)
[18:16:27]Ruined Pizza Party (/datum/map_template/ruin/lavaland/pizza): load(the rock (194,42,5) (/turf/closed/mineral/random/volcanic), 1)
[18:16:27]the random ruin (/obj/effect/ruin_loader): Load(/list (/list), Ruined Pizza Party (/datum/map_template/ruin/lavaland/pizza))
[18:16:27]seedRuins(/list (/list), 20, /area/lavaland/surface/outdoor... (/area/lavaland/surface/outdoors/unexplored), /list (/list))
[18:16:27]Mapping (/datum/controller/subsystem/mapping): Initialize(765663)
[18:16:27]Master (/datum/controller/master): Initialize(10, 0)
runtime error: 
[18:16:28]Cannot execute /datum/plant_gene/trait/glow (/datum/plant_gene/trait/glow).glow range().
[18:16:28]proc name: New (/obj/structure/glowshroom/New)
[18:16:28]  source file: glowshroom.dm,63
[18:16:28]  usr: null
[18:16:28]  src: the glowshroom (/obj/structure/glowshroom/single)
[18:16:28]  src.loc: the floor (204,52,5) (/turf/open/floor/wood)
[18:16:28]  call stack:
[18:16:28]the glowshroom (/obj/structure/glowshroom/single): New(the floor (204,52,5) (/turf/open/floor/wood), null, null)
[18:16:28]/dmm_suite (/dmm_suite): create atom(/obj/structure/glowshroom/sing... (/obj/structure/glowshroom/single), the floor (204,52,5) (/turf/open/floor/wood))
[18:16:28]/dmm_suite (/dmm_suite): instance atom(/obj/structure/glowshroom/sing... (/obj/structure/glowshroom/single), /list (/list), the floor (204,52,5) (/turf/open/floor/wood), 1)
[18:16:28]/dmm_suite (/dmm_suite): parse grid("\n/obj/structure/table/wood,\n...", "z", 204, 52, 5, 1)
[18:16:28]/dmm_suite (/dmm_suite): load map impl(_maps/RandomRuins/LavaRuins/la..., 194, 42, 5, 1, null, 1, -1e+031, 1e+031, -1e+031, 1e+031)
[18:16:28]/dmm_suite (/dmm_suite): load map(_maps/RandomRuins/LavaRuins/la..., 194, 42, 5, 1, null, 1, null, null, null, null)
[18:16:28]Ruined Pizza Party (/datum/map_template/ruin/lavaland/pizza): load(the rock (194,42,5) (/turf/closed/mineral/random/volcanic), 1)
[18:16:28]the random ruin (/obj/effect/ruin_loader): Load(/list (/list), Ruined Pizza Party (/datum/map_template/ruin/lavaland/pizza))
[18:16:28]seedRuins(/list (/list), 20, /area/lavaland/surface/outdoor... (/area/lavaland/surface/outdoors/unexplored), /list (/list))
[18:16:28]Mapping (/datum/controller/subsystem/mapping): Initialize(765663)
[18:16:28]Master (/datum/controller/master): Initialize(10, 0)
runtime error: 
[18:16:28]Cannot execute /datum/plant_gene/trait/glow (/datum/plant_gene/trait/glow).glow range().
[18:16:28]proc name: New (/obj/structure/glowshroom/New)
[18:16:28]  source file: glowshroom.dm,63
[18:16:28]  usr: null
[18:16:28]  src: the glowshroom (/obj/structure/glowshroom/single)
[18:16:28]  src.loc: the floor (207,53,5) (/turf/open/floor/wood)
[18:16:28]  call stack:
[18:16:28]the glowshroom (/obj/structure/glowshroom/single): New(the floor (207,53,5) (/turf/open/floor/wood), null, null)
[18:16:28]/dmm_suite (/dmm_suite): create atom(/obj/structure/glowshroom/sing... (/obj/structure/glowshroom/single), the floor (207,53,5) (/turf/open/floor/wood))
[18:16:28]/dmm_suite (/dmm_suite): instance atom(/obj/structure/glowshroom/sing... (/obj/structure/glowshroom/single), /list (/list), the floor (207,53,5) (/turf/open/floor/wood), 1)
[18:16:28]/dmm_suite (/dmm_suite): parse grid("\n/obj/structure/glowshroom/si...", "u", 207, 53, 5, 1)
[18:16:28]/dmm_suite (/dmm_suite): load map impl(_maps/RandomRuins/LavaRuins/la..., 194, 42, 5, 1, null, 1, -1e+031, 1e+031, -1e+031, 1e+031)
[18:16:28]/dmm_suite (/dmm_suite): load map(_maps/RandomRuins/LavaRuins/la..., 194, 42, 5, 1, null, 1, null, null, null, null)
[18:16:28]Ruined Pizza Party (/datum/map_template/ruin/lavaland/pizza): load(the rock (194,42,5) (/turf/closed/mineral/random/volcanic), 1)
[18:16:28]the random ruin (/obj/effect/ruin_loader): Load(/list (/list), Ruined Pizza Party (/datum/map_template/ruin/lavaland/pizza))
[18:16:28]seedRuins(/list (/list), 20, /area/lavaland/surface/outdoor... (/area/lavaland/surface/outdoors/unexplored), /list (/list))
[18:16:28]Mapping (/datum/controller/subsystem/mapping): Initialize(765663)
[18:16:28]Master (/datum/controller/master): Initialize(10, 0)
runtime error: 
[18:16:28]Cannot execute /datum/plant_gene/trait/glow (/datum/plant_gene/trait/glow).glow range().
[18:16:28]proc name: New (/obj/structure/glowshroom/New)
[18:16:28]  source file: glowshroom.dm,63
[18:16:28]  usr: null
[18:16:28]  src: the glowshroom (/obj/structure/glowshroom/single)
[18:16:28]  src.loc: the floor (207,49,5) (/turf/open/floor/wood)
[18:16:28]  call stack:
[18:16:28]the glowshroom (/obj/structure/glowshroom/single): New(the floor (207,49,5) (/turf/open/floor/wood), null, null)
[18:16:28]/dmm_suite (/dmm_suite): create atom(/obj/structure/glowshroom/sing... (/obj/structure/glowshroom/single), the floor (207,49,5) (/turf/open/floor/wood))
[18:16:28]/dmm_suite (/dmm_suite): instance atom(/obj/structure/glowshroom/sing... (/obj/structure/glowshroom/single), /list (/list), the floor (207,49,5) (/turf/open/floor/wood), 1)
[18:16:28]/dmm_suite (/dmm_suite): parse grid("\n/obj/structure/glowshroom/si...", "n", 207, 49, 5, 1)
[18:16:28]/dmm_suite (/dmm_suite): load map impl(_maps/RandomRuins/LavaRuins/la..., 194, 42, 5, 1, null, 1, -1e+031, 1e+031, -1e+031, 1e+031)
[18:16:28]/dmm_suite (/dmm_suite): load map(_maps/RandomRuins/LavaRuins/la..., 194, 42, 5, 1, null, 1, null, null, null, null)
[18:16:28]Ruined Pizza Party (/datum/map_template/ruin/lavaland/pizza): load(the rock (194,42,5) (/turf/closed/mineral/random/volcanic), 1)
[18:16:28]the random ruin (/obj/effect/ruin_loader): Load(/list (/list), Ruined Pizza Party (/datum/map_template/ruin/lavaland/pizza))
[18:16:28]seedRuins(/list (/list), 20, /area/lavaland/surface/outdoor... (/area/lavaland/surface/outdoors/unexplored), /list (/list))
[18:16:28]Mapping (/datum/controller/subsystem/mapping): Initialize(765663)
[18:16:28]Master (/datum/controller/master): Initialize(10, 0)
Ruin "Ruin of Greed" placed at (180, 85, 5)
Ruin "Biodome Winter" placed at (90, 153, 5)
Ruin "Gondoland" placed at (56, 118, 11)
Ruin "Detached Teleporter" placed at (85, 104, 4)
Ruin "Disposal Facility 17" placed at (175, 122, 3)
Ruin "Survivalist Bunker" placed at (191, 65, 9)
Ruin "Asteroid 2" placed at (36, 163, 8)
Ruin "Strange Ship" placed at (129, 31, 3)
Ruin "Crashed Ship" placed at (138, 52, 10)
Ruin "Derelict 1" placed at (151, 85, 8)
Ruin "The Twin-Nexus Hotel" placed at (83, 64, 7)
Ruin "NT Medical Ship" placed at (175, 41, 8)
Ruin "Authorship" placed at (210, 167, 7)
Ruin "Waylaid Buses" placed at (36, 215, 10)
Ruin "Syndicate Listening Station" placed at (131, 134, 10)
Ruin "Asteroid 1" placed at (213, 131, 3)
Ruin "DJ Station" placed at (220, 213, 3)
Ruin "Derelict 5" placed at (194, 85, 11)
Initialized Mapping subsystem within 27.5 seconds!
runtime error: 
[18:16:35]Cannot execute null.add reagent().
[18:16:35]proc name: Initialize (/obj/effect/decal/cleanable/blood/gibs/Initialize)
[18:16:35]  source file: humans.dm,57
[18:16:35]  usr: null
[18:16:35]  src: the gibs (/obj/effect/decal/cleanable/blood/gibs/body)
[18:16:35]  src.loc: null
[18:16:35]  call stack:
[18:16:35]the gibs (/obj/effect/decal/cleanable/blood/gibs/body): Initialize(1, null)
[18:16:35]Atoms (/datum/controller/subsystem/atoms): InitAtom(the gibs (/obj/effect/decal/cleanable/blood/gibs/body), /list (/list))
[18:16:35]Atoms (/datum/controller/subsystem/atoms): InitializeAtoms(null)
[18:16:35]Atoms (/datum/controller/subsystem/atoms): Initialize(765938)
[18:16:35]Master (/datum/controller/master): Initialize(10, 0)
runtime error: 
[18:16:35]Cannot execute null.add reagent().
[18:16:35]proc name: Initialize (/obj/effect/decal/cleanable/blood/gibs/Initialize)
[18:16:35]  source file: humans.dm,57
[18:16:35]  usr: null
[18:16:35]  src: the gibs (/obj/effect/decal/cleanable/blood/gibs/body)
[18:16:35]  src.loc: null
[18:16:35]  call stack:
[18:16:35]the gibs (/obj/effect/decal/cleanable/blood/gibs/body): Initialize(1, null)
[18:16:35]Atoms (/datum/controller/subsystem/atoms): InitAtom(the gibs (/obj/effect/decal/cleanable/blood/gibs/body), /list (/list))
[18:16:35]Atoms (/datum/controller/subsystem/atoms): InitializeAtoms(null)
[18:16:35]Atoms (/datum/controller/subsystem/atoms): Initialize(765938)
[18:16:35]Master (/datum/controller/master): Initialize(10, 0)
runtime error: 
[18:16:35]Cannot execute null.add reagent().
[18:16:35]proc name: Initialize (/obj/effect/decal/cleanable/blood/gibs/Initialize)
[18:16:35]  source file: humans.dm,57
[18:16:35]  usr: null
[18:16:35]  src: the gibs (/obj/effect/decal/cleanable/blood/gibs/body)
[18:16:35]  src.loc: null
[18:16:35]  call stack:
[18:16:35]the gibs (/obj/effect/decal/cleanable/blood/gibs/body): Initialize(1, null)
[18:16:35]Atoms (/datum/controller/subsystem/atoms): InitAtom(the gibs (/obj/effect/decal/cleanable/blood/gibs/body), /list (/list))
[18:16:35]Atoms (/datum/controller/subsystem/atoms): InitializeAtoms(null)
[18:16:35]Atoms (/datum/controller/subsystem/atoms): Initialize(765938)
[18:16:35]Master (/datum/controller/master): Initialize(10, 0)
runtime error: 
[18:16:35]Cannot execute null.add reagent().
[18:16:35]proc name: Initialize (/obj/effect/decal/cleanable/blood/gibs/Initialize)
[18:16:35]  source file: humans.dm,57
[18:16:35]  usr: null
[18:16:35]  src: the gibs (/obj/effect/decal/cleanable/blood/gibs/body)
[18:16:35]  src.loc: null
[18:16:35]  call stack:
[18:16:35]the gibs (/obj/effect/decal/cleanable/blood/gibs/body): Initialize(1, null)
[18:16:35]Atoms (/datum/controller/subsystem/atoms): InitAtom(the gibs (/obj/effect/decal/cleanable/blood/gibs/body), /list (/list))
[18:16:35]Atoms (/datum/controller/subsystem/atoms): InitializeAtoms(null)
[18:16:35]Atoms (/datum/controller/subsystem/atoms): Initialize(765938)
[18:16:35]Master (/datum/controller/master): Initialize(10, 0)
runtime error: 
[18:16:36]Cannot execute null.add reagent().
[18:16:36]proc name: Initialize (/obj/effect/decal/cleanable/oil/Initialize)
[18:16:36]  source file: robots.dm,52
[18:16:36]  usr: null
[18:16:36]  src: the motor oil (/obj/effect/decal/cleanable/oil)
[18:16:36]  src.loc: null
[18:16:36]  call stack:
[18:16:36]the motor oil (/obj/effect/decal/cleanable/oil): Initialize(1)
[18:16:36]Atoms (/datum/controller/subsystem/atoms): InitAtom(the motor oil (/obj/effect/decal/cleanable/oil), /list (/list))
[18:16:36]Atoms (/datum/controller/subsystem/atoms): InitializeAtoms(null)
[18:16:36]Atoms (/datum/controller/subsystem/atoms): Initialize(765938)
[18:16:36]Master (/datum/controller/master): Initialize(10, 0)
runtime error: 
[18:16:36]Cannot execute null.add reagent().
[18:16:36]proc name: Initialize (/obj/effect/decal/cleanable/oil/Initialize)
[18:16:36]  source file: robots.dm,52
[18:16:36]  usr: null
[18:16:36]  src: the motor oil (/obj/effect/decal/cleanable/oil)
[18:16:36]  src.loc: null
[18:16:36]  call stack:
[18:16:36]the motor oil (/obj/effect/decal/cleanable/oil): Initialize(1)
[18:16:36]Atoms (/datum/controller/subsystem/atoms): InitAtom(the motor oil (/obj/effect/decal/cleanable/oil), /list (/list))
[18:16:36]Atoms (/datum/controller/subsystem/atoms): InitializeAtoms(null)
[18:16:36]Atoms (/datum/controller/subsystem/atoms): Initialize(765938)
[18:16:36]Master (/datum/controller/master): Initialize(10, 0)
runtime error: 
[18:16:39]Cannot execute null.add reagent().
[18:16:39]proc name: Initialize (/obj/effect/decal/cleanable/blood/gibs/Initialize)
[18:16:39]  source file: humans.dm,57
[18:16:39]  usr: null
[18:16:39]  src: the old rotting gibs (/obj/effect/decal/cleanable/blood/gibs/old)
[18:16:39]  src.loc: null
[18:16:39]  call stack:
[18:16:39]the old rotting gibs (/obj/effect/decal/cleanable/blood/gibs/old): Initialize(1, null)
[18:16:39]the old rotting gibs (/obj/effect/decal/cleanable/blood/gibs/old): Initialize(1, null)
[18:16:39]Atoms (/datum/controller/subsystem/atoms): InitAtom(the old rotting gibs (/obj/effect/decal/cleanable/blood/gibs/old), /list (/list))
[18:16:39]Atoms (/datum/controller/subsystem/atoms): InitializeAtoms(null)
[18:16:39]Atoms (/datum/controller/subsystem/atoms): Initialize(765938)
[18:16:39]Master (/datum/controller/master): Initialize(10, 0)
runtime error: 
[18:16:39]Cannot execute null.add reagent().
[18:16:39]proc name: Initialize (/obj/effect/decal/cleanable/blood/gibs/Initialize)
[18:16:39]  source file: humans.dm,57
[18:16:39]  usr: null
[18:16:39]  src: the gibs (/obj/effect/decal/cleanable/blood/gibs/limb)
[18:16:39]  src.loc: null
[18:16:39]  call stack:
[18:16:39]the gibs (/obj/effect/decal/cleanable/blood/gibs/limb): Initialize(1, null)
[18:16:39]Atoms (/datum/controller/subsystem/atoms): InitAtom(the gibs (/obj/effect/decal/cleanable/blood/gibs/limb), /list (/list))
[18:16:39]Atoms (/datum/controller/subsystem/atoms): InitializeAtoms(null)
[18:16:39]Atoms (/datum/controller/subsystem/atoms): Initialize(765938)
[18:16:39]Master (/datum/controller/master): Initialize(10, 0)
runtime error: 
[18:16:39]Cannot execute null.add reagent().
[18:16:39]proc name: Initialize (/obj/effect/decal/cleanable/blood/gibs/Initialize)
[18:16:39]  source file: humans.dm,57
[18:16:39]  usr: null
[18:16:39]  src: the old rotting gibs (/obj/effect/decal/cleanable/blood/gibs/old)
[18:16:39]  src.loc: null
[18:16:39]  call stack:
[18:16:39]the old rotting gibs (/obj/effect/decal/cleanable/blood/gibs/old): Initialize(1, null)
[18:16:39]the old rotting gibs (/obj/effect/decal/cleanable/blood/gibs/old): Initialize(1, null)
[18:16:39]Atoms (/datum/controller/subsystem/atoms): InitAtom(the old rotting gibs (/obj/effect/decal/cleanable/blood/gibs/old), /list (/list))
[18:16:39]Atoms (/datum/controller/subsystem/atoms): InitializeAtoms(null)
[18:16:39]Atoms (/datum/controller/subsystem/atoms): Initialize(765938)
[18:16:39]Master (/datum/controller/master): Initialize(10, 0)
runtime error: 
[18:16:39]Cannot execute null.add reagent().
[18:16:39]proc name: Initialize (/obj/effect/decal/cleanable/blood/gibs/Initialize)
[18:16:39]  source file: humans.dm,57
[18:16:39]  usr: null
[18:16:39]  src: the old rotting gibs (/obj/effect/decal/cleanable/blood/gibs/old)
[18:16:39]  src.loc: null
[18:16:39]  call stack:
[18:16:39]the old rotting gibs (/obj/effect/decal/cleanable/blood/gibs/old): Initialize(1, null)
[18:16:39]the old rotting gibs (/obj/effect/decal/cleanable/blood/gibs/old): Initialize(1, null)
[18:16:39]Atoms (/datum/controller/subsystem/atoms): InitAtom(the old rotting gibs (/obj/effect/decal/cleanable/blood/gibs/old), /list (/list))
[18:16:39]Atoms (/datum/controller/subsystem/atoms): InitializeAtoms(null)
[18:16:39]Atoms (/datum/controller/subsystem/atoms): Initialize(765938)
[18:16:39]Master (/datum/controller/master): Initialize(10, 0)
runtime error: 
[18:16:39]Cannot execute null.add reagent().
[18:16:39]proc name: Initialize (/obj/effect/decal/cleanable/blood/gibs/Initialize)
[18:16:39]  source file: humans.dm,57
[18:16:39]  usr: null
[18:16:39]  src: the gibs (/obj/effect/decal/cleanable/blood/gibs/limb)
[18:16:39]  src.loc: null
[18:16:39]  call stack:
[18:16:39]the gibs (/obj/effect/decal/cleanable/blood/gibs/limb): Initialize(1, null)
[18:16:39]Atoms (/datum/controller/subsystem/atoms): InitAtom(the gibs (/obj/effect/decal/cleanable/blood/gibs/limb), /list (/list))
[18:16:39]Atoms (/datum/controller/subsystem/atoms): InitializeAtoms(null)
[18:16:39]Atoms (/datum/controller/subsystem/atoms): Initialize(765938)
[18:16:39]Master (/datum/controller/master): Initialize(10, 0)
runtime error: 
[18:16:39]Cannot execute null.add reagent().
[18:16:39]proc name: Initialize (/obj/effect/decal/cleanable/oil/Initialize)
[18:16:39]  source file: robots.dm,52
runtime error: 
[18:16:40]Cannot execute null.add reagent().
[18:16:40]proc name: Initialize (/obj/effect/decal/cleanable/blood/gibs/Initialize)
[18:16:40]  source file: humans.dm,57
runtime error: 
[18:16:40]Cannot execute null.add reagent().
[18:16:40]proc name: Initialize (/obj/effect/decal/cleanable/oil/Initialize)
[18:16:40]  source file: robots.dm,52
runtime error: 
[18:16:40]Cannot execute null.add reagent().
[18:16:40]proc name: Initialize (/obj/effect/decal/cleanable/blood/gibs/Initialize)
[18:16:40]  source file: humans.dm,57
runtime error: 
[18:16:40]Cannot execute null.add reagent().
[18:16:40]proc name: Initialize (/obj/effect/decal/cleanable/blood/gibs/Initialize)
[18:16:40]  source file: humans.dm,57
runtime error: 
[18:16:40]Cannot execute null.add reagent().
[18:16:40]proc name: Initialize (/obj/effect/decal/cleanable/blood/gibs/Initialize)
[18:16:40]  source file: humans.dm,57
runtime error: 
[18:16:40]Cannot execute null.add reagent().
[18:16:40]proc name: Initialize (/obj/effect/decal/cleanable/oil/Initialize)
[18:16:40]  source file: robots.dm,52
runtime error: 
[18:16:40]Cannot execute null.add reagent().
[18:16:40]proc name: Initialize (/obj/effect/decal/cleanable/oil/Initialize)
[18:16:40]  source file: robots.dm,52
runtime error: 
[18:16:40]Cannot execute null.add reagent().
[18:16:40]proc name: Initialize (/obj/effect/decal/cleanable/ash/Initialize)
[18:16:40]  source file: misc.dm,16
runtime error: 
[18:16:40]Cannot execute null.add reagent().
[18:16:40]proc name: Initialize (/obj/effect/decal/cleanable/oil/Initialize)
[18:16:40]  source file: robots.dm,52
runtime error: 
[18:16:41]Cannot execute null.add reagent().
[18:16:41]proc name: Initialize (/obj/effect/decal/cleanable/blood/gibs/Initialize)
[18:16:41]  source file: humans.dm,57
runtime error: 
[18:16:41]Cannot execute null.add reagent().
[18:16:41]proc name: Initialize (/obj/effect/decal/cleanable/oil/Initialize)
[18:16:41]  source file: robots.dm,52
runtime error: 
[18:16:42]Cannot execute null.add reagent().
[18:16:42]proc name: Initialize (/obj/effect/decal/cleanable/oil/Initialize)
[18:16:42]  source file: robots.dm,52
runtime error: 
[18:16:45]Cannot execute null.add reagent().
[18:16:45]proc name: Initialize (/obj/effect/decal/cleanable/oil/Initialize)
[18:16:45]  source file: robots.dm,52
runtime error: 
[18:16:48]Cannot execute null.add reagent().
[18:16:48]proc name: Initialize (/obj/effect/decal/cleanable/oil/Initialize)
[18:16:48]  source file: robots.dm,52
runtime error: 
[18:16:50]Cannot execute null.add reagent().
[18:16:50]proc name: Initialize (/obj/effect/decal/cleanable/oil/Initialize)
[18:16:50]  source file: robots.dm,52
runtime error: 
[18:16:51]Cannot execute null.add reagent().
[18:16:51]proc name: Initialize (/obj/effect/decal/cleanable/oil/Initialize)
[18:16:51]  source file: robots.dm,52
runtime error: 
[18:16:52]Cannot execute null.add reagent().
[18:16:52]proc name: Initialize (/obj/effect/decal/cleanable/oil/Initialize)
[18:16:52]  source file: robots.dm,52
runtime error: 
[18:16:52]Cannot execute null.add reagent().
[18:16:52]proc name: Initialize (/obj/effect/decal/cleanable/oil/Initialize)
[18:16:52]  source file: robots.dm,52
runtime error: 
[18:16:53]Cannot execute null.add reagent().
[18:16:53]proc name: Initialize (/obj/effect/decal/cleanable/blood/gibs/Initialize)
[18:16:53]  source file: humans.dm,57
runtime error: 
[18:16:53]Cannot execute null.add reagent().
[18:16:53]proc name: Initialize (/obj/effect/decal/cleanable/blood/gibs/Initialize)
[18:16:53]  source file: humans.dm,57
runtime error: 
[18:16:53]Cannot execute null.add reagent().
[18:16:53]proc name: Initialize (/obj/effect/decal/cleanable/blood/gibs/Initialize)
[18:16:53]  source file: humans.dm,57
runtime error: 
[18:16:53]Cannot execute null.add reagent().
[18:16:53]proc name: Initialize (/obj/effect/decal/cleanable/blood/gibs/Initialize)
[18:16:53]  source file: humans.dm,57
runtime error: 
[18:16:53]Cannot execute null.add reagent().
[18:16:53]proc name: Initialize (/obj/effect/decal/cleanable/blood/gibs/Initialize)
[18:16:53]  source file: humans.dm,57
runtime error: 
[18:16:53]Cannot execute null.add reagent().
[18:16:53]proc name: Initialize (/obj/effect/decal/cleanable/blood/gibs/Initialize)
[18:16:53]  source file: humans.dm,57
runtime error: 
[18:16:53]Cannot execute null.add reagent().
[18:16:53]proc name: Initialize (/obj/effect/decal/cleanable/blood/gibs/Initialize)
[18:16:53]  source file: humans.dm,57
runtime error: 
[18:16:53]Cannot execute null.add reagent().
[18:16:53]proc name: Initialize (/obj/effect/decal/cleanable/blood/gibs/Initialize)
[18:16:53]  source file: humans.dm,57
runtime error: 
[18:16:53]Cannot execute null.add reagent().
[18:16:53]proc name: Initialize (/obj/effect/decal/cleanable/blood/gibs/Initialize)
[18:16:53]  source file: humans.dm,57
runtime error: 
[18:16:53]Cannot execute null.add reagent().
[18:16:53]proc name: Initialize (/obj/effect/decal/cleanable/blood/gibs/Initialize)
[18:16:53]  source file: humans.dm,57
runtime error: 
[18:16:53]Cannot execute null.add reagent().
[18:16:53]proc name: Initialize (/obj/effect/decal/cleanable/blood/gibs/Initialize)
[18:16:53]  source file: humans.dm,57
runtime error: 
[18:16:53]Cannot execute null.add reagent().
[18:16:53]proc name: Initialize (/obj/effect/decal/cleanable/blood/gibs/Initialize)
[18:16:53]  source file: humans.dm,57
runtime error: 
[18:16:54]Cannot execute null.add reagent().
[18:16:54]proc name: Initialize (/obj/effect/decal/cleanable/blood/gibs/Initialize)
[18:16:54]  source file: humans.dm,57
runtime error: 
[18:16:54]Cannot execute null.add reagent().
[18:16:54]proc name: Initialize (/obj/effect/decal/cleanable/blood/gibs/Initialize)
[18:16:54]  source file: humans.dm,57
runtime error: 
[18:16:54]Cannot execute null.add reagent().
[18:16:54]proc name: Initialize (/obj/effect/decal/cleanable/blood/gibs/Initialize)
[18:16:54]  source file: humans.dm,57
runtime error: 
[18:16:54]Cannot execute null.add reagent().
[18:16:54]proc name: Initialize (/obj/effect/decal/cleanable/blood/gibs/Initialize)
[18:16:54]  source file: humans.dm,57
runtime error: 
[18:16:54]Cannot execute null.add reagent().
[18:16:54]proc name: Initialize (/obj/effect/decal/cleanable/blood/gibs/Initialize)
[18:16:54]  source file: humans.dm,57
runtime error: 
[18:16:54]Cannot execute null.add reagent().
[18:16:54]proc name: Initialize (/obj/effect/decal/cleanable/blood/gibs/Initialize)
[18:16:54]  source file: humans.dm,57
runtime error: 
[18:16:54]Cannot execute null.add reagent().
[18:16:54]proc name: Initialize (/obj/effect/decal/cleanable/blood/gibs/Initialize)
[18:16:54]  source file: humans.dm,57
runtime error: 
[18:16:54]Cannot execute null.add reagent().
[18:16:54]proc name: Initialize (/obj/effect/decal/cleanable/blood/gibs/Initialize)
[18:16:54]  source file: humans.dm,57
runtime error: 
[18:16:54]Cannot execute null.add reagent().
[18:16:54]proc name: Initialize (/obj/effect/decal/cleanable/blood/gibs/Initialize)
[18:16:54]  source file: humans.dm,57
runtime error: 
[18:16:54]Cannot execute null.add reagent().
[18:16:54]proc name: Initialize (/obj/effect/decal/cleanable/blood/gibs/Initialize)
[18:16:54]  source file: humans.dm,57
runtime error: 
[18:16:54]Cannot execute null.add reagent().
[18:16:54]proc name: Initialize (/obj/effect/decal/cleanable/blood/gibs/Initialize)
[18:16:54]  source file: humans.dm,57
runtime error: 
[18:16:54]Cannot execute null.add reagent().
[18:16:54]proc name: Initialize (/obj/effect/decal/cleanable/blood/gibs/Initialize)
[18:16:54]  source file: humans.dm,57
runtime error: 
[18:16:54]Cannot execute null.add reagent().
[18:16:54]proc name: Initialize (/obj/effect/decal/cleanable/blood/gibs/Initialize)
[18:16:54]  source file: humans.dm,57
runtime error: 
[18:16:54]Cannot execute null.add reagent().
[18:16:54]proc name: Initialize (/obj/effect/decal/cleanable/blood/gibs/Initialize)
[18:16:54]  source file: humans.dm,57
runtime error: 
[18:16:55]Cannot execute null.add reagent().
[18:16:55]proc name: Initialize (/obj/effect/decal/cleanable/blood/gibs/Initialize)
[18:16:55]  source file: humans.dm,57
runtime error: 
[18:16:55]Cannot execute null.add reagent().
[18:16:55]proc name: Initialize (/obj/effect/decal/cleanable/blood/gibs/Initialize)
[18:16:55]  source file: humans.dm,57
runtime error: 
[18:16:55]Cannot execute null.add reagent().
[18:16:55]proc name: Initialize (/obj/effect/decal/cleanable/blood/gibs/Initialize)
[18:16:55]  source file: humans.dm,57
runtime error: 
[18:16:55]Cannot execute null.add reagent().
[18:16:55]proc name: Initialize (/obj/effect/decal/cleanable/blood/gibs/Initialize)
[18:16:55]  source file: humans.dm,57
runtime error: 
[18:16:55]Cannot execute null.add reagent().
[18:16:55]proc name: Initialize (/obj/effect/decal/cleanable/oil/Initialize)
[18:16:55]  source file: robots.dm,52
runtime error: 
[18:16:55]Cannot execute null.add reagent().
[18:16:55]proc name: Initialize (/obj/effect/decal/cleanable/oil/Initialize)
[18:16:55]  source file: robots.dm,52
runtime error: 
[18:16:55]Cannot execute null.add reagent().
[18:16:55]proc name: Initialize (/obj/effect/decal/cleanable/oil/Initialize)
[18:16:55]  source file: robots.dm,52
runtime error: 
[18:16:55]Cannot execute null.add reagent().
[18:16:55]proc name: Initialize (/obj/effect/decal/cleanable/oil/Initialize)
[18:16:55]  source file: robots.dm,52
runtime error: 
[18:16:55]Cannot execute null.add reagent().
[18:16:55]proc name: Initialize (/obj/effect/decal/cleanable/oil/Initialize)
[18:16:55]  source file: robots.dm,52
runtime error: 
[18:16:56]Cannot execute null.add reagent().
[18:16:56]proc name: Initialize (/obj/effect/decal/cleanable/oil/Initialize)
[18:16:56]  source file: robots.dm,52
runtime error: 
[18:16:56]Cannot execute null.add reagent().
[18:16:56]proc name: Initialize (/obj/effect/decal/cleanable/oil/Initialize)
[18:16:56]  source file: robots.dm,52
runtime error: 
[18:16:56]Cannot execute null.add reagent().
[18:16:56]proc name: Initialize (/obj/effect/decal/cleanable/oil/Initialize)
[18:16:56]  source file: robots.dm,52
runtime error: 
[18:16:56]Cannot execute null.add reagent().
[18:16:56]proc name: Initialize (/obj/effect/decal/cleanable/oil/Initialize)
[18:16:56]  source file: robots.dm,52
runtime error: 
[18:16:56]Cannot execute null.add reagent().
[18:16:56]proc name: Initialize (/obj/effect/decal/cleanable/oil/Initialize)
[18:16:56]  source file: robots.dm,52
runtime error: 
[18:16:56]Cannot execute null.add reagent().
[18:16:56]proc name: Initialize (/obj/effect/decal/cleanable/oil/Initialize)
[18:16:56]  source file: robots.dm,52
runtime error: 
[18:17:02]Cannot execute null.add reagent().
[18:17:02]proc name: Initialize (/obj/effect/decal/cleanable/oil/Initialize)
[18:17:02]  source file: robots.dm,52
runtime error: 
[18:17:02]Cannot execute null.add reagent().
[18:17:02]proc name: Initialize (/obj/effect/decal/cleanable/oil/Initialize)
[18:17:02]  source file: robots.dm,52
runtime error: 
[18:17:02]Cannot execute null.add reagent().
[18:17:02]proc name: Initialize (/obj/effect/decal/cleanable/oil/Initialize)
[18:17:02]  source file: robots.dm,52
runtime error: 
[18:17:02]Cannot execute null.add reagent().
[18:17:02]proc name: Initialize (/obj/effect/decal/cleanable/oil/Initialize)
[18:17:02]  source file: robots.dm,52
runtime error: 
[18:17:02]Cannot execute null.add reagent().
[18:17:02]proc name: Initialize (/obj/effect/decal/cleanable/oil/Initialize)
[18:17:02]  source file: robots.dm,52
runtime error: 
[18:17:02]Cannot execute null.add reagent().
[18:17:02]proc name: Initialize (/obj/effect/decal/cleanable/oil/Initialize)
[18:17:02]  source file: robots.dm,52
runtime error: 
[18:17:02]Cannot execute null.add reagent().
[18:17:02]proc name: Initialize (/obj/effect/decal/cleanable/oil/Initialize)
[18:17:02]  source file: robots.dm,52
runtime error: 
[18:17:02]Cannot execute null.add reagent().
[18:17:02]proc name: Initialize (/obj/effect/decal/cleanable/oil/Initialize)
[18:17:02]  source file: robots.dm,52
runtime error: 
[18:17:03]Cannot execute null.add reagent().
[18:17:03]proc name: Initialize (/obj/effect/decal/cleanable/oil/Initialize)
[18:17:03]  source file: robots.dm,52
runtime error: 
[18:17:03]Cannot execute null.add reagent().
[18:17:03]proc name: Initialize (/obj/effect/decal/cleanable/oil/Initialize)
[18:17:03]  source file: robots.dm,52
runtime error: 
[18:17:03]Cannot execute null.add reagent().
[18:17:03]proc name: Initialize (/obj/effect/decal/cleanable/oil/Initialize)
[18:17:03]  source file: robots.dm,52
runtime error: 
[18:17:03]Cannot execute null.add reagent().
[18:17:03]proc name: Initialize (/obj/effect/decal/cleanable/oil/Initialize)
[18:17:03]  source file: robots.dm,52
runtime error: 
[18:17:03]Cannot execute null.add reagent().
[18:17:03]proc name: Initialize (/obj/effect/decal/cleanable/oil/Initialize)
[18:17:03]  source file: robots.dm,52
runtime error: 
[18:17:03]Cannot execute null.add reagent().
[18:17:03]proc name: Initialize (/obj/effect/decal/cleanable/oil/Initialize)
[18:17:03]  source file: robots.dm,52
runtime error: 
[18:17:03]Cannot execute null.add reagent().
[18:17:03]proc name: Initialize (/obj/effect/decal/cleanable/oil/Initialize)
[18:17:03]  source file: robots.dm,52
runtime error: 
[18:17:03]Cannot execute null.add reagent().
[18:17:03]proc name: Initialize (/obj/effect/decal/cleanable/oil/Initialize)
[18:17:03]  source file: robots.dm,52
runtime error: 
[18:17:03]Cannot execute null.add reagent().
[18:17:03]proc name: Initialize (/obj/effect/decal/cleanable/oil/Initialize)
[18:17:03]  source file: robots.dm,52
runtime error: 
[18:17:03]Cannot execute null.add reagent().
[18:17:03]Warning: further proc crash messages are being suppressed to prevent overload...
runtime error: 
[18:17:03]Cannot execute null.add reagent().
runtime error: 
[18:17:04]Cannot execute null.add reagent().
runtime error: 
[18:17:04]Cannot execute null.add reagent().
runtime error: 
[18:17:04]Cannot execute null.add reagent().
runtime error: 
[18:17:04]Cannot execute null.add reagent().
runtime error: 
[18:17:04]Cannot execute null.add reagent().
runtime error: 
[18:17:04]Cannot execute null.add reagent().
Initialized 880129 atoms
Initialized Atoms subsystem within 64 seconds!
Initialized Language subsystem within 0 seconds!
Initialized Machines subsystem within 0.3 seconds!
Initialized Circuit subsystem within 0 seconds!
Initialized Weather subsystem within 0 seconds!
## WARNING: There are 33 active turfs at roundstart, this is a mapping error caused by a difference of the air between the adjacent turfs. You can see its coordinates using "Mapping -> Show roundstart AT list" verb (debug verbs required)
## WARNING: HEY! LISTEN! 1 second were wasted processing 33 turf(s) (connected to 19741 other turfs) with atmos differences at round start.
Initialized Atmospherics subsystem within 19 seconds!
Initialized Minimap subsystem within 0 seconds!
Initialized Assets subsystem within 0.5 seconds!
Initialized Icon Smoothing subsystem within 6.8 seconds!
Initialized Overlay subsystem within 16.9 seconds!
Initialized XKeyScore subsystem within 0 seconds!
Initialized Lighting subsystem within 18.1 seconds!
Initialized Shuttle subsystem within 30.3 seconds!
Initialized Squeak subsystem within 0.1 seconds!
Loaded 0 engraved messages on map Box Station
Initialized Persistence subsystem within 0.2 seconds!
Initializations complete within 185.2 seconds!
Game start took 5.3s
## WARNING: A ref was requested of an object with use_tag set but no tag: AlcaroIsAFrick in code/__HELPERS/unsorted.dm at line 1500 src:  usr: AlcaroIsAFrick.
runtime error: 
[18:19:21]Cannot read null.key
runtime error: 
[18:21:44]Cannot create objects of type /list.
## WARNING: A ref was requested of an object with use_tag set but no tag: the new player in code/__HELPERS/unsorted.dm at line 1500 src:  usr: the new player.
runtime error: 
[18:23:29]Cannot read null.key
runtime error: 
[18:24:30]list index out of bounds
runtime error: 
[18:24:32]list index out of bounds
runtime error: 
[18:24:34]list index out of bounds
runtime error: 
[18:24:36]list index out of bounds
runtime error: 
[18:24:38]list index out of bounds
runtime error: 
[18:24:40]list index out of bounds
runtime error: 
[18:24:41]list index out of bounds
runtime error: 
[18:25:00]list index out of bounds
runtime error: 
[18:25:01]list index out of bounds
runtime error: 
[18:25:03]list index out of bounds
runtime error: 
[18:25:04]list index out of bounds
runtime error: 
[18:25:05]list index out of bounds
runtime error: 
[18:25:06]list index out of bounds
runtime error: 
[18:25:07]list index out of bounds
## WARNING: A ref was requested of an object with use_tag set but no tag: Unixian in code/__HELPERS/unsorted.dm at line 1500 src:  usr: Unixian.
runtime error: 
[18:27:29]Cannot read null.key
runtime error: 
[18:28:22]Cannot execute null.Copy().
runtime error: 
[18:28:22]Cannot modify null.baseturf.
runtime error: 
[18:28:22]Cannot execute null.Copy().
runtime error: 
[18:28:22]Cannot modify null.baseturf.
Initialized 521 atoms
runtime error: 
[18:32:18]undefined proc or verb /turf/open/space/break tile().

### VarEdit by AlcaroIsAFrick/(YO MAMA): /mob/living/simple_animal/slime/pet x=68 => 70
### VarEdit by AlcaroIsAFrick/(YO MAMA): /mob/living/simple_animal/slime/pet y=143 => 142
runtime error: 
[18:38:41]Cannot modify /area/crew_quarters/toilet/locker.admin_spawned.
runtime error: 
[18:38:48]list index out of bounds
runtime error: 
[18:39:01]Cannot modify /area/crew_quarters/locker.admin_spawned.
runtime error: 
[18:39:33]list index out of bounds
runtime error: 
[18:39:33]list index out of bounds
runtime error: 
[18:39:34]list index out of bounds
runtime error: 
[18:39:35]list index out of bounds
runtime error: 
[18:39:36]list index out of bounds
runtime error: 
[18:39:37]list index out of bounds
runtime error: 
[18:39:38]list index out of bounds
runtime error: 
[18:39:42]list index out of bounds
runtime error: 
[18:39:43]list index out of bounds
runtime error: 
[18:39:45]list index out of bounds
runtime error: 
[18:39:57]list index out of bounds
runtime error: 
[18:40:02]list index out of bounds
runtime error: 
[18:40:03]list index out of bounds
runtime error: 
[18:40:03]list index out of bounds
runtime error: 
[18:40:04]list index out of bounds
runtime error: 
[18:40:05]list index out of bounds
runtime error: 
[18:40:12]list index out of bounds
runtime error: 
[18:40:13]list index out of bounds
runtime error: 
[18:40:14]list index out of bounds
runtime error: 
[18:40:35]undefined proc or verb /turf/open/space/break tile().

## WARNING: A ref was requested of an object with use_tag set but no tag: the station self-destruct terminal in code/__HELPERS/unsorted.dm at line 1500 src:  usr: .
runtime error: 
[18:42:34]Cannot execute null.add reagent().
runtime error: 
[18:42:41]Cannot execute null.add reagent().
runtime error: 
[18:42:45]Cannot execute null.add reagent().
runtime error: 
[18:42:50]Cannot execute null.add reagent().
runtime error: 
[18:42:50]Cannot execute null.add reagent().
runtime error: 
[18:42:50]Cannot execute null.add reagent().
runtime error: 
[18:42:50]Cannot execute null.add reagent().
runtime error: 
[18:42:50]Cannot execute null.add reagent().
runtime error: 
[18:42:50]Cannot execute null.add reagent().
runtime error: 
[18:42:50]Cannot execute null.add reagent().
runtime error: 
[18:42:50]Cannot execute null.add reagent().
runtime error: 
[18:42:50]Cannot execute null.add reagent().
runtime error: 
[18:42:50]Cannot execute null.add reagent().
runtime error: 
[18:42:51]Cannot execute null.add reagent().
runtime error: 
[18:42:51]Cannot execute null.add reagent().
runtime error: 
[18:42:51]Cannot execute null.add reagent().
runtime error: 
[18:42:51]Cannot execute null.add reagent().
runtime error: 
[18:42:51]Cannot execute null.add reagent().
runtime error: 
[18:42:51]Cannot execute null.add reagent().
runtime error: 
[18:42:51]Cannot execute null.add reagent().
runtime error: 
[18:42:51]Cannot execute null.add reagent().
runtime error: 
[18:42:51]Cannot execute null.add reagent().
runtime error: 
[18:42:51]Cannot execute null.add reagent().
runtime error: 
[18:42:51]Cannot execute null.add reagent().
runtime error: 
[18:42:51]Cannot execute null.add reagent().
runtime error: 
[18:42:51]Cannot execute null.add reagent().
runtime error: 
[18:42:51]Cannot execute null.add reagent().
runtime error: 
[18:42:51]Cannot execute null.add reagent().
runtime error: 
[18:42:51]Cannot execute null.add reagent().
runtime error: 
[18:42:52]Cannot execute null.add reagent().
runtime error: 
[18:42:52]Cannot execute null.add reagent().
runtime error: 
[18:42:52]Cannot execute null.add reagent().
runtime error: 
[18:42:52]Cannot execute null.add reagent().
runtime error: 
[18:42:52]Cannot execute null.add reagent().
runtime error: 
[18:42:52]Cannot execute null.add reagent().
runtime error: 
[18:42:52]Cannot execute null.add reagent().
runtime error: 
[18:42:52]Cannot execute null.add reagent().
Saved 0 engraved messages on map Box Station
Shutting down Persistence subsystem...
Shutting down Squeak subsystem...
Shutting down Shuttle subsystem...
Shutting down Lighting subsystem...
Shutting down XKeyScore subsystem...
Shutting down Sticky Ban subsystem...
Shutting down Overlay subsystem...
Shutting down Icon Smoothing subsystem...
Shutting down Assets subsystem...
Shutting down Minimap subsystem...
Shutting down Atmospherics subsystem...
Shutting down Weather subsystem...
Shutting down Vote subsystem...
Shutting down Title Screen subsystem...
Shutting down Time Tracking subsystem...
Shutting down Throwing subsystem...
Shutting down tgui subsystem...
Shutting down Sun subsystem...
Shutting down Space Drift subsystem...
Shutting down Religion subsystem...
Shutting down Radio subsystem...
Shutting down Radiation subsystem...
Shutting down Projectiles subsystem...
Shutting down Processing subsystem...
Shutting down Parallax subsystem...
Shutting down pAI subsystem...
Shutting down Orbits subsystem...
Shutting down Objects subsystem...
Shutting down NPC Pool subsystem...
Shutting down Mobs subsystem...
Shutting down Inbounds subsystem...
Shutting down Idling NPC Pool subsystem...
Shutting down Garbage subsystem...
Shutting down Flightpack Movement subsystem...
Shutting down Fire Burning subsystem...
Shutting down Fields subsystem...
Shutting down Fast Processing subsystem...
Shutting down Disease subsystem...
Shutting down Communications subsystem...
Shutting down Augury subsystem...
Shutting down Acid subsystem...
Shutting down Timer subsystem...
Shutting down Circuit subsystem...
Shutting down Machines subsystem...
Shutting down Language subsystem...
Shutting down Atoms subsystem...
Shutting down Mapping subsystem...
Shutting down Ticker subsystem...
Shutting down Jobs subsystem...
Shutting down Events subsystem...
Shutting down Server Tasks subsystem...
Shutting down Blackbox subsystem...
Shutting down Database subsystem...
Shutdown complete
World rebooted at 18:43:06
