

Starting up round ID . 16:34:17
---------------------
Initialized Blackbox subsystem within 0 seconds!
Initialized Server Tasks subsystem within 0 seconds!
Initialized Events subsystem within 0 seconds!
runtime error: 
[16:34:19]cannot read from list
[16:34:19]proc name: LoadJobs (/datum/controller/subsystem/job/proc/LoadJobs)
[16:34:19]  source file: job.dm,448
[16:34:19]  usr: null
[16:34:19]  src: Jobs (/datum/controller/subsystem/job)
[16:34:19]  call stack:
[16:34:19]Jobs (/datum/controller/subsystem/job): LoadJobs()
[16:34:19]Jobs (/datum/controller/subsystem/job): Initialize(704589)
[16:34:19]Master (/datum/controller/master): Initialize(10, 0)
Initialized Jobs subsystem within 0.1 seconds!
Initialized Ticker subsystem within 0 seconds!
Loading Delta Station...
Loaded station in 38.5s!
Ruin "Hierophant's Arena" placed at (112, 174, 5)
Ruin "Blood-Drunk Miner (Hunter)" placed at (213, 150, 5)
Ruin "Summoning Ritual" placed at (77, 108, 5)
Ruin "Ruin of Envy" placed at (113, 142, 5)
Ruin "Free Golem Ship" placed at (78, 151, 5)
Ruin "Ruin of Greed" placed at (200, 184, 5)
Ruin "Animal Hospital" placed at (33, 193, 5)
Ruin "Biodome Winter" placed at (181, 158, 5)
Ruin "Ordinary Space Tile" placed at (67, 127, 11)
Ruin "Empty Shell" placed at (154, 218, 3)
Ruin "Dinner for Two" placed at (100, 145, 7)
Ruin "Asteroid 4" placed at (133, 204, 4)
Ruin "CF Corsair" placed at (41, 193, 3)
Ruin "Derelict 1" placed at (114, 202, 10)
Ruin "Strange Ship" placed at (143, 125, 11)
Ruin "Derelict 4" placed at (180, 118, 4)
Ruin "DJ Station" placed at (206, 169, 9)
Ruin "Syndicate Ambush" placed at (116, 83, 3)
Ruin "Asteroid 3" placed at (222, 99, 8)
Ruin "Derelict 6" placed at (37, 102, 7)
Ruin "Waylaid Buses" placed at (45, 98, 3)
Ruin "Ancient Space Station" placed at (94, 154, 11)
Ruin "Biological Storage Facility" placed at (38, 189, 10)
Ruin "Asteroid 2" placed at (212, 218, 9)
Initialized Mapping subsystem within 48.1 seconds!
runtime error: 
[16:35:10]Cannot execute null.add reagent().
[16:35:10]proc name: Initialize (/obj/effect/decal/cleanable/blood/gibs/Initialize)
[16:35:10]  source file: humans.dm,57
[16:35:10]  usr: null
[16:35:10]  src: the gibs (/obj/effect/decal/cleanable/blood/gibs/body)
[16:35:10]  src.loc: null
[16:35:10]  call stack:
[16:35:10]the gibs (/obj/effect/decal/cleanable/blood/gibs/body): Initialize(1, null)
[16:35:10]Atoms (/datum/controller/subsystem/atoms): InitAtom(the gibs (/obj/effect/decal/cleanable/blood/gibs/body), /list (/list))
[16:35:10]Atoms (/datum/controller/subsystem/atoms): InitializeAtoms(null)
[16:35:10]Atoms (/datum/controller/subsystem/atoms): Initialize(705072)
[16:35:10]Master (/datum/controller/master): Initialize(10, 0)
runtime error: 
[16:35:10]Cannot execute null.add reagent().
[16:35:10]proc name: Initialize (/obj/effect/decal/cleanable/blood/gibs/Initialize)
[16:35:10]  source file: humans.dm,57
[16:35:10]  usr: null
[16:35:10]  src: the gibs (/obj/effect/decal/cleanable/blood/gibs/body)
[16:35:10]  src.loc: null
[16:35:10]  call stack:
[16:35:10]the gibs (/obj/effect/decal/cleanable/blood/gibs/body): Initialize(1, null)
[16:35:10]Atoms (/datum/controller/subsystem/atoms): InitAtom(the gibs (/obj/effect/decal/cleanable/blood/gibs/body), /list (/list))
[16:35:10]Atoms (/datum/controller/subsystem/atoms): InitializeAtoms(null)
[16:35:10]Atoms (/datum/controller/subsystem/atoms): Initialize(705072)
[16:35:10]Master (/datum/controller/master): Initialize(10, 0)
runtime error: 
[16:35:10]Cannot execute null.add reagent().
[16:35:10]proc name: Initialize (/obj/effect/decal/cleanable/blood/gibs/Initialize)
[16:35:10]  source file: humans.dm,57
[16:35:10]  usr: null
[16:35:10]  src: the gibs (/obj/effect/decal/cleanable/blood/gibs/body)
[16:35:10]  src.loc: null
[16:35:10]  call stack:
[16:35:10]the gibs (/obj/effect/decal/cleanable/blood/gibs/body): Initialize(1, null)
[16:35:10]Atoms (/datum/controller/subsystem/atoms): InitAtom(the gibs (/obj/effect/decal/cleanable/blood/gibs/body), /list (/list))
[16:35:10]Atoms (/datum/controller/subsystem/atoms): InitializeAtoms(null)
[16:35:10]Atoms (/datum/controller/subsystem/atoms): Initialize(705072)
[16:35:10]Master (/datum/controller/master): Initialize(10, 0)
runtime error: 
[16:35:10]Cannot execute null.add reagent().
[16:35:10]proc name: Initialize (/obj/effect/decal/cleanable/blood/gibs/Initialize)
[16:35:10]  source file: humans.dm,57
[16:35:10]  usr: null
[16:35:10]  src: the gibs (/obj/effect/decal/cleanable/blood/gibs/body)
[16:35:10]  src.loc: null
[16:35:10]  call stack:
[16:35:10]the gibs (/obj/effect/decal/cleanable/blood/gibs/body): Initialize(1, null)
[16:35:10]Atoms (/datum/controller/subsystem/atoms): InitAtom(the gibs (/obj/effect/decal/cleanable/blood/gibs/body), /list (/list))
[16:35:10]Atoms (/datum/controller/subsystem/atoms): InitializeAtoms(null)
[16:35:10]Atoms (/datum/controller/subsystem/atoms): Initialize(705072)
[16:35:10]Master (/datum/controller/master): Initialize(10, 0)
runtime error: 
[16:35:10]Cannot execute null.add reagent().
[16:35:10]proc name: Initialize (/obj/effect/decal/cleanable/oil/Initialize)
[16:35:10]  source file: robots.dm,52
[16:35:10]  usr: null
[16:35:10]  src: the motor oil (/obj/effect/decal/cleanable/oil)
[16:35:10]  src.loc: null
[16:35:10]  call stack:
[16:35:10]the motor oil (/obj/effect/decal/cleanable/oil): Initialize(1)
[16:35:10]Atoms (/datum/controller/subsystem/atoms): InitAtom(the motor oil (/obj/effect/decal/cleanable/oil), /list (/list))
[16:35:10]Atoms (/datum/controller/subsystem/atoms): InitializeAtoms(null)
[16:35:10]Atoms (/datum/controller/subsystem/atoms): Initialize(705072)
[16:35:10]Master (/datum/controller/master): Initialize(10, 0)
runtime error: 
[16:35:10]Cannot execute null.add reagent().
[16:35:10]proc name: Initialize (/obj/effect/decal/cleanable/oil/Initialize)
[16:35:10]  source file: robots.dm,52
[16:35:10]  usr: null
[16:35:10]  src: the motor oil (/obj/effect/decal/cleanable/oil)
[16:35:10]  src.loc: null
[16:35:10]  call stack:
[16:35:10]the motor oil (/obj/effect/decal/cleanable/oil): Initialize(1)
[16:35:10]Atoms (/datum/controller/subsystem/atoms): InitAtom(the motor oil (/obj/effect/decal/cleanable/oil), /list (/list))
[16:35:10]Atoms (/datum/controller/subsystem/atoms): InitializeAtoms(null)
[16:35:10]Atoms (/datum/controller/subsystem/atoms): Initialize(705072)
[16:35:10]Master (/datum/controller/master): Initialize(10, 0)
runtime error: 
[16:35:15]Cannot execute null.add reagent().
[16:35:15]proc name: Initialize (/obj/effect/decal/cleanable/oil/Initialize)
[16:35:15]  source file: robots.dm,52
[16:35:15]  usr: null
[16:35:15]  src: the motor oil (/obj/effect/decal/cleanable/oil)
[16:35:15]  src.loc: null
[16:35:15]  call stack:
[16:35:15]the motor oil (/obj/effect/decal/cleanable/oil): Initialize(1)
[16:35:15]Atoms (/datum/controller/subsystem/atoms): InitAtom(the motor oil (/obj/effect/decal/cleanable/oil), /list (/list))
[16:35:15]Atoms (/datum/controller/subsystem/atoms): InitializeAtoms(null)
[16:35:15]Atoms (/datum/controller/subsystem/atoms): Initialize(705072)
[16:35:15]Master (/datum/controller/master): Initialize(10, 0)
runtime error: 
[16:35:15]Cannot execute null.add reagent().
[16:35:15]proc name: Initialize (/obj/effect/decal/cleanable/oil/Initialize)
[16:35:15]  source file: robots.dm,52
[16:35:15]  usr: null
[16:35:15]  src: the motor oil (/obj/effect/decal/cleanable/oil)
[16:35:15]  src.loc: null
[16:35:15]  call stack:
[16:35:15]the motor oil (/obj/effect/decal/cleanable/oil): Initialize(1)
[16:35:15]Atoms (/datum/controller/subsystem/atoms): InitAtom(the motor oil (/obj/effect/decal/cleanable/oil), /list (/list))
[16:35:15]Atoms (/datum/controller/subsystem/atoms): InitializeAtoms(null)
[16:35:15]Atoms (/datum/controller/subsystem/atoms): Initialize(705072)
[16:35:15]Master (/datum/controller/master): Initialize(10, 0)
runtime error: 
[16:35:15]Cannot execute null.add reagent().
[16:35:15]proc name: Initialize (/obj/effect/decal/cleanable/oil/Initialize)
[16:35:15]  source file: robots.dm,52
[16:35:15]  usr: null
[16:35:15]  src: the motor oil (/obj/effect/decal/cleanable/oil)
[16:35:15]  src.loc: null
[16:35:15]  call stack:
[16:35:15]the motor oil (/obj/effect/decal/cleanable/oil): Initialize(1)
[16:35:15]Atoms (/datum/controller/subsystem/atoms): InitAtom(the motor oil (/obj/effect/decal/cleanable/oil), /list (/list))
[16:35:15]Atoms (/datum/controller/subsystem/atoms): InitializeAtoms(null)
[16:35:15]Atoms (/datum/controller/subsystem/atoms): Initialize(705072)
[16:35:15]Master (/datum/controller/master): Initialize(10, 0)
runtime error: 
[16:35:15]Cannot execute null.add reagent().
[16:35:15]proc name: Initialize (/obj/effect/decal/cleanable/blood/gibs/Initialize)
[16:35:15]  source file: humans.dm,57
[16:35:15]  usr: null
[16:35:15]  src: the gibs (/obj/effect/decal/cleanable/blood/gibs/limb)
[16:35:15]  src.loc: null
[16:35:15]  call stack:
[16:35:15]the gibs (/obj/effect/decal/cleanable/blood/gibs/limb): Initialize(1, null)
[16:35:15]Atoms (/datum/controller/subsystem/atoms): InitAtom(the gibs (/obj/effect/decal/cleanable/blood/gibs/limb), /list (/list))
[16:35:15]Atoms (/datum/controller/subsystem/atoms): InitializeAtoms(null)
[16:35:15]Atoms (/datum/controller/subsystem/atoms): Initialize(705072)
[16:35:15]Master (/datum/controller/master): Initialize(10, 0)
runtime error: 
[16:35:15]Cannot execute null.add reagent().
[16:35:15]proc name: Initialize (/obj/effect/decal/cleanable/blood/gibs/Initialize)
[16:35:15]  source file: humans.dm,57
[16:35:15]  usr: null
[16:35:15]  src: the gibs (/obj/effect/decal/cleanable/blood/gibs/body)
[16:35:15]  src.loc: null
[16:35:15]  call stack:
[16:35:15]the gibs (/obj/effect/decal/cleanable/blood/gibs/body): Initialize(1, null)
[16:35:15]Atoms (/datum/controller/subsystem/atoms): InitAtom(the gibs (/obj/effect/decal/cleanable/blood/gibs/body), /list (/list))
[16:35:15]Atoms (/datum/controller/subsystem/atoms): InitializeAtoms(null)
[16:35:15]Atoms (/datum/controller/subsystem/atoms): Initialize(705072)
[16:35:15]Master (/datum/controller/master): Initialize(10, 0)
runtime error: 
[16:35:16]Cannot execute null.add reagent().
[16:35:16]proc name: Initialize (/obj/effect/decal/cleanable/oil/Initialize)
[16:35:16]  source file: robots.dm,52
[16:35:16]  usr: null
[16:35:16]  src: the motor oil (/obj/effect/decal/cleanable/oil)
[16:35:16]  src.loc: null
[16:35:16]  call stack:
[16:35:16]the motor oil (/obj/effect/decal/cleanable/oil): Initialize(1)
[16:35:16]Atoms (/datum/controller/subsystem/atoms): InitAtom(the motor oil (/obj/effect/decal/cleanable/oil), /list (/list))
[16:35:16]Atoms (/datum/controller/subsystem/atoms): InitializeAtoms(null)
[16:35:16]Atoms (/datum/controller/subsystem/atoms): Initialize(705072)
[16:35:16]Master (/datum/controller/master): Initialize(10, 0)
runtime error: 
[16:35:16]Cannot execute null.add reagent().
[16:35:16]proc name: Initialize (/obj/effect/decal/cleanable/blood/gibs/Initialize)
[16:35:16]  source file: humans.dm,57
[16:35:16]  usr: null
[16:35:16]  src: the gibs (/obj/effect/decal/cleanable/blood/gibs/down)
[16:35:16]  src.loc: null
[16:35:16]  call stack:
[16:35:16]the gibs (/obj/effect/decal/cleanable/blood/gibs/down): Initialize(1, null)
[16:35:16]Atoms (/datum/controller/subsystem/atoms): InitAtom(the gibs (/obj/effect/decal/cleanable/blood/gibs/down), /list (/list))
[16:35:16]Atoms (/datum/controller/subsystem/atoms): InitializeAtoms(null)
[16:35:16]Atoms (/datum/controller/subsystem/atoms): Initialize(705072)
[16:35:16]Master (/datum/controller/master): Initialize(10, 0)
runtime error: 
[16:35:16]Cannot execute null.add reagent().
[16:35:16]proc name: Initialize (/obj/effect/decal/cleanable/oil/Initialize)
[16:35:16]  source file: robots.dm,52
[16:35:16]  usr: null
[16:35:16]  src: the motor oil (/obj/effect/decal/cleanable/oil)
[16:35:16]  src.loc: null
[16:35:16]  call stack:
[16:35:16]the motor oil (/obj/effect/decal/cleanable/oil): Initialize(1)
[16:35:16]Atoms (/datum/controller/subsystem/atoms): InitAtom(the motor oil (/obj/effect/decal/cleanable/oil), /list (/list))
[16:35:16]Atoms (/datum/controller/subsystem/atoms): InitializeAtoms(null)
[16:35:16]Atoms (/datum/controller/subsystem/atoms): Initialize(705072)
[16:35:16]Master (/datum/controller/master): Initialize(10, 0)
runtime error: 
[16:35:16]Cannot execute null.add reagent().
[16:35:16]proc name: Initialize (/obj/effect/decal/cleanable/blood/gibs/Initialize)
[16:35:16]  source file: humans.dm,57
[16:35:16]  usr: null
[16:35:16]  src: the gibs (/obj/effect/decal/cleanable/blood/gibs/limb)
[16:35:16]  src.loc: null
[16:35:16]  call stack:
[16:35:16]the gibs (/obj/effect/decal/cleanable/blood/gibs/limb): Initialize(1, null)
[16:35:16]Atoms (/datum/controller/subsystem/atoms): InitAtom(the gibs (/obj/effect/decal/cleanable/blood/gibs/limb), /list (/list))
[16:35:16]Atoms (/datum/controller/subsystem/atoms): InitializeAtoms(null)
[16:35:16]Atoms (/datum/controller/subsystem/atoms): Initialize(705072)
[16:35:16]Master (/datum/controller/master): Initialize(10, 0)
runtime error: 
[16:35:16]Cannot execute null.add reagent().
[16:35:16]proc name: Initialize (/obj/effect/decal/cleanable/blood/gibs/Initialize)
[16:35:16]  source file: humans.dm,57
[16:35:16]  usr: null
[16:35:16]  src: the gibs (/obj/effect/decal/cleanable/blood/gibs/torso)
[16:35:16]  src.loc: null
[16:35:16]  call stack:
[16:35:16]the gibs (/obj/effect/decal/cleanable/blood/gibs/torso): Initialize(1, null)
[16:35:16]Atoms (/datum/controller/subsystem/atoms): InitAtom(the gibs (/obj/effect/decal/cleanable/blood/gibs/torso), /list (/list))
[16:35:16]Atoms (/datum/controller/subsystem/atoms): InitializeAtoms(null)
[16:35:16]Atoms (/datum/controller/subsystem/atoms): Initialize(705072)
[16:35:16]Master (/datum/controller/master): Initialize(10, 0)
runtime error: 
[16:35:17]Cannot execute null.add reagent().
[16:35:17]proc name: Initialize (/obj/effect/decal/cleanable/oil/Initialize)
[16:35:17]  source file: robots.dm,52
runtime error: 
[16:35:17]Cannot execute null.add reagent().
[16:35:17]proc name: Initialize (/obj/effect/decal/cleanable/oil/Initialize)
[16:35:17]  source file: robots.dm,52
runtime error: 
[16:35:17]Cannot execute null.add reagent().
[16:35:17]proc name: Initialize (/obj/effect/decal/cleanable/oil/Initialize)
[16:35:17]  source file: robots.dm,52
runtime error: 
[16:35:17]Cannot execute null.add reagent().
[16:35:17]proc name: Initialize (/obj/effect/decal/cleanable/oil/Initialize)
[16:35:17]  source file: robots.dm,52
runtime error: 
[16:35:17]Cannot execute null.add reagent().
[16:35:17]proc name: Initialize (/obj/effect/decal/cleanable/oil/Initialize)
[16:35:17]  source file: robots.dm,52
runtime error: 
[16:35:17]Cannot execute null.add reagent().
[16:35:17]proc name: Initialize (/obj/effect/decal/cleanable/oil/Initialize)
[16:35:17]  source file: robots.dm,52
runtime error: 
[16:35:17]Cannot execute null.add reagent().
[16:35:17]proc name: Initialize (/obj/effect/decal/cleanable/oil/Initialize)
[16:35:17]  source file: robots.dm,52
runtime error: 
[16:35:18]Cannot execute null.add reagent().
[16:35:18]proc name: Initialize (/obj/effect/decal/cleanable/oil/Initialize)
[16:35:18]  source file: robots.dm,52
runtime error: 
[16:35:18]Cannot execute null.add reagent().
[16:35:18]proc name: Initialize (/obj/effect/decal/cleanable/oil/Initialize)
[16:35:18]  source file: robots.dm,52
runtime error: 
[16:35:18]Cannot execute null.add reagent().
[16:35:18]proc name: Initialize (/obj/effect/decal/cleanable/oil/Initialize)
[16:35:18]  source file: robots.dm,52
runtime error: 
[16:35:18]Cannot execute null.add reagent().
[16:35:18]proc name: Initialize (/obj/effect/decal/cleanable/oil/Initialize)
[16:35:18]  source file: robots.dm,52
runtime error: 
[16:35:19]Cannot execute null.add reagent().
[16:35:19]proc name: Initialize (/obj/effect/decal/cleanable/oil/Initialize)
[16:35:19]  source file: robots.dm,52
runtime error: 
[16:35:19]Cannot execute null.add reagent().
[16:35:19]proc name: Initialize (/obj/effect/decal/cleanable/oil/Initialize)
[16:35:19]  source file: robots.dm,52
runtime error: 
[16:35:19]Cannot execute null.add reagent().
[16:35:19]proc name: Initialize (/obj/effect/decal/cleanable/oil/Initialize)
[16:35:19]  source file: robots.dm,52
runtime error: 
[16:35:22]Cannot execute null.add reagent().
[16:35:22]proc name: Initialize (/obj/effect/decal/cleanable/oil/Initialize)
[16:35:22]  source file: robots.dm,52
runtime error: 
[16:35:22]Cannot execute null.add reagent().
[16:35:22]proc name: Initialize (/obj/effect/decal/cleanable/oil/Initialize)
[16:35:22]  source file: robots.dm,52
runtime error: 
[16:35:22]Cannot execute null.add reagent().
[16:35:22]proc name: Initialize (/obj/effect/decal/cleanable/oil/Initialize)
[16:35:22]  source file: robots.dm,52
runtime error: 
[16:35:22]Cannot execute null.add reagent().
[16:35:22]proc name: Initialize (/obj/effect/decal/cleanable/oil/Initialize)
[16:35:22]  source file: robots.dm,52
runtime error: 
[16:35:22]Cannot execute null.add reagent().
[16:35:22]proc name: Initialize (/obj/effect/decal/cleanable/oil/Initialize)
[16:35:22]  source file: robots.dm,52
runtime error: 
[16:35:23]Cannot execute null.add reagent().
[16:35:23]proc name: Initialize (/obj/effect/decal/cleanable/oil/Initialize)
[16:35:23]  source file: robots.dm,52
runtime error: 
[16:35:24]Cannot execute null.add reagent().
[16:35:24]proc name: Initialize (/obj/effect/decal/cleanable/oil/Initialize)
[16:35:24]  source file: robots.dm,52
runtime error: 
[16:35:25]Cannot execute null.add reagent().
[16:35:25]proc name: Initialize (/obj/effect/decal/cleanable/oil/Initialize)
[16:35:25]  source file: robots.dm,52
runtime error: 
[16:35:25]Cannot execute null.add reagent().
[16:35:25]proc name: Initialize (/obj/effect/decal/cleanable/oil/Initialize)
[16:35:25]  source file: robots.dm,52
runtime error: 
[16:35:25]Cannot execute null.add reagent().
[16:35:25]proc name: Initialize (/obj/effect/decal/cleanable/oil/Initialize)
[16:35:25]  source file: robots.dm,52
runtime error: 
[16:35:25]Cannot execute null.add reagent().
[16:35:25]proc name: Initialize (/obj/effect/decal/cleanable/oil/Initialize)
[16:35:25]  source file: robots.dm,52
runtime error: 
[16:35:26]Cannot execute null.add reagent().
[16:35:26]proc name: Initialize (/obj/effect/decal/cleanable/oil/Initialize)
[16:35:26]  source file: robots.dm,52
runtime error: 
[16:35:26]Cannot execute null.add reagent().
[16:35:26]proc name: Initialize (/obj/effect/decal/cleanable/oil/Initialize)
[16:35:26]  source file: robots.dm,52
runtime error: 
[16:35:26]Cannot execute null.add reagent().
[16:35:26]proc name: Initialize (/obj/effect/decal/cleanable/oil/Initialize)
[16:35:26]  source file: robots.dm,52
runtime error: 
[16:35:27]Cannot execute null.add reagent().
[16:35:27]proc name: Initialize (/obj/effect/decal/cleanable/oil/Initialize)
[16:35:27]  source file: robots.dm,52
runtime error: 
[16:35:28]Cannot execute null.add reagent().
[16:35:28]proc name: Initialize (/obj/effect/decal/cleanable/ash/Initialize)
[16:35:28]  source file: misc.dm,16
runtime error: 
[16:35:28]Cannot execute null.add reagent().
[16:35:28]proc name: Initialize (/obj/effect/decal/cleanable/oil/Initialize)
[16:35:28]  source file: robots.dm,52
runtime error: 
[16:35:28]Cannot execute null.add reagent().
[16:35:28]proc name: Initialize (/obj/effect/decal/cleanable/oil/Initialize)
[16:35:28]  source file: robots.dm,52
runtime error: 
[16:35:28]Cannot execute null.add reagent().
[16:35:28]proc name: Initialize (/obj/effect/decal/cleanable/oil/Initialize)
[16:35:28]  source file: robots.dm,52
runtime error: 
[16:35:28]Cannot execute null.add reagent().
[16:35:28]proc name: Initialize (/obj/effect/decal/cleanable/oil/Initialize)
[16:35:28]  source file: robots.dm,52
runtime error: 
[16:35:28]Cannot execute null.add reagent().
[16:35:28]proc name: Initialize (/obj/effect/decal/cleanable/oil/Initialize)
[16:35:28]  source file: robots.dm,52
runtime error: 
[16:35:29]Cannot execute null.add reagent().
[16:35:29]proc name: Initialize (/obj/effect/decal/cleanable/blood/gibs/Initialize)
[16:35:29]  source file: humans.dm,57
runtime error: 
[16:35:29]Cannot execute null.add reagent().
[16:35:29]proc name: Initialize (/obj/effect/decal/cleanable/blood/gibs/Initialize)
[16:35:29]  source file: humans.dm,57
runtime error: 
[16:35:29]Cannot execute null.add reagent().
[16:35:29]proc name: Initialize (/obj/effect/decal/cleanable/blood/gibs/Initialize)
[16:35:29]  source file: humans.dm,57
runtime error: 
[16:35:29]Cannot execute null.add reagent().
[16:35:29]proc name: Initialize (/obj/effect/decal/cleanable/blood/gibs/Initialize)
[16:35:29]  source file: humans.dm,57
runtime error: 
[16:35:29]Cannot execute null.add reagent().
[16:35:29]proc name: Initialize (/obj/effect/decal/cleanable/blood/gibs/Initialize)
[16:35:29]  source file: humans.dm,57
runtime error: 
[16:35:29]Cannot execute null.add reagent().
[16:35:29]proc name: Initialize (/obj/effect/decal/cleanable/blood/gibs/Initialize)
[16:35:29]  source file: humans.dm,57
runtime error: 
[16:35:29]Cannot execute null.add reagent().
[16:35:29]proc name: Initialize (/obj/effect/decal/cleanable/blood/gibs/Initialize)
[16:35:29]  source file: humans.dm,57
runtime error: 
[16:35:29]Cannot execute null.add reagent().
[16:35:29]proc name: Initialize (/obj/effect/decal/cleanable/blood/gibs/Initialize)
[16:35:29]  source file: humans.dm,57
runtime error: 
[16:35:29]Cannot execute null.add reagent().
[16:35:29]proc name: Initialize (/obj/effect/decal/cleanable/blood/gibs/Initialize)
[16:35:29]  source file: humans.dm,57
runtime error: 
[16:35:29]Cannot execute null.add reagent().
[16:35:29]proc name: Initialize (/obj/effect/decal/cleanable/blood/gibs/Initialize)
[16:35:29]  source file: humans.dm,57
runtime error: 
[16:35:29]Cannot execute null.add reagent().
[16:35:29]proc name: Initialize (/obj/effect/decal/cleanable/blood/gibs/Initialize)
[16:35:29]  source file: humans.dm,57
runtime error: 
[16:35:29]Cannot execute null.add reagent().
[16:35:29]proc name: Initialize (/obj/effect/decal/cleanable/blood/gibs/Initialize)
[16:35:29]  source file: humans.dm,57
runtime error: 
[16:35:29]Cannot execute null.add reagent().
[16:35:29]proc name: Initialize (/obj/effect/decal/cleanable/blood/gibs/Initialize)
[16:35:29]  source file: humans.dm,57
runtime error: 
[16:35:29]Cannot execute null.add reagent().
[16:35:29]proc name: Initialize (/obj/effect/decal/cleanable/blood/gibs/Initialize)
[16:35:29]  source file: humans.dm,57
runtime error: 
[16:35:30]Cannot execute null.add reagent().
[16:35:30]proc name: Initialize (/obj/effect/decal/cleanable/oil/Initialize)
[16:35:30]  source file: robots.dm,52
runtime error: 
[16:35:30]Cannot execute null.add reagent().
[16:35:30]proc name: Initialize (/obj/effect/decal/cleanable/oil/Initialize)
[16:35:30]  source file: robots.dm,52
runtime error: 
[16:35:30]Cannot execute null.add reagent().
[16:35:30]proc name: Initialize (/obj/effect/decal/cleanable/oil/Initialize)
[16:35:30]  source file: robots.dm,52
runtime error: 
[16:35:30]Cannot execute null.add reagent().
[16:35:30]proc name: Initialize (/obj/effect/decal/cleanable/oil/Initialize)
[16:35:30]  source file: robots.dm,52
runtime error: 
[16:35:30]Cannot execute null.add reagent().
[16:35:30]proc name: Initialize (/obj/effect/decal/cleanable/oil/Initialize)
[16:35:30]  source file: robots.dm,52
runtime error: 
[16:35:30]Cannot execute null.add reagent().
[16:35:30]proc name: Initialize (/obj/effect/decal/cleanable/oil/Initialize)
[16:35:30]  source file: robots.dm,52
runtime error: 
[16:35:30]Cannot execute null.add reagent().
[16:35:30]proc name: Initialize (/obj/effect/decal/cleanable/oil/Initialize)
[16:35:30]  source file: robots.dm,52
runtime error: 
[16:35:30]Cannot execute null.add reagent().
[16:35:30]proc name: Initialize (/obj/effect/decal/cleanable/ash/Initialize)
[16:35:30]  source file: misc.dm,16
runtime error: 
[16:35:30]Cannot execute null.add reagent().
[16:35:30]proc name: Initialize (/obj/effect/decal/cleanable/oil/Initialize)
[16:35:30]  source file: robots.dm,52
runtime error: 
[16:35:30]Cannot execute null.add reagent().
[16:35:30]proc name: Initialize (/obj/effect/decal/cleanable/oil/Initialize)
[16:35:30]  source file: robots.dm,52
runtime error: 
[16:35:30]Cannot execute null.add reagent().
[16:35:30]proc name: Initialize (/obj/effect/decal/cleanable/oil/Initialize)
[16:35:30]  source file: robots.dm,52
