

Starting up round ID . 13:44:15
---------------------
Initialized Blackbox subsystem within 0 seconds!
Initialized Server Tasks subsystem within 0 seconds!
Initialized Events subsystem within 0 seconds!
runtime error: 
[13:44:16]cannot read from list
[13:44:16]proc name: LoadJobs (/datum/controller/subsystem/job/proc/LoadJobs)
[13:44:16]  source file: job.dm,448
[13:44:16]  usr: null
[13:44:16]  src: Jobs (/datum/controller/subsystem/job)
[13:44:16]  call stack:
[13:44:16]Jobs (/datum/controller/subsystem/job): LoadJobs()
[13:44:16]Jobs (/datum/controller/subsystem/job): Initialize(602567)
[13:44:16]Master (/datum/controller/master): Initialize(10, 0)
Initialized Jobs subsystem within 0.1 seconds!
Initialized Ticker subsystem within 0 seconds!
Loading Delta Station...
runtime error: 
[13:46:18]Cannot execute /datum/plant_gene/trait/glow (/datum/plant_gene/trait/glow).glow range().
[13:46:18]proc name: New (/obj/structure/glowshroom/New)
[13:46:18]  source file: glowshroom.dm,63
[13:46:18]  usr: null
[13:46:18]  src: the glowshroom (/obj/structure/glowshroom/single)
[13:46:18]  src.loc: Cave Floor (303,71,2) (/turf/open/floor/plating/asteroid)
[13:46:18]  call stack:
[13:46:18]the glowshroom (/obj/structure/glowshroom/single): New(Cave Floor (303,71,2) (/turf/open/floor/plating/asteroid), null, null)
[13:46:18]/dmm_suite (/dmm_suite): create atom(/obj/structure/glowshroom/sing... (/obj/structure/glowshroom/single), Cave Floor (303,71,2) (/turf/open/floor/plating/asteroid))
[13:46:18]/dmm_suite (/dmm_suite): instance atom(/obj/structure/glowshroom/sing... (/obj/structure/glowshroom/single), /list (/list), Cave Floor (303,71,2) (/turf/open/floor/plating/asteroid), 1)
[13:46:18]/dmm_suite (/dmm_suite): parse grid("/obj/structure/glowshroom/sing...", "eDX", 303, 71, 2, 1)
[13:46:18]/dmm_suite (/dmm_suite): load map impl(_maps/map_files/Deltastation/D..., 1, 1, 2, null, null, 1, -1e+031, 1e+031, -1e+031, 1e+031)
[13:46:18]/dmm_suite (/dmm_suite): load map(_maps/map_files/Deltastation/D..., 0, 0, 2, null, null, 1, null, null, null, null)
[13:46:18]Mapping (/datum/controller/subsystem/mapping): TryLoadZ("_maps/map_files/Deltastation/D...", /list (/list), 2, null)
[13:46:18]Mapping (/datum/controller/subsystem/mapping): loadWorld()
[13:46:18]Mapping (/datum/controller/subsystem/mapping): Initialize(602569)
[13:46:18]Master (/datum/controller/master): Initialize(10, 0)
runtime error: 
[13:46:18]Cannot execute /datum/plant_gene/trait/glow (/datum/plant_gene/trait/glow).glow range().
[13:46:18]proc name: New (/obj/structure/glowshroom/New)
[13:46:18]  source file: glowshroom.dm,63
[13:46:18]  usr: null
[13:46:18]  src: the glowshroom (/obj/structure/glowshroom/single)
[13:46:18]  src.loc: Cave Floor (306,70,2) (/turf/open/floor/plating/asteroid)
[13:46:18]  call stack:
[13:46:18]the glowshroom (/obj/structure/glowshroom/single): New(Cave Floor (306,70,2) (/turf/open/floor/plating/asteroid), null, null)
[13:46:18]/dmm_suite (/dmm_suite): create atom(/obj/structure/glowshroom/sing... (/obj/structure/glowshroom/single), Cave Floor (306,70,2) (/turf/open/floor/plating/asteroid))
[13:46:18]/dmm_suite (/dmm_suite): instance atom(/obj/structure/glowshroom/sing... (/obj/structure/glowshroom/single), /list (/list), Cave Floor (306,70,2) (/turf/open/floor/plating/asteroid), 1)
[13:46:18]/dmm_suite (/dmm_suite): parse grid("/obj/structure/glowshroom/sing...", "eDX", 306, 70, 2, 1)
[13:46:18]/dmm_suite (/dmm_suite): load map impl(_maps/map_files/Deltastation/D..., 1, 1, 2, null, null, 1, -1e+031, 1e+031, -1e+031, 1e+031)
[13:46:18]/dmm_suite (/dmm_suite): load map(_maps/map_files/Deltastation/D..., 0, 0, 2, null, null, 1, null, null, null, null)
[13:46:18]Mapping (/datum/controller/subsystem/mapping): TryLoadZ("_maps/map_files/Deltastation/D...", /list (/list), 2, null)
[13:46:18]Mapping (/datum/controller/subsystem/mapping): loadWorld()
[13:46:18]Mapping (/datum/controller/subsystem/mapping): Initialize(602569)
[13:46:18]Master (/datum/controller/master): Initialize(10, 0)
runtime error: 
[13:46:18]Cannot execute /datum/plant_gene/trait/glow (/datum/plant_gene/trait/glow).glow range().
[13:46:18]proc name: New (/obj/structure/glowshroom/New)
[13:46:18]  source file: glowshroom.dm,63
[13:46:18]  usr: null
[13:46:18]  src: the glowshroom (/obj/structure/glowshroom/single)
[13:46:18]  src.loc: Cave Floor (309,70,2) (/turf/open/floor/plating/asteroid)
[13:46:18]  call stack:
[13:46:18]the glowshroom (/obj/structure/glowshroom/single): New(Cave Floor (309,70,2) (/turf/open/floor/plating/asteroid), null, null)
[13:46:18]/dmm_suite (/dmm_suite): create atom(/obj/structure/glowshroom/sing... (/obj/structure/glowshroom/single), Cave Floor (309,70,2) (/turf/open/floor/plating/asteroid))
[13:46:18]/dmm_suite (/dmm_suite): instance atom(/obj/structure/glowshroom/sing... (/obj/structure/glowshroom/single), /list (/list), Cave Floor (309,70,2) (/turf/open/floor/plating/asteroid), 1)
[13:46:18]/dmm_suite (/dmm_suite): parse grid("/obj/structure/glowshroom/sing...", "eDX", 309, 70, 2, 1)
[13:46:18]/dmm_suite (/dmm_suite): load map impl(_maps/map_files/Deltastation/D..., 1, 1, 2, null, null, 1, -1e+031, 1e+031, -1e+031, 1e+031)
[13:46:18]/dmm_suite (/dmm_suite): load map(_maps/map_files/Deltastation/D..., 0, 0, 2, null, null, 1, null, null, null, null)
[13:46:18]Mapping (/datum/controller/subsystem/mapping): TryLoadZ("_maps/map_files/Deltastation/D...", /list (/list), 2, null)
[13:46:18]Mapping (/datum/controller/subsystem/mapping): loadWorld()
[13:46:18]Mapping (/datum/controller/subsystem/mapping): Initialize(602569)
[13:46:18]Master (/datum/controller/master): Initialize(10, 0)
runtime error: 
[13:46:18]Cannot execute /datum/plant_gene/trait/glow (/datum/plant_gene/trait/glow).glow range().
[13:46:18]proc name: New (/obj/structure/glowshroom/New)
[13:46:18]  source file: glowshroom.dm,63
[13:46:18]  usr: null
[13:46:18]  src: the glowshroom (/obj/structure/glowshroom/single)
[13:46:18]  src.loc: Cave Floor (302,69,2) (/turf/open/floor/plating/asteroid)
[13:46:18]  call stack:
[13:46:18]the glowshroom (/obj/structure/glowshroom/single): New(Cave Floor (302,69,2) (/turf/open/floor/plating/asteroid), null, null)
[13:46:18]/dmm_suite (/dmm_suite): create atom(/obj/structure/glowshroom/sing... (/obj/structure/glowshroom/single), Cave Floor (302,69,2) (/turf/open/floor/plating/asteroid))
[13:46:18]/dmm_suite (/dmm_suite): instance atom(/obj/structure/glowshroom/sing... (/obj/structure/glowshroom/single), /list (/list), Cave Floor (302,69,2) (/turf/open/floor/plating/asteroid), 1)
[13:46:18]/dmm_suite (/dmm_suite): parse grid("/obj/structure/glowshroom/sing...", "eDX", 302, 69, 2, 1)
[13:46:18]/dmm_suite (/dmm_suite): load map impl(_maps/map_files/Deltastation/D..., 1, 1, 2, null, null, 1, -1e+031, 1e+031, -1e+031, 1e+031)
[13:46:18]/dmm_suite (/dmm_suite): load map(_maps/map_files/Deltastation/D..., 0, 0, 2, null, null, 1, null, null, null, null)
[13:46:18]Mapping (/datum/controller/subsystem/mapping): TryLoadZ("_maps/map_files/Deltastation/D...", /list (/list), 2, null)
[13:46:18]Mapping (/datum/controller/subsystem/mapping): loadWorld()
[13:46:18]Mapping (/datum/controller/subsystem/mapping): Initialize(602569)
[13:46:18]Master (/datum/controller/master): Initialize(10, 0)
runtime error: 
[13:46:19]Cannot execute /datum/plant_gene/trait/glow (/datum/plant_gene/trait/glow).glow range().
[13:46:19]proc name: New (/obj/structure/glowshroom/New)
[13:46:19]  source file: glowshroom.dm,63
[13:46:19]  usr: null
[13:46:19]  src: the glowshroom (/obj/structure/glowshroom/single)
[13:46:19]  src.loc: Cave Floor (296,55,2) (/turf/open/floor/plating/asteroid)
[13:46:19]  call stack:
[13:46:19]the glowshroom (/obj/structure/glowshroom/single): New(Cave Floor (296,55,2) (/turf/open/floor/plating/asteroid), null, null)
[13:46:19]/dmm_suite (/dmm_suite): create atom(/obj/structure/glowshroom/sing... (/obj/structure/glowshroom/single), Cave Floor (296,55,2) (/turf/open/floor/plating/asteroid))
[13:46:19]/dmm_suite (/dmm_suite): instance atom(/obj/structure/glowshroom/sing... (/obj/structure/glowshroom/single), /list (/list), Cave Floor (296,55,2) (/turf/open/floor/plating/asteroid), 1)
[13:46:19]/dmm_suite (/dmm_suite): parse grid("/obj/structure/glowshroom/sing...", "eIx", 296, 55, 2, 1)
[13:46:19]/dmm_suite (/dmm_suite): load map impl(_maps/map_files/Deltastation/D..., 1, 1, 2, null, null, 1, -1e+031, 1e+031, -1e+031, 1e+031)
[13:46:19]/dmm_suite (/dmm_suite): load map(_maps/map_files/Deltastation/D..., 0, 0, 2, null, null, 1, null, null, null, null)
[13:46:19]Mapping (/datum/controller/subsystem/mapping): TryLoadZ("_maps/map_files/Deltastation/D...", /list (/list), 2, null)
[13:46:19]Mapping (/datum/controller/subsystem/mapping): loadWorld()
[13:46:19]Mapping (/datum/controller/subsystem/mapping): Initialize(602569)
[13:46:19]Master (/datum/controller/master): Initialize(10, 0)
runtime error: 
[13:46:19]Cannot execute /datum/plant_gene/trait/glow (/datum/plant_gene/trait/glow).glow range().
[13:46:19]proc name: New (/obj/structure/glowshroom/New)
[13:46:19]  source file: glowshroom.dm,63
[13:46:19]  usr: null
[13:46:19]  src: the glowshroom (/obj/structure/glowshroom/single)
[13:46:19]  src.loc: Cave Floor (299,55,2) (/turf/open/floor/plating/asteroid)
[13:46:19]  call stack:
[13:46:19]the glowshroom (/obj/structure/glowshroom/single): New(Cave Floor (299,55,2) (/turf/open/floor/plating/asteroid), null, null)
[13:46:19]/dmm_suite (/dmm_suite): create atom(/obj/structure/glowshroom/sing... (/obj/structure/glowshroom/single), Cave Floor (299,55,2) (/turf/open/floor/plating/asteroid))
[13:46:19]/dmm_suite (/dmm_suite): instance atom(/obj/structure/glowshroom/sing... (/obj/structure/glowshroom/single), /list (/list), Cave Floor (299,55,2) (/turf/open/floor/plating/asteroid), 1)
[13:46:19]/dmm_suite (/dmm_suite): parse grid("/obj/structure/glowshroom/sing...", "eIx", 299, 55, 2, 1)
[13:46:19]/dmm_suite (/dmm_suite): load map impl(_maps/map_files/Deltastation/D..., 1, 1, 2, null, null, 1, -1e+031, 1e+031, -1e+031, 1e+031)
[13:46:19]/dmm_suite (/dmm_suite): load map(_maps/map_files/Deltastation/D..., 0, 0, 2, null, null, 1, null, null, null, null)
[13:46:19]Mapping (/datum/controller/subsystem/mapping): TryLoadZ("_maps/map_files/Deltastation/D...", /list (/list), 2, null)
[13:46:19]Mapping (/datum/controller/subsystem/mapping): loadWorld()
[13:46:19]Mapping (/datum/controller/subsystem/mapping): Initialize(602569)
[13:46:19]Master (/datum/controller/master): Initialize(10, 0)
runtime error: 
[13:46:19]Cannot execute /datum/plant_gene/trait/glow (/datum/plant_gene/trait/glow).glow range().
[13:46:19]proc name: New (/obj/structure/glowshroom/New)
[13:46:19]  source file: glowshroom.dm,63
[13:46:19]  usr: null
[13:46:19]  src: the glowshroom (/obj/structure/glowshroom/single)
[13:46:19]  src.loc: Cave Floor (283,53,2) (/turf/open/floor/plating/asteroid)
[13:46:19]  call stack:
[13:46:19]the glowshroom (/obj/structure/glowshroom/single): New(Cave Floor (283,53,2) (/turf/open/floor/plating/asteroid), null, null)
[13:46:19]/dmm_suite (/dmm_suite): create atom(/obj/structure/glowshroom/sing... (/obj/structure/glowshroom/single), Cave Floor (283,53,2) (/turf/open/floor/plating/asteroid))
[13:46:19]/dmm_suite (/dmm_suite): instance atom(/obj/structure/glowshroom/sing... (/obj/structure/glowshroom/single), /list (/list), Cave Floor (283,53,2) (/turf/open/floor/plating/asteroid), 1)
[13:46:19]/dmm_suite (/dmm_suite): parse grid("/obj/structure/glowshroom/sing...", "eIx", 283, 53, 2, 1)
[13:46:19]/dmm_suite (/dmm_suite): load map impl(_maps/map_files/Deltastation/D..., 1, 1, 2, null, null, 1, -1e+031, 1e+031, -1e+031, 1e+031)
[13:46:19]/dmm_suite (/dmm_suite): load map(_maps/map_files/Deltastation/D..., 0, 0, 2, null, null, 1, null, null, null, null)
[13:46:19]Mapping (/datum/controller/subsystem/mapping): TryLoadZ("_maps/map_files/Deltastation/D...", /list (/list), 2, null)
[13:46:19]Mapping (/datum/controller/subsystem/mapping): loadWorld()
[13:46:19]Mapping (/datum/controller/subsystem/mapping): Initialize(602569)
[13:46:19]Master (/datum/controller/master): Initialize(10, 0)
runtime error: 
[13:46:19]Cannot execute /datum/plant_gene/trait/glow (/datum/plant_gene/trait/glow).glow range().
[13:46:19]proc name: New (/obj/structure/glowshroom/New)
[13:46:19]  source file: glowshroom.dm,63
[13:46:19]  usr: null
[13:46:19]  src: the glowshroom (/obj/structure/glowshroom/single)
[13:46:19]  src.loc: Cave Floor (302,53,2) (/turf/open/floor/plating/asteroid)
[13:46:19]  call stack:
[13:46:19]the glowshroom (/obj/structure/glowshroom/single): New(Cave Floor (302,53,2) (/turf/open/floor/plating/asteroid), null, null)
[13:46:19]/dmm_suite (/dmm_suite): create atom(/obj/structure/glowshroom/sing... (/obj/structure/glowshroom/single), Cave Floor (302,53,2) (/turf/open/floor/plating/asteroid))
[13:46:19]/dmm_suite (/dmm_suite): instance atom(/obj/structure/glowshroom/sing... (/obj/structure/glowshroom/single), /list (/list), Cave Floor (302,53,2) (/turf/open/floor/plating/asteroid), 1)
[13:46:19]/dmm_suite (/dmm_suite): parse grid("/obj/structure/glowshroom/sing...", "eIx", 302, 53, 2, 1)
[13:46:19]/dmm_suite (/dmm_suite): load map impl(_maps/map_files/Deltastation/D..., 1, 1, 2, null, null, 1, -1e+031, 1e+031, -1e+031, 1e+031)
[13:46:19]/dmm_suite (/dmm_suite): load map(_maps/map_files/Deltastation/D..., 0, 0, 2, null, null, 1, null, null, null, null)
[13:46:19]Mapping (/datum/controller/subsystem/mapping): TryLoadZ("_maps/map_files/Deltastation/D...", /list (/list), 2, null)
[13:46:19]Mapping (/datum/controller/subsystem/mapping): loadWorld()
[13:46:19]Mapping (/datum/controller/subsystem/mapping): Initialize(602569)
[13:46:19]Master (/datum/controller/master): Initialize(10, 0)
runtime error: 
[13:46:19]Cannot execute /datum/plant_gene/trait/glow (/datum/plant_gene/trait/glow).glow range().
[13:46:19]proc name: New (/obj/structure/glowshroom/New)
[13:46:19]  source file: glowshroom.dm,63
[13:46:19]  usr: null
[13:46:19]  src: the glowshroom (/obj/structure/glowshroom/single)
[13:46:19]  src.loc: Cave Floor (276,52,2) (/turf/open/floor/plating/asteroid)
[13:46:19]  call stack:
[13:46:19]the glowshroom (/obj/structure/glowshroom/single): New(Cave Floor (276,52,2) (/turf/open/floor/plating/asteroid), null, null)
[13:46:19]/dmm_suite (/dmm_suite): create atom(/obj/structure/glowshroom/sing... (/obj/structure/glowshroom/single), Cave Floor (276,52,2) (/turf/open/floor/plating/asteroid))
[13:46:19]/dmm_suite (/dmm_suite): instance atom(/obj/structure/glowshroom/sing... (/obj/structure/glowshroom/single), /list (/list), Cave Floor (276,52,2) (/turf/open/floor/plating/asteroid), 1)
[13:46:19]/dmm_suite (/dmm_suite): parse grid("/obj/structure/glowshroom/sing...", "eIx", 276, 52, 2, 1)
[13:46:19]/dmm_suite (/dmm_suite): load map impl(_maps/map_files/Deltastation/D..., 1, 1, 2, null, null, 1, -1e+031, 1e+031, -1e+031, 1e+031)
[13:46:19]/dmm_suite (/dmm_suite): load map(_maps/map_files/Deltastation/D..., 0, 0, 2, null, null, 1, null, null, null, null)
[13:46:19]Mapping (/datum/controller/subsystem/mapping): TryLoadZ("_maps/map_files/Deltastation/D...", /list (/list), 2, null)
[13:46:19]Mapping (/datum/controller/subsystem/mapping): loadWorld()
[13:46:19]Mapping (/datum/controller/subsystem/mapping): Initialize(602569)
[13:46:19]Master (/datum/controller/master): Initialize(10, 0)
runtime error: 
[13:46:19]Cannot execute /datum/plant_gene/trait/glow (/datum/plant_gene/trait/glow).glow range().
[13:46:19]proc name: New (/obj/structure/glowshroom/New)
[13:46:19]  source file: glowshroom.dm,63
[13:46:19]  usr: null
[13:46:19]  src: the glowshroom (/obj/structure/glowshroom/single)
[13:46:19]  src.loc: Cave Floor (292,51,2) (/turf/open/floor/plating/asteroid)
[13:46:19]  call stack:
[13:46:19]the glowshroom (/obj/structure/glowshroom/single): New(Cave Floor (292,51,2) (/turf/open/floor/plating/asteroid), null, null)
[13:46:19]/dmm_suite (/dmm_suite): create atom(/obj/structure/glowshroom/sing... (/obj/structure/glowshroom/single), Cave Floor (292,51,2) (/turf/open/floor/plating/asteroid))
[13:46:19]/dmm_suite (/dmm_suite): instance atom(/obj/structure/glowshroom/sing... (/obj/structure/glowshroom/single), /list (/list), Cave Floor (292,51,2) (/turf/open/floor/plating/asteroid), 1)
[13:46:19]/dmm_suite (/dmm_suite): parse grid("/obj/structure/glowshroom/sing...", "eIx", 292, 51, 2, 1)
[13:46:19]/dmm_suite (/dmm_suite): load map impl(_maps/map_files/Deltastation/D..., 1, 1, 2, null, null, 1, -1e+031, 1e+031, -1e+031, 1e+031)
[13:46:19]/dmm_suite (/dmm_suite): load map(_maps/map_files/Deltastation/D..., 0, 0, 2, null, null, 1, null, null, null, null)
[13:46:19]Mapping (/datum/controller/subsystem/mapping): TryLoadZ("_maps/map_files/Deltastation/D...", /list (/list), 2, null)
[13:46:19]Mapping (/datum/controller/subsystem/mapping): loadWorld()
[13:46:19]Mapping (/datum/controller/subsystem/mapping): Initialize(602569)
[13:46:19]Master (/datum/controller/master): Initialize(10, 0)
runtime error: 
[13:46:19]Cannot execute /datum/plant_gene/trait/glow (/datum/plant_gene/trait/glow).glow range().
[13:46:19]proc name: New (/obj/structure/glowshroom/New)
[13:46:19]  source file: glowshroom.dm,63
[13:46:19]  usr: null
[13:46:19]  src: the glowshroom (/obj/structure/glowshroom/single)
[13:46:19]  src.loc: Cave Floor (295,51,2) (/turf/open/floor/plating/asteroid)
[13:46:19]  call stack:
[13:46:19]the glowshroom (/obj/structure/glowshroom/single): New(Cave Floor (295,51,2) (/turf/open/floor/plating/asteroid), null, null)
[13:46:19]/dmm_suite (/dmm_suite): create atom(/obj/structure/glowshroom/sing... (/obj/structure/glowshroom/single), Cave Floor (295,51,2) (/turf/open/floor/plating/asteroid))
[13:46:19]/dmm_suite (/dmm_suite): instance atom(/obj/structure/glowshroom/sing... (/obj/structure/glowshroom/single), /list (/list), Cave Floor (295,51,2) (/turf/open/floor/plating/asteroid), 1)
[13:46:19]/dmm_suite (/dmm_suite): parse grid("/obj/structure/glowshroom/sing...", "eIx", 295, 51, 2, 1)
[13:46:19]/dmm_suite (/dmm_suite): load map impl(_maps/map_files/Deltastation/D..., 1, 1, 2, null, null, 1, -1e+031, 1e+031, -1e+031, 1e+031)
[13:46:19]/dmm_suite (/dmm_suite): load map(_maps/map_files/Deltastation/D..., 0, 0, 2, null, null, 1, null, null, null, null)
[13:46:19]Mapping (/datum/controller/subsystem/mapping): TryLoadZ("_maps/map_files/Deltastation/D...", /list (/list), 2, null)
[13:46:19]Mapping (/datum/controller/subsystem/mapping): loadWorld()
[13:46:19]Mapping (/datum/controller/subsystem/mapping): Initialize(602569)
[13:46:19]Master (/datum/controller/master): Initialize(10, 0)
runtime error: 
[13:46:19]Cannot execute /datum/plant_gene/trait/glow (/datum/plant_gene/trait/glow).glow range().
[13:46:19]proc name: New (/obj/structure/glowshroom/New)
[13:46:19]  source file: glowshroom.dm,63
[13:46:19]  usr: null
[13:46:19]  src: the glowshroom (/obj/structure/glowshroom/single)
[13:46:19]  src.loc: Cave Floor (258,49,2) (/turf/open/floor/plating/asteroid)
[13:46:19]  call stack:
[13:46:19]the glowshroom (/obj/structure/glowshroom/single): New(Cave Floor (258,49,2) (/turf/open/floor/plating/asteroid), null, null)
[13:46:19]/dmm_suite (/dmm_suite): create atom(/obj/structure/glowshroom/sing... (/obj/structure/glowshroom/single), Cave Floor (258,49,2) (/turf/open/floor/plating/asteroid))
[13:46:19]/dmm_suite (/dmm_suite): instance atom(/obj/structure/glowshroom/sing... (/obj/structure/glowshroom/single), /list (/list), Cave Floor (258,49,2) (/turf/open/floor/plating/asteroid), 1)
[13:46:19]/dmm_suite (/dmm_suite): parse grid("/obj/structure/glowshroom/sing...", "eIx", 258, 49, 2, 1)
[13:46:19]/dmm_suite (/dmm_suite): load map impl(_maps/map_files/Deltastation/D..., 1, 1, 2, null, null, 1, -1e+031, 1e+031, -1e+031, 1e+031)
[13:46:19]/dmm_suite (/dmm_suite): load map(_maps/map_files/Deltastation/D..., 0, 0, 2, null, null, 1, null, null, null, null)
[13:46:19]Mapping (/datum/controller/subsystem/mapping): TryLoadZ("_maps/map_files/Deltastation/D...", /list (/list), 2, null)
[13:46:19]Mapping (/datum/controller/subsystem/mapping): loadWorld()
[13:46:19]Mapping (/datum/controller/subsystem/mapping): Initialize(602569)
[13:46:19]Master (/datum/controller/master): Initialize(10, 0)
runtime error: 
[13:46:19]Cannot execute /datum/plant_gene/trait/glow (/datum/plant_gene/trait/glow).glow range().
[13:46:19]proc name: New (/obj/structure/glowshroom/New)
[13:46:19]  source file: glowshroom.dm,63
[13:46:19]  usr: null
[13:46:19]  src: the glowshroom (/obj/structure/glowshroom/single)
[13:46:19]  src.loc: Cave Floor (275,49,2) (/turf/open/floor/plating/asteroid)
[13:46:19]  call stack:
[13:46:19]the glowshroom (/obj/structure/glowshroom/single): New(Cave Floor (275,49,2) (/turf/open/floor/plating/asteroid), null, null)
[13:46:19]/dmm_suite (/dmm_suite): create atom(/obj/structure/glowshroom/sing... (/obj/structure/glowshroom/single), Cave Floor (275,49,2) (/turf/open/floor/plating/asteroid))
[13:46:19]/dmm_suite (/dmm_suite): instance atom(/obj/structure/glowshroom/sing... (/obj/structure/glowshroom/single), /list (/list), Cave Floor (275,49,2) (/turf/open/floor/plating/asteroid), 1)
[13:46:19]/dmm_suite (/dmm_suite): parse grid("/obj/structure/glowshroom/sing...", "eIx", 275, 49, 2, 1)
[13:46:19]/dmm_suite (/dmm_suite): load map impl(_maps/map_files/Deltastation/D..., 1, 1, 2, null, null, 1, -1e+031, 1e+031, -1e+031, 1e+031)
[13:46:19]/dmm_suite (/dmm_suite): load map(_maps/map_files/Deltastation/D..., 0, 0, 2, null, null, 1, null, null, null, null)
[13:46:19]Mapping (/datum/controller/subsystem/mapping): TryLoadZ("_maps/map_files/Deltastation/D...", /list (/list), 2, null)
[13:46:19]Mapping (/datum/controller/subsystem/mapping): loadWorld()
[13:46:19]Mapping (/datum/controller/subsystem/mapping): Initialize(602569)
[13:46:19]Master (/datum/controller/master): Initialize(10, 0)
runtime error: 
[13:46:20]Cannot execute /datum/plant_gene/trait/glow (/datum/plant_gene/trait/glow).glow range().
[13:46:20]proc name: New (/obj/structure/glowshroom/New)
[13:46:20]  source file: glowshroom.dm,63
[13:46:20]  usr: null
[13:46:20]  src: the glowshroom (/obj/structure/glowshroom/single)
[13:46:20]  src.loc: Cave Floor (261,48,2) (/turf/open/floor/plating/asteroid)
[13:46:20]  call stack:
[13:46:20]the glowshroom (/obj/structure/glowshroom/single): New(Cave Floor (261,48,2) (/turf/open/floor/plating/asteroid), null, null)
[13:46:20]/dmm_suite (/dmm_suite): create atom(/obj/structure/glowshroom/sing... (/obj/structure/glowshroom/single), Cave Floor (261,48,2) (/turf/open/floor/plating/asteroid))
[13:46:20]/dmm_suite (/dmm_suite): instance atom(/obj/structure/glowshroom/sing... (/obj/structure/glowshroom/single), /list (/list), Cave Floor (261,48,2) (/turf/open/floor/plating/asteroid), 1)
[13:46:20]/dmm_suite (/dmm_suite): parse grid("/obj/structure/glowshroom/sing...", "eIx", 261, 48, 2, 1)
[13:46:20]/dmm_suite (/dmm_suite): load map impl(_maps/map_files/Deltastation/D..., 1, 1, 2, null, null, 1, -1e+031, 1e+031, -1e+031, 1e+031)
[13:46:20]/dmm_suite (/dmm_suite): load map(_maps/map_files/Deltastation/D..., 0, 0, 2, null, null, 1, null, null, null, null)
[13:46:20]Mapping (/datum/controller/subsystem/mapping): TryLoadZ("_maps/map_files/Deltastation/D...", /list (/list), 2, null)
[13:46:20]Mapping (/datum/controller/subsystem/mapping): loadWorld()
[13:46:20]Mapping (/datum/controller/subsystem/mapping): Initialize(602569)
[13:46:20]Master (/datum/controller/master): Initialize(10, 0)
runtime error: 
[13:46:20]Cannot execute /datum/plant_gene/trait/glow (/datum/plant_gene/trait/glow).glow range().
[13:46:20]proc name: New (/obj/structure/glowshroom/New)
[13:46:20]  source file: glowshroom.dm,63
[13:46:20]  usr: null
[13:46:20]  src: the glowshroom (/obj/structure/glowshroom/single)
[13:46:20]  src.loc: Cave Floor (292,48,2) (/turf/open/floor/plating/asteroid)
[13:46:20]  call stack:
[13:46:20]the glowshroom (/obj/structure/glowshroom/single): New(Cave Floor (292,48,2) (/turf/open/floor/plating/asteroid), null, null)
[13:46:20]/dmm_suite (/dmm_suite): create atom(/obj/structure/glowshroom/sing... (/obj/structure/glowshroom/single), Cave Floor (292,48,2) (/turf/open/floor/plating/asteroid))
[13:46:20]/dmm_suite (/dmm_suite): instance atom(/obj/structure/glowshroom/sing... (/obj/structure/glowshroom/single), /list (/list), Cave Floor (292,48,2) (/turf/open/floor/plating/asteroid), 1)
[13:46:20]/dmm_suite (/dmm_suite): parse grid("/obj/structure/glowshroom/sing...", "eIx", 292, 48, 2, 1)
[13:46:20]/dmm_suite (/dmm_suite): load map impl(_maps/map_files/Deltastation/D..., 1, 1, 2, null, null, 1, -1e+031, 1e+031, -1e+031, 1e+031)
[13:46:20]/dmm_suite (/dmm_suite): load map(_maps/map_files/Deltastation/D..., 0, 0, 2, null, null, 1, null, null, null, null)
[13:46:20]Mapping (/datum/controller/subsystem/mapping): TryLoadZ("_maps/map_files/Deltastation/D...", /list (/list), 2, null)
[13:46:20]Mapping (/datum/controller/subsystem/mapping): loadWorld()
[13:46:20]Mapping (/datum/controller/subsystem/mapping): Initialize(602569)
[13:46:20]Master (/datum/controller/master): Initialize(10, 0)
runtime error: 
[13:46:20]Cannot execute /datum/plant_gene/trait/glow (/datum/plant_gene/trait/glow).glow range().
[13:46:20]proc name: New (/obj/structure/glowshroom/New)
[13:46:20]  source file: glowshroom.dm,63
runtime error: 
[13:46:20]Cannot execute /datum/plant_gene/trait/glow (/datum/plant_gene/trait/glow).glow range().
[13:46:20]proc name: New (/obj/structure/glowshroom/New)
[13:46:20]  source file: glowshroom.dm,63
runtime error: 
[13:46:20]Cannot execute /datum/plant_gene/trait/glow (/datum/plant_gene/trait/glow).glow range().
[13:46:20]proc name: New (/obj/structure/glowshroom/New)
[13:46:20]  source file: glowshroom.dm,63
runtime error: 
[13:46:20]Cannot execute /datum/plant_gene/trait/glow (/datum/plant_gene/trait/glow).glow range().
[13:46:20]proc name: New (/obj/structure/glowshroom/New)
[13:46:20]  source file: glowshroom.dm,63
runtime error: 
[13:46:20]Cannot execute /datum/plant_gene/trait/glow (/datum/plant_gene/trait/glow).glow range().
[13:46:20]proc name: New (/obj/structure/glowshroom/New)
[13:46:20]  source file: glowshroom.dm,63
runtime error: 
[13:46:20]Cannot execute /datum/plant_gene/trait/glow (/datum/plant_gene/trait/glow).glow range().
[13:46:20]proc name: New (/obj/structure/glowshroom/New)
[13:46:20]  source file: glowshroom.dm,63
runtime error: 
[13:46:20]Cannot execute /datum/plant_gene/trait/glow (/datum/plant_gene/trait/glow).glow range().
[13:46:20]proc name: New (/obj/structure/glowshroom/New)
[13:46:20]  source file: glowshroom.dm,63
runtime error: 
[13:46:20]Cannot execute /datum/plant_gene/trait/glow (/datum/plant_gene/trait/glow).glow range().
[13:46:20]proc name: New (/obj/structure/glowshroom/New)
[13:46:20]  source file: glowshroom.dm,63
runtime error: 
[13:46:20]Cannot execute /datum/plant_gene/trait/glow (/datum/plant_gene/trait/glow).glow range().
[13:46:20]proc name: New (/obj/structure/glowshroom/New)
[13:46:20]  source file: glowshroom.dm,63
runtime error: 
[13:46:20]Cannot execute /datum/plant_gene/trait/glow (/datum/plant_gene/trait/glow).glow range().
[13:46:20]proc name: New (/obj/structure/glowshroom/New)
[13:46:20]  source file: glowshroom.dm,63
runtime error: 
[13:46:20]Cannot execute /datum/plant_gene/trait/glow (/datum/plant_gene/trait/glow).glow range().
[13:46:20]proc name: New (/obj/structure/glowshroom/New)
[13:46:20]  source file: glowshroom.dm,63
runtime error: 
[13:46:20]Cannot execute /datum/plant_gene/trait/glow (/datum/plant_gene/trait/glow).glow range().
[13:46:20]proc name: New (/obj/structure/glowshroom/New)
[13:46:20]  source file: glowshroom.dm,63
runtime error: 
[13:46:21]Cannot execute /datum/plant_gene/trait/glow (/datum/plant_gene/trait/glow).glow range().
[13:46:21]proc name: New (/obj/structure/glowshroom/New)
[13:46:21]  source file: glowshroom.dm,63
runtime error: 
[13:46:21]Cannot execute /datum/plant_gene/trait/glow (/datum/plant_gene/trait/glow).glow range().
[13:46:21]proc name: New (/obj/structure/glowshroom/New)
[13:46:21]  source file: glowshroom.dm,63
runtime error: 
[13:46:21]Cannot execute /datum/plant_gene/trait/glow (/datum/plant_gene/trait/glow).glow range().
[13:46:21]proc name: New (/obj/structure/glowshroom/New)
[13:46:21]  source file: glowshroom.dm,63
runtime error: 
[13:46:21]Cannot execute /datum/plant_gene/trait/glow (/datum/plant_gene/trait/glow).glow range().
[13:46:21]proc name: New (/obj/structure/glowshroom/New)
[13:46:21]  source file: glowshroom.dm,63
runtime error: 
[13:46:21]Cannot execute /datum/plant_gene/trait/glow (/datum/plant_gene/trait/glow).glow range().
[13:46:21]proc name: New (/obj/structure/glowshroom/New)
[13:46:21]  source file: glowshroom.dm,63
runtime error: 
[13:46:21]Cannot execute /datum/plant_gene/trait/glow (/datum/plant_gene/trait/glow).glow range().
[13:46:21]proc name: New (/obj/structure/glowshroom/New)
[13:46:21]  source file: glowshroom.dm,63
runtime error: 
[13:46:21]Cannot execute /datum/plant_gene/trait/glow (/datum/plant_gene/trait/glow).glow range().
[13:46:21]proc name: New (/obj/structure/glowshroom/New)
[13:46:21]  source file: glowshroom.dm,63
runtime error: 
[13:46:21]Cannot execute /datum/plant_gene/trait/glow (/datum/plant_gene/trait/glow).glow range().
[13:46:21]proc name: New (/obj/structure/glowshroom/New)
[13:46:21]  source file: glowshroom.dm,63
runtime error: 
[13:46:21]Cannot execute /datum/plant_gene/trait/glow (/datum/plant_gene/trait/glow).glow range().
[13:46:21]proc name: New (/obj/structure/glowshroom/New)
[13:46:21]  source file: glowshroom.dm,63
runtime error: 
[13:46:21]Cannot execute /datum/plant_gene/trait/glow (/datum/plant_gene/trait/glow).glow range().
[13:46:21]proc name: New (/obj/structure/glowshroom/New)
[13:46:21]  source file: glowshroom.dm,63
runtime error: 
[13:46:21]Cannot execute /datum/plant_gene/trait/glow (/datum/plant_gene/trait/glow).glow range().
[13:46:21]proc name: New (/obj/structure/glowshroom/New)
[13:46:21]  source file: glowshroom.dm,63
runtime error: 
[13:46:21]Cannot execute /datum/plant_gene/trait/glow (/datum/plant_gene/trait/glow).glow range().
[13:46:21]proc name: New (/obj/structure/glowshroom/New)
[13:46:21]  source file: glowshroom.dm,63
runtime error: 
[13:46:22]Cannot execute /datum/plant_gene/trait/glow (/datum/plant_gene/trait/glow).glow range().
[13:46:22]proc name: New (/obj/structure/glowshroom/New)
[13:46:22]  source file: glowshroom.dm,63
runtime error: 
[13:46:22]Cannot execute /datum/plant_gene/trait/glow (/datum/plant_gene/trait/glow).glow range().
[13:46:22]proc name: New (/obj/structure/glowshroom/New)
[13:46:22]  source file: glowshroom.dm,63
Loaded station in 126s!
Ruin "Hierophant's Arena" placed at (70, 131, 5)
Ruin "Blood-Drunk Miner" placed at (206, 129, 5)
Ruin "Ruin of Sloth" placed at (86, 96, 5)
Ruin loader gave up with 1 left to spend.
Ruin "Derelict Tradepost" placed at (112, 137, 10)
runtime error: 
[13:46:31]Cannot execute /datum/plant_gene/trait/glow (/datum/plant_gene/trait/glow).glow range().
[13:46:31]proc name: New (/obj/structure/glowshroom/New)
[13:46:31]  source file: glowshroom.dm,63
runtime error: 
[13:46:31]Cannot execute /datum/plant_gene/trait/glow (/datum/plant_gene/trait/glow).glow range().
[13:46:31]proc name: New (/obj/structure/glowshroom/New)
[13:46:31]  source file: glowshroom.dm,63
runtime error: 
[13:46:31]Cannot execute /datum/plant_gene/trait/glow (/datum/plant_gene/trait/glow).glow range().
[13:46:31]proc name: New (/obj/structure/glowshroom/New)
[13:46:31]  source file: glowshroom.dm,63
runtime error: 
[13:46:31]Cannot execute /datum/plant_gene/trait/glow (/datum/plant_gene/trait/glow).glow range().
[13:46:31]proc name: New (/obj/structure/glowshroom/New)
[13:46:31]  source file: glowshroom.dm,63
runtime error: 
[13:46:31]Cannot execute /datum/plant_gene/trait/glow (/datum/plant_gene/trait/glow).glow range().
[13:46:31]proc name: New (/obj/structure/glowshroom/New)
[13:46:31]  source file: glowshroom.dm,63
runtime error: 
[13:46:31]Cannot execute /datum/plant_gene/trait/glow (/datum/plant_gene/trait/glow).glow range().
[13:46:31]proc name: New (/obj/structure/glowshroom/New)
[13:46:31]  source file: glowshroom.dm,63
runtime error: 
[13:46:31]Cannot execute /datum/plant_gene/trait/glow (/datum/plant_gene/trait/glow).glow range().
[13:46:31]proc name: New (/obj/structure/glowshroom/New)
[13:46:31]  source file: glowshroom.dm,63
runtime error: 
[13:46:31]Cannot execute /datum/plant_gene/trait/glow (/datum/plant_gene/trait/glow).glow range().
[13:46:31]proc name: New (/obj/structure/glowshroom/New)
[13:46:31]  source file: glowshroom.dm,63
runtime error: 
[13:46:31]Cannot execute /datum/plant_gene/trait/glow (/datum/plant_gene/trait/glow).glow range().
[13:46:31]proc name: New (/obj/structure/glowshroom/New)
[13:46:31]  source file: glowshroom.dm,63
runtime error: 
[13:46:31]Cannot execute /datum/plant_gene/trait/glow (/datum/plant_gene/trait/glow).glow range().
[13:46:31]proc name: New (/obj/structure/glowshroom/New)
[13:46:31]  source file: glowshroom.dm,63
Initialized Mapping subsystem within 135.4 seconds!
runtime error: 
[13:46:33]Cannot execute null.add reagent().
[13:46:33]proc name: Initialize (/obj/effect/decal/cleanable/blood/gibs/Initialize)
[13:46:33]  source file: humans.dm,57
runtime error: 
[13:46:33]Cannot execute null.add reagent().
[13:46:33]proc name: Initialize (/obj/effect/decal/cleanable/blood/gibs/Initialize)
[13:46:33]  source file: humans.dm,57
runtime error: 
[13:46:33]Cannot execute null.add reagent().
[13:46:33]proc name: Initialize (/obj/effect/decal/cleanable/blood/gibs/Initialize)
[13:46:33]  source file: humans.dm,57
runtime error: 
[13:46:33]Cannot execute null.add reagent().
[13:46:33]proc name: Initialize (/obj/effect/decal/cleanable/blood/gibs/Initialize)
[13:46:33]  source file: humans.dm,57
runtime error: 
[13:46:33]Cannot execute null.add reagent().
[13:46:33]proc name: Initialize (/obj/effect/decal/cleanable/oil/Initialize)
[13:46:33]  source file: robots.dm,52
runtime error: 
[13:46:33]Cannot execute null.add reagent().
[13:46:33]proc name: Initialize (/obj/effect/decal/cleanable/oil/Initialize)
[13:46:33]  source file: robots.dm,52
runtime error: 
[13:46:37]Cannot execute null.add reagent().
[13:46:37]proc name: Initialize (/obj/effect/decal/cleanable/oil/Initialize)
[13:46:37]  source file: robots.dm,52
runtime error: 
[13:46:37]Cannot execute null.add reagent().
[13:46:37]proc name: Initialize (/obj/effect/decal/cleanable/oil/Initialize)
[13:46:37]  source file: robots.dm,52
runtime error: 
[13:46:38]Cannot execute null.add reagent().
[13:46:38]proc name: Initialize (/obj/effect/decal/cleanable/oil/Initialize)
[13:46:38]  source file: robots.dm,52
runtime error: 
[13:46:38]Cannot execute null.add reagent().
[13:46:38]proc name: Initialize (/obj/effect/decal/cleanable/blood/gibs/Initialize)
[13:46:38]  source file: humans.dm,57
runtime error: 
[13:46:38]Cannot execute null.add reagent().
[13:46:38]proc name: Initialize (/obj/effect/decal/cleanable/oil/Initialize)
[13:46:38]  source file: robots.dm,52
runtime error: 
[13:46:38]Cannot execute null.add reagent().
[13:46:38]proc name: Initialize (/obj/effect/decal/cleanable/blood/gibs/Initialize)
[13:46:38]  source file: humans.dm,57
runtime error: 
[13:46:38]Cannot execute null.add reagent().
[13:46:38]proc name: Initialize (/obj/effect/decal/cleanable/oil/Initialize)
[13:46:38]  source file: robots.dm,52
runtime error: 
[13:46:39]Cannot execute null.add reagent().
[13:46:39]proc name: Initialize (/obj/effect/decal/cleanable/blood/gibs/Initialize)
[13:46:39]  source file: humans.dm,57
runtime error: 
[13:46:39]Cannot execute null.add reagent().
[13:46:39]proc name: Initialize (/obj/effect/decal/cleanable/oil/Initialize)
[13:46:39]  source file: robots.dm,52
runtime error: 
[13:46:39]Cannot execute null.add reagent().
[13:46:39]proc name: Initialize (/obj/effect/decal/cleanable/oil/Initialize)
[13:46:39]  source file: robots.dm,52
runtime error: 
[13:46:39]Cannot execute null.add reagent().
[13:46:39]proc name: Initialize (/obj/effect/decal/cleanable/oil/Initialize)
[13:46:39]  source file: robots.dm,52
runtime error: 
[13:46:40]Cannot execute null.add reagent().
[13:46:40]proc name: Initialize (/obj/effect/decal/cleanable/oil/Initialize)
[13:46:40]  source file: robots.dm,52
runtime error: 
[13:46:40]Cannot execute null.add reagent().
[13:46:40]proc name: Initialize (/obj/effect/decal/cleanable/oil/Initialize)
[13:46:40]  source file: robots.dm,52
runtime error: 
[13:46:40]Cannot execute null.add reagent().
[13:46:40]proc name: Initialize (/obj/effect/decal/cleanable/oil/Initialize)
[13:46:40]  source file: robots.dm,52
runtime error: 
[13:46:40]Cannot execute null.add reagent().
[13:46:40]proc name: Initialize (/obj/effect/decal/cleanable/oil/Initialize)
[13:46:40]  source file: robots.dm,52
runtime error: 
[13:46:40]Cannot execute null.add reagent().
[13:46:40]proc name: Initialize (/obj/effect/decal/cleanable/oil/Initialize)
[13:46:40]  source file: robots.dm,52
runtime error: 
[13:46:40]Cannot execute null.add reagent().
[13:46:40]proc name: Initialize (/obj/effect/decal/cleanable/oil/Initialize)
[13:46:40]  source file: robots.dm,52
runtime error: 
[13:46:40]Cannot execute null.add reagent().
[13:46:40]proc name: Initialize (/obj/effect/decal/cleanable/oil/Initialize)
[13:46:40]  source file: robots.dm,52
runtime error: 
[13:46:41]Cannot execute null.add reagent().
[13:46:41]proc name: Initialize (/obj/effect/decal/cleanable/oil/Initialize)
[13:46:41]  source file: robots.dm,52
runtime error: 
[13:46:41]Cannot execute null.add reagent().
[13:46:41]proc name: Initialize (/obj/effect/decal/cleanable/oil/Initialize)
[13:46:41]  source file: robots.dm,52
runtime error: 
[13:46:41]Cannot execute null.add reagent().
[13:46:41]proc name: Initialize (/obj/effect/decal/cleanable/oil/Initialize)
[13:46:41]  source file: robots.dm,52
runtime error: 
[13:46:41]Cannot execute null.add reagent().
[13:46:41]proc name: Initialize (/obj/effect/decal/cleanable/oil/Initialize)
[13:46:41]  source file: robots.dm,52
runtime error: 
[13:46:42]Cannot execute null.add reagent().
[13:46:42]proc name: Initialize (/obj/effect/decal/cleanable/oil/Initialize)
[13:46:42]  source file: robots.dm,52
runtime error: 
[13:46:42]Cannot execute null.add reagent().
[13:46:42]proc name: Initialize (/obj/effect/decal/cleanable/oil/Initialize)
[13:46:42]  source file: robots.dm,52
runtime error: 
[13:46:42]Cannot execute null.add reagent().
[13:46:42]proc name: Initialize (/obj/effect/decal/cleanable/oil/Initialize)
[13:46:42]  source file: robots.dm,52
runtime error: 
[13:46:42]Cannot execute null.add reagent().
[13:46:42]proc name: Initialize (/obj/effect/decal/cleanable/oil/Initialize)
[13:46:42]  source file: robots.dm,52
runtime error: 
[13:46:43]Cannot execute null.add reagent().
[13:46:43]proc name: Initialize (/obj/effect/decal/cleanable/oil/Initialize)
[13:46:43]  source file: robots.dm,52
runtime error: 
[13:46:43]Cannot execute null.add reagent().
[13:46:43]proc name: Initialize (/obj/effect/decal/cleanable/oil/Initialize)
[13:46:43]  source file: robots.dm,52
runtime error: 
[13:46:44]Cannot execute null.add reagent().
[13:46:44]proc name: Initialize (/obj/effect/decal/cleanable/oil/Initialize)
[13:46:44]  source file: robots.dm,52
runtime error: 
[13:46:44]Cannot execute null.add reagent().
[13:46:44]proc name: Initialize (/obj/effect/decal/cleanable/oil/Initialize)
[13:46:44]  source file: robots.dm,52
runtime error: 
[13:46:44]Cannot execute null.add reagent().
[13:46:44]proc name: Initialize (/obj/effect/decal/cleanable/oil/Initialize)
[13:46:44]  source file: robots.dm,52
runtime error: 
[13:46:44]Cannot execute null.add reagent().
[13:46:44]proc name: Initialize (/obj/effect/decal/cleanable/oil/Initialize)
[13:46:44]  source file: robots.dm,52
runtime error: 
[13:46:44]Cannot execute null.add reagent().
[13:46:44]Warning: further proc crash messages are being suppressed to prevent overload...
runtime error: 
[13:46:44]Cannot execute null.add reagent().
runtime error: 
[13:46:44]Cannot execute null.add reagent().
runtime error: 
[13:46:44]Cannot execute null.add reagent().
runtime error: 
[13:46:45]Cannot execute null.add reagent().
runtime error: 
[13:46:46]Cannot execute null.add reagent().
runtime error: 
[13:46:46]Cannot execute null.add reagent().
runtime error: 
[13:46:47]Cannot execute null.add reagent().
runtime error: 
[13:46:47]Cannot execute null.add reagent().
runtime error: 
[13:46:48]Cannot execute null.add reagent().
runtime error: 
[13:46:48]Cannot execute null.add reagent().
runtime error: 
[13:46:48]Cannot execute null.add reagent().
runtime error: 
[13:46:48]Cannot execute null.add reagent().
runtime error: 
[13:46:49]Cannot execute null.add reagent().
runtime error: 
[13:46:49]Cannot execute null.add reagent().
runtime error: 
[13:46:51]Cannot execute null.add reagent().
runtime error: 
[13:46:51]Cannot execute null.add reagent().
runtime error: 
[13:46:51]Cannot execute null.add reagent().
runtime error: 
[13:46:51]Cannot execute null.add reagent().
runtime error: 
[13:46:51]Cannot execute null.add reagent().
runtime error: 
[13:46:51]Cannot execute null.add reagent().
runtime error: 
[13:46:51]Cannot execute null.add reagent().
runtime error: 
[13:46:53]Undefined variable /obj/item/rupee/var/swimming

runtime error: 
[13:46:53]Undefined variable /obj/item/rupee/var/swimming

runtime error: 
[13:46:53]Undefined variable /obj/item/rupee/var/swimming

runtime error: 
[13:46:53]Undefined variable /obj/structure/signpost/salvation/var/swimming

runtime error: 
[13:46:53]Undefined variable /obj/item/rupee/var/swimming

runtime error: 
[13:46:53]Undefined variable /obj/item/rupee/var/swimming

runtime error: 
[13:46:53]Undefined variable /obj/item/rupee/var/swimming

runtime error: 
[13:46:53]Undefined variable /obj/item/rupee/var/swimming

runtime error: 
[13:46:53]Undefined variable /obj/item/rupee/var/swimming

runtime error: 
[13:46:53]Undefined variable /obj/item/rupee/var/swimming

runtime error: 
[13:46:54]Undefined variable /obj/effect/landmark/error/var/swimming

runtime error: 
[13:46:54]Undefined variable /obj/item/rupee/var/swimming

runtime error: 
[13:46:54]Undefined variable /obj/item/rupee/var/swimming

runtime error: 
[13:46:54]Undefined variable /obj/item/rupee/var/swimming

runtime error: 
[13:46:54]Undefined variable /obj/item/rupee/var/swimming

runtime error: 
[13:46:54]Undefined variable /obj/item/rupee/var/swimming

runtime error: 
[13:46:54]Undefined variable /obj/item/rupee/var/swimming

runtime error: 
[13:46:54]Undefined variable /obj/item/rupee/var/swimming

runtime error: 
[13:46:54]Undefined variable /obj/item/rupee/var/swimming

runtime error: 
[13:46:54]Undefined variable /obj/item/rupee/var/swimming

runtime error: 
[13:46:54]Undefined variable /obj/item/rupee/var/swimming

runtime error: 
[13:46:54]Undefined variable /obj/item/rupee/var/swimming

runtime error: 
[13:46:54]Undefined variable /obj/item/rupee/var/swimming

runtime error: 
[13:46:54]Undefined variable /obj/item/rupee/var/swimming

runtime error: 
[13:46:54]Undefined variable /obj/item/rupee/var/swimming

runtime error: 
[13:46:54]Undefined variable /obj/item/rupee/var/swimming

runtime error: 
[13:46:54]Undefined variable /obj/item/rupee/var/swimming

runtime error: 
[13:46:54]Undefined variable /obj/item/rupee/var/swimming

runtime error: 
[13:46:54]Undefined variable /obj/item/rupee/var/swimming

runtime error: 
[13:46:54]Undefined variable /obj/item/rupee/var/swimming

runtime error: 
[13:46:54]Undefined variable /obj/item/rupee/var/swimming

runtime error: 
[13:46:54]Undefined variable /obj/item/rupee/var/swimming

runtime error: 
[13:46:54]Undefined variable /obj/item/rupee/var/swimming

runtime error: 
[13:46:54]Undefined variable /obj/item/rupee/var/swimming

runtime error: 
[13:46:54]Undefined variable /obj/item/rupee/var/swimming

runtime error: 
[13:46:54]Undefined variable /obj/item/rupee/var/swimming

runtime error: 
[13:46:54]Undefined variable /obj/item/rupee/var/swimming

runtime error: 
[13:46:54]Undefined variable /obj/item/rupee/var/swimming

runtime error: 
[13:46:54]Undefined variable /obj/item/rupee/var/swimming

runtime error: 
[13:46:54]Undefined variable /obj/item/rupee/var/swimming

runtime error: 
[13:46:54]Undefined variable /obj/item/rupee/var/swimming

runtime error: 
[13:46:54]Undefined variable /obj/item/rupee/var/swimming

runtime error: 
[13:46:54]Undefined variable /obj/item/rupee/var/swimming

runtime error: 
[13:46:54]Undefined variable /obj/item/rupee/var/swimming

runtime error: 
[13:46:54]Undefined variable /obj/item/rupee/var/swimming

runtime error: 
[13:46:54]Undefined variable /obj/item/rupee/var/swimming

runtime error: 
[13:46:54]Undefined variable /obj/item/rupee/var/swimming

runtime error: 
[13:46:54]Undefined variable /obj/structure/speaking_tile/var/swimming

runtime error: 
[13:46:54]Undefined variable /obj/machinery/abductor/gland_dispenser/var/swimming

runtime error: 
[13:46:54]Undefined variable /obj/structure/table/abductor/var/swimming

runtime error: 
[13:46:54]Undefined variable /obj/item/surgicaldrill/alien/var/swimming

runtime error: 
[13:46:55]undefined proc or verb /mob/living/simple_animal/bot/medbot/mysterious/remove overlay().

runtime error: 
[13:46:55]undefined proc or verb /mob/living/simple_animal/hostile/creature/remove overlay().

runtime error: 
[13:46:55]undefined proc or verb /mob/living/simple_animal/hostile/carp/cayenne/remove overlay().

runtime error: 
[13:47:01]Cannot execute null.add reagent().
runtime error: 
[13:47:01]Cannot execute null.add reagent().
runtime error: 
[13:47:01]Cannot execute null.add reagent().
runtime error: 
[13:47:01]undefined proc or verb /mob/living/simple_animal/bot/medbot/remove overlay().

runtime error: 
[13:47:01]Cannot execute null.add reagent().
runtime error: 
[13:47:01]undefined proc or verb /mob/living/simple_animal/cockroach/remove overlay().

runtime error: 
[13:47:02]undefined proc or verb /mob/living/simple_animal/cockroach/remove overlay().

runtime error: 
[13:47:02]Cannot execute null.add reagent().
runtime error: 
[13:47:02]undefined proc or verb /mob/living/simple_animal/cockroach/remove overlay().

runtime error: 
[13:47:02]undefined proc or verb /mob/living/simple_animal/cockroach/remove overlay().

runtime error: 
[13:47:02]undefined proc or verb /mob/living/simple_animal/cockroach/remove overlay().

runtime error: 
[13:47:02]undefined proc or verb /mob/living/simple_animal/pet/cat/Runtime/remove overlay().

runtime error: 
[13:47:02]undefined proc or verb /mob/living/simple_animal/cockroach/remove overlay().

runtime error: 
[13:47:02]undefined proc or verb /mob/living/simple_animal/pet/dog/pug/remove overlay().

runtime error: 
[13:47:02]undefined proc or verb /mob/living/simple_animal/cockroach/remove overlay().

runtime error: 
[13:47:02]undefined proc or verb /mob/living/simple_animal/cockroach/remove overlay().

runtime error: 
[13:47:03]undefined proc or verb /mob/living/simple_animal/cockroach/remove overlay().

runtime error: 
[13:47:03]undefined proc or verb /mob/living/simple_animal/slime/remove overlay().

runtime error: 
[13:47:03]undefined proc or verb /mob/living/simple_animal/slime/remove overlay().

runtime error: 
[13:47:03]undefined proc or verb /mob/living/simple_animal/slime/remove overlay().

runtime error: 
[13:47:03]undefined proc or verb /mob/living/simple_animal/cockroach/remove overlay().

runtime error: 
[13:47:04]undefined proc or verb /mob/living/simple_animal/cockroach/remove overlay().

runtime error: 
[13:47:04]undefined proc or verb /mob/living/simple_animal/pet/dog/corgi/Ian/remove overlay().

runtime error: 
[13:47:04]undefined proc or verb /mob/living/simple_animal/bot/secbot/pingsky/remove overlay().

runtime error: 
[13:47:04]undefined proc or verb /mob/living/simple_animal/parrot/Poly/remove overlay().

runtime error: 
[13:47:04]undefined proc or verb /mob/living/simple_animal/bot/secbot/beepsky/remove overlay().

runtime error: 
[13:47:04]undefined proc or verb /mob/living/simple_animal/pet/fox/Renault/remove overlay().

runtime error: 
[13:47:05]undefined proc or verb /mob/living/simple_animal/hostile/carp/cayenne/remove overlay().

runtime error: 
[13:47:05]undefined proc or verb /mob/living/simple_animal/cockroach/remove overlay().

runtime error: 
[13:47:06]undefined proc or verb /mob/living/simple_animal/hostile/retaliate/goat/remove overlay().

runtime error: 
[13:47:06]undefined proc or verb /mob/living/simple_animal/sloth/citrus/remove overlay().

runtime error: 
[13:47:06]undefined proc or verb /mob/living/simple_animal/cockroach/remove overlay().

runtime error: 
[13:47:06]undefined proc or verb /mob/living/simple_animal/mouse/remove overlay().

runtime error: 
[13:47:06]undefined proc or verb /mob/living/simple_animal/mouse/remove overlay().

runtime error: 
[13:47:06]undefined proc or verb /mob/living/simple_animal/bot/mulebot/remove overlay().

runtime error: 
[13:47:06]undefined proc or verb /mob/living/simple_animal/bot/mulebot/remove overlay().

runtime error: 
[13:47:06]undefined proc or verb /mob/living/simple_animal/cockroach/remove overlay().

runtime error: 
[13:47:06]undefined proc or verb /mob/living/simple_animal/hostile/lizard/remove overlay().

runtime error: 
[13:47:06]undefined proc or verb /mob/living/simple_animal/cockroach/remove overlay().

runtime error: 
[13:47:07]undefined proc or verb /mob/living/simple_animal/cockroach/remove overlay().

runtime error: 
[13:47:07]undefined proc or verb /mob/living/simple_animal/cockroach/remove overlay().

runtime error: 
[13:47:07]undefined proc or verb /mob/living/simple_animal/cockroach/remove overlay().

runtime error: 
[13:47:12]undefined proc or verb /mob/living/simple_animal/hostile/asteroid/basilisk/watcher/random/remove overlay().

runtime error: 
[13:47:12]undefined proc or verb /mob/living/simple_animal/hostile/asteroid/goliath/beast/random/remove overlay().

runtime error: 
[13:47:12]undefined proc or verb /mob/living/simple_animal/hostile/asteroid/basilisk/watcher/random/remove overlay().

runtime error: 
[13:47:12]undefined proc or verb /mob/living/simple_animal/hostile/asteroid/basilisk/watcher/random/remove overlay().

runtime error: 
[13:47:12]undefined proc or verb /mob/living/simple_animal/hostile/asteroid/goliath/beast/random/remove overlay().

runtime error: 
[13:47:12]undefined proc or verb /mob/living/simple_animal/hostile/asteroid/hivelord/legion/random/remove overlay().

runtime error: 
[13:47:12]undefined proc or verb /mob/living/simple_animal/hostile/asteroid/goliath/beast/random/remove overlay().

runtime error: 
[13:47:12]undefined proc or verb /mob/living/simple_animal/hostile/asteroid/goldgrub/remove overlay().

runtime error: 
[13:47:12]undefined proc or verb /mob/living/simple_animal/hostile/asteroid/goldgrub/remove overlay().

runtime error: 
[13:47:12]undefined proc or verb /mob/living/simple_animal/hostile/asteroid/basilisk/watcher/random/remove overlay().

runtime error: 
[13:47:12]undefined proc or verb /mob/living/simple_animal/hostile/asteroid/goliath/beast/random/remove overlay().

Initialized 1.47998e+006 atoms
Initialized Atoms subsystem within 68.5 seconds!
Initialized Language subsystem within 0 seconds!
Initialized Machines subsystem within 1.2 seconds!
Initialized Circuit subsystem within 0 seconds!
Initialized Weather subsystem within 0 seconds!
## WARNING: There are 614 active turfs at roundstart, this is a mapping error caused by a difference of the air between the adjacent turfs. You can see its coordinates using "Mapping -> Show roundstart AT list" verb (debug verbs required)
## WARNING: HEY! LISTEN! 10 seconds were wasted processing 614 turf(s) (connected to 89077 other turfs) with atmos differences at round start.
Initialized Atmospherics subsystem within 31.5 seconds!
Initialized Minimap subsystem within 0 seconds!
Initialized Assets subsystem within 0.4 seconds!
Initialized Icon Smoothing subsystem within 8.1 seconds!
Initialized Overlay subsystem within 19.9 seconds!
Initialized XKeyScore subsystem within 0 seconds!
Initialized Lighting subsystem within 19.5 seconds!
Initialized Shuttle subsystem within 72.3 seconds!
Initialized Squeak subsystem within 0 seconds!
Loaded 0 engraved messages on map Delta Station
Initialized Persistence subsystem within 0.2 seconds!
Initializations complete within 357.4 seconds!
Game start took 0s
## WARNING: A ref was requested of an object with use_tag set but no tag: AlcaroIsAFrick in code/__HELPERS/unsorted.dm at line 1500 src:  usr: AlcaroIsAFrick.
runtime error: 
[13:55:44]Cannot read null.key
runtime error: 
[13:55:44]Cannot read null.martial_art
runtime error: 
[13:55:45]Cannot read null.martial_art
### VarEdit by AlcaroIsAFrick/(Alcaro): /turf/open/floor/plasteel/whiteblue waterd=16 => 27
