

Starting up round ID . 13:22:42
---------------------
Initialized Blackbox subsystem within 0 seconds!
Initialized Server Tasks subsystem within 0 seconds!
Initialized Events subsystem within 0 seconds!
runtime error: 
[13:22:43]cannot read from list
[13:22:43]proc name: LoadJobs (/datum/controller/subsystem/job/proc/LoadJobs)
[13:22:43]  source file: job.dm,448
[13:22:43]  usr: null
[13:22:43]  src: Jobs (/datum/controller/subsystem/job)
[13:22:43]  call stack:
[13:22:43]Jobs (/datum/controller/subsystem/job): LoadJobs()
[13:22:43]Jobs (/datum/controller/subsystem/job): Initialize(625632)
[13:22:43]Master (/datum/controller/master): Initialize(10, 0)
Initialized Jobs subsystem within 0 seconds!
Initialized Ticker subsystem within 0 seconds!
Loading Delta Station...
runtime error: 
[13:23:34]Cannot execute /datum/plant_gene/trait/glow (/datum/plant_gene/trait/glow).glow range().
[13:23:34]proc name: New (/obj/structure/glowshroom/New)
[13:23:34]  source file: glowshroom.dm,63
[13:23:34]  usr: null
[13:23:34]  src: the glowshroom (/obj/structure/glowshroom/single)
[13:23:34]  src.loc: Cave Floor (303,71,2) (/turf/open/floor/plating/asteroid)
[13:23:34]  call stack:
[13:23:34]the glowshroom (/obj/structure/glowshroom/single): New(Cave Floor (303,71,2) (/turf/open/floor/plating/asteroid), null, null)
[13:23:34]/dmm_suite (/dmm_suite): create atom(/obj/structure/glowshroom/sing... (/obj/structure/glowshroom/single), Cave Floor (303,71,2) (/turf/open/floor/plating/asteroid))
[13:23:34]/dmm_suite (/dmm_suite): instance atom(/obj/structure/glowshroom/sing... (/obj/structure/glowshroom/single), /list (/list), Cave Floor (303,71,2) (/turf/open/floor/plating/asteroid), 1)
[13:23:34]/dmm_suite (/dmm_suite): parse grid("/obj/structure/glowshroom/sing...", "eFt", 303, 71, 2, 1)
[13:23:34]/dmm_suite (/dmm_suite): load map impl(_maps/map_files/Deltastation/D..., 1, 1, 2, null, null, 1, -1e+031, 1e+031, -1e+031, 1e+031)
[13:23:34]/dmm_suite (/dmm_suite): load map(_maps/map_files/Deltastation/D..., 0, 0, 2, null, null, 1, null, null, null, null)
[13:23:34]Mapping (/datum/controller/subsystem/mapping): TryLoadZ("_maps/map_files/Deltastation/D...", /list (/list), 2, null)
[13:23:34]Mapping (/datum/controller/subsystem/mapping): loadWorld()
[13:23:34]Mapping (/datum/controller/subsystem/mapping): Initialize(625632)
[13:23:34]Master (/datum/controller/master): Initialize(10, 0)
runtime error: 
[13:23:34]Cannot execute /datum/plant_gene/trait/glow (/datum/plant_gene/trait/glow).glow range().
[13:23:34]proc name: New (/obj/structure/glowshroom/New)
[13:23:34]  source file: glowshroom.dm,63
[13:23:34]  usr: null
[13:23:34]  src: the glowshroom (/obj/structure/glowshroom/single)
[13:23:34]  src.loc: Cave Floor (306,70,2) (/turf/open/floor/plating/asteroid)
[13:23:34]  call stack:
[13:23:34]the glowshroom (/obj/structure/glowshroom/single): New(Cave Floor (306,70,2) (/turf/open/floor/plating/asteroid), null, null)
[13:23:34]/dmm_suite (/dmm_suite): create atom(/obj/structure/glowshroom/sing... (/obj/structure/glowshroom/single), Cave Floor (306,70,2) (/turf/open/floor/plating/asteroid))
[13:23:34]/dmm_suite (/dmm_suite): instance atom(/obj/structure/glowshroom/sing... (/obj/structure/glowshroom/single), /list (/list), Cave Floor (306,70,2) (/turf/open/floor/plating/asteroid), 1)
[13:23:34]/dmm_suite (/dmm_suite): parse grid("/obj/structure/glowshroom/sing...", "eFt", 306, 70, 2, 1)
[13:23:34]/dmm_suite (/dmm_suite): load map impl(_maps/map_files/Deltastation/D..., 1, 1, 2, null, null, 1, -1e+031, 1e+031, -1e+031, 1e+031)
[13:23:34]/dmm_suite (/dmm_suite): load map(_maps/map_files/Deltastation/D..., 0, 0, 2, null, null, 1, null, null, null, null)
[13:23:34]Mapping (/datum/controller/subsystem/mapping): TryLoadZ("_maps/map_files/Deltastation/D...", /list (/list), 2, null)
[13:23:34]Mapping (/datum/controller/subsystem/mapping): loadWorld()
[13:23:34]Mapping (/datum/controller/subsystem/mapping): Initialize(625632)
[13:23:34]Master (/datum/controller/master): Initialize(10, 0)
runtime error: 
[13:23:34]Cannot execute /datum/plant_gene/trait/glow (/datum/plant_gene/trait/glow).glow range().
[13:23:34]proc name: New (/obj/structure/glowshroom/New)
[13:23:34]  source file: glowshroom.dm,63
[13:23:34]  usr: null
[13:23:34]  src: the glowshroom (/obj/structure/glowshroom/single)
[13:23:34]  src.loc: Cave Floor (309,70,2) (/turf/open/floor/plating/asteroid)
[13:23:34]  call stack:
[13:23:34]the glowshroom (/obj/structure/glowshroom/single): New(Cave Floor (309,70,2) (/turf/open/floor/plating/asteroid), null, null)
[13:23:34]/dmm_suite (/dmm_suite): create atom(/obj/structure/glowshroom/sing... (/obj/structure/glowshroom/single), Cave Floor (309,70,2) (/turf/open/floor/plating/asteroid))
[13:23:34]/dmm_suite (/dmm_suite): instance atom(/obj/structure/glowshroom/sing... (/obj/structure/glowshroom/single), /list (/list), Cave Floor (309,70,2) (/turf/open/floor/plating/asteroid), 1)
[13:23:34]/dmm_suite (/dmm_suite): parse grid("/obj/structure/glowshroom/sing...", "eFt", 309, 70, 2, 1)
[13:23:34]/dmm_suite (/dmm_suite): load map impl(_maps/map_files/Deltastation/D..., 1, 1, 2, null, null, 1, -1e+031, 1e+031, -1e+031, 1e+031)
[13:23:34]/dmm_suite (/dmm_suite): load map(_maps/map_files/Deltastation/D..., 0, 0, 2, null, null, 1, null, null, null, null)
[13:23:34]Mapping (/datum/controller/subsystem/mapping): TryLoadZ("_maps/map_files/Deltastation/D...", /list (/list), 2, null)
[13:23:34]Mapping (/datum/controller/subsystem/mapping): loadWorld()
[13:23:34]Mapping (/datum/controller/subsystem/mapping): Initialize(625632)
[13:23:34]Master (/datum/controller/master): Initialize(10, 0)
runtime error: 
[13:23:34]Cannot execute /datum/plant_gene/trait/glow (/datum/plant_gene/trait/glow).glow range().
[13:23:34]proc name: New (/obj/structure/glowshroom/New)
[13:23:34]  source file: glowshroom.dm,63
[13:23:34]  usr: null
[13:23:34]  src: the glowshroom (/obj/structure/glowshroom/single)
[13:23:34]  src.loc: Cave Floor (302,69,2) (/turf/open/floor/plating/asteroid)
[13:23:34]  call stack:
[13:23:34]the glowshroom (/obj/structure/glowshroom/single): New(Cave Floor (302,69,2) (/turf/open/floor/plating/asteroid), null, null)
[13:23:34]/dmm_suite (/dmm_suite): create atom(/obj/structure/glowshroom/sing... (/obj/structure/glowshroom/single), Cave Floor (302,69,2) (/turf/open/floor/plating/asteroid))
[13:23:34]/dmm_suite (/dmm_suite): instance atom(/obj/structure/glowshroom/sing... (/obj/structure/glowshroom/single), /list (/list), Cave Floor (302,69,2) (/turf/open/floor/plating/asteroid), 1)
[13:23:34]/dmm_suite (/dmm_suite): parse grid("/obj/structure/glowshroom/sing...", "eFt", 302, 69, 2, 1)
[13:23:34]/dmm_suite (/dmm_suite): load map impl(_maps/map_files/Deltastation/D..., 1, 1, 2, null, null, 1, -1e+031, 1e+031, -1e+031, 1e+031)
[13:23:34]/dmm_suite (/dmm_suite): load map(_maps/map_files/Deltastation/D..., 0, 0, 2, null, null, 1, null, null, null, null)
[13:23:34]Mapping (/datum/controller/subsystem/mapping): TryLoadZ("_maps/map_files/Deltastation/D...", /list (/list), 2, null)
[13:23:34]Mapping (/datum/controller/subsystem/mapping): loadWorld()
[13:23:34]Mapping (/datum/controller/subsystem/mapping): Initialize(625632)
[13:23:34]Master (/datum/controller/master): Initialize(10, 0)
runtime error: 
[13:23:34]Cannot execute /datum/plant_gene/trait/glow (/datum/plant_gene/trait/glow).glow range().
[13:23:34]proc name: New (/obj/structure/glowshroom/New)
[13:23:34]  source file: glowshroom.dm,63
[13:23:34]  usr: null
[13:23:34]  src: the glowshroom (/obj/structure/glowshroom/single)
[13:23:34]  src.loc: Cave Floor (296,55,2) (/turf/open/floor/plating/asteroid)
[13:23:34]  call stack:
[13:23:34]the glowshroom (/obj/structure/glowshroom/single): New(Cave Floor (296,55,2) (/turf/open/floor/plating/asteroid), null, null)
[13:23:34]/dmm_suite (/dmm_suite): create atom(/obj/structure/glowshroom/sing... (/obj/structure/glowshroom/single), Cave Floor (296,55,2) (/turf/open/floor/plating/asteroid))
[13:23:34]/dmm_suite (/dmm_suite): instance atom(/obj/structure/glowshroom/sing... (/obj/structure/glowshroom/single), /list (/list), Cave Floor (296,55,2) (/turf/open/floor/plating/asteroid), 1)
[13:23:34]/dmm_suite (/dmm_suite): parse grid("/obj/structure/glowshroom/sing...", "eKf", 296, 55, 2, 1)
[13:23:34]/dmm_suite (/dmm_suite): load map impl(_maps/map_files/Deltastation/D..., 1, 1, 2, null, null, 1, -1e+031, 1e+031, -1e+031, 1e+031)
[13:23:34]/dmm_suite (/dmm_suite): load map(_maps/map_files/Deltastation/D..., 0, 0, 2, null, null, 1, null, null, null, null)
[13:23:34]Mapping (/datum/controller/subsystem/mapping): TryLoadZ("_maps/map_files/Deltastation/D...", /list (/list), 2, null)
[13:23:34]Mapping (/datum/controller/subsystem/mapping): loadWorld()
[13:23:34]Mapping (/datum/controller/subsystem/mapping): Initialize(625632)
[13:23:34]Master (/datum/controller/master): Initialize(10, 0)
runtime error: 
[13:23:34]Cannot execute /datum/plant_gene/trait/glow (/datum/plant_gene/trait/glow).glow range().
[13:23:34]proc name: New (/obj/structure/glowshroom/New)
[13:23:34]  source file: glowshroom.dm,63
[13:23:34]  usr: null
[13:23:34]  src: the glowshroom (/obj/structure/glowshroom/single)
[13:23:34]  src.loc: Cave Floor (299,55,2) (/turf/open/floor/plating/asteroid)
[13:23:34]  call stack:
[13:23:34]the glowshroom (/obj/structure/glowshroom/single): New(Cave Floor (299,55,2) (/turf/open/floor/plating/asteroid), null, null)
[13:23:34]/dmm_suite (/dmm_suite): create atom(/obj/structure/glowshroom/sing... (/obj/structure/glowshroom/single), Cave Floor (299,55,2) (/turf/open/floor/plating/asteroid))
[13:23:34]/dmm_suite (/dmm_suite): instance atom(/obj/structure/glowshroom/sing... (/obj/structure/glowshroom/single), /list (/list), Cave Floor (299,55,2) (/turf/open/floor/plating/asteroid), 1)
[13:23:34]/dmm_suite (/dmm_suite): parse grid("/obj/structure/glowshroom/sing...", "eKf", 299, 55, 2, 1)
[13:23:34]/dmm_suite (/dmm_suite): load map impl(_maps/map_files/Deltastation/D..., 1, 1, 2, null, null, 1, -1e+031, 1e+031, -1e+031, 1e+031)
[13:23:34]/dmm_suite (/dmm_suite): load map(_maps/map_files/Deltastation/D..., 0, 0, 2, null, null, 1, null, null, null, null)
[13:23:34]Mapping (/datum/controller/subsystem/mapping): TryLoadZ("_maps/map_files/Deltastation/D...", /list (/list), 2, null)
[13:23:34]Mapping (/datum/controller/subsystem/mapping): loadWorld()
[13:23:34]Mapping (/datum/controller/subsystem/mapping): Initialize(625632)
[13:23:34]Master (/datum/controller/master): Initialize(10, 0)
runtime error: 
[13:23:34]Cannot execute /datum/plant_gene/trait/glow (/datum/plant_gene/trait/glow).glow range().
[13:23:34]proc name: New (/obj/structure/glowshroom/New)
[13:23:34]  source file: glowshroom.dm,63
[13:23:34]  usr: null
[13:23:34]  src: the glowshroom (/obj/structure/glowshroom/single)
[13:23:34]  src.loc: Cave Floor (283,53,2) (/turf/open/floor/plating/asteroid)
[13:23:34]  call stack:
[13:23:34]the glowshroom (/obj/structure/glowshroom/single): New(Cave Floor (283,53,2) (/turf/open/floor/plating/asteroid), null, null)
[13:23:34]/dmm_suite (/dmm_suite): create atom(/obj/structure/glowshroom/sing... (/obj/structure/glowshroom/single), Cave Floor (283,53,2) (/turf/open/floor/plating/asteroid))
[13:23:34]/dmm_suite (/dmm_suite): instance atom(/obj/structure/glowshroom/sing... (/obj/structure/glowshroom/single), /list (/list), Cave Floor (283,53,2) (/turf/open/floor/plating/asteroid), 1)
[13:23:34]/dmm_suite (/dmm_suite): parse grid("/obj/structure/glowshroom/sing...", "eKf", 283, 53, 2, 1)
[13:23:34]/dmm_suite (/dmm_suite): load map impl(_maps/map_files/Deltastation/D..., 1, 1, 2, null, null, 1, -1e+031, 1e+031, -1e+031, 1e+031)
[13:23:34]/dmm_suite (/dmm_suite): load map(_maps/map_files/Deltastation/D..., 0, 0, 2, null, null, 1, null, null, null, null)
[13:23:34]Mapping (/datum/controller/subsystem/mapping): TryLoadZ("_maps/map_files/Deltastation/D...", /list (/list), 2, null)
[13:23:34]Mapping (/datum/controller/subsystem/mapping): loadWorld()
[13:23:34]Mapping (/datum/controller/subsystem/mapping): Initialize(625632)
[13:23:34]Master (/datum/controller/master): Initialize(10, 0)
runtime error: 
[13:23:34]Cannot execute /datum/plant_gene/trait/glow (/datum/plant_gene/trait/glow).glow range().
[13:23:34]proc name: New (/obj/structure/glowshroom/New)
[13:23:34]  source file: glowshroom.dm,63
[13:23:34]  usr: null
[13:23:34]  src: the glowshroom (/obj/structure/glowshroom/single)
[13:23:34]  src.loc: Cave Floor (302,53,2) (/turf/open/floor/plating/asteroid)
[13:23:34]  call stack:
[13:23:34]the glowshroom (/obj/structure/glowshroom/single): New(Cave Floor (302,53,2) (/turf/open/floor/plating/asteroid), null, null)
[13:23:34]/dmm_suite (/dmm_suite): create atom(/obj/structure/glowshroom/sing... (/obj/structure/glowshroom/single), Cave Floor (302,53,2) (/turf/open/floor/plating/asteroid))
[13:23:34]/dmm_suite (/dmm_suite): instance atom(/obj/structure/glowshroom/sing... (/obj/structure/glowshroom/single), /list (/list), Cave Floor (302,53,2) (/turf/open/floor/plating/asteroid), 1)
[13:23:34]/dmm_suite (/dmm_suite): parse grid("/obj/structure/glowshroom/sing...", "eKf", 302, 53, 2, 1)
[13:23:34]/dmm_suite (/dmm_suite): load map impl(_maps/map_files/Deltastation/D..., 1, 1, 2, null, null, 1, -1e+031, 1e+031, -1e+031, 1e+031)
[13:23:34]/dmm_suite (/dmm_suite): load map(_maps/map_files/Deltastation/D..., 0, 0, 2, null, null, 1, null, null, null, null)
[13:23:34]Mapping (/datum/controller/subsystem/mapping): TryLoadZ("_maps/map_files/Deltastation/D...", /list (/list), 2, null)
[13:23:34]Mapping (/datum/controller/subsystem/mapping): loadWorld()
[13:23:34]Mapping (/datum/controller/subsystem/mapping): Initialize(625632)
[13:23:34]Master (/datum/controller/master): Initialize(10, 0)
runtime error: 
[13:23:34]Cannot execute /datum/plant_gene/trait/glow (/datum/plant_gene/trait/glow).glow range().
[13:23:34]proc name: New (/obj/structure/glowshroom/New)
[13:23:34]  source file: glowshroom.dm,63
[13:23:34]  usr: null
[13:23:34]  src: the glowshroom (/obj/structure/glowshroom/single)
[13:23:34]  src.loc: Cave Floor (276,52,2) (/turf/open/floor/plating/asteroid)
[13:23:34]  call stack:
[13:23:34]the glowshroom (/obj/structure/glowshroom/single): New(Cave Floor (276,52,2) (/turf/open/floor/plating/asteroid), null, null)
[13:23:34]/dmm_suite (/dmm_suite): create atom(/obj/structure/glowshroom/sing... (/obj/structure/glowshroom/single), Cave Floor (276,52,2) (/turf/open/floor/plating/asteroid))
[13:23:34]/dmm_suite (/dmm_suite): instance atom(/obj/structure/glowshroom/sing... (/obj/structure/glowshroom/single), /list (/list), Cave Floor (276,52,2) (/turf/open/floor/plating/asteroid), 1)
[13:23:34]/dmm_suite (/dmm_suite): parse grid("/obj/structure/glowshroom/sing...", "eKf", 276, 52, 2, 1)
[13:23:34]/dmm_suite (/dmm_suite): load map impl(_maps/map_files/Deltastation/D..., 1, 1, 2, null, null, 1, -1e+031, 1e+031, -1e+031, 1e+031)
[13:23:34]/dmm_suite (/dmm_suite): load map(_maps/map_files/Deltastation/D..., 0, 0, 2, null, null, 1, null, null, null, null)
[13:23:34]Mapping (/datum/controller/subsystem/mapping): TryLoadZ("_maps/map_files/Deltastation/D...", /list (/list), 2, null)
[13:23:34]Mapping (/datum/controller/subsystem/mapping): loadWorld()
[13:23:34]Mapping (/datum/controller/subsystem/mapping): Initialize(625632)
[13:23:34]Master (/datum/controller/master): Initialize(10, 0)
runtime error: 
[13:23:34]Cannot execute /datum/plant_gene/trait/glow (/datum/plant_gene/trait/glow).glow range().
[13:23:34]proc name: New (/obj/structure/glowshroom/New)
[13:23:34]  source file: glowshroom.dm,63
[13:23:34]  usr: null
[13:23:34]  src: the glowshroom (/obj/structure/glowshroom/single)
[13:23:34]  src.loc: Cave Floor (292,51,2) (/turf/open/floor/plating/asteroid)
[13:23:34]  call stack:
[13:23:34]the glowshroom (/obj/structure/glowshroom/single): New(Cave Floor (292,51,2) (/turf/open/floor/plating/asteroid), null, null)
[13:23:34]/dmm_suite (/dmm_suite): create atom(/obj/structure/glowshroom/sing... (/obj/structure/glowshroom/single), Cave Floor (292,51,2) (/turf/open/floor/plating/asteroid))
[13:23:34]/dmm_suite (/dmm_suite): instance atom(/obj/structure/glowshroom/sing... (/obj/structure/glowshroom/single), /list (/list), Cave Floor (292,51,2) (/turf/open/floor/plating/asteroid), 1)
[13:23:34]/dmm_suite (/dmm_suite): parse grid("/obj/structure/glowshroom/sing...", "eKf", 292, 51, 2, 1)
[13:23:34]/dmm_suite (/dmm_suite): load map impl(_maps/map_files/Deltastation/D..., 1, 1, 2, null, null, 1, -1e+031, 1e+031, -1e+031, 1e+031)
[13:23:34]/dmm_suite (/dmm_suite): load map(_maps/map_files/Deltastation/D..., 0, 0, 2, null, null, 1, null, null, null, null)
[13:23:34]Mapping (/datum/controller/subsystem/mapping): TryLoadZ("_maps/map_files/Deltastation/D...", /list (/list), 2, null)
[13:23:34]Mapping (/datum/controller/subsystem/mapping): loadWorld()
[13:23:34]Mapping (/datum/controller/subsystem/mapping): Initialize(625632)
[13:23:34]Master (/datum/controller/master): Initialize(10, 0)
runtime error: 
[13:23:34]Cannot execute /datum/plant_gene/trait/glow (/datum/plant_gene/trait/glow).glow range().
[13:23:34]proc name: New (/obj/structure/glowshroom/New)
[13:23:34]  source file: glowshroom.dm,63
[13:23:34]  usr: null
[13:23:34]  src: the glowshroom (/obj/structure/glowshroom/single)
[13:23:34]  src.loc: Cave Floor (295,51,2) (/turf/open/floor/plating/asteroid)
[13:23:34]  call stack:
[13:23:34]the glowshroom (/obj/structure/glowshroom/single): New(Cave Floor (295,51,2) (/turf/open/floor/plating/asteroid), null, null)
[13:23:34]/dmm_suite (/dmm_suite): create atom(/obj/structure/glowshroom/sing... (/obj/structure/glowshroom/single), Cave Floor (295,51,2) (/turf/open/floor/plating/asteroid))
[13:23:34]/dmm_suite (/dmm_suite): instance atom(/obj/structure/glowshroom/sing... (/obj/structure/glowshroom/single), /list (/list), Cave Floor (295,51,2) (/turf/open/floor/plating/asteroid), 1)
[13:23:34]/dmm_suite (/dmm_suite): parse grid("/obj/structure/glowshroom/sing...", "eKf", 295, 51, 2, 1)
[13:23:34]/dmm_suite (/dmm_suite): load map impl(_maps/map_files/Deltastation/D..., 1, 1, 2, null, null, 1, -1e+031, 1e+031, -1e+031, 1e+031)
[13:23:34]/dmm_suite (/dmm_suite): load map(_maps/map_files/Deltastation/D..., 0, 0, 2, null, null, 1, null, null, null, null)
[13:23:34]Mapping (/datum/controller/subsystem/mapping): TryLoadZ("_maps/map_files/Deltastation/D...", /list (/list), 2, null)
[13:23:34]Mapping (/datum/controller/subsystem/mapping): loadWorld()
[13:23:34]Mapping (/datum/controller/subsystem/mapping): Initialize(625632)
[13:23:34]Master (/datum/controller/master): Initialize(10, 0)
runtime error: 
[13:23:35]Cannot execute /datum/plant_gene/trait/glow (/datum/plant_gene/trait/glow).glow range().
[13:23:35]proc name: New (/obj/structure/glowshroom/New)
[13:23:35]  source file: glowshroom.dm,63
[13:23:35]  usr: null
[13:23:35]  src: the glowshroom (/obj/structure/glowshroom/single)
[13:23:35]  src.loc: Cave Floor (258,49,2) (/turf/open/floor/plating/asteroid)
[13:23:35]  call stack:
[13:23:35]the glowshroom (/obj/structure/glowshroom/single): New(Cave Floor (258,49,2) (/turf/open/floor/plating/asteroid), null, null)
[13:23:35]/dmm_suite (/dmm_suite): create atom(/obj/structure/glowshroom/sing... (/obj/structure/glowshroom/single), Cave Floor (258,49,2) (/turf/open/floor/plating/asteroid))
[13:23:35]/dmm_suite (/dmm_suite): instance atom(/obj/structure/glowshroom/sing... (/obj/structure/glowshroom/single), /list (/list), Cave Floor (258,49,2) (/turf/open/floor/plating/asteroid), 1)
[13:23:35]/dmm_suite (/dmm_suite): parse grid("/obj/structure/glowshroom/sing...", "eKf", 258, 49, 2, 1)
[13:23:35]/dmm_suite (/dmm_suite): load map impl(_maps/map_files/Deltastation/D..., 1, 1, 2, null, null, 1, -1e+031, 1e+031, -1e+031, 1e+031)
[13:23:35]/dmm_suite (/dmm_suite): load map(_maps/map_files/Deltastation/D..., 0, 0, 2, null, null, 1, null, null, null, null)
[13:23:35]Mapping (/datum/controller/subsystem/mapping): TryLoadZ("_maps/map_files/Deltastation/D...", /list (/list), 2, null)
[13:23:35]Mapping (/datum/controller/subsystem/mapping): loadWorld()
[13:23:35]Mapping (/datum/controller/subsystem/mapping): Initialize(625632)
[13:23:35]Master (/datum/controller/master): Initialize(10, 0)
runtime error: 
[13:23:35]Cannot execute /datum/plant_gene/trait/glow (/datum/plant_gene/trait/glow).glow range().
[13:23:35]proc name: New (/obj/structure/glowshroom/New)
[13:23:35]  source file: glowshroom.dm,63
[13:23:35]  usr: null
[13:23:35]  src: the glowshroom (/obj/structure/glowshroom/single)
[13:23:35]  src.loc: Cave Floor (275,49,2) (/turf/open/floor/plating/asteroid)
[13:23:35]  call stack:
[13:23:35]the glowshroom (/obj/structure/glowshroom/single): New(Cave Floor (275,49,2) (/turf/open/floor/plating/asteroid), null, null)
[13:23:35]/dmm_suite (/dmm_suite): create atom(/obj/structure/glowshroom/sing... (/obj/structure/glowshroom/single), Cave Floor (275,49,2) (/turf/open/floor/plating/asteroid))
[13:23:35]/dmm_suite (/dmm_suite): instance atom(/obj/structure/glowshroom/sing... (/obj/structure/glowshroom/single), /list (/list), Cave Floor (275,49,2) (/turf/open/floor/plating/asteroid), 1)
[13:23:35]/dmm_suite (/dmm_suite): parse grid("/obj/structure/glowshroom/sing...", "eKf", 275, 49, 2, 1)
[13:23:35]/dmm_suite (/dmm_suite): load map impl(_maps/map_files/Deltastation/D..., 1, 1, 2, null, null, 1, -1e+031, 1e+031, -1e+031, 1e+031)
[13:23:35]/dmm_suite (/dmm_suite): load map(_maps/map_files/Deltastation/D..., 0, 0, 2, null, null, 1, null, null, null, null)
[13:23:35]Mapping (/datum/controller/subsystem/mapping): TryLoadZ("_maps/map_files/Deltastation/D...", /list (/list), 2, null)
[13:23:35]Mapping (/datum/controller/subsystem/mapping): loadWorld()
[13:23:35]Mapping (/datum/controller/subsystem/mapping): Initialize(625632)
[13:23:35]Master (/datum/controller/master): Initialize(10, 0)
runtime error: 
[13:23:35]Cannot execute /datum/plant_gene/trait/glow (/datum/plant_gene/trait/glow).glow range().
[13:23:35]proc name: New (/obj/structure/glowshroom/New)
[13:23:35]  source file: glowshroom.dm,63
[13:23:35]  usr: null
[13:23:35]  src: the glowshroom (/obj/structure/glowshroom/single)
[13:23:35]  src.loc: Cave Floor (261,48,2) (/turf/open/floor/plating/asteroid)
[13:23:35]  call stack:
[13:23:35]the glowshroom (/obj/structure/glowshroom/single): New(Cave Floor (261,48,2) (/turf/open/floor/plating/asteroid), null, null)
[13:23:35]/dmm_suite (/dmm_suite): create atom(/obj/structure/glowshroom/sing... (/obj/structure/glowshroom/single), Cave Floor (261,48,2) (/turf/open/floor/plating/asteroid))
[13:23:35]/dmm_suite (/dmm_suite): instance atom(/obj/structure/glowshroom/sing... (/obj/structure/glowshroom/single), /list (/list), Cave Floor (261,48,2) (/turf/open/floor/plating/asteroid), 1)
[13:23:35]/dmm_suite (/dmm_suite): parse grid("/obj/structure/glowshroom/sing...", "eKf", 261, 48, 2, 1)
[13:23:35]/dmm_suite (/dmm_suite): load map impl(_maps/map_files/Deltastation/D..., 1, 1, 2, null, null, 1, -1e+031, 1e+031, -1e+031, 1e+031)
[13:23:35]/dmm_suite (/dmm_suite): load map(_maps/map_files/Deltastation/D..., 0, 0, 2, null, null, 1, null, null, null, null)
[13:23:35]Mapping (/datum/controller/subsystem/mapping): TryLoadZ("_maps/map_files/Deltastation/D...", /list (/list), 2, null)
[13:23:35]Mapping (/datum/controller/subsystem/mapping): loadWorld()
[13:23:35]Mapping (/datum/controller/subsystem/mapping): Initialize(625632)
[13:23:35]Master (/datum/controller/master): Initialize(10, 0)
runtime error: 
[13:23:35]Cannot execute /datum/plant_gene/trait/glow (/datum/plant_gene/trait/glow).glow range().
[13:23:35]proc name: New (/obj/structure/glowshroom/New)
[13:23:35]  source file: glowshroom.dm,63
[13:23:35]  usr: null
[13:23:35]  src: the glowshroom (/obj/structure/glowshroom/single)
[13:23:35]  src.loc: Cave Floor (292,48,2) (/turf/open/floor/plating/asteroid)
[13:23:35]  call stack:
[13:23:35]the glowshroom (/obj/structure/glowshroom/single): New(Cave Floor (292,48,2) (/turf/open/floor/plating/asteroid), null, null)
[13:23:35]/dmm_suite (/dmm_suite): create atom(/obj/structure/glowshroom/sing... (/obj/structure/glowshroom/single), Cave Floor (292,48,2) (/turf/open/floor/plating/asteroid))
[13:23:35]/dmm_suite (/dmm_suite): instance atom(/obj/structure/glowshroom/sing... (/obj/structure/glowshroom/single), /list (/list), Cave Floor (292,48,2) (/turf/open/floor/plating/asteroid), 1)
[13:23:35]/dmm_suite (/dmm_suite): parse grid("/obj/structure/glowshroom/sing...", "eKf", 292, 48, 2, 1)
[13:23:35]/dmm_suite (/dmm_suite): load map impl(_maps/map_files/Deltastation/D..., 1, 1, 2, null, null, 1, -1e+031, 1e+031, -1e+031, 1e+031)
[13:23:35]/dmm_suite (/dmm_suite): load map(_maps/map_files/Deltastation/D..., 0, 0, 2, null, null, 1, null, null, null, null)
[13:23:35]Mapping (/datum/controller/subsystem/mapping): TryLoadZ("_maps/map_files/Deltastation/D...", /list (/list), 2, null)
[13:23:35]Mapping (/datum/controller/subsystem/mapping): loadWorld()
[13:23:35]Mapping (/datum/controller/subsystem/mapping): Initialize(625632)
[13:23:35]Master (/datum/controller/master): Initialize(10, 0)
runtime error: 
[13:23:35]Cannot execute /datum/plant_gene/trait/glow (/datum/plant_gene/trait/glow).glow range().
[13:23:35]proc name: New (/obj/structure/glowshroom/New)
[13:23:35]  source file: glowshroom.dm,63
runtime error: 
[13:23:35]Cannot execute /datum/plant_gene/trait/glow (/datum/plant_gene/trait/glow).glow range().
[13:23:35]proc name: New (/obj/structure/glowshroom/New)
[13:23:35]  source file: glowshroom.dm,63
runtime error: 
[13:23:35]Cannot execute /datum/plant_gene/trait/glow (/datum/plant_gene/trait/glow).glow range().
[13:23:35]proc name: New (/obj/structure/glowshroom/New)
[13:23:35]  source file: glowshroom.dm,63
runtime error: 
[13:23:35]Cannot execute /datum/plant_gene/trait/glow (/datum/plant_gene/trait/glow).glow range().
[13:23:35]proc name: New (/obj/structure/glowshroom/New)
[13:23:35]  source file: glowshroom.dm,63
runtime error: 
[13:23:35]Cannot execute /datum/plant_gene/trait/glow (/datum/plant_gene/trait/glow).glow range().
[13:23:35]proc name: New (/obj/structure/glowshroom/New)
[13:23:35]  source file: glowshroom.dm,63
runtime error: 
[13:23:35]Cannot execute /datum/plant_gene/trait/glow (/datum/plant_gene/trait/glow).glow range().
[13:23:35]proc name: New (/obj/structure/glowshroom/New)
[13:23:35]  source file: glowshroom.dm,63
runtime error: 
[13:23:35]Cannot execute /datum/plant_gene/trait/glow (/datum/plant_gene/trait/glow).glow range().
[13:23:35]proc name: New (/obj/structure/glowshroom/New)
[13:23:35]  source file: glowshroom.dm,63
runtime error: 
[13:23:35]Cannot execute /datum/plant_gene/trait/glow (/datum/plant_gene/trait/glow).glow range().
[13:23:35]proc name: New (/obj/structure/glowshroom/New)
[13:23:35]  source file: glowshroom.dm,63
runtime error: 
[13:23:35]Cannot execute /datum/plant_gene/trait/glow (/datum/plant_gene/trait/glow).glow range().
[13:23:35]proc name: New (/obj/structure/glowshroom/New)
[13:23:35]  source file: glowshroom.dm,63
runtime error: 
[13:23:35]Cannot execute /datum/plant_gene/trait/glow (/datum/plant_gene/trait/glow).glow range().
[13:23:35]proc name: New (/obj/structure/glowshroom/New)
[13:23:35]  source file: glowshroom.dm,63
runtime error: 
[13:23:35]Cannot execute /datum/plant_gene/trait/glow (/datum/plant_gene/trait/glow).glow range().
[13:23:35]proc name: New (/obj/structure/glowshroom/New)
[13:23:35]  source file: glowshroom.dm,63
runtime error: 
[13:23:35]Cannot execute /datum/plant_gene/trait/glow (/datum/plant_gene/trait/glow).glow range().
[13:23:35]proc name: New (/obj/structure/glowshroom/New)
[13:23:35]  source file: glowshroom.dm,63
runtime error: 
[13:23:35]Cannot execute /datum/plant_gene/trait/glow (/datum/plant_gene/trait/glow).glow range().
[13:23:35]proc name: New (/obj/structure/glowshroom/New)
[13:23:35]  source file: glowshroom.dm,63
runtime error: 
[13:23:35]Cannot execute /datum/plant_gene/trait/glow (/datum/plant_gene/trait/glow).glow range().
[13:23:35]proc name: New (/obj/structure/glowshroom/New)
[13:23:35]  source file: glowshroom.dm,63
runtime error: 
[13:23:35]Cannot execute /datum/plant_gene/trait/glow (/datum/plant_gene/trait/glow).glow range().
[13:23:35]proc name: New (/obj/structure/glowshroom/New)
[13:23:35]  source file: glowshroom.dm,63
runtime error: 
[13:23:35]Cannot execute /datum/plant_gene/trait/glow (/datum/plant_gene/trait/glow).glow range().
[13:23:35]proc name: New (/obj/structure/glowshroom/New)
[13:23:35]  source file: glowshroom.dm,63
runtime error: 
[13:23:35]Cannot execute /datum/plant_gene/trait/glow (/datum/plant_gene/trait/glow).glow range().
[13:23:35]proc name: New (/obj/structure/glowshroom/New)
[13:23:35]  source file: glowshroom.dm,63
runtime error: 
[13:23:35]Cannot execute /datum/plant_gene/trait/glow (/datum/plant_gene/trait/glow).glow range().
[13:23:35]proc name: New (/obj/structure/glowshroom/New)
[13:23:35]  source file: glowshroom.dm,63
runtime error: 
[13:23:35]Cannot execute /datum/plant_gene/trait/glow (/datum/plant_gene/trait/glow).glow range().
[13:23:35]proc name: New (/obj/structure/glowshroom/New)
[13:23:35]  source file: glowshroom.dm,63
runtime error: 
[13:23:35]Cannot execute /datum/plant_gene/trait/glow (/datum/plant_gene/trait/glow).glow range().
[13:23:35]proc name: New (/obj/structure/glowshroom/New)
[13:23:35]  source file: glowshroom.dm,63
runtime error: 
[13:23:35]Cannot execute /datum/plant_gene/trait/glow (/datum/plant_gene/trait/glow).glow range().
[13:23:35]proc name: New (/obj/structure/glowshroom/New)
[13:23:35]  source file: glowshroom.dm,63
runtime error: 
[13:23:35]Cannot execute /datum/plant_gene/trait/glow (/datum/plant_gene/trait/glow).glow range().
[13:23:35]proc name: New (/obj/structure/glowshroom/New)
[13:23:35]  source file: glowshroom.dm,63
runtime error: 
[13:23:35]Cannot execute /datum/plant_gene/trait/glow (/datum/plant_gene/trait/glow).glow range().
[13:23:35]proc name: New (/obj/structure/glowshroom/New)
[13:23:35]  source file: glowshroom.dm,63
runtime error: 
[13:23:36]Cannot execute /datum/plant_gene/trait/glow (/datum/plant_gene/trait/glow).glow range().
[13:23:36]proc name: New (/obj/structure/glowshroom/New)
[13:23:36]  source file: glowshroom.dm,63
runtime error: 
[13:23:36]Cannot execute /datum/plant_gene/trait/glow (/datum/plant_gene/trait/glow).glow range().
[13:23:36]proc name: New (/obj/structure/glowshroom/New)
[13:23:36]  source file: glowshroom.dm,63
runtime error: 
[13:23:36]Cannot execute /datum/plant_gene/trait/glow (/datum/plant_gene/trait/glow).glow range().
[13:23:36]proc name: New (/obj/structure/glowshroom/New)
[13:23:36]  source file: glowshroom.dm,63
Loaded station in 53.2s!
Initialized Mapping subsystem within 57.4 seconds!
runtime error: 
[13:23:40]Cannot execute null.add reagent().
[13:23:40]proc name: Initialize (/obj/effect/decal/cleanable/blood/gibs/Initialize)
[13:23:40]  source file: humans.dm,57
runtime error: 
[13:23:40]Cannot execute null.add reagent().
[13:23:40]proc name: Initialize (/obj/effect/decal/cleanable/blood/gibs/Initialize)
[13:23:40]  source file: humans.dm,57
runtime error: 
[13:23:41]Cannot execute null.add reagent().
[13:23:41]proc name: Initialize (/obj/effect/decal/cleanable/blood/gibs/Initialize)
[13:23:41]  source file: humans.dm,57
runtime error: 
[13:23:41]Cannot execute null.add reagent().
[13:23:41]proc name: Initialize (/obj/effect/decal/cleanable/blood/gibs/Initialize)
[13:23:41]  source file: humans.dm,57
runtime error: 
[13:23:41]Cannot execute null.add reagent().
[13:23:41]proc name: Initialize (/obj/effect/decal/cleanable/oil/Initialize)
[13:23:41]  source file: robots.dm,52
runtime error: 
[13:23:41]Cannot execute null.add reagent().
[13:23:41]proc name: Initialize (/obj/effect/decal/cleanable/oil/Initialize)
[13:23:41]  source file: robots.dm,52
runtime error: 
[13:23:43]Cannot execute null.add reagent().
[13:23:43]proc name: Initialize (/obj/effect/decal/cleanable/oil/Initialize)
[13:23:43]  source file: robots.dm,52
runtime error: 
[13:23:43]Cannot execute null.add reagent().
[13:23:43]proc name: Initialize (/obj/effect/decal/cleanable/oil/Initialize)
[13:23:43]  source file: robots.dm,52
runtime error: 
[13:23:43]Cannot execute null.add reagent().
[13:23:43]proc name: Initialize (/obj/effect/decal/cleanable/oil/Initialize)
[13:23:43]  source file: robots.dm,52
runtime error: 
[13:23:43]Cannot execute null.add reagent().
[13:23:43]proc name: Initialize (/obj/effect/decal/cleanable/blood/gibs/Initialize)
[13:23:43]  source file: humans.dm,57
runtime error: 
[13:23:43]Cannot execute null.add reagent().
[13:23:43]proc name: Initialize (/obj/effect/decal/cleanable/oil/Initialize)
[13:23:43]  source file: robots.dm,52
runtime error: 
[13:23:43]Cannot execute null.add reagent().
[13:23:43]proc name: Initialize (/obj/effect/decal/cleanable/blood/gibs/Initialize)
[13:23:43]  source file: humans.dm,57
runtime error: 
[13:23:43]Cannot execute null.add reagent().
[13:23:43]proc name: Initialize (/obj/effect/decal/cleanable/oil/Initialize)
[13:23:43]  source file: robots.dm,52
runtime error: 
[13:23:43]Cannot execute null.add reagent().
[13:23:43]proc name: Initialize (/obj/effect/decal/cleanable/blood/gibs/Initialize)
[13:23:43]  source file: humans.dm,57
runtime error: 
[13:23:43]Cannot execute null.add reagent().
[13:23:43]proc name: Initialize (/obj/effect/decal/cleanable/oil/Initialize)
[13:23:43]  source file: robots.dm,52
runtime error: 
[13:23:43]Cannot execute null.add reagent().
[13:23:43]proc name: Initialize (/obj/effect/decal/cleanable/oil/Initialize)
[13:23:43]  source file: robots.dm,52
runtime error: 
[13:23:43]Cannot execute null.add reagent().
[13:23:43]proc name: Initialize (/obj/effect/decal/cleanable/oil/Initialize)
[13:23:43]  source file: robots.dm,52
runtime error: 
[13:23:44]Cannot execute null.add reagent().
[13:23:44]proc name: Initialize (/obj/effect/decal/cleanable/oil/Initialize)
[13:23:44]  source file: robots.dm,52
runtime error: 
[13:23:44]Cannot execute null.add reagent().
[13:23:44]proc name: Initialize (/obj/effect/decal/cleanable/oil/Initialize)
[13:23:44]  source file: robots.dm,52
runtime error: 
[13:23:44]Cannot execute null.add reagent().
[13:23:44]proc name: Initialize (/obj/effect/decal/cleanable/oil/Initialize)
[13:23:44]  source file: robots.dm,52
runtime error: 
[13:23:44]Cannot execute null.add reagent().
[13:23:44]proc name: Initialize (/obj/effect/decal/cleanable/oil/Initialize)
[13:23:44]  source file: robots.dm,52
runtime error: 
[13:23:44]Cannot execute null.add reagent().
[13:23:44]proc name: Initialize (/obj/effect/decal/cleanable/oil/Initialize)
[13:23:44]  source file: robots.dm,52
runtime error: 
[13:23:44]Cannot execute null.add reagent().
[13:23:44]proc name: Initialize (/obj/effect/decal/cleanable/oil/Initialize)
[13:23:44]  source file: robots.dm,52
runtime error: 
[13:23:44]Cannot execute null.add reagent().
[13:23:44]proc name: Initialize (/obj/effect/decal/cleanable/oil/Initialize)
[13:23:44]  source file: robots.dm,52
runtime error: 
[13:23:44]Cannot execute null.add reagent().
[13:23:44]proc name: Initialize (/obj/effect/decal/cleanable/oil/Initialize)
[13:23:44]  source file: robots.dm,52
runtime error: 
[13:23:44]Cannot execute null.add reagent().
[13:23:44]proc name: Initialize (/obj/effect/decal/cleanable/oil/Initialize)
[13:23:44]  source file: robots.dm,52
runtime error: 
[13:23:44]Cannot execute null.add reagent().
[13:23:44]proc name: Initialize (/obj/effect/decal/cleanable/oil/Initialize)
[13:23:44]  source file: robots.dm,52
runtime error: 
[13:23:44]Cannot execute null.add reagent().
[13:23:44]proc name: Initialize (/obj/effect/decal/cleanable/oil/Initialize)
[13:23:44]  source file: robots.dm,52
runtime error: 
[13:23:45]Cannot execute null.add reagent().
[13:23:45]proc name: Initialize (/obj/effect/decal/cleanable/oil/Initialize)
[13:23:45]  source file: robots.dm,52
runtime error: 
[13:23:45]Cannot execute null.add reagent().
[13:23:45]proc name: Initialize (/obj/effect/decal/cleanable/oil/Initialize)
[13:23:45]  source file: robots.dm,52
runtime error: 
[13:23:45]Cannot execute null.add reagent().
[13:23:45]proc name: Initialize (/obj/effect/decal/cleanable/oil/Initialize)
[13:23:45]  source file: robots.dm,52
runtime error: 
[13:23:45]Cannot execute null.add reagent().
[13:23:45]proc name: Initialize (/obj/effect/decal/cleanable/oil/Initialize)
[13:23:45]  source file: robots.dm,52
runtime error: 
[13:23:45]Cannot execute null.add reagent().
[13:23:45]proc name: Initialize (/obj/effect/decal/cleanable/oil/Initialize)
[13:23:45]  source file: robots.dm,52
runtime error: 
[13:23:45]Cannot execute null.add reagent().
[13:23:45]proc name: Initialize (/obj/effect/decal/cleanable/oil/Initialize)
[13:23:45]  source file: robots.dm,52
runtime error: 
[13:23:46]Cannot execute null.add reagent().
[13:23:46]proc name: Initialize (/obj/effect/decal/cleanable/oil/Initialize)
[13:23:46]  source file: robots.dm,52
runtime error: 
[13:23:46]Cannot execute null.add reagent().
[13:23:46]proc name: Initialize (/obj/effect/decal/cleanable/oil/Initialize)
[13:23:46]  source file: robots.dm,52
runtime error: 
[13:23:46]Cannot execute null.add reagent().
[13:23:46]proc name: Initialize (/obj/effect/decal/cleanable/oil/Initialize)
[13:23:46]  source file: robots.dm,52
runtime error: 
[13:23:46]Cannot execute null.add reagent().
[13:23:46]proc name: Initialize (/obj/effect/decal/cleanable/oil/Initialize)
[13:23:46]  source file: robots.dm,52
runtime error: 
[13:23:46]Cannot execute null.add reagent().
[13:23:46]proc name: Initialize (/obj/effect/decal/cleanable/oil/Initialize)
[13:23:46]  source file: robots.dm,52
runtime error: 
[13:23:46]Cannot execute null.add reagent().
[13:23:46]proc name: Initialize (/obj/effect/decal/cleanable/oil/Initialize)
[13:23:46]  source file: robots.dm,52
runtime error: 
[13:23:46]Cannot execute null.add reagent().
[13:23:46]proc name: Initialize (/obj/effect/decal/cleanable/oil/Initialize)
[13:23:46]  source file: robots.dm,52
runtime error: 
[13:23:46]Cannot execute null.add reagent().
[13:23:46]proc name: Initialize (/obj/effect/decal/cleanable/oil/Initialize)
[13:23:46]  source file: robots.dm,52
runtime error: 
[13:23:47]Cannot execute null.add reagent().
[13:23:47]proc name: Initialize (/obj/effect/decal/cleanable/oil/Initialize)
[13:23:47]  source file: robots.dm,52
runtime error: 
[13:23:47]Cannot execute null.add reagent().
[13:23:47]proc name: Initialize (/obj/effect/decal/cleanable/oil/Initialize)
[13:23:47]  source file: robots.dm,52
runtime error: 
[13:23:47]Cannot execute null.add reagent().
[13:23:47]proc name: Initialize (/obj/effect/decal/cleanable/oil/Initialize)
[13:23:47]  source file: robots.dm,52
runtime error: 
[13:23:47]Cannot execute null.add reagent().
[13:23:47]proc name: Initialize (/obj/effect/decal/cleanable/oil/Initialize)
[13:23:47]  source file: robots.dm,52
runtime error: 
[13:23:48]Cannot execute null.add reagent().
[13:23:48]proc name: Initialize (/obj/effect/decal/cleanable/oil/Initialize)
[13:23:48]  source file: robots.dm,52
runtime error: 
[13:23:48]Cannot execute null.add reagent().
[13:23:48]proc name: Initialize (/obj/effect/decal/cleanable/oil/Initialize)
[13:23:48]  source file: robots.dm,52
runtime error: 
[13:23:48]Cannot execute null.add reagent().
[13:23:48]proc name: Initialize (/obj/effect/decal/cleanable/oil/Initialize)
[13:23:48]  source file: robots.dm,52
runtime error: 
[13:23:48]Cannot execute null.add reagent().
[13:23:48]proc name: Initialize (/obj/effect/decal/cleanable/oil/Initialize)
[13:23:48]  source file: robots.dm,52
runtime error: 
[13:23:48]Cannot execute null.add reagent().
[13:23:48]proc name: Initialize (/obj/effect/decal/cleanable/oil/Initialize)
[13:23:48]  source file: robots.dm,52
runtime error: 
[13:23:48]Cannot execute null.add reagent().
[13:23:48]proc name: Initialize (/obj/effect/decal/cleanable/oil/Initialize)
[13:23:48]  source file: robots.dm,52
runtime error: 
[13:23:49]Cannot execute null.add reagent().
[13:23:49]Warning: further proc crash messages are being suppressed to prevent overload...
runtime error: 
[13:23:50]Undefined variable /obj/item/rupee/var/swimming

runtime error: 
[13:23:50]Undefined variable /obj/item/rupee/var/swimming

runtime error: 
[13:23:50]Undefined variable /obj/item/rupee/var/swimming

runtime error: 
[13:23:50]Undefined variable /obj/structure/signpost/salvation/var/swimming

runtime error: 
[13:23:50]Undefined variable /obj/item/rupee/var/swimming

runtime error: 
[13:23:50]Undefined variable /obj/item/rupee/var/swimming

runtime error: 
[13:23:50]Undefined variable /obj/item/rupee/var/swimming

runtime error: 
[13:23:50]Undefined variable /obj/item/rupee/var/swimming

runtime error: 
[13:23:50]Undefined variable /obj/item/rupee/var/swimming

runtime error: 
[13:23:50]Undefined variable /obj/item/rupee/var/swimming

runtime error: 
[13:23:50]Undefined variable /obj/effect/landmark/error/var/swimming

runtime error: 
[13:23:50]Undefined variable /obj/item/rupee/var/swimming

runtime error: 
[13:23:50]Undefined variable /obj/item/rupee/var/swimming

runtime error: 
[13:23:50]Undefined variable /obj/item/rupee/var/swimming

runtime error: 
[13:23:50]Undefined variable /obj/item/rupee/var/swimming

runtime error: 
[13:23:50]Undefined variable /obj/item/rupee/var/swimming

runtime error: 
[13:23:50]Undefined variable /obj/item/rupee/var/swimming

runtime error: 
[13:23:50]Undefined variable /obj/item/rupee/var/swimming

runtime error: 
[13:23:50]Undefined variable /obj/item/rupee/var/swimming

runtime error: 
[13:23:50]Undefined variable /obj/item/rupee/var/swimming

runtime error: 
[13:23:50]Undefined variable /obj/item/rupee/var/swimming

runtime error: 
[13:23:50]Undefined variable /obj/item/rupee/var/swimming

runtime error: 
[13:23:50]Undefined variable /obj/item/rupee/var/swimming

runtime error: 
[13:23:50]Undefined variable /obj/item/rupee/var/swimming

runtime error: 
[13:23:50]Undefined variable /obj/item/rupee/var/swimming

runtime error: 
[13:23:50]Undefined variable /obj/item/rupee/var/swimming

runtime error: 
[13:23:50]Undefined variable /obj/item/rupee/var/swimming

runtime error: 
[13:23:50]Undefined variable /obj/item/rupee/var/swimming

runtime error: 
[13:23:50]Undefined variable /obj/item/rupee/var/swimming

runtime error: 
[13:23:50]Undefined variable /obj/item/rupee/var/swimming

runtime error: 
[13:23:50]Undefined variable /obj/item/rupee/var/swimming

runtime error: 
[13:23:50]Undefined variable /obj/item/rupee/var/swimming

runtime error: 
[13:23:50]Undefined variable /obj/item/rupee/var/swimming

runtime error: 
[13:23:50]Undefined variable /obj/item/rupee/var/swimming

runtime error: 
[13:23:50]Undefined variable /obj/item/rupee/var/swimming

runtime error: 
[13:23:50]Undefined variable /obj/item/rupee/var/swimming

runtime error: 
[13:23:50]Undefined variable /obj/item/rupee/var/swimming

runtime error: 
[13:23:50]Undefined variable /obj/item/rupee/var/swimming

runtime error: 
[13:23:50]Undefined variable /obj/item/rupee/var/swimming

runtime error: 
[13:23:50]Undefined variable /obj/item/rupee/var/swimming

runtime error: 
[13:23:50]Undefined variable /obj/item/rupee/var/swimming

runtime error: 
[13:23:50]Undefined variable /obj/item/rupee/var/swimming

runtime error: 
[13:23:50]Undefined variable /obj/item/rupee/var/swimming

runtime error: 
[13:23:50]Undefined variable /obj/item/rupee/var/swimming

runtime error: 
[13:23:50]Undefined variable /obj/item/rupee/var/swimming

runtime error: 
[13:23:51]Undefined variable /obj/item/rupee/var/swimming

runtime error: 
[13:23:51]Undefined variable /obj/item/rupee/var/swimming

runtime error: 
[13:23:51]Undefined variable /obj/structure/speaking_tile/var/swimming

runtime error: 
[13:23:51]Undefined variable /obj/machinery/abductor/gland_dispenser/var/swimming

runtime error: 
[13:23:51]Undefined variable /obj/structure/table/abductor/var/swimming

runtime error: 
[13:23:51]Undefined variable /obj/item/surgicaldrill/alien/var/swimming

runtime error: 
[13:23:51]undefined proc or verb /mob/living/simple_animal/bot/medbot/mysterious/remove overlay().

runtime error: 
[13:23:51]undefined proc or verb /mob/living/simple_animal/hostile/creature/remove overlay().

runtime error: 
[13:23:51]undefined proc or verb /mob/living/simple_animal/hostile/carp/cayenne/remove overlay().

runtime error: 
[13:23:54]Cannot execute null.add reagent().
runtime error: 
[13:23:54]Cannot execute null.add reagent().
runtime error: 
[13:23:54]Cannot execute null.add reagent().
runtime error: 
[13:23:54]undefined proc or verb /mob/living/simple_animal/bot/medbot/remove overlay().

runtime error: 
[13:23:54]Cannot execute null.add reagent().
runtime error: 
[13:23:54]Cannot execute null.add reagent().
runtime error: 
[13:23:54]undefined proc or verb /mob/living/simple_animal/cockroach/remove overlay().

runtime error: 
[13:23:54]undefined proc or verb /mob/living/simple_animal/cockroach/remove overlay().

runtime error: 
[13:23:54]undefined proc or verb /mob/living/simple_animal/cockroach/remove overlay().

runtime error: 
[13:23:54]undefined proc or verb /mob/living/simple_animal/cockroach/remove overlay().

runtime error: 
[13:23:54]undefined proc or verb /mob/living/simple_animal/cockroach/remove overlay().

runtime error: 
[13:23:54]Cannot execute null.add reagent().
runtime error: 
[13:23:54]undefined proc or verb /mob/living/simple_animal/pet/cat/Runtime/remove overlay().

runtime error: 
[13:23:54]undefined proc or verb /mob/living/simple_animal/cockroach/remove overlay().

runtime error: 
[13:23:54]undefined proc or verb /mob/living/simple_animal/pet/dog/pug/remove overlay().

runtime error: 
[13:23:55]undefined proc or verb /mob/living/simple_animal/cockroach/remove overlay().

runtime error: 
[13:23:55]undefined proc or verb /mob/living/simple_animal/cockroach/remove overlay().

runtime error: 
[13:23:55]undefined proc or verb /mob/living/simple_animal/cockroach/remove overlay().

runtime error: 
[13:23:55]undefined proc or verb /mob/living/simple_animal/slime/remove overlay().

runtime error: 
[13:23:55]undefined proc or verb /mob/living/simple_animal/slime/remove overlay().

runtime error: 
[13:23:55]undefined proc or verb /mob/living/simple_animal/slime/remove overlay().

runtime error: 
[13:23:55]undefined proc or verb /mob/living/simple_animal/cockroach/remove overlay().

runtime error: 
[13:23:55]undefined proc or verb /mob/living/simple_animal/cockroach/remove overlay().

runtime error: 
[13:23:55]undefined proc or verb /mob/living/simple_animal/pet/dog/corgi/Ian/remove overlay().

runtime error: 
[13:23:55]undefined proc or verb /mob/living/simple_animal/bot/secbot/pingsky/remove overlay().

runtime error: 
[13:23:55]undefined proc or verb /mob/living/simple_animal/parrot/Poly/remove overlay().

runtime error: 
[13:23:55]undefined proc or verb /mob/living/simple_animal/bot/secbot/beepsky/remove overlay().

runtime error: 
[13:23:56]undefined proc or verb /mob/living/simple_animal/pet/fox/Renault/remove overlay().

runtime error: 
[13:23:56]undefined proc or verb /mob/living/simple_animal/hostile/carp/cayenne/remove overlay().

runtime error: 
[13:23:56]undefined proc or verb /mob/living/simple_animal/cockroach/remove overlay().

runtime error: 
[13:23:56]undefined proc or verb /mob/living/simple_animal/hostile/retaliate/goat/remove overlay().

runtime error: 
[13:23:56]undefined proc or verb /mob/living/simple_animal/sloth/citrus/remove overlay().

runtime error: 
[13:23:56]undefined proc or verb /mob/living/simple_animal/cockroach/remove overlay().

runtime error: 
[13:23:56]undefined proc or verb /mob/living/simple_animal/mouse/remove overlay().

runtime error: 
[13:23:56]undefined proc or verb /mob/living/simple_animal/mouse/remove overlay().

runtime error: 
[13:23:56]undefined proc or verb /mob/living/simple_animal/bot/mulebot/remove overlay().

runtime error: 
[13:23:56]undefined proc or verb /mob/living/simple_animal/bot/mulebot/remove overlay().

runtime error: 
[13:23:56]undefined proc or verb /mob/living/simple_animal/cockroach/remove overlay().

runtime error: 
[13:23:56]undefined proc or verb /mob/living/simple_animal/hostile/lizard/remove overlay().

runtime error: 
[13:23:56]undefined proc or verb /mob/living/simple_animal/cockroach/remove overlay().

runtime error: 
[13:23:57]undefined proc or verb /mob/living/simple_animal/cockroach/remove overlay().

runtime error: 
[13:23:57]undefined proc or verb /mob/living/simple_animal/cockroach/remove overlay().

runtime error: 
[13:23:57]undefined proc or verb /mob/living/simple_animal/cockroach/remove overlay().

runtime error: 
[13:23:59]undefined proc or verb /mob/living/simple_animal/hostile/asteroid/hivelord/legion/random/remove overlay().

runtime error: 
[13:23:59]undefined proc or verb /mob/living/simple_animal/hostile/asteroid/hivelord/legion/random/remove overlay().

runtime error: 
[13:23:59]undefined proc or verb /mob/living/simple_animal/hostile/asteroid/goliath/beast/random/remove overlay().

runtime error: 
[13:23:59]undefined proc or verb /mob/living/simple_animal/hostile/asteroid/basilisk/watcher/random/remove overlay().

runtime error: 
[13:23:59]undefined proc or verb /mob/living/simple_animal/hostile/asteroid/hivelord/legion/random/remove overlay().

runtime error: 
[13:23:59]undefined proc or verb /mob/living/simple_animal/bot/secbot/beepsky/remove overlay().

runtime error: 
[13:23:59]undefined proc or verb /mob/living/simple_animal/hostile/asteroid/goliath/beast/random/remove overlay().

runtime error: 
[13:23:59]undefined proc or verb /mob/living/simple_animal/hostile/asteroid/hivelord/legion/random/remove overlay().

runtime error: 
[13:23:59]undefined proc or verb /mob/living/simple_animal/hostile/asteroid/hivelord/legion/random/remove overlay().

runtime error: 
[13:23:59]undefined proc or verb /mob/living/simple_animal/hostile/asteroid/goliath/beast/random/remove overlay().

runtime error: 
[13:23:59]undefined proc or verb /mob/living/simple_animal/hostile/asteroid/basilisk/watcher/random/remove overlay().

Initialized 1.48494e+006 atoms
Initialized Atoms subsystem within 27.3 seconds!
Initialized Language subsystem within 0.1 seconds!
Initialized Machines subsystem within 0.4 seconds!
Initialized Circuit subsystem within 0 seconds!
Initialized Weather subsystem within 0 seconds!
## WARNING: There are 730 active turfs at roundstart, this is a mapping error caused by a difference of the air between the adjacent turfs. You can see its coordinates using "Mapping -> Show roundstart AT list" verb (debug verbs required)
## WARNING: HEY! LISTEN! 3 seconds were wasted processing 730 turf(s) (connected to 76713 other turfs) with atmos differences at round start.
Initialized Atmospherics subsystem within 10.5 seconds!
Initialized Minimap subsystem within 0 seconds!
Initialized Assets subsystem within 0.1 seconds!
Initialized Icon Smoothing subsystem within 1.9 seconds!
Initialized Overlay subsystem within 6.5 seconds!
Initialized XKeyScore subsystem within 0 seconds!
Initialized Lighting subsystem within 5.8 seconds!
Initialized Shuttle subsystem within 25.2 seconds!
Initialized Squeak subsystem within 0 seconds!
Loaded 0 engraved messages on map Delta Station
Initialized Persistence subsystem within 0.1 seconds!
Initializations complete within 135.4 seconds!
Game start took 0s
runtime error: 
[13:32:01]Undefined variable /obj/item/projectile/beam/emitter/var/swimming

runtime error: 
[13:32:01]Undefined variable /obj/item/projectile/beam/emitter/var/swimming

runtime error: 
[13:32:01]Undefined variable /obj/item/projectile/beam/emitter/var/swimming

runtime error: 
[13:32:01]Undefined variable /obj/item/projectile/beam/emitter/var/swimming

runtime error: 
[13:32:01]Undefined variable /obj/item/projectile/beam/emitter/var/swimming

runtime error: 
[13:32:01]Undefined variable /obj/item/projectile/beam/emitter/var/swimming

runtime error: 
[13:32:01]Undefined variable /obj/item/projectile/beam/emitter/var/swimming

runtime error: 
[13:32:01]Undefined variable /obj/item/projectile/beam/emitter/var/swimming

runtime error: 
[13:32:01]Undefined variable /obj/item/projectile/beam/emitter/var/swimming

runtime error: 
[13:32:01]Undefined variable /obj/item/projectile/beam/emitter/var/swimming

runtime error: 
[13:32:01]Undefined variable /obj/item/projectile/beam/emitter/var/swimming

runtime error: 
[13:32:01]Undefined variable /obj/item/projectile/beam/emitter/var/swimming

runtime error: 
[13:32:01]Undefined variable /obj/item/projectile/beam/emitter/var/swimming

runtime error: 
[13:32:01]Undefined variable /obj/item/projectile/beam/emitter/var/swimming

runtime error: 
[13:32:01]Undefined variable /obj/item/projectile/beam/emitter/var/swimming

runtime error: 
[13:32:01]Undefined variable /obj/item/projectile/beam/emitter/var/swimming

runtime error: 
[13:32:01]Undefined variable /obj/item/projectile/beam/emitter/var/swimming

runtime error: 
[13:32:01]Undefined variable /obj/item/projectile/beam/emitter/var/swimming

runtime error: 
[13:32:01]Undefined variable /obj/item/projectile/beam/emitter/var/swimming

runtime error: 
[13:32:01]Undefined variable /obj/item/projectile/beam/emitter/var/swimming

runtime error: 
[13:32:01]Undefined variable /obj/item/projectile/beam/emitter/var/swimming

runtime error: 
[13:32:01]Undefined variable /obj/item/projectile/beam/emitter/var/swimming

runtime error: 
[13:32:01]Undefined variable /obj/item/projectile/beam/emitter/var/swimming

runtime error: 
[13:32:01]Undefined variable /obj/item/projectile/beam/emitter/var/swimming

runtime error: 
[13:32:01]Undefined variable /obj/item/projectile/beam/emitter/var/swimming

runtime error: 
[13:32:01]Undefined variable /obj/item/projectile/beam/emitter/var/swimming

runtime error: 
[13:32:01]Undefined variable /obj/item/projectile/beam/emitter/var/swimming

runtime error: 
[13:32:01]Undefined variable /obj/item/projectile/beam/emitter/var/swimming

runtime error: 
[13:32:01]Undefined variable /obj/item/projectile/beam/emitter/var/swimming

runtime error: 
[13:32:01]Undefined variable /obj/item/projectile/beam/emitter/var/swimming

runtime error: 
[13:32:01]Undefined variable /obj/item/projectile/beam/emitter/var/swimming

runtime error: 
[13:32:01]Undefined variable /obj/item/projectile/beam/emitter/var/swimming

runtime error: 
[13:32:01]Undefined variable /obj/item/projectile/beam/emitter/var/swimming

runtime error: 
[13:32:01]Undefined variable /obj/item/projectile/beam/emitter/var/swimming

runtime error: 
[13:32:01]Undefined variable /obj/item/projectile/beam/emitter/var/swimming

runtime error: 
[13:32:01]Undefined variable /obj/item/projectile/beam/emitter/var/swimming

runtime error: 
[13:32:01]Undefined variable /obj/effect/particle_effect/sparks/var/swimming

runtime error: 
[13:32:01]Undefined variable /obj/effect/particle_effect/sparks/var/swimming

runtime error: 
[13:32:01]Undefined variable /obj/effect/particle_effect/sparks/var/swimming

runtime error: 
[13:32:01]Undefined variable /obj/effect/particle_effect/sparks/var/swimming

runtime error: 
[13:32:01]Undefined variable /obj/effect/particle_effect/sparks/var/swimming

runtime error: 
[13:32:01]Undefined variable /obj/effect/particle_effect/sparks/var/swimming

runtime error: 
[13:32:01]Undefined variable /obj/effect/particle_effect/sparks/var/swimming

runtime error: 
[13:32:01]Undefined variable /obj/effect/particle_effect/sparks/var/swimming

runtime error: 
[13:32:02]Undefined variable /obj/item/projectile/beam/emitter/var/swimming

runtime error: 
[13:32:02]Undefined variable /obj/item/projectile/beam/emitter/var/swimming

runtime error: 
[13:32:02]Undefined variable /obj/item/projectile/beam/emitter/var/swimming

runtime error: 
[13:32:02]Undefined variable /obj/item/projectile/beam/emitter/var/swimming

runtime error: 
[13:32:02]Undefined variable /obj/item/projectile/beam/emitter/var/swimming

runtime error: 
[13:32:02]Undefined variable /obj/item/projectile/beam/emitter/var/swimming

runtime error: 
[13:32:02]Undefined variable /obj/item/projectile/beam/emitter/var/swimming

runtime error: 
[13:32:02]undefined proc or verb /mob/living/simple_animal/slime/remove overlay().

runtime error: 
[13:32:02]undefined proc or verb /mob/living/simple_animal/bot/secbot/beepsky/remove overlay().

runtime error: 
[13:32:02]undefined proc or verb /mob/living/simple_animal/bot/secbot/beepsky/remove overlay().

runtime error: 
[13:32:03]undefined proc or verb /mob/living/simple_animal/bot/secbot/beepsky/remove overlay().

runtime error: 
[13:32:03]undefined proc or verb /mob/living/simple_animal/bot/secbot/beepsky/remove overlay().

runtime error: 
[13:32:04]undefined proc or verb /mob/living/simple_animal/bot/secbot/beepsky/remove overlay().

runtime error: 
[13:32:05]undefined proc or verb /mob/living/simple_animal/bot/secbot/beepsky/remove overlay().

runtime error: 
[13:32:05]undefined proc or verb /mob/living/simple_animal/bot/secbot/beepsky/remove overlay().

runtime error: 
[13:32:05]undefined proc or verb /mob/living/simple_animal/bot/secbot/beepsky/remove overlay().

runtime error: 
[13:32:06]undefined proc or verb /mob/living/simple_animal/bot/secbot/beepsky/remove overlay().

runtime error: 
[13:32:06]undefined proc or verb /mob/living/simple_animal/hostile/creature/remove overlay().

runtime error: 
[13:32:06]undefined proc or verb /mob/living/simple_animal/hostile/lizard/remove overlay().

runtime error: 
[13:32:06]undefined proc or verb /mob/living/simple_animal/hostile/asteroid/hivelord/legion/random/remove overlay().

runtime error: 
[13:32:06]undefined proc or verb /mob/living/simple_animal/hostile/asteroid/goliath/beast/random/remove overlay().

runtime error: 
[13:32:06]undefined proc or verb /mob/living/simple_animal/hostile/asteroid/hivelord/legion/random/remove overlay().

runtime error: 
[13:32:06]undefined proc or verb /mob/living/simple_animal/hostile/asteroid/goliath/beast/random/remove overlay().

runtime error: 
[13:32:06]undefined proc or verb /mob/living/simple_animal/hostile/asteroid/hivelord/legion/random/remove overlay().

runtime error: 
[13:32:06]undefined proc or verb /mob/living/simple_animal/hostile/asteroid/hivelord/legion/random/remove overlay().

runtime error: 
[13:32:06]undefined proc or verb /mob/living/simple_animal/hostile/asteroid/hivelord/legion/random/remove overlay().

runtime error: 
[13:32:07]undefined proc or verb /mob/living/simple_animal/bot/secbot/beepsky/remove overlay().

runtime error: 
[13:32:07]undefined proc or verb /mob/living/simple_animal/bot/secbot/beepsky/remove overlay().

runtime error: 
[13:32:07]undefined proc or verb /mob/living/simple_animal/bot/secbot/beepsky/remove overlay().

runtime error: 
[13:32:07]undefined proc or verb /mob/living/simple_animal/slime/remove overlay().

runtime error: 
[13:32:08]undefined proc or verb /mob/living/simple_animal/pet/cat/Runtime/remove overlay().

runtime error: 
[13:32:08]undefined proc or verb /mob/living/simple_animal/bot/secbot/beepsky/remove overlay().

runtime error: 
[13:32:09]undefined proc or verb /mob/living/simple_animal/bot/secbot/beepsky/remove overlay().

runtime error: 
[13:32:10]undefined proc or verb /mob/living/simple_animal/cockroach/remove overlay().

runtime error: 
[13:32:10]undefined proc or verb /mob/living/simple_animal/cockroach/remove overlay().

runtime error: 
[13:32:10]undefined proc or verb /mob/living/simple_animal/cockroach/remove overlay().

runtime error: 
[13:32:10]undefined proc or verb /mob/living/simple_animal/cockroach/remove overlay().

runtime error: 
[13:32:10]undefined proc or verb /mob/living/simple_animal/cockroach/remove overlay().

runtime error: 
[13:32:10]undefined proc or verb /mob/living/simple_animal/cockroach/remove overlay().

runtime error: 
[13:32:10]undefined proc or verb /mob/living/simple_animal/cockroach/remove overlay().

runtime error: 
[13:32:10]undefined proc or verb /mob/living/simple_animal/cockroach/remove overlay().

runtime error: 
[13:32:10]undefined proc or verb /mob/living/simple_animal/cockroach/remove overlay().

runtime error: 
[13:32:10]undefined proc or verb /mob/living/simple_animal/cockroach/remove overlay().

runtime error: 
[13:32:10]undefined proc or verb /mob/living/simple_animal/sloth/citrus/remove overlay().

runtime error: 
[13:32:10]undefined proc or verb /mob/living/simple_animal/cockroach/remove overlay().

runtime error: 
[13:32:10]undefined proc or verb /mob/living/simple_animal/bot/secbot/beepsky/remove overlay().

runtime error: 
[13:32:10]undefined proc or verb /mob/living/simple_animal/mouse/remove overlay().

runtime error: 
[13:32:11]undefined proc or verb /mob/living/simple_animal/cockroach/remove overlay().

runtime error: 
[13:32:11]undefined proc or verb /mob/living/simple_animal/cockroach/remove overlay().

runtime error: 
[13:32:11]undefined proc or verb /mob/living/simple_animal/cockroach/remove overlay().

runtime error: 
[13:32:11]undefined proc or verb /mob/living/simple_animal/bot/secbot/beepsky/remove overlay().

runtime error: 
[13:32:11]undefined proc or verb /mob/living/simple_animal/bot/secbot/beepsky/remove overlay().

runtime error: 
[13:32:13]undefined proc or verb /mob/living/simple_animal/hostile/creature/remove overlay().

runtime error: 
[13:32:13]undefined proc or verb /mob/living/simple_animal/hostile/lizard/remove overlay().

runtime error: 
[13:32:13]undefined proc or verb /mob/living/simple_animal/hostile/asteroid/hivelord/legion/random/remove overlay().

runtime error: 
[13:32:13]undefined proc or verb /mob/living/simple_animal/hostile/asteroid/hivelord/legion/random/remove overlay().

runtime error: 
[13:32:13]undefined proc or verb /mob/living/simple_animal/hostile/asteroid/goliath/beast/random/remove overlay().

runtime error: 
[13:32:13]undefined proc or verb /mob/living/simple_animal/hostile/asteroid/hivelord/legion/random/remove overlay().

## WARNING: A ref was requested of an object with use_tag set but no tag: Noober84555 in code/__HELPERS/unsorted.dm at line 1500 src:  usr: Noober84555.
runtime error: 
[13:37:08]Cannot read null.key
runtime error: 
[13:37:09]Cannot read null.martial_art
runtime error: 
[13:37:09]Cannot read null.martial_art
