

Starting up round ID . 14:57:08
---------------------
[14:57:09]ADMIN: Loading Banlist
[14:57:10]GAME: Saved mode is 'extended'
[14:57:12]ACCESS: Login: AlcaroIsAFrick from 127.0.0.1-1817465521 || BYOND v511
[14:57:12]ACCESS: Mob Login: AlcaroIsAFrick/(AlcaroIsAFrick) was assigned to a /mob/dead/new_player
[14:57:22]ACCESS: Logout: AlcaroIsAFrick/(AlcaroIsAFrick)
[14:57:27]ACCESS: Login: AlcaroIsAFrick from 127.0.0.1-1817465521 || BYOND v511
[14:57:27]ACCESS: Mob Login: AlcaroIsAFrick/(AlcaroIsAFrick) was assigned to a /mob/dead/new_player
[14:58:00]GAME: Hierophant's Arena loaded at at 56,146,5
[14:58:00]GAME: Survival Capsule Ruins loaded at at 193,120,5
[14:58:00]GAME: Biodome Clown Planet loaded at at 59,190,5
[14:58:00]GAME: Survival Capsule Ruins loaded at at 73,108,5
[14:58:00]GAME: Ruin of Envy loaded at at 83,66,5
[14:58:01]GAME: Fountain Hall loaded at at 164,188,5
[14:58:01]GAME: Xenomorph Nest loaded at at 172,158,5
[14:58:01]GAME: Blood-Drunk Miner (Hunter) loaded at at 210,187,5
[14:58:01]GAME: Ruin of Greed loaded at at 153,102,5
[14:58:02]GAME: Kosmicheskaya Stantsiya 13 loaded at at 115,121,9
[14:58:02]GAME: Abandoned Teleporter loaded at at 121,209,7
[14:58:02]GAME: CF Corsair loaded at at 48,145,4
[14:58:03]GAME: Crashed Ship loaded at at 22,119,8
[14:58:03]GAME: Empty Shell loaded at at 160,38,3
[14:58:06]GAME: Derelict Tradepost loaded at at 127,112,11
[14:58:06]GAME: Asteroid 1 loaded at at 53,177,4
[14:58:06]GAME: Derelict 1 loaded at at 62,88,7
[14:58:06]GAME: Derelict 6 loaded at at 78,60,4
[14:58:06]GAME: Derelict 3 loaded at at 39,134,10
[14:58:07]GAME: Survivalist Bunker loaded at at 62,136,11
[14:58:07]GAME: Detached Teleporter loaded at at 139,185,11
[14:58:07]GAME: Syndicate Ambush loaded at at 52,53,8
[14:58:07]GAME: Salvation loaded at at 63,163,7
[14:58:07]GAME: Derelict 4 loaded at at 29,80,10
[14:58:07]GAME: Aesthetic Outpost loaded at at 135,136,4
[14:58:21]ACCESS: Logout: AlcaroIsAFrick/(AlcaroIsAFrick)
[15:02:41]ACCESS: Login: AlcaroIsAFrick from 127.0.0.1-1817465521 || BYOND v511
[15:02:41]ACCESS: Mob Login: AlcaroIsAFrick/(AlcaroIsAFrick) was assigned to a /mob/dead/new_player
[15:02:47]ACCESS: Logout: AlcaroIsAFrick/(AlcaroIsAFrick)
