

Starting up round ID . 15:41:44
---------------------
Noober84555 \ Noober \ GORDON RAMSAY CHEF \ NONE \ LATEJOIN
GabrielDoomBR \ Jack Rick \ MASON KILLERS \ NONE \ LATEJOIN
Um_BR_Sem_vida \ Hadley Treeby \ GORDON RAMSAY CHEF \ NONE \ LATEJOIN
Arthurfelipe12 \ Rocky Balboa \ cool guys medium class \ NONE \ LATEJOIN
HentaiSatan \ Boog E. Mann \ cool guys high class \ NONE \ LATEJOIN
Stormin5532 \ Janel Field \ cool guys medium class \ NONE \ LATEJOIN
HentaiSatan \ Boog E. Mann \ cool guys high class \ NONE \ LATEJOIN
Martinextrem \ Eric Dawkins \ cool guys high class \ NONE \ LATEJOIN
Bubberducky D. Ducker \ Valentina Ali \ GORDON RAMSAY CHEF \ NONE \ LATEJOIN
DX9T0 \ Gavin Fisher \ cool guys low class \ NONE \ LATEJOIN
Bubberducky D. Ducker \ Valentina Ali \ MASON KILLERS \ NONE \ LATEJOIN
Deranging \ You Touch My Tra La La \ cool guys high class \ NONE \ LATEJOIN
BiggiOS \ Mr. Biggi \ cool guys high class \ NONE \ LATEJOIN
Martinextrem \ Eric Dawkins \ cool guys medium class \ NONE \ LATEJOIN
Stormin5532 \ Janel Field \ cool guys high class \ NONE \ LATEJOIN
hentaisatan \ Boog E. Mann \ cool guys high class \ NONE \ LATEJOIN
Stormin5532 \ Janel Field \ cool guys high class \ NONE \ LATEJOIN
Natorix \ Harold Weathers \ cool guys low class \ NONE \ LATEJOIN
hentaisatan \ Boog E. Mann \ cool guys high class \ NONE \ LATEJOIN
