

Starting up round ID . 17:27:32
---------------------
MACIEKBAKI \ Mr Lmao \ cool guys high class \ NONE \ LATEJOIN
Egorium \ Yuri San \ Shitcurity \ NONE \ LATEJOIN
ABystander \ Memes \ cool guys high class \ NONE \ LATEJOIN
Noober84555 \ THE SECOND COMING OF DAMN DANIEL \ cool guys high class \ NONE \ LATEJOIN
Ss13isaids \ Dab Dab \ cool guys high class \ NONE \ LATEJOIN
Master0fe \ Hanry Smith \ cool guys high class \ NONE \ LATEJOIN
Codycloak \ Jesus Christ \ cool guys high class \ NONE \ LATEJOIN
Momo1911 \ Vegeta \ cool guys high class \ NONE \ LATEJOIN
Egorium \ Yuri San \ Shitcurity \ NONE \ LATEJOIN
Egorium \ Yuri San \ Shitcurity \ NONE \ LATEJOIN
Codycloak \ Jesus Christ \ cool guys medium class \ NONE \ LATEJOIN
Egorium \ Yuri San \ Shitcurity \ NONE \ LATEJOIN
Noober84555 \ THE SECOND COMING OF DAMN DANIEL \ cool guys high class \ NONE \ LATEJOIN
Noober84555 \ THE SECOND COMING OF DAMN DANIEL \ cool guys high class \ NONE \ LATEJOIN
MACIEKBAKI \ Mr Lmao \ Shitcurity \ NONE \ LATEJOIN
Momo1911 \ Vegeta \ cool guys high class \ NONE \ LATEJOIN
Ss13isaids \ Dab Dab \ cool guys high class \ NONE \ LATEJOIN
Noober84555 \ THE SECOND COMING OF DAMN DANIEL \ cool guys high class \ NONE \ LATEJOIN
Codycloak \ Son Goku \ cool guys high class \ NONE \ LATEJOIN
Noober84555 \ YO TENGO \ cool guys high class \ NONE \ LATEJOIN
MACIEKBAKI \ Mr Lmao \ Shitcurity \ NONE \ LATEJOIN
Ss13isaids \ Dab Dab \ cool guys high class \ NONE \ LATEJOIN
Egorium \ Yuri San \ Shitcurity \ NONE \ LATEJOIN
MACIEKBAKI \ Mr Lmao \ Shitcurity \ NONE \ LATEJOIN
DimasW \ Avery Wells \ cool guys high class \ NONE \ LATEJOIN
UnusualCone \ Leonel Butterfill \ cool guys high class \ NONE \ LATEJOIN
Rylana Steelclaw \ Rattler Xylobones \ cool guys high class \ NONE \ LATEJOIN
Codycloak \ Son Goku \ cool guys high class \ NONE \ LATEJOIN
DimasW \ Avery Wells \ cool guys high class \ NONE \ LATEJOIN
Codycloak \ Son Goku \ cool guys high class \ NONE \ LATEJOIN
Egorium \ Yuri San \ cool guys medium class \ NONE \ LATEJOIN
Egorium \ Yuri San \ cool guys low class \ NONE \ LATEJOIN
