

Starting up round ID . 17:33:05
---------------------
Initialized Blackbox subsystem within 0 seconds!
Initialized Server Tasks subsystem within 0 seconds!
Initialized Events subsystem within 0 seconds!
runtime error: 
[17:33:06]cannot read from list
[17:33:06]proc name: LoadJobs (/datum/controller/subsystem/job/proc/LoadJobs)
[17:33:06]  source file: job.dm,448
[17:33:06]  usr: null
[17:33:06]  src: Jobs (/datum/controller/subsystem/job)
[17:33:06]  call stack:
[17:33:06]Jobs (/datum/controller/subsystem/job): LoadJobs()
[17:33:06]Jobs (/datum/controller/subsystem/job): Initialize(739864)
[17:33:06]Master (/datum/controller/master): Initialize(10, 0)
Initialized Jobs subsystem within 0.2 seconds!
Initialized Ticker subsystem within 0 seconds!
Loading Box Station...
Loaded station in 17.7s!
Ruin "Hierophant's Arena" placed at (218, 157, 5)
Ruin "Biodome Clown Planet" placed at (86, 182, 5)
Ruin "Biodome Winter" placed at (160, 138, 5)
Ruin "Syndicate Lava Base" placed at (75, 116, 5)
Ruin "Ripley" placed at (149, 191, 5)
Ruin "Ash Walker Nest" placed at (176, 52, 5)
Ruin "Blood-Drunk Miner" placed at (167, 167, 5)
Ruin "Fountain Hall" placed at (211, 200, 5)
Ruin "Syndicate Ambush" placed at (129, 104, 10)
Ruin "Derelict 1" placed at (44, 132, 4)
Ruin "Disposal Facility 17" placed at (223, 101, 11)
Ruin "Asteroid 3" placed at (216, 52, 10)
Ruin "Syndicate Listening Station" placed at (112, 94, 3)
Ruin "Empty Shell" placed at (89, 113, 8)
Ruin "Ancient Space Station" placed at (78, 182, 11)
Ruin "Ordinary Space Tile" placed at (188, 117, 8)
Ruin "Derelict 4" placed at (165, 86, 4)
Ruin "Strange Ship" placed at (57, 126, 3)
Ruin "Derelict 3" placed at (58, 81, 10)
Ruin "Survivalist Bunker" placed at (93, 92, 9)
Ruin "A Giant Ball of Paper in Space" placed at (187, 186, 9)
Ruin "Authorship" placed at (111, 171, 7)
Ruin "Kosmicheskaya Stantsiya 13" placed at (173, 90, 11)
Ruin "Abandoned Teleporter" placed at (112, 41, 3)
Initialized Mapping subsystem within 30.2 seconds!
runtime error: 
[17:33:40]Cannot execute null.add reagent().
[17:33:40]proc name: Initialize (/obj/effect/decal/cleanable/blood/gibs/Initialize)
[17:33:40]  source file: humans.dm,57
[17:33:40]  usr: null
[17:33:40]  src: the gibs (/obj/effect/decal/cleanable/blood/gibs/body)
[17:33:40]  src.loc: null
[17:33:40]  call stack:
[17:33:40]the gibs (/obj/effect/decal/cleanable/blood/gibs/body): Initialize(1, null)
[17:33:40]Atoms (/datum/controller/subsystem/atoms): InitAtom(the gibs (/obj/effect/decal/cleanable/blood/gibs/body), /list (/list))
[17:33:40]Atoms (/datum/controller/subsystem/atoms): InitializeAtoms(null)
[17:33:40]Atoms (/datum/controller/subsystem/atoms): Initialize(740170)
[17:33:40]Master (/datum/controller/master): Initialize(10, 0)
runtime error: 
[17:33:40]Cannot execute null.add reagent().
[17:33:40]proc name: Initialize (/obj/effect/decal/cleanable/blood/gibs/Initialize)
[17:33:40]  source file: humans.dm,57
[17:33:40]  usr: null
[17:33:40]  src: the gibs (/obj/effect/decal/cleanable/blood/gibs/body)
[17:33:40]  src.loc: null
[17:33:40]  call stack:
[17:33:40]the gibs (/obj/effect/decal/cleanable/blood/gibs/body): Initialize(1, null)
[17:33:40]Atoms (/datum/controller/subsystem/atoms): InitAtom(the gibs (/obj/effect/decal/cleanable/blood/gibs/body), /list (/list))
[17:33:40]Atoms (/datum/controller/subsystem/atoms): InitializeAtoms(null)
[17:33:40]Atoms (/datum/controller/subsystem/atoms): Initialize(740170)
[17:33:40]Master (/datum/controller/master): Initialize(10, 0)
runtime error: 
[17:33:40]Cannot execute null.add reagent().
[17:33:40]proc name: Initialize (/obj/effect/decal/cleanable/blood/gibs/Initialize)
[17:33:40]  source file: humans.dm,57
[17:33:40]  usr: null
[17:33:40]  src: the gibs (/obj/effect/decal/cleanable/blood/gibs/body)
[17:33:40]  src.loc: null
[17:33:40]  call stack:
[17:33:40]the gibs (/obj/effect/decal/cleanable/blood/gibs/body): Initialize(1, null)
[17:33:40]Atoms (/datum/controller/subsystem/atoms): InitAtom(the gibs (/obj/effect/decal/cleanable/blood/gibs/body), /list (/list))
[17:33:40]Atoms (/datum/controller/subsystem/atoms): InitializeAtoms(null)
[17:33:40]Atoms (/datum/controller/subsystem/atoms): Initialize(740170)
[17:33:40]Master (/datum/controller/master): Initialize(10, 0)
runtime error: 
[17:33:40]Cannot execute null.add reagent().
[17:33:40]proc name: Initialize (/obj/effect/decal/cleanable/blood/gibs/Initialize)
[17:33:40]  source file: humans.dm,57
[17:33:40]  usr: null
[17:33:40]  src: the gibs (/obj/effect/decal/cleanable/blood/gibs/body)
[17:33:40]  src.loc: null
[17:33:40]  call stack:
[17:33:40]the gibs (/obj/effect/decal/cleanable/blood/gibs/body): Initialize(1, null)
[17:33:40]Atoms (/datum/controller/subsystem/atoms): InitAtom(the gibs (/obj/effect/decal/cleanable/blood/gibs/body), /list (/list))
[17:33:40]Atoms (/datum/controller/subsystem/atoms): InitializeAtoms(null)
[17:33:40]Atoms (/datum/controller/subsystem/atoms): Initialize(740170)
[17:33:40]Master (/datum/controller/master): Initialize(10, 0)
runtime error: 
[17:33:41]Cannot execute null.add reagent().
[17:33:41]proc name: Initialize (/obj/effect/decal/cleanable/oil/Initialize)
[17:33:41]  source file: robots.dm,52
[17:33:41]  usr: null
[17:33:41]  src: the motor oil (/obj/effect/decal/cleanable/oil)
[17:33:41]  src.loc: null
[17:33:41]  call stack:
[17:33:41]the motor oil (/obj/effect/decal/cleanable/oil): Initialize(1)
[17:33:41]Atoms (/datum/controller/subsystem/atoms): InitAtom(the motor oil (/obj/effect/decal/cleanable/oil), /list (/list))
[17:33:41]Atoms (/datum/controller/subsystem/atoms): InitializeAtoms(null)
[17:33:41]Atoms (/datum/controller/subsystem/atoms): Initialize(740170)
[17:33:41]Master (/datum/controller/master): Initialize(10, 0)
runtime error: 
[17:33:41]Cannot execute null.add reagent().
[17:33:41]proc name: Initialize (/obj/effect/decal/cleanable/oil/Initialize)
[17:33:41]  source file: robots.dm,52
[17:33:41]  usr: null
[17:33:41]  src: the motor oil (/obj/effect/decal/cleanable/oil)
[17:33:41]  src.loc: null
[17:33:41]  call stack:
[17:33:41]the motor oil (/obj/effect/decal/cleanable/oil): Initialize(1)
[17:33:41]Atoms (/datum/controller/subsystem/atoms): InitAtom(the motor oil (/obj/effect/decal/cleanable/oil), /list (/list))
[17:33:41]Atoms (/datum/controller/subsystem/atoms): InitializeAtoms(null)
[17:33:41]Atoms (/datum/controller/subsystem/atoms): Initialize(740170)
[17:33:41]Master (/datum/controller/master): Initialize(10, 0)
runtime error: 
[17:33:42]Cannot execute null.add reagent().
[17:33:42]proc name: Initialize (/obj/effect/decal/cleanable/blood/gibs/Initialize)
[17:33:42]  source file: humans.dm,57
[17:33:42]  usr: null
[17:33:42]  src: the old rotting gibs (/obj/effect/decal/cleanable/blood/gibs/old)
[17:33:42]  src.loc: null
[17:33:42]  call stack:
[17:33:42]the old rotting gibs (/obj/effect/decal/cleanable/blood/gibs/old): Initialize(1, null)
[17:33:42]the old rotting gibs (/obj/effect/decal/cleanable/blood/gibs/old): Initialize(1, null)
[17:33:42]Atoms (/datum/controller/subsystem/atoms): InitAtom(the old rotting gibs (/obj/effect/decal/cleanable/blood/gibs/old), /list (/list))
[17:33:42]Atoms (/datum/controller/subsystem/atoms): InitializeAtoms(null)
[17:33:42]Atoms (/datum/controller/subsystem/atoms): Initialize(740170)
[17:33:42]Master (/datum/controller/master): Initialize(10, 0)
runtime error: 
[17:33:42]Cannot execute null.add reagent().
[17:33:42]proc name: Initialize (/obj/effect/decal/cleanable/blood/gibs/Initialize)
[17:33:42]  source file: humans.dm,57
[17:33:42]  usr: null
[17:33:42]  src: the gibs (/obj/effect/decal/cleanable/blood/gibs/limb)
[17:33:42]  src.loc: null
[17:33:42]  call stack:
[17:33:42]the gibs (/obj/effect/decal/cleanable/blood/gibs/limb): Initialize(1, null)
[17:33:42]Atoms (/datum/controller/subsystem/atoms): InitAtom(the gibs (/obj/effect/decal/cleanable/blood/gibs/limb), /list (/list))
[17:33:42]Atoms (/datum/controller/subsystem/atoms): InitializeAtoms(null)
[17:33:42]Atoms (/datum/controller/subsystem/atoms): Initialize(740170)
[17:33:42]Master (/datum/controller/master): Initialize(10, 0)
runtime error: 
[17:33:42]Cannot execute null.add reagent().
[17:33:42]proc name: Initialize (/obj/effect/decal/cleanable/blood/gibs/Initialize)
[17:33:42]  source file: humans.dm,57
[17:33:42]  usr: null
[17:33:42]  src: the old rotting gibs (/obj/effect/decal/cleanable/blood/gibs/old)
[17:33:42]  src.loc: null
[17:33:42]  call stack:
[17:33:42]the old rotting gibs (/obj/effect/decal/cleanable/blood/gibs/old): Initialize(1, null)
[17:33:42]the old rotting gibs (/obj/effect/decal/cleanable/blood/gibs/old): Initialize(1, null)
[17:33:42]Atoms (/datum/controller/subsystem/atoms): InitAtom(the old rotting gibs (/obj/effect/decal/cleanable/blood/gibs/old), /list (/list))
[17:33:42]Atoms (/datum/controller/subsystem/atoms): InitializeAtoms(null)
[17:33:42]Atoms (/datum/controller/subsystem/atoms): Initialize(740170)
[17:33:42]Master (/datum/controller/master): Initialize(10, 0)
runtime error: 
[17:33:42]Cannot execute null.add reagent().
[17:33:42]proc name: Initialize (/obj/effect/decal/cleanable/blood/gibs/Initialize)
[17:33:42]  source file: humans.dm,57
[17:33:42]  usr: null
[17:33:42]  src: the old rotting gibs (/obj/effect/decal/cleanable/blood/gibs/old)
[17:33:42]  src.loc: null
[17:33:42]  call stack:
[17:33:42]the old rotting gibs (/obj/effect/decal/cleanable/blood/gibs/old): Initialize(1, null)
[17:33:42]the old rotting gibs (/obj/effect/decal/cleanable/blood/gibs/old): Initialize(1, null)
[17:33:42]Atoms (/datum/controller/subsystem/atoms): InitAtom(the old rotting gibs (/obj/effect/decal/cleanable/blood/gibs/old), /list (/list))
[17:33:42]Atoms (/datum/controller/subsystem/atoms): InitializeAtoms(null)
[17:33:42]Atoms (/datum/controller/subsystem/atoms): Initialize(740170)
[17:33:42]Master (/datum/controller/master): Initialize(10, 0)
runtime error: 
[17:33:42]Cannot execute null.add reagent().
[17:33:42]proc name: Initialize (/obj/effect/decal/cleanable/blood/gibs/Initialize)
[17:33:42]  source file: humans.dm,57
[17:33:42]  usr: null
[17:33:42]  src: the gibs (/obj/effect/decal/cleanable/blood/gibs/limb)
[17:33:42]  src.loc: null
[17:33:42]  call stack:
[17:33:42]the gibs (/obj/effect/decal/cleanable/blood/gibs/limb): Initialize(1, null)
[17:33:42]Atoms (/datum/controller/subsystem/atoms): InitAtom(the gibs (/obj/effect/decal/cleanable/blood/gibs/limb), /list (/list))
[17:33:42]Atoms (/datum/controller/subsystem/atoms): InitializeAtoms(null)
[17:33:42]Atoms (/datum/controller/subsystem/atoms): Initialize(740170)
[17:33:42]Master (/datum/controller/master): Initialize(10, 0)
runtime error: 
[17:33:42]Cannot execute null.add reagent().
[17:33:42]proc name: Initialize (/obj/effect/decal/cleanable/oil/Initialize)
[17:33:42]  source file: robots.dm,52
[17:33:42]  usr: null
[17:33:42]  src: the motor oil (/obj/effect/decal/cleanable/oil)
[17:33:42]  src.loc: null
[17:33:42]  call stack:
[17:33:42]the motor oil (/obj/effect/decal/cleanable/oil): Initialize(1)
[17:33:42]Atoms (/datum/controller/subsystem/atoms): InitAtom(the motor oil (/obj/effect/decal/cleanable/oil), /list (/list))
[17:33:42]Atoms (/datum/controller/subsystem/atoms): InitializeAtoms(null)
[17:33:42]Atoms (/datum/controller/subsystem/atoms): Initialize(740170)
[17:33:42]Master (/datum/controller/master): Initialize(10, 0)
runtime error: 
[17:33:42]Cannot execute null.add reagent().
[17:33:42]proc name: Initialize (/obj/effect/decal/cleanable/blood/gibs/Initialize)
[17:33:42]  source file: humans.dm,57
[17:33:42]  usr: null
[17:33:42]  src: the old rotting gibs (/obj/effect/decal/cleanable/blood/gibs/old)
[17:33:42]  src.loc: null
[17:33:42]  call stack:
[17:33:42]the old rotting gibs (/obj/effect/decal/cleanable/blood/gibs/old): Initialize(1, null)
[17:33:42]the old rotting gibs (/obj/effect/decal/cleanable/blood/gibs/old): Initialize(1, null)
[17:33:42]Atoms (/datum/controller/subsystem/atoms): InitAtom(the old rotting gibs (/obj/effect/decal/cleanable/blood/gibs/old), /list (/list))
[17:33:42]Atoms (/datum/controller/subsystem/atoms): InitializeAtoms(null)
[17:33:42]Atoms (/datum/controller/subsystem/atoms): Initialize(740170)
[17:33:42]Master (/datum/controller/master): Initialize(10, 0)
runtime error: 
[17:33:43]Cannot execute null.add reagent().
[17:33:43]proc name: Initialize (/obj/effect/decal/cleanable/oil/Initialize)
[17:33:43]  source file: robots.dm,52
[17:33:43]  usr: null
[17:33:43]  src: the motor oil (/obj/effect/decal/cleanable/oil)
[17:33:43]  src.loc: null
[17:33:43]  call stack:
[17:33:43]the motor oil (/obj/effect/decal/cleanable/oil): Initialize(1)
[17:33:43]Atoms (/datum/controller/subsystem/atoms): InitAtom(the motor oil (/obj/effect/decal/cleanable/oil), /list (/list))
[17:33:43]Atoms (/datum/controller/subsystem/atoms): InitializeAtoms(null)
[17:33:43]Atoms (/datum/controller/subsystem/atoms): Initialize(740170)
[17:33:43]Master (/datum/controller/master): Initialize(10, 0)
runtime error: 
[17:33:43]Cannot execute null.add reagent().
[17:33:43]proc name: Initialize (/obj/effect/decal/cleanable/blood/gibs/Initialize)
[17:33:43]  source file: humans.dm,57
[17:33:43]  usr: null
[17:33:43]  src: the old rotting gibs (/obj/effect/decal/cleanable/blood/gibs/old)
[17:33:43]  src.loc: null
[17:33:43]  call stack:
[17:33:43]the old rotting gibs (/obj/effect/decal/cleanable/blood/gibs/old): Initialize(1, null)
[17:33:43]the old rotting gibs (/obj/effect/decal/cleanable/blood/gibs/old): Initialize(1, null)
[17:33:43]Atoms (/datum/controller/subsystem/atoms): InitAtom(the old rotting gibs (/obj/effect/decal/cleanable/blood/gibs/old), /list (/list))
[17:33:43]Atoms (/datum/controller/subsystem/atoms): InitializeAtoms(null)
[17:33:43]Atoms (/datum/controller/subsystem/atoms): Initialize(740170)
[17:33:43]Master (/datum/controller/master): Initialize(10, 0)
runtime error: 
[17:33:43]Cannot execute null.add reagent().
[17:33:43]proc name: Initialize (/obj/effect/decal/cleanable/blood/gibs/Initialize)
[17:33:43]  source file: humans.dm,57
[17:33:43]  usr: null
[17:33:43]  src: the old rotting gibs (/obj/effect/decal/cleanable/blood/gibs/old)
[17:33:43]  src.loc: null
[17:33:43]  call stack:
[17:33:43]the old rotting gibs (/obj/effect/decal/cleanable/blood/gibs/old): Initialize(1, null)
[17:33:43]the old rotting gibs (/obj/effect/decal/cleanable/blood/gibs/old): Initialize(1, null)
[17:33:43]Atoms (/datum/controller/subsystem/atoms): InitAtom(the old rotting gibs (/obj/effect/decal/cleanable/blood/gibs/old), /list (/list))
[17:33:43]Atoms (/datum/controller/subsystem/atoms): InitializeAtoms(null)
[17:33:43]Atoms (/datum/controller/subsystem/atoms): Initialize(740170)
[17:33:43]Master (/datum/controller/master): Initialize(10, 0)
runtime error: 
[17:33:43]Cannot execute null.add reagent().
[17:33:43]proc name: Initialize (/obj/effect/decal/cleanable/blood/gibs/Initialize)
[17:33:43]  source file: humans.dm,57
runtime error: 
[17:33:43]Cannot execute null.add reagent().
[17:33:43]proc name: Initialize (/obj/effect/decal/cleanable/oil/Initialize)
[17:33:43]  source file: robots.dm,52
runtime error: 
[17:33:43]Cannot execute null.add reagent().
[17:33:43]proc name: Initialize (/obj/effect/decal/cleanable/oil/Initialize)
[17:33:43]  source file: robots.dm,52
runtime error: 
[17:33:43]Cannot execute null.add reagent().
[17:33:43]proc name: Initialize (/obj/effect/decal/cleanable/ash/Initialize)
[17:33:43]  source file: misc.dm,16
runtime error: 
[17:33:43]Cannot execute null.add reagent().
[17:33:43]proc name: Initialize (/obj/effect/decal/cleanable/oil/Initialize)
[17:33:43]  source file: robots.dm,52
runtime error: 
[17:33:43]Cannot execute null.add reagent().
[17:33:43]proc name: Initialize (/obj/effect/decal/cleanable/blood/gibs/Initialize)
[17:33:43]  source file: humans.dm,57
runtime error: 
[17:33:43]Cannot execute null.add reagent().
[17:33:43]proc name: Initialize (/obj/effect/decal/cleanable/oil/Initialize)
[17:33:43]  source file: robots.dm,52
runtime error: 
[17:33:44]Cannot execute null.add reagent().
[17:33:44]proc name: Initialize (/obj/effect/decal/cleanable/oil/Initialize)
[17:33:44]  source file: robots.dm,52
runtime error: 
[17:33:46]Cannot execute null.add reagent().
[17:33:46]proc name: Initialize (/obj/effect/decal/cleanable/oil/Initialize)
[17:33:46]  source file: robots.dm,52
runtime error: 
[17:33:48]Cannot execute null.add reagent().
[17:33:48]proc name: Initialize (/obj/effect/decal/cleanable/oil/Initialize)
[17:33:48]  source file: robots.dm,52
runtime error: 
[17:33:49]Cannot execute null.add reagent().
[17:33:49]proc name: Initialize (/obj/effect/decal/cleanable/oil/Initialize)
[17:33:49]  source file: robots.dm,52
runtime error: 
[17:33:50]Cannot execute null.add reagent().
[17:33:50]proc name: Initialize (/obj/effect/decal/cleanable/oil/Initialize)
[17:33:50]  source file: robots.dm,52
runtime error: 
[17:33:50]Cannot execute null.add reagent().
[17:33:50]proc name: Initialize (/obj/effect/decal/cleanable/oil/Initialize)
[17:33:50]  source file: robots.dm,52
runtime error: 
[17:33:51]Cannot execute null.add reagent().
[17:33:51]proc name: Initialize (/obj/effect/decal/cleanable/oil/Initialize)
[17:33:51]  source file: robots.dm,52
runtime error: 
[17:33:51]Cannot execute null.add reagent().
[17:33:51]proc name: Initialize (/obj/effect/decal/cleanable/oil/Initialize)
[17:33:51]  source file: robots.dm,52
runtime error: 
[17:33:51]Cannot execute null.add reagent().
[17:33:51]proc name: Initialize (/obj/effect/decal/cleanable/blood/gibs/Initialize)
[17:33:51]  source file: humans.dm,57
runtime error: 
[17:33:51]Cannot execute null.add reagent().
[17:33:51]proc name: Initialize (/obj/effect/decal/cleanable/blood/gibs/Initialize)
[17:33:51]  source file: humans.dm,57
runtime error: 
[17:33:51]Cannot execute null.add reagent().
[17:33:51]proc name: Initialize (/obj/effect/decal/cleanable/blood/gibs/Initialize)
[17:33:51]  source file: humans.dm,57
runtime error: 
[17:33:51]Cannot execute null.add reagent().
[17:33:51]proc name: Initialize (/obj/effect/decal/cleanable/blood/gibs/Initialize)
[17:33:51]  source file: humans.dm,57
runtime error: 
[17:33:51]Cannot execute null.add reagent().
[17:33:51]proc name: Initialize (/obj/effect/decal/cleanable/blood/gibs/Initialize)
[17:33:51]  source file: humans.dm,57
runtime error: 
[17:33:51]Cannot execute null.add reagent().
[17:33:51]proc name: Initialize (/obj/effect/decal/cleanable/blood/gibs/Initialize)
[17:33:51]  source file: humans.dm,57
runtime error: 
[17:33:51]Cannot execute null.add reagent().
[17:33:51]proc name: Initialize (/obj/effect/decal/cleanable/blood/gibs/Initialize)
[17:33:51]  source file: humans.dm,57
runtime error: 
[17:33:51]Cannot execute null.add reagent().
[17:33:51]proc name: Initialize (/obj/effect/decal/cleanable/blood/gibs/Initialize)
[17:33:51]  source file: humans.dm,57
runtime error: 
[17:33:51]Cannot execute null.add reagent().
[17:33:51]proc name: Initialize (/obj/effect/decal/cleanable/blood/gibs/Initialize)
[17:33:51]  source file: humans.dm,57
runtime error: 
[17:33:51]Cannot execute null.add reagent().
[17:33:51]proc name: Initialize (/obj/effect/decal/cleanable/blood/gibs/Initialize)
[17:33:51]  source file: humans.dm,57
runtime error: 
[17:33:51]Cannot execute null.add reagent().
[17:33:51]proc name: Initialize (/obj/effect/decal/cleanable/blood/gibs/Initialize)
[17:33:51]  source file: humans.dm,57
runtime error: 
[17:33:51]Cannot execute null.add reagent().
[17:33:51]proc name: Initialize (/obj/effect/decal/cleanable/blood/gibs/Initialize)
[17:33:51]  source file: humans.dm,57
runtime error: 
[17:33:51]Cannot execute null.add reagent().
[17:33:51]proc name: Initialize (/obj/effect/decal/cleanable/blood/gibs/Initialize)
[17:33:51]  source file: humans.dm,57
runtime error: 
[17:33:51]Cannot execute null.add reagent().
[17:33:51]proc name: Initialize (/obj/effect/decal/cleanable/blood/gibs/Initialize)
[17:33:51]  source file: humans.dm,57
runtime error: 
[17:33:52]Cannot execute null.add reagent().
[17:33:52]proc name: Initialize (/obj/effect/decal/cleanable/oil/Initialize)
[17:33:52]  source file: robots.dm,52
runtime error: 
[17:33:52]Cannot execute null.add reagent().
[17:33:52]proc name: Initialize (/obj/effect/decal/cleanable/ash/Initialize)
[17:33:52]  source file: misc.dm,16
runtime error: 
[17:33:52]Cannot execute null.add reagent().
[17:33:52]proc name: Initialize (/obj/effect/decal/cleanable/oil/Initialize)
[17:33:52]  source file: robots.dm,52
runtime error: 
[17:33:52]Cannot execute null.add reagent().
[17:33:52]proc name: Initialize (/obj/effect/decal/cleanable/oil/Initialize)
[17:33:52]  source file: robots.dm,52
runtime error: 
[17:33:52]Cannot execute null.add reagent().
[17:33:52]proc name: Initialize (/obj/effect/decal/cleanable/oil/Initialize)
[17:33:52]  source file: robots.dm,52
runtime error: 
[17:33:52]Cannot execute null.add reagent().
[17:33:52]proc name: Initialize (/obj/effect/decal/cleanable/oil/Initialize)
[17:33:52]  source file: robots.dm,52
runtime error: 
[17:33:52]Cannot execute null.add reagent().
[17:33:52]proc name: Initialize (/obj/effect/decal/cleanable/oil/Initialize)
[17:33:52]  source file: robots.dm,52
runtime error: 
[17:33:52]Cannot execute null.add reagent().
[17:33:52]proc name: Initialize (/obj/effect/decal/cleanable/oil/Initialize)
[17:33:52]  source file: robots.dm,52
runtime error: 
[17:33:53]Cannot execute null.add reagent().
[17:33:53]proc name: Initialize (/obj/effect/decal/cleanable/oil/Initialize)
[17:33:53]  source file: robots.dm,52
runtime error: 
[17:33:53]Cannot execute null.add reagent().
[17:33:53]proc name: Initialize (/obj/effect/decal/cleanable/oil/Initialize)
[17:33:53]  source file: robots.dm,52
runtime error: 
[17:33:53]Cannot execute null.add reagent().
[17:33:53]proc name: Initialize (/obj/effect/decal/cleanable/oil/Initialize)
[17:33:53]  source file: robots.dm,52
runtime error: 
[17:33:53]Cannot execute null.add reagent().
[17:33:53]proc name: Initialize (/obj/effect/decal/cleanable/oil/Initialize)
[17:33:53]  source file: robots.dm,52
runtime error: 
[17:33:53]Cannot execute null.add reagent().
[17:33:53]proc name: Initialize (/obj/effect/decal/cleanable/oil/Initialize)
[17:33:53]  source file: robots.dm,52
runtime error: 
[17:33:53]Cannot execute null.add reagent().
[17:33:53]proc name: Initialize (/obj/effect/decal/cleanable/blood/gibs/Initialize)
[17:33:53]  source file: humans.dm,57
runtime error: 
[17:33:53]Cannot execute null.add reagent().
[17:33:53]proc name: Initialize (/obj/effect/decal/cleanable/blood/gibs/Initialize)
[17:33:53]  source file: humans.dm,57
runtime error: 
[17:33:54]Cannot execute null.add reagent().
[17:33:54]proc name: Initialize (/obj/effect/decal/cleanable/oil/Initialize)
[17:33:54]  source file: robots.dm,52
runtime error: 
[17:33:58]Cannot execute null.add reagent().
[17:33:58]proc name: Initialize (/obj/effect/decal/cleanable/oil/Initialize)
[17:33:58]  source file: robots.dm,52
runtime error: 
[17:33:58]Cannot execute null.add reagent().
[17:33:58]proc name: Initialize (/obj/effect/decal/cleanable/oil/Initialize)
[17:33:58]  source file: robots.dm,52
runtime error: 
[17:33:58]Cannot execute null.add reagent().
[17:33:58]proc name: Initialize (/obj/effect/decal/cleanable/oil/Initialize)
[17:33:58]  source file: robots.dm,52
runtime error: 
[17:33:58]Cannot execute null.add reagent().
[17:33:58]proc name: Initialize (/obj/effect/decal/cleanable/oil/Initialize)
[17:33:58]  source file: robots.dm,52
runtime error: 
[17:33:58]Cannot execute null.add reagent().
[17:33:58]proc name: Initialize (/obj/effect/decal/cleanable/oil/Initialize)
[17:33:58]  source file: robots.dm,52
runtime error: 
[17:33:58]Cannot execute null.add reagent().
[17:33:58]proc name: Initialize (/obj/effect/decal/cleanable/oil/Initialize)
[17:33:58]  source file: robots.dm,52
runtime error: 
[17:33:58]Cannot execute null.add reagent().
[17:33:58]proc name: Initialize (/obj/effect/decal/cleanable/oil/Initialize)
[17:33:58]  source file: robots.dm,52
runtime error: 
[17:33:58]Cannot execute null.add reagent().
[17:33:58]proc name: Initialize (/obj/effect/decal/cleanable/oil/Initialize)
[17:33:58]  source file: robots.dm,52
runtime error: 
[17:33:58]Cannot execute null.add reagent().
[17:33:58]proc name: Initialize (/obj/effect/decal/cleanable/oil/Initialize)
[17:33:58]  source file: robots.dm,52
runtime error: 
[17:33:58]Cannot execute null.add reagent().
[17:33:58]proc name: Initialize (/obj/effect/decal/cleanable/oil/Initialize)
[17:33:58]  source file: robots.dm,52
runtime error: 
[17:33:58]Cannot execute null.add reagent().
[17:33:58]proc name: Initialize (/obj/effect/decal/cleanable/oil/Initialize)
[17:33:58]  source file: robots.dm,52
runtime error: 
[17:33:58]Cannot execute null.add reagent().
[17:33:58]proc name: Initialize (/obj/effect/decal/cleanable/oil/Initialize)
[17:33:58]  source file: robots.dm,52
runtime error: 
[17:33:58]Cannot execute null.add reagent().
[17:33:58]proc name: Initialize (/obj/effect/decal/cleanable/oil/Initialize)
[17:33:58]  source file: robots.dm,52
runtime error: 
[17:33:59]Cannot execute null.add reagent().
[17:33:59]proc name: Initialize (/obj/effect/decal/cleanable/oil/Initialize)
[17:33:59]  source file: robots.dm,52
runtime error: 
[17:33:59]Cannot execute null.add reagent().
[17:33:59]proc name: Initialize (/obj/effect/decal/cleanable/oil/Initialize)
[17:33:59]  source file: robots.dm,52
runtime error: 
[17:33:59]Cannot execute null.add reagent().
[17:33:59]proc name: Initialize (/obj/effect/decal/cleanable/oil/Initialize)
[17:33:59]  source file: robots.dm,52
runtime error: 
[17:33:59]Cannot execute null.add reagent().
[17:33:59]proc name: Initialize (/obj/effect/decal/cleanable/oil/Initialize)
[17:33:59]  source file: robots.dm,52
runtime error: 
[17:33:59]Cannot execute null.add reagent().
[17:33:59]proc name: Initialize (/obj/effect/decal/cleanable/oil/Initialize)
[17:33:59]  source file: robots.dm,52
runtime error: 
[17:33:59]Cannot execute null.add reagent().
[17:33:59]proc name: Initialize (/obj/effect/decal/cleanable/oil/Initialize)
[17:33:59]  source file: robots.dm,52
runtime error: 
[17:33:59]Cannot execute null.add reagent().
[17:33:59]proc name: Initialize (/obj/effect/decal/cleanable/oil/Initialize)
[17:33:59]  source file: robots.dm,52
runtime error: 
[17:33:59]Cannot execute null.add reagent().
[17:33:59]proc name: Initialize (/obj/effect/decal/cleanable/oil/Initialize)
[17:33:59]  source file: robots.dm,52
runtime error: 
[17:33:59]Cannot execute null.add reagent().
[17:33:59]proc name: Initialize (/obj/effect/decal/cleanable/oil/Initialize)
[17:33:59]  source file: robots.dm,52
runtime error: 
[17:34:00]Cannot execute null.add reagent().
Initialized 883776 atoms
Initialized Atoms subsystem within 54.3 seconds!
Initialized Language subsystem within 0 seconds!
Initialized Machines subsystem within 0.4 seconds!
Initialized Circuit subsystem within 0 seconds!
Initialized Weather subsystem within 0 seconds!
## WARNING: There are 15 active turfs at roundstart, this is a mapping error caused by a difference of the air between the adjacent turfs. You can see its coordinates using "Mapping -> Show roundstart AT list" verb (debug verbs required)
## WARNING: HEY! LISTEN! 1 second were wasted processing 15 turf(s) (connected to 18751 other turfs) with atmos differences at round start.
Initialized Atmospherics subsystem within 20.6 seconds!
Initialized Minimap subsystem within 0 seconds!
Initialized Assets subsystem within 0.4 seconds!
Initialized Icon Smoothing subsystem within 8.6 seconds!
Initialized Overlay subsystem within 53.2 seconds!
Initialized XKeyScore subsystem within 0 seconds!
Initialized Lighting subsystem within 28 seconds!
Initialized Shuttle subsystem within 34.2 seconds!
Initialized Squeak subsystem within 0.1 seconds!
Initialized Persistence subsystem within 0.1 seconds!
Initializations complete within 231.5 seconds!
Game start took 0s
## WARNING: A ref was requested of an object with use_tag set but no tag: AlcaroIsAFrick in code/__HELPERS/unsorted.dm at line 1500 src:  usr: AlcaroIsAFrick.
runtime error: 
[17:37:15]Cannot read null.key
runtime error: 
[17:41:21]Cannot execute null.add reagent().
runtime error: 
[17:41:21]Cannot execute null.add reagent().
runtime error: 
[17:41:21]Cannot execute null.add reagent().
runtime error: 
[17:41:21]Cannot execute null.add reagent().
runtime error: 
[17:41:21]Cannot execute null.add reagent().
## WARNING: A ref was requested of an object with use_tag set but no tag: Lezus_Konrad in code/__HELPERS/unsorted.dm at line 1500 src:  usr: Lezus_Konrad.
runtime error: 
[17:44:25]Cannot read null.key
### VarEdit by AlcaroIsAFrick/(YO MAMA): /mob/living/carbon/human real_name=Cherette Fitzgerald => mason muffoleto
runtime error: 
[17:50:27]list index out of bounds
runtime error: 
[17:50:28]list index out of bounds
runtime error: 
[17:50:29]list index out of bounds
runtime error: 
[17:50:30]list index out of bounds
runtime error: 
[17:50:31]list index out of bounds
runtime error: 
[17:50:32]list index out of bounds
runtime error: 
[17:50:33]list index out of bounds
runtime error: 
[17:50:34]list index out of bounds
runtime error: 
[17:50:36]list index out of bounds
runtime error: 
[17:50:37]list index out of bounds
runtime error: 
[17:50:37]list index out of bounds
runtime error: 
[17:50:38]list index out of bounds
runtime error: 
[17:50:39]list index out of bounds
runtime error: 
[17:50:40]list index out of bounds
runtime error: 
[17:50:49]list index out of bounds
runtime error: 
[17:50:50]Cannot execute null.has antag datum().
runtime error: 
[17:50:50]list index out of bounds
### ListVarEdit by Lezus_Konrad: /obj/machinery/chem_dispenser dispensable_reagents: ADDED=aldenium
### ListVarEdit by Lezus_Konrad: /obj/machinery/chem_dispenser/mutagensaltpeter dispensable_reagents: ADDED=alden
### ListVarEdit by Lezus_Konrad: /obj/machinery/chem_dispenser/mutagensaltpeter dispensable_reagents: ADDED=aldenium
### ListVarEdit by Lezus_Konrad: /obj/machinery/chem_dispenser/mutagensaltpeter dispensable_reagents: ADDED=water
runtime error: 
[17:59:17]Cannot read null.key
### ListVarEdit by Lezus_Konrad: /obj/machinery/chem_dispenser/mutagensaltpeter dispensable_reagents: ADDED=potassium
runtime error: 
[18:00:24]Cannot execute null.add reagent().
Initialized 344 atoms
runtime error: 
[18:01:41]Cannot execute null.add reagent().
Initialized 337 atoms
runtime error: 
[18:04:07]Cannot execute null.add reagent().
Initialized 234 atoms
### VarEdit by Unixian/(Hannah Woollard): /mob/living/carbon/human name=Hannah Woollard => Saddam Hussein
### VarEdit by Unixian/(Saddam Hussein): /mob/living/carbon/human real_name=Hannah Woollard => Saddam Hussein
runtime error: 
[18:06:58]Cannot execute null.add reagent().
runtime error: 
[18:12:01]Cannot execute null.add reagent().
runtime error: 
[18:12:01]Cannot execute null.add reagent().
runtime error: 
[18:12:01]Cannot execute null.add reagent().
runtime error: 
[18:12:01]Cannot execute null.add reagent().
runtime error: 
[18:12:01]Cannot execute null.add reagent().
runtime error: 
[18:12:02]Cannot execute null.add reagent().
### VarEdit by Lezus_Konrad/(Alden Is A Terrorist): /obj/item/device/flashlight/slime flashlight_power=1 => 100
Saved 0 engraved messages on map Box Station
Shutting down Persistence subsystem...
Shutting down Squeak subsystem...
Shutting down Shuttle subsystem...
Shutting down Lighting subsystem...
Shutting down XKeyScore subsystem...
Shutting down Sticky Ban subsystem...
Shutting down Overlay subsystem...
Shutting down Icon Smoothing subsystem...
Shutting down Assets subsystem...
Shutting down Minimap subsystem...
Shutting down Atmospherics subsystem...
Shutting down Weather subsystem...
Shutting down Vote subsystem...
Shutting down Title Screen subsystem...
Shutting down Time Tracking subsystem...
Shutting down Throwing subsystem...
Shutting down tgui subsystem...
Shutting down Sun subsystem...
Shutting down Space Drift subsystem...
Shutting down Religion subsystem...
Shutting down Radio subsystem...
Shutting down Radiation subsystem...
Shutting down Projectiles subsystem...
Shutting down Processing subsystem...
Shutting down Parallax subsystem...
Shutting down pAI subsystem...
Shutting down Orbits subsystem...
Shutting down Objects subsystem...
Shutting down NPC Pool subsystem...
Shutting down Mobs subsystem...
Shutting down Inbounds subsystem...
Shutting down Idling NPC Pool subsystem...
Shutting down Garbage subsystem...
Shutting down Flightpack Movement subsystem...
Shutting down Fire Burning subsystem...
Shutting down Fields subsystem...
Shutting down Fast Processing subsystem...
Shutting down Disease subsystem...
Shutting down Communications subsystem...
Shutting down Augury subsystem...
Shutting down Acid subsystem...
Shutting down Timer subsystem...
Shutting down Circuit subsystem...
Shutting down Machines subsystem...
Shutting down Language subsystem...
Shutting down Atoms subsystem...
Shutting down Mapping subsystem...
Shutting down Ticker subsystem...
Shutting down Jobs subsystem...
Shutting down Events subsystem...
Shutting down Server Tasks subsystem...
Shutting down Blackbox subsystem...
Shutting down Database subsystem...
Shutdown complete
World rebooted at 18:15:17
### VarEdit by Lezus_Konrad/(Alden Is A Terrorist): /obj/item/device/flashlight/slime light_power=1 => 100
