

Starting up round ID . 18:50:53
---------------------
Initialized Blackbox subsystem within 0 seconds!
Initialized Server Tasks subsystem within 0 seconds!
Initialized Events subsystem within 0 seconds!
runtime error: 
[18:50:54]cannot read from list
[18:50:54]proc name: LoadJobs (/datum/controller/subsystem/job/proc/LoadJobs)
[18:50:54]  source file: job.dm,448
[18:50:54]  usr: null
[18:50:54]  src: Jobs (/datum/controller/subsystem/job)
[18:50:54]  call stack:
[18:50:54]Jobs (/datum/controller/subsystem/job): LoadJobs()
[18:50:54]Jobs (/datum/controller/subsystem/job): Initialize(822546)
[18:50:54]Master (/datum/controller/master): Initialize(10, 0)
Initialized Jobs subsystem within 0.3 seconds!
Initialized Ticker subsystem within 0 seconds!
Loading Delta Station...
runtime error: 
[18:51:51]Cannot execute /datum/plant_gene/trait/glow (/datum/plant_gene/trait/glow).glow range().
[18:51:51]proc name: New (/obj/structure/glowshroom/New)
[18:51:51]  source file: glowshroom.dm,63
[18:51:51]  usr: null
[18:51:51]  src: the glowshroom (/obj/structure/glowshroom/single)
[18:51:51]  src.loc: Cave Floor (303,71,2) (/turf/open/floor/plating/asteroid)
[18:51:51]  call stack:
[18:51:51]the glowshroom (/obj/structure/glowshroom/single): New(Cave Floor (303,71,2) (/turf/open/floor/plating/asteroid), null, null)
[18:51:51]/dmm_suite (/dmm_suite): create atom(/obj/structure/glowshroom/sing... (/obj/structure/glowshroom/single), Cave Floor (303,71,2) (/turf/open/floor/plating/asteroid))
[18:51:51]/dmm_suite (/dmm_suite): instance atom(/obj/structure/glowshroom/sing... (/obj/structure/glowshroom/single), /list (/list), Cave Floor (303,71,2) (/turf/open/floor/plating/asteroid), 1)
[18:51:51]/dmm_suite (/dmm_suite): parse grid("/obj/structure/glowshroom/sing...", "eFi", 303, 71, 2, 1)
[18:51:51]/dmm_suite (/dmm_suite): load map impl(_maps/map_files/Deltastation/D..., 1, 1, 2, null, null, 1, -1e+031, 1e+031, -1e+031, 1e+031)
[18:51:51]/dmm_suite (/dmm_suite): load map(_maps/map_files/Deltastation/D..., 0, 0, 2, null, null, 1, null, null, null, null)
[18:51:51]Mapping (/datum/controller/subsystem/mapping): TryLoadZ("_maps/map_files/Deltastation/D...", /list (/list), 2, null)
[18:51:51]Mapping (/datum/controller/subsystem/mapping): loadWorld()
[18:51:51]Mapping (/datum/controller/subsystem/mapping): Initialize(822550)
[18:51:51]Master (/datum/controller/master): Initialize(10, 0)
runtime error: 
[18:51:51]Cannot execute /datum/plant_gene/trait/glow (/datum/plant_gene/trait/glow).glow range().
[18:51:51]proc name: New (/obj/structure/glowshroom/New)
[18:51:51]  source file: glowshroom.dm,63
[18:51:51]  usr: null
[18:51:51]  src: the glowshroom (/obj/structure/glowshroom/single)
[18:51:51]  src.loc: Cave Floor (306,70,2) (/turf/open/floor/plating/asteroid)
[18:51:51]  call stack:
[18:51:51]the glowshroom (/obj/structure/glowshroom/single): New(Cave Floor (306,70,2) (/turf/open/floor/plating/asteroid), null, null)
[18:51:51]/dmm_suite (/dmm_suite): create atom(/obj/structure/glowshroom/sing... (/obj/structure/glowshroom/single), Cave Floor (306,70,2) (/turf/open/floor/plating/asteroid))
[18:51:51]/dmm_suite (/dmm_suite): instance atom(/obj/structure/glowshroom/sing... (/obj/structure/glowshroom/single), /list (/list), Cave Floor (306,70,2) (/turf/open/floor/plating/asteroid), 1)
[18:51:51]/dmm_suite (/dmm_suite): parse grid("/obj/structure/glowshroom/sing...", "eFi", 306, 70, 2, 1)
[18:51:51]/dmm_suite (/dmm_suite): load map impl(_maps/map_files/Deltastation/D..., 1, 1, 2, null, null, 1, -1e+031, 1e+031, -1e+031, 1e+031)
[18:51:51]/dmm_suite (/dmm_suite): load map(_maps/map_files/Deltastation/D..., 0, 0, 2, null, null, 1, null, null, null, null)
[18:51:51]Mapping (/datum/controller/subsystem/mapping): TryLoadZ("_maps/map_files/Deltastation/D...", /list (/list), 2, null)
[18:51:51]Mapping (/datum/controller/subsystem/mapping): loadWorld()
[18:51:51]Mapping (/datum/controller/subsystem/mapping): Initialize(822550)
[18:51:51]Master (/datum/controller/master): Initialize(10, 0)
runtime error: 
[18:51:51]Cannot execute /datum/plant_gene/trait/glow (/datum/plant_gene/trait/glow).glow range().
[18:51:51]proc name: New (/obj/structure/glowshroom/New)
[18:51:51]  source file: glowshroom.dm,63
[18:51:51]  usr: null
[18:51:51]  src: the glowshroom (/obj/structure/glowshroom/single)
[18:51:51]  src.loc: Cave Floor (309,70,2) (/turf/open/floor/plating/asteroid)
[18:51:51]  call stack:
[18:51:51]the glowshroom (/obj/structure/glowshroom/single): New(Cave Floor (309,70,2) (/turf/open/floor/plating/asteroid), null, null)
[18:51:51]/dmm_suite (/dmm_suite): create atom(/obj/structure/glowshroom/sing... (/obj/structure/glowshroom/single), Cave Floor (309,70,2) (/turf/open/floor/plating/asteroid))
[18:51:51]/dmm_suite (/dmm_suite): instance atom(/obj/structure/glowshroom/sing... (/obj/structure/glowshroom/single), /list (/list), Cave Floor (309,70,2) (/turf/open/floor/plating/asteroid), 1)
[18:51:51]/dmm_suite (/dmm_suite): parse grid("/obj/structure/glowshroom/sing...", "eFi", 309, 70, 2, 1)
[18:51:51]/dmm_suite (/dmm_suite): load map impl(_maps/map_files/Deltastation/D..., 1, 1, 2, null, null, 1, -1e+031, 1e+031, -1e+031, 1e+031)
[18:51:51]/dmm_suite (/dmm_suite): load map(_maps/map_files/Deltastation/D..., 0, 0, 2, null, null, 1, null, null, null, null)
[18:51:51]Mapping (/datum/controller/subsystem/mapping): TryLoadZ("_maps/map_files/Deltastation/D...", /list (/list), 2, null)
[18:51:51]Mapping (/datum/controller/subsystem/mapping): loadWorld()
[18:51:51]Mapping (/datum/controller/subsystem/mapping): Initialize(822550)
[18:51:51]Master (/datum/controller/master): Initialize(10, 0)
runtime error: 
[18:51:51]Cannot execute /datum/plant_gene/trait/glow (/datum/plant_gene/trait/glow).glow range().
[18:51:51]proc name: New (/obj/structure/glowshroom/New)
[18:51:51]  source file: glowshroom.dm,63
[18:51:51]  usr: null
[18:51:51]  src: the glowshroom (/obj/structure/glowshroom/single)
[18:51:51]  src.loc: Cave Floor (302,69,2) (/turf/open/floor/plating/asteroid)
[18:51:51]  call stack:
[18:51:51]the glowshroom (/obj/structure/glowshroom/single): New(Cave Floor (302,69,2) (/turf/open/floor/plating/asteroid), null, null)
[18:51:51]/dmm_suite (/dmm_suite): create atom(/obj/structure/glowshroom/sing... (/obj/structure/glowshroom/single), Cave Floor (302,69,2) (/turf/open/floor/plating/asteroid))
[18:51:51]/dmm_suite (/dmm_suite): instance atom(/obj/structure/glowshroom/sing... (/obj/structure/glowshroom/single), /list (/list), Cave Floor (302,69,2) (/turf/open/floor/plating/asteroid), 1)
[18:51:51]/dmm_suite (/dmm_suite): parse grid("/obj/structure/glowshroom/sing...", "eFi", 302, 69, 2, 1)
[18:51:51]/dmm_suite (/dmm_suite): load map impl(_maps/map_files/Deltastation/D..., 1, 1, 2, null, null, 1, -1e+031, 1e+031, -1e+031, 1e+031)
[18:51:51]/dmm_suite (/dmm_suite): load map(_maps/map_files/Deltastation/D..., 0, 0, 2, null, null, 1, null, null, null, null)
[18:51:51]Mapping (/datum/controller/subsystem/mapping): TryLoadZ("_maps/map_files/Deltastation/D...", /list (/list), 2, null)
[18:51:51]Mapping (/datum/controller/subsystem/mapping): loadWorld()
[18:51:51]Mapping (/datum/controller/subsystem/mapping): Initialize(822550)
[18:51:51]Master (/datum/controller/master): Initialize(10, 0)
runtime error: 
[18:51:51]Cannot execute /datum/plant_gene/trait/glow (/datum/plant_gene/trait/glow).glow range().
[18:51:51]proc name: New (/obj/structure/glowshroom/New)
[18:51:51]  source file: glowshroom.dm,63
[18:51:51]  usr: null
[18:51:51]  src: the glowshroom (/obj/structure/glowshroom/single)
[18:51:51]  src.loc: Cave Floor (296,55,2) (/turf/open/floor/plating/asteroid)
[18:51:51]  call stack:
[18:51:51]the glowshroom (/obj/structure/glowshroom/single): New(Cave Floor (296,55,2) (/turf/open/floor/plating/asteroid), null, null)
[18:51:51]/dmm_suite (/dmm_suite): create atom(/obj/structure/glowshroom/sing... (/obj/structure/glowshroom/single), Cave Floor (296,55,2) (/turf/open/floor/plating/asteroid))
[18:51:51]/dmm_suite (/dmm_suite): instance atom(/obj/structure/glowshroom/sing... (/obj/structure/glowshroom/single), /list (/list), Cave Floor (296,55,2) (/turf/open/floor/plating/asteroid), 1)
[18:51:51]/dmm_suite (/dmm_suite): parse grid("/obj/structure/glowshroom/sing...", "eJI", 296, 55, 2, 1)
[18:51:51]/dmm_suite (/dmm_suite): load map impl(_maps/map_files/Deltastation/D..., 1, 1, 2, null, null, 1, -1e+031, 1e+031, -1e+031, 1e+031)
[18:51:51]/dmm_suite (/dmm_suite): load map(_maps/map_files/Deltastation/D..., 0, 0, 2, null, null, 1, null, null, null, null)
[18:51:51]Mapping (/datum/controller/subsystem/mapping): TryLoadZ("_maps/map_files/Deltastation/D...", /list (/list), 2, null)
[18:51:51]Mapping (/datum/controller/subsystem/mapping): loadWorld()
[18:51:51]Mapping (/datum/controller/subsystem/mapping): Initialize(822550)
[18:51:51]Master (/datum/controller/master): Initialize(10, 0)
runtime error: 
[18:51:51]Cannot execute /datum/plant_gene/trait/glow (/datum/plant_gene/trait/glow).glow range().
[18:51:51]proc name: New (/obj/structure/glowshroom/New)
[18:51:51]  source file: glowshroom.dm,63
[18:51:51]  usr: null
[18:51:51]  src: the glowshroom (/obj/structure/glowshroom/single)
[18:51:51]  src.loc: Cave Floor (299,55,2) (/turf/open/floor/plating/asteroid)
[18:51:51]  call stack:
[18:51:51]the glowshroom (/obj/structure/glowshroom/single): New(Cave Floor (299,55,2) (/turf/open/floor/plating/asteroid), null, null)
[18:51:51]/dmm_suite (/dmm_suite): create atom(/obj/structure/glowshroom/sing... (/obj/structure/glowshroom/single), Cave Floor (299,55,2) (/turf/open/floor/plating/asteroid))
[18:51:51]/dmm_suite (/dmm_suite): instance atom(/obj/structure/glowshroom/sing... (/obj/structure/glowshroom/single), /list (/list), Cave Floor (299,55,2) (/turf/open/floor/plating/asteroid), 1)
[18:51:51]/dmm_suite (/dmm_suite): parse grid("/obj/structure/glowshroom/sing...", "eJI", 299, 55, 2, 1)
[18:51:51]/dmm_suite (/dmm_suite): load map impl(_maps/map_files/Deltastation/D..., 1, 1, 2, null, null, 1, -1e+031, 1e+031, -1e+031, 1e+031)
[18:51:51]/dmm_suite (/dmm_suite): load map(_maps/map_files/Deltastation/D..., 0, 0, 2, null, null, 1, null, null, null, null)
[18:51:51]Mapping (/datum/controller/subsystem/mapping): TryLoadZ("_maps/map_files/Deltastation/D...", /list (/list), 2, null)
[18:51:51]Mapping (/datum/controller/subsystem/mapping): loadWorld()
[18:51:51]Mapping (/datum/controller/subsystem/mapping): Initialize(822550)
[18:51:51]Master (/datum/controller/master): Initialize(10, 0)
runtime error: 
[18:51:51]Cannot execute /datum/plant_gene/trait/glow (/datum/plant_gene/trait/glow).glow range().
[18:51:51]proc name: New (/obj/structure/glowshroom/New)
[18:51:51]  source file: glowshroom.dm,63
[18:51:51]  usr: null
[18:51:51]  src: the glowshroom (/obj/structure/glowshroom/single)
[18:51:51]  src.loc: Cave Floor (283,53,2) (/turf/open/floor/plating/asteroid)
[18:51:51]  call stack:
[18:51:51]the glowshroom (/obj/structure/glowshroom/single): New(Cave Floor (283,53,2) (/turf/open/floor/plating/asteroid), null, null)
[18:51:51]/dmm_suite (/dmm_suite): create atom(/obj/structure/glowshroom/sing... (/obj/structure/glowshroom/single), Cave Floor (283,53,2) (/turf/open/floor/plating/asteroid))
[18:51:51]/dmm_suite (/dmm_suite): instance atom(/obj/structure/glowshroom/sing... (/obj/structure/glowshroom/single), /list (/list), Cave Floor (283,53,2) (/turf/open/floor/plating/asteroid), 1)
[18:51:51]/dmm_suite (/dmm_suite): parse grid("/obj/structure/glowshroom/sing...", "eJI", 283, 53, 2, 1)
[18:51:51]/dmm_suite (/dmm_suite): load map impl(_maps/map_files/Deltastation/D..., 1, 1, 2, null, null, 1, -1e+031, 1e+031, -1e+031, 1e+031)
[18:51:51]/dmm_suite (/dmm_suite): load map(_maps/map_files/Deltastation/D..., 0, 0, 2, null, null, 1, null, null, null, null)
[18:51:51]Mapping (/datum/controller/subsystem/mapping): TryLoadZ("_maps/map_files/Deltastation/D...", /list (/list), 2, null)
[18:51:51]Mapping (/datum/controller/subsystem/mapping): loadWorld()
[18:51:51]Mapping (/datum/controller/subsystem/mapping): Initialize(822550)
[18:51:51]Master (/datum/controller/master): Initialize(10, 0)
runtime error: 
[18:51:51]Cannot execute /datum/plant_gene/trait/glow (/datum/plant_gene/trait/glow).glow range().
[18:51:51]proc name: New (/obj/structure/glowshroom/New)
[18:51:51]  source file: glowshroom.dm,63
[18:51:51]  usr: null
[18:51:51]  src: the glowshroom (/obj/structure/glowshroom/single)
[18:51:51]  src.loc: Cave Floor (302,53,2) (/turf/open/floor/plating/asteroid)
[18:51:51]  call stack:
[18:51:51]the glowshroom (/obj/structure/glowshroom/single): New(Cave Floor (302,53,2) (/turf/open/floor/plating/asteroid), null, null)
[18:51:51]/dmm_suite (/dmm_suite): create atom(/obj/structure/glowshroom/sing... (/obj/structure/glowshroom/single), Cave Floor (302,53,2) (/turf/open/floor/plating/asteroid))
[18:51:51]/dmm_suite (/dmm_suite): instance atom(/obj/structure/glowshroom/sing... (/obj/structure/glowshroom/single), /list (/list), Cave Floor (302,53,2) (/turf/open/floor/plating/asteroid), 1)
[18:51:51]/dmm_suite (/dmm_suite): parse grid("/obj/structure/glowshroom/sing...", "eJI", 302, 53, 2, 1)
[18:51:51]/dmm_suite (/dmm_suite): load map impl(_maps/map_files/Deltastation/D..., 1, 1, 2, null, null, 1, -1e+031, 1e+031, -1e+031, 1e+031)
[18:51:51]/dmm_suite (/dmm_suite): load map(_maps/map_files/Deltastation/D..., 0, 0, 2, null, null, 1, null, null, null, null)
[18:51:51]Mapping (/datum/controller/subsystem/mapping): TryLoadZ("_maps/map_files/Deltastation/D...", /list (/list), 2, null)
[18:51:51]Mapping (/datum/controller/subsystem/mapping): loadWorld()
[18:51:51]Mapping (/datum/controller/subsystem/mapping): Initialize(822550)
[18:51:51]Master (/datum/controller/master): Initialize(10, 0)
runtime error: 
[18:51:51]Cannot execute /datum/plant_gene/trait/glow (/datum/plant_gene/trait/glow).glow range().
[18:51:51]proc name: New (/obj/structure/glowshroom/New)
[18:51:51]  source file: glowshroom.dm,63
[18:51:51]  usr: null
[18:51:51]  src: the glowshroom (/obj/structure/glowshroom/single)
[18:51:51]  src.loc: Cave Floor (276,52,2) (/turf/open/floor/plating/asteroid)
[18:51:51]  call stack:
[18:51:51]the glowshroom (/obj/structure/glowshroom/single): New(Cave Floor (276,52,2) (/turf/open/floor/plating/asteroid), null, null)
[18:51:51]/dmm_suite (/dmm_suite): create atom(/obj/structure/glowshroom/sing... (/obj/structure/glowshroom/single), Cave Floor (276,52,2) (/turf/open/floor/plating/asteroid))
[18:51:51]/dmm_suite (/dmm_suite): instance atom(/obj/structure/glowshroom/sing... (/obj/structure/glowshroom/single), /list (/list), Cave Floor (276,52,2) (/turf/open/floor/plating/asteroid), 1)
[18:51:51]/dmm_suite (/dmm_suite): parse grid("/obj/structure/glowshroom/sing...", "eJI", 276, 52, 2, 1)
[18:51:51]/dmm_suite (/dmm_suite): load map impl(_maps/map_files/Deltastation/D..., 1, 1, 2, null, null, 1, -1e+031, 1e+031, -1e+031, 1e+031)
[18:51:51]/dmm_suite (/dmm_suite): load map(_maps/map_files/Deltastation/D..., 0, 0, 2, null, null, 1, null, null, null, null)
[18:51:51]Mapping (/datum/controller/subsystem/mapping): TryLoadZ("_maps/map_files/Deltastation/D...", /list (/list), 2, null)
[18:51:51]Mapping (/datum/controller/subsystem/mapping): loadWorld()
[18:51:51]Mapping (/datum/controller/subsystem/mapping): Initialize(822550)
[18:51:51]Master (/datum/controller/master): Initialize(10, 0)
runtime error: 
[18:51:52]Cannot execute /datum/plant_gene/trait/glow (/datum/plant_gene/trait/glow).glow range().
[18:51:52]proc name: New (/obj/structure/glowshroom/New)
[18:51:52]  source file: glowshroom.dm,63
[18:51:52]  usr: null
[18:51:52]  src: the glowshroom (/obj/structure/glowshroom/single)
[18:51:52]  src.loc: Cave Floor (292,51,2) (/turf/open/floor/plating/asteroid)
[18:51:52]  call stack:
[18:51:52]the glowshroom (/obj/structure/glowshroom/single): New(Cave Floor (292,51,2) (/turf/open/floor/plating/asteroid), null, null)
[18:51:52]/dmm_suite (/dmm_suite): create atom(/obj/structure/glowshroom/sing... (/obj/structure/glowshroom/single), Cave Floor (292,51,2) (/turf/open/floor/plating/asteroid))
[18:51:52]/dmm_suite (/dmm_suite): instance atom(/obj/structure/glowshroom/sing... (/obj/structure/glowshroom/single), /list (/list), Cave Floor (292,51,2) (/turf/open/floor/plating/asteroid), 1)
[18:51:52]/dmm_suite (/dmm_suite): parse grid("/obj/structure/glowshroom/sing...", "eJI", 292, 51, 2, 1)
[18:51:52]/dmm_suite (/dmm_suite): load map impl(_maps/map_files/Deltastation/D..., 1, 1, 2, null, null, 1, -1e+031, 1e+031, -1e+031, 1e+031)
[18:51:52]/dmm_suite (/dmm_suite): load map(_maps/map_files/Deltastation/D..., 0, 0, 2, null, null, 1, null, null, null, null)
[18:51:52]Mapping (/datum/controller/subsystem/mapping): TryLoadZ("_maps/map_files/Deltastation/D...", /list (/list), 2, null)
[18:51:52]Mapping (/datum/controller/subsystem/mapping): loadWorld()
[18:51:52]Mapping (/datum/controller/subsystem/mapping): Initialize(822550)
[18:51:52]Master (/datum/controller/master): Initialize(10, 0)
runtime error: 
[18:51:52]Cannot execute /datum/plant_gene/trait/glow (/datum/plant_gene/trait/glow).glow range().
[18:51:52]proc name: New (/obj/structure/glowshroom/New)
[18:51:52]  source file: glowshroom.dm,63
[18:51:52]  usr: null
[18:51:52]  src: the glowshroom (/obj/structure/glowshroom/single)
[18:51:52]  src.loc: Cave Floor (295,51,2) (/turf/open/floor/plating/asteroid)
[18:51:52]  call stack:
[18:51:52]the glowshroom (/obj/structure/glowshroom/single): New(Cave Floor (295,51,2) (/turf/open/floor/plating/asteroid), null, null)
[18:51:52]/dmm_suite (/dmm_suite): create atom(/obj/structure/glowshroom/sing... (/obj/structure/glowshroom/single), Cave Floor (295,51,2) (/turf/open/floor/plating/asteroid))
[18:51:52]/dmm_suite (/dmm_suite): instance atom(/obj/structure/glowshroom/sing... (/obj/structure/glowshroom/single), /list (/list), Cave Floor (295,51,2) (/turf/open/floor/plating/asteroid), 1)
[18:51:52]/dmm_suite (/dmm_suite): parse grid("/obj/structure/glowshroom/sing...", "eJI", 295, 51, 2, 1)
[18:51:52]/dmm_suite (/dmm_suite): load map impl(_maps/map_files/Deltastation/D..., 1, 1, 2, null, null, 1, -1e+031, 1e+031, -1e+031, 1e+031)
[18:51:52]/dmm_suite (/dmm_suite): load map(_maps/map_files/Deltastation/D..., 0, 0, 2, null, null, 1, null, null, null, null)
[18:51:52]Mapping (/datum/controller/subsystem/mapping): TryLoadZ("_maps/map_files/Deltastation/D...", /list (/list), 2, null)
[18:51:52]Mapping (/datum/controller/subsystem/mapping): loadWorld()
[18:51:52]Mapping (/datum/controller/subsystem/mapping): Initialize(822550)
[18:51:52]Master (/datum/controller/master): Initialize(10, 0)
runtime error: 
[18:51:52]Cannot execute /datum/plant_gene/trait/glow (/datum/plant_gene/trait/glow).glow range().
[18:51:52]proc name: New (/obj/structure/glowshroom/New)
[18:51:52]  source file: glowshroom.dm,63
[18:51:52]  usr: null
[18:51:52]  src: the glowshroom (/obj/structure/glowshroom/single)
[18:51:52]  src.loc: Cave Floor (258,49,2) (/turf/open/floor/plating/asteroid)
[18:51:52]  call stack:
[18:51:52]the glowshroom (/obj/structure/glowshroom/single): New(Cave Floor (258,49,2) (/turf/open/floor/plating/asteroid), null, null)
[18:51:52]/dmm_suite (/dmm_suite): create atom(/obj/structure/glowshroom/sing... (/obj/structure/glowshroom/single), Cave Floor (258,49,2) (/turf/open/floor/plating/asteroid))
[18:51:52]/dmm_suite (/dmm_suite): instance atom(/obj/structure/glowshroom/sing... (/obj/structure/glowshroom/single), /list (/list), Cave Floor (258,49,2) (/turf/open/floor/plating/asteroid), 1)
[18:51:52]/dmm_suite (/dmm_suite): parse grid("/obj/structure/glowshroom/sing...", "eJI", 258, 49, 2, 1)
[18:51:52]/dmm_suite (/dmm_suite): load map impl(_maps/map_files/Deltastation/D..., 1, 1, 2, null, null, 1, -1e+031, 1e+031, -1e+031, 1e+031)
[18:51:52]/dmm_suite (/dmm_suite): load map(_maps/map_files/Deltastation/D..., 0, 0, 2, null, null, 1, null, null, null, null)
[18:51:52]Mapping (/datum/controller/subsystem/mapping): TryLoadZ("_maps/map_files/Deltastation/D...", /list (/list), 2, null)
[18:51:52]Mapping (/datum/controller/subsystem/mapping): loadWorld()
[18:51:52]Mapping (/datum/controller/subsystem/mapping): Initialize(822550)
[18:51:52]Master (/datum/controller/master): Initialize(10, 0)
runtime error: 
[18:51:52]Cannot execute /datum/plant_gene/trait/glow (/datum/plant_gene/trait/glow).glow range().
[18:51:52]proc name: New (/obj/structure/glowshroom/New)
[18:51:52]  source file: glowshroom.dm,63
[18:51:52]  usr: null
[18:51:52]  src: the glowshroom (/obj/structure/glowshroom/single)
[18:51:52]  src.loc: Cave Floor (275,49,2) (/turf/open/floor/plating/asteroid)
[18:51:52]  call stack:
[18:51:52]the glowshroom (/obj/structure/glowshroom/single): New(Cave Floor (275,49,2) (/turf/open/floor/plating/asteroid), null, null)
[18:51:52]/dmm_suite (/dmm_suite): create atom(/obj/structure/glowshroom/sing... (/obj/structure/glowshroom/single), Cave Floor (275,49,2) (/turf/open/floor/plating/asteroid))
[18:51:52]/dmm_suite (/dmm_suite): instance atom(/obj/structure/glowshroom/sing... (/obj/structure/glowshroom/single), /list (/list), Cave Floor (275,49,2) (/turf/open/floor/plating/asteroid), 1)
[18:51:52]/dmm_suite (/dmm_suite): parse grid("/obj/structure/glowshroom/sing...", "eJI", 275, 49, 2, 1)
[18:51:52]/dmm_suite (/dmm_suite): load map impl(_maps/map_files/Deltastation/D..., 1, 1, 2, null, null, 1, -1e+031, 1e+031, -1e+031, 1e+031)
[18:51:52]/dmm_suite (/dmm_suite): load map(_maps/map_files/Deltastation/D..., 0, 0, 2, null, null, 1, null, null, null, null)
[18:51:52]Mapping (/datum/controller/subsystem/mapping): TryLoadZ("_maps/map_files/Deltastation/D...", /list (/list), 2, null)
[18:51:52]Mapping (/datum/controller/subsystem/mapping): loadWorld()
[18:51:52]Mapping (/datum/controller/subsystem/mapping): Initialize(822550)
[18:51:52]Master (/datum/controller/master): Initialize(10, 0)
runtime error: 
[18:51:52]Cannot execute /datum/plant_gene/trait/glow (/datum/plant_gene/trait/glow).glow range().
[18:51:52]proc name: New (/obj/structure/glowshroom/New)
[18:51:52]  source file: glowshroom.dm,63
[18:51:52]  usr: null
[18:51:52]  src: the glowshroom (/obj/structure/glowshroom/single)
[18:51:52]  src.loc: Cave Floor (261,48,2) (/turf/open/floor/plating/asteroid)
[18:51:52]  call stack:
[18:51:52]the glowshroom (/obj/structure/glowshroom/single): New(Cave Floor (261,48,2) (/turf/open/floor/plating/asteroid), null, null)
[18:51:52]/dmm_suite (/dmm_suite): create atom(/obj/structure/glowshroom/sing... (/obj/structure/glowshroom/single), Cave Floor (261,48,2) (/turf/open/floor/plating/asteroid))
[18:51:52]/dmm_suite (/dmm_suite): instance atom(/obj/structure/glowshroom/sing... (/obj/structure/glowshroom/single), /list (/list), Cave Floor (261,48,2) (/turf/open/floor/plating/asteroid), 1)
[18:51:52]/dmm_suite (/dmm_suite): parse grid("/obj/structure/glowshroom/sing...", "eJI", 261, 48, 2, 1)
[18:51:52]/dmm_suite (/dmm_suite): load map impl(_maps/map_files/Deltastation/D..., 1, 1, 2, null, null, 1, -1e+031, 1e+031, -1e+031, 1e+031)
[18:51:52]/dmm_suite (/dmm_suite): load map(_maps/map_files/Deltastation/D..., 0, 0, 2, null, null, 1, null, null, null, null)
[18:51:52]Mapping (/datum/controller/subsystem/mapping): TryLoadZ("_maps/map_files/Deltastation/D...", /list (/list), 2, null)
[18:51:52]Mapping (/datum/controller/subsystem/mapping): loadWorld()
[18:51:52]Mapping (/datum/controller/subsystem/mapping): Initialize(822550)
[18:51:52]Master (/datum/controller/master): Initialize(10, 0)
runtime error: 
[18:51:52]Cannot execute /datum/plant_gene/trait/glow (/datum/plant_gene/trait/glow).glow range().
[18:51:52]proc name: New (/obj/structure/glowshroom/New)
[18:51:52]  source file: glowshroom.dm,63
[18:51:52]  usr: null
[18:51:52]  src: the glowshroom (/obj/structure/glowshroom/single)
[18:51:52]  src.loc: Cave Floor (292,48,2) (/turf/open/floor/plating/asteroid)
[18:51:52]  call stack:
[18:51:52]the glowshroom (/obj/structure/glowshroom/single): New(Cave Floor (292,48,2) (/turf/open/floor/plating/asteroid), null, null)
[18:51:52]/dmm_suite (/dmm_suite): create atom(/obj/structure/glowshroom/sing... (/obj/structure/glowshroom/single), Cave Floor (292,48,2) (/turf/open/floor/plating/asteroid))
[18:51:52]/dmm_suite (/dmm_suite): instance atom(/obj/structure/glowshroom/sing... (/obj/structure/glowshroom/single), /list (/list), Cave Floor (292,48,2) (/turf/open/floor/plating/asteroid), 1)
[18:51:52]/dmm_suite (/dmm_suite): parse grid("/obj/structure/glowshroom/sing...", "eJI", 292, 48, 2, 1)
[18:51:52]/dmm_suite (/dmm_suite): load map impl(_maps/map_files/Deltastation/D..., 1, 1, 2, null, null, 1, -1e+031, 1e+031, -1e+031, 1e+031)
[18:51:52]/dmm_suite (/dmm_suite): load map(_maps/map_files/Deltastation/D..., 0, 0, 2, null, null, 1, null, null, null, null)
[18:51:52]Mapping (/datum/controller/subsystem/mapping): TryLoadZ("_maps/map_files/Deltastation/D...", /list (/list), 2, null)
[18:51:52]Mapping (/datum/controller/subsystem/mapping): loadWorld()
[18:51:52]Mapping (/datum/controller/subsystem/mapping): Initialize(822550)
[18:51:52]Master (/datum/controller/master): Initialize(10, 0)
runtime error: 
[18:51:52]Cannot execute /datum/plant_gene/trait/glow (/datum/plant_gene/trait/glow).glow range().
[18:51:52]proc name: New (/obj/structure/glowshroom/New)
[18:51:52]  source file: glowshroom.dm,63
runtime error: 
[18:51:52]Cannot execute /datum/plant_gene/trait/glow (/datum/plant_gene/trait/glow).glow range().
[18:51:52]proc name: New (/obj/structure/glowshroom/New)
[18:51:52]  source file: glowshroom.dm,63
runtime error: 
[18:51:52]Cannot execute /datum/plant_gene/trait/glow (/datum/plant_gene/trait/glow).glow range().
[18:51:52]proc name: New (/obj/structure/glowshroom/New)
[18:51:52]  source file: glowshroom.dm,63
runtime error: 
[18:51:52]Cannot execute /datum/plant_gene/trait/glow (/datum/plant_gene/trait/glow).glow range().
[18:51:52]proc name: New (/obj/structure/glowshroom/New)
[18:51:52]  source file: glowshroom.dm,63
runtime error: 
[18:51:52]Cannot execute /datum/plant_gene/trait/glow (/datum/plant_gene/trait/glow).glow range().
[18:51:52]proc name: New (/obj/structure/glowshroom/New)
[18:51:52]  source file: glowshroom.dm,63
runtime error: 
[18:51:52]Cannot execute /datum/plant_gene/trait/glow (/datum/plant_gene/trait/glow).glow range().
[18:51:52]proc name: New (/obj/structure/glowshroom/New)
[18:51:52]  source file: glowshroom.dm,63
runtime error: 
[18:51:52]Cannot execute /datum/plant_gene/trait/glow (/datum/plant_gene/trait/glow).glow range().
[18:51:52]proc name: New (/obj/structure/glowshroom/New)
[18:51:52]  source file: glowshroom.dm,63
runtime error: 
[18:51:52]Cannot execute /datum/plant_gene/trait/glow (/datum/plant_gene/trait/glow).glow range().
[18:51:52]proc name: New (/obj/structure/glowshroom/New)
[18:51:52]  source file: glowshroom.dm,63
runtime error: 
[18:51:52]Cannot execute /datum/plant_gene/trait/glow (/datum/plant_gene/trait/glow).glow range().
[18:51:52]proc name: New (/obj/structure/glowshroom/New)
[18:51:52]  source file: glowshroom.dm,63
runtime error: 
[18:51:52]Cannot execute /datum/plant_gene/trait/glow (/datum/plant_gene/trait/glow).glow range().
[18:51:52]proc name: New (/obj/structure/glowshroom/New)
[18:51:52]  source file: glowshroom.dm,63
runtime error: 
[18:51:52]Cannot execute /datum/plant_gene/trait/glow (/datum/plant_gene/trait/glow).glow range().
[18:51:52]proc name: New (/obj/structure/glowshroom/New)
[18:51:52]  source file: glowshroom.dm,63
runtime error: 
[18:51:52]Cannot execute /datum/plant_gene/trait/glow (/datum/plant_gene/trait/glow).glow range().
[18:51:52]proc name: New (/obj/structure/glowshroom/New)
[18:51:52]  source file: glowshroom.dm,63
runtime error: 
[18:51:52]Cannot execute /datum/plant_gene/trait/glow (/datum/plant_gene/trait/glow).glow range().
[18:51:52]proc name: New (/obj/structure/glowshroom/New)
[18:51:52]  source file: glowshroom.dm,63
runtime error: 
[18:51:52]Cannot execute /datum/plant_gene/trait/glow (/datum/plant_gene/trait/glow).glow range().
[18:51:52]proc name: New (/obj/structure/glowshroom/New)
[18:51:52]  source file: glowshroom.dm,63
runtime error: 
[18:51:52]Cannot execute /datum/plant_gene/trait/glow (/datum/plant_gene/trait/glow).glow range().
[18:51:52]proc name: New (/obj/structure/glowshroom/New)
[18:51:52]  source file: glowshroom.dm,63
runtime error: 
[18:51:52]Cannot execute /datum/plant_gene/trait/glow (/datum/plant_gene/trait/glow).glow range().
[18:51:52]proc name: New (/obj/structure/glowshroom/New)
[18:51:52]  source file: glowshroom.dm,63
runtime error: 
[18:51:52]Cannot execute /datum/plant_gene/trait/glow (/datum/plant_gene/trait/glow).glow range().
[18:51:52]proc name: New (/obj/structure/glowshroom/New)
[18:51:52]  source file: glowshroom.dm,63
runtime error: 
[18:51:52]Cannot execute /datum/plant_gene/trait/glow (/datum/plant_gene/trait/glow).glow range().
[18:51:52]proc name: New (/obj/structure/glowshroom/New)
[18:51:52]  source file: glowshroom.dm,63
runtime error: 
[18:51:52]Cannot execute /datum/plant_gene/trait/glow (/datum/plant_gene/trait/glow).glow range().
[18:51:52]proc name: New (/obj/structure/glowshroom/New)
[18:51:52]  source file: glowshroom.dm,63
runtime error: 
[18:51:52]Cannot execute /datum/plant_gene/trait/glow (/datum/plant_gene/trait/glow).glow range().
[18:51:52]proc name: New (/obj/structure/glowshroom/New)
[18:51:52]  source file: glowshroom.dm,63
runtime error: 
[18:51:53]Cannot execute /datum/plant_gene/trait/glow (/datum/plant_gene/trait/glow).glow range().
[18:51:53]proc name: New (/obj/structure/glowshroom/New)
[18:51:53]  source file: glowshroom.dm,63
runtime error: 
[18:51:53]Cannot execute /datum/plant_gene/trait/glow (/datum/plant_gene/trait/glow).glow range().
[18:51:53]proc name: New (/obj/structure/glowshroom/New)
[18:51:53]  source file: glowshroom.dm,63
runtime error: 
[18:51:53]Cannot execute /datum/plant_gene/trait/glow (/datum/plant_gene/trait/glow).glow range().
[18:51:53]proc name: New (/obj/structure/glowshroom/New)
[18:51:53]  source file: glowshroom.dm,63
runtime error: 
[18:51:53]Cannot execute /datum/plant_gene/trait/glow (/datum/plant_gene/trait/glow).glow range().
[18:51:53]proc name: New (/obj/structure/glowshroom/New)
[18:51:53]  source file: glowshroom.dm,63
runtime error: 
[18:51:53]Cannot execute /datum/plant_gene/trait/glow (/datum/plant_gene/trait/glow).glow range().
[18:51:53]proc name: New (/obj/structure/glowshroom/New)
[18:51:53]  source file: glowshroom.dm,63
runtime error: 
[18:51:53]Cannot execute /datum/plant_gene/trait/glow (/datum/plant_gene/trait/glow).glow range().
[18:51:53]proc name: New (/obj/structure/glowshroom/New)
[18:51:53]  source file: glowshroom.dm,63
Loaded station in 58.6s!
Ruin "Hierophant's Arena" placed at (122, 43, 5)
Ruin "Blood-Drunk Miner (Guidance)" placed at (125, 64, 5)
Ruin "Ruin of Sloth" placed at (115, 80, 5)
Ruin loader gave up with 1 left to spend.
Ruin "Asteroid 5" placed at (270, 173, 11)
Initialized Mapping subsystem within 62.3 seconds!
runtime error: 
[18:51:57]Cannot execute null.add reagent().
[18:51:57]proc name: Initialize (/obj/effect/decal/cleanable/blood/gibs/Initialize)
[18:51:57]  source file: humans.dm,57
runtime error: 
[18:51:57]Cannot execute null.add reagent().
[18:51:57]proc name: Initialize (/obj/effect/decal/cleanable/blood/gibs/Initialize)
[18:51:57]  source file: humans.dm,57
runtime error: 
[18:51:57]Cannot execute null.add reagent().
[18:51:57]proc name: Initialize (/obj/effect/decal/cleanable/blood/gibs/Initialize)
[18:51:57]  source file: humans.dm,57
runtime error: 
[18:51:57]Cannot execute null.add reagent().
[18:51:57]proc name: Initialize (/obj/effect/decal/cleanable/blood/gibs/Initialize)
[18:51:57]  source file: humans.dm,57
runtime error: 
[18:51:57]Cannot execute null.add reagent().
[18:51:57]proc name: Initialize (/obj/effect/decal/cleanable/oil/Initialize)
[18:51:57]  source file: robots.dm,52
runtime error: 
[18:51:57]Cannot execute null.add reagent().
[18:51:57]proc name: Initialize (/obj/effect/decal/cleanable/oil/Initialize)
[18:51:57]  source file: robots.dm,52
runtime error: 
[18:51:59]Cannot execute null.add reagent().
[18:51:59]proc name: Initialize (/obj/effect/decal/cleanable/oil/Initialize)
[18:51:59]  source file: robots.dm,52
runtime error: 
[18:51:59]Cannot execute null.add reagent().
[18:51:59]proc name: Initialize (/obj/effect/decal/cleanable/oil/Initialize)
[18:51:59]  source file: robots.dm,52
runtime error: 
[18:52:00]Cannot execute null.add reagent().
[18:52:00]proc name: Initialize (/obj/effect/decal/cleanable/oil/Initialize)
[18:52:00]  source file: robots.dm,52
runtime error: 
[18:52:00]Cannot execute null.add reagent().
[18:52:00]proc name: Initialize (/obj/effect/decal/cleanable/blood/gibs/Initialize)
[18:52:00]  source file: humans.dm,57
runtime error: 
[18:52:00]Cannot execute null.add reagent().
[18:52:00]proc name: Initialize (/obj/effect/decal/cleanable/oil/Initialize)
[18:52:00]  source file: robots.dm,52
runtime error: 
[18:52:00]Cannot execute null.add reagent().
[18:52:00]proc name: Initialize (/obj/effect/decal/cleanable/blood/gibs/Initialize)
[18:52:00]  source file: humans.dm,57
runtime error: 
[18:52:00]Cannot execute null.add reagent().
[18:52:00]proc name: Initialize (/obj/effect/decal/cleanable/oil/Initialize)
[18:52:00]  source file: robots.dm,52
runtime error: 
[18:52:00]Cannot execute null.add reagent().
[18:52:00]proc name: Initialize (/obj/effect/decal/cleanable/blood/gibs/Initialize)
[18:52:00]  source file: humans.dm,57
runtime error: 
[18:52:00]Cannot execute null.add reagent().
[18:52:00]proc name: Initialize (/obj/effect/decal/cleanable/oil/Initialize)
[18:52:00]  source file: robots.dm,52
runtime error: 
[18:52:00]Cannot execute null.add reagent().
[18:52:00]proc name: Initialize (/obj/effect/decal/cleanable/oil/Initialize)
[18:52:00]  source file: robots.dm,52
runtime error: 
[18:52:01]Cannot execute null.add reagent().
[18:52:01]proc name: Initialize (/obj/effect/decal/cleanable/oil/Initialize)
[18:52:01]  source file: robots.dm,52
runtime error: 
[18:52:01]Cannot execute null.add reagent().
[18:52:01]proc name: Initialize (/obj/effect/decal/cleanable/oil/Initialize)
[18:52:01]  source file: robots.dm,52
runtime error: 
[18:52:01]Cannot execute null.add reagent().
[18:52:01]proc name: Initialize (/obj/effect/decal/cleanable/oil/Initialize)
[18:52:01]  source file: robots.dm,52
runtime error: 
[18:52:01]Cannot execute null.add reagent().
[18:52:01]proc name: Initialize (/obj/effect/decal/cleanable/oil/Initialize)
[18:52:01]  source file: robots.dm,52
runtime error: 
[18:52:01]Cannot execute null.add reagent().
[18:52:01]proc name: Initialize (/obj/effect/decal/cleanable/oil/Initialize)
[18:52:01]  source file: robots.dm,52
runtime error: 
[18:52:01]Cannot execute null.add reagent().
[18:52:01]proc name: Initialize (/obj/effect/decal/cleanable/oil/Initialize)
[18:52:01]  source file: robots.dm,52
runtime error: 
[18:52:01]Cannot execute null.add reagent().
[18:52:01]proc name: Initialize (/obj/effect/decal/cleanable/oil/Initialize)
[18:52:01]  source file: robots.dm,52
runtime error: 
[18:52:01]Cannot execute null.add reagent().
[18:52:01]proc name: Initialize (/obj/effect/decal/cleanable/oil/Initialize)
[18:52:01]  source file: robots.dm,52
runtime error: 
[18:52:01]Cannot execute null.add reagent().
[18:52:01]proc name: Initialize (/obj/effect/decal/cleanable/oil/Initialize)
[18:52:01]  source file: robots.dm,52
runtime error: 
[18:52:01]Cannot execute null.add reagent().
[18:52:01]proc name: Initialize (/obj/effect/decal/cleanable/oil/Initialize)
[18:52:01]  source file: robots.dm,52
runtime error: 
[18:52:01]Cannot execute null.add reagent().
[18:52:01]proc name: Initialize (/obj/effect/decal/cleanable/oil/Initialize)
[18:52:01]  source file: robots.dm,52
runtime error: 
[18:52:01]Cannot execute null.add reagent().
[18:52:01]proc name: Initialize (/obj/effect/decal/cleanable/oil/Initialize)
[18:52:01]  source file: robots.dm,52
runtime error: 
[18:52:02]Cannot execute null.add reagent().
[18:52:02]proc name: Initialize (/obj/effect/decal/cleanable/oil/Initialize)
[18:52:02]  source file: robots.dm,52
runtime error: 
[18:52:02]Cannot execute null.add reagent().
[18:52:02]proc name: Initialize (/obj/effect/decal/cleanable/oil/Initialize)
[18:52:02]  source file: robots.dm,52
runtime error: 
[18:52:02]Cannot execute null.add reagent().
[18:52:02]proc name: Initialize (/obj/effect/decal/cleanable/oil/Initialize)
[18:52:02]  source file: robots.dm,52
runtime error: 
[18:52:02]Cannot execute null.add reagent().
[18:52:02]proc name: Initialize (/obj/effect/decal/cleanable/oil/Initialize)
[18:52:02]  source file: robots.dm,52
runtime error: 
[18:52:02]Cannot execute null.add reagent().
[18:52:02]proc name: Initialize (/obj/effect/decal/cleanable/oil/Initialize)
[18:52:02]  source file: robots.dm,52
runtime error: 
[18:52:03]Cannot execute null.add reagent().
[18:52:03]proc name: Initialize (/obj/effect/decal/cleanable/oil/Initialize)
[18:52:03]  source file: robots.dm,52
runtime error: 
[18:52:03]Cannot execute null.add reagent().
[18:52:03]proc name: Initialize (/obj/effect/decal/cleanable/oil/Initialize)
[18:52:03]  source file: robots.dm,52
runtime error: 
[18:52:03]Cannot execute null.add reagent().
[18:52:03]proc name: Initialize (/obj/effect/decal/cleanable/oil/Initialize)
[18:52:03]  source file: robots.dm,52
runtime error: 
[18:52:03]Cannot execute null.add reagent().
[18:52:03]proc name: Initialize (/obj/effect/decal/cleanable/oil/Initialize)
[18:52:03]  source file: robots.dm,52
runtime error: 
[18:52:03]Cannot execute null.add reagent().
[18:52:03]proc name: Initialize (/obj/effect/decal/cleanable/oil/Initialize)
[18:52:03]  source file: robots.dm,52
runtime error: 
[18:52:03]Cannot execute null.add reagent().
[18:52:03]proc name: Initialize (/obj/effect/decal/cleanable/oil/Initialize)
[18:52:03]  source file: robots.dm,52
runtime error: 
[18:52:03]Cannot execute null.add reagent().
[18:52:03]proc name: Initialize (/obj/effect/decal/cleanable/oil/Initialize)
[18:52:03]  source file: robots.dm,52
runtime error: 
[18:52:03]Cannot execute null.add reagent().
[18:52:03]proc name: Initialize (/obj/effect/decal/cleanable/oil/Initialize)
[18:52:03]  source file: robots.dm,52
runtime error: 
[18:52:03]Cannot execute null.add reagent().
[18:52:03]proc name: Initialize (/obj/effect/decal/cleanable/oil/Initialize)
[18:52:03]  source file: robots.dm,52
runtime error: 
[18:52:04]Cannot execute null.add reagent().
[18:52:04]proc name: Initialize (/obj/effect/decal/cleanable/oil/Initialize)
[18:52:04]  source file: robots.dm,52
runtime error: 
[18:52:04]Cannot execute null.add reagent().
[18:52:04]proc name: Initialize (/obj/effect/decal/cleanable/oil/Initialize)
[18:52:04]  source file: robots.dm,52
runtime error: 
[18:52:04]Cannot execute null.add reagent().
[18:52:04]proc name: Initialize (/obj/effect/decal/cleanable/oil/Initialize)
[18:52:04]  source file: robots.dm,52
runtime error: 
[18:52:05]Cannot execute null.add reagent().
[18:52:05]proc name: Initialize (/obj/effect/decal/cleanable/oil/Initialize)
[18:52:05]  source file: robots.dm,52
runtime error: 
[18:52:05]Cannot execute null.add reagent().
[18:52:05]proc name: Initialize (/obj/effect/decal/cleanable/oil/Initialize)
[18:52:05]  source file: robots.dm,52
runtime error: 
[18:52:05]Cannot execute null.add reagent().
[18:52:05]proc name: Initialize (/obj/effect/decal/cleanable/oil/Initialize)
[18:52:05]  source file: robots.dm,52
runtime error: 
[18:52:05]Cannot execute null.add reagent().
[18:52:05]proc name: Initialize (/obj/effect/decal/cleanable/oil/Initialize)
[18:52:05]  source file: robots.dm,52
runtime error: 
[18:52:05]Cannot execute null.add reagent().
[18:52:05]proc name: Initialize (/obj/effect/decal/cleanable/oil/Initialize)
[18:52:05]  source file: robots.dm,52
runtime error: 
[18:52:05]Cannot execute null.add reagent().
[18:52:05]proc name: Initialize (/obj/effect/decal/cleanable/oil/Initialize)
[18:52:05]  source file: robots.dm,52
runtime error: 
[18:52:05]Cannot execute null.add reagent().
[18:52:05]proc name: Initialize (/obj/effect/decal/cleanable/oil/Initialize)
[18:52:05]  source file: robots.dm,52
runtime error: 
[18:52:06]Cannot execute null.add reagent().
[18:52:06]Warning: further proc crash messages are being suppressed to prevent overload...
runtime error: 
[18:52:07]Undefined variable /obj/item/rupee/var/swimming

runtime error: 
[18:52:07]Undefined variable /obj/item/rupee/var/swimming

runtime error: 
[18:52:07]Undefined variable /obj/item/rupee/var/swimming

runtime error: 
[18:52:07]Undefined variable /obj/structure/signpost/salvation/var/swimming

runtime error: 
[18:52:07]Undefined variable /obj/item/rupee/var/swimming

runtime error: 
[18:52:07]Undefined variable /obj/item/rupee/var/swimming

runtime error: 
[18:52:07]Undefined variable /obj/item/rupee/var/swimming

runtime error: 
[18:52:07]Undefined variable /obj/item/rupee/var/swimming

runtime error: 
[18:52:07]Undefined variable /obj/item/rupee/var/swimming

runtime error: 
[18:52:07]Undefined variable /obj/item/rupee/var/swimming

runtime error: 
[18:52:07]Undefined variable /obj/effect/landmark/error/var/swimming

runtime error: 
[18:52:07]Undefined variable /obj/item/rupee/var/swimming

runtime error: 
[18:52:07]Undefined variable /obj/item/rupee/var/swimming

runtime error: 
[18:52:07]Undefined variable /obj/item/rupee/var/swimming

runtime error: 
[18:52:07]Undefined variable /obj/item/rupee/var/swimming

runtime error: 
[18:52:07]Undefined variable /obj/item/rupee/var/swimming

runtime error: 
[18:52:07]Undefined variable /obj/item/rupee/var/swimming

runtime error: 
[18:52:07]Undefined variable /obj/item/rupee/var/swimming

runtime error: 
[18:52:07]Undefined variable /obj/item/rupee/var/swimming

runtime error: 
[18:52:07]Undefined variable /obj/item/rupee/var/swimming

runtime error: 
[18:52:07]Undefined variable /obj/item/rupee/var/swimming

runtime error: 
[18:52:07]Undefined variable /obj/item/rupee/var/swimming

runtime error: 
[18:52:07]Undefined variable /obj/item/rupee/var/swimming

runtime error: 
[18:52:07]Undefined variable /obj/item/rupee/var/swimming

runtime error: 
[18:52:07]Undefined variable /obj/item/rupee/var/swimming

runtime error: 
[18:52:08]Undefined variable /obj/item/rupee/var/swimming

runtime error: 
[18:52:08]Undefined variable /obj/item/rupee/var/swimming

runtime error: 
[18:52:08]Undefined variable /obj/item/rupee/var/swimming

runtime error: 
[18:52:08]Undefined variable /obj/item/rupee/var/swimming

runtime error: 
[18:52:08]Undefined variable /obj/item/rupee/var/swimming

runtime error: 
[18:52:08]Undefined variable /obj/item/rupee/var/swimming

runtime error: 
[18:52:08]Undefined variable /obj/item/rupee/var/swimming

runtime error: 
[18:52:08]Undefined variable /obj/item/rupee/var/swimming

runtime error: 
[18:52:08]Undefined variable /obj/item/rupee/var/swimming

runtime error: 
[18:52:08]Undefined variable /obj/item/rupee/var/swimming

runtime error: 
[18:52:08]Undefined variable /obj/item/rupee/var/swimming

runtime error: 
[18:52:08]Undefined variable /obj/item/rupee/var/swimming

runtime error: 
[18:52:08]Undefined variable /obj/item/rupee/var/swimming

runtime error: 
[18:52:08]Undefined variable /obj/item/rupee/var/swimming

runtime error: 
[18:52:08]Undefined variable /obj/item/rupee/var/swimming

runtime error: 
[18:52:08]Undefined variable /obj/item/rupee/var/swimming

runtime error: 
[18:52:08]Undefined variable /obj/item/rupee/var/swimming

runtime error: 
[18:52:08]Undefined variable /obj/item/rupee/var/swimming

runtime error: 
[18:52:08]Undefined variable /obj/item/rupee/var/swimming

runtime error: 
[18:52:08]Undefined variable /obj/item/rupee/var/swimming

runtime error: 
[18:52:08]Undefined variable /obj/item/rupee/var/swimming

runtime error: 
[18:52:08]Undefined variable /obj/item/rupee/var/swimming

runtime error: 
[18:52:08]Undefined variable /obj/structure/speaking_tile/var/swimming

runtime error: 
[18:52:08]Undefined variable /obj/machinery/abductor/gland_dispenser/var/swimming

runtime error: 
[18:52:08]Undefined variable /obj/structure/table/abductor/var/swimming

runtime error: 
[18:52:08]Undefined variable /obj/item/surgicaldrill/alien/var/swimming

runtime error: 
[18:52:08]undefined proc or verb /mob/living/simple_animal/bot/medbot/mysterious/remove overlay().

runtime error: 
[18:52:08]undefined proc or verb /mob/living/simple_animal/hostile/creature/remove overlay().

runtime error: 
[18:52:08]undefined proc or verb /mob/living/simple_animal/hostile/carp/cayenne/remove overlay().

runtime error: 
[18:52:09]undefined proc or verb /mob/dead/new_player/remove overlay().

runtime error: 
[18:52:12]Cannot execute null.add reagent().
runtime error: 
[18:52:12]undefined proc or verb /mob/living/simple_animal/bot/medbot/remove overlay().

runtime error: 
[18:52:12]undefined proc or verb /mob/living/simple_animal/cockroach/remove overlay().

runtime error: 
[18:52:12]undefined proc or verb /mob/living/simple_animal/cockroach/remove overlay().

runtime error: 
[18:52:12]Cannot execute null.add reagent().
runtime error: 
[18:52:12]undefined proc or verb /mob/living/simple_animal/cockroach/remove overlay().

runtime error: 
[18:52:12]Cannot execute null.add reagent().
runtime error: 
[18:52:12]Cannot execute null.add reagent().
runtime error: 
[18:52:12]Cannot execute null.add reagent().
runtime error: 
[18:52:12]undefined proc or verb /mob/living/simple_animal/cockroach/remove overlay().

runtime error: 
[18:52:12]undefined proc or verb /mob/living/simple_animal/cockroach/remove overlay().

runtime error: 
[18:52:12]undefined proc or verb /mob/living/simple_animal/pet/cat/Runtime/remove overlay().

runtime error: 
[18:52:12]undefined proc or verb /mob/living/simple_animal/cockroach/remove overlay().

runtime error: 
[18:52:12]undefined proc or verb /mob/living/simple_animal/pet/dog/pug/remove overlay().

runtime error: 
[18:52:12]undefined proc or verb /mob/living/simple_animal/cockroach/remove overlay().

runtime error: 
[18:52:12]undefined proc or verb /mob/living/simple_animal/cockroach/remove overlay().

runtime error: 
[18:52:12]undefined proc or verb /mob/living/simple_animal/cockroach/remove overlay().

runtime error: 
[18:52:12]Cannot execute null.add reagent().
runtime error: 
[18:52:12]undefined proc or verb /mob/living/simple_animal/slime/remove overlay().

runtime error: 
[18:52:13]undefined proc or verb /mob/living/simple_animal/slime/remove overlay().

runtime error: 
[18:52:13]undefined proc or verb /mob/living/simple_animal/slime/remove overlay().

runtime error: 
[18:52:13]undefined proc or verb /mob/living/simple_animal/cockroach/remove overlay().

runtime error: 
[18:52:13]undefined proc or verb /mob/living/simple_animal/cockroach/remove overlay().

runtime error: 
[18:52:13]undefined proc or verb /mob/living/simple_animal/pet/dog/corgi/Ian/remove overlay().

runtime error: 
[18:52:13]undefined proc or verb /mob/living/simple_animal/bot/secbot/pingsky/remove overlay().

runtime error: 
[18:52:13]undefined proc or verb /mob/living/simple_animal/parrot/Poly/remove overlay().

runtime error: 
[18:52:13]undefined proc or verb /mob/living/simple_animal/bot/secbot/beepsky/remove overlay().

runtime error: 
[18:52:13]undefined proc or verb /mob/living/simple_animal/pet/fox/Renault/remove overlay().

runtime error: 
[18:52:14]undefined proc or verb /mob/living/simple_animal/hostile/carp/cayenne/remove overlay().

runtime error: 
[18:52:14]undefined proc or verb /mob/living/simple_animal/cockroach/remove overlay().

runtime error: 
[18:52:14]undefined proc or verb /mob/living/simple_animal/hostile/retaliate/goat/remove overlay().

runtime error: 
[18:52:14]undefined proc or verb /mob/living/simple_animal/sloth/citrus/remove overlay().

runtime error: 
[18:52:14]Cannot execute null.add reagent().
runtime error: 
[18:52:14]undefined proc or verb /mob/living/simple_animal/cockroach/remove overlay().

runtime error: 
[18:52:14]undefined proc or verb /mob/living/simple_animal/mouse/remove overlay().

runtime error: 
[18:52:14]undefined proc or verb /mob/living/simple_animal/mouse/remove overlay().

runtime error: 
[18:52:14]undefined proc or verb /mob/living/simple_animal/bot/mulebot/remove overlay().

runtime error: 
[18:52:14]undefined proc or verb /mob/living/simple_animal/bot/mulebot/remove overlay().

runtime error: 
[18:52:14]undefined proc or verb /mob/living/simple_animal/cockroach/remove overlay().

runtime error: 
[18:52:14]undefined proc or verb /mob/living/simple_animal/hostile/lizard/remove overlay().

runtime error: 
[18:52:14]undefined proc or verb /mob/living/simple_animal/cockroach/remove overlay().

runtime error: 
[18:52:14]undefined proc or verb /mob/living/simple_animal/cockroach/remove overlay().

runtime error: 
[18:52:14]undefined proc or verb /mob/living/simple_animal/cockroach/remove overlay().

runtime error: 
[18:52:15]undefined proc or verb /mob/living/simple_animal/cockroach/remove overlay().

runtime error: 
[18:52:17]undefined proc or verb /mob/living/simple_animal/hostile/asteroid/basilisk/watcher/random/remove overlay().

runtime error: 
[18:52:17]undefined proc or verb /mob/living/simple_animal/hostile/megafauna/bubblegum/remove overlay().

runtime error: 
[18:52:17]undefined proc or verb /mob/living/simple_animal/bot/secbot/beepsky/remove overlay().

runtime error: 
[18:52:17]undefined proc or verb /mob/living/simple_animal/hostile/megafauna/hierophant/remove overlay().

runtime error: 
[18:52:17]undefined proc or verb /mob/living/simple_animal/hostile/megafauna/blood_drunk_miner/guidance/remove overlay().

runtime error: 
[18:52:17]undefined proc or verb /mob/living/simple_animal/hostile/asteroid/hivelord/legion/random/remove overlay().

runtime error: 
[18:52:17]undefined proc or verb /mob/living/simple_animal/hostile/asteroid/basilisk/watcher/random/remove overlay().

runtime error: 
[18:52:18]undefined proc or verb /mob/living/simple_animal/hostile/asteroid/hivelord/legion/random/remove overlay().

runtime error: 
[18:52:18]undefined proc or verb /mob/living/simple_animal/hostile/asteroid/basilisk/watcher/random/remove overlay().

runtime error: 
[18:52:18]undefined proc or verb /mob/living/simple_animal/hostile/megafauna/legion/remove overlay().

Initialized 1.48374e+006 atoms
Initialized Atoms subsystem within 29.7 seconds!
Initialized Language subsystem within 0 seconds!
Initialized Machines subsystem within 0.6 seconds!
Initialized Circuit subsystem within 0 seconds!
Initialized Weather subsystem within 0 seconds!
## WARNING: There are 606 active turfs at roundstart, this is a mapping error caused by a difference of the air between the adjacent turfs. You can see its coordinates using "Mapping -> Show roundstart AT list" verb (debug verbs required)
## WARNING: HEY! LISTEN! 4 seconds were wasted processing 606 turf(s) (connected to 75910 other turfs) with atmos differences at round start.
Initialized Atmospherics subsystem within 15.8 seconds!
Initialized Minimap subsystem within 0 seconds!
Initialized Assets subsystem within 0.2 seconds!
Initialized Icon Smoothing subsystem within 3 seconds!
Initialized Overlay subsystem within 10.3 seconds!
Initialized XKeyScore subsystem within 0 seconds!
Initialized Lighting subsystem within 9.8 seconds!
Initialized Shuttle subsystem within 40.6 seconds!
Initialized Squeak subsystem within 0 seconds!
Loaded 0 engraved messages on map Delta Station
Initialized Persistence subsystem within 0 seconds!
Initializations complete within 173.4 seconds!
Game start took 0s
## WARNING: A ref was requested of an object with use_tag set but no tag: Noober84555 in code/__HELPERS/unsorted.dm at line 1500 src:  usr: Noober84555.
runtime error: 
[18:53:57]Cannot read null.key
runtime error: 
[18:53:57]Cannot read null.martial_art
runtime error: 
[18:53:58]Cannot read null.martial_art
### VarEdit by Emanresu123/(Alec Snyder): /obj/item/reagent_containers/food/snacks/notasandwich name=not-a-sandwich => DANGER SANDWICH
### VarEdit by Emanresu123/(Alec Snyder): /obj/item/reagent_containers/food/snacks/notasandwich force=0 => 1000
### VarEdit by Emanresu123/(Alec Snyder): /obj/item/reagent_containers/food/snacks/notasandwich force=1000 => 1e+008
## WARNING: A ref was requested of an object with use_tag set but no tag: PromethiusX in code/__HELPERS/unsorted.dm at line 1500 src:  usr: PromethiusX.
runtime error: 
[18:59:18]Cannot read null.key
runtime error: 
[18:59:18]Cannot read null.martial_art
runtime error: 
[18:59:19]Cannot read null.martial_art
runtime error: 
[19:00:34]Undefined variable /obj/item/projectile/beam/emitter/var/swimming

runtime error: 
[19:00:34]Undefined variable /obj/item/projectile/beam/emitter/var/swimming

runtime error: 
[19:00:34]Undefined variable /obj/item/projectile/beam/emitter/var/swimming

runtime error: 
[19:00:34]Undefined variable /obj/item/projectile/beam/emitter/var/swimming

runtime error: 
[19:00:34]Undefined variable /obj/item/projectile/beam/emitter/var/swimming

runtime error: 
[19:00:34]Undefined variable /obj/item/projectile/beam/emitter/var/swimming

runtime error: 
[19:00:34]Undefined variable /obj/item/projectile/beam/emitter/var/swimming

runtime error: 
[19:00:34]Undefined variable /obj/item/projectile/beam/emitter/var/swimming

runtime error: 
[19:00:34]Undefined variable /obj/item/projectile/beam/emitter/var/swimming

runtime error: 
[19:00:34]Undefined variable /obj/item/projectile/beam/emitter/var/swimming

runtime error: 
[19:00:34]Undefined variable /obj/item/projectile/beam/emitter/var/swimming

runtime error: 
[19:00:34]Undefined variable /obj/item/projectile/beam/emitter/var/swimming

runtime error: 
[19:00:34]Undefined variable /obj/item/projectile/beam/emitter/var/swimming

runtime error: 
[19:00:34]Undefined variable /obj/item/projectile/beam/emitter/var/swimming

runtime error: 
[19:00:34]Undefined variable /obj/effect/particle_effect/sparks/var/swimming

runtime error: 
[19:00:34]Undefined variable /obj/effect/particle_effect/sparks/var/swimming

runtime error: 
[19:00:34]Undefined variable /obj/effect/particle_effect/sparks/var/swimming

runtime error: 
[19:00:34]Undefined variable /obj/effect/particle_effect/sparks/var/swimming

runtime error: 
[19:00:34]Undefined variable /obj/effect/particle_effect/sparks/var/swimming

runtime error: 
[19:00:34]Undefined variable /obj/effect/particle_effect/sparks/var/swimming

runtime error: 
[19:00:34]Undefined variable /obj/effect/particle_effect/sparks/var/swimming

runtime error: 
[19:00:35]Undefined variable /obj/effect/particle_effect/sparks/var/swimming

runtime error: 
[19:00:35]Undefined variable /obj/effect/particle_effect/sparks/var/swimming

runtime error: 
[19:00:35]Undefined variable /obj/effect/particle_effect/sparks/var/swimming

runtime error: 
[19:00:35]Undefined variable /obj/effect/particle_effect/sparks/var/swimming

runtime error: 
[19:00:36]Undefined variable /obj/item/projectile/beam/emitter/var/swimming

runtime error: 
[19:00:36]undefined proc or verb /mob/living/simple_animal/slime/remove overlay().

runtime error: 
[19:00:36]undefined proc or verb /mob/living/simple_animal/slime/remove overlay().

runtime error: 
[19:00:36]Undefined variable /obj/item/projectile/beam/emitter/var/swimming

runtime error: 
[19:00:36]Undefined variable /obj/item/projectile/beam/emitter/var/swimming

runtime error: 
[19:00:36]Undefined variable /obj/item/projectile/beam/emitter/var/swimming

runtime error: 
[19:00:36]Undefined variable /obj/item/projectile/beam/emitter/var/swimming

runtime error: 
[19:00:36]Undefined variable /obj/item/projectile/beam/emitter/var/swimming

runtime error: 
[19:00:36]Undefined variable /obj/item/projectile/beam/emitter/var/swimming

runtime error: 
[19:00:36]Undefined variable /obj/item/projectile/beam/emitter/var/swimming

runtime error: 
[19:00:36]Undefined variable /obj/item/projectile/beam/emitter/var/swimming

runtime error: 
[19:00:36]Undefined variable /obj/item/projectile/beam/emitter/var/swimming

runtime error: 
[19:00:36]Undefined variable /obj/item/projectile/beam/emitter/var/swimming

runtime error: 
[19:00:36]Undefined variable /obj/item/projectile/beam/emitter/var/swimming

runtime error: 
[19:00:36]Undefined variable /obj/item/projectile/beam/emitter/var/swimming

runtime error: 
[19:00:36]Undefined variable /obj/item/projectile/beam/emitter/var/swimming

runtime error: 
[19:00:36]Undefined variable /obj/item/projectile/beam/emitter/var/swimming

runtime error: 
[19:00:36]Undefined variable /obj/item/projectile/beam/emitter/var/swimming

runtime error: 
[19:00:36]Undefined variable /obj/item/projectile/beam/emitter/var/swimming

runtime error: 
[19:00:36]Undefined variable /obj/item/projectile/beam/emitter/var/swimming

runtime error: 
[19:00:36]Undefined variable /obj/item/projectile/beam/emitter/var/swimming

runtime error: 
[19:00:36]Undefined variable /obj/item/projectile/beam/emitter/var/swimming

runtime error: 
[19:00:36]Undefined variable /obj/item/projectile/beam/emitter/var/swimming

runtime error: 
[19:00:36]Undefined variable /obj/item/projectile/beam/emitter/var/swimming

runtime error: 
[19:00:36]Undefined variable /obj/item/projectile/beam/emitter/var/swimming

runtime error: 
[19:00:36]Undefined variable /obj/item/projectile/beam/emitter/var/swimming

runtime error: 
[19:00:36]Undefined variable /obj/item/projectile/beam/emitter/var/swimming

runtime error: 
[19:00:36]Undefined variable /obj/item/projectile/beam/emitter/var/swimming

runtime error: 
[19:00:36]undefined proc or verb /mob/living/simple_animal/cockroach/remove overlay().

runtime error: 
[19:00:36]undefined proc or verb /mob/living/simple_animal/cockroach/remove overlay().

runtime error: 
[19:00:36]undefined proc or verb /mob/living/simple_animal/cockroach/remove overlay().

runtime error: 
[19:00:36]undefined proc or verb /mob/living/simple_animal/pet/dog/pug/remove overlay().

runtime error: 
[19:00:36]undefined proc or verb /mob/living/simple_animal/cockroach/remove overlay().

runtime error: 
[19:00:36]undefined proc or verb /mob/living/simple_animal/cockroach/remove overlay().

runtime error: 
[19:00:36]undefined proc or verb /mob/living/simple_animal/cockroach/remove overlay().

runtime error: 
[19:00:36]undefined proc or verb /mob/living/simple_animal/cockroach/remove overlay().

runtime error: 
[19:00:36]undefined proc or verb /mob/living/simple_animal/pet/dog/corgi/Ian/remove overlay().

runtime error: 
[19:00:36]undefined proc or verb /mob/living/simple_animal/pet/fox/Renault/remove overlay().

runtime error: 
[19:00:36]undefined proc or verb /mob/living/simple_animal/cockroach/remove overlay().

runtime error: 
[19:00:36]undefined proc or verb /mob/living/simple_animal/bot/secbot/beepsky/remove overlay().

runtime error: 
[19:00:36]undefined proc or verb /mob/living/simple_animal/cockroach/remove overlay().

runtime error: 
[19:00:36]undefined proc or verb /mob/living/simple_animal/mouse/remove overlay().

runtime error: 
[19:00:36]undefined proc or verb /mob/living/simple_animal/mouse/remove overlay().

runtime error: 
[19:00:36]undefined proc or verb /mob/living/simple_animal/cockroach/remove overlay().

runtime error: 
[19:00:36]undefined proc or verb /mob/living/simple_animal/cockroach/remove overlay().

runtime error: 
[19:00:36]undefined proc or verb /mob/living/simple_animal/cockroach/remove overlay().

runtime error: 
[19:00:36]undefined proc or verb /mob/living/simple_animal/cockroach/remove overlay().

runtime error: 
[19:00:36]undefined proc or verb /mob/living/simple_animal/cockroach/remove overlay().

runtime error: 
[19:00:37]undefined proc or verb /mob/living/simple_animal/bot/secbot/beepsky/remove overlay().

runtime error: 
[19:00:37]undefined proc or verb /mob/living/simple_animal/bot/secbot/beepsky/remove overlay().

runtime error: 
[19:00:37]undefined proc or verb /mob/living/simple_animal/bot/secbot/beepsky/remove overlay().

runtime error: 
[19:00:38]undefined proc or verb /mob/living/simple_animal/slime/remove overlay().

runtime error: 
[19:00:38]undefined proc or verb /mob/living/simple_animal/bot/secbot/beepsky/remove overlay().

runtime error: 
[19:00:39]undefined proc or verb /mob/living/simple_animal/bot/secbot/beepsky/remove overlay().

runtime error: 
[19:00:39]undefined proc or verb /mob/living/simple_animal/bot/secbot/beepsky/remove overlay().

runtime error: 
[19:00:40]undefined proc or verb /mob/living/simple_animal/bot/secbot/beepsky/remove overlay().

runtime error: 
[19:00:40]undefined proc or verb /mob/living/simple_animal/hostile/creature/remove overlay().

runtime error: 
[19:00:40]undefined proc or verb /mob/living/simple_animal/hostile/megafauna/bubblegum/remove overlay().

runtime error: 
[19:00:40]undefined proc or verb /mob/living/simple_animal/hostile/asteroid/hivelord/legion/random/remove overlay().

runtime error: 
[19:00:41]undefined proc or verb /mob/living/simple_animal/bot/secbot/beepsky/remove overlay().

runtime error: 
[19:00:42]undefined proc or verb /mob/living/simple_animal/bot/secbot/beepsky/remove overlay().

runtime error: 
[19:00:42]undefined proc or verb /mob/living/simple_animal/bot/secbot/beepsky/remove overlay().

runtime error: 
[19:00:42]undefined proc or verb /mob/living/simple_animal/bot/secbot/beepsky/remove overlay().

runtime error: 
[19:00:43]undefined proc or verb /mob/living/simple_animal/bot/secbot/beepsky/remove overlay().

runtime error: 
[19:00:44]undefined proc or verb /mob/living/simple_animal/bot/secbot/beepsky/remove overlay().

runtime error: 
[19:00:44]undefined proc or verb /mob/living/simple_animal/bot/secbot/beepsky/remove overlay().

runtime error: 
[19:00:44]undefined proc or verb /mob/living/simple_animal/bot/secbot/beepsky/remove overlay().

runtime error: 
[19:00:45]undefined proc or verb /mob/living/simple_animal/bot/secbot/beepsky/remove overlay().

runtime error: 
[19:00:46]undefined proc or verb /mob/living/simple_animal/bot/secbot/beepsky/remove overlay().

runtime error: 
[19:00:47]undefined proc or verb /mob/living/simple_animal/hostile/megafauna/bubblegum/remove overlay().

runtime error: 
[19:00:47]undefined proc or verb /mob/living/simple_animal/hostile/asteroid/hivelord/legion/random/remove overlay().

runtime error: 
[19:00:47]undefined proc or verb /mob/living/simple_animal/hostile/asteroid/hivelord/legion/random/remove overlay().

runtime error: 
[19:00:48]undefined proc or verb /mob/living/simple_animal/cockroach/remove overlay().

runtime error: 
[19:00:48]undefined proc or verb /mob/living/simple_animal/cockroach/remove overlay().

runtime error: 
[19:00:48]undefined proc or verb /mob/living/simple_animal/cockroach/remove overlay().

runtime error: 
[19:00:48]undefined proc or verb /mob/living/simple_animal/cockroach/remove overlay().

runtime error: 
[19:00:48]undefined proc or verb /mob/living/simple_animal/cockroach/remove overlay().

## WARNING: A ref was requested of an object with use_tag set but no tag: Borksin in code/__HELPERS/unsorted.dm at line 1500 src:  usr: Borksin.
runtime error: 
[19:01:20]Cannot read null.key
runtime error: 
[19:01:20]Cannot read null.martial_art
runtime error: 
[19:01:21]Cannot read null.martial_art
runtime error: 
[19:02:51]list index out of bounds
runtime error: 
[19:02:52]list index out of bounds
runtime error: 
[19:02:53]list index out of bounds
runtime error: 
[19:02:54]list index out of bounds
runtime error: 
[19:02:55]list index out of bounds
runtime error: 
[19:02:56]list index out of bounds
runtime error: 
[19:02:57]list index out of bounds
runtime error: 
[19:02:58]list index out of bounds
runtime error: 
[19:02:59]list index out of bounds
runtime error: 
[19:03:00]list index out of bounds
runtime error: 
[19:04:10]list index out of bounds
### VarEdit by Emanresu123/(monkey (428)): /mob/living/carbon/human nutrition=396.619 => 0
runtime error: 
[19:05:16]undefined proc or verb /turf/open/space/break tile().

runtime error: 
[19:05:16]undefined proc or verb /turf/open/space/break tile().

runtime error: 
[19:05:18]Cannot execute null.add reagent().
runtime error: 
[19:05:18]Cannot execute null.add reagent().
runtime error: 
[19:05:18]Cannot execute null.add reagent().
runtime error: 
[19:05:18]Cannot execute null.add reagent().
runtime error: 
[19:05:18]Cannot execute null.add reagent().
runtime error: 
[19:05:18]Cannot execute null.add reagent().
runtime error: 
[19:05:18]Cannot read null.martial_art
runtime error: 
[19:06:06]Cannot read null.key
### VarEdit by Emanresu123/(monkey (428)): /mob/living/carbon/human nutrition=398.7 => 0
runtime error: 
[19:06:31]Cannot execute null.add reagent().
runtime error: 
[19:06:31]Cannot execute null.add reagent().
runtime error: 
[19:06:31]Cannot execute null.add reagent().
runtime error: 
[19:06:31]Cannot execute null.add reagent().
runtime error: 
[19:06:31]Cannot execute null.add reagent().
runtime error: 
[19:06:31]Cannot execute null.add reagent().
runtime error: 
[19:06:31]Cannot read null.martial_art
## WARNING: A ref was requested of an object with use_tag set but no tag: Noober in code/__HELPERS/unsorted.dm at line 1500 src:  usr: Noober.
runtime error: 
[19:06:34]No valid destination passed into forceMove
runtime error: 
[19:06:53]Cannot execute null.add reagent().
runtime error: 
[19:06:53]Cannot execute null.add reagent().
runtime error: 
[19:06:53]Cannot execute null.add reagent().
runtime error: 
[19:06:53]Cannot execute null.add reagent().
runtime error: 
[19:06:53]Cannot execute null.add reagent().
runtime error: 
[19:06:53]Cannot execute null.add reagent().
### VarEdit by Noober84555/(Noober): /mob/living/silicon/robot icon=icons/mob/robots.dmi => sprite.dmi
### VarEdit by Noober84555/(Noober): /mob/living/silicon/robot icon_state=robot => vulpo
runtime error: 
[19:08:17]Cannot read null.species
## WARNING: A ref was requested of an object with use_tag set but no tag: the station self-destruct terminal in code/__HELPERS/unsorted.dm at line 1500 src:  usr: Noober.
runtime error: 
[19:11:10]Undefined variable /obj/item/bodypart/r_arm/var/swimming

runtime error: 
[19:11:10]Undefined variable /obj/item/bodypart/r_leg/var/swimming

runtime error: 
[19:11:10]Undefined variable /obj/item/storage/briefcase/var/swimming

runtime error: 
[19:11:10]Undefined variable /obj/item/storage/secure/briefcase/var/swimming

runtime error: 
[19:11:10]Undefined variable /obj/item/organ/lungs/var/swimming

runtime error: 
[19:11:10]Undefined variable /obj/item/lighter/var/swimming

runtime error: 
[19:11:10]Undefined variable /obj/item/device/radio/var/swimming

runtime error: 
[19:11:10]Undefined variable /obj/item/device/radio/var/swimming

runtime error: 
[19:11:10]Undefined variable /obj/item/twohanded/required/kirbyplants/var/swimming

runtime error: 
[19:11:10]Undefined variable /obj/item/device/radio/var/swimming

runtime error: 
[19:11:10]Undefined variable /obj/item/book/manual/wiki/security_space_law/var/swimming

runtime error: 
[19:11:10]Undefined variable /obj/item/folder/red/var/swimming

runtime error: 
[19:11:10]Undefined variable /obj/effect/particle_effect/sparks/var/swimming

runtime error: 
[19:11:10]Undefined variable /obj/effect/particle_effect/sparks/var/swimming

runtime error: 
[19:11:10]Undefined variable /obj/effect/particle_effect/sparks/var/swimming

runtime error: 
[19:11:10]Undefined variable /obj/effect/particle_effect/sparks/var/swimming

runtime error: 
[19:11:10]Undefined variable /obj/effect/particle_effect/sparks/var/swimming

runtime error: 
[19:11:10]Undefined variable /obj/effect/particle_effect/sparks/var/swimming

runtime error: 
[19:11:10]Undefined variable /obj/item/device/assembly/flash/handheld/var/swimming

runtime error: 
[19:11:10]Undefined variable /obj/item/restraints/handcuffs/var/swimming

runtime error: 
[19:11:10]Undefined variable /obj/item/bodypart/l_arm/var/swimming

runtime error: 
[19:11:10]Undefined variable /obj/item/device/radio/headset/headset_cent/var/swimming

runtime error: 
[19:11:10]Undefined variable /obj/item/folder/red/var/swimming

runtime error: 
[19:11:10]Undefined variable /obj/item/clipboard/var/swimming

runtime error: 
[19:11:10]Undefined variable /obj/item/clothing/mask/cigarette/cigar/havana/var/swimming

runtime error: 
[19:11:10]Undefined variable /obj/item/organ/heart/var/swimming

runtime error: 
[19:11:10]Undefined variable /obj/item/clothing/mask/cigarette/cigar/var/swimming

runtime error: 
[19:11:10]Undefined variable /obj/item/bodypart/l_leg/var/swimming

runtime error: 
[19:11:10]Undefined variable /obj/item/clothing/mask/cigarette/cigar/cohiba/var/swimming

runtime error: 
[19:11:10]Undefined variable /obj/item/phone/var/swimming

runtime error: 
[19:11:10]Undefined variable /obj/item/twohanded/required/kirbyplants/var/swimming

runtime error: 
[19:11:10]Undefined variable /obj/item/bodypart/l_arm/var/swimming

runtime error: 
[19:11:10]Undefined variable /obj/item/lighter/var/swimming

runtime error: 
[19:11:10]Undefined variable /obj/item/device/radio/var/swimming

runtime error: 
[19:11:10]Undefined variable /obj/item/folder/red/var/swimming

runtime error: 
[19:11:10]Undefined variable /obj/item/device/assembly/flash/handheld/var/swimming

runtime error: 
[19:11:10]Undefined variable /obj/item/restraints/handcuffs/var/swimming

runtime error: 
[19:11:10]Undefined variable /obj/item/bodypart/l_arm/var/swimming

runtime error: 
[19:11:10]Undefined variable /obj/item/device/radio/headset/headset_cent/var/swimming

runtime error: 
[19:11:10]Undefined variable /obj/item/clothing/mask/cigarette/cigar/havana/var/swimming

runtime error: 
[19:11:10]Undefined variable /obj/item/organ/heart/var/swimming

runtime error: 
[19:11:10]Undefined variable /obj/item/bodypart/l_leg/var/swimming

runtime error: 
[19:11:10]Undefined variable /obj/item/clothing/mask/cigarette/cigar/cohiba/var/swimming

runtime error: 
[19:11:10]Undefined variable /obj/item/phone/var/swimming

runtime error: 
[19:11:10]Undefined variable /obj/item/bodypart/r_arm/var/swimming

runtime error: 
[19:11:10]Undefined variable /obj/item/bodypart/r_leg/var/swimming

runtime error: 
[19:11:10]Undefined variable /obj/item/storage/briefcase/var/swimming

runtime error: 
[19:11:10]Undefined variable /obj/item/storage/secure/briefcase/var/swimming

runtime error: 
[19:11:10]Undefined variable /obj/item/organ/lungs/var/swimming

runtime error: 
[19:11:10]Undefined variable /obj/item/device/radio/var/swimming

runtime error: 
[19:11:10]Undefined variable /obj/item/twohanded/required/kirbyplants/var/swimming

runtime error: 
[19:11:21]undefined proc or verb /mob/living/simple_animal/bot/secbot/beepsky/remove overlay().

runtime error: 
[19:11:21]undefined proc or verb /mob/living/silicon/robot/remove overlay().

runtime error: 
[19:11:21]undefined proc or verb /mob/living/simple_animal/hostile/creature/remove overlay().

runtime error: 
[19:11:21]undefined proc or verb /mob/living/simple_animal/hostile/morph/remove overlay().

runtime error: 
[19:11:21]undefined proc or verb /mob/living/simple_animal/hostile/megafauna/bubblegum/remove overlay().

runtime error: 
[19:11:21]undefined proc or verb /mob/living/simple_animal/hostile/asteroid/hivelord/legion/random/remove overlay().

runtime error: 
[19:11:21]undefined proc or verb /mob/living/simple_animal/bot/secbot/beepsky/remove overlay().

runtime error: 
[19:11:21]undefined proc or verb /mob/living/simple_animal/bot/secbot/beepsky/remove overlay().

runtime error: 
[19:11:22]undefined proc or verb /mob/living/simple_animal/bot/secbot/beepsky/remove overlay().

runtime error: 
[19:11:22]undefined proc or verb /mob/living/simple_animal/slime/remove overlay().

runtime error: 
[19:11:22]undefined proc or verb /mob/living/simple_animal/hostile/morph/remove overlay().

runtime error: 
[19:11:22]undefined proc or verb /mob/living/silicon/robot/remove overlay().

runtime error: 
[19:11:22]undefined proc or verb /mob/living/simple_animal/hostile/morph/remove overlay().

runtime error: 
[19:11:22]undefined proc or verb /mob/living/simple_animal/hostile/morph/remove overlay().

runtime error: 
[19:11:22]undefined proc or verb /mob/living/simple_animal/hostile/morph/remove overlay().

runtime error: 
[19:11:23]undefined proc or verb /mob/living/simple_animal/hostile/morph/remove overlay().

runtime error: 
[19:11:23]undefined proc or verb /mob/living/simple_animal/hostile/morph/remove overlay().

runtime error: 
[19:11:23]undefined proc or verb /mob/living/simple_animal/bot/secbot/beepsky/remove overlay().

runtime error: 
[19:11:23]undefined proc or verb /mob/living/simple_animal/hostile/morph/remove overlay().

runtime error: 
[19:11:23]undefined proc or verb /mob/living/silicon/robot/remove overlay().

runtime error: 
[19:11:24]undefined proc or verb /mob/living/simple_animal/bot/secbot/beepsky/remove overlay().

runtime error: 
[19:11:24]undefined proc or verb /mob/living/simple_animal/hostile/morph/remove overlay().

runtime error: 
[19:11:24]undefined proc or verb /mob/living/simple_animal/bot/secbot/beepsky/remove overlay().

runtime error: 
[19:11:24]undefined proc or verb /mob/living/simple_animal/hostile/morph/remove overlay().

runtime error: 
[19:11:24]undefined proc or verb /mob/living/simple_animal/hostile/morph/remove overlay().

runtime error: 
[19:11:24]undefined proc or verb /mob/living/simple_animal/bot/secbot/beepsky/remove overlay().

runtime error: 
[19:11:25]undefined proc or verb /mob/living/silicon/robot/remove overlay().

runtime error: 
[19:11:25]undefined proc or verb /mob/living/simple_animal/hostile/morph/remove overlay().

runtime error: 
[19:11:25]undefined proc or verb /mob/living/simple_animal/hostile/morph/remove overlay().

runtime error: 
[19:11:25]undefined proc or verb /mob/living/simple_animal/hostile/morph/remove overlay().

runtime error: 
[19:11:25]undefined proc or verb /mob/living/simple_animal/hostile/morph/remove overlay().

runtime error: 
[19:11:25]undefined proc or verb /mob/living/simple_animal/bot/secbot/beepsky/remove overlay().

runtime error: 
[19:11:25]undefined proc or verb /mob/living/simple_animal/hostile/morph/remove overlay().

runtime error: 
[19:11:26]undefined proc or verb /mob/living/silicon/robot/remove overlay().

runtime error: 
[19:11:26]undefined proc or verb /mob/living/simple_animal/hostile/morph/remove overlay().

runtime error: 
[19:11:26]undefined proc or verb /mob/living/simple_animal/bot/secbot/beepsky/remove overlay().

runtime error: 
[19:11:26]undefined proc or verb /mob/living/simple_animal/hostile/morph/remove overlay().

runtime error: 
[19:11:26]undefined proc or verb /mob/living/simple_animal/bot/secbot/beepsky/remove overlay().

runtime error: 
[19:11:26]undefined proc or verb /mob/living/simple_animal/hostile/morph/remove overlay().

runtime error: 
[19:11:26]undefined proc or verb /mob/living/silicon/robot/remove overlay().

runtime error: 
[19:11:26]undefined proc or verb /mob/living/simple_animal/hostile/morph/remove overlay().

## WARNING: A ref was requested of an object with use_tag set but no tag: the station self-destruct terminal in code/__HELPERS/unsorted.dm at line 1500 src:  usr: .
runtime error: 
[19:11:26]undefined proc or verb /mob/living/simple_animal/bot/secbot/beepsky/remove overlay().

runtime error: 
[19:11:27]undefined proc or verb /mob/living/simple_animal/hostile/morph/remove overlay().

runtime error: 
[19:11:27]undefined proc or verb /mob/living/simple_animal/hostile/morph/remove overlay().

runtime error: 
[19:11:27]undefined proc or verb /mob/living/silicon/robot/remove overlay().

runtime error: 
[19:11:27]undefined proc or verb /mob/living/simple_animal/hostile/morph/remove overlay().

runtime error: 
[19:11:27]undefined proc or verb /mob/living/simple_animal/hostile/morph/remove overlay().

runtime error: 
[19:11:28]undefined proc or verb /mob/living/simple_animal/bot/secbot/beepsky/remove overlay().

runtime error: 
[19:11:28]undefined proc or verb /mob/living/simple_animal/hostile/morph/remove overlay().

runtime error: 
[19:11:28]undefined proc or verb /mob/living/simple_animal/hostile/creature/remove overlay().

runtime error: 
[19:11:28]undefined proc or verb /mob/living/simple_animal/hostile/megafauna/bubblegum/remove overlay().

runtime error: 
[19:11:53]undefined proc or verb /turf/open/space/break tile().

runtime error: 
[19:11:57]undefined proc or verb /turf/open/space/break tile to plating().

runtime error: 
[19:11:57]Cannot execute null.archive().
runtime error: 
[19:11:57]Cannot read null.gases
runtime error: 
[19:11:58]Cannot execute null.archive().
runtime error: 
[19:11:58]Cannot read null.gases
runtime error: 
[19:11:58]Cannot execute null.archive().
runtime error: 
[19:11:58]Cannot read null.gases
runtime error: 
[19:11:59]Cannot execute null.archive().
runtime error: 
[19:11:59]Cannot read null.gases
runtime error: 
[19:11:59]Cannot execute null.archive().
runtime error: 
[19:11:59]Cannot read null.gases
runtime error: 
[19:11:59]Cannot execute null.archive().
runtime error: 
[19:11:59]Cannot read null.gases
runtime error: 
[19:11:59]Cannot execute null.archive().
runtime error: 
[19:11:59]Cannot read null.gases
runtime error: 
[19:12:00]Cannot execute null.archive().
runtime error: 
[19:12:00]Cannot read null.gases
runtime error: 
[19:12:00]Cannot execute null.archive().
runtime error: 
[19:12:00]Cannot read null.gases
runtime error: 
[19:12:00]Cannot execute null.archive().
runtime error: 
[19:12:00]Cannot read null.gases
runtime error: 
[19:12:00]Cannot read null.temperature
runtime error: 
[19:12:00]Cannot read null.temperature
runtime error: 
[19:12:00]Cannot execute null.archive().
runtime error: 
[19:12:00]Cannot read null.gases
runtime error: 
[19:12:00]Cannot execute null.archive().
runtime error: 
[19:12:00]Cannot read null.gases
runtime error: 
[19:12:00]Cannot execute null.archive().
runtime error: 
[19:12:00]Cannot read null.gases
runtime error: 
[19:12:00]Cannot read null.temperature
runtime error: 
[19:12:00]Cannot read null.temperature
runtime error: 
[19:12:00]Cannot execute null.archive().
runtime error: 
[19:12:00]Cannot read null.gases
runtime error: 
[19:12:00]Cannot execute null.archive().
runtime error: 
[19:12:00]Cannot read null.gases
runtime error: 
[19:12:00]Cannot execute null.archive().
runtime error: 
[19:12:00]Cannot read null.gases
runtime error: 
[19:12:00]Cannot execute null.archive().
runtime error: 
[19:12:00]Cannot read null.gases
runtime error: 
[19:12:00]Cannot read null.temperature
runtime error: 
[19:12:00]Cannot execute null.archive().
runtime error: 
[19:12:00]Cannot read null.gases
runtime error: 
[19:12:01]Cannot execute null.archive().
runtime error: 
[19:12:01]Cannot read null.gases
runtime error: 
[19:12:01]Cannot execute null.archive().
runtime error: 
[19:12:01]Cannot read null.gases
runtime error: 
[19:12:01]Cannot execute null.archive().
runtime error: 
[19:12:01]Cannot read null.gases
runtime error: 
[19:12:01]Cannot execute null.archive().
runtime error: 
[19:12:01]Cannot read null.gases
runtime error: 
[19:12:01]Cannot execute null.archive().
runtime error: 
[19:12:01]Cannot read null.gases
runtime error: 
[19:12:01]Cannot execute null.archive().
runtime error: 
[19:12:01]Cannot read null.gases
runtime error: 
[19:12:01]Cannot read null.temperature
runtime error: 
[19:12:01]Cannot execute null.archive().
runtime error: 
[19:12:01]Cannot read null.gases
runtime error: 
[19:12:01]Cannot execute null.archive().
runtime error: 
[19:12:01]Cannot read null.gases
runtime error: 
[19:12:01]Cannot read null.temperature
runtime error: 
[19:12:01]Cannot execute null.archive().
runtime error: 
[19:12:01]Cannot read null.gases
runtime error: 
[19:12:01]Cannot execute null.archive().
runtime error: 
[19:12:01]Cannot read null.gases
runtime error: 
[19:12:01]Cannot execute null.archive().
runtime error: 
[19:12:01]Cannot read null.gases
runtime error: 
[19:12:01]Cannot execute null.archive().
runtime error: 
[19:12:01]Cannot read null.gases
runtime error: 
[19:12:01]Cannot execute null.archive().
runtime error: 
[19:12:01]Cannot read null.gases
runtime error: 
[19:12:01]Cannot execute null.archive().
runtime error: 
[19:12:01]Cannot read null.gases
runtime error: 
[19:12:01]Cannot execute null.archive().
runtime error: 
[19:12:01]Cannot read null.gases
runtime error: 
[19:12:01]Cannot execute null.archive().
runtime error: 
[19:12:01]Cannot read null.gases
runtime error: 
[19:12:02]Cannot execute null.archive().
runtime error: 
[19:12:02]Cannot read null.gases
runtime error: 
[19:12:02]Cannot execute null.archive().
runtime error: 
[19:12:02]Cannot read null.gases
runtime error: 
[19:12:02]Cannot execute null.archive().
runtime error: 
[19:12:02]Cannot read null.gases
runtime error: 
[19:12:02]Cannot execute null.archive().
runtime error: 
[19:12:02]Cannot read null.gases
runtime error: 
[19:12:02]Cannot execute null.archive().
runtime error: 
[19:12:02]Cannot read null.gases
runtime error: 
[19:12:02]Cannot execute null.archive().
runtime error: 
[19:12:02]Cannot read null.gases
runtime error: 
[19:12:02]Cannot execute null.archive().
runtime error: 
[19:12:02]Cannot read null.gases
runtime error: 
[19:12:02]Cannot execute null.archive().
runtime error: 
[19:12:02]Cannot read null.gases
runtime error: 
[19:12:02]Cannot execute null.archive().
runtime error: 
[19:12:02]Cannot read null.gases
runtime error: 
[19:12:02]Cannot read null.temperature
runtime error: 
[19:12:02]Cannot read null.temperature
runtime error: 
[19:12:02]Cannot read null.temperature
runtime error: 
[19:12:02]Cannot execute null.archive().
runtime error: 
[19:12:02]Cannot read null.gases
runtime error: 
[19:12:02]Cannot execute null.archive().
runtime error: 
[19:12:02]Cannot read null.gases
runtime error: 
[19:12:03]Cannot read null.temperature
runtime error: 
[19:12:03]Cannot execute null.archive().
runtime error: 
[19:12:03]Cannot read null.gases
runtime error: 
[19:12:03]Cannot read null.temperature
runtime error: 
[19:12:03]Cannot execute null.archive().
runtime error: 
[19:12:03]Cannot read null.gases
runtime error: 
[19:12:03]Cannot read null.temperature
runtime error: 
[19:12:03]Cannot execute null.archive().
runtime error: 
[19:12:03]Cannot read null.gases
runtime error: 
[19:12:03]Cannot read null.temperature
runtime error: 
[19:12:03]Cannot read null.temperature
runtime error: 
[19:12:03]Cannot execute null.archive().
runtime error: 
[19:12:03]Cannot read null.gases
runtime error: 
[19:12:03]Cannot execute null.archive().
runtime error: 
[19:12:03]Cannot read null.gases
runtime error: 
[19:12:03]Cannot read null.temperature
runtime error: 
[19:12:04]Cannot read null.temperature
runtime error: 
[19:12:04]Cannot execute null.archive().
runtime error: 
[19:12:04]Cannot read null.gases
runtime error: 
[19:12:04]Cannot read null.temperature
runtime error: 
[19:12:04]Cannot read null.temperature
runtime error: 
[19:12:04]Cannot read null.temperature
runtime error: 
[19:12:04]Cannot read null.temperature
runtime error: 
[19:12:04]Cannot read null.temperature
runtime error: 
[19:12:04]Cannot read null.temperature
runtime error: 
[19:12:04]Cannot read null.temperature
runtime error: 
[19:12:05]Cannot read null.temperature
runtime error: 
[19:12:05]Cannot read null.temperature
runtime error: 
[19:12:05]Cannot read null.temperature
runtime error: 
[19:12:05]Cannot read null.temperature
runtime error: 
[19:12:06]Cannot read null.temperature
runtime error: 
[19:12:06]Cannot read null.temperature
runtime error: 
[19:12:06]Cannot read null.temperature
runtime error: 
[19:12:07]Cannot read null.temperature
runtime error: 
[19:12:07]Cannot read null.temperature
runtime error: 
[19:12:07]Cannot read null.temperature
runtime error: 
[19:12:07]Cannot read null.temperature
runtime error: 
[19:12:07]Cannot read null.temperature
runtime error: 
[19:12:07]Cannot read null.temperature
runtime error: 
[19:12:07]Cannot read null.temperature
runtime error: 
[19:12:11]Cannot execute null.add reagent().
runtime error: 
[19:12:11]Cannot execute null.add reagent().
runtime error: 
[19:12:11]Cannot execute null.add reagent().
runtime error: 
[19:12:11]Cannot execute null.add reagent().
runtime error: 
[19:12:11]Cannot execute null.add reagent().
runtime error: 
[19:12:11]Cannot execute null.add reagent().
runtime error: 
[19:12:11]Cannot execute null.add reagent().
runtime error: 
[19:12:11]Cannot execute null.add reagent().
runtime error: 
[19:12:11]Cannot execute null.add reagent().
runtime error: 
[19:12:11]Cannot execute null.add reagent().
runtime error: 
[19:12:11]Cannot execute null.add reagent().
runtime error: 
[19:12:11]Cannot execute null.add reagent().
runtime error: 
[19:12:11]Cannot execute null.add reagent().
runtime error: 
[19:12:11]Cannot execute null.add reagent().
runtime error: 
[19:12:11]Cannot execute null.add reagent().
runtime error: 
[19:12:11]Cannot execute null.add reagent().
runtime error: 
[19:12:12]Cannot execute null.add reagent().
runtime error: 
[19:12:12]Cannot execute null.add reagent().
runtime error: 
[19:12:12]Cannot execute null.add reagent().
runtime error: 
[19:12:12]Cannot execute null.add reagent().
runtime error: 
[19:12:12]Cannot execute null.add reagent().
runtime error: 
[19:12:12]Cannot read null.martial_art
runtime error: 
[19:12:12]Cannot execute null.add reagent().
runtime error: 
[19:12:12]Cannot execute null.add reagent().
runtime error: 
[19:12:12]Cannot execute null.add reagent().
runtime error: 
[19:12:12]Cannot execute null.add reagent().
runtime error: 
[19:12:12]Cannot execute null.add reagent().
runtime error: 
[19:12:12]Cannot execute null.add reagent().
runtime error: 
[19:12:12]Cannot execute null.add reagent().
runtime error: 
[19:12:12]Cannot execute null.add reagent().
runtime error: 
[19:12:12]Cannot execute null.add reagent().
runtime error: 
[19:12:12]Cannot execute null.add reagent().
runtime error: 
[19:12:12]Cannot execute null.add reagent().
runtime error: 
[19:12:12]undefined proc or verb /turf/open/space/break tile to plating().

runtime error: 
[19:12:17]Cannot execute null.start().
runtime error: 
[19:12:23]undefined proc or verb /turf/open/space/break tile to plating().

runtime error: 
[19:12:35]No valid destination passed into forceMove
runtime error: 
[19:12:35]No valid destination passed into forceMove
runtime error: 
[19:12:35]No valid destination passed into forceMove
runtime error: 
[19:12:35]No valid destination passed into forceMove
runtime error: 
[19:12:35]No valid destination passed into forceMove
runtime error: 
[19:12:35]No valid destination passed into forceMove
runtime error: 
[19:12:36]No valid destination passed into forceMove
runtime error: 
[19:12:36]No valid destination passed into forceMove
runtime error: 
[19:12:37]No valid destination passed into forceMove
runtime error: 
[19:12:37]No valid destination passed into forceMove
runtime error: 
[19:12:37]No valid destination passed into forceMove
runtime error: 
[19:12:37]No valid destination passed into forceMove
runtime error: 
[19:12:37]No valid destination passed into forceMove
runtime error: 
[19:12:37]No valid destination passed into forceMove
runtime error: 
[19:12:37]No valid destination passed into forceMove
runtime error: 
[19:12:38]No valid destination passed into forceMove
runtime error: 
[19:12:38]No valid destination passed into forceMove
runtime error: 
[19:12:39]No valid destination passed into forceMove
runtime error: 
[19:12:39]No valid destination passed into forceMove
runtime error: 
[19:12:40]No valid destination passed into forceMove
runtime error: 
[19:12:40]No valid destination passed into forceMove
runtime error: 
[19:12:41]No valid destination passed into forceMove
runtime error: 
[19:12:41]No valid destination passed into forceMove
runtime error: 
[19:12:42]No valid destination passed into forceMove
runtime error: 
[19:12:42]No valid destination passed into forceMove
runtime error: 
[19:12:43]No valid destination passed into forceMove
runtime error: 
[19:12:43]No valid destination passed into forceMove
runtime error: 
[19:12:44]No valid destination passed into forceMove
runtime error: 
[19:12:44]No valid destination passed into forceMove
runtime error: 
[19:12:45]No valid destination passed into forceMove
runtime error: 
[19:12:45]No valid destination passed into forceMove
runtime error: 
[19:12:45]No valid destination passed into forceMove
runtime error: 
[19:12:46]No valid destination passed into forceMove
runtime error: 
[19:12:46]No valid destination passed into forceMove
runtime error: 
[19:12:46]No valid destination passed into forceMove
runtime error: 
[19:12:46]No valid destination passed into forceMove
runtime error: 
[19:12:47]No valid destination passed into forceMove
runtime error: 
[19:12:47]No valid destination passed into forceMove
runtime error: 
[19:12:47]No valid destination passed into forceMove
runtime error: 
[19:12:48]No valid destination passed into forceMove
runtime error: 
[19:12:48]No valid destination passed into forceMove
runtime error: 
[19:12:49]No valid destination passed into forceMove
runtime error: 
[19:12:49]No valid destination passed into forceMove
runtime error: 
[19:12:50]No valid destination passed into forceMove
runtime error: 
[19:12:50]No valid destination passed into forceMove
runtime error: 
[19:12:51]No valid destination passed into forceMove
runtime error: 
[19:12:51]No valid destination passed into forceMove
runtime error: 
[19:12:52]No valid destination passed into forceMove
runtime error: 
[19:12:52]No valid destination passed into forceMove
runtime error: 
[19:12:53]No valid destination passed into forceMove
runtime error: 
[19:12:54]No valid destination passed into forceMove
Shutting down Persistence subsystem...
Shutting down Squeak subsystem...
Shutting down Shuttle subsystem...
Shutting down Lighting subsystem...
Shutting down XKeyScore subsystem...
Shutting down Sticky Ban subsystem...
Shutting down Overlay subsystem...
Shutting down Icon Smoothing subsystem...
Shutting down Assets subsystem...
Shutting down Minimap subsystem...
Shutting down Atmospherics subsystem...
Shutting down Weather subsystem...
Shutting down Vote subsystem...
Shutting down Title Screen subsystem...
Shutting down Time Tracking subsystem...
Shutting down Throwing subsystem...
Shutting down tgui subsystem...
Shutting down Sun subsystem...
Shutting down Space Drift subsystem...
Shutting down Religion subsystem...
Shutting down Radio subsystem...
Shutting down Radiation subsystem...
Shutting down Projectiles subsystem...
Shutting down Processing subsystem...
Shutting down Parallax subsystem...
Shutting down pAI subsystem...
Shutting down Orbits subsystem...
Shutting down Objects subsystem...
Shutting down NPC Pool subsystem...
Shutting down Mobs subsystem...
Shutting down Inbounds subsystem...
Shutting down Idling NPC Pool subsystem...
Shutting down Garbage subsystem...
Shutting down Flightpack Movement subsystem...
Shutting down Fire Burning subsystem...
Shutting down Fields subsystem...
Shutting down Fast Processing subsystem...
Shutting down Disease subsystem...
Shutting down Communications subsystem...
Shutting down Augury subsystem...
Shutting down Acid subsystem...
Shutting down Timer subsystem...
Shutting down Circuit subsystem...
Shutting down Machines subsystem...
Shutting down Language subsystem...
Shutting down Atoms subsystem...
Shutting down Mapping subsystem...
Shutting down Ticker subsystem...
Shutting down Jobs subsystem...
Shutting down Events subsystem...
Shutting down Server Tasks subsystem...
Shutting down Blackbox subsystem...
Shutting down Database subsystem...
Shutdown complete
World rebooted at 19:13:36
