

Starting up round ID . 10:50:07
---------------------
Initialized Blackbox subsystem within 0 seconds!
Initialized Server Tasks subsystem within 0 seconds!
Initialized Events subsystem within 0 seconds!
runtime error: 
[10:50:08]cannot read from list
[10:50:08]proc name: LoadJobs (/datum/controller/subsystem/job/proc/LoadJobs)
[10:50:08]  source file: job.dm,448
[10:50:08]  usr: null
[10:50:08]  src: Jobs (/datum/controller/subsystem/job)
[10:50:08]  call stack:
[10:50:08]Jobs (/datum/controller/subsystem/job): LoadJobs()
[10:50:08]Jobs (/datum/controller/subsystem/job): Initialize(534081)
[10:50:08]Master (/datum/controller/master): Initialize(10, 0)
Initialized Jobs subsystem within 0.1 seconds!
Initialized Ticker subsystem within 0 seconds!
Loading Delta Station...
runtime error: 
[10:51:09]Cannot execute /datum/plant_gene/trait/glow (/datum/plant_gene/trait/glow).glow range().
[10:51:09]proc name: New (/obj/structure/glowshroom/New)
[10:51:09]  source file: glowshroom.dm,63
[10:51:09]  usr: null
[10:51:09]  src: the glowshroom (/obj/structure/glowshroom/single)
[10:51:09]  src.loc: Cave Floor (303,71,2) (/turf/open/floor/plating/asteroid)
[10:51:09]  call stack:
[10:51:09]the glowshroom (/obj/structure/glowshroom/single): New(Cave Floor (303,71,2) (/turf/open/floor/plating/asteroid), null, null)
[10:51:09]/dmm_suite (/dmm_suite): create atom(/obj/structure/glowshroom/sing... (/obj/structure/glowshroom/single), Cave Floor (303,71,2) (/turf/open/floor/plating/asteroid))
[10:51:09]/dmm_suite (/dmm_suite): instance atom(/obj/structure/glowshroom/sing... (/obj/structure/glowshroom/single), /list (/list), Cave Floor (303,71,2) (/turf/open/floor/plating/asteroid), 1)
[10:51:09]/dmm_suite (/dmm_suite): parse grid("/obj/structure/glowshroom/sing...", "eFi", 303, 71, 2, 1)
[10:51:09]/dmm_suite (/dmm_suite): load map impl(_maps/map_files/Deltastation/D..., 1, 1, 2, null, null, 1, -1e+031, 1e+031, -1e+031, 1e+031)
[10:51:09]/dmm_suite (/dmm_suite): load map(_maps/map_files/Deltastation/D..., 0, 0, 2, null, null, 1, null, null, null, null)
[10:51:09]Mapping (/datum/controller/subsystem/mapping): TryLoadZ("_maps/map_files/Deltastation/D...", /list (/list), 2, null)
[10:51:09]Mapping (/datum/controller/subsystem/mapping): loadWorld()
[10:51:09]Mapping (/datum/controller/subsystem/mapping): Initialize(534082)
[10:51:09]Master (/datum/controller/master): Initialize(10, 0)
runtime error: 
[10:51:09]Cannot execute /datum/plant_gene/trait/glow (/datum/plant_gene/trait/glow).glow range().
[10:51:09]proc name: New (/obj/structure/glowshroom/New)
[10:51:09]  source file: glowshroom.dm,63
[10:51:09]  usr: null
[10:51:09]  src: the glowshroom (/obj/structure/glowshroom/single)
[10:51:09]  src.loc: Cave Floor (306,70,2) (/turf/open/floor/plating/asteroid)
[10:51:09]  call stack:
[10:51:09]the glowshroom (/obj/structure/glowshroom/single): New(Cave Floor (306,70,2) (/turf/open/floor/plating/asteroid), null, null)
[10:51:09]/dmm_suite (/dmm_suite): create atom(/obj/structure/glowshroom/sing... (/obj/structure/glowshroom/single), Cave Floor (306,70,2) (/turf/open/floor/plating/asteroid))
[10:51:09]/dmm_suite (/dmm_suite): instance atom(/obj/structure/glowshroom/sing... (/obj/structure/glowshroom/single), /list (/list), Cave Floor (306,70,2) (/turf/open/floor/plating/asteroid), 1)
[10:51:09]/dmm_suite (/dmm_suite): parse grid("/obj/structure/glowshroom/sing...", "eFi", 306, 70, 2, 1)
[10:51:09]/dmm_suite (/dmm_suite): load map impl(_maps/map_files/Deltastation/D..., 1, 1, 2, null, null, 1, -1e+031, 1e+031, -1e+031, 1e+031)
[10:51:09]/dmm_suite (/dmm_suite): load map(_maps/map_files/Deltastation/D..., 0, 0, 2, null, null, 1, null, null, null, null)
[10:51:09]Mapping (/datum/controller/subsystem/mapping): TryLoadZ("_maps/map_files/Deltastation/D...", /list (/list), 2, null)
[10:51:09]Mapping (/datum/controller/subsystem/mapping): loadWorld()
[10:51:09]Mapping (/datum/controller/subsystem/mapping): Initialize(534082)
[10:51:09]Master (/datum/controller/master): Initialize(10, 0)
runtime error: 
[10:51:10]Cannot execute /datum/plant_gene/trait/glow (/datum/plant_gene/trait/glow).glow range().
[10:51:10]proc name: New (/obj/structure/glowshroom/New)
[10:51:10]  source file: glowshroom.dm,63
[10:51:10]  usr: null
[10:51:10]  src: the glowshroom (/obj/structure/glowshroom/single)
[10:51:10]  src.loc: Cave Floor (309,70,2) (/turf/open/floor/plating/asteroid)
[10:51:10]  call stack:
[10:51:10]the glowshroom (/obj/structure/glowshroom/single): New(Cave Floor (309,70,2) (/turf/open/floor/plating/asteroid), null, null)
[10:51:10]/dmm_suite (/dmm_suite): create atom(/obj/structure/glowshroom/sing... (/obj/structure/glowshroom/single), Cave Floor (309,70,2) (/turf/open/floor/plating/asteroid))
[10:51:10]/dmm_suite (/dmm_suite): instance atom(/obj/structure/glowshroom/sing... (/obj/structure/glowshroom/single), /list (/list), Cave Floor (309,70,2) (/turf/open/floor/plating/asteroid), 1)
[10:51:10]/dmm_suite (/dmm_suite): parse grid("/obj/structure/glowshroom/sing...", "eFi", 309, 70, 2, 1)
[10:51:10]/dmm_suite (/dmm_suite): load map impl(_maps/map_files/Deltastation/D..., 1, 1, 2, null, null, 1, -1e+031, 1e+031, -1e+031, 1e+031)
[10:51:10]/dmm_suite (/dmm_suite): load map(_maps/map_files/Deltastation/D..., 0, 0, 2, null, null, 1, null, null, null, null)
[10:51:10]Mapping (/datum/controller/subsystem/mapping): TryLoadZ("_maps/map_files/Deltastation/D...", /list (/list), 2, null)
[10:51:10]Mapping (/datum/controller/subsystem/mapping): loadWorld()
[10:51:10]Mapping (/datum/controller/subsystem/mapping): Initialize(534082)
[10:51:10]Master (/datum/controller/master): Initialize(10, 0)
runtime error: 
[10:51:10]Cannot execute /datum/plant_gene/trait/glow (/datum/plant_gene/trait/glow).glow range().
[10:51:10]proc name: New (/obj/structure/glowshroom/New)
[10:51:10]  source file: glowshroom.dm,63
[10:51:10]  usr: null
[10:51:10]  src: the glowshroom (/obj/structure/glowshroom/single)
[10:51:10]  src.loc: Cave Floor (302,69,2) (/turf/open/floor/plating/asteroid)
[10:51:10]  call stack:
[10:51:10]the glowshroom (/obj/structure/glowshroom/single): New(Cave Floor (302,69,2) (/turf/open/floor/plating/asteroid), null, null)
[10:51:10]/dmm_suite (/dmm_suite): create atom(/obj/structure/glowshroom/sing... (/obj/structure/glowshroom/single), Cave Floor (302,69,2) (/turf/open/floor/plating/asteroid))
[10:51:10]/dmm_suite (/dmm_suite): instance atom(/obj/structure/glowshroom/sing... (/obj/structure/glowshroom/single), /list (/list), Cave Floor (302,69,2) (/turf/open/floor/plating/asteroid), 1)
[10:51:10]/dmm_suite (/dmm_suite): parse grid("/obj/structure/glowshroom/sing...", "eFi", 302, 69, 2, 1)
[10:51:10]/dmm_suite (/dmm_suite): load map impl(_maps/map_files/Deltastation/D..., 1, 1, 2, null, null, 1, -1e+031, 1e+031, -1e+031, 1e+031)
[10:51:10]/dmm_suite (/dmm_suite): load map(_maps/map_files/Deltastation/D..., 0, 0, 2, null, null, 1, null, null, null, null)
[10:51:10]Mapping (/datum/controller/subsystem/mapping): TryLoadZ("_maps/map_files/Deltastation/D...", /list (/list), 2, null)
[10:51:10]Mapping (/datum/controller/subsystem/mapping): loadWorld()
[10:51:10]Mapping (/datum/controller/subsystem/mapping): Initialize(534082)
[10:51:10]Master (/datum/controller/master): Initialize(10, 0)
runtime error: 
[10:51:10]Cannot execute /datum/plant_gene/trait/glow (/datum/plant_gene/trait/glow).glow range().
[10:51:10]proc name: New (/obj/structure/glowshroom/New)
[10:51:10]  source file: glowshroom.dm,63
[10:51:10]  usr: null
[10:51:10]  src: the glowshroom (/obj/structure/glowshroom/single)
[10:51:10]  src.loc: Cave Floor (296,55,2) (/turf/open/floor/plating/asteroid)
[10:51:10]  call stack:
[10:51:10]the glowshroom (/obj/structure/glowshroom/single): New(Cave Floor (296,55,2) (/turf/open/floor/plating/asteroid), null, null)
[10:51:10]/dmm_suite (/dmm_suite): create atom(/obj/structure/glowshroom/sing... (/obj/structure/glowshroom/single), Cave Floor (296,55,2) (/turf/open/floor/plating/asteroid))
[10:51:10]/dmm_suite (/dmm_suite): instance atom(/obj/structure/glowshroom/sing... (/obj/structure/glowshroom/single), /list (/list), Cave Floor (296,55,2) (/turf/open/floor/plating/asteroid), 1)
[10:51:10]/dmm_suite (/dmm_suite): parse grid("/obj/structure/glowshroom/sing...", "eJI", 296, 55, 2, 1)
[10:51:10]/dmm_suite (/dmm_suite): load map impl(_maps/map_files/Deltastation/D..., 1, 1, 2, null, null, 1, -1e+031, 1e+031, -1e+031, 1e+031)
[10:51:10]/dmm_suite (/dmm_suite): load map(_maps/map_files/Deltastation/D..., 0, 0, 2, null, null, 1, null, null, null, null)
[10:51:10]Mapping (/datum/controller/subsystem/mapping): TryLoadZ("_maps/map_files/Deltastation/D...", /list (/list), 2, null)
[10:51:10]Mapping (/datum/controller/subsystem/mapping): loadWorld()
[10:51:10]Mapping (/datum/controller/subsystem/mapping): Initialize(534082)
[10:51:10]Master (/datum/controller/master): Initialize(10, 0)
runtime error: 
[10:51:10]Cannot execute /datum/plant_gene/trait/glow (/datum/plant_gene/trait/glow).glow range().
[10:51:10]proc name: New (/obj/structure/glowshroom/New)
[10:51:10]  source file: glowshroom.dm,63
[10:51:10]  usr: null
[10:51:10]  src: the glowshroom (/obj/structure/glowshroom/single)
[10:51:10]  src.loc: Cave Floor (299,55,2) (/turf/open/floor/plating/asteroid)
[10:51:10]  call stack:
[10:51:10]the glowshroom (/obj/structure/glowshroom/single): New(Cave Floor (299,55,2) (/turf/open/floor/plating/asteroid), null, null)
[10:51:10]/dmm_suite (/dmm_suite): create atom(/obj/structure/glowshroom/sing... (/obj/structure/glowshroom/single), Cave Floor (299,55,2) (/turf/open/floor/plating/asteroid))
[10:51:10]/dmm_suite (/dmm_suite): instance atom(/obj/structure/glowshroom/sing... (/obj/structure/glowshroom/single), /list (/list), Cave Floor (299,55,2) (/turf/open/floor/plating/asteroid), 1)
[10:51:10]/dmm_suite (/dmm_suite): parse grid("/obj/structure/glowshroom/sing...", "eJI", 299, 55, 2, 1)
[10:51:10]/dmm_suite (/dmm_suite): load map impl(_maps/map_files/Deltastation/D..., 1, 1, 2, null, null, 1, -1e+031, 1e+031, -1e+031, 1e+031)
[10:51:10]/dmm_suite (/dmm_suite): load map(_maps/map_files/Deltastation/D..., 0, 0, 2, null, null, 1, null, null, null, null)
[10:51:10]Mapping (/datum/controller/subsystem/mapping): TryLoadZ("_maps/map_files/Deltastation/D...", /list (/list), 2, null)
[10:51:10]Mapping (/datum/controller/subsystem/mapping): loadWorld()
[10:51:10]Mapping (/datum/controller/subsystem/mapping): Initialize(534082)
[10:51:10]Master (/datum/controller/master): Initialize(10, 0)
runtime error: 
[10:51:10]Cannot execute /datum/plant_gene/trait/glow (/datum/plant_gene/trait/glow).glow range().
[10:51:10]proc name: New (/obj/structure/glowshroom/New)
[10:51:10]  source file: glowshroom.dm,63
[10:51:10]  usr: null
[10:51:10]  src: the glowshroom (/obj/structure/glowshroom/single)
[10:51:10]  src.loc: Cave Floor (283,53,2) (/turf/open/floor/plating/asteroid)
[10:51:10]  call stack:
[10:51:10]the glowshroom (/obj/structure/glowshroom/single): New(Cave Floor (283,53,2) (/turf/open/floor/plating/asteroid), null, null)
[10:51:10]/dmm_suite (/dmm_suite): create atom(/obj/structure/glowshroom/sing... (/obj/structure/glowshroom/single), Cave Floor (283,53,2) (/turf/open/floor/plating/asteroid))
[10:51:10]/dmm_suite (/dmm_suite): instance atom(/obj/structure/glowshroom/sing... (/obj/structure/glowshroom/single), /list (/list), Cave Floor (283,53,2) (/turf/open/floor/plating/asteroid), 1)
[10:51:10]/dmm_suite (/dmm_suite): parse grid("/obj/structure/glowshroom/sing...", "eJI", 283, 53, 2, 1)
[10:51:10]/dmm_suite (/dmm_suite): load map impl(_maps/map_files/Deltastation/D..., 1, 1, 2, null, null, 1, -1e+031, 1e+031, -1e+031, 1e+031)
[10:51:10]/dmm_suite (/dmm_suite): load map(_maps/map_files/Deltastation/D..., 0, 0, 2, null, null, 1, null, null, null, null)
[10:51:10]Mapping (/datum/controller/subsystem/mapping): TryLoadZ("_maps/map_files/Deltastation/D...", /list (/list), 2, null)
[10:51:10]Mapping (/datum/controller/subsystem/mapping): loadWorld()
[10:51:10]Mapping (/datum/controller/subsystem/mapping): Initialize(534082)
[10:51:10]Master (/datum/controller/master): Initialize(10, 0)
runtime error: 
[10:51:10]Cannot execute /datum/plant_gene/trait/glow (/datum/plant_gene/trait/glow).glow range().
[10:51:10]proc name: New (/obj/structure/glowshroom/New)
[10:51:10]  source file: glowshroom.dm,63
[10:51:10]  usr: null
[10:51:10]  src: the glowshroom (/obj/structure/glowshroom/single)
[10:51:10]  src.loc: Cave Floor (302,53,2) (/turf/open/floor/plating/asteroid)
[10:51:10]  call stack:
[10:51:10]the glowshroom (/obj/structure/glowshroom/single): New(Cave Floor (302,53,2) (/turf/open/floor/plating/asteroid), null, null)
[10:51:10]/dmm_suite (/dmm_suite): create atom(/obj/structure/glowshroom/sing... (/obj/structure/glowshroom/single), Cave Floor (302,53,2) (/turf/open/floor/plating/asteroid))
[10:51:10]/dmm_suite (/dmm_suite): instance atom(/obj/structure/glowshroom/sing... (/obj/structure/glowshroom/single), /list (/list), Cave Floor (302,53,2) (/turf/open/floor/plating/asteroid), 1)
[10:51:10]/dmm_suite (/dmm_suite): parse grid("/obj/structure/glowshroom/sing...", "eJI", 302, 53, 2, 1)
[10:51:10]/dmm_suite (/dmm_suite): load map impl(_maps/map_files/Deltastation/D..., 1, 1, 2, null, null, 1, -1e+031, 1e+031, -1e+031, 1e+031)
[10:51:10]/dmm_suite (/dmm_suite): load map(_maps/map_files/Deltastation/D..., 0, 0, 2, null, null, 1, null, null, null, null)
[10:51:10]Mapping (/datum/controller/subsystem/mapping): TryLoadZ("_maps/map_files/Deltastation/D...", /list (/list), 2, null)
[10:51:10]Mapping (/datum/controller/subsystem/mapping): loadWorld()
[10:51:10]Mapping (/datum/controller/subsystem/mapping): Initialize(534082)
[10:51:10]Master (/datum/controller/master): Initialize(10, 0)
runtime error: 
[10:51:10]Cannot execute /datum/plant_gene/trait/glow (/datum/plant_gene/trait/glow).glow range().
[10:51:10]proc name: New (/obj/structure/glowshroom/New)
[10:51:10]  source file: glowshroom.dm,63
[10:51:10]  usr: null
[10:51:10]  src: the glowshroom (/obj/structure/glowshroom/single)
[10:51:10]  src.loc: Cave Floor (276,52,2) (/turf/open/floor/plating/asteroid)
[10:51:10]  call stack:
[10:51:10]the glowshroom (/obj/structure/glowshroom/single): New(Cave Floor (276,52,2) (/turf/open/floor/plating/asteroid), null, null)
[10:51:10]/dmm_suite (/dmm_suite): create atom(/obj/structure/glowshroom/sing... (/obj/structure/glowshroom/single), Cave Floor (276,52,2) (/turf/open/floor/plating/asteroid))
[10:51:10]/dmm_suite (/dmm_suite): instance atom(/obj/structure/glowshroom/sing... (/obj/structure/glowshroom/single), /list (/list), Cave Floor (276,52,2) (/turf/open/floor/plating/asteroid), 1)
[10:51:10]/dmm_suite (/dmm_suite): parse grid("/obj/structure/glowshroom/sing...", "eJI", 276, 52, 2, 1)
[10:51:10]/dmm_suite (/dmm_suite): load map impl(_maps/map_files/Deltastation/D..., 1, 1, 2, null, null, 1, -1e+031, 1e+031, -1e+031, 1e+031)
[10:51:10]/dmm_suite (/dmm_suite): load map(_maps/map_files/Deltastation/D..., 0, 0, 2, null, null, 1, null, null, null, null)
[10:51:10]Mapping (/datum/controller/subsystem/mapping): TryLoadZ("_maps/map_files/Deltastation/D...", /list (/list), 2, null)
[10:51:10]Mapping (/datum/controller/subsystem/mapping): loadWorld()
[10:51:10]Mapping (/datum/controller/subsystem/mapping): Initialize(534082)
[10:51:10]Master (/datum/controller/master): Initialize(10, 0)
runtime error: 
[10:51:10]Cannot execute /datum/plant_gene/trait/glow (/datum/plant_gene/trait/glow).glow range().
[10:51:10]proc name: New (/obj/structure/glowshroom/New)
[10:51:10]  source file: glowshroom.dm,63
[10:51:10]  usr: null
[10:51:10]  src: the glowshroom (/obj/structure/glowshroom/single)
[10:51:10]  src.loc: Cave Floor (292,51,2) (/turf/open/floor/plating/asteroid)
[10:51:10]  call stack:
[10:51:10]the glowshroom (/obj/structure/glowshroom/single): New(Cave Floor (292,51,2) (/turf/open/floor/plating/asteroid), null, null)
[10:51:10]/dmm_suite (/dmm_suite): create atom(/obj/structure/glowshroom/sing... (/obj/structure/glowshroom/single), Cave Floor (292,51,2) (/turf/open/floor/plating/asteroid))
[10:51:10]/dmm_suite (/dmm_suite): instance atom(/obj/structure/glowshroom/sing... (/obj/structure/glowshroom/single), /list (/list), Cave Floor (292,51,2) (/turf/open/floor/plating/asteroid), 1)
[10:51:10]/dmm_suite (/dmm_suite): parse grid("/obj/structure/glowshroom/sing...", "eJI", 292, 51, 2, 1)
[10:51:10]/dmm_suite (/dmm_suite): load map impl(_maps/map_files/Deltastation/D..., 1, 1, 2, null, null, 1, -1e+031, 1e+031, -1e+031, 1e+031)
[10:51:10]/dmm_suite (/dmm_suite): load map(_maps/map_files/Deltastation/D..., 0, 0, 2, null, null, 1, null, null, null, null)
[10:51:10]Mapping (/datum/controller/subsystem/mapping): TryLoadZ("_maps/map_files/Deltastation/D...", /list (/list), 2, null)
[10:51:10]Mapping (/datum/controller/subsystem/mapping): loadWorld()
[10:51:10]Mapping (/datum/controller/subsystem/mapping): Initialize(534082)
[10:51:10]Master (/datum/controller/master): Initialize(10, 0)
runtime error: 
[10:51:10]Cannot execute /datum/plant_gene/trait/glow (/datum/plant_gene/trait/glow).glow range().
[10:51:10]proc name: New (/obj/structure/glowshroom/New)
[10:51:10]  source file: glowshroom.dm,63
[10:51:10]  usr: null
[10:51:10]  src: the glowshroom (/obj/structure/glowshroom/single)
[10:51:10]  src.loc: Cave Floor (295,51,2) (/turf/open/floor/plating/asteroid)
[10:51:10]  call stack:
[10:51:10]the glowshroom (/obj/structure/glowshroom/single): New(Cave Floor (295,51,2) (/turf/open/floor/plating/asteroid), null, null)
[10:51:10]/dmm_suite (/dmm_suite): create atom(/obj/structure/glowshroom/sing... (/obj/structure/glowshroom/single), Cave Floor (295,51,2) (/turf/open/floor/plating/asteroid))
[10:51:10]/dmm_suite (/dmm_suite): instance atom(/obj/structure/glowshroom/sing... (/obj/structure/glowshroom/single), /list (/list), Cave Floor (295,51,2) (/turf/open/floor/plating/asteroid), 1)
[10:51:10]/dmm_suite (/dmm_suite): parse grid("/obj/structure/glowshroom/sing...", "eJI", 295, 51, 2, 1)
[10:51:10]/dmm_suite (/dmm_suite): load map impl(_maps/map_files/Deltastation/D..., 1, 1, 2, null, null, 1, -1e+031, 1e+031, -1e+031, 1e+031)
[10:51:10]/dmm_suite (/dmm_suite): load map(_maps/map_files/Deltastation/D..., 0, 0, 2, null, null, 1, null, null, null, null)
[10:51:10]Mapping (/datum/controller/subsystem/mapping): TryLoadZ("_maps/map_files/Deltastation/D...", /list (/list), 2, null)
[10:51:10]Mapping (/datum/controller/subsystem/mapping): loadWorld()
[10:51:10]Mapping (/datum/controller/subsystem/mapping): Initialize(534082)
[10:51:10]Master (/datum/controller/master): Initialize(10, 0)
runtime error: 
[10:51:10]Cannot execute /datum/plant_gene/trait/glow (/datum/plant_gene/trait/glow).glow range().
[10:51:10]proc name: New (/obj/structure/glowshroom/New)
[10:51:10]  source file: glowshroom.dm,63
[10:51:10]  usr: null
[10:51:10]  src: the glowshroom (/obj/structure/glowshroom/single)
[10:51:10]  src.loc: Cave Floor (258,49,2) (/turf/open/floor/plating/asteroid)
[10:51:10]  call stack:
[10:51:10]the glowshroom (/obj/structure/glowshroom/single): New(Cave Floor (258,49,2) (/turf/open/floor/plating/asteroid), null, null)
[10:51:10]/dmm_suite (/dmm_suite): create atom(/obj/structure/glowshroom/sing... (/obj/structure/glowshroom/single), Cave Floor (258,49,2) (/turf/open/floor/plating/asteroid))
[10:51:10]/dmm_suite (/dmm_suite): instance atom(/obj/structure/glowshroom/sing... (/obj/structure/glowshroom/single), /list (/list), Cave Floor (258,49,2) (/turf/open/floor/plating/asteroid), 1)
[10:51:10]/dmm_suite (/dmm_suite): parse grid("/obj/structure/glowshroom/sing...", "eJI", 258, 49, 2, 1)
[10:51:10]/dmm_suite (/dmm_suite): load map impl(_maps/map_files/Deltastation/D..., 1, 1, 2, null, null, 1, -1e+031, 1e+031, -1e+031, 1e+031)
[10:51:10]/dmm_suite (/dmm_suite): load map(_maps/map_files/Deltastation/D..., 0, 0, 2, null, null, 1, null, null, null, null)
[10:51:10]Mapping (/datum/controller/subsystem/mapping): TryLoadZ("_maps/map_files/Deltastation/D...", /list (/list), 2, null)
[10:51:10]Mapping (/datum/controller/subsystem/mapping): loadWorld()
[10:51:10]Mapping (/datum/controller/subsystem/mapping): Initialize(534082)
[10:51:10]Master (/datum/controller/master): Initialize(10, 0)
runtime error: 
[10:51:10]Cannot execute /datum/plant_gene/trait/glow (/datum/plant_gene/trait/glow).glow range().
[10:51:10]proc name: New (/obj/structure/glowshroom/New)
[10:51:10]  source file: glowshroom.dm,63
[10:51:10]  usr: null
[10:51:10]  src: the glowshroom (/obj/structure/glowshroom/single)
[10:51:10]  src.loc: Cave Floor (275,49,2) (/turf/open/floor/plating/asteroid)
[10:51:10]  call stack:
[10:51:10]the glowshroom (/obj/structure/glowshroom/single): New(Cave Floor (275,49,2) (/turf/open/floor/plating/asteroid), null, null)
[10:51:10]/dmm_suite (/dmm_suite): create atom(/obj/structure/glowshroom/sing... (/obj/structure/glowshroom/single), Cave Floor (275,49,2) (/turf/open/floor/plating/asteroid))
[10:51:10]/dmm_suite (/dmm_suite): instance atom(/obj/structure/glowshroom/sing... (/obj/structure/glowshroom/single), /list (/list), Cave Floor (275,49,2) (/turf/open/floor/plating/asteroid), 1)
[10:51:10]/dmm_suite (/dmm_suite): parse grid("/obj/structure/glowshroom/sing...", "eJI", 275, 49, 2, 1)
[10:51:10]/dmm_suite (/dmm_suite): load map impl(_maps/map_files/Deltastation/D..., 1, 1, 2, null, null, 1, -1e+031, 1e+031, -1e+031, 1e+031)
[10:51:10]/dmm_suite (/dmm_suite): load map(_maps/map_files/Deltastation/D..., 0, 0, 2, null, null, 1, null, null, null, null)
[10:51:10]Mapping (/datum/controller/subsystem/mapping): TryLoadZ("_maps/map_files/Deltastation/D...", /list (/list), 2, null)
[10:51:10]Mapping (/datum/controller/subsystem/mapping): loadWorld()
[10:51:10]Mapping (/datum/controller/subsystem/mapping): Initialize(534082)
[10:51:10]Master (/datum/controller/master): Initialize(10, 0)
runtime error: 
[10:51:10]Cannot execute /datum/plant_gene/trait/glow (/datum/plant_gene/trait/glow).glow range().
[10:51:10]proc name: New (/obj/structure/glowshroom/New)
[10:51:10]  source file: glowshroom.dm,63
[10:51:10]  usr: null
[10:51:10]  src: the glowshroom (/obj/structure/glowshroom/single)
[10:51:10]  src.loc: Cave Floor (261,48,2) (/turf/open/floor/plating/asteroid)
[10:51:10]  call stack:
[10:51:10]the glowshroom (/obj/structure/glowshroom/single): New(Cave Floor (261,48,2) (/turf/open/floor/plating/asteroid), null, null)
[10:51:10]/dmm_suite (/dmm_suite): create atom(/obj/structure/glowshroom/sing... (/obj/structure/glowshroom/single), Cave Floor (261,48,2) (/turf/open/floor/plating/asteroid))
[10:51:10]/dmm_suite (/dmm_suite): instance atom(/obj/structure/glowshroom/sing... (/obj/structure/glowshroom/single), /list (/list), Cave Floor (261,48,2) (/turf/open/floor/plating/asteroid), 1)
[10:51:10]/dmm_suite (/dmm_suite): parse grid("/obj/structure/glowshroom/sing...", "eJI", 261, 48, 2, 1)
[10:51:10]/dmm_suite (/dmm_suite): load map impl(_maps/map_files/Deltastation/D..., 1, 1, 2, null, null, 1, -1e+031, 1e+031, -1e+031, 1e+031)
[10:51:10]/dmm_suite (/dmm_suite): load map(_maps/map_files/Deltastation/D..., 0, 0, 2, null, null, 1, null, null, null, null)
[10:51:10]Mapping (/datum/controller/subsystem/mapping): TryLoadZ("_maps/map_files/Deltastation/D...", /list (/list), 2, null)
[10:51:10]Mapping (/datum/controller/subsystem/mapping): loadWorld()
[10:51:10]Mapping (/datum/controller/subsystem/mapping): Initialize(534082)
[10:51:10]Master (/datum/controller/master): Initialize(10, 0)
runtime error: 
[10:51:10]Cannot execute /datum/plant_gene/trait/glow (/datum/plant_gene/trait/glow).glow range().
[10:51:10]proc name: New (/obj/structure/glowshroom/New)
[10:51:10]  source file: glowshroom.dm,63
[10:51:10]  usr: null
[10:51:10]  src: the glowshroom (/obj/structure/glowshroom/single)
[10:51:10]  src.loc: Cave Floor (292,48,2) (/turf/open/floor/plating/asteroid)
[10:51:10]  call stack:
[10:51:10]the glowshroom (/obj/structure/glowshroom/single): New(Cave Floor (292,48,2) (/turf/open/floor/plating/asteroid), null, null)
[10:51:10]/dmm_suite (/dmm_suite): create atom(/obj/structure/glowshroom/sing... (/obj/structure/glowshroom/single), Cave Floor (292,48,2) (/turf/open/floor/plating/asteroid))
[10:51:10]/dmm_suite (/dmm_suite): instance atom(/obj/structure/glowshroom/sing... (/obj/structure/glowshroom/single), /list (/list), Cave Floor (292,48,2) (/turf/open/floor/plating/asteroid), 1)
[10:51:10]/dmm_suite (/dmm_suite): parse grid("/obj/structure/glowshroom/sing...", "eJI", 292, 48, 2, 1)
[10:51:10]/dmm_suite (/dmm_suite): load map impl(_maps/map_files/Deltastation/D..., 1, 1, 2, null, null, 1, -1e+031, 1e+031, -1e+031, 1e+031)
[10:51:10]/dmm_suite (/dmm_suite): load map(_maps/map_files/Deltastation/D..., 0, 0, 2, null, null, 1, null, null, null, null)
[10:51:10]Mapping (/datum/controller/subsystem/mapping): TryLoadZ("_maps/map_files/Deltastation/D...", /list (/list), 2, null)
[10:51:10]Mapping (/datum/controller/subsystem/mapping): loadWorld()
[10:51:10]Mapping (/datum/controller/subsystem/mapping): Initialize(534082)
[10:51:10]Master (/datum/controller/master): Initialize(10, 0)
runtime error: 
[10:51:10]Cannot execute /datum/plant_gene/trait/glow (/datum/plant_gene/trait/glow).glow range().
[10:51:10]proc name: New (/obj/structure/glowshroom/New)
[10:51:10]  source file: glowshroom.dm,63
runtime error: 
[10:51:10]Cannot execute /datum/plant_gene/trait/glow (/datum/plant_gene/trait/glow).glow range().
[10:51:10]proc name: New (/obj/structure/glowshroom/New)
[10:51:10]  source file: glowshroom.dm,63
runtime error: 
[10:51:10]Cannot execute /datum/plant_gene/trait/glow (/datum/plant_gene/trait/glow).glow range().
[10:51:10]proc name: New (/obj/structure/glowshroom/New)
[10:51:10]  source file: glowshroom.dm,63
runtime error: 
[10:51:10]Cannot execute /datum/plant_gene/trait/glow (/datum/plant_gene/trait/glow).glow range().
[10:51:10]proc name: New (/obj/structure/glowshroom/New)
[10:51:10]  source file: glowshroom.dm,63
runtime error: 
[10:51:10]Cannot execute /datum/plant_gene/trait/glow (/datum/plant_gene/trait/glow).glow range().
[10:51:10]proc name: New (/obj/structure/glowshroom/New)
[10:51:10]  source file: glowshroom.dm,63
runtime error: 
[10:51:10]Cannot execute /datum/plant_gene/trait/glow (/datum/plant_gene/trait/glow).glow range().
[10:51:10]proc name: New (/obj/structure/glowshroom/New)
[10:51:10]  source file: glowshroom.dm,63
runtime error: 
[10:51:10]Cannot execute /datum/plant_gene/trait/glow (/datum/plant_gene/trait/glow).glow range().
[10:51:10]proc name: New (/obj/structure/glowshroom/New)
[10:51:10]  source file: glowshroom.dm,63
runtime error: 
[10:51:11]Cannot execute /datum/plant_gene/trait/glow (/datum/plant_gene/trait/glow).glow range().
[10:51:11]proc name: New (/obj/structure/glowshroom/New)
[10:51:11]  source file: glowshroom.dm,63
runtime error: 
[10:51:11]Cannot execute /datum/plant_gene/trait/glow (/datum/plant_gene/trait/glow).glow range().
[10:51:11]proc name: New (/obj/structure/glowshroom/New)
[10:51:11]  source file: glowshroom.dm,63
runtime error: 
[10:51:11]Cannot execute /datum/plant_gene/trait/glow (/datum/plant_gene/trait/glow).glow range().
[10:51:11]proc name: New (/obj/structure/glowshroom/New)
[10:51:11]  source file: glowshroom.dm,63
runtime error: 
[10:51:11]Cannot execute /datum/plant_gene/trait/glow (/datum/plant_gene/trait/glow).glow range().
[10:51:11]proc name: New (/obj/structure/glowshroom/New)
[10:51:11]  source file: glowshroom.dm,63
runtime error: 
[10:51:11]Cannot execute /datum/plant_gene/trait/glow (/datum/plant_gene/trait/glow).glow range().
[10:51:11]proc name: New (/obj/structure/glowshroom/New)
[10:51:11]  source file: glowshroom.dm,63
runtime error: 
[10:51:11]Cannot execute /datum/plant_gene/trait/glow (/datum/plant_gene/trait/glow).glow range().
[10:51:11]proc name: New (/obj/structure/glowshroom/New)
[10:51:11]  source file: glowshroom.dm,63
runtime error: 
[10:51:11]Cannot execute /datum/plant_gene/trait/glow (/datum/plant_gene/trait/glow).glow range().
[10:51:11]proc name: New (/obj/structure/glowshroom/New)
[10:51:11]  source file: glowshroom.dm,63
runtime error: 
[10:51:11]Cannot execute /datum/plant_gene/trait/glow (/datum/plant_gene/trait/glow).glow range().
[10:51:11]proc name: New (/obj/structure/glowshroom/New)
[10:51:11]  source file: glowshroom.dm,63
runtime error: 
[10:51:11]Cannot execute /datum/plant_gene/trait/glow (/datum/plant_gene/trait/glow).glow range().
[10:51:11]proc name: New (/obj/structure/glowshroom/New)
[10:51:11]  source file: glowshroom.dm,63
runtime error: 
[10:51:11]Cannot execute /datum/plant_gene/trait/glow (/datum/plant_gene/trait/glow).glow range().
[10:51:11]proc name: New (/obj/structure/glowshroom/New)
[10:51:11]  source file: glowshroom.dm,63
runtime error: 
[10:51:11]Cannot execute /datum/plant_gene/trait/glow (/datum/plant_gene/trait/glow).glow range().
[10:51:11]proc name: New (/obj/structure/glowshroom/New)
[10:51:11]  source file: glowshroom.dm,63
runtime error: 
[10:51:11]Cannot execute /datum/plant_gene/trait/glow (/datum/plant_gene/trait/glow).glow range().
[10:51:11]proc name: New (/obj/structure/glowshroom/New)
[10:51:11]  source file: glowshroom.dm,63
runtime error: 
[10:51:11]Cannot execute /datum/plant_gene/trait/glow (/datum/plant_gene/trait/glow).glow range().
[10:51:11]proc name: New (/obj/structure/glowshroom/New)
[10:51:11]  source file: glowshroom.dm,63
runtime error: 
[10:51:11]Cannot execute /datum/plant_gene/trait/glow (/datum/plant_gene/trait/glow).glow range().
[10:51:11]proc name: New (/obj/structure/glowshroom/New)
[10:51:11]  source file: glowshroom.dm,63
runtime error: 
[10:51:11]Cannot execute /datum/plant_gene/trait/glow (/datum/plant_gene/trait/glow).glow range().
[10:51:11]proc name: New (/obj/structure/glowshroom/New)
[10:51:11]  source file: glowshroom.dm,63
runtime error: 
[10:51:11]Cannot execute /datum/plant_gene/trait/glow (/datum/plant_gene/trait/glow).glow range().
[10:51:11]proc name: New (/obj/structure/glowshroom/New)
[10:51:11]  source file: glowshroom.dm,63
runtime error: 
[10:51:11]Cannot execute /datum/plant_gene/trait/glow (/datum/plant_gene/trait/glow).glow range().
[10:51:11]proc name: New (/obj/structure/glowshroom/New)
[10:51:11]  source file: glowshroom.dm,63
runtime error: 
[10:51:11]Cannot execute /datum/plant_gene/trait/glow (/datum/plant_gene/trait/glow).glow range().
[10:51:11]proc name: New (/obj/structure/glowshroom/New)
[10:51:11]  source file: glowshroom.dm,63
runtime error: 
[10:51:11]Cannot execute /datum/plant_gene/trait/glow (/datum/plant_gene/trait/glow).glow range().
[10:51:11]proc name: New (/obj/structure/glowshroom/New)
[10:51:11]  source file: glowshroom.dm,63
Loaded station in 64.1s!
Ruin "Hierophant's Arena" placed at (224, 116, 5)
Ruin "Blood-Drunk Miner (Hunter)" placed at (36, 160, 5)
Ruin "Ruin of Sloth" placed at (176, 105, 5)
Ruin loader gave up with 1 left to spend.
Ruin "A Giant Ball of Paper in Space" placed at (240, 73, 10)
Initialized Mapping subsystem within 69 seconds!
runtime error: 
[10:51:17]Cannot execute null.add reagent().
[10:51:17]proc name: Initialize (/obj/effect/decal/cleanable/blood/gibs/Initialize)
[10:51:17]  source file: humans.dm,57
runtime error: 
[10:51:17]Cannot execute null.add reagent().
[10:51:17]proc name: Initialize (/obj/effect/decal/cleanable/blood/gibs/Initialize)
[10:51:17]  source file: humans.dm,57
runtime error: 
[10:51:17]Cannot execute null.add reagent().
[10:51:17]proc name: Initialize (/obj/effect/decal/cleanable/blood/gibs/Initialize)
[10:51:17]  source file: humans.dm,57
runtime error: 
[10:51:17]Cannot execute null.add reagent().
[10:51:17]proc name: Initialize (/obj/effect/decal/cleanable/blood/gibs/Initialize)
[10:51:17]  source file: humans.dm,57
runtime error: 
[10:51:17]Cannot execute null.add reagent().
[10:51:17]proc name: Initialize (/obj/effect/decal/cleanable/oil/Initialize)
[10:51:17]  source file: robots.dm,52
runtime error: 
[10:51:17]Cannot execute null.add reagent().
[10:51:17]proc name: Initialize (/obj/effect/decal/cleanable/oil/Initialize)
[10:51:17]  source file: robots.dm,52
runtime error: 
[10:51:19]Cannot execute null.add reagent().
[10:51:19]proc name: Initialize (/obj/effect/decal/cleanable/oil/Initialize)
[10:51:19]  source file: robots.dm,52
runtime error: 
[10:51:19]Cannot execute null.add reagent().
[10:51:19]proc name: Initialize (/obj/effect/decal/cleanable/oil/Initialize)
[10:51:19]  source file: robots.dm,52
runtime error: 
[10:51:19]Cannot execute null.add reagent().
[10:51:19]proc name: Initialize (/obj/effect/decal/cleanable/oil/Initialize)
[10:51:19]  source file: robots.dm,52
runtime error: 
[10:51:19]Cannot execute null.add reagent().
[10:51:19]proc name: Initialize (/obj/effect/decal/cleanable/blood/gibs/Initialize)
[10:51:19]  source file: humans.dm,57
runtime error: 
[10:51:20]Cannot execute null.add reagent().
[10:51:20]proc name: Initialize (/obj/effect/decal/cleanable/oil/Initialize)
[10:51:20]  source file: robots.dm,52
runtime error: 
[10:51:20]Cannot execute null.add reagent().
[10:51:20]proc name: Initialize (/obj/effect/decal/cleanable/blood/gibs/Initialize)
[10:51:20]  source file: humans.dm,57
runtime error: 
[10:51:20]Cannot execute null.add reagent().
[10:51:20]proc name: Initialize (/obj/effect/decal/cleanable/oil/Initialize)
[10:51:20]  source file: robots.dm,52
runtime error: 
[10:51:20]Cannot execute null.add reagent().
[10:51:20]proc name: Initialize (/obj/effect/decal/cleanable/blood/gibs/Initialize)
[10:51:20]  source file: humans.dm,57
runtime error: 
[10:51:20]Cannot execute null.add reagent().
[10:51:20]proc name: Initialize (/obj/effect/decal/cleanable/oil/Initialize)
[10:51:20]  source file: robots.dm,52
runtime error: 
[10:51:20]Cannot execute null.add reagent().
[10:51:20]proc name: Initialize (/obj/effect/decal/cleanable/oil/Initialize)
[10:51:20]  source file: robots.dm,52
runtime error: 
[10:51:20]Cannot execute null.add reagent().
[10:51:20]proc name: Initialize (/obj/effect/decal/cleanable/oil/Initialize)
[10:51:20]  source file: robots.dm,52
runtime error: 
[10:51:20]Cannot execute null.add reagent().
[10:51:20]proc name: Initialize (/obj/effect/decal/cleanable/oil/Initialize)
[10:51:20]  source file: robots.dm,52
runtime error: 
[10:51:20]Cannot execute null.add reagent().
[10:51:20]proc name: Initialize (/obj/effect/decal/cleanable/oil/Initialize)
[10:51:20]  source file: robots.dm,52
runtime error: 
[10:51:20]Cannot execute null.add reagent().
[10:51:20]proc name: Initialize (/obj/effect/decal/cleanable/oil/Initialize)
[10:51:20]  source file: robots.dm,52
runtime error: 
[10:51:20]Cannot execute null.add reagent().
[10:51:20]proc name: Initialize (/obj/effect/decal/cleanable/oil/Initialize)
[10:51:20]  source file: robots.dm,52
runtime error: 
[10:51:20]Cannot execute null.add reagent().
[10:51:20]proc name: Initialize (/obj/effect/decal/cleanable/oil/Initialize)
[10:51:20]  source file: robots.dm,52
runtime error: 
[10:51:20]Cannot execute null.add reagent().
[10:51:20]proc name: Initialize (/obj/effect/decal/cleanable/oil/Initialize)
[10:51:20]  source file: robots.dm,52
runtime error: 
[10:51:20]Cannot execute null.add reagent().
[10:51:20]proc name: Initialize (/obj/effect/decal/cleanable/oil/Initialize)
[10:51:20]  source file: robots.dm,52
runtime error: 
[10:51:21]Cannot execute null.add reagent().
[10:51:21]proc name: Initialize (/obj/effect/decal/cleanable/oil/Initialize)
[10:51:21]  source file: robots.dm,52
runtime error: 
[10:51:21]Cannot execute null.add reagent().
[10:51:21]proc name: Initialize (/obj/effect/decal/cleanable/oil/Initialize)
[10:51:21]  source file: robots.dm,52
runtime error: 
[10:51:21]Cannot execute null.add reagent().
[10:51:21]proc name: Initialize (/obj/effect/decal/cleanable/oil/Initialize)
[10:51:21]  source file: robots.dm,52
runtime error: 
[10:51:21]Cannot execute null.add reagent().
[10:51:21]proc name: Initialize (/obj/effect/decal/cleanable/oil/Initialize)
[10:51:21]  source file: robots.dm,52
runtime error: 
[10:51:21]Cannot execute null.add reagent().
[10:51:21]proc name: Initialize (/obj/effect/decal/cleanable/oil/Initialize)
[10:51:21]  source file: robots.dm,52
runtime error: 
[10:51:21]Cannot execute null.add reagent().
[10:51:21]proc name: Initialize (/obj/effect/decal/cleanable/oil/Initialize)
[10:51:21]  source file: robots.dm,52
runtime error: 
[10:51:21]Cannot execute null.add reagent().
[10:51:21]proc name: Initialize (/obj/effect/decal/cleanable/oil/Initialize)
[10:51:21]  source file: robots.dm,52
runtime error: 
[10:51:21]Cannot execute null.add reagent().
[10:51:21]proc name: Initialize (/obj/effect/decal/cleanable/oil/Initialize)
[10:51:21]  source file: robots.dm,52
runtime error: 
[10:51:22]Cannot execute null.add reagent().
[10:51:22]proc name: Initialize (/obj/effect/decal/cleanable/oil/Initialize)
[10:51:22]  source file: robots.dm,52
runtime error: 
[10:51:22]Cannot execute null.add reagent().
[10:51:22]proc name: Initialize (/obj/effect/decal/cleanable/oil/Initialize)
[10:51:22]  source file: robots.dm,52
runtime error: 
[10:51:22]Cannot execute null.add reagent().
[10:51:22]proc name: Initialize (/obj/effect/decal/cleanable/oil/Initialize)
[10:51:22]  source file: robots.dm,52
runtime error: 
[10:51:22]Cannot execute null.add reagent().
[10:51:22]proc name: Initialize (/obj/effect/decal/cleanable/oil/Initialize)
[10:51:22]  source file: robots.dm,52
runtime error: 
[10:51:22]Cannot execute null.add reagent().
[10:51:22]proc name: Initialize (/obj/effect/decal/cleanable/oil/Initialize)
[10:51:22]  source file: robots.dm,52
runtime error: 
[10:51:22]Cannot execute null.add reagent().
[10:51:22]proc name: Initialize (/obj/effect/decal/cleanable/oil/Initialize)
[10:51:22]  source file: robots.dm,52
runtime error: 
[10:51:22]Cannot execute null.add reagent().
[10:51:22]proc name: Initialize (/obj/effect/decal/cleanable/oil/Initialize)
[10:51:22]  source file: robots.dm,52
runtime error: 
[10:51:22]Cannot execute null.add reagent().
[10:51:22]proc name: Initialize (/obj/effect/decal/cleanable/oil/Initialize)
[10:51:22]  source file: robots.dm,52
runtime error: 
[10:51:22]Cannot execute null.add reagent().
[10:51:22]proc name: Initialize (/obj/effect/decal/cleanable/oil/Initialize)
[10:51:22]  source file: robots.dm,52
runtime error: 
[10:51:22]Cannot execute null.add reagent().
[10:51:22]proc name: Initialize (/obj/effect/decal/cleanable/oil/Initialize)
[10:51:22]  source file: robots.dm,52
runtime error: 
[10:51:23]Cannot execute null.add reagent().
[10:51:23]proc name: Initialize (/obj/effect/decal/cleanable/oil/Initialize)
[10:51:23]  source file: robots.dm,52
runtime error: 
[10:51:23]Cannot execute null.add reagent().
[10:51:23]proc name: Initialize (/obj/effect/decal/cleanable/oil/Initialize)
[10:51:23]  source file: robots.dm,52
runtime error: 
[10:51:23]Cannot execute null.add reagent().
[10:51:23]proc name: Initialize (/obj/effect/decal/cleanable/oil/Initialize)
[10:51:23]  source file: robots.dm,52
runtime error: 
[10:51:24]Cannot execute null.add reagent().
[10:51:24]proc name: Initialize (/obj/effect/decal/cleanable/oil/Initialize)
[10:51:24]  source file: robots.dm,52
runtime error: 
[10:51:24]Cannot execute null.add reagent().
[10:51:24]proc name: Initialize (/obj/effect/decal/cleanable/oil/Initialize)
[10:51:24]  source file: robots.dm,52
runtime error: 
[10:51:24]Cannot execute null.add reagent().
[10:51:24]proc name: Initialize (/obj/effect/decal/cleanable/oil/Initialize)
[10:51:24]  source file: robots.dm,52
runtime error: 
[10:51:24]Cannot execute null.add reagent().
[10:51:24]proc name: Initialize (/obj/effect/decal/cleanable/oil/Initialize)
[10:51:24]  source file: robots.dm,52
runtime error: 
[10:51:24]Cannot execute null.add reagent().
[10:51:24]proc name: Initialize (/obj/effect/decal/cleanable/oil/Initialize)
[10:51:24]  source file: robots.dm,52
runtime error: 
[10:51:24]Cannot execute null.add reagent().
[10:51:24]proc name: Initialize (/obj/effect/decal/cleanable/oil/Initialize)
[10:51:24]  source file: robots.dm,52
runtime error: 
[10:51:24]Cannot execute null.add reagent().
[10:51:24]proc name: Initialize (/obj/effect/decal/cleanable/oil/Initialize)
[10:51:24]  source file: robots.dm,52
runtime error: 
[10:51:25]Cannot execute null.add reagent().
[10:51:25]Warning: further proc crash messages are being suppressed to prevent overload...
runtime error: 
[10:51:25]Cannot read null.temperature
runtime error: 
[10:51:26]Undefined variable /obj/item/rupee/var/swimming

runtime error: 
[10:51:26]Undefined variable /obj/item/rupee/var/swimming

runtime error: 
[10:51:26]Undefined variable /obj/item/rupee/var/swimming

runtime error: 
[10:51:26]Undefined variable /obj/structure/signpost/salvation/var/swimming

runtime error: 
[10:51:26]Undefined variable /obj/item/rupee/var/swimming

runtime error: 
[10:51:26]Undefined variable /obj/item/rupee/var/swimming

runtime error: 
[10:51:26]Undefined variable /obj/item/rupee/var/swimming

runtime error: 
[10:51:26]Undefined variable /obj/item/rupee/var/swimming

runtime error: 
[10:51:26]Undefined variable /obj/item/rupee/var/swimming

runtime error: 
[10:51:26]Undefined variable /obj/item/rupee/var/swimming

runtime error: 
[10:51:26]Undefined variable /obj/effect/landmark/error/var/swimming

runtime error: 
[10:51:26]Undefined variable /obj/item/rupee/var/swimming

runtime error: 
[10:51:26]Undefined variable /obj/item/rupee/var/swimming

runtime error: 
[10:51:26]Undefined variable /obj/item/rupee/var/swimming

runtime error: 
[10:51:26]Undefined variable /obj/item/rupee/var/swimming

runtime error: 
[10:51:26]Undefined variable /obj/item/rupee/var/swimming

runtime error: 
[10:51:26]Undefined variable /obj/item/rupee/var/swimming

runtime error: 
[10:51:26]Undefined variable /obj/item/rupee/var/swimming

runtime error: 
[10:51:26]Undefined variable /obj/item/rupee/var/swimming

runtime error: 
[10:51:26]Undefined variable /obj/item/rupee/var/swimming

runtime error: 
[10:51:26]Undefined variable /obj/item/rupee/var/swimming

runtime error: 
[10:51:26]Undefined variable /obj/item/rupee/var/swimming

runtime error: 
[10:51:26]Undefined variable /obj/item/rupee/var/swimming

runtime error: 
[10:51:26]Undefined variable /obj/item/rupee/var/swimming

runtime error: 
[10:51:26]Undefined variable /obj/item/rupee/var/swimming

runtime error: 
[10:51:26]Undefined variable /obj/item/rupee/var/swimming

runtime error: 
[10:51:26]Undefined variable /obj/item/rupee/var/swimming

runtime error: 
[10:51:26]Undefined variable /obj/item/rupee/var/swimming

runtime error: 
[10:51:26]Undefined variable /obj/item/rupee/var/swimming

runtime error: 
[10:51:26]Undefined variable /obj/item/rupee/var/swimming

runtime error: 
[10:51:26]Undefined variable /obj/item/rupee/var/swimming

runtime error: 
[10:51:26]Undefined variable /obj/item/rupee/var/swimming

runtime error: 
[10:51:26]Undefined variable /obj/item/rupee/var/swimming

runtime error: 
[10:51:26]Undefined variable /obj/item/rupee/var/swimming

runtime error: 
[10:51:26]Undefined variable /obj/item/rupee/var/swimming

runtime error: 
[10:51:26]Undefined variable /obj/item/rupee/var/swimming

runtime error: 
[10:51:27]Undefined variable /obj/item/rupee/var/swimming

runtime error: 
[10:51:27]Undefined variable /obj/item/rupee/var/swimming

runtime error: 
[10:51:27]Undefined variable /obj/item/rupee/var/swimming

runtime error: 
[10:51:27]Undefined variable /obj/item/rupee/var/swimming

runtime error: 
[10:51:27]Undefined variable /obj/item/rupee/var/swimming

runtime error: 
[10:51:27]Undefined variable /obj/item/rupee/var/swimming

runtime error: 
[10:51:27]Undefined variable /obj/item/rupee/var/swimming

runtime error: 
[10:51:27]Undefined variable /obj/item/rupee/var/swimming

runtime error: 
[10:51:27]Undefined variable /obj/item/rupee/var/swimming

runtime error: 
[10:51:27]Undefined variable /obj/item/rupee/var/swimming

runtime error: 
[10:51:27]Undefined variable /obj/item/rupee/var/swimming

runtime error: 
[10:51:27]Undefined variable /obj/structure/speaking_tile/var/swimming

runtime error: 
[10:51:27]Undefined variable /obj/machinery/abductor/gland_dispenser/var/swimming

runtime error: 
[10:51:27]Undefined variable /obj/structure/table/abductor/var/swimming

runtime error: 
[10:51:27]Undefined variable /obj/item/surgicaldrill/alien/var/swimming

runtime error: 
[10:51:27]undefined proc or verb /mob/living/simple_animal/bot/medbot/mysterious/remove overlay().

runtime error: 
[10:51:27]undefined proc or verb /mob/living/simple_animal/hostile/creature/remove overlay().

runtime error: 
[10:51:27]undefined proc or verb /mob/living/simple_animal/hostile/carp/cayenne/remove overlay().

runtime error: 
[10:51:29]Cannot execute null.add reagent().
runtime error: 
[10:51:30]Cannot execute null.add reagent().
runtime error: 
[10:51:30]Cannot execute null.add reagent().
runtime error: 
[10:51:30]undefined proc or verb /mob/living/simple_animal/bot/medbot/remove overlay().

runtime error: 
[10:51:30]undefined proc or verb /mob/living/simple_animal/cockroach/remove overlay().

runtime error: 
[10:51:30]undefined proc or verb /mob/living/simple_animal/cockroach/remove overlay().

runtime error: 
[10:51:30]Cannot execute null.add reagent().
runtime error: 
[10:51:30]Cannot execute null.add reagent().
runtime error: 
[10:51:30]undefined proc or verb /mob/living/simple_animal/cockroach/remove overlay().

runtime error: 
[10:51:30]undefined proc or verb /mob/living/simple_animal/cockroach/remove overlay().

runtime error: 
[10:51:30]undefined proc or verb /mob/living/simple_animal/cockroach/remove overlay().

runtime error: 
[10:51:30]Cannot execute null.add reagent().
runtime error: 
[10:51:30]undefined proc or verb /mob/living/simple_animal/pet/cat/Runtime/remove overlay().

runtime error: 
[10:51:30]undefined proc or verb /mob/living/simple_animal/cockroach/remove overlay().

runtime error: 
[10:51:30]undefined proc or verb /mob/living/simple_animal/pet/dog/pug/remove overlay().

runtime error: 
[10:51:30]undefined proc or verb /mob/living/simple_animal/cockroach/remove overlay().

runtime error: 
[10:51:30]undefined proc or verb /mob/living/simple_animal/cockroach/remove overlay().

runtime error: 
[10:51:30]undefined proc or verb /mob/living/simple_animal/cockroach/remove overlay().

runtime error: 
[10:51:30]undefined proc or verb /mob/living/simple_animal/slime/remove overlay().

runtime error: 
[10:51:31]undefined proc or verb /mob/living/simple_animal/slime/remove overlay().

runtime error: 
[10:51:31]undefined proc or verb /mob/living/simple_animal/slime/remove overlay().

runtime error: 
[10:51:31]undefined proc or verb /mob/living/simple_animal/cockroach/remove overlay().

runtime error: 
[10:51:31]undefined proc or verb /mob/living/simple_animal/cockroach/remove overlay().

runtime error: 
[10:51:31]undefined proc or verb /mob/living/simple_animal/pet/dog/corgi/Ian/remove overlay().

runtime error: 
[10:51:31]undefined proc or verb /mob/living/simple_animal/bot/secbot/pingsky/remove overlay().

runtime error: 
[10:51:31]undefined proc or verb /mob/living/simple_animal/parrot/Poly/remove overlay().

runtime error: 
[10:51:31]undefined proc or verb /mob/living/simple_animal/bot/secbot/beepsky/remove overlay().

runtime error: 
[10:51:31]undefined proc or verb /mob/living/simple_animal/pet/fox/Renault/remove overlay().

runtime error: 
[10:51:32]undefined proc or verb /mob/living/simple_animal/hostile/carp/cayenne/remove overlay().

runtime error: 
[10:51:32]undefined proc or verb /mob/living/simple_animal/cockroach/remove overlay().

runtime error: 
[10:51:32]undefined proc or verb /mob/living/simple_animal/hostile/retaliate/goat/remove overlay().

runtime error: 
[10:51:32]undefined proc or verb /mob/living/simple_animal/sloth/citrus/remove overlay().

runtime error: 
[10:51:32]undefined proc or verb /mob/living/simple_animal/cockroach/remove overlay().

runtime error: 
[10:51:32]undefined proc or verb /mob/living/simple_animal/mouse/remove overlay().

runtime error: 
[10:51:32]undefined proc or verb /mob/living/simple_animal/mouse/remove overlay().

runtime error: 
[10:51:32]undefined proc or verb /mob/living/simple_animal/bot/mulebot/remove overlay().

runtime error: 
[10:51:32]undefined proc or verb /mob/living/simple_animal/bot/mulebot/remove overlay().

runtime error: 
[10:51:32]undefined proc or verb /mob/living/simple_animal/cockroach/remove overlay().

runtime error: 
[10:51:32]undefined proc or verb /mob/living/simple_animal/hostile/lizard/remove overlay().

runtime error: 
[10:51:32]undefined proc or verb /mob/living/simple_animal/cockroach/remove overlay().

runtime error: 
[10:51:32]undefined proc or verb /mob/living/simple_animal/cockroach/remove overlay().

runtime error: 
[10:51:32]undefined proc or verb /mob/living/simple_animal/cockroach/remove overlay().

runtime error: 
[10:51:32]undefined proc or verb /mob/living/simple_animal/cockroach/remove overlay().

runtime error: 
[10:51:35]undefined proc or verb /mob/living/simple_animal/hostile/asteroid/basilisk/watcher/random/remove overlay().

runtime error: 
[10:51:35]undefined proc or verb /mob/living/simple_animal/hostile/asteroid/basilisk/watcher/random/remove overlay().

runtime error: 
[10:51:35]undefined proc or verb /mob/living/simple_animal/hostile/asteroid/basilisk/watcher/random/remove overlay().

runtime error: 
[10:51:35]undefined proc or verb /mob/living/simple_animal/hostile/asteroid/basilisk/watcher/random/remove overlay().

runtime error: 
[10:51:35]undefined proc or verb /mob/living/simple_animal/hostile/asteroid/basilisk/watcher/random/remove overlay().

runtime error: 
[10:51:35]undefined proc or verb /mob/living/simple_animal/hostile/asteroid/basilisk/watcher/random/remove overlay().

runtime error: 
[10:51:35]undefined proc or verb /mob/living/simple_animal/hostile/megafauna/dragon/remove overlay().

runtime error: 
[10:51:35]undefined proc or verb /mob/living/simple_animal/hostile/asteroid/goliath/beast/random/remove overlay().

runtime error: 
[10:51:35]undefined proc or verb /mob/living/simple_animal/hostile/asteroid/goliath/beast/random/remove overlay().

runtime error: 
[10:51:35]undefined proc or verb /mob/living/simple_animal/hostile/asteroid/hivelord/legion/random/remove overlay().

runtime error: 
[10:51:35]undefined proc or verb /mob/living/simple_animal/hostile/asteroid/hivelord/legion/random/remove overlay().

Initialized 1.48041e+006 atoms
Initialized Atoms subsystem within 34.3 seconds!
Initialized Language subsystem within 0 seconds!
Initialized Machines subsystem within 0.6 seconds!
Initialized Circuit subsystem within 0.1 seconds!
Initialized Weather subsystem within 0 seconds!
## WARNING: There are 574 active turfs at roundstart, this is a mapping error caused by a difference of the air between the adjacent turfs. You can see its coordinates using "Mapping -> Show roundstart AT list" verb (debug verbs required)
## WARNING: HEY! LISTEN! 5 seconds were wasted processing 574 turf(s) (connected to 88016 other turfs) with atmos differences at round start.
Initialized Atmospherics subsystem within 21.3 seconds!
Initialized Minimap subsystem within 0 seconds!
Initialized Assets subsystem within 0.1 seconds!
Initialized Icon Smoothing subsystem within 6.9 seconds!
Initialized Overlay subsystem within 13.9 seconds!
Initialized XKeyScore subsystem within 0 seconds!
Initialized Lighting subsystem within 22.1 seconds!
Initialized Shuttle subsystem within 61.5 seconds!
Initialized Squeak subsystem within 0 seconds!
Loaded 0 engraved messages on map Delta Station
Initialized Persistence subsystem within 0.2 seconds!
Initializations complete within 230.6 seconds!
Game start took 0s
