

Starting up round ID . 22:40:34
---------------------
[22:40:35]ADMIN: Loading Banlist
[22:40:37]GAME: Saved mode is 'extended'
[22:41:37]GAME: Hierophant's Arena loaded at at 38,181,5
[22:41:37]GAME: Biodome Winter loaded at at 193,53,5
[22:41:37]GAME: Ruin of Sloth loaded at at 52,126,5
[22:41:38]GAME: Animal Hospital loaded at at 109,160,5
[22:41:38]GAME: Ruin of Gluttony loaded at at 103,97,5
[22:41:38]GAME: Xenomorph Nest loaded at at 117,27,5
[22:41:38]GAME: Ash Walker Nest loaded at at 81,149,5
[22:41:40]GAME: Ancient Space Station loaded at at 60,77,7
[22:41:40]GAME: Detached Teleporter loaded at at 137,30,4
[22:41:40]GAME: Asteroid 1 loaded at at 191,103,3
[22:41:42]GAME: The Twin-Nexus Hotel loaded at at 146,140,7
[22:41:42]GAME: Ordinary Space Tile loaded at at 126,182,8
[22:41:42]GAME: Aesthetic Outpost loaded at at 24,101,4
[22:41:42]GAME: NT Medical Ship loaded at at 176,166,11
[22:41:42]GAME: Derelict 4 loaded at at 96,98,8
[22:41:42]GAME: Derelict 5 loaded at at 183,190,9
[22:41:42]GAME: Waylaid Buses loaded at at 80,54,4
[22:41:42]GAME: Abandoned Teleporter loaded at at 167,165,9
[22:41:43]GAME: Syndicate Ambush loaded at at 87,24,8
[22:41:43]GAME: Unnamed Turreted Outpost loaded at at 157,136,4
[22:41:43]GAME: Salvation loaded at at 64,58,10
[22:41:43]GAME: Syndicate Listening Station loaded at at 74,24,3
[22:41:44]GAME: Survivalist Bunker loaded at at 167,106,10
[22:41:49]ACCESS: Login: AlcaroIsAFrick from 127.0.0.1-1817465521 || BYOND v511
[22:41:49]ACCESS: Mob Login: AlcaroIsAFrick/(AlcaroIsAFrick) was assigned to a /mob/dead/new_player
[22:42:02]ACCESS: Login: Borksin from 173.247.1.66-111905061 || BYOND v511
[22:42:02]ACCESS: Mob Login: Borksin/(Borksin) was assigned to a /mob/dead/new_player
[22:42:41]ADMIN: AlcaroIsAFrick has started the game.
[22:43:35]ACCESS: Login: Unixian from 72.28.163.203-1210434887 || BYOND v511
[22:43:35]ACCESS: Mob Login: Unixian/(Unixian) was assigned to a /mob/dead/new_player
[22:45:14]ACCESS: Mob Login: Borksin/(Wikipedia) was assigned to a /mob/living/silicon/ai
[22:45:14]ACCESS: Mob Login: Unixian/(Axel Koffman) was assigned to a /mob/living/carbon/human
[22:45:18]GAME: Explosion with size (0, 1, 5, 0) in area Unexplored Location (139,61,8)
[22:45:18]GAME: Explosion with size (0, 1, 5, 0) in area Unexplored Location (139,60,8)
[22:45:18]ACCESS: Mob Login: AlcaroIsAFrick/(YO MAMA) was assigned to a /mob/living/carbon/human
[22:45:20]EMOTE: *no key*/(Lizard) : <b>Lizard</b> stops moving... (88,66,4)
[22:45:25]SAY: Officer Beepsky/ : Engaging patrol mode. (193,130,2)
[22:45:25]SAY: Prison Ofitser/ : Engaging patrol mode. (23,36,5)
[22:45:25]SAY: Prison Ofitser/ : Disengaging patrol mode. (23,36,5)
[22:45:27]EMOTE: *no key*/(Poly) : <b>Poly</b> turns and flies towards the folder. (88,129,2)
[22:45:28]EMOTE: *no key*/(monkey (972)) : <b>The monkey (972)</b> scratches. (193,59,2)
[22:45:34]SAY: mouse/ : Squeek! (167,74,2)
[22:45:36]SAY: mouse/ : Squeek! (209,170,2)
[22:45:36]SAY: Swanson/ : AUUUUUU (114,82,2)
[22:45:38]EMOTE: *no key*/(Pegwing) : <b>Pegwing</b> turns and flies towards the gold coin. (148,62,8)
[22:45:38]EMOTE: *no key*/(monkey (316)) : <b>The monkey (316)</b> scratches. (167,81,2)
[22:45:40]EMOTE: *no key*/(grey baby slime (711)) : <b>The grey baby slime (711)</b> jiggles! (115,92,2)
[22:45:42]ACCESS: Login: Lezus_Konrad from 82.17.116.125-3955108823 || BYOND v512
[22:45:42]ACCESS: Mob Login: Lezus_Konrad/(Lezus_Konrad) was assigned to a /mob/dead/new_player
[22:45:43]GAME: <a href='?priv_msg=unixian'>Unixian</a>/(Axel Koffman) checked the player panel while in game.
[22:45:55]EMOTE: *no key*/(grey baby slime (711)) : <b>The grey baby slime (711)</b> lights up for a bit, then stops. (116,93,2)
[22:46:03]ACCESS: Mob Login: Lezus_Konrad/(Alden Is A Terrorist) was assigned to a /mob/living/carbon/human
[22:46:13]EMOTE: *no key*/(monkey (851)) : <b>The monkey (851)</b> rolls. (167,81,2)
[22:46:13]GAME: Explosion with size (0, 1, 5, 0) in area Unexplored Location (151,62,8)
[22:46:14]SAY: Nobody's Perfect/ : Delicious! (24,75,1)
[22:46:18]SAY: Poly/ : OH GOD ITS ABOUT TO DELAMINATE CALL THE SHUTTLE (87,130,2)
[22:46:22]ADMIN: Lezus_Konrad/(Alden Is A Terrorist) jumped to AlcaroIsAFrick/(YO MAMA)
[22:46:33]EMOTE: *no key*/(mouse) : <b>The mouse</b> squeeks. (140,174,2)
[22:46:35]EMOTE: *no key*/(Poly) : <b>Poly</b> looks in the BreatheDeep cartridge's direction and takes flight. (87,130,2)
[22:46:36]GAME: <a href='?priv_msg=lezuskonrad'>Lezus_Konrad</a>/(Alden Is A Terrorist) checked the player panel while in game.
[22:46:37]SAY: Nobody's Perfect/ : There&#39;s always a catch, and I&#39;m the best there is. (24,75,1)
[22:46:39]EMOTE: *no key*/(mouse) : <b>The mouse</b> squeeks. (167,191,2)
[22:46:42]ADMIN: Lezus_Konrad/(Alden Is A Terrorist) has muted lezuskonrad/(Alden Is A Terrorist) from pray
[22:46:45]EMOTE: *no key*/(Pegwing) : <b>Pegwing</b> stops moving... (150,59,8)
[22:46:48]ADMIN: Lezus_Konrad/(Alden Is A Terrorist) has unmuted lezuskonrad/(Alden Is A Terrorist) from pray
[22:47:01]EMOTE: *no key*/(mouse) : <b>The mouse</b> shakes. (132,62,2)
[22:47:03]EMOTE: *no key*/(grey baby slime (847)) : <b>The grey baby slime (847)</b> jiggles! (118,102,2)
[22:47:03]SAY: Runtime/ : Meow! (174,78,2)
[22:47:07]EMOTE: *no key*/(monkey (316)) : <b>The monkey (316)</b> scratches. (167,82,2)
[22:47:09]EMOTE: *no key*/(monkey (22)) : <b>The monkey (22)</b> jumps! (193,59,2)
[22:47:11]EMOTE: *no key*/(mouse) : <b>The mouse</b> runs in a circle. (129,63,2)
[22:47:13]ADMIN: Lezus_Konrad/(Alden Is A Terrorist) enabled the ability to speak all languages (that_they know) of Lezus_Konrad/(Alden Is A Terrorist).
[22:47:21]EMOTE: *no key*/(monkey (119)) : <b>The monkey (119)</b> jumps! (193,58,2)
[22:47:24]EMOTE: *no key*/(Ian) : <b>Ian</b> chases its tail! (143,121,2)
[22:47:26]EMOTE: *no key*/(monkey (22)) : <b>The monkey (22)</b> waves her tail. (194,59,2)
[22:47:26]SAY: mouse/ : Squeek? (166,193,2)
[22:47:27]ADMIN: Lezus_Konrad/(Alden Is A Terrorist) granted the language Beachtongue to Lezus_Konrad/(Alden Is A Terrorist).
[22:47:28]ADMIN: Lezus_Konrad/(Alden Is A Terrorist) granted the language Codespeak to Lezus_Konrad/(Alden Is A Terrorist).
[22:47:31]ADMIN: Lezus_Konrad/(Alden Is A Terrorist) granted the language Xenomorph to Lezus_Konrad/(Alden Is A Terrorist).
[22:47:32]EMOTE: *no key*/(grey baby slime (711)) : <b>The grey baby slime (711)</b> bounces in place. (115,93,2)
[22:47:32]ADMIN: Lezus_Konrad/(Alden Is A Terrorist) granted the language Swarmer to Lezus_Konrad/(Alden Is A Terrorist).
[22:47:32]EMOTE: *no key*/(Poly) : <b>Poly</b> looks in the BreatheDeep cartridge's direction and takes flight. (87,130,2)
[22:47:34]EMOTE: *no key*/(monkey (119)) : <b>The monkey (119)</b> rolls. (192,59,2)
[22:47:34]ADMIN: Lezus_Konrad/(Alden Is A Terrorist) granted the language Slime to Lezus_Konrad/(Alden Is A Terrorist).
[22:47:34]SAY: Runtime/ : Esp! (174,77,2)
[22:47:35]ADMIN: Lezus_Konrad/(Alden Is A Terrorist) granted the language Nar-Sian to Lezus_Konrad/(Alden Is A Terrorist).
[22:47:36]ADMIN: Lezus_Konrad/(Alden Is A Terrorist) granted the language Ratvarian to Lezus_Konrad/(Alden Is A Terrorist).
[22:47:36]SAY: mouse/ : Squeek? (116,148,2)
[22:47:38]ADMIN: Lezus_Konrad/(Alden Is A Terrorist) granted the language Chimpanzee to Lezus_Konrad/(Alden Is A Terrorist).
[22:47:40]ADMIN: Lezus_Konrad/(Alden Is A Terrorist) granted the language Drone to Lezus_Konrad/(Alden Is A Terrorist).
[22:47:41]ADMIN: AlcaroIsAFrick/(YO MAMA) jumped to Unixian/(Axel Koffman)
[22:47:42]ADMIN: Lezus_Konrad/(Alden Is A Terrorist) granted the language Draconic to Lezus_Konrad/(Alden Is A Terrorist).
[22:47:43]EMOTE: *no key*/(mouse) : <b>The mouse</b> squeeks. (128,63,2)
[22:47:43]SAY: Poly/ : Try our new nougat bar! (87,130,2)
[22:47:43]ADMIN: Lezus_Konrad/(Alden Is A Terrorist) granted the language Encoded Audio Language to Lezus_Konrad/(Alden Is A Terrorist).
[22:47:45]EMOTE: *no key*/(mouse) : <b>The mouse</b> shakes. (175,103,2)
[22:47:50]EMOTE: *no key*/(Travis IV) : <b>Travis IV</b> waves its tail. (143,152,2)
[22:47:55]SAY: Poly/ : Don&#39;t believe the reports - smoke today! (87,130,2)
[22:47:56]EMOTE: *no key*/(monkey (316)) : <b>The monkey (316)</b> rolls. (167,81,2)
[22:48:02]EMOTE: *no key*/(Ian) : <b>Ian</b> chases its tail! (141,121,2)
[22:48:14]SAY: emergency Medibot/ : What kind of medbay is this? Everyone&#39;s dropping like flies. (124,169,5)
[22:48:14]ADMIN: AlcaroIsAFrick/(YO MAMA) deleted YO MAMA at (148, 183, 2)
[22:48:14]ACCESS: Mob Login: AlcaroIsAFrick/(YO MAMA) was assigned to a /mob/dead/observer
[22:48:17]EMOTE: *no key*/(Travis IV) : <b>Travis IV</b> jumps! (141,151,2)
[22:48:19]EMOTE: *no key*/(Runtime) : <b>Runtime</b> lies down. (173,76,2)
[22:48:22]SAY: Nobody's Perfect/ : There&#39;s always a catch, and I&#39;m the best there is. (24,75,1)
[22:48:23]ADMIN: AlcaroIsAFrick/(YO MAMA) toggled respawn to On.
[22:48:24]GAME: YO MAMA/AlcaroIsAFrick used abandon mob.
[22:48:24]ACCESS: Mob Login: AlcaroIsAFrick/(new player) was assigned to a /mob/dead/new_player
[22:48:26]SAY: mouse/ : Squeek? (143,174,2)
[22:48:28]EMOTE: *no key*/(mouse) : <b>The mouse</b> shakes. (117,148,2)
[22:48:28]EMOTE: *no key*/(Poly) : <b>Poly</b> looks in the BreatheDeep cartridge's direction and takes flight. (87,130,2)
[22:48:30]EMOTE: *no key*/(Citrus) : <b>Citrus</b> looks around sleepily. (181,160,2)
[22:48:32]EMOTE: *no key*/(pug) : <b>Swanson</b> chases its tail. (113,81,2)
[22:48:35]SAY: mouse/ : Squeek! (195,96,2)
[22:48:35]SAY: mouse/ : Squeek! (208,169,2)
[22:48:37]ACCESS: Mob Login: Borksin/(Wikipedia) was assigned to a /mob/dead/observer
[22:48:37]ADMIN: *no key*/(Wikipedia) punished *no key*/(Wikipedia) with Gib.
[22:48:38]EMOTE: *no key*/(Travis IV) : <b>Travis IV</b> rolls. (142,151,2)
[22:48:39]GAME: Wikipedia/Borksin used abandon mob.
[22:48:39]ACCESS: Mob Login: Borksin/(new player) was assigned to a /mob/dead/new_player
[22:48:41]SAY: mouse/ : Squeek! (126,64,2)
[22:48:45]ACCESS: Mob Login: Borksin/(Jaydon Synder) was assigned to a /mob/living/carbon/human
[22:48:52]EMOTE: *no key*/(monkey (972)) : <b>The monkey (972)</b> rolls. (193,58,2)
[22:48:54]SAY: mouse/ : SQUEEK! (118,149,2)
[22:48:57]EMOTE: *no key*/(pug) : <b>Swanson</b> chases its tail. (114,81,2)
[22:48:58]SAY: emergency medibot/ : Delicious! (222,84,1)
[22:49:01]EMOTE: *no key*/(mouse) : <b>The mouse</b> shakes. (170,76,2)
[22:49:01]EMOTE: *no key*/(grey baby slime (847)) : <b>The grey baby slime (847)</b> lights up for a bit, then stops. (120,103,2)
[22:49:03]EMOTE: *no key*/(pug) : <b>Swanson</b> chases its tail. (113,81,2)
[22:49:05]EMOTE: *no key*/(mouse) : <b>The mouse</b> squeeks. (171,76,2)
[22:49:16]EMOTE: *no key*/(mouse) : <b>The mouse</b> squeeks. (115,52,2)
[22:49:16]SAY: mouse/ : Squeek! (175,104,2)
[22:49:30]EMOTE: *no key*/(Poly) : <b>Poly</b> looks in the chief engineer's rubber stamp's direction and takes flight. (87,130,2)
[22:49:38]ADMIN: Lezus_Konrad/(Alden Is A Terrorist) spawned /obj/item/storage/belt/champion/wrestling at (144,201,2)
[22:49:42]ACCESS: Mob Login: AlcaroIsAFrick/(YO MAMA) was assigned to a /mob/living/carbon/human
[22:49:48]ADMIN: AlcaroIsAFrick/(YO MAMA) changed the equipment of AlcaroIsAFrick/(YO MAMA) to Naked.
[22:49:53]EMOTE: *no key*/(monkey (972)) : <b>The monkey (972)</b> rolls. (195,58,2)
[22:49:56]ADMIN: AlcaroIsAFrick/(YO MAMA) jumped to Unixian/(Axel Koffman)
[22:50:10]EMOTE: *no key*/(Runtime) : <b>Runtime</b> sits down. (173,76,2)
[22:50:13]SAY: mouse/ : Squeek! (117,148,2)
[22:50:14]EMOTE: *no key*/(grey baby slime (847)) : <b>The grey baby slime (847)</b> jiggles! (120,102,2)
[22:50:15]SAY: Poly/ : Don&#39;t believe the reports - smoke today! (87,130,2)
[22:50:23]SAY: Poly/ : Don&#39;t believe the reports - smoke today! (87,130,2)
[22:50:24]EMOTE: *no key*/(monkey (851)) : <b>The monkey (851)</b> jumps! (167,80,2)
[22:50:25]EMOTE: *no key*/(pug) : <b>Swanson</b> shivers. (113,82,2)
[22:50:29]EMOTE: *no key*/(Poly) : <b>Poly</b> looks in the Cohiba Robusto cigar's direction and takes flight. (87,130,2)
[22:50:33]SAY: mouse/ : Squeek! (125,65,2)
[22:50:33]SAY: Medibot/ : Radar, put a mask on! (154,73,1)
[22:50:35]EMOTE: Lezus_Konrad/(Alden Is A Terrorist) : <b>Alden Is A Terrorist</b> screams. (153,182,2)
[22:50:36]ADMIN: AlcaroIsAFrick/(YO MAMA) modified YO MAMA's eye_color to from fff to 000
[22:50:40]EMOTE: *no key*/(Ian) : <b>Ian</b> chases its tail! (142,121,2)
[22:50:42]EMOTE: Lezus_Konrad/(Alden Is A Terrorist) : <b>Alden Is A Terrorist</b> screams. (154,182,2)
[22:50:49]SAY: Runtime/ : Meow! (173,76,2)
[22:50:50]EMOTE: *no key*/(grey baby slime (711)) : <b>The grey baby slime (711)</b> jiggles! (115,93,2)
[22:50:51]EMOTE: *no key*/(pug) : <b>Swanson</b> chases its tail. (114,83,2)
[22:50:51]SAY: Nobody's Perfect/ : What kind of medbay is this? Everyone&#39;s dropping like flies. (24,75,1)
[22:50:52]EMOTE: Borksin/(Jaydon Synder) : <b>Jaydon Synder (as YO MAMA)</b> screams. (151,182,2)
[22:50:57]SAY: emergency medibot/ : Radar, put a mask on! (222,84,1)
[22:50:59]EMOTE: *no key*/(mouse) : <b>The mouse</b> shakes. (125,65,2)
[22:51:00]EMOTE: Lezus_Konrad/(Alden Is A Terrorist) : <b>Alden Is A Terrorist</b> screams. (151,182,2)
[22:51:01]SAY: mouse/ : Squeek! (99,92,2)
[22:51:04]GAME: Random Event triggering: Minor Space Dust (/datum/round_event/space_dust)
[22:51:14]EMOTE: *no key*/(Travis IV) : <b>Travis IV</b> scratches. (146,156,2)
[22:51:16]EMOTE: Lezus_Konrad/(Alden Is A Terrorist) : <b>Alden Is A Terrorist</b> screams. (151,182,2)
[22:51:19]EMOTE: Borksin/(Jaydon Synder) : <b>Jaydon Synder (as YO MAMA)</b> screams. (151,182,2)
[22:51:26]SAY: mouse/ : Squeek! (199,96,2)
[22:51:26]EMOTE: *no key*/(Poly) : <b>Poly</b> looks in the premium Havanian cigar's direction and takes flight. (87,130,2)
[22:51:38]SAY: Accidents Happen/ : Delicious! (182,176,7)
[22:51:42]EMOTE: *no key*/(grey baby slime (847)) : <b>The grey baby slime (847)</b> lights up for a bit, then stops. (118,102,2)
[22:52:01]EMOTE: Lezus_Konrad/(Alden Is A Terrorist) : <b>Alden Is A Terrorist</b> screams. (156,187,2)
[22:52:02]EMOTE: *no key*/(grey baby slime (711)) : <b>The grey baby slime (711)</b> vibrates! (116,93,2)
[22:52:07]EMOTE: Lezus_Konrad/(Alden Is A Terrorist) : <b>Alden Is A Terrorist</b> screams. (157,187,2)
[22:52:14]EMOTE: Lezus_Konrad/(Alden Is A Terrorist) : <b>Alden Is A Terrorist</b> screams. (157,187,2)
[22:52:15]SAY: mouse/ : Squeek? (120,53,2)
[22:52:15]SAY: Renault/ : Tchoff (160,135,2)
[22:52:16]ADMIN: AlcaroIsAFrick/(Slippy Joe) changed the equipment of AlcaroIsAFrick/(Slippy Joe) to /datum/outfit/job/clown.
[22:52:18]EMOTE: Lezus_Konrad/(Alden Is A Terrorist) : <b>Alden Is A Terrorist</b> screams. (157,187,2)
[22:52:22]EMOTE: Lezus_Konrad/(Alden Is A Terrorist) : <b>Alden Is A Terrorist</b> screams. (157,187,2)
[22:52:22]EMOTE: Borksin/(Jaydon Synder) : <b>Jaydon Synder</b> gasps! (157,187,2)
[22:52:23]EMOTE: *no key*/(butterfly) : <b>The butterfly</b> stops moving... (33,104,4)
[22:52:26]EMOTE: *no key*/(grey baby slime (847)) : <b>The grey baby slime (847)</b> lights up for a bit, then stops. (119,101,2)
[22:52:27]EMOTE: Lezus_Konrad/(Alden Is A Terrorist) : <b>Alden Is A Terrorist</b> screams. (157,187,2)
[22:52:27]EMOTE: Borksin/(Jaydon Synder) : <b>Jaydon Synder</b> seizes up and falls limp, his eyes dead and lifeless... (157,187,2)
[22:52:29]ACCESS: Mob Login: Borksin/(Jaydon Synder) was assigned to a /mob/dead/observer
[22:52:31]SAY: mouse/ : Squeek? (211,165,2)
[22:52:31]SAY: emergency medibot/ : Radar, put a mask on! (222,84,1)
[22:52:32]EMOTE: *no key*/(grey baby slime (711)) : <b>The grey baby slime (711)</b> lights up for a bit, then stops. (115,93,2)
[22:52:37]EMOTE: *no key*/(Runtime) : <b>Runtime</b> meows (173,76,2)
[22:52:38]ADMIN: Borksin/(Jaydon Synder) punished Lezus_Konrad/(Alden Is A Terrorist) with Lightning bolt.
[22:52:41]EMOTE: *no key*/(mouse) : <b>The mouse</b> runs in a circle. (121,52,2)
[22:52:43]GAME: <a href='?priv_msg=lezuskonrad'>Lezus_Konrad</a>/(Alden Is A Terrorist) checked the player panel while in game.
[22:52:44]ADMIN: Lezus_Konrad/(Alden Is A Terrorist) healed / Revived Lezus_Konrad/(Alden Is A Terrorist).
[22:52:46]EMOTE: *no key*/(monkey (851)) : <b>The monkey (851)</b> scratches. (167,82,2)
[22:52:50]EMOTE: *no key*/(Runtime) : <b>Runtime</b> lies down. (173,76,2)
[22:52:51]ADMIN: AlcaroIsAFrick/(Slippy Joe) modified Slippy Joe's hair_style to from Short Hair to 
[22:52:53]SAY: Poly/ : Breaking news from Station Announcements! (87,130,2)
[22:52:58]EMOTE: *no key*/(monkey (22)) : <b>The monkey (22)</b> waves her tail. (195,59,2)
[22:53:02]ACCESS: Mob Login: Lezus_Konrad/(Alden Is A Terrorist) was assigned to a /mob/living/brain
[22:53:02]ADMIN: Borksin/(Jaydon Synder) punished *no key*/(Alden Is A Terrorist) with Gib.
[22:53:02]ACCESS: Mob Login: Lezus_Konrad/(Alden Is A Terrorist) was assigned to a /mob/dead/observer
[22:53:09]SAY: mouse/ : Squeek? (118,151,2)
[22:53:10]GAME: Alden Is A Terrorist/Lezus_Konrad used abandon mob.
[22:53:10]ACCESS: Mob Login: Lezus_Konrad/(new player) was assigned to a /mob/dead/new_player
[22:53:13]EMOTE: *no key*/(Runtime) : <b>Runtime</b> shivers (173,76,2)
[22:53:14]ACCESS: Mob Login: Lezus_Konrad/(Alden Is A Terrorist) was assigned to a /mob/living/carbon/human
[22:53:27]ADMIN: Lezus_Konrad/(Alden Is A Terrorist) spawned /obj/item/storage/belt/champion/wrestling at (151,204,2)
[22:53:30]EMOTE: *no key*/(Renault) : <b>Renault</b> shivers. (159,135,2)
[22:53:31]EMOTE: *no key*/(Runtime) : <b>Runtime</b> crouches on its hind legs. (173,76,2)
[22:53:32]SAY: mouse/ : Squeek! (137,175,2)
[22:53:33]EMOTE: *no key*/(Ian) : <b>Ian</b> dances around. (141,121,2)
[22:53:36]SAY: mouse/ : Squeek? (167,73,2)
[22:53:38]SAY: mouse/ : Squeek! (122,52,2)
[22:53:40]EMOTE: *no key*/(Poly) : <b>Poly</b> looks in the premium Havanian cigar's direction and takes flight. (87,130,2)
[22:53:44]SAY: grey baby slime (847)/ : Lonely... (119,101,2)
[22:53:53]EMOTE: *no key*/(Poly) : <b>Poly</b> bawks! (87,130,2)
[22:53:55]SAY: Renault/ : Tchoff (160,134,2)
[22:53:57]EMOTE: *no key*/(mouse) : <b>The mouse</b> squeeks. (102,91,2)
[22:54:03]SAY: emergency Medibot/ : I knew it, I should&#39;ve been a plastic surgeon. (124,169,5)
[22:54:04]EMOTE: *no key*/(Runtime) : <b>Runtime</b> stretches out for a belly rub. (173,76,2)
[22:54:07]SAY: Nobody's Perfect/ : I knew it, I should&#39;ve been a plastic surgeon. (24,75,1)
[22:54:18]EMOTE: Lezus_Konrad/(Alden Is A Terrorist) : <b>Alden Is A Terrorist</b> screams. (151,224,2)
[22:54:19]SAY: Accidents Happen/ : Delicious! (182,176,7)
[22:54:22]GAME: Jaydon Synder/Borksin used abandon mob.
[22:54:22]ACCESS: Mob Login: Borksin/(new player) was assigned to a /mob/dead/new_player
[22:54:26]ACCESS: Mob Login: Borksin/(Jaydon Synder) was assigned to a /mob/living/carbon/human
[22:54:39]SAY: Medibot/ : There&#39;s always a catch, and I&#39;m the best there is. (155,73,1)
[22:54:41]ADMIN: AlcaroIsAFrick/(Slippy Joe) used gibself.
[22:54:42]ACCESS: Mob Login: AlcaroIsAFrick/(Slippy Joe) was assigned to a /mob/dead/observer
[22:54:42]EMOTE: *no key*/(Poly) : <b>Poly</b> looks in the premium cigar's direction and takes flight. (87,130,2)
[22:54:44]EMOTE: *no key*/(mouse) : <b>The mouse</b> squeeks. (135,175,2)
[22:54:44]EMOTE: *no key*/(mouse) : <b>The mouse</b> runs in a circle. (199,97,2)
[22:54:45]GAME: Slippy Joe/AlcaroIsAFrick used abandon mob.
[22:54:45]ACCESS: Mob Login: AlcaroIsAFrick/(new player) was assigned to a /mob/dead/new_player
[22:54:46]EMOTE: *no key*/(monkey (754)) : <b>The monkey (754)</b> waves his tail. (167,81,2)
[22:54:50]ACCESS: Mob Login: AlcaroIsAFrick/(YO MAMA) was assigned to a /mob/living/carbon/human
[22:55:03]EMOTE: Lezus_Konrad/(Alden Is A Terrorist) : <b>Alden Is A Terrorist</b> screams. (149,220,2)
[22:55:10]GAME: <a href='?priv_msg=unixian'>Unixian</a>/(Axel Koffman) checked the player panel while in game.
[22:55:13]SAY: mouse/ : Squeek! (174,106,2)
[22:55:15]EMOTE: *no key*/(mouse) : <b>The mouse</b> shakes. (200,96,2)
[22:55:19]SAY: Renault/ : Awoo (159,134,2)
[22:55:41]EMOTE: *no key*/(Runtime) : <b>Runtime</b> wags its tail. (173,76,2)
[22:55:44]EMOTE: *no key*/(Poly) : <b>Poly</b> looks in the Power-ON cartridge's direction and takes flight. (87,130,2)
[22:55:55]EMOTE: *no key*/(monkey (851)) : <b>The monkey (851)</b> jumps! (167,80,2)
[22:55:56]EMOTE: Lezus_Konrad/(Alden Is A Terrorist) : <b>Alden Is A Terrorist</b> screams. (177,149,2)
[22:56:07]EMOTE: *no key*/(Renault) : <b>Renault</b> howls. (159,134,2)
[22:56:08]EMOTE: Lezus_Konrad/(Alden Is A Terrorist) : <b>Alden Is A Terrorist</b> screams. (176,149,2)
[22:56:11]EMOTE: *no key*/(Runtime) : <b>Runtime</b> wags its tail. (173,76,2)
[22:56:16]EMOTE: Lezus_Konrad/(Alden Is A Terrorist) : <b>Alden Is A Terrorist</b> screams. (176,149,2)
[22:56:21]EMOTE: *no key*/(monkey (22)) : <b>The monkey (22)</b> waves her tail. (195,59,2)
[22:56:25]EMOTE: Lezus_Konrad/(Alden Is A Terrorist) : <b>Alden Is A Terrorist</b> screams. (176,149,2)
[22:56:25]EMOTE: Borksin/(Jaydon Synder) : <b>Jaydon Synder</b> seizes up and falls limp, his eyes dead and lifeless... (176,149,2)
[22:56:25]SAY: emergency medibot/ : Radar, put a mask on! (222,84,1)
[22:56:26]ACCESS: Mob Login: Borksin/(Jaydon Synder) was assigned to a /mob/dead/observer
[22:56:31]EMOTE: *no key*/(Ian) : <b>Ian</b> chases its tail. (142,122,2)
[22:56:37]EMOTE: *no key*/(Travis IV) : <b>Travis IV</b> waves its tail. (145,152,2)
[22:56:41]EMOTE: Lezus_Konrad/(Alden Is A Terrorist) : <b>Alden Is A Terrorist</b> screams. (161,149,2)
[22:56:47]EMOTE: *no key*/(mouse) : <b>The mouse</b> runs in a circle. (128,65,2)
[22:56:49]EMOTE: *no key*/(Poly) : <b>Poly</b> looks in the Power-ON cartridge's direction and takes flight. (87,130,2)
[22:56:51]ADMIN: Borksin/(Jaydon Synder) punished *no key*/(Jaydon Synder) with Gib.
[22:56:54]EMOTE: *no key*/(Poly) : <b>Poly</b> flutters its wings. (89,131,2)
[22:57:06]SAY: mouse/ : Squeek! (134,174,2)
[22:57:07]EMOTE: *no key*/(Runtime) : <b>Runtime</b> walks around. (173,76,2)
[22:57:16]EMOTE: Lezus_Konrad/(Alden Is A Terrorist) : <b>Alden Is A Terrorist</b> screams. (148,149,2)
[22:57:19]EMOTE: *no key*/(Runtime) : <b>Runtime</b> looks alert. (174,76,2)
[22:57:25]ADMIN: Lezus_Konrad/(Alden Is A Terrorist) jumped to Borksin/(Jaydon Synder)
[22:57:29]EMOTE: *no key*/(Travis IV) : <b>Travis IV</b> waves its tail. (147,152,2)
[22:57:32]ADMIN: Lezus_Konrad/(Alden Is A Terrorist) jumped to Unixian/(Axel Koffman)
[22:57:33]EMOTE: *no key*/(monkey (972)) : <b>The monkey (972)</b> scratches. (192,58,2)
[22:57:34]EMOTE: *no key*/(mouse) : <b>The mouse</b> runs in a circle. (97,92,2)
[22:57:37]ADMIN: Lezus_Konrad/(Alden Is A Terrorist) jumped to AlcaroIsAFrick/(YO MAMA)
[22:57:37]EMOTE: *no key*/(grey baby slime (847)) : <b>The grey baby slime (847)</b> vibrates! (119,103,2)
[22:57:45]EMOTE: *no key*/(monkey (972)) : <b>The monkey (972)</b> waves his tail. (191,59,2)
[22:57:46]EMOTE: *no key*/(mouse) : <b>The mouse</b> runs in a circle. (118,153,2)
[22:57:46]GAME: Jaydon Synder/Borksin used abandon mob.
[22:57:46]ACCESS: Mob Login: Borksin/(new player) was assigned to a /mob/dead/new_player
[22:57:48]EMOTE: *no key*/(mouse) : <b>The mouse</b> shakes. (98,93,2)
[22:57:48]EMOTE: *no key*/(Poly) : <b>Poly</b> looks in the Power-ON cartridge's direction and takes flight. (87,130,2)
[22:57:49]ACCESS: Mob Login: Borksin/(Jaydon Synder) was assigned to a /mob/living/carbon/human
[22:58:07]EMOTE: *no key*/(grey baby slime (711)) : <b>The grey baby slime (711)</b> bounces in place. (116,92,2)
[22:58:09]EMOTE: *no key*/(grey baby slime (272)) : <b>The grey baby slime (272)</b> vibrates! (111,103,2)
[22:58:13]EMOTE: *no key*/(monkey (754)) : <b>The monkey (754)</b> rolls. (167,82,2)
[22:58:21]EMOTE: *no key*/(monkey (754)) : <b>The monkey (754)</b> scratches. (167,82,2)
[22:58:22]ADMIN: Lezus_Konrad/(Alden Is A Terrorist) jumped to Borksin/(Jaydon Synder)
[22:58:22]EMOTE: *no key*/(Ian) : <b>Ian</b> woofs! (142,119,2)
[22:58:23]EMOTE: *no key*/(monkey (851)) : <b>The monkey (851)</b> scratches. (167,81,2)
[22:58:28]EMOTE: Lezus_Konrad/(Alden Is A Terrorist) : <b>Alden Is A Terrorist</b> screams. (163,193,2)
[22:58:29]ACCESS: Mob Login: Borksin/(Jaydon Synder) was assigned to a /mob/living/brain
[22:58:30]ADMIN: *no key*/(Jaydon Synder) punished *no key*/(Jaydon Synder) with Gib.
[22:58:31]EMOTE: *no key*/(mouse) : <b>The mouse</b> runs in a circle. (133,175,2)
[22:58:32]ACCESS: Mob Login: Borksin/(Jaydon Synder) was assigned to a /mob/dead/observer
[22:58:35]GAME: <a href='?priv_msg=unixian'>Unixian</a>/(Axel Koffman) checked the player panel while in game.
[22:58:38]GAME: Jaydon Synder/Borksin used abandon mob.
[22:58:38]ACCESS: Mob Login: Borksin/(new player) was assigned to a /mob/dead/new_player
[22:58:41]ACCESS: Mob Login: Borksin/(Jaydon Synder) was assigned to a /mob/living/carbon/human
[22:58:51]EMOTE: *no key*/(Poly) : <b>Poly</b> looks in the Power-ON cartridge's direction and takes flight. (87,130,2)
[22:58:55]EMOTE: *no key*/(Renault) : <b>Renault</b> shakes its head. (160,134,2)
[22:59:01]EMOTE: Lezus_Konrad/(Alden Is A Terrorist) : <b>Alden Is A Terrorist</b> screams. (154,202,2)
[22:59:05]ADMIN: Unixian/(Axel Koffman) has syndie ninja'ed Axel Koffman.
[22:59:05]SAY: Accidents Happen/ : What kind of medbay is this? Everyone&#39;s dropping like flies. (182,176,7)
[22:59:10]EMOTE: Lezus_Konrad/(Alden Is A Terrorist) : <b>Alden Is A Terrorist</b> screams. (150,208,2)
[22:59:12]ADMIN: Unixian/(Zero-G Enterprises Boss) has nuke op'ed Axel Koffman.
[22:59:17]SAY: Medibot/ : There&#39;s always a catch, and I&#39;m the best there is. (154,73,1)
[22:59:17]EMOTE: Lezus_Konrad/(Alden Is A Terrorist) : <b>Alden Is A Terrorist</b> screams. (152,208,2)
[22:59:19]EMOTE: *no key*/(mouse) : <b>The mouse</b> squeeks. (98,92,2)
[22:59:21]SAY: emergency Medibot/ : There&#39;s always a catch, and I&#39;m the best there is. (124,169,5)
[22:59:21]EMOTE: Lezus_Konrad/(Alden Is A Terrorist) : <b>Alden Is A Terrorist</b> screams. (153,205,2)
[22:59:24]EMOTE: *no key*/(grey baby slime (272)) : <b>The grey baby slime (272)</b> bounces in place. (110,102,2)
[22:59:25]SAY: emergency medibot/ : There&#39;s always a catch, and I&#39;m the best there is. (222,84,1)
[22:59:26]EMOTE: Lezus_Konrad/(Alden Is A Terrorist) : <b>Alden Is A Terrorist</b> screams. (153,203,2)
[22:59:29]EMOTE: *no key*/(Citrus) : <b>Citrus</b> dozes off. (179,163,2)
[22:59:33]SAY: mouse/ : Squeek? (171,76,2)
[22:59:42]ACCESS: Mob Login: Lezus_Konrad/(Alden Is A Terrorist) was assigned to a /mob/living/brain
[22:59:43]ADMIN: Borksin/(Jaydon Synder) punished *no key*/(Alden Is A Terrorist) with Gib.
[22:59:46]SAY: mouse/ : SQUEEK! (130,176,2)
[22:59:46]SAY: Medibot/ : There&#39;s always a catch, and I&#39;m the best there is. (155,73,1)
[22:59:48]ADMIN: Unixian/(Braiden Sealis) jumped to Syndicate Control Room
[22:59:50]EMOTE: *no key*/(Poly) : <b>Poly</b> looks in the burn patch's direction and takes flight. (87,130,2)
[22:59:52]SAY: Accidents Happen/ : What kind of medbay is this? Everyone&#39;s dropping like flies. (182,176,7)
[22:59:53]ACCESS: Mob Login: Lezus_Konrad/(Alden Is A Terrorist) was assigned to a /mob/dead/observer
[22:59:54]SAY: mouse/ : Squeek! (196,96,2)
[22:59:59]GAME: Alden Is A Terrorist/Lezus_Konrad used abandon mob.
[22:59:59]ACCESS: Mob Login: Lezus_Konrad/(new player) was assigned to a /mob/dead/new_player
[23:00:04]ACCESS: Mob Login: Lezus_Konrad/(Alden Is A Terrorist) was assigned to a /mob/living/carbon/human
[23:00:06]EMOTE: *no key*/(monkey (22)) : <b>The monkey (22)</b> waves her tail. (193,58,2)
[23:00:16]GAME: <a href='?priv_msg=lezuskonrad'>Lezus_Konrad</a>/(Alden Is A Terrorist) checked the player panel while in game.
[23:00:16]SAY: mouse/ : SQUEEK! (173,106,2)
[23:00:20]EMOTE: *no key*/(mouse) : <b>The mouse</b> runs in a circle. (130,176,2)
[23:00:25]EMOTE: *no key*/(Ian) : <b>Ian</b> chases its tail! (143,120,2)
[23:00:28]ADMIN: Lezus_Konrad/(Zero-G Enterprises Operative #1) has nuke op'ed Alden Is A Terrorist.
[23:00:30]EMOTE: *no key*/(Citrus) : <b>Citrus</b> yawns. (179,163,2)
[23:00:31]EMOTE: *no key*/(monkey (972)) : <b>The monkey (972)</b> scratches. (195,58,2)
[23:00:34]SAY: Medibot/ : Radar, put a mask on! (154,73,1)
[23:00:36]SAY: Poly/ : Twice the calories for half the price! (87,130,2)
[23:00:45]EMOTE: *no key*/(monkey (22)) : <b>The monkey (22)</b> jumps! (192,59,2)
[23:00:51]EMOTE: *no key*/(Poly) : <b>Poly</b> looks in the Zippo lighter's direction and takes flight. (87,130,2)
[23:00:55]EMOTE: *no key*/(monkey (754)) : <b>The monkey (754)</b> waves his tail. (167,81,2)
[23:01:01]ADMIN: Lezus_Konrad/(Zero-G Enterprises Operative #1) spawned /obj/item/storage/belt/champion/wrestling at (74,86,1)
[23:01:04]EMOTE: *no key*/(grey baby slime (272)) : <b>The grey baby slime (272)</b> jiggles! (110,101,2)
[23:01:06]EMOTE: *no key*/(monkey (316)) : <b>The monkey (316)</b> waves his tail. (167,80,2)
[23:01:09]EMOTE: *no key*/(Citrus) : <b>Citrus</b> dozes off. (179,163,2)
[23:01:15]SAY: Ian/ : Bark! (143,120,2)
[23:01:16]EMOTE: *no key*/(grey baby slime (272)) : <b>The grey baby slime (272)</b> vibrates! (110,102,2)
[23:01:18]EMOTE: *no key*/(pug) : <b>Swanson</b> chases its tail. (112,86,2)
[23:01:21]EMOTE: *no key*/(Citrus) : <b>Citrus</b> looks around sleepily. (180,163,2)
[23:01:23]SAY: mouse/ : SQUEEK! (123,68,2)
[23:01:23]EMOTE: *no key*/(mouse) : <b>The mouse</b> shakes. (211,161,2)
[23:01:23]EMOTE: *no key*/(Citrus) : <b>Citrus</b> looks around sleepily. (180,163,2)
[23:01:26]GAME: Random Event triggering: Shuttle Loan (/datum/round_event/shuttle_loan)
[23:01:29]SAY: Nobody's Perfect/ : Delicious! (24,75,1)
[23:01:33]EMOTE: *no key*/(mouse) : <b>The mouse</b> squeeks. (123,67,2)
[23:01:40]SAY: Accidents Happen/ : Delicious! (182,176,7)
[23:01:42]EMOTE: *no key*/(Runtime) : <b>Runtime</b> sits down. (174,76,2)
[23:01:46]EMOTE: *no key*/(mouse) : <b>The mouse</b> squeeks. (211,161,2)
[23:01:48]SAY: emergency medibot/ : I knew it, I should&#39;ve been a plastic surgeon. (222,84,1)
[23:01:48]SAY: Poly/ : Don&#39;t believe the reports - smoke today! (87,130,2)
[23:01:54]SAY: mouse/ : Squeek? (97,95,2)
[23:02:00]EMOTE: *no key*/(Citrus) : <b>Citrus</b> snores. (181,163,2)
[23:02:00]SAY: Poly/ : Don&#39;t believe the reports - smoke today! (87,130,2)
[23:02:02]SAY: emergency medibot/ : I knew it, I should&#39;ve been a plastic surgeon. (222,84,1)
[23:02:04]EMOTE: *no key*/(Citrus) : <b>Citrus</b> yawns. (181,163,2)
[23:02:06]EMOTE: *no key*/(pug) : <b>Swanson</b> chases its tail. (112,87,2)
[23:02:12]SAY: mouse/ : SQUEEK! (193,100,2)
[23:02:14]SAY: Poly/ : Twice the calories for half the price! (87,130,2)
[23:02:18]EMOTE: *no key*/(grey baby slime (847)) : <b>The grey baby slime (847)</b> bounces in place. (120,103,2)
[23:02:22]EMOTE: *no key*/(mouse) : <b>The mouse</b> squeeks. (167,194,2)
[23:02:32]EMOTE: *no key*/(monkey (972)) : <b>The monkey (972)</b> scratches. (195,58,2)
[23:02:34]EMOTE: *no key*/(Travis IV) : <b>Travis IV</b> jumps! (149,153,2)
[23:02:40]SAY: mouse/ : SQUEEK! (167,194,2)
[23:02:48]EMOTE: *no key*/(Runtime) : <b>Runtime</b> lies down. (174,76,2)
[23:02:50]EMOTE: *no key*/(monkey (22)) : <b>The monkey (22)</b> scratches. (192,59,2)
[23:02:56]SAY: mouse/ : Squeek! (125,62,2)
[23:03:00]EMOTE: *no key*/(Poly) : <b>Poly</b> bawks! (87,130,2)
[23:03:02]SAY: mouse/ : Squeek? (127,176,2)
[23:03:06]EMOTE: *no key*/(grey baby slime (272)) : <b>The grey baby slime (272)</b> bounces in place. (111,103,2)
[23:03:12]SAY: Poly/ : Don&#39;t believe the reports - smoke today! (87,130,2)
[23:03:19]ADMIN: Lezus_Konrad/(Zero-G Enterprises Operative #1) has granted Unixian full access.
[23:03:22]EMOTE: *no key*/(monkey (972)) : <b>The monkey (972)</b> rolls. (194,58,2)
[23:03:22]ADMIN: Lezus_Konrad/(Zero-G Enterprises Operative #1) has granted Lezus_Konrad full access.
[23:03:28]EMOTE: *no key*/(mouse) : <b>The mouse</b> runs in a circle. (211,162,2)
[23:03:34]SAY: mouse/ : Squeek? (119,158,2)
[23:03:40]EMOTE: *no key*/(grey baby slime (711)) : <b>The grey baby slime (711)</b> lights up for a bit, then stops. (116,93,2)
[23:03:40]EMOTE: *no key*/(mouse) : <b>The mouse</b> shakes. (117,52,2)
[23:03:46]EMOTE: *no key*/(monkey (972)) : <b>The monkey (972)</b> waves his tail. (194,59,2)
[23:03:54]EMOTE: *no key*/(Travis IV) : <b>Travis IV</b> waves its tail. (147,154,2)
[23:04:00]EMOTE: *no key*/(Travis IV) : <b>Travis IV</b> rolls. (148,154,2)
[23:04:03]EMOTE: *no key*/(Citrus) : <b>Citrus</b> dozes off. (178,161,2)
[23:04:06]EMOTE: *no key*/(monkey (119)) : <b>The monkey (119)</b> waves her tail. (193,59,2)
[23:04:18]EMOTE: *no key*/(grey baby slime (272)) : <b>The grey baby slime (272)</b> jiggles! (110,101,2)
[23:04:20]EMOTE: *no key*/(monkey (316)) : <b>The monkey (316)</b> scratches. (167,79,2)
[23:04:25]EMOTE: *no key*/(Citrus) : <b>Citrus</b> dozes off. (177,160,2)
[23:04:30]EMOTE: *no key*/(grey baby slime (847)) : <b>The grey baby slime (847)</b> jiggles! (118,102,2)
[23:04:44]EMOTE: *no key*/(monkey (754)) : <b>The monkey (754)</b> jumps! (167,80,2)
[23:04:47]GAME: Random Event triggering: Minor Space Dust (/datum/round_event/space_dust)
[23:04:48]EMOTE: *no key*/(monkey (119)) : <b>The monkey (119)</b> rolls. (193,58,2)
[23:05:07]ADMIN: Lezus_Konrad/(Zero-G Enterprises Operative #1) deleted the shuttle dock at (67, 86, 1)
[23:05:08]EMOTE: *no key*/(monkey (316)) : <b>The monkey (316)</b> waves his tail. (167,81,2)
[23:05:11]EMOTE: *no key*/(mouse) : <b>The mouse</b> shakes. (193,102,2)
[23:05:13]SAY: Medibot/ : Delicious! (155,73,1)
[23:05:19]SAY: Renault/ : Ack-Ack (159,134,2)
[23:05:24]EMOTE: *no key*/(Runtime) : <b>Runtime</b> gets up and meows. (174,76,2)
[23:05:27]SAY: Renault/ : Ack-Ack-Ack-Ackawoooo (159,134,2)
[23:05:31]SAY: Accidents Happen/ : I knew it, I should&#39;ve been a plastic surgeon. (182,176,7)
[23:05:33]SAY: Medibot/ : There&#39;s always a catch, and I&#39;m the best there is. (154,73,1)
[23:05:36]EMOTE: *no key*/(pug) : <b>Swanson</b> chases its tail. (112,87,2)
[23:05:46]EMOTE: *no key*/(Ian) : <b>Ian</b> chases its tail! (143,119,2)
[23:05:48]EMOTE: *no key*/(mouse) : <b>The mouse</b> runs in a circle. (193,101,2)
[23:05:50]SAY: Accidents Happen/ : What kind of medbay is this? Everyone&#39;s dropping like flies. (182,176,7)
[23:05:54]SAY: mouse/ : SQUEEK! (167,197,2)
[23:05:56]SAY: Runtime/ : Esp! (175,76,2)
[23:05:58]SAY: mouse/ : Squeek? (193,101,2)
[23:06:00]SAY: Renault/ : Ack-Ack (160,133,2)
[23:06:02]EMOTE: *no key*/(monkey (754)) : <b>The monkey (754)</b> scratches. (167,82,2)
[23:06:04]EMOTE: *no key*/(Renault) : <b>Renault</b> shakes its head. (160,133,2)
[23:06:06]EMOTE: *no key*/(Ian) : <b>Ian</b> barks! (144,119,2)
[23:06:08]SAY: Nobody's Perfect/ : Radar, put a mask on! (24,75,1)
[23:06:12]EMOTE: *no key*/(mouse) : <b>The mouse</b> runs in a circle. (175,104,2)
[23:06:14]SAY: Poly/ : Breaking news from Station Announcements! (87,130,2)
[23:06:18]SAY: mouse/ : SQUEEK! (126,172,2)
[23:06:32]ADMIN: Borksin/(Jaydon Synder) spawned /obj/effect/proc_holder/spell/targeted/infinite_guns at (112,139,2)
[23:06:32]SAY: emergency Medibot/ : I knew it, I should&#39;ve been a plastic surgeon. (124,169,5)
[23:06:40]ADMIN: Borksin/(Jaydon Synder) spawned /obj/item/gun/ballistic/shotgun/riot at (112,139,2)
[23:06:41]SAY: Medibot/ : What kind of medbay is this? Everyone&#39;s dropping like flies. (155,73,1)
[23:06:59]EMOTE: *no key*/(pug) : <b>Swanson</b> chases its tail. (112,87,2)
[23:07:00]SAY: mouse/ : Squeek! (165,197,2)
[23:07:09]EMOTE: *no key*/(mouse) : <b>The mouse</b> squeeks. (117,155,2)
[23:07:16]EMOTE: *no key*/(monkey (316)) : <b>The monkey (316)</b> scratches. (167,82,2)
[23:07:26]EMOTE: *no key*/(mouse) : <b>The mouse</b> runs in a circle. (100,91,2)
[23:07:28]EMOTE: *no key*/(pug) : <b>Swanson</b> barks! (112,86,2)
[23:07:32]SAY: emergency medibot/ : I knew it, I should&#39;ve been a plastic surgeon. (222,84,1)
[23:07:37]ADMIN: Borksin/(Jaydon Synder) spawned /obj/item/ammo_casing/shotgun at (111,139,2)
[23:07:43]EMOTE: *no key*/(Poly) : <b>Poly</b> squawks. (87,130,2)
[23:07:46]EMOTE: *no key*/(grey baby slime (711)) : <b>The grey baby slime (711)</b> bounces in place. (115,93,2)
[23:07:49]EMOTE: *no key*/(Runtime) : <b>Runtime</b> shakes its head (175,81,2)
[23:08:05]SAY: mouse/ : Squeek! (126,60,2)
[23:08:08]ACCESS: Logout: AlcaroIsAFrick/(YO MAMA)
[23:08:12]SAY: mouse/ : Squeek? (167,73,2)
[23:08:12]SAY: Poly/ : Try our new nougat bar! (87,130,2)
[23:08:13]GAME: <a href='?priv_msg=unixian'>Unixian</a>/(Braiden Sealis) checked the player panel while in game.
[23:08:14]ADMIN: Unixian/(Braiden Sealis) healed / Revived Unixian/(Braiden Sealis).
[23:08:15]SAY: mouse/ : SQUEEK! (117,52,2)
[23:08:17]SAY: mouse/ : Squeek? (126,61,2)
[23:08:17]SAY: emergency Medibot/ : There&#39;s always a catch, and I&#39;m the best there is. (124,169,5)
[23:08:19]EMOTE: *no key*/(mouse) : <b>The mouse</b> runs in a circle. (126,62,2)
[23:08:21]ACCESS: Logout: Borksin/(Jaydon Synder)
[23:08:21]ACCESS: Logout: Unixian/(Braiden Sealis)
[23:08:22]ACCESS: Logout: Lezus_Konrad/(Zero-G Enterprises Operative #1)
