

Starting up round ID . 15:35:47
---------------------
[15:35:47]ADMIN: Loading Banlist
[15:35:48]GAME: Saved mode is 'extended'
[15:36:19]ACCESS: Login: AlcaroIsAFrick from 127.0.0.1-1817465521 || BYOND v511
[15:36:19]ACCESS: Mob Login: AlcaroIsAFrick/(AlcaroIsAFrick) was assigned to a /mob/dead/new_player
[15:36:27]GAME: Hierophant's Arena loaded at at 98,96,5
[15:36:28]GAME: Biodome Beach loaded at at 96,59,5
[15:36:28]GAME: Xenomorph Nest loaded at at 138,38,5
[15:36:28]GAME: Ash Walker Nest loaded at at 174,188,5
[15:36:28]GAME: Biodome Clown Planet loaded at at 77,132,5
[15:36:28]GAME: Survival Capsule Ruins loaded at at 157,202,5
[15:36:28]GAME: Ripley loaded at at 206,174,5
[15:36:29]GAME: Authorship loaded at at 157,208,8
[15:36:29]GAME: Derelict 6 loaded at at 165,93,7
[15:36:29]GAME: Detached Teleporter loaded at at 152,57,11
[15:36:29]GAME: Derelict 3 loaded at at 43,178,8
[15:36:30]GAME: The Twin-Nexus Hotel loaded at at 150,44,8
[15:36:30]GAME: Dinner for Two loaded at at 67,59,9
[15:36:30]GAME: Derelict 1 loaded at at 140,95,11
[15:36:30]GAME: Asteroid 1 loaded at at 176,106,4
[15:36:31]GAME: Kosmicheskaya Stantsiya 13 loaded at at 37,91,10
[15:36:31]GAME: DK Excavator 453 loaded at at 201,33,4
[15:36:31]GAME: Waylaid Buses loaded at at 69,176,3
[15:36:32]GAME: Asteroid 2 loaded at at 102,108,3
[15:36:32]GAME: Asteroid 3 loaded at at 135,153,10
[15:36:32]GAME: Abandoned Teleporter loaded at at 98,122,4
[15:36:32]GAME: Salvation loaded at at 155,82,10
[15:36:32]GAME: DJ Station loaded at at 38,153,11
[15:36:53]ACCESS: Logout: AlcaroIsAFrick/(AlcaroIsAFrick)
