

Starting up round ID . 15:15:30
---------------------
[15:15:30]ADMIN: Loading Banlist
[15:15:31]ACCESS: Login: Stormin5532 from 76.24.45.80-1890530469 || BYOND v511
[15:15:31]ACCESS: Mob Login: Stormin5532/(Stormin5532) was assigned to a /mob/dead/new_player
[15:15:32]ACCESS: Login: ABystander from 148.3.145.196-2672609122 || BYOND v512
[15:15:32]ACCESS: Mob Login: ABystander/(ABystander) was assigned to a /mob/dead/new_player
[15:15:33]ACCESS: Login: Arthurfelipe12 from 138.97.199.11-3382386134 || BYOND v511
[15:15:33]ACCESS: Mob Login: Arthurfelipe12/(Arthurfelipe12) was assigned to a /mob/dead/new_player
[15:15:33]GAME: Saved mode is 'sandbox'
[15:15:41]ACCESS: Logout: Stormin5532/(Stormin5532)
[15:15:57]ACCESS: Login: Noober84555 from 127.0.0.1-645371209 || BYOND v511
[15:15:57]ACCESS: Mob Login: Noober84555/(Noober84555) was assigned to a /mob/dead/new_player
[15:18:19]ADMIN: Noober84555/(Noober84555) stopped all currently playing sounds.
[15:19:11]SAY: Officer Beepsky/ : Engaging patrol mode. (186,190,2)
[15:19:11]SAY: Prison Ofitser/ : Engaging patrol mode. (23,36,5)
[15:19:11]SAY: Prison Ofitser/ : Disengaging patrol mode. (23,36,5)
[15:19:22]ACCESS: Mob Login: Arthurfelipe12/(Plant Dude) was assigned to a /mob/living/carbon/human
[15:19:26]ACCESS: Mob Login: Noober84555/(Noober84555) was assigned to a /mob/living/carbon/human
[15:19:27]SAY: emergency medibot/ : Radar, put a mask on! (222,84,1)
[15:19:28]EMOTE: *no key*/(Persephone) : <b>Persephone</b> twitches its whiskers. (166,139,2)
[15:19:30]EMOTE: *no key*/(Persephone) : <b>Persephone</b> lies down. (166,139,2)
[15:19:33]EMOTE: *no key*/(monkey (252)) : <b>The monkey (252)</b> rolls. (160,141,2)
[15:19:51]EMOTE: *no key*/(mouse) : <b>The mouse</b> runs in a circle. (196,226,2)
[15:19:51]EMOTE: *no key*/(monkey (609)) : <b>The monkey (609)</b> scratches. (188,8,2)
[15:19:56]EMOTE: *no key*/(monkey (937)) : <b>The monkey (937)</b> jumps! (184,119,2)
[15:19:57]SAY: Poly/ : WHO TOOK THE DAMN HARDSUITS? (80,190,2)
[15:20:01]ACCESS: Mob Login: ABystander/(Memes) was assigned to a /mob/living/carbon/human
[15:20:11]EMOTE: *no key*/(Persephone) : <b>Persephone</b> shivers (166,139,2)
[15:20:16]ADMIN: Noober84555/(Noober84555) deleted Noober84555 at (143, 265, 2)
[15:20:16]ACCESS: Mob Login: Noober84555/(Noober84555) was assigned to a /mob/dead/observer
[15:20:18]GAME: Noober84555/Noober84555 used abandon mob.
[15:20:18]ACCESS: Mob Login: Noober84555/(new player) was assigned to a /mob/dead/new_player
[15:20:19]EMOTE: *no key*/(monkey (593)) : <b>The monkey (593)</b> waves his tail. (160,142,2)
[15:20:20]EMOTE: *no key*/(Poly) : <b>Poly</b> looks in the BreatheDeep cartridge's direction and takes flight. (80,190,2)
[15:20:20]EMOTE: *no key*/(Citrus) : <b>Citrus</b> yawns. (170,222,2)
[15:20:24]EMOTE: *no key*/(pug) : <b>Swanson</b> barks! (106,142,2)
[15:20:26]EMOTE: *no key*/(monkey (54)) : <b>The monkey (54)</b> scratches. (204,25,2)
[15:20:32]SAY: Plant Dude/Arthurfelipe12 : im a cool guy (146,263,2)
[15:20:33]SAY: Persephone/ : Meow! (166,139,2)
[15:20:35]SAY: mouse/ : SQUEEK! (197,226,2)
[15:20:40]EMOTE: *no key*/(monkey (593)) : <b>The monkey (593)</b> rolls. (160,141,2)
[15:20:43]SAY: Medibot/ : Delicious! (155,73,1)
[15:20:48]EMOTE: *no key*/(monkey (133)) : <b>The monkey (133)</b> jumps! (200,21,2)
[15:21:03]EMOTE: Arthurfelipe12/(Plant Dude) : <b>Plant Dude</b> screams! (151,263,2)
[15:21:05]EMOTE: *no key*/(monkey (133)) : <b>The monkey (133)</b> waves his tail. (200,21,2)
[15:21:09]EMOTE: *no key*/(monkey (593)) : <b>The monkey (593)</b> scratches. (160,141,2)
[15:21:14]EMOTE: *no key*/(mouse) : <b>The mouse</b> squeeks. (196,226,2)
[15:21:18]EMOTE: *no key*/(Poly) : <b>Poly</b> looks in the BreatheDeep cartridge's direction and takes flight. (80,190,2)
[15:21:19]EMOTE: Arthurfelipe12/(Plant Dude) : <b>Plant Dude</b> screams! (147,251,2)
[15:21:20]EMOTE: *no key*/(monkey (648)) : <b>The monkey (648)</b> rolls. (160,139,2)
[15:21:20]EMOTE: *no key*/(Ian) : <b>Ian</b> barks! (135,186,2)
[15:21:26]EMOTE: *no key*/(monkey (349)) : <b>The monkey (349)</b> waves his tail. (201,25,2)
[15:21:26]EMOTE: *no key*/(Ian) : <b>Ian</b> dances around. (135,186,2)
[15:21:33]SAY: Nobody's Perfect/ : Radar, put a mask on! (24,75,1)
[15:21:36]GAME: <a href='?priv_msg=abystander'>ABystander</a>/(Memes) checked the player panel while in game.
[15:21:36]EMOTE: *no key*/(monkey (648)) : <b>The monkey (648)</b> jumps! (160,139,2)
[15:21:38]ADMIN: ABystander/(Memes) healed / Revived ABystander/(Memes).
[15:21:42]EMOTE: *no key*/(monkey (736)) : <b>The monkey (736)</b> waves his tail. (187,8,2)
[15:21:48]ADMIN: ABystander/(Memes) has toggled ABystander/(Memes)'s nodamage to On
[15:21:50]EMOTE: *no key*/(Ian) : <b>Ian</b> woofs! (134,186,2)
[15:21:58]EMOTE: Arthurfelipe12/(Plant Dude) : <b>Plant Dude</b> screams! (145,207,2)
[15:21:59]SAY: emergency medibot/ : Delicious! (222,84,1)
[15:22:03]EMOTE: *no key*/(Poly) : <b>Poly</b> flutters its wings. (80,190,2)
[15:22:12]EMOTE: ABystander/(Memes) : <b>Memes</b> screams! (163,183,2)
[15:22:17]EMOTE: *no key*/(Poly) : <b>Poly</b> looks in the BreatheDeep cartridge's direction and takes flight. (80,190,2)
[15:22:18]ACCESS: Mob Login: Noober84555/(Flamescale Zakuto) was assigned to a /mob/living/carbon/human
[15:22:19]EMOTE: ABystander/(Memes) : <b>Memes</b> screams! (164,184,2)
[15:22:19]SAY: Persephone/ : Esp! (166,139,2)
[15:22:22]EMOTE: *no key*/(Ian) : <b>Ian</b> woofs! (134,187,2)
[15:22:22]EMOTE: ABystander/(Memes) : <b>Memes</b> screams! (164,184,2)
[15:22:28]EMOTE: *no key*/(monkey (349)) : <b>The monkey (349)</b> rolls. (201,25,2)
[15:22:29]EMOTE: ABystander/(Memes) : <b>Memes</b> screams! (164,182,2)
[15:22:35]EMOTE: Arthurfelipe12/(Plant Dude) : <b>Plant Dude</b> seizes up and falls limp, their eyes dead and lifeless... (164,178,2)
[15:22:36]EMOTE: *no key*/(monkey (609)) : <b>The monkey (609)</b> jumps! (188,8,2)
[15:22:36]EMOTE: *no key*/(pug) : <b>Swanson</b> chases its tail. (108,142,2)
[15:22:39]GAME: Plant Dude/Arthurfelipe12 used abandon mob.
[15:22:39]ACCESS: Mob Login: Arthurfelipe12/(new player) was assigned to a /mob/dead/new_player
[15:22:44]ACCESS: Mob Login: Arthurfelipe12/(Plant Dude) was assigned to a /mob/living/carbon/human
[15:22:46]EMOTE: *no key*/(Ian) : <b>Ian</b> chases its tail! (133,187,2)
[15:22:48]EMOTE: *no key*/(monkey (54)) : <b>The monkey (54)</b> scratches. (203,25,2)
[15:22:48]EMOTE: *no key*/(monkey (648)) : <b>The monkey (648)</b> scratches. (160,140,2)
[15:22:54]EMOTE: *no key*/(Persephone) : <b>Persephone</b> wags its tail. (166,139,2)
[15:23:15]EMOTE: *no key*/(Citrus) : <b>Citrus</b> snores. (172,222,2)
[15:23:18]EMOTE: *no key*/(Poly) : <b>Poly</b> looks in the chief engineer's rubber stamp's direction and takes flight. (80,190,2)
[15:23:29]EMOTE: *no key*/(grey baby slime (616)) : <b>The grey baby slime (616)</b> bounces in place. (103,161,2)
[15:23:30]EMOTE: *no key*/(pug) : <b>Swanson</b> woofs! (105,142,2)
[15:23:37]ADMIN: ABystander/(Memes) changed the equipment of ABystander/(Memes) to /datum/outfit/syndicate_empty/SBC/assault/captain.
[15:23:38]EMOTE: *no key*/(Pun Pun 40) : <b>Pun Pun 40</b> jumps! (136,219,2)
[15:23:47]EMOTE: *no key*/(Citrus) : <b>Citrus</b> yawns. (171,222,2)
[15:23:51]EMOTE: *no key*/(monkey (252)) : <b>The monkey (252)</b> waves her tail. (160,142,2)
[15:23:51]EMOTE: *no key*/(monkey (593)) : <b>The monkey (593)</b> rolls. (160,140,2)
[15:23:51]EMOTE: *no key*/(pug) : <b>Swanson</b> chases its tail. (105,142,2)
[15:23:53]EMOTE: *no key*/(Ian) : <b>Ian</b> dances around. (134,186,2)
[15:23:54]SAY: Medibot/ : What kind of medbay is this? Everyone&#39;s dropping like flies. (155,73,1)
[15:23:57]SAY: Medibot/ : There&#39;s always a catch, and I&#39;m the best there is. (154,73,1)
[15:24:00]EMOTE: *no key*/(Poly) : <b>Poly</b> squawks. (80,190,2)
[15:24:03]EMOTE: *no key*/(monkey (170)) : <b>The monkey (170)</b> scratches. (184,118,2)
[15:24:05]EMOTE: *no key*/(monkey (648)) : <b>The monkey (648)</b> scratches. (160,142,2)
[15:24:11]EMOTE: *no key*/(Ian) : <b>Ian</b> shivers. (134,186,2)
[15:24:14]EMOTE: *no key*/(Persephone) : <b>Persephone</b> lies down. (166,139,2)
[15:24:17]EMOTE: *no key*/(Poly) : <b>Poly</b> looks in the Cohiba Robusto cigar's direction and takes flight. (80,190,2)
[15:24:18]EMOTE: *no key*/(Ian) : <b>Ian</b> dances around. (134,187,2)
[15:24:20]EMOTE: *no key*/(monkey (252)) : <b>The monkey (252)</b> scratches. (160,142,2)
[15:24:24]EMOTE: *no key*/(Persephone) : <b>Persephone</b> sits down. (166,139,2)
[15:24:24]EMOTE: *no key*/(grey baby slime (392)) : <b>The grey baby slime (392)</b> vibrates! (109,153,2)
[15:24:34]EMOTE: *no key*/(monkey (648)) : <b>The monkey (648)</b> rolls. (160,140,2)
[15:24:36]SAY: grey baby slime (392)/ : Lonely... (109,152,2)
[15:24:40]EMOTE: *no key*/(Poly) : <b>Poly</b> flutters its wings. (80,190,2)
[15:24:55]EMOTE: *no key*/(monkey (648)) : <b>The monkey (648)</b> waves her tail. (160,139,2)
[15:24:59]EMOTE: *no key*/(monkey (648)) : <b>The monkey (648)</b> rolls. (160,140,2)
[15:25:06]EMOTE: *no key*/(grey baby slime (590)) : <b>The grey baby slime (590)</b> jiggles! (112,163,2)
[15:25:11]SAY: Medibot/ : Delicious! (154,73,1)
[15:25:14]EMOTE: *no key*/(monkey (648)) : <b>The monkey (648)</b> jumps! (160,140,2)
[15:25:16]EMOTE: *no key*/(monkey (252)) : <b>The monkey (252)</b> rolls. (160,141,2)
[15:25:17]EMOTE: *no key*/(Poly) : <b>Poly</b> looks in the premium Havanian cigar's direction and takes flight. (80,190,2)
[15:25:18]EMOTE: *no key*/(Persephone) : <b>Persephone</b> wags its tail. (166,139,2)
[15:25:20]SAY: grey baby slime (590)/ : Blop... (112,163,2)
[15:25:20]EMOTE: *no key*/(Ian) : <b>Ian</b> chases its tail! (133,186,2)
[15:25:32]SAY: Nobody's Perfect/ : Delicious! (24,75,1)
[15:25:34]EMOTE: *no key*/(Pun Pun 40) : <b>Pun Pun 40</b> jumps! (136,220,2)
[15:25:37]EMOTE: *no key*/(grey baby slime (616)) : <b>The grey baby slime (616)</b> bounces in place. (104,161,2)
[15:25:41]EMOTE: *no key*/(Persephone) : <b>Persephone</b> looks alert. (166,139,2)
[15:25:41]EMOTE: *no key*/(grey baby slime (616)) : <b>The grey baby slime (616)</b> vibrates! (104,161,2)
[15:25:47]EMOTE: *no key*/(Pun Pun 40) : <b>Pun Pun 40</b> rolls. (136,218,2)
[15:25:53]EMOTE: *no key*/(monkey (118)) : <b>The monkey (118)</b> rolls. (204,21,2)
[15:26:13]SAY: Poly/ : Don&#39;t believe the reports - smoke today! (80,190,2)
[15:26:16]EMOTE: *no key*/(Ian) : <b>Ian</b> shivers. (133,185,2)
[15:26:18]EMOTE: *no key*/(Poly) : <b>Poly</b> looks in the premium Havanian cigar's direction and takes flight. (80,190,2)
[15:26:19]EMOTE: *no key*/(monkey (252)) : <b>The monkey (252)</b> waves her tail. (160,139,2)
[15:26:20]SAY: Medibot/ : What kind of medbay is this? Everyone&#39;s dropping like flies. (155,73,1)
[15:26:21]EMOTE: *no key*/(monkey (118)) : <b>The monkey (118)</b> jumps! (204,21,2)
[15:26:28]SAY: mouse/ : SQUEEK! (200,229,2)
[15:26:32]EMOTE: *no key*/(monkey (349)) : <b>The monkey (349)</b> scratches. (201,25,2)
[15:26:32]SAY: Persephone/ : Purr! (166,139,2)
[15:26:42]EMOTE: *no key*/(monkey (252)) : <b>The monkey (252)</b> scratches. (160,140,2)
[15:26:54]EMOTE: *no key*/(monkey (736)) : <b>The monkey (736)</b> rolls. (189,8,2)
[15:26:59]SAY: grey baby slime (616)/ : Rawr... (104,162,2)
[15:27:02]EMOTE: *no key*/(monkey (118)) : <b>The monkey (118)</b> scratches. (204,21,2)
[15:27:06]SAY: mouse/ : Squeek! (201,230,2)
[15:27:11]EMOTE: *no key*/(monkey (170)) : <b>The monkey (170)</b> rolls. (186,118,2)
[15:27:15]EMOTE: *no key*/(Persephone) : <b>Persephone</b> sits down. (166,139,2)
[15:27:16]EMOTE: *no key*/(Poly) : <b>Poly</b> looks in the premium cigar's direction and takes flight. (80,190,2)
[15:27:21]EMOTE: *no key*/(Ian) : <b>Ian</b> shakes its head. (132,186,2)
[15:27:21]SAY: mouse/ : Squeek? (201,229,2)
[15:27:29]EMOTE: *no key*/(monkey (54)) : <b>The monkey (54)</b> jumps! (204,25,2)
[15:27:29]EMOTE: *no key*/(Ian) : <b>Ian</b> dances around. (132,186,2)
[15:27:31]ADMIN: ABystander/(Memes) created a /obj/item/melee/transforming/energy/sword/saber
[15:27:31]ADMIN: ABystander/(Memes) created a /obj/item/melee/transforming/energy/sword/saber
[15:27:35]EMOTE: *no key*/(Persephone) : <b>Persephone</b> crouches on its hind legs. (166,139,2)
[15:27:39]EMOTE: *no key*/(Persephone) : <b>Persephone</b> walks around. (166,139,2)
[15:27:39]ACCESS: Mob Login: Arthurfelipe12/(Plant Dude) was assigned to a /mob/dead/observer
[15:27:44]SAY: Nobody's Perfect/ : Radar, put a mask on! (24,75,1)
[15:27:47]GAME: Plant Dude/Arthurfelipe12 used abandon mob.
[15:27:47]ACCESS: Mob Login: Arthurfelipe12/(new player) was assigned to a /mob/dead/new_player
[15:27:52]SAY: Persephone/ : HSSSSS (167,139,2)
[15:27:54]ACCESS: Mob Login: Arthurfelipe12/(Plant Dude) was assigned to a /mob/living/carbon/human
[15:27:57]EMOTE: *no key*/(monkey (648)) : <b>The monkey (648)</b> rolls. (160,141,2)
[15:28:06]EMOTE: *no key*/(Persephone) : <b>Persephone</b> wags its tail. (167,138,2)
[15:28:09]GAME: Error: /obj/docking_port/stationary/transit([0x2006147]) took longer than 1 second to delete (took 1.2 seconds to delete)
[15:28:31]EMOTE: *no key*/(monkey (54)) : <b>The monkey (54)</b> waves his tail. (203,25,2)
[15:28:41]EMOTE: *no key*/(Poly) : <b>Poly</b> looks in the premium cigar's direction and takes flight. (80,190,2)
[15:28:45]EMOTE: *no key*/(monkey (349)) : <b>The monkey (349)</b> jumps! (200,25,2)
[15:28:52]EMOTE: *no key*/(grey baby slime (616)) : <b>The grey baby slime (616)</b> jiggles! (103,161,2)
[15:29:07]ADMIN: Noober84555/(Flamescale Zakuto) modified Flamescale Zakuto's PeeRate to from 0 to 0.05
[15:29:09]EMOTE: Arthurfelipe12/(Plant Dude) : <b>Plant Dude</b> seizes up and falls limp, their eyes dead and lifeless... (144,260,2)
[15:29:09]ACCESS: Mob Login: Arthurfelipe12/(Plant Dude) was assigned to a /mob/living/brain
[15:29:10]EMOTE: *no key*/(monkey (349)) : <b>The monkey (349)</b> rolls. (201,25,2)
[15:29:11]GAME: Plant Dude/Arthurfelipe12 used abandon mob.
[15:29:11]ACCESS: Mob Login: Arthurfelipe12/(new player) was assigned to a /mob/dead/new_player
[15:29:15]ACCESS: Mob Login: Arthurfelipe12/(Plant Dude) was assigned to a /mob/living/carbon/human
[15:29:16]EMOTE: *no key*/(monkey (736)) : <b>The monkey (736)</b> scratches. (188,8,2)
[15:29:20]EMOTE: *no key*/(grey baby slime (392)) : <b>The grey baby slime (392)</b> lights up for a bit, then stops. (109,153,2)
[15:29:21]SAY: Medibot/ : Radar, put a mask on! (154,73,1)
[15:29:26]ADMIN: ABystander/(Memes) modified The energy sword's reach to from 1 to 100
[15:29:39]ADMIN: Noober84555/(Flamescale Zakuto) jumped to Arthurfelipe12/(Plant Dude)
[15:29:40]EMOTE: *no key*/(Poly) : <b>Poly</b> looks in the Power-ON cartridge's direction and takes flight. (80,190,2)
[15:29:41]SAY: Flamescale Zakuto/Noober84555 : noob (153,262,2)
[15:29:43]EMOTE: *no key*/(Persephone) : <b>Persephone</b> sits down. (167,138,2)
[15:29:50]EMOTE: *no key*/(monkey (593)) : <b>The monkey (593)</b> scratches. (160,140,2)
[15:29:51]SAY: Swanson/ : AUUUUUU (105,143,2)
[15:29:55]EMOTE: Arthurfelipe12/(Plant Dude) : <b>Plant Dude</b> seizes up and falls limp, their eyes dead and lifeless... (148,250,2)
[15:29:55]ACCESS: Mob Login: Arthurfelipe12/(Plant Dude) was assigned to a /mob/living/brain
[15:30:00]GAME: Plant Dude/Arthurfelipe12 used abandon mob.
[15:30:00]ACCESS: Mob Login: Arthurfelipe12/(new player) was assigned to a /mob/dead/new_player
[15:30:02]EMOTE: *no key*/(Persephone) : <b>Persephone</b> gets up and meows. (167,138,2)
[15:30:04]ACCESS: Mob Login: Arthurfelipe12/(Plant Dude) was assigned to a /mob/living/carbon/human
[15:30:09]EMOTE: Noober84555/(Flamescale Zakuto) : <b>Flamescale Zakuto</b> seizes up and falls limp, his eyes dead and lifeless... (146,241,2)
[15:30:09]ACCESS: Mob Login: Noober84555/(Flamescale Zakuto) was assigned to a /mob/dead/observer
[15:30:14]ADMIN: Noober84555/(Flamescale Zakuto) healed / Revived *no key*/(Flamescale Zakuto).
[15:30:15]ACCESS: Mob Login: Noober84555/(Flamescale Zakuto) was assigned to a /mob/living/brain
[15:30:16]ADMINPRIVATE: ASAY: ABystander/(Memes) : reach (149,241,2)
[15:30:16]ACCESS: Mob Login: Noober84555/(Flamescale Zakuto) was assigned to a /mob/dead/observer
[15:30:17]EMOTE: *no key*/(Poly) : <b>Poly</b> bawks! (80,190,2)
[15:30:18]ADMIN: Noober84555/(Flamescale Zakuto) stuffed noober84555 into Flamescale Zakuto.
[15:30:18]ACCESS: Mob Login: noober84555/(Flamescale Zakuto) was assigned to a /mob/living/carbon/human
[15:30:20]ADMINPRIVATE: ASAY: ABystander/(Memes) : edited the reach var (149,241,2)
[15:30:21]GAME: <a href='?priv_msg=noober84555'>noober84555</a>/(Flamescale Zakuto) checked the player panel while in game.
[15:30:24]ADMIN: noober84555/(Flamescale Zakuto) healed / Revived noober84555/(Flamescale Zakuto).
[15:30:25]EMOTE: *no key*/(Pun Pun 40) : <b>Pun Pun 40</b> rolls. (143,214,2)
[15:30:26]ACCESS: Mob Login: noober84555/(Flamescale Zakuto) was assigned to a /mob/dead/observer
[15:30:29]EMOTE: *no key*/(Ian) : <b>Ian</b> dances around. (135,186,2)
[15:30:31]SAY: Medibot/ : I knew it, I should&#39;ve been a plastic surgeon. (155,73,1)
[15:30:31]EMOTE: *no key*/(monkey (736)) : <b>The monkey (736)</b> scratches. (187,8,2)
[15:30:31]EMOTE: *no key*/(Pun Pun 40) : <b>Pun Pun 40</b> rolls. (142,213,2)
[15:30:42]EMOTE: *no key*/(monkey (118)) : <b>The monkey (118)</b> scratches. (203,21,2)
[15:30:42]EMOTE: *no key*/(Poly) : <b>Poly</b> looks in the Power-ON cartridge's direction and takes flight. (80,190,2)
[15:30:45]EMOTE: Arthurfelipe12/(Plant Dude) : <b>Plant Dude</b> seizes up and falls limp, their eyes dead and lifeless... (153,262,2)
[15:30:46]ACCESS: Mob Login: Arthurfelipe12/(Plant Dude) was assigned to a /mob/living/brain
[15:30:48]EMOTE: *no key*/(Ian) : <b>Ian</b> dances around. (134,186,2)
[15:30:52]EMOTE: *no key*/(monkey (133)) : <b>The monkey (133)</b> waves his tail. (200,21,2)
[15:30:55]GAME: Plant Dude/Arthurfelipe12 used abandon mob.
[15:30:55]ACCESS: Mob Login: Arthurfelipe12/(new player) was assigned to a /mob/dead/new_player
[15:30:59]ACCESS: Mob Login: Arthurfelipe12/(Plant Dude) was assigned to a /mob/living/carbon/human
[15:31:01]SAY: Swanson/ : YAP (106,141,2)
[15:31:12]SAY: Poly/ : Attention! Wanted issue distributed! (80,190,2)
[15:31:23]EMOTE: *no key*/(Ian) : <b>Ian</b> chases its tail. (133,185,2)
[15:31:23]SAY: mouse/ : Squeek! (200,229,2)
[15:31:29]EMOTE: *no key*/(Poly) : <b>Poly</b> squawks. (80,190,2)
[15:31:30]EMOTE: *no key*/(pug) : <b>Swanson</b> chases its tail. (107,141,2)
[15:31:37]SAY: Ian/ : Woof! (133,185,2)
[15:31:43]EMOTE: *no key*/(Poly) : <b>Poly</b> looks in the Power-ON cartridge's direction and takes flight. (80,190,2)
[15:31:45]EMOTE: *no key*/(pug) : <b>Swanson</b> chases its tail. (107,142,2)
[15:31:50]EMOTE: *no key*/(monkey (609)) : <b>The monkey (609)</b> waves her tail. (187,8,2)
[15:31:53]EMOTE: *no key*/(Renault) : <b>Renault</b> howls. (157,193,2)
[15:31:54]EMOTE: *no key*/(monkey (593)) : <b>The monkey (593)</b> rolls. (160,139,2)
[15:31:58]EMOTE: *no key*/(monkey (170)) : <b>The monkey (170)</b> waves his tail. (187,119,2)
[15:31:59]GAME: Explosion with size (0, 0, 2, 2) in area Arrival Shuttle Hallway (155,275,2)
[15:31:59]GAME: Explosion with size (0, 0, 2, 2) in area Arrival Shuttle Hallway (155,275,2)
[15:31:59]SAY: emergency medibot/ : There&#39;s always a catch, and I&#39;m the best there is. (222,84,1)
[15:32:02]SAY: emergency medibot/ : I knew it, I should&#39;ve been a plastic surgeon. (222,84,1)
[15:32:02]EMOTE: *no key*/(Renault) : <b>Renault</b> howls. (157,193,2)
[15:32:04]GAME: Explosion with size (0, 0, 2, 2) in area Arrival Shuttle Hallway (154,275,2)
[15:32:24]EMOTE: *no key*/(monkey (133)) : <b>The monkey (133)</b> scratches. (201,21,2)
[15:32:31]EMOTE: *no key*/(monkey (349)) : <b>The monkey (349)</b> rolls. (200,25,2)
[15:32:33]EMOTE: *no key*/(Persephone) : <b>Persephone</b> looks alert. (168,137,2)
[15:32:35]EMOTE: *no key*/(monkey (736)) : <b>The monkey (736)</b> waves his tail. (187,8,2)
[15:32:35]EMOTE: *no key*/(Persephone) : <b>Persephone</b> gets up and meows. (168,137,2)
[15:32:44]EMOTE: *no key*/(Poly) : <b>Poly</b> looks in the Power-ON cartridge's direction and takes flight. (80,190,2)
[15:32:45]EMOTE: *no key*/(grey baby slime (392)) : <b>The grey baby slime (392)</b> vibrates! (108,151,2)
[15:32:51]EMOTE: *no key*/(monkey (736)) : <b>The monkey (736)</b> rolls. (187,8,2)
[15:32:59]EMOTE: *no key*/(grey baby slime (616)) : <b>The grey baby slime (616)</b> bounces in place. (103,162,2)
[15:33:02]SAY: Nobody's Perfect/ : Delicious! (24,75,1)
[15:33:05]EMOTE: *no key*/(monkey (118)) : <b>The monkey (118)</b> jumps! (203,21,2)
[15:33:06]ADMIN: ABystander/(Memes) modified The energy sword's reach to from 100 to 101
[15:33:21]EMOTE: *no key*/(monkey (54)) : <b>The monkey (54)</b> scratches. (203,25,2)
[15:33:29]EMOTE: *no key*/(Poly) : <b>Poly</b> flutters its wings. (80,190,2)
[15:33:43]EMOTE: *no key*/(Poly) : <b>Poly</b> looks in the burn patch's direction and takes flight. (80,190,2)
[15:33:51]EMOTE: Arthurfelipe12/(Plant Dude) : <b>Plant Dude</b> seizes up and falls limp, their eyes dead and lifeless... (135,258,2)
[15:33:59]EMOTE: *no key*/(Pun Pun 40) : <b>Pun Pun 40</b> rolls. (139,212,2)
[15:34:00]ACCESS: Mob Login: Arthurfelipe12/(Plant Dude) was assigned to a /mob/living/brain
[15:34:01]EMOTE: *no key*/(pug) : <b>Swanson</b> woofs! (108,142,2)
[15:34:05]ACCESS: Mob Login: Arthurfelipe12/(Plant Dude) was assigned to a /mob/dead/observer
[15:34:07]EMOTE: *no key*/(grey baby slime (616)) : <b>The grey baby slime (616)</b> lights up for a bit, then stops. (104,162,2)
[15:34:08]GAME: Plant Dude/Arthurfelipe12 used abandon mob.
[15:34:08]ACCESS: Mob Login: Arthurfelipe12/(new player) was assigned to a /mob/dead/new_player
[15:34:13]EMOTE: *no key*/(Pun Pun 40) : <b>Pun Pun 40</b> scratches. (141,213,2)
[15:34:13]ACCESS: Mob Login: Arthurfelipe12/(Plant Dude) was assigned to a /mob/living/carbon/human
[15:34:34]ADMIN: ABystander/(Memes) modified The power-fist's reach to from 1 to 101
[15:34:35]SAY: Poly/ : Attention! Wanted issue distributed! (80,190,2)
[15:34:36]EMOTE: *no key*/(monkey (648)) : <b>The monkey (648)</b> jumps! (160,141,2)
[15:34:38]EMOTE: *no key*/(monkey (937)) : <b>The monkey (937)</b> scratches. (185,118,2)
[15:34:42]EMOTE: *no key*/(monkey (349)) : <b>The monkey (349)</b> jumps! (200,25,2)
[15:34:43]EMOTE: *no key*/(Poly) : <b>Poly</b> looks in the Zippo lighter's direction and takes flight. (80,190,2)
[15:34:44]EMOTE: *no key*/(monkey (349)) : <b>The monkey (349)</b> jumps! (200,25,2)
[15:34:49]SAY: Medibot/ : What kind of medbay is this? Everyone&#39;s dropping like flies. (155,73,1)
[15:34:53]SAY: Renault/ : Tchoff (157,193,2)
[15:34:58]EMOTE: *no key*/(monkey (648)) : <b>The monkey (648)</b> scratches. (160,141,2)
[15:35:10]EMOTE: *no key*/(monkey (54)) : <b>The monkey (54)</b> scratches. (204,25,2)
[15:35:11]EMOTE: *no key*/(Poly) : <b>Poly</b> bawks! (80,190,2)
[15:35:12]EMOTE: *no key*/(monkey (133)) : <b>The monkey (133)</b> scratches. (201,21,2)
[15:35:20]EMOTE: *no key*/(monkey (609)) : <b>The monkey (609)</b> jumps! (189,8,2)
[15:35:27]ADMIN: ABystander/(Memes) jumped to 130,252,2 in Arrival Shuttle Hallway
[15:35:38]SAY: Poly/ : Twice the calories for half the price! (80,190,2)
[15:35:38]EMOTE: *no key*/(monkey (648)) : <b>The monkey (648)</b> scratches. (160,142,2)
[15:35:40]EMOTE: *no key*/(Poly) : <b>Poly</b> squawks. (80,190,2)
[15:35:44]EMOTE: *no key*/(Renault) : <b>Renault</b> shakes its head. (154,193,2)
[15:35:48]EMOTE: *no key*/(Persephone) : <b>Persephone</b> lies down. (168,136,2)
[15:35:58]EMOTE: *no key*/(monkey (118)) : <b>The monkey (118)</b> scratches. (203,21,2)
[15:36:02]SAY: Medibot/ : I knew it, I should&#39;ve been a plastic surgeon. (155,73,1)
[15:36:06]ADMIN: ABystander/(Memes) jumped to 140,141,2 in Mech Bay
[15:36:10]EMOTE: *no key*/(monkey (609)) : <b>The monkey (609)</b> rolls. (187,8,2)
[15:36:16]SAY: mouse/ : Squeek? (197,221,2)
[15:36:22]EMOTE: *no key*/(monkey (118)) : <b>The monkey (118)</b> scratches. (204,21,2)
[15:36:29]ACCESS: Login: Pintao-kun from 177.74.136.8-1365016959 || BYOND v512
[15:36:29]ACCESS: Mob Login: Pintao-kun/(Pintao-kun) was assigned to a /mob/dead/new_player
[15:36:43]EMOTE: *no key*/(grey baby slime (392)) : <b>The grey baby slime (392)</b> lights up for a bit, then stops. (108,153,2)
[15:36:43]SAY: Medibot/ : What kind of medbay is this? Everyone&#39;s dropping like flies. (155,73,1)
[15:36:45]ADMIN: ABystander/(Memes) deleted the handcuffs at (0, 0, 0)
[15:36:51]SAY: Medibot/ : Radar, put a mask on! (154,73,1)
[15:37:01]EMOTE: *no key*/(monkey (593)) : <b>The monkey (593)</b> waves his tail. (160,141,2)
[15:37:04]ACCESS: Mob Login: Pintao-kun/(Redfoo) was assigned to a /mob/living/carbon/human
[15:37:05]EMOTE: *no key*/(monkey (54)) : <b>The monkey (54)</b> rolls. (204,25,2)
[15:37:07]SAY: grey baby slime (392)/ : Blop... (107,151,2)
[15:37:09]EMOTE: *no key*/(monkey (118)) : <b>The monkey (118)</b> scratches. (203,21,2)
[15:37:14]SAY: Renault/ : Geckers (153,194,2)
[15:37:16]SAY: Poly/ : Don&#39;t believe the reports - smoke today! (80,190,2)
[15:37:20]EMOTE: *no key*/(Pun Pun 40) : <b>Pun Pun 40</b> screeches. (145,211,2)
[15:37:21]EMOTE: *no key*/(Renault) : <b>Renault</b> shivers. (153,194,2)
[15:37:28]EMOTE: *no key*/(Pun Pun 40) : <b>Pun Pun 40</b> lets out a faint chimper as it collapses and stops moving... (145,211,2)
[15:37:31]EMOTE: *no key*/(mouse) : <b>The mouse</b> runs in a circle. (196,221,2)
[15:37:44]ADMIN: ABystander/(Memes) deleted Biggi's Ass-fucking Bat at (141, 141, 2)
[15:37:48]EMOTE: *no key*/(monkey (609)) : <b>The monkey (609)</b> waves her tail. (187,8,2)
[15:37:48]EMOTE: *no key*/(Persephone) : <b>Persephone</b> crouches on its hind legs. (168,136,2)
[15:37:51]SAY: emergency medibot/ : There&#39;s always a catch, and I&#39;m the best there is. (222,84,1)
[15:37:57]ADMIN: noober84555/(Flamescale Zakuto) jumped to Arthurfelipe12/(Plant Dude)
[15:38:03]ADMIN: noober84555/(Flamescale Zakuto) has used rudimentary transformation on noober84555/(Flamescale Zakuto). Transforming to human.; deletemob=1
[15:38:03]ACCESS: Mob Login: noober84555/(Flamescale Zakuto) was assigned to a /mob/living/carbon/human
[15:38:05]SAY: Poly/ : Wait Hanry Smith! I want to help! (80,190,2)
[15:38:08]EMOTE: *no key*/(monkey (118)) : <b>The monkey (118)</b> scratches. (204,21,2)
[15:38:09]ADMIN: ABystander/(Memes) modified The metal baseball bat's reach to from 1 to 100
[15:38:11]ADMIN: noober84555/(Flamescale Zakuto) changed the equipment of noober84555/(Flamescale Zakuto) to /datum/outfit/job/captain.
[15:38:13]EMOTE: *no key*/(grey baby slime (392)) : <b>The grey baby slime (392)</b> bounces in place. (107,151,2)
[15:38:15]ADMINPRIVATE: ASAY: ABystander/(Memes) : lol (141,143,2)
[15:38:17]EMOTE: *no key*/(monkey (118)) : <b>The monkey (118)</b> waves his tail. (204,21,2)
[15:38:17]ADMINPRIVATE: ASAY: ABystander/(Memes) : he got a bat (141,143,2)
[15:38:19]EMOTE: *no key*/(monkey (736)) : <b>The monkey (736)</b> rolls. (188,8,2)
[15:38:24]ADMIN: ABystander/(Memes) jumped to 144,152,2 in Aft Primary Hallway
[15:38:27]EMOTE: *no key*/(monkey (133)) : <b>The monkey (133)</b> rolls. (201,21,2)
[15:38:30]EMOTE: *no key*/(mouse) : <b>The mouse</b> runs in a circle. (202,229,2)
[15:38:37]EMOTE: *no key*/(monkey (937)) : <b>The monkey (937)</b> rolls. (188,118,2)
[15:38:42]ADMIN: ABystander/(Memes) modified Memes's stun_absorption to from  to 1
[15:38:44]EMOTE: *no key*/(pug) : <b>Swanson</b> shakes its head. (106,143,2)
[15:39:00]SAY: Plant Dude/Arthurfelipe12 : hi gordon (120,285,2)
[15:39:01]EMOTE: *no key*/(monkey (252)) : <b>The monkey (252)</b> jumps! (160,139,2)
[15:39:16]ADMIN: ABystander/(Memes) modified The metal baseball bat's force to from 12 to 40
[15:39:18]SAY: Plant Dude/Arthurfelipe12 : i just want to talk (140,253,2)
[15:39:19]SAY: Poly/ : Don&#39;t believe the reports - smoke today! (80,190,2)
[15:39:40]EMOTE: *no key*/(Ian) : <b>Ian</b> shivers. (136,183,2)
[15:39:42]ADMIN: ABystander/(Memes) jumped to 151,253,2 in Arrival Shuttle Hallway
[15:39:46]ADMIN: ABystander/(Memes) jumped to 142,252,2 in Arrival Shuttle Hallway
[15:39:52]GAME: <a href='?priv_msg=abystander'>ABystander</a>/(Memes) checked the player panel while in game.
[15:39:54]ADMIN: ABystander/(Memes) healed / Revived ABystander/(Memes).
[15:40:03]EMOTE: Arthurfelipe12/(Plant Dude) : <b>Plant Dude</b> seizes up and falls limp, his eyes dead and lifeless... (142,252,2)
[15:40:04]ACCESS: Mob Login: Arthurfelipe12/(Plant Dude) was assigned to a /mob/living/brain
[15:40:06]EMOTE: *no key*/(monkey (736)) : <b>The monkey (736)</b> jumps! (188,8,2)
[15:40:08]GAME: Plant Dude/Arthurfelipe12 used abandon mob.
[15:40:08]ACCESS: Mob Login: Arthurfelipe12/(new player) was assigned to a /mob/dead/new_player
[15:40:12]EMOTE: *no key*/(Ian) : <b>Ian</b> dances around. (135,183,2)
[15:40:13]EMOTE: *no key*/(Persephone) : <b>Persephone</b> mews (168,136,2)
[15:40:22]ADMIN: ABystander/(Memes) jumped to 152,242,2 in Starboard Bow Maintenance
[15:40:24]EMOTE: *no key*/(Persephone) : <b>Persephone</b> shivers (168,136,2)
[15:40:30]EMOTE: *no key*/(mouse) : <b>The mouse</b> squeeks. (202,230,2)
[15:40:36]EMOTE: *no key*/(monkey (349)) : <b>The monkey (349)</b> waves his tail. (200,25,2)
[15:40:57]SAY: emergency medibot/ : I knew it, I should&#39;ve been a plastic surgeon. (222,84,1)
[15:40:58]ACCESS: Mob Login: Arthurfelipe12/(Angel Dude) was assigned to a /mob/living/carbon/human
[15:41:08]EMOTE: *no key*/(Persephone) : <b>Persephone</b> walks around. (168,136,2)
[15:41:20]EMOTE: *no key*/(monkey (252)) : <b>The monkey (252)</b> rolls. (160,141,2)
[15:41:24]EMOTE: *no key*/(monkey (170)) : <b>The monkey (170)</b> jumps! (185,119,2)
[15:41:26]EMOTE: *no key*/(monkey (170)) : <b>The monkey (170)</b> waves his tail. (185,119,2)
[15:41:29]EMOTE: *no key*/(Persephone) : <b>Persephone</b> shakes its head (169,137,2)
[15:41:30]SAY: grey baby slime (616)/ : Lonely... (104,163,2)
[15:41:32]EMOTE: *no key*/(monkey (133)) : <b>The monkey (133)</b> rolls. (201,21,2)
[15:41:33]SAY: Renault/ : Tchoff (157,194,2)
[15:41:38]EMOTE: *no key*/(monkey (937)) : <b>The monkey (937)</b> jumps! (187,118,2)
[15:41:40]EMOTE: *no key*/(monkey (609)) : <b>The monkey (609)</b> scratches. (187,8,2)
[15:41:43]SAY: Medibot/ : There&#39;s always a catch, and I&#39;m the best there is. (155,73,1)
[15:41:45]SAY: Persephone/ : Meow! (169,139,2)
[15:41:45]ADMIN: ABystander/(Memes) modified Biggi's Ass-fucking Bat's desc to from This bat is made of highly reflective, highly armored material. to biggi is gay

[15:41:48]EMOTE: *no key*/(monkey (593)) : <b>The monkey (593)</b> scratches. (160,142,2)
[15:41:53]ADMIN: ABystander/(Memes) modified Biggi's Ass-fucking Bat's name to from Biggi&#39;s Ass-fucking Bat to gay bat

[15:41:53]SAY: Angel Dude/Arthurfelipe12 : hello fellow gordon (153,256,2)
[15:41:56]EMOTE: *no key*/(Persephone) : <b>Persephone</b> wags its tail. (170,139,2)
[15:41:59]ADMIN: ABystander/(Memes) jumped to 148,246,2 in Arrival Shuttle Hallway
[15:42:12]EMOTE: *no key*/(pug) : <b>Swanson</b> chases its tail. (106,143,2)
[15:42:17]SAY: Angel Dude/Arthurfelipe12 : wanna make food? (145,253,2)
[15:42:22]EMOTE: *no key*/(monkey (736)) : <b>The monkey (736)</b> jumps! (187,8,2)
[15:42:27]SAY: Memes/ABystander : make food (146,253,2)
[15:42:28]SAY: Redfoo/Pintao-kun : N (144,252,2)
[15:42:28]EMOTE: *no key*/(monkey (648)) : <b>The monkey (648)</b> scratches. (160,139,2)
[15:42:29]SAY: Memes/ABystander : now (146,253,2)
[15:42:34]EMOTE: *no key*/(Poly) : <b>Poly</b> flutters its wings. (80,190,2)
[15:42:34]SAY: Angel Dude/Arthurfelipe12 : ok chef (142,252,2)
[15:42:36]EMOTE: *no key*/(Persephone) : <b>Persephone</b> walks around. (170,139,2)
[15:42:40]SAY: Poly/ : What kind of medbay is this? Everyone&#39;s dropping like flies. (80,190,2)
[15:43:02]EMOTE: *no key*/(monkey (237)) : <b>The monkey (237)</b> jumps! (187,118,2)
[15:43:09]SAY: Angel Dude/Arthurfelipe12 : lets start (69,275,2)
[15:43:10]SAY: Renault/ : Tchoff (154,196,2)
[15:43:13]SAY: Angel Dude/Arthurfelipe12 : shall we? (69,275,2)
[15:43:15]EMOTE: *no key*/(monkey (937)) : <b>The monkey (937)</b> jumps! (184,119,2)
[15:43:16]SAY: Memes/ABystander : Go on (67,271,2)
[15:43:27]SAY: Angel Dude/Arthurfelipe12 : im going to make the breakfast (67,275,2)
[15:43:33]EMOTE: *no key*/(Persephone) : <b>Persephone</b> shakes out its coat. (169,139,2)
[15:43:36]SAY: Memes/ABystander : need food? (67,271,2)
[15:43:44]SAY: Angel Dude/Arthurfelipe12 : not now (68,274,2)
[15:43:50]ADMIN: ABystander/(Memes) created a /mob/living/carbon/alien/humanoid/royal
[15:43:53]ADMIN: ABystander/(Memes) created a /mob/living/carbon/alien/humanoid/royal/praetorian
[15:43:54]EMOTE: *no key*/(monkey (54)) : <b>The monkey (54)</b> waves his tail. (203,25,2)
[15:43:54]ADMIN: Noober84555/(Flamescale Zakuto) played sound IT IS TIME TO   D D D  D DIEEEEEEEEEEEEEEEEEEEEEEEEEEEEEEEEE.ogg
[15:43:56]ADMIN: ABystander/(Memes) created a /mob/living/carbon/alien/humanoid/royal/queen
[15:43:58]EMOTE: *no key*/(monkey (133)) : <b>The monkey (133)</b> rolls. (201,21,2)
[15:43:59]ADMIN: ABystander/(Memes) created a /mob/living/carbon/alien/humanoid
[15:44:00]EMOTE: *no key*/(monkey (54)) : <b>The monkey (54)</b> waves his tail. (203,25,2)
[15:44:06]ADMINPRIVATE: ASAY: ABystander/(Memes) : boi (67,272,2)
[15:44:08]SAY: Angel Dude/Arthurfelipe12 : bread,eggs and milk (63,275,2)
[15:44:08]EMOTE: *no key*/(pug) : <b>Swanson</b> shakes its head. (108,142,2)
[15:44:10]EMOTE: *no key*/(Ian) : <b>Ian</b> chases its tail! (135,183,2)
[15:44:12]SAY: Ian/ : YAP (135,183,2)
[15:44:14]SAY: Angel Dude/Arthurfelipe12 : thats what we need (63,275,2)
[15:44:21]ADMIN: noober84555/(Flamescale Zakuto) jumped to ABystander/(Memes)
[15:44:22]EMOTE: *no key*/(monkey (118)) : <b>The monkey (118)</b> waves his tail. (203,21,2)
[15:44:24]EMOTE: *no key*/(grey baby slime (616)) : <b>The grey baby slime (616)</b> lights up for a bit, then stops. (103,162,2)
[15:44:28]EMOTE: *no key*/(monkey (252)) : <b>The monkey (252)</b> waves her tail. (160,140,2)
[15:44:30]EMOTE: *no key*/(monkey (133)) : <b>The monkey (133)</b> scratches. (200,21,2)
[15:44:32]SAY: Memes/ABystander : LYNCH HIM (68,275,2)
[15:44:33]EMOTE: *no key*/(mouse) : <b>The mouse</b> shakes. (197,221,2)
[15:44:36]ADMIN: Noober84555/(Flamescale Zakuto) played a local sound YOUR NOW A NOODLE.ogg
[15:44:37]SAY: emergency medibot/ : What kind of medbay is this? Everyone&#39;s dropping like flies. (222,84,1)
[15:44:43]EMOTE: noober84555/(Flamescale Zakuto) : <b>Flamescale Zakuto</b> seizes up and falls limp, their eyes dead and lifeless... (68,273,2)
[15:44:46]EMOTE: *no key*/(monkey (133)) : <b>The monkey (133)</b> jumps! (200,21,2)
[15:44:48]EMOTE: *no key*/(monkey (736)) : <b>The monkey (736)</b> waves his tail. (189,8,2)
[15:44:53]ADMIN: Noober84555/(Flamescale Zakuto) played a local sound u know the way.ogg
[15:45:00]SAY: Medibot/ : I knew it, I should&#39;ve been a plastic surgeon. (154,73,1)
[15:45:02]EMOTE: *no key*/(grey baby slime (616)) : <b>The grey baby slime (616)</b> vibrates! (104,163,2)
[15:45:03]ADMIN: Noober84555/(Flamescale Zakuto) played a local sound IT IS TIME TO   D D D  D DIEEEEEEEEEEEEEEEEEEEEEEEEEEEEEEEEE.ogg
[15:45:09]GAME: <a href='?priv_msg=noober84555'>noober84555</a>/(Flamescale Zakuto) checked the player panel while in game.
[15:45:10]ADMIN: noober84555/(Flamescale Zakuto) healed / Revived noober84555/(Flamescale Zakuto).
[15:45:12]EMOTE: *no key*/(monkey (593)) : <b>The monkey (593)</b> waves his tail. (160,141,2)
[15:45:13]ADMIN: noober84555/(Flamescale Zakuto) healed / Revived noober84555/(Flamescale Zakuto).
[15:45:13]SAY: Angel Dude/Arthurfelipe12 : he&#39;s already dead (63,272,2)
[15:45:14]EMOTE: *no key*/(grey baby slime (590)) : <b>The grey baby slime (590)</b> lights up for a bit, then stops. (111,161,2)
[15:45:16]EMOTE: *no key*/(pug) : <b>Swanson</b> chases its tail. (108,141,2)
[15:45:16]EMOTE: *no key*/(Persephone) : <b>Persephone</b> grooms its fur. (170,140,2)
[15:45:18]EMOTE: *no key*/(Ian) : <b>Ian</b> chases its tail! (135,183,2)
[15:45:19]SAY: Memes/ABystander : nope (65,275,2)
[15:45:20]EMOTE: *no key*/(monkey (937)) : <b>The monkey (937)</b> scratches. (187,119,2)
[15:45:26]EMOTE: *no key*/(monkey (237)) : <b>The monkey (237)</b> rolls. (184,118,2)
[15:45:26]EMOTE: *no key*/(pug) : <b>Swanson</b> woofs! (107,141,2)
[15:45:27]EMOTE: noober84555/(Flamescale Zakuto) : <b>Flamescale Zakuto</b> seizes up and falls limp, their eyes dead and lifeless... (68,290,2)
[15:45:33]ACCESS: Mob Login: noober84555/(Flamescale Zakuto) was assigned to a /mob/dead/observer
[15:45:33]ADMIN: ABystander/(Memes) punished *no key*/(Flamescale Zakuto) with Bluespace Artillery Device.
[15:45:33]GAME: Explosion with size (0, 0, 0, 0) in area DAB Studio (Video Recording) (68,290,2)
[15:45:41]EMOTE: *no key*/(Persephone) : <b>Persephone</b> stretches out for a belly rub. (170,142,2)
[15:45:43]SAY: Medibot/ : Radar, put a mask on! (155,73,1)
[15:45:43]SAY: Memes/ABystander : Ok (66,270,2)
[15:45:45]SAY: Memes/ABystander : He&#39;s dead now (66,270,2)
[15:45:49]ADMIN: Noober84555/(Flamescale Zakuto) played a local sound die.ogg
[15:45:49]EMOTE: *no key*/(monkey (349)) : <b>The monkey (349)</b> waves his tail. (201,25,2)
[15:45:57]SAY: Medibot/ : What kind of medbay is this? Everyone&#39;s dropping like flies. (155,73,1)
[15:45:57]SAY: Medibot/ : Delicious! (154,73,1)
[15:46:01]SAY: Nobody's Perfect/ : There&#39;s always a catch, and I&#39;m the best there is. (24,75,1)
[15:46:10]SAY: Medibot/ : What kind of medbay is this? Everyone&#39;s dropping like flies. (155,73,1)
[15:46:16]ADMIN: Noober84555/(Flamescale Zakuto) played a local sound IT IS TIME TO   D D D  D DIEEEEEEEEEEEEEEEEEEEEEEEEEEEEEEEEE.ogg
[15:46:16]SAY: Poly/ : Breaking news from Station Announcements! (80,190,2)
[15:46:26]SAY: Renault/ : Tchoff (160,193,2)
[15:46:26]EMOTE: *no key*/(mouse) : <b>The mouse</b> runs in a circle. (201,230,2)
[15:46:37]EMOTE: *no key*/(monkey (937)) : <b>The monkey (937)</b> scratches. (187,119,2)
[15:46:42]SAY: Renault/ : Awoo (160,193,2)
[15:46:47]EMOTE: *no key*/(monkey (133)) : <b>The monkey (133)</b> rolls. (201,21,2)
[15:46:47]EMOTE: *no key*/(monkey (252)) : <b>The monkey (252)</b> jumps! (160,142,2)
[15:46:53]ADMIN: noober84555/(Flamescale Zakuto) created an explosion (5,5,5,5) at (84,306,2)
[15:46:53]GAME: Explosion with size (0, 1, 5, 5) in area Space (84,306,2)
[15:46:54]EMOTE: *no key*/(monkey (118)) : <b>The monkey (118)</b> rolls. (203,21,2)
[15:47:02]EMOTE: *no key*/(monkey (133)) : <b>The monkey (133)</b> scratches. (200,21,2)
[15:47:10]EMOTE: *no key*/(monkey (118)) : <b>The monkey (118)</b> jumps! (203,21,2)
[15:47:24]EMOTE: *no key*/(grey baby slime (616)) : <b>The grey baby slime (616)</b> lights up for a bit, then stops. (104,162,2)
[15:47:31]EMOTE: *no key*/(Renault) : <b>Renault</b> howls. (159,194,2)
[15:47:32]EMOTE: *no key*/(pug) : <b>Swanson</b> chases its tail. (106,141,2)
[15:47:32]EMOTE: *no key*/(grey baby slime (590)) : <b>The grey baby slime (590)</b> jiggles! (113,162,2)
[15:47:37]SAY: Poly/ : Breaking news from Station Announcements! (80,190,2)
[15:47:56]EMOTE: *no key*/(monkey (937)) : <b>The monkey (937)</b> jumps! (187,118,2)
[15:48:02]SAY: Medibot/ : There&#39;s always a catch, and I&#39;m the best there is. (155,73,1)
[15:48:02]EMOTE: *no key*/(monkey (736)) : <b>The monkey (736)</b> waves his tail. (189,8,2)
[15:48:06]SAY: mouse/ : Squeek! (198,221,2)
[15:48:07]EMOTE: *no key*/(monkey (133)) : <b>The monkey (133)</b> waves his tail. (201,21,2)
[15:48:09]EMOTE: *no key*/(monkey (54)) : <b>The monkey (54)</b> waves his tail. (204,25,2)
[15:48:15]EMOTE: *no key*/(monkey (593)) : <b>The monkey (593)</b> waves his tail. (160,140,2)
[15:48:21]ADMIN: Noober84555/(Flamescale Zakuto) played a local sound IT IS TIME TO   D D D  D DIEEEEEEEEEEEEEEEEEEEEEEEEEEEEEEEEE.ogg
[15:48:39]ADMIN: Noober84555/(Flamescale Zakuto) played sound IT IS TIME TO   D D D  D DIEEEEEEEEEEEEEEEEEEEEEEEEEEEEEEEEE.ogg
[15:48:48]ADMIN: ABystander/(Memes) jumped to 78,289,2 in DAB Studio (Video Recording)
[15:48:50]ADMIN: Noober84555/(Flamescale Zakuto) played sound SONICHU.ogg
[15:48:52]SAY: emergency medibot/ : Radar, put a mask on! (222,84,1)
[15:48:56]EMOTE: *no key*/(monkey (648)) : <b>The monkey (648)</b> jumps! (160,141,2)
[15:49:00]EMOTE: *no key*/(monkey (648)) : <b>The monkey (648)</b> jumps! (160,141,2)
[15:49:04]EMOTE: *no key*/(monkey (170)) : <b>The monkey (170)</b> scratches. (188,119,2)
[15:49:04]EMOTE: *no key*/(Persephone) : <b>Persephone</b> stops resting. (170,142,2)
[15:49:04]EMOTE: *no key*/(monkey (252)) : <b>The monkey (252)</b> scratches. (160,142,2)
[15:49:06]EMOTE: *no key*/(Ian) : <b>Ian</b> chases its tail! (136,183,2)
[15:49:12]EMOTE: *no key*/(Persephone) : <b>Persephone</b> twitches its whiskers. (170,141,2)
[15:49:13]SAY: Angel Dude/Arthurfelipe12 : breakfast&#39;s here (64,276,2)
[15:49:25]ADMIN: Noober84555/(Flamescale Zakuto) played sound NFL THEME.ogg
[15:49:30]EMOTE: *no key*/(monkey (648)) : <b>The monkey (648)</b> scratches. (160,141,2)
[15:49:48]EMOTE: *no key*/(monkey (54)) : <b>The monkey (54)</b> rolls. (203,25,2)
[15:49:50]ADMIN: ABystander/(Memes) jumped to Pintao-kun/(Redfoo)
[15:49:52]EMOTE: *no key*/(Ian) : <b>Ian</b> shakes its head. (135,184,2)
[15:50:04]SAY: Nobody's Perfect/ : Delicious! (24,75,1)
[15:50:09]EMOTE: *no key*/(monkey (648)) : <b>The monkey (648)</b> jumps! (160,142,2)
[15:50:11]EMOTE: *no key*/(mouse) : <b>The mouse</b> squeeks. (201,229,2)
[15:50:13]ADMIN: Noober84555/(Flamescale Zakuto) played sound nigga.ogg
[15:50:13]EMOTE: Pintao-kun/(Redfoo) : <b>Redfoo</b> seizes up and falls limp, his eyes dead and lifeless... (135,253,2)
[15:50:15]ADMIN: Noober84555/(Flamescale Zakuto) stopped all currently playing sounds.
[15:50:19]ACCESS: Mob Login: Pintao-kun/(Redfoo) was assigned to a /mob/dead/observer
[15:50:21]EMOTE: *no key*/(monkey (133)) : <b>The monkey (133)</b> waves his tail. (200,21,2)
[15:50:27]EMOTE: *no key*/(monkey (349)) : <b>The monkey (349)</b> scratches. (201,25,2)
[15:50:29]ADMIN: Noober84555/(Flamescale Zakuto) stopped all currently playing sounds.
[15:50:33]GAME: Redfoo/Pintao-kun used abandon mob.
[15:50:33]ACCESS: Mob Login: Pintao-kun/(new player) was assigned to a /mob/dead/new_player
[15:50:35]SAY: Poly/ : Try our new nougat bar! (80,190,2)
[15:50:36]ADMIN: ABystander/(Memes) modified The metal baseball bat's sharpness to from 0 to 10
[15:50:40]ACCESS: Mob Login: Pintao-kun/(Redfoo) was assigned to a /mob/living/carbon/human
[15:50:42]SAY: Nobody's Perfect/ : Delicious! (24,75,1)
[15:50:44]EMOTE: *no key*/(Persephone) : <b>Persephone</b> crouches on its hind legs. (170,140,2)
[15:50:46]EMOTE: *no key*/(monkey (170)) : <b>The monkey (170)</b> scratches. (186,118,2)
[15:50:52]SAY: Medibot/ : There&#39;s always a catch, and I&#39;m the best there is. (154,73,1)
[15:51:00]EMOTE: *no key*/(Poly) : <b>Poly</b> flutters its wings. (80,190,2)
[15:51:03]EMOTE: *no key*/(pug) : <b>Swanson</b> chases its tail. (105,143,2)
[15:51:05]EMOTE: *no key*/(monkey (170)) : <b>The monkey (170)</b> waves his tail. (187,118,2)
[15:51:10]SAY: emergency medibot/ : I knew it, I should&#39;ve been a plastic surgeon. (222,84,1)
[15:51:29]EMOTE: *no key*/(monkey (170)) : <b>The monkey (170)</b> rolls. (187,118,2)
[15:51:35]SAY: Medibot/ : Delicious! (154,73,1)
[15:51:37]SAY: Medibot/ : There&#39;s always a catch, and I&#39;m the best there is. (154,73,1)
[15:51:43]EMOTE: *no key*/(monkey (237)) : <b>The monkey (237)</b> rolls. (185,118,2)
[15:51:47]EMOTE: *no key*/(monkey (609)) : <b>The monkey (609)</b> jumps! (188,8,2)
[15:51:47]SAY: Medibot/ : I knew it, I should&#39;ve been a plastic surgeon. (155,73,1)
[15:51:54]SAY: Nobody's Perfect/ : Radar, put a mask on! (24,75,1)
[15:52:05]EMOTE: *no key*/(monkey (609)) : <b>The monkey (609)</b> waves her tail. (188,8,2)
[15:52:07]EMOTE: *no key*/(monkey (937)) : <b>The monkey (937)</b> jumps! (184,118,2)
[15:52:21]EMOTE: *no key*/(grey baby slime (590)) : <b>The grey baby slime (590)</b> lights up for a bit, then stops. (112,161,2)
[15:52:26]SAY: Poly/ : I knew it, I should&#39;ve been a plastic surgeon. (80,190,2)
[15:52:38]EMOTE: *no key*/(monkey (170)) : <b>The monkey (170)</b> scratches. (186,118,2)
[15:52:38]EMOTE: *no key*/(Persephone) : <b>Persephone</b> stretches out for a belly rub. (170,140,2)
[15:52:52]EMOTE: *no key*/(monkey (937)) : <b>The monkey (937)</b> jumps! (185,118,2)
[15:52:53]SAY: Medibot/ : I knew it, I should&#39;ve been a plastic surgeon. (154,73,1)
[15:53:06]SAY: emergency medibot/ : What kind of medbay is this? Everyone&#39;s dropping like flies. (222,84,1)
[15:53:12]EMOTE: *no key*/(monkey (118)) : <b>The monkey (118)</b> waves his tail. (204,21,2)
[15:53:14]SAY: Poly/ : I knew it, I should&#39;ve been a plastic surgeon. (80,190,2)
[15:53:21]EMOTE: Pintao-kun/(Redfoo) : <b>Redfoo</b> seizes up and falls limp, his eyes dead and lifeless... (145,263,2)
[15:53:21]ACCESS: Mob Login: Pintao-kun/(Redfoo) was assigned to a /mob/dead/observer
[15:53:22]EMOTE: *no key*/(grey baby slime (616)) : <b>The grey baby slime (616)</b> bounces in place. (103,162,2)
[15:53:23]ADMIN: ABystander/(Memes) modified The spectral blade's force to from 1 to -10
[15:53:24]SAY: mouse/ : Squeek? (198,222,2)
[15:53:28]EMOTE: *no key*/(Persephone) : <b>Persephone</b> lies down. (170,140,2)
[15:53:33]GAME: Redfoo/Pintao-kun used abandon mob.
[15:53:33]ACCESS: Mob Login: Pintao-kun/(new player) was assigned to a /mob/dead/new_player
[15:53:36]ADMIN: ABystander/(Memes) modified The spectral blade's reach to from 1 to 100
[15:53:36]SAY: Medibot/ : What kind of medbay is this? Everyone&#39;s dropping like flies. (155,73,1)
[15:53:37]ACCESS: Mob Login: Pintao-kun/(Redfoo) was assigned to a /mob/living/carbon/human
[15:53:53]SAY: Poly/ : Don&#39;t believe the reports - smoke today! (80,190,2)
[15:54:05]SAY: Medibot/ : Radar, put a mask on! (154,73,1)
[15:54:11]EMOTE: *no key*/(Ian) : <b>Ian</b> shakes its head. (133,184,2)
[15:54:15]EMOTE: *no key*/(monkey (133)) : <b>The monkey (133)</b> waves his tail. (201,21,2)
[15:54:17]EMOTE: Pintao-kun/(Redfoo) : <b>Redfoo</b> gasps! (155,272,2)
[15:54:17]EMOTE: Pintao-kun/(Redfoo) : <b>Redfoo</b> seizes up and falls limp, their eyes dead and lifeless... (155,272,2)
[15:54:23]ACCESS: Mob Login: Pintao-kun/(Redfoo) was assigned to a /mob/dead/observer
[15:54:28]EMOTE: *no key*/(mouse) : <b>The mouse</b> shakes. (200,230,2)
[15:54:29]GAME: Redfoo/Pintao-kun used abandon mob.
[15:54:29]ACCESS: Mob Login: Pintao-kun/(new player) was assigned to a /mob/dead/new_player
[15:54:32]EMOTE: *no key*/(pug) : <b>Swanson</b> woofs! (105,146,2)
[15:54:36]ACCESS: Mob Login: Pintao-kun/(Redfoo) was assigned to a /mob/living/carbon/human
[15:54:41]EMOTE: *no key*/(Poly) : <b>Poly</b> bawks! (80,190,2)
[15:54:41]EMOTE: *no key*/(mouse) : <b>The mouse</b> runs in a circle. (200,231,2)
[15:54:43]EMOTE: *no key*/(monkey (593)) : <b>The monkey (593)</b> jumps! (160,140,2)
[15:54:48]SAY: emergency medibot/ : I knew it, I should&#39;ve been a plastic surgeon. (222,84,1)
[15:54:48]EMOTE: *no key*/(pug) : <b>Swanson</b> pants. (105,146,2)
[15:54:48]EMOTE: *no key*/(monkey (118)) : <b>The monkey (118)</b> waves his tail. (204,21,2)
[15:54:52]EMOTE: *no key*/(monkey (937)) : <b>The monkey (937)</b> waves his tail. (188,119,2)
[15:54:54]EMOTE: *no key*/(Persephone) : <b>Persephone</b> sits down. (170,140,2)
[15:54:57]SAY: grey baby slime (616)/ : Blop... (103,161,2)
[15:55:17]EMOTE: *no key*/(monkey (648)) : <b>The monkey (648)</b> rolls. (160,139,2)
[15:55:23]EMOTE: *no key*/(monkey (118)) : <b>The monkey (118)</b> rolls. (204,21,2)
[15:55:29]EMOTE: *no key*/(monkey (118)) : <b>The monkey (118)</b> rolls. (204,21,2)
[15:55:31]EMOTE: *no key*/(monkey (252)) : <b>The monkey (252)</b> jumps! (160,139,2)
[15:55:33]EMOTE: *no key*/(monkey (736)) : <b>The monkey (736)</b> waves his tail. (189,8,2)
[15:55:35]EMOTE: *no key*/(Persephone) : <b>Persephone</b> wags its tail. (170,140,2)
[15:55:39]SAY: mouse/ : Squeek! (196,221,2)
[15:55:41]EMOTE: *no key*/(Persephone) : <b>Persephone</b> gets up and meows. (170,140,2)
[15:55:49]EMOTE: *no key*/(Ian) : <b>Ian</b> shakes its head. (132,186,2)
[15:55:51]EMOTE: *no key*/(Persephone) : <b>Persephone</b> twitches its whiskers. (170,139,2)
[15:56:00]EMOTE: *no key*/(Ian) : <b>Ian</b> chases its tail. (133,186,2)
[15:56:08]EMOTE: *no key*/(monkey (54)) : <b>The monkey (54)</b> waves his tail. (203,25,2)
[15:56:18]EMOTE: *no key*/(monkey (170)) : <b>The monkey (170)</b> jumps! (187,119,2)
[15:56:20]SAY: mouse/ : Squeek? (202,230,2)
[15:56:24]EMOTE: *no key*/(monkey (133)) : <b>The monkey (133)</b> scratches. (201,21,2)
[15:56:25]ADMIN: ABystander/(Memes) deleted the eye of god at (0, 0, 0)
[15:56:39]EMOTE: *no key*/(mouse) : <b>The mouse</b> squeeks. (202,229,2)
[15:56:40]SAY: grey baby slime (616)/ : Blorble... (103,162,2)
[15:57:00]ADMIN: ABystander/(Memes) changed the equipment of ABystander/(Memes) to /datum/outfit/psycho.
[15:57:03]SAY: Medibot/ : Radar, put a mask on! (155,73,1)
[15:57:08]EMOTE: *no key*/(monkey (133)) : <b>The monkey (133)</b> jumps! (200,21,2)
[15:57:13]EMOTE: *no key*/(Persephone) : <b>Persephone</b> shivers (169,140,2)
[15:57:30]SAY: mouse/ : Squeek! (198,221,2)
[15:57:38]EMOTE: *no key*/(Persephone) : <b>Persephone</b> looks alert. (168,141,2)
[15:57:40]SAY: Medibot/ : What kind of medbay is this? Everyone&#39;s dropping like flies. (121,255,2)
[15:57:40]EMOTE: *no key*/(Ian) : <b>Ian</b> chases its tail. (133,187,2)
[15:57:42]EMOTE: *no key*/(monkey (252)) : <b>The monkey (252)</b> waves her tail. (160,139,2)
[15:57:44]EMOTE: *no key*/(Citrus) : <b>Citrus</b> snores. (174,220,2)
[15:57:52]SAY: Medibot/ : Radar, put a mask on! (121,255,2)
[15:57:56]EMOTE: *no key*/(Persephone) : <b>Persephone</b> looks alert. (168,141,2)
[15:58:02]EMOTE: *no key*/(monkey (237)) : <b>The monkey (237)</b> waves her tail. (184,119,2)
[15:58:06]EMOTE: *no key*/(grey baby slime (392)) : <b>The grey baby slime (392)</b> lights up for a bit, then stops. (107,152,2)
[15:58:10]EMOTE: *no key*/(monkey (736)) : <b>The monkey (736)</b> rolls. (187,8,2)
[15:58:12]EMOTE: *no key*/(monkey (593)) : <b>The monkey (593)</b> waves his tail. (160,141,2)
[15:58:13]SAY: Renault/ : Tchoff (154,194,2)
[15:58:18]EMOTE: *no key*/(monkey (593)) : <b>The monkey (593)</b> scratches. (160,141,2)
[15:58:21]SAY: Renault/ : Tchoff (155,194,2)
[15:58:39]GAME: Arthurfelipe12/(Angel Dude) has primed a colorful grenade for detonation at DAB Studio (Video Recording) (70,288,2).
[15:58:40]SAY: Nobody's Perfect/ : Delicious! (24,75,1)
[15:58:44]GAME: A chemical smoke reaction has taken place in (DAB Studio (Video Recording) | 67, 284)[ Colorful Reagent ]. No associated key.
[15:58:44]GAME: A grenade detonated at DAB Studio (Video Recording) (67,284,2)
[15:58:50]SAY: Medibot/ : Redfoo, you appear to be injured! (121,255,2)
[15:58:50]SAY: Medibot/ : Redfoo, you appear to be injured! (121,255,2)
[15:58:50]SAY: Medibot/ : Redfoo, you appear to be injured! (121,255,2)
[15:58:50]SAY: Medibot/ : Hey, Redfoo! Hold on, I&#39;m coming. (121,255,2)
[15:58:50]EMOTE: *no key*/(Renault) : <b>Renault</b> barks. (156,194,2)
[15:58:57]EMOTE: Pintao-kun/(Redfoo) : <b>Redfoo</b> screams! (121,256,2)
[15:58:57]EMOTE: *no key*/(monkey (593)) : <b>The monkey (593)</b> waves his tail. (160,139,2)
[15:58:58]SAY: Medibot/ : Radar, put a mask on! (155,73,1)
[15:59:09]SAY: Angel Dude/Arthurfelipe12 : troll (74,282,2)
[15:59:09]EMOTE: Pintao-kun/(Redfoo) : <b>Redfoo</b> seizes up and falls limp, their eyes dead and lifeless... (121,258,2)
[15:59:09]ACCESS: Mob Login: Pintao-kun/(Redfoo) was assigned to a /mob/dead/observer
[15:59:13]EMOTE: *no key*/(monkey (252)) : <b>The monkey (252)</b> scratches. (160,139,2)
[15:59:15]GAME: Redfoo/Pintao-kun used abandon mob.
[15:59:15]ACCESS: Mob Login: Pintao-kun/(new player) was assigned to a /mob/dead/new_player
[15:59:24]ACCESS: Mob Login: Pintao-kun/(Redfoo) was assigned to a /mob/living/carbon/human
[15:59:25]EMOTE: *no key*/(monkey (133)) : <b>The monkey (133)</b> jumps! (201,21,2)
[15:59:27]GAME: <a href='?priv_msg=abystander'>ABystander</a>/(Memes) checked the player panel while in game.
[15:59:28]ADMIN: ABystander/(Memes) healed / Revived Arthurfelipe12/(Angel Dude).
[15:59:31]EMOTE: *no key*/(monkey (648)) : <b>The monkey (648)</b> rolls. (160,141,2)
[15:59:34]SAY: Renault/ : Tchoff (156,194,2)
[15:59:38]EMOTE: *no key*/(monkey (54)) : <b>The monkey (54)</b> jumps! (203,25,2)
[15:59:39]ADMIN: ABystander/(Memes) modified The metal baseball bat's sharpness to from 10 to 0
[15:59:39]SAY: Angel Dude/Arthurfelipe12 : shit your screams are painfully loud (66,282,2)
[15:59:40]EMOTE: *no key*/(mouse) : <b>The mouse</b> squeeks. (202,230,2)
[15:59:49]EMOTE: Arthurfelipe12/(Angel Dude) : <b>Angel Dude</b> screams! (66,281,2)
[15:59:49]SAY: Unknown/ABystander : lel (70,282,2)
[15:59:52]EMOTE: Arthurfelipe12/(Angel Dude) : <b>Angel Dude</b> seizes up and falls limp, his eyes dead and lifeless... (66,283,2)
[15:59:53]EMOTE: *no key*/(monkey (937)) : <b>The monkey (937)</b> waves his tail. (187,119,2)
[15:59:56]GAME: <a href='?priv_msg=abystander'>ABystander</a>/(Memes) checked the player panel while in game.
[15:59:57]ADMIN: ABystander/(Memes) healed / Revived Arthurfelipe12/(Angel Dude).
[15:59:59]SAY: Medibot/ : Delicious! (154,73,1)
[16:00:01]EMOTE: *no key*/(monkey (937)) : <b>The monkey (937)</b> waves his tail. (186,118,2)
[16:00:03]SAY: Poly/ : Try our new nougat bar! (80,190,2)
[16:00:07]EMOTE: *no key*/(monkey (118)) : <b>The monkey (118)</b> scratches. (204,21,2)
[16:00:09]EMOTE: *no key*/(monkey (648)) : <b>The monkey (648)</b> scratches. (160,142,2)
[16:00:17]EMOTE: *no key*/(monkey (648)) : <b>The monkey (648)</b> scratches. (160,142,2)
[16:00:19]ADMIN: ABystander/(Memes) modified The metal baseball bat's armour_penetration to from 0 to 1000
[16:00:30]ADMIN: ABystander/(Memes) modified The metal baseball bat's canMouseDown to from 0 to 1
[16:00:34]GAME: Arthurfelipe12/(Angel Dude) has primed a generic glitter grenade for detonation at DAB Studio (Video Recording) (67,282,2).
[16:00:38]EMOTE: *no key*/(Citrus) : <b>Citrus</b> yawns. (174,221,2)
[16:00:39]GAME: A chemical smoke reaction has taken place in (DAB Studio (Video Recording) | 69, 289)[ generic glitter ]. No associated key.
[16:00:39]GAME: A grenade detonated at DAB Studio (Video Recording) (69,289,2)
[16:00:43]SAY: Angel Dude/Arthurfelipe12 : glitter (67,282,2)
[16:00:44]SAY: Poly/ : Breaking news from Station Announcements! (80,190,2)
[16:00:47]SAY: Angel Dude/Arthurfelipe12 : my darling (67,282,2)
[16:00:48]SAY: Medibot/ : Radar, put a mask on! (155,73,1)
[16:00:51]EMOTE: *no key*/(mouse) : <b>The mouse</b> runs in a circle. (200,229,2)
[16:00:52]EMOTE: *no key*/(monkey (237)) : <b>The monkey (237)</b> waves her tail. (187,119,2)
[16:00:53]EMOTE: *no key*/(Citrus) : <b>Citrus</b> yawns. (174,221,2)
[16:01:01]SAY: Unknown/ABystander : gay (70,281,2)
[16:01:15]EMOTE: *no key*/(monkey (133)) : <b>The monkey (133)</b> rolls. (201,21,2)
[16:01:17]ADMIN: ABystander/(Memes) modified The metal baseball bat's homerun_able to from 0 to 1
[16:01:21]EMOTE: Pintao-kun/(Redfoo) : <b>Redfoo</b> screams! (142,242,2)
[16:01:21]SAY: grey baby slime (590)/ : Blorble... (112,163,2)
[16:01:21]SAY: Poly/ : Breaking news from Station Announcements! (80,190,2)
[16:01:25]EMOTE: *no key*/(grey baby slime (616)) : <b>The grey baby slime (616)</b> jiggles! (104,162,2)
[16:01:29]EMOTE: Pintao-kun/(Redfoo) : <b>Redfoo</b> screams! (142,242,2)
[16:01:29]EMOTE: *no key*/(Persephone) : <b>Persephone</b> wags its tail. (168,141,2)
[16:01:35]EMOTE: Arthurfelipe12/(Angel Dude) : <b>Angel Dude</b> seizes up and falls limp, his eyes dead and lifeless... (66,283,2)
[16:01:39]GAME: <a href='?priv_msg=abystander'>ABystander</a>/(Memes) checked the player panel while in game.
[16:01:41]ADMIN: ABystander/(Memes) healed / Revived Arthurfelipe12/(Angel Dude).
[16:01:41]EMOTE: *no key*/(monkey (349)) : <b>The monkey (349)</b> jumps! (201,25,2)
[16:01:45]EMOTE: Pintao-kun/(Redfoo) : <b>Redfoo</b> seizes up and falls limp, his eyes dead and lifeless... (142,244,2)
[16:01:45]ACCESS: Mob Login: Pintao-kun/(Redfoo) was assigned to a /mob/dead/observer
[16:01:48]EMOTE: *no key*/(Citrus) : <b>Citrus</b> yawns. (173,223,2)
[16:01:48]SAY: Unknown/ABystander : did a home run (72,285,2)
[16:01:49]EMOTE: *no key*/(Ian) : <b>Ian</b> dances around. (135,188,2)
[16:01:51]GAME: Redfoo/Pintao-kun used abandon mob.
[16:01:51]ACCESS: Mob Login: Pintao-kun/(new player) was assigned to a /mob/dead/new_player
[16:01:59]EMOTE: *no key*/(monkey (937)) : <b>The monkey (937)</b> rolls. (184,119,2)
[16:02:00]ACCESS: Mob Login: Pintao-kun/(Redfoo) was assigned to a /mob/living/carbon/human
[16:02:09]SAY: Medibot/ : Delicious! (121,255,2)
[16:02:17]EMOTE: *no key*/(monkey (736)) : <b>The monkey (736)</b> scratches. (189,8,2)
[16:02:17]EMOTE: *no key*/(monkey (609)) : <b>The monkey (609)</b> scratches. (187,8,2)
[16:02:42]EMOTE: *no key*/(Ian) : <b>Ian</b> chases its tail! (135,187,2)
[16:02:55]ADMIN: ABystander/(Memes) created a /mob/living/simple_animal/bot/secbot/beepsky
[16:02:58]SAY: Officer Beep O'sky/ : Engaging patrol mode. (69,284,2)
[16:03:01]SAY: Medibot/ : Radar, put a mask on! (154,73,1)
[16:03:03]SAY: Officer Beep O'sky/ : Engaging patrol mode. (69,284,2)
[16:03:05]ADMIN: ABystander/(Memes) created a /mob/living/simple_animal/hostile/retaliate/clown
[16:03:07]SAY: Officer Beep O'sky/ : Engaging patrol mode. (69,284,2)
[16:03:07]EMOTE: *no key*/(Renault) : <b>Renault</b> shivers. (156,193,2)
[16:03:07]ADMIN: ABystander/(Memes) created a /mob/living/simple_animal/hostile/retaliate/clown
[16:03:08]ADMIN: ABystander/(Memes) created a /mob/living/simple_animal/hostile/retaliate/clown
[16:03:11]SAY: Officer Beep O'sky/ : Engaging patrol mode. (69,284,2)
[16:03:13]EMOTE: *no key*/(Ian) : <b>Ian</b> dances around. (136,187,2)
[16:03:13]SAY: Angel Dude/Arthurfelipe12 : oh shit (67,285,2)
[16:03:18]SAY: Officer Beep O'sky/ : Engaging patrol mode. (69,284,2)
[16:03:20]SAY: Officer Beep O'sky/ : Unable to start patrol. (69,284,2)
[16:03:20]EMOTE: *no key*/(Citrus) : <b>Citrus</b> yawns. (172,223,2)
[16:03:23]EMOTE: *no key*/(Officer Beep O'sky) : <b>Officer Beep O'sky</b> stops moving... 
[16:03:23]GAME: Explosion with size (0, 0, 3, 0) in area DAB Studio (Video Recording) (69,284,2)
[16:03:23]EMOTE: *no key*/(monkey (133)) : <b>The monkey (133)</b> scratches. (200,21,2)
[16:03:25]EMOTE: *no key*/(Persephone) : <b>Persephone</b> crouches on its hind legs. (168,141,2)
[16:03:29]SAY: Poly/ : Wait Hanry Smith! I want to help! (80,190,2)
[16:03:41]SAY: Angel Dude/Arthurfelipe12 : clowns are murders (76,286,2)
[16:03:44]EMOTE: *no key*/(monkey (609)) : <b>The monkey (609)</b> scratches. (188,8,2)
[16:03:44]ACCESS: Logout: Irindal
[16:03:45]GAME: <a href='?priv_msg=abystander'>ABystander</a>/(Memes) checked the player panel while in game.
[16:03:46]EMOTE: *no key*/(Ian) : <b>Ian</b> dances around. (136,186,2)
[16:03:47]ADMIN: ABystander/(Memes) healed / Revived ABystander/(Memes).
[16:03:48]EMOTE: *no key*/(grey baby slime (392)) : <b>The grey baby slime (392)</b> bounces in place. (108,152,2)
[16:03:50]EMOTE: *no key*/(monkey (237)) : <b>The monkey (237)</b> jumps! (185,118,2)
[16:04:11]EMOTE: *no key*/(monkey (133)) : <b>The monkey (133)</b> scratches. (200,21,2)
[16:04:16]ADMIN: ABystander/(Memes) modified The chaplain hoodie's blood_overlay_type to from suit to null

[16:04:18]SAY: mouse/ : Squeek? (201,230,2)
[16:04:19]EMOTE: *no key*/(monkey (593)) : <b>The monkey (593)</b> scratches. (160,140,2)
[16:04:21]EMOTE: *no key*/(monkey (736)) : <b>The monkey (736)</b> waves his tail. (187,8,2)
[16:04:25]EMOTE: *no key*/(monkey (937)) : <b>The monkey (937)</b> rolls. (185,119,2)
[16:04:37]ADMIN: ABystander/(Memes) created a /obj/machinery/shower
[16:04:39]EMOTE: *no key*/(monkey (648)) : <b>The monkey (648)</b> jumps! (160,140,2)
[16:04:41]SAY: Nobody's Perfect/ : What kind of medbay is this? Everyone&#39;s dropping like flies. (24,75,1)
[16:04:45]SAY: Medibot/ : Radar, put a mask on! (121,255,2)
[16:04:49]SAY: Poly/ : Breaking news from Station Announcements! (80,190,2)
[16:04:57]EMOTE: *no key*/(monkey (609)) : <b>The monkey (609)</b> rolls. (189,8,2)
[16:04:58]SAY: Unknown/ABystander : shit (73,290,2)
[16:05:03]SAY: Unknown/ABystander : can&#39;t use the shower (73,290,2)
[16:05:04]SAY: Unknown/ABystander : lol (73,290,2)
[16:05:12]SAY: Medibot/ : What kind of medbay is this? Everyone&#39;s dropping like flies. (121,255,2)
[16:05:12]EMOTE: *no key*/(Poly) : <b>Poly</b> bawks! (80,190,2)
[16:05:18]SAY: Unknown/ABystander : wait (74,290,2)
[16:05:20]GAME: *no key*/(Plant Dude) bumped into Pintao-kun/(Redfoo) and set them on fire
[16:05:20]SAY: Unknown/ABystander : been using the bat (74,290,2)
[16:05:21]SAY: Unknown/ABystander : lel (74,290,2)
[16:05:24]EMOTE: *no key*/(Persephone) : <b>Persephone</b> stops resting. (168,141,2)
[16:05:26]EMOTE: *no key*/(monkey (349)) : <b>The monkey (349)</b> scratches. (200,25,2)
[16:05:28]EMOTE: *no key*/(grey baby slime (392)) : <b>The grey baby slime (392)</b> jiggles! (109,153,2)
[16:05:29]SAY: Medibot/ : Radar, put a mask on! (154,73,1)
[16:05:35]SAY: Medibot/ : I knew it, I should&#39;ve been a plastic surgeon. (154,73,1)
[16:05:38]EMOTE: *no key*/(grey baby slime (616)) : <b>The grey baby slime (616)</b> jiggles! (103,162,2)
[16:05:59]GAME: Arthurfelipe12/(Angel Dude) has primed a carp delivery grenade for detonation at DAB Studio (Video Recording) (72,286,2).
[16:06:00]SAY: mouse/ : Squeek! (196,227,2)
[16:06:04]EMOTE: *no key*/(space carp) : <b>The space carp</b> gnashes at Angel Dude. (67,289,2)
[16:06:09]GAME: <a href='?priv_msg=abystander'>ABystander</a>/(Memes) checked the player panel while in game.
[16:06:10]EMOTE: *no key*/(space carp) : <b>The space carp</b> stops moving... (72,288,2)
[16:06:10]EMOTE: *no key*/(Persephone) : <b>Persephone</b> looks alert. (168,139,2)
[16:06:11]EMOTE: *no key*/(space carp) : <b>The space carp</b> stops moving... (72,289,2)
[16:06:11]ADMIN: ABystander/(Memes) healed / Revived ABystander/(Memes).
[16:06:13]EMOTE: *no key*/(space carp) : <b>The space carp</b> stops moving... (73,287,2)
[16:06:14]EMOTE: *no key*/(space carp) : <b>The space carp</b> stops moving... (78,289,2)
[16:06:15]EMOTE: *no key*/(space carp) : <b>The space carp</b> stops moving... (78,290,2)
[16:06:23]SAY: Poly/ : Don&#39;t believe the reports - smoke today! (80,190,2)
[16:06:23]SAY: Renault/ : Ack-Ack (157,196,2)
[16:06:29]EMOTE: *no key*/(monkey (736)) : <b>The monkey (736)</b> waves his tail. (189,8,2)
[16:06:33]SAY: grey baby slime (392)/ : Hungry... (109,153,2)
[16:06:36]SAY: Medibot/ : There&#39;s always a catch, and I&#39;m the best there is. (121,255,2)
[16:06:44]GAME: Arthurfelipe12/(Angel Dude) has primed a viscerator delivery grenade for detonation at DAB Studio (Video Recording) (78,288,2).
[16:06:48]EMOTE: *no key*/(Citrus) : <b>Citrus</b> snores. (172,222,2)
[16:06:49]EMOTE: *no key*/(monkey (237)) : <b>The monkey (237)</b> scratches. (186,119,2)
[16:06:51]SAY: Medibot/ : What kind of medbay is this? Everyone&#39;s dropping like flies. (154,73,1)
[16:06:51]EMOTE: *no key*/(Citrus) : <b>Citrus</b> looks around sleepily. (171,222,2)
[16:06:54]EMOTE: *no key*/(viscerator) : <b>The viscerator</b> is smashed into pieces! (70,286,2)
[16:06:59]EMOTE: *no key*/(viscerator) : <b>The viscerator</b> is smashed into pieces! (69,289,2)
[16:07:01]EMOTE: *no key*/(monkey (648)) : <b>The monkey (648)</b> rolls. (160,142,2)
[16:07:03]EMOTE: *no key*/(Persephone) : <b>Persephone</b> walks around. (168,139,2)
[16:07:10]SAY: Medibot/ : What kind of medbay is this? Everyone&#39;s dropping like flies. (121,255,2)
[16:07:18]SAY: Poly/ : Attention! Wanted issue distributed! (80,190,2)
[16:07:20]EMOTE: *no key*/(viscerator) : <b>The viscerator</b> is smashed into pieces! (59,278,2)
[16:07:22]EMOTE: *no key*/(viscerator) : <b>The viscerator</b> is smashed into pieces! (65,280,2)
[16:07:23]EMOTE: *no key*/(viscerator) : <b>The viscerator</b> is smashed into pieces! (66,281,2)
[16:07:25]EMOTE: *no key*/(viscerator) : <b>The viscerator</b> is smashed into pieces! (56,279,2)
[16:07:27]EMOTE: *no key*/(viscerator) : <b>The viscerator</b> is smashed into pieces! (57,279,2)
[16:07:28]EMOTE: *no key*/(monkey (609)) : <b>The monkey (609)</b> scratches. (188,8,2)
[16:07:30]EMOTE: *no key*/(monkey (937)) : <b>The monkey (937)</b> rolls. (188,118,2)
[16:07:30]EMOTE: *no key*/(viscerator) : <b>The viscerator</b> is smashed into pieces! (61,279,2)
[16:07:30]EMOTE: *no key*/(viscerator) : <b>The viscerator</b> is smashed into pieces! (62,279,2)
[16:07:31]SAY: Nobody's Perfect/ : Radar, put a mask on! (24,75,1)
[16:07:33]EMOTE: *no key*/(viscerator) : <b>The viscerator</b> is smashed into pieces! (57,279,2)
[16:07:42]GAME: <a href='?priv_msg=abystander'>ABystander</a>/(Memes) checked the player panel while in game.
[16:07:43]ADMIN: ABystander/(Memes) healed / Revived Arthurfelipe12/(Angel Dude).
[16:07:48]EMOTE: *no key*/(Persephone) : <b>Persephone</b> lies down. (169,139,2)
[16:07:48]EMOTE: *no key*/(Ian) : <b>Ian</b> chases its tail! (132,186,2)
[16:07:50]EMOTE: *no key*/(grey baby slime (392)) : <b>The grey baby slime (392)</b> vibrates! (109,152,2)
[16:07:50]GAME: Arthurfelipe12/(Angel Dude) has primed Mister Scrubby for detonation at DAB Studio (Video Recording) (59,280,2).
[16:07:52]EMOTE: *no key*/(monkey (648)) : <b>The monkey (648)</b> scratches. (160,141,2)
[16:07:54]EMOTE: *no key*/(monkey (937)) : <b>The monkey (937)</b> waves his tail. (188,118,2)
[16:07:55]SAY: Persephone/ : Esp! (169,139,2)
[16:07:57]SAY: Unknown/ABystander : stop (62,278,2)
[16:08:07]SAY: Angel Dude/Arthurfelipe12 : it was just a soap calm down (60,278,2)
[16:08:17]EMOTE: *no key*/(Renault) : <b>Renault</b> shakes its head. (154,196,2)
[16:08:28]SAY: Poly/ : Don&#39;t believe the reports - smoke today! (80,190,2)
[16:08:28]SAY: Nobody's Perfect/ : There&#39;s always a catch, and I&#39;m the best there is. (24,75,1)
[16:08:30]EMOTE: *no key*/(monkey (133)) : <b>The monkey (133)</b> jumps! (201,21,2)
[16:08:32]SAY: Renault/ : Awoo (154,196,2)
[16:08:34]EMOTE: *no key*/(Persephone) : <b>Persephone</b> lies down. (169,139,2)
[16:08:42]EMOTE: *no key*/(Persephone) : <b>Persephone</b> gets up and meows. (169,139,2)
[16:08:44]SAY: Angel Dude/Arthurfelipe12 : oh shit nibba (62,281,2)
[16:08:52]SAY: grey baby slime (392)/ : Where food? (108,153,2)
[16:08:56]EMOTE: *no key*/(monkey (170)) : <b>The monkey (170)</b> scratches. (187,119,2)
[16:08:58]SAY: grey baby slime (590)/ : Lonely... (111,163,2)
[16:08:58]EMOTE: *no key*/(grey baby slime (616)) : <b>The grey baby slime (616)</b> bounces in place. (103,161,2)
[16:09:11]SAY: Unknown/ABystander : its a prank (58,280,2)
[16:09:14]EMOTE: *no key*/(monkey (237)) : <b>The monkey (237)</b> jumps! (188,118,2)
[16:09:16]SAY: Medibot/ : Wait Redfoo! I want to help! (121,255,2)
[16:09:16]SAY: Medibot/ : Hey, Redfoo! Hold on, I&#39;m coming. (121,255,2)
[16:09:16]SAY: Medibot/ : Redfoo, you appear to be injured! (121,255,2)
[16:09:16]SAY: Medibot/ : Hey, Redfoo! Hold on, I&#39;m coming. (121,255,2)
[16:09:18]SAY: Medibot/ : I knew it, I should&#39;ve been a plastic surgeon. (155,73,1)
[16:09:23]SAY: Medibot/ : Delicious! (154,73,1)
[16:09:25]EMOTE: *no key*/(Plant Dude) : <b>Plant Dude</b> gasps! (146,129,2)
[16:09:25]EMOTE: *no key*/(pug) : <b>Swanson</b> woofs! (112,148,2)
[16:09:27]EMOTE: *no key*/(Plant Dude) : <b>Plant Dude</b> gasps! (146,129,2)
[16:09:27]SAY: Nobody's Perfect/ : What kind of medbay is this? Everyone&#39;s dropping like flies. (24,75,1)
[16:09:33]EMOTE: *no key*/(monkey (252)) : <b>The monkey (252)</b> jumps! (160,140,2)
[16:09:33]SAY: Renault/ : Geckers (157,196,2)
[16:09:37]EMOTE: *no key*/(monkey (609)) : <b>The monkey (609)</b> scratches. (187,8,2)
[16:09:38]ADMIN: ABystander/(Memes) modified The soap's reach to from 1 to 100
[16:09:39]EMOTE: *no key*/(monkey (349)) : <b>The monkey (349)</b> waves his tail. (201,25,2)
[16:09:39]EMOTE: *no key*/(Ian) : <b>Ian</b> chases its tail! (133,185,2)
[16:09:43]EMOTE: *no key*/(Plant Dude) : <b>Plant Dude</b> seizes up and falls limp, their eyes dead and lifeless... (146,129,2)
[16:09:43]EMOTE: *no key*/(Persephone) : <b>Persephone</b> lies down. (168,136,2)
[16:09:48]SAY: Poly/ : Attention! Wanted issue distributed! (80,190,2)
[16:09:57]EMOTE: *no key*/(monkey (593)) : <b>The monkey (593)</b> jumps! (160,140,2)
[16:09:59]EMOTE: *no key*/(monkey (237)) : <b>The monkey (237)</b> rolls. (188,118,2)
[16:10:01]EMOTE: *no key*/(monkey (170)) : <b>The monkey (170)</b> jumps! (187,119,2)
[16:10:01]SAY: grey baby slime (616)/ : Blorble... (103,161,2)
[16:10:02]EMOTE: *no key*/(pug) : <b>Swanson</b> yaps. (112,147,2)
[16:10:09]GAME: Radiation pulse with intensity:3000 and range modifier:2 in area Arrival Shuttle Hallway 
[16:10:09]EMOTE: *no key*/(grey baby slime (590)) : <b>The grey baby slime (590)</b> jiggles! (112,161,2)
[16:10:12]GAME: Radiation pulse with intensity:3000 and range modifier:2 in area Arrival Shuttle Hallway 
[16:10:15]EMOTE: *no key*/(Ian) : <b>Ian</b> dances around. (133,184,2)
[16:10:16]GAME: Radiation pulse with intensity:3000 and range modifier:2 in area Arrival Shuttle Hallway 
[16:10:17]GAME: Radiation pulse with intensity:3000 and range modifier:2 in area Arrival Shuttle Hallway 
[16:10:20]EMOTE: *no key*/(pug) : <b>Swanson</b> chases its tail. (111,147,2)
[16:10:20]GAME: Radiation pulse with intensity:3000 and range modifier:2 in area Port Bow Maintenance 
[16:10:21]GAME: Radiation pulse with intensity:3000 and range modifier:2 in area Port Bow Maintenance 
[16:10:24]SAY: Poly/ : I knew it, I should&#39;ve been a plastic surgeon. (80,190,2)
[16:10:26]EMOTE: *no key*/(monkey (170)) : <b>The monkey (170)</b> waves his tail. (185,119,2)
[16:10:28]GAME: Radiation pulse with intensity:3000 and range modifier:2 in area Port Bow Maintenance 
[16:10:36]EMOTE: *no key*/(Renault) : <b>Renault</b> shakes its head. (155,194,2)
[16:10:38]SAY: Medibot/ : Delicious! (123,255,2)
[16:10:49]EMOTE: *no key*/(monkey (252)) : <b>The monkey (252)</b> scratches. (160,141,2)
[16:10:52]EMOTE: *no key*/(Ian) : <b>Ian</b> yaps. (134,185,2)
[16:10:52]SAY: Nobody's Perfect/ : I knew it, I should&#39;ve been a plastic surgeon. (24,75,1)
[16:10:53]GAME: Radiation pulse with intensity:3000 and range modifier:2 in area Ivanyuri Island 
[16:10:55]EMOTE: *no key*/(monkey (54)) : <b>The monkey (54)</b> jumps! (203,25,2)
[16:10:58]ADMIN: ABystander/(Memes) jumped to 62,284,2 in DAB Studio (Video Recording)
[16:10:59]GAME: Radiation pulse with intensity:3000 and range modifier:2 in area Ivanyuri Island 
[16:10:59]EMOTE: *no key*/(mouse) : <b>The mouse</b> runs in a circle. (200,227,2)
[16:11:06]ADMIN: ABystander/(Memes) jumped to 66,287,2 in DAB Studio (Video Recording)
[16:11:07]EMOTE: *no key*/(Citrus) : <b>Citrus</b> looks around sleepily. (171,220,2)
[16:11:08]EMOTE: Pintao-kun/(Redfoo) : <b>Redfoo</b> collapses! (83,19,7)
[16:11:11]SAY: Medibot/ : What kind of medbay is this? Everyone&#39;s dropping like flies. (123,255,2)
[16:11:14]EMOTE: *no key*/(monkey (736)) : <b>The monkey (736)</b> jumps! (187,8,2)
[16:11:16]SAY: mouse/ : Squeek? (202,231,2)
[16:11:22]GAME: Radiation pulse with intensity:3000 and range modifier:2 in area Ivanyuri Island 
[16:11:22]ADMIN: ABystander/(Memes) deleted the pyro grenade casing at (62, 280, 2)
[16:11:23]GAME: Radiation pulse with intensity:3000 and range modifier:2 in area Ivanyuri Island 
[16:11:24]GAME: Radiation pulse with intensity:3000 and range modifier:2 in area Ivanyuri Island 
[16:11:25]EMOTE: *no key*/(monkey (118)) : <b>The monkey (118)</b> waves his tail. (203,21,2)
[16:11:25]GAME: Radiation pulse with intensity:3000 and range modifier:2 in area Ivanyuri Island 
[16:11:25]GAME: Radiation pulse with intensity:3000 and range modifier:2 in area Ivanyuri Island 
[16:11:26]GAME: Radiation pulse with intensity:3000 and range modifier:2 in area Ivanyuri Island 
[16:11:26]GAME: Radiation pulse with intensity:3000 and range modifier:2 in area Ivanyuri Island 
[16:11:26]GAME: Radiation pulse with intensity:3000 and range modifier:2 in area Ivanyuri Island 
[16:11:27]GAME: Radiation pulse with intensity:3000 and range modifier:2 in area Ivanyuri Island 
[16:11:27]SAY: Unknown/ABystander : lemme delete them (67,281,2)
[16:11:27]GAME: Radiation pulse with intensity:3000 and range modifier:2 in area Ivanyuri Island 
[16:11:28]GAME: Radiation pulse with intensity:3000 and range modifier:2 in area Ivanyuri Island 
[16:11:28]GAME: Radiation pulse with intensity:3000 and range modifier:2 in area Ivanyuri Island 
[16:11:29]GAME: Radiation pulse with intensity:3000 and range modifier:2 in area Ivanyuri Island 
[16:11:29]GAME: Radiation pulse with intensity:3000 and range modifier:2 in area Ivanyuri Island 
[16:11:30]GAME: Radiation pulse with intensity:3000 and range modifier:2 in area Ivanyuri Island 
[16:11:30]GAME: Radiation pulse with intensity:3000 and range modifier:2 in area Ivanyuri Island 
[16:11:31]GAME: Radiation pulse with intensity:3000 and range modifier:2 in area Ivanyuri Island 
[16:11:31]GAME: Radiation pulse with intensity:3000 and range modifier:2 in area Ivanyuri Island 
[16:11:32]GAME: Radiation pulse with intensity:3000 and range modifier:2 in area Ivanyuri Island 
[16:11:32]GAME: Radiation pulse with intensity:3000 and range modifier:2 in area Ivanyuri Island 
[16:11:32]GAME: Radiation pulse with intensity:3000 and range modifier:2 in area Ivanyuri Island 
[16:11:32]GAME: Radiation pulse with intensity:3000 and range modifier:2 in area Ivanyuri Island 
[16:11:33]GAME: Radiation pulse with intensity:3000 and range modifier:2 in area Ivanyuri Island 
[16:11:33]GAME: Radiation pulse with intensity:3000 and range modifier:2 in area Ivanyuri Island 
[16:11:34]EMOTE: *no key*/(Persephone) : <b>Persephone</b> stretches out for a belly rub. (168,136,2)
[16:11:36]EMOTE: *no key*/(grey baby slime (616)) : <b>The grey baby slime (616)</b> jiggles! (104,162,2)
[16:11:37]SAY: Persephone/ : Purr! (168,136,2)
[16:11:45]GAME: Radiation pulse with intensity:3000 and range modifier:2 in area Ivanyuri Island 
[16:11:45]GAME: Radiation pulse with intensity:3000 and range modifier:2 in area Ivanyuri Island 
[16:11:46]GAME: Radiation pulse with intensity:3000 and range modifier:2 in area Ivanyuri Island 
[16:11:46]GAME: Radiation pulse with intensity:3000 and range modifier:2 in area Ivanyuri Island 
[16:12:00]GAME: Radiation pulse with intensity:3000 and range modifier:2 in area Ivanyuri Island 
[16:12:00]ACCESS: Mob Login: Pintao-kun/(Redfoo) was assigned to a /mob/dead/observer
[16:12:06]ADMIN: ABystander/(Memes) modified The metal baseball bat's force to from 40 to 1500
[16:12:11]GAME: Redfoo/Pintao-kun used abandon mob.
[16:12:11]ACCESS: Mob Login: Pintao-kun/(new player) was assigned to a /mob/dead/new_player
[16:12:13]ADMIN: ABystander/(Memes) created a /mob/living/simple_animal/hostile/megafauna/dragon
[16:12:15]SAY: Persephone/ : Esp! (168,136,2)
[16:12:17]EMOTE: *no key*/(ash drake) : <b>The ash drake</b> collapses into a pile of bones, its flesh sloughing away. (62,281,2)
[16:12:18]ACCESS: Mob Login: Pintao-kun/(Redfoo) was assigned to a /mob/living/carbon/human
[16:12:23]ADMIN: ABystander/(Memes) created a /mob/living/simple_animal/hostile/megafauna/dragon
[16:12:24]EMOTE: *no key*/(Ian) : <b>Ian</b> chases its tail! (133,185,2)
[16:12:24]EMOTE: *no key*/(ash drake) : <b>The ash drake</b> collapses into a pile of bones, its flesh sloughing away. (65,280,2)
[16:12:35]EMOTE: *no key*/(monkey (133)) : <b>The monkey (133)</b> waves his tail. (200,21,2)
[16:12:40]SAY: Clown/ : Honk! (65,281,2)
[16:12:40]EMOTE: *no key*/(Clown) : <b>Clown</b> squeaks (65,281,2)
[16:12:40]SAY: Clown/ : HONK (65,281,2)
[16:12:44]EMOTE: *no key*/(monkey (609)) : <b>The monkey (609)</b> scratches. (189,8,2)
[16:12:52]GAME: Radiation pulse with intensity:3000 and range modifier:2 in area Arrival Shuttle 
[16:12:55]SAY: Medibot/ : Delicious! (155,73,1)
[16:12:55]EMOTE: *no key*/(Citrus) : <b>Citrus</b> yawns. (169,220,2)
[16:13:00]GAME: Radiation pulse with intensity:3000 and range modifier:2 in area Arrival Shuttle Hallway 
[16:13:02]EMOTE: *no key*/(monkey (170)) : <b>The monkey (170)</b> waves his tail. (184,119,2)
[16:13:06]SAY: Clown/ : Honk! (65,281,2)
[16:13:06]EMOTE: *no key*/(Clown) : <b>Clown</b> honks (65,281,2)
[16:13:10]EMOTE: *no key*/(Clown) : <b>Clown</b> honks (65,281,2)
[16:13:10]EMOTE: *no key*/(Clown) : <b>Clown</b> squeaks (68,281,2)
[16:13:11]GAME: Radiation pulse with intensity:3000 and range modifier:2 in area Arrival Shuttle Hallway 
[16:13:15]GAME: Radiation pulse with intensity:3000 and range modifier:2 in area Arrival Shuttle Hallway 
[16:13:16]EMOTE: *no key*/(monkey (133)) : <b>The monkey (133)</b> jumps! (201,21,2)
[16:13:16]EMOTE: *no key*/(monkey (937)) : <b>The monkey (937)</b> scratches. (186,119,2)
[16:13:19]GAME: Radiation pulse with intensity:3000 and range modifier:2 in area Arrival Shuttle Hallway 
[16:13:20]GAME: Radiation pulse with intensity:3000 and range modifier:2 in area Arrival Shuttle Hallway 
[16:13:20]SAY: Clown/ : Welcome to clown planet! (70,279,2)
[16:13:20]SAY: Medibot/ : Radar, put a mask on! (154,73,1)
[16:13:20]ADMIN: ABystander/(Memes) jumped to 63,283,2 in DAB Studio (Video Recording)
[16:13:21]GAME: Radiation pulse with intensity:3000 and range modifier:2 in area Arrival Shuttle Hallway 
[16:13:23]SAY: Clown/ : Honk! (66,285,2)
[16:13:27]EMOTE: *no key*/(monkey (648)) : <b>The monkey (648)</b> jumps! (160,140,2)
[16:13:33]SAY: grey baby slime (590)/ : I want to eat... (113,162,2)
[16:13:35]SAY: Clown/ : Honk! (65,281,2)
[16:13:35]SAY: Clown/ : Welcome to clown planet! (65,281,2)
[16:13:37]EMOTE: *no key*/(monkey (118)) : <b>The monkey (118)</b> jumps! (204,21,2)
[16:13:39]GAME: Radiation pulse with intensity:3000 and range modifier:2 in area Bridge 
[16:13:39]GAME: Radiation pulse with intensity:3000 and range modifier:2 in area Bridge 
[16:13:40]SAY: Clown/ : Honk! (62,279,2)
[16:13:40]GAME: Radiation pulse with intensity:3000 and range modifier:2 in area Bridge 
[16:13:43]SAY: Clown/ : HONK (67,284,2)
[16:13:43]SAY: Clown/ : Welcome to clown planet! (65,281,2)
[16:13:43]EMOTE: Pintao-kun/(Redfoo) : <b>Redfoo</b> gasps! (157,200,2)
[16:13:45]SAY: Clown/ : HONK (60,280,2)
[16:13:47]EMOTE: *no key*/(monkey (736)) : <b>The monkey (736)</b> scratches. (189,8,2)
[16:13:48]SAY: Clown/ : HONK (65,281,2)
[16:13:51]GAME: Radiation pulse with intensity:3000 and range modifier:2 in area Central Primary Hallway 
[16:13:52]GAME: Radiation pulse with intensity:3000 and range modifier:2 in area Central Primary Hallway 
[16:13:53]EMOTE: *no key*/(monkey (133)) : <b>The monkey (133)</b> rolls. (200,21,2)
[16:13:55]GAME: Radiation pulse with intensity:3000 and range modifier:2 in area Mining Office 
[16:13:56]ADMIN: ABystander/(Memes) jumped to City of Cogs
[16:13:57]EMOTE: *no key*/(monkey (170)) : <b>The monkey (170)</b> waves his tail. (185,119,2)
[16:13:59]SAY: Renault/ : Awoo (155,195,2)
[16:14:01]ADMIN: ABystander/(Memes) created an explosion (30,30,30,30) at (65,281,2)
[16:14:01]GAME: Explosion with size (0, 1, 10, 10) in area DAB Studio (Video Recording) (65,281,2)
[16:14:06]SAY: Medibot/ : Radar, put a mask on! (154,73,1)
[16:14:09]GAME: A grenade detonated at DAB Studio (Video Recording) (60,281,2)
[16:14:10]GAME: A grenade detonated at DAB Studio (Video Recording) (59,278,2)
[16:14:11]GAME: A grenade detonated at DAB Studio (Video Recording) (57,281,2)
[16:14:11]GAME: A grenade detonated at DAB Studio (Video Recording) (56,281,2)
[16:14:11]GAME: A grenade detonated at DAB Studio (Video Recording) (62,281,2)
[16:14:11]GAME: A chemical smoke reaction has taken place in (DAB Studio (Video Recording) | 56, 281)[ Condensed Capsaicin ]. No associated key.
[16:14:11]GAME: A grenade detonated at DAB Studio (Video Recording) (56,281,2)
[16:14:11]GAME: A chemical smoke reaction has taken place in (DAB Studio (Video Recording) | 56, 281)[ Condensed Capsaicin ]. No associated key.
[16:14:11]GAME: A grenade detonated at DAB Studio (Video Recording) (56,281,2)
[16:14:12]GAME: A chemical smoke reaction has taken place in (DAB Studio (Video Recording) | 56, 281)[ Condensed Capsaicin ]. No associated key.
[16:14:12]GAME: A grenade detonated at DAB Studio (Video Recording) (56,281,2)
[16:14:12]SAY: Clown/ : Welcome to clown planet! (67,281,2)
[16:14:13]GAME: A grenade detonated at DAB Studio (Video Recording) (63,281,2)
[16:14:13]GAME: A chemical smoke reaction has taken place in (DAB Studio (Video Recording) | 56, 281)[ Condensed Capsaicin ]. No associated key.
[16:14:13]GAME: A grenade detonated at DAB Studio (Video Recording) (56,281,2)
[16:14:13]GAME: A chemical smoke reaction has taken place in (DAB Studio (Video Recording) | 61, 281)[ Condensed Capsaicin ]. No associated key.
[16:14:13]GAME: A grenade detonated at DAB Studio (Video Recording) (61,281,2)
[16:14:13]GAME: A chemical smoke reaction has taken place in (DAB Studio (Video Recording) | 54, 279)[ Condensed Capsaicin ]. No associated key.
[16:14:13]GAME: A grenade detonated at DAB Studio (Video Recording) (54,279,2)
[16:14:14]GAME: A chemical smoke reaction has taken place in (DAB Studio (Video Recording) | 56, 281)[ Condensed Capsaicin ]. No associated key.
[16:14:14]GAME: A grenade detonated at DAB Studio (Video Recording) (56,281,2)
[16:14:14]GAME: A chemical smoke reaction has taken place in (DAB Studio (Video Recording) | 58, 281)[ Condensed Capsaicin ]. No associated key.
[16:14:14]GAME: A grenade detonated at DAB Studio (Video Recording) (58,281,2)
[16:14:14]GAME: A grenade detonated at DAB Studio (Video Recording) (61,281,2)
[16:14:15]GAME: A chemical smoke reaction has taken place in (DAB Studio (Video Recording) | 59, 278)[ Condensed Capsaicin ]. No associated key.
[16:14:15]GAME: A grenade detonated at DAB Studio (Video Recording) (59,278,2)
[16:14:15]GAME: A chemical smoke reaction has taken place in (DAB Studio (Video Recording) | 61, 281)[ Condensed Capsaicin ]. No associated key.
[16:14:15]GAME: A grenade detonated at DAB Studio (Video Recording) (61,281,2)
[16:14:15]GAME: A chemical smoke reaction has taken place in (DAB Studio (Video Recording) | 56, 279)[ Condensed Capsaicin ]. No associated key.
[16:14:15]GAME: A grenade detonated at DAB Studio (Video Recording) (56,279,2)
[16:14:15]GAME: A chemical smoke reaction has taken place in (DAB Studio (Video Recording) | 61, 278)[ Condensed Capsaicin ]. No associated key.
[16:14:15]GAME: A grenade detonated at DAB Studio (Video Recording) (61,278,2)
[16:14:15]EMOTE: *no key*/(monkey (118)) : <b>The monkey (118)</b> rolls. (203,21,2)
[16:14:15]ADMIN: ABystander/(Memes) jumped to DAB Studio (Video Recording)
[16:14:15]GAME: A chemical smoke reaction has taken place in (DAB Studio (Video Recording) | 58, 281)[ Condensed Capsaicin ]. No associated key.
[16:14:15]GAME: A grenade detonated at DAB Studio (Video Recording) (58,281,2)
[16:14:16]GAME: A chemical smoke reaction has taken place in (DAB Studio (Video Recording) | 51, 279)[ Condensed Capsaicin ]. No associated key.
[16:14:16]GAME: A grenade detonated at DAB Studio (Video Recording) (51,279,2)
[16:14:16]GAME: A grenade detonated at DAB Studio (Video Recording) (56,281,2)
[16:14:16]GAME: A grenade detonated at DAB Studio (Video Recording) (63,280,2)
[16:14:16]GAME: A grenade detonated at DAB Studio (Video Recording) (63,276,2)
[16:14:17]GAME: A grenade detonated at DAB Studio (Video Recording) (66,281,2)
[16:14:17]GAME: A grenade detonated at DAB Studio (Video Recording) (64,276,2)
[16:14:17]GAME: A chemical smoke reaction has taken place in (DAB Studio (Video Recording) | 58, 281)[ Condensed Capsaicin ]. No associated key.
[16:14:17]GAME: A grenade detonated at DAB Studio (Video Recording) (58,281,2)
[16:14:17]GAME: A grenade detonated at DAB Studio (Video Recording) (59,281,2)
[16:14:18]GAME: A grenade detonated at DAB Studio (Video Recording) (63,278,2)
[16:14:18]GAME: A grenade detonated at DAB Studio (Video Recording) (65,275,2)
[16:14:18]GAME: A grenade detonated at DAB Studio (Video Recording) (65,275,2)
[16:14:19]GAME: A grenade detonated at DAB Studio (Video Recording) (60,278,2)
[16:14:19]GAME: A grenade detonated at DAB Studio (Video Recording) (62,278,2)
[16:14:19]GAME: A grenade detonated at DAB Studio (Video Recording) (59,280,2)
[16:14:19]GAME: A grenade detonated at DAB Studio (Video Recording) (61,278,2)
[16:14:20]GAME: A grenade detonated at DAB Studio (Video Recording) (60,281,2)
[16:14:26]GAME: Explosion with size (0, 0, 2, 2) in area Starboard Bow Maintenance (163,240,2)
[16:14:26]GAME: Explosion with size (0, 0, 2, 2) in area Starboard Bow Maintenance (163,240,2)
[16:14:29]GAME: Explosion with size (0, 0, 2, 2) in area Cargo Bay (165,219,2)
[16:14:29]GAME: Explosion with size (0, 0, 2, 2) in area Cargo Bay (165,219,2)
[16:14:34]EMOTE: *no key*/(monkey (252)) : <b>The monkey (252)</b> scratches. (160,141,2)
[16:14:36]SAY: Clown/ : HONK (61,281,2)
[16:14:40]SAY: Unknown/ABystander : rekt (45,280,2)
[16:14:40]GAME: Explosion with size (0, 0, 2, 2) in area Kitchen (142,210,2)
[16:14:40]GAME: Explosion with size (0, 0, 2, 2) in area Kitchen (142,210,2)
[16:14:42]GAME: Explosion with size (0, 0, 2, 2) in area Kitchen (142,210,2)
[16:14:43]EMOTE: *no key*/(monkey (609)) : <b>The monkey (609)</b> scratches. (187,8,2)
[16:14:45]EMOTE: Pintao-kun/(Redfoo) : <b>Redfoo</b> gasps! (151,207,2)
[16:14:47]EMOTE: *no key*/(Persephone) : <b>Persephone</b> crouches on its hind legs. (168,136,2)
[16:14:51]EMOTE: *no key*/(monkey (252)) : <b>The monkey (252)</b> rolls. (160,139,2)
[16:14:53]EMOTE: *no key*/(monkey (170)) : <b>The monkey (170)</b> waves his tail. (185,119,2)
[16:14:57]EMOTE: *no key*/(monkey (118)) : <b>The monkey (118)</b> jumps! (203,21,2)
[16:14:59]SAY: Persephone/ : Purr! (168,136,2)
[16:15:13]SAY: Clown/ : Welcome to clown planet! (67,281,2)
[16:15:24]SAY: Poly/ : Try our new nougat bar! (80,190,2)
[16:15:27]SAY: Nobody's Perfect/ : There&#39;s always a catch, and I&#39;m the best there is. (24,75,1)
[16:15:28]EMOTE: *no key*/(grey baby slime (616)) : <b>The grey baby slime (616)</b> bounces in place. (105,162,2)
[16:15:33]SAY: Poly/ : Try our new nougat bar! (80,190,2)
[16:15:39]SAY: Unknown/ABystander : rekt (58,281,2)
[16:15:46]EMOTE: *no key*/(Persephone) : <b>Persephone</b> gets up and meows. (168,136,2)
[16:15:54]ADMIN: ABystander/(Memes) modified The metal baseball bat's slot_flags to from 0 to 1e+007
[16:16:04]EMOTE: *no key*/(monkey (736)) : <b>The monkey (736)</b> scratches. (189,8,2)
[16:16:20]EMOTE: *no key*/(monkey (349)) : <b>The monkey (349)</b> waves his tail. (200,25,2)
[16:16:26]EMOTE: *no key*/(Persephone) : <b>Persephone</b> twitches its whiskers. (169,136,2)
[16:16:29]SAY: Medibot/ : What kind of medbay is this? Everyone&#39;s dropping like flies. (154,73,1)
[16:16:29]EMOTE: *no key*/(Citrus) : <b>Citrus</b> looks around sleepily. (172,221,2)
[16:16:31]ADMIN: ABystander/(Memes) modified Unknown's bleedsuppress to from 0 to 1.#INF
[16:16:33]SAY: Renault/ : Geckers (157,194,2)
[16:16:35]SAY: Swanson/ : Woof! (110,148,2)
[16:16:36]EMOTE: *no key*/(monkey (118)) : <b>The monkey (118)</b> rolls. (203,21,2)
[16:16:39]EMOTE: *no key*/(Ian) : <b>Ian</b> chases its tail. (134,187,2)
[16:16:39]EMOTE: *no key*/(Poly) : <b>Poly</b> squawks. (80,190,2)
[16:16:46]EMOTE: Pintao-kun/(Redfoo) : <b>Redfoo</b> seizes up and falls limp, his eyes dead and lifeless... (146,214,2)
[16:16:46]ACCESS: Mob Login: Pintao-kun/(Redfoo) was assigned to a /mob/dead/observer
[16:16:48]EMOTE: *no key*/(monkey (252)) : <b>The monkey (252)</b> rolls. (160,140,2)
[16:16:50]EMOTE: *no key*/(monkey (133)) : <b>The monkey (133)</b> jumps! (200,21,2)
[16:16:52]GAME: Redfoo/Pintao-kun used abandon mob.
[16:16:52]ACCESS: Mob Login: Pintao-kun/(new player) was assigned to a /mob/dead/new_player
[16:16:54]EMOTE: *no key*/(Citrus) : <b>Citrus</b> dozes off. (171,220,2)
[16:17:00]SAY: Poly/ : What kind of medbay is this? Everyone&#39;s dropping like flies. (80,190,2)
[16:17:02]EMOTE: *no key*/(Persephone) : <b>Persephone</b> shivers (169,138,2)
[16:17:02]ACCESS: Mob Login: Pintao-kun/(Redfoo) was assigned to a /mob/living/carbon/human
[16:17:05]SAY: Medibot/ : There&#39;s always a catch, and I&#39;m the best there is. (123,255,2)
[16:17:11]ADMIN: ABystander/(Memes) modified Unknown's limb_destroyer to from 0 to 1e+006
[16:17:24]ADMIN: ABystander/(Memes) modified Unknown's maxHealth to from 100 to 1.#INF
[16:17:33]ADMIN: ABystander/(Memes) modified Unknown's see_invisible to from 25 to 1.#INF
[16:17:40]ADMIN: ABystander/(Memes) modified Unknown's see_in_dark to from 2 to 1.#INF
[16:17:41]SAY: Nobody's Perfect/ : I knew it, I should&#39;ve been a plastic surgeon. (24,75,1)
[16:17:44]EMOTE: *no key*/(monkey (133)) : <b>The monkey (133)</b> scratches. (200,21,2)
[16:17:45]ADMIN: ABystander/(Memes) modified Unknown's see_infrared to from 0 to 1.#INF
[16:17:50]GAME: Arthurfelipe12/(Angel Dude) primed a cherry bomb for detonation at DAB Studio (Video Recording) (55,279,2).
[16:17:51]SAY: Medibot/ : There&#39;s always a catch, and I&#39;m the best there is. (123,255,2)
[16:17:56]GAME: Reagent explosion reaction occurred at DAB Studio (Video Recording) (52,281,2). Last Fingerprint: arthurfelipe12.
[16:17:56]GAME: Explosion with size (0, 1, 3, 0) in area DAB Studio (Video Recording) (52,281,2)
[16:18:01]ADMIN: ABystander/(Memes) modified Unknown's explosion_block to from 0 to 1.#INF
[16:18:02]EMOTE: *no key*/(pug) : <b>Swanson</b> chases its tail. (110,148,2)
[16:18:14]SAY: Ian/ : Woof! (133,186,2)
[16:18:14]SAY: Poly/ : I knew it, I should&#39;ve been a plastic surgeon. (80,190,2)
[16:18:32]ADMIN: ABystander/(Memes) jumped to Abductor Ship
[16:18:32]EMOTE: *no key*/(Persephone) : <b>Persephone</b> twitches its whiskers. (168,139,2)
[16:18:34]ACCESS: Logout: ABystander/(Memes)
[16:18:40]EMOTE: *no key*/(monkey (118)) : <b>The monkey (118)</b> scratches. (204,21,2)
[16:18:41]SAY: Medibot/ : Delicious! (155,73,1)
[16:18:47]SAY: Nobody's Perfect/ : There&#39;s always a catch, and I&#39;m the best there is. (24,75,1)
[16:18:48]EMOTE: *no key*/(monkey (252)) : <b>The monkey (252)</b> waves her tail. (160,139,2)
[16:18:55]EMOTE: *no key*/(monkey (937)) : <b>The monkey (937)</b> rolls. (186,119,2)
[16:18:57]SAY: Renault/ : Ack-Ack (158,193,2)
[16:18:57]EMOTE: *no key*/(monkey (170)) : <b>The monkey (170)</b> rolls. (188,118,2)
[16:18:59]SAY: Medibot/ : I knew it, I should&#39;ve been a plastic surgeon. (123,255,2)
[16:18:59]EMOTE: *no key*/(monkey (133)) : <b>The monkey (133)</b> jumps! (201,21,2)
[16:18:59]SAY: grey baby slime (590)/ : I want to eat... (113,162,2)
[16:19:03]SAY: Nobody's Perfect/ : Radar, put a mask on! (24,75,1)
[16:19:07]EMOTE: *no key*/(monkey (170)) : <b>The monkey (170)</b> waves his tail. (188,118,2)
[16:19:22]SAY: Ian/ : AUUUUUU (132,186,2)
[16:19:24]SAY: Medibot/ : What kind of medbay is this? Everyone&#39;s dropping like flies. (123,255,2)
[16:19:30]EMOTE: *no key*/(Renault) : <b>Renault</b> barks. (159,195,2)
[16:19:32]SAY: Medibot/ : Delicious! (155,73,1)
[16:19:39]EMOTE: *no key*/(monkey (736)) : <b>The monkey (736)</b> jumps! (188,8,2)
[16:19:39]EMOTE: *no key*/(Ian) : <b>Ian</b> dances around. (132,186,2)
[16:19:41]EMOTE: *no key*/(monkey (237)) : <b>The monkey (237)</b> rolls. (187,119,2)
[16:19:45]EMOTE: *no key*/(Persephone) : <b>Persephone</b> crouches on its hind legs. (168,138,2)
[16:19:51]SAY: Medibot/ : What kind of medbay is this? Everyone&#39;s dropping like flies. (123,255,2)
[16:19:51]EMOTE: *no key*/(grey baby slime (392)) : <b>The grey baby slime (392)</b> jiggles! (108,151,2)
[16:19:55]SAY: Nobody's Perfect/ : There&#39;s always a catch, and I&#39;m the best there is. (24,75,1)
[16:20:04]EMOTE: *no key*/(Citrus) : <b>Citrus</b> looks around sleepily. (169,220,2)
[16:20:14]EMOTE: *no key*/(monkey (133)) : <b>The monkey (133)</b> rolls. (200,21,2)
[16:20:17]ACCESS: Logout: Arthurfelipe12/(Angel Dude)
[16:20:18]ACCESS: Logout: Pintao-kun/(Redfoo)
[16:20:18]ACCESS: Logout: Noober84555/(Flamescale Zakuto)
