

Starting up round ID . 15:15:30
---------------------
Arthurfelipe12 \ Plant Dude \ cool guys high class \ NONE \ LATEJOIN
Noober84555 \ Noober84555 \ cool guys high class \ NONE \ LATEJOIN
ABystander \ Memes \ cool guys high class \ NONE \ LATEJOIN
Noober84555 \ Flamescale Zakuto \ cool guys high class \ NONE \ LATEJOIN
Arthurfelipe12 \ Plant Dude \ cool guys high class \ NONE \ LATEJOIN
Arthurfelipe12 \ Plant Dude \ cool guys high class \ NONE \ LATEJOIN
Arthurfelipe12 \ Plant Dude \ cool guys high class \ NONE \ LATEJOIN
Arthurfelipe12 \ Plant Dude \ cool guys high class \ NONE \ LATEJOIN
Arthurfelipe12 \ Plant Dude \ cool guys high class \ NONE \ LATEJOIN
Arthurfelipe12 \ Plant Dude \ Shitcurity \ NONE \ LATEJOIN
Pintao-kun \ Redfoo \ GORDON RAMSAY CHEF \ NONE \ LATEJOIN
Arthurfelipe12 \ Angel Dude \ GORDON RAMSAY CHEF \ NONE \ LATEJOIN
Pintao-kun \ Redfoo \ cool guys high class \ NONE \ LATEJOIN
Pintao-kun \ Redfoo \ cool guys low class \ NONE \ LATEJOIN
Pintao-kun \ Redfoo \ cool guys low class \ NONE \ LATEJOIN
Pintao-kun \ Redfoo \ Shitcurity \ NONE \ LATEJOIN
Pintao-kun \ Redfoo \ MASON KILLERS \ NONE \ LATEJOIN
Pintao-kun \ Redfoo \ Shitcurity \ NONE \ LATEJOIN
Pintao-kun \ Redfoo \ cool guys low class \ NONE \ LATEJOIN
