

Starting up round ID . 16:27:01
---------------------
[16:27:01]ADMIN: Loading Banlist
[16:27:03]GAME: Saved mode is 'sandbox'
[16:27:23]ACCESS: Login: AlcaroIsAFrick from 127.0.0.1-1817465521 || BYOND v511
[16:27:23]ACCESS: Mob Login: AlcaroIsAFrick/(AlcaroIsAFrick) was assigned to a /mob/dead/new_player
[16:27:33]ADMIN: AlcaroIsAFrick has started the game.
[16:27:52]GAME: Hierophant's Arena loaded at at 197,158,5
[16:27:52]GAME: Biodome Clown Planet loaded at at 144,80,5
[16:27:52]GAME: Ripley loaded at at 27,155,5
[16:27:52]GAME: Biodome Beach loaded at at 66,140,5
[16:27:52]GAME: Animal Hospital loaded at at 137,188,5
[16:27:52]GAME: Seed Vault loaded at at 99,115,5
[16:27:52]GAME: The Wishgranter Cube loaded at at 197,27,5
[16:27:52]GAME: Ruin of Sloth loaded at at 90,67,5
[16:27:53]GAME: Fountain Hall loaded at at 43,145,5
[16:27:53]GAME: Blood-Drunk Miner (Guidance) loaded at at 209,110,5
[16:27:53]GAME: Survival Capsule Ruins loaded at at 82,92,5
[16:27:53]GAME: Ruin of Greed loaded at at 154,52,5
[16:27:53]GAME: Aesthetic Outpost loaded at at 129,106,10
[16:27:53]GAME: Derelict 3 loaded at at 155,153,3
[16:27:54]GAME: Syndicate Listening Station loaded at at 121,62,8
[16:27:54]GAME: Derelict 6 loaded at at 127,144,11
[16:27:54]GAME: Disposal Facility 17 loaded at at 214,120,3
[16:27:54]GAME: Asteroid 3 loaded at at 79,111,8
[16:27:54]GAME: Gondoland loaded at at 162,139,7
[16:27:54]GAME: Detached Teleporter loaded at at 91,157,4
[16:27:55]GAME: The Twin-Nexus Hotel loaded at at 121,137,9
[16:27:56]GAME: Survivalist Bunker loaded at at 87,55,11
[16:27:56]GAME: Salvation loaded at at 113,183,3
[16:27:56]GAME: Unnamed Turreted Outpost loaded at at 34,177,9
[16:27:56]GAME: Strange Ship loaded at at 69,45,9
[16:27:56]GAME: Asteroid 2 loaded at at 206,48,3
[16:27:57]GAME: Ancient Space Station loaded at at 42,28,4
[16:27:57]GAME: Asteroid 4 loaded at at 109,157,7
[16:29:04]ACCESS: Logout: AlcaroIsAFrick/(AlcaroIsAFrick)
