

Starting up round ID . 16:20:09
---------------------
Noober84555 \ U To Fat Irl \ cool guys high class \ NONE \ LATEJOIN
Suzane \ Kerena White \ Shitcurity \ NONE \ LATEJOIN
MACIEKBAKI \ Mr Lmao \ cool guys high class \ NONE \ LATEJOIN
Suzane \ Kerena White \ cool guys high class \ NONE \ LATEJOIN
Noober84555 \ Galvin \ cool guys high class \ NONE \ LATEJOIN
Codycloak \ GOKU \ Shitcurity \ NONE \ LATEJOIN
Jobobman \ Arnie Harding \ cool guys high class \ NONE \ LATEJOIN
Codycloak \ GOKU \ cool guys high class \ NONE \ LATEJOIN
Master0fe \ Brayan Kuznetsov \ cool guys low class \ NONE \ LATEJOIN
MACIEKBAKI \ Mr Lmao \ cool guys high class \ NONE \ LATEJOIN
Gff35801 \ James Ackridon \ cool guys medium class \ NONE \ LATEJOIN
Momo1911 \ Mike Houseman \ cool guys high class \ NONE \ LATEJOIN
Codycloak \ GOKU \ cool guys medium class \ NONE \ LATEJOIN
Momo1911 \ Mike Houseman \ cool guys high class \ NONE \ LATEJOIN
Gff35801 \ James Ackridon \ cool guys high class \ NONE \ LATEJOIN
Codycloak \ Son Goku \ cool guys high class \ NONE \ LATEJOIN
Master0fe \ Hanry Smith \ cool guys medium class \ NONE \ LATEJOIN
Oscswe3 \ Cameron Lester \ cool guys low class \ NONE \ LATEJOIN
Momo1911 \ Vegeta \ cool guys high class \ NONE \ LATEJOIN
Codycloak \ Son Goku \ cool guys high class \ NONE \ LATEJOIN
Master0fe \ Hanry Smith \ cool guys high class \ NONE \ LATEJOIN
Oscswe3 \ Cameron Lester \ cool guys medium class \ NONE \ LATEJOIN
Master0fe \ Hanry Smith \ Shitcurity \ NONE \ LATEJOIN
ABystander \ Memes \ Shitcurity \ NONE \ LATEJOIN
Suzane \ Kerena White \ cool guys high class \ NONE \ LATEJOIN
Oscswe3 \ Cameron Lester \ Shitcurity \ NONE \ LATEJOIN
Momo1911 \ Vegeta \ cool guys high class \ NONE \ LATEJOIN
ABystander \ Memes \ cool guys high class \ NONE \ LATEJOIN
Noober84555 \ THE SECOND COMING OF DAMN DANIEL \ cool guys high class \ NONE \ LATEJOIN
Oscswe3 \ Cameron Lester \ cool guys high class \ NONE \ LATEJOIN
Oscswe3 \ Cameron Lester \ cool guys high class \ NONE \ LATEJOIN
Egorium \ Yuri San \ cool guys high class \ NONE \ LATEJOIN
Codycloak \ Afro Samurai \ cool guys high class \ NONE \ LATEJOIN
Oscswe3 \ Cameron Lester \ cool guys low class \ NONE \ LATEJOIN
ABystander \ Memes \ cool guys high class \ NONE \ LATEJOIN
Ss13isaids \ Dab Dab \ cool guys high class \ NONE \ LATEJOIN
Egorium \ Yuri San \ Shitcurity \ NONE \ LATEJOIN
Egorium \ Yuri San \ Shitcurity \ NONE \ LATEJOIN
Egorium \ Yuri San \ cool guys high class \ NONE \ LATEJOIN
Codycloak \ Jesus Christ \ cool guys high class \ NONE \ LATEJOIN
ABystander \ Memes \ cool guys high class \ NONE \ LATEJOIN
Codycloak \ Jesus Christ \ cool guys high class \ NONE \ LATEJOIN
Codycloak \ Jesus Christ \ cool guys low class \ NONE \ LATEJOIN
Egorium \ Yuri San \ Shitcurity \ NONE \ LATEJOIN
Egorium \ Yuri San \ Shitcurity \ NONE \ LATEJOIN
