

Starting up round ID . 13:02:26
---------------------
[13:02:26]ADMIN: Loading Banlist
[13:02:27]GAME: Saved mode is 'sandbox'
[13:02:50]ACCESS: Login: Noober84555 from 127.0.0.1-645371209 || BYOND v511
[13:02:50]ACCESS: Mob Login: Noober84555/(Noober84555) was assigned to a /mob/dead/new_player
[13:03:43]ADMIN: Noober84555 has started the game.
[13:05:59]EMOTE: *no key*/(Citrus) : <b>Citrus</b> looks around sleepily. (171,221,2)
[13:06:01]SAY: Officer Beepsky/ : Engaging patrol mode. (186,190,2)
[13:06:01]SAY: Prison Ofitser/ : Engaging patrol mode. (23,36,5)
[13:06:01]SAY: Prison Ofitser/ : Disengaging patrol mode. (23,36,5)
[13:06:03]EMOTE: *no key*/(monkey (496)) : <b>The monkey (496)</b> waves his tail. (160,141,2)
[13:06:03]EMOTE: *no key*/(pug) : <b>Swanson</b> chases its tail. (107,142,2)
[13:06:09]EMOTE: *no key*/(grey baby slime (916)) : <b>The grey baby slime (916)</b> jiggles! (108,152,2)
[13:06:11]EMOTE: *no key*/(Poly) : <b>Poly</b> turns and flies towards the folder. (81,189,2)
[13:06:16]SAY: Medibot/ : Radar, put a mask on! (154,73,1)
[13:06:19]ACCESS: Mob Login: Noober84555/(U To Fat Irl) was assigned to a /mob/living/carbon/human
[13:06:25]SAY: mouse/ : SQUEEK! (202,230,2)
[13:06:26]EMOTE: *no key*/(monkey (496)) : <b>The monkey (496)</b> rolls. (160,140,2)
[13:06:26]ACCESS: Logout: Noober84555/(U To Fat Irl)
