

Starting up round ID . 12:20:46
---------------------
[12:20:46]ADMIN: Loading Banlist
[12:20:47]GAME: Saved mode is 'sandbox'
[12:21:28]GAME: Hierophant's Arena loaded at at 90,187,5
[12:21:28]GAME: Biodome Winter loaded at at 132,193,5
[12:21:28]GAME: Ruin of Envy loaded at at 187,119,5
[12:21:28]GAME: Syndicate Lava Base loaded at at 100,149,5
[12:21:28]GAME: The Wishgranter Cube loaded at at 166,140,5
[12:21:28]GAME: Ruin of Greed loaded at at 206,177,5
[12:21:28]GAME: Biodome Beach loaded at at 173,89,5
[12:21:30]GAME: Derelict Tradepost loaded at at 56,157,4
[12:21:31]GAME: Abandoned Telecommunications Satellite loaded at at 126,41,3
[12:21:31]GAME: Strange Ship loaded at at 48,127,11
[12:21:31]GAME: Unnamed Turreted Outpost loaded at at 48,34,3
[12:21:31]GAME: Waylaid Buses loaded at at 88,115,9
[12:21:31]GAME: Asteroid 4 loaded at at 105,156,8
[12:21:31]GAME: Asteroid 5 loaded at at 106,166,9
[12:21:31]GAME: Crashed Clown Ship loaded at at 66,168,9
[12:21:31]GAME: Derelict 4 loaded at at 108,129,10
[12:21:31]GAME: Ordinary Space Tile loaded at at 54,118,7
[12:21:32]GAME: Asteroid 3 loaded at at 58,41,11
[12:21:32]GAME: NT Medical Ship loaded at at 99,93,8
[12:21:32]GAME: Asteroid 2 loaded at at 103,126,11
[12:21:32]GAME: Empty Shell loaded at at 64,124,3
[12:21:32]GAME: Crashed Ship loaded at at 149,41,9
[12:21:33]GAME: Syndicate Ambush loaded at at 27,157,7
[12:22:30]ACCESS: Login: AlcaroIsAFrick from 127.0.0.1-1817465521 || BYOND v511
[12:22:30]ACCESS: Mob Login: AlcaroIsAFrick/(AlcaroIsAFrick) was assigned to a /mob/dead/new_player
[12:22:39]ADMIN: AlcaroIsAFrick/(AlcaroIsAFrick) has toggled the server's hub status for the round, it is now off the hub.
[12:22:41]ADMIN: AlcaroIsAFrick/(AlcaroIsAFrick) has toggled the server's hub status for the round, it is now off the hub.
[12:24:41]ACCESS: Mob Login: AlcaroIsAFrick/(Cool) was assigned to a /mob/living/carbon/human
[12:24:43]GAME: Explosion with size (0, 1, 5, 0) in area Unexplored Location (79,194,7)
[12:24:44]EMOTE: *no key*/(Lizard) : <b>Lizard</b> stops moving... (95,127,9)
[12:24:46]SAY: emergency medibot/ : I knew it, I should&#39;ve been a plastic surgeon. (222,84,1)
[12:24:46]SAY: Officer Beepsky/ : Engaging patrol mode. (193,130,2)
[12:24:46]SAY: Prison Ofitser/ : Engaging patrol mode. (23,36,5)
[12:24:46]SAY: Prison Ofitser/ : Disengaging patrol mode. (23,36,5)
[12:24:48]EMOTE: *no key*/(monkey (891)) : <b>The monkey (891)</b> rolls. (167,79,2)
[12:24:52]EMOTE: *no key*/(Citrus) : <b>Citrus</b> yawns. (178,161,2)
[12:25:00]EMOTE: *no key*/(Runtime) : <b>Runtime</b> crouches on its hind legs. (173,80,2)
[12:25:11]EMOTE: *no key*/(monkey (63)) : <b>The monkey (63)</b> scratches. (191,59,2)
[12:25:17]EMOTE: *no key*/(Runtime) : <b>Runtime</b> crouches on its hind legs. (173,80,2)
[12:25:21]EMOTE: *no key*/(monkey (761)) : <b>The monkey (761)</b> rolls. (129,171,5)
[12:25:25]EMOTE: *no key*/(pug) : <b>Swanson</b> chases its tail. (114,81,2)
[12:25:33]GAME: Explosion with size (0, 1, 5, 0) in area Unexplored Location (91,195,7)
[12:25:33]GAME: Explosion with size (0, 1, 5, 0) in area Unexplored Location (91,192,7)
[12:25:39]SAY: Poly/ : Poly wanna cracker! (87,130,2)
[12:25:41]EMOTE: *no key*/(crab) : <b>The crab</b> clacks. (195,107,5)
[12:25:43]EMOTE: *no key*/(Pegwing) : <b>Pegwing</b> turns and flies towards the plastitanium. (87,196,7)
[12:25:43]SAY: emergency medibot/ : Delicious! (222,84,1)
[12:25:44]EMOTE: *no key*/(grey baby slime (60)) : <b>The grey baby slime (60)</b> lights up for a bit, then stops. (116,93,2)
[12:25:46]EMOTE: *no key*/(Pegwing) : <b>Pegwing</b> stops moving... (87,196,7)
[12:25:56]EMOTE: *no key*/(monkey (116)) : <b>The monkey (116)</b> waves his tail. (116,154,5)
[12:25:56]EMOTE: *no key*/(monkey (84)) : <b>The monkey (84)</b> scratches. (191,58,2)
[12:26:13]EMOTE: *no key*/(Poly) : <b>Poly</b> looks in the BreatheDeep cartridge's direction and takes flight. (87,130,2)
[12:26:15]SAY: emergency medibot/ : What kind of medbay is this? Everyone&#39;s dropping like flies. (222,84,1)
[12:26:23]SAY: mouse/ : Squeek! (204,165,2)
[12:26:25]EMOTE: *no key*/(mouse) : <b>The mouse</b> runs in a circle. (204,165,2)
[12:26:25]EMOTE: *no key*/(Ian) : <b>Ian</b> dances around. (144,122,2)
[12:26:27]SAY: Swanson/ : Woof! (114,82,2)
[12:26:32]EMOTE: *no key*/(grey baby slime (544)) : <b>The grey baby slime (544)</b> lights up for a bit, then stops. (111,101,2)
[12:26:32]EMOTE: *no key*/(Ian) : <b>Ian</b> chases its tail! (144,122,2)
[12:26:59]EMOTE: *no key*/(monkey (283)) : <b>The monkey (283)</b> waves her tail. (132,167,5)
[12:26:59]EMOTE: *no key*/(grey baby slime (60)) : <b>The grey baby slime (60)</b> bounces in place. (114,92,2)
[12:27:00]SAY: Medibot/ : What kind of medbay is this? Everyone&#39;s dropping like flies. (155,73,1)
[12:27:01]EMOTE: *no key*/(monkey (891)) : <b>The monkey (891)</b> waves her tail. (167,80,2)
[12:27:03]EMOTE: *no key*/(Runtime) : <b>Runtime</b> gets up and meows. (173,80,2)
[12:27:07]EMOTE: *no key*/(monkey (761)) : <b>The monkey (761)</b> waves his tail. (130,171,5)
[12:27:09]EMOTE: *no key*/(Poly) : <b>Poly</b> looks in the BreatheDeep cartridge's direction and takes flight. (87,130,2)
[12:27:13]EMOTE: *no key*/(monkey (490)) : <b>The monkey (490)</b> jumps! (167,81,2)
[12:27:17]EMOTE: *no key*/(Poly) : <b>Poly</b> squawks. (87,130,2)
[12:27:21]SAY: Renault/ : Ack-Ack (162,134,2)
[12:27:25]EMOTE: *no key*/(Poly) : <b>Poly</b> bawks! (87,130,2)
[12:27:51]EMOTE: *no key*/(Runtime) : <b>Runtime</b> shakes its head (174,79,2)
[12:27:59]EMOTE: *no key*/(monkey (271)) : <b>The monkey (271)</b> scratches. (195,58,2)
[12:28:01]SAY: emergency medibot/ : What kind of medbay is this? Everyone&#39;s dropping like flies. (222,84,1)
[12:28:01]EMOTE: *no key*/(monkey (867)) : <b>The monkey (867)</b> waves her tail. (167,82,2)
[12:28:05]EMOTE: *no key*/(Poly) : <b>Poly</b> looks in the BreatheDeep cartridge's direction and takes flight. (87,130,2)
[12:28:07]EMOTE: *no key*/(monkey (761)) : <b>The monkey (761)</b> scratches. (130,171,5)
[12:28:09]EMOTE: *no key*/(pug) : <b>Swanson</b> chases its tail. (113,81,2)
[12:28:13]EMOTE: *no key*/(grey baby slime (60)) : <b>The grey baby slime (60)</b> lights up for a bit, then stops. (116,92,2)
[12:28:36]SAY: Nobody's Perfect/ : Delicious! (24,75,1)
[12:28:37]ADMIN: AlcaroIsAFrick/(Cool) has entered build mode.
[12:28:37]EMOTE: *no key*/(grey baby slime (60)) : <b>The grey baby slime (60)</b> bounces in place. (116,91,2)
[12:28:43]EMOTE: *no key*/(monkey (116)) : <b>The monkey (116)</b> jumps! (116,154,5)
[12:28:44]ADMIN: Build Mode: AlcaroIsAFrick/(Cool) modified the target's (144,211,2) dir to 2
[12:28:45]ADMIN: Build Mode: AlcaroIsAFrick/(Cool) modified the target's (143,211,2) dir to 2
[12:28:45]ADMIN: Build Mode: AlcaroIsAFrick/(Cool) modified the target's (143,211,2) dir to 2
[12:28:45]ADMIN: Build Mode: AlcaroIsAFrick/(Cool) modified the target's (143,211,2) dir to 2
[12:28:45]EMOTE: *no key*/(Runtime) : <b>Runtime</b> shakes out its coat. (175,80,2)
[12:28:45]ADMIN: Build Mode: AlcaroIsAFrick/(Cool) modified the target's (143,211,2) dir to 2
[12:28:45]ADMIN: Build Mode: AlcaroIsAFrick/(Cool) modified the target's (143,211,2) dir to 2
[12:28:46]ADMIN: Build Mode: AlcaroIsAFrick/(Cool) modified the target's (143,211,2) dir to 2
[12:28:46]ADMIN: Build Mode: AlcaroIsAFrick/(Cool) modified the target's (143,211,2) dir to 2
[12:28:48]EMOTE: *no key*/(Runtime) : <b>Runtime</b> crouches on its hind legs. (175,80,2)
[12:28:48]ADMIN: Build Mode: AlcaroIsAFrick/(Cool) modified the target's (143,212,2) dir to 2
[12:28:49]ADMIN: Build Mode: AlcaroIsAFrick/(Cool) modified the target's (142,212,2) dir to 2
[12:28:50]EMOTE: *no key*/(monkey (602)) : <b>The monkey (602)</b> scratches. (129,167,5)
[12:28:50]ADMIN: Build Mode: AlcaroIsAFrick/(Cool) modified the target's (141,213,2) dir to 2
[12:28:50]ADMIN: Build Mode: AlcaroIsAFrick/(Cool) modified the target's (142,213,2) dir to 2
[12:28:51]ADMIN: Build Mode: AlcaroIsAFrick/(Cool) modified the target's (143,213,2) dir to 2
[12:28:51]ADMIN: Build Mode: AlcaroIsAFrick/(Cool) modified the target's (143,212,2) dir to 2
[12:28:51]ADMIN: Build Mode: AlcaroIsAFrick/(Cool) modified the target's (143,211,2) dir to 2
[12:28:52]ADMIN: Build Mode: AlcaroIsAFrick/(Cool) modified the target's (143,209,2) dir to 2
[12:28:52]ADMIN: Build Mode: AlcaroIsAFrick/(Cool) modified the target's (143,208,2) dir to 2
[12:28:52]ADMIN: Build Mode: AlcaroIsAFrick/(Cool) modified the target's (143,207,2) dir to 2
[12:28:53]ADMIN: Build Mode: AlcaroIsAFrick/(Cool) modified the target's (143,209,2) dir to 2
[12:28:53]ADMIN: Build Mode: AlcaroIsAFrick/(Cool) modified the target's (143,210,2) dir to 2
[12:28:53]ADMIN: Build Mode: AlcaroIsAFrick/(Cool) modified the target's (143,211,2) dir to 2
[12:28:54]ADMIN: Build Mode: AlcaroIsAFrick/(Cool) modified the target's (143,213,2) dir to 2
[12:28:54]ADMIN: Build Mode: AlcaroIsAFrick/(Cool) modified the target's (143,213,2) dir to 2
[12:28:54]ADMIN: Build Mode: AlcaroIsAFrick/(Cool) modified the target's (143,210,2) dir to 2
[12:28:54]ADMIN: Build Mode: AlcaroIsAFrick/(Cool) modified the target's (143,209,2) dir to 2
[12:28:55]ADMIN: Build Mode: AlcaroIsAFrick/(Cool) modified the target's (143,208,2) dir to 2
[12:28:55]ADMIN: Build Mode: AlcaroIsAFrick/(Cool) modified the target's (143,207,2) dir to 2
[12:28:55]ADMIN: Build Mode: AlcaroIsAFrick/(Cool) modified the target's (143,207,2) dir to 2
[12:28:56]EMOTE: *no key*/(monkey (116)) : <b>The monkey (116)</b> waves his tail. (117,154,5)
[12:28:56]ADMIN: Build Mode: AlcaroIsAFrick/(Cool) modified the target's (143,210,2) dir to 2
[12:28:56]EMOTE: *no key*/(grey baby slime (94)) : <b>The grey baby slime (94)</b> vibrates! (119,101,2)
[12:28:56]ADMIN: Build Mode: AlcaroIsAFrick/(Cool) modified the target's (143,210,2) dir to 2
[12:28:56]ADMIN: Build Mode: AlcaroIsAFrick/(Cool) modified the target's (143,211,2) dir to 2
[12:28:56]ADMIN: Build Mode: AlcaroIsAFrick/(Cool) modified the target's (143,211,2) dir to 2
[12:28:56]ADMIN: Build Mode: AlcaroIsAFrick/(Cool) modified the target's (143,212,2) dir to 2
[12:28:57]ADMIN: Build Mode: AlcaroIsAFrick/(Cool) modified the target's (143,213,2) dir to 2
[12:28:57]ADMIN: Build Mode: AlcaroIsAFrick/(Cool) modified the target's (143,213,2) dir to 2
[12:28:57]ADMIN: Build Mode: AlcaroIsAFrick/(Cool) modified the target's (143,213,2) dir to 2
[12:28:57]ADMIN: Build Mode: AlcaroIsAFrick/(Cool) modified the target's (143,212,2) dir to 2
[12:28:57]ADMIN: Build Mode: AlcaroIsAFrick/(Cool) modified the target's (142,211,2) dir to 2
[12:28:58]ADMIN: Build Mode: AlcaroIsAFrick/(Cool) modified the target's (143,210,2) dir to 2
[12:28:58]ADMIN: Build Mode: AlcaroIsAFrick/(Cool) modified the target's (143,209,2) dir to 2
[12:28:58]ADMIN: Build Mode: AlcaroIsAFrick/(Cool) modified the target's (143,208,2) dir to 2
[12:28:58]ADMIN: Build Mode: AlcaroIsAFrick/(Cool) modified the target's (143,208,2) dir to 2
[12:28:59]ADMIN: Build Mode: AlcaroIsAFrick/(Cool) modified the target's (143,206,2) dir to 2
[12:28:59]ADMIN: Build Mode: AlcaroIsAFrick/(Cool) modified the target's (143,209,2) dir to 2
[12:29:00]EMOTE: *no key*/(monkey (602)) : <b>The monkey (602)</b> scratches. (130,167,5)
[12:29:00]ADMIN: Build Mode: AlcaroIsAFrick/(Cool) modified the target's (143,211,2) dir to 2
[12:29:00]ADMIN: Build Mode: AlcaroIsAFrick/(Cool) modified the target's (143,212,2) dir to 2
[12:29:00]ADMIN: Build Mode: AlcaroIsAFrick/(Cool) modified the target's (143,213,2) dir to 2
[12:29:01]EMOTE: *no key*/(Poly) : <b>Poly</b> looks in the chief engineer's rubber stamp's direction and takes flight. (87,130,2)
[12:29:03]ADMIN: Build Mode: AlcaroIsAFrick/(Cool) modified the target's (143,206,2) dir to 2
[12:29:04]EMOTE: *no key*/(grey baby slime (94)) : <b>The grey baby slime (94)</b> vibrates! (118,102,2)
[12:29:04]ADMIN: Build Mode: AlcaroIsAFrick/(Cool) modified the target's (143,207,2) dir to 2
[12:29:04]ADMIN: Build Mode: AlcaroIsAFrick/(Cool) modified the target's (143,208,2) dir to 2
[12:29:05]ADMIN: Build Mode: AlcaroIsAFrick/(Cool) modified the target's (143,209,2) dir to 2
[12:29:05]EMOTE: *no key*/(crab) : <b>The crab</b> clacks. (196,107,5)
[12:29:05]ADMIN: Build Mode: AlcaroIsAFrick/(Cool) modified the target's (143,210,2) dir to 2
[12:29:05]ADMIN: Build Mode: AlcaroIsAFrick/(Cool) modified the target's (143,211,2) dir to 2
[12:29:06]ADMIN: Build Mode: AlcaroIsAFrick/(Cool) modified the target's (143,212,2) dir to 2
[12:29:06]ADMIN: Build Mode: AlcaroIsAFrick/(Cool) modified the target's (143,213,2) dir to 2
[12:29:07]ADMIN: Build Mode: AlcaroIsAFrick/(Cool) modified the target's (142,213,2) dir to 2
[12:29:07]ADMIN: Build Mode: AlcaroIsAFrick/(Cool) modified the target's (141,213,2) dir to 2
[12:29:08]ADMIN: Build Mode: AlcaroIsAFrick/(Cool) modified the target's (141,212,2) dir to 2
[12:29:08]ADMIN: Build Mode: AlcaroIsAFrick/(Cool) modified the target's (141,211,2) dir to 2
[12:29:09]SAY: Poly/ : Twice the calories for half the price! (87,130,2)
[12:29:09]ADMIN: Build Mode: AlcaroIsAFrick/(Cool) modified the target's (142,211,2) dir to 2
[12:29:11]ADMIN: Build Mode: AlcaroIsAFrick/(Cool) modified the target's (143,211,2) dir to 2
[12:29:11]EMOTE: *no key*/(crab) : <b>The crab</b> clicks. (197,98,5)
[12:29:11]ADMIN: Build Mode: AlcaroIsAFrick/(Cool) modified the target's (143,211,2) dir to 2
[12:29:11]ADMIN: Build Mode: AlcaroIsAFrick/(Cool) modified the target's (143,211,2) dir to 2
[12:29:11]ADMIN: Build Mode: AlcaroIsAFrick/(Cool) modified the target's (143,211,2) dir to 2
[12:29:15]EMOTE: *no key*/(Renault) : <b>Renault</b> howls. (162,133,2)
[12:29:16]GAME: <a href='?priv_msg=alcaroisafrick'>AlcaroIsAFrick</a>/(Cool) checked the player panel while in game.
[12:29:17]ADMIN: AlcaroIsAFrick/(Cool) healed / Revived AlcaroIsAFrick/(Cool).
[12:29:20]EMOTE: *no key*/(monkey (490)) : <b>The monkey (490)</b> waves her tail. (167,81,2)
[12:29:21]EMOTE: *no key*/(Poly) : <b>Poly</b> flutters its wings. (87,130,2)
[12:29:31]SAY: mouse/ : SQUEEK! (208,169,2)
[12:29:37]SAY: Medibot/ : Delicious! (154,73,1)
[12:29:46]EMOTE: *no key*/(Mojo VIII) : <b>Mojo VIII</b> jumps! (145,160,2)
[12:29:51]EMOTE: *no key*/(Citrus) : <b>Citrus</b> dozes off. (177,160,2)
[12:29:54]EMOTE: *no key*/(monkey (116)) : <b>The monkey (116)</b> waves his tail. (116,154,5)
[12:29:55]EMOTE: *no key*/(Poly) : <b>Poly</b> looks in the Cohiba Robusto cigar's direction and takes flight. (87,130,2)
[12:29:55]SAY: Poly/ : Breaking news from Station Announcements! (87,130,2)
[12:29:58]EMOTE: *no key*/(monkey (490)) : <b>The monkey (490)</b> rolls. (167,80,2)
[12:30:01]SAY: Medibot/ : There&#39;s always a catch, and I&#39;m the best there is. (154,73,1)
[12:30:14]EMOTE: *no key*/(monkey (761)) : <b>The monkey (761)</b> rolls. (130,171,5)
[12:30:36]EMOTE: *no key*/(crab) : <b>The crab</b> clicks. (179,101,5)
[12:30:52]EMOTE: *no key*/(Poly) : <b>Poly</b> looks in the premium Havanian cigar's direction and takes flight. (87,130,2)
[12:31:01]EMOTE: *no key*/(mouse) : <b>The mouse</b> runs in a circle. (207,171,2)
[12:31:04]EMOTE: *no key*/(monkey (602)) : <b>The monkey (602)</b> jumps! (130,167,5)
[12:31:07]EMOTE: *no key*/(crab) : <b>The crab</b> clacks. (195,98,5)
[12:31:11]EMOTE: *no key*/(monkey (602)) : <b>The monkey (602)</b> scratches. (130,167,5)
[12:31:11]EMOTE: *no key*/(grey baby slime (60)) : <b>The grey baby slime (60)</b> bounces in place. (114,92,2)
[12:31:24]SAY: Medibot/ : What kind of medbay is this? Everyone&#39;s dropping like flies. (155,73,1)
[12:31:24]SAY: Poly/ : Try our new nougat bar! (87,130,2)
[12:31:31]SAY: Poly/ : Twice the calories for half the price! (87,130,2)
[12:31:38]EMOTE: *no key*/(Mojo VIII) : <b>Mojo VIII</b> jumps! (143,158,2)
[12:31:52]EMOTE: *no key*/(Spaceman) : <b>Spaceman</b> stops moving... (57,210,11)
[12:31:54]ACCESS: Login: Lezus_Konrad from 80.7.131.215-4173673035 || BYOND v511
[12:31:54]ACCESS: Mob Login: Lezus_Konrad/(Lezus_Konrad) was assigned to a /mob/dead/new_player
[12:32:01]EMOTE: *no key*/(Ian) : <b>Ian</b> dances around. (142,121,2)
[12:32:05]EMOTE: *no key*/(monkey (202)) : <b>The monkey (202)</b> waves his tail. (133,171,5)
[12:32:07]EMOTE: *no key*/(Citrus) : <b>Citrus</b> looks around sleepily. (178,162,2)
[12:32:07]SAY: mouse/ : SQUEEK! (206,167,2)
[12:32:15]EMOTE: *no key*/(monkey (602)) : <b>The monkey (602)</b> waves his tail. (130,167,5)
[12:32:17]EMOTE: *no key*/(Ian) : <b>Ian</b> dances around. (142,121,2)
[12:32:17]EMOTE: *no key*/(Poly) : <b>Poly</b> looks in the premium Havanian cigar's direction and takes flight. (87,130,2)
[12:32:19]EMOTE: *no key*/(Runtime) : <b>Runtime</b> gets up and meows. (175,80,2)
[12:32:21]ACCESS: Mob Login: Lezus_Konrad/(Alden Is A Terrorist) was assigned to a /mob/living/carbon/human
[12:32:25]EMOTE: *no key*/(monkey (761)) : <b>The monkey (761)</b> waves his tail. (130,171,5)
[12:32:25]EMOTE: *no key*/(monkey (490)) : <b>The monkey (490)</b> rolls. (167,80,2)
[12:32:33]GAME: Error: /obj/docking_port/stationary/transit([0x200415a]) took longer than 1 second to delete (took 1.2 seconds to delete)
[12:32:34]EMOTE: *no key*/(Runtime) : <b>Runtime</b> mews (175,81,2)
[12:32:36]EMOTE: *no key*/(crab) : <b>The crab</b> clacks. (196,107,5)
[12:32:41]SAY: Poly/ : Breaking news from Station Announcements! (87,130,2)
[12:32:42]SAY: grey baby slime (544)/ : Lonely... (112,103,2)
[12:32:43]EMOTE: *no key*/(Ian) : <b>Ian</b> yaps. (141,121,2)
[12:32:52]SAY: grey baby slime (544)/ : Rawr... (112,103,2)
[12:32:54]EMOTE: *no key*/(Ian) : <b>Ian</b> chases its tail! (141,121,2)
[12:32:56]SAY: Nobody's Perfect/ : What kind of medbay is this? Everyone&#39;s dropping like flies. (24,75,1)
[12:32:58]ADMIN: AlcaroIsAFrick/(Cool) jumped to Lezus_Konrad/(Alden Is A Terrorist)
[12:33:05]EMOTE: *no key*/(Runtime) : <b>Runtime</b> twitches its whiskers. (175,80,2)
[12:33:10]ADMIN: AlcaroIsAFrick/(Cool) modified Lezus_Konrad's dir to from 1 to 2
[12:33:12]ADMIN: AlcaroIsAFrick/(Cool) modified Lezus_Konrad's parallax_movedir to from 0 to 1
[12:33:13]EMOTE: *no key*/(Mojo VIII) : <b>Mojo VIII</b> jumps! (144,159,2)
[12:33:16]ADMIN: AlcaroIsAFrick/(Cool) modified Lezus_Konrad's parallax_movedir to from 1 to 1
[12:33:19]SAY: emergency medibot/ : I knew it, I should&#39;ve been a plastic surgeon. (222,84,1)
[12:33:21]EMOTE: *no key*/(Poly) : <b>Poly</b> looks in the premium cigar's direction and takes flight. (87,130,2)
[12:33:21]EMOTE: *no key*/(Renault) : <b>Renault</b> howls. (162,135,2)
[12:33:25]ADMIN: AlcaroIsAFrick/(Cool) modified Lezus_Konrad's color to from  to black
[12:33:26]EMOTE: *no key*/(grey baby slime (94)) : <b>The grey baby slime (94)</b> jiggles! (119,101,2)
[12:33:33]SAY: Alden Is A Terrorist/Lezus_Konrad : I&#39;m tripping out! (155,203,2)
[12:33:36]ADMIN: AlcaroIsAFrick/(Cool) modified Lezus_Konrad's color to from #000000 to 
[12:33:45]SAY: Poly/ : Breaking news from Station Announcements! (90,133,2)
[12:33:45]GAME: Lezus_Konrad/(Alden Is A Terrorist) (job: mason killer high class) committed suicide at Arrival Shuttle.
[12:33:45]EMOTE: Lezus_Konrad/(Alden Is A Terrorist) : <b>Alden Is A Terrorist</b> seizes up and falls limp, their eyes dead and lifeless... (155,203,2)
[12:33:45]ADMIN: AlcaroIsAFrick/(Cool) modified Lezus_Konrad's dir to from 2 to 1
[12:33:51]GAME: Alden Is A Terrorist/Lezus_Konrad used abandon mob.
[12:33:51]ACCESS: Mob Login: Lezus_Konrad/(new player) was assigned to a /mob/dead/new_player
[12:33:54]ACCESS: Mob Login: Lezus_Konrad/(Alden Is A Terrorist) was assigned to a /mob/living/carbon/human
[12:33:57]EMOTE: *no key*/(pug) : <b>Swanson</b> chases its tail. (113,82,2)
[12:33:58]SAY: Nobody's Perfect/ : Radar, put a mask on! (24,75,1)
[12:34:04]SAY: Ian/ : Bark! (141,122,2)
[12:34:10]EMOTE: *no key*/(monkey (891)) : <b>The monkey (891)</b> scratches. (167,81,2)
[12:34:12]EMOTE: *no key*/(monkey (602)) : <b>The monkey (602)</b> rolls. (130,167,5)
[12:34:13]SAY: Medibot/ : There&#39;s always a catch, and I&#39;m the best there is. (155,73,1)
[12:34:13]SAY: Poly/ : Don&#39;t believe the reports - smoke today! (87,130,2)
[12:34:23]SAY: Nobody's Perfect/ : I knew it, I should&#39;ve been a plastic surgeon. (24,75,1)
[12:34:24]EMOTE: *no key*/(Ian) : <b>Ian</b> chases its tail! (141,122,2)
[12:34:30]EMOTE: *no key*/(Mojo VIII) : <b>Mojo VIII</b> scratches. (146,156,2)
[12:34:32]EMOTE: *no key*/(monkey (761)) : <b>The monkey (761)</b> scratches. (129,171,5)
[12:34:40]SAY: Nobody's Perfect/ : What kind of medbay is this? Everyone&#39;s dropping like flies. (24,75,1)
[12:34:40]EMOTE: *no key*/(Runtime) : <b>Runtime</b> grooms its fur. (174,78,2)
[12:34:44]EMOTE: *no key*/(Poly) : <b>Poly</b> looks in the premium cigar's direction and takes flight. (87,130,2)
[12:34:47]GAME: <a href='?priv_msg=alcaroisafrick'>AlcaroIsAFrick</a>/(Cool) checked the player panel while in game.
[12:34:47]ADMIN: Lezus_Konrad/(Alden Is A Terrorist) jumped to AlcaroIsAFrick/(Cool)
[12:34:48]ADMIN: AlcaroIsAFrick/(Cool) healed / Revived Lezus_Konrad/(Alden Is A Terrorist).
[12:34:59]EMOTE: *no key*/(Citrus) : <b>Citrus</b> dozes off. (179,163,2)
[12:35:02]EMOTE: *no key*/(pug) : <b>Swanson</b> barks! (113,82,2)
[12:35:03]EMOTE: *no key*/(grey baby slime (94)) : <b>The grey baby slime (94)</b> vibrates! (119,102,2)
[12:35:04]EMOTE: *no key*/(Poly) : <b>Poly</b> squawks. (87,130,2)
[12:35:06]EMOTE: *no key*/(pug) : <b>Swanson</b> yaps. (113,82,2)
[12:35:15]EMOTE: *no key*/(Runtime) : <b>Runtime</b> wags its tail. (174,77,2)
[12:35:23]EMOTE: *no key*/(pug) : <b>Swanson</b> chases its tail. (113,81,2)
[12:35:33]EMOTE: *no key*/(Runtime) : <b>Runtime</b> crouches on its hind legs. (174,77,2)
[12:35:33]EMOTE: *no key*/(monkey (867)) : <b>The monkey (867)</b> waves her tail. (167,80,2)
[12:35:37]EMOTE: *no key*/(monkey (490)) : <b>The monkey (490)</b> jumps! (167,81,2)
[12:35:43]EMOTE: *no key*/(Poly) : <b>Poly</b> looks in the Power-ON cartridge's direction and takes flight. (87,130,2)
[12:35:52]EMOTE: *no key*/(monkey (602)) : <b>The monkey (602)</b> waves his tail. (129,167,5)
[12:35:56]EMOTE: *no key*/(Runtime) : <b>Runtime</b> stops resting. (174,77,2)
[12:36:06]EMOTE: *no key*/(crab) : <b>The crab</b> clicks. (189,98,5)
[12:36:06]SAY: mouse/ : SQUEEK! (209,169,2)
[12:36:12]EMOTE: *no key*/(crab) : <b>The crab</b> clicks. (198,107,5)
[12:36:12]EMOTE: *no key*/(grey baby slime (94)) : <b>The grey baby slime (94)</b> jiggles! (118,103,2)
[12:36:18]SAY: Medibot/ : There&#39;s always a catch, and I&#39;m the best there is. (154,73,1)
[12:36:18]EMOTE: *no key*/(monkey (490)) : <b>The monkey (490)</b> rolls. (167,81,2)
[12:36:22]EMOTE: *no key*/(Poly) : <b>Poly</b> bawks! (87,130,2)
[12:36:22]EMOTE: *no key*/(monkey (116)) : <b>The monkey (116)</b> scratches. (117,154,5)
[12:36:30]EMOTE: *no key*/(Runtime) : <b>Runtime</b> twitches its whiskers. (173,76,2)
[12:36:43]EMOTE: *no key*/(Poly) : <b>Poly</b> looks in the Power-ON cartridge's direction and takes flight. (87,130,2)
[12:36:45]EMOTE: *no key*/(grey baby slime (60)) : <b>The grey baby slime (60)</b> vibrates! (116,92,2)
[12:36:45]SAY: Poly/ : Try our new nougat bar! (87,130,2)
[12:36:46]EMOTE: *no key*/(monkey (283)) : <b>The monkey (283)</b> waves her tail. (132,167,5)
[12:36:48]EMOTE: *no key*/(monkey (116)) : <b>The monkey (116)</b> scratches. (117,154,5)
[12:36:53]EMOTE: *no key*/(monkey (84)) : <b>The monkey (84)</b> waves his tail. (191,58,2)
[12:36:57]EMOTE: *no key*/(crab) : <b>The crab</b> clacks. (188,98,5)
[12:36:57]SAY: Renault/ : Tchoff (159,133,2)
[12:37:09]EMOTE: *no key*/(Citrus) : <b>Citrus</b> looks around sleepily. (180,163,2)
[12:37:11]EMOTE: *no key*/(monkey (602)) : <b>The monkey (602)</b> rolls. (129,167,5)
[12:37:23]EMOTE: *no key*/(grey baby slime (60)) : <b>The grey baby slime (60)</b> vibrates! (115,92,2)
[12:37:35]SAY: grey baby slime (544)/ : Blorble... (111,103,2)
[12:37:41]EMOTE: *no key*/(Poly) : <b>Poly</b> looks in the Power-ON cartridge's direction and takes flight. (87,130,2)
[12:37:45]EMOTE: *no key*/(Mojo VIII) : <b>Mojo VIII</b> rolls. (149,154,2)
[12:37:48]EMOTE: *no key*/(crab) : <b>The crab</b> clicks. (177,101,5)
[12:37:50]SAY: emergency medibot/ : Delicious! (222,84,1)
[12:37:53]EMOTE: *no key*/(monkey (761)) : <b>The monkey (761)</b> scratches. (129,171,5)
[12:37:57]EMOTE: *no key*/(monkey (602)) : <b>The monkey (602)</b> jumps! (130,167,5)
[12:38:11]EMOTE: *no key*/(Mojo VIII) : <b>Mojo VIII</b> jumps! (149,152,2)
[12:38:18]GAME: <a href='?priv_msg=alcaroisafrick'>AlcaroIsAFrick</a>/(Cool) checked the player panel while in game.
[12:38:19]EMOTE: *no key*/(monkey (63)) : <b>The monkey (63)</b> waves his tail. (192,58,2)
[12:38:19]ADMIN: AlcaroIsAFrick/(Cool) healed / Revived Lezus_Konrad/(Alden Is A Terrorist).
[12:38:31]EMOTE: *no key*/(monkey (145)) : <b>The monkey (145)</b> jumps! (117,154,5)
[12:38:38]ACCESS: Logout: Lezus_Konrad/(Alden Is A Terrorist)
[12:38:39]EMOTE: *no key*/(monkey (490)) : <b>The monkey (490)</b> scratches. (167,80,2)
[12:38:41]EMOTE: *no key*/(Poly) : <b>Poly</b> looks in the burn patch's direction and takes flight. (87,130,2)
[12:38:45]EMOTE: *no key*/(monkey (891)) : <b>The monkey (891)</b> rolls. (167,79,2)
[12:38:45]EMOTE: *no key*/(monkey (490)) : <b>The monkey (490)</b> jumps! (167,80,2)
[12:38:47]EMOTE: *no key*/(monkey (602)) : <b>The monkey (602)</b> scratches. (129,167,5)
[12:38:51]EMOTE: *no key*/(crab) : <b>The crab</b> clacks. (177,101,5)
[12:39:03]EMOTE: *no key*/(monkey (271)) : <b>The monkey (271)</b> scratches. (193,58,2)
[12:39:03]EMOTE: *no key*/(monkey (867)) : <b>The monkey (867)</b> rolls. (167,81,2)
[12:39:03]EMOTE: *no key*/(monkey (490)) : <b>The monkey (490)</b> rolls. (167,80,2)
[12:39:16]SAY: Medibot/ : What kind of medbay is this? Everyone&#39;s dropping like flies. (155,73,1)
[12:39:17]EMOTE: *no key*/(monkey (891)) : <b>The monkey (891)</b> rolls. (167,80,2)
[12:39:24]EMOTE: *no key*/(Runtime) : <b>Runtime</b> meows (174,77,2)
[12:39:24]SAY: Nobody's Perfect/ : Radar, put a mask on! (24,75,1)
[12:39:27]EMOTE: *no key*/(monkey (891)) : <b>The monkey (891)</b> waves her tail. (167,80,2)
[12:39:29]EMOTE: *no key*/(monkey (283)) : <b>The monkey (283)</b> jumps! (133,167,5)
[12:39:31]EMOTE: *no key*/(monkey (145)) : <b>The monkey (145)</b> jumps! (117,154,5)
[12:39:41]EMOTE: *no key*/(Poly) : <b>Poly</b> looks in the Zippo lighter's direction and takes flight. (87,130,2)
[12:39:45]EMOTE: *no key*/(monkey (271)) : <b>The monkey (271)</b> rolls. (194,59,2)
[12:39:49]EMOTE: *no key*/(grey baby slime (94)) : <b>The grey baby slime (94)</b> lights up for a bit, then stops. (119,103,2)
[12:39:51]EMOTE: *no key*/(monkey (202)) : <b>The monkey (202)</b> waves his tail. (132,171,5)
[12:39:51]EMOTE: *no key*/(monkey (602)) : <b>The monkey (602)</b> rolls. (129,167,5)
[12:40:01]SAY: Swanson/ : Woof! (115,83,2)
[12:40:01]EMOTE: *no key*/(mouse) : <b>The mouse</b> shakes. (207,171,2)
[12:40:11]EMOTE: *no key*/(monkey (63)) : <b>The monkey (63)</b> waves his tail. (192,59,2)
[12:40:15]EMOTE: *no key*/(Citrus) : <b>Citrus</b> snores. (181,163,2)
[12:40:18]EMOTE: *no key*/(grey baby slime (544)) : <b>The grey baby slime (544)</b> bounces in place. (112,103,2)
[12:40:24]EMOTE: *no key*/(monkey (761)) : <b>The monkey (761)</b> jumps! (130,171,5)
[12:40:24]SAY: mouse/ : Squeek! (208,166,2)
[12:40:28]EMOTE: *no key*/(monkey (867)) : <b>The monkey (867)</b> rolls. (167,80,2)
[12:40:45]SAY: Poly/ : Don&#39;t believe the reports - smoke today! (87,130,2)
[12:40:51]SAY: Runtime/ : Purr! (176,78,2)
[12:40:51]SAY: Nobody's Perfect/ : There&#39;s always a catch, and I&#39;m the best there is. (24,75,1)
[12:41:02]EMOTE: *no key*/(monkey (145)) : <b>The monkey (145)</b> jumps! (117,154,5)
[12:41:11]EMOTE: *no key*/(monkey (867)) : <b>The monkey (867)</b> rolls. (167,81,2)
[12:41:17]EMOTE: *no key*/(monkey (283)) : <b>The monkey (283)</b> jumps! (133,167,5)
[12:41:23]EMOTE: *no key*/(monkey (867)) : <b>The monkey (867)</b> jumps! (167,80,2)
[12:41:27]EMOTE: *no key*/(monkey (202)) : <b>The monkey (202)</b> rolls. (133,171,5)
[12:41:39]SAY: Medibot/ : Radar, put a mask on! (154,73,1)
[12:41:46]EMOTE: *no key*/(monkey (891)) : <b>The monkey (891)</b> scratches. (167,81,2)
[12:42:04]EMOTE: *no key*/(monkey (145)) : <b>The monkey (145)</b> scratches. (116,154,5)
[12:42:06]ACCESS: Login: ARTHURPANDOLFI from 187.59.224.208-2576488010 || BYOND v511
[12:42:06]ACCESS: Mob Login: ARTHURPANDOLFI/(ARTHURPANDOLFI) was assigned to a /mob/dead/new_player
[12:42:16]ACCESS: Mob Login: ARTHURPANDOLFI/(Nelle Duncan) was assigned to a /mob/living/carbon/human
[12:42:27]EMOTE: *no key*/(Runtime) : <b>Runtime</b> shivers (174,77,2)
[12:42:37]EMOTE: *no key*/(Runtime) : <b>Runtime</b> lies down. (173,77,2)
[12:42:41]GAME: ARTHURPANDOLFI/(Nelle Duncan) planted C4 on floor at (155,203,2) with 10 second fuse
[12:42:41]EMOTE: *no key*/(crab) : <b>The crab</b> clicks. (182,98,5)
[12:42:43]SAY: Runtime/ : Meow! (173,77,2)
[12:42:43]SAY: Poly/ : Try our new nougat bar! (87,130,2)
[12:42:45]EMOTE: *no key*/(monkey (867)) : <b>The monkey (867)</b> jumps! (167,81,2)
[12:42:50]EMOTE: *no key*/(pug) : <b>Swanson</b> shakes its head. (113,82,2)
[12:42:51]GAME: Explosion with size (0, 0, 3, 0) in area Arrival Shuttle (155,203,2)
[12:42:51]EMOTE: Lezus_Konrad[DC]/(Alden Is A Terrorist) : <b>Alden Is A Terrorist</b> seizes up and falls limp, their eyes dead and lifeless... (155,203,2)
[12:42:51]GAME: Explosion with size (0, 0, 3, 0) in area Arrival Shuttle (155,203,2)
[12:42:51]GAME: Explosion with size (0, 0, 3, 0) in area Arrival Shuttle (155,203,2)
[12:42:51]GAME: Explosion with size (0, 0, 3, 0) in area Arrival Shuttle (155,203,2)
[12:42:52]GAME: Explosion with size (0, 0, 3, 0) in area Arrival Shuttle (155,203,2)
[12:42:52]GAME: Explosion with size (0, 0, 3, 0) in area Arrival Shuttle (155,203,2)
[12:42:52]GAME: Explosion with size (0, 0, 3, 0) in area Arrival Shuttle (155,203,2)
[12:42:52]GAME: Explosion with size (0, 0, 3, 0) in area Arrival Shuttle (155,203,2)
[12:42:52]GAME: Explosion with size (0, 0, 3, 0) in area Arrival Shuttle (155,203,2)
[12:42:52]GAME: Explosion with size (0, 0, 3, 0) in area Arrival Shuttle (155,203,2)
[12:42:53]GAME: Explosion with size (0, 0, 3, 0) in area Arrival Shuttle (155,203,2)
[12:42:53]GAME: Explosion with size (0, 0, 3, 0) in area Arrival Shuttle (155,203,2)
[12:42:53]GAME: Explosion with size (0, 0, 3, 0) in area Arrival Shuttle (155,203,2)
[12:42:53]GAME: Explosion with size (0, 0, 3, 0) in area Arrival Shuttle (155,203,2)
[12:42:53]EMOTE: AlcaroIsAFrick/(Cool) : <b>Cool</b> seizes up and falls limp, their eyes dead and lifeless... (155,203,2)
[12:42:53]ACCESS: Mob Login: AlcaroIsAFrick/(Cool) was assigned to a /mob/dead/observer
[12:42:53]GAME: Explosion with size (0, 0, 3, 0) in area Arrival Shuttle (155,203,2)
[12:42:54]GAME: Explosion with size (0, 0, 3, 0) in area Arrival Shuttle (155,203,2)
[12:42:54]GAME: Explosion with size (0, 0, 3, 0) in area Arrival Shuttle (155,203,2)
[12:42:56]GAME: Explosion with size (0, 0, 3, 0) in area Arrival Shuttle (155,203,2)
[12:42:56]GAME: Explosion with size (0, 0, 3, 0) in area Arrival Shuttle (155,203,2)
[12:42:57]GAME: Explosion with size (0, 0, 3, 0) in area Arrival Shuttle (155,203,2)
[12:42:57]ACCESS: Mob Login: AlcaroIsAFrick/(Cool) was assigned to a /mob/living/carbon/human
[12:43:01]GAME: Explosion with size (0, 0, 3, 0) in area Arrival Shuttle (155,203,2)
[12:43:02]SAY: Poly/ : Don&#39;t believe the reports - smoke today! (87,130,2)
[12:43:03]ADMIN: AlcaroIsAFrick/(Cool) has entered build mode.
[12:43:05]ADMIN: Build Mode: AlcaroIsAFrick/(Cool) built the wall at (158,200,2)
[12:43:06]GAME: Explosion with size (0, 0, 3, 0) in area Space (155,203,2)
[12:43:06]ADMIN: Build Mode: AlcaroIsAFrick/(Cool) built the wall at (157,202,2)
[12:43:07]EMOTE: *no key*/(crab) : <b>The crab</b> clicks. (182,98,5)
[12:43:07]ADMIN: Build Mode: AlcaroIsAFrick/(Cool) deleted the grille at (158,203,2)
[12:43:08]ADMIN: Build Mode: AlcaroIsAFrick/(Cool) built the wall at (158,203,2)
[12:43:12]ADMIN: Build Mode: AlcaroIsAFrick/(Cool) built the wall at (157,207,2)
[12:43:15]EMOTE: *no key*/(Poly) : <b>Poly</b> flutters its wings. (87,130,2)
[12:43:16]GAME: Unknown/AlcaroIsAFrick used abandon mob.
[12:43:16]ACCESS: Mob Login: AlcaroIsAFrick/(new player) was assigned to a /mob/dead/new_player
[12:43:20]EMOTE: *no key*/(monkey (63)) : <b>The monkey (63)</b> rolls. (193,58,2)
[12:43:21]SAY: Poly/ : Twice the calories for half the price! (87,130,2)
[12:43:26]ACCESS: Mob Login: AlcaroIsAFrick/(Cool) was assigned to a /mob/living/carbon/human
[12:43:30]EMOTE: *no key*/(Ian) : <b>Ian</b> dances around. (144,122,2)
[12:43:34]ADMIN: AlcaroIsAFrick/(Cool) has entered build mode.
[12:43:35]ADMIN: Build Mode: AlcaroIsAFrick/(Cool) built the wall at (156,205,2)
[12:43:35]ADMIN: Build Mode: AlcaroIsAFrick/(Cool) built the wall at (156,204,2)
[12:43:36]ADMIN: Build Mode: AlcaroIsAFrick/(Cool) built the wall at (156,203,2)
[12:43:36]ADMIN: Build Mode: AlcaroIsAFrick/(Cool) built the wall at (156,202,2)
[12:43:37]ADMIN: Build Mode: AlcaroIsAFrick/(Cool) built the floor at (155,203,2)
[12:43:40]EMOTE: *no key*/(monkey (283)) : <b>The monkey (283)</b> scratches. (133,167,5)
[12:43:44]ADMIN: Build Mode: AlcaroIsAFrick/(Cool) built the wall at (156,201,2)
[12:43:44]EMOTE: *no key*/(monkey (63)) : <b>The monkey (63)</b> jumps! (193,59,2)
[12:43:45]EMOTE: *no key*/(crab) : <b>The crab</b> clicks. (181,101,5)
[12:43:55]ADMIN: AlcaroIsAFrick/(Cool) has entered build mode.
[12:43:55]SAY: Medibot/ : Radar, put a mask on! (154,73,1)
[12:44:02]SAY: emergency medibot/ : Delicious! (222,84,1)
[12:44:06]SAY: Runtime/ : Meow! (173,77,2)
[12:44:06]EMOTE: *no key*/(Runtime) : <b>Runtime</b> looks alert. (173,77,2)
[12:44:13]EMOTE: *no key*/(monkey (116)) : <b>The monkey (116)</b> rolls. (116,154,5)
[12:44:13]EMOTE: *no key*/(Runtime) : <b>Runtime</b> gets up and meows. (173,77,2)
[12:44:17]EMOTE: ARTHURPANDOLFI/(Nelle Duncan) : <b>Nelle Duncan</b> gasps! (155,203,2)
[12:44:19]EMOTE: ARTHURPANDOLFI/(Nelle Duncan) : <b>Nelle Duncan</b> gasps! (155,206,2)
[12:44:25]ADMIN: Build Mode: AlcaroIsAFrick/(Cool) modified the wall (157,207,2) to /turf/closed/indestructible/riveted
[12:44:25]EMOTE: *no key*/(monkey (283)) : <b>The monkey (283)</b> jumps! (133,167,5)
[12:44:26]ADMIN: Build Mode: AlcaroIsAFrick/(Cool) modified the wall (156,207,2) to /turf/closed/indestructible/riveted
[12:44:26]ADMIN: Build Mode: AlcaroIsAFrick/(Cool) modified the plating (156,206,2) to /turf/closed/indestructible/riveted
[12:44:29]EMOTE: *no key*/(monkey (602)) : <b>The monkey (602)</b> scratches. (129,167,5)
[12:44:29]ADMIN: Build Mode: AlcaroIsAFrick/(Cool) modified the wall (156,206,2) to /turf/closed/indestructible/riveted
[12:44:30]ADMIN: Build Mode: AlcaroIsAFrick/(Cool) modified the wall (156,205,2) to /turf/closed/indestructible/riveted
[12:44:30]ADMIN: Build Mode: AlcaroIsAFrick/(Cool) modified the wall (156,205,2) to /turf/closed/indestructible/riveted
[12:44:31]ADMIN: Build Mode: AlcaroIsAFrick/(Cool) modified the wall (156,204,2) to /turf/closed/indestructible/riveted
[12:44:31]ADMIN: Build Mode: AlcaroIsAFrick/(Cool) modified the wall (156,203,2) to /turf/closed/indestructible/riveted
[12:44:31]ADMIN: Build Mode: AlcaroIsAFrick/(Cool) modified the wall (156,203,2) to /turf/closed/indestructible/riveted
[12:44:31]ADMIN: Build Mode: AlcaroIsAFrick/(Cool) modified the wall (156,203,2) to /turf/closed/indestructible/riveted
[12:44:31]ADMIN: Build Mode: AlcaroIsAFrick/(Cool) modified the wall (156,203,2) to /turf/closed/indestructible/riveted
[12:44:32]ADMIN: Build Mode: AlcaroIsAFrick/(Cool) modified the wall (156,202,2) to /turf/closed/indestructible/riveted
[12:44:32]ADMIN: Build Mode: AlcaroIsAFrick/(Cool) modified the wall (156,202,2) to /turf/closed/indestructible/riveted
[12:44:32]ADMIN: Build Mode: AlcaroIsAFrick/(Cool) modified the wall (156,202,2) to /turf/closed/indestructible/riveted
[12:44:32]ADMIN: Build Mode: AlcaroIsAFrick/(Cool) modified the wall (156,201,2) to /turf/closed/indestructible/riveted
[12:44:33]EMOTE: ARTHURPANDOLFI/(Nelle Duncan) : <b>Nelle Duncan</b> gasps! (155,208,2)
[12:44:33]ADMIN: Build Mode: AlcaroIsAFrick/(Cool) modified the wall (156,200,2) to /turf/closed/indestructible/riveted
[12:44:33]SAY: Medibot/ : Delicious! (155,73,1)
[12:44:33]ADMIN: Build Mode: AlcaroIsAFrick/(Cool) modified the wall (156,199,2) to /turf/closed/indestructible/riveted
[12:44:34]ADMIN: Build Mode: AlcaroIsAFrick/(Cool) modified the wall (155,199,2) to /turf/closed/indestructible/riveted
[12:44:34]ADMIN: Build Mode: AlcaroIsAFrick/(Cool) modified the wall (154,199,2) to /turf/closed/indestructible/riveted
[12:44:35]EMOTE: ARTHURPANDOLFI/(Nelle Duncan) : <b>Nelle Duncan</b> gasps! (155,208,2)
[12:44:35]EMOTE: *no key*/(crab) : <b>The crab</b> clacks. (198,107,5)
[12:44:38]GAME: <a href='?priv_msg=alcaroisafrick'>AlcaroIsAFrick</a>/(Cool) checked the player panel while in game.
[12:44:39]ADMIN: AlcaroIsAFrick/(Cool) healed / Revived ARTHURPANDOLFI/(Nelle Duncan).
[12:44:41]GAME: <a href='?priv_msg=alcaroisafrick'>AlcaroIsAFrick</a>/(Cool) checked the player panel while in game.
[12:44:42]ADMIN: AlcaroIsAFrick/(Cool) healed / Revived AlcaroIsAFrick/(Cool).
[12:44:49]ADMIN: AlcaroIsAFrick/(Cool) has entered build mode.
[12:44:49]SAY: grey baby slime (60)/ : Rawr... (116,91,2)
[12:44:54]SAY: Renault/ : Tchoff (163,133,2)
[12:44:59]EMOTE: *no key*/(grey baby slime (60)) : <b>The grey baby slime (60)</b> jiggles! (116,92,2)
[12:45:02]EMOTE: AlcaroIsAFrick/(Cool) : <b>Cool</b> seizes up and falls limp, their eyes dead and lifeless... (150,208,2)
[12:45:02]ACCESS: Mob Login: AlcaroIsAFrick/(Cool) was assigned to a /mob/dead/observer
[12:45:04]EMOTE: *no key*/(monkey (602)) : <b>The monkey (602)</b> waves his tail. (129,167,5)
[12:45:05]ADMIN: AlcaroIsAFrick/(Cool) has entered build mode.
[12:45:06]EMOTE: *no key*/(pug) : <b>Swanson</b> chases its tail. (116,83,2)
[12:45:07]SAY: Poly/ : Twice the calories for half the price! (87,130,2)
[12:45:09]EMOTE: *no key*/(crab) : <b>The crab</b> clicks. (195,107,5)
[12:45:13]ADMIN: Build Mode: AlcaroIsAFrick/(Cool) modified the plating (158,207,2) to /turf/closed/indestructible/riveted
[12:45:14]ADMIN: Build Mode: AlcaroIsAFrick/(Cool) modified the plating (159,207,2) to /turf/closed/indestructible/riveted
[12:45:14]EMOTE: *no key*/(monkey (63)) : <b>The monkey (63)</b> waves his tail. (195,59,2)
[12:45:14]ADMIN: Build Mode: AlcaroIsAFrick/(Cool) modified the plating (158,206,2) to /turf/closed/indestructible/riveted
[12:45:15]ADMIN: Build Mode: AlcaroIsAFrick/(Cool) modified the plating (158,205,2) to /turf/closed/indestructible/riveted
[12:45:15]ADMIN: Build Mode: AlcaroIsAFrick/(Cool) modified the plating (158,204,2) to /turf/closed/indestructible/riveted
[12:45:16]ADMIN: Build Mode: AlcaroIsAFrick/(Cool) modified the wall (158,203,2) to /turf/closed/indestructible/riveted
[12:45:16]ADMIN: Build Mode: AlcaroIsAFrick/(Cool) modified the plating (158,202,2) to /turf/closed/indestructible/riveted
[12:45:16]ADMIN: Build Mode: AlcaroIsAFrick/(Cool) modified the plating (159,202,2) to /turf/closed/indestructible/riveted
[12:45:18]ADMIN: Build Mode: AlcaroIsAFrick/(Cool) modified the plating (157,200,2) to /turf/closed/indestructible/riveted
[12:45:18]ADMIN: Build Mode: AlcaroIsAFrick/(Cool) modified the plating (159,200,2) to /turf/closed/indestructible/riveted
[12:45:20]ADMIN: Build Mode: AlcaroIsAFrick/(Cool) modified the plating (159,199,2) to /turf/closed/indestructible/riveted
[12:45:22]ADMIN: Build Mode: AlcaroIsAFrick/(Cool) modified the plating (157,209,2) to /turf/closed/indestructible/riveted
[12:45:22]ADMIN: Build Mode: AlcaroIsAFrick/(Cool) modified the plating (158,209,2) to /turf/closed/indestructible/riveted
[12:45:23]ADMIN: Build Mode: AlcaroIsAFrick/(Cool) modified the plating (159,209,2) to /turf/closed/indestructible/riveted
[12:45:24]ADMIN: Build Mode: AlcaroIsAFrick/(Cool) modified the plating (159,210,2) to /turf/closed/indestructible/riveted
[12:45:26]ADMIN: Build Mode: AlcaroIsAFrick/(Cool) modified the wall (148,209,2) to /turf/closed/indestructible/riveted
[12:45:26]EMOTE: *no key*/(monkey (602)) : <b>The monkey (602)</b> scratches. (130,167,5)
[12:45:26]ADMIN: Build Mode: AlcaroIsAFrick/(Cool) modified the wall (148,210,2) to /turf/closed/indestructible/riveted
[12:45:27]ADMIN: Build Mode: AlcaroIsAFrick/(Cool) modified the wall (149,210,2) to /turf/closed/indestructible/riveted
[12:45:27]SAY: Medibot/ : What kind of medbay is this? Everyone&#39;s dropping like flies. (155,73,1)
[12:45:27]ADMIN: Build Mode: AlcaroIsAFrick/(Cool) modified the plating (150,210,2) to /turf/closed/indestructible/riveted
[12:45:28]ADMIN: Build Mode: AlcaroIsAFrick/(Cool) modified the plating (151,210,2) to /turf/closed/indestructible/riveted
[12:45:28]EMOTE: *no key*/(pug) : <b>Swanson</b> chases its tail. (116,83,2)
[12:45:28]ADMIN: Build Mode: AlcaroIsAFrick/(Cool) modified the floor (152,209,2) to /turf/closed/indestructible/riveted
[12:45:29]ADMIN: Build Mode: AlcaroIsAFrick/(Cool) modified the plating (153,210,2) to /turf/closed/indestructible/riveted
[12:45:30]ADMIN: Build Mode: AlcaroIsAFrick/(Cool) modified the wall (152,210,2) to /turf/closed/indestructible/riveted
[12:45:31]ADMIN: Build Mode: AlcaroIsAFrick/(Cool) modified the wall (153,210,2) to /turf/closed/indestructible/riveted
[12:45:31]ADMIN: Build Mode: AlcaroIsAFrick/(Cool) modified the wall (153,210,2) to /turf/closed/indestructible/riveted
[12:45:31]ADMIN: Build Mode: AlcaroIsAFrick/(Cool) modified the plating (154,210,2) to /turf/closed/indestructible/riveted
[12:45:31]ADMIN: Build Mode: AlcaroIsAFrick/(Cool) modified the wall (154,210,2) to /turf/closed/indestructible/riveted
[12:45:31]ADMIN: Build Mode: AlcaroIsAFrick/(Cool) modified the wall (155,210,2) to /turf/closed/indestructible/riveted
[12:45:31]ADMIN: Build Mode: AlcaroIsAFrick/(Cool) modified the wall (155,210,2) to /turf/closed/indestructible/riveted
[12:45:31]ADMIN: Build Mode: AlcaroIsAFrick/(Cool) modified the wall (155,210,2) to /turf/closed/indestructible/riveted
[12:45:32]ADMIN: Build Mode: AlcaroIsAFrick/(Cool) modified the wall (155,210,2) to /turf/closed/indestructible/riveted
[12:45:32]ADMIN: Build Mode: AlcaroIsAFrick/(Cool) modified the wall (156,210,2) to /turf/closed/indestructible/riveted
[12:45:33]ADMIN: Build Mode: AlcaroIsAFrick/(Cool) modified the wall (156,209,2) to /turf/closed/indestructible/riveted
[12:45:35]ADMIN: Build Mode: AlcaroIsAFrick/(Cool) modified the plating (147,207,2) to /turf/closed/indestructible/riveted
[12:45:35]ADMIN: Build Mode: AlcaroIsAFrick/(Cool) modified the plating (146,207,2) to /turf/closed/indestructible/riveted
[12:45:36]ADMIN: Build Mode: AlcaroIsAFrick/(Cool) modified the plating (145,207,2) to /turf/closed/indestructible/riveted
[12:45:36]ADMIN: Build Mode: AlcaroIsAFrick/(Cool) modified the plating (146,206,2) to /turf/closed/indestructible/riveted
[12:45:36]ADMIN: Build Mode: AlcaroIsAFrick/(Cool) modified the plating (146,205,2) to /turf/closed/indestructible/riveted
[12:45:37]ADMIN: Build Mode: AlcaroIsAFrick/(Cool) modified the plating (146,204,2) to /turf/closed/indestructible/riveted
[12:45:38]ADMIN: Build Mode: AlcaroIsAFrick/(Cool) modified the plating (146,203,2) to /turf/closed/indestructible/riveted
[12:45:38]EMOTE: *no key*/(Ian) : <b>Ian</b> yaps. (144,122,2)
[12:45:38]ADMIN: Build Mode: AlcaroIsAFrick/(Cool) modified the plating (146,202,2) to /turf/closed/indestructible/riveted
[12:45:38]ADMIN: Build Mode: AlcaroIsAFrick/(Cool) modified the plating (145,202,2) to /turf/closed/indestructible/riveted
[12:45:39]ADMIN: Build Mode: AlcaroIsAFrick/(Cool) modified the plating (147,202,2) to /turf/closed/indestructible/riveted
[12:45:40]ADMIN: Build Mode: AlcaroIsAFrick/(Cool) modified the plating (145,199,2) to /turf/closed/indestructible/riveted
[12:45:40]ADMIN: Build Mode: AlcaroIsAFrick/(Cool) modified the plating (145,200,2) to /turf/closed/indestructible/riveted
[12:45:41]EMOTE: *no key*/(monkey (490)) : <b>The monkey (490)</b> scratches. (167,79,2)
[12:45:41]ADMIN: Build Mode: AlcaroIsAFrick/(Cool) modified the plating (146,200,2) to /turf/closed/indestructible/riveted
[12:45:41]ADMIN: Build Mode: AlcaroIsAFrick/(Cool) modified the plating (147,200,2) to /turf/closed/indestructible/riveted
[12:45:42]ADMIN: Build Mode: AlcaroIsAFrick/(Cool) modified the plating (145,209,2) to /turf/closed/indestructible/riveted
[12:45:43]EMOTE: *no key*/(pug) : <b>Swanson</b> chases its tail. (116,83,2)
[12:45:43]ADMIN: Build Mode: AlcaroIsAFrick/(Cool) modified the plating (146,209,2) to /turf/closed/indestructible/riveted
[12:45:43]ADMIN: Build Mode: AlcaroIsAFrick/(Cool) modified the plating (147,209,2) to /turf/closed/indestructible/riveted
[12:45:44]ADMIN: Build Mode: AlcaroIsAFrick/(Cool) modified the plating (145,210,2) to /turf/closed/indestructible/riveted
[12:45:46]SAY: Medibot/ : I knew it, I should&#39;ve been a plastic surgeon. (155,73,1)
[12:45:49]GAME: Cool/AlcaroIsAFrick used abandon mob.
[12:45:49]ACCESS: Mob Login: AlcaroIsAFrick/(new player) was assigned to a /mob/dead/new_player
[12:45:51]SAY: Poly/ : Don&#39;t believe the reports - smoke today! (87,130,2)
[12:45:51]ACCESS: Mob Login: AlcaroIsAFrick/(Cool) was assigned to a /mob/living/carbon/human
[12:45:58]GAME: Explosion with size (0, 1, 5, 5) in area Arrival Shuttle Hallway (156,193,2)
[12:46:06]EMOTE: *no key*/(monkey (63)) : <b>The monkey (63)</b> scratches. (195,59,2)
[12:46:08]EMOTE: *no key*/(monkey (602)) : <b>The monkey (602)</b> jumps! (130,167,5)
[12:46:10]SAY: emergency medibot/ : Radar, put a mask on! (222,84,1)
[12:46:27]ADMIN: AlcaroIsAFrick/(Cool) has entered build mode.
[12:46:29]ADMIN: Build Mode: AlcaroIsAFrick/(Cool) built the wall at (156,194,2)
[12:46:30]ADMIN: Build Mode: AlcaroIsAFrick/(Cool) built the reinforced wall at (156,194,2)
[12:46:31]ADMIN: Build Mode: AlcaroIsAFrick/(Cool) built the reinforced wall at (156,194,2)
[12:46:32]ADMIN: Build Mode: AlcaroIsAFrick/(Cool) built the reinforced wall at (156,194,2)
[12:46:32]ADMIN: Build Mode: AlcaroIsAFrick/(Cool) deleted the girder at (156,194,2)
[12:46:34]ADMIN: Build Mode: AlcaroIsAFrick/(Cool) deleted the girder at (158,194,2)
[12:46:34]ADMIN: Build Mode: AlcaroIsAFrick/(Cool) built the wall at (158,194,2)
[12:46:34]ADMIN: Build Mode: AlcaroIsAFrick/(Cool) built the reinforced wall at (158,194,2)
[12:46:35]ADMIN: Build Mode: AlcaroIsAFrick/(Cool) built the reinforced wall at (159,194,2)
[12:46:36]ADMIN: Build Mode: AlcaroIsAFrick/(Cool) built the reinforced wall at (159,195,2)
[12:46:42]EMOTE: *no key*/(mouse) : <b>The mouse</b> squeeks. (212,164,2)
[12:46:45]EMOTE: *no key*/(monkey (271)) : <b>The monkey (271)</b> waves his tail. (193,58,2)
[12:46:45]EMOTE: *no key*/(Runtime) : <b>Runtime</b> sits down. (176,78,2)
[12:46:47]EMOTE: *no key*/(Runtime) : <b>Runtime</b> walks around. (176,78,2)
[12:46:50]GAME: Explosion with size (0, 1, 5, 5) in area Arrival Shuttle Hallway (149,193,2)
[12:46:52]GAME: Explosion with size (0, 1, 5, 5) in area Arrival Shuttle Hallway (150,193,2)
[12:46:52]GAME: Explosion with size (0, 1, 5, 5) in area Arrival Shuttle Hallway (151,193,2)
[12:46:52]GAME: Explosion with size (0, 1, 5, 5) in area Arrival Shuttle Hallway (150,193,2)
[12:46:53]SAY: Ian/ : Woof! (144,122,2)
[12:46:53]GAME: Explosion with size (0, 1, 5, 5) in area Arrival Shuttle Hallway (150,193,2)
[12:47:20]SAY: mouse/ : SQUEEK! (208,170,2)
[12:47:25]EMOTE: *no key*/(Citrus) : <b>Citrus</b> yawns. (179,161,2)
[12:47:32]EMOTE: *no key*/(monkey (116)) : <b>The monkey (116)</b> scratches. (117,154,5)
[12:47:36]EMOTE: *no key*/(Mojo VIII) : <b>Mojo VIII</b> waves its tail. (149,155,2)
[12:47:42]EMOTE: *no key*/(monkey (761)) : <b>The monkey (761)</b> scratches. (129,171,5)
[12:47:44]ADMIN: AlcaroIsAFrick/(Cool) has entered build mode.
[12:47:44]EMOTE: *no key*/(monkey (283)) : <b>The monkey (283)</b> jumps! (133,167,5)
[12:47:59]ADMIN: Build Mode: AlcaroIsAFrick/(Cool) modified the fuel tank's (161,217,2) dir to 2
[12:47:59]ADMIN: Build Mode: AlcaroIsAFrick/(Cool) modified the fuel tank's (161,217,2) dir to 2
[12:48:00]ADMIN: Build Mode: AlcaroIsAFrick/(Cool) modified the fuel tank's (161,217,2) dir to 2
[12:48:00]ADMIN: Build Mode: AlcaroIsAFrick/(Cool) modified the fuel tank's (161,217,2) dir to 2
[12:48:00]ADMIN: Build Mode: AlcaroIsAFrick/(Cool) modified the fuel tank's (161,217,2) dir to 2
[12:48:00]ADMIN: Build Mode: AlcaroIsAFrick/(Cool) modified the fuel tank's (161,217,2) dir to 2
[12:48:00]ADMIN: Build Mode: AlcaroIsAFrick/(Cool) modified the fuel tank's (161,217,2) dir to 2
[12:48:01]ADMIN: Build Mode: AlcaroIsAFrick/(Cool) modified the fuel tank's (161,217,2) dir to 2
[12:48:01]ADMIN: Build Mode: AlcaroIsAFrick/(Cool) modified the fuel tank's (161,217,2) dir to 2
[12:48:01]ADMIN: Build Mode: AlcaroIsAFrick/(Cool) modified the fuel tank's (161,217,2) dir to 2
[12:48:01]ADMIN: Build Mode: AlcaroIsAFrick/(Cool) modified the fuel tank's (161,217,2) dir to 2
[12:48:01]ADMIN: Build Mode: AlcaroIsAFrick/(Cool) modified the fuel tank's (161,217,2) dir to 2
[12:48:02]ADMIN: Build Mode: AlcaroIsAFrick/(Cool) modified the fuel tank's (161,217,2) dir to 2
[12:48:02]ADMIN: Build Mode: AlcaroIsAFrick/(Cool) modified the fuel tank's (161,217,2) dir to 2
[12:48:02]ADMIN: Build Mode: AlcaroIsAFrick/(Cool) modified the fuel tank's (161,217,2) dir to 2
[12:48:02]ADMIN: Build Mode: AlcaroIsAFrick/(Cool) modified the fuel tank's (161,217,2) dir to 2
[12:48:02]ADMIN: Build Mode: AlcaroIsAFrick/(Cool) modified the fuel tank's (161,217,2) dir to 2
[12:48:03]ADMIN: Build Mode: AlcaroIsAFrick/(Cool) modified the fuel tank's (161,217,2) dir to 2
[12:48:03]ADMIN: Build Mode: AlcaroIsAFrick/(Cool) modified the fuel tank's (161,217,2) dir to 2
[12:48:03]ADMIN: Build Mode: AlcaroIsAFrick/(Cool) modified the fuel tank's (161,217,2) dir to 2
[12:48:03]ADMIN: Build Mode: AlcaroIsAFrick/(Cool) modified the fuel tank's (161,217,2) dir to 2
[12:48:03]ADMIN: Build Mode: AlcaroIsAFrick/(Cool) modified the fuel tank's (161,217,2) dir to 2
[12:48:04]ADMIN: Build Mode: AlcaroIsAFrick/(Cool) modified the fuel tank's (161,217,2) dir to 2
[12:48:04]ADMIN: Build Mode: AlcaroIsAFrick/(Cool) modified the fuel tank's (161,216,2) dir to 2
[12:48:04]ADMIN: Build Mode: AlcaroIsAFrick/(Cool) modified the fuel tank's (161,215,2) dir to 2
[12:48:04]ADMIN: Build Mode: AlcaroIsAFrick/(Cool) modified the fuel tank's (161,215,2) dir to 2
[12:48:05]ADMIN: Build Mode: AlcaroIsAFrick/(Cool) modified the fuel tank's (161,214,2) dir to 2
[12:48:05]ADMIN: Build Mode: AlcaroIsAFrick/(Cool) modified the fuel tank's (161,214,2) dir to 2
[12:48:05]ADMIN: Build Mode: AlcaroIsAFrick/(Cool) modified the fuel tank's (161,213,2) dir to 2
[12:48:05]ADMIN: Build Mode: AlcaroIsAFrick/(Cool) modified the fuel tank's (161,213,2) dir to 2
[12:48:05]ADMIN: Build Mode: AlcaroIsAFrick/(Cool) modified the fuel tank's (161,213,2) dir to 2
[12:48:05]ADMIN: Build Mode: AlcaroIsAFrick/(Cool) modified the fuel tank's (161,212,2) dir to 2
[12:48:06]ADMIN: Build Mode: AlcaroIsAFrick/(Cool) modified the fuel tank's (161,212,2) dir to 2
[12:48:06]ADMIN: Build Mode: AlcaroIsAFrick/(Cool) modified the fuel tank's (161,211,2) dir to 2
[12:48:06]ADMIN: Build Mode: AlcaroIsAFrick/(Cool) modified the fuel tank's (161,212,2) dir to 2
[12:48:06]ADMIN: Build Mode: AlcaroIsAFrick/(Cool) modified the fuel tank's (161,213,2) dir to 2
[12:48:07]ADMIN: Build Mode: AlcaroIsAFrick/(Cool) modified the fuel tank's (161,214,2) dir to 2
[12:48:07]ADMIN: Build Mode: AlcaroIsAFrick/(Cool) modified the fuel tank's (161,215,2) dir to 2
[12:48:07]ADMIN: Build Mode: AlcaroIsAFrick/(Cool) modified the fuel tank's (161,217,2) dir to 2
[12:48:07]ADMIN: Build Mode: AlcaroIsAFrick/(Cool) modified the fuel tank's (161,217,2) dir to 2
[12:48:07]ADMIN: Build Mode: AlcaroIsAFrick/(Cool) modified the fuel tank's (161,218,2) dir to 2
[12:48:08]ADMIN: Build Mode: AlcaroIsAFrick/(Cool) modified the fuel tank's (161,219,2) dir to 2
[12:48:08]EMOTE: *no key*/(Runtime) : <b>Runtime</b> crouches on its hind legs. (174,78,2)
[12:48:08]GAME: Explosion with size (0, 1, 5, 5) in area Escape Pod Two (161,217,2)
[12:48:08]GAME: Explosion with size (0, 1, 5, 5) in area Escape Pod Two (161,217,2)
[12:48:08]GAME: Explosion with size (0, 1, 5, 5) in area Escape Pod Two (161,218,2)
[12:48:09]GAME: Explosion with size (0, 1, 5, 5) in area Arrival Shuttle Hallway (161,216,2)
[12:48:09]GAME: Explosion with size (0, 1, 5, 5) in area Escape Pod Two (161,217,2)
[12:48:09]GAME: Explosion with size (0, 1, 5, 5) in area Arrival Shuttle Hallway (161,216,2)
[12:48:09]GAME: Explosion with size (0, 1, 5, 5) in area Escape Pod Two (161,219,2)
[12:48:09]GAME: Explosion with size (0, 0, 3, 0) in area Escape Pod Two (161,218,2)
[12:48:09]GAME: Explosion with size (0, 1, 5, 5) in area Escape Pod Two (161,217,2)
[12:48:09]GAME: Explosion with size (0, 1, 5, 5) in area Arrival Shuttle Hallway (161,215,2)
[12:48:09]GAME: Explosion with size (0, 0, 3, 0) in area Escape Pod Two (161,218,2)
[12:48:09]EMOTE: ARTHURPANDOLFI/(Nelle Duncan) : <b>Nelle Duncan</b> seizes up and falls limp, their eyes dead and lifeless... (161,218,2)
[12:48:10]GAME: Explosion with size (0, 1, 5, 5) in area Arrival Shuttle Hallway (161,213,2)
[12:48:10]GAME: Explosion with size (0, 1, 5, 5) in area Arrival Shuttle Hallway (161,212,2)
[12:48:10]GAME: Explosion with size (0, 1, 5, 5) in area Arrival Shuttle Hallway (161,211,2)
[12:48:10]GAME: Explosion with size (0, 1, 5, 5) in area Escape Pod Two (161,217,2)
[12:48:10]EMOTE: AlcaroIsAFrick/(Cool) : <b>Cool</b> seizes up and falls limp, their eyes dead and lifeless... (160,214,2)
[12:48:10]ACCESS: Mob Login: AlcaroIsAFrick/(Cool) was assigned to a /mob/dead/observer
[12:48:11]ACCESS: Mob Login: ARTHURPANDOLFI/(Nelle Duncan) was assigned to a /mob/dead/observer
[12:48:11]GAME: Explosion with size (0, 1, 5, 5) in area Arrival Shuttle Hallway (161,213,2)
[12:48:11]GAME: Explosion with size (0, 0, 3, 0) in area Escape Pod Two (161,218,2)
[12:48:11]GAME: Explosion with size (0, 1, 5, 5) in area Arrival Shuttle Hallway (161,215,2)
[12:48:14]GAME: Explosion with size (0, 1, 5, 5) in area Arrival Shuttle Hallway (161,212,2)
[12:48:15]GAME: Explosion with size (0, 1, 5, 5) in area Escape Pod Two (161,217,2)
[12:48:15]GAME: Explosion with size (0, 1, 5, 5) in area Escape Pod Two (161,217,2)
[12:48:15]GAME: Explosion with size (0, 1, 5, 5) in area Arrival Shuttle Hallway (161,212,2)
[12:48:15]GAME: Explosion with size (0, 1, 5, 5) in area Arrival Shuttle Hallway (161,215,2)
[12:48:16]GAME: Explosion with size (0, 0, 3, 0) in area Escape Pod Two (161,218,2)
[12:48:16]GAME: Explosion with size (0, 1, 5, 5) in area Arrival Shuttle Hallway (161,213,2)
[12:48:18]GAME: Explosion with size (0, 1, 5, 5) in area Escape Pod Two (161,217,2)
[12:48:18]GAME: Explosion with size (0, 1, 5, 5) in area Escape Pod Two (161,217,2)
[12:48:18]ADMIN: AlcaroIsAFrick/(Cool) has entered build mode.
[12:48:18]GAME: Explosion with size (0, 1, 5, 5) in area Escape Pod Two (161,217,2)
[12:48:18]GAME: Explosion with size (0, 1, 5, 5) in area Arrival Shuttle Hallway (161,214,2)
[12:48:20]ADMIN: AlcaroIsAFrick/(Cool) has left build mode.
[12:48:20]GAME: Explosion with size (0, 1, 5, 5) in area Arrival Shuttle Hallway (161,213,2)
[12:48:20]GAME: Explosion with size (0, 0, 3, 0) in area Escape Pod Two (161,218,2)
[12:48:20]GAME: Explosion with size (0, 0, 3, 0) in area Escape Pod Two (161,218,2)
[12:48:22]SAY: grey baby slime (94)/ : Lonely... (118,101,2)
[12:48:25]GAME: Explosion with size (0, 1, 5, 5) in area Escape Pod Two (161,217,2)
[12:48:25]GAME: Explosion with size (0, 1, 5, 5) in area Arrival Shuttle Hallway (161,214,2)
[12:48:26]GAME: Explosion with size (0, 1, 5, 5) in area Escape Pod Two (161,217,2)
[12:48:32]ACCESS: Mob Login: ARTHURPANDOLFI/(Nelle Duncan) was assigned to a /mob/living/carbon/human
[12:48:35]SAY: Nobody's Perfect/ : Delicious! (24,75,1)
[12:48:36]ACCESS: Mob Login: ARTHURPANDOLFI/(Nelle Duncan) was assigned to a /mob/dead/observer
[12:48:37]EMOTE: *no key*/(crab) : <b>The crab</b> clicks. (194,107,5)
[12:48:38]EMOTE: *no key*/(crab) : <b>The crab</b> clacks. (187,98,5)
[12:48:38]GAME: Explosion with size (0, 1, 5, 5) in area Escape Pod Two (161,217,2)
[12:48:39]GAME: Explosion with size (0, 1, 5, 5) in area Escape Pod Two (161,217,2)
[12:48:41]GAME: Explosion with size (0, 1, 5, 5) in area Arrival Shuttle Hallway (161,214,2)
[12:48:42]ADMIN: AlcaroIsAFrick/(Cool) has sent ARTHURPANDOLFI/(Nelle Duncan) back to the Lobby.
[12:48:42]ACCESS: Mob Login: arthurpandolfi/(new player) was assigned to a /mob/dead/new_player
[12:48:43]EMOTE: *no key*/(monkey (867)) : <b>The monkey (867)</b> waves her tail. (167,82,2)
[12:48:48]GAME: Cool/AlcaroIsAFrick used abandon mob.
[12:48:48]ACCESS: Mob Login: AlcaroIsAFrick/(new player) was assigned to a /mob/dead/new_player
[12:48:48]ACCESS: Mob Login: arthurpandolfi/(Nelle Duncan) was assigned to a /mob/living/carbon/human
[12:48:51]ACCESS: Mob Login: AlcaroIsAFrick/(Cool) was assigned to a /mob/living/carbon/human
[12:48:58]EMOTE: *no key*/(monkey (283)) : <b>The monkey (283)</b> rolls. (132,167,5)
[12:49:00]EMOTE: AlcaroIsAFrick/(Cool) : <b>Cool</b> gasps! (157,208,2)
[12:49:01]ADMIN: AlcaroIsAFrick/(Cool) deleted the external airlock assembly at (159, 208, 2)
[12:49:02]SAY: Medibot/ : I knew it, I should&#39;ve been a plastic surgeon. (155,73,1)
[12:49:08]GAME: Explosion with size (0, 1, 5, 5) in area Escape Pod Two (161,217,2)
[12:49:10]GAME: <a href='?priv_msg=alcaroisafrick'>AlcaroIsAFrick</a>/(Cool) checked the player panel while in game.
[12:49:11]ADMIN: AlcaroIsAFrick/(Cool) healed / Revived AlcaroIsAFrick/(Cool).
[12:49:12]EMOTE: *no key*/(Poly) : <b>Poly</b> bawks! (87,130,2)
[12:49:14]EMOTE: *no key*/(Runtime) : <b>Runtime</b> gets up and meows. (174,78,2)
[12:49:17]SAY: emergency medibot/ : Radar, put a mask on! (222,84,1)
[12:49:24]ACCESS: Logout: ARTHURPANDOLFI/(Nelle Duncan)
[12:49:28]EMOTE: *no key*/(Runtime) : <b>Runtime</b> lies down. (175,77,2)
[12:49:30]SAY: Poly/ : Try our new nougat bar! (87,130,2)
[12:49:33]EMOTE: *no key*/(grey baby slime (94)) : <b>The grey baby slime (94)</b> lights up for a bit, then stops. (120,103,2)
[12:49:34]SAY: mouse/ : SQUEEK! (207,170,2)
[12:49:39]EMOTE: *no key*/(monkey (867)) : <b>The monkey (867)</b> rolls. (167,79,2)
[12:49:41]EMOTE: *no key*/(monkey (283)) : <b>The monkey (283)</b> rolls. (132,167,5)
[12:49:55]EMOTE: *no key*/(Runtime) : <b>Runtime</b> stops resting. (175,77,2)
[12:49:59]EMOTE: *no key*/(pug) : <b>Swanson</b> chases its tail. (114,81,2)
[12:50:00]GAME: Explosion with size (0, 1, 5, 5) in area Escape Pod Two (161,217,2)
[12:50:02]SAY: emergency medibot/ : There&#39;s always a catch, and I&#39;m the best there is. (222,84,1)
[12:50:09]EMOTE: *no key*/(monkey (761)) : <b>The monkey (761)</b> scratches. (130,171,5)
[12:50:11]ADMIN: AlcaroIsAFrick/(Cool) admin ghosted.
[12:50:11]ACCESS: Mob Login: AlcaroIsAFrick/(Cool) was assigned to a /mob/dead/observer
[12:50:13]ACCESS: Mob Login: AlcaroIsAFrick/(Cool) was assigned to a /mob/living/carbon/human
[12:50:19]EMOTE: *no key*/(crab) : <b>The crab</b> clicks. (180,101,5)
[12:50:25]EMOTE: *no key*/(monkey (63)) : <b>The monkey (63)</b> jumps! (192,59,2)
[12:50:32]ACCESS: Logout: AlcaroIsAFrick/(Cool)
