

Starting up round ID . 18:37:29
---------------------
Initialized Blackbox subsystem within 0 seconds!
Initialized Server Tasks subsystem within 0 seconds!
Initialized Events subsystem within 0 seconds!
runtime error: 
[18:37:31]cannot read from list
[18:37:31]proc name: LoadJobs (/datum/controller/subsystem/job/proc/LoadJobs)
[18:37:31]  source file: job.dm,448
[18:37:31]  usr: null
[18:37:31]  src: Jobs (/datum/controller/subsystem/job)
[18:37:31]  call stack:
[18:37:31]Jobs (/datum/controller/subsystem/job): LoadJobs()
[18:37:31]Jobs (/datum/controller/subsystem/job): Initialize(778512)
[18:37:31]Master (/datum/controller/master): Initialize(10, 0)
Initialized Jobs subsystem within 0.1 seconds!
Initialized Ticker subsystem within 0 seconds!
Loading Delta Station...
Loaded station in 39.3s!
Ruin "Hierophant's Arena" placed at (100, 130, 5)
Ruin "Ruin of Gluttony" placed at (216, 92, 5)
Ruin "UFO Crash" placed at (164, 103, 5)
Ruin "Blood-Drunk Miner (Guidance)" placed at (199, 148, 5)
Ruin "Crashed Shuttle" placed at (66, 193, 5)
Ruin "Xenomorph Nest" placed at (197, 39, 5)
Ruin "Survival Capsule Ruins" placed at (219, 162, 5)
Ruin "Crashed Ship" placed at (193, 92, 3)
Ruin "Syndicate Listening Station" placed at (166, 99, 8)
Ruin "Waylaid Buses" placed at (192, 136, 9)
Ruin "The Twin-Nexus Hotel" placed at (167, 68, 9)
Ruin "Asteroid 5" placed at (112, 206, 9)
Ruin "Salvation" placed at (71, 96, 11)
Ruin "Abandoned Telecommunications Satellite" placed at (119, 180, 3)
Ruin "Derelict 5" placed at (96, 127, 10)
Ruin "Asteroid 1" placed at (72, 105, 7)
Ruin "Derelict 3" placed at (69, 165, 3)
Ruin "A Giant Ball of Paper in Space" placed at (170, 184, 8)
Ruin "Asteroid 3" placed at (220, 142, 11)
Ruin "Derelict 6" placed at (119, 80, 7)
Ruin "Dinner for Two" placed at (158, 114, 10)
Ruin "Crashed Clown Ship" placed at (109, 104, 9)
Ruin "Detached Teleporter" placed at (114, 55, 10)
Initialized Mapping subsystem within 48.7 seconds!
