

Starting up round ID . 19:45:45
---------------------
[19:45:45]ADMIN: Loading Banlist
[19:45:46]GAME: Saved mode is 'sandbox'
[19:46:30]ACCESS: Login: Noober84555 from 127.0.0.1-645371209 || BYOND v511
[19:46:30]ACCESS: Mob Login: Noober84555/(Noober84555) was assigned to a /mob/dead/new_player
[19:49:14]EMOTE: *no key*/(grey baby slime (847)) : <b>The grey baby slime (847)</b> lights up for a bit, then stops. (107,152,2)
[19:49:14]SAY: Officer Beepsky/ : Engaging patrol mode. (186,190,2)
[19:49:14]SAY: Prison Ofitser/ : Engaging patrol mode. (23,36,5)
[19:49:14]SAY: Prison Ofitser/ : Disengaging patrol mode. (23,36,5)
[19:49:16]EMOTE: *no key*/(monkey (101)) : <b>The monkey (101)</b> scratches. (184,118,2)
[19:49:29]EMOTE: *no key*/(monkey (988)) : <b>The monkey (988)</b> rolls. (203,21,2)
[19:49:31]EMOTE: *no key*/(Poly) : <b>Poly</b> turns and flies towards the red phone. (82,192,2)
[19:49:45]EMOTE: *no key*/(Persephone) : <b>Persephone</b> looks alert. (167,140,2)
[19:49:55]SAY: Swanson/ : AUUUUUU (107,142,2)
[19:49:55]EMOTE: *no key*/(monkey (101)) : <b>The monkey (101)</b> scratches. (184,119,2)
[19:50:07]EMOTE: *no key*/(Persephone) : <b>Persephone</b> wags its tail. (167,140,2)
[19:50:14]EMOTE: *no key*/(monkey (782)) : <b>The monkey (782)</b> scratches. (201,25,2)
[19:50:14]SAY: Nobody's Perfect/ : Delicious! (24,75,1)
[19:50:22]EMOTE: *no key*/(monkey (373)) : <b>The monkey (373)</b> waves his tail. (160,141,2)
[19:50:26]SAY: Nobody's Perfect/ : I knew it, I should&#39;ve been a plastic surgeon. (24,75,1)
[19:50:44]EMOTE: *no key*/(grey baby slime (212)) : <b>The grey baby slime (212)</b> lights up for a bit, then stops. (103,163,2)
[19:50:46]EMOTE: *no key*/(Ian) : <b>Ian</b> chases its tail! (134,186,2)
[19:50:56]EMOTE: *no key*/(Poly) : <b>Poly</b> flutters its wings. (80,190,2)
[19:51:00]SAY: Poly/ : Breaking news from Station Announcements! (80,190,2)
[19:51:09]SAY: Persephone/ : Esp! (167,140,2)
[19:51:17]EMOTE: *no key*/(monkey (259)) : <b>The monkey (259)</b> jumps! (160,142,2)
[19:51:19]SAY: Medibot/ : Radar, put a mask on! (155,73,1)
[19:51:21]EMOTE: *no key*/(Poly) : <b>Poly</b> looks in the BreatheDeep cartridge's direction and takes flight. (80,190,2)
[19:51:36]SAY: mouse/ : Squeek? (198,225,2)
[19:51:38]SAY: Poly/ : Poly wanna cracker! (80,190,2)
[19:51:45]EMOTE: *no key*/(monkey (988)) : <b>The monkey (988)</b> waves his tail. (204,21,2)
[19:51:51]SAY: Medibot/ : I knew it, I should&#39;ve been a plastic surgeon. (155,73,1)
[19:51:51]EMOTE: *no key*/(monkey (988)) : <b>The monkey (988)</b> scratches. (204,21,2)
[19:51:53]EMOTE: *no key*/(monkey (628)) : <b>The monkey (628)</b> scratches. (204,25,2)
[19:51:53]EMOTE: *no key*/(Pun Pun 11) : <b>Pun Pun 11</b> jumps! (139,214,2)
[19:51:55]SAY: Poly/ : Attention! Wanted issue distributed! (80,190,2)
[19:51:59]EMOTE: *no key*/(Persephone) : <b>Persephone</b> crouches on its hind legs. (167,140,2)
[19:52:10]EMOTE: *no key*/(monkey (12)) : <b>The monkey (12)</b> jumps! (189,8,2)
[19:52:18]EMOTE: *no key*/(Poly) : <b>Poly</b> looks in the BreatheDeep cartridge's direction and takes flight. (80,190,2)
[19:52:25]ACCESS: Mob Login: Noober84555/(Noober) was assigned to a /mob/living/carbon/human
[19:52:29]EMOTE: *no key*/(monkey (101)) : <b>The monkey (101)</b> rolls. (187,118,2)
[19:52:29]EMOTE: *no key*/(Pun Pun 11) : <b>Pun Pun 11</b> rolls. (139,216,2)
[19:52:31]SAY: Poly/ : Don&#39;t believe the reports - smoke today! (80,190,2)
[19:52:38]ADMIN: Noober84555/(Noober) deleted Noober at (142, 267, 2)
[19:52:38]ACCESS: Mob Login: Noober84555/(Noober) was assigned to a /mob/dead/observer
[19:52:42]EMOTE: *no key*/(monkey (12)) : <b>The monkey (12)</b> rolls. (189,8,2)
[19:52:42]EMOTE: *no key*/(monkey (101)) : <b>The monkey (101)</b> jumps! (186,119,2)
[19:52:43]GAME: Noober/Noober84555 used abandon mob.
[19:52:43]ACCESS: Mob Login: Noober84555/(new player) was assigned to a /mob/dead/new_player
[19:53:06]EMOTE: *no key*/(monkey (807)) : <b>The monkey (807)</b> waves his tail. (185,119,2)
[19:53:07]EMOTE: *no key*/(Renault) : <b>Renault</b> shivers. (154,194,2)
[19:53:15]EMOTE: *no key*/(Poly) : <b>Poly</b> looks in the BreatheDeep cartridge's direction and takes flight. (80,190,2)
[19:53:17]EMOTE: *no key*/(Citrus) : <b>Citrus</b> snores. (170,221,2)
[19:53:18]EMOTE: *no key*/(monkey (440)) : <b>The monkey (440)</b> rolls. (160,142,2)
[19:53:31]ACCESS: Mob Login: Noober84555/(Noober) was assigned to a /mob/living/carbon/human
[19:53:33]EMOTE: *no key*/(Persephone) : <b>Persephone</b> gets up and meows. (167,140,2)
[19:53:38]EMOTE: *no key*/(monkey (988)) : <b>The monkey (988)</b> waves his tail. (203,21,2)
[19:53:42]EMOTE: *no key*/(monkey (259)) : <b>The monkey (259)</b> rolls. (160,139,2)
[19:53:48]EMOTE: *no key*/(grey baby slime (847)) : <b>The grey baby slime (847)</b> lights up for a bit, then stops. (107,152,2)
[19:54:00]SAY: grey baby slime (847)/ : Lonely... (107,151,2)
[19:54:12]EMOTE: *no key*/(Poly) : <b>Poly</b> looks in the chief engineer's rubber stamp's direction and takes flight. (80,190,2)
[19:54:24]EMOTE: *no key*/(pug) : <b>Swanson</b> woofs! (106,143,2)
[19:54:30]EMOTE: *no key*/(monkey (782)) : <b>The monkey (782)</b> scratches. (201,25,2)
[19:54:34]SAY: Renault/ : Tchoff (157,194,2)
[19:54:38]SAY: Poly/ : Twice the calories for half the price! (80,190,2)
[19:54:46]EMOTE: *no key*/(grey baby slime (847)) : <b>The grey baby slime (847)</b> vibrates! (107,151,2)
[19:54:50]EMOTE: *no key*/(Connor Turner) : <b>Connor Turner</b> seizes up and falls limp, their eyes dead and lifeless... (145,267,2)
[19:54:55]ADMIN: Noober84555/(Noober) deleted Connor Turner at (145, 267, 2)
[19:54:56]SAY: Poly/ : I knew it, I should&#39;ve been a plastic surgeon. (80,190,2)
[19:54:57]ADMIN: Noober84555/(Noober) deleted the oxygen tank at (145, 267, 2)
[19:55:00]ADMIN: Noober84555/(Noober) deleted FIDGET SPINNER at (0, 0, 0)
[19:55:02]ADMIN: Noober84555/(Noober) deleted Noober at (146, 266, 2)
[19:55:02]ACCESS: Mob Login: Noober84555/(Noober) was assigned to a /mob/dead/observer
[19:55:02]EMOTE: *no key*/(Poly) : <b>Poly</b> flutters its wings. (80,190,2)
[19:55:02]EMOTE: *no key*/(Citrus) : <b>Citrus</b> looks around sleepily. (171,221,2)
[19:55:02]EMOTE: *no key*/(Persephone) : <b>Persephone</b> shakes out its coat. (167,139,2)
[19:55:02]EMOTE: *no key*/(pug) : <b>Swanson</b> chases its tail. (106,143,2)
[19:55:07]EMOTE: *no key*/(Poly) : <b>Poly</b> looks in the Cohiba Robusto cigar's direction and takes flight. (80,190,2)
[19:55:07]EMOTE: *no key*/(Citrus) : <b>Citrus</b> snores. (170,221,2)
[19:55:07]GAME: Noober/Noober84555 used abandon mob.
[19:55:07]ACCESS: Mob Login: Noober84555/(new player) was assigned to a /mob/dead/new_player
[19:55:15]EMOTE: *no key*/(Poly) : <b>Poly</b> flutters its wings. (80,190,2)
[19:55:19]EMOTE: *no key*/(monkey (101)) : <b>The monkey (101)</b> waves her tail. (188,118,2)
[19:55:19]SAY: Poly/ : I knew it, I should&#39;ve been a plastic surgeon. (80,190,2)
[19:55:19]SAY: Renault/ : Geckers (159,194,2)
[19:55:23]EMOTE: *no key*/(grey baby slime (212)) : <b>The grey baby slime (212)</b> jiggles! (104,162,2)
[19:55:31]EMOTE: *no key*/(monkey (988)) : <b>The monkey (988)</b> rolls. (203,21,2)
[19:55:33]SAY: Medibot/ : Delicious! (155,73,1)
[19:55:33]EMOTE: *no key*/(Persephone) : <b>Persephone</b> meows (167,138,2)
[19:55:34]ACCESS: Mob Login: Noober84555/(cool) was assigned to a /mob/living/carbon/human
[19:55:46]EMOTE: *no key*/(monkey (558)) : <b>The monkey (558)</b> rolls. (201,21,2)
[19:55:58]EMOTE: *no key*/(monkey (807)) : <b>The monkey (807)</b> waves his tail. (185,119,2)
[19:56:03]EMOTE: *no key*/(monkey (101)) : <b>The monkey (101)</b> scratches. (188,119,2)
[19:56:06]EMOTE: *no key*/(Poly) : <b>Poly</b> looks in the premium Havanian cigar's direction and takes flight. (80,190,2)
[19:56:12]SAY: Nobody's Perfect/ : There&#39;s always a catch, and I&#39;m the best there is. (24,75,1)
[19:56:21]EMOTE: *no key*/(monkey (628)) : <b>The monkey (628)</b> jumps! (204,25,2)
[19:56:24]EMOTE: *no key*/(Ian) : <b>Ian</b> shivers. (133,185,2)
[19:56:35]EMOTE: *no key*/(pug) : <b>Swanson</b> chases its tail. (109,143,2)
[19:56:35]EMOTE: *no key*/(grey baby slime (212)) : <b>The grey baby slime (212)</b> lights up for a bit, then stops. (104,161,2)
[19:56:43]EMOTE: *no key*/(monkey (628)) : <b>The monkey (628)</b> waves her tail. (204,25,2)
[19:56:47]EMOTE: *no key*/(Poly) : <b>Poly</b> squawks. (80,190,2)
[19:56:49]EMOTE: *no key*/(Persephone) : <b>Persephone</b> crouches on its hind legs. (167,137,2)
[19:56:53]SAY: Brittany Ann/ : Hey dude, why dont you go ass shit jerk damn bitch , you whorelord! (146,265,2)
[19:56:59]EMOTE: *no key*/(monkey (680)) : <b>The monkey (680)</b> waves her tail. (184,119,2)
[19:57:01]EMOTE: *no key*/(Renault) : <b>Renault</b> shakes its head. (159,196,2)
[19:57:04]EMOTE: *no key*/(Poly) : <b>Poly</b> looks in the premium cigar's direction and takes flight. (80,190,2)
[19:57:07]EMOTE: *no key*/(grey baby slime (103)) : <b>The grey baby slime (103)</b> vibrates! (113,162,2)
[19:57:10]ADMIN: Noober84555/(cool) deleted FIDGET SPINNER at (0, 0, 0)
[19:57:13]ADMIN: Noober84555/(cool) deleted Brittany Ann at (146, 265, 2)
[19:57:17]EMOTE: *no key*/(monkey (558)) : <b>The monkey (558)</b> scratches. (201,21,2)
[19:57:32]SAY: mouse/ : Squeek! (202,229,2)
[19:57:34]EMOTE: *no key*/(Persephone) : <b>Persephone</b> lies down. (167,137,2)
[19:57:42]SAY: emergency medibot/ : What kind of medbay is this? Everyone&#39;s dropping like flies. (222,84,1)
[19:57:42]EMOTE: *no key*/(mouse) : <b>The mouse</b> squeeks. (201,229,2)
[19:58:28]SAY: Poly/ : Don&#39;t believe the reports - smoke today! (80,190,2)
[19:58:29]EMOTE: *no key*/(monkey (373)) : <b>The monkey (373)</b> scratches. (160,142,2)
[19:58:37]EMOTE: *no key*/(Poly) : <b>Poly</b> bawks! (80,190,2)
[19:58:38]EMOTE: *no key*/(monkey (101)) : <b>The monkey (101)</b> scratches. (188,119,2)
[19:58:42]EMOTE: *no key*/(monkey (687)) : <b>The monkey (687)</b> rolls. (188,8,2)
[19:58:47]ACCESS: Login: Ss13isaids from 209.206.119.128-732805661 || BYOND v511
[19:58:47]ACCESS: Mob Login: Ss13isaids/(Ss13isaids) was assigned to a /mob/dead/new_player
[19:58:51]EMOTE: *no key*/(monkey (101)) : <b>The monkey (101)</b> rolls. (188,118,2)
[19:58:53]EMOTE: *no key*/(Persephone) : <b>Persephone</b> stops resting. (167,137,2)
[19:58:57]EMOTE: *no key*/(Persephone) : <b>Persephone</b> grooms its fur. (167,137,2)
[19:59:00]EMOTE: *no key*/(Poly) : <b>Poly</b> looks in the premium cigar's direction and takes flight. (80,190,2)
[19:59:01]EMOTE: *no key*/(Jed Summy) : <b>Jed Summy</b> seizes up and falls limp, their eyes dead and lifeless... (144,268,2)
[19:59:12]SAY: Persephone/ : Meow! (169,137,2)
[19:59:13]ADMIN: Noober84555/(cool) deleted FIDGET SPINNER at (0, 0, 0)
[19:59:17]ADMIN: Noober84555/(cool) deleted Jed Summy at (144, 268, 2)
[19:59:19]ADMIN: Noober84555/(cool) deleted the oxygen tank at (144, 268, 2)
[19:59:31]EMOTE: *no key*/(Ian) : <b>Ian</b> dances around. (133,184,2)
[19:59:32]SAY: Poly/ : Don&#39;t believe the reports - smoke today! (80,190,2)
[19:59:33]EMOTE: *no key*/(Persephone) : <b>Persephone</b> grooms its fur. (169,137,2)
[19:59:34]SAY: Ian/ : AUUUUUU (133,183,2)
[19:59:38]SAY: Medibot/ : What kind of medbay is this? Everyone&#39;s dropping like flies. (154,73,1)
[19:59:46]EMOTE: *no key*/(Renault) : <b>Renault</b> barks. (160,196,2)
[19:59:47]EMOTE: *no key*/(grey baby slime (212)) : <b>The grey baby slime (212)</b> jiggles! (103,163,2)
[19:59:53]EMOTE: *no key*/(monkey (101)) : <b>The monkey (101)</b> scratches. (185,118,2)
[19:59:53]ADMINPRIVATE: ASAY: Noober84555/(cool) : ss13 don&#39;t say anything I&#39;m recording a video (147,269,2)
[19:59:55]EMOTE: *no key*/(monkey (373)) : <b>The monkey (373)</b> rolls. (160,141,2)
[19:59:56]EMOTE: *no key*/(Poly) : <b>Poly</b> looks in the Power-ON cartridge's direction and takes flight. (80,190,2)
[19:59:57]EMOTE: *no key*/(monkey (12)) : <b>The monkey (12)</b> waves his tail. (188,8,2)
[19:59:59]EMOTE: *no key*/(monkey (988)) : <b>The monkey (988)</b> waves his tail. (204,21,2)
[20:00:23]SAY: Ian/ : Woof! (133,183,2)
[20:00:40]EMOTE: *no key*/(monkey (12)) : <b>The monkey (12)</b> scratches. (189,8,2)
[20:00:40]EMOTE: *no key*/(monkey (440)) : <b>The monkey (440)</b> waves his tail. (160,139,2)
[20:00:42]EMOTE: *no key*/(monkey (12)) : <b>The monkey (12)</b> waves his tail. (189,8,2)
[20:00:44]EMOTE: *no key*/(monkey (259)) : <b>The monkey (259)</b> rolls. (160,140,2)
[20:00:44]EMOTE: *no key*/(Wendi Matthews) : <b>Wendi Matthews</b> seizes up and falls limp, their eyes dead and lifeless... (145,266,2)
[20:00:51]ACCESS: Mob Login: Ss13isaids/(Dab Dab) was assigned to a /mob/living/carbon/human
[20:01:01]EMOTE: *no key*/(Poly) : <b>Poly</b> looks in the Power-ON cartridge's direction and takes flight. (80,190,2)
[20:01:13]EMOTE: *no key*/(Persephone) : <b>Persephone</b> twitches its whiskers. (169,138,2)
[20:01:19]ADMIN: Ss13isaids/(Dab Dab) played sound Put_A_Donk_On_It_Official_Video.ogg
[20:01:25]EMOTE: *no key*/(Pun Pun 11) : <b>Pun Pun 11</b> jumps! (141,221,2)
[20:01:32]EMOTE: *no key*/(Citrus) : <b>Citrus</b> looks around sleepily. (172,222,2)
[20:01:36]SAY: emergency medibot/ : There&#39;s always a catch, and I&#39;m the best there is. (222,84,1)
[20:01:40]SAY: Ian/ : Woof! (134,184,2)
[20:01:40]SAY: Poly/ : Wait Hanry Smith! I want to help! (80,190,2)
[20:01:47]EMOTE: *no key*/(grey baby slime (847)) : <b>The grey baby slime (847)</b> bounces in place. (108,153,2)
[20:02:00]EMOTE: *no key*/(Poly) : <b>Poly</b> looks in the Power-ON cartridge's direction and takes flight. (80,190,2)
[20:02:04]SAY: Poly/ : Don&#39;t believe the reports - smoke today! (82,191,2)
[20:02:18]ADMIN: Noober84555/(cool) jumped to Ss13isaids/(Dab Dab)
[20:02:26]SAY: Swanson/ : Bark! (108,143,2)
[20:02:27]SAY: Dab Dab/Ss13isaids : legit (136,253,2)
[20:02:28]EMOTE: *no key*/(Persephone) : <b>Persephone</b> meows (169,138,2)
[20:02:28]EMOTE: *no key*/(monkey (12)) : <b>The monkey (12)</b> waves his tail. (189,8,2)
[20:02:28]EMOTE: *no key*/(monkey (440)) : <b>The monkey (440)</b> rolls. (160,142,2)
[20:02:32]EMOTE: *no key*/(monkey (373)) : <b>The monkey (373)</b> scratches. (160,139,2)
[20:02:38]EMOTE: *no key*/(monkey (12)) : <b>The monkey (12)</b> jumps! (189,8,2)
[20:02:38]EMOTE: *no key*/(monkey (101)) : <b>The monkey (101)</b> jumps! (186,118,2)
[20:02:44]SAY: Dab Dab/Ss13isaids : yeah (136,253,2)
[20:02:48]EMOTE: *no key*/(Ian) : <b>Ian</b> shakes its head. (135,184,2)
[20:02:48]SAY: Dab Dab/Ss13isaids : 500 mph (136,253,2)
[20:02:52]ACCESS: Login: BadPanacea from 70.179.29.163-538222691 || BYOND v512
[20:02:52]ACCESS: Mob Login: BadPanacea/(BadPanacea) was assigned to a /mob/dead/new_player
[20:03:05]EMOTE: *no key*/(Poly) : <b>Poly</b> looks in the burn patch's direction and takes flight. (80,190,2)
[20:03:07]EMOTE: *no key*/(monkey (680)) : <b>The monkey (680)</b> scratches. (187,119,2)
[20:03:07]EMOTE: *no key*/(Ian) : <b>Ian</b> chases its tail! (135,184,2)
[20:03:07]SAY: Medibot/ : I knew it, I should&#39;ve been a plastic surgeon. (155,73,1)
[20:03:13]EMOTE: Noober84555/(cool) : <b>The cool</b> gasps! (135,255,2)
[20:03:13]EMOTE: *no key*/(pug) : <b>Swanson</b> barks! (109,143,2)
[20:03:18]SAY: Dab Dab/Ss13isaids : going past 1000 soon (136,254,2)
[20:03:19]EMOTE: *no key*/(monkey (687)) : <b>The monkey (687)</b> rolls. (188,8,2)
[20:03:23]EMOTE: *no key*/(monkey (440)) : <b>The monkey (440)</b> scratches. (160,140,2)
[20:03:23]SAY: Swanson/ : YAP (109,143,2)
[20:03:25]ACCESS: Login: Kayky from 201.9.235.194-1977575712 || BYOND v512
[20:03:25]ACCESS: Mob Login: Kayky/(Kayky) was assigned to a /mob/dead/new_player
[20:03:32]EMOTE: *no key*/(monkey (101)) : <b>The monkey (101)</b> scratches. (187,119,2)
[20:03:36]SAY: Renault/ : Ack-Ack-Ack-Ackawoooo (159,196,2)
[20:03:37]SAY: Dab Dab/Ss13isaids : this will kill you (136,254,2)
[20:03:39]EMOTE: *no key*/(Poly) : <b>Poly</b> flutters its wings. (80,190,2)
[20:03:39]GAME: <a href='?priv_msg=noober84555'>Noober84555</a>/(cool) checked the player panel while in game.
[20:03:40]ADMIN: Noober84555/(cool) healed / Revived Noober84555/(cool).
[20:03:45]SAY: Medibot/ : There&#39;s always a catch, and I&#39;m the best there is. (155,73,1)
[20:03:48]SAY: Dab Dab/Ss13isaids : revive (136,254,2)
[20:03:50]SAY: Poly/ : Attention! Wanted issue distributed! (80,190,2)
[20:03:53]ACCESS: Mob Login: BadPanacea/(ghost) was assigned to a /mob/dead/observer
[20:03:53]GAME: <a href='?priv_msg=noober84555'>Noober84555</a>/(cool) checked the player panel while in game.
[20:03:54]ADMIN: Noober84555/(cool) healed / Revived Noober84555/(cool).
[20:03:54]SAY: Poly/ : Twice the calories for half the price! (80,190,2)
[20:03:59]ADMIN: BadPanacea/(Itchy Tingle) jumped to Noober84555/(cool)
[20:04:03]SAY: Poly/ : Attention! Wanted issue distributed! (80,190,2)
[20:04:04]EMOTE: *no key*/(monkey (628)) : <b>The monkey (628)</b> jumps! (203,25,2)
[20:04:05]EMOTE: *no key*/(mouse) : <b>The mouse</b> runs in a circle. (201,223,2)
[20:04:05]SAY: cool/Noober84555 : there&#39;s a new weapon-GLORF (138,252,2)
[20:04:07]EMOTE: *no key*/(Poly) : <b>Poly</b> looks in the Zippo lighter's direction and takes flight. (80,190,2)
[20:04:09]SAY: Poly/ : Wait Hanry Smith! I want to help! (80,190,2)
[20:04:10]EMOTE: *no key*/(monkey (680)) : <b>The monkey (680)</b> scratches. (188,119,2)
[20:04:12]SAY: Dab Dab/Ss13isaids : glorf (136,252,2)
[20:04:20]ACCESS: Login: Deranging from 75.68.166.243-2869764338 || BYOND v512
[20:04:20]ACCESS: Mob Login: Deranging/(Deranging) was assigned to a /mob/dead/new_player
[20:04:22]EMOTE: *no key*/(Ian) : <b>Ian</b> pants. (135,183,2)
[20:04:23]SAY: Ghost/BadPanacea : OH FUCK ME (139,254,2)
[20:04:28]SAY: Ghost/BadPanacea : A FUCKING FIDGET SPINNER (139,254,2)
[20:04:47]EMOTE: *no key*/(monkey (988)) : <b>The monkey (988)</b> rolls. (203,21,2)
[20:04:51]SAY: Ghost/BadPanacea : *scream (139,254,2)
[20:04:54]EMOTE: *no key*/(Ian) : <b>Ian</b> chases its tail! (136,183,2)
[20:05:02]EMOTE: *no key*/(Pun Pun 11) : <b>Pun Pun 11</b> waves its tail. (142,220,2)
[20:05:07]EMOTE: *no key*/(Persephone) : <b>Persephone</b> shivers (168,140,2)
[20:05:18]EMOTE: *no key*/(Ian) : <b>Ian</b> shivers. (135,184,2)
[20:05:22]SAY: Poly/ : Twice the calories for half the price! (80,190,2)
[20:05:22]EMOTE: *no key*/(monkey (558)) : <b>The monkey (558)</b> scratches. (200,21,2)
[20:05:24]EMOTE: *no key*/(Pun Pun 11) : <b>Pun Pun 11</b> waves its tail. (142,220,2)
[20:05:26]EMOTE: *no key*/(Poly) : <b>Poly</b> bawks! (80,190,2)
[20:05:35]ACCESS: Mob Login: Deranging/(Eat Pant) was assigned to a /mob/living/carbon/human
[20:05:35]ADMIN: BadPanacea/(Itchy Tingle) has used rudimentary transformation on BadPanacea/(Itchy Tingle). Transforming to human.; deletemob=1
[20:05:35]ACCESS: Mob Login: BadPanacea/(Itchy Tingle) was assigned to a /mob/living/carbon/human
[20:05:44]EMOTE: *no key*/(monkey (628)) : <b>The monkey (628)</b> jumps! (203,25,2)
[20:05:44]EMOTE: *no key*/(grey baby slime (847)) : <b>The grey baby slime (847)</b> vibrates! (108,153,2)
[20:05:46]ACCESS: Mob Login: Kayky/(Moses Rader) was assigned to a /mob/living/carbon/human
[20:05:47]ADMIN: BadPanacea/(Itchy Tingle) changed the equipment of BadPanacea/(Itchy Tingle) to /datum/outfit/servant_of_ratvar.
[20:05:49]SAY: grey baby slime (212)/ : Rawr... (103,161,2)
[20:06:00]EMOTE: *no key*/(grey baby slime (103)) : <b>The grey baby slime (103)</b> lights up for a bit, then stops. (112,161,2)
[20:06:11]EMOTE: *no key*/(monkey (373)) : <b>The monkey (373)</b> scratches. (160,142,2)
[20:06:14]ADMIN: BadPanacea/(Itchy Tingle) changed the equipment of BadPanacea/(Itchy Tingle) to /datum/outfit/wizard/weeb.
[20:06:15]EMOTE: Deranging/(Eat Pant) : <b>Eat Pant</b> gasps! (138,261,2)
[20:06:19]EMOTE: Noober84555/(cool) : <b>The cool</b> gasps! (149,251,2)
[20:06:27]EMOTE: Noober84555/(cool) : <b>The cool</b> gasps! (149,251,2)
[20:06:28]EMOTE: *no key*/(monkey (558)) : <b>The monkey (558)</b> jumps! (201,21,2)
[20:06:30]EMOTE: Noober84555/(cool) : <b>The cool</b> gasps! (149,251,2)
[20:06:32]ADMIN: Noober84555/(cool) changed the equipment of Noober84555/(cool) to Naked.
[20:06:38]EMOTE: *no key*/(monkey (12)) : <b>The monkey (12)</b> jumps! (188,8,2)
[20:06:40]SAY: Itchy Tingle/BadPanacea : UNLIMITED POWER (143,252,2)
[20:06:41]ADMIN: Noober84555/(cool) admin ghosted.
[20:06:41]ACCESS: Mob Login: Noober84555/(cool) was assigned to a /mob/dead/observer
[20:06:45]GAME: cool/Noober84555 used abandon mob.
[20:06:45]ACCESS: Mob Login: Noober84555/(new player) was assigned to a /mob/dead/new_player
[20:06:46]EMOTE: *no key*/(grey baby slime (212)) : <b>The grey baby slime (212)</b> bounces in place. (103,161,2)
[20:06:52]EMOTE: *no key*/(monkey (628)) : <b>The monkey (628)</b> rolls. (203,25,2)
[20:06:54]EMOTE: *no key*/(monkey (101)) : <b>The monkey (101)</b> jumps! (187,119,2)
[20:06:57]EMOTE: BadPanacea/(Itchy Tingle) : <b>Itchy Tingle</b> seizes up and falls limp, her eyes dead and lifeless... (144,252,2)
[20:07:01]SAY: Dab Dab/Ss13isaids : see (144,253,2)
[20:07:02]EMOTE: *no key*/(monkey (687)) : <b>The monkey (687)</b> waves his tail. (188,8,2)
[20:07:03]GAME: <a href='?priv_msg=badpanacea'>BadPanacea</a>/(Itchy Tingle) checked the player panel while in game.
[20:07:06]ADMIN: BadPanacea/(Itchy Tingle) healed / Revived BadPanacea/(Itchy Tingle).
[20:07:08]GAME: <a href='?priv_msg=ss13isaids'>Ss13isaids</a>/(Dab Dab) checked the player panel while in game.
[20:07:08]ACCESS: Mob Login: Noober84555/(cool) was assigned to a /mob/living/carbon/human
[20:07:09]ADMIN: Ss13isaids/(Dab Dab) healed / Revived BadPanacea/(Itchy Tingle).
[20:07:11]EMOTE: Ss13isaids/(Dab Dab) : <b>Dab Dab</b> seizes up and falls limp, their eyes dead and lifeless... (146,253,2)
[20:07:11]EMOTE: *no key*/(monkey (101)) : <b>The monkey (101)</b> scratches. (188,119,2)
[20:07:14]EMOTE: *no key*/(Persephone) : <b>Persephone</b> stretches out for a belly rub. (167,142,2)
[20:07:20]GAME: <a href='?priv_msg=ss13isaids'>Ss13isaids</a>/(Dab Dab) checked the player panel while in game.
[20:07:20]EMOTE: *no key*/(monkey (101)) : <b>The monkey (101)</b> waves her tail. (188,119,2)
[20:07:21]ADMIN: Ss13isaids/(Dab Dab) healed / Revived Ss13isaids/(Dab Dab).
[20:07:24]SAY: Renault/ : Ack-Ack (159,193,2)
[20:07:25]SAY: Dab Dab/Ss13isaids : thats so op (146,253,2)
[20:07:26]EMOTE: *no key*/(pug) : <b>Swanson</b> chases its tail. (109,141,2)
[20:07:28]SAY: Poly/ : Breaking news from Station Announcements! (80,190,2)
[20:07:30]EMOTE: Deranging/(Eat Pant) : <b>Eat Pant</b> seizes up and falls limp, their eyes dead and lifeless... (147,252,2)
[20:07:32]EMOTE: @Noober84555[DC]/(cool) : <b>The cool</b> seizes up and falls limp, his eyes dead and lifeless... (149,251,2)
[20:07:32]EMOTE: *no key*/(monkey (807)) : <b>The monkey (807)</b> rolls. (186,118,2)
[20:07:34]ACCESS: Mob Login: Deranging/(Eat Pant) was assigned to a /mob/dead/observer
[20:07:40]EMOTE: BadPanacea/(Itchy Tingle) : <b>Itchy Tingle</b> seizes up and falls limp, her eyes dead and lifeless... (144,252,2)
[20:07:41]SAY: Poly/ : Twice the calories for half the price! (80,190,2)
[20:07:44]ACCESS: Mob Login: Deranging/(Badass Syndrone (278)) was assigned to a /mob/living/simple_animal/drone/syndrone/badass
[20:07:47]EMOTE: *no key*/(Poly) : <b>Poly</b> squawks. (80,190,2)
[20:07:58]EMOTE: *no key*/(monkey (12)) : <b>The monkey (12)</b> rolls. (188,8,2)
[20:08:00]EMOTE: *no key*/(monkey (628)) : <b>The monkey (628)</b> scratches. (204,25,2)
[20:08:03]SAY: Medibot/ : I knew it, I should&#39;ve been a plastic surgeon. (155,73,1)
[20:08:04]GAME: <a href='?priv_msg=badpanacea'>BadPanacea</a>/(Itchy Tingle) checked the player panel while in game.
[20:08:06]ADMIN: BadPanacea/(Itchy Tingle) healed / Revived BadPanacea/(Itchy Tingle).
[20:08:08]GAME: Explosion with size (0, 0, 3, 0) in area Arrival Shuttle Hallway (150,253,2)
[20:08:08]GAME: Explosion with size (0, 0, 3, 0) in area Arrival Shuttle Hallway (150,253,2)
[20:08:08]EMOTE: Deranging/(Badass Syndrone (278)) : <b>Badass Syndrone (278)</b> stops moving... (151,253,2)
[20:08:08]GAME: Explosion with size (0, 0, 3, 0) in area Arrival Shuttle Hallway (150,253,2)
[20:08:12]EMOTE: *no key*/(monkey (12)) : <b>The monkey (12)</b> waves his tail. (188,8,2)
[20:08:13]ADMIN: Noober84555/(cool) has entered build mode.
[20:08:13]ACCESS: Mob Login: Deranging/(Badass Syndrone (278)) was assigned to a /mob/dead/observer
[20:08:14]EMOTE: Ss13isaids/(Dab Dab) : <b>Unknown</b> seizes up and falls limp, their eyes dead and lifeless... (150,253,2)
[20:08:14]ADMIN: Build Mode: Noober84555/(cool) built the floor at (150,253,2)
[20:08:18]ACCESS: Mob Login: Deranging/(Badass Syndrone (804)) was assigned to a /mob/living/simple_animal/drone/syndrone/badass
[20:08:22]EMOTE: *no key*/(grey baby slime (103)) : <b>The grey baby slime (103)</b> bounces in place. (112,162,2)
[20:08:22]EMOTE: *no key*/(grey baby slime (212)) : <b>The grey baby slime (212)</b> jiggles! (105,163,2)
[20:08:25]GAME: <a href='?priv_msg=ss13isaids'>Ss13isaids</a>/(Dab Dab) checked the player panel while in game.
[20:08:26]ADMIN: Ss13isaids/(Dab Dab) healed / Revived Ss13isaids/(Dab Dab).
[20:08:28]EMOTE: BadPanacea/(Itchy Tingle) : <b>Itchy Tingle</b> gasps! (148,253,2)
[20:08:33]SAY: Badass Syndrone (804)/Deranging : this instakills (154,258,2)
[20:08:33]EMOTE: Kayky/(Moses Rader) : <b>Moses Rader</b> gasps! (149,252,2)
[20:08:43]EMOTE: Kayky/(Moses Rader) : <b>Moses Rader</b> seizes up and falls limp, his eyes dead and lifeless... (141,246,2)
[20:08:43]ACCESS: Mob Login: Kayky/(Moses Rader) was assigned to a /mob/dead/observer
[20:08:45]EMOTE: BadPanacea/(Itchy Tingle) : <b>Itchy Tingle</b> seizes up and falls limp, her eyes dead and lifeless... (147,252,2)
[20:08:49]EMOTE: *no key*/(monkey (440)) : <b>The monkey (440)</b> scratches. (160,140,2)
[20:08:54]EMOTE: Noober84555/(cool) : <b>The cool</b> seizes up and falls limp, their eyes dead and lifeless... (143,246,2)
[20:08:58]GAME: <a href='?priv_msg=noober84555'>Noober84555</a>/(cool) checked the player panel while in game.
[20:08:58]ADMIN: Noober84555/(cool) healed / Revived Noober84555/(cool).
[20:08:59]EMOTE: *no key*/(monkey (687)) : <b>The monkey (687)</b> scratches. (189,8,2)
[20:09:02]ADMIN: BadPanacea/(Itchy Tingle) healed / Revived BadPanacea/(Itchy Tingle).
[20:09:04]GAME: Moses Rader/Kayky used abandon mob.
[20:09:04]ACCESS: Mob Login: Kayky/(new player) was assigned to a /mob/dead/new_player
[20:09:07]EMOTE: Deranging/(Badass Syndrone (804)) : <b>Badass Syndrone (804)</b> stops moving... (141,251,2)
[20:09:08]ACCESS: Mob Login: Kayky/(Moses Rader) was assigned to a /mob/living/carbon/human
[20:09:09]ACCESS: Mob Login: Deranging/(Badass Syndrone (804)) was assigned to a /mob/dead/observer
[20:09:29]GAME: Badass Syndrone (804)/Deranging used abandon mob.
[20:09:29]ACCESS: Mob Login: Deranging/(new player) was assigned to a /mob/dead/new_player
[20:09:29]EMOTE: *no key*/(Persephone) : <b>Persephone</b> shivers (167,142,2)
[20:09:30]GAME: <a href='?priv_msg=badpanacea'>BadPanacea</a>/(Itchy Tingle) checked the player panel while in game.
[20:09:31]ADMIN: BadPanacea/(Itchy Tingle) healed / Revived *no key*/(Badass Syndrone (804)).
[20:09:34]ACCESS: Mob Login: Deranging/(Eat Pant) was assigned to a /mob/living/carbon/human
[20:09:43]ADMIN: Ss13isaids/(Dab Dab) created a /obj/item/gun/energy/beam_rifle/debug
[20:09:58]EMOTE: BadPanacea/(Itchy Tingle) : <b>Itchy Tingle</b> screams! (154,271,2)
[20:09:59]EMOTE: *no key*/(monkey (440)) : <b>The monkey (440)</b> rolls. (160,139,2)
[20:10:03]EMOTE: BadPanacea/(Itchy Tingle) : <b>Itchy Tingle</b> seizes up and falls limp, her eyes dead and lifeless... (155,265,2)
[20:10:04]EMOTE: *no key*/(monkey (259)) : <b>The monkey (259)</b> scratches. (160,142,2)
[20:10:06]EMOTE: *no key*/(Ian) : <b>Ian</b> dances around. (134,184,2)
[20:10:06]ADMIN: BadPanacea/(Itchy Tingle) healed / Revived BadPanacea/(Itchy Tingle).
[20:10:07]EMOTE: BadPanacea/(Itchy Tingle) : <b>Unknown</b> screams! (155,265,2)
[20:10:08]SAY: Poly/ : What kind of medbay is this? Everyone&#39;s dropping like flies. (80,190,2)
[20:10:11]EMOTE: BadPanacea/(Itchy Tingle) : <b>Itchy Tingle</b> seizes up and falls limp, her eyes dead and lifeless... (155,265,2)
[20:10:12]EMOTE: Noober84555/(cool) : <b>The cool</b> farts! (147,253,2)
[20:10:16]EMOTE: Noober84555/(cool) : <b>The cool</b> screams! (155,258,2)
[20:10:18]EMOTE: Noober84555/(cool) : <b>The cool</b> farts! (155,258,2)
[20:10:20]EMOTE: Noober84555/(cool) : <b>The cool</b> seizes up and falls limp, their eyes dead and lifeless... (155,258,2)
[20:10:21]ACCESS: Mob Login: Noober84555/(cool) was assigned to a /mob/dead/observer
[20:10:22]ADMIN: BadPanacea/(Itchy Tingle) healed / Revived BadPanacea/(Itchy Tingle).
[20:10:28]EMOTE: BadPanacea/(Itchy Tingle) : <b>Itchy Tingle</b> screams! (154,255,2)
[20:10:31]EMOTE: Ss13isaids/(Dab Dab) : <b>Unknown</b> seizes up and falls limp, their eyes dead and lifeless... (153,255,2)
[20:10:32]EMOTE: BadPanacea/(Itchy Tingle) : <b>Itchy Tingle</b> seizes up and falls limp, her eyes dead and lifeless... (154,255,2)
[20:10:34]EMOTE: *no key*/(monkey (782)) : <b>The monkey (782)</b> jumps! (201,25,2)
[20:10:34]SAY: Medibot/ : What kind of medbay is this? Everyone&#39;s dropping like flies. (154,73,1)
[20:10:40]EMOTE: *no key*/(Ian) : <b>Ian</b> yaps. (133,184,2)
[20:10:44]SAY: Swanson/ : Woof! (108,143,2)
[20:10:46]EMOTE: *no key*/(monkey (687)) : <b>The monkey (687)</b> scratches. (188,8,2)
[20:10:47]SAY: Eat Pant/Deranging : ow (154,256,2)
[20:10:51]GAME: cool/Noober84555 used abandon mob.
[20:10:51]ACCESS: Mob Login: Noober84555/(new player) was assigned to a /mob/dead/new_player
[20:10:54]EMOTE: *no key*/(grey baby slime (103)) : <b>The grey baby slime (103)</b> bounces in place. (113,163,2)
[20:10:54]ACCESS: Mob Login: Noober84555/(cool) was assigned to a /mob/living/carbon/human
[20:10:55]GAME: <a href='?priv_msg=ss13isaids'>Ss13isaids</a>/(Dab Dab) checked the player panel while in game.
[20:10:55]GAME: <a href='?priv_msg=badpanacea'>BadPanacea</a>/(Itchy Tingle) checked the player panel while in game.
[20:10:56]ADMIN: Ss13isaids/(Dab Dab) healed / Revived Ss13isaids/(Dab Dab).
[20:10:56]ADMIN: BadPanacea/(Itchy Tingle) healed / Revived Deranging/(Eat Pant).
[20:10:57]EMOTE: *no key*/(pug) : <b>Swanson</b> shivers. (108,143,2)
[20:10:57]EMOTE: Noober84555/(cool) : <b>The cool</b> farts! (142,264,2)
[20:10:59]EMOTE: Deranging/(Eat Pant) : <b>Eat Pant</b> screams! (153,257,2)
[20:11:00]EMOTE: Noober84555/(cool) : <b>The cool</b> farts! (142,264,2)
[20:11:00]EMOTE: Deranging/(Eat Pant) : <b>Eat Pant</b> seizes up and falls limp, his eyes dead and lifeless... (153,257,2)
[20:11:03]EMOTE: Noober84555/(cool) : <b>The cool</b> farts! (143,260,2)
[20:11:05]EMOTE: Noober84555/(cool) : <b>The cool</b> farts! (148,260,2)
[20:11:05]EMOTE: *no key*/(Pun Pun 11) : <b>Pun Pun 11</b> scratches. (136,218,2)
[20:11:05]ACCESS: Mob Login: Deranging/(Eat Pant) was assigned to a /mob/dead/observer
[20:11:07]EMOTE: *no key*/(monkey (687)) : <b>The monkey (687)</b> scratches. (188,8,2)
[20:11:07]EMOTE: Noober84555/(cool) : <b>The cool</b> farts! (148,263,2)
[20:11:08]EMOTE: Noober84555/(cool) : <b>The cool</b> farts! (148,266,2)
[20:11:09]EMOTE: *no key*/(monkey (101)) : <b>The monkey (101)</b> scratches. (188,119,2)
[20:11:09]EMOTE: *no key*/(Ian) : <b>Ian</b> dances around. (133,183,2)
[20:11:10]EMOTE: Noober84555/(cool) : <b>The cool</b> farts! (148,267,2)
[20:11:13]ACCESS: Mob Login: Deranging/(Badass Syndrone (262)) was assigned to a /mob/living/simple_animal/drone/syndrone/badass
[20:11:13]EMOTE: *no key*/(Badass Syndrone (804)) : <b>Badass Syndrone (804)</b> stops moving... (141,251,2)
[20:11:18]ADMIN: BadPanacea/(Itchy Tingle) healed / Revived BadPanacea/(Itchy Tingle).
[20:11:27]GAME: @Noober84555[DC]/(cool) bumped into BadPanacea/(Itchy Tingle) and set them on fire
[20:11:29]EMOTE: *no key*/(Persephone) : <b>Persephone</b> wags its tail. (167,142,2)
[20:11:30]SAY: Persephone/ : Esp! (167,142,2)
[20:11:33]EMOTE: *no key*/(monkey (558)) : <b>The monkey (558)</b> scratches. (201,21,2)
[20:11:39]EMOTE: *no key*/(Persephone) : <b>Persephone</b> sits down. (167,142,2)
[20:11:39]EMOTE: *no key*/(pug) : <b>Swanson</b> chases its tail. (108,143,2)
[20:11:40]SAY: emergency medibot/ : There&#39;s always a catch, and I&#39;m the best there is. (222,84,1)
[20:11:41]ADMIN: Ss13isaids/(Dab Dab) has possessed the disposal unit (/obj/machinery/disposal/bin) at (144, 243, 2)
[20:11:44]SAY: emergency medibot/ : I knew it, I should&#39;ve been a plastic surgeon. (222,84,1)
[20:11:47]EMOTE: Ss13isaids/(disposal unit) : <b>Unknown</b> gasps! (119,253,2)
[20:11:51]EMOTE: *no key*/(monkey (373)) : <b>The monkey (373)</b> scratches. (160,139,2)
[20:11:55]EMOTE: Kayky/(Moses Rader) : <b>Moses Rader</b> seizes up and falls limp, his eyes dead and lifeless... (144,257,2)
[20:12:01]EMOTE: *no key*/(Persephone) : <b>Persephone</b> sits down. (167,142,2)
[20:12:03]EMOTE: *no key*/(Persephone) : <b>Persephone</b> sits down. (167,142,2)
[20:12:09]GAME: Moses Rader/Kayky used abandon mob.
[20:12:09]ACCESS: Mob Login: Kayky/(new player) was assigned to a /mob/dead/new_player
[20:12:14]ACCESS: Mob Login: Kayky/(Moses Rader) was assigned to a /mob/living/carbon/human
[20:12:24]ADMIN: Ss13isaids/(Dab Dab) created a /obj/item/gun/energy/beam_rifle/debug
[20:12:31]EMOTE: Noober84555/(cool) : <b>The cool</b> seizes up and falls limp, their eyes dead and lifeless... (143,264,2)
[20:12:32]GAME: <a href='?priv_msg=ss13isaids'>Ss13isaids</a>/(Dab Dab) checked the player panel while in game.
[20:12:33]ADMIN: Ss13isaids/(Dab Dab) healed / Revived Ss13isaids/(Dab Dab).
[20:12:36]EMOTE: *no key*/(monkey (628)) : <b>The monkey (628)</b> scratches. (204,25,2)
[20:12:42]EMOTE: *no key*/(Persephone) : <b>Persephone</b> looks alert. (167,142,2)
[20:12:48]EMOTE: *no key*/(Poly) : <b>Poly</b> flutters its wings. (80,190,2)
[20:12:49]EMOTE: *no key*/(monkey (373)) : <b>The monkey (373)</b> scratches. (160,140,2)
[20:12:49]EMOTE: *no key*/(Pun Pun 11) : <b>Pun Pun 11</b> scratches. (137,218,2)
[20:12:50]ACCESS: Mob Login: Noober84555/(cool) was assigned to a /mob/dead/observer
[20:12:53]EMOTE: *no key*/(monkey (628)) : <b>The monkey (628)</b> scratches. (203,25,2)
[20:12:58]ADMIN: BadPanacea/(Itchy Tingle) modified Itchy Tingle's maxHealth to from 100 to 999999
[20:13:03]GAME: cool/Noober84555 used abandon mob.
[20:13:03]ACCESS: Mob Login: Noober84555/(new player) was assigned to a /mob/dead/new_player
[20:13:05]GAME: <a href='?priv_msg=ss13isaids'>Ss13isaids</a>/(Dab Dab) checked the player panel while in game.
[20:13:07]ADMIN: Ss13isaids/(Dab Dab) healed / Revived Ss13isaids/(Dab Dab).
[20:13:09]EMOTE: *no key*/(Citrus) : <b>Citrus</b> snores. (174,219,2)
[20:13:11]SAY: mouse/ : SQUEEK! (200,222,2)
[20:13:12]EMOTE: *no key*/(monkey (782)) : <b>The monkey (782)</b> rolls. (200,25,2)
[20:13:12]EMOTE: *no key*/(Persephone) : <b>Persephone</b> looks alert. (167,142,2)
[20:13:12]EMOTE: *no key*/(grey baby slime (847)) : <b>The grey baby slime (847)</b> bounces in place. (109,153,2)
[20:13:23]SAY: Renault/ : Awoo (156,193,2)
[20:13:33]ACCESS: Mob Login: Noober84555/(cool) was assigned to a /mob/living/carbon/human
[20:13:35]EMOTE: *no key*/(grey baby slime (103)) : <b>The grey baby slime (103)</b> vibrates! (111,161,2)
[20:13:45]ADMIN: BadPanacea/(Itchy Tingle) modified Itchy Tingle's maxHealth to from 999999 to 999999
[20:13:46]EMOTE: BadPanacea/(Itchy Tingle) : <b>Itchy Tingle</b> gasps! (121,260,2)
[20:13:46]EMOTE: *no key*/(Persephone) : <b>Persephone</b> looks alert. (167,142,2)
[20:13:50]EMOTE: *no key*/(Persephone) : <b>Persephone</b> wags its tail. (167,142,2)
[20:13:52]EMOTE: Ss13isaids/(Dab Dab) : <b>Unknown</b> gasps! (120,252,2)
[20:13:54]EMOTE: *no key*/(monkey (440)) : <b>The monkey (440)</b> waves his tail. (160,139,2)
[20:14:00]EMOTE: *no key*/(monkey (628)) : <b>The monkey (628)</b> rolls. (204,25,2)
[20:14:02]EMOTE: *no key*/(monkey (440)) : <b>The monkey (440)</b> rolls. (160,139,2)
[20:14:07]ADMIN: Ss13isaids/(Dab Dab) deleted the particle acceleration rifle at (0, 0, 0)
[20:14:24]ADMIN: Ss13isaids/(Dab Dab) created a /obj/item/gun/energy/beam_rifle/debug
[20:14:46]ADMINPRIVATE: Ticket #1: Deranging/(Badass Syndrone (262)): what - heard by 1 non-AFK admins who have +BAN.
[20:14:50]SAY: Poly/ : Wait Hanry Smith! I want to help! (80,190,2)
[20:14:51]ADMIN: Noober84555/(cool) deleted the cool at (144, 257, 2)
[20:14:51]ACCESS: Mob Login: Noober84555/(cool) was assigned to a /mob/dead/observer
[20:14:56]GAME: cool/Noober84555 used abandon mob.
[20:14:56]ACCESS: Mob Login: Noober84555/(new player) was assigned to a /mob/dead/new_player
[20:14:59]ACCESS: Mob Login: Noober84555/(cool) was assigned to a /mob/living/carbon/human
[20:15:00]EMOTE: *no key*/(monkey (101)) : <b>The monkey (101)</b> scratches. (187,119,2)
[20:15:01]EMOTE: *no key*/(Citrus) : <b>Citrus</b> looks around sleepily. (174,221,2)
[20:15:08]EMOTE: *no key*/(Persephone) : <b>Persephone</b> looks alert. (167,142,2)
[20:15:10]ADMINPRIVATE: PM: Ss13isaids/(Dab Dab)->Deranging/(Badass Syndrone (262)): stop the bwoink is loud
[20:15:15]SAY: emergency medibot/ : There&#39;s always a catch, and I&#39;m the best there is. (222,84,1)
[20:15:21]ADMIN: Noober84555/(cool) deleted the cool at (142, 264, 2)
[20:15:21]ACCESS: Mob Login: Noober84555/(cool) was assigned to a /mob/dead/observer
[20:15:23]GAME: cool/Noober84555 used abandon mob.
[20:15:23]ACCESS: Mob Login: Noober84555/(new player) was assigned to a /mob/dead/new_player
[20:15:23]SAY: Poly/ : Breaking news from Station Announcements! (80,190,2)
[20:15:25]GAME: <a href='?priv_msg=ss13isaids'>Ss13isaids</a>/(Dab Dab) checked the player panel while in game.
[20:15:26]ADMIN: Ss13isaids/(Dab Dab) healed / Revived Ss13isaids/(Dab Dab).
[20:15:26]ADMIN: Ss13isaids/(Dab Dab) healed / Revived Ss13isaids/(Dab Dab).
[20:15:29]ADMIN: Ss13isaids/(Dab Dab) healed / Revived Ss13isaids/(Dab Dab).
[20:15:29]SAY: Swanson/ : Bark! (106,143,2)
[20:15:31]SAY: Nobody's Perfect/ : Delicious! (24,75,1)
[20:15:40]SAY: Renault/ : Geckers (154,194,2)
[20:15:43]EMOTE: Deranging/(Badass Syndrone (262)) : <b>Badass Syndrone (262)</b> stops moving... (135,272,2)
[20:15:45]EMOTE: BadPanacea/(Itchy Tingle) : <b>Itchy Tingle</b> screams! (135,269,2)
[20:15:46]EMOTE: BadPanacea/(Itchy Tingle) : <b>Itchy Tingle</b> screams! (135,273,2)
[20:15:46]SAY: Poly/ : I knew it, I should&#39;ve been a plastic surgeon. (80,190,2)
[20:15:46]EMOTE: BadPanacea/(Itchy Tingle) : <b>Itchy Tingle</b> screams! (135,273,2)
[20:15:49]ACCESS: Mob Login: Deranging/(Badass Syndrone (262)) was assigned to a /mob/dead/observer
[20:15:49]ACCESS: Mob Login: Noober84555/(noober irl) was assigned to a /mob/living/carbon/human
[20:15:51]EMOTE: *no key*/(monkey (687)) : <b>The monkey (687)</b> jumps! (188,8,2)
[20:15:54]EMOTE: BadPanacea/(Itchy Tingle) : <b>Itchy Tingle</b> screams! (137,264,2)
[20:15:56]EMOTE: BadPanacea/(Itchy Tingle) : <b>Itchy Tingle</b> screams! (137,266,2)
[20:15:57]EMOTE: BadPanacea/(Itchy Tingle) : <b>Itchy Tingle</b> screams! (135,266,2)
[20:15:58]EMOTE: BadPanacea/(Itchy Tingle) : <b>Itchy Tingle</b> screams! (138,264,2)
[20:15:59]EMOTE: BadPanacea/(Itchy Tingle) : <b>Itchy Tingle</b> screams! (138,264,2)
[20:15:59]EMOTE: BadPanacea/(Itchy Tingle) : <b>Itchy Tingle</b> screams! (138,264,2)
[20:15:59]EMOTE: BadPanacea/(Itchy Tingle) : <b>Itchy Tingle</b> screams! (138,264,2)
[20:15:59]EMOTE: BadPanacea/(Itchy Tingle) : <b>Itchy Tingle</b> screams! (137,264,2)
[20:16:00]EMOTE: BadPanacea/(Itchy Tingle) : <b>Itchy Tingle</b> screams! (137,264,2)
[20:16:01]EMOTE: BadPanacea/(Itchy Tingle) : <b>Itchy Tingle</b> screams! (137,270,2)
[20:16:01]EMOTE: BadPanacea/(Itchy Tingle) : <b>Itchy Tingle</b> screams! (137,270,2)
[20:16:01]EMOTE: BadPanacea/(Itchy Tingle) : <b>Itchy Tingle</b> screams! (137,270,2)
[20:16:01]EMOTE: BadPanacea/(Itchy Tingle) : <b>Itchy Tingle</b> screams! (137,270,2)
[20:16:02]EMOTE: BadPanacea/(Itchy Tingle) : <b>Itchy Tingle</b> screams! (137,270,2)
[20:16:02]EMOTE: BadPanacea/(Itchy Tingle) : <b>Itchy Tingle</b> screams! (137,270,2)
[20:16:02]EMOTE: BadPanacea/(Itchy Tingle) : <b>Itchy Tingle</b> screams! (137,270,2)
[20:16:02]EMOTE: BadPanacea/(Itchy Tingle) : <b>Itchy Tingle</b> screams! (137,270,2)
[20:16:02]EMOTE: BadPanacea/(Itchy Tingle) : <b>Itchy Tingle</b> screams! (137,270,2)
[20:16:02]EMOTE: BadPanacea/(Itchy Tingle) : <b>Itchy Tingle</b> screams! (137,270,2)
[20:16:03]EMOTE: BadPanacea/(Itchy Tingle) : <b>Itchy Tingle</b> screams! (137,270,2)
[20:16:03]EMOTE: BadPanacea/(Itchy Tingle) : <b>Itchy Tingle</b> screams! (137,270,2)
[20:16:03]EMOTE: BadPanacea/(Itchy Tingle) : <b>Itchy Tingle</b> screams! (137,270,2)
[20:16:03]EMOTE: BadPanacea/(Itchy Tingle) : <b>Itchy Tingle</b> screams! (137,270,2)
[20:16:03]EMOTE: BadPanacea/(Itchy Tingle) : <b>Itchy Tingle</b> screams! (137,270,2)
[20:16:03]EMOTE: BadPanacea/(Itchy Tingle) : <b>Itchy Tingle</b> screams! (137,270,2)
[20:16:04]EMOTE: BadPanacea/(Itchy Tingle) : <b>Itchy Tingle</b> screams! (137,270,2)
[20:16:04]EMOTE: BadPanacea/(Itchy Tingle) : <b>Itchy Tingle</b> screams! (137,270,2)
[20:16:04]EMOTE: BadPanacea/(Itchy Tingle) : <b>Itchy Tingle</b> screams! (137,270,2)
[20:16:04]EMOTE: BadPanacea/(Itchy Tingle) : <b>Itchy Tingle</b> screams! (137,270,2)
[20:16:04]EMOTE: BadPanacea/(Itchy Tingle) : <b>Itchy Tingle</b> screams! (137,270,2)
[20:16:05]EMOTE: BadPanacea/(Itchy Tingle) : <b>Itchy Tingle</b> screams! (137,270,2)
[20:16:05]EMOTE: BadPanacea/(Itchy Tingle) : <b>Itchy Tingle</b> screams! (137,270,2)
[20:16:05]EMOTE: BadPanacea/(Itchy Tingle) : <b>Itchy Tingle</b> screams! (137,270,2)
[20:16:05]SAY: Poly/ : Attention! Wanted issue distributed! (80,190,2)
[20:16:05]EMOTE: BadPanacea/(Itchy Tingle) : <b>Itchy Tingle</b> screams! (137,270,2)
[20:16:05]EMOTE: BadPanacea/(Itchy Tingle) : <b>Itchy Tingle</b> screams! (137,270,2)
[20:16:06]EMOTE: *no key*/(monkey (687)) : <b>The monkey (687)</b> waves his tail. (189,8,2)
[20:16:06]SAY: Itchy Tingle/BadPanacea : this fucking sword is broken (137,270,2)
[20:16:06]EMOTE: BadPanacea/(Itchy Tingle) : <b>Itchy Tingle</b> screams! (137,270,2)
[20:16:07]EMOTE: BadPanacea/(Itchy Tingle) : <b>Itchy Tingle</b> screams! (137,270,2)
[20:16:07]EMOTE: BadPanacea/(Itchy Tingle) : <b>Itchy Tingle</b> screams! (137,270,2)
[20:16:07]EMOTE: BadPanacea/(Itchy Tingle) : <b>Itchy Tingle</b> screams! (137,270,2)
[20:16:07]EMOTE: BadPanacea/(Itchy Tingle) : <b>Itchy Tingle</b> screams! (137,270,2)
[20:16:07]EMOTE: BadPanacea/(Itchy Tingle) : <b>Itchy Tingle</b> farts! (137,270,2)
[20:16:09]EMOTE: BadPanacea/(Itchy Tingle) : <b>Itchy Tingle</b> screams! (137,270,2)
[20:16:16]EMOTE: BadPanacea/(Itchy Tingle) : <b>Itchy Tingle</b> farts! (137,270,2)
[20:16:17]GAME: <a href='?priv_msg=ss13isaids'>Ss13isaids</a>/(Dab Dab) checked the player panel while in game.
[20:16:19]ADMIN: Ss13isaids/(Dab Dab) healed / Revived Ss13isaids/(Dab Dab).
[20:16:20]EMOTE: BadPanacea/(Itchy Tingle) : <b>Itchy Tingle</b> screams! (137,270,2)
[20:16:25]EMOTE: BadPanacea/(Itchy Tingle) : <b>Itchy Tingle</b> screams! (137,270,2)
[20:16:26]EMOTE: Noober84555/(noober irl) : <b>The noober irl</b> gasps! (135,259,2)
[20:16:26]EMOTE: BadPanacea/(Itchy Tingle) : <b>Itchy Tingle</b> screams! (137,270,2)
[20:16:27]EMOTE: BadPanacea/(Itchy Tingle) : <b>Itchy Tingle</b> screams! (137,270,2)
[20:16:27]EMOTE: BadPanacea/(Itchy Tingle) : <b>Itchy Tingle</b> screams! (137,270,2)
[20:16:28]EMOTE: *no key*/(Persephone) : <b>Persephone</b> stops resting. (167,142,2)
[20:16:29]EMOTE: BadPanacea/(Itchy Tingle) : <b>Itchy Tingle</b> screams! (137,270,2)
[20:16:30]EMOTE: BadPanacea/(Itchy Tingle) : <b>Itchy Tingle</b> screams! (137,270,2)
[20:16:31]EMOTE: BadPanacea/(Itchy Tingle) : <b>Itchy Tingle</b> screams! (137,270,2)
[20:16:31]EMOTE: BadPanacea/(Itchy Tingle) : <b>Itchy Tingle</b> screams! (137,270,2)
[20:16:32]EMOTE: BadPanacea/(Itchy Tingle) : <b>Itchy Tingle</b> screams! (137,270,2)
[20:16:33]EMOTE: BadPanacea/(Itchy Tingle) : <b>Itchy Tingle</b> screams! (137,270,2)
[20:16:33]EMOTE: BadPanacea/(Itchy Tingle) : <b>Itchy Tingle</b> screams! (137,270,2)
[20:16:33]EMOTE: BadPanacea/(Itchy Tingle) : <b>Itchy Tingle</b> screams! (137,270,2)
[20:16:33]EMOTE: BadPanacea/(Itchy Tingle) : <b>Itchy Tingle</b> screams! (137,270,2)
[20:16:33]EMOTE: BadPanacea/(Itchy Tingle) : <b>Itchy Tingle</b> screams! (137,270,2)
[20:16:34]EMOTE: BadPanacea/(Itchy Tingle) : <b>Itchy Tingle</b> screams! (137,270,2)
[20:16:34]EMOTE: BadPanacea/(Itchy Tingle) : <b>Itchy Tingle</b> screams! (137,270,2)
[20:16:34]EMOTE: BadPanacea/(Itchy Tingle) : <b>Itchy Tingle</b> screams! (137,270,2)
[20:16:35]SAY: Medibot/ : I knew it, I should&#39;ve been a plastic surgeon. (155,73,1)
[20:16:35]EMOTE: BadPanacea/(Itchy Tingle) : <b>Itchy Tingle</b> screams! (137,270,2)
[20:16:39]SAY: Itchy Tingle/BadPanacea : ive got a feeling you dont like me (137,270,2)
[20:16:43]SAY: Medibot/ : What kind of medbay is this? Everyone&#39;s dropping like flies. (155,73,1)
[20:16:43]ADMIN: Noober84555/(noober irl) has deleted all (7) instances of /obj/item/fidgetspinner.
[20:16:45]SAY: Unknown/Ss13isaids : no you attacked me\ (135,273,2)
[20:16:49]SAY: Itchy Tingle/BadPanacea : oh sorry (137,270,2)
[20:16:52]SAY: Medibot/ : Radar, put a mask on! (155,73,1)
[20:17:01]EMOTE: *no key*/(monkey (440)) : <b>The monkey (440)</b> rolls. (160,141,2)
[20:17:01]SAY: grey baby slime (212)/ : Blorble... (104,161,2)
[20:17:02]EMOTE: *no key*/(Poly) : <b>Poly</b> squawks. (80,190,2)
[20:17:02]SAY: Itchy Tingle/BadPanacea : NO FUEL TANKS (136,266,2)
[20:17:03]EMOTE: *no key*/(monkey (687)) : <b>The monkey (687)</b> jumps! (187,8,2)
[20:17:03]EMOTE: *no key*/(monkey (101)) : <b>The monkey (101)</b> jumps! (184,119,2)
[20:17:07]EMOTE: *no key*/(grey baby slime (103)) : <b>The grey baby slime (103)</b> lights up for a bit, then stops. (112,163,2)
[20:17:07]GAME: BadPanacea/(Itchy Tingle) bumped into Ss13isaids/(Dab Dab) and set them on fire
[20:17:09]EMOTE: *no key*/(monkey (687)) : <b>The monkey (687)</b> waves his tail. (187,8,2)
[20:17:11]EMOTE: BadPanacea/(Itchy Tingle) : <b>Itchy Tingle</b> screams! (135,268,2)
[20:17:12]SAY: Poly/ : I knew it, I should&#39;ve been a plastic surgeon. (80,190,2)
[20:17:12]SAY: Renault/ : Ack-Ack (157,193,2)
[20:17:14]SAY: Unknown/Ss13isaids : what the fuick (137,267,2)
[20:17:15]EMOTE: BadPanacea/(Itchy Tingle) : <b>Itchy Tingle</b> gasps! (135,268,2)
[20:17:15]EMOTE: *no key*/(monkey (988)) : <b>The monkey (988)</b> scratches. (204,21,2)
[20:17:19]GAME: <a href='?priv_msg=ss13isaids'>Ss13isaids</a>/(Dab Dab) checked the player panel while in game.
[20:17:20]ADMIN: Ss13isaids/(Dab Dab) healed / Revived Ss13isaids/(Dab Dab).
[20:17:23]EMOTE: BadPanacea/(Itchy Tingle) : <b>Itchy Tingle</b> gasps! (136,261,2)
[20:17:23]EMOTE: Ss13isaids/(Dab Dab) : <b>Unknown</b> gasps! (135,267,2)
[20:17:23]SAY: Moses Rader/Kayky : LIGHTNINGBOLT!! (145,262,2)
[20:17:25]EMOTE: Ss13isaids/(Dab Dab) : <b>Unknown</b> gasps! (135,264,2)
[20:17:34]EMOTE: Noober84555/(noober irl) : <b>The noober irl</b> screams! (150,252,2)
[20:17:37]ADMIN: Noober84555/(noober irl) admin ghosted.
[20:17:37]ACCESS: Mob Login: Noober84555/(noober irl) was assigned to a /mob/dead/observer
[20:17:38]EMOTE: BadPanacea/(Itchy Tingle) : <b>Itchy Tingle</b> gasps! (136,261,2)
[20:17:40]EMOTE: BadPanacea/(Itchy Tingle) : <b>Itchy Tingle</b> gasps! (136,261,2)
[20:17:40]EMOTE: *no key*/(pug) : <b>Swanson</b> chases its tail. (106,145,2)
[20:17:42]SAY: Medibot/ : What kind of medbay is this? Everyone&#39;s dropping like flies. (155,73,1)
[20:17:44]EMOTE: @Noober84555[DC]/(noober irl) : <b>The noober irl</b> gasps! (149,252,2)
[20:17:44]EMOTE: *no key*/(Ian) : <b>Ian</b> shakes its head. (132,186,2)
[20:17:46]EMOTE: BadPanacea/(Itchy Tingle) : <b>Itchy Tingle</b> gasps! (136,261,2)
[20:17:50]EMOTE: BadPanacea/(Itchy Tingle) : <b>Itchy Tingle</b> gasps! (136,261,2)
[20:17:51]SAY: Swanson/ : AUUUUUU (106,146,2)
[20:17:52]EMOTE: *no key*/(monkey (558)) : <b>The monkey (558)</b> waves her tail. (201,21,2)
[20:17:54]EMOTE: *no key*/(grey baby slime (212)) : <b>The grey baby slime (212)</b> vibrates! (103,163,2)
[20:17:56]ADMIN: Noober84555/(noober irl) has deleted all (74) instances of /obj/structure/reagent_dispensers/fueltank.
[20:17:57]SAY: Nobody's Perfect/ : What kind of medbay is this? Everyone&#39;s dropping like flies. (24,75,1)
[20:18:00]GAME: <a href='?priv_msg=ss13isaids'>Ss13isaids</a>/(Dab Dab) checked the player panel while in game.
[20:18:01]ADMIN: Ss13isaids/(Dab Dab) healed / Revived Ss13isaids/(Dab Dab).
[20:18:03]SAY: Moses Rader/Kayky : AAAAAAARRRGH! (145,260,2)
[20:18:04]EMOTE: @Noober84555[DC]/(noober irl) : <b>The noober irl</b> gasps! (149,252,2)
[20:18:10]SAY: Moses Rader/Kayky : AAAAAAARRRGH! (145,261,2)
[20:18:11]SAY: Moses Rader/Kayky : HNNNNNNNNNGGGGGGH! (145,261,2)
[20:18:15]GAME: Explosion with size (0, 0, 0, 1) in area Arrival Shuttle Hallway (145,246,2)
[20:18:17]ADMIN: BadPanacea/(Itchy Tingle) admin ghosted.
[20:18:17]ACCESS: Mob Login: BadPanacea/(Itchy Tingle) was assigned to a /mob/dead/observer
[20:18:21]EMOTE: *no key*/(Persephone) : <b>Persephone</b> crouches on its hind legs. (166,139,2)
[20:18:23]EMOTE: *no key*/(Persephone) : <b>Persephone</b> looks alert. (166,139,2)
[20:18:29]SAY: Poly/ : I knew it, I should&#39;ve been a plastic surgeon. (80,190,2)
[20:18:31]EMOTE: @BadPanacea[DC]/(Itchy Tingle) : <b>Itchy Tingle</b> gasps! (136,261,2)
[20:18:34]ACCESS: Mob Login: BadPanacea/(Itchy Tingle) was assigned to a /mob/living/carbon/human
[20:18:39]ADMINPRIVATE: PM: Noober84555/(noober irl)->Deranging/(Badass Syndrone (262)): excuse me, why did you spawn a million fuel tanks? that's bannable you know
[20:18:40]EMOTE: BadPanacea/(Itchy Tingle) : <b>Itchy Tingle</b> gasps! (136,261,2)
[20:18:45]SAY: Swanson/ : Woof! (107,147,2)
[20:18:46]GAME: Explosion with size (0, 0, 0, 1) in area Arrival Shuttle Hallway (142,241,2)
[20:18:46]GAME: Explosion with size (0, 0, 0, 1) in area Arrival Shuttle Hallway (142,241,2)
[20:18:48]EMOTE: *no key*/(monkey (807)) : <b>The monkey (807)</b> scratches. (186,119,2)
[20:18:50]EMOTE: *no key*/(monkey (988)) : <b>The monkey (988)</b> jumps! (204,21,2)
[20:18:50]EMOTE: *no key*/(Persephone) : <b>Persephone</b> lies down. (166,139,2)
[20:18:50]EMOTE: *no key*/(grey baby slime (847)) : <b>The grey baby slime (847)</b> lights up for a bit, then stops. (107,152,2)
[20:18:53]EMOTE: *no key*/(Citrus) : <b>Citrus</b> dozes off. (174,219,2)
[20:18:54]ADMINPRIVATE: PM: Deranging/(Badass Syndrone (262))->Noober84555/(noober irl): i wanted an explosion
[20:18:56]EMOTE: *no key*/(Poly) : <b>Poly</b> squawks. (80,190,2)
[20:18:56]EMOTE: @Noober84555[DC]/(noober irl) : <b>The noober irl</b> gasps! (149,252,2)
[20:18:56]EMOTE: BadPanacea/(Itchy Tingle) : <b>Itchy Tingle</b> gasps! (136,261,2)
[20:18:57]GAME: <a href='?priv_msg=badpanacea'>BadPanacea</a>/(Itchy Tingle) checked the player panel while in game.
[20:18:58]EMOTE: @Noober84555[DC]/(noober irl) : <b>The noober irl</b> seizes up and falls limp, his eyes dead and lifeless... (149,252,2)
[20:18:59]ADMIN: BadPanacea/(Itchy Tingle) healed / Revived BadPanacea/(Itchy Tingle).
[20:19:04]SAY: Swanson/ : Woof! (106,147,2)
[20:19:04]GAME: Explosion with size (0, 0, 0, 1) in area Arrival Shuttle Hallway (144,251,2)
[20:19:04]EMOTE: BadPanacea/(Itchy Tingle) : <b>Itchy Tingle</b> screams! (139,252,2)
[20:19:06]GAME: Explosion with size (0, 0, 0, 1) in area Arrival Shuttle Hallway (144,253,2)
[20:19:08]SAY: mouse/ : Squeek! (202,221,2)
[20:19:11]GAME: Explosion with size (0, 0, 0, 1) in area Arrival Shuttle Hallway (145,246,2)
[20:19:13]EMOTE: *no key*/(grey baby slime (847)) : <b>The grey baby slime (847)</b> jiggles! (107,151,2)
[20:19:24]GAME: *no key*/(Moses Rader) bumped into Ss13isaids/(Dab Dab) and set them on fire
[20:19:28]GAME: Badass Syndrone (262)/Deranging used abandon mob.
[20:19:28]ACCESS: Mob Login: Deranging/(new player) was assigned to a /mob/dead/new_player
[20:19:28]GAME: <a href='?priv_msg=ss13isaids'>Ss13isaids</a>/(Dab Dab) checked the player panel while in game.
[20:19:28]ADMIN: BadPanacea/(Itchy Tingle) modified Itchy Tingle's luminosity to from 0 to 99
[20:19:29]EMOTE: BadPanacea/(Itchy Tingle) : <b>Itchy Tingle</b> gasps! (137,266,2)
[20:19:30]ADMIN: Ss13isaids/(Dab Dab) healed / Revived Ss13isaids/(Dab Dab).
[20:19:32]ACCESS: Mob Login: Deranging/(Eat Pant) was assigned to a /mob/living/carbon/human
[20:19:34]ADMIN: BadPanacea/(Itchy Tingle) healed / Revived BadPanacea/(Itchy Tingle).
[20:19:34]EMOTE: *no key*/(Persephone) : <b>Persephone</b> looks alert. (166,139,2)
[20:19:45]ADMIN: BadPanacea/(Itchy Tingle) modified Itchy Tingle's infra_luminosity to from 0 to 2
[20:19:49]EMOTE: BadPanacea/(Itchy Tingle) : <b>Itchy Tingle</b> gasps! (137,266,2)
[20:19:49]EMOTE: *no key*/(monkey (628)) : <b>The monkey (628)</b> scratches. (203,25,2)
[20:19:51]EMOTE: BadPanacea/(Itchy Tingle) : <b>Itchy Tingle</b> gasps! (137,266,2)
[20:19:52]ADMIN: BadPanacea/(Itchy Tingle) healed / Revived BadPanacea/(Itchy Tingle).
[20:19:53]EMOTE: BadPanacea/(Itchy Tingle) : <b>Itchy Tingle</b> gasps! (137,266,2)
[20:19:55]EMOTE: *no key*/(Persephone) : <b>Persephone</b> stops resting. (166,139,2)
[20:20:04]SAY: Poly/ : Try our new nougat bar! (80,190,2)
[20:20:05]GAME: @Noober84555[DC]/(noober irl) bumped into Deranging/(Eat Pant) and set them on fire
[20:20:08]GAME: Deranging/(Eat Pant) bumped into Ss13isaids/(Dab Dab) and set them on fire
[20:20:09]ADMIN: BadPanacea/(Itchy Tingle) modified Itchy Tingle's digitalcamo to from 0 to 2
[20:20:09]EMOTE: Deranging/(Eat Pant) : <b>Eat Pant</b> screams! (142,244,2)
[20:20:09]EMOTE: Deranging/(Eat Pant) : <b>Eat Pant</b> seizes up and falls limp, his eyes dead and lifeless... (142,244,2)
[20:20:10]ACCESS: Mob Login: Deranging/(Eat Pant) was assigned to a /mob/dead/observer
[20:20:14]ADMIN: BadPanacea/(Itchy Tingle) healed / Revived BadPanacea/(Itchy Tingle).
[20:20:15]EMOTE: BadPanacea/(Itchy Tingle) : <b>Itchy Tingle</b> gasps! (137,266,2)
[20:20:21]ADMIN: Noober84555/(noober irl) has entered build mode.
[20:20:22]GAME: Eat Pant/Deranging used abandon mob.
[20:20:22]ACCESS: Mob Login: Deranging/(new player) was assigned to a /mob/dead/new_player
[20:20:22]GAME: <a href='?priv_msg=ss13isaids'>Ss13isaids</a>/(Dab Dab) checked the player panel while in game.
[20:20:23]EMOTE: *no key*/(Pun Pun 11) : <b>Pun Pun 11</b> jumps! (137,219,2)
[20:20:24]ADMIN: Ss13isaids/(Dab Dab) healed / Revived Ss13isaids/(Dab Dab).
[20:20:27]ACCESS: Mob Login: Deranging/(Eat Pant) was assigned to a /mob/living/carbon/human
[20:20:30]EMOTE: BadPanacea/(Itchy Tingle) : <b>Itchy Tingle</b> gasps! (136,252,2)
[20:20:31]ADMIN: Build Mode: Noober84555/(noober irl) modified space (143,265,2) to /turf/open/indestructible
[20:20:32]ADMIN: Build Mode: Noober84555/(noober irl) modified space (142,265,2) to /turf/open/indestructible
[20:20:32]ADMIN: Build Mode: Noober84555/(noober irl) modified space (142,266,2) to /turf/open/indestructible
[20:20:32]EMOTE: Deranging/(Eat Pant) : <b>Eat Pant</b> gasps! (148,257,2)
[20:20:32]EMOTE: BadPanacea/(Itchy Tingle) : <b>Itchy Tingle</b> gasps! (136,252,2)
[20:20:32]EMOTE: *no key*/(monkey (440)) : <b>The monkey (440)</b> rolls. (160,141,2)
[20:20:32]ADMIN: Build Mode: Noober84555/(noober irl) modified space (143,266,2) to /turf/open/indestructible
[20:20:33]ADMIN: Build Mode: Noober84555/(noober irl) modified space (142,267,2) to /turf/open/indestructible
[20:20:33]ADMIN: Build Mode: Noober84555/(noober irl) modified space (143,267,2) to /turf/open/indestructible
[20:20:33]ADMIN: Build Mode: Noober84555/(noober irl) modified space (145,267,2) to /turf/open/indestructible
[20:20:34]ADMIN: Build Mode: Noober84555/(noober irl) modified space (144,267,2) to /turf/open/indestructible
[20:20:34]ADMIN: Build Mode: Noober84555/(noober irl) modified space (144,266,2) to /turf/open/indestructible
[20:20:34]EMOTE: Deranging/(Eat Pant) : <b>Eat Pant</b> gasps! (148,257,2)
[20:20:34]ADMIN: Build Mode: Noober84555/(noober irl) modified space (146,266,2) to /turf/open/indestructible
[20:20:35]ADMIN: Build Mode: Noober84555/(noober irl) modified space (145,266,2) to /turf/open/indestructible
[20:20:35]ADMIN: Build Mode: Noober84555/(noober irl) modified space (145,265,2) to /turf/open/indestructible
[20:20:35]ADMIN: Build Mode: Noober84555/(noober irl) modified the floor (143,265,2) to /turf/open/indestructible
[20:20:36]ADMIN: Build Mode: Noober84555/(noober irl) modified space (144,265,2) to /turf/open/indestructible
[20:20:39]EMOTE: Deranging/(Eat Pant) : <b>Eat Pant</b> gasps! (148,257,2)
[20:20:39]EMOTE: BadPanacea/(Itchy Tingle) : <b>Itchy Tingle</b> gasps! (136,252,2)
[20:20:39]EMOTE: *no key*/(monkey (782)) : <b>The monkey (782)</b> scratches. (200,25,2)
[20:20:40]GAME: *no key*/(Eat Pant) bumped into Ss13isaids/(Dab Dab) and set them on fire
[20:20:43]GAME: <a href='?priv_msg=ss13isaids'>Ss13isaids</a>/(Dab Dab) checked the player panel while in game.
[20:20:44]ADMIN: Ss13isaids/(Dab Dab) healed / Revived Ss13isaids/(Dab Dab).
[20:20:45]EMOTE: BadPanacea/(Itchy Tingle) : <b>Itchy Tingle</b> gasps! (136,252,2)
[20:20:49]EMOTE: BadPanacea/(Itchy Tingle) : <b>Itchy Tingle</b> gasps! (136,252,2)
[20:20:52]GAME: Deranging/(Eat Pant) has primed a syndicate minibomb for detonation at Arrival Shuttle Hallway (153,253,2).
[20:20:58]GAME: Explosion with size (1, 2, 4, 2) in area Arrival Shuttle Hallway (153,253,2)
[20:20:59]EMOTE: *no key*/(Ian) : <b>Ian</b> chases its tail! (134,186,2)
[20:21:04]GAME: noober irl/Noober84555 used abandon mob.
[20:21:04]ACCESS: Mob Login: Noober84555/(new player) was assigned to a /mob/dead/new_player
[20:21:05]ACCESS: Mob Login: BadPanacea/(Itchy Tingle) was assigned to a /mob/dead/observer
[20:21:06]EMOTE: *no key*/(monkey (12)) : <b>The monkey (12)</b> scratches. (188,8,2)
[20:21:06]EMOTE: *no key*/(grey baby slime (212)) : <b>The grey baby slime (212)</b> vibrates! (104,163,2)
[20:21:07]EMOTE: Kayky/(Moses Rader) : <b>Moses Rader</b> seizes up and falls limp, his eyes dead and lifeless... (145,253,2)
[20:21:14]EMOTE: *no key*/(monkey (628)) : <b>The monkey (628)</b> jumps! (204,25,2)
[20:21:16]EMOTE: *no key*/(monkey (680)) : <b>The monkey (680)</b> rolls. (188,118,2)
[20:21:17]ACCESS: Mob Login: Noober84555/(<@386368240605069312> is gay) was assigned to a /mob/living/carbon/human
[20:21:17]GAME: *no key*/(Eat Pant) bumped into Deranging/(Eat Pant) and set them on fire
[20:21:18]EMOTE: *no key*/(monkey (101)) : <b>The monkey (101)</b> rolls. (184,119,2)
[20:21:21]EMOTE: *no key*/(pug) : <b>Swanson</b> chases its tail. (105,146,2)
[20:21:23]SAY: Nobody's Perfect/ : Delicious! (24,75,1)
[20:21:24]GAME: *no key*/(Eat Pant) bumped into Deranging/(Eat Pant) and set them on fire
[20:21:25]EMOTE: *no key*/(Itchy Tingle) : <b>Itchy Tingle</b> gasps! (136,252,2)
[20:21:26]GAME: Explosion with size (0, 1, 5, 0) in area Warehouse (151,238,2)
[20:21:26]GAME: <a href='?priv_msg=noober84555'>Noober84555</a>/(<@386368240605069312> is gay) checked the player panel while in game.
[20:21:27]EMOTE: *no key*/(monkey (782)) : <b>The monkey (782)</b> rolls. (200,25,2)
[20:21:28]ADMIN: Noober84555/(<@386368240605069312> is gay) healed / Revived Noober84555/(<@386368240605069312> is gay).
[20:21:29]EMOTE: *no key*/(Itchy Tingle) : <b>Itchy Tingle</b> gasps! (136,252,2)
[20:21:31]EMOTE: *no key*/(Itchy Tingle) : <b>Itchy Tingle</b> gasps! (136,252,2)
[20:21:34]EMOTE: *no key*/(monkey (12)) : <b>The monkey (12)</b> rolls. (188,8,2)
[20:21:34]EMOTE: *no key*/(monkey (259)) : <b>The monkey (259)</b> jumps! (160,140,2)
[20:21:34]SAY: Nobody's Perfect/ : Radar, put a mask on! (24,75,1)
[20:21:41]EMOTE: *no key*/(Pun Pun 11) : <b>Pun Pun 11</b> scratches. (139,218,2)
[20:21:43]EMOTE: *no key*/(Itchy Tingle) : <b>Itchy Tingle</b> gasps! (136,252,2)
[20:21:47]EMOTE: *no key*/(Itchy Tingle) : <b>Itchy Tingle</b> gasps! (136,252,2)
[20:21:49]EMOTE: *no key*/(Ian) : <b>Ian</b> chases its tail! (133,185,2)
[20:21:50]ACCESS: Mob Login: Kayky/(Moses Rader) was assigned to a /mob/dead/observer
[20:21:51]EMOTE: *no key*/(monkey (101)) : <b>The monkey (101)</b> rolls. (184,118,2)
[20:21:52]ADMIN: BadPanacea/(Itchy Tingle) made the particle acceleration rifle at 0, 0, 0 say "hey man, slow down a little will ya"
[20:21:52]EMOTE: *no key*/(Poly) : <b>Poly</b> flutters its wings. (80,190,2)
[20:21:52]SAY: Nobody's Perfect/ : Delicious! (24,75,1)
[20:21:55]EMOTE: Deranging/(Eat Pant) : <b>Eat Pant</b> seizes up and falls limp, their eyes dead and lifeless... (142,243,2)
[20:21:58]GAME: <a href='?priv_msg=ss13isaids'>Ss13isaids</a>/(Dab Dab) checked the player panel while in game.
[20:21:58]ACCESS: Mob Login: Deranging/(Eat Pant) was assigned to a /mob/dead/observer
[20:22:00]ADMIN: Ss13isaids/(Dab Dab) healed / Revived Ss13isaids/(Dab Dab).
[20:22:01]EMOTE: *no key*/(Pun Pun 11) : <b>Pun Pun 11</b> rolls. (138,216,2)
[20:22:02]GAME: Eat Pant/Deranging used abandon mob.
[20:22:02]ACCESS: Mob Login: Deranging/(new player) was assigned to a /mob/dead/new_player
[20:22:05]ACCESS: Mob Login: Deranging/(Eat Pant) was assigned to a /mob/living/carbon/human
[20:22:06]EMOTE: Ss13isaids/(Dab Dab) : <b>Unknown</b> coughs! (144,241,2)
[20:22:06]EMOTE: *no key*/(Itchy Tingle) : <b>Itchy Tingle</b> gasps! (136,252,2)
[20:22:07]EMOTE: *no key*/(monkey (558)) : <b>The monkey (558)</b> jumps! (200,21,2)
[20:22:08]EMOTE: Ss13isaids/(Dab Dab) : <b>Unknown</b> coughs! (144,241,2)
[20:22:08]EMOTE: *no key*/(mouse) : <b>The mouse</b> runs in a circle. (201,230,2)
[20:22:10]EMOTE: *no key*/(monkey (988)) : <b>The monkey (988)</b> scratches. (203,21,2)
[20:22:16]EMOTE: *no key*/(Itchy Tingle) : <b>Itchy Tingle</b> gasps! (136,252,2)
[20:22:18]GAME: Moses Rader/Kayky used abandon mob.
[20:22:18]ACCESS: Mob Login: Kayky/(new player) was assigned to a /mob/dead/new_player
[20:22:20]EMOTE: *no key*/(Itchy Tingle) : <b>Itchy Tingle</b> gasps! (136,252,2)
[20:22:23]EMOTE: *no key*/(monkey (807)) : <b>The monkey (807)</b> scratches. (187,118,2)
[20:22:23]ACCESS: Mob Login: Kayky/(Moses Rader) was assigned to a /mob/living/carbon/human
[20:22:27]GAME: *no key*/(Eat Pant) bumped into Deranging/(Eat Pant) and set them on fire
[20:22:29]EMOTE: *no key*/(monkey (628)) : <b>The monkey (628)</b> jumps! (203,25,2)
[20:22:36]EMOTE: *no key*/(Poly) : <b>Poly</b> flutters its wings. (80,190,2)
[20:22:41]ADMIN: Ss13isaids/(Dab Dab) created an admin explosion at Central Primary Hallway.
[20:22:41]GAME: Explosion with size (1, 2, 3, 0) in area Central Primary Hallway (151,209,2)
[20:22:42]EMOTE: Ss13isaids/(Dab Dab) : <b>Unknown</b> seizes up and falls limp, their eyes dead and lifeless... (152,209,2)
[20:22:46]ACCESS: Mob Login: Ss13isaids/(Dab Dab) was assigned to a /mob/dead/observer
[20:22:49]EMOTE: *no key*/(monkey (101)) : <b>The monkey (101)</b> rolls. (184,118,2)
[20:22:51]SAY: Eat Pant/Deranging : oh no (142,252,2)
[20:22:51]EMOTE: *no key*/(Itchy Tingle) : <b>Itchy Tingle</b> gasps! (136,252,2)
[20:22:53]EMOTE: *no key*/(Itchy Tingle) : <b>Itchy Tingle</b> gasps! (136,252,2)
[20:22:55]EMOTE: *no key*/(Persephone) : <b>Persephone</b> sits down. (169,138,2)
[20:22:57]EMOTE: *no key*/(Itchy Tingle) : <b>Itchy Tingle</b> gasps! (136,252,2)
[20:23:01]EMOTE: *no key*/(grey baby slime (847)) : <b>The grey baby slime (847)</b> bounces in place. (108,151,2)
[20:23:04]GAME: Deranging/(Eat Pant) has primed a clf3 grenade for detonation at Arrival Shuttle Hallway (145,253,2).
[20:23:04]ACCESS: Mob Login: Ss13isaids/(Dab Dab) was assigned to a /mob/living/carbon/human
[20:23:05]ACCESS: Mob Login: Ss13isaids/(Dab Dab) was assigned to a /mob/dead/observer
[20:23:05]GAME: Itchy Tingle/BadPanacea used abandon mob.
[20:23:05]ACCESS: Mob Login: BadPanacea/(new player) was assigned to a /mob/dead/new_player
[20:23:09]GAME: A grenade detonated at Arrival Shuttle Hallway (150,253,2)
[20:23:15]EMOTE: *no key*/(Itchy Tingle) : <b>Itchy Tingle</b> gasps! (136,252,2)
[20:23:15]GAME: A grenade detonated at Security Checkpoint (151,247,2)
[20:23:16]GAME: A grenade detonated at Security Checkpoint (152,250,2)
[20:23:16]GAME: A grenade detonated at Arrival Shuttle Hallway (151,252,2)
[20:23:17]EMOTE: *no key*/(Itchy Tingle) : <b>Itchy Tingle</b> gasps! (136,252,2)
[20:23:17]GAME: A grenade detonated at Arrival Shuttle Hallway (154,254,2)
[20:23:17]GAME: A grenade detonated at Arrival Shuttle Hallway (149,252,2)
[20:23:17]GAME: A grenade detonated at Arrival Shuttle Hallway (151,253,2)
[20:23:18]GAME: A grenade detonated at Arrival Shuttle Hallway (155,256,2)
[20:23:18]GAME: A grenade detonated at Arrival Shuttle Hallway (154,256,2)
[20:23:18]GAME: A grenade detonated at Arrival Shuttle Hallway (152,252,2)
[20:23:18]GAME: A grenade detonated at Arrival Shuttle Hallway (149,252,2)
[20:23:18]GAME: A grenade detonated at Arrival Shuttle Hallway (151,253,2)
[20:23:19]GAME: A grenade detonated at Arrival Shuttle Hallway (156,252,2)
[20:23:23]ACCESS: Mob Login: BadPanacea/(<@386368240605069312>) was assigned to a /mob/living/carbon/human
[20:23:26]ACCESS: Mob Login: BadPanacea/(<@386368240605069312>) was assigned to a /mob/living/simple_animal/drone/polymorphed
[20:23:32]EMOTE: *no key*/(Itchy Tingle) : <b>Itchy Tingle</b> gasps! (136,252,2)
[20:23:32]SAY: <@386368240605069312>/BadPanacea : hey does this work (142,263,2)
[20:23:34]EMOTE: *no key*/(Itchy Tingle) : <b>Itchy Tingle</b> gasps! (136,252,2)
[20:23:41]ACCESS: Mob Login: BadPanacea/(<@386368240605069312>) was assigned to a /mob/living/simple_animal/slime/random
[20:23:44]EMOTE: *no key*/(monkey (558)) : <b>The monkey (558)</b> scratches. (200,21,2)
[20:23:46]ACCESS: Mob Login: BadPanacea/(<@386368240605069312>) was assigned to a /mob/living/simple_animal/parrot
[20:23:47]EMOTE: *no key*/(monkey (628)) : <b>The monkey (628)</b> waves her tail. (203,25,2)
[20:23:48]ACCESS: Mob Login: BadPanacea/(<@386368240605069312>) was assigned to a /mob/living/carbon/monkey
[20:23:50]SAY: <@386368240605069312>/BadPanacea : ayy (143,262,2)
[20:23:51]ACCESS: Mob Login: BadPanacea/(<@386368240605069312>) was assigned to a /mob/living/simple_animal/slime/random
[20:23:52]ACCESS: Mob Login: BadPanacea/(<@386368240605069312>) was assigned to a /mob/living/simple_animal/slime/random
[20:23:54]ACCESS: Mob Login: BadPanacea/(<@386368240605069312>) was assigned to a /mob/living/simple_animal/slime/random
[20:23:55]EMOTE: *no key*/(Persephone) : <b>Persephone</b> sits down. (169,138,2)
[20:23:55]ACCESS: Mob Login: BadPanacea/(<@386368240605069312>) was assigned to a /mob/living/carbon/monkey
[20:23:57]GAME: Deranging/(Eat Pant) has primed a colorful grenade for detonation at Arrival Shuttle Hallway (143,252,2).
[20:23:57]ACCESS: Mob Login: BadPanacea/(<@386368240605069312>) was assigned to a /mob/living/carbon/monkey
[20:24:00]ACCESS: Mob Login: BadPanacea/(<@386368240605069312>) was assigned to a /mob/living/simple_animal/chick
[20:24:01]EMOTE: BadPanacea/(<@386368240605069312>) : <b><@386368240605069312></b> stops moving... (143,262,2)
[20:24:02]GAME: A chemical smoke reaction has taken place in (Arrival Shuttle Hallway | 143, 251)[ Colorful Reagent ]. No associated key.
[20:24:02]GAME: A grenade detonated at Arrival Shuttle Hallway (143,251,2)
[20:24:03]SAY: grey baby slime (103)/ : Lonely... (112,161,2)
[20:24:05]EMOTE: *no key*/(Itchy Tingle) : <b>Itchy Tingle</b> gasps! (136,252,2)
[20:24:07]EMOTE: *no key*/(Itchy Tingle) : <b>Itchy Tingle</b> gasps! (136,252,2)
[20:24:10]ACCESS: Mob Login: BadPanacea/(<@386368240605069312>) was assigned to a /mob/dead/observer
[20:24:11]EMOTE: *no key*/(monkey (628)) : <b>The monkey (628)</b> jumps! (203,25,2)
[20:24:11]EMOTE: *no key*/(Persephone) : <b>Persephone</b> stretches out for a belly rub. (169,138,2)
[20:24:11]SAY: Poly/ : Breaking news from Station Announcements! (80,190,2)
[20:24:12]ACCESS: Mob Login: BadPanacea/(<@386368240605069312>) was assigned to a /mob/living/simple_animal/chick
[20:24:15]GAME: *no key*/(Itchy Tingle) bumped into Deranging/(Eat Pant) and set them on fire
[20:24:16]EMOTE: *no key*/(Persephone) : <b>Persephone</b> mews (169,138,2)
[20:24:18]EMOTE: *no key*/(pug) : <b>Swanson</b> chases its tail. (106,146,2)
[20:24:19]EMOTE: *no key*/(monkey (782)) : <b>The monkey (782)</b> jumps! (200,25,2)
[20:24:21]EMOTE: *no key*/(Itchy Tingle) : <b>Itchy Tingle</b> gasps! (136,252,2)
[20:24:22]SAY: Swanson/ : Woof! (107,146,2)
[20:24:22]GAME: <a href='?priv_msg=badpanacea'>BadPanacea</a>/(<@386368240605069312>) checked the player panel while in game.
[20:24:22]ADMIN: Ss13isaids/(Dab Dab) created an abductor team.
[20:24:24]ADMIN: BadPanacea/(<@386368240605069312>) healed / Revived BadPanacea/(<@386368240605069312>).
[20:24:25]EMOTE: BadPanacea/(<@386368240605069312>) : <b><@386368240605069312></b> stops moving... (143,262,2)
[20:24:28]ADMIN: BadPanacea/(<@386368240605069312>) healed / Revived BadPanacea/(<@386368240605069312>).
[20:24:28]EMOTE: BadPanacea/(<@386368240605069312>) : <b><@386368240605069312></b> stops moving... (143,262,2)
[20:24:29]ADMIN: BadPanacea/(<@386368240605069312>) healed / Revived BadPanacea/(<@386368240605069312>).
[20:24:29]EMOTE: BadPanacea/(<@386368240605069312>) : <b><@386368240605069312></b> stops moving... (144,265,2)
[20:24:32]ADMIN: BadPanacea/(<@386368240605069312>) healed / Revived BadPanacea/(<@386368240605069312>).
[20:24:33]EMOTE: BadPanacea/(<@386368240605069312>) : <b><@386368240605069312></b> stops moving... (145,263,2)
[20:24:33]ACCESS: Mob Login: BadPanacea/(<@386368240605069312>) was assigned to a /mob/dead/observer
[20:24:35]EMOTE: *no key*/(Itchy Tingle) : <b>Itchy Tingle</b> gasps! (136,252,2)
[20:24:36]ACCESS: Mob Login: BadPanacea/(<@386368240605069312>) was assigned to a /mob/living/simple_animal/chick
[20:24:36]SAY: emergency medibot/ : I knew it, I should&#39;ve been a plastic surgeon. (222,84,1)
[20:24:39]ADMIN: BadPanacea/(<@386368240605069312>) healed / Revived BadPanacea/(<@386368240605069312>).
[20:24:39]EMOTE: BadPanacea/(<@386368240605069312>) : <b><@386368240605069312></b> stops moving... (145,263,2)
[20:24:40]ACCESS: Mob Login: BadPanacea/(<@386368240605069312>) was assigned to a /mob/dead/observer
[20:24:43]ACCESS: Login: Momo1911 from 76.99.81.238-1202224813 || BYOND v512
[20:24:43]ACCESS: Mob Login: Momo1911/(Momo1911) was assigned to a /mob/dead/new_player
[20:24:44]ACCESS: Mob Login: BadPanacea/(<@386368240605069312>) was assigned to a /mob/living/simple_animal/chick
[20:24:44]GAME: Deranging/(Eat Pant) has primed a Bio terror foam grenade for detonation at Arrival Shuttle Hallway (142,253,2).
[20:24:46]EMOTE: *no key*/(Poly) : <b>Poly</b> bawks! (80,190,2)
[20:24:47]SAY: Eat Pant/Deranging : hey (142,253,2)
[20:24:48]SAY: Eat Pant/Deranging : dork (142,253,2)
[20:24:49]GAME: A grenade detonated at Arrival Shuttle Hallway (141,250,2)
[20:24:51]ADMIN: BadPanacea/(<@386368240605069312>) attempted to edit the admin permissions without sufficient rights.
[20:24:53]EMOTE: *no key*/(Itchy Tingle) : <b>Itchy Tingle</b> gasps! (136,252,2)
[20:24:53]ACCESS: Mob Login: Momo1911/(Vegeta) was assigned to a /mob/living/carbon/human
[20:24:53]ADMIN: BadPanacea/(<@386368240605069312>) attempted to edit the admin permissions without sufficient rights.
[20:24:54]ADMIN: BadPanacea/(<@386368240605069312>) attempted to edit the admin permissions without sufficient rights.
[20:24:57]SAY: Medibot/ : Delicious! (154,73,1)
[20:24:59]EMOTE: *no key*/(Itchy Tingle) : <b>Itchy Tingle</b> gasps! (136,252,2)
[20:25:02]EMOTE: *no key*/(mouse) : <b>The mouse</b> shakes. (201,222,2)
[20:25:03]VOTE: Restart vote started by Noober84555.
[20:25:05]EMOTE: Noober84555/(<@386368240605069312> is gay) : <b><@386368240605069312> is gay</b> coughs! (136,252,2)
[20:25:05]EMOTE: *no key*/(Itchy Tingle) : <b>Itchy Tingle</b> gasps! (136,252,2)
[20:25:12]SAY: Eat Pant/Deranging : PISS (142,253,2)
[20:25:16]EMOTE: *no key*/(Itchy Tingle) : <b>Itchy Tingle</b> gasps! (136,252,2)
[20:25:18]EMOTE: *no key*/(Itchy Tingle) : <b>Itchy Tingle</b> gasps! (136,252,2)
[20:25:18]EMOTE: *no key*/(monkey (807)) : <b>The monkey (807)</b> jumps! (187,119,2)
[20:25:20]EMOTE: *no key*/(Itchy Tingle) : <b>Itchy Tingle</b> gasps! (136,252,2)
[20:25:20]EMOTE: *no key*/(Persephone) : <b>Persephone</b> sits down. (169,138,2)
[20:25:20]SAY: Eat Pant/Deranging : so uhh (142,253,2)
[20:25:24]EMOTE: Noober84555/(<@386368240605069312> is gay) : <b><@386368240605069312> is gay</b> coughs! (136,255,2)
[20:25:26]SAY: Eat Pant/Deranging : I have no idea what&#39;s in that bobm (142,253,2)
[20:25:27]EMOTE: *no key*/(Poly) : <b>Poly</b> flutters its wings. (80,190,2)
[20:25:28]EMOTE: Momo1911/(Vegeta) : <b>Vegeta</b> seizes up and falls limp, his eyes dead and lifeless... (148,257,2)
[20:25:28]EMOTE: *no key*/(Itchy Tingle) : <b>Itchy Tingle</b> gasps! (136,252,2)
[20:25:29]GAME: Vegeta/Momo1911 used abandon mob.
[20:25:29]ACCESS: Mob Login: Momo1911/(new player) was assigned to a /mob/dead/new_player
[20:25:30]SAY: Eat Pant/Deranging : CUNT (142,253,2)
[20:25:30]EMOTE: *no key*/(monkey (12)) : <b>The monkey (12)</b> jumps! (189,8,2)
[20:25:32]SAY: emergency medibot/ : I knew it, I should&#39;ve been a plastic surgeon. (222,84,1)
[20:25:32]EMOTE: Noober84555/(<@386368240605069312> is gay) : <b><@386368240605069312> is gay</b> coughs! (136,255,2)
[20:25:33]ACCESS: Mob Login: Momo1911/(Vegeta) was assigned to a /mob/living/carbon/human
[20:25:34]GAME: <span class='boldannounce'>Rebooting World. Initiated by Noober84555.</span>
[20:25:35]ACCESS: Logout: Noober84555/(<@386368240605069312> is gay)
[20:25:35]ACCESS: Logout: Ss13isaids/(Dab Dab)
[20:25:36]ACCESS: Logout: Deranging/(Eat Pant)
[20:25:36]ACCESS: Logout: BadPanacea/(<@386368240605069312>)
[20:25:37]ACCESS: Logout: Kayky/(Moses Rader)
[20:25:37]ACCESS: Logout: Momo1911/(Vegeta)
