

Starting up round ID . 13:31:13
---------------------
Initialized Blackbox subsystem within 0 seconds!
Initialized Server Tasks subsystem within 0 seconds!
Initialized Events subsystem within 0 seconds!
runtime error: 
[13:31:14]cannot read from list
[13:31:14]proc name: LoadJobs (/datum/controller/subsystem/job/proc/LoadJobs)
[13:31:14]  source file: job.dm,448
[13:31:14]  usr: null
[13:31:14]  src: Jobs (/datum/controller/subsystem/job)
[13:31:14]  call stack:
[13:31:14]Jobs (/datum/controller/subsystem/job): LoadJobs()
[13:31:14]Jobs (/datum/controller/subsystem/job): Initialize(630747)
[13:31:14]Master (/datum/controller/master): Initialize(10, 0)
Initialized Jobs subsystem within 0 seconds!
Initialized Ticker subsystem within 0 seconds!
Loading Delta Station...
runtime error: 
[13:32:17]Cannot execute /datum/plant_gene/trait/glow (/datum/plant_gene/trait/glow).glow range().
[13:32:17]proc name: New (/obj/structure/glowshroom/New)
[13:32:17]  source file: glowshroom.dm,63
[13:32:17]  usr: null
[13:32:17]  src: the glowshroom (/obj/structure/glowshroom/single)
[13:32:17]  src.loc: Cave Floor (303,71,2) (/turf/open/floor/plating/asteroid)
[13:32:17]  call stack:
[13:32:17]the glowshroom (/obj/structure/glowshroom/single): New(Cave Floor (303,71,2) (/turf/open/floor/plating/asteroid), null, null)
[13:32:17]/dmm_suite (/dmm_suite): create atom(/obj/structure/glowshroom/sing... (/obj/structure/glowshroom/single), Cave Floor (303,71,2) (/turf/open/floor/plating/asteroid))
[13:32:17]/dmm_suite (/dmm_suite): instance atom(/obj/structure/glowshroom/sing... (/obj/structure/glowshroom/single), /list (/list), Cave Floor (303,71,2) (/turf/open/floor/plating/asteroid), 1)
[13:32:17]/dmm_suite (/dmm_suite): parse grid("/obj/structure/glowshroom/sing...", "eDq", 303, 71, 2, 1)
[13:32:17]/dmm_suite (/dmm_suite): load map impl(_maps/map_files/Deltastation/D..., 1, 1, 2, null, null, 1, -1e+031, 1e+031, -1e+031, 1e+031)
[13:32:17]/dmm_suite (/dmm_suite): load map(_maps/map_files/Deltastation/D..., 0, 0, 2, null, null, 1, null, null, null, null)
[13:32:17]Mapping (/datum/controller/subsystem/mapping): TryLoadZ("_maps/map_files/Deltastation/D...", /list (/list), 2, null)
[13:32:17]Mapping (/datum/controller/subsystem/mapping): loadWorld()
[13:32:17]Mapping (/datum/controller/subsystem/mapping): Initialize(630748)
[13:32:17]Master (/datum/controller/master): Initialize(10, 0)
runtime error: 
[13:32:17]Cannot execute /datum/plant_gene/trait/glow (/datum/plant_gene/trait/glow).glow range().
[13:32:17]proc name: New (/obj/structure/glowshroom/New)
[13:32:17]  source file: glowshroom.dm,63
[13:32:17]  usr: null
[13:32:17]  src: the glowshroom (/obj/structure/glowshroom/single)
[13:32:17]  src.loc: Cave Floor (306,70,2) (/turf/open/floor/plating/asteroid)
[13:32:17]  call stack:
[13:32:17]the glowshroom (/obj/structure/glowshroom/single): New(Cave Floor (306,70,2) (/turf/open/floor/plating/asteroid), null, null)
[13:32:17]/dmm_suite (/dmm_suite): create atom(/obj/structure/glowshroom/sing... (/obj/structure/glowshroom/single), Cave Floor (306,70,2) (/turf/open/floor/plating/asteroid))
[13:32:17]/dmm_suite (/dmm_suite): instance atom(/obj/structure/glowshroom/sing... (/obj/structure/glowshroom/single), /list (/list), Cave Floor (306,70,2) (/turf/open/floor/plating/asteroid), 1)
[13:32:17]/dmm_suite (/dmm_suite): parse grid("/obj/structure/glowshroom/sing...", "eDq", 306, 70, 2, 1)
[13:32:17]/dmm_suite (/dmm_suite): load map impl(_maps/map_files/Deltastation/D..., 1, 1, 2, null, null, 1, -1e+031, 1e+031, -1e+031, 1e+031)
[13:32:17]/dmm_suite (/dmm_suite): load map(_maps/map_files/Deltastation/D..., 0, 0, 2, null, null, 1, null, null, null, null)
[13:32:17]Mapping (/datum/controller/subsystem/mapping): TryLoadZ("_maps/map_files/Deltastation/D...", /list (/list), 2, null)
[13:32:17]Mapping (/datum/controller/subsystem/mapping): loadWorld()
[13:32:17]Mapping (/datum/controller/subsystem/mapping): Initialize(630748)
[13:32:17]Master (/datum/controller/master): Initialize(10, 0)
runtime error: 
[13:32:17]Cannot execute /datum/plant_gene/trait/glow (/datum/plant_gene/trait/glow).glow range().
[13:32:17]proc name: New (/obj/structure/glowshroom/New)
[13:32:17]  source file: glowshroom.dm,63
[13:32:17]  usr: null
[13:32:17]  src: the glowshroom (/obj/structure/glowshroom/single)
[13:32:17]  src.loc: Cave Floor (309,70,2) (/turf/open/floor/plating/asteroid)
[13:32:17]  call stack:
[13:32:17]the glowshroom (/obj/structure/glowshroom/single): New(Cave Floor (309,70,2) (/turf/open/floor/plating/asteroid), null, null)
[13:32:17]/dmm_suite (/dmm_suite): create atom(/obj/structure/glowshroom/sing... (/obj/structure/glowshroom/single), Cave Floor (309,70,2) (/turf/open/floor/plating/asteroid))
[13:32:17]/dmm_suite (/dmm_suite): instance atom(/obj/structure/glowshroom/sing... (/obj/structure/glowshroom/single), /list (/list), Cave Floor (309,70,2) (/turf/open/floor/plating/asteroid), 1)
[13:32:17]/dmm_suite (/dmm_suite): parse grid("/obj/structure/glowshroom/sing...", "eDq", 309, 70, 2, 1)
[13:32:17]/dmm_suite (/dmm_suite): load map impl(_maps/map_files/Deltastation/D..., 1, 1, 2, null, null, 1, -1e+031, 1e+031, -1e+031, 1e+031)
[13:32:17]/dmm_suite (/dmm_suite): load map(_maps/map_files/Deltastation/D..., 0, 0, 2, null, null, 1, null, null, null, null)
[13:32:17]Mapping (/datum/controller/subsystem/mapping): TryLoadZ("_maps/map_files/Deltastation/D...", /list (/list), 2, null)
[13:32:17]Mapping (/datum/controller/subsystem/mapping): loadWorld()
[13:32:17]Mapping (/datum/controller/subsystem/mapping): Initialize(630748)
[13:32:17]Master (/datum/controller/master): Initialize(10, 0)
runtime error: 
[13:32:17]Cannot execute /datum/plant_gene/trait/glow (/datum/plant_gene/trait/glow).glow range().
[13:32:17]proc name: New (/obj/structure/glowshroom/New)
[13:32:17]  source file: glowshroom.dm,63
[13:32:17]  usr: null
[13:32:17]  src: the glowshroom (/obj/structure/glowshroom/single)
[13:32:17]  src.loc: Cave Floor (302,69,2) (/turf/open/floor/plating/asteroid)
[13:32:17]  call stack:
[13:32:17]the glowshroom (/obj/structure/glowshroom/single): New(Cave Floor (302,69,2) (/turf/open/floor/plating/asteroid), null, null)
[13:32:17]/dmm_suite (/dmm_suite): create atom(/obj/structure/glowshroom/sing... (/obj/structure/glowshroom/single), Cave Floor (302,69,2) (/turf/open/floor/plating/asteroid))
[13:32:17]/dmm_suite (/dmm_suite): instance atom(/obj/structure/glowshroom/sing... (/obj/structure/glowshroom/single), /list (/list), Cave Floor (302,69,2) (/turf/open/floor/plating/asteroid), 1)
[13:32:17]/dmm_suite (/dmm_suite): parse grid("/obj/structure/glowshroom/sing...", "eDq", 302, 69, 2, 1)
[13:32:17]/dmm_suite (/dmm_suite): load map impl(_maps/map_files/Deltastation/D..., 1, 1, 2, null, null, 1, -1e+031, 1e+031, -1e+031, 1e+031)
[13:32:17]/dmm_suite (/dmm_suite): load map(_maps/map_files/Deltastation/D..., 0, 0, 2, null, null, 1, null, null, null, null)
[13:32:17]Mapping (/datum/controller/subsystem/mapping): TryLoadZ("_maps/map_files/Deltastation/D...", /list (/list), 2, null)
[13:32:17]Mapping (/datum/controller/subsystem/mapping): loadWorld()
[13:32:17]Mapping (/datum/controller/subsystem/mapping): Initialize(630748)
[13:32:17]Master (/datum/controller/master): Initialize(10, 0)
runtime error: 
[13:32:17]Cannot execute /datum/plant_gene/trait/glow (/datum/plant_gene/trait/glow).glow range().
[13:32:17]proc name: New (/obj/structure/glowshroom/New)
[13:32:17]  source file: glowshroom.dm,63
[13:32:17]  usr: null
[13:32:17]  src: the glowshroom (/obj/structure/glowshroom/single)
[13:32:17]  src.loc: Cave Floor (296,55,2) (/turf/open/floor/plating/asteroid)
[13:32:17]  call stack:
[13:32:17]the glowshroom (/obj/structure/glowshroom/single): New(Cave Floor (296,55,2) (/turf/open/floor/plating/asteroid), null, null)
[13:32:17]/dmm_suite (/dmm_suite): create atom(/obj/structure/glowshroom/sing... (/obj/structure/glowshroom/single), Cave Floor (296,55,2) (/turf/open/floor/plating/asteroid))
[13:32:17]/dmm_suite (/dmm_suite): instance atom(/obj/structure/glowshroom/sing... (/obj/structure/glowshroom/single), /list (/list), Cave Floor (296,55,2) (/turf/open/floor/plating/asteroid), 1)
[13:32:17]/dmm_suite (/dmm_suite): parse grid("/obj/structure/glowshroom/sing...", "eId", 296, 55, 2, 1)
[13:32:17]/dmm_suite (/dmm_suite): load map impl(_maps/map_files/Deltastation/D..., 1, 1, 2, null, null, 1, -1e+031, 1e+031, -1e+031, 1e+031)
[13:32:17]/dmm_suite (/dmm_suite): load map(_maps/map_files/Deltastation/D..., 0, 0, 2, null, null, 1, null, null, null, null)
[13:32:17]Mapping (/datum/controller/subsystem/mapping): TryLoadZ("_maps/map_files/Deltastation/D...", /list (/list), 2, null)
[13:32:17]Mapping (/datum/controller/subsystem/mapping): loadWorld()
[13:32:17]Mapping (/datum/controller/subsystem/mapping): Initialize(630748)
[13:32:17]Master (/datum/controller/master): Initialize(10, 0)
runtime error: 
[13:32:17]Cannot execute /datum/plant_gene/trait/glow (/datum/plant_gene/trait/glow).glow range().
[13:32:17]proc name: New (/obj/structure/glowshroom/New)
[13:32:17]  source file: glowshroom.dm,63
[13:32:17]  usr: null
[13:32:17]  src: the glowshroom (/obj/structure/glowshroom/single)
[13:32:17]  src.loc: Cave Floor (299,55,2) (/turf/open/floor/plating/asteroid)
[13:32:17]  call stack:
[13:32:17]the glowshroom (/obj/structure/glowshroom/single): New(Cave Floor (299,55,2) (/turf/open/floor/plating/asteroid), null, null)
[13:32:17]/dmm_suite (/dmm_suite): create atom(/obj/structure/glowshroom/sing... (/obj/structure/glowshroom/single), Cave Floor (299,55,2) (/turf/open/floor/plating/asteroid))
[13:32:17]/dmm_suite (/dmm_suite): instance atom(/obj/structure/glowshroom/sing... (/obj/structure/glowshroom/single), /list (/list), Cave Floor (299,55,2) (/turf/open/floor/plating/asteroid), 1)
[13:32:17]/dmm_suite (/dmm_suite): parse grid("/obj/structure/glowshroom/sing...", "eId", 299, 55, 2, 1)
[13:32:17]/dmm_suite (/dmm_suite): load map impl(_maps/map_files/Deltastation/D..., 1, 1, 2, null, null, 1, -1e+031, 1e+031, -1e+031, 1e+031)
[13:32:17]/dmm_suite (/dmm_suite): load map(_maps/map_files/Deltastation/D..., 0, 0, 2, null, null, 1, null, null, null, null)
[13:32:17]Mapping (/datum/controller/subsystem/mapping): TryLoadZ("_maps/map_files/Deltastation/D...", /list (/list), 2, null)
[13:32:17]Mapping (/datum/controller/subsystem/mapping): loadWorld()
[13:32:17]Mapping (/datum/controller/subsystem/mapping): Initialize(630748)
[13:32:17]Master (/datum/controller/master): Initialize(10, 0)
runtime error: 
[13:32:17]Cannot execute /datum/plant_gene/trait/glow (/datum/plant_gene/trait/glow).glow range().
[13:32:17]proc name: New (/obj/structure/glowshroom/New)
[13:32:17]  source file: glowshroom.dm,63
[13:32:17]  usr: null
[13:32:17]  src: the glowshroom (/obj/structure/glowshroom/single)
[13:32:17]  src.loc: Cave Floor (283,53,2) (/turf/open/floor/plating/asteroid)
[13:32:17]  call stack:
[13:32:17]the glowshroom (/obj/structure/glowshroom/single): New(Cave Floor (283,53,2) (/turf/open/floor/plating/asteroid), null, null)
[13:32:17]/dmm_suite (/dmm_suite): create atom(/obj/structure/glowshroom/sing... (/obj/structure/glowshroom/single), Cave Floor (283,53,2) (/turf/open/floor/plating/asteroid))
[13:32:17]/dmm_suite (/dmm_suite): instance atom(/obj/structure/glowshroom/sing... (/obj/structure/glowshroom/single), /list (/list), Cave Floor (283,53,2) (/turf/open/floor/plating/asteroid), 1)
[13:32:17]/dmm_suite (/dmm_suite): parse grid("/obj/structure/glowshroom/sing...", "eId", 283, 53, 2, 1)
[13:32:17]/dmm_suite (/dmm_suite): load map impl(_maps/map_files/Deltastation/D..., 1, 1, 2, null, null, 1, -1e+031, 1e+031, -1e+031, 1e+031)
[13:32:17]/dmm_suite (/dmm_suite): load map(_maps/map_files/Deltastation/D..., 0, 0, 2, null, null, 1, null, null, null, null)
[13:32:17]Mapping (/datum/controller/subsystem/mapping): TryLoadZ("_maps/map_files/Deltastation/D...", /list (/list), 2, null)
[13:32:17]Mapping (/datum/controller/subsystem/mapping): loadWorld()
[13:32:17]Mapping (/datum/controller/subsystem/mapping): Initialize(630748)
[13:32:17]Master (/datum/controller/master): Initialize(10, 0)
runtime error: 
[13:32:17]Cannot execute /datum/plant_gene/trait/glow (/datum/plant_gene/trait/glow).glow range().
[13:32:17]proc name: New (/obj/structure/glowshroom/New)
[13:32:17]  source file: glowshroom.dm,63
[13:32:17]  usr: null
[13:32:17]  src: the glowshroom (/obj/structure/glowshroom/single)
[13:32:17]  src.loc: Cave Floor (302,53,2) (/turf/open/floor/plating/asteroid)
[13:32:17]  call stack:
[13:32:17]the glowshroom (/obj/structure/glowshroom/single): New(Cave Floor (302,53,2) (/turf/open/floor/plating/asteroid), null, null)
[13:32:17]/dmm_suite (/dmm_suite): create atom(/obj/structure/glowshroom/sing... (/obj/structure/glowshroom/single), Cave Floor (302,53,2) (/turf/open/floor/plating/asteroid))
[13:32:17]/dmm_suite (/dmm_suite): instance atom(/obj/structure/glowshroom/sing... (/obj/structure/glowshroom/single), /list (/list), Cave Floor (302,53,2) (/turf/open/floor/plating/asteroid), 1)
[13:32:17]/dmm_suite (/dmm_suite): parse grid("/obj/structure/glowshroom/sing...", "eId", 302, 53, 2, 1)
[13:32:17]/dmm_suite (/dmm_suite): load map impl(_maps/map_files/Deltastation/D..., 1, 1, 2, null, null, 1, -1e+031, 1e+031, -1e+031, 1e+031)
[13:32:17]/dmm_suite (/dmm_suite): load map(_maps/map_files/Deltastation/D..., 0, 0, 2, null, null, 1, null, null, null, null)
[13:32:17]Mapping (/datum/controller/subsystem/mapping): TryLoadZ("_maps/map_files/Deltastation/D...", /list (/list), 2, null)
[13:32:17]Mapping (/datum/controller/subsystem/mapping): loadWorld()
[13:32:17]Mapping (/datum/controller/subsystem/mapping): Initialize(630748)
[13:32:17]Master (/datum/controller/master): Initialize(10, 0)
runtime error: 
[13:32:17]Cannot execute /datum/plant_gene/trait/glow (/datum/plant_gene/trait/glow).glow range().
[13:32:17]proc name: New (/obj/structure/glowshroom/New)
[13:32:17]  source file: glowshroom.dm,63
[13:32:17]  usr: null
[13:32:17]  src: the glowshroom (/obj/structure/glowshroom/single)
[13:32:17]  src.loc: Cave Floor (276,52,2) (/turf/open/floor/plating/asteroid)
[13:32:17]  call stack:
[13:32:17]the glowshroom (/obj/structure/glowshroom/single): New(Cave Floor (276,52,2) (/turf/open/floor/plating/asteroid), null, null)
[13:32:17]/dmm_suite (/dmm_suite): create atom(/obj/structure/glowshroom/sing... (/obj/structure/glowshroom/single), Cave Floor (276,52,2) (/turf/open/floor/plating/asteroid))
[13:32:17]/dmm_suite (/dmm_suite): instance atom(/obj/structure/glowshroom/sing... (/obj/structure/glowshroom/single), /list (/list), Cave Floor (276,52,2) (/turf/open/floor/plating/asteroid), 1)
[13:32:17]/dmm_suite (/dmm_suite): parse grid("/obj/structure/glowshroom/sing...", "eId", 276, 52, 2, 1)
[13:32:17]/dmm_suite (/dmm_suite): load map impl(_maps/map_files/Deltastation/D..., 1, 1, 2, null, null, 1, -1e+031, 1e+031, -1e+031, 1e+031)
[13:32:17]/dmm_suite (/dmm_suite): load map(_maps/map_files/Deltastation/D..., 0, 0, 2, null, null, 1, null, null, null, null)
[13:32:17]Mapping (/datum/controller/subsystem/mapping): TryLoadZ("_maps/map_files/Deltastation/D...", /list (/list), 2, null)
[13:32:17]Mapping (/datum/controller/subsystem/mapping): loadWorld()
[13:32:17]Mapping (/datum/controller/subsystem/mapping): Initialize(630748)
[13:32:17]Master (/datum/controller/master): Initialize(10, 0)
runtime error: 
[13:32:17]Cannot execute /datum/plant_gene/trait/glow (/datum/plant_gene/trait/glow).glow range().
[13:32:17]proc name: New (/obj/structure/glowshroom/New)
[13:32:17]  source file: glowshroom.dm,63
[13:32:17]  usr: null
[13:32:17]  src: the glowshroom (/obj/structure/glowshroom/single)
[13:32:17]  src.loc: Cave Floor (292,51,2) (/turf/open/floor/plating/asteroid)
[13:32:17]  call stack:
[13:32:17]the glowshroom (/obj/structure/glowshroom/single): New(Cave Floor (292,51,2) (/turf/open/floor/plating/asteroid), null, null)
[13:32:17]/dmm_suite (/dmm_suite): create atom(/obj/structure/glowshroom/sing... (/obj/structure/glowshroom/single), Cave Floor (292,51,2) (/turf/open/floor/plating/asteroid))
[13:32:17]/dmm_suite (/dmm_suite): instance atom(/obj/structure/glowshroom/sing... (/obj/structure/glowshroom/single), /list (/list), Cave Floor (292,51,2) (/turf/open/floor/plating/asteroid), 1)
[13:32:17]/dmm_suite (/dmm_suite): parse grid("/obj/structure/glowshroom/sing...", "eId", 292, 51, 2, 1)
[13:32:17]/dmm_suite (/dmm_suite): load map impl(_maps/map_files/Deltastation/D..., 1, 1, 2, null, null, 1, -1e+031, 1e+031, -1e+031, 1e+031)
[13:32:17]/dmm_suite (/dmm_suite): load map(_maps/map_files/Deltastation/D..., 0, 0, 2, null, null, 1, null, null, null, null)
[13:32:17]Mapping (/datum/controller/subsystem/mapping): TryLoadZ("_maps/map_files/Deltastation/D...", /list (/list), 2, null)
[13:32:17]Mapping (/datum/controller/subsystem/mapping): loadWorld()
[13:32:17]Mapping (/datum/controller/subsystem/mapping): Initialize(630748)
[13:32:17]Master (/datum/controller/master): Initialize(10, 0)
runtime error: 
[13:32:17]Cannot execute /datum/plant_gene/trait/glow (/datum/plant_gene/trait/glow).glow range().
[13:32:17]proc name: New (/obj/structure/glowshroom/New)
[13:32:17]  source file: glowshroom.dm,63
[13:32:17]  usr: null
[13:32:17]  src: the glowshroom (/obj/structure/glowshroom/single)
[13:32:17]  src.loc: Cave Floor (295,51,2) (/turf/open/floor/plating/asteroid)
[13:32:17]  call stack:
[13:32:17]the glowshroom (/obj/structure/glowshroom/single): New(Cave Floor (295,51,2) (/turf/open/floor/plating/asteroid), null, null)
[13:32:17]/dmm_suite (/dmm_suite): create atom(/obj/structure/glowshroom/sing... (/obj/structure/glowshroom/single), Cave Floor (295,51,2) (/turf/open/floor/plating/asteroid))
[13:32:17]/dmm_suite (/dmm_suite): instance atom(/obj/structure/glowshroom/sing... (/obj/structure/glowshroom/single), /list (/list), Cave Floor (295,51,2) (/turf/open/floor/plating/asteroid), 1)
[13:32:17]/dmm_suite (/dmm_suite): parse grid("/obj/structure/glowshroom/sing...", "eId", 295, 51, 2, 1)
[13:32:17]/dmm_suite (/dmm_suite): load map impl(_maps/map_files/Deltastation/D..., 1, 1, 2, null, null, 1, -1e+031, 1e+031, -1e+031, 1e+031)
[13:32:17]/dmm_suite (/dmm_suite): load map(_maps/map_files/Deltastation/D..., 0, 0, 2, null, null, 1, null, null, null, null)
[13:32:17]Mapping (/datum/controller/subsystem/mapping): TryLoadZ("_maps/map_files/Deltastation/D...", /list (/list), 2, null)
[13:32:17]Mapping (/datum/controller/subsystem/mapping): loadWorld()
[13:32:17]Mapping (/datum/controller/subsystem/mapping): Initialize(630748)
[13:32:17]Master (/datum/controller/master): Initialize(10, 0)
runtime error: 
[13:32:17]Cannot execute /datum/plant_gene/trait/glow (/datum/plant_gene/trait/glow).glow range().
[13:32:17]proc name: New (/obj/structure/glowshroom/New)
[13:32:17]  source file: glowshroom.dm,63
[13:32:17]  usr: null
[13:32:17]  src: the glowshroom (/obj/structure/glowshroom/single)
[13:32:17]  src.loc: Cave Floor (258,49,2) (/turf/open/floor/plating/asteroid)
[13:32:17]  call stack:
[13:32:17]the glowshroom (/obj/structure/glowshroom/single): New(Cave Floor (258,49,2) (/turf/open/floor/plating/asteroid), null, null)
[13:32:17]/dmm_suite (/dmm_suite): create atom(/obj/structure/glowshroom/sing... (/obj/structure/glowshroom/single), Cave Floor (258,49,2) (/turf/open/floor/plating/asteroid))
[13:32:17]/dmm_suite (/dmm_suite): instance atom(/obj/structure/glowshroom/sing... (/obj/structure/glowshroom/single), /list (/list), Cave Floor (258,49,2) (/turf/open/floor/plating/asteroid), 1)
[13:32:17]/dmm_suite (/dmm_suite): parse grid("/obj/structure/glowshroom/sing...", "eId", 258, 49, 2, 1)
[13:32:17]/dmm_suite (/dmm_suite): load map impl(_maps/map_files/Deltastation/D..., 1, 1, 2, null, null, 1, -1e+031, 1e+031, -1e+031, 1e+031)
[13:32:17]/dmm_suite (/dmm_suite): load map(_maps/map_files/Deltastation/D..., 0, 0, 2, null, null, 1, null, null, null, null)
[13:32:17]Mapping (/datum/controller/subsystem/mapping): TryLoadZ("_maps/map_files/Deltastation/D...", /list (/list), 2, null)
[13:32:17]Mapping (/datum/controller/subsystem/mapping): loadWorld()
[13:32:17]Mapping (/datum/controller/subsystem/mapping): Initialize(630748)
[13:32:17]Master (/datum/controller/master): Initialize(10, 0)
runtime error: 
[13:32:18]Cannot execute /datum/plant_gene/trait/glow (/datum/plant_gene/trait/glow).glow range().
[13:32:18]proc name: New (/obj/structure/glowshroom/New)
[13:32:18]  source file: glowshroom.dm,63
[13:32:18]  usr: null
[13:32:18]  src: the glowshroom (/obj/structure/glowshroom/single)
[13:32:18]  src.loc: Cave Floor (275,49,2) (/turf/open/floor/plating/asteroid)
[13:32:18]  call stack:
[13:32:18]the glowshroom (/obj/structure/glowshroom/single): New(Cave Floor (275,49,2) (/turf/open/floor/plating/asteroid), null, null)
[13:32:18]/dmm_suite (/dmm_suite): create atom(/obj/structure/glowshroom/sing... (/obj/structure/glowshroom/single), Cave Floor (275,49,2) (/turf/open/floor/plating/asteroid))
[13:32:18]/dmm_suite (/dmm_suite): instance atom(/obj/structure/glowshroom/sing... (/obj/structure/glowshroom/single), /list (/list), Cave Floor (275,49,2) (/turf/open/floor/plating/asteroid), 1)
[13:32:18]/dmm_suite (/dmm_suite): parse grid("/obj/structure/glowshroom/sing...", "eId", 275, 49, 2, 1)
[13:32:18]/dmm_suite (/dmm_suite): load map impl(_maps/map_files/Deltastation/D..., 1, 1, 2, null, null, 1, -1e+031, 1e+031, -1e+031, 1e+031)
[13:32:18]/dmm_suite (/dmm_suite): load map(_maps/map_files/Deltastation/D..., 0, 0, 2, null, null, 1, null, null, null, null)
[13:32:18]Mapping (/datum/controller/subsystem/mapping): TryLoadZ("_maps/map_files/Deltastation/D...", /list (/list), 2, null)
[13:32:18]Mapping (/datum/controller/subsystem/mapping): loadWorld()
[13:32:18]Mapping (/datum/controller/subsystem/mapping): Initialize(630748)
[13:32:18]Master (/datum/controller/master): Initialize(10, 0)
runtime error: 
[13:32:18]Cannot execute /datum/plant_gene/trait/glow (/datum/plant_gene/trait/glow).glow range().
[13:32:18]proc name: New (/obj/structure/glowshroom/New)
[13:32:18]  source file: glowshroom.dm,63
[13:32:18]  usr: null
[13:32:18]  src: the glowshroom (/obj/structure/glowshroom/single)
[13:32:18]  src.loc: Cave Floor (261,48,2) (/turf/open/floor/plating/asteroid)
[13:32:18]  call stack:
[13:32:18]the glowshroom (/obj/structure/glowshroom/single): New(Cave Floor (261,48,2) (/turf/open/floor/plating/asteroid), null, null)
[13:32:18]/dmm_suite (/dmm_suite): create atom(/obj/structure/glowshroom/sing... (/obj/structure/glowshroom/single), Cave Floor (261,48,2) (/turf/open/floor/plating/asteroid))
[13:32:18]/dmm_suite (/dmm_suite): instance atom(/obj/structure/glowshroom/sing... (/obj/structure/glowshroom/single), /list (/list), Cave Floor (261,48,2) (/turf/open/floor/plating/asteroid), 1)
[13:32:18]/dmm_suite (/dmm_suite): parse grid("/obj/structure/glowshroom/sing...", "eId", 261, 48, 2, 1)
[13:32:18]/dmm_suite (/dmm_suite): load map impl(_maps/map_files/Deltastation/D..., 1, 1, 2, null, null, 1, -1e+031, 1e+031, -1e+031, 1e+031)
[13:32:18]/dmm_suite (/dmm_suite): load map(_maps/map_files/Deltastation/D..., 0, 0, 2, null, null, 1, null, null, null, null)
[13:32:18]Mapping (/datum/controller/subsystem/mapping): TryLoadZ("_maps/map_files/Deltastation/D...", /list (/list), 2, null)
[13:32:18]Mapping (/datum/controller/subsystem/mapping): loadWorld()
[13:32:18]Mapping (/datum/controller/subsystem/mapping): Initialize(630748)
[13:32:18]Master (/datum/controller/master): Initialize(10, 0)
runtime error: 
[13:32:18]Cannot execute /datum/plant_gene/trait/glow (/datum/plant_gene/trait/glow).glow range().
[13:32:18]proc name: New (/obj/structure/glowshroom/New)
[13:32:18]  source file: glowshroom.dm,63
[13:32:18]  usr: null
[13:32:18]  src: the glowshroom (/obj/structure/glowshroom/single)
[13:32:18]  src.loc: Cave Floor (292,48,2) (/turf/open/floor/plating/asteroid)
[13:32:18]  call stack:
[13:32:18]the glowshroom (/obj/structure/glowshroom/single): New(Cave Floor (292,48,2) (/turf/open/floor/plating/asteroid), null, null)
[13:32:18]/dmm_suite (/dmm_suite): create atom(/obj/structure/glowshroom/sing... (/obj/structure/glowshroom/single), Cave Floor (292,48,2) (/turf/open/floor/plating/asteroid))
[13:32:18]/dmm_suite (/dmm_suite): instance atom(/obj/structure/glowshroom/sing... (/obj/structure/glowshroom/single), /list (/list), Cave Floor (292,48,2) (/turf/open/floor/plating/asteroid), 1)
[13:32:18]/dmm_suite (/dmm_suite): parse grid("/obj/structure/glowshroom/sing...", "eId", 292, 48, 2, 1)
[13:32:18]/dmm_suite (/dmm_suite): load map impl(_maps/map_files/Deltastation/D..., 1, 1, 2, null, null, 1, -1e+031, 1e+031, -1e+031, 1e+031)
[13:32:18]/dmm_suite (/dmm_suite): load map(_maps/map_files/Deltastation/D..., 0, 0, 2, null, null, 1, null, null, null, null)
[13:32:18]Mapping (/datum/controller/subsystem/mapping): TryLoadZ("_maps/map_files/Deltastation/D...", /list (/list), 2, null)
[13:32:18]Mapping (/datum/controller/subsystem/mapping): loadWorld()
[13:32:18]Mapping (/datum/controller/subsystem/mapping): Initialize(630748)
[13:32:18]Master (/datum/controller/master): Initialize(10, 0)
runtime error: 
[13:32:18]Cannot execute /datum/plant_gene/trait/glow (/datum/plant_gene/trait/glow).glow range().
[13:32:18]proc name: New (/obj/structure/glowshroom/New)
[13:32:18]  source file: glowshroom.dm,63
runtime error: 
[13:32:18]Cannot execute /datum/plant_gene/trait/glow (/datum/plant_gene/trait/glow).glow range().
[13:32:18]proc name: New (/obj/structure/glowshroom/New)
[13:32:18]  source file: glowshroom.dm,63
runtime error: 
[13:32:18]Cannot execute /datum/plant_gene/trait/glow (/datum/plant_gene/trait/glow).glow range().
[13:32:18]proc name: New (/obj/structure/glowshroom/New)
[13:32:18]  source file: glowshroom.dm,63
runtime error: 
[13:32:18]Cannot execute /datum/plant_gene/trait/glow (/datum/plant_gene/trait/glow).glow range().
[13:32:18]proc name: New (/obj/structure/glowshroom/New)
[13:32:18]  source file: glowshroom.dm,63
runtime error: 
[13:32:18]Cannot execute /datum/plant_gene/trait/glow (/datum/plant_gene/trait/glow).glow range().
[13:32:18]proc name: New (/obj/structure/glowshroom/New)
[13:32:18]  source file: glowshroom.dm,63
runtime error: 
[13:32:18]Cannot execute /datum/plant_gene/trait/glow (/datum/plant_gene/trait/glow).glow range().
[13:32:18]proc name: New (/obj/structure/glowshroom/New)
[13:32:18]  source file: glowshroom.dm,63
runtime error: 
[13:32:18]Cannot execute /datum/plant_gene/trait/glow (/datum/plant_gene/trait/glow).glow range().
[13:32:18]proc name: New (/obj/structure/glowshroom/New)
[13:32:18]  source file: glowshroom.dm,63
runtime error: 
[13:32:18]Cannot execute /datum/plant_gene/trait/glow (/datum/plant_gene/trait/glow).glow range().
[13:32:18]proc name: New (/obj/structure/glowshroom/New)
[13:32:18]  source file: glowshroom.dm,63
runtime error: 
[13:32:18]Cannot execute /datum/plant_gene/trait/glow (/datum/plant_gene/trait/glow).glow range().
[13:32:18]proc name: New (/obj/structure/glowshroom/New)
[13:32:18]  source file: glowshroom.dm,63
runtime error: 
[13:32:18]Cannot execute /datum/plant_gene/trait/glow (/datum/plant_gene/trait/glow).glow range().
[13:32:18]proc name: New (/obj/structure/glowshroom/New)
[13:32:18]  source file: glowshroom.dm,63
runtime error: 
[13:32:18]Cannot execute /datum/plant_gene/trait/glow (/datum/plant_gene/trait/glow).glow range().
[13:32:18]proc name: New (/obj/structure/glowshroom/New)
[13:32:18]  source file: glowshroom.dm,63
runtime error: 
[13:32:18]Cannot execute /datum/plant_gene/trait/glow (/datum/plant_gene/trait/glow).glow range().
[13:32:18]proc name: New (/obj/structure/glowshroom/New)
[13:32:18]  source file: glowshroom.dm,63
runtime error: 
[13:32:18]Cannot execute /datum/plant_gene/trait/glow (/datum/plant_gene/trait/glow).glow range().
[13:32:18]proc name: New (/obj/structure/glowshroom/New)
[13:32:18]  source file: glowshroom.dm,63
runtime error: 
[13:32:18]Cannot execute /datum/plant_gene/trait/glow (/datum/plant_gene/trait/glow).glow range().
[13:32:18]proc name: New (/obj/structure/glowshroom/New)
[13:32:18]  source file: glowshroom.dm,63
runtime error: 
[13:32:18]Cannot execute /datum/plant_gene/trait/glow (/datum/plant_gene/trait/glow).glow range().
[13:32:18]proc name: New (/obj/structure/glowshroom/New)
[13:32:18]  source file: glowshroom.dm,63
runtime error: 
[13:32:18]Cannot execute /datum/plant_gene/trait/glow (/datum/plant_gene/trait/glow).glow range().
[13:32:18]proc name: New (/obj/structure/glowshroom/New)
[13:32:18]  source file: glowshroom.dm,63
runtime error: 
[13:32:18]Cannot execute /datum/plant_gene/trait/glow (/datum/plant_gene/trait/glow).glow range().
[13:32:18]proc name: New (/obj/structure/glowshroom/New)
[13:32:18]  source file: glowshroom.dm,63
runtime error: 
[13:32:19]Cannot execute /datum/plant_gene/trait/glow (/datum/plant_gene/trait/glow).glow range().
[13:32:19]proc name: New (/obj/structure/glowshroom/New)
[13:32:19]  source file: glowshroom.dm,63
runtime error: 
[13:32:19]Cannot execute /datum/plant_gene/trait/glow (/datum/plant_gene/trait/glow).glow range().
[13:32:19]proc name: New (/obj/structure/glowshroom/New)
[13:32:19]  source file: glowshroom.dm,63
runtime error: 
[13:32:19]Cannot execute /datum/plant_gene/trait/glow (/datum/plant_gene/trait/glow).glow range().
[13:32:19]proc name: New (/obj/structure/glowshroom/New)
[13:32:19]  source file: glowshroom.dm,63
runtime error: 
[13:32:19]Cannot execute /datum/plant_gene/trait/glow (/datum/plant_gene/trait/glow).glow range().
[13:32:19]proc name: New (/obj/structure/glowshroom/New)
[13:32:19]  source file: glowshroom.dm,63
runtime error: 
[13:32:19]Cannot execute /datum/plant_gene/trait/glow (/datum/plant_gene/trait/glow).glow range().
[13:32:19]proc name: New (/obj/structure/glowshroom/New)
[13:32:19]  source file: glowshroom.dm,63
runtime error: 
[13:32:19]Cannot execute /datum/plant_gene/trait/glow (/datum/plant_gene/trait/glow).glow range().
[13:32:19]proc name: New (/obj/structure/glowshroom/New)
[13:32:19]  source file: glowshroom.dm,63
runtime error: 
[13:32:19]Cannot execute /datum/plant_gene/trait/glow (/datum/plant_gene/trait/glow).glow range().
[13:32:19]proc name: New (/obj/structure/glowshroom/New)
[13:32:19]  source file: glowshroom.dm,63
runtime error: 
[13:32:19]Cannot execute /datum/plant_gene/trait/glow (/datum/plant_gene/trait/glow).glow range().
[13:32:19]proc name: New (/obj/structure/glowshroom/New)
[13:32:19]  source file: glowshroom.dm,63
runtime error: 
[13:32:19]Cannot execute /datum/plant_gene/trait/glow (/datum/plant_gene/trait/glow).glow range().
[13:32:19]proc name: New (/obj/structure/glowshroom/New)
[13:32:19]  source file: glowshroom.dm,63
Loaded station in 64.9s!
Initialized Mapping subsystem within 70.5 seconds!
runtime error: 
[13:32:25]Cannot execute null.add reagent().
[13:32:25]proc name: Initialize (/obj/effect/decal/cleanable/blood/gibs/Initialize)
[13:32:25]  source file: humans.dm,57
runtime error: 
[13:32:25]Cannot execute null.add reagent().
[13:32:25]proc name: Initialize (/obj/effect/decal/cleanable/blood/gibs/Initialize)
[13:32:25]  source file: humans.dm,57
runtime error: 
[13:32:25]Cannot execute null.add reagent().
[13:32:25]proc name: Initialize (/obj/effect/decal/cleanable/blood/gibs/Initialize)
[13:32:25]  source file: humans.dm,57
runtime error: 
[13:32:25]Cannot execute null.add reagent().
[13:32:25]proc name: Initialize (/obj/effect/decal/cleanable/blood/gibs/Initialize)
[13:32:25]  source file: humans.dm,57
runtime error: 
[13:32:26]Cannot execute null.add reagent().
[13:32:26]proc name: Initialize (/obj/effect/decal/cleanable/oil/Initialize)
[13:32:26]  source file: robots.dm,52
runtime error: 
[13:32:26]Cannot execute null.add reagent().
[13:32:26]proc name: Initialize (/obj/effect/decal/cleanable/oil/Initialize)
[13:32:26]  source file: robots.dm,52
runtime error: 
[13:32:29]Cannot execute null.add reagent().
[13:32:29]proc name: Initialize (/obj/effect/decal/cleanable/oil/Initialize)
[13:32:29]  source file: robots.dm,52
runtime error: 
[13:32:29]Cannot execute null.add reagent().
[13:32:29]proc name: Initialize (/obj/effect/decal/cleanable/oil/Initialize)
[13:32:29]  source file: robots.dm,52
runtime error: 
[13:32:29]Cannot execute null.add reagent().
[13:32:29]proc name: Initialize (/obj/effect/decal/cleanable/oil/Initialize)
[13:32:29]  source file: robots.dm,52
runtime error: 
[13:32:29]Cannot execute null.add reagent().
[13:32:29]proc name: Initialize (/obj/effect/decal/cleanable/blood/gibs/Initialize)
[13:32:29]  source file: humans.dm,57
runtime error: 
[13:32:29]Cannot execute null.add reagent().
[13:32:29]proc name: Initialize (/obj/effect/decal/cleanable/oil/Initialize)
[13:32:29]  source file: robots.dm,52
runtime error: 
[13:32:29]Cannot execute null.add reagent().
[13:32:29]proc name: Initialize (/obj/effect/decal/cleanable/blood/gibs/Initialize)
[13:32:29]  source file: humans.dm,57
runtime error: 
[13:32:29]Cannot execute null.add reagent().
[13:32:29]proc name: Initialize (/obj/effect/decal/cleanable/oil/Initialize)
[13:32:29]  source file: robots.dm,52
runtime error: 
[13:32:30]Cannot execute null.add reagent().
[13:32:30]proc name: Initialize (/obj/effect/decal/cleanable/blood/gibs/Initialize)
[13:32:30]  source file: humans.dm,57
runtime error: 
[13:32:30]Cannot execute null.add reagent().
[13:32:30]proc name: Initialize (/obj/effect/decal/cleanable/oil/Initialize)
[13:32:30]  source file: robots.dm,52
runtime error: 
[13:32:30]Cannot execute null.add reagent().
[13:32:30]proc name: Initialize (/obj/effect/decal/cleanable/oil/Initialize)
[13:32:30]  source file: robots.dm,52
runtime error: 
[13:32:30]Cannot execute null.add reagent().
[13:32:30]proc name: Initialize (/obj/effect/decal/cleanable/oil/Initialize)
[13:32:30]  source file: robots.dm,52
runtime error: 
[13:32:30]Cannot execute null.add reagent().
[13:32:30]proc name: Initialize (/obj/effect/decal/cleanable/oil/Initialize)
[13:32:30]  source file: robots.dm,52
runtime error: 
[13:32:31]Cannot execute null.add reagent().
[13:32:31]proc name: Initialize (/obj/effect/decal/cleanable/oil/Initialize)
[13:32:31]  source file: robots.dm,52
runtime error: 
[13:32:31]Cannot execute null.add reagent().
[13:32:31]proc name: Initialize (/obj/effect/decal/cleanable/oil/Initialize)
[13:32:31]  source file: robots.dm,52
runtime error: 
[13:32:31]Cannot execute null.add reagent().
[13:32:31]proc name: Initialize (/obj/effect/decal/cleanable/oil/Initialize)
[13:32:31]  source file: robots.dm,52
runtime error: 
[13:32:31]Cannot execute null.add reagent().
[13:32:31]proc name: Initialize (/obj/effect/decal/cleanable/oil/Initialize)
[13:32:31]  source file: robots.dm,52
runtime error: 
[13:32:31]Cannot execute null.add reagent().
[13:32:31]proc name: Initialize (/obj/effect/decal/cleanable/oil/Initialize)
[13:32:31]  source file: robots.dm,52
runtime error: 
[13:32:31]Cannot execute null.add reagent().
[13:32:31]proc name: Initialize (/obj/effect/decal/cleanable/oil/Initialize)
[13:32:31]  source file: robots.dm,52
runtime error: 
[13:32:31]Cannot execute null.add reagent().
[13:32:31]proc name: Initialize (/obj/effect/decal/cleanable/oil/Initialize)
[13:32:31]  source file: robots.dm,52
runtime error: 
[13:32:31]Cannot execute null.add reagent().
[13:32:31]proc name: Initialize (/obj/effect/decal/cleanable/oil/Initialize)
[13:32:31]  source file: robots.dm,52
runtime error: 
[13:32:32]Cannot execute null.add reagent().
[13:32:32]proc name: Initialize (/obj/effect/decal/cleanable/oil/Initialize)
[13:32:32]  source file: robots.dm,52
runtime error: 
[13:32:32]Cannot execute null.add reagent().
[13:32:32]proc name: Initialize (/obj/effect/decal/cleanable/oil/Initialize)
[13:32:32]  source file: robots.dm,52
runtime error: 
[13:32:32]Cannot execute null.add reagent().
[13:32:32]proc name: Initialize (/obj/effect/decal/cleanable/oil/Initialize)
[13:32:32]  source file: robots.dm,52
runtime error: 
[13:32:32]Cannot execute null.add reagent().
[13:32:32]proc name: Initialize (/obj/effect/decal/cleanable/oil/Initialize)
[13:32:32]  source file: robots.dm,52
runtime error: 
[13:32:33]Cannot execute null.add reagent().
[13:32:33]proc name: Initialize (/obj/effect/decal/cleanable/oil/Initialize)
[13:32:33]  source file: robots.dm,52
runtime error: 
[13:32:33]Cannot execute null.add reagent().
[13:32:33]proc name: Initialize (/obj/effect/decal/cleanable/oil/Initialize)
[13:32:33]  source file: robots.dm,52
runtime error: 
[13:32:33]Cannot execute null.add reagent().
[13:32:33]proc name: Initialize (/obj/effect/decal/cleanable/oil/Initialize)
[13:32:33]  source file: robots.dm,52
runtime error: 
[13:32:33]Cannot execute null.add reagent().
[13:32:33]proc name: Initialize (/obj/effect/decal/cleanable/oil/Initialize)
[13:32:33]  source file: robots.dm,52
runtime error: 
[13:32:34]Cannot execute null.add reagent().
[13:32:34]proc name: Initialize (/obj/effect/decal/cleanable/oil/Initialize)
[13:32:34]  source file: robots.dm,52
runtime error: 
[13:32:34]Cannot execute null.add reagent().
[13:32:34]proc name: Initialize (/obj/effect/decal/cleanable/oil/Initialize)
[13:32:34]  source file: robots.dm,52
runtime error: 
[13:32:34]Cannot execute null.add reagent().
[13:32:34]proc name: Initialize (/obj/effect/decal/cleanable/oil/Initialize)
[13:32:34]  source file: robots.dm,52
runtime error: 
[13:32:34]Cannot execute null.add reagent().
[13:32:34]proc name: Initialize (/obj/effect/decal/cleanable/oil/Initialize)
[13:32:34]  source file: robots.dm,52
runtime error: 
[13:32:34]Cannot execute null.add reagent().
[13:32:34]proc name: Initialize (/obj/effect/decal/cleanable/oil/Initialize)
[13:32:34]  source file: robots.dm,52
runtime error: 
[13:32:34]Cannot execute null.add reagent().
[13:32:34]proc name: Initialize (/obj/effect/decal/cleanable/oil/Initialize)
[13:32:34]  source file: robots.dm,52
runtime error: 
[13:32:34]Cannot execute null.add reagent().
[13:32:34]proc name: Initialize (/obj/effect/decal/cleanable/oil/Initialize)
[13:32:34]  source file: robots.dm,52
runtime error: 
[13:32:34]Cannot execute null.add reagent().
[13:32:34]proc name: Initialize (/obj/effect/decal/cleanable/oil/Initialize)
[13:32:34]  source file: robots.dm,52
runtime error: 
[13:32:35]Cannot execute null.add reagent().
[13:32:35]proc name: Initialize (/obj/effect/decal/cleanable/oil/Initialize)
[13:32:35]  source file: robots.dm,52
runtime error: 
[13:32:35]Cannot execute null.add reagent().
[13:32:35]proc name: Initialize (/obj/effect/decal/cleanable/oil/Initialize)
[13:32:35]  source file: robots.dm,52
runtime error: 
[13:32:35]Cannot execute null.add reagent().
[13:32:35]proc name: Initialize (/obj/effect/decal/cleanable/oil/Initialize)
[13:32:35]  source file: robots.dm,52
runtime error: 
[13:32:36]Cannot execute null.add reagent().
[13:32:36]proc name: Initialize (/obj/effect/decal/cleanable/oil/Initialize)
[13:32:36]  source file: robots.dm,52
runtime error: 
[13:32:36]Cannot execute null.add reagent().
[13:32:36]proc name: Initialize (/obj/effect/decal/cleanable/oil/Initialize)
[13:32:36]  source file: robots.dm,52
runtime error: 
[13:32:36]Cannot execute null.add reagent().
[13:32:36]proc name: Initialize (/obj/effect/decal/cleanable/oil/Initialize)
[13:32:36]  source file: robots.dm,52
runtime error: 
[13:32:36]Cannot execute null.add reagent().
[13:32:36]proc name: Initialize (/obj/effect/decal/cleanable/oil/Initialize)
[13:32:36]  source file: robots.dm,52
runtime error: 
[13:32:36]Cannot execute null.add reagent().
[13:32:36]proc name: Initialize (/obj/effect/decal/cleanable/oil/Initialize)
[13:32:36]  source file: robots.dm,52
runtime error: 
[13:32:37]Cannot execute null.add reagent().
[13:32:37]proc name: Initialize (/obj/effect/decal/cleanable/oil/Initialize)
[13:32:37]  source file: robots.dm,52
runtime error: 
[13:32:37]Cannot execute null.add reagent().
[13:32:37]proc name: Initialize (/obj/effect/decal/cleanable/oil/Initialize)
[13:32:37]  source file: robots.dm,52
runtime error: 
[13:32:37]Cannot execute null.add reagent().
[13:32:37]Warning: further proc crash messages are being suppressed to prevent overload...
runtime error: 
[13:32:40]Undefined variable /obj/item/rupee/var/swimming

runtime error: 
[13:32:40]Undefined variable /obj/item/rupee/var/swimming

runtime error: 
[13:32:40]Undefined variable /obj/item/rupee/var/swimming

runtime error: 
[13:32:40]Undefined variable /obj/structure/signpost/salvation/var/swimming

runtime error: 
[13:32:40]Undefined variable /obj/item/rupee/var/swimming

runtime error: 
[13:32:40]Undefined variable /obj/item/rupee/var/swimming

runtime error: 
[13:32:40]Undefined variable /obj/item/rupee/var/swimming

runtime error: 
[13:32:40]Undefined variable /obj/item/rupee/var/swimming

runtime error: 
[13:32:40]Undefined variable /obj/item/rupee/var/swimming

runtime error: 
[13:32:40]Undefined variable /obj/item/rupee/var/swimming

runtime error: 
[13:32:40]Undefined variable /obj/effect/landmark/error/var/swimming

runtime error: 
[13:32:40]Undefined variable /obj/item/rupee/var/swimming

runtime error: 
[13:32:40]Undefined variable /obj/item/rupee/var/swimming

runtime error: 
[13:32:40]Undefined variable /obj/item/rupee/var/swimming

runtime error: 
[13:32:40]Undefined variable /obj/item/rupee/var/swimming

runtime error: 
[13:32:40]Undefined variable /obj/item/rupee/var/swimming

runtime error: 
[13:32:40]Undefined variable /obj/item/rupee/var/swimming

runtime error: 
[13:32:40]Undefined variable /obj/item/rupee/var/swimming

runtime error: 
[13:32:40]Undefined variable /obj/item/rupee/var/swimming

runtime error: 
[13:32:40]Undefined variable /obj/item/rupee/var/swimming

runtime error: 
[13:32:40]Undefined variable /obj/item/rupee/var/swimming

runtime error: 
[13:32:40]Undefined variable /obj/item/rupee/var/swimming

runtime error: 
[13:32:40]Undefined variable /obj/item/rupee/var/swimming

runtime error: 
[13:32:40]Undefined variable /obj/item/rupee/var/swimming

runtime error: 
[13:32:40]Undefined variable /obj/item/rupee/var/swimming

runtime error: 
[13:32:40]Undefined variable /obj/item/rupee/var/swimming

runtime error: 
[13:32:40]Undefined variable /obj/item/rupee/var/swimming

runtime error: 
[13:32:40]Undefined variable /obj/item/rupee/var/swimming

runtime error: 
[13:32:40]Undefined variable /obj/item/rupee/var/swimming

runtime error: 
[13:32:40]Undefined variable /obj/item/rupee/var/swimming

runtime error: 
[13:32:40]Undefined variable /obj/item/rupee/var/swimming

runtime error: 
[13:32:40]Undefined variable /obj/item/rupee/var/swimming

runtime error: 
[13:32:40]Undefined variable /obj/item/rupee/var/swimming

runtime error: 
[13:32:40]Undefined variable /obj/item/rupee/var/swimming

runtime error: 
[13:32:40]Undefined variable /obj/item/rupee/var/swimming

runtime error: 
[13:32:40]Undefined variable /obj/item/rupee/var/swimming

runtime error: 
[13:32:40]Undefined variable /obj/item/rupee/var/swimming

runtime error: 
[13:32:40]Undefined variable /obj/item/rupee/var/swimming

runtime error: 
[13:32:40]Undefined variable /obj/item/rupee/var/swimming

runtime error: 
[13:32:40]Undefined variable /obj/item/rupee/var/swimming

runtime error: 
[13:32:40]Undefined variable /obj/item/rupee/var/swimming

runtime error: 
[13:32:40]Undefined variable /obj/item/rupee/var/swimming

runtime error: 
[13:32:40]Undefined variable /obj/item/rupee/var/swimming

runtime error: 
[13:32:40]Undefined variable /obj/item/rupee/var/swimming

runtime error: 
[13:32:40]Undefined variable /obj/item/rupee/var/swimming

runtime error: 
[13:32:40]Undefined variable /obj/item/rupee/var/swimming

runtime error: 
[13:32:40]Undefined variable /obj/item/rupee/var/swimming

runtime error: 
[13:32:40]Undefined variable /obj/structure/speaking_tile/var/swimming

runtime error: 
[13:32:40]Undefined variable /obj/machinery/abductor/gland_dispenser/var/swimming

runtime error: 
[13:32:40]Undefined variable /obj/structure/table/abductor/var/swimming

runtime error: 
[13:32:40]Undefined variable /obj/item/surgicaldrill/alien/var/swimming

runtime error: 
[13:32:41]undefined proc or verb /mob/living/simple_animal/bot/medbot/mysterious/remove overlay().

runtime error: 
[13:32:41]undefined proc or verb /mob/living/simple_animal/hostile/creature/remove overlay().

runtime error: 
[13:32:41]undefined proc or verb /mob/living/simple_animal/hostile/carp/cayenne/remove overlay().

runtime error: 
[13:32:42]undefined proc or verb /mob/dead/new_player/remove overlay().

runtime error: 
[13:32:45]Cannot execute null.add reagent().
runtime error: 
[13:32:45]Cannot execute null.add reagent().
runtime error: 
[13:32:45]Cannot execute null.add reagent().
runtime error: 
[13:32:46]Cannot execute null.add reagent().
runtime error: 
[13:32:46]undefined proc or verb /mob/living/simple_animal/bot/medbot/remove overlay().

runtime error: 
[13:32:46]undefined proc or verb /mob/living/simple_animal/cockroach/remove overlay().

runtime error: 
[13:32:46]undefined proc or verb /mob/living/simple_animal/cockroach/remove overlay().

runtime error: 
[13:32:46]Cannot execute null.add reagent().
runtime error: 
[13:32:46]undefined proc or verb /mob/living/simple_animal/cockroach/remove overlay().

runtime error: 
[13:32:46]undefined proc or verb /mob/living/simple_animal/cockroach/remove overlay().

runtime error: 
[13:32:46]undefined proc or verb /mob/living/simple_animal/cockroach/remove overlay().

runtime error: 
[13:32:46]undefined proc or verb /mob/living/simple_animal/pet/cat/Runtime/remove overlay().

runtime error: 
[13:32:46]undefined proc or verb /mob/living/simple_animal/cockroach/remove overlay().

runtime error: 
[13:32:46]undefined proc or verb /mob/living/simple_animal/pet/dog/pug/remove overlay().

runtime error: 
[13:32:47]undefined proc or verb /mob/living/simple_animal/cockroach/remove overlay().

runtime error: 
[13:32:47]undefined proc or verb /mob/living/simple_animal/cockroach/remove overlay().

runtime error: 
[13:32:47]undefined proc or verb /mob/living/simple_animal/cockroach/remove overlay().

runtime error: 
[13:32:47]undefined proc or verb /mob/living/simple_animal/slime/remove overlay().

runtime error: 
[13:32:47]undefined proc or verb /mob/living/simple_animal/slime/remove overlay().

runtime error: 
[13:32:47]undefined proc or verb /mob/living/simple_animal/slime/remove overlay().

runtime error: 
[13:32:47]undefined proc or verb /mob/living/simple_animal/cockroach/remove overlay().

runtime error: 
[13:32:48]undefined proc or verb /mob/living/simple_animal/cockroach/remove overlay().

runtime error: 
[13:32:48]undefined proc or verb /mob/living/simple_animal/pet/dog/corgi/Ian/remove overlay().

runtime error: 
[13:32:48]undefined proc or verb /mob/living/simple_animal/bot/secbot/pingsky/remove overlay().

runtime error: 
[13:32:48]undefined proc or verb /mob/living/simple_animal/parrot/Poly/remove overlay().

runtime error: 
[13:32:48]undefined proc or verb /mob/living/simple_animal/bot/secbot/beepsky/remove overlay().

runtime error: 
[13:32:48]undefined proc or verb /mob/living/simple_animal/pet/fox/Renault/remove overlay().

runtime error: 
[13:32:49]undefined proc or verb /mob/living/simple_animal/hostile/carp/cayenne/remove overlay().

runtime error: 
[13:32:49]undefined proc or verb /mob/living/simple_animal/cockroach/remove overlay().

runtime error: 
[13:32:49]undefined proc or verb /mob/living/simple_animal/hostile/retaliate/goat/remove overlay().

runtime error: 
[13:32:49]undefined proc or verb /mob/living/simple_animal/sloth/citrus/remove overlay().

runtime error: 
[13:32:49]undefined proc or verb /mob/living/simple_animal/cockroach/remove overlay().

runtime error: 
[13:32:49]undefined proc or verb /mob/living/simple_animal/mouse/remove overlay().

runtime error: 
[13:32:49]undefined proc or verb /mob/living/simple_animal/mouse/remove overlay().

runtime error: 
[13:32:49]undefined proc or verb /mob/living/simple_animal/bot/mulebot/remove overlay().

runtime error: 
[13:32:49]undefined proc or verb /mob/living/simple_animal/bot/mulebot/remove overlay().

runtime error: 
[13:32:50]undefined proc or verb /mob/living/simple_animal/cockroach/remove overlay().

runtime error: 
[13:32:50]undefined proc or verb /mob/living/simple_animal/hostile/lizard/remove overlay().

runtime error: 
[13:32:50]undefined proc or verb /mob/living/simple_animal/cockroach/remove overlay().

runtime error: 
[13:32:50]undefined proc or verb /mob/living/simple_animal/cockroach/remove overlay().

runtime error: 
[13:32:50]undefined proc or verb /mob/living/simple_animal/cockroach/remove overlay().

runtime error: 
[13:32:50]undefined proc or verb /mob/living/simple_animal/cockroach/remove overlay().

runtime error: 
[13:32:52]undefined proc or verb /mob/living/simple_animal/hostile/asteroid/goliath/beast/random/remove overlay().

runtime error: 
[13:32:52]undefined proc or verb /mob/living/simple_animal/hostile/asteroid/goliath/beast/random/remove overlay().

runtime error: 
[13:32:53]undefined proc or verb /mob/living/simple_animal/hostile/asteroid/hivelord/legion/random/remove overlay().

runtime error: 
[13:32:53]undefined proc or verb /mob/living/simple_animal/hostile/asteroid/goliath/beast/random/remove overlay().

runtime error: 
[13:32:53]undefined proc or verb /mob/living/simple_animal/hostile/asteroid/goliath/beast/random/remove overlay().

runtime error: 
[13:32:53]undefined proc or verb /mob/living/simple_animal/hostile/asteroid/hivelord/legion/random/remove overlay().

runtime error: 
[13:32:53]undefined proc or verb /mob/living/simple_animal/hostile/asteroid/basilisk/watcher/random/remove overlay().

runtime error: 
[13:32:53]undefined proc or verb /mob/living/simple_animal/bot/secbot/beepsky/remove overlay().

runtime error: 
[13:32:53]undefined proc or verb /mob/living/simple_animal/hostile/asteroid/goliath/beast/random/remove overlay().

runtime error: 
[13:32:53]undefined proc or verb /mob/living/simple_animal/hostile/asteroid/basilisk/watcher/random/remove overlay().

Initialized 1.48388e+006 atoms
Initialized Atoms subsystem within 37.8 seconds!
Initialized Language subsystem within 0.1 seconds!
Initialized Machines subsystem within 0.4 seconds!
Initialized Circuit subsystem within 0 seconds!
Initialized Weather subsystem within 0 seconds!
## WARNING: There are 737 active turfs at roundstart, this is a mapping error caused by a difference of the air between the adjacent turfs. You can see its coordinates using "Mapping -> Show roundstart AT list" verb (debug verbs required)
## WARNING: HEY! LISTEN! 5 seconds were wasted processing 737 turf(s) (connected to 76946 other turfs) with atmos differences at round start.
## WARNING: build_pipeline(): /obj/machinery/atmospherics/pipe/simple/supply/hidden added to a pipenet while still having one. (pipes leading to the same spot stacking in one turf) Nearby: (187, 161, 2)
## WARNING: build_pipeline(): /obj/machinery/atmospherics/pipe/simple/supply/hidden added to a pipenet while still having one. (pipes leading to the same spot stacking in one turf) Nearby: (187, 162, 2)
## WARNING: build_pipeline(): /obj/machinery/atmospherics/pipe/simple/supply/hidden added to a pipenet while still having one. (pipes leading to the same spot stacking in one turf) Nearby: (187, 160, 2)
## WARNING: build_pipeline(): /obj/machinery/atmospherics/pipe/simple/supply/hidden added to a pipenet while still having one. (pipes leading to the same spot stacking in one turf) Nearby: (186, 162, 2)
## WARNING: build_pipeline(): /obj/machinery/atmospherics/pipe/simple/supply/hidden added to a pipenet while still having one. (pipes leading to the same spot stacking in one turf) Nearby: (187, 159, 2)
## WARNING: build_pipeline(): /obj/machinery/atmospherics/pipe/simple/supply/hidden added to a pipenet while still having one. (pipes leading to the same spot stacking in one turf) Nearby: (185, 162, 2)
## WARNING: build_pipeline(): /obj/machinery/atmospherics/pipe/simple/supply/hidden added to a pipenet while still having one. (pipes leading to the same spot stacking in one turf) Nearby: (187, 158, 2)
## WARNING: build_pipeline(): /obj/machinery/atmospherics/pipe/simple/supply/hidden added to a pipenet while still having one. (pipes leading to the same spot stacking in one turf) Nearby: (184, 162, 2)
## WARNING: build_pipeline(): /obj/machinery/atmospherics/pipe/manifold/supply/hidden added to a pipenet while still having one. (pipes leading to the same spot stacking in one turf) Nearby: (187, 157, 2)
## WARNING: build_pipeline(): /obj/machinery/atmospherics/pipe/manifold/supply/hidden added to a pipenet while still having one. (pipes leading to the same spot stacking in one turf) Nearby: (183, 162, 2)
## WARNING: build_pipeline(): further messages about pipenets will be supressed
Initialized Atmospherics subsystem within 20.9 seconds!
Initialized Minimap subsystem within 0 seconds!
Initialized Assets subsystem within 0.1 seconds!
Initialized Icon Smoothing subsystem within 3.7 seconds!
Initialized Overlay subsystem within 14.2 seconds!
Initialized XKeyScore subsystem within 0 seconds!
Initialized Lighting subsystem within 12.9 seconds!
Initialized Shuttle subsystem within 50.2 seconds!
Initialized Squeak subsystem within 0 seconds!
Loaded 0 engraved messages on map Delta Station
Initialized Persistence subsystem within 0.1 seconds!
Initializations complete within 211.5 seconds!
Game start took 0s
## WARNING: A ref was requested of an object with use_tag set but no tag: Noober84555 in code/__HELPERS/unsorted.dm at line 1500 src:  usr: Noober84555.
runtime error: 
[13:35:34]Cannot read null.key
runtime error: 
[13:35:34]Cannot read null.martial_art
runtime error: 
[13:35:35]Cannot read null.martial_art
