

Starting up round ID . 12:17:28
---------------------
Initialized Blackbox subsystem within 0 seconds!
Initialized Server Tasks subsystem within 0 seconds!
Initialized Events subsystem within 0 seconds!
runtime error: 
[12:17:31]cannot read from list
[12:17:31]proc name: LoadJobs (/datum/controller/subsystem/job/proc/LoadJobs)
[12:17:31]  source file: job.dm,448
[12:17:31]  usr: null
[12:17:31]  src: Jobs (/datum/controller/subsystem/job)
[12:17:31]  call stack:
[12:17:31]Jobs (/datum/controller/subsystem/job): LoadJobs()
[12:17:31]Jobs (/datum/controller/subsystem/job): Initialize(550513)
[12:17:31]Master (/datum/controller/master): Initialize(10, 0)
Initialized Jobs subsystem within 0.1 seconds!
Initialized Ticker subsystem within 0.1 seconds!
Loading Delta Station...
Loaded station in 42.1s!
Ruin "Hierophant's Arena" placed at (202, 130, 5)
Ruin "Ruin of Envy" placed at (80, 188, 5)
Ruin "The Wishgranter Cube" placed at (100, 171, 5)
Ruin "Survival Capsule Ruins" placed at (35, 182, 5)
Ruin "Ruin of Greed" placed at (146, 109, 5)
Ruin "Animal Hospital" placed at (210, 79, 5)
Ruin "Survival Capsule Ruins" placed at (193, 40, 5)
Ruin "Ruined Pizza Party" placed at (174, 69, 5)
runtime error: 
[12:18:23]Cannot execute /datum/plant_gene/trait/glow (/datum/plant_gene/trait/glow).glow range().
[12:18:23]proc name: New (/obj/structure/glowshroom/New)
[12:18:23]  source file: glowshroom.dm,63
[12:18:23]  usr: null
[12:18:23]  src: the glowshroom (/obj/structure/glowshroom/single)
[12:18:23]  src.loc: the floor (170,71,5) (/turf/open/floor/wood)
[12:18:23]  call stack:
[12:18:23]the glowshroom (/obj/structure/glowshroom/single): New(the floor (170,71,5) (/turf/open/floor/wood), null, null)
[12:18:23]/dmm_suite (/dmm_suite): create atom(/obj/structure/glowshroom/sing... (/obj/structure/glowshroom/single), the floor (170,71,5) (/turf/open/floor/wood))
[12:18:23]/dmm_suite (/dmm_suite): instance atom(/obj/structure/glowshroom/sing... (/obj/structure/glowshroom/single), /list (/list), the floor (170,71,5) (/turf/open/floor/wood), 1)
[12:18:23]/dmm_suite (/dmm_suite): parse grid("\n/obj/structure/glowshroom/si...", "n", 170, 71, 5, 1)
[12:18:23]/dmm_suite (/dmm_suite): load map impl(_maps/RandomRuins/LavaRuins/la..., 164, 59, 5, 1, null, 1, -1e+031, 1e+031, -1e+031, 1e+031)
[12:18:23]/dmm_suite (/dmm_suite): load map(_maps/RandomRuins/LavaRuins/la..., 164, 59, 5, 1, null, 1, null, null, null, null)
[12:18:23]Ruined Pizza Party (/datum/map_template/ruin/lavaland/pizza): load(the rock (164,59,5) (/turf/closed/mineral/random/volcanic), 1)
[12:18:23]the random ruin (/obj/effect/ruin_loader): Load(/list (/list), Ruined Pizza Party (/datum/map_template/ruin/lavaland/pizza))
[12:18:23]seedRuins(/list (/list), 15, /area/lavaland/surface/outdoor... (/area/lavaland/surface/outdoors/unexplored), /list (/list))
[12:18:23]Mapping (/datum/controller/subsystem/mapping): Initialize(550516)
[12:18:23]Master (/datum/controller/master): Initialize(10, 0)
runtime error: 
[12:18:23]Cannot execute /datum/plant_gene/trait/glow (/datum/plant_gene/trait/glow).glow range().
[12:18:23]proc name: New (/obj/structure/glowshroom/New)
[12:18:23]  source file: glowshroom.dm,63
[12:18:23]  usr: null
[12:18:23]  src: the glowshroom (/obj/structure/glowshroom/single)
[12:18:23]  src.loc: the plating (171,67,5) (/turf/open/floor/plating)
[12:18:23]  call stack:
[12:18:23]the glowshroom (/obj/structure/glowshroom/single): New(the plating (171,67,5) (/turf/open/floor/plating), null, null)
[12:18:23]/dmm_suite (/dmm_suite): create atom(/obj/structure/glowshroom/sing... (/obj/structure/glowshroom/single), the plating (171,67,5) (/turf/open/floor/plating))
[12:18:23]/dmm_suite (/dmm_suite): instance atom(/obj/structure/glowshroom/sing... (/obj/structure/glowshroom/single), /list (/list), the plating (171,67,5) (/turf/open/floor/plating), 1)
[12:18:23]/dmm_suite (/dmm_suite): parse grid("\n/obj/structure/glowshroom/si...", "J", 171, 67, 5, 1)
[12:18:23]/dmm_suite (/dmm_suite): load map impl(_maps/RandomRuins/LavaRuins/la..., 164, 59, 5, 1, null, 1, -1e+031, 1e+031, -1e+031, 1e+031)
[12:18:23]/dmm_suite (/dmm_suite): load map(_maps/RandomRuins/LavaRuins/la..., 164, 59, 5, 1, null, 1, null, null, null, null)
[12:18:23]Ruined Pizza Party (/datum/map_template/ruin/lavaland/pizza): load(the rock (164,59,5) (/turf/closed/mineral/random/volcanic), 1)
[12:18:23]the random ruin (/obj/effect/ruin_loader): Load(/list (/list), Ruined Pizza Party (/datum/map_template/ruin/lavaland/pizza))
[12:18:23]seedRuins(/list (/list), 15, /area/lavaland/surface/outdoor... (/area/lavaland/surface/outdoors/unexplored), /list (/list))
[12:18:23]Mapping (/datum/controller/subsystem/mapping): Initialize(550516)
[12:18:23]Master (/datum/controller/master): Initialize(10, 0)
runtime error: 
[12:18:23]Cannot execute /datum/plant_gene/trait/glow (/datum/plant_gene/trait/glow).glow range().
[12:18:23]proc name: New (/obj/structure/glowshroom/New)
[12:18:23]  source file: glowshroom.dm,63
[12:18:23]  usr: null
[12:18:23]  src: the glowshroom (/obj/structure/glowshroom/single)
[12:18:23]  src.loc: the floor (174,69,5) (/turf/open/floor/wood)
[12:18:23]  call stack:
[12:18:23]the glowshroom (/obj/structure/glowshroom/single): New(the floor (174,69,5) (/turf/open/floor/wood), null, null)
[12:18:23]/dmm_suite (/dmm_suite): create atom(/obj/structure/glowshroom/sing... (/obj/structure/glowshroom/single), the floor (174,69,5) (/turf/open/floor/wood))
[12:18:23]/dmm_suite (/dmm_suite): instance atom(/obj/structure/glowshroom/sing... (/obj/structure/glowshroom/single), /list (/list), the floor (174,69,5) (/turf/open/floor/wood), 1)
[12:18:23]/dmm_suite (/dmm_suite): parse grid("\n/obj/structure/table/wood,\n...", "z", 174, 69, 5, 1)
[12:18:23]/dmm_suite (/dmm_suite): load map impl(_maps/RandomRuins/LavaRuins/la..., 164, 59, 5, 1, null, 1, -1e+031, 1e+031, -1e+031, 1e+031)
[12:18:23]/dmm_suite (/dmm_suite): load map(_maps/RandomRuins/LavaRuins/la..., 164, 59, 5, 1, null, 1, null, null, null, null)
[12:18:23]Ruined Pizza Party (/datum/map_template/ruin/lavaland/pizza): load(the rock (164,59,5) (/turf/closed/mineral/random/volcanic), 1)
[12:18:23]the random ruin (/obj/effect/ruin_loader): Load(/list (/list), Ruined Pizza Party (/datum/map_template/ruin/lavaland/pizza))
[12:18:23]seedRuins(/list (/list), 15, /area/lavaland/surface/outdoor... (/area/lavaland/surface/outdoors/unexplored), /list (/list))
[12:18:23]Mapping (/datum/controller/subsystem/mapping): Initialize(550516)
[12:18:23]Master (/datum/controller/master): Initialize(10, 0)
runtime error: 
[12:18:23]Cannot execute /datum/plant_gene/trait/glow (/datum/plant_gene/trait/glow).glow range().
[12:18:23]proc name: New (/obj/structure/glowshroom/New)
[12:18:23]  source file: glowshroom.dm,63
[12:18:23]  usr: null
[12:18:23]  src: the glowshroom (/obj/structure/glowshroom/single)
[12:18:23]  src.loc: the floor (177,70,5) (/turf/open/floor/wood)
[12:18:23]  call stack:
[12:18:23]the glowshroom (/obj/structure/glowshroom/single): New(the floor (177,70,5) (/turf/open/floor/wood), null, null)
[12:18:23]/dmm_suite (/dmm_suite): create atom(/obj/structure/glowshroom/sing... (/obj/structure/glowshroom/single), the floor (177,70,5) (/turf/open/floor/wood))
[12:18:23]/dmm_suite (/dmm_suite): instance atom(/obj/structure/glowshroom/sing... (/obj/structure/glowshroom/single), /list (/list), the floor (177,70,5) (/turf/open/floor/wood), 1)
[12:18:23]/dmm_suite (/dmm_suite): parse grid("\n/obj/structure/glowshroom/si...", "u", 177, 70, 5, 1)
[12:18:23]/dmm_suite (/dmm_suite): load map impl(_maps/RandomRuins/LavaRuins/la..., 164, 59, 5, 1, null, 1, -1e+031, 1e+031, -1e+031, 1e+031)
[12:18:23]/dmm_suite (/dmm_suite): load map(_maps/RandomRuins/LavaRuins/la..., 164, 59, 5, 1, null, 1, null, null, null, null)
[12:18:23]Ruined Pizza Party (/datum/map_template/ruin/lavaland/pizza): load(the rock (164,59,5) (/turf/closed/mineral/random/volcanic), 1)
[12:18:23]the random ruin (/obj/effect/ruin_loader): Load(/list (/list), Ruined Pizza Party (/datum/map_template/ruin/lavaland/pizza))
[12:18:23]seedRuins(/list (/list), 15, /area/lavaland/surface/outdoor... (/area/lavaland/surface/outdoors/unexplored), /list (/list))
[12:18:23]Mapping (/datum/controller/subsystem/mapping): Initialize(550516)
[12:18:23]Master (/datum/controller/master): Initialize(10, 0)
runtime error: 
[12:18:23]Cannot execute /datum/plant_gene/trait/glow (/datum/plant_gene/trait/glow).glow range().
[12:18:23]proc name: New (/obj/structure/glowshroom/New)
[12:18:23]  source file: glowshroom.dm,63
[12:18:23]  usr: null
[12:18:23]  src: the glowshroom (/obj/structure/glowshroom/single)
[12:18:23]  src.loc: the floor (177,66,5) (/turf/open/floor/wood)
[12:18:23]  call stack:
[12:18:23]the glowshroom (/obj/structure/glowshroom/single): New(the floor (177,66,5) (/turf/open/floor/wood), null, null)
[12:18:23]/dmm_suite (/dmm_suite): create atom(/obj/structure/glowshroom/sing... (/obj/structure/glowshroom/single), the floor (177,66,5) (/turf/open/floor/wood))
[12:18:23]/dmm_suite (/dmm_suite): instance atom(/obj/structure/glowshroom/sing... (/obj/structure/glowshroom/single), /list (/list), the floor (177,66,5) (/turf/open/floor/wood), 1)
[12:18:23]/dmm_suite (/dmm_suite): parse grid("\n/obj/structure/glowshroom/si...", "n", 177, 66, 5, 1)
[12:18:23]/dmm_suite (/dmm_suite): load map impl(_maps/RandomRuins/LavaRuins/la..., 164, 59, 5, 1, null, 1, -1e+031, 1e+031, -1e+031, 1e+031)
[12:18:23]/dmm_suite (/dmm_suite): load map(_maps/RandomRuins/LavaRuins/la..., 164, 59, 5, 1, null, 1, null, null, null, null)
[12:18:23]Ruined Pizza Party (/datum/map_template/ruin/lavaland/pizza): load(the rock (164,59,5) (/turf/closed/mineral/random/volcanic), 1)
[12:18:23]the random ruin (/obj/effect/ruin_loader): Load(/list (/list), Ruined Pizza Party (/datum/map_template/ruin/lavaland/pizza))
[12:18:23]seedRuins(/list (/list), 15, /area/lavaland/surface/outdoor... (/area/lavaland/surface/outdoors/unexplored), /list (/list))
[12:18:23]Mapping (/datum/controller/subsystem/mapping): Initialize(550516)
[12:18:23]Master (/datum/controller/master): Initialize(10, 0)
Ruin "Biodome Beach" placed at (179, 175, 5)
Ruin "Fountain Hall" placed at (195, 65, 5)
Ruin "DJ Station" placed at (87, 129, 4)
Ruin "CF Corsair" placed at (59, 127, 4)
Ruin "Unnamed Turreted Outpost" placed at (38, 33, 8)
Ruin "Asteroid 5" placed at (169, 191, 9)
Ruin "Abandoned Telecommunications Satellite" placed at (189, 90, 4)
Ruin "Derelict 1" placed at (166, 74, 3)
Ruin "A Giant Ball of Paper in Space" placed at (180, 85, 7)
Ruin "Waylaid Buses" placed at (92, 87, 3)
Ruin "Derelict 5" placed at (191, 66, 11)
Ruin "Dinner for Two" placed at (183, 182, 10)
Ruin "Salvation" placed at (100, 150, 9)
Ruin "DK Excavator 453" placed at (173, 157, 10)
Ruin "Syndicate Ambush" placed at (103, 61, 8)
Ruin "Disposal Facility 17" placed at (157, 116, 7)
Ruin "Crashed Ship" placed at (98, 96, 7)
Ruin "Derelict 6" placed at (108, 162, 8)
Initialized Mapping subsystem within 57.1 seconds!
runtime error: 
[12:18:30]Cannot execute null.add reagent().
[12:18:30]proc name: Initialize (/obj/effect/decal/cleanable/blood/gibs/Initialize)
[12:18:30]  source file: humans.dm,57
[12:18:30]  usr: null
[12:18:30]  src: the gibs (/obj/effect/decal/cleanable/blood/gibs/body)
[12:18:30]  src.loc: null
[12:18:30]  call stack:
[12:18:30]the gibs (/obj/effect/decal/cleanable/blood/gibs/body): Initialize(1, null)
[12:18:30]Atoms (/datum/controller/subsystem/atoms): InitAtom(the gibs (/obj/effect/decal/cleanable/blood/gibs/body), /list (/list))
[12:18:30]Atoms (/datum/controller/subsystem/atoms): InitializeAtoms(null)
[12:18:30]Atoms (/datum/controller/subsystem/atoms): Initialize(551087)
[12:18:30]Master (/datum/controller/master): Initialize(10, 0)
runtime error: 
[12:18:30]Cannot execute null.add reagent().
[12:18:30]proc name: Initialize (/obj/effect/decal/cleanable/blood/gibs/Initialize)
[12:18:30]  source file: humans.dm,57
[12:18:30]  usr: null
[12:18:30]  src: the gibs (/obj/effect/decal/cleanable/blood/gibs/body)
[12:18:30]  src.loc: null
[12:18:30]  call stack:
[12:18:30]the gibs (/obj/effect/decal/cleanable/blood/gibs/body): Initialize(1, null)
[12:18:30]Atoms (/datum/controller/subsystem/atoms): InitAtom(the gibs (/obj/effect/decal/cleanable/blood/gibs/body), /list (/list))
[12:18:30]Atoms (/datum/controller/subsystem/atoms): InitializeAtoms(null)
[12:18:30]Atoms (/datum/controller/subsystem/atoms): Initialize(551087)
[12:18:30]Master (/datum/controller/master): Initialize(10, 0)
runtime error: 
[12:18:31]Cannot execute null.add reagent().
[12:18:31]proc name: Initialize (/obj/effect/decal/cleanable/blood/gibs/Initialize)
[12:18:31]  source file: humans.dm,57
[12:18:31]  usr: null
[12:18:31]  src: the gibs (/obj/effect/decal/cleanable/blood/gibs/body)
[12:18:31]  src.loc: null
[12:18:31]  call stack:
[12:18:31]the gibs (/obj/effect/decal/cleanable/blood/gibs/body): Initialize(1, null)
[12:18:31]Atoms (/datum/controller/subsystem/atoms): InitAtom(the gibs (/obj/effect/decal/cleanable/blood/gibs/body), /list (/list))
[12:18:31]Atoms (/datum/controller/subsystem/atoms): InitializeAtoms(null)
[12:18:31]Atoms (/datum/controller/subsystem/atoms): Initialize(551087)
[12:18:31]Master (/datum/controller/master): Initialize(10, 0)
runtime error: 
[12:18:31]Cannot execute null.add reagent().
[12:18:31]proc name: Initialize (/obj/effect/decal/cleanable/blood/gibs/Initialize)
[12:18:31]  source file: humans.dm,57
[12:18:31]  usr: null
[12:18:31]  src: the gibs (/obj/effect/decal/cleanable/blood/gibs/body)
[12:18:31]  src.loc: null
[12:18:31]  call stack:
[12:18:31]the gibs (/obj/effect/decal/cleanable/blood/gibs/body): Initialize(1, null)
[12:18:31]Atoms (/datum/controller/subsystem/atoms): InitAtom(the gibs (/obj/effect/decal/cleanable/blood/gibs/body), /list (/list))
[12:18:31]Atoms (/datum/controller/subsystem/atoms): InitializeAtoms(null)
[12:18:31]Atoms (/datum/controller/subsystem/atoms): Initialize(551087)
[12:18:31]Master (/datum/controller/master): Initialize(10, 0)
runtime error: 
[12:18:31]Cannot execute null.add reagent().
[12:18:31]proc name: Initialize (/obj/effect/decal/cleanable/oil/Initialize)
[12:18:31]  source file: robots.dm,52
[12:18:31]  usr: null
[12:18:31]  src: the motor oil (/obj/effect/decal/cleanable/oil)
[12:18:31]  src.loc: null
[12:18:31]  call stack:
[12:18:31]the motor oil (/obj/effect/decal/cleanable/oil): Initialize(1)
[12:18:31]Atoms (/datum/controller/subsystem/atoms): InitAtom(the motor oil (/obj/effect/decal/cleanable/oil), /list (/list))
[12:18:31]Atoms (/datum/controller/subsystem/atoms): InitializeAtoms(null)
[12:18:31]Atoms (/datum/controller/subsystem/atoms): Initialize(551087)
[12:18:31]Master (/datum/controller/master): Initialize(10, 0)
runtime error: 
[12:18:31]Cannot execute null.add reagent().
[12:18:31]proc name: Initialize (/obj/effect/decal/cleanable/oil/Initialize)
[12:18:31]  source file: robots.dm,52
[12:18:31]  usr: null
[12:18:31]  src: the motor oil (/obj/effect/decal/cleanable/oil)
[12:18:31]  src.loc: null
[12:18:31]  call stack:
[12:18:31]the motor oil (/obj/effect/decal/cleanable/oil): Initialize(1)
[12:18:31]Atoms (/datum/controller/subsystem/atoms): InitAtom(the motor oil (/obj/effect/decal/cleanable/oil), /list (/list))
[12:18:31]Atoms (/datum/controller/subsystem/atoms): InitializeAtoms(null)
[12:18:31]Atoms (/datum/controller/subsystem/atoms): Initialize(551087)
[12:18:31]Master (/datum/controller/master): Initialize(10, 0)
runtime error: 
[12:18:36]Cannot execute null.add reagent().
[12:18:36]proc name: Initialize (/obj/effect/decal/cleanable/oil/Initialize)
[12:18:36]  source file: robots.dm,52
[12:18:36]  usr: null
[12:18:36]  src: the motor oil (/obj/effect/decal/cleanable/oil)
[12:18:36]  src.loc: null
[12:18:36]  call stack:
[12:18:36]the motor oil (/obj/effect/decal/cleanable/oil): Initialize(1)
[12:18:36]Atoms (/datum/controller/subsystem/atoms): InitAtom(the motor oil (/obj/effect/decal/cleanable/oil), /list (/list))
[12:18:36]Atoms (/datum/controller/subsystem/atoms): InitializeAtoms(null)
[12:18:36]Atoms (/datum/controller/subsystem/atoms): Initialize(551087)
[12:18:36]Master (/datum/controller/master): Initialize(10, 0)
runtime error: 
[12:18:36]Cannot execute null.add reagent().
[12:18:36]proc name: Initialize (/obj/effect/decal/cleanable/oil/Initialize)
[12:18:36]  source file: robots.dm,52
[12:18:36]  usr: null
[12:18:36]  src: the motor oil (/obj/effect/decal/cleanable/oil)
[12:18:36]  src.loc: null
[12:18:36]  call stack:
[12:18:36]the motor oil (/obj/effect/decal/cleanable/oil): Initialize(1)
[12:18:36]Atoms (/datum/controller/subsystem/atoms): InitAtom(the motor oil (/obj/effect/decal/cleanable/oil), /list (/list))
[12:18:36]Atoms (/datum/controller/subsystem/atoms): InitializeAtoms(null)
[12:18:36]Atoms (/datum/controller/subsystem/atoms): Initialize(551087)
[12:18:36]Master (/datum/controller/master): Initialize(10, 0)
runtime error: 
[12:18:37]Cannot execute null.add reagent().
[12:18:37]proc name: Initialize (/obj/effect/decal/cleanable/oil/Initialize)
[12:18:37]  source file: robots.dm,52
[12:18:37]  usr: null
[12:18:37]  src: the motor oil (/obj/effect/decal/cleanable/oil)
[12:18:37]  src.loc: null
[12:18:37]  call stack:
[12:18:37]the motor oil (/obj/effect/decal/cleanable/oil): Initialize(1)
[12:18:37]Atoms (/datum/controller/subsystem/atoms): InitAtom(the motor oil (/obj/effect/decal/cleanable/oil), /list (/list))
[12:18:37]Atoms (/datum/controller/subsystem/atoms): InitializeAtoms(null)
[12:18:37]Atoms (/datum/controller/subsystem/atoms): Initialize(551087)
[12:18:37]Master (/datum/controller/master): Initialize(10, 0)
runtime error: 
[12:18:37]Cannot execute null.add reagent().
[12:18:37]proc name: Initialize (/obj/effect/decal/cleanable/blood/gibs/Initialize)
[12:18:37]  source file: humans.dm,57
[12:18:37]  usr: null
[12:18:37]  src: the gibs (/obj/effect/decal/cleanable/blood/gibs/limb)
[12:18:37]  src.loc: null
[12:18:37]  call stack:
[12:18:37]the gibs (/obj/effect/decal/cleanable/blood/gibs/limb): Initialize(1, null)
[12:18:37]Atoms (/datum/controller/subsystem/atoms): InitAtom(the gibs (/obj/effect/decal/cleanable/blood/gibs/limb), /list (/list))
[12:18:37]Atoms (/datum/controller/subsystem/atoms): InitializeAtoms(null)
[12:18:37]Atoms (/datum/controller/subsystem/atoms): Initialize(551087)
[12:18:37]Master (/datum/controller/master): Initialize(10, 0)
runtime error: 
[12:18:37]Cannot execute null.add reagent().
[12:18:37]proc name: Initialize (/obj/effect/decal/cleanable/blood/gibs/Initialize)
[12:18:37]  source file: humans.dm,57
[12:18:37]  usr: null
[12:18:37]  src: the gibs (/obj/effect/decal/cleanable/blood/gibs/body)
[12:18:37]  src.loc: null
[12:18:37]  call stack:
[12:18:37]the gibs (/obj/effect/decal/cleanable/blood/gibs/body): Initialize(1, null)
[12:18:37]Atoms (/datum/controller/subsystem/atoms): InitAtom(the gibs (/obj/effect/decal/cleanable/blood/gibs/body), /list (/list))
[12:18:37]Atoms (/datum/controller/subsystem/atoms): InitializeAtoms(null)
[12:18:37]Atoms (/datum/controller/subsystem/atoms): Initialize(551087)
[12:18:37]Master (/datum/controller/master): Initialize(10, 0)
runtime error: 
[12:18:37]Cannot execute null.add reagent().
[12:18:37]proc name: Initialize (/obj/effect/decal/cleanable/oil/Initialize)
[12:18:37]  source file: robots.dm,52
runtime error: 
[12:18:38]Cannot execute null.add reagent().
[12:18:38]proc name: Initialize (/obj/effect/decal/cleanable/blood/gibs/Initialize)
[12:18:38]  source file: humans.dm,57
runtime error: 
[12:18:38]Cannot execute null.add reagent().
[12:18:38]proc name: Initialize (/obj/effect/decal/cleanable/oil/Initialize)
[12:18:38]  source file: robots.dm,52
runtime error: 
[12:18:38]Cannot execute null.add reagent().
[12:18:38]proc name: Initialize (/obj/effect/decal/cleanable/blood/gibs/Initialize)
[12:18:38]  source file: humans.dm,57
runtime error: 
[12:18:38]Cannot execute null.add reagent().
[12:18:38]proc name: Initialize (/obj/effect/decal/cleanable/blood/gibs/Initialize)
[12:18:38]  source file: humans.dm,57
runtime error: 
[12:18:39]Cannot execute null.add reagent().
[12:18:39]proc name: Initialize (/obj/effect/decal/cleanable/oil/Initialize)
[12:18:39]  source file: robots.dm,52
runtime error: 
[12:18:39]Cannot execute null.add reagent().
[12:18:39]proc name: Initialize (/obj/effect/decal/cleanable/oil/Initialize)
[12:18:39]  source file: robots.dm,52
runtime error: 
[12:18:39]Cannot execute null.add reagent().
[12:18:39]proc name: Initialize (/obj/effect/decal/cleanable/oil/Initialize)
[12:18:39]  source file: robots.dm,52
runtime error: 
[12:18:40]Cannot execute null.add reagent().
[12:18:40]proc name: Initialize (/obj/effect/decal/cleanable/oil/Initialize)
[12:18:40]  source file: robots.dm,52
runtime error: 
[12:18:40]Cannot execute null.add reagent().
[12:18:40]proc name: Initialize (/obj/effect/decal/cleanable/oil/Initialize)
[12:18:40]  source file: robots.dm,52
runtime error: 
[12:18:40]Cannot execute null.add reagent().
[12:18:40]proc name: Initialize (/obj/effect/decal/cleanable/oil/Initialize)
[12:18:40]  source file: robots.dm,52
runtime error: 
[12:18:40]Cannot execute null.add reagent().
[12:18:40]proc name: Initialize (/obj/effect/decal/cleanable/oil/Initialize)
[12:18:40]  source file: robots.dm,52
runtime error: 
[12:18:40]Cannot execute null.add reagent().
[12:18:40]proc name: Initialize (/obj/effect/decal/cleanable/oil/Initialize)
[12:18:40]  source file: robots.dm,52
runtime error: 
[12:18:41]Cannot execute null.add reagent().
[12:18:41]proc name: Initialize (/obj/effect/decal/cleanable/oil/Initialize)
[12:18:41]  source file: robots.dm,52
runtime error: 
[12:18:41]Cannot execute null.add reagent().
[12:18:41]proc name: Initialize (/obj/effect/decal/cleanable/oil/Initialize)
[12:18:41]  source file: robots.dm,52
runtime error: 
[12:18:41]Cannot execute null.add reagent().
[12:18:41]proc name: Initialize (/obj/effect/decal/cleanable/oil/Initialize)
[12:18:41]  source file: robots.dm,52
runtime error: 
[12:18:42]Cannot execute null.add reagent().
[12:18:42]proc name: Initialize (/obj/effect/decal/cleanable/oil/Initialize)
[12:18:42]  source file: robots.dm,52
runtime error: 
[12:18:42]Cannot execute null.add reagent().
[12:18:42]proc name: Initialize (/obj/effect/decal/cleanable/oil/Initialize)
[12:18:42]  source file: robots.dm,52
runtime error: 
[12:18:42]Cannot execute null.add reagent().
[12:18:42]proc name: Initialize (/obj/effect/decal/cleanable/oil/Initialize)
[12:18:42]  source file: robots.dm,52
runtime error: 
[12:18:45]Cannot execute null.add reagent().
[12:18:45]proc name: Initialize (/obj/effect/decal/cleanable/oil/Initialize)
[12:18:45]  source file: robots.dm,52
runtime error: 
[12:18:46]Cannot execute null.add reagent().
[12:18:46]proc name: Initialize (/obj/effect/decal/cleanable/oil/Initialize)
[12:18:46]  source file: robots.dm,52
runtime error: 
[12:18:46]Cannot execute null.add reagent().
[12:18:46]proc name: Initialize (/obj/effect/decal/cleanable/oil/Initialize)
[12:18:46]  source file: robots.dm,52
runtime error: 
[12:18:46]Cannot execute null.add reagent().
[12:18:46]proc name: Initialize (/obj/effect/decal/cleanable/oil/Initialize)
[12:18:46]  source file: robots.dm,52
runtime error: 
[12:18:46]Cannot execute null.add reagent().
[12:18:46]proc name: Initialize (/obj/effect/decal/cleanable/oil/Initialize)
[12:18:46]  source file: robots.dm,52
runtime error: 
[12:18:47]Cannot execute null.add reagent().
[12:18:47]proc name: Initialize (/obj/effect/decal/cleanable/oil/Initialize)
[12:18:47]  source file: robots.dm,52
runtime error: 
[12:18:48]Cannot execute null.add reagent().
[12:18:48]proc name: Initialize (/obj/effect/decal/cleanable/oil/Initialize)
[12:18:48]  source file: robots.dm,52
runtime error: 
[12:18:49]Cannot execute null.add reagent().
[12:18:49]proc name: Initialize (/obj/effect/decal/cleanable/oil/Initialize)
[12:18:49]  source file: robots.dm,52
runtime error: 
[12:18:49]Cannot execute null.add reagent().
[12:18:49]proc name: Initialize (/obj/effect/decal/cleanable/oil/Initialize)
[12:18:49]  source file: robots.dm,52
runtime error: 
[12:18:49]Cannot execute null.add reagent().
[12:18:49]proc name: Initialize (/obj/effect/decal/cleanable/oil/Initialize)
[12:18:49]  source file: robots.dm,52
runtime error: 
[12:18:49]Cannot execute null.add reagent().
[12:18:49]proc name: Initialize (/obj/effect/decal/cleanable/oil/Initialize)
[12:18:49]  source file: robots.dm,52
runtime error: 
[12:18:50]Cannot execute null.add reagent().
[12:18:50]proc name: Initialize (/obj/effect/decal/cleanable/oil/Initialize)
[12:18:50]  source file: robots.dm,52
runtime error: 
[12:18:56]Cannot execute null.add reagent().
[12:18:56]proc name: Initialize (/obj/effect/decal/cleanable/oil/Initialize)
[12:18:56]  source file: robots.dm,52
runtime error: 
[12:18:57]Cannot execute null.add reagent().
[12:18:57]proc name: Initialize (/obj/effect/decal/cleanable/oil/Initialize)
[12:18:57]  source file: robots.dm,52
runtime error: 
[12:18:57]Cannot execute null.add reagent().
[12:18:57]proc name: Initialize (/obj/effect/decal/cleanable/oil/Initialize)
[12:18:57]  source file: robots.dm,52
runtime error: 
[12:18:58]Cannot execute null.add reagent().
[12:18:58]proc name: Initialize (/obj/effect/decal/cleanable/ash/Initialize)
[12:18:58]  source file: misc.dm,16
runtime error: 
[12:18:58]Cannot execute null.add reagent().
[12:18:58]proc name: Initialize (/obj/effect/decal/cleanable/oil/Initialize)
[12:18:58]  source file: robots.dm,52
runtime error: 
[12:18:58]Cannot execute null.add reagent().
[12:18:58]proc name: Initialize (/obj/effect/decal/cleanable/oil/Initialize)
[12:18:58]  source file: robots.dm,52
runtime error: 
[12:18:58]Cannot execute null.add reagent().
[12:18:58]proc name: Initialize (/obj/effect/decal/cleanable/oil/Initialize)
[12:18:58]  source file: robots.dm,52
runtime error: 
[12:18:58]Cannot execute null.add reagent().
[12:18:58]proc name: Initialize (/obj/effect/decal/cleanable/oil/Initialize)
[12:18:58]  source file: robots.dm,52
runtime error: 
[12:18:59]Cannot execute null.add reagent().
[12:18:59]proc name: Initialize (/obj/effect/decal/cleanable/oil/Initialize)
[12:18:59]  source file: robots.dm,52
runtime error: 
[12:18:59]Cannot execute null.add reagent().
[12:18:59]proc name: Initialize (/obj/effect/decal/cleanable/oil/Initialize)
[12:18:59]  source file: robots.dm,52
runtime error: 
[12:18:59]Cannot execute null.add reagent().
[12:18:59]proc name: Initialize (/obj/effect/decal/cleanable/oil/Initialize)
[12:18:59]  source file: robots.dm,52
runtime error: 
[12:18:59]Cannot execute null.add reagent().
[12:18:59]proc name: Initialize (/obj/effect/decal/cleanable/oil/Initialize)
[12:18:59]  source file: robots.dm,52
runtime error: 
[12:18:59]Cannot execute null.add reagent().
[12:18:59]proc name: Initialize (/obj/effect/decal/cleanable/oil/Initialize)
[12:18:59]  source file: robots.dm,52
runtime error: 
[12:18:59]Cannot execute null.add reagent().
[12:18:59]proc name: Initialize (/obj/effect/decal/cleanable/oil/Initialize)
[12:18:59]  source file: robots.dm,52
runtime error: 
[12:18:59]Cannot execute null.add reagent().
[12:18:59]proc name: Initialize (/obj/effect/decal/cleanable/blood/gibs/Initialize)
[12:18:59]  source file: humans.dm,57
runtime error: 
[12:18:59]Cannot execute null.add reagent().
[12:18:59]proc name: Initialize (/obj/effect/decal/cleanable/blood/gibs/Initialize)
[12:18:59]  source file: humans.dm,57
runtime error: 
[12:18:59]Cannot execute null.add reagent().
[12:18:59]proc name: Initialize (/obj/effect/decal/cleanable/blood/gibs/Initialize)
[12:18:59]  source file: humans.dm,57
runtime error: 
[12:18:59]Cannot execute null.add reagent().
[12:18:59]proc name: Initialize (/obj/effect/decal/cleanable/blood/gibs/Initialize)
[12:18:59]  source file: humans.dm,57
runtime error: 
[12:18:59]Cannot execute null.add reagent().
[12:18:59]proc name: Initialize (/obj/effect/decal/cleanable/blood/gibs/Initialize)
[12:18:59]  source file: humans.dm,57
runtime error: 
[12:18:59]Cannot execute null.add reagent().
[12:18:59]proc name: Initialize (/obj/effect/decal/cleanable/blood/gibs/Initialize)
[12:18:59]  source file: humans.dm,57
runtime error: 
[12:18:59]Cannot execute null.add reagent().
[12:18:59]proc name: Initialize (/obj/effect/decal/cleanable/blood/gibs/Initialize)
[12:18:59]  source file: humans.dm,57
runtime error: 
[12:19:00]Cannot execute null.add reagent().
[12:19:00]proc name: Initialize (/obj/effect/decal/cleanable/blood/gibs/Initialize)
[12:19:00]  source file: humans.dm,57
runtime error: 
[12:19:00]Cannot execute null.add reagent().
[12:19:00]proc name: Initialize (/obj/effect/decal/cleanable/blood/gibs/Initialize)
[12:19:00]  source file: humans.dm,57
runtime error: 
[12:19:00]Cannot execute null.add reagent().
[12:19:00]proc name: Initialize (/obj/effect/decal/cleanable/blood/gibs/Initialize)
[12:19:00]  source file: humans.dm,57
runtime error: 
[12:19:00]Cannot execute null.add reagent().
[12:19:00]proc name: Initialize (/obj/effect/decal/cleanable/blood/gibs/Initialize)
[12:19:00]  source file: humans.dm,57
runtime error: 
[12:19:00]Cannot execute null.add reagent().
[12:19:00]proc name: Initialize (/obj/effect/decal/cleanable/blood/gibs/Initialize)
[12:19:00]  source file: humans.dm,57
runtime error: 
[12:19:00]Cannot execute null.add reagent().
[12:19:00]proc name: Initialize (/obj/effect/decal/cleanable/blood/gibs/Initialize)
[12:19:00]  source file: humans.dm,57
runtime error: 
[12:19:00]Cannot execute null.add reagent().
[12:19:00]proc name: Initialize (/obj/effect/decal/cleanable/blood/gibs/Initialize)
[12:19:00]  source file: humans.dm,57
runtime error: 
[12:19:00]Cannot execute null.add reagent().
[12:19:00]proc name: Initialize (/obj/effect/decal/cleanable/blood/gibs/Initialize)
[12:19:00]  source file: humans.dm,57
runtime error: 
[12:19:00]Cannot execute null.add reagent().
[12:19:00]proc name: Initialize (/obj/effect/decal/cleanable/blood/gibs/Initialize)
[12:19:00]  source file: humans.dm,57
runtime error: 
[12:19:00]Cannot execute null.add reagent().
[12:19:00]proc name: Initialize (/obj/effect/decal/cleanable/blood/gibs/Initialize)
[12:19:00]  source file: humans.dm,57
runtime error: 
[12:19:00]Cannot execute null.add reagent().
[12:19:00]proc name: Initialize (/obj/effect/decal/cleanable/blood/gibs/Initialize)
[12:19:00]  source file: humans.dm,57
runtime error: 
[12:19:00]Cannot execute null.add reagent().
[12:19:00]proc name: Initialize (/obj/effect/decal/cleanable/blood/gibs/Initialize)
[12:19:00]  source file: humans.dm,57
runtime error: 
[12:19:01]Cannot execute null.add reagent().
[12:19:01]proc name: Initialize (/obj/effect/decal/cleanable/blood/gibs/Initialize)
[12:19:01]  source file: humans.dm,57
runtime error: 
[12:19:01]Cannot execute null.add reagent().
[12:19:01]proc name: Initialize (/obj/effect/decal/cleanable/blood/gibs/Initialize)
[12:19:01]  source file: humans.dm,57
runtime error: 
[12:19:01]Cannot execute null.add reagent().
[12:19:01]proc name: Initialize (/obj/effect/decal/cleanable/blood/gibs/Initialize)
[12:19:01]  source file: humans.dm,57
runtime error: 
[12:19:01]Cannot execute null.add reagent().
[12:19:01]proc name: Initialize (/obj/effect/decal/cleanable/blood/gibs/Initialize)
[12:19:01]  source file: humans.dm,57
runtime error: 
[12:19:01]Cannot execute null.add reagent().
[12:19:01]proc name: Initialize (/obj/effect/decal/cleanable/blood/gibs/Initialize)
[12:19:01]  source file: humans.dm,57
runtime error: 
[12:19:01]Cannot execute null.add reagent().
[12:19:01]proc name: Initialize (/obj/effect/decal/cleanable/blood/gibs/Initialize)
[12:19:01]  source file: humans.dm,57
runtime error: 
[12:19:01]Cannot execute null.add reagent().
[12:19:01]proc name: Initialize (/obj/effect/decal/cleanable/blood/gibs/Initialize)
[12:19:01]  source file: humans.dm,57
runtime error: 
[12:19:01]Cannot execute null.add reagent().
[12:19:01]proc name: Initialize (/obj/effect/decal/cleanable/blood/gibs/Initialize)
[12:19:01]  source file: humans.dm,57
runtime error: 
[12:19:01]Cannot execute null.add reagent().
[12:19:01]proc name: Initialize (/obj/effect/decal/cleanable/blood/gibs/Initialize)
[12:19:01]  source file: humans.dm,57
runtime error: 
[12:19:01]Cannot execute null.add reagent().
[12:19:01]proc name: Initialize (/obj/effect/decal/cleanable/blood/gibs/Initialize)
[12:19:01]  source file: humans.dm,57
runtime error: 
[12:19:01]Cannot execute null.add reagent().
[12:19:01]proc name: Initialize (/obj/effect/decal/cleanable/blood/gibs/Initialize)
[12:19:01]  source file: humans.dm,57
runtime error: 
[12:19:01]Cannot execute null.add reagent().
[12:19:01]proc name: Initialize (/obj/effect/decal/cleanable/blood/gibs/Initialize)
[12:19:01]  source file: humans.dm,57
runtime error: 
[12:19:01]Cannot execute null.add reagent().
[12:19:01]proc name: Initialize (/obj/effect/decal/cleanable/blood/gibs/Initialize)
[12:19:01]  source file: humans.dm,57
runtime error: 
[12:19:01]Cannot execute null.add reagent().
[12:19:01]proc name: Initialize (/obj/effect/decal/cleanable/blood/gibs/Initialize)
[12:19:01]  source file: humans.dm,57
runtime error: 
[12:19:01]Cannot execute null.add reagent().
[12:19:01]Warning: further proc crash messages are being suppressed to prevent overload...
runtime error: 
[12:19:01]Cannot execute null.add reagent().
runtime error: 
[12:19:01]Cannot execute null.add reagent().
runtime error: 
[12:19:02]Cannot execute null.add reagent().
runtime error: 
[12:19:02]Cannot execute null.add reagent().
runtime error: 
[12:19:02]Cannot execute null.add reagent().
runtime error: 
[12:19:02]Cannot execute null.add reagent().
runtime error: 
[12:19:02]Cannot execute null.add reagent().
runtime error: 
[12:19:02]Cannot execute null.add reagent().
runtime error: 
[12:19:02]Cannot execute null.add reagent().
runtime error: 
[12:19:04]undefined proc or verb /obj/effect/particle_effect/sparks/remove overlay().

runtime error: 
[12:19:04]undefined proc or verb /obj/effect/particle_effect/sparks/remove overlay().

runtime error: 
[12:19:05]undefined proc or verb /obj/effect/particle_effect/sparks/remove overlay().

runtime error: 
[12:19:05]undefined proc or verb /obj/effect/particle_effect/sparks/remove overlay().

runtime error: 
[12:19:07]undefined proc or verb /obj/effect/particle_effect/sparks/remove overlay().

runtime error: 
[12:19:08]undefined proc or verb /obj/item/rupee/remove overlay().

runtime error: 
[12:19:09]undefined proc or verb /obj/item/rupee/remove overlay().

runtime error: 
[12:19:09]undefined proc or verb /obj/item/rupee/remove overlay().

runtime error: 
[12:19:09]undefined proc or verb /obj/structure/signpost/salvation/remove overlay().

runtime error: 
[12:19:09]undefined proc or verb /obj/item/rupee/remove overlay().

runtime error: 
[12:19:10]undefined proc or verb /obj/item/rupee/remove overlay().

runtime error: 
[12:19:10]undefined proc or verb /obj/item/rupee/remove overlay().

runtime error: 
[12:19:10]undefined proc or verb /obj/item/rupee/remove overlay().

runtime error: 
[12:19:10]undefined proc or verb /obj/item/rupee/remove overlay().

runtime error: 
[12:19:10]undefined proc or verb /obj/item/rupee/remove overlay().

runtime error: 
[12:19:10]undefined proc or verb /obj/effect/landmark/error/remove overlay().

runtime error: 
[12:19:10]undefined proc or verb /obj/item/rupee/remove overlay().

runtime error: 
[12:19:10]undefined proc or verb /obj/item/rupee/remove overlay().

runtime error: 
[12:19:14]undefined proc or verb /obj/item/rupee/remove overlay().

runtime error: 
[12:19:14]undefined proc or verb /obj/item/rupee/remove overlay().

runtime error: 
[12:19:14]undefined proc or verb /obj/item/rupee/remove overlay().

runtime error: 
[12:19:14]undefined proc or verb /obj/item/rupee/remove overlay().

runtime error: 
[12:19:14]undefined proc or verb /obj/item/rupee/remove overlay().

runtime error: 
[12:19:14]undefined proc or verb /obj/item/rupee/remove overlay().

runtime error: 
[12:19:14]undefined proc or verb /obj/item/rupee/remove overlay().

runtime error: 
[12:19:14]undefined proc or verb /obj/item/rupee/remove overlay().

runtime error: 
[12:19:15]undefined proc or verb /obj/item/rupee/remove overlay().

runtime error: 
[12:19:15]undefined proc or verb /obj/item/rupee/remove overlay().

runtime error: 
[12:19:15]undefined proc or verb /obj/item/rupee/remove overlay().

runtime error: 
[12:19:15]undefined proc or verb /obj/item/rupee/remove overlay().

runtime error: 
[12:19:15]undefined proc or verb /obj/item/rupee/remove overlay().

runtime error: 
[12:19:15]undefined proc or verb /obj/item/rupee/remove overlay().

runtime error: 
[12:19:15]undefined proc or verb /obj/item/rupee/remove overlay().

runtime error: 
[12:19:15]undefined proc or verb /obj/item/rupee/remove overlay().

runtime error: 
[12:19:15]undefined proc or verb /obj/item/rupee/remove overlay().

runtime error: 
[12:19:15]undefined proc or verb /obj/item/rupee/remove overlay().

runtime error: 
[12:19:15]undefined proc or verb /obj/item/rupee/remove overlay().

runtime error: 
[12:19:15]undefined proc or verb /obj/item/rupee/remove overlay().

runtime error: 
[12:19:15]undefined proc or verb /obj/item/rupee/remove overlay().

runtime error: 
[12:19:15]undefined proc or verb /obj/item/rupee/remove overlay().

runtime error: 
[12:19:15]undefined proc or verb /obj/item/rupee/remove overlay().

runtime error: 
[12:19:15]undefined proc or verb /obj/item/rupee/remove overlay().

runtime error: 
[12:19:15]undefined proc or verb /obj/item/rupee/remove overlay().

runtime error: 
[12:19:15]undefined proc or verb /obj/item/rupee/remove overlay().

runtime error: 
[12:19:16]undefined proc or verb /obj/item/rupee/remove overlay().

runtime error: 
[12:19:16]undefined proc or verb /obj/item/rupee/remove overlay().

runtime error: 
[12:19:16]undefined proc or verb /obj/item/rupee/remove overlay().

runtime error: 
[12:19:16]undefined proc or verb /obj/item/rupee/remove overlay().

runtime error: 
[12:19:16]undefined proc or verb /obj/item/rupee/remove overlay().

runtime error: 
[12:19:16]undefined proc or verb /obj/item/rupee/remove overlay().

runtime error: 
[12:19:16]undefined proc or verb /obj/item/rupee/remove overlay().

runtime error: 
[12:19:22]Cannot execute null.add reagent().
runtime error: 
[12:19:22]Cannot execute null.add reagent().
runtime error: 
[12:19:22]Cannot execute null.add reagent().
runtime error: 
[12:19:23]Cannot execute null.add reagent().
Initialized 899947 atoms
Initialized Atoms subsystem within 119.4 seconds!
Initialized Language subsystem within 0 seconds!
Initialized Machines subsystem within 1.1 seconds!
Initialized Circuit subsystem within 0.1 seconds!
Initialized Weather subsystem within 0 seconds!
