

Starting up round ID . 17:28:57
---------------------
[17:28:57]ADMIN: Loading Banlist
[17:28:58]GAME: Saved mode is 'extended'
[17:28:59]ACCESS: Login: AlcaroIsAFrick from 127.0.0.1-1817465521 || BYOND v511
[17:28:59]ACCESS: Mob Login: AlcaroIsAFrick/(AlcaroIsAFrick) was assigned to a /mob/dead/new_player
[17:29:38]GAME: Hierophant's Arena loaded at at 134,75,5
[17:29:38]GAME: Ruin of Gluttony loaded at at 105,144,5
[17:29:39]GAME: Syndicate Lava Base loaded at at 127,161,5
[17:29:39]GAME: Xenomorph Nest loaded at at 158,64,5
[17:29:39]GAME: Ruin of Pride loaded at at 194,190,5
[17:29:39]GAME: Aesthetic Outpost loaded at at 124,215,3
[17:29:40]GAME: Gondoland loaded at at 88,195,7
[17:29:41]GAME: Derelict Tradepost loaded at at 124,43,10
[17:29:42]GAME: Crashed Ship loaded at at 56,60,7
[17:29:42]GAME: Derelict 5 loaded at at 78,131,11
[17:29:42]GAME: Asteroid 5 loaded at at 63,142,8
[17:29:42]GAME: Syndicate Ambush loaded at at 93,136,9
[17:29:42]GAME: Salvation loaded at at 149,195,8
[17:29:42]GAME: Derelict 6 loaded at at 189,174,7
[17:29:44]GAME: Kosmicheskaya Stantsiya 13 loaded at at 125,58,11
[17:29:44]GAME: Asteroid 4 loaded at at 117,194,9
[17:29:44]GAME: Derelict 1 loaded at at 159,57,8
[17:29:44]GAME: CF Corsair loaded at at 169,34,11
[17:29:44]GAME: Crashed Clown Ship loaded at at 29,201,11
[17:29:44]GAME: Ordinary Space Tile loaded at at 113,198,9
[17:29:44]GAME: Dinner for Two loaded at at 28,59,11
[17:32:29]GAME: *null* has triggered a gibtonite deposit reaction at Lavaland Wastes (<a href='?_src_=holder;admin_token=313615072530103910141002685463104349;adminplayerobservecoodjump=1;X=119;Y=170;Z=5'>JMP</a>).
[17:32:29]GAME: Explosion with size (0, 1, 5, 0) in area Unexplored Location (145,173,9)
[17:32:29]GAME: Explosion with size (0, 1, 5, 0) in area Unexplored Location (145,172,9)
[17:32:30]EMOTE: *no key*/(monkey (900)) : <b>The monkey (900)</b> rolls. (167,79,2)
[17:32:32]EMOTE: *no key*/(Pegwing) : <b>Pegwing</b> turns and flies towards the gold coin. (154,175,9)
[17:32:32]SAY: Officer Beepsky/ : Engaging patrol mode. (193,130,2)
[17:32:32]SAY: Prison Ofitser/ : Engaging patrol mode. (23,36,5)
[17:32:32]SAY: Prison Ofitser/ : Disengaging patrol mode. (23,36,5)
[17:32:38]EMOTE: *no key*/(mouse) : <b>The mouse</b> shakes. (110,121,2)
[17:32:38]EMOTE: *no key*/(Runtime) : <b>Runtime</b> grooms its fur. (173,79,2)
[17:32:40]EMOTE: *no key*/(mouse) : <b>The mouse</b> squeeks. (126,174,2)
[17:32:43]SAY: mouse/ : Squeek? (117,179,2)
[17:33:01]EMOTE: *no key*/(monkey (549)) : <b>The monkey (549)</b> rolls. (191,58,2)
[17:33:03]EMOTE: *no key*/(Runtime) : <b>Runtime</b> shakes out its coat. (173,79,2)
[17:33:03]EMOTE: *no key*/(mouse) : <b>The mouse</b> squeeks. (120,158,2)
[17:33:07]EMOTE: *no key*/(Runtime) : <b>Runtime</b> twitches its whiskers. (173,79,2)
[17:33:12]EMOTE: *no key*/(Citrus) : <b>Citrus</b> dozes off. (178,161,2)
[17:33:14]SAY: Renault/ : Geckers (158,133,2)
[17:33:18]EMOTE: *no key*/(monkey (503)) : <b>The monkey (503)</b> jumps! (160,183,5)
[17:33:18]EMOTE: *no key*/(grey baby slime (658)) : <b>The grey baby slime (658)</b> vibrates! (110,103,2)
[17:33:20]EMOTE: *no key*/(monkey (60)) : <b>The monkey (60)</b> waves her tail. (157,179,5)
[17:33:22]SAY: Medibot/ : There&#39;s always a catch, and I&#39;m the best there is. (154,73,1)
[17:33:28]SAY: Poly/ : Twice the calories for half the price! (89,130,2)
[17:33:45]EMOTE: *no key*/(monkey (423)) : <b>The monkey (423)</b> rolls. (144,166,5)
[17:33:53]ACCESS: Logout: AlcaroIsAFrick/(AlcaroIsAFrick)
[17:33:56]ACCESS: Login: AlcaroIsAFrick from 127.0.0.1-1817465521 || BYOND v511
[17:33:56]ACCESS: Mob Login: AlcaroIsAFrick/(AlcaroIsAFrick) was assigned to a /mob/dead/new_player
[17:34:04]SAY: Renault/ : Ack-Ack (159,133,2)
[17:34:05]ACCESS: Mob Login: AlcaroIsAFrick/(Lazy Game Developer) was assigned to a /mob/living/carbon/human
[17:34:08]SAY: Renault/ : Ack-Ack-Ack-Ackawoooo (159,133,2)
[17:34:10]EMOTE: *no key*/(pug) : <b>Swanson</b> shivers. (112,82,2)
[17:34:15]SAY: Pegwing/ : Hello! (146,172,9)
[17:34:27]EMOTE: *no key*/(mouse) : <b>The mouse</b> shakes. (126,60,2)
[17:34:33]EMOTE: *no key*/(Runtime) : <b>Runtime</b> shakes its head (175,81,2)
[17:34:33]EMOTE: *no key*/(Poly) : <b>Poly</b> turns and flies towards the clipboard. (89,133,2)
[17:34:36]SAY: Medibot/ : What kind of medbay is this? Everyone&#39;s dropping like flies. (154,73,1)
[17:34:40]SAY: Runtime/ : Esp! (175,82,2)
[17:34:43]EMOTE: *no key*/(monkey (8)) : <b>The monkey (8)</b> rolls. (144,166,5)
[17:34:55]EMOTE: *no key*/(grey baby slime (606)) : <b>The grey baby slime (606)</b> bounces in place. (116,91,2)
[17:35:00]EMOTE: *no key*/(Pegwing) : <b>Pegwing</b> stops moving... (147,175,9)
[17:35:06]EMOTE: *no key*/(Runtime) : <b>Runtime</b> sits down. (176,81,2)
[17:35:11]SAY: Medibot/ : Delicious! (155,73,1)
[17:35:11]SAY: Poly/ : Breaking news from Station Announcements! (87,131,2)
[17:35:15]EMOTE: *no key*/(mouse) : <b>The mouse</b> shakes. (117,178,2)
[17:35:22]EMOTE: *no key*/(monkey (674)) : <b>The monkey (674)</b> jumps! (167,82,2)
[17:35:25]EMOTE: *no key*/(pug) : <b>Swanson</b> shivers. (113,82,2)
[17:35:29]SAY: emergency medibot/ : There&#39;s always a catch, and I&#39;m the best there is. (222,84,1)
[17:35:30]EMOTE: *no key*/(monkey (549)) : <b>The monkey (549)</b> waves his tail. (193,59,2)
[17:35:31]EMOTE: *no key*/(Poly) : <b>Poly</b> flutters its wings. (87,131,2)
[17:35:32]EMOTE: *no key*/(Travis VI) : <b>Travis VI</b> rolls. (147,151,2)
[17:35:39]EMOTE: *no key*/(Poly) : <b>Poly</b> looks in the BreatheDeep cartridge's direction and takes flight. (87,131,2)
[17:35:40]EMOTE: *no key*/(pug) : <b>Swanson</b> chases its tail. (113,81,2)
[17:36:06]SAY: Medibot/ : Delicious! (154,73,1)
[17:36:06]EMOTE: *no key*/(Citrus) : <b>Citrus</b> snores. (178,159,2)
[17:36:18]SAY: mouse/ : Squeek! (114,179,2)
[17:36:22]EMOTE: *no key*/(mouse) : <b>The mouse</b> runs in a circle. (126,63,2)
[17:36:25]EMOTE: *no key*/(grey baby slime (941)) : <b>The grey baby slime (941)</b> bounces in place. (119,101,2)
[17:36:34]EMOTE: *no key*/(mouse) : <b>The mouse</b> squeeks. (203,165,2)
[17:36:36]EMOTE: *no key*/(mouse) : <b>The mouse</b> squeeks. (95,99,2)
[17:36:36]EMOTE: *no key*/(Poly) : <b>Poly</b> looks in the BreatheDeep cartridge's direction and takes flight. (87,131,2)
[17:36:39]EMOTE: *no key*/(monkey (60)) : <b>The monkey (60)</b> waves her tail. (157,179,5)
[17:36:46]EMOTE: *no key*/(Citrus) : <b>Citrus</b> dozes off. (178,159,2)
[17:36:46]SAY: emergency medibot/ : What kind of medbay is this? Everyone&#39;s dropping like flies. (222,84,1)
[17:36:49]GAME: AlcaroIsAFrick/(Lazy Game Developer) planted C4 on shuttle window at (152,204,2) with 10 second fuse
[17:36:51]EMOTE: *no key*/(monkey (483)) : <b>The monkey (483)</b> jumps! (159,179,5)
[17:36:52]SAY: emergency medibot/ : Radar, put a mask on! (222,84,1)
[17:36:59]GAME: Explosion with size (0, 0, 3, 0) in area Arrival Shuttle (152,204,2)
[17:37:01]EMOTE: *no key*/(Runtime) : <b>Runtime</b> sits down. (176,81,2)
[17:37:01]EMOTE: *no key*/(grey baby slime (606)) : <b>The grey baby slime (606)</b> vibrates! (116,91,2)
[17:37:06]EMOTE: *no key*/(Renault) : <b>Renault</b> barks. (159,134,2)
[17:37:07]GAME: Random Event triggering: Minor Space Dust (/datum/round_event/space_dust)
[17:37:10]EMOTE: *no key*/(mouse) : <b>The mouse</b> squeeks. (94,112,2)
[17:37:11]EMOTE: *no key*/(monkey (900)) : <b>The monkey (900)</b> waves his tail. (167,81,2)
[17:37:14]EMOTE: *no key*/(mouse) : <b>The mouse</b> squeeks. (115,178,2)
[17:37:19]EMOTE: *no key*/(pug) : <b>Swanson</b> chases its tail. (112,82,2)
[17:37:20]SAY: mouse/ : Squeek? (114,178,2)
[17:37:27]EMOTE: *no key*/(monkey (503)) : <b>The monkey (503)</b> scratches. (159,183,5)
[17:37:27]EMOTE: *no key*/(Runtime) : <b>Runtime</b> wags its tail. (176,81,2)
[17:37:33]EMOTE: *no key*/(Runtime) : <b>Runtime</b> gets up and meows. (176,81,2)
[17:37:37]EMOTE: *no key*/(Runtime) : <b>Runtime</b> sits down. (177,81,2)
[17:37:38]SAY: mouse/ : Squeek? (111,50,2)
[17:37:46]SAY: Ian/ : AUUUUUU (140,120,2)
[17:37:51]EMOTE: *no key*/(Poly) : <b>Poly</b> looks in the BreatheDeep cartridge's direction and takes flight. (87,131,2)
[17:37:51]EMOTE: *no key*/(grey baby slime (606)) : <b>The grey baby slime (606)</b> jiggles! (116,92,2)
[17:37:53]SAY: mouse/ : Squeek? (207,171,2)
[17:37:53]EMOTE: *no key*/(Runtime) : <b>Runtime</b> stops resting. (177,81,2)
[17:37:59]EMOTE: *no key*/(Poly) : <b>Poly</b> flutters its wings. (87,131,2)
[17:38:01]SAY: Swanson/ : AUUUUUU (112,81,2)
[17:38:11]EMOTE: *no key*/(monkey (674)) : <b>The monkey (674)</b> scratches. (167,82,2)
[17:38:17]EMOTE: *no key*/(monkey (156)) : <b>The monkey (156)</b> jumps! (195,59,2)
[17:38:17]SAY: Ian/ : Woof! (140,121,2)
[17:38:21]EMOTE: *no key*/(Runtime) : <b>Runtime</b> shivers (177,82,2)
[17:38:23]EMOTE: *no key*/(Runtime) : <b>Runtime</b> crouches on its hind legs. (177,82,2)
[17:38:27]EMOTE: *no key*/(Runtime) : <b>Runtime</b> shivers (177,82,2)
[17:38:29]EMOTE: *no key*/(mouse) : <b>The mouse</b> runs in a circle. (126,58,2)
[17:38:33]EMOTE: *no key*/(mouse) : <b>The mouse</b> runs in a circle. (122,182,2)
[17:38:45]EMOTE: *no key*/(monkey (900)) : <b>The monkey (900)</b> jumps! (167,81,2)
[17:38:45]EMOTE: *no key*/(grey baby slime (941)) : <b>The grey baby slime (941)</b> vibrates! (119,102,2)
[17:38:47]EMOTE: *no key*/(Poly) : <b>Poly</b> looks in the BreatheDeep cartridge's direction and takes flight. (87,131,2)
[17:38:51]SAY: mouse/ : SQUEEK! (110,49,2)
[17:38:57]EMOTE: *no key*/(monkey (900)) : <b>The monkey (900)</b> scratches. (167,81,2)
[17:38:57]EMOTE: *no key*/(grey baby slime (658)) : <b>The grey baby slime (658)</b> jiggles! (111,102,2)
[17:38:59]SAY: mouse/ : SQUEEK! (203,167,2)
[17:39:03]EMOTE: *no key*/(Citrus) : <b>Citrus</b> yawns. (179,161,2)
[17:39:05]EMOTE: *no key*/(monkey (511)) : <b>The monkey (511)</b> rolls. (194,59,2)
[17:39:05]EMOTE: *no key*/(Runtime) : <b>Runtime</b> crouches on its hind legs. (177,82,2)
[17:39:11]EMOTE: *no key*/(monkey (60)) : <b>The monkey (60)</b> waves her tail. (156,179,5)
[17:39:13]SAY: grey baby slime (606)/ : Rawr... (115,91,2)
[17:39:13]EMOTE: *no key*/(Poly) : <b>Poly</b> bawks! (87,131,2)
[17:39:17]SAY: mouse/ : Squeek? (113,178,2)
[17:39:17]GAME: Explosion with size (0, 1, 5, 0) in area Unexplored Location (157,174,9)
[17:39:18]GAME: Explosion with size (0, 1, 5, 0) in area Unexplored Location (157,171,9)
[17:39:19]EMOTE: *no key*/(mouse) : <b>The mouse</b> shakes. (113,178,2)
[17:39:23]SAY: Runtime/ : Meow! (177,82,2)
[17:39:30]EMOTE: *no key*/(mouse) : <b>The mouse</b> squeeks. (131,180,2)
[17:39:42]SAY: Medibot/ : I knew it, I should&#39;ve been a plastic surgeon. (154,73,1)
[17:39:44]EMOTE: *no key*/(Poly) : <b>Poly</b> looks in the chief engineer's rubber stamp's direction and takes flight. (87,131,2)
[17:39:45]EMOTE: *no key*/(monkey (60)) : <b>The monkey (60)</b> jumps! (156,179,5)
[17:39:47]EMOTE: *no key*/(monkey (262)) : <b>The monkey (262)</b> scratches. (167,81,2)
[17:39:54]SAY: Renault/ : Geckers (159,135,2)
[17:40:01]EMOTE: *no key*/(grey baby slime (606)) : <b>The grey baby slime (606)</b> bounces in place. (116,92,2)
[17:40:08]SAY: mouse/ : Squeek? (131,178,2)
[17:40:09]EMOTE: *no key*/(monkey (60)) : <b>The monkey (60)</b> scratches. (157,179,5)
[17:40:10]SAY: Poly/ : Breaking news from Station Announcements! (87,131,2)
[17:40:12]SAY: mouse/ : SQUEEK! (109,51,2)
[17:40:37]EMOTE: *no key*/(grey baby slime (606)) : <b>The grey baby slime (606)</b> lights up for a bit, then stops. (116,92,2)
[17:40:40]EMOTE: *no key*/(Poly) : <b>Poly</b> looks in the chief engineer's rubber stamp's direction and takes flight. (87,131,2)
[17:40:43]EMOTE: *no key*/(monkey (60)) : <b>The monkey (60)</b> rolls. (157,179,5)
[17:40:44]EMOTE: *no key*/(mouse) : <b>The mouse</b> runs in a circle. (114,179,2)
[17:40:47]EMOTE: *no key*/(pug) : <b>Swanson</b> chases its tail. (113,82,2)
[17:40:48]EMOTE: *no key*/(Poly) : <b>Poly</b> bawks! (87,131,2)
[17:40:49]EMOTE: *no key*/(Runtime) : <b>Runtime</b> crouches on its hind legs. (177,82,2)
[17:40:54]EMOTE: *no key*/(Renault) : <b>Renault</b> shakes its head. (162,135,2)
[17:40:55]EMOTE: *no key*/(monkey (503)) : <b>The monkey (503)</b> waves her tail. (160,183,5)
[17:41:08]SAY: mouse/ : Squeek? (95,114,2)
[17:41:18]SAY: Medibot/ : Delicious! (155,73,1)
[17:41:23]EMOTE: *no key*/(monkey (549)) : <b>The monkey (549)</b> rolls. (194,58,2)
[17:41:31]EMOTE: *no key*/(monkey (262)) : <b>The monkey (262)</b> waves his tail. (167,80,2)
[17:41:34]SAY: mouse/ : Squeek! (126,58,2)
[17:41:36]EMOTE: *no key*/(Poly) : <b>Poly</b> looks in the Cohiba Robusto cigar's direction and takes flight. (87,131,2)
[17:41:41]EMOTE: *no key*/(monkey (549)) : <b>The monkey (549)</b> waves his tail. (193,59,2)
[17:41:41]EMOTE: *no key*/(monkey (262)) : <b>The monkey (262)</b> jumps! (167,80,2)
[17:41:49]GAME: Random Event triggering: Minor Space Dust (/datum/round_event/space_dust)
[17:41:55]SAY: Swanson/ : YAP (113,83,2)
[17:41:57]EMOTE: *no key*/(monkey (511)) : <b>The monkey (511)</b> waves his tail. (194,58,2)
[17:42:01]SAY: mouse/ : SQUEEK! (93,117,2)
[17:42:03]EMOTE: *no key*/(monkey (156)) : <b>The monkey (156)</b> waves her tail. (192,58,2)
[17:42:15]EMOTE: *no key*/(mouse) : <b>The mouse</b> runs in a circle. (132,182,2)
[17:42:19]EMOTE: *no key*/(pug) : <b>Swanson</b> woofs! (113,84,2)
[17:42:23]EMOTE: *no key*/(grey baby slime (606)) : <b>The grey baby slime (606)</b> lights up for a bit, then stops. (114,91,2)
[17:42:23]EMOTE: *no key*/(pug) : <b>Swanson</b> woofs! (113,85,2)
[17:42:27]EMOTE: *no key*/(pug) : <b>Swanson</b> chases its tail. (113,85,2)
[17:42:29]EMOTE: *no key*/(monkey (503)) : <b>The monkey (503)</b> waves her tail. (159,183,5)
[17:42:37]EMOTE: *no key*/(monkey (503)) : <b>The monkey (503)</b> scratches. (160,183,5)
[17:42:40]EMOTE: *no key*/(mouse) : <b>The mouse</b> squeeks. (92,119,2)
[17:42:44]EMOTE: *no key*/(mouse) : <b>The mouse</b> shakes. (123,182,2)
[17:42:44]SAY: mouse/ : SQUEEK! (109,51,2)
[17:42:45]EMOTE: *no key*/(monkey (503)) : <b>The monkey (503)</b> scratches. (159,183,5)
[17:42:45]EMOTE: *no key*/(grey baby slime (658)) : <b>The grey baby slime (658)</b> lights up for a bit, then stops. (111,102,2)
[17:42:50]EMOTE: *no key*/(Poly) : <b>Poly</b> looks in the Cohiba Robusto cigar's direction and takes flight. (87,131,2)
[17:42:52]EMOTE: *no key*/(pug) : <b>Swanson</b> pants. (113,85,2)
[17:42:56]ACCESS: Logout: AlcaroIsAFrick/(Lazy Game Developer)
