

Starting up round ID . 15:57:29
---------------------
[15:57:29]ADMIN: Loading Banlist
[15:57:30]GAME: Saved mode is 'sandbox'
[15:58:31]GAME: Hierophant's Arena loaded at at 164,48,5
[15:58:31]GAME: Blood-Drunk Miner (Hunter) loaded at at 211,122,5
[15:58:31]GAME: Ruin of Sloth loaded at at 140,73,5
[15:58:31]GAME: Asteroid 5 loaded at at 254,252,8
[15:59:21]ACCESS: Login: Noober84555 from 127.0.0.1-645371209 || BYOND v511
[15:59:21]ACCESS: Mob Login: Noober84555/(Noober84555) was assigned to a /mob/dead/new_player
[16:00:23]EMOTE: *no key*/(monkey (322)) : <b>The monkey (322)</b> rolls. (160,141,2)
[16:00:26]SAY: Officer Beepsky/ : Engaging patrol mode. (186,190,2)
[16:00:26]SAY: Prison Ofitser/ : Engaging patrol mode. (23,36,5)
[16:00:26]SAY: Prison Ofitser/ : Disengaging patrol mode. (23,36,5)
[16:00:31]ACCESS: Mob Login: Noober84555/(Flamingos Are Superior Race) was assigned to a /mob/living/carbon/human
[16:00:43]EMOTE: *no key*/(Ian) : <b>Ian</b> dances around. (137,182,2)
[16:00:52]ADMIN: Noober84555/(Flamingos Are Superior Race) activated a nuke at (62,307,2).
[16:00:53]EMOTE: *no key*/(Persephone) : <b>Persephone</b> lies down. (167,140,2)
[16:00:57]SAY: mouse/ : SQUEEK! (196,227,2)
[16:00:58]ADMIN: Noober84555/(Flamingos Are Superior Race) activated a nuke at (62,307,2).
[16:00:59]SAY: Poly/ : Poly wanna cracker! (80,190,2)
[16:01:01]ADMIN: Noober84555/(Flamingos Are Superior Race) deactivated a nuke at (62,307,2).
[16:01:05]EMOTE: *no key*/(monkey (394)) : <b>The monkey (394)</b> jumps! (187,119,2)
[16:01:06]ADMIN: Noober84555/(Flamingos Are Superior Race) activated a nuke at (62,307,2).
[16:01:07]EMOTE: *no key*/(monkey (103)) : <b>The monkey (103)</b> jumps! (185,118,2)
[16:01:10]EMOTE: *no key*/(mouse) : <b>The mouse</b> runs in a circle. (200,231,2)
[16:01:14]EMOTE: *no key*/(Citrus) : <b>Citrus</b> snores. (171,219,2)
[16:01:16]EMOTE: *no key*/(grey baby slime (914)) : <b>The grey baby slime (914)</b> bounces in place. (113,163,2)
[16:01:24]EMOTE: *no key*/(monkey (91)) : <b>The monkey (91)</b> waves his tail. (160,142,2)
[16:01:27]EMOTE: *no key*/(Poly) : <b>Poly</b> looks in the BreatheDeep cartridge's direction and takes flight. (80,190,2)
[16:01:29]SAY: Nobody's Perfect/ : I knew it, I should&#39;ve been a plastic surgeon. (24,75,1)
[16:01:32]EMOTE: *no key*/(Persephone) : <b>Persephone</b> sits down. (167,140,2)
[16:01:36]EMOTE: *no key*/(monkey (617)) : <b>The monkey (617)</b> jumps! (160,142,2)
[16:01:37]ADMIN: Noober84555/(Flamingos Are Superior Race) stopped all currently playing sounds.
[16:01:40]EMOTE: *no key*/(monkey (617)) : <b>The monkey (617)</b> jumps! (160,142,2)
[16:01:41]ADMIN: Noober84555/(Flamingos Are Superior Race) played sound escape.ogg
[16:01:43]EMOTE: *no key*/(mouse) : <b>The mouse</b> shakes. (202,230,2)
[16:01:46]ADMIN: Noober84555/(Flamingos Are Superior Race) stopped all currently playing sounds.
[16:01:50]ADMIN: Noober84555/(Flamingos Are Superior Race) activated a nuke at (62,307,2).
[16:01:50]SAY: emergency medibot/ : Radar, put a mask on! (222,84,1)
[16:02:10]GAME: Explosion with size (0, 256, 512, 0) in area DAB Studio (Video Recording) (62,307,2)
[16:02:11]EMOTE: *no key*/(Renault) : <b>Renault</b> howls. (152,194,2)
[16:02:19]EMOTE: *no key*/(Persephone) : <b>Persephone</b> walks around. (167,140,2)
[16:02:19]GAME: SMES deleted at DAB Studio (Video Recording)(72,275,2)
[16:02:19]GAME: SMES deleted at DAB Studio (Video Recording)(74,275,2)
[16:02:19]GAME: SMES deleted at DAB Studio (Video Recording)(75,275,2)
[16:02:19]GAME: SMES deleted at DAB Studio (Video Recording)(76,275,2)
[16:02:20]GAME: SMES deleted at DAB Studio (Video Recording)(72,272,2)
[16:02:20]GAME: SMES deleted at DAB Studio (Video Recording)(73,272,2)
[16:02:21]GAME: SMES deleted at DAB Studio (Video Recording)(75,272,2)
[16:02:21]GAME: SMES deleted at DAB Studio (Video Recording)(76,272,2)
[16:02:26]EMOTE: *no key*/(Poly) : <b>Poly</b> looks in the BreatheDeep cartridge's direction and takes flight. (80,190,2)
[16:02:28]SAY: emergency medibot/ : Delicious! (222,84,1)
[16:02:31]EMOTE: *no key*/(Pete) : <b>Pete</b> stops moving... (133,215,2)
[16:02:33]GAME: Explosion with size (0, 0, 0, 1) in area Auxiliary Base Construction (159,275,2)
[16:02:41]ACCESS: Mob Login: Noober84555/(Flamingos Are Superior Race) was assigned to a /mob/living/brain
[16:02:42]ACCESS: Mob Login: Noober84555/(Flamingos Are Superior Race) was assigned to a /mob/dead/observer
[16:02:45]GAME: Antagonists at round end were...
[16:03:20]GAME: Flamingos Are Superior Race/Noober84555 used abandon mob.
[16:03:20]ACCESS: Mob Login: Noober84555/(new player) was assigned to a /mob/dead/new_player
[16:03:25]ACCESS: Logout: Noober84555/(new player)
