

Starting up round ID . 16:22:00
---------------------
Noober84555 \ Noober \ cool guys high class \ NONE \ LATEJOIN
Bubberducky D. Ducker \ The Pussyslayer \ Shitcurity \ NONE \ LATEJOIN
BiggiOS \ Mr. Biggi \ Shitcurity \ NONE \ LATEJOIN
Arthurfelipe12 \ Rocky Balboa \ Shitcurity \ NONE \ LATEJOIN
ABystander \ Memes \ cool guys high class \ NONE \ LATEJOIN
Martinextrem \ Eric Dawkins \ cool guys medium class \ NONE \ LATEJOIN
GabrielDoomBR \ Jack Rick \ MASON KILLERS \ NONE \ LATEJOIN
Deranging \ You Touch My Tra La La \ cool guys high class \ NONE \ LATEJOIN
Boba_Fett12 \ Ezekiel Bell \ cool guys high class \ NONE \ LATEJOIN
Noober84555 \ Noober \ cool guys high class \ NONE \ LATEJOIN
Bubberducky D. Ducker \ S O P H I E  \ AI \ NONE \ LATEJOIN
Arthurfelipe12 \ Rocky Balboa \ Shitcurity \ NONE \ LATEJOIN
Bubberducky D. Ducker \ The Pussyslayer \ cool guys low class \ NONE \ LATEJOIN
Jesteroz \ Shzra-zaearn;laek \ cool guys low class \ NONE \ LATEJOIN
GabrielDoomBR \ Jack Rick \ MASON KILLERS \ NONE \ LATEJOIN
Noober84555 \ Noober \ cool guys high class \ NONE \ LATEJOIN
Bubberducky D. Ducker \ The Pussyslayer \ GORDON RAMSAY CHEF \ NONE \ LATEJOIN
B0b_J3ffers0n \ Lia Price \ cool guys high class \ NONE \ LATEJOIN
HentaiSatan \ Boog E. Mann \ cool guys high class \ NONE \ LATEJOIN
deranging \ The last of us was bad \ cool guys high class \ NONE \ LATEJOIN
HentaiSatan \ Boog E. Mann \ cool guys high class \ NONE \ LATEJOIN
Noober84555 \ <div><span style="color:#ff0000;">M</span><span style="color:#ff2a00;">E</span><span style="color:#ff5500;">M</span><span style="color:#ff7f00;">E</span><span style="color:#ffaa00;"> </span><span style="color:#ffd400;">S</span><span style="color:#ffff00;">L</span><span style="color:#80ff00;">A</span><span style="color:#00ff00;">Y</span><span style="color:#00ff55;">E</span><span style="color:#00ffaa;">R</span><span style="color:#00ffff;"> </span><span style="color:#00aaff;">4</span><span style="color:#0055ff;">2</span><span style="color:#0000ff;">0</span></div> \ cool guys high class \ NONE \ LATEJOIN
Martinextrem \ Eric Dawkins \ cool guys high class \ NONE \ LATEJOIN
Martinextrem \ Eric Dawkins \ cool guys high class \ NONE \ LATEJOIN
deranging \ The last of us was bad \ cool guys high class \ NONE \ LATEJOIN
Martinextrem \ Eric Dawkins \ cool guys high class \ NONE \ LATEJOIN
gabrieldoombr \ Jack Rick \ GORDON RAMSAY CHEF \ NONE \ LATEJOIN
deranging \ The last of us was bad \ cool guys high class \ NONE \ LATEJOIN
deranging \ ouchies \ cool guys high class \ NONE \ LATEJOIN
B0b_J3ffers0n \ Lia Price \ MASON KILLERS \ NONE \ LATEJOIN
gabrieldoombr \ Jack Rick \ MASON KILLERS \ NONE \ LATEJOIN
deranging \ ouchies \ cool guys high class \ NONE \ LATEJOIN
Mano123456789 \ Nickolas Leslie \ cool guys medium class \ NONE \ LATEJOIN
B0b_J3ffers0n \ Lia Price \ MASON KILLERS \ NONE \ LATEJOIN
B0b_J3ffers0n \ Lia Price \ cool guys medium class \ NONE \ LATEJOIN
gabrieldoombr \ Jack Rick \ MASON KILLERS \ NONE \ LATEJOIN
gabrieldoombr \ Jack Rick \ MASON KILLERS \ NONE \ LATEJOIN
Mano123456789 \ Nickolas Leslie \ cool guys high class \ NONE \ LATEJOIN
Arthurfelipe12 \ Rocky Balboa \ cool guys low class \ NONE \ LATEJOIN
Arthurfelipe12 \ Dot Matrix \ Cyborg \ NONE \ LATEJOIN
HentaiSatan \ Boog E. Mann \ cool guys high class \ NONE \ LATEJOIN
Martinextrem \ Eric Dawkins \ cool guys high class \ NONE \ LATEJOIN
HentaiSatan \ Boog E. Mann \ cool guys high class \ NONE \ LATEJOIN
Mano123456789 \ Nickolas Leslie \ Shitcurity \ NONE \ LATEJOIN
Zoron1999 \ Janel Hawkins \ cool guys medium class \ NONE \ LATEJOIN
Arthurfelipe12 \ Rocky Balboa \ cool guys high class \ NONE \ LATEJOIN
Martinextrem \ Eric Dawkins \ cool guys high class \ NONE \ LATEJOIN
HentaiSatan \ Boog E. Mann \ cool guys high class \ NONE \ LATEJOIN
Zoron1999 \ Janel Hawkins \ cool guys high class \ NONE \ LATEJOIN
Kutanoid \ AYY LMAO \ cool guys low class \ NONE \ LATEJOIN
