

Starting up round ID . 19:52:29
---------------------
Initialized Blackbox subsystem within 0 seconds!
Initialized Server Tasks subsystem within 0 seconds!
Initialized Events subsystem within 0 seconds!
runtime error: 
[19:52:30]cannot read from list
[19:52:30]proc name: LoadJobs (/datum/controller/subsystem/job/proc/LoadJobs)
[19:52:30]  source file: job.dm,448
[19:52:30]  usr: null
[19:52:30]  src: Jobs (/datum/controller/subsystem/job)
[19:52:30]  call stack:
[19:52:30]Jobs (/datum/controller/subsystem/job): LoadJobs()
[19:52:30]Jobs (/datum/controller/subsystem/job): Initialize(823506)
[19:52:30]Master (/datum/controller/master): Initialize(10, 0)
Initialized Jobs subsystem within 0.1 seconds!
Initialized Ticker subsystem within 0.1 seconds!
Loading Delta Station...
Loaded station in 38.2s!
Ruin "Hierophant's Arena" placed at (127, 111, 5)
Ruin "Ruin of Gluttony" placed at (92, 98, 5)
Ruin "Ruin of Pride" placed at (157, 45, 5)
Ruin "Ripley" placed at (133, 28, 5)
Ruin "Survival Capsule Ruins" placed at (168, 159, 5)
Ruin "Blood-Drunk Miner" placed at (112, 177, 5)
Ruin "Biodome Beach" placed at (77, 125, 5)
Ruin "The Wishgranter Cube" placed at (70, 174, 5)
Ruin "Ruin of Sloth" placed at (126, 197, 5)
Ruin "Makeshift Shelter" placed at (144, 63, 5)
runtime error: 
[19:53:15]Cannot execute /datum/plant_gene/trait/glow (/datum/plant_gene/trait/glow).glow range().
[19:53:15]proc name: New (/obj/structure/glowshroom/New)
[19:53:15]  source file: glowshroom.dm,63
[19:53:15]  usr: null
[19:53:15]  src: the glowshroom (/obj/structure/glowshroom/single)
[19:53:15]  src.loc: the plating (143,63,5) (/turf/open/floor/plating)
[19:53:15]  call stack:
[19:53:15]the glowshroom (/obj/structure/glowshroom/single): New(the plating (143,63,5) (/turf/open/floor/plating), null, null)
[19:53:15]/dmm_suite (/dmm_suite): create atom(/obj/structure/glowshroom/sing... (/obj/structure/glowshroom/single), the plating (143,63,5) (/turf/open/floor/plating))
[19:53:15]/dmm_suite (/dmm_suite): instance atom(/obj/structure/glowshroom/sing... (/obj/structure/glowshroom/single), /list (/list), the plating (143,63,5) (/turf/open/floor/plating), 1)
[19:53:15]/dmm_suite (/dmm_suite): parse grid("\n/obj/structure/glowshroom/si...", "q", 143, 63, 5, 1)
[19:53:15]/dmm_suite (/dmm_suite): load map impl(_maps/RandomRuins/LavaRuins/la..., 136, 55, 5, 1, null, 1, -1e+031, 1e+031, -1e+031, 1e+031)
[19:53:15]/dmm_suite (/dmm_suite): load map(_maps/RandomRuins/LavaRuins/la..., 136, 55, 5, 1, null, 1, null, null, null, null)
[19:53:15]Makeshift Shelter (/datum/map_template/ruin/lavaland/hermit): load(the volcanic floor (136,55,5) (/turf/open/floor/plating/asteroid/basalt/lava_land_surface), 1)
[19:53:15]the random ruin (/obj/effect/ruin_loader): Load(/list (/list), Makeshift Shelter (/datum/map_template/ruin/lavaland/hermit))
[19:53:15]seedRuins(/list (/list), 15, /area/lavaland/surface/outdoor... (/area/lavaland/surface/outdoors/unexplored), /list (/list))
[19:53:15]Mapping (/datum/controller/subsystem/mapping): Initialize(823508)
[19:53:15]Master (/datum/controller/master): Initialize(10, 0)
runtime error: 
[19:53:15]Cannot execute /datum/plant_gene/trait/glow (/datum/plant_gene/trait/glow).glow range().
[19:53:15]proc name: New (/obj/structure/glowshroom/New)
[19:53:15]  source file: glowshroom.dm,63
[19:53:15]  usr: null
[19:53:15]  src: the glowshroom (/obj/structure/glowshroom/single)
[19:53:15]  src.loc: the dirt (147,67,5) (/turf/open/floor/plating/asteroid)
[19:53:15]  call stack:
[19:53:15]the glowshroom (/obj/structure/glowshroom/single): New(the dirt (147,67,5) (/turf/open/floor/plating/asteroid), null, null)
[19:53:15]/dmm_suite (/dmm_suite): create atom(/obj/structure/glowshroom/sing... (/obj/structure/glowshroom/single), the dirt (147,67,5) (/turf/open/floor/plating/asteroid))
[19:53:15]/dmm_suite (/dmm_suite): instance atom(/obj/structure/glowshroom/sing... (/obj/structure/glowshroom/single), /list (/list), the dirt (147,67,5) (/turf/open/floor/plating/asteroid), 1)
[19:53:15]/dmm_suite (/dmm_suite): parse grid("\n/obj/structure/glowshroom/si...", "k", 147, 67, 5, 1)
[19:53:15]/dmm_suite (/dmm_suite): load map impl(_maps/RandomRuins/LavaRuins/la..., 136, 55, 5, 1, null, 1, -1e+031, 1e+031, -1e+031, 1e+031)
[19:53:15]/dmm_suite (/dmm_suite): load map(_maps/RandomRuins/LavaRuins/la..., 136, 55, 5, 1, null, 1, null, null, null, null)
[19:53:15]Makeshift Shelter (/datum/map_template/ruin/lavaland/hermit): load(the volcanic floor (136,55,5) (/turf/open/floor/plating/asteroid/basalt/lava_land_surface), 1)
[19:53:15]the random ruin (/obj/effect/ruin_loader): Load(/list (/list), Makeshift Shelter (/datum/map_template/ruin/lavaland/hermit))
[19:53:15]seedRuins(/list (/list), 15, /area/lavaland/surface/outdoor... (/area/lavaland/surface/outdoors/unexplored), /list (/list))
[19:53:15]Mapping (/datum/controller/subsystem/mapping): Initialize(823508)
[19:53:15]Master (/datum/controller/master): Initialize(10, 0)
Ruin "Biodome Clown Planet" placed at (130, 143, 5)
Ruin "Ordinary Space Tile" placed at (224, 37, 8)
Ruin "Unnamed Turreted Outpost" placed at (212, 156, 7)
Ruin "Syndicate Listening Station" placed at (151, 76, 7)
Ruin "Crashed Ship" placed at (89, 106, 3)
Ruin "Crashed Clown Ship" placed at (76, 216, 9)
Ruin "Asteroid 4" placed at (128, 164, 7)
Ruin "Derelict 4" placed at (64, 201, 7)
Ruin "Aesthetic Outpost" placed at (152, 77, 10)
Ruin "Dinner for Two" placed at (100, 175, 10)
Ruin "Empty Shell" placed at (121, 118, 10)
Ruin "Survivalist Bunker" placed at (160, 169, 4)
Ruin "Strange Ship" placed at (219, 168, 8)
Ruin "DK Excavator 453" placed at (116, 199, 11)
Ruin "Detached Teleporter" placed at (146, 162, 10)
Ruin "Asteroid 2" placed at (149, 101, 10)
Ruin "A Giant Ball of Paper in Space" placed at (141, 93, 11)
Initialized Mapping subsystem within 48 seconds!
runtime error: 
[19:53:20]Cannot execute null.add reagent().
[19:53:20]proc name: Initialize (/obj/effect/decal/cleanable/blood/gibs/Initialize)
[19:53:20]  source file: humans.dm,57
[19:53:20]  usr: null
[19:53:20]  src: the gibs (/obj/effect/decal/cleanable/blood/gibs/body)
[19:53:20]  src.loc: null
[19:53:20]  call stack:
[19:53:20]the gibs (/obj/effect/decal/cleanable/blood/gibs/body): Initialize(1, null)
[19:53:20]Atoms (/datum/controller/subsystem/atoms): InitAtom(the gibs (/obj/effect/decal/cleanable/blood/gibs/body), /list (/list))
[19:53:20]Atoms (/datum/controller/subsystem/atoms): InitializeAtoms(null)
[19:53:20]Atoms (/datum/controller/subsystem/atoms): Initialize(823988)
[19:53:20]Master (/datum/controller/master): Initialize(10, 0)
runtime error: 
[19:53:20]Cannot execute null.add reagent().
[19:53:20]proc name: Initialize (/obj/effect/decal/cleanable/blood/gibs/Initialize)
[19:53:20]  source file: humans.dm,57
[19:53:20]  usr: null
[19:53:20]  src: the gibs (/obj/effect/decal/cleanable/blood/gibs/body)
[19:53:20]  src.loc: null
[19:53:20]  call stack:
[19:53:20]the gibs (/obj/effect/decal/cleanable/blood/gibs/body): Initialize(1, null)
[19:53:20]Atoms (/datum/controller/subsystem/atoms): InitAtom(the gibs (/obj/effect/decal/cleanable/blood/gibs/body), /list (/list))
[19:53:20]Atoms (/datum/controller/subsystem/atoms): InitializeAtoms(null)
[19:53:20]Atoms (/datum/controller/subsystem/atoms): Initialize(823988)
[19:53:20]Master (/datum/controller/master): Initialize(10, 0)
runtime error: 
[19:53:20]Cannot execute null.add reagent().
[19:53:20]proc name: Initialize (/obj/effect/decal/cleanable/blood/gibs/Initialize)
[19:53:20]  source file: humans.dm,57
[19:53:20]  usr: null
[19:53:20]  src: the gibs (/obj/effect/decal/cleanable/blood/gibs/body)
[19:53:20]  src.loc: null
[19:53:20]  call stack:
[19:53:20]the gibs (/obj/effect/decal/cleanable/blood/gibs/body): Initialize(1, null)
[19:53:20]Atoms (/datum/controller/subsystem/atoms): InitAtom(the gibs (/obj/effect/decal/cleanable/blood/gibs/body), /list (/list))
[19:53:20]Atoms (/datum/controller/subsystem/atoms): InitializeAtoms(null)
[19:53:20]Atoms (/datum/controller/subsystem/atoms): Initialize(823988)
[19:53:20]Master (/datum/controller/master): Initialize(10, 0)
runtime error: 
[19:53:20]Cannot execute null.add reagent().
[19:53:20]proc name: Initialize (/obj/effect/decal/cleanable/blood/gibs/Initialize)
[19:53:20]  source file: humans.dm,57
[19:53:20]  usr: null
[19:53:20]  src: the gibs (/obj/effect/decal/cleanable/blood/gibs/body)
[19:53:20]  src.loc: null
[19:53:20]  call stack:
[19:53:20]the gibs (/obj/effect/decal/cleanable/blood/gibs/body): Initialize(1, null)
[19:53:20]Atoms (/datum/controller/subsystem/atoms): InitAtom(the gibs (/obj/effect/decal/cleanable/blood/gibs/body), /list (/list))
[19:53:20]Atoms (/datum/controller/subsystem/atoms): InitializeAtoms(null)
[19:53:20]Atoms (/datum/controller/subsystem/atoms): Initialize(823988)
[19:53:20]Master (/datum/controller/master): Initialize(10, 0)
runtime error: 
[19:53:20]Cannot execute null.add reagent().
[19:53:20]proc name: Initialize (/obj/effect/decal/cleanable/oil/Initialize)
[19:53:20]  source file: robots.dm,52
[19:53:20]  usr: null
[19:53:20]  src: the motor oil (/obj/effect/decal/cleanable/oil)
[19:53:20]  src.loc: null
[19:53:20]  call stack:
[19:53:20]the motor oil (/obj/effect/decal/cleanable/oil): Initialize(1)
[19:53:20]Atoms (/datum/controller/subsystem/atoms): InitAtom(the motor oil (/obj/effect/decal/cleanable/oil), /list (/list))
[19:53:20]Atoms (/datum/controller/subsystem/atoms): InitializeAtoms(null)
[19:53:20]Atoms (/datum/controller/subsystem/atoms): Initialize(823988)
[19:53:20]Master (/datum/controller/master): Initialize(10, 0)
runtime error: 
[19:53:20]Cannot execute null.add reagent().
[19:53:20]proc name: Initialize (/obj/effect/decal/cleanable/oil/Initialize)
[19:53:20]  source file: robots.dm,52
[19:53:20]  usr: null
[19:53:20]  src: the motor oil (/obj/effect/decal/cleanable/oil)
[19:53:20]  src.loc: null
[19:53:20]  call stack:
[19:53:20]the motor oil (/obj/effect/decal/cleanable/oil): Initialize(1)
[19:53:20]Atoms (/datum/controller/subsystem/atoms): InitAtom(the motor oil (/obj/effect/decal/cleanable/oil), /list (/list))
[19:53:20]Atoms (/datum/controller/subsystem/atoms): InitializeAtoms(null)
[19:53:20]Atoms (/datum/controller/subsystem/atoms): Initialize(823988)
[19:53:20]Master (/datum/controller/master): Initialize(10, 0)
runtime error: 
[19:53:22]Cannot execute null.add reagent().
[19:53:22]proc name: Initialize (/obj/effect/decal/cleanable/oil/Initialize)
[19:53:22]  source file: robots.dm,52
[19:53:22]  usr: null
[19:53:22]  src: the motor oil (/obj/effect/decal/cleanable/oil)
[19:53:22]  src.loc: null
[19:53:22]  call stack:
[19:53:22]the motor oil (/obj/effect/decal/cleanable/oil): Initialize(1)
[19:53:22]Atoms (/datum/controller/subsystem/atoms): InitAtom(the motor oil (/obj/effect/decal/cleanable/oil), /list (/list))
[19:53:22]Atoms (/datum/controller/subsystem/atoms): InitializeAtoms(null)
[19:53:22]Atoms (/datum/controller/subsystem/atoms): Initialize(823988)
[19:53:22]Master (/datum/controller/master): Initialize(10, 0)
runtime error: 
[19:53:23]Cannot execute null.add reagent().
[19:53:23]proc name: Initialize (/obj/effect/decal/cleanable/oil/Initialize)
[19:53:23]  source file: robots.dm,52
[19:53:23]  usr: null
[19:53:23]  src: the motor oil (/obj/effect/decal/cleanable/oil)
[19:53:23]  src.loc: null
[19:53:23]  call stack:
[19:53:23]the motor oil (/obj/effect/decal/cleanable/oil): Initialize(1)
[19:53:23]Atoms (/datum/controller/subsystem/atoms): InitAtom(the motor oil (/obj/effect/decal/cleanable/oil), /list (/list))
[19:53:23]Atoms (/datum/controller/subsystem/atoms): InitializeAtoms(null)
[19:53:23]Atoms (/datum/controller/subsystem/atoms): Initialize(823988)
[19:53:23]Master (/datum/controller/master): Initialize(10, 0)
runtime error: 
[19:53:23]Cannot execute null.add reagent().
[19:53:23]proc name: Initialize (/obj/effect/decal/cleanable/oil/Initialize)
[19:53:23]  source file: robots.dm,52
[19:53:23]  usr: null
[19:53:23]  src: the motor oil (/obj/effect/decal/cleanable/oil)
[19:53:23]  src.loc: null
[19:53:23]  call stack:
[19:53:23]the motor oil (/obj/effect/decal/cleanable/oil): Initialize(1)
[19:53:23]Atoms (/datum/controller/subsystem/atoms): InitAtom(the motor oil (/obj/effect/decal/cleanable/oil), /list (/list))
[19:53:23]Atoms (/datum/controller/subsystem/atoms): InitializeAtoms(null)
[19:53:23]Atoms (/datum/controller/subsystem/atoms): Initialize(823988)
[19:53:23]Master (/datum/controller/master): Initialize(10, 0)
runtime error: 
[19:53:23]Cannot execute null.add reagent().
[19:53:23]proc name: Initialize (/obj/effect/decal/cleanable/oil/Initialize)
[19:53:23]  source file: robots.dm,52
[19:53:23]  usr: null
[19:53:23]  src: the motor oil (/obj/effect/decal/cleanable/oil)
[19:53:23]  src.loc: null
[19:53:23]  call stack:
[19:53:23]the motor oil (/obj/effect/decal/cleanable/oil): Initialize(1)
[19:53:23]Atoms (/datum/controller/subsystem/atoms): InitAtom(the motor oil (/obj/effect/decal/cleanable/oil), /list (/list))
[19:53:23]Atoms (/datum/controller/subsystem/atoms): InitializeAtoms(null)
[19:53:23]Atoms (/datum/controller/subsystem/atoms): Initialize(823988)
[19:53:23]Master (/datum/controller/master): Initialize(10, 0)
runtime error: 
[19:53:23]Cannot execute null.add reagent().
[19:53:23]proc name: Initialize (/obj/effect/decal/cleanable/oil/Initialize)
[19:53:23]  source file: robots.dm,52
[19:53:23]  usr: null
[19:53:23]  src: the motor oil (/obj/effect/decal/cleanable/oil)
[19:53:23]  src.loc: null
[19:53:23]  call stack:
[19:53:23]the motor oil (/obj/effect/decal/cleanable/oil): Initialize(1)
[19:53:23]Atoms (/datum/controller/subsystem/atoms): InitAtom(the motor oil (/obj/effect/decal/cleanable/oil), /list (/list))
[19:53:23]Atoms (/datum/controller/subsystem/atoms): InitializeAtoms(null)
[19:53:23]Atoms (/datum/controller/subsystem/atoms): Initialize(823988)
[19:53:23]Master (/datum/controller/master): Initialize(10, 0)
runtime error: 
[19:53:23]Cannot execute null.add reagent().
[19:53:23]proc name: Initialize (/obj/effect/decal/cleanable/oil/Initialize)
[19:53:23]  source file: robots.dm,52
[19:53:23]  usr: null
[19:53:23]  src: the motor oil (/obj/effect/decal/cleanable/oil)
[19:53:23]  src.loc: null
[19:53:23]  call stack:
[19:53:23]the motor oil (/obj/effect/decal/cleanable/oil): Initialize(1)
[19:53:23]Atoms (/datum/controller/subsystem/atoms): InitAtom(the motor oil (/obj/effect/decal/cleanable/oil), /list (/list))
[19:53:23]Atoms (/datum/controller/subsystem/atoms): InitializeAtoms(null)
[19:53:23]Atoms (/datum/controller/subsystem/atoms): Initialize(823988)
[19:53:23]Master (/datum/controller/master): Initialize(10, 0)
runtime error: 
[19:53:23]Cannot execute null.add reagent().
[19:53:23]proc name: Initialize (/obj/effect/decal/cleanable/oil/Initialize)
[19:53:23]  source file: robots.dm,52
[19:53:23]  usr: null
[19:53:23]  src: the motor oil (/obj/effect/decal/cleanable/oil)
[19:53:23]  src.loc: null
[19:53:23]  call stack:
[19:53:23]the motor oil (/obj/effect/decal/cleanable/oil): Initialize(1)
[19:53:23]Atoms (/datum/controller/subsystem/atoms): InitAtom(the motor oil (/obj/effect/decal/cleanable/oil), /list (/list))
[19:53:23]Atoms (/datum/controller/subsystem/atoms): InitializeAtoms(null)
[19:53:23]Atoms (/datum/controller/subsystem/atoms): Initialize(823988)
[19:53:23]Master (/datum/controller/master): Initialize(10, 0)
runtime error: 
[19:53:24]Cannot execute null.add reagent().
[19:53:24]proc name: Initialize (/obj/effect/decal/cleanable/oil/Initialize)
[19:53:24]  source file: robots.dm,52
[19:53:24]  usr: null
[19:53:24]  src: the motor oil (/obj/effect/decal/cleanable/oil)
[19:53:24]  src.loc: null
[19:53:24]  call stack:
[19:53:24]the motor oil (/obj/effect/decal/cleanable/oil): Initialize(1)
[19:53:24]Atoms (/datum/controller/subsystem/atoms): InitAtom(the motor oil (/obj/effect/decal/cleanable/oil), /list (/list))
[19:53:24]Atoms (/datum/controller/subsystem/atoms): InitializeAtoms(null)
[19:53:24]Atoms (/datum/controller/subsystem/atoms): Initialize(823988)
[19:53:24]Master (/datum/controller/master): Initialize(10, 0)
runtime error: 
[19:53:24]Cannot execute null.add reagent().
[19:53:24]proc name: Initialize (/obj/effect/decal/cleanable/oil/Initialize)
[19:53:24]  source file: robots.dm,52
runtime error: 
[19:53:24]Cannot execute null.add reagent().
[19:53:24]proc name: Initialize (/obj/effect/decal/cleanable/oil/Initialize)
[19:53:24]  source file: robots.dm,52
runtime error: 
[19:53:24]Cannot execute null.add reagent().
[19:53:24]proc name: Initialize (/obj/effect/decal/cleanable/oil/Initialize)
[19:53:24]  source file: robots.dm,52
runtime error: 
[19:53:25]Cannot execute null.add reagent().
[19:53:25]proc name: Initialize (/obj/effect/decal/cleanable/oil/Initialize)
[19:53:25]  source file: robots.dm,52
runtime error: 
[19:53:25]Cannot execute null.add reagent().
[19:53:25]proc name: Initialize (/obj/effect/decal/cleanable/oil/Initialize)
[19:53:25]  source file: robots.dm,52
runtime error: 
[19:53:25]Cannot execute null.add reagent().
[19:53:25]proc name: Initialize (/obj/effect/decal/cleanable/blood/gibs/Initialize)
[19:53:25]  source file: humans.dm,57
runtime error: 
[19:53:25]Cannot execute null.add reagent().
[19:53:25]proc name: Initialize (/obj/effect/decal/cleanable/blood/gibs/Initialize)
[19:53:25]  source file: humans.dm,57
runtime error: 
[19:53:25]Cannot execute null.add reagent().
[19:53:25]proc name: Initialize (/obj/effect/decal/cleanable/blood/gibs/Initialize)
[19:53:25]  source file: humans.dm,57
runtime error: 
[19:53:25]Cannot execute null.add reagent().
[19:53:25]proc name: Initialize (/obj/effect/decal/cleanable/blood/gibs/Initialize)
[19:53:25]  source file: humans.dm,57
runtime error: 
[19:53:25]Cannot execute null.add reagent().
[19:53:25]proc name: Initialize (/obj/effect/decal/cleanable/oil/Initialize)
[19:53:25]  source file: robots.dm,52
runtime error: 
[19:53:25]Cannot execute null.add reagent().
[19:53:25]proc name: Initialize (/obj/effect/decal/cleanable/blood/gibs/Initialize)
[19:53:25]  source file: humans.dm,57
runtime error: 
[19:53:25]Cannot execute null.add reagent().
[19:53:25]proc name: Initialize (/obj/effect/decal/cleanable/oil/Initialize)
[19:53:25]  source file: robots.dm,52
runtime error: 
[19:53:26]Cannot execute null.add reagent().
[19:53:26]proc name: Initialize (/obj/effect/decal/cleanable/oil/Initialize)
[19:53:26]  source file: robots.dm,52
runtime error: 
[19:53:26]Cannot execute null.add reagent().
[19:53:26]proc name: Initialize (/obj/effect/decal/cleanable/oil/Initialize)
[19:53:26]  source file: robots.dm,52
runtime error: 
[19:53:26]Cannot execute null.add reagent().
[19:53:26]proc name: Initialize (/obj/effect/decal/cleanable/oil/Initialize)
[19:53:26]  source file: robots.dm,52
runtime error: 
[19:53:27]Cannot execute null.add reagent().
[19:53:27]proc name: Initialize (/obj/effect/decal/cleanable/oil/Initialize)
[19:53:27]  source file: robots.dm,52
runtime error: 
[19:53:28]Cannot execute null.add reagent().
[19:53:28]proc name: Initialize (/obj/effect/decal/cleanable/oil/Initialize)
[19:53:28]  source file: robots.dm,52
runtime error: 
[19:53:29]Cannot execute null.add reagent().
[19:53:29]proc name: Initialize (/obj/effect/decal/cleanable/oil/Initialize)
[19:53:29]  source file: robots.dm,52
runtime error: 
[19:53:29]Cannot execute null.add reagent().
[19:53:29]proc name: Initialize (/obj/effect/decal/cleanable/oil/Initialize)
[19:53:29]  source file: robots.dm,52
runtime error: 
[19:53:29]Cannot execute null.add reagent().
[19:53:29]proc name: Initialize (/obj/effect/decal/cleanable/oil/Initialize)
[19:53:29]  source file: robots.dm,52
runtime error: 
[19:53:30]Cannot execute null.add reagent().
[19:53:30]proc name: Initialize (/obj/effect/decal/cleanable/oil/Initialize)
[19:53:30]  source file: robots.dm,52
runtime error: 
[19:53:30]Cannot execute null.add reagent().
[19:53:30]proc name: Initialize (/obj/effect/decal/cleanable/oil/Initialize)
[19:53:30]  source file: robots.dm,52
runtime error: 
[19:53:31]Cannot execute null.add reagent().
[19:53:31]proc name: Initialize (/obj/effect/decal/cleanable/oil/Initialize)
[19:53:31]  source file: robots.dm,52
runtime error: 
[19:53:31]Cannot execute null.add reagent().
[19:53:31]proc name: Initialize (/obj/effect/decal/cleanable/oil/Initialize)
[19:53:31]  source file: robots.dm,52
runtime error: 
[19:53:31]Cannot execute null.add reagent().
[19:53:31]proc name: Initialize (/obj/effect/decal/cleanable/oil/Initialize)
[19:53:31]  source file: robots.dm,52
runtime error: 
[19:53:32]Cannot execute null.add reagent().
[19:53:32]proc name: Initialize (/obj/effect/decal/cleanable/oil/Initialize)
[19:53:32]  source file: robots.dm,52
runtime error: 
[19:53:32]Cannot execute null.add reagent().
[19:53:32]proc name: Initialize (/obj/effect/decal/cleanable/oil/Initialize)
[19:53:32]  source file: robots.dm,52
runtime error: 
[19:53:32]Cannot execute null.add reagent().
[19:53:32]proc name: Initialize (/obj/effect/decal/cleanable/oil/Initialize)
[19:53:32]  source file: robots.dm,52
runtime error: 
[19:53:32]Cannot execute null.add reagent().
[19:53:32]proc name: Initialize (/obj/effect/decal/cleanable/oil/Initialize)
[19:53:32]  source file: robots.dm,52
runtime error: 
[19:53:33]Cannot execute null.add reagent().
[19:53:33]proc name: Initialize (/obj/effect/decal/cleanable/oil/Initialize)
[19:53:33]  source file: robots.dm,52
runtime error: 
[19:53:34]Cannot execute null.add reagent().
[19:53:34]proc name: Initialize (/obj/effect/decal/cleanable/oil/Initialize)
[19:53:34]  source file: robots.dm,52
runtime error: 
[19:53:35]Cannot execute null.add reagent().
[19:53:35]proc name: Initialize (/obj/effect/decal/cleanable/oil/Initialize)
[19:53:35]  source file: robots.dm,52
runtime error: 
[19:53:35]Cannot execute null.add reagent().
[19:53:35]proc name: Initialize (/obj/effect/decal/cleanable/blood/gibs/Initialize)
[19:53:35]  source file: humans.dm,57
runtime error: 
[19:53:35]Cannot execute null.add reagent().
[19:53:35]proc name: Initialize (/obj/effect/decal/cleanable/blood/gibs/Initialize)
[19:53:35]  source file: humans.dm,57
runtime error: 
[19:53:35]Cannot execute null.add reagent().
[19:53:35]proc name: Initialize (/obj/effect/decal/cleanable/blood/gibs/Initialize)
[19:53:35]  source file: humans.dm,57
runtime error: 
[19:53:35]Cannot execute null.add reagent().
[19:53:35]proc name: Initialize (/obj/effect/decal/cleanable/blood/gibs/Initialize)
[19:53:35]  source file: humans.dm,57
runtime error: 
[19:53:35]Cannot execute null.add reagent().
[19:53:35]proc name: Initialize (/obj/effect/decal/cleanable/blood/gibs/Initialize)
[19:53:35]  source file: humans.dm,57
runtime error: 
[19:53:35]Cannot execute null.add reagent().
[19:53:35]proc name: Initialize (/obj/effect/decal/cleanable/blood/gibs/Initialize)
[19:53:35]  source file: humans.dm,57
runtime error: 
[19:53:35]Cannot execute null.add reagent().
[19:53:35]proc name: Initialize (/obj/effect/decal/cleanable/blood/gibs/Initialize)
[19:53:35]  source file: humans.dm,57
runtime error: 
[19:53:35]Cannot execute null.add reagent().
[19:53:35]proc name: Initialize (/obj/effect/decal/cleanable/blood/gibs/Initialize)
[19:53:35]  source file: humans.dm,57
runtime error: 
[19:53:35]Cannot execute null.add reagent().
[19:53:35]proc name: Initialize (/obj/effect/decal/cleanable/blood/gibs/Initialize)
[19:53:35]  source file: humans.dm,57
runtime error: 
[19:53:35]Cannot execute null.add reagent().
[19:53:35]proc name: Initialize (/obj/effect/decal/cleanable/blood/gibs/Initialize)
[19:53:35]  source file: humans.dm,57
runtime error: 
[19:53:35]Cannot execute null.add reagent().
[19:53:35]proc name: Initialize (/obj/effect/decal/cleanable/blood/gibs/Initialize)
[19:53:35]  source file: humans.dm,57
runtime error: 
[19:53:35]Cannot execute null.add reagent().
[19:53:35]proc name: Initialize (/obj/effect/decal/cleanable/blood/gibs/Initialize)
[19:53:35]  source file: humans.dm,57
runtime error: 
[19:53:36]Cannot execute null.add reagent().
[19:53:36]proc name: Initialize (/obj/effect/decal/cleanable/blood/gibs/Initialize)
[19:53:36]  source file: humans.dm,57
runtime error: 
[19:53:36]Cannot execute null.add reagent().
[19:53:36]proc name: Initialize (/obj/effect/decal/cleanable/blood/gibs/Initialize)
[19:53:36]  source file: humans.dm,57
runtime error: 
[19:53:36]Cannot execute null.add reagent().
[19:53:36]proc name: Initialize (/obj/effect/decal/cleanable/blood/gibs/Initialize)
[19:53:36]  source file: humans.dm,57
runtime error: 
[19:53:36]Cannot execute null.add reagent().
[19:53:36]proc name: Initialize (/obj/effect/decal/cleanable/blood/gibs/Initialize)
[19:53:36]  source file: humans.dm,57
runtime error: 
[19:53:36]Cannot execute null.add reagent().
[19:53:36]proc name: Initialize (/obj/effect/decal/cleanable/blood/gibs/Initialize)
[19:53:36]  source file: humans.dm,57
runtime error: 
[19:53:36]Cannot execute null.add reagent().
[19:53:36]proc name: Initialize (/obj/effect/decal/cleanable/blood/gibs/Initialize)
[19:53:36]  source file: humans.dm,57
runtime error: 
[19:53:36]Cannot execute null.add reagent().
[19:53:36]proc name: Initialize (/obj/effect/decal/cleanable/blood/gibs/Initialize)
[19:53:36]  source file: humans.dm,57
runtime error: 
[19:53:36]Cannot execute null.add reagent().
[19:53:36]proc name: Initialize (/obj/effect/decal/cleanable/blood/gibs/Initialize)
[19:53:36]  source file: humans.dm,57
runtime error: 
[19:53:36]Cannot execute null.add reagent().
[19:53:36]proc name: Initialize (/obj/effect/decal/cleanable/blood/gibs/Initialize)
[19:53:36]  source file: humans.dm,57
runtime error: 
[19:53:36]Cannot execute null.add reagent().
[19:53:36]proc name: Initialize (/obj/effect/decal/cleanable/blood/gibs/Initialize)
[19:53:36]  source file: humans.dm,57
runtime error: 
[19:53:36]Cannot execute null.add reagent().
[19:53:36]proc name: Initialize (/obj/effect/decal/cleanable/blood/gibs/Initialize)
[19:53:36]  source file: humans.dm,57
runtime error: 
[19:53:36]Cannot execute null.add reagent().
[19:53:36]proc name: Initialize (/obj/effect/decal/cleanable/blood/gibs/Initialize)
[19:53:36]  source file: humans.dm,57
runtime error: 
[19:53:36]Cannot execute null.add reagent().
[19:53:36]proc name: Initialize (/obj/effect/decal/cleanable/blood/gibs/Initialize)
[19:53:36]  source file: humans.dm,57
runtime error: 
[19:53:36]Cannot execute null.add reagent().
[19:53:36]proc name: Initialize (/obj/effect/decal/cleanable/blood/gibs/Initialize)
[19:53:36]  source file: humans.dm,57
runtime error: 
[19:53:36]Cannot execute null.add reagent().
[19:53:36]proc name: Initialize (/obj/effect/decal/cleanable/blood/gibs/Initialize)
[19:53:36]  source file: humans.dm,57
runtime error: 
[19:53:37]Cannot execute null.add reagent().
[19:53:37]proc name: Initialize (/obj/effect/decal/cleanable/blood/gibs/Initialize)
[19:53:37]  source file: humans.dm,57
runtime error: 
[19:53:37]Cannot execute null.add reagent().
[19:53:37]proc name: Initialize (/obj/effect/decal/cleanable/blood/gibs/Initialize)
[19:53:37]  source file: humans.dm,57
runtime error: 
[19:53:37]Cannot execute null.add reagent().
[19:53:37]proc name: Initialize (/obj/effect/decal/cleanable/blood/gibs/Initialize)
[19:53:37]  source file: humans.dm,57
runtime error: 
[19:53:37]Cannot execute null.add reagent().
[19:53:37]proc name: Initialize (/obj/effect/decal/cleanable/oil/Initialize)
[19:53:37]  source file: robots.dm,52
runtime error: 
[19:53:42]Cannot execute null.add reagent().
[19:53:42]proc name: Initialize (/obj/effect/decal/cleanable/oil/Initialize)
[19:53:42]  source file: robots.dm,52
runtime error: 
[19:53:42]Cannot execute null.add reagent().
[19:53:42]proc name: Initialize (/obj/effect/decal/cleanable/oil/Initialize)
[19:53:42]  source file: robots.dm,52
runtime error: 
[19:53:42]Cannot execute null.add reagent().
[19:53:42]proc name: Initialize (/obj/effect/decal/cleanable/oil/Initialize)
[19:53:42]  source file: robots.dm,52
runtime error: 
[19:53:42]Cannot execute null.add reagent().
[19:53:42]proc name: Initialize (/obj/effect/decal/cleanable/oil/Initialize)
[19:53:42]  source file: robots.dm,52
runtime error: 
[19:53:42]Cannot execute null.add reagent().
[19:53:42]proc name: Initialize (/obj/effect/decal/cleanable/oil/Initialize)
[19:53:42]  source file: robots.dm,52
runtime error: 
[19:53:43]Cannot execute null.add reagent().
[19:53:43]proc name: Initialize (/obj/effect/decal/cleanable/oil/Initialize)
[19:53:43]  source file: robots.dm,52
runtime error: 
[19:53:43]Cannot execute null.add reagent().
[19:53:43]proc name: Initialize (/obj/effect/decal/cleanable/oil/Initialize)
[19:53:43]  source file: robots.dm,52
runtime error: 
[19:53:43]Cannot execute null.add reagent().
[19:53:43]proc name: Initialize (/obj/effect/decal/cleanable/oil/Initialize)
[19:53:43]  source file: robots.dm,52
runtime error: 
[19:53:43]Cannot execute null.add reagent().
[19:53:43]proc name: Initialize (/obj/effect/decal/cleanable/oil/Initialize)
[19:53:43]  source file: robots.dm,52
runtime error: 
[19:53:43]Cannot execute null.add reagent().
[19:53:43]proc name: Initialize (/obj/effect/decal/cleanable/oil/Initialize)
[19:53:43]  source file: robots.dm,52
runtime error: 
[19:53:43]Cannot execute null.add reagent().
[19:53:43]proc name: Initialize (/obj/effect/decal/cleanable/oil/Initialize)
[19:53:43]  source file: robots.dm,52
runtime error: 
[19:53:43]Cannot execute null.add reagent().
[19:53:43]proc name: Initialize (/obj/effect/decal/cleanable/oil/Initialize)
[19:53:43]  source file: robots.dm,52
runtime error: 
[19:53:43]Cannot execute null.add reagent().
[19:53:43]proc name: Initialize (/obj/effect/decal/cleanable/oil/Initialize)
[19:53:43]  source file: robots.dm,52
runtime error: 
[19:53:44]Cannot execute null.add reagent().
Initialized 896820 atoms
Initialized Atoms subsystem within 58.2 seconds!
Initialized Language subsystem within 0 seconds!
Initialized Machines subsystem within 1.5 seconds!
Initialized Circuit subsystem within 0.1 seconds!
Initialized Weather subsystem within 0 seconds!
Initialized Atmospherics subsystem within 18.8 seconds!
Initialized Minimap subsystem within 0 seconds!
Initialized Assets subsystem within 0.4 seconds!
Initialized Icon Smoothing subsystem within 7.4 seconds!
Initialized Overlay subsystem within 28.4 seconds!
Initialized XKeyScore subsystem within 0 seconds!
Initialized Lighting subsystem within 20 seconds!
Initialized Shuttle subsystem within 33.4 seconds!
Initialized Squeak subsystem within 0 seconds!
Loaded 0 engraved messages on map Delta Station
Initialized Persistence subsystem within 0.1 seconds!
Initializations complete within 217.6 seconds!
runtime error: 
[19:56:10]Cannot read null.key
Game start took 5.2s
runtime error: 
[19:56:28]Cannot read null.key
runtime error: 
[20:10:53]list index out of bounds
runtime error: 
[20:10:55]list index out of bounds
runtime error: 
[20:10:55]list index out of bounds
runtime error: 
[20:10:56]list index out of bounds
runtime error: 
[20:10:57]list index out of bounds
runtime error: 
[20:10:58]list index out of bounds
runtime error: 
[20:10:59]list index out of bounds
runtime error: 
[20:11:00]list index out of bounds
runtime error: 
[20:11:01]list index out of bounds
runtime error: 
[20:11:58]list index out of bounds
runtime error: 
[20:11:59]list index out of bounds
runtime error: 
[20:12:00]list index out of bounds
runtime error: 
[20:12:01]list index out of bounds
runtime error: 
[20:12:02]list index out of bounds
runtime error: 
[20:12:03]list index out of bounds
runtime error: 
[20:12:04]list index out of bounds
runtime error: 
[20:12:05]list index out of bounds
runtime error: 
[20:12:06]list index out of bounds
## WARNING: A ref was requested of an object with use_tag set but no tag: the new player in code/__HELPERS/unsorted.dm at line 1500 src:  usr: the new player.
runtime error: 
[20:13:11]Cannot read null.key
runtime error: 
[20:16:53]list index out of bounds
runtime error: 
[20:16:54]list index out of bounds
runtime error: 
[20:16:55]list index out of bounds
runtime error: 
[20:16:56]list index out of bounds
runtime error: 
[20:16:57]list index out of bounds
runtime error: 
[20:16:58]list index out of bounds
runtime error: 
[20:18:33]Cannot execute null.add reagent().
runtime error: 
[20:18:34]Cannot execute null.add reagent().
runtime error: 
[20:18:34]Cannot execute null.add reagent().
runtime error: 
[20:18:34]Cannot execute null.add reagent().
runtime error: 
[20:18:34]Cannot execute null.add reagent().
runtime error: 
[20:18:35]Cannot execute null.add reagent().
runtime error: 
[20:18:35]Cannot execute null.add reagent().
runtime error: 
[20:18:36]Cannot execute null.add reagent().
runtime error: 
[20:18:36]Cannot execute null.add reagent().
runtime error: 
[20:18:37]Cannot execute null.add reagent().
runtime error: 
[20:18:38]Cannot execute null.add reagent().
runtime error: 
[20:18:48]Cannot execute null.add reagent().
runtime error: 
[20:19:10]Cannot execute null.add reagent().
runtime error: 
[20:21:17]undefined proc or verb /turf/closed/wall/high pressure movements().

runtime error: 
[20:21:18]undefined proc or verb /turf/closed/wall/high pressure movements().

runtime error: 
[20:21:32]Cannot create objects of type null.
runtime error: 
[20:22:24]Cannot execute null.add reagent().
runtime error: 
[20:22:26]Cannot execute null.add reagent().
runtime error: 
[20:22:28]Cannot execute null.add reagent().
runtime error: 
[20:22:31]Cannot execute null.add reagent().
runtime error: 
[20:22:35]Cannot execute null.add reagent().
runtime error: 
[20:22:35]Cannot execute null.add reagent().
runtime error: 
[20:22:36]Cannot execute null.add reagent().
runtime error: 
[20:22:38]Cannot execute null.add reagent().
runtime error: 
[20:22:38]Cannot execute null.add reagent().
runtime error: 
[20:22:39]Cannot execute null.add reagent().
runtime error: 
[20:22:39]Cannot execute null.add reagent().
runtime error: 
[20:22:42]Cannot execute null.add reagent().
runtime error: 
[20:22:42]Cannot execute null.add reagent().
runtime error: 
[20:22:45]Cannot execute null.add reagent().
runtime error: 
[20:22:45]Cannot execute null.add reagent().
runtime error: 
[20:22:46]Cannot execute null.add reagent().
runtime error: 
[20:22:50]Cannot execute null.add reagent().
runtime error: 
[20:22:50]Cannot execute null.add reagent().
runtime error: 
[20:22:50]Cannot execute null.add reagent().
runtime error: 
[20:22:51]Cannot execute null.add reagent().
runtime error: 
[20:22:51]Cannot execute null.add reagent().
runtime error: 
[20:22:51]Cannot execute null.add reagent().
runtime error: 
[20:22:51]Cannot execute null.add reagent().
runtime error: 
[20:22:52]Cannot execute null.add reagent().
runtime error: 
[20:22:52]Cannot execute null.add reagent().
runtime error: 
[20:22:53]Cannot execute null.add reagent().
runtime error: 
[20:22:53]Cannot execute null.add reagent().
runtime error: 
[20:22:53]Cannot execute null.add reagent().
runtime error: 
[20:22:53]Cannot execute null.add reagent().
runtime error: 
[20:22:53]Cannot execute null.add reagent().
runtime error: 
[20:22:53]Cannot execute null.add reagent().
runtime error: 
[20:22:54]Cannot execute null.add reagent().
runtime error: 
[20:22:54]Cannot execute null.add reagent().
runtime error: 
[20:22:54]Cannot execute null.add reagent().
runtime error: 
[20:22:55]Cannot execute null.add reagent().
runtime error: 
[20:22:55]Cannot execute null.add reagent().
runtime error: 
[20:22:55]Cannot execute null.add reagent().
runtime error: 
[20:22:55]Cannot execute null.add reagent().
runtime error: 
[20:22:55]Cannot execute null.add reagent().
runtime error: 
[20:22:55]Cannot execute null.add reagent().
runtime error: 
[20:22:57]Cannot execute null.add reagent().
runtime error: 
[20:22:57]Cannot execute null.add reagent().
runtime error: 
[20:23:40]Cannot execute null.add reagent().
runtime error: 
[20:23:58]Cannot execute null.add reagent().
runtime error: 
[20:24:02]Cannot execute null.add reagent().
runtime error: 
[20:24:06]Cannot execute null.add reagent().
runtime error: 
[20:24:09]Cannot execute null.add reagent().
runtime error: 
[20:24:13]Cannot execute null.add reagent().
runtime error: 
[20:24:20]Cannot execute null.add reagent().
runtime error: 
[20:24:29]Cannot execute null.add reagent().
runtime error: 
[20:24:29]Cannot execute null.add reagent().
runtime error: 
[20:24:40]Cannot execute null.add reagent().
runtime error: 
[20:24:53]Cannot execute null.add reagent().
runtime error: 
[20:25:10]Cannot execute null.add reagent().
runtime error: 
[20:25:12]Cannot execute null.add reagent().
runtime error: 
[20:25:18]Cannot execute null.add reagent().
runtime error: 
[20:25:30]Cannot execute null.add reagent().
runtime error: 
[20:25:59]Cannot execute null.archive().
runtime error: 
[20:25:59]Cannot read null.gases
runtime error: 
[20:25:59]Cannot execute null.archive().
runtime error: 
[20:25:59]Cannot read null.gases
runtime error: 
[20:25:59]Cannot execute null.archive().
runtime error: 
[20:26:00]Cannot read null.gases
runtime error: 
[20:26:00]Cannot execute null.archive().
runtime error: 
[20:26:00]Cannot read null.gases
runtime error: 
[20:26:00]Cannot execute null.archive().
runtime error: 
[20:26:00]Cannot read null.gases
runtime error: 
[20:26:00]Cannot execute null.archive().
runtime error: 
[20:26:01]Cannot read null.gases
runtime error: 
[20:26:01]undefined variable /turf/closed/indestructible/oldshuttle/var/air
runtime error: 
[20:26:01]undefined variable /turf/closed/indestructible/oldshuttle/var/air
runtime error: 
[20:26:01]undefined variable /turf/closed/indestructible/oldshuttle/corner/var/air
Initialized 575 atoms
runtime error: 
[20:26:40]Cannot execute null.add reagent().
runtime error: 
[20:26:42]Cannot execute null.add reagent().
runtime error: 
[20:26:46]Cannot execute null.add reagent().
runtime error: 
[20:26:48]Cannot execute null.add reagent().
runtime error: 
[20:28:47]Cannot execute null.add reagent().
runtime error: 
[20:28:47]Cannot execute null.add reagent().
runtime error: 
[20:28:57]Cannot execute null.add reagent().
runtime error: 
[20:29:08]Cannot execute null.add reagent().
runtime error: 
[20:29:08]Cannot execute null.add reagent().
runtime error: 
[20:29:10]Cannot execute null.add reagent().
runtime error: 
[20:29:12]Cannot execute null.add reagent().
runtime error: 
[20:29:26]Cannot execute null.add reagent().
runtime error: 
[20:29:39]Cannot execute null.add reagent().
runtime error: 
[20:29:41]Cannot execute null.add reagent().
runtime error: 
[20:29:49]Cannot execute null.add reagent().
runtime error: 
[20:29:54]Cannot execute null.add reagent().
runtime error: 
[20:30:00]Cannot execute null.add reagent().
runtime error: 
[20:30:07]Cannot execute null.add reagent().
runtime error: 
[20:30:19]Cannot execute null.add reagent().
runtime error: 
[20:30:28]Cannot execute null.add reagent().
### VarEdit by AlcaroIsAFrick/(YO MAMA): /obj/structure/necropolis_gate/legion_gate open=0 => 1
### VarEdit by AlcaroIsAFrick/(YO MAMA): /obj/structure/necropolis_gate/legion_gate changing_openness=0 => 1
runtime error: 
[20:33:24]Cannot execute null.add reagent().
runtime error: 
[20:33:24]Cannot execute null.add reagent().
runtime error: 
[20:33:27]Cannot execute null.add reagent().
runtime error: 
[20:33:27]Cannot execute null.add reagent().
runtime error: 
[20:33:27]Cannot execute null.add reagent().
runtime error: 
[20:33:27]Cannot execute null.add reagent().
runtime error: 
[20:33:36]Cannot execute null.add reagent().
runtime error: 
[20:33:36]Cannot execute null.add reagent().
runtime error: 
[20:33:36]Cannot execute null.add reagent().
runtime error: 
[20:33:37]Cannot execute null.add reagent().
runtime error: 
[20:33:37]Cannot execute null.add reagent().
runtime error: 
[20:33:37]Cannot execute null.add reagent().
runtime error: 
[20:33:47]Cannot execute null.add reagent().
runtime error: 
[20:33:47]Cannot execute null.add reagent().
runtime error: 
[20:33:47]Cannot execute null.add reagent().
runtime error: 
[20:33:48]Cannot execute null.add reagent().
runtime error: 
[20:33:48]Cannot execute null.add reagent().
runtime error: 
[20:33:48]Cannot execute null.add reagent().
runtime error: 
[20:33:52]Cannot execute null.add reagent().
runtime error: 
[20:33:52]Cannot execute null.add reagent().
runtime error: 
[20:33:52]Cannot execute null.add reagent().
runtime error: 
[20:33:54]Cannot execute null.add reagent().
runtime error: 
[20:33:55]Cannot execute null.add reagent().
runtime error: 
[20:33:55]Cannot execute null.add reagent().
runtime error: 
[20:33:55]Cannot execute null.add reagent().
runtime error: 
[20:33:55]Cannot execute null.add reagent().
runtime error: 
[20:33:55]Cannot execute null.add reagent().
runtime error: 
[20:33:55]Cannot execute null.add reagent().
runtime error: 
[20:33:55]Cannot execute null.add reagent().
runtime error: 
[20:33:56]Cannot execute null.add reagent().
runtime error: 
[20:33:56]Cannot execute null.add reagent().
runtime error: 
[20:33:56]Cannot execute null.add reagent().
runtime error: 
[20:34:00]Cannot execute null.add reagent().
runtime error: 
[20:34:05]Cannot execute null.add reagent().
runtime error: 
[20:34:09]Cannot execute null.add reagent().
runtime error: 
[20:34:15]Cannot execute null.add reagent().
runtime error: 
[20:34:15]Cannot execute null.add reagent().
runtime error: 
[20:34:15]Cannot execute null.add reagent().
runtime error: 
[20:34:17]Cannot execute null.add reagent().
runtime error: 
[20:34:17]Cannot execute null.add reagent().
runtime error: 
[20:34:17]Cannot execute null.add reagent().
runtime error: 
[20:34:18]Cannot execute null.add reagent().
runtime error: 
[20:34:18]Cannot execute null.add reagent().
runtime error: 
[20:34:18]Cannot execute null.add reagent().
runtime error: 
[20:34:18]Cannot execute null.add reagent().
runtime error: 
[20:34:18]Cannot execute null.add reagent().
runtime error: 
[20:34:21]Cannot execute null.add reagent().
runtime error: 
[20:34:21]Cannot execute null.add reagent().
runtime error: 
[20:34:23]Cannot execute null.add reagent().
runtime error: 
[20:34:28]Cannot execute null.add reagent().
runtime error: 
[20:34:28]Cannot execute null.add reagent().
runtime error: 
[20:34:28]Cannot execute null.add reagent().
runtime error: 
[20:34:41]Cannot execute null.add reagent().
runtime error: 
[20:34:41]Cannot execute null.add reagent().
runtime error: 
[20:34:41]Cannot execute null.add reagent().
runtime error: 
[20:34:41]Cannot execute null.add reagent().
runtime error: 
[20:34:42]Cannot execute null.add reagent().
runtime error: 
[20:34:57]Cannot execute null.add reagent().
runtime error: 
[20:34:57]Cannot execute null.add reagent().
runtime error: 
[20:34:57]Cannot execute null.add reagent().
runtime error: 
[20:34:57]Cannot execute null.add reagent().
runtime error: 
[20:34:57]Cannot execute null.add reagent().
runtime error: 
[20:34:58]Cannot execute null.add reagent().
runtime error: 
[20:34:59]Cannot execute null.add reagent().
runtime error: 
[20:34:59]Cannot execute null.add reagent().
runtime error: 
[20:34:59]Cannot execute null.add reagent().
runtime error: 
[20:34:59]Cannot execute null.add reagent().
runtime error: 
[20:35:00]Cannot execute null.add reagent().
runtime error: 
[20:35:00]Cannot execute null.add reagent().
runtime error: 
[20:35:01]Cannot execute null.add reagent().
runtime error: 
[20:35:01]Cannot execute null.add reagent().
runtime error: 
[20:35:01]Cannot execute null.add reagent().
runtime error: 
[20:35:02]Cannot execute null.add reagent().
runtime error: 
[20:35:02]Cannot execute null.add reagent().
runtime error: 
[20:35:02]Cannot execute null.add reagent().
runtime error: 
[20:35:03]Cannot execute null.add reagent().
runtime error: 
[20:35:03]Cannot execute null.add reagent().
runtime error: 
[20:35:19]Cannot execute null.add reagent().
runtime error: 
[20:35:19]Cannot execute null.add reagent().
runtime error: 
[20:35:20]Cannot execute null.add reagent().
runtime error: 
[20:35:20]Cannot execute null.add reagent().
runtime error: 
[20:35:20]Cannot execute null.add reagent().
## WARNING: A ref was requested of an object with use_tag set but no tag: the legion in code/__HELPERS/unsorted.dm at line 1500 src:  usr: the legion.
runtime error: 
[20:35:32]Cannot execute null.add reagent().
runtime error: 
[20:35:32]Cannot execute null.add reagent().
runtime error: 
[20:35:32]Cannot execute null.add reagent().
runtime error: 
[20:35:33]Cannot execute null.add reagent().
runtime error: 
[20:35:33]Cannot execute null.add reagent().
### VarEdit by AlcaroIsAFrick/(Legion): /mob/living/carbon/monkey/punpun icon=icons/mob/monkey.dmi => Spiffo_controlyourself.png
## WARNING: A ref was requested of an object with use_tag set but no tag: Legion in code/__HELPERS/unsorted.dm at line 1500 src:  usr: Legion.
runtime error: 
[20:35:49]Cannot execute null.add reagent().
runtime error: 
[20:35:49]Cannot execute null.add reagent().
runtime error: 
[20:35:49]Cannot execute null.add reagent().
runtime error: 
[20:35:49]Cannot execute null.add reagent().
runtime error: 
[20:35:49]Cannot execute null.add reagent().
runtime error: 
[20:35:54]Cannot execute null.add reagent().
runtime error: 
[20:35:54]Cannot execute null.add reagent().
runtime error: 
[20:35:55]Cannot execute null.add reagent().
runtime error: 
[20:35:55]Cannot execute null.add reagent().
runtime error: 
[20:35:55]Cannot execute null.add reagent().
runtime error: 
[20:36:02]Cannot execute null.add reagent().
runtime error: 
[20:36:02]Cannot execute null.add reagent().
runtime error: 
[20:36:02]Cannot execute null.add reagent().
runtime error: 
[20:36:03]Cannot execute null.add reagent().
runtime error: 
[20:36:03]Cannot execute null.add reagent().
runtime error: 
[20:36:11]Cannot execute null.add reagent().
runtime error: 
[20:36:12]Cannot execute null.add reagent().
runtime error: 
[20:36:12]Cannot execute null.add reagent().
runtime error: 
[20:36:12]Cannot execute null.add reagent().
## WARNING: A ref was requested of an object with use_tag set but no tag: the station self-destruct terminal in code/__HELPERS/unsorted.dm at line 1500 src:  usr: .
runtime error: 
[20:37:50]Cannot execute null.add reagent().
runtime error: 
[20:37:51]Cannot execute null.add reagent().
runtime error: 
[20:37:51]Cannot execute null.add reagent().
runtime error: 
[20:37:51]Cannot execute null.add reagent().
Saved 0 engraved messages on map Delta Station
Shutting down Persistence subsystem...
Shutting down Squeak subsystem...
Shutting down Shuttle subsystem...
Shutting down Lighting subsystem...
Shutting down XKeyScore subsystem...
Shutting down Sticky Ban subsystem...
Shutting down Overlay subsystem...
Shutting down Icon Smoothing subsystem...
Shutting down Assets subsystem...
Shutting down Minimap subsystem...
Shutting down Atmospherics subsystem...
Shutting down Weather subsystem...
Shutting down Vote subsystem...
Shutting down Title Screen subsystem...
Shutting down Time Tracking subsystem...
Shutting down Throwing subsystem...
Shutting down tgui subsystem...
Shutting down Sun subsystem...
Shutting down Space Drift subsystem...
Shutting down Religion subsystem...
Shutting down Radio subsystem...
Shutting down Radiation subsystem...
Shutting down Projectiles subsystem...
Shutting down Processing subsystem...
Shutting down Parallax subsystem...
Shutting down pAI subsystem...
Shutting down Orbits subsystem...
Shutting down Objects subsystem...
Shutting down NPC Pool subsystem...
Shutting down Mobs subsystem...
Shutting down Inbounds subsystem...
Shutting down Idling NPC Pool subsystem...
Shutting down Garbage subsystem...
Shutting down Flightpack Movement subsystem...
Shutting down Fire Burning subsystem...
Shutting down Fields subsystem...
Shutting down Fast Processing subsystem...
Shutting down Disease subsystem...
Shutting down Communications subsystem...
Shutting down Augury subsystem...
Shutting down Acid subsystem...
Shutting down Timer subsystem...
Shutting down Circuit subsystem...
Shutting down Machines subsystem...
Shutting down Language subsystem...
Shutting down Atoms subsystem...
Shutting down Mapping subsystem...
Shutting down Ticker subsystem...
Shutting down Jobs subsystem...
Shutting down Events subsystem...
Shutting down Server Tasks subsystem...
Shutting down Blackbox subsystem...
Shutting down Database subsystem...
Shutdown complete
World rebooted at 20:38:07
