

Starting up round ID . 11:40:03
---------------------
[11:40:03]ADMIN: Loading Banlist
[11:40:04]GAME: Saved mode is 'extended'
[11:41:00]GAME: Hierophant's Arena loaded at at 116,116,5
[11:41:00]GAME: Ruin of Gluttony loaded at at 206,134,5
[11:41:00]GAME: Seed Vault loaded at at 55,150,5
[11:41:00]GAME: Ripley loaded at at 108,181,5
[11:41:01]GAME: Fountain Hall loaded at at 107,123,5
[11:41:01]GAME: Makeshift Shelter loaded at at 68,57,5
[11:41:01]GAME: Xenomorph Nest loaded at at 134,147,5
[11:41:02]GAME: Crashed Clown Ship loaded at at 104,85,11
[11:41:02]GAME: NT Medical Ship loaded at at 94,34,8
[11:41:02]GAME: Authorship loaded at at 148,31,10
[11:41:02]GAME: Gondoland loaded at at 170,117,4
[11:41:02]GAME: Unnamed Turreted Outpost loaded at at 77,45,3
[11:41:03]GAME: Ancient Space Station loaded at at 31,53,4
[11:41:03]GAME: Derelict 4 loaded at at 86,191,9
[11:41:03]GAME: Abandoned Teleporter loaded at at 180,62,4
[11:41:05]GAME: Derelict Tradepost loaded at at 48,170,10
[11:41:05]GAME: DK Excavator 453 loaded at at 54,135,8
[11:41:05]GAME: CF Corsair loaded at at 191,170,9
[11:41:05]GAME: DJ Station loaded at at 115,65,7
[11:41:05]GAME: Derelict 5 loaded at at 84,129,4
[11:41:05]GAME: Ordinary Space Tile loaded at at 46,195,4
[11:41:05]GAME: Asteroid 4 loaded at at 209,104,7
[11:41:05]GAME: A Giant Ball of Paper in Space loaded at at 66,129,7
[11:42:14]ACCESS: Login: AlcaroIsAFrick from 127.0.0.1-1817465521 || BYOND v511
[11:42:14]ACCESS: Mob Login: AlcaroIsAFrick/(AlcaroIsAFrick) was assigned to a /mob/dead/new_player
[11:43:23]ADMIN: AlcaroIsAFrick has started the game.
[11:44:15]SAY: Mjor the Creative/ : Rise, my creations! Jump off your pages and into this realm! (99,142,7)
[11:44:19]ACCESS: Mob Login: AlcaroIsAFrick/(YO MAMA) was assigned to a /mob/living/carbon/human
[11:44:26]EMOTE: *no key*/(grey baby slime (462)) : <b>The grey baby slime (462)</b> vibrates! (120,102,2)
[11:44:27]SAY: Medibot/ : I knew it, I should&#39;ve been a plastic surgeon. (155,73,1)
[11:44:27]SAY: Officer Beepsky/ : Engaging patrol mode. (193,130,2)
[11:44:27]SAY: Prison Ofitser/ : Engaging patrol mode. (23,36,5)
[11:44:27]SAY: Prison Ofitser/ : Disengaging patrol mode. (23,36,5)
[11:44:38]SAY: Mjor the Creative/ : Rise, my creations! Jump off your pages and into this realm! (97,142,7)
[11:44:38]EMOTE: *no key*/(Runtime) : <b>Runtime</b> twitches its whiskers. (173,79,2)
[11:44:38]SAY: grey baby slime (462)/ : Blop... (120,102,2)
[11:44:40]EMOTE: *no key*/(mouse) : <b>The mouse</b> squeeks. (143,174,2)
[11:44:47]ACCESS: Logout: AlcaroIsAFrick/(YO MAMA)
