

Starting up round ID . 19:58:30
---------------------
Momo1911 \ Gordon Ramsay \ GORDON RAMSAY CHEF \ NONE \ LATEJOIN
Oscswe \ Jaraleet-Napetui \ cool guys high class \ NONE \ LATEJOIN
BadPanacea \ Itchy Tingle \ cool guys medium class \ NONE \ LATEJOIN
TonyRavioli \ H A R L I E  \ AI \ NONE \ LATEJOIN
Noober84555 \ Parker Stewart \ cool guys medium class \ NONE \ LATEJOIN
Ss13isaids \ Dab Dab \ cool guys high class \ NONE \ LATEJOIN
Oscswe \ Jaraleet-Napetui \ cool guys high class \ NONE \ LATEJOIN
Noober84555 \ Flamescale Zakuto \ cool guys high class \ NONE \ LATEJOIN
Momo1911 \ Gordon Ramsay \ cool guys high class \ NONE \ LATEJOIN
Noober84555 \ Flamescale Zakuto \ cool guys high class \ NONE \ LATEJOIN
Stormin5532 \ Janel Field \ cool guys high class \ NONE \ LATEJOIN
Stormin5532 \ Janel Field \ cool guys low class \ NONE \ LATEJOIN
Get High With Bloo \ Sal Snyder \ cool guys high class \ NONE \ LATEJOIN
BadPanacea \ Ongo Gablogian \ Shitcurity \ NONE \ LATEJOIN
Deranging \ Ded \ cool guys high class \ NONE \ LATEJOIN
TonyRavioli \ Travis Vasilyev \ cool guys high class \ NONE \ LATEJOIN
Very nise persin \ Very nise persin \ GORDON RAMSAY CHEF \ NONE \ LATEJOIN
Oscswe \ Jaraleet-Napetui \ cool guys high class \ NONE \ LATEJOIN
Deranging \ peepee \ cool guys high class \ NONE \ LATEJOIN
