

Starting up round ID . 14:45:34
---------------------
[14:45:34]ADMIN: Loading Banlist
[14:45:35]ACCESS: Login: Guest-1817465521 from 127.0.0.1-1817465521 || BYOND v511
[14:45:35]ACCESS: Mob Login: Guest-1817465521/(Guest-1817465521) was assigned to a /mob/dead/new_player
[14:45:36]GAME: Saved mode is 'sandbox'
[14:48:10]ACCESS: Login: Firemario64 from 72.176.228.88-1823488363 || BYOND v511
[14:48:10]ACCESS: Mob Login: Firemario64/(Firemario64) was assigned to a /mob/dead/new_player
[14:49:39]ACCESS: Logout: Firemario64/(Firemario64)
[14:49:57]GAME: Hierophant's Arena loaded at at 27,189,5
[14:49:57]GAME: Biodome Winter loaded at at 177,76,5
[14:49:57]GAME: Ruin of Envy loaded at at 221,119,5
[14:49:57]GAME: Blood-Drunk Miner (Guidance) loaded at at 183,170,5
[14:49:57]GAME: Crashed Shuttle loaded at at 237,75,5
[14:49:57]GAME: Ruin of Gluttony loaded at at 164,34,5
[14:49:57]GAME: The Wishgranter Cube loaded at at 211,154,5
[14:49:57]GAME: Ripley loaded at at 149,46,5
[14:49:58]GAME: Salvation loaded at at 285,73,4
[14:49:58]GAME: Asteroid 2 loaded at at 89,230,11
[14:49:58]GAME: Asteroid 4 loaded at at 47,25,9
[14:49:59]GAME: Survivalist Bunker loaded at at 29,214,10
[14:49:59]GAME: Unnamed Turreted Outpost loaded at at 98,355,10
[14:49:59]GAME: Biological Storage Facility loaded at at 125,67,4
[14:49:59]GAME: Waylaid Buses loaded at at 80,208,8
[14:49:59]GAME: Crashed Clown Ship loaded at at 229,213,8
[14:50:00]GAME: Ancient Space Station loaded at at 54,228,7
[14:50:00]GAME: NT Medical Ship loaded at at 72,280,11
[14:50:00]GAME: A Giant Ball of Paper in Space loaded at at 234,322,11
[14:50:00]GAME: Derelict 6 loaded at at 279,303,7
[14:50:00]GAME: Abandoned Teleporter loaded at at 365,261,3
[14:50:00]GAME: Asteroid 1 loaded at at 330,160,10
[14:50:01]GAME: Authorship loaded at at 166,180,11
[14:50:01]GAME: Derelict 1 loaded at at 112,249,10
[14:51:17]ACCESS: Logout: Guest-1817465521/(Guest-1817465521)
