

Starting up round ID . 13:41:01
---------------------
Initialized Blackbox subsystem within 0 seconds!
Initialized Server Tasks subsystem within 0 seconds!
Initialized Events subsystem within 0 seconds!
runtime error: 
[13:41:03]cannot read from list
[13:41:03]proc name: LoadJobs (/datum/controller/subsystem/job/proc/LoadJobs)
[13:41:03]  source file: job.dm,448
[13:41:03]  usr: null
[13:41:03]  src: Jobs (/datum/controller/subsystem/job)
[13:41:03]  call stack:
[13:41:03]Jobs (/datum/controller/subsystem/job): LoadJobs()
[13:41:03]Jobs (/datum/controller/subsystem/job): Initialize(600632)
[13:41:03]Master (/datum/controller/master): Initialize(10, 0)
Initialized Jobs subsystem within 0.1 seconds!
Initialized Ticker subsystem within 0.1 seconds!
Loading Delta Station...
runtime error: 
[13:41:37]Cannot read null.martial_art
[13:41:37]proc name: teach (/datum/martial_art/proc/teach)
[13:41:37]  source file: martial.dm,79
[13:41:37]  usr: AlcaroIsAFrick (/mob/dead/new_player)
[13:41:37]  src: Wrestling (/datum/martial_art/wrestling)
[13:41:37]  usr.loc: the plating (8,174,1) (/turf/open/floor/plating)
[13:41:37]  call stack:
[13:41:37]Wrestling (/datum/martial_art/wrestling): teach(Alcaro (/mob/living/carbon/human/dummy), 1)
[13:41:37]Wrestling (/datum/martial_art/wrestling): teach(Alcaro (/mob/living/carbon/human/dummy), 1)
[13:41:37]Wrestling Belt (/obj/item/storage/belt/champion/wrestling): equipped(Alcaro (/mob/living/carbon/human/dummy), 5)
[13:41:37]Alcaro (/mob/living/carbon/human/dummy): equip to slot(Wrestling Belt (/obj/item/storage/belt/champion/wrestling), 5, 0)
[13:41:37]Alcaro (/mob/living/carbon/human/dummy): equip to slot if possible(Wrestling Belt (/obj/item/storage/belt/champion/wrestling), 5, 1, 1, 0, 1)
[13:41:37]Alcaro (/mob/living/carbon/human/dummy): equip to slot or del(Wrestling Belt (/obj/item/storage/belt/champion/wrestling), 5)
[13:41:37]Captain (/datum/outfit/job/captain): equip(Alcaro (/mob/living/carbon/human/dummy), 1)
[13:41:37]Alcaro (/mob/living/carbon/human/dummy): equipOutfit(/datum/outfit/job/captain (/datum/outfit/job/captain), 1)
[13:41:37]/datum/job/captain (/datum/job/captain): equip(Alcaro (/mob/living/carbon/human/dummy), 1, 1)
[13:41:37]/datum/preferences (/datum/preferences): update preview icon()
[13:41:37]/datum/preferences (/datum/preferences): ShowChoices(AlcaroIsAFrick (/mob/dead/new_player))
[13:41:37]AlcaroIsAFrick (/mob/dead/new_player): Topic("src=\[mob_0];show_preferences=...", /list (/list))
[13:41:37]AlcaroIsAFrick (/client): Topic("src=\[mob_0];show_preferences=...", /list (/list), AlcaroIsAFrick (/mob/dead/new_player))
[13:41:37]AlcaroIsAFrick (/client): Topic("src=\[mob_0];show_preferences=...", /list (/list), AlcaroIsAFrick (/mob/dead/new_player))
runtime error: 
[13:41:37]Cannot execute null.start().
[13:41:37]proc name: equipped (/obj/item/clothing/head/helmet/space/hardsuit/equipped)
[13:41:37]  source file: hardsuit.dm,63
[13:41:37]  usr: AlcaroIsAFrick (/mob/dead/new_player)
[13:41:37]  src: the elite syndicate hardsuit h... (/obj/item/clothing/head/helmet/space/hardsuit/syndi/elite)
[13:41:37]  usr.loc: the plating (8,174,1) (/turf/open/floor/plating)
[13:41:37]  src.loc: Alcaro (/mob/living/carbon/human/dummy)
[13:41:37]  call stack:
[13:41:37]the elite syndicate hardsuit h... (/obj/item/clothing/head/helmet/space/hardsuit/syndi/elite): equipped(Alcaro (/mob/living/carbon/human/dummy), 11)
[13:41:37]Alcaro (/mob/living/carbon/human/dummy): equip to slot(the elite syndicate hardsuit h... (/obj/item/clothing/head/helmet/space/hardsuit/syndi/elite), 11, 1)
[13:41:37]Alcaro (/mob/living/carbon/human/dummy): equip to slot(the elite syndicate hardsuit h... (/obj/item/clothing/head/helmet/space/hardsuit/syndi/elite), 11, 1)
[13:41:37]Alcaro (/mob/living/carbon/human/dummy): equip to slot if possible(the elite syndicate hardsuit h... (/obj/item/clothing/head/helmet/space/hardsuit/syndi/elite), 11, 0, 0, 1, 0)
[13:41:37]the elite syndicate hardsuit (/obj/item/clothing/suit/space/hardsuit/syndi/elite): ToggleHelmet()
[13:41:37]Captain (/datum/outfit/job/captain): equip(Alcaro (/mob/living/carbon/human/dummy), 1)
[13:41:37]Alcaro (/mob/living/carbon/human/dummy): equipOutfit(/datum/outfit/job/captain (/datum/outfit/job/captain), 1)
[13:41:37]/datum/job/captain (/datum/job/captain): equip(Alcaro (/mob/living/carbon/human/dummy), 1, 1)
[13:41:37]/datum/preferences (/datum/preferences): update preview icon()
[13:41:37]/datum/preferences (/datum/preferences): ShowChoices(AlcaroIsAFrick (/mob/dead/new_player))
[13:41:37]AlcaroIsAFrick (/mob/dead/new_player): Topic("src=\[mob_0];show_preferences=...", /list (/list))
[13:41:37]AlcaroIsAFrick (/client): Topic("src=\[mob_0];show_preferences=...", /list (/list), AlcaroIsAFrick (/mob/dead/new_player))
[13:41:37]AlcaroIsAFrick (/client): Topic("src=\[mob_0];show_preferences=...", /list (/list), AlcaroIsAFrick (/mob/dead/new_player))
runtime error: 
[13:41:41]Cannot execute null.stop().
[13:41:41]proc name: dropped (/obj/item/clothing/head/helmet/space/hardsuit/dropped)
[13:41:41]  source file: hardsuit.dm,48
[13:41:41]  usr: AlcaroIsAFrick (/mob/dead/new_player)
[13:41:41]  src: the elite syndicate hardsuit h... (/obj/item/clothing/head/helmet/space/hardsuit/syndi/elite)
[13:41:41]  usr.loc: the plating (8,174,1) (/turf/open/floor/plating)
[13:41:41]  src.loc: Alcaro (/mob/living/carbon/human/dummy)
[13:41:41]  call stack:
[13:41:41]the elite syndicate hardsuit h... (/obj/item/clothing/head/helmet/space/hardsuit/syndi/elite): dropped(Alcaro (/mob/living/carbon/human/dummy))
[13:41:41]Alcaro (/mob/living/carbon/human/dummy): doUnEquip(the elite syndicate hardsuit h... (/obj/item/clothing/head/helmet/space/hardsuit/syndi/elite), 1, null, 1, 1)
[13:41:41]Alcaro (/mob/living/carbon/human/dummy): doUnEquip(the elite syndicate hardsuit h... (/obj/item/clothing/head/helmet/space/hardsuit/syndi/elite), 1, null, 1, 1)
[13:41:41]Alcaro (/mob/living/carbon/human/dummy): doUnEquip(the elite syndicate hardsuit h... (/obj/item/clothing/head/helmet/space/hardsuit/syndi/elite), 1, null, 1, 1)
[13:41:41]Alcaro (/mob/living/carbon/human/dummy): temporarilyRemoveItemFromInventory(the elite syndicate hardsuit h... (/obj/item/clothing/head/helmet/space/hardsuit/syndi/elite), 1, 1)
[13:41:41]the elite syndicate hardsuit h... (/obj/item/clothing/head/helmet/space/hardsuit/syndi/elite): Destroy(0)
[13:41:41]the elite syndicate hardsuit h... (/obj/item/clothing/head/helmet/space/hardsuit/syndi/elite): Destroy(0)
[13:41:41]the elite syndicate hardsuit h... (/obj/item/clothing/head/helmet/space/hardsuit/syndi/elite): Destroy(0)
[13:41:41]the elite syndicate hardsuit h... (/obj/item/clothing/head/helmet/space/hardsuit/syndi/elite): Destroy(0)
[13:41:41]qdel(the elite syndicate hardsuit h... (/obj/item/clothing/head/helmet/space/hardsuit/syndi/elite), 0)
[13:41:41]Alcaro (/mob/living/carbon/human/dummy): delete equipment()
[13:41:41]Alcaro (/mob/living/carbon/human/dummy): wipe state()
[13:41:41]unset busy human dummy("dummy_preference_preview")
[13:41:41]/datum/preferences (/datum/preferences): update preview icon()
[13:41:41]/datum/preferences (/datum/preferences): ShowChoices(AlcaroIsAFrick (/mob/dead/new_player))
[13:41:41]AlcaroIsAFrick (/mob/dead/new_player): Topic("src=\[mob_0];show_preferences=...", /list (/list))
[13:41:41]AlcaroIsAFrick (/client): Topic("src=\[mob_0];show_preferences=...", /list (/list), AlcaroIsAFrick (/mob/dead/new_player))
[13:41:41]AlcaroIsAFrick (/client): Topic("src=\[mob_0];show_preferences=...", /list (/list), AlcaroIsAFrick (/mob/dead/new_player))
runtime error: 
[13:41:41]Cannot read null.martial_art
[13:41:41]proc name: remove (/datum/martial_art/proc/remove)
[13:41:41]  source file: martial.dm,101
[13:41:41]  usr: AlcaroIsAFrick (/mob/dead/new_player)
[13:41:41]  src: Wrestling (/datum/martial_art/wrestling)
[13:41:41]  usr.loc: the plating (8,174,1) (/turf/open/floor/plating)
[13:41:41]  call stack:
[13:41:41]Wrestling (/datum/martial_art/wrestling): remove(Alcaro (/mob/living/carbon/human/dummy))
[13:41:41]Wrestling Belt (/obj/item/storage/belt/champion/wrestling): dropped(Alcaro (/mob/living/carbon/human/dummy))
[13:41:41]Alcaro (/mob/living/carbon/human/dummy): doUnEquip(Wrestling Belt (/obj/item/storage/belt/champion/wrestling), 1, null, 1, 1)
[13:41:41]Alcaro (/mob/living/carbon/human/dummy): doUnEquip(Wrestling Belt (/obj/item/storage/belt/champion/wrestling), 1, null, 1, 1)
[13:41:41]Alcaro (/mob/living/carbon/human/dummy): doUnEquip(Wrestling Belt (/obj/item/storage/belt/champion/wrestling), 1, null, 1, 1)
[13:41:41]Alcaro (/mob/living/carbon/human/dummy): temporarilyRemoveItemFromInventory(Wrestling Belt (/obj/item/storage/belt/champion/wrestling), 1, 1)
[13:41:41]Wrestling Belt (/obj/item/storage/belt/champion/wrestling): Destroy(0)
[13:41:41]Wrestling Belt (/obj/item/storage/belt/champion/wrestling): Destroy(0)
[13:41:41]qdel(Wrestling Belt (/obj/item/storage/belt/champion/wrestling), 0)
[13:41:41]Alcaro (/mob/living/carbon/human/dummy): delete equipment()
[13:41:41]Alcaro (/mob/living/carbon/human/dummy): wipe state()
[13:41:41]unset busy human dummy("dummy_preference_preview")
[13:41:41]/datum/preferences (/datum/preferences): update preview icon()
[13:41:41]/datum/preferences (/datum/preferences): ShowChoices(AlcaroIsAFrick (/mob/dead/new_player))
[13:41:41]AlcaroIsAFrick (/mob/dead/new_player): Topic("src=\[mob_0];show_preferences=...", /list (/list))
[13:41:41]AlcaroIsAFrick (/client): Topic("src=\[mob_0];show_preferences=...", /list (/list), AlcaroIsAFrick (/mob/dead/new_player))
[13:41:41]AlcaroIsAFrick (/client): Topic("src=\[mob_0];show_preferences=...", /list (/list), AlcaroIsAFrick (/mob/dead/new_player))
runtime error: 
[13:41:41]Cannot read null.martial_art
[13:41:41]proc name: teach (/datum/martial_art/proc/teach)
[13:41:41]  source file: martial.dm,79
[13:41:41]  usr: AlcaroIsAFrick (/mob/dead/new_player)
[13:41:41]  src: Wrestling (/datum/martial_art/wrestling)
[13:41:41]  usr.loc: the plating (8,174,1) (/turf/open/floor/plating)
[13:41:41]  call stack:
[13:41:41]Wrestling (/datum/martial_art/wrestling): teach(Alcaro (/mob/living/carbon/human/dummy), 1)
[13:41:41]Wrestling (/datum/martial_art/wrestling): teach(Alcaro (/mob/living/carbon/human/dummy), 1)
[13:41:41]Wrestling Belt (/obj/item/storage/belt/champion/wrestling): equipped(Alcaro (/mob/living/carbon/human/dummy), 5)
[13:41:41]Alcaro (/mob/living/carbon/human/dummy): equip to slot(Wrestling Belt (/obj/item/storage/belt/champion/wrestling), 5, 0)
[13:41:41]Alcaro (/mob/living/carbon/human/dummy): equip to slot if possible(Wrestling Belt (/obj/item/storage/belt/champion/wrestling), 5, 1, 1, 0, 1)
[13:41:41]Alcaro (/mob/living/carbon/human/dummy): equip to slot or del(Wrestling Belt (/obj/item/storage/belt/champion/wrestling), 5)
[13:41:41]Captain (/datum/outfit/job/captain): equip(Alcaro (/mob/living/carbon/human/dummy), 1)
[13:41:41]Alcaro (/mob/living/carbon/human/dummy): equipOutfit(/datum/outfit/job/captain (/datum/outfit/job/captain), 1)
[13:41:41]/datum/job/captain (/datum/job/captain): equip(Alcaro (/mob/living/carbon/human/dummy), 1, 1)
[13:41:41]/datum/preferences (/datum/preferences): update preview icon()
[13:41:41]/datum/preferences (/datum/preferences): ShowChoices(AlcaroIsAFrick (/mob/dead/new_player))
[13:41:41]AlcaroIsAFrick (/mob/dead/new_player): Topic("src=\[mob_0];show_preferences=...", /list (/list))
[13:41:41]AlcaroIsAFrick (/client): Topic("src=\[mob_0];show_preferences=...", /list (/list), AlcaroIsAFrick (/mob/dead/new_player))
[13:41:41]AlcaroIsAFrick (/client): Topic("src=\[mob_0];show_preferences=...", /list (/list), AlcaroIsAFrick (/mob/dead/new_player))
runtime error: 
[13:41:41]Cannot execute null.start().
[13:41:41]proc name: equipped (/obj/item/clothing/head/helmet/space/hardsuit/equipped)
[13:41:41]  source file: hardsuit.dm,63
[13:41:41]  usr: AlcaroIsAFrick (/mob/dead/new_player)
[13:41:41]  src: the elite syndicate hardsuit h... (/obj/item/clothing/head/helmet/space/hardsuit/syndi/elite)
[13:41:41]  usr.loc: the plating (8,174,1) (/turf/open/floor/plating)
[13:41:41]  src.loc: Alcaro (/mob/living/carbon/human/dummy)
[13:41:41]  call stack:
[13:41:41]the elite syndicate hardsuit h... (/obj/item/clothing/head/helmet/space/hardsuit/syndi/elite): equipped(Alcaro (/mob/living/carbon/human/dummy), 11)
[13:41:41]Alcaro (/mob/living/carbon/human/dummy): equip to slot(the elite syndicate hardsuit h... (/obj/item/clothing/head/helmet/space/hardsuit/syndi/elite), 11, 1)
[13:41:41]Alcaro (/mob/living/carbon/human/dummy): equip to slot(the elite syndicate hardsuit h... (/obj/item/clothing/head/helmet/space/hardsuit/syndi/elite), 11, 1)
[13:41:41]Alcaro (/mob/living/carbon/human/dummy): equip to slot if possible(the elite syndicate hardsuit h... (/obj/item/clothing/head/helmet/space/hardsuit/syndi/elite), 11, 0, 0, 1, 0)
[13:41:41]the elite syndicate hardsuit (/obj/item/clothing/suit/space/hardsuit/syndi/elite): ToggleHelmet()
[13:41:41]Captain (/datum/outfit/job/captain): equip(Alcaro (/mob/living/carbon/human/dummy), 1)
[13:41:41]Alcaro (/mob/living/carbon/human/dummy): equipOutfit(/datum/outfit/job/captain (/datum/outfit/job/captain), 1)
[13:41:41]/datum/job/captain (/datum/job/captain): equip(Alcaro (/mob/living/carbon/human/dummy), 1, 1)
[13:41:41]/datum/preferences (/datum/preferences): update preview icon()
[13:41:41]/datum/preferences (/datum/preferences): ShowChoices(AlcaroIsAFrick (/mob/dead/new_player))
[13:41:41]AlcaroIsAFrick (/mob/dead/new_player): Topic("src=\[mob_0];show_preferences=...", /list (/list))
[13:41:41]AlcaroIsAFrick (/client): Topic("src=\[mob_0];show_preferences=...", /list (/list), AlcaroIsAFrick (/mob/dead/new_player))
[13:41:41]AlcaroIsAFrick (/client): Topic("src=\[mob_0];show_preferences=...", /list (/list), AlcaroIsAFrick (/mob/dead/new_player))
runtime error: 
[13:41:44]Cannot execute null.stop().
[13:41:44]proc name: dropped (/obj/item/clothing/head/helmet/space/hardsuit/dropped)
[13:41:44]  source file: hardsuit.dm,48
[13:41:44]  usr: AlcaroIsAFrick (/mob/dead/new_player)
[13:41:44]  src: the elite syndicate hardsuit h... (/obj/item/clothing/head/helmet/space/hardsuit/syndi/elite)
[13:41:44]  usr.loc: the plating (8,174,1) (/turf/open/floor/plating)
[13:41:44]  src.loc: Alcaro (/mob/living/carbon/human/dummy)
[13:41:44]  call stack:
[13:41:44]the elite syndicate hardsuit h... (/obj/item/clothing/head/helmet/space/hardsuit/syndi/elite): dropped(Alcaro (/mob/living/carbon/human/dummy))
[13:41:44]Alcaro (/mob/living/carbon/human/dummy): doUnEquip(the elite syndicate hardsuit h... (/obj/item/clothing/head/helmet/space/hardsuit/syndi/elite), 1, null, 1, 1)
[13:41:44]Alcaro (/mob/living/carbon/human/dummy): doUnEquip(the elite syndicate hardsuit h... (/obj/item/clothing/head/helmet/space/hardsuit/syndi/elite), 1, null, 1, 1)
[13:41:44]Alcaro (/mob/living/carbon/human/dummy): doUnEquip(the elite syndicate hardsuit h... (/obj/item/clothing/head/helmet/space/hardsuit/syndi/elite), 1, null, 1, 1)
[13:41:44]Alcaro (/mob/living/carbon/human/dummy): temporarilyRemoveItemFromInventory(the elite syndicate hardsuit h... (/obj/item/clothing/head/helmet/space/hardsuit/syndi/elite), 1, 1)
[13:41:44]the elite syndicate hardsuit h... (/obj/item/clothing/head/helmet/space/hardsuit/syndi/elite): Destroy(0)
[13:41:44]the elite syndicate hardsuit h... (/obj/item/clothing/head/helmet/space/hardsuit/syndi/elite): Destroy(0)
[13:41:44]the elite syndicate hardsuit h... (/obj/item/clothing/head/helmet/space/hardsuit/syndi/elite): Destroy(0)
[13:41:44]the elite syndicate hardsuit h... (/obj/item/clothing/head/helmet/space/hardsuit/syndi/elite): Destroy(0)
[13:41:44]qdel(the elite syndicate hardsuit h... (/obj/item/clothing/head/helmet/space/hardsuit/syndi/elite), 0)
[13:41:44]Alcaro (/mob/living/carbon/human/dummy): delete equipment()
[13:41:44]Alcaro (/mob/living/carbon/human/dummy): wipe state()
[13:41:44]unset busy human dummy("dummy_preference_preview")
[13:41:44]/datum/preferences (/datum/preferences): update preview icon()
[13:41:44]/datum/preferences (/datum/preferences): ShowChoices(AlcaroIsAFrick (/mob/dead/new_player))
[13:41:44]AlcaroIsAFrick (/mob/dead/new_player): Topic("src=\[mob_0];show_preferences=...", /list (/list))
[13:41:44]AlcaroIsAFrick (/client): Topic("src=\[mob_0];show_preferences=...", /list (/list), AlcaroIsAFrick (/mob/dead/new_player))
[13:41:44]AlcaroIsAFrick (/client): Topic("src=\[mob_0];show_preferences=...", /list (/list), AlcaroIsAFrick (/mob/dead/new_player))
runtime error: 
[13:41:44]Cannot read null.martial_art
[13:41:44]proc name: remove (/datum/martial_art/proc/remove)
[13:41:44]  source file: martial.dm,101
[13:41:44]  usr: AlcaroIsAFrick (/mob/dead/new_player)
[13:41:44]  src: Wrestling (/datum/martial_art/wrestling)
[13:41:44]  usr.loc: the plating (8,174,1) (/turf/open/floor/plating)
[13:41:44]  call stack:
[13:41:44]Wrestling (/datum/martial_art/wrestling): remove(Alcaro (/mob/living/carbon/human/dummy))
[13:41:44]Wrestling Belt (/obj/item/storage/belt/champion/wrestling): dropped(Alcaro (/mob/living/carbon/human/dummy))
[13:41:44]Alcaro (/mob/living/carbon/human/dummy): doUnEquip(Wrestling Belt (/obj/item/storage/belt/champion/wrestling), 1, null, 1, 1)
[13:41:44]Alcaro (/mob/living/carbon/human/dummy): doUnEquip(Wrestling Belt (/obj/item/storage/belt/champion/wrestling), 1, null, 1, 1)
[13:41:44]Alcaro (/mob/living/carbon/human/dummy): doUnEquip(Wrestling Belt (/obj/item/storage/belt/champion/wrestling), 1, null, 1, 1)
[13:41:44]Alcaro (/mob/living/carbon/human/dummy): temporarilyRemoveItemFromInventory(Wrestling Belt (/obj/item/storage/belt/champion/wrestling), 1, 1)
[13:41:44]Wrestling Belt (/obj/item/storage/belt/champion/wrestling): Destroy(0)
[13:41:44]Wrestling Belt (/obj/item/storage/belt/champion/wrestling): Destroy(0)
[13:41:44]qdel(Wrestling Belt (/obj/item/storage/belt/champion/wrestling), 0)
[13:41:44]Alcaro (/mob/living/carbon/human/dummy): delete equipment()
[13:41:44]Alcaro (/mob/living/carbon/human/dummy): wipe state()
[13:41:44]unset busy human dummy("dummy_preference_preview")
[13:41:44]/datum/preferences (/datum/preferences): update preview icon()
[13:41:44]/datum/preferences (/datum/preferences): ShowChoices(AlcaroIsAFrick (/mob/dead/new_player))
[13:41:44]AlcaroIsAFrick (/mob/dead/new_player): Topic("src=\[mob_0];show_preferences=...", /list (/list))
[13:41:44]AlcaroIsAFrick (/client): Topic("src=\[mob_0];show_preferences=...", /list (/list), AlcaroIsAFrick (/mob/dead/new_player))
[13:41:44]AlcaroIsAFrick (/client): Topic("src=\[mob_0];show_preferences=...", /list (/list), AlcaroIsAFrick (/mob/dead/new_player))
runtime error: 
[13:41:48]Cannot read null.martial_art
[13:41:48]proc name: teach (/datum/martial_art/proc/teach)
[13:41:48]  source file: martial.dm,79
[13:41:48]  usr: AlcaroIsAFrick (/mob/dead/new_player)
[13:41:48]  src: Wrestling (/datum/martial_art/wrestling)
[13:41:48]  usr.loc: the plating (8,174,1) (/turf/open/floor/plating)
[13:41:48]  call stack:
[13:41:48]Wrestling (/datum/martial_art/wrestling): teach(Alcaro (/mob/living/carbon/human/dummy), 1)
[13:41:48]Wrestling (/datum/martial_art/wrestling): teach(Alcaro (/mob/living/carbon/human/dummy), 1)
[13:41:48]Wrestling Belt (/obj/item/storage/belt/champion/wrestling): equipped(Alcaro (/mob/living/carbon/human/dummy), 5)
[13:41:48]Alcaro (/mob/living/carbon/human/dummy): equip to slot(Wrestling Belt (/obj/item/storage/belt/champion/wrestling), 5, 0)
[13:41:48]Alcaro (/mob/living/carbon/human/dummy): equip to slot if possible(Wrestling Belt (/obj/item/storage/belt/champion/wrestling), 5, 1, 1, 0, 1)
[13:41:48]Alcaro (/mob/living/carbon/human/dummy): equip to slot or del(Wrestling Belt (/obj/item/storage/belt/champion/wrestling), 5)
[13:41:48]Captain (/datum/outfit/job/captain): equip(Alcaro (/mob/living/carbon/human/dummy), 1)
[13:41:48]Alcaro (/mob/living/carbon/human/dummy): equipOutfit(/datum/outfit/job/captain (/datum/outfit/job/captain), 1)
[13:41:48]/datum/job/captain (/datum/job/captain): equip(Alcaro (/mob/living/carbon/human/dummy), 1, 1)
[13:41:48]/datum/preferences (/datum/preferences): update preview icon()
[13:41:48]/datum/preferences (/datum/preferences): ShowChoices(AlcaroIsAFrick (/mob/dead/new_player))
[13:41:48]/datum/preferences (/datum/preferences): process link(AlcaroIsAFrick (/mob/dead/new_player), /list (/list))
[13:41:48]AlcaroIsAFrick (/client): Topic("_src_=prefs;preference=species...", /list (/list), null)
[13:41:48]AlcaroIsAFrick (/client): Topic("_src_=prefs;preference=species...", /list (/list))
runtime error: 
[13:41:48]Cannot execute null.start().
[13:41:48]proc name: equipped (/obj/item/clothing/head/helmet/space/hardsuit/equipped)
[13:41:48]  source file: hardsuit.dm,63
[13:41:48]  usr: AlcaroIsAFrick (/mob/dead/new_player)
[13:41:48]  src: the elite syndicate hardsuit h... (/obj/item/clothing/head/helmet/space/hardsuit/syndi/elite)
[13:41:48]  usr.loc: the plating (8,174,1) (/turf/open/floor/plating)
[13:41:48]  src.loc: Alcaro (/mob/living/carbon/human/dummy)
[13:41:48]  call stack:
[13:41:48]the elite syndicate hardsuit h... (/obj/item/clothing/head/helmet/space/hardsuit/syndi/elite): equipped(Alcaro (/mob/living/carbon/human/dummy), 11)
[13:41:48]Alcaro (/mob/living/carbon/human/dummy): equip to slot(the elite syndicate hardsuit h... (/obj/item/clothing/head/helmet/space/hardsuit/syndi/elite), 11, 1)
[13:41:48]Alcaro (/mob/living/carbon/human/dummy): equip to slot(the elite syndicate hardsuit h... (/obj/item/clothing/head/helmet/space/hardsuit/syndi/elite), 11, 1)
[13:41:48]Alcaro (/mob/living/carbon/human/dummy): equip to slot if possible(the elite syndicate hardsuit h... (/obj/item/clothing/head/helmet/space/hardsuit/syndi/elite), 11, 0, 0, 1, 0)
[13:41:48]the elite syndicate hardsuit (/obj/item/clothing/suit/space/hardsuit/syndi/elite): ToggleHelmet()
[13:41:48]Captain (/datum/outfit/job/captain): equip(Alcaro (/mob/living/carbon/human/dummy), 1)
[13:41:48]Alcaro (/mob/living/carbon/human/dummy): equipOutfit(/datum/outfit/job/captain (/datum/outfit/job/captain), 1)
[13:41:48]/datum/job/captain (/datum/job/captain): equip(Alcaro (/mob/living/carbon/human/dummy), 1, 1)
[13:41:48]/datum/preferences (/datum/preferences): update preview icon()
[13:41:48]/datum/preferences (/datum/preferences): ShowChoices(AlcaroIsAFrick (/mob/dead/new_player))
[13:41:48]/datum/preferences (/datum/preferences): process link(AlcaroIsAFrick (/mob/dead/new_player), /list (/list))
[13:41:48]AlcaroIsAFrick (/client): Topic("_src_=prefs;preference=species...", /list (/list), null)
[13:41:48]AlcaroIsAFrick (/client): Topic("_src_=prefs;preference=species...", /list (/list))
runtime error: 
[13:41:48]Cannot execute null.stop().
[13:41:48]proc name: dropped (/obj/item/clothing/head/helmet/space/hardsuit/dropped)
[13:41:48]  source file: hardsuit.dm,48
[13:41:48]  usr: AlcaroIsAFrick (/mob/dead/new_player)
[13:41:48]  src: the elite syndicate hardsuit h... (/obj/item/clothing/head/helmet/space/hardsuit/syndi/elite)
[13:41:48]  usr.loc: the plating (8,174,1) (/turf/open/floor/plating)
[13:41:48]  src.loc: Alcaro (/mob/living/carbon/human/dummy)
[13:41:48]  call stack:
[13:41:48]the elite syndicate hardsuit h... (/obj/item/clothing/head/helmet/space/hardsuit/syndi/elite): dropped(Alcaro (/mob/living/carbon/human/dummy))
[13:41:48]Alcaro (/mob/living/carbon/human/dummy): doUnEquip(the elite syndicate hardsuit h... (/obj/item/clothing/head/helmet/space/hardsuit/syndi/elite), 1, null, 1, 1)
[13:41:48]Alcaro (/mob/living/carbon/human/dummy): doUnEquip(the elite syndicate hardsuit h... (/obj/item/clothing/head/helmet/space/hardsuit/syndi/elite), 1, null, 1, 1)
[13:41:48]Alcaro (/mob/living/carbon/human/dummy): doUnEquip(the elite syndicate hardsuit h... (/obj/item/clothing/head/helmet/space/hardsuit/syndi/elite), 1, null, 1, 1)
[13:41:48]Alcaro (/mob/living/carbon/human/dummy): temporarilyRemoveItemFromInventory(the elite syndicate hardsuit h... (/obj/item/clothing/head/helmet/space/hardsuit/syndi/elite), 1, 1)
[13:41:48]the elite syndicate hardsuit h... (/obj/item/clothing/head/helmet/space/hardsuit/syndi/elite): Destroy(0)
[13:41:48]the elite syndicate hardsuit h... (/obj/item/clothing/head/helmet/space/hardsuit/syndi/elite): Destroy(0)
[13:41:48]the elite syndicate hardsuit h... (/obj/item/clothing/head/helmet/space/hardsuit/syndi/elite): Destroy(0)
[13:41:48]the elite syndicate hardsuit h... (/obj/item/clothing/head/helmet/space/hardsuit/syndi/elite): Destroy(0)
[13:41:48]qdel(the elite syndicate hardsuit h... (/obj/item/clothing/head/helmet/space/hardsuit/syndi/elite), 0)
[13:41:48]Alcaro (/mob/living/carbon/human/dummy): delete equipment()
[13:41:48]Alcaro (/mob/living/carbon/human/dummy): wipe state()
[13:41:48]unset busy human dummy("dummy_preference_preview")
[13:41:48]/datum/preferences (/datum/preferences): update preview icon()
[13:41:48]/datum/preferences (/datum/preferences): ShowChoices(AlcaroIsAFrick (/mob/dead/new_player))
[13:41:48]/datum/preferences (/datum/preferences): process link(AlcaroIsAFrick (/mob/dead/new_player), /list (/list))
[13:41:48]AlcaroIsAFrick (/client): Topic("_src_=prefs;preference=species...", /list (/list), null)
[13:41:48]AlcaroIsAFrick (/client): Topic("_src_=prefs;preference=species...", /list (/list))
runtime error: 
[13:41:49]Cannot read null.martial_art
[13:41:49]proc name: remove (/datum/martial_art/proc/remove)
[13:41:49]  source file: martial.dm,101
[13:41:49]  usr: AlcaroIsAFrick (/mob/dead/new_player)
[13:41:49]  src: Wrestling (/datum/martial_art/wrestling)
[13:41:49]  usr.loc: the plating (8,174,1) (/turf/open/floor/plating)
[13:41:49]  call stack:
[13:41:49]Wrestling (/datum/martial_art/wrestling): remove(Alcaro (/mob/living/carbon/human/dummy))
[13:41:49]Wrestling Belt (/obj/item/storage/belt/champion/wrestling): dropped(Alcaro (/mob/living/carbon/human/dummy))
[13:41:49]Alcaro (/mob/living/carbon/human/dummy): doUnEquip(Wrestling Belt (/obj/item/storage/belt/champion/wrestling), 1, null, 1, 1)
[13:41:49]Alcaro (/mob/living/carbon/human/dummy): doUnEquip(Wrestling Belt (/obj/item/storage/belt/champion/wrestling), 1, null, 1, 1)
[13:41:49]Alcaro (/mob/living/carbon/human/dummy): doUnEquip(Wrestling Belt (/obj/item/storage/belt/champion/wrestling), 1, null, 1, 1)
[13:41:49]Alcaro (/mob/living/carbon/human/dummy): temporarilyRemoveItemFromInventory(Wrestling Belt (/obj/item/storage/belt/champion/wrestling), 1, 1)
[13:41:49]Wrestling Belt (/obj/item/storage/belt/champion/wrestling): Destroy(0)
[13:41:49]Wrestling Belt (/obj/item/storage/belt/champion/wrestling): Destroy(0)
[13:41:49]qdel(Wrestling Belt (/obj/item/storage/belt/champion/wrestling), 0)
[13:41:49]Alcaro (/mob/living/carbon/human/dummy): delete equipment()
[13:41:49]Alcaro (/mob/living/carbon/human/dummy): wipe state()
[13:41:49]unset busy human dummy("dummy_preference_preview")
[13:41:49]/datum/preferences (/datum/preferences): update preview icon()
[13:41:49]/datum/preferences (/datum/preferences): ShowChoices(AlcaroIsAFrick (/mob/dead/new_player))
[13:41:49]/datum/preferences (/datum/preferences): process link(AlcaroIsAFrick (/mob/dead/new_player), /list (/list))
[13:41:49]AlcaroIsAFrick (/client): Topic("_src_=prefs;preference=species...", /list (/list), null)
[13:41:49]AlcaroIsAFrick (/client): Topic("_src_=prefs;preference=species...", /list (/list))
runtime error: 
[13:41:54]Cannot read null.martial_art
[13:41:54]proc name: teach (/datum/martial_art/proc/teach)
[13:41:54]  source file: martial.dm,79
[13:41:54]  usr: AlcaroIsAFrick (/mob/dead/new_player)
[13:41:54]  src: Wrestling (/datum/martial_art/wrestling)
[13:41:54]  usr.loc: the plating (8,174,1) (/turf/open/floor/plating)
[13:41:54]  call stack:
[13:41:54]Wrestling (/datum/martial_art/wrestling): teach(Alcaro (/mob/living/carbon/human/dummy), 1)
[13:41:54]Wrestling (/datum/martial_art/wrestling): teach(Alcaro (/mob/living/carbon/human/dummy), 1)
[13:41:54]Wrestling Belt (/obj/item/storage/belt/champion/wrestling): equipped(Alcaro (/mob/living/carbon/human/dummy), 5)
[13:41:54]Alcaro (/mob/living/carbon/human/dummy): equip to slot(Wrestling Belt (/obj/item/storage/belt/champion/wrestling), 5, 0)
[13:41:54]Alcaro (/mob/living/carbon/human/dummy): equip to slot if possible(Wrestling Belt (/obj/item/storage/belt/champion/wrestling), 5, 1, 1, 0, 1)
[13:41:54]Alcaro (/mob/living/carbon/human/dummy): equip to slot or del(Wrestling Belt (/obj/item/storage/belt/champion/wrestling), 5)
[13:41:54]Captain (/datum/outfit/job/captain): equip(Alcaro (/mob/living/carbon/human/dummy), 1)
[13:41:54]Alcaro (/mob/living/carbon/human/dummy): equipOutfit(/datum/outfit/job/captain (/datum/outfit/job/captain), 1)
[13:41:54]/datum/job/captain (/datum/job/captain): equip(Alcaro (/mob/living/carbon/human/dummy), 1, 1)
[13:41:54]/datum/preferences (/datum/preferences): update preview icon()
[13:41:54]/datum/preferences (/datum/preferences): ShowChoices(AlcaroIsAFrick (/mob/dead/new_player))
[13:41:54]/datum/preferences (/datum/preferences): process link(AlcaroIsAFrick (/mob/dead/new_player), /list (/list))
[13:41:54]AlcaroIsAFrick (/client): Topic("_src_=prefs;preference=eyes;ta...", /list (/list), null)
[13:41:54]AlcaroIsAFrick (/client): Topic("_src_=prefs;preference=eyes;ta...", /list (/list))
runtime error: 
[13:41:54]Cannot execute null.start().
[13:41:54]proc name: equipped (/obj/item/clothing/head/helmet/space/hardsuit/equipped)
[13:41:54]  source file: hardsuit.dm,63
[13:41:54]  usr: AlcaroIsAFrick (/mob/dead/new_player)
[13:41:54]  src: the elite syndicate hardsuit h... (/obj/item/clothing/head/helmet/space/hardsuit/syndi/elite)
[13:41:54]  usr.loc: the plating (8,174,1) (/turf/open/floor/plating)
[13:41:54]  src.loc: Alcaro (/mob/living/carbon/human/dummy)
[13:41:54]  call stack:
[13:41:54]the elite syndicate hardsuit h... (/obj/item/clothing/head/helmet/space/hardsuit/syndi/elite): equipped(Alcaro (/mob/living/carbon/human/dummy), 11)
[13:41:54]Alcaro (/mob/living/carbon/human/dummy): equip to slot(the elite syndicate hardsuit h... (/obj/item/clothing/head/helmet/space/hardsuit/syndi/elite), 11, 1)
[13:41:54]Alcaro (/mob/living/carbon/human/dummy): equip to slot(the elite syndicate hardsuit h... (/obj/item/clothing/head/helmet/space/hardsuit/syndi/elite), 11, 1)
[13:41:54]Alcaro (/mob/living/carbon/human/dummy): equip to slot if possible(the elite syndicate hardsuit h... (/obj/item/clothing/head/helmet/space/hardsuit/syndi/elite), 11, 0, 0, 1, 0)
[13:41:54]the elite syndicate hardsuit (/obj/item/clothing/suit/space/hardsuit/syndi/elite): ToggleHelmet()
[13:41:54]Captain (/datum/outfit/job/captain): equip(Alcaro (/mob/living/carbon/human/dummy), 1)
[13:41:54]Alcaro (/mob/living/carbon/human/dummy): equipOutfit(/datum/outfit/job/captain (/datum/outfit/job/captain), 1)
[13:41:54]/datum/job/captain (/datum/job/captain): equip(Alcaro (/mob/living/carbon/human/dummy), 1, 1)
[13:41:54]/datum/preferences (/datum/preferences): update preview icon()
[13:41:54]/datum/preferences (/datum/preferences): ShowChoices(AlcaroIsAFrick (/mob/dead/new_player))
[13:41:54]/datum/preferences (/datum/preferences): process link(AlcaroIsAFrick (/mob/dead/new_player), /list (/list))
[13:41:54]AlcaroIsAFrick (/client): Topic("_src_=prefs;preference=eyes;ta...", /list (/list), null)
[13:41:54]AlcaroIsAFrick (/client): Topic("_src_=prefs;preference=eyes;ta...", /list (/list))
runtime error: 
[13:41:55]Cannot execute null.stop().
[13:41:55]proc name: dropped (/obj/item/clothing/head/helmet/space/hardsuit/dropped)
[13:41:55]  source file: hardsuit.dm,48
[13:41:55]  usr: AlcaroIsAFrick (/mob/dead/new_player)
[13:41:55]  src: the elite syndicate hardsuit h... (/obj/item/clothing/head/helmet/space/hardsuit/syndi/elite)
[13:41:55]  usr.loc: the plating (8,174,1) (/turf/open/floor/plating)
[13:41:55]  src.loc: Alcaro (/mob/living/carbon/human/dummy)
[13:41:55]  call stack:
[13:41:55]the elite syndicate hardsuit h... (/obj/item/clothing/head/helmet/space/hardsuit/syndi/elite): dropped(Alcaro (/mob/living/carbon/human/dummy))
[13:41:55]Alcaro (/mob/living/carbon/human/dummy): doUnEquip(the elite syndicate hardsuit h... (/obj/item/clothing/head/helmet/space/hardsuit/syndi/elite), 1, null, 1, 1)
[13:41:55]Alcaro (/mob/living/carbon/human/dummy): doUnEquip(the elite syndicate hardsuit h... (/obj/item/clothing/head/helmet/space/hardsuit/syndi/elite), 1, null, 1, 1)
[13:41:55]Alcaro (/mob/living/carbon/human/dummy): doUnEquip(the elite syndicate hardsuit h... (/obj/item/clothing/head/helmet/space/hardsuit/syndi/elite), 1, null, 1, 1)
[13:41:55]Alcaro (/mob/living/carbon/human/dummy): temporarilyRemoveItemFromInventory(the elite syndicate hardsuit h... (/obj/item/clothing/head/helmet/space/hardsuit/syndi/elite), 1, 1)
[13:41:55]the elite syndicate hardsuit h... (/obj/item/clothing/head/helmet/space/hardsuit/syndi/elite): Destroy(0)
[13:41:55]the elite syndicate hardsuit h... (/obj/item/clothing/head/helmet/space/hardsuit/syndi/elite): Destroy(0)
[13:41:55]the elite syndicate hardsuit h... (/obj/item/clothing/head/helmet/space/hardsuit/syndi/elite): Destroy(0)
[13:41:55]the elite syndicate hardsuit h... (/obj/item/clothing/head/helmet/space/hardsuit/syndi/elite): Destroy(0)
[13:41:55]qdel(the elite syndicate hardsuit h... (/obj/item/clothing/head/helmet/space/hardsuit/syndi/elite), 0)
[13:41:55]Alcaro (/mob/living/carbon/human/dummy): delete equipment()
[13:41:55]Alcaro (/mob/living/carbon/human/dummy): wipe state()
[13:41:55]unset busy human dummy("dummy_preference_preview")
[13:41:55]/datum/preferences (/datum/preferences): update preview icon()
[13:41:55]/datum/preferences (/datum/preferences): ShowChoices(AlcaroIsAFrick (/mob/dead/new_player))
[13:41:55]/datum/preferences (/datum/preferences): process link(AlcaroIsAFrick (/mob/dead/new_player), /list (/list))
[13:41:55]AlcaroIsAFrick (/client): Topic("_src_=prefs;preference=eyes;ta...", /list (/list), null)
[13:41:55]AlcaroIsAFrick (/client): Topic("_src_=prefs;preference=eyes;ta...", /list (/list))
runtime error: 
[13:41:55]Cannot read null.martial_art
[13:41:55]proc name: remove (/datum/martial_art/proc/remove)
[13:41:55]  source file: martial.dm,101
