

Starting up round ID . 15:50:21
---------------------
[15:50:21]ADMIN: Loading Banlist
[15:50:23]GAME: Saved mode is 'extended'
[15:50:53]ACCESS: Login: AlcaroIsAFrick from 127.0.0.1-1817465521 || BYOND v511
[15:50:53]ACCESS: Mob Login: AlcaroIsAFrick/(AlcaroIsAFrick) was assigned to a /mob/dead/new_player
[15:51:19]GAME: Hierophant's Arena loaded at at 130,77,5
[15:51:19]GAME: UFO Crash loaded at at 116,160,5
[15:51:19]GAME: Xenomorph Nest loaded at at 74,61,5
[15:51:19]GAME: Survival Capsule Ruins loaded at at 141,61,5
[15:51:19]GAME: Fountain Hall loaded at at 170,88,5
[15:51:19]GAME: Free Golem Ship loaded at at 122,29,5
[15:51:20]GAME: Ruined Pizza Party loaded at at 51,147,5
[15:51:21]GAME: Aesthetic Outpost loaded at at 65,36,8
[15:51:21]GAME: Disposal Facility 17 loaded at at 49,144,3
[15:51:21]GAME: Asteroid 2 loaded at at 94,213,11
[15:51:21]GAME: Asteroid 3 loaded at at 92,188,9
[15:51:22]GAME: Waylaid Buses loaded at at 185,81,9
[15:51:25]GAME: Derelict Tradepost loaded at at 164,103,10
[15:51:25]GAME: A Giant Ball of Paper in Space loaded at at 43,122,7
[15:51:25]GAME: DK Excavator 453 loaded at at 161,126,9
[15:51:27]GAME: The Twin-Nexus Hotel loaded at at 48,128,8
[15:51:27]GAME: Syndicate Listening Station loaded at at 73,107,11
[15:51:28]GAME: Dinner for Two loaded at at 138,102,3
[15:51:28]GAME: Asteroid 5 loaded at at 180,56,11
[15:51:28]GAME: Abandoned Teleporter loaded at at 48,127,10
[15:51:28]GAME: Ordinary Space Tile loaded at at 66,26,3
[15:51:28]GAME: Derelict 3 loaded at at 104,106,3
[15:51:28]GAME: CF Corsair loaded at at 199,172,9
[15:53:26]ADMIN: AlcaroIsAFrick/(AlcaroIsAFrick) played sound sound/health/slowbeat.ogg
[15:53:35]ADMIN: AlcaroIsAFrick/(AlcaroIsAFrick) played a local sound preface.ogg
[15:53:44]ADMIN: AlcaroIsAFrick/(AlcaroIsAFrick) stopped all currently playing sounds.
[15:53:54]ADMIN: AlcaroIsAFrick/(AlcaroIsAFrick) played sound preface.ogg
[15:54:33]ACCESS: Login: Lezus_Konrad from 82.17.116.125-3955108823 || BYOND v512
[15:54:33]ACCESS: Mob Login: Lezus_Konrad/(Lezus_Konrad) was assigned to a /mob/dead/new_player
[15:54:44]SAY: Mjor the Creative/ : Rise, my creations! Jump off your pages and into this realm! (76,135,7)
[15:54:46]EMOTE: *no key*/(Lizard) : <b>Lizard</b> stops moving... (193,93,9)
[15:54:48]SAY: Officer Beepsky/ : Engaging patrol mode. (193,130,2)
[15:54:48]EMOTE: *no key*/(Poly) : <b>Poly</b> bawks! (87,130,2)
[15:54:48]SAY: Prison Ofitser/ : Engaging patrol mode. (23,36,5)
[15:54:48]SAY: Prison Ofitser/ : Disengaging patrol mode. (23,36,5)
[15:54:51]EMOTE: *no key*/(Poly) : <b>Poly</b> flutters its wings. (87,130,2)
[15:54:53]SAY: mouse/ : Squeek? (204,166,2)
[15:54:53]SAY: Nobody's Perfect/ : Delicious! (24,75,1)
[15:55:01]SAY: Mjor the Creative/ : Rise, my creations! Jump off your pages and into this realm! (76,135,7)
[15:55:10]EMOTE: *no key*/(monkey (644)) : <b>The monkey (644)</b> jumps! (191,59,2)
[15:55:10]EMOTE: *no key*/(Runtime) : <b>Runtime</b> shakes out its coat. (174,79,2)
[15:55:11]SAY: Poly/ : Don&#39;t believe the reports - smoke today! (87,130,2)
[15:55:13]EMOTE: *no key*/(mouse) : <b>The mouse</b> runs in a circle. (143,68,2)
[15:55:17]ACCESS: Mob Login: AlcaroIsAFrick/(YO MAMA) was assigned to a /mob/living/carbon/human
[15:55:22]EMOTE: *no key*/(mouse) : <b>The mouse</b> shakes. (133,63,2)
[15:55:25]EMOTE: *no key*/(grey baby slime (192)) : <b>The grey baby slime (192)</b> lights up for a bit, then stops. (111,102,2)
[15:55:39]SAY: Renault/ : Geckers (161,134,2)
[15:55:48]SAY: mouse/ : SQUEEK! (194,79,2)
[15:55:48]EMOTE: *no key*/(Poly) : <b>Poly</b> looks in the BreatheDeep cartridge's direction and takes flight. (87,130,2)
[15:55:48]EMOTE: *no key*/(monkey (245)) : <b>The monkey (245)</b> jumps! (167,80,2)
[15:55:52]EMOTE: *no key*/(grey baby slime (294)) : <b>The grey baby slime (294)</b> vibrates! (116,93,2)
[15:56:01]SAY: Medibot/ : I knew it, I should&#39;ve been a plastic surgeon. (154,73,1)
[15:56:06]SAY: Nobody's Perfect/ : Radar, put a mask on! (24,75,1)
[15:56:10]SAY: Mjor the Creative/ : Rise, my creations! Jump off your pages and into this realm! (75,133,7)
[15:56:25]SAY: mouse/ : SQUEEK! (193,78,2)
[15:56:35]SAY: mouse/ : Squeek? (132,63,2)
[15:56:40]EMOTE: *no key*/(mouse) : <b>The mouse</b> runs in a circle. (197,90,2)
[15:56:43]EMOTE: *no key*/(monkey (680)) : <b>The monkey (680)</b> rolls. (191,58,2)
[15:56:46]EMOTE: *no key*/(Poly) : <b>Poly</b> looks in the BreatheDeep cartridge's direction and takes flight. (87,130,2)
[15:56:48]SAY: mouse/ : Squeek! (192,78,2)
[15:56:49]EMOTE: *no key*/(Runtime) : <b>Runtime</b> lies down. (176,79,2)
[15:56:50]EMOTE: *no key*/(Poly) : <b>Poly</b> flutters its wings. (87,130,2)
[15:56:51]EMOTE: *no key*/(Ian) : <b>Ian</b> chases its tail! (142,122,2)
[15:56:55]EMOTE: *no key*/(Runtime) : <b>Runtime</b> gets up and meows. (176,79,2)
[15:57:02]SAY: emergency medibot/ : There&#39;s always a catch, and I&#39;m the best there is. (222,84,1)
[15:57:08]SAY: mouse/ : Squeek! (133,63,2)
[15:57:16]EMOTE: *no key*/(mouse) : <b>The mouse</b> squeeks. (176,137,2)
[15:57:21]EMOTE: *no key*/(pug) : <b>Swanson</b> chases its tail. (113,81,2)
[15:57:25]SAY: Nobody's Perfect/ : There&#39;s always a catch, and I&#39;m the best there is. (24,75,1)
[15:57:37]EMOTE: *no key*/(Runtime) : <b>Runtime</b> grooms its fur. (177,79,2)
[15:57:41]EMOTE: *no key*/(Poly) : <b>Poly</b> looks in the BreatheDeep cartridge's direction and takes flight. (87,130,2)
[15:57:44]EMOTE: *no key*/(monkey (245)) : <b>The monkey (245)</b> waves his tail. (167,81,2)
[15:57:46]EMOTE: *no key*/(monkey (497)) : <b>The monkey (497)</b> waves her tail. (194,59,2)
[15:57:57]SAY: Accidents Happen/ : Delicious! (84,164,8)
[15:57:57]EMOTE: *no key*/(mouse) : <b>The mouse</b> squeeks. (208,170,2)
[15:58:01]EMOTE: *no key*/(mouse) : <b>The mouse</b> runs in a circle. (109,110,2)
[15:58:02]EMOTE: *no key*/(Runtime) : <b>Runtime</b> twitches its whiskers. (177,79,2)
[15:58:03]SAY: mouse/ : Squeek! (139,175,2)
[15:58:06]EMOTE: *no key*/(monkey (245)) : <b>The monkey (245)</b> rolls. (167,80,2)
[15:58:10]EMOTE: *no key*/(Runtime) : <b>Runtime</b> lies down. (177,79,2)
[15:58:23]SAY: Renault/ : Ack-Ack (158,133,2)
[15:58:30]SAY: grey baby slime (280)/ : Blorble... (120,102,2)
[15:58:35]EMOTE: *no key*/(Poly) : <b>Poly</b> looks in the chief engineer's rubber stamp's direction and takes flight. (87,130,2)
[15:58:38]EMOTE: *no key*/(monkey (644)) : <b>The monkey (644)</b> waves his tail. (194,59,2)
[15:58:38]EMOTE: *no key*/(grey baby slime (280)) : <b>The grey baby slime (280)</b> bounces in place. (120,102,2)
[15:58:42]EMOTE: *no key*/(monkey (894)) : <b>The monkey (894)</b> jumps! (167,81,2)
[15:58:43]EMOTE: *no key*/(mouse) : <b>The mouse</b> squeeks. (139,174,2)
[15:58:47]SAY: Medibot/ : Delicious! (154,73,1)
[15:58:51]EMOTE: *no key*/(mouse) : <b>The mouse</b> runs in a circle. (207,171,2)
[15:58:54]SAY: grey baby slime (280)/ : Rawr... (120,103,2)
[15:59:05]EMOTE: *no key*/(Citrus) : <b>Citrus</b> dozes off. (179,160,2)
[15:59:05]EMOTE: *no key*/(Ian) : <b>Ian</b> shakes its head. (140,122,2)
[15:59:20]EMOTE: *no key*/(pug) : <b>Swanson</b> woofs! (117,82,2)
[15:59:22]SAY: Medibot/ : Delicious! (154,73,1)
[15:59:26]EMOTE: *no key*/(Poly) : <b>Poly</b> squawks. (87,130,2)
[15:59:29]EMOTE: *no key*/(Ian) : <b>Ian</b> chases its tail! (140,122,2)
[15:59:30]EMOTE: *no key*/(Poly) : <b>Poly</b> looks in the Cohiba Robusto cigar's direction and takes flight. (87,130,2)
[15:59:43]EMOTE: *no key*/(Runtime) : <b>Runtime</b> stops resting. (177,79,2)
[15:59:48]SAY: Renault/ : Ack-Ack (158,133,2)
[16:00:02]SAY: mouse/ : Squeek! (107,91,2)
[16:00:02]EMOTE: *no key*/(mouse) : <b>The mouse</b> shakes. (109,107,2)
[16:00:04]ACCESS: Mob Login: Lezus_Konrad/(Alden Is A Terrorist) was assigned to a /mob/living/carbon/human
[16:00:11]EMOTE: *no key*/(Ian) : <b>Ian</b> pants. (140,121,2)
[16:00:14]EMOTE: *no key*/(Renault) : <b>Renault</b> shivers. (159,133,2)
[16:00:17]EMOTE: *no key*/(monkey (245)) : <b>The monkey (245)</b> waves his tail. (167,80,2)
[16:00:18]SAY: mouse/ : SQUEEK! (121,52,2)
[16:00:28]SAY: Ian/ : YAP (141,121,2)
[16:00:28]EMOTE: *no key*/(Poly) : <b>Poly</b> looks in the premium Havanian cigar's direction and takes flight. (87,130,2)
[16:00:35]EMOTE: *no key*/(Travis IV) : <b>Travis IV</b> scratches. (155,153,2)
[16:00:40]GAME: Random Event triggering: Minor Space Dust (/datum/round_event/space_dust)
[16:00:46]ADMIN: Lezus_Konrad/(Alden Is A Terrorist) jumped to AlcaroIsAFrick/(YO MAMA)
[16:00:53]SAY: Runtime/ : Esp! (176,78,2)
[16:00:55]EMOTE: *no key*/(mouse) : <b>The mouse</b> runs in a circle. (137,63,2)
[16:00:55]EMOTE: *no key*/(Citrus) : <b>Citrus</b> yawns. (178,160,2)
[16:01:03]EMOTE: *no key*/(Poly) : <b>Poly</b> squawks. (87,130,2)
[16:01:05]ADMIN: AlcaroIsAFrick/(YO MAMA) has created a command report: somehow command report text broke i'm tryig to fix it
[16:01:05]SAY: Accidents Happen/ : I knew it, I should&#39;ve been a plastic surgeon. (84,164,8)
[16:01:07]EMOTE: *no key*/(monkey (572)) : <b>The monkey (572)</b> scratches. (167,81,2)
[16:01:09]EMOTE: *no key*/(mouse) : <b>The mouse</b> shakes. (121,53,2)
[16:01:09]EMOTE: *no key*/(mouse) : <b>The mouse</b> shakes. (210,164,2)
[16:01:17]EMOTE: *no key*/(monkey (572)) : <b>The monkey (572)</b> waves his tail. (167,82,2)
[16:01:23]EMOTE: *no key*/(mouse) : <b>The mouse</b> runs in a circle. (207,170,2)
[16:01:25]EMOTE: *no key*/(mouse) : <b>The mouse</b> squeeks. (179,136,2)
[16:01:27]EMOTE: *no key*/(mouse) : <b>The mouse</b> squeeks. (179,136,2)
[16:01:31]EMOTE: *no key*/(Runtime) : <b>Runtime</b> shakes out its coat. (176,80,2)
[16:01:43]SAY: Ian/ : Bark! (140,122,2)
[16:01:43]EMOTE: *no key*/(Poly) : <b>Poly</b> looks in the premium Havanian cigar's direction and takes flight. (87,130,2)
[16:01:43]EMOTE: *no key*/(grey baby slime (192)) : <b>The grey baby slime (192)</b> vibrates! (111,103,2)
[16:01:45]EMOTE: *no key*/(Runtime) : <b>Runtime</b> grooms its fur. (176,79,2)
[16:01:51]SAY: mouse/ : SQUEEK! (108,92,2)
[16:02:01]SAY: Nobody's Perfect/ : Radar, put a mask on! (24,75,1)
[16:02:05]SAY: mouse/ : Squeek! (140,174,2)
[16:02:05]EMOTE: *no key*/(pug) : <b>Swanson</b> chases its tail. (116,81,2)
[16:02:07]ADMIN: Lezus_Konrad/(Alden Is A Terrorist) spawned /obj/item/storage/belt/champion/wrestling at (155,154,2)
[16:02:11]EMOTE: *no key*/(mouse) : <b>The mouse</b> squeeks. (210,164,2)
[16:02:13]EMOTE: *no key*/(grey baby slime (192)) : <b>The grey baby slime (192)</b> vibrates! (111,103,2)
[16:02:17]SAY: Medibot/ : I knew it, I should&#39;ve been a plastic surgeon. (155,73,1)
[16:02:23]EMOTE: *no key*/(Runtime) : <b>Runtime</b> twitches its whiskers. (176,79,2)
[16:02:25]EMOTE: *no key*/(Runtime) : <b>Runtime</b> lies down. (176,80,2)
[16:02:31]SAY: emergency medibot/ : What kind of medbay is this? Everyone&#39;s dropping like flies. (222,84,1)
[16:02:39]SAY: mouse/ : Squeek! (109,108,2)
[16:02:41]EMOTE: *no key*/(Poly) : <b>Poly</b> looks in the premium cigar's direction and takes flight. (87,130,2)
[16:02:43]EMOTE: *no key*/(Runtime) : <b>Runtime</b> looks alert. (176,80,2)
[16:02:43]EMOTE: *no key*/(mouse) : <b>The mouse</b> runs in a circle. (134,63,2)
[16:02:45]EMOTE: *no key*/(monkey (497)) : <b>The monkey (497)</b> jumps! (195,59,2)
[16:02:47]EMOTE: *no key*/(mouse) : <b>The mouse</b> squeeks. (123,52,2)
[16:02:47]SAY: mouse/ : Squeek! (209,171,2)
[16:02:53]EMOTE: *no key*/(Ian) : <b>Ian</b> chases its tail! (140,122,2)
[16:03:09]EMOTE: *no key*/(Runtime) : <b>Runtime</b> walks around. (176,80,2)
[16:03:15]EMOTE: *no key*/(grey baby slime (294)) : <b>The grey baby slime (294)</b> vibrates! (116,92,2)
[16:03:19]EMOTE: *no key*/(monkey (572)) : <b>The monkey (572)</b> jumps! (167,81,2)
[16:03:21]EMOTE: Lezus_Konrad/(Alden Is A Terrorist) : <b>Alden Is A Terrorist</b> gasps! (158,201,2)
[16:03:21]SAY: mouse/ : SQUEEK! (109,107,2)
[16:03:25]EMOTE: *no key*/(mouse) : <b>The mouse</b> runs in a circle. (107,90,2)
[16:03:29]EMOTE: *no key*/(Poly) : <b>Poly</b> squawks. (87,130,2)
[16:03:35]EMOTE: *no key*/(grey baby slime (192)) : <b>The grey baby slime (192)</b> vibrates! (111,103,2)
[16:03:37]EMOTE: *no key*/(monkey (644)) : <b>The monkey (644)</b> jumps! (192,58,2)
[16:03:37]EMOTE: *no key*/(Runtime) : <b>Runtime</b> crouches on its hind legs. (177,80,2)
[16:03:37]EMOTE: *no key*/(Poly) : <b>Poly</b> looks in the Power-ON cartridge's direction and takes flight. (87,130,2)
[16:03:51]EMOTE: *no key*/(Citrus) : <b>Citrus</b> snores. (180,163,2)
[16:03:53]EMOTE: *no key*/(pug) : <b>Swanson</b> chases its tail. (117,81,2)
[16:03:59]EMOTE: *no key*/(grey baby slime (280)) : <b>The grey baby slime (280)</b> lights up for a bit, then stops. (118,102,2)
[16:04:09]EMOTE: *no key*/(monkey (644)) : <b>The monkey (644)</b> rolls. (192,58,2)
[16:04:11]EMOTE: *no key*/(Ian) : <b>Ian</b> dances around. (142,120,2)
[16:04:17]EMOTE: *no key*/(Runtime) : <b>Runtime</b> walks around. (177,80,2)
[16:04:19]SAY: grey baby slime (294)/ : Blorble... (114,92,2)
[16:04:19]SAY: mouse/ : Squeek? (214,166,2)
[16:04:21]EMOTE: *no key*/(Travis IV) : <b>Travis IV</b> lets out a faint chimper as it collapses and stops moving... (148,201,2)
[16:04:21]SAY: mouse/ : Squeek! (146,69,2)
[16:04:26]SAY: Nobody's Perfect/ : Delicious! (24,75,1)
[16:04:31]EMOTE: *no key*/(Runtime) : <b>Runtime</b> lies down. (176,81,2)
[16:04:31]SAY: grey baby slime (294)/ : Lonely... (115,91,2)
[16:04:41]EMOTE: *no key*/(monkey (644)) : <b>The monkey (644)</b> scratches. (194,59,2)
[16:04:46]EMOTE: *no key*/(pug) : <b>Swanson</b> pants. (118,81,2)
[16:04:48]ADMIN: Lezus_Konrad/(Alden Is A Terrorist) spawned /obj/item/storage/belt/champion/wrestling at (152,156,2)
[16:04:57]EMOTE: *no key*/(Runtime) : <b>Runtime</b> gets up and meows. (176,81,2)
[16:05:03]GAME: Random Event triggering: Minor Space Dust (/datum/round_event/space_dust)
[16:05:04]EMOTE: *no key*/(Poly) : <b>Poly</b> looks in the Power-ON cartridge's direction and takes flight. (87,130,2)
[16:05:06]SAY: Renault/ : Awoo (162,133,2)
[16:05:12]SAY: mouse/ : Squeek? (212,166,2)
[16:05:13]EMOTE: *no key*/(monkey (572)) : <b>The monkey (572)</b> scratches. (167,79,2)
[16:05:16]SAY: Accidents Happen/ : I knew it, I should&#39;ve been a plastic surgeon. (84,164,8)
[16:05:21]EMOTE: Lezus_Konrad/(Alden Is A Terrorist) : <b>Alden Is A Terrorist</b> screams. (151,157,2)
[16:05:29]EMOTE: *no key*/(pug) : <b>Swanson</b> chases its tail. (118,81,2)
[16:05:32]SAY: mouse/ : Squeek! (126,57,2)
[16:05:32]EMOTE: *no key*/(pug) : <b>Swanson</b> chases its tail. (118,81,2)
[16:05:36]SAY: mouse/ : Squeek? (109,106,2)
[16:05:44]EMOTE: Lezus_Konrad/(Alden Is A Terrorist) : <b>Alden Is A Terrorist</b> screams. (152,151,2)
[16:05:53]EMOTE: *no key*/(monkey (245)) : <b>The monkey (245)</b> jumps! (167,79,2)
[16:05:53]EMOTE: *no key*/(pug) : <b>Swanson</b> chases its tail. (118,81,2)
[16:05:56]SAY: Nobody's Perfect/ : Radar, put a mask on! (24,75,1)
[16:06:02]EMOTE: *no key*/(mouse) : <b>The mouse</b> squeeks. (108,91,2)
[16:06:02]EMOTE: *no key*/(Poly) : <b>Poly</b> looks in the Power-ON cartridge's direction and takes flight. (87,130,2)
[16:06:08]SAY: Poly/ : Twice the calories for half the price! (89,131,2)
[16:06:12]SAY: Medibot/ : There&#39;s always a catch, and I&#39;m the best there is. (155,73,1)
[16:06:15]EMOTE: *no key*/(monkey (245)) : <b>The monkey (245)</b> scratches. (167,79,2)
[16:06:16]EMOTE: *no key*/(mouse) : <b>The mouse</b> shakes. (125,56,2)
[16:06:16]SAY: Medibot/ : What kind of medbay is this? Everyone&#39;s dropping like flies. (154,73,1)
[16:06:17]EMOTE: Lezus_Konrad/(Alden Is A Terrorist) : <b>Alden Is A Terrorist</b> screams. (148,152,2)
[16:06:22]SAY: Medibot/ : Delicious! (155,73,1)
[16:06:23]EMOTE: *no key*/(monkey (572)) : <b>The monkey (572)</b> waves his tail. (167,82,2)
[16:06:29]EMOTE: Lezus_Konrad/(Alden Is A Terrorist) : <b>Alden Is A Terrorist</b> screams. (147,152,2)
[16:06:31]EMOTE: *no key*/(monkey (894)) : <b>The monkey (894)</b> jumps! (167,80,2)
[16:06:32]EMOTE: AlcaroIsAFrick/(YO MAMA) : <b>YO MAMA</b> screams. (147,152,2)
[16:06:38]ADMIN: AlcaroIsAFrick/(YO MAMA) used gibself.
[16:06:39]ACCESS: Mob Login: AlcaroIsAFrick/(YO MAMA) was assigned to a /mob/dead/observer
[16:06:45]EMOTE: *no key*/(mouse) : <b>The mouse</b> runs in a circle. (209,170,2)
[16:06:49]SAY: mouse/ : SQUEEK! (110,89,2)
[16:06:52]ACCESS: Logout: AlcaroIsAFrick/(YO MAMA)
[16:06:56]ACCESS: Logout: Lezus_Konrad/(Alden Is A Terrorist)
