

Starting up round ID . 16:19:54
---------------------
[16:19:54]ADMIN: Loading Banlist
[16:19:55]GAME: Saved mode is 'sandbox'
[16:20:53]GAME: Hierophant's Arena loaded at at 33,168,5
[16:20:53]GAME: Blood-Drunk Miner (Hunter) loaded at at 96,50,5
[16:20:53]GAME: Ruin of Sloth loaded at at 126,75,5
[16:20:53]GAME: Detached Teleporter loaded at at 110,83,3
[16:21:27]ACCESS: Login: Noober84555 from 127.0.0.1-645371209 || BYOND v511
[16:21:27]ACCESS: Mob Login: Noober84555/(Noober84555) was assigned to a /mob/dead/new_player
[16:22:58]EMOTE: *no key*/(grey baby slime (854)) : <b>The grey baby slime (854)</b> lights up for a bit, then stops. (108,152,2)
[16:22:59]SAY: Officer Beepsky/ : Engaging patrol mode. (186,190,2)
[16:22:59]SAY: Prison Ofitser/ : Engaging patrol mode. (23,36,5)
[16:22:59]SAY: Prison Ofitser/ : Disengaging patrol mode. (23,36,5)
[16:23:09]SAY: Poly/ : OH GOD ITS ABOUT TO DELAMINATE CALL THE SHUTTLE (80,190,2)
[16:23:20]SAY: emergency medibot/ : Delicious! (222,84,1)
[16:23:27]EMOTE: *no key*/(Mojo XXIX) : <b>Mojo XXIX</b> waves its tail. (137,215,2)
[16:23:33]EMOTE: *no key*/(monkey (728)) : <b>The monkey (728)</b> scratches. (160,140,2)
[16:23:39]SAY: Nobody's Perfect/ : Radar, put a mask on! (24,75,1)
[16:23:41]SAY: Persephone/ : HSSSSS (166,139,2)
[16:23:43]EMOTE: *no key*/(monkey (451)) : <b>The monkey (451)</b> waves her tail. (160,139,2)
[16:23:47]EMOTE: *no key*/(Citrus) : <b>Citrus</b> snores. (171,220,2)
[16:23:51]SAY: Poly/ : Twice the calories for half the price! (80,190,2)
[16:23:55]EMOTE: *no key*/(grey baby slime (854)) : <b>The grey baby slime (854)</b> lights up for a bit, then stops. (107,151,2)
[16:24:00]EMOTE: *no key*/(Poly) : <b>Poly</b> looks in the BreatheDeep cartridge's direction and takes flight. (80,190,2)
[16:24:01]EMOTE: *no key*/(monkey (451)) : <b>The monkey (451)</b> scratches. (160,140,2)
[16:24:06]SAY: Nobody's Perfect/ : Radar, put a mask on! (24,75,1)
[16:24:18]ACCESS: Mob Login: Noober84555/(Flamingos Are Superior Race) was assigned to a /mob/living/carbon/human
[16:24:26]ADMIN: Noober84555/(Flamingos Are Superior Race) activated a nuke at (62,307,2).
[16:24:33]EMOTE: *no key*/(Persephone) : <b>Persephone</b> shakes out its coat. (169,137,2)
[16:24:44]SAY: mouse/ : SQUEEK! (196,227,2)
[16:24:47]GAME: Explosion with size (0, 256, 512, 0) in area DAB Studio (Video Recording) (62,307,2)
[16:24:56]GAME: SMES deleted at DAB Studio (Video Recording)(73,275,2)
[16:24:56]GAME: SMES deleted at DAB Studio (Video Recording)(75,275,2)
[16:24:57]GAME: SMES deleted at DAB Studio (Video Recording)(76,275,2)
[16:24:57]GAME: SMES deleted at DAB Studio (Video Recording)(77,275,2)
[16:24:58]GAME: SMES deleted at DAB Studio (Video Recording)(76,272,2)
[16:24:58]GAME: SMES deleted at DAB Studio (Video Recording)(77,272,2)
[16:24:59]EMOTE: *no key*/(Poly) : <b>Poly</b> looks in the BreatheDeep cartridge's direction and takes flight. (80,190,2)
[16:25:10]EMOTE: *no key*/(pug) : <b>Swanson</b> chases its tail. (108,141,2)
[16:25:13]EMOTE: *no key*/(Pete) : <b>Pete</b> stops moving... (131,215,2)
[16:25:16]GAME: Explosion with size (0, 0, 0, 1) in area Auxiliary Base Construction (159,275,2)
[16:25:18]ACCESS: Mob Login: Noober84555/(Flamingos Are Superior Race) was assigned to a /mob/living/brain
[16:25:20]ACCESS: Mob Login: Noober84555/(Flamingos Are Superior Race) was assigned to a /mob/dead/observer
[16:25:21]GAME: Antagonists at round end were...
[16:25:25]GAME: Flamingos Are Superior Race/Noober84555 used abandon mob.
[16:25:25]ACCESS: Mob Login: Noober84555/(new player) was assigned to a /mob/dead/new_player
[16:25:33]ACCESS: Mob Login: Noober84555/(ghost) was assigned to a /mob/dead/observer
[16:25:34]SAY: Medibot/ : There&#39;s always a catch, and I&#39;m the best there is. (155,73,1)
[16:25:42]GAME: <span class='boldannounce'>Rebooting World. Initiated by Noober84555.</span>
[16:25:43]ACCESS: Logout: Noober84555/(Flamingos Are Superior Race)
