

Starting up round ID . 16:19:54
---------------------
Initialized Blackbox subsystem within 0 seconds!
Initialized Server Tasks subsystem within 0 seconds!
Initialized Events subsystem within 0 seconds!
runtime error: 
[16:19:55]cannot read from list
[16:19:55]proc name: LoadJobs (/datum/controller/subsystem/job/proc/LoadJobs)
[16:19:55]  source file: job.dm,448
[16:19:55]  usr: null
[16:19:55]  src: Jobs (/datum/controller/subsystem/job)
[16:19:55]  call stack:
[16:19:55]Jobs (/datum/controller/subsystem/job): LoadJobs()
[16:19:55]Jobs (/datum/controller/subsystem/job): Initialize(731956)
[16:19:55]Master (/datum/controller/master): Initialize(10, 0)
Initialized Jobs subsystem within 0 seconds!
Initialized Ticker subsystem within 0.1 seconds!
Loading Delta Station...
runtime error: 
[16:20:47]Cannot execute /datum/plant_gene/trait/glow (/datum/plant_gene/trait/glow).glow range().
[16:20:47]proc name: New (/obj/structure/glowshroom/New)
[16:20:47]  source file: glowshroom.dm,63
[16:20:47]  usr: null
[16:20:47]  src: the glowshroom (/obj/structure/glowshroom/single)
[16:20:47]  src.loc: Cave Floor (303,71,2) (/turf/open/floor/plating/asteroid)
[16:20:47]  call stack:
[16:20:47]the glowshroom (/obj/structure/glowshroom/single): New(Cave Floor (303,71,2) (/turf/open/floor/plating/asteroid), null, null)
[16:20:47]/dmm_suite (/dmm_suite): create atom(/obj/structure/glowshroom/sing... (/obj/structure/glowshroom/single), Cave Floor (303,71,2) (/turf/open/floor/plating/asteroid))
[16:20:47]/dmm_suite (/dmm_suite): instance atom(/obj/structure/glowshroom/sing... (/obj/structure/glowshroom/single), /list (/list), Cave Floor (303,71,2) (/turf/open/floor/plating/asteroid), 1)
[16:20:47]/dmm_suite (/dmm_suite): parse grid("/obj/structure/glowshroom/sing...", "eFi", 303, 71, 2, 1)
[16:20:47]/dmm_suite (/dmm_suite): load map impl(_maps/map_files/Deltastation/D..., 1, 1, 2, null, null, 1, -1e+031, 1e+031, -1e+031, 1e+031)
[16:20:47]/dmm_suite (/dmm_suite): load map(_maps/map_files/Deltastation/D..., 0, 0, 2, null, null, 1, null, null, null, null)
[16:20:47]Mapping (/datum/controller/subsystem/mapping): TryLoadZ("_maps/map_files/Deltastation/D...", /list (/list), 2, null)
[16:20:47]Mapping (/datum/controller/subsystem/mapping): loadWorld()
[16:20:47]Mapping (/datum/controller/subsystem/mapping): Initialize(731957)
[16:20:47]Master (/datum/controller/master): Initialize(10, 0)
runtime error: 
[16:20:47]Cannot execute /datum/plant_gene/trait/glow (/datum/plant_gene/trait/glow).glow range().
[16:20:47]proc name: New (/obj/structure/glowshroom/New)
[16:20:47]  source file: glowshroom.dm,63
[16:20:47]  usr: null
[16:20:47]  src: the glowshroom (/obj/structure/glowshroom/single)
[16:20:47]  src.loc: Cave Floor (306,70,2) (/turf/open/floor/plating/asteroid)
[16:20:47]  call stack:
[16:20:47]the glowshroom (/obj/structure/glowshroom/single): New(Cave Floor (306,70,2) (/turf/open/floor/plating/asteroid), null, null)
[16:20:47]/dmm_suite (/dmm_suite): create atom(/obj/structure/glowshroom/sing... (/obj/structure/glowshroom/single), Cave Floor (306,70,2) (/turf/open/floor/plating/asteroid))
[16:20:47]/dmm_suite (/dmm_suite): instance atom(/obj/structure/glowshroom/sing... (/obj/structure/glowshroom/single), /list (/list), Cave Floor (306,70,2) (/turf/open/floor/plating/asteroid), 1)
[16:20:47]/dmm_suite (/dmm_suite): parse grid("/obj/structure/glowshroom/sing...", "eFi", 306, 70, 2, 1)
[16:20:47]/dmm_suite (/dmm_suite): load map impl(_maps/map_files/Deltastation/D..., 1, 1, 2, null, null, 1, -1e+031, 1e+031, -1e+031, 1e+031)
[16:20:47]/dmm_suite (/dmm_suite): load map(_maps/map_files/Deltastation/D..., 0, 0, 2, null, null, 1, null, null, null, null)
[16:20:47]Mapping (/datum/controller/subsystem/mapping): TryLoadZ("_maps/map_files/Deltastation/D...", /list (/list), 2, null)
[16:20:47]Mapping (/datum/controller/subsystem/mapping): loadWorld()
[16:20:47]Mapping (/datum/controller/subsystem/mapping): Initialize(731957)
[16:20:47]Master (/datum/controller/master): Initialize(10, 0)
runtime error: 
[16:20:48]Cannot execute /datum/plant_gene/trait/glow (/datum/plant_gene/trait/glow).glow range().
[16:20:48]proc name: New (/obj/structure/glowshroom/New)
[16:20:48]  source file: glowshroom.dm,63
[16:20:48]  usr: null
[16:20:48]  src: the glowshroom (/obj/structure/glowshroom/single)
[16:20:48]  src.loc: Cave Floor (309,70,2) (/turf/open/floor/plating/asteroid)
[16:20:48]  call stack:
[16:20:48]the glowshroom (/obj/structure/glowshroom/single): New(Cave Floor (309,70,2) (/turf/open/floor/plating/asteroid), null, null)
[16:20:48]/dmm_suite (/dmm_suite): create atom(/obj/structure/glowshroom/sing... (/obj/structure/glowshroom/single), Cave Floor (309,70,2) (/turf/open/floor/plating/asteroid))
[16:20:48]/dmm_suite (/dmm_suite): instance atom(/obj/structure/glowshroom/sing... (/obj/structure/glowshroom/single), /list (/list), Cave Floor (309,70,2) (/turf/open/floor/plating/asteroid), 1)
[16:20:48]/dmm_suite (/dmm_suite): parse grid("/obj/structure/glowshroom/sing...", "eFi", 309, 70, 2, 1)
[16:20:48]/dmm_suite (/dmm_suite): load map impl(_maps/map_files/Deltastation/D..., 1, 1, 2, null, null, 1, -1e+031, 1e+031, -1e+031, 1e+031)
[16:20:48]/dmm_suite (/dmm_suite): load map(_maps/map_files/Deltastation/D..., 0, 0, 2, null, null, 1, null, null, null, null)
[16:20:48]Mapping (/datum/controller/subsystem/mapping): TryLoadZ("_maps/map_files/Deltastation/D...", /list (/list), 2, null)
[16:20:48]Mapping (/datum/controller/subsystem/mapping): loadWorld()
[16:20:48]Mapping (/datum/controller/subsystem/mapping): Initialize(731957)
[16:20:48]Master (/datum/controller/master): Initialize(10, 0)
runtime error: 
[16:20:48]Cannot execute /datum/plant_gene/trait/glow (/datum/plant_gene/trait/glow).glow range().
[16:20:48]proc name: New (/obj/structure/glowshroom/New)
[16:20:48]  source file: glowshroom.dm,63
[16:20:48]  usr: null
[16:20:48]  src: the glowshroom (/obj/structure/glowshroom/single)
[16:20:48]  src.loc: Cave Floor (302,69,2) (/turf/open/floor/plating/asteroid)
[16:20:48]  call stack:
[16:20:48]the glowshroom (/obj/structure/glowshroom/single): New(Cave Floor (302,69,2) (/turf/open/floor/plating/asteroid), null, null)
[16:20:48]/dmm_suite (/dmm_suite): create atom(/obj/structure/glowshroom/sing... (/obj/structure/glowshroom/single), Cave Floor (302,69,2) (/turf/open/floor/plating/asteroid))
[16:20:48]/dmm_suite (/dmm_suite): instance atom(/obj/structure/glowshroom/sing... (/obj/structure/glowshroom/single), /list (/list), Cave Floor (302,69,2) (/turf/open/floor/plating/asteroid), 1)
[16:20:48]/dmm_suite (/dmm_suite): parse grid("/obj/structure/glowshroom/sing...", "eFi", 302, 69, 2, 1)
[16:20:48]/dmm_suite (/dmm_suite): load map impl(_maps/map_files/Deltastation/D..., 1, 1, 2, null, null, 1, -1e+031, 1e+031, -1e+031, 1e+031)
[16:20:48]/dmm_suite (/dmm_suite): load map(_maps/map_files/Deltastation/D..., 0, 0, 2, null, null, 1, null, null, null, null)
[16:20:48]Mapping (/datum/controller/subsystem/mapping): TryLoadZ("_maps/map_files/Deltastation/D...", /list (/list), 2, null)
[16:20:48]Mapping (/datum/controller/subsystem/mapping): loadWorld()
[16:20:48]Mapping (/datum/controller/subsystem/mapping): Initialize(731957)
[16:20:48]Master (/datum/controller/master): Initialize(10, 0)
runtime error: 
[16:20:48]Cannot execute /datum/plant_gene/trait/glow (/datum/plant_gene/trait/glow).glow range().
[16:20:48]proc name: New (/obj/structure/glowshroom/New)
[16:20:48]  source file: glowshroom.dm,63
[16:20:48]  usr: null
[16:20:48]  src: the glowshroom (/obj/structure/glowshroom/single)
[16:20:48]  src.loc: Cave Floor (296,55,2) (/turf/open/floor/plating/asteroid)
[16:20:48]  call stack:
[16:20:48]the glowshroom (/obj/structure/glowshroom/single): New(Cave Floor (296,55,2) (/turf/open/floor/plating/asteroid), null, null)
[16:20:48]/dmm_suite (/dmm_suite): create atom(/obj/structure/glowshroom/sing... (/obj/structure/glowshroom/single), Cave Floor (296,55,2) (/turf/open/floor/plating/asteroid))
[16:20:48]/dmm_suite (/dmm_suite): instance atom(/obj/structure/glowshroom/sing... (/obj/structure/glowshroom/single), /list (/list), Cave Floor (296,55,2) (/turf/open/floor/plating/asteroid), 1)
[16:20:48]/dmm_suite (/dmm_suite): parse grid("/obj/structure/glowshroom/sing...", "eJI", 296, 55, 2, 1)
[16:20:48]/dmm_suite (/dmm_suite): load map impl(_maps/map_files/Deltastation/D..., 1, 1, 2, null, null, 1, -1e+031, 1e+031, -1e+031, 1e+031)
[16:20:48]/dmm_suite (/dmm_suite): load map(_maps/map_files/Deltastation/D..., 0, 0, 2, null, null, 1, null, null, null, null)
[16:20:48]Mapping (/datum/controller/subsystem/mapping): TryLoadZ("_maps/map_files/Deltastation/D...", /list (/list), 2, null)
[16:20:48]Mapping (/datum/controller/subsystem/mapping): loadWorld()
[16:20:48]Mapping (/datum/controller/subsystem/mapping): Initialize(731957)
[16:20:48]Master (/datum/controller/master): Initialize(10, 0)
runtime error: 
[16:20:48]Cannot execute /datum/plant_gene/trait/glow (/datum/plant_gene/trait/glow).glow range().
[16:20:48]proc name: New (/obj/structure/glowshroom/New)
[16:20:48]  source file: glowshroom.dm,63
[16:20:48]  usr: null
[16:20:48]  src: the glowshroom (/obj/structure/glowshroom/single)
[16:20:48]  src.loc: Cave Floor (299,55,2) (/turf/open/floor/plating/asteroid)
[16:20:48]  call stack:
[16:20:48]the glowshroom (/obj/structure/glowshroom/single): New(Cave Floor (299,55,2) (/turf/open/floor/plating/asteroid), null, null)
[16:20:48]/dmm_suite (/dmm_suite): create atom(/obj/structure/glowshroom/sing... (/obj/structure/glowshroom/single), Cave Floor (299,55,2) (/turf/open/floor/plating/asteroid))
[16:20:48]/dmm_suite (/dmm_suite): instance atom(/obj/structure/glowshroom/sing... (/obj/structure/glowshroom/single), /list (/list), Cave Floor (299,55,2) (/turf/open/floor/plating/asteroid), 1)
[16:20:48]/dmm_suite (/dmm_suite): parse grid("/obj/structure/glowshroom/sing...", "eJI", 299, 55, 2, 1)
[16:20:48]/dmm_suite (/dmm_suite): load map impl(_maps/map_files/Deltastation/D..., 1, 1, 2, null, null, 1, -1e+031, 1e+031, -1e+031, 1e+031)
[16:20:48]/dmm_suite (/dmm_suite): load map(_maps/map_files/Deltastation/D..., 0, 0, 2, null, null, 1, null, null, null, null)
[16:20:48]Mapping (/datum/controller/subsystem/mapping): TryLoadZ("_maps/map_files/Deltastation/D...", /list (/list), 2, null)
[16:20:48]Mapping (/datum/controller/subsystem/mapping): loadWorld()
[16:20:48]Mapping (/datum/controller/subsystem/mapping): Initialize(731957)
[16:20:48]Master (/datum/controller/master): Initialize(10, 0)
runtime error: 
[16:20:48]Cannot execute /datum/plant_gene/trait/glow (/datum/plant_gene/trait/glow).glow range().
[16:20:48]proc name: New (/obj/structure/glowshroom/New)
[16:20:48]  source file: glowshroom.dm,63
[16:20:48]  usr: null
[16:20:48]  src: the glowshroom (/obj/structure/glowshroom/single)
[16:20:48]  src.loc: Cave Floor (283,53,2) (/turf/open/floor/plating/asteroid)
[16:20:48]  call stack:
[16:20:48]the glowshroom (/obj/structure/glowshroom/single): New(Cave Floor (283,53,2) (/turf/open/floor/plating/asteroid), null, null)
[16:20:48]/dmm_suite (/dmm_suite): create atom(/obj/structure/glowshroom/sing... (/obj/structure/glowshroom/single), Cave Floor (283,53,2) (/turf/open/floor/plating/asteroid))
[16:20:48]/dmm_suite (/dmm_suite): instance atom(/obj/structure/glowshroom/sing... (/obj/structure/glowshroom/single), /list (/list), Cave Floor (283,53,2) (/turf/open/floor/plating/asteroid), 1)
[16:20:48]/dmm_suite (/dmm_suite): parse grid("/obj/structure/glowshroom/sing...", "eJI", 283, 53, 2, 1)
[16:20:48]/dmm_suite (/dmm_suite): load map impl(_maps/map_files/Deltastation/D..., 1, 1, 2, null, null, 1, -1e+031, 1e+031, -1e+031, 1e+031)
[16:20:48]/dmm_suite (/dmm_suite): load map(_maps/map_files/Deltastation/D..., 0, 0, 2, null, null, 1, null, null, null, null)
[16:20:48]Mapping (/datum/controller/subsystem/mapping): TryLoadZ("_maps/map_files/Deltastation/D...", /list (/list), 2, null)
[16:20:48]Mapping (/datum/controller/subsystem/mapping): loadWorld()
[16:20:48]Mapping (/datum/controller/subsystem/mapping): Initialize(731957)
[16:20:48]Master (/datum/controller/master): Initialize(10, 0)
runtime error: 
[16:20:48]Cannot execute /datum/plant_gene/trait/glow (/datum/plant_gene/trait/glow).glow range().
[16:20:48]proc name: New (/obj/structure/glowshroom/New)
[16:20:48]  source file: glowshroom.dm,63
[16:20:48]  usr: null
[16:20:48]  src: the glowshroom (/obj/structure/glowshroom/single)
[16:20:48]  src.loc: Cave Floor (302,53,2) (/turf/open/floor/plating/asteroid)
[16:20:48]  call stack:
[16:20:48]the glowshroom (/obj/structure/glowshroom/single): New(Cave Floor (302,53,2) (/turf/open/floor/plating/asteroid), null, null)
[16:20:48]/dmm_suite (/dmm_suite): create atom(/obj/structure/glowshroom/sing... (/obj/structure/glowshroom/single), Cave Floor (302,53,2) (/turf/open/floor/plating/asteroid))
[16:20:48]/dmm_suite (/dmm_suite): instance atom(/obj/structure/glowshroom/sing... (/obj/structure/glowshroom/single), /list (/list), Cave Floor (302,53,2) (/turf/open/floor/plating/asteroid), 1)
[16:20:48]/dmm_suite (/dmm_suite): parse grid("/obj/structure/glowshroom/sing...", "eJI", 302, 53, 2, 1)
[16:20:48]/dmm_suite (/dmm_suite): load map impl(_maps/map_files/Deltastation/D..., 1, 1, 2, null, null, 1, -1e+031, 1e+031, -1e+031, 1e+031)
[16:20:48]/dmm_suite (/dmm_suite): load map(_maps/map_files/Deltastation/D..., 0, 0, 2, null, null, 1, null, null, null, null)
[16:20:48]Mapping (/datum/controller/subsystem/mapping): TryLoadZ("_maps/map_files/Deltastation/D...", /list (/list), 2, null)
[16:20:48]Mapping (/datum/controller/subsystem/mapping): loadWorld()
[16:20:48]Mapping (/datum/controller/subsystem/mapping): Initialize(731957)
[16:20:48]Master (/datum/controller/master): Initialize(10, 0)
runtime error: 
[16:20:48]Cannot execute /datum/plant_gene/trait/glow (/datum/plant_gene/trait/glow).glow range().
[16:20:48]proc name: New (/obj/structure/glowshroom/New)
[16:20:48]  source file: glowshroom.dm,63
[16:20:48]  usr: null
[16:20:48]  src: the glowshroom (/obj/structure/glowshroom/single)
[16:20:48]  src.loc: Cave Floor (276,52,2) (/turf/open/floor/plating/asteroid)
[16:20:48]  call stack:
[16:20:48]the glowshroom (/obj/structure/glowshroom/single): New(Cave Floor (276,52,2) (/turf/open/floor/plating/asteroid), null, null)
[16:20:48]/dmm_suite (/dmm_suite): create atom(/obj/structure/glowshroom/sing... (/obj/structure/glowshroom/single), Cave Floor (276,52,2) (/turf/open/floor/plating/asteroid))
[16:20:48]/dmm_suite (/dmm_suite): instance atom(/obj/structure/glowshroom/sing... (/obj/structure/glowshroom/single), /list (/list), Cave Floor (276,52,2) (/turf/open/floor/plating/asteroid), 1)
[16:20:48]/dmm_suite (/dmm_suite): parse grid("/obj/structure/glowshroom/sing...", "eJI", 276, 52, 2, 1)
[16:20:48]/dmm_suite (/dmm_suite): load map impl(_maps/map_files/Deltastation/D..., 1, 1, 2, null, null, 1, -1e+031, 1e+031, -1e+031, 1e+031)
[16:20:48]/dmm_suite (/dmm_suite): load map(_maps/map_files/Deltastation/D..., 0, 0, 2, null, null, 1, null, null, null, null)
[16:20:48]Mapping (/datum/controller/subsystem/mapping): TryLoadZ("_maps/map_files/Deltastation/D...", /list (/list), 2, null)
[16:20:48]Mapping (/datum/controller/subsystem/mapping): loadWorld()
[16:20:48]Mapping (/datum/controller/subsystem/mapping): Initialize(731957)
[16:20:48]Master (/datum/controller/master): Initialize(10, 0)
runtime error: 
[16:20:48]Cannot execute /datum/plant_gene/trait/glow (/datum/plant_gene/trait/glow).glow range().
[16:20:48]proc name: New (/obj/structure/glowshroom/New)
[16:20:48]  source file: glowshroom.dm,63
[16:20:48]  usr: null
[16:20:48]  src: the glowshroom (/obj/structure/glowshroom/single)
[16:20:48]  src.loc: Cave Floor (292,51,2) (/turf/open/floor/plating/asteroid)
[16:20:48]  call stack:
[16:20:48]the glowshroom (/obj/structure/glowshroom/single): New(Cave Floor (292,51,2) (/turf/open/floor/plating/asteroid), null, null)
[16:20:48]/dmm_suite (/dmm_suite): create atom(/obj/structure/glowshroom/sing... (/obj/structure/glowshroom/single), Cave Floor (292,51,2) (/turf/open/floor/plating/asteroid))
[16:20:48]/dmm_suite (/dmm_suite): instance atom(/obj/structure/glowshroom/sing... (/obj/structure/glowshroom/single), /list (/list), Cave Floor (292,51,2) (/turf/open/floor/plating/asteroid), 1)
[16:20:48]/dmm_suite (/dmm_suite): parse grid("/obj/structure/glowshroom/sing...", "eJI", 292, 51, 2, 1)
[16:20:48]/dmm_suite (/dmm_suite): load map impl(_maps/map_files/Deltastation/D..., 1, 1, 2, null, null, 1, -1e+031, 1e+031, -1e+031, 1e+031)
[16:20:48]/dmm_suite (/dmm_suite): load map(_maps/map_files/Deltastation/D..., 0, 0, 2, null, null, 1, null, null, null, null)
[16:20:48]Mapping (/datum/controller/subsystem/mapping): TryLoadZ("_maps/map_files/Deltastation/D...", /list (/list), 2, null)
[16:20:48]Mapping (/datum/controller/subsystem/mapping): loadWorld()
[16:20:48]Mapping (/datum/controller/subsystem/mapping): Initialize(731957)
[16:20:48]Master (/datum/controller/master): Initialize(10, 0)
runtime error: 
[16:20:48]Cannot execute /datum/plant_gene/trait/glow (/datum/plant_gene/trait/glow).glow range().
[16:20:48]proc name: New (/obj/structure/glowshroom/New)
[16:20:48]  source file: glowshroom.dm,63
[16:20:48]  usr: null
[16:20:48]  src: the glowshroom (/obj/structure/glowshroom/single)
[16:20:48]  src.loc: Cave Floor (295,51,2) (/turf/open/floor/plating/asteroid)
[16:20:48]  call stack:
[16:20:48]the glowshroom (/obj/structure/glowshroom/single): New(Cave Floor (295,51,2) (/turf/open/floor/plating/asteroid), null, null)
[16:20:48]/dmm_suite (/dmm_suite): create atom(/obj/structure/glowshroom/sing... (/obj/structure/glowshroom/single), Cave Floor (295,51,2) (/turf/open/floor/plating/asteroid))
[16:20:48]/dmm_suite (/dmm_suite): instance atom(/obj/structure/glowshroom/sing... (/obj/structure/glowshroom/single), /list (/list), Cave Floor (295,51,2) (/turf/open/floor/plating/asteroid), 1)
[16:20:48]/dmm_suite (/dmm_suite): parse grid("/obj/structure/glowshroom/sing...", "eJI", 295, 51, 2, 1)
[16:20:48]/dmm_suite (/dmm_suite): load map impl(_maps/map_files/Deltastation/D..., 1, 1, 2, null, null, 1, -1e+031, 1e+031, -1e+031, 1e+031)
[16:20:48]/dmm_suite (/dmm_suite): load map(_maps/map_files/Deltastation/D..., 0, 0, 2, null, null, 1, null, null, null, null)
[16:20:48]Mapping (/datum/controller/subsystem/mapping): TryLoadZ("_maps/map_files/Deltastation/D...", /list (/list), 2, null)
[16:20:48]Mapping (/datum/controller/subsystem/mapping): loadWorld()
[16:20:48]Mapping (/datum/controller/subsystem/mapping): Initialize(731957)
[16:20:48]Master (/datum/controller/master): Initialize(10, 0)
runtime error: 
[16:20:48]Cannot execute /datum/plant_gene/trait/glow (/datum/plant_gene/trait/glow).glow range().
[16:20:48]proc name: New (/obj/structure/glowshroom/New)
[16:20:48]  source file: glowshroom.dm,63
[16:20:48]  usr: null
[16:20:48]  src: the glowshroom (/obj/structure/glowshroom/single)
[16:20:48]  src.loc: Cave Floor (258,49,2) (/turf/open/floor/plating/asteroid)
[16:20:48]  call stack:
[16:20:48]the glowshroom (/obj/structure/glowshroom/single): New(Cave Floor (258,49,2) (/turf/open/floor/plating/asteroid), null, null)
[16:20:48]/dmm_suite (/dmm_suite): create atom(/obj/structure/glowshroom/sing... (/obj/structure/glowshroom/single), Cave Floor (258,49,2) (/turf/open/floor/plating/asteroid))
[16:20:48]/dmm_suite (/dmm_suite): instance atom(/obj/structure/glowshroom/sing... (/obj/structure/glowshroom/single), /list (/list), Cave Floor (258,49,2) (/turf/open/floor/plating/asteroid), 1)
[16:20:48]/dmm_suite (/dmm_suite): parse grid("/obj/structure/glowshroom/sing...", "eJI", 258, 49, 2, 1)
[16:20:48]/dmm_suite (/dmm_suite): load map impl(_maps/map_files/Deltastation/D..., 1, 1, 2, null, null, 1, -1e+031, 1e+031, -1e+031, 1e+031)
[16:20:48]/dmm_suite (/dmm_suite): load map(_maps/map_files/Deltastation/D..., 0, 0, 2, null, null, 1, null, null, null, null)
[16:20:48]Mapping (/datum/controller/subsystem/mapping): TryLoadZ("_maps/map_files/Deltastation/D...", /list (/list), 2, null)
[16:20:48]Mapping (/datum/controller/subsystem/mapping): loadWorld()
[16:20:48]Mapping (/datum/controller/subsystem/mapping): Initialize(731957)
[16:20:48]Master (/datum/controller/master): Initialize(10, 0)
runtime error: 
[16:20:48]Cannot execute /datum/plant_gene/trait/glow (/datum/plant_gene/trait/glow).glow range().
[16:20:48]proc name: New (/obj/structure/glowshroom/New)
[16:20:48]  source file: glowshroom.dm,63
[16:20:48]  usr: null
[16:20:48]  src: the glowshroom (/obj/structure/glowshroom/single)
[16:20:48]  src.loc: Cave Floor (275,49,2) (/turf/open/floor/plating/asteroid)
[16:20:48]  call stack:
[16:20:48]the glowshroom (/obj/structure/glowshroom/single): New(Cave Floor (275,49,2) (/turf/open/floor/plating/asteroid), null, null)
[16:20:48]/dmm_suite (/dmm_suite): create atom(/obj/structure/glowshroom/sing... (/obj/structure/glowshroom/single), Cave Floor (275,49,2) (/turf/open/floor/plating/asteroid))
[16:20:48]/dmm_suite (/dmm_suite): instance atom(/obj/structure/glowshroom/sing... (/obj/structure/glowshroom/single), /list (/list), Cave Floor (275,49,2) (/turf/open/floor/plating/asteroid), 1)
[16:20:48]/dmm_suite (/dmm_suite): parse grid("/obj/structure/glowshroom/sing...", "eJI", 275, 49, 2, 1)
[16:20:48]/dmm_suite (/dmm_suite): load map impl(_maps/map_files/Deltastation/D..., 1, 1, 2, null, null, 1, -1e+031, 1e+031, -1e+031, 1e+031)
[16:20:48]/dmm_suite (/dmm_suite): load map(_maps/map_files/Deltastation/D..., 0, 0, 2, null, null, 1, null, null, null, null)
[16:20:48]Mapping (/datum/controller/subsystem/mapping): TryLoadZ("_maps/map_files/Deltastation/D...", /list (/list), 2, null)
[16:20:48]Mapping (/datum/controller/subsystem/mapping): loadWorld()
[16:20:48]Mapping (/datum/controller/subsystem/mapping): Initialize(731957)
[16:20:48]Master (/datum/controller/master): Initialize(10, 0)
runtime error: 
[16:20:48]Cannot execute /datum/plant_gene/trait/glow (/datum/plant_gene/trait/glow).glow range().
[16:20:48]proc name: New (/obj/structure/glowshroom/New)
[16:20:48]  source file: glowshroom.dm,63
[16:20:48]  usr: null
[16:20:48]  src: the glowshroom (/obj/structure/glowshroom/single)
[16:20:48]  src.loc: Cave Floor (261,48,2) (/turf/open/floor/plating/asteroid)
[16:20:48]  call stack:
[16:20:48]the glowshroom (/obj/structure/glowshroom/single): New(Cave Floor (261,48,2) (/turf/open/floor/plating/asteroid), null, null)
[16:20:48]/dmm_suite (/dmm_suite): create atom(/obj/structure/glowshroom/sing... (/obj/structure/glowshroom/single), Cave Floor (261,48,2) (/turf/open/floor/plating/asteroid))
[16:20:48]/dmm_suite (/dmm_suite): instance atom(/obj/structure/glowshroom/sing... (/obj/structure/glowshroom/single), /list (/list), Cave Floor (261,48,2) (/turf/open/floor/plating/asteroid), 1)
[16:20:48]/dmm_suite (/dmm_suite): parse grid("/obj/structure/glowshroom/sing...", "eJI", 261, 48, 2, 1)
[16:20:48]/dmm_suite (/dmm_suite): load map impl(_maps/map_files/Deltastation/D..., 1, 1, 2, null, null, 1, -1e+031, 1e+031, -1e+031, 1e+031)
[16:20:48]/dmm_suite (/dmm_suite): load map(_maps/map_files/Deltastation/D..., 0, 0, 2, null, null, 1, null, null, null, null)
[16:20:48]Mapping (/datum/controller/subsystem/mapping): TryLoadZ("_maps/map_files/Deltastation/D...", /list (/list), 2, null)
[16:20:48]Mapping (/datum/controller/subsystem/mapping): loadWorld()
[16:20:48]Mapping (/datum/controller/subsystem/mapping): Initialize(731957)
[16:20:48]Master (/datum/controller/master): Initialize(10, 0)
runtime error: 
[16:20:48]Cannot execute /datum/plant_gene/trait/glow (/datum/plant_gene/trait/glow).glow range().
[16:20:48]proc name: New (/obj/structure/glowshroom/New)
[16:20:48]  source file: glowshroom.dm,63
[16:20:48]  usr: null
[16:20:48]  src: the glowshroom (/obj/structure/glowshroom/single)
[16:20:48]  src.loc: Cave Floor (292,48,2) (/turf/open/floor/plating/asteroid)
[16:20:48]  call stack:
[16:20:48]the glowshroom (/obj/structure/glowshroom/single): New(Cave Floor (292,48,2) (/turf/open/floor/plating/asteroid), null, null)
[16:20:48]/dmm_suite (/dmm_suite): create atom(/obj/structure/glowshroom/sing... (/obj/structure/glowshroom/single), Cave Floor (292,48,2) (/turf/open/floor/plating/asteroid))
[16:20:48]/dmm_suite (/dmm_suite): instance atom(/obj/structure/glowshroom/sing... (/obj/structure/glowshroom/single), /list (/list), Cave Floor (292,48,2) (/turf/open/floor/plating/asteroid), 1)
[16:20:48]/dmm_suite (/dmm_suite): parse grid("/obj/structure/glowshroom/sing...", "eJI", 292, 48, 2, 1)
[16:20:48]/dmm_suite (/dmm_suite): load map impl(_maps/map_files/Deltastation/D..., 1, 1, 2, null, null, 1, -1e+031, 1e+031, -1e+031, 1e+031)
[16:20:48]/dmm_suite (/dmm_suite): load map(_maps/map_files/Deltastation/D..., 0, 0, 2, null, null, 1, null, null, null, null)
[16:20:48]Mapping (/datum/controller/subsystem/mapping): TryLoadZ("_maps/map_files/Deltastation/D...", /list (/list), 2, null)
[16:20:48]Mapping (/datum/controller/subsystem/mapping): loadWorld()
[16:20:48]Mapping (/datum/controller/subsystem/mapping): Initialize(731957)
[16:20:48]Master (/datum/controller/master): Initialize(10, 0)
runtime error: 
[16:20:48]Cannot execute /datum/plant_gene/trait/glow (/datum/plant_gene/trait/glow).glow range().
[16:20:48]proc name: New (/obj/structure/glowshroom/New)
[16:20:48]  source file: glowshroom.dm,63
runtime error: 
[16:20:48]Cannot execute /datum/plant_gene/trait/glow (/datum/plant_gene/trait/glow).glow range().
[16:20:48]proc name: New (/obj/structure/glowshroom/New)
[16:20:48]  source file: glowshroom.dm,63
runtime error: 
[16:20:48]Cannot execute /datum/plant_gene/trait/glow (/datum/plant_gene/trait/glow).glow range().
[16:20:48]proc name: New (/obj/structure/glowshroom/New)
[16:20:48]  source file: glowshroom.dm,63
runtime error: 
[16:20:48]Cannot execute /datum/plant_gene/trait/glow (/datum/plant_gene/trait/glow).glow range().
[16:20:48]proc name: New (/obj/structure/glowshroom/New)
[16:20:48]  source file: glowshroom.dm,63
runtime error: 
[16:20:48]Cannot execute /datum/plant_gene/trait/glow (/datum/plant_gene/trait/glow).glow range().
[16:20:48]proc name: New (/obj/structure/glowshroom/New)
[16:20:48]  source file: glowshroom.dm,63
runtime error: 
[16:20:48]Cannot execute /datum/plant_gene/trait/glow (/datum/plant_gene/trait/glow).glow range().
[16:20:48]proc name: New (/obj/structure/glowshroom/New)
[16:20:48]  source file: glowshroom.dm,63
runtime error: 
[16:20:48]Cannot execute /datum/plant_gene/trait/glow (/datum/plant_gene/trait/glow).glow range().
[16:20:48]proc name: New (/obj/structure/glowshroom/New)
[16:20:48]  source file: glowshroom.dm,63
runtime error: 
[16:20:48]Cannot execute /datum/plant_gene/trait/glow (/datum/plant_gene/trait/glow).glow range().
[16:20:48]proc name: New (/obj/structure/glowshroom/New)
[16:20:48]  source file: glowshroom.dm,63
runtime error: 
[16:20:49]Cannot execute /datum/plant_gene/trait/glow (/datum/plant_gene/trait/glow).glow range().
[16:20:49]proc name: New (/obj/structure/glowshroom/New)
[16:20:49]  source file: glowshroom.dm,63
runtime error: 
[16:20:49]Cannot execute /datum/plant_gene/trait/glow (/datum/plant_gene/trait/glow).glow range().
[16:20:49]proc name: New (/obj/structure/glowshroom/New)
[16:20:49]  source file: glowshroom.dm,63
runtime error: 
[16:20:49]Cannot execute /datum/plant_gene/trait/glow (/datum/plant_gene/trait/glow).glow range().
[16:20:49]proc name: New (/obj/structure/glowshroom/New)
[16:20:49]  source file: glowshroom.dm,63
runtime error: 
[16:20:49]Cannot execute /datum/plant_gene/trait/glow (/datum/plant_gene/trait/glow).glow range().
[16:20:49]proc name: New (/obj/structure/glowshroom/New)
[16:20:49]  source file: glowshroom.dm,63
runtime error: 
[16:20:49]Cannot execute /datum/plant_gene/trait/glow (/datum/plant_gene/trait/glow).glow range().
[16:20:49]proc name: New (/obj/structure/glowshroom/New)
[16:20:49]  source file: glowshroom.dm,63
runtime error: 
[16:20:49]Cannot execute /datum/plant_gene/trait/glow (/datum/plant_gene/trait/glow).glow range().
[16:20:49]proc name: New (/obj/structure/glowshroom/New)
[16:20:49]  source file: glowshroom.dm,63
runtime error: 
[16:20:49]Cannot execute /datum/plant_gene/trait/glow (/datum/plant_gene/trait/glow).glow range().
[16:20:49]proc name: New (/obj/structure/glowshroom/New)
[16:20:49]  source file: glowshroom.dm,63
runtime error: 
[16:20:49]Cannot execute /datum/plant_gene/trait/glow (/datum/plant_gene/trait/glow).glow range().
[16:20:49]proc name: New (/obj/structure/glowshroom/New)
[16:20:49]  source file: glowshroom.dm,63
runtime error: 
[16:20:49]Cannot execute /datum/plant_gene/trait/glow (/datum/plant_gene/trait/glow).glow range().
[16:20:49]proc name: New (/obj/structure/glowshroom/New)
[16:20:49]  source file: glowshroom.dm,63
runtime error: 
[16:20:49]Cannot execute /datum/plant_gene/trait/glow (/datum/plant_gene/trait/glow).glow range().
[16:20:49]proc name: New (/obj/structure/glowshroom/New)
[16:20:49]  source file: glowshroom.dm,63
runtime error: 
[16:20:49]Cannot execute /datum/plant_gene/trait/glow (/datum/plant_gene/trait/glow).glow range().
[16:20:49]proc name: New (/obj/structure/glowshroom/New)
[16:20:49]  source file: glowshroom.dm,63
runtime error: 
[16:20:49]Cannot execute /datum/plant_gene/trait/glow (/datum/plant_gene/trait/glow).glow range().
[16:20:49]proc name: New (/obj/structure/glowshroom/New)
[16:20:49]  source file: glowshroom.dm,63
runtime error: 
[16:20:49]Cannot execute /datum/plant_gene/trait/glow (/datum/plant_gene/trait/glow).glow range().
[16:20:49]proc name: New (/obj/structure/glowshroom/New)
[16:20:49]  source file: glowshroom.dm,63
runtime error: 
[16:20:49]Cannot execute /datum/plant_gene/trait/glow (/datum/plant_gene/trait/glow).glow range().
[16:20:49]proc name: New (/obj/structure/glowshroom/New)
[16:20:49]  source file: glowshroom.dm,63
runtime error: 
[16:20:49]Cannot execute /datum/plant_gene/trait/glow (/datum/plant_gene/trait/glow).glow range().
[16:20:49]proc name: New (/obj/structure/glowshroom/New)
[16:20:49]  source file: glowshroom.dm,63
runtime error: 
[16:20:49]Cannot execute /datum/plant_gene/trait/glow (/datum/plant_gene/trait/glow).glow range().
[16:20:49]proc name: New (/obj/structure/glowshroom/New)
[16:20:49]  source file: glowshroom.dm,63
runtime error: 
[16:20:49]Cannot execute /datum/plant_gene/trait/glow (/datum/plant_gene/trait/glow).glow range().
[16:20:49]proc name: New (/obj/structure/glowshroom/New)
[16:20:49]  source file: glowshroom.dm,63
runtime error: 
[16:20:49]Cannot execute /datum/plant_gene/trait/glow (/datum/plant_gene/trait/glow).glow range().
[16:20:49]proc name: New (/obj/structure/glowshroom/New)
[16:20:49]  source file: glowshroom.dm,63
Loaded station in 54.4s!
Ruin "Hierophant's Arena" placed at (44, 179, 5)
Ruin "Blood-Drunk Miner (Hunter)" placed at (101, 58, 5)
Ruin "Ruin of Sloth" placed at (151, 80, 5)
Ruin loader gave up with 1 left to spend.
Ruin "Detached Teleporter" placed at (120, 89, 3)
Initialized Mapping subsystem within 58.4 seconds!
runtime error: 
[16:20:54]Cannot execute null.add reagent().
[16:20:54]proc name: Initialize (/obj/effect/decal/cleanable/blood/gibs/Initialize)
[16:20:54]  source file: humans.dm,57
runtime error: 
[16:20:54]Cannot execute null.add reagent().
[16:20:54]proc name: Initialize (/obj/effect/decal/cleanable/blood/gibs/Initialize)
[16:20:54]  source file: humans.dm,57
runtime error: 
[16:20:54]Cannot execute null.add reagent().
[16:20:54]proc name: Initialize (/obj/effect/decal/cleanable/blood/gibs/Initialize)
[16:20:54]  source file: humans.dm,57
runtime error: 
[16:20:54]Cannot execute null.add reagent().
[16:20:54]proc name: Initialize (/obj/effect/decal/cleanable/blood/gibs/Initialize)
[16:20:54]  source file: humans.dm,57
runtime error: 
[16:20:54]Cannot execute null.add reagent().
[16:20:54]proc name: Initialize (/obj/effect/decal/cleanable/oil/Initialize)
[16:20:54]  source file: robots.dm,52
runtime error: 
[16:20:54]Cannot execute null.add reagent().
[16:20:54]proc name: Initialize (/obj/effect/decal/cleanable/oil/Initialize)
[16:20:54]  source file: robots.dm,52
runtime error: 
[16:20:56]Cannot execute null.add reagent().
[16:20:56]proc name: Initialize (/obj/effect/decal/cleanable/oil/Initialize)
[16:20:56]  source file: robots.dm,52
runtime error: 
[16:20:56]Cannot execute null.add reagent().
[16:20:56]proc name: Initialize (/obj/effect/decal/cleanable/oil/Initialize)
[16:20:56]  source file: robots.dm,52
runtime error: 
[16:20:56]Cannot execute null.add reagent().
[16:20:56]proc name: Initialize (/obj/effect/decal/cleanable/oil/Initialize)
[16:20:56]  source file: robots.dm,52
runtime error: 
[16:20:56]Cannot execute null.add reagent().
[16:20:56]proc name: Initialize (/obj/effect/decal/cleanable/blood/gibs/Initialize)
[16:20:56]  source file: humans.dm,57
runtime error: 
[16:20:56]Cannot execute null.add reagent().
[16:20:56]proc name: Initialize (/obj/effect/decal/cleanable/oil/Initialize)
[16:20:56]  source file: robots.dm,52
runtime error: 
[16:20:56]Cannot execute null.add reagent().
[16:20:56]proc name: Initialize (/obj/effect/decal/cleanable/blood/gibs/Initialize)
[16:20:56]  source file: humans.dm,57
runtime error: 
[16:20:56]Cannot execute null.add reagent().
[16:20:56]proc name: Initialize (/obj/effect/decal/cleanable/oil/Initialize)
[16:20:56]  source file: robots.dm,52
runtime error: 
[16:20:57]Cannot execute null.add reagent().
[16:20:57]proc name: Initialize (/obj/effect/decal/cleanable/blood/gibs/Initialize)
[16:20:57]  source file: humans.dm,57
runtime error: 
[16:20:57]Cannot execute null.add reagent().
[16:20:57]proc name: Initialize (/obj/effect/decal/cleanable/oil/Initialize)
[16:20:57]  source file: robots.dm,52
runtime error: 
[16:20:57]Cannot execute null.add reagent().
[16:20:57]proc name: Initialize (/obj/effect/decal/cleanable/oil/Initialize)
[16:20:57]  source file: robots.dm,52
runtime error: 
[16:20:57]Cannot execute null.add reagent().
[16:20:57]proc name: Initialize (/obj/effect/decal/cleanable/oil/Initialize)
[16:20:57]  source file: robots.dm,52
runtime error: 
[16:20:57]Cannot execute null.add reagent().
[16:20:57]proc name: Initialize (/obj/effect/decal/cleanable/oil/Initialize)
[16:20:57]  source file: robots.dm,52
runtime error: 
[16:20:57]Cannot execute null.add reagent().
[16:20:57]proc name: Initialize (/obj/effect/decal/cleanable/oil/Initialize)
[16:20:57]  source file: robots.dm,52
runtime error: 
[16:20:57]Cannot execute null.add reagent().
[16:20:57]proc name: Initialize (/obj/effect/decal/cleanable/oil/Initialize)
[16:20:57]  source file: robots.dm,52
runtime error: 
[16:20:57]Cannot execute null.add reagent().
[16:20:57]proc name: Initialize (/obj/effect/decal/cleanable/oil/Initialize)
[16:20:57]  source file: robots.dm,52
runtime error: 
[16:20:57]Cannot execute null.add reagent().
[16:20:57]proc name: Initialize (/obj/effect/decal/cleanable/oil/Initialize)
[16:20:57]  source file: robots.dm,52
runtime error: 
[16:20:57]Cannot execute null.add reagent().
[16:20:57]proc name: Initialize (/obj/effect/decal/cleanable/oil/Initialize)
[16:20:57]  source file: robots.dm,52
runtime error: 
[16:20:57]Cannot execute null.add reagent().
[16:20:57]proc name: Initialize (/obj/effect/decal/cleanable/oil/Initialize)
[16:20:57]  source file: robots.dm,52
runtime error: 
[16:20:58]Cannot execute null.add reagent().
[16:20:58]proc name: Initialize (/obj/effect/decal/cleanable/oil/Initialize)
[16:20:58]  source file: robots.dm,52
runtime error: 
[16:20:58]Cannot execute null.add reagent().
[16:20:58]proc name: Initialize (/obj/effect/decal/cleanable/oil/Initialize)
[16:20:58]  source file: robots.dm,52
runtime error: 
[16:20:58]Cannot execute null.add reagent().
[16:20:58]proc name: Initialize (/obj/effect/decal/cleanable/oil/Initialize)
[16:20:58]  source file: robots.dm,52
runtime error: 
[16:20:58]Cannot execute null.add reagent().
[16:20:58]proc name: Initialize (/obj/effect/decal/cleanable/oil/Initialize)
[16:20:58]  source file: robots.dm,52
runtime error: 
[16:20:58]Cannot execute null.add reagent().
[16:20:58]proc name: Initialize (/obj/effect/decal/cleanable/oil/Initialize)
[16:20:58]  source file: robots.dm,52
runtime error: 
[16:20:58]Cannot execute null.add reagent().
[16:20:58]proc name: Initialize (/obj/effect/decal/cleanable/oil/Initialize)
[16:20:58]  source file: robots.dm,52
runtime error: 
[16:20:58]Cannot read null.temperature
[16:20:58]proc name: Entered (/turf/Entered)
[16:20:58]  source file: turf.dm,186
runtime error: 
[16:20:58]Cannot execute null.add reagent().
[16:20:58]proc name: Initialize (/obj/effect/decal/cleanable/oil/Initialize)
[16:20:58]  source file: robots.dm,52
runtime error: 
[16:20:58]Cannot execute null.add reagent().
[16:20:58]proc name: Initialize (/obj/effect/decal/cleanable/oil/Initialize)
[16:20:58]  source file: robots.dm,52
runtime error: 
[16:20:59]Cannot execute null.add reagent().
[16:20:59]proc name: Initialize (/obj/effect/decal/cleanable/oil/Initialize)
[16:20:59]  source file: robots.dm,52
runtime error: 
[16:20:59]Cannot execute null.add reagent().
[16:20:59]proc name: Initialize (/obj/effect/decal/cleanable/oil/Initialize)
[16:20:59]  source file: robots.dm,52
runtime error: 
[16:20:59]Cannot execute null.add reagent().
[16:20:59]proc name: Initialize (/obj/effect/decal/cleanable/oil/Initialize)
[16:20:59]  source file: robots.dm,52
runtime error: 
[16:20:59]Cannot execute null.add reagent().
[16:20:59]proc name: Initialize (/obj/effect/decal/cleanable/oil/Initialize)
[16:20:59]  source file: robots.dm,52
runtime error: 
[16:20:59]Cannot execute null.add reagent().
[16:20:59]proc name: Initialize (/obj/effect/decal/cleanable/oil/Initialize)
[16:20:59]  source file: robots.dm,52
runtime error: 
[16:20:59]Cannot execute null.add reagent().
[16:20:59]proc name: Initialize (/obj/effect/decal/cleanable/oil/Initialize)
[16:20:59]  source file: robots.dm,52
runtime error: 
[16:20:59]Cannot execute null.add reagent().
[16:20:59]proc name: Initialize (/obj/effect/decal/cleanable/oil/Initialize)
[16:20:59]  source file: robots.dm,52
runtime error: 
[16:20:59]Cannot execute null.add reagent().
[16:20:59]proc name: Initialize (/obj/effect/decal/cleanable/oil/Initialize)
[16:20:59]  source file: robots.dm,52
runtime error: 
[16:20:59]Cannot execute null.add reagent().
[16:20:59]proc name: Initialize (/obj/effect/decal/cleanable/oil/Initialize)
[16:20:59]  source file: robots.dm,52
runtime error: 
[16:20:59]Cannot execute null.add reagent().
[16:20:59]proc name: Initialize (/obj/effect/decal/cleanable/oil/Initialize)
[16:20:59]  source file: robots.dm,52
runtime error: 
[16:21:00]Cannot execute null.add reagent().
[16:21:00]proc name: Initialize (/obj/effect/decal/cleanable/oil/Initialize)
[16:21:00]  source file: robots.dm,52
runtime error: 
[16:21:00]Cannot execute null.add reagent().
[16:21:00]proc name: Initialize (/obj/effect/decal/cleanable/oil/Initialize)
[16:21:00]  source file: robots.dm,52
runtime error: 
[16:21:00]Cannot execute null.add reagent().
[16:21:00]proc name: Initialize (/obj/effect/decal/cleanable/oil/Initialize)
[16:21:00]  source file: robots.dm,52
runtime error: 
[16:21:01]Cannot execute null.add reagent().
[16:21:01]proc name: Initialize (/obj/effect/decal/cleanable/oil/Initialize)
[16:21:01]  source file: robots.dm,52
runtime error: 
[16:21:01]Cannot execute null.add reagent().
[16:21:01]proc name: Initialize (/obj/effect/decal/cleanable/oil/Initialize)
[16:21:01]  source file: robots.dm,52
runtime error: 
[16:21:01]Cannot execute null.add reagent().
[16:21:01]proc name: Initialize (/obj/effect/decal/cleanable/oil/Initialize)
[16:21:01]  source file: robots.dm,52
runtime error: 
[16:21:01]Cannot execute null.add reagent().
[16:21:01]proc name: Initialize (/obj/effect/decal/cleanable/oil/Initialize)
[16:21:01]  source file: robots.dm,52
runtime error: 
[16:21:01]Cannot execute null.add reagent().
[16:21:01]proc name: Initialize (/obj/effect/decal/cleanable/oil/Initialize)
[16:21:01]  source file: robots.dm,52
runtime error: 
[16:21:01]Cannot execute null.add reagent().
[16:21:01]proc name: Initialize (/obj/effect/decal/cleanable/oil/Initialize)
[16:21:01]  source file: robots.dm,52
runtime error: 
[16:21:01]Cannot execute null.add reagent().
[16:21:01]Warning: further proc crash messages are being suppressed to prevent overload...
runtime error: 
[16:21:02]Cannot execute null.add reagent().
runtime error: 
[16:21:03]Undefined variable /obj/item/rupee/var/swimming

runtime error: 
[16:21:03]Undefined variable /obj/item/rupee/var/swimming

runtime error: 
[16:21:03]Undefined variable /obj/item/rupee/var/swimming

runtime error: 
[16:21:03]Undefined variable /obj/structure/signpost/salvation/var/swimming

runtime error: 
[16:21:03]Undefined variable /obj/item/rupee/var/swimming

runtime error: 
[16:21:03]Undefined variable /obj/item/rupee/var/swimming

runtime error: 
[16:21:03]Undefined variable /obj/item/rupee/var/swimming

runtime error: 
[16:21:03]Undefined variable /obj/item/rupee/var/swimming

runtime error: 
[16:21:03]Undefined variable /obj/item/rupee/var/swimming

runtime error: 
[16:21:03]Undefined variable /obj/item/rupee/var/swimming

runtime error: 
[16:21:03]Undefined variable /obj/effect/landmark/error/var/swimming

runtime error: 
[16:21:03]Undefined variable /obj/item/rupee/var/swimming

runtime error: 
[16:21:03]Undefined variable /obj/item/rupee/var/swimming

runtime error: 
[16:21:03]Undefined variable /obj/item/rupee/var/swimming

runtime error: 
[16:21:03]Undefined variable /obj/item/rupee/var/swimming

runtime error: 
[16:21:03]Undefined variable /obj/item/rupee/var/swimming

runtime error: 
[16:21:03]Undefined variable /obj/item/rupee/var/swimming

runtime error: 
[16:21:03]Undefined variable /obj/item/rupee/var/swimming

runtime error: 
[16:21:03]Undefined variable /obj/item/rupee/var/swimming

runtime error: 
[16:21:03]Undefined variable /obj/item/rupee/var/swimming

runtime error: 
[16:21:03]Undefined variable /obj/item/rupee/var/swimming

runtime error: 
[16:21:03]Undefined variable /obj/item/rupee/var/swimming

runtime error: 
[16:21:03]Undefined variable /obj/item/rupee/var/swimming

runtime error: 
[16:21:03]Undefined variable /obj/item/rupee/var/swimming

runtime error: 
[16:21:03]Undefined variable /obj/item/rupee/var/swimming

runtime error: 
[16:21:03]Undefined variable /obj/item/rupee/var/swimming

runtime error: 
[16:21:03]Undefined variable /obj/item/rupee/var/swimming

runtime error: 
[16:21:03]Undefined variable /obj/item/rupee/var/swimming

runtime error: 
[16:21:03]Undefined variable /obj/item/rupee/var/swimming

runtime error: 
[16:21:03]Undefined variable /obj/item/rupee/var/swimming

runtime error: 
[16:21:03]Undefined variable /obj/item/rupee/var/swimming

runtime error: 
[16:21:03]Undefined variable /obj/item/rupee/var/swimming

runtime error: 
[16:21:03]Undefined variable /obj/item/rupee/var/swimming

runtime error: 
[16:21:03]Undefined variable /obj/item/rupee/var/swimming

runtime error: 
[16:21:03]Undefined variable /obj/item/rupee/var/swimming

runtime error: 
[16:21:03]Undefined variable /obj/item/rupee/var/swimming

runtime error: 
[16:21:03]Undefined variable /obj/item/rupee/var/swimming

runtime error: 
[16:21:03]Undefined variable /obj/item/rupee/var/swimming

runtime error: 
[16:21:03]Undefined variable /obj/item/rupee/var/swimming

runtime error: 
[16:21:03]Undefined variable /obj/item/rupee/var/swimming

runtime error: 
[16:21:04]Undefined variable /obj/item/rupee/var/swimming

runtime error: 
[16:21:04]Undefined variable /obj/item/rupee/var/swimming

runtime error: 
[16:21:04]Undefined variable /obj/item/rupee/var/swimming

runtime error: 
[16:21:04]Undefined variable /obj/item/rupee/var/swimming

runtime error: 
[16:21:04]Undefined variable /obj/item/rupee/var/swimming

runtime error: 
[16:21:04]Undefined variable /obj/item/rupee/var/swimming

runtime error: 
[16:21:04]Undefined variable /obj/item/rupee/var/swimming

runtime error: 
[16:21:04]Undefined variable /obj/structure/speaking_tile/var/swimming

runtime error: 
[16:21:04]Undefined variable /obj/machinery/abductor/gland_dispenser/var/swimming

runtime error: 
[16:21:04]Undefined variable /obj/structure/table/abductor/var/swimming

runtime error: 
[16:21:04]Undefined variable /obj/item/surgicaldrill/alien/var/swimming

runtime error: 
[16:21:04]undefined proc or verb /mob/living/simple_animal/bot/medbot/mysterious/remove overlay().

runtime error: 
[16:21:04]undefined proc or verb /mob/living/simple_animal/hostile/creature/remove overlay().

runtime error: 
[16:21:04]undefined proc or verb /mob/living/simple_animal/hostile/carp/cayenne/remove overlay().

runtime error: 
[16:21:07]Cannot execute null.add reagent().
runtime error: 
[16:21:07]Cannot execute null.add reagent().
runtime error: 
[16:21:07]undefined proc or verb /mob/living/simple_animal/bot/medbot/remove overlay().

runtime error: 
[16:21:07]undefined proc or verb /mob/living/simple_animal/cockroach/remove overlay().

runtime error: 
[16:21:07]undefined proc or verb /mob/living/simple_animal/cockroach/remove overlay().

runtime error: 
[16:21:07]Cannot execute null.add reagent().
runtime error: 
[16:21:07]Cannot execute null.add reagent().
runtime error: 
[16:21:07]Cannot execute null.add reagent().
runtime error: 
[16:21:07]undefined proc or verb /mob/living/simple_animal/cockroach/remove overlay().

runtime error: 
[16:21:08]undefined proc or verb /mob/living/simple_animal/cockroach/remove overlay().

runtime error: 
[16:21:08]undefined proc or verb /mob/living/simple_animal/cockroach/remove overlay().

runtime error: 
[16:21:08]undefined proc or verb /mob/living/simple_animal/pet/cat/Runtime/remove overlay().

runtime error: 
[16:21:08]undefined proc or verb /mob/living/simple_animal/cockroach/remove overlay().

runtime error: 
[16:21:08]undefined proc or verb /mob/living/simple_animal/pet/dog/pug/remove overlay().

runtime error: 
[16:21:08]undefined proc or verb /mob/living/simple_animal/cockroach/remove overlay().

runtime error: 
[16:21:08]undefined proc or verb /mob/living/simple_animal/cockroach/remove overlay().

runtime error: 
[16:21:08]undefined proc or verb /mob/living/simple_animal/cockroach/remove overlay().

runtime error: 
[16:21:08]undefined proc or verb /mob/living/simple_animal/slime/remove overlay().

runtime error: 
[16:21:08]undefined proc or verb /mob/living/simple_animal/slime/remove overlay().

runtime error: 
[16:21:08]undefined proc or verb /mob/living/simple_animal/slime/remove overlay().

runtime error: 
[16:21:08]undefined proc or verb /mob/living/simple_animal/cockroach/remove overlay().

runtime error: 
[16:21:09]undefined proc or verb /mob/living/simple_animal/cockroach/remove overlay().

runtime error: 
[16:21:09]undefined proc or verb /mob/living/simple_animal/pet/dog/corgi/puppy/remove overlay().

runtime error: 
[16:21:09]undefined proc or verb /mob/living/simple_animal/bot/secbot/pingsky/remove overlay().

runtime error: 
[16:21:09]undefined proc or verb /mob/living/simple_animal/parrot/Poly/remove overlay().

runtime error: 
[16:21:09]undefined proc or verb /mob/living/simple_animal/bot/secbot/beepsky/remove overlay().

runtime error: 
[16:21:09]undefined proc or verb /mob/living/simple_animal/pet/fox/Renault/remove overlay().

runtime error: 
[16:21:10]undefined proc or verb /mob/living/simple_animal/hostile/carp/cayenne/remove overlay().

runtime error: 
[16:21:10]undefined proc or verb /mob/living/simple_animal/cockroach/remove overlay().

runtime error: 
[16:21:10]undefined proc or verb /mob/living/simple_animal/hostile/retaliate/goat/remove overlay().

runtime error: 
[16:21:10]undefined proc or verb /mob/living/simple_animal/sloth/citrus/remove overlay().

runtime error: 
[16:21:10]undefined proc or verb /mob/living/simple_animal/cockroach/remove overlay().

runtime error: 
[16:21:10]undefined proc or verb /mob/living/simple_animal/mouse/remove overlay().

runtime error: 
[16:21:11]undefined proc or verb /mob/living/simple_animal/mouse/remove overlay().

runtime error: 
[16:21:11]undefined proc or verb /mob/living/simple_animal/bot/mulebot/remove overlay().

runtime error: 
[16:21:11]undefined proc or verb /mob/living/simple_animal/bot/mulebot/remove overlay().

runtime error: 
[16:21:11]undefined proc or verb /mob/living/simple_animal/cockroach/remove overlay().

runtime error: 
[16:21:11]undefined proc or verb /mob/living/simple_animal/hostile/lizard/remove overlay().

runtime error: 
[16:21:11]undefined proc or verb /mob/living/simple_animal/cockroach/remove overlay().

runtime error: 
[16:21:11]undefined proc or verb /mob/living/simple_animal/cockroach/remove overlay().

runtime error: 
[16:21:11]undefined proc or verb /mob/living/simple_animal/cockroach/remove overlay().

runtime error: 
[16:21:11]undefined proc or verb /mob/living/simple_animal/cockroach/remove overlay().

runtime error: 
[16:21:14]undefined proc or verb /mob/living/simple_animal/hostile/asteroid/basilisk/watcher/random/remove overlay().

runtime error: 
[16:21:14]undefined proc or verb /mob/living/simple_animal/hostile/asteroid/basilisk/watcher/random/remove overlay().

runtime error: 
[16:21:14]undefined proc or verb /mob/living/simple_animal/hostile/asteroid/basilisk/watcher/random/remove overlay().

runtime error: 
[16:21:14]undefined proc or verb /mob/living/simple_animal/hostile/asteroid/hivelord/legion/random/remove overlay().

runtime error: 
[16:21:14]undefined proc or verb /mob/living/simple_animal/hostile/asteroid/goliath/beast/random/remove overlay().

runtime error: 
[16:21:14]undefined proc or verb /mob/living/simple_animal/hostile/asteroid/basilisk/watcher/random/remove overlay().

runtime error: 
[16:21:14]undefined proc or verb /mob/living/simple_animal/hostile/asteroid/basilisk/watcher/random/remove overlay().

runtime error: 
[16:21:14]undefined proc or verb /mob/living/simple_animal/hostile/asteroid/goldgrub/remove overlay().

runtime error: 
[16:21:14]undefined proc or verb /mob/living/simple_animal/hostile/asteroid/basilisk/watcher/random/remove overlay().

runtime error: 
[16:21:14]undefined proc or verb /mob/living/simple_animal/bot/secbot/beepsky/remove overlay().

runtime error: 
[16:21:15]undefined proc or verb /mob/living/simple_animal/hostile/spawner/lavaland/remove overlay().

Initialized 1.47937e+006 atoms
Initialized Atoms subsystem within 34.6 seconds!
Initialized Language subsystem within 0 seconds!
Initialized Machines subsystem within 0.6 seconds!
Initialized Circuit subsystem within 0 seconds!
Initialized Weather subsystem within 0 seconds!
## WARNING: There are 568 active turfs at roundstart, this is a mapping error caused by a difference of the air between the adjacent turfs. You can see its coordinates using "Mapping -> Show roundstart AT list" verb (debug verbs required)
## WARNING: HEY! LISTEN! 3 seconds were wasted processing 568 turf(s) (connected to 87706 other turfs) with atmos differences at round start.
Initialized Atmospherics subsystem within 13.7 seconds!
Initialized Minimap subsystem within 0 seconds!
Initialized Assets subsystem within 0.1 seconds!
Initialized Icon Smoothing subsystem within 4.2 seconds!
Initialized Overlay subsystem within 23.1 seconds!
Initialized XKeyScore subsystem within 0 seconds!
Initialized Lighting subsystem within 10.6 seconds!
Initialized Shuttle subsystem within 31.9 seconds!
Initialized Squeak subsystem within 0 seconds!
Loaded 0 engraved messages on map Delta Station
Initialized Persistence subsystem within 0.1 seconds!
Initializations complete within 177.5 seconds!
Game start took 0s
## WARNING: A ref was requested of an object with use_tag set but no tag: Noober84555 in code/__HELPERS/unsorted.dm at line 1500 src:  usr: Noober84555.
runtime error: 
[16:24:18]Cannot read null.key
runtime error: 
[16:24:18]Cannot read null.martial_art
runtime error: 
[16:24:18]Cannot read null.martial_art
## WARNING: A ref was requested of an object with use_tag set but no tag: the station self-destruct terminal in code/__HELPERS/unsorted.dm at line 1500 src:  usr: .
runtime error: 
[16:24:48]undefined variable /obj/item/device/healthanalyzer/var/swimming
runtime error: 
[16:24:48]undefined variable /obj/item/device/healthanalyzer/var/swimming
runtime error: 
[16:24:48]undefined variable /obj/item/reagent_containers/pill/patch/styptic/var/swimming
runtime error: 
[16:24:48]undefined variable /obj/item/reagent_containers/pill/patch/styptic/var/swimming
runtime error: 
[16:24:48]undefined variable /obj/item/reagent_containers/pill/patch/styptic/var/swimming
runtime error: 
[16:24:48]undefined variable /obj/item/reagent_containers/pill/patch/styptic/var/swimming
runtime error: 
[16:24:48]undefined variable /obj/item/device/healthanalyzer/var/swimming
runtime error: 
[16:24:48]undefined variable /obj/item/device/healthanalyzer/var/swimming
runtime error: 
[16:24:48]undefined variable /obj/item/reagent_containers/pill/patch/styptic/var/swimming
runtime error: 
[16:24:48]undefined variable /obj/item/reagent_containers/pill/patch/styptic/var/swimming
runtime error: 
[16:24:49]undefined variable /obj/item/stack/sheet/metal/var/swimming
runtime error: 
[16:24:49]undefined variable /obj/item/stack/sheet/metal/var/swimming
runtime error: 
[16:24:50]undefined variable /obj/item/storage/firstaid/brute/var/swimming
runtime error: 
[16:24:50]undefined variable /obj/item/storage/firstaid/brute/var/swimming
runtime error: 
[16:24:50]undefined variable /obj/item/storage/firstaid/brute/var/swimming
runtime error: 
[16:24:50]undefined variable /obj/item/stack/sheet/metal/var/swimming
runtime error: 
[16:24:50]undefined variable /obj/item/stack/sheet/metal/var/swimming
runtime error: 
[16:24:50]undefined variable /obj/item/stack/sheet/metal/var/swimming
runtime error: 
[16:24:50]undefined variable /obj/item/stack/sheet/metal/var/swimming
runtime error: 
[16:24:50]undefined variable /obj/item/stack/sheet/metal/var/swimming
runtime error: 
[16:24:50]undefined variable /obj/item/stack/sheet/metal/var/swimming
runtime error: 
[16:24:50]undefined variable /obj/item/stack/sheet/metal/var/swimming
runtime error: 
[16:24:50]undefined variable /obj/item/stack/sheet/metal/var/swimming
runtime error: 
[16:24:50]undefined variable /obj/item/storage/firstaid/brute/var/swimming
runtime error: 
[16:24:50]undefined variable /obj/item/storage/firstaid/brute/var/swimming
runtime error: 
[16:24:50]undefined variable /obj/item/storage/firstaid/brute/var/swimming
runtime error: 
[16:24:50]undefined variable /obj/item/storage/firstaid/brute/var/swimming
runtime error: 
[16:24:50]undefined variable /obj/item/storage/firstaid/brute/var/swimming
runtime error: 
[16:24:50]undefined variable /obj/item/storage/firstaid/brute/var/swimming
runtime error: 
[16:24:50]undefined variable /obj/item/storage/firstaid/brute/var/swimming
runtime error: 
[16:24:50]undefined variable /obj/item/stack/sheet/metal/var/swimming
runtime error: 
[16:24:50]undefined variable /obj/item/storage/firstaid/regular/var/swimming
runtime error: 
[16:24:50]undefined variable /obj/item/light/tube/var/swimming
runtime error: 
[16:24:50]undefined variable /obj/item/light/tube/var/swimming
runtime error: 
[16:24:50]undefined variable /obj/item/storage/firstaid/brute/var/swimming
runtime error: 
[16:24:50]undefined variable /obj/item/stack/sheet/metal/var/swimming
runtime error: 
[16:24:50]undefined variable /obj/item/stack/sheet/metal/var/swimming
runtime error: 
[16:24:50]undefined variable /obj/item/stack/sheet/metal/var/swimming
runtime error: 
[16:24:50]undefined variable /obj/item/stack/sheet/metal/var/swimming
runtime error: 
[16:24:50]undefined variable /obj/item/storage/firstaid/brute/var/swimming
runtime error: 
[16:24:50]undefined variable /obj/item/storage/firstaid/brute/var/swimming
runtime error: 
[16:24:50]undefined variable /obj/item/storage/firstaid/brute/var/swimming
runtime error: 
[16:24:50]undefined variable /obj/item/storage/firstaid/brute/var/swimming
runtime error: 
[16:24:50]undefined variable /obj/item/storage/firstaid/brute/var/swimming
runtime error: 
[16:24:50]undefined variable /obj/item/stack/sheet/metal/var/swimming
runtime error: 
[16:24:50]undefined variable /obj/item/stack/sheet/metal/var/swimming
runtime error: 
[16:24:50]undefined variable /obj/item/storage/firstaid/brute/var/swimming
runtime error: 
[16:24:50]undefined variable /obj/item/stack/sheet/metal/var/swimming
runtime error: 
[16:24:50]undefined variable /obj/item/storage/firstaid/regular/var/swimming
runtime error: 
[16:24:50]undefined variable /obj/item/storage/firstaid/regular/var/swimming
runtime error: 
[16:24:50]undefined variable /obj/item/storage/firstaid/regular/var/swimming
runtime error: 
[16:25:17]Cannot execute null.add reagent().
runtime error: 
[16:25:17]Cannot execute null.add reagent().
runtime error: 
[16:25:17]Cannot execute null.add reagent().
runtime error: 
[16:25:17]Cannot execute null.add reagent().
runtime error: 
[16:25:17]Cannot execute null.add reagent().
runtime error: 
[16:25:17]Cannot execute null.add reagent().
runtime error: 
[16:25:17]Cannot execute null.add reagent().
runtime error: 
[16:25:17]Cannot execute null.add reagent().
runtime error: 
[16:25:17]Cannot execute null.add reagent().
runtime error: 
[16:25:17]Cannot execute null.add reagent().
runtime error: 
[16:25:17]Cannot execute null.add reagent().
runtime error: 
[16:25:17]Cannot execute null.add reagent().
runtime error: 
[16:25:17]Cannot execute null.add reagent().
runtime error: 
[16:25:17]Cannot execute null.add reagent().
runtime error: 
[16:25:17]Cannot execute null.add reagent().
runtime error: 
[16:25:17]Cannot execute null.add reagent().
runtime error: 
[16:25:17]Cannot execute null.add reagent().
runtime error: 
[16:25:17]Cannot execute null.add reagent().
runtime error: 
[16:25:17]Cannot execute null.add reagent().
runtime error: 
[16:25:17]Cannot execute null.add reagent().
runtime error: 
[16:25:17]Cannot execute null.add reagent().
runtime error: 
[16:25:17]Cannot execute null.add reagent().
runtime error: 
[16:25:17]Cannot execute null.add reagent().
runtime error: 
[16:25:17]Cannot execute null.add reagent().
runtime error: 
[16:25:17]Cannot execute null.add reagent().
runtime error: 
[16:25:17]Cannot execute null.add reagent().
runtime error: 
[16:25:17]Cannot execute null.add reagent().
runtime error: 
[16:25:17]Cannot execute null.add reagent().
runtime error: 
[16:25:17]Cannot execute null.add reagent().
runtime error: 
[16:25:17]Cannot execute null.add reagent().
runtime error: 
[16:25:17]Cannot execute null.add reagent().
runtime error: 
[16:25:17]Cannot execute null.add reagent().
runtime error: 
[16:25:18]Cannot execute null.add reagent().
runtime error: 
[16:25:18]Cannot execute null.add reagent().
runtime error: 
[16:25:18]Cannot execute null.add reagent().
runtime error: 
[16:25:18]Cannot execute null.add reagent().
runtime error: 
[16:25:18]Cannot execute null.add reagent().
runtime error: 
[16:25:18]Cannot execute null.add reagent().
runtime error: 
[16:25:18]Cannot execute null.add reagent().
runtime error: 
[16:25:18]Cannot execute null.add reagent().
runtime error: 
[16:25:18]Cannot execute null.add reagent().
runtime error: 
[16:25:18]Cannot execute null.add reagent().
runtime error: 
[16:25:18]Cannot execute null.add reagent().
runtime error: 
[16:25:18]Cannot execute null.add reagent().
runtime error: 
[16:25:18]Cannot execute null.add reagent().
runtime error: 
[16:25:18]Cannot execute null.add reagent().
runtime error: 
[16:25:18]Cannot read null.martial_art
Shutting down Persistence subsystem...
Shutting down Squeak subsystem...
Shutting down Shuttle subsystem...
Shutting down Lighting subsystem...
Shutting down XKeyScore subsystem...
Shutting down Sticky Ban subsystem...
Shutting down Overlay subsystem...
Shutting down Icon Smoothing subsystem...
Shutting down Assets subsystem...
Shutting down Minimap subsystem...
Shutting down Atmospherics subsystem...
Shutting down Weather subsystem...
Shutting down Vote subsystem...
Shutting down Title Screen subsystem...
Shutting down Time Tracking subsystem...
Shutting down Throwing subsystem...
Shutting down tgui subsystem...
Shutting down Sun subsystem...
Shutting down Space Drift subsystem...
Shutting down Religion subsystem...
Shutting down Radio subsystem...
Shutting down Radiation subsystem...
Shutting down Projectiles subsystem...
Shutting down Processing subsystem...
Shutting down Parallax subsystem...
Shutting down pAI subsystem...
Shutting down Orbits subsystem...
Shutting down Objects subsystem...
Shutting down NPC Pool subsystem...
Shutting down Mobs subsystem...
Shutting down Inbounds subsystem...
Shutting down Idling NPC Pool subsystem...
Shutting down Garbage subsystem...
Shutting down Flightpack Movement subsystem...
Shutting down Fire Burning subsystem...
Shutting down Fields subsystem...
Shutting down Fast Processing subsystem...
Shutting down Disease subsystem...
Shutting down Communications subsystem...
Shutting down Augury subsystem...
Shutting down Acid subsystem...
Shutting down Timer subsystem...
Shutting down Circuit subsystem...
Shutting down Machines subsystem...
Shutting down Language subsystem...
Shutting down Atoms subsystem...
Shutting down Mapping subsystem...
Shutting down Ticker subsystem...
Shutting down Jobs subsystem...
Shutting down Events subsystem...
Shutting down Server Tasks subsystem...
Shutting down Blackbox subsystem...
Shutting down Database subsystem...
Shutdown complete
World rebooted at 16:25:43
