

Starting up round ID . 13:52:51
---------------------
Initialized Blackbox subsystem within 0 seconds!
Initialized Server Tasks subsystem within 0 seconds!
Initialized Events subsystem within 0.1 seconds!
runtime error: 
[13:52:52]cannot read from list
[13:52:52]proc name: LoadJobs (/datum/controller/subsystem/job/proc/LoadJobs)
[13:52:52]  source file: job.dm,448
[13:52:52]  usr: null
[13:52:52]  src: Jobs (/datum/controller/subsystem/job)
[13:52:52]  call stack:
[13:52:52]Jobs (/datum/controller/subsystem/job): LoadJobs()
[13:52:52]Jobs (/datum/controller/subsystem/job): Initialize(607727)
[13:52:52]Master (/datum/controller/master): Initialize(10, 0)
Initialized Jobs subsystem within 0 seconds!
Initialized Ticker subsystem within 0.1 seconds!
Loading Delta Station...
runtime error: 
[13:53:06]Cannot read null.martial_art
[13:53:06]proc name: teach (/datum/martial_art/proc/teach)
[13:53:06]  source file: martial.dm,79
[13:53:06]  usr: AlcaroIsAFrick (/mob/dead/new_player)
[13:53:06]  src: Wrestling (/datum/martial_art/wrestling)
[13:53:06]  usr.loc: the plating (8,174,1) (/turf/open/floor/plating)
[13:53:06]  call stack:
[13:53:06]Wrestling (/datum/martial_art/wrestling): teach(Alcaro (/mob/living/carbon/human/dummy), 1)
[13:53:06]Wrestling (/datum/martial_art/wrestling): teach(Alcaro (/mob/living/carbon/human/dummy), 1)
[13:53:06]Wrestling Belt (/obj/item/storage/belt/champion/wrestling): equipped(Alcaro (/mob/living/carbon/human/dummy), 5)
[13:53:06]Alcaro (/mob/living/carbon/human/dummy): equip to slot(Wrestling Belt (/obj/item/storage/belt/champion/wrestling), 5, 0)
[13:53:06]Alcaro (/mob/living/carbon/human/dummy): equip to slot if possible(Wrestling Belt (/obj/item/storage/belt/champion/wrestling), 5, 1, 1, 0, 1)
[13:53:06]Alcaro (/mob/living/carbon/human/dummy): equip to slot or del(Wrestling Belt (/obj/item/storage/belt/champion/wrestling), 5)
[13:53:06]Captain (/datum/outfit/job/captain): equip(Alcaro (/mob/living/carbon/human/dummy), 1)
[13:53:06]Alcaro (/mob/living/carbon/human/dummy): equipOutfit(/datum/outfit/job/captain (/datum/outfit/job/captain), 1)
[13:53:06]/datum/job/captain (/datum/job/captain): equip(Alcaro (/mob/living/carbon/human/dummy), 1, 1)
[13:53:06]/datum/preferences (/datum/preferences): update preview icon()
[13:53:06]/datum/preferences (/datum/preferences): ShowChoices(AlcaroIsAFrick (/mob/dead/new_player))
[13:53:06]AlcaroIsAFrick (/mob/dead/new_player): Topic("src=\[mob_0];show_preferences=...", /list (/list))
[13:53:06]AlcaroIsAFrick (/client): Topic("src=\[mob_0];show_preferences=...", /list (/list), AlcaroIsAFrick (/mob/dead/new_player))
[13:53:06]AlcaroIsAFrick (/client): Topic("src=\[mob_0];show_preferences=...", /list (/list), AlcaroIsAFrick (/mob/dead/new_player))
runtime error: 
[13:53:06]Cannot execute null.start().
[13:53:06]proc name: equipped (/obj/item/clothing/head/helmet/space/hardsuit/equipped)
[13:53:06]  source file: hardsuit.dm,63
[13:53:06]  usr: AlcaroIsAFrick (/mob/dead/new_player)
[13:53:06]  src: the elite syndicate hardsuit h... (/obj/item/clothing/head/helmet/space/hardsuit/syndi/elite)
[13:53:06]  usr.loc: the plating (8,174,1) (/turf/open/floor/plating)
[13:53:06]  src.loc: Alcaro (/mob/living/carbon/human/dummy)
[13:53:06]  call stack:
[13:53:06]the elite syndicate hardsuit h... (/obj/item/clothing/head/helmet/space/hardsuit/syndi/elite): equipped(Alcaro (/mob/living/carbon/human/dummy), 11)
[13:53:06]Alcaro (/mob/living/carbon/human/dummy): equip to slot(the elite syndicate hardsuit h... (/obj/item/clothing/head/helmet/space/hardsuit/syndi/elite), 11, 1)
[13:53:06]Alcaro (/mob/living/carbon/human/dummy): equip to slot(the elite syndicate hardsuit h... (/obj/item/clothing/head/helmet/space/hardsuit/syndi/elite), 11, 1)
[13:53:06]Alcaro (/mob/living/carbon/human/dummy): equip to slot if possible(the elite syndicate hardsuit h... (/obj/item/clothing/head/helmet/space/hardsuit/syndi/elite), 11, 0, 0, 1, 0)
[13:53:06]the elite syndicate hardsuit (/obj/item/clothing/suit/space/hardsuit/syndi/elite): ToggleHelmet()
[13:53:06]Captain (/datum/outfit/job/captain): equip(Alcaro (/mob/living/carbon/human/dummy), 1)
[13:53:06]Alcaro (/mob/living/carbon/human/dummy): equipOutfit(/datum/outfit/job/captain (/datum/outfit/job/captain), 1)
[13:53:06]/datum/job/captain (/datum/job/captain): equip(Alcaro (/mob/living/carbon/human/dummy), 1, 1)
[13:53:06]/datum/preferences (/datum/preferences): update preview icon()
[13:53:06]/datum/preferences (/datum/preferences): ShowChoices(AlcaroIsAFrick (/mob/dead/new_player))
[13:53:06]AlcaroIsAFrick (/mob/dead/new_player): Topic("src=\[mob_0];show_preferences=...", /list (/list))
[13:53:06]AlcaroIsAFrick (/client): Topic("src=\[mob_0];show_preferences=...", /list (/list), AlcaroIsAFrick (/mob/dead/new_player))
[13:53:06]AlcaroIsAFrick (/client): Topic("src=\[mob_0];show_preferences=...", /list (/list), AlcaroIsAFrick (/mob/dead/new_player))
runtime error: 
[13:53:09]Cannot execute null.stop().
[13:53:09]proc name: dropped (/obj/item/clothing/head/helmet/space/hardsuit/dropped)
[13:53:09]  source file: hardsuit.dm,48
[13:53:09]  usr: AlcaroIsAFrick (/mob/dead/new_player)
[13:53:09]  src: the elite syndicate hardsuit h... (/obj/item/clothing/head/helmet/space/hardsuit/syndi/elite)
[13:53:09]  usr.loc: the plating (8,174,1) (/turf/open/floor/plating)
[13:53:09]  src.loc: Alcaro (/mob/living/carbon/human/dummy)
[13:53:09]  call stack:
[13:53:09]the elite syndicate hardsuit h... (/obj/item/clothing/head/helmet/space/hardsuit/syndi/elite): dropped(Alcaro (/mob/living/carbon/human/dummy))
[13:53:09]Alcaro (/mob/living/carbon/human/dummy): doUnEquip(the elite syndicate hardsuit h... (/obj/item/clothing/head/helmet/space/hardsuit/syndi/elite), 1, null, 1, 1)
[13:53:09]Alcaro (/mob/living/carbon/human/dummy): doUnEquip(the elite syndicate hardsuit h... (/obj/item/clothing/head/helmet/space/hardsuit/syndi/elite), 1, null, 1, 1)
[13:53:09]Alcaro (/mob/living/carbon/human/dummy): doUnEquip(the elite syndicate hardsuit h... (/obj/item/clothing/head/helmet/space/hardsuit/syndi/elite), 1, null, 1, 1)
[13:53:09]Alcaro (/mob/living/carbon/human/dummy): temporarilyRemoveItemFromInventory(the elite syndicate hardsuit h... (/obj/item/clothing/head/helmet/space/hardsuit/syndi/elite), 1, 1)
[13:53:09]the elite syndicate hardsuit h... (/obj/item/clothing/head/helmet/space/hardsuit/syndi/elite): Destroy(0)
[13:53:09]the elite syndicate hardsuit h... (/obj/item/clothing/head/helmet/space/hardsuit/syndi/elite): Destroy(0)
[13:53:09]the elite syndicate hardsuit h... (/obj/item/clothing/head/helmet/space/hardsuit/syndi/elite): Destroy(0)
[13:53:09]the elite syndicate hardsuit h... (/obj/item/clothing/head/helmet/space/hardsuit/syndi/elite): Destroy(0)
[13:53:09]qdel(the elite syndicate hardsuit h... (/obj/item/clothing/head/helmet/space/hardsuit/syndi/elite), 0)
[13:53:09]Alcaro (/mob/living/carbon/human/dummy): delete equipment()
[13:53:09]Alcaro (/mob/living/carbon/human/dummy): wipe state()
[13:53:09]unset busy human dummy("dummy_preference_preview")
[13:53:09]/datum/preferences (/datum/preferences): update preview icon()
[13:53:09]/datum/preferences (/datum/preferences): ShowChoices(AlcaroIsAFrick (/mob/dead/new_player))
[13:53:09]AlcaroIsAFrick (/mob/dead/new_player): Topic("src=\[mob_0];show_preferences=...", /list (/list))
[13:53:09]AlcaroIsAFrick (/client): Topic("src=\[mob_0];show_preferences=...", /list (/list), AlcaroIsAFrick (/mob/dead/new_player))
[13:53:09]AlcaroIsAFrick (/client): Topic("src=\[mob_0];show_preferences=...", /list (/list), AlcaroIsAFrick (/mob/dead/new_player))
runtime error: 
[13:53:09]Cannot read null.martial_art
[13:53:09]proc name: remove (/datum/martial_art/proc/remove)
[13:53:09]  source file: martial.dm,101
[13:53:09]  usr: AlcaroIsAFrick (/mob/dead/new_player)
[13:53:09]  src: Wrestling (/datum/martial_art/wrestling)
[13:53:09]  usr.loc: the plating (8,174,1) (/turf/open/floor/plating)
[13:53:09]  call stack:
[13:53:09]Wrestling (/datum/martial_art/wrestling): remove(Alcaro (/mob/living/carbon/human/dummy))
[13:53:09]Wrestling Belt (/obj/item/storage/belt/champion/wrestling): dropped(Alcaro (/mob/living/carbon/human/dummy))
[13:53:09]Alcaro (/mob/living/carbon/human/dummy): doUnEquip(Wrestling Belt (/obj/item/storage/belt/champion/wrestling), 1, null, 1, 1)
[13:53:09]Alcaro (/mob/living/carbon/human/dummy): doUnEquip(Wrestling Belt (/obj/item/storage/belt/champion/wrestling), 1, null, 1, 1)
[13:53:09]Alcaro (/mob/living/carbon/human/dummy): doUnEquip(Wrestling Belt (/obj/item/storage/belt/champion/wrestling), 1, null, 1, 1)
[13:53:09]Alcaro (/mob/living/carbon/human/dummy): temporarilyRemoveItemFromInventory(Wrestling Belt (/obj/item/storage/belt/champion/wrestling), 1, 1)
[13:53:09]Wrestling Belt (/obj/item/storage/belt/champion/wrestling): Destroy(0)
[13:53:09]Wrestling Belt (/obj/item/storage/belt/champion/wrestling): Destroy(0)
[13:53:09]qdel(Wrestling Belt (/obj/item/storage/belt/champion/wrestling), 0)
[13:53:09]Alcaro (/mob/living/carbon/human/dummy): delete equipment()
[13:53:09]Alcaro (/mob/living/carbon/human/dummy): wipe state()
[13:53:09]unset busy human dummy("dummy_preference_preview")
[13:53:09]/datum/preferences (/datum/preferences): update preview icon()
[13:53:09]/datum/preferences (/datum/preferences): ShowChoices(AlcaroIsAFrick (/mob/dead/new_player))
[13:53:09]AlcaroIsAFrick (/mob/dead/new_player): Topic("src=\[mob_0];show_preferences=...", /list (/list))
[13:53:09]AlcaroIsAFrick (/client): Topic("src=\[mob_0];show_preferences=...", /list (/list), AlcaroIsAFrick (/mob/dead/new_player))
[13:53:09]AlcaroIsAFrick (/client): Topic("src=\[mob_0];show_preferences=...", /list (/list), AlcaroIsAFrick (/mob/dead/new_player))
runtime error: 
[13:53:09]Cannot read null.martial_art
[13:53:09]proc name: teach (/datum/martial_art/proc/teach)
[13:53:09]  source file: martial.dm,79
[13:53:09]  usr: AlcaroIsAFrick (/mob/dead/new_player)
[13:53:09]  src: Wrestling (/datum/martial_art/wrestling)
[13:53:09]  usr.loc: the plating (8,174,1) (/turf/open/floor/plating)
[13:53:09]  call stack:
[13:53:09]Wrestling (/datum/martial_art/wrestling): teach(Alcaro (/mob/living/carbon/human/dummy), 1)
[13:53:09]Wrestling (/datum/martial_art/wrestling): teach(Alcaro (/mob/living/carbon/human/dummy), 1)
[13:53:09]Wrestling Belt (/obj/item/storage/belt/champion/wrestling): equipped(Alcaro (/mob/living/carbon/human/dummy), 5)
[13:53:09]Alcaro (/mob/living/carbon/human/dummy): equip to slot(Wrestling Belt (/obj/item/storage/belt/champion/wrestling), 5, 0)
[13:53:09]Alcaro (/mob/living/carbon/human/dummy): equip to slot if possible(Wrestling Belt (/obj/item/storage/belt/champion/wrestling), 5, 1, 1, 0, 1)
[13:53:09]Alcaro (/mob/living/carbon/human/dummy): equip to slot or del(Wrestling Belt (/obj/item/storage/belt/champion/wrestling), 5)
[13:53:09]Captain (/datum/outfit/job/captain): equip(Alcaro (/mob/living/carbon/human/dummy), 1)
[13:53:09]Alcaro (/mob/living/carbon/human/dummy): equipOutfit(/datum/outfit/job/captain (/datum/outfit/job/captain), 1)
[13:53:09]/datum/job/captain (/datum/job/captain): equip(Alcaro (/mob/living/carbon/human/dummy), 1, 1)
[13:53:09]/datum/preferences (/datum/preferences): update preview icon()
[13:53:09]/datum/preferences (/datum/preferences): ShowChoices(AlcaroIsAFrick (/mob/dead/new_player))
[13:53:09]AlcaroIsAFrick (/mob/dead/new_player): Topic("src=\[mob_0];show_preferences=...", /list (/list))
[13:53:09]AlcaroIsAFrick (/client): Topic("src=\[mob_0];show_preferences=...", /list (/list), AlcaroIsAFrick (/mob/dead/new_player))
[13:53:09]AlcaroIsAFrick (/client): Topic("src=\[mob_0];show_preferences=...", /list (/list), AlcaroIsAFrick (/mob/dead/new_player))
runtime error: 
[13:53:09]Cannot execute null.start().
[13:53:09]proc name: equipped (/obj/item/clothing/head/helmet/space/hardsuit/equipped)
[13:53:09]  source file: hardsuit.dm,63
[13:53:09]  usr: AlcaroIsAFrick (/mob/dead/new_player)
[13:53:09]  src: the elite syndicate hardsuit h... (/obj/item/clothing/head/helmet/space/hardsuit/syndi/elite)
[13:53:09]  usr.loc: the plating (8,174,1) (/turf/open/floor/plating)
[13:53:09]  src.loc: Alcaro (/mob/living/carbon/human/dummy)
[13:53:09]  call stack:
[13:53:09]the elite syndicate hardsuit h... (/obj/item/clothing/head/helmet/space/hardsuit/syndi/elite): equipped(Alcaro (/mob/living/carbon/human/dummy), 11)
[13:53:09]Alcaro (/mob/living/carbon/human/dummy): equip to slot(the elite syndicate hardsuit h... (/obj/item/clothing/head/helmet/space/hardsuit/syndi/elite), 11, 1)
[13:53:09]Alcaro (/mob/living/carbon/human/dummy): equip to slot(the elite syndicate hardsuit h... (/obj/item/clothing/head/helmet/space/hardsuit/syndi/elite), 11, 1)
[13:53:09]Alcaro (/mob/living/carbon/human/dummy): equip to slot if possible(the elite syndicate hardsuit h... (/obj/item/clothing/head/helmet/space/hardsuit/syndi/elite), 11, 0, 0, 1, 0)
[13:53:09]the elite syndicate hardsuit (/obj/item/clothing/suit/space/hardsuit/syndi/elite): ToggleHelmet()
[13:53:09]Captain (/datum/outfit/job/captain): equip(Alcaro (/mob/living/carbon/human/dummy), 1)
[13:53:09]Alcaro (/mob/living/carbon/human/dummy): equipOutfit(/datum/outfit/job/captain (/datum/outfit/job/captain), 1)
[13:53:09]/datum/job/captain (/datum/job/captain): equip(Alcaro (/mob/living/carbon/human/dummy), 1, 1)
[13:53:09]/datum/preferences (/datum/preferences): update preview icon()
[13:53:09]/datum/preferences (/datum/preferences): ShowChoices(AlcaroIsAFrick (/mob/dead/new_player))
[13:53:09]AlcaroIsAFrick (/mob/dead/new_player): Topic("src=\[mob_0];show_preferences=...", /list (/list))
[13:53:09]AlcaroIsAFrick (/client): Topic("src=\[mob_0];show_preferences=...", /list (/list), AlcaroIsAFrick (/mob/dead/new_player))
[13:53:09]AlcaroIsAFrick (/client): Topic("src=\[mob_0];show_preferences=...", /list (/list), AlcaroIsAFrick (/mob/dead/new_player))
runtime error: 
[13:53:12]Cannot execute null.stop().
[13:53:12]proc name: dropped (/obj/item/clothing/head/helmet/space/hardsuit/dropped)
[13:53:12]  source file: hardsuit.dm,48
[13:53:12]  usr: AlcaroIsAFrick (/mob/dead/new_player)
[13:53:12]  src: the elite syndicate hardsuit h... (/obj/item/clothing/head/helmet/space/hardsuit/syndi/elite)
[13:53:12]  usr.loc: the plating (8,174,1) (/turf/open/floor/plating)
[13:53:12]  src.loc: Alcaro (/mob/living/carbon/human/dummy)
[13:53:12]  call stack:
[13:53:12]the elite syndicate hardsuit h... (/obj/item/clothing/head/helmet/space/hardsuit/syndi/elite): dropped(Alcaro (/mob/living/carbon/human/dummy))
[13:53:12]Alcaro (/mob/living/carbon/human/dummy): doUnEquip(the elite syndicate hardsuit h... (/obj/item/clothing/head/helmet/space/hardsuit/syndi/elite), 1, null, 1, 1)
[13:53:12]Alcaro (/mob/living/carbon/human/dummy): doUnEquip(the elite syndicate hardsuit h... (/obj/item/clothing/head/helmet/space/hardsuit/syndi/elite), 1, null, 1, 1)
[13:53:12]Alcaro (/mob/living/carbon/human/dummy): doUnEquip(the elite syndicate hardsuit h... (/obj/item/clothing/head/helmet/space/hardsuit/syndi/elite), 1, null, 1, 1)
[13:53:12]Alcaro (/mob/living/carbon/human/dummy): temporarilyRemoveItemFromInventory(the elite syndicate hardsuit h... (/obj/item/clothing/head/helmet/space/hardsuit/syndi/elite), 1, 1)
[13:53:12]the elite syndicate hardsuit h... (/obj/item/clothing/head/helmet/space/hardsuit/syndi/elite): Destroy(0)
[13:53:12]the elite syndicate hardsuit h... (/obj/item/clothing/head/helmet/space/hardsuit/syndi/elite): Destroy(0)
[13:53:12]the elite syndicate hardsuit h... (/obj/item/clothing/head/helmet/space/hardsuit/syndi/elite): Destroy(0)
[13:53:12]the elite syndicate hardsuit h... (/obj/item/clothing/head/helmet/space/hardsuit/syndi/elite): Destroy(0)
[13:53:12]qdel(the elite syndicate hardsuit h... (/obj/item/clothing/head/helmet/space/hardsuit/syndi/elite), 0)
[13:53:12]Alcaro (/mob/living/carbon/human/dummy): delete equipment()
[13:53:12]Alcaro (/mob/living/carbon/human/dummy): wipe state()
[13:53:12]unset busy human dummy("dummy_preference_preview")
[13:53:12]/datum/preferences (/datum/preferences): update preview icon()
[13:53:12]/datum/preferences (/datum/preferences): ShowChoices(AlcaroIsAFrick (/mob/dead/new_player))
[13:53:12]AlcaroIsAFrick (/mob/dead/new_player): Topic("src=\[mob_0];show_preferences=...", /list (/list))
[13:53:12]AlcaroIsAFrick (/client): Topic("src=\[mob_0];show_preferences=...", /list (/list), AlcaroIsAFrick (/mob/dead/new_player))
[13:53:12]AlcaroIsAFrick (/client): Topic("src=\[mob_0];show_preferences=...", /list (/list), AlcaroIsAFrick (/mob/dead/new_player))
runtime error: 
[13:53:12]Cannot read null.martial_art
[13:53:12]proc name: remove (/datum/martial_art/proc/remove)
[13:53:12]  source file: martial.dm,101
[13:53:12]  usr: AlcaroIsAFrick (/mob/dead/new_player)
[13:53:12]  src: Wrestling (/datum/martial_art/wrestling)
[13:53:12]  usr.loc: the plating (8,174,1) (/turf/open/floor/plating)
[13:53:12]  call stack:
[13:53:12]Wrestling (/datum/martial_art/wrestling): remove(Alcaro (/mob/living/carbon/human/dummy))
[13:53:12]Wrestling Belt (/obj/item/storage/belt/champion/wrestling): dropped(Alcaro (/mob/living/carbon/human/dummy))
[13:53:12]Alcaro (/mob/living/carbon/human/dummy): doUnEquip(Wrestling Belt (/obj/item/storage/belt/champion/wrestling), 1, null, 1, 1)
[13:53:12]Alcaro (/mob/living/carbon/human/dummy): doUnEquip(Wrestling Belt (/obj/item/storage/belt/champion/wrestling), 1, null, 1, 1)
[13:53:12]Alcaro (/mob/living/carbon/human/dummy): doUnEquip(Wrestling Belt (/obj/item/storage/belt/champion/wrestling), 1, null, 1, 1)
[13:53:12]Alcaro (/mob/living/carbon/human/dummy): temporarilyRemoveItemFromInventory(Wrestling Belt (/obj/item/storage/belt/champion/wrestling), 1, 1)
[13:53:12]Wrestling Belt (/obj/item/storage/belt/champion/wrestling): Destroy(0)
[13:53:12]Wrestling Belt (/obj/item/storage/belt/champion/wrestling): Destroy(0)
[13:53:12]qdel(Wrestling Belt (/obj/item/storage/belt/champion/wrestling), 0)
[13:53:12]Alcaro (/mob/living/carbon/human/dummy): delete equipment()
[13:53:12]Alcaro (/mob/living/carbon/human/dummy): wipe state()
[13:53:12]unset busy human dummy("dummy_preference_preview")
[13:53:12]/datum/preferences (/datum/preferences): update preview icon()
[13:53:12]/datum/preferences (/datum/preferences): ShowChoices(AlcaroIsAFrick (/mob/dead/new_player))
[13:53:12]AlcaroIsAFrick (/mob/dead/new_player): Topic("src=\[mob_0];show_preferences=...", /list (/list))
[13:53:12]AlcaroIsAFrick (/client): Topic("src=\[mob_0];show_preferences=...", /list (/list), AlcaroIsAFrick (/mob/dead/new_player))
[13:53:12]AlcaroIsAFrick (/client): Topic("src=\[mob_0];show_preferences=...", /list (/list), AlcaroIsAFrick (/mob/dead/new_player))
