

Starting up round ID . 19:09:11
---------------------
[19:09:11]ADMIN: Loading Banlist
[19:09:13]ACCESS: Login: Noober84555 from 127.0.0.1-645371209 || BYOND v511
[19:09:13]ACCESS: Mob Login: Noober84555/(Noober84555) was assigned to a /mob/dead/new_player
[19:09:13]GAME: Saved mode is 'sandbox'
[19:09:26]ACCESS: Login: Deranging from 75.68.166.243-2869764338 || BYOND v512
[19:09:26]ACCESS: Mob Login: Deranging/(Deranging) was assigned to a /mob/dead/new_player
[19:09:28]ACCESS: Login: Ageum from 187.94.173.158-3370919143 || BYOND v511
[19:09:28]ACCESS: Mob Login: Ageum/(Ageum) was assigned to a /mob/dead/new_player
[19:09:52]ADMIN: Noober84555/(Noober84555) stopped all currently playing sounds.
[19:10:07]ADMIN: Noober84555/(Noober84555) played sound k gavin the final boss.ogg
[19:12:22]SAY: Officer Beepsky/ : Engaging patrol mode. (186,190,2)
[19:12:22]SAY: Prison Ofitser/ : Engaging patrol mode. (23,36,5)
[19:12:22]SAY: Prison Ofitser/ : Disengaging patrol mode. (23,36,5)
[19:12:23]ADMIN: Noober84555/(Noober84555) played sound sound/ambience/clown.ogg
[19:12:23]ACCESS: Mob Login: Deranging/(Nib) was assigned to a /mob/living/carbon/human
[19:12:24]EMOTE: *no key*/(grey baby slime (652)) : <b>The grey baby slime (652)</b> lights up for a bit, then stops. (107,152,2)
[19:12:25]EMOTE: *no key*/(Citrus) : <b>Citrus</b> dozes off. (171,221,2)
[19:12:25]ACCESS: Mob Login: Noober84555/(Noober) was assigned to a /mob/living/carbon/human
[19:12:29]SAY: grey baby slime (168)/ : Blop... (112,163,2)
[19:12:31]EMOTE: *no key*/(Poly) : <b>Poly</b> turns and flies towards the folder. (83,189,2)
[19:12:39]SAY: Poly/ : Don&#39;t believe the reports - smoke today! (82,189,2)
[19:12:41]EMOTE: *no key*/(mouse) : <b>The mouse</b> squeeks. (202,229,2)
[19:12:47]EMOTE: *no key*/(monkey (923)) : <b>The monkey (923)</b> jumps! (187,118,2)
[19:12:58]ADMIN: Noober84555/(Noober) stopped all currently playing sounds.
[19:13:07]EMOTE: *no key*/(Persephone) : <b>Persephone</b> shakes out its coat. (168,140,2)
[19:13:15]ACCESS: Logout: Bobcat49
[19:13:26]EMOTE: *no key*/(pug) : <b>Swanson</b> chases its tail. (108,143,2)
[19:13:26]EMOTE: *no key*/(grey baby slime (652)) : <b>The grey baby slime (652)</b> jiggles! (107,151,2)
[19:13:35]EMOTE: Deranging/(Nib) : <b>Nib</b> seizes up and falls limp, their eyes dead and lifeless... (20,42,7)
[19:13:35]ACCESS: Mob Login: Deranging/(Nib) was assigned to a /mob/dead/observer
[19:13:37]EMOTE: *no key*/(Ian) : <b>Ian</b> yaps. (136,186,2)
[19:13:39]EMOTE: *no key*/(Persephone) : <b>Persephone</b> sits down. (168,139,2)
[19:13:40]SAY: mouse/ : SQUEEK! (196,227,2)
[19:13:41]EMOTE: *no key*/(monkey (797)) : <b>The monkey (797)</b> scratches. (204,25,2)
[19:13:42]EMOTE: *no key*/(mouse) : <b>The mouse</b> squeeks. (202,230,2)
[19:13:47]EMOTE: *no key*/(monkey (532)) : <b>The monkey (532)</b> waves his tail. (160,140,2)
[19:13:47]SAY: grey baby slime (168)/ : Blorble... (112,163,2)
[19:13:47]EMOTE: *no key*/(Pun Pun 15) : <b>Pun Pun 15</b> rolls. (138,216,2)
[19:13:57]EMOTE: *no key*/(Persephone) : <b>Persephone</b> meows (168,139,2)
[19:14:01]SAY: emergency medibot/ : What kind of medbay is this? Everyone&#39;s dropping like flies. (222,84,1)
[19:14:01]EMOTE: *no key*/(Poly) : <b>Poly</b> looks in the BreatheDeep cartridge's direction and takes flight. (80,190,2)
[19:14:02]SAY: Nobody's Perfect/ : There&#39;s always a catch, and I&#39;m the best there is. (24,75,1)
[19:14:05]ADMIN: Noober84555/(Noober) stopped all currently playing sounds.
[19:14:10]SAY: emergency medibot/ : I knew it, I should&#39;ve been a plastic surgeon. (222,84,1)
[19:14:10]EMOTE: *no key*/(monkey (258)) : <b>The monkey (258)</b> waves his tail. (186,118,2)
[19:14:21]EMOTE: *no key*/(Persephone) : <b>Persephone</b> walks around. (168,139,2)
[19:14:23]EMOTE: *no key*/(monkey (584)) : <b>The monkey (584)</b> scratches. (160,141,2)
[19:14:28]SAY: Medibot/ : Radar, put a mask on! (154,73,1)
[19:14:35]SAY: Poly/ : Breaking news from Station Announcements! (80,190,2)
[19:14:47]EMOTE: *no key*/(Ian) : <b>Ian</b> barks! (136,186,2)
[19:14:52]EMOTE: *no key*/(Ian) : <b>Ian</b> yaps. (136,186,2)
[19:14:57]ACCESS: Login: Ss13isaids from 209.206.119.128-732805661 || BYOND v511
[19:14:57]ACCESS: Mob Login: Ss13isaids/(Ss13isaids) was assigned to a /mob/dead/new_player
[19:15:01]EMOTE: *no key*/(Poly) : <b>Poly</b> looks in the BreatheDeep cartridge's direction and takes flight. (80,190,2)
[19:15:04]EMOTE: *no key*/(grey baby slime (168)) : <b>The grey baby slime (168)</b> lights up for a bit, then stops. (112,163,2)
[19:15:06]ACCESS: Mob Login: Ss13isaids/(Dab Dab) was assigned to a /mob/living/carbon/human
[19:15:17]EMOTE: *no key*/(grey baby slime (652)) : <b>The grey baby slime (652)</b> jiggles! (108,153,2)
[19:15:23]GAME: Nib/Deranging used abandon mob.
[19:15:23]ACCESS: Mob Login: Deranging/(new player) was assigned to a /mob/dead/new_player
[19:15:27]EMOTE: *no key*/(Persephone) : <b>Persephone</b> meows (170,141,2)
[19:15:27]ACCESS: Mob Login: Deranging/(Nib) was assigned to a /mob/living/carbon/human
[19:15:36]SAY: Swanson/ : Bark! (110,143,2)
[19:15:43]EMOTE: *no key*/(pug) : <b>Swanson</b> shivers. (110,142,2)
[19:15:51]SAY: Ian/ : Bark! (136,188,2)
[19:15:56]EMOTE: *no key*/(grey baby slime (574)) : <b>The grey baby slime (574)</b> bounces in place. (104,161,2)
[19:16:02]EMOTE: *no key*/(Poly) : <b>Poly</b> looks in the BreatheDeep cartridge's direction and takes flight. (80,190,2)
[19:16:09]SAY: Persephone/ : Esp! (168,141,2)
[19:16:11]SAY: Persephone/ : HSSSSS (168,140,2)
[19:16:23]EMOTE: *no key*/(monkey (534)) : <b>The monkey (534)</b> waves his tail. (200,25,2)
[19:16:25]SAY: Medibot/ : Radar, put a mask on! (154,73,1)
[19:16:36]EMOTE: *no key*/(monkey (925)) : <b>The monkey (925)</b> scratches. (185,119,2)
[19:16:38]EMOTE: *no key*/(monkey (925)) : <b>The monkey (925)</b> rolls. (184,119,2)
[19:16:43]EMOTE: *no key*/(Persephone) : <b>Persephone</b> shakes out its coat. (166,140,2)
[19:16:46]EMOTE: *no key*/(mouse) : <b>The mouse</b> squeeks. (201,230,2)
[19:16:47]EMOTE: *no key*/(monkey (923)) : <b>The monkey (923)</b> jumps! (185,118,2)
[19:16:47]EMOTE: *no key*/(monkey (532)) : <b>The monkey (532)</b> scratches. (160,139,2)
[19:16:49]EMOTE: *no key*/(Pun Pun 15) : <b>Pun Pun 15</b> waves its tail. (138,216,2)
[19:16:49]ADMIN: Noober84555/(Noober) made all SMESs powered
[19:16:50]ADMIN: Noober84555/(Noober) used secret quickpower
[19:16:51]SAY: Poly/ : Don&#39;t believe the reports - smoke today! (80,190,2)
[19:16:51]ADMIN: Noober84555/(Noober) made all areas powered
[19:16:53]ADMIN: Noober84555/(Noober) used secret power
[19:16:53]ADMIN: Noober84555/(Noober) used secret whiteout
[19:16:56]EMOTE: *no key*/(monkey (532)) : <b>The monkey (532)</b> scratches. (160,139,2)
[19:17:02]EMOTE: *no key*/(monkey (228)) : <b>The monkey (228)</b> rolls. (187,8,2)
[19:17:04]SAY: Swanson/ : Bark! (110,142,2)
[19:17:06]EMOTE: *no key*/(Poly) : <b>Poly</b> looks in the chief engineer's rubber stamp's direction and takes flight. (80,190,2)
[19:17:09]EMOTE: *no key*/(monkey (634)) : <b>The monkey (634)</b> waves his tail. (201,21,2)
[19:17:11]EMOTE: *no key*/(Ian) : <b>Ian</b> pants. (135,186,2)
[19:17:11]SAY: Poly/ : I knew it, I should&#39;ve been a plastic surgeon. (80,190,2)
[19:17:13]EMOTE: *no key*/(monkey (584)) : <b>The monkey (584)</b> waves her tail. (160,142,2)
[19:17:16]SAY: Poly/ : I knew it, I should&#39;ve been a plastic surgeon. (80,190,2)
[19:17:18]SAY: emergency medibot/ : Radar, put a mask on! (222,84,1)
[19:17:19]ADMIN: Ss13isaids/(Dab Dab) has triggered an event. (Mass Hallucination)
[19:17:25]SAY: Persephone/ : Purr! (168,140,2)
[19:17:29]GAME: <a href='?priv_msg=noober84555'>Noober84555</a>/(Noober) checked the player panel while in game.
[19:17:29]SAY: Medibot/ : What kind of medbay is this? Everyone&#39;s dropping like flies. (154,73,1)
[19:17:33]ADMIN: Noober84555/(Noober) healed / Revived Noober84555/(Noober).
[19:17:44]EMOTE: *no key*/(grey baby slime (168)) : <b>The grey baby slime (168)</b> jiggles! (111,162,2)
[19:17:45]SAY: emergency medibot/ : Delicious! (222,84,1)
[19:17:45]SAY: Renault/ : Awoo (154,195,2)
[19:17:47]SAY: Medibot/ : There&#39;s always a catch, and I&#39;m the best there is. (155,73,1)
[19:17:50]SAY: Nobody's Perfect/ : What kind of medbay is this? Everyone&#39;s dropping like flies. (24,75,1)
[19:17:53]EMOTE: *no key*/(monkey (258)) : <b>The monkey (258)</b> waves his tail. (185,118,2)
[19:18:08]EMOTE: *no key*/(Poly) : <b>Poly</b> looks in the Cohiba Robusto cigar's direction and takes flight. (80,190,2)
[19:18:10]EMOTE: *no key*/(mouse) : <b>The mouse</b> runs in a circle. (196,227,2)
[19:18:10]EMOTE: *no key*/(Persephone) : <b>Persephone</b> shakes out its coat. (169,138,2)
[19:18:14]SAY: grey baby slime (574)/ : Lonely... (104,161,2)
[19:18:34]SAY: emergency medibot/ : I knew it, I should&#39;ve been a plastic surgeon. (222,84,1)
[19:18:52]EMOTE: *no key*/(monkey (923)) : <b>The monkey (923)</b> scratches. (186,118,2)
[19:18:52]EMOTE: *no key*/(monkey (532)) : <b>The monkey (532)</b> waves his tail. (160,142,2)
[19:18:57]EMOTE: *no key*/(Poly) : <b>Poly</b> bawks! (80,190,2)
[19:19:04]EMOTE: *no key*/(Pun Pun 15) : <b>Pun Pun 15</b> rolls. (141,217,2)
[19:19:08]EMOTE: *no key*/(Poly) : <b>Poly</b> looks in the premium Havanian cigar's direction and takes flight. (80,190,2)
[19:19:10]EMOTE: *no key*/(monkey (923)) : <b>The monkey (923)</b> jumps! (185,119,2)
[19:19:12]SAY: grey baby slime (574)/ : Lonely... (105,163,2)
[19:19:14]EMOTE: *no key*/(Persephone) : <b>Persephone</b> lies down. (168,138,2)
[19:19:14]EMOTE: *no key*/(Citrus) : <b>Citrus</b> snores. (171,220,2)
[19:19:16]EMOTE: *no key*/(monkey (51)) : <b>The monkey (51)</b> waves his tail. (160,140,2)
[19:19:16]EMOTE: *no key*/(Poly) : <b>Poly</b> squawks. (82,189,2)
[19:19:20]SAY: Nobody's Perfect/ : What kind of medbay is this? Everyone&#39;s dropping like flies. (24,75,1)
[19:19:24]EMOTE: *no key*/(Pun Pun 15) : <b>Pun Pun 15</b> jumps! (141,215,2)
[19:19:27]SAY: Medibot/ : Delicious! (155,73,1)
[19:19:33]EMOTE: *no key*/(pug) : <b>Swanson</b> chases its tail. (110,141,2)
[19:19:40]ADMIN: Ss13isaids/(Dab Dab) played sound MANS_NOT_HOT_MUSIC_VIDEO.ogg
[19:19:41]SAY: emergency medibot/ : I knew it, I should&#39;ve been a plastic surgeon. (222,84,1)
[19:19:50]EMOTE: *no key*/(pug) : <b>Swanson</b> shivers. (109,141,2)
[19:19:50]EMOTE: *no key*/(grey baby slime (574)) : <b>The grey baby slime (574)</b> vibrates! (103,161,2)
[19:20:00]EMOTE: *no key*/(Pun Pun 15) : <b>Pun Pun 15</b> waves its tail. (143,215,2)
[19:20:00]EMOTE: *no key*/(mouse) : <b>The mouse</b> runs in a circle. (196,227,2)
[19:20:09]EMOTE: *no key*/(monkey (925)) : <b>The monkey (925)</b> jumps! (186,118,2)
[19:20:16]SAY: grey baby slime (168)/ : Lonely... (113,162,2)
[19:20:17]SAY: Nib/Deranging : hey (161,166,2)
[19:20:22]SAY: Dab Dab/Ss13isaids : nig (160,164,2)
[19:20:27]ACCESS: Login: Um_BR_Sem_vida from 189.70.104.159-326050745 || BYOND v512
[19:20:27]ACCESS: Mob Login: Um_BR_Sem_vida/(Um_BR_Sem_vida) was assigned to a /mob/dead/new_player
[19:20:35]EMOTE: *no key*/(monkey (634)) : <b>The monkey (634)</b> scratches. (200,21,2)
[19:20:37]ADMIN: Ss13isaids/(Dab Dab) created a /obj/item/gun/energy/beam_rifle/debug
[19:20:39]EMOTE: *no key*/(mouse) : <b>The mouse</b> runs in a circle. (196,225,2)
[19:20:43]SAY: Poly/ : Twice the calories for half the price! (80,190,2)
[19:20:56]EMOTE: *no key*/(Poly) : <b>Poly</b> looks in the premium Havanian cigar's direction and takes flight. (80,190,2)
[19:20:58]EMOTE: *no key*/(Ian) : <b>Ian</b> pants. (136,189,2)
[19:21:00]EMOTE: *no key*/(Citrus) : <b>Citrus</b> dozes off. (171,222,2)
[19:21:04]SAY: Medibot/ : Delicious! (155,73,1)
[19:21:06]SAY: Officer Beepsky/ : Engaging patrol mode. (144,211,2)
[19:21:11]SAY: Officer Beepsky/ : Engaging patrol mode. (144,211,2)
[19:21:15]SAY: Officer Beepsky/ : Engaging patrol mode. (144,211,2)
[19:21:16]EMOTE: *no key*/(monkey (534)) : <b>The monkey (534)</b> rolls. (200,25,2)
[19:21:19]SAY: Officer Beepsky/ : Engaging patrol mode. (144,211,2)
[19:21:23]SAY: Officer Beepsky/ : Engaging patrol mode. (144,211,2)
[19:21:25]SAY: Medibot/ : Delicious! (154,73,1)
[19:21:25]SAY: Officer Beepsky/ : Unable to start patrol. (144,211,2)
[19:21:27]SAY: Persephone/ : Meow! (168,138,2)
[19:21:36]EMOTE: *no key*/(Persephone) : <b>Persephone</b> lies down. (168,138,2)
[19:21:39]EMOTE: *no key*/(monkey (634)) : <b>The monkey (634)</b> rolls. (200,21,2)
[19:21:40]ACCESS: Mob Login: Um_BR_Sem_vida/(Hadley Treeby) was assigned to a /mob/living/carbon/human
[19:21:42]EMOTE: *no key*/(Pun Pun 15) : <b>Pun Pun 15</b> jumps! (151,213,2)
[19:21:44]GAME: Explosion with size (0, 0, 0, 1) in area Starboard Quarter Maintenance (166,162,2)
[19:21:45]EMOTE: *no key*/(mouse) : <b>The mouse</b> squeeks. (196,226,2)
[19:21:54]EMOTE: *no key*/(Persephone) : <b>Persephone</b> meows (168,138,2)
[19:21:57]EMOTE: *no key*/(Poly) : <b>Poly</b> looks in the premium cigar's direction and takes flight. (80,190,2)
[19:22:02]GAME: <a href='?priv_msg=ss13isaids'>Ss13isaids</a>/(Dab Dab) checked the player panel while in game.
[19:22:03]ADMIN: Ss13isaids/(Dab Dab) healed / Revived Ss13isaids/(Dab Dab).
[19:22:05]EMOTE: *no key*/(pug) : <b>Swanson</b> shivers. (110,142,2)
[19:22:13]EMOTE: Deranging/(Nib) : <b>Nib</b> screams! (162,171,2)
[19:22:13]EMOTE: *no key*/(monkey (534)) : <b>The monkey (534)</b> scratches. (201,25,2)
[19:22:16]WHISPER: Deranging/(Nib) : ass (162,171,2)
[19:22:16]EMOTE: Deranging/(Nib) : <b>Nib</b> seizes up and falls limp, their eyes dead and lifeless... (162,171,2)
[19:22:19]ACCESS: Mob Login: Deranging/(Nib) was assigned to a /mob/dead/observer
[19:22:32]SAY: grey baby slime (652)/ : Blop... (109,153,2)
[19:22:35]GAME: Nib/Deranging used abandon mob.
[19:22:35]ACCESS: Mob Login: Deranging/(new player) was assigned to a /mob/dead/new_player
[19:22:38]ACCESS: Mob Login: Deranging/(Nib) was assigned to a /mob/living/carbon/human
[19:22:43]EMOTE: *no key*/(Ian) : <b>Ian</b> pants. (135,187,2)
[19:22:43]EMOTE: *no key*/(grey baby slime (574)) : <b>The grey baby slime (574)</b> jiggles! (103,161,2)
[19:22:57]EMOTE: *no key*/(pug) : <b>Swanson</b> chases its tail. (110,142,2)
[19:23:00]EMOTE: *no key*/(Ian) : <b>Ian</b> barks! (135,187,2)
[19:23:01]GAME: <a href='?priv_msg=ss13isaids'>Ss13isaids</a>/(Dab Dab) checked the player panel while in game.
[19:23:03]ADMIN: Ss13isaids/(Dab Dab) healed / Revived Ss13isaids/(Dab Dab).
[19:23:05]EMOTE: Noober84555/(Noober) : <b>Noober</b> seizes up and falls limp, their eyes dead and lifeless... (21,54,7)
[19:23:07]GAME: Explosion with size (0, 0, 5, 0) in area Beach (20,42,7)
[19:23:07]GAME: Explosion with size (0, 0, 3, 0) in area Beach (20,42,7)
[19:23:07]GAME: Explosion with size (0, 0, 3, 0) in area Beach (20,42,7)
[19:23:07]GAME: Explosion with size (0, 0, 3, 0) in area Beach (20,42,7)
[19:23:09]EMOTE: *no key*/(Poly) : <b>Poly</b> looks in the premium cigar's direction and takes flight. (80,190,2)
[19:23:09]EMOTE: *no key*/(monkey (228)) : <b>The monkey (228)</b> scratches. (187,8,2)
[19:23:11]GAME: Explosion with size (0, 0, 5, 0) in area Beach (21,54,7)
[19:23:11]GAME: Explosion with size (0, 0, 3, 0) in area Beach (21,54,7)
[19:23:11]GAME: Explosion with size (0, 0, 3, 0) in area Beach (21,54,7)
[19:23:11]EMOTE: *no key*/(supper noob) : <b>The supper noob</b> disintegrates, leaving a glowing core in its wake. (21,54,7)
[19:23:11]GAME: Explosion with size (0, 0, 3, 0) in area Beach (21,54,7)
[19:23:12]GAME: <a href='?priv_msg=ss13isaids'>Ss13isaids</a>/(Dab Dab) checked the player panel while in game.
[19:23:13]ADMIN: Ss13isaids/(Dab Dab) healed / Revived Ss13isaids/(Dab Dab).
[19:23:15]ACCESS: Mob Login: Noober84555/(Noober) was assigned to a /mob/dead/observer
[19:23:16]EMOTE: *no key*/(Persephone) : <b>Persephone</b> lies down. (168,138,2)
[19:23:22]SAY: mouse/ : SQUEEK! (196,225,2)
[19:23:28]SAY: grey baby slime (652)/ : Blop... (109,151,2)
[19:23:32]EMOTE: *no key*/(monkey (634)) : <b>The monkey (634)</b> jumps! (201,21,2)
[19:23:40]EMOTE: *no key*/(monkey (206)) : <b>The monkey (206)</b> waves his tail. (203,21,2)
[19:23:40]EMOTE: *no key*/(monkey (534)) : <b>The monkey (534)</b> rolls. (201,25,2)
[19:23:44]EMOTE: *no key*/(monkey (634)) : <b>The monkey (634)</b> rolls. (200,21,2)
[19:23:47]ADMIN: Noober84555/(Noober) healed / Revived *no key*/(Noober).
[19:23:48]ACCESS: Mob Login: Noober84555/(Noober) was assigned to a /mob/living/carbon/human
[19:23:54]ADMIN: Noober84555/(Noober) jumped to 22,54,7 in Beach
[19:23:59]EMOTE: *no key*/(monkey (584)) : <b>The monkey (584)</b> scratches. (160,142,2)
[19:24:02]EMOTE: *no key*/(monkey (101)) : <b>The monkey (101)</b> scratches. (53,88,7)
[19:24:02]EMOTE: *no key*/(monkey (339)) : <b>The monkey (339)</b> rolls. (89,78,7)
[19:24:02]EMOTE: *no key*/(monkey (357)) : <b>The monkey (357)</b> jumps! (67,26,7)
[19:24:04]EMOTE: *no key*/(mouse) : <b>The mouse</b> runs in a circle. (201,230,2)
[19:24:05]EMOTE: *no key*/(monkey (988)) : <b>The monkey (988)</b> jumps! (9,15,7)
[19:24:06]EMOTE: *no key*/(monkey (217)) : <b>The monkey (217)</b> jumps! (57,72,7)
[19:24:07]EMOTE: *no key*/(monkey (416)) : <b>The monkey (416)</b> scratches. (49,62,7)
[19:24:07]EMOTE: *no key*/(monkey (362)) : <b>The monkey (362)</b> jumps! (66,48,7)
[19:24:07]EMOTE: *no key*/(monkey (410)) : <b>The monkey (410)</b> rolls. (63,20,7)
[19:24:07]EMOTE: *no key*/(monkey (725)) : <b>The monkey (725)</b> waves her tail. (21,21,7)
[19:24:07]EMOTE: *no key*/(monkey (925)) : <b>The monkey (925)</b> rolls. (186,118,2)
[19:24:08]EMOTE: *no key*/(monkey (469)) : <b>The monkey (469)</b> jumps! (99,106,7)
[19:24:08]EMOTE: *no key*/(monkey (537)) : <b>The monkey (537)</b> rolls. (76,103,7)
[19:24:08]EMOTE: *no key*/(monkey (411)) : <b>The monkey (411)</b> rolls. (52,90,7)
[19:24:09]EMOTE: *no key*/(monkey (765)) : <b>The monkey (765)</b> jumps! (80,71,7)
[19:24:09]EMOTE: *no key*/(monkey (273)) : <b>The monkey (273)</b> rolls. (60,71,7)
[19:24:10]EMOTE: *no key*/(Poly) : <b>Poly</b> looks in the Power-ON cartridge's direction and takes flight. (80,190,2)
[19:24:10]EMOTE: *no key*/(monkey (738)) : <b>The monkey (738)</b> jumps! (61,107,7)
[19:24:12]EMOTE: *no key*/(monkey (243)) : <b>The monkey (243)</b> scratches. (87,59,7)
[19:24:12]EMOTE: *no key*/(monkey (858)) : <b>The monkey (858)</b> rolls. (39,61,7)
[19:24:13]EMOTE: *no key*/(monkey (725)) : <b>The monkey (725)</b> jumps! (20,22,7)
[19:24:15]EMOTE: *no key*/(monkey (24)) : <b>The monkey (24)</b> jumps! (92,95,7)
[19:24:15]EMOTE: *no key*/(monkey (601)) : <b>The monkey (601)</b> rolls. (38,61,7)
[19:24:15]EMOTE: *no key*/(monkey (31)) : <b>The monkey (31)</b> scratches. (43,33,7)
[19:24:15]EMOTE: *no key*/(monkey (524)) : <b>The monkey (524)</b> jumps! (22,21,7)
[19:24:15]EMOTE: *no key*/(grey baby slime (652)) : <b>The grey baby slime (652)</b> vibrates! (108,152,2)
[19:24:19]SAY: Medibot/ : I knew it, I should&#39;ve been a plastic surgeon. (154,73,1)
[19:24:19]EMOTE: *no key*/(monkey (458)) : <b>The monkey (458)</b> jumps! (108,63,7)
[19:24:19]EMOTE: *no key*/(monkey (849)) : <b>The monkey (849)</b> jumps! (27,26,7)
[19:24:19]GAME: Explosion with size (0, 0, 0, 1) in area Warehouse (148,239,2)
[19:24:21]EMOTE: *no key*/(monkey (626)) : <b>The monkey (626)</b> waves his tail. (65,97,7)
[19:24:22]EMOTE: *no key*/(monkey (144)) : <b>The monkey (144)</b> jumps! (58,6,7)
[19:24:24]EMOTE: *no key*/(monkey (308)) : <b>The monkey (308)</b> gasps! (108,58,7)
[19:24:24]EMOTE: *no key*/(Officer Beepsky) : <b>Officer Beepsky</b> stops moving... 
[19:24:24]EMOTE: *no key*/(monkey (938)) : <b>The monkey (938)</b> gasps! (101,42,7)
[19:24:24]GAME: Explosion with size (0, 0, 3, 0) in area Fore Primary Hallway (144,211,2)
[19:24:24]EMOTE: *no key*/(monkey (389)) : <b>The monkey (389)</b> rolls. (60,13,7)
[19:24:24]EMOTE: *no key*/(monkey (521)) : <b>The monkey (521)</b> gasps! (33,5,7)
[19:24:26]EMOTE: *no key*/(monkey (9)) : <b>The monkey (9)</b> waves her tail. (12,69,7)
[19:24:26]EMOTE: *no key*/(monkey (308)) : <b>The monkey (308)</b> gasps! (107,58,7)
[19:24:26]EMOTE: *no key*/(monkey (819)) : <b>The monkey (819)</b> gasps! (100,57,7)
[19:24:26]EMOTE: *no key*/(monkey (324)) : <b>The monkey (324)</b> gasps! (3,25,7)
[19:24:26]EMOTE: *no key*/(monkey (287)) : <b>The monkey (287)</b> gasps! (43,14,7)
[19:24:28]EMOTE: *no key*/(monkey (9)) : <b>The monkey (9)</b> waves her tail. (13,69,7)
[19:24:28]EMOTE: *no key*/(monkey (605)) : <b>The monkey (605)</b> scratches. (91,45,7)
[19:24:28]EMOTE: *no key*/(monkey (31)) : <b>The monkey (31)</b> gasps! (41,34,7)
[19:24:29]EMOTE: *no key*/(monkey (521)) : <b>The monkey (521)</b> gasps! (34,5,7)
[19:24:31]EMOTE: *no key*/(monkey (217)) : <b>The monkey (217)</b> waves his tail. (56,73,7)
[19:24:31]EMOTE: *no key*/(monkey (819)) : <b>The monkey (819)</b> jumps! (100,57,7)
[19:24:31]EMOTE: *no key*/(monkey (525)) : <b>The monkey (525)</b> waves her tail. (19,52,7)
[19:24:31]EMOTE: *no key*/(monkey (177)) : <b>The monkey (177)</b> gasps! (5,18,7)
[19:24:31]EMOTE: *no key*/(monkey (287)) : <b>The monkey (287)</b> gasps! (43,14,7)
[19:24:33]EMOTE: *no key*/(monkey (550)) : <b>The monkey (550)</b> gasps! (68,43,7)
[19:24:33]EMOTE: *no key*/(monkey (938)) : <b>The monkey (938)</b> gasps! (101,42,7)
[19:24:33]EMOTE: *no key*/(monkey (177)) : <b>The monkey (177)</b> gasps! (5,18,7)
[19:24:33]EMOTE: *no key*/(monkey (988)) : <b>The monkey (988)</b> gasps! (6,13,7)
[19:24:33]ADMIN: Ss13isaids/(Dab Dab) jumped to Minecraft Mountain
[19:24:34]ADMIN: Noober84555/(Noober) teleported Um_BR_Sem_vida/(Hadley Treeby)
[19:24:35]EMOTE: *no key*/(monkey (708)) : <b>The monkey (708)</b> gasps! (63,27,7)
[19:24:35]EMOTE: *no key*/(monkey (988)) : <b>The monkey (988)</b> gasps! (6,13,7)
[19:24:37]EMOTE: *no key*/(monkey (691)) : <b>The monkey (691)</b> waves his tail. (17,94,7)
[19:24:37]SAY: Medibot/ : What kind of medbay is this? Everyone&#39;s dropping like flies. (154,73,1)
[19:24:37]EMOTE: *no key*/(monkey (14)) : <b>The monkey (14)</b> gasps! (4,25,7)
[19:24:37]EMOTE: *no key*/(monkey (287)) : <b>The monkey (287)</b> gasps! (43,14,7)
[19:24:37]EMOTE: *no key*/(monkey (144)) : <b>The monkey (144)</b> jumps! (58,5,7)
[19:24:38]EMOTE: *no key*/(monkey (284)) : <b>The monkey (284)</b> rolls. (73,79,7)
[19:24:39]EMOTE: *no key*/(monkey (308)) : <b>The monkey (308)</b> gasps! (107,58,7)
[19:24:39]EMOTE: *no key*/(monkey (442)) : <b>The monkey (442)</b> gasps! (80,51,7)
[19:24:39]EMOTE: *no key*/(monkey (938)) : <b>The monkey (938)</b> rolls. (102,42,7)
[19:24:39]EMOTE: *no key*/(monkey (177)) : <b>The monkey (177)</b> gasps! (5,18,7)
[19:24:39]EMOTE: *no key*/(monkey (521)) : <b>The monkey (521)</b> gasps! (36,6,7)
[19:24:40]EMOTE: *no key*/(monkey (929)) : <b>The monkey (929)</b> jumps! (71,49,7)
[19:24:40]EMOTE: *no key*/(monkey (938)) : <b>The monkey (938)</b> gasps! (102,42,7)
[19:24:41]EMOTE: Noober84555/(Noober) : <b>Unknown</b> seizes up and falls limp, their eyes dead and lifeless... (21,36,7)
[19:24:41]ACCESS: Mob Login: Noober84555/(Noober) was assigned to a /mob/dead/observer
[19:24:42]EMOTE: *no key*/(monkey (24)) : <b>The monkey (24)</b> jumps! (91,97,7)
[19:24:42]EMOTE: *no key*/(monkey (489)) : <b>The monkey (489)</b> rolls. (67,92,7)
[19:24:42]EMOTE: *no key*/(monkey (101)) : <b>The monkey (101)</b> rolls. (55,86,7)
[19:24:42]EMOTE: *no key*/(monkey (31)) : <b>The monkey (31)</b> gasps! (42,34,7)
[19:24:42]EMOTE: *no key*/(monkey (324)) : <b>The monkey (324)</b> gasps! (3,28,7)
[19:24:42]EMOTE: *no key*/(monkey (708)) : <b>The monkey (708)</b> gasps! (64,28,7)
[19:24:43]EMOTE: *no key*/(monkey (988)) : <b>The monkey (988)</b> gasps! (5,14,7)
[19:24:43]EMOTE: *no key*/(monkey (51)) : <b>The monkey (51)</b> waves his tail. (160,140,2)
[19:24:44]EMOTE: *no key*/(monkey (550)) : <b>The monkey (550)</b> gasps! (69,43,7)
[19:24:44]EMOTE: *no key*/(monkey (177)) : <b>The monkey (177)</b> gasps! (5,18,7)
[19:24:46]EMOTE: *no key*/(monkey (708)) : <b>The monkey (708)</b> gasps! (64,28,7)
[19:24:46]EMOTE: *no key*/(monkey (598)) : <b>The monkey (598)</b> gasps! (58,27,7)
[19:24:48]EMOTE: *no key*/(monkey (442)) : <b>The monkey (442)</b> gasps! (81,51,7)
[19:24:48]EMOTE: *no key*/(monkey (202)) : <b>The monkey (202)</b> gasps! (24,35,7)
[19:24:48]EMOTE: *no key*/(monkey (324)) : <b>The monkey (324)</b> gasps! (3,27,7)
[19:24:48]EMOTE: *no key*/(monkey (324)) : <b>The monkey (324)</b> jumps! (3,27,7)
[19:24:50]EMOTE: *no key*/(monkey (31)) : <b>The monkey (31)</b> gasps! (42,33,7)
[19:24:52]EMOTE: *no key*/(monkey (411)) : <b>The monkey (411)</b> rolls. (49,87,7)
[19:24:52]EMOTE: *no key*/(monkey (625)) : <b>The monkey (625)</b> jumps! (41,86,7)
[19:24:52]EMOTE: *no key*/(monkey (442)) : <b>The monkey (442)</b> gasps! (80,51,7)
[19:24:52]EMOTE: *no key*/(monkey (773)) : <b>The monkey (773)</b> gasps! (11,52,7)
[19:24:54]EMOTE: *no key*/(monkey (413)) : <b>The monkey (413)</b> waves his tail. (24,77,7)
[19:24:54]EMOTE: *no key*/(monkey (308)) : <b>The monkey (308)</b> gasps! (107,57,7)
[19:24:54]EMOTE: *no key*/(monkey (442)) : <b>The monkey (442)</b> gasps! (80,52,7)
[19:24:54]EMOTE: *no key*/(monkey (324)) : <b>The monkey (324)</b> gasps! (3,28,7)
[19:24:55]EMOTE: *no key*/(monkey (403)) : <b>The monkey (403)</b> gasps! (62,28,7)
[19:24:55]EMOTE: *no key*/(monkey (183)) : <b>The monkey (183)</b> scratches. (9,19,7)
[19:24:55]EMOTE: *no key*/(monkey (720)) : <b>The monkey (720)</b> jumps! (100,8,7)
[19:24:55]EMOTE: *no key*/(monkey (521)) : <b>The monkey (521)</b> gasps! (36,6,7)
[19:24:55]EMOTE: *no key*/(pug) : <b>Swanson</b> chases its tail. (111,142,2)
[19:24:56]EMOTE: *no key*/(monkey (774)) : <b>The monkey (774)</b> waves his tail. (50,94,7)
[19:24:56]EMOTE: *no key*/(monkey (184)) : <b>The monkey (184)</b> scratches. (43,71,7)
[19:24:57]EMOTE: *no key*/(monkey (686)) : <b>The monkey (686)</b> rolls. (102,69,7)
[19:24:57]EMOTE: *no key*/(monkey (773)) : <b>The monkey (773)</b> gasps! (10,52,7)
[19:24:57]EMOTE: *no key*/(monkey (299)) : <b>The monkey (299)</b> jumps! (100,9,7)
[19:24:57]GAME: Explosion with size (0, 0, 0, 1) in area Mining Office (175,213,2)
[19:24:58]EMOTE: *no key*/(monkey (243)) : <b>The monkey (243)</b> gasps! (86,56,7)
[19:24:59]EMOTE: *no key*/(monkey (630)) : <b>The monkey (630)</b> gasps! (83,41,7)
[19:24:59]EMOTE: *no key*/(monkey (938)) : <b>The monkey (938)</b> gasps! (102,42,7)
[19:24:59]EMOTE: *no key*/(monkey (521)) : <b>The monkey (521)</b> gasps! (36,6,7)
[19:24:59]EMOTE: *no key*/(monkey (972)) : <b>The monkey (972)</b> waves her tail. (64,7,7)
[19:25:00]EMOTE: *no key*/(monkey (442)) : <b>The monkey (442)</b> gasps! (80,51,7)
[19:25:01]EMOTE: *no key*/(monkey (938)) : <b>The monkey (938)</b> gasps! (103,42,7)
[19:25:01]EMOTE: *no key*/(monkey (14)) : <b>The monkey (14)</b> gasps! (4,23,7)
[19:25:01]EMOTE: *no key*/(monkey (598)) : <b>The monkey (598)</b> gasps! (59,27,7)
[19:25:02]EMOTE: *no key*/(monkey (428)) : <b>The monkey (428)</b> scratches. (67,103,7)
[19:25:02]EMOTE: *no key*/(monkey (596)) : <b>The monkey (596)</b> waves his tail. (60,97,7)
[19:25:02]EMOTE: *no key*/(monkey (458)) : <b>The monkey (458)</b> rolls. (102,66,7)
[19:25:02]EMOTE: *no key*/(monkey (812)) : <b>The monkey (812)</b> scratches. (26,54,7)
[19:25:03]EMOTE: *no key*/(monkey (819)) : <b>The monkey (819)</b> gasps! (99,58,7)
[19:25:03]EMOTE: *no key*/(monkey (655)) : <b>The monkey (655)</b> waves his tail. (105,58,7)
[19:25:03]EMOTE: *no key*/(monkey (183)) : <b>The monkey (183)</b> jumps! (9,19,7)
[19:25:03]EMOTE: *no key*/(monkey (144)) : <b>The monkey (144)</b> jumps! (57,4,7)
[19:25:04]EMOTE: *no key*/(monkey (987)) : <b>The monkey (987)</b> jumps! (62,78,7)
[19:25:05]EMOTE: *no key*/(monkey (773)) : <b>The monkey (773)</b> gasps! (6,52,7)
[19:25:05]EMOTE: *no key*/(monkey (630)) : <b>The monkey (630)</b> gasps! (83,41,7)
[19:25:05]EMOTE: *no key*/(monkey (202)) : <b>The monkey (202)</b> gasps! (24,36,7)
[19:25:05]EMOTE: *no key*/(monkey (31)) : <b>The monkey (31)</b> gasps! (42,34,7)
[19:25:05]EMOTE: *no key*/(monkey (144)) : <b>The monkey (144)</b> scratches. (57,4,7)
[19:25:06]SAY: Medibot/ : Radar, put a mask on! (155,73,1)
[19:25:06]EMOTE: *no key*/(monkey (243)) : <b>The monkey (243)</b> gasps! (86,56,7)
[19:25:07]EMOTE: *no key*/(monkey (324)) : <b>The monkey (324)</b> gasps! (3,27,7)
[19:25:08]EMOTE: *no key*/(monkey (126)) : <b>The monkey (126)</b> waves his tail. (66,80,7)
[19:25:10]EMOTE: *no key*/(monkey (217)) : <b>The monkey (217)</b> rolls. (56,73,7)
[19:25:11]EMOTE: *no key*/(monkey (442)) : <b>The monkey (442)</b> jumps! (79,50,7)
[19:25:11]EMOTE: *no key*/(monkey (655)) : <b>The monkey (655)</b> gasps! (104,58,7)
[19:25:11]EMOTE: *no key*/(monkey (708)) : <b>The monkey (708)</b> gasps! (65,29,7)
[19:25:11]EMOTE: *no key*/(monkey (259)) : <b>The monkey (259)</b> jumps! (19,12,7)
[19:25:11]EMOTE: *no key*/(monkey (521)) : <b>The monkey (521)</b> gasps! (37,7,7)
[19:25:13]EMOTE: *no key*/(Poly) : <b>Poly</b> flutters its wings. (80,190,2)
[19:25:13]EMOTE: *no key*/(monkey (819)) : <b>The monkey (819)</b> gasps! (98,58,7)
[19:25:13]EMOTE: *no key*/(monkey (442)) : <b>The monkey (442)</b> gasps! (79,50,7)
[19:25:13]EMOTE: *no key*/(monkey (655)) : <b>The monkey (655)</b> gasps! (104,59,7)
[19:25:14]EMOTE: *no key*/(monkey (202)) : <b>The monkey (202)</b> gasps! (23,35,7)
[19:25:14]EMOTE: *no key*/(monkey (177)) : <b>The monkey (177)</b> gasps! (5,18,7)
[19:25:15]SAY: Medibot/ : Radar, put a mask on! (155,73,1)
[19:25:16]EMOTE: *no key*/(monkey (630)) : <b>The monkey (630)</b> gasps! (83,41,7)
[19:25:16]EMOTE: *no key*/(monkey (938)) : <b>The monkey (938)</b> gasps! (102,41,7)
[19:25:16]EMOTE: *no key*/(monkey (708)) : <b>The monkey (708)</b> gasps! (64,28,7)
[19:25:16]EMOTE: *no key*/(monkey (708)) : <b>The monkey (708)</b> waves his tail. (64,28,7)
[19:25:16]EMOTE: *no key*/(monkey (403)) : <b>The monkey (403)</b> gasps! (63,28,7)
[19:25:16]EMOTE: *no key*/(monkey (598)) : <b>The monkey (598)</b> gasps! (58,26,7)
[19:25:16]EMOTE: *no key*/(monkey (117)) : <b>The monkey (117)</b> jumps! (24,11,7)
[19:25:18]EMOTE: *no key*/(monkey (494)) : <b>The monkey (494)</b> jumps! (33,50,7)
[19:25:18]EMOTE: *no key*/(monkey (773)) : <b>The monkey (773)</b> gasps! (6,53,7)
[19:25:18]EMOTE: *no key*/(monkey (558)) : <b>The monkey (558)</b> rolls. (104,51,7)
[19:25:18]EMOTE: *no key*/(monkey (14)) : <b>The monkey (14)</b> gasps! (3,25,7)
[19:25:18]EMOTE: *no key*/(monkey (403)) : <b>The monkey (403)</b> gasps! (63,28,7)
[19:25:18]EMOTE: *no key*/(monkey (725)) : <b>The monkey (725)</b> waves her tail. (19,24,7)
[19:25:20]EMOTE: *no key*/(monkey (402)) : <b>The monkey (402)</b> jumps! (80,66,7)
[19:25:20]EMOTE: *no key*/(monkey (243)) : <b>The monkey (243)</b> gasps! (86,56,7)
[19:25:20]EMOTE: *no key*/(monkey (243)) : <b>The monkey (243)</b> rolls. (86,57,7)
[19:25:20]EMOTE: *no key*/(monkey (442)) : <b>The monkey (442)</b> gasps! (80,50,7)
[19:25:20]EMOTE: *no key*/(monkey (630)) : <b>The monkey (630)</b> gasps! (83,40,7)
[19:25:20]EMOTE: *no key*/(monkey (324)) : <b>The monkey (324)</b> gasps! (4,25,7)
[19:25:20]EMOTE: *no key*/(monkey (196)) : <b>The monkey (196)</b> waves his tail. (23,19,7)
[19:25:22]EMOTE: *no key*/(monkey (259)) : <b>The monkey (259)</b> jumps! (87,72,7)
[19:25:22]EMOTE: *no key*/(monkey (728)) : <b>The monkey (728)</b> rolls. (31,57,7)
[19:25:22]EMOTE: *no key*/(monkey (922)) : <b>The monkey (922)</b> rolls. (21,53,7)
[19:25:22]EMOTE: *no key*/(monkey (929)) : <b>The monkey (929)</b> gasps! (70,44,7)
[19:25:22]EMOTE: *no key*/(monkey (630)) : <b>The monkey (630)</b> gasps! (83,39,7)
[19:25:22]EMOTE: *no key*/(monkey (938)) : <b>The monkey (938)</b> gasps! (103,41,7)
[19:25:22]EMOTE: *no key*/(monkey (202)) : <b>The monkey (202)</b> gasps! (22,36,7)
[19:25:22]EMOTE: *no key*/(monkey (31)) : <b>The monkey (31)</b> gasps! (42,32,7)
[19:25:22]EMOTE: *no key*/(monkey (14)) : <b>The monkey (14)</b> gasps! (3,26,7)
[19:25:22]EMOTE: *no key*/(monkey (403)) : <b>The monkey (403)</b> gasps! (63,28,7)
[19:25:22]EMOTE: *no key*/(monkey (598)) : <b>The monkey (598)</b> gasps! (58,27,7)
[19:25:22]EMOTE: *no key*/(monkey (988)) : <b>The monkey (988)</b> gasps! (4,15,7)
[19:25:22]EMOTE: *no key*/(monkey (51)) : <b>The monkey (51)</b> rolls. (160,141,2)
[19:25:24]EMOTE: *no key*/(monkey (308)) : <b>The monkey (308)</b> gasps! (105,57,7)
[19:25:24]EMOTE: *no key*/(monkey (442)) : <b>The monkey (442)</b> gasps! (80,49,7)
[19:25:24]EMOTE: *no key*/(monkey (31)) : <b>The monkey (31)</b> gasps! (42,31,7)
[19:25:27]EMOTE: *no key*/(monkey (324)) : <b>The monkey (324)</b> gasps! (4,26,7)
[19:25:27]EMOTE: *no key*/(monkey (14)) : <b>The monkey (14)</b> gasps! (3,25,7)
[19:25:27]EMOTE: *no key*/(monkey (708)) : <b>The monkey (708)</b> gasps! (66,30,7)
[19:25:27]EMOTE: *no key*/(monkey (598)) : <b>The monkey (598)</b> jumps! (58,27,7)
[19:25:28]EMOTE: *no key*/(monkey (988)) : <b>The monkey (988)</b> rolls. (59,102,7)
[19:25:28]EMOTE: *no key*/(monkey (826)) : <b>The monkey (826)</b> scratches. (88,95,7)
[19:25:29]EMOTE: *no key*/(monkey (765)) : <b>The monkey (765)</b> waves his tail. (78,73,7)
[19:25:29]EMOTE: *no key*/(monkey (442)) : <b>The monkey (442)</b> gasps! (79,49,7)
[19:25:29]EMOTE: *no key*/(monkey (988)) : <b>The monkey (988)</b> gasps! (4,16,7)
[19:25:29]EMOTE: *no key*/(monkey (258)) : <b>The monkey (258)</b> waves his tail. (185,118,2)
[19:25:30]EMOTE: *no key*/(Poly) : <b>Poly</b> looks in the Power-ON cartridge's direction and takes flight. (80,190,2)
[19:25:30]EMOTE: *no key*/(monkey (193)) : <b>The monkey (193)</b> waves his tail. (25,105,7)
[19:25:31]EMOTE: *no key*/(monkey (464)) : <b>The monkey (464)</b> waves her tail. (83,30,7)
[19:25:31]EMOTE: *no key*/(monkey (324)) : <b>The monkey (324)</b> gasps! (4,27,7)
[19:25:31]EMOTE: *no key*/(monkey (357)) : <b>The monkey (357)</b> gasps! (68,30,7)
[19:25:31]EMOTE: *no key*/(monkey (287)) : <b>The monkey (287)</b> gasps! (41,13,7)
[19:25:31]EMOTE: *no key*/(monkey (228)) : <b>The monkey (228)</b> rolls. (187,8,2)
[19:25:31]EMOTE: *no key*/(monkey (534)) : <b>The monkey (534)</b> scratches. (201,25,2)
[19:25:33]EMOTE: *no key*/(monkey (413)) : <b>The monkey (413)</b> waves his tail. (21,78,7)
[19:25:33]EMOTE: *no key*/(monkey (963)) : <b>The monkey (963)</b> waves his tail. (108,74,7)
[19:25:33]EMOTE: *no key*/(monkey (550)) : <b>The monkey (550)</b> gasps! (69,42,7)
[19:25:33]EMOTE: *no key*/(monkey (324)) : <b>The monkey (324)</b> gasps! (4,27,7)
[19:25:33]EMOTE: *no key*/(monkey (357)) : <b>The monkey (357)</b> gasps! (68,30,7)
[19:25:33]EMOTE: *no key*/(monkey (390)) : <b>The monkey (390)</b> rolls. (45,21,7)
[19:25:33]EMOTE: *no key*/(monkey (177)) : <b>The monkey (177)</b> gasps! (6,20,7)
[19:25:35]EMOTE: *no key*/(monkey (935)) : <b>The monkey (935)</b> scratches. (66,93,7)
[19:25:35]EMOTE: *no key*/(monkey (819)) : <b>The monkey (819)</b> gasps! (100,59,7)
[19:25:35]EMOTE: *no key*/(monkey (630)) : <b>The monkey (630)</b> gasps! (84,39,7)
[19:25:35]EMOTE: *no key*/(monkey (202)) : <b>The monkey (202)</b> gasps! (22,36,7)
[19:25:35]EMOTE: *no key*/(monkey (324)) : <b>The monkey (324)</b> gasps! (4,27,7)
[19:25:35]EMOTE: *no key*/(monkey (357)) : <b>The monkey (357)</b> gasps! (68,30,7)
[19:25:35]EMOTE: *no key*/(monkey (521)) : <b>The monkey (521)</b> gasps! (37,6,7)
[19:25:36]GAME: <a href='?priv_msg=ss13isaids'>Ss13isaids</a>/(Dab Dab) checked the player panel while in game.
[19:25:37]EMOTE: *no key*/(monkey (550)) : <b>The monkey (550)</b> gasps! (69,42,7)
[19:25:37]EMOTE: *no key*/(monkey (630)) : <b>The monkey (630)</b> gasps! (84,39,7)
[19:25:37]EMOTE: *no key*/(monkey (938)) : <b>The monkey (938)</b> gasps! (103,41,7)
[19:25:37]EMOTE: *no key*/(monkey (202)) : <b>The monkey (202)</b> gasps! (22,36,7)
[19:25:37]EMOTE: *no key*/(monkey (521)) : <b>The monkey (521)</b> gasps! (37,6,7)
[19:25:38]ADMIN: Ss13isaids/(Dab Dab) healed / Revived Ss13isaids/(Dab Dab).
[19:25:39]ADMIN: Noober84555/(Noober) jumped to Deranging/(Nib)
[19:25:39]EMOTE: *no key*/(monkey (637)) : <b>The monkey (637)</b> jumps! (67,83,7)
[19:25:39]EMOTE: *no key*/(monkey (927)) : <b>The monkey (927)</b> rolls. (57,82,7)
[19:25:39]EMOTE: *no key*/(monkey (765)) : <b>The monkey (765)</b> rolls. (77,73,7)
[19:25:39]EMOTE: *no key*/(monkey (655)) : <b>The monkey (655)</b> gasps! (103,59,7)
[19:25:39]EMOTE: *no key*/(monkey (31)) : <b>The monkey (31)</b> gasps! (41,32,7)
[19:25:39]EMOTE: *no key*/(monkey (324)) : <b>The monkey (324)</b> gasps! (4,26,7)
[19:25:39]EMOTE: *no key*/(monkey (177)) : <b>The monkey (177)</b> gasps! (6,20,7)
[19:25:39]EMOTE: *no key*/(monkey (287)) : <b>The monkey (287)</b> gasps! (40,12,7)
[19:25:41]EMOTE: *no key*/(monkey (442)) : <b>The monkey (442)</b> gasps! (80,49,7)
[19:25:41]EMOTE: *no key*/(monkey (773)) : <b>The monkey (773)</b> gasps! (6,53,7)
[19:25:41]EMOTE: *no key*/(monkey (550)) : <b>The monkey (550)</b> gasps! (69,42,7)
[19:25:41]EMOTE: *no key*/(monkey (708)) : <b>The monkey (708)</b> gasps! (66,28,7)
[19:25:41]EMOTE: *no key*/(monkey (521)) : <b>The monkey (521)</b> gasps! (37,6,7)
[19:25:43]EMOTE: *no key*/(monkey (730)) : <b>The monkey (730)</b> waves her tail. (66,104,7)
[19:25:43]EMOTE: *no key*/(monkey (925)) : <b>The monkey (925)</b> jumps! (86,89,7)
[19:25:43]EMOTE: *no key*/(monkey (819)) : <b>The monkey (819)</b> gasps! (100,58,7)
[19:25:43]EMOTE: *no key*/(monkey (550)) : <b>The monkey (550)</b> gasps! (69,42,7)
[19:25:43]EMOTE: *no key*/(monkey (938)) : <b>The monkey (938)</b> gasps! (103,41,7)
[19:25:43]EMOTE: *no key*/(monkey (31)) : <b>The monkey (31)</b> gasps! (40,32,7)
[19:25:43]EMOTE: *no key*/(monkey (14)) : <b>The monkey (14)</b> gasps! (5,23,7)
[19:25:43]EMOTE: *no key*/(monkey (988)) : <b>The monkey (988)</b> gasps! (5,15,7)
[19:25:44]EMOTE: *no key*/(monkey (87)) : <b>The monkey (87)</b> scratches. (74,14,7)
[19:25:45]EMOTE: *no key*/(monkey (92)) : <b>The monkey (92)</b> rolls. (65,94,7)
[19:25:45]EMOTE: *no key*/(monkey (630)) : <b>The monkey (630)</b> gasps! (83,39,7)
[19:25:46]EMOTE: *no key*/(monkey (390)) : <b>The monkey (390)</b> gasps! (47,20,7)
[19:25:46]EMOTE: *no key*/(monkey (403)) : <b>The monkey (403)</b> gasps! (61,27,7)
[19:25:46]EMOTE: *no key*/(monkey (598)) : <b>The monkey (598)</b> gasps! (56,27,7)
[19:25:46]EMOTE: *no key*/(monkey (521)) : <b>The monkey (521)</b> gasps! (37,6,7)
[19:25:47]EMOTE: *no key*/(monkey (472)) : <b>The monkey (472)</b> scratches. (64,97,7)
[19:25:48]EMOTE: *no key*/(monkey (98)) : <b>The monkey (98)</b> gasps! (80,52,7)
[19:25:48]EMOTE: *no key*/(monkey (655)) : <b>The monkey (655)</b> gasps! (103,59,7)
[19:25:48]EMOTE: *no key*/(monkey (550)) : <b>The monkey (550)</b> gasps! (69,43,7)
[19:25:48]EMOTE: *no key*/(monkey (938)) : <b>The monkey (938)</b> gasps! (103,41,7)
[19:25:48]EMOTE: *no key*/(monkey (31)) : <b>The monkey (31)</b> gasps! (40,33,7)
[19:25:48]EMOTE: *no key*/(monkey (708)) : <b>The monkey (708)</b> gasps! (66,30,7)
[19:25:48]EMOTE: *no key*/(grey baby slime (652)) : <b>The grey baby slime (652)</b> lights up for a bit, then stops. (107,151,2)
[19:25:50]EMOTE: *no key*/(monkey (425)) : <b>The monkey (425)</b> waves her tail. (87,62,7)
[19:25:50]EMOTE: *no key*/(monkey (773)) : <b>The monkey (773)</b> gasps! (6,52,7)
[19:25:50]EMOTE: *no key*/(monkey (403)) : <b>The monkey (403)</b> gasps! (60,27,7)
[19:25:50]EMOTE: *no key*/(monkey (348)) : <b>The monkey (348)</b> jumps! (56,12,7)
[19:25:51]SAY: Poly/ : Don&#39;t believe the reports - smoke today! (80,190,2)
[19:25:52]EMOTE: *no key*/(monkey (243)) : <b>The monkey (243)</b> gasps! (86,55,7)
[19:25:52]EMOTE: *no key*/(monkey (550)) : <b>The monkey (550)</b> gasps! (69,43,7)
[19:25:52]EMOTE: *no key*/(monkey (31)) : <b>The monkey (31)</b> gasps! (40,34,7)
[19:25:52]EMOTE: *no key*/(monkey (14)) : <b>The monkey (14)</b> gasps! (3,23,7)
[19:25:52]EMOTE: *no key*/(monkey (598)) : <b>The monkey (598)</b> gasps! (56,27,7)
[19:25:52]EMOTE: *no key*/(monkey (972)) : <b>The monkey (972)</b> rolls. (61,4,7)
[19:25:54]EMOTE: *no key*/(monkey (819)) : <b>The monkey (819)</b> gasps! (100,58,7)
[19:25:54]EMOTE: *no key*/(monkey (324)) : <b>The monkey (324)</b> gasps! (4,27,7)
[19:25:54]EMOTE: *no key*/(monkey (357)) : <b>The monkey (357)</b> gasps! (68,29,7)
[19:25:54]EMOTE: *no key*/(monkey (892)) : <b>The monkey (892)</b> scratches. (89,22,7)
[19:25:56]EMOTE: *no key*/(monkey (670)) : <b>The monkey (670)</b> waves her tail. (53,93,7)
[19:25:56]EMOTE: *no key*/(monkey (31)) : <b>The monkey (31)</b> gasps! (40,33,7)
[19:25:56]EMOTE: *no key*/(monkey (183)) : <b>The monkey (183)</b> gasps! (6,21,7)
[19:25:56]EMOTE: *no key*/(monkey (988)) : <b>The monkey (988)</b> gasps! (6,15,7)
[19:25:58]EMOTE: *no key*/(monkey (243)) : <b>The monkey (243)</b> gasps! (86,55,7)
[19:25:58]EMOTE: *no key*/(monkey (819)) : <b>The monkey (819)</b> gasps! (100,58,7)
[19:25:58]EMOTE: *no key*/(monkey (655)) : <b>The monkey (655)</b> gasps! (101,59,7)
[19:26:00]EMOTE: *no key*/(monkey (826)) : <b>The monkey (826)</b> rolls. (53,89,7)
[19:26:00]EMOTE: *no key*/(monkey (830)) : <b>The monkey (830)</b> jumps! (71,60,7)
[19:26:00]EMOTE: *no key*/(monkey (243)) : <b>The monkey (243)</b> gasps! (86,54,7)
[19:26:00]EMOTE: *no key*/(monkey (819)) : <b>The monkey (819)</b> gasps! (100,57,7)
[19:26:00]EMOTE: *no key*/(monkey (605)) : <b>The monkey (605)</b> scratches. (91,42,7)
[19:26:00]EMOTE: *no key*/(monkey (202)) : <b>The monkey (202)</b> gasps! (24,36,7)
[19:26:00]EMOTE: *no key*/(monkey (14)) : <b>The monkey (14)</b> gasps! (2,24,7)
[19:26:00]EMOTE: *no key*/(monkey (357)) : <b>The monkey (357)</b> gasps! (67,29,7)
[19:26:00]EMOTE: *no key*/(monkey (177)) : <b>The monkey (177)</b> gasps! (4,24,7)
[19:26:00]EMOTE: *no key*/(monkey (228)) : <b>The monkey (228)</b> waves her tail. (189,8,2)
[19:26:02]EMOTE: *no key*/(monkey (489)) : <b>The monkey (489)</b> rolls. (78,93,7)
[19:26:02]EMOTE: *no key*/(monkey (92)) : <b>The monkey (92)</b> waves his tail. (64,96,7)
[19:26:02]EMOTE: *no key*/(monkey (605)) : <b>The monkey (605)</b> gasps! (91,42,7)
[19:26:02]EMOTE: *no key*/(monkey (630)) : <b>The monkey (630)</b> gasps! (82,40,7)
[19:26:02]EMOTE: *no key*/(monkey (31)) : <b>The monkey (31)</b> gasps! (41,33,7)
[19:26:02]EMOTE: *no key*/(monkey (324)) : <b>The monkey (324)</b> gasps! (3,27,7)
[19:26:02]EMOTE: *no key*/(monkey (183)) : <b>The monkey (183)</b> gasps! (5,21,7)
[19:26:02]EMOTE: *no key*/(monkey (521)) : <b>The monkey (521)</b> gasps! (37,6,7)
[19:26:03]EMOTE: *no key*/(monkey (797)) : <b>The monkey (797)</b> scratches. (204,25,2)
[19:26:03]SAY: Medibot/ : What kind of medbay is this? Everyone&#39;s dropping like flies. (155,73,1)
[19:26:03]SAY: mouse/ : Squeek! (202,230,2)
[19:26:04]EMOTE: *no key*/(monkey (670)) : <b>The monkey (670)</b> jumps! (51,93,7)
[19:26:04]EMOTE: *no key*/(monkey (808)) : <b>The monkey (808)</b> rolls. (79,76,7)
[19:26:04]EMOTE: *no key*/(monkey (104)) : <b>The monkey (104)</b> scratches. (44,75,7)
[19:26:04]EMOTE: *no key*/(monkey (458)) : <b>The monkey (458)</b> jumps! (103,63,7)
[19:26:04]EMOTE: *no key*/(monkey (819)) : <b>The monkey (819)</b> gasps! (101,57,7)
[19:26:05]EMOTE: *no key*/(monkey (202)) : <b>The monkey (202)</b> gasps! (25,36,7)
[19:26:05]EMOTE: *no key*/(monkey (144)) : <b>The monkey (144)</b> rolls. (55,3,7)
[19:26:05]EMOTE: *no key*/(Citrus) : <b>Citrus</b> yawns. (174,221,2)
[19:26:07]EMOTE: *no key*/(monkey (442)) : <b>The monkey (442)</b> gasps! (82,50,7)
[19:26:07]EMOTE: *no key*/(monkey (424)) : <b>The monkey (424)</b> waves his tail. (35,57,7)
[19:26:07]EMOTE: *no key*/(monkey (605)) : <b>The monkey (605)</b> rolls. (90,41,7)
[19:26:07]EMOTE: *no key*/(monkey (177)) : <b>The monkey (177)</b> gasps! (4,24,7)
[19:26:07]EMOTE: *no key*/(monkey (521)) : <b>The monkey (521)</b> rolls. (38,6,7)
[19:26:09]EMOTE: *no key*/(monkey (98)) : <b>The monkey (98)</b> gasps! (80,52,7)
[19:26:09]EMOTE: *no key*/(monkey (630)) : <b>The monkey (630)</b> gasps! (82,40,7)
[19:26:09]EMOTE: *no key*/(monkey (31)) : <b>The monkey (31)</b> gasps! (41,33,7)
[19:26:09]EMOTE: *no key*/(monkey (357)) : <b>The monkey (357)</b> gasps! (67,30,7)
[19:26:09]EMOTE: *no key*/(monkey (708)) : <b>The monkey (708)</b> gasps! (66,29,7)
[19:26:09]EMOTE: *no key*/(monkey (177)) : <b>The monkey (177)</b> gasps! (4,24,7)
[19:26:09]EMOTE: *no key*/(monkey (521)) : <b>The monkey (521)</b> gasps! (38,6,7)
[19:26:09]EMOTE: *no key*/(Persephone) : <b>Persephone</b> walks around. (168,138,2)
[19:26:09]SAY: grey baby slime (652)/ : Blop... (107,151,2)
[19:26:11]EMOTE: *no key*/(monkey (877)) : <b>The monkey (877)</b> waves her tail. (78,82,7)
[19:26:11]EMOTE: *no key*/(monkey (308)) : <b>The monkey (308)</b> gasps! (106,59,7)
[19:26:11]EMOTE: *no key*/(monkey (357)) : <b>The monkey (357)</b> gasps! (67,30,7)
[19:26:11]EMOTE: *no key*/(monkey (183)) : <b>The monkey (183)</b> gasps! (3,20,7)
[19:26:11]EMOTE: *no key*/(monkey (521)) : <b>The monkey (521)</b> gasps! (38,6,7)
[19:26:11]EMOTE: *no key*/(monkey (521)) : <b>The monkey (521)</b> scratches. (38,6,7)
[19:26:11]EMOTE: *no key*/(monkey (206)) : <b>The monkey (206)</b> jumps! (203,21,2)
[19:26:13]EMOTE: *no key*/(monkey (819)) : <b>The monkey (819)</b> gasps! (101,57,7)
[19:26:13]EMOTE: *no key*/(monkey (98)) : <b>The monkey (98)</b> gasps! (80,52,7)
[19:26:13]EMOTE: *no key*/(monkey (442)) : <b>The monkey (442)</b> gasps! (81,50,7)
[19:26:13]EMOTE: *no key*/(monkey (550)) : <b>The monkey (550)</b> gasps! (68,43,7)
[19:26:13]EMOTE: *no key*/(monkey (14)) : <b>The monkey (14)</b> gasps! (3,27,7)
[19:26:13]EMOTE: *no key*/(monkey (357)) : <b>The monkey (357)</b> waves his tail. (67,30,7)
[19:26:13]EMOTE: *no key*/(monkey (348)) : <b>The monkey (348)</b> gasps! (51,12,7)
[19:26:15]EMOTE: *no key*/(monkey (300)) : <b>The monkey (300)</b> jumps! (41,83,7)
[19:26:16]EMOTE: *no key*/(monkey (788)) : <b>The monkey (788)</b> waves his tail. (101,30,7)
[19:26:16]EMOTE: *no key*/(monkey (708)) : <b>The monkey (708)</b> gasps! (66,29,7)
[19:26:16]EMOTE: *no key*/(monkey (390)) : <b>The monkey (390)</b> gasps! (48,18,7)
[19:26:16]EMOTE: *no key*/(monkey (598)) : <b>The monkey (598)</b> gasps! (56,27,7)
[19:26:16]EMOTE: *no key*/(monkey (348)) : <b>The monkey (348)</b> gasps! (50,12,7)
[19:26:16]EMOTE: *no key*/(monkey (406)) : <b>The monkey (406)</b> scratches. (26,10,7)
[19:26:17]EMOTE: *no key*/(monkey (469)) : <b>The monkey (469)</b> scratches. (99,106,7)
[19:26:18]EMOTE: *no key*/(monkey (655)) : <b>The monkey (655)</b> gasps! (101,58,7)
[19:26:18]EMOTE: *no key*/(monkey (605)) : <b>The monkey (605)</b> gasps! (91,41,7)
[19:26:18]EMOTE: *no key*/(monkey (357)) : <b>The monkey (357)</b> gasps! (68,30,7)
[19:26:18]EMOTE: *no key*/(monkey (390)) : <b>The monkey (390)</b> gasps! (48,18,7)
[19:26:18]EMOTE: *no key*/(monkey (598)) : <b>The monkey (598)</b> gasps! (56,27,7)
[19:26:18]EMOTE: *no key*/(monkey (978)) : <b>The monkey (978)</b> gasps! (38,10,7)
[19:26:18]EMOTE: *no key*/(monkey (348)) : <b>The monkey (348)</b> gasps! (50,12,7)
[19:26:20]EMOTE: *no key*/(monkey (601)) : <b>The monkey (601)</b> scratches. (38,63,7)
[19:26:20]EMOTE: *no key*/(monkey (708)) : <b>The monkey (708)</b> gasps! (66,29,7)
[19:26:20]EMOTE: *no key*/(monkey (988)) : <b>The monkey (988)</b> gasps! (5,15,7)
[19:26:20]EMOTE: *no key*/(monkey (348)) : <b>The monkey (348)</b> gasps! (50,12,7)
[19:26:20]SAY: emergency medibot/ : What kind of medbay is this? Everyone&#39;s dropping like flies. (222,84,1)
[19:26:22]EMOTE: *no key*/(monkey (260)) : <b>The monkey (260)</b> rolls. (53,69,7)
[19:26:22]EMOTE: *no key*/(monkey (655)) : <b>The monkey (655)</b> gasps! (101,58,7)
[19:26:22]EMOTE: *no key*/(monkey (605)) : <b>The monkey (605)</b> gasps! (91,41,7)
[19:26:22]EMOTE: *no key*/(monkey (14)) : <b>The monkey (14)</b> gasps! (3,27,7)
[19:26:22]EMOTE: *no key*/(monkey (725)) : <b>The monkey (725)</b> scratches. (21,21,7)
[19:26:22]EMOTE: *no key*/(monkey (988)) : <b>The monkey (988)</b> gasps! (5,15,7)
[19:26:24]EMOTE: *no key*/(monkey (318)) : <b>The monkey (318)</b> scratches. (37,95,7)
[19:26:24]EMOTE: *no key*/(monkey (373)) : <b>The monkey (373)</b> scratches. (81,79,7)
[19:26:24]EMOTE: *no key*/(monkey (308)) : <b>The monkey (308)</b> gasps! (106,57,7)
[19:26:24]EMOTE: *no key*/(monkey (655)) : <b>The monkey (655)</b> gasps! (101,58,7)
[19:26:24]EMOTE: *no key*/(monkey (14)) : <b>The monkey (14)</b> waves her tail. (3,26,7)
[19:26:24]EMOTE: *no key*/(monkey (708)) : <b>The monkey (708)</b> gasps! (66,28,7)
[19:26:24]EMOTE: *no key*/(monkey (390)) : <b>The monkey (390)</b> gasps! (48,17,7)
[19:26:24]EMOTE: *no key*/(monkey (403)) : <b>The monkey (403)</b> jumps! (61,26,7)
[19:26:24]EMOTE: *no key*/(monkey (177)) : <b>The monkey (177)</b> gasps! (4,24,7)
[19:26:24]EMOTE: *no key*/(monkey (988)) : <b>The monkey (988)</b> gasps! (5,15,7)
[19:26:24]EMOTE: *no key*/(monkey (259)) : <b>The monkey (259)</b> jumps! (20,12,7)
[19:26:24]EMOTE: *no key*/(monkey (521)) : <b>The monkey (521)</b> gasps! (38,6,7)
[19:26:24]SAY: Poly/ : Try our new nougat bar! (80,190,2)
[19:26:26]EMOTE: *no key*/(monkey (769)) : <b>The monkey (769)</b> jumps! (58,104,7)
[19:26:26]EMOTE: *no key*/(monkey (257)) : <b>The monkey (257)</b> scratches. (47,79,7)
[19:26:26]EMOTE: *no key*/(monkey (404)) : <b>The monkey (404)</b> scratches. (69,63,7)
[19:26:26]EMOTE: *no key*/(monkey (474)) : <b>The monkey (474)</b> rolls. (89,30,7)
[19:26:26]EMOTE: *no key*/(monkey (708)) : <b>The monkey (708)</b> gasps! (66,28,7)
[19:26:26]EMOTE: *no key*/(monkey (390)) : <b>The monkey (390)</b> gasps! (48,17,7)
[19:26:27]EMOTE: *no key*/(monkey (348)) : <b>The monkey (348)</b> gasps! (49,11,7)
[19:26:27]SAY: Medibot/ : There&#39;s always a catch, and I&#39;m the best there is. (154,73,1)
[19:26:29]EMOTE: *no key*/(monkey (318)) : <b>The monkey (318)</b> jumps! (38,95,7)
[19:26:29]EMOTE: *no key*/(monkey (830)) : <b>The monkey (830)</b> waves his tail. (72,60,7)
[19:26:29]EMOTE: *no key*/(monkey (243)) : <b>The monkey (243)</b> gasps! (85,54,7)
[19:26:29]EMOTE: *no key*/(monkey (14)) : <b>The monkey (14)</b> gasps! (3,26,7)
[19:26:29]EMOTE: *no key*/(monkey (357)) : <b>The monkey (357)</b> gasps! (66,30,7)
[19:26:31]EMOTE: *no key*/(monkey (691)) : <b>The monkey (691)</b> rolls. (20,93,7)
[19:26:31]EMOTE: *no key*/(monkey (739)) : <b>The monkey (739)</b> waves her tail. (56,82,7)
[19:26:31]EMOTE: *no key*/(monkey (609)) : <b>The monkey (609)</b> scratches. (88,53,7)
[19:26:31]EMOTE: *no key*/(monkey (550)) : <b>The monkey (550)</b> gasps! (70,45,7)
[19:26:31]EMOTE: *no key*/(monkey (31)) : <b>The monkey (31)</b> gasps! (41,33,7)
[19:26:32]EMOTE: *no key*/(monkey (708)) : <b>The monkey (708)</b> gasps! (66,28,7)
[19:26:32]EMOTE: *no key*/(monkey (390)) : <b>The monkey (390)</b> gasps! (48,19,7)
[19:26:32]EMOTE: *no key*/(monkey (978)) : <b>The monkey (978)</b> gasps! (38,10,7)
[19:26:32]EMOTE: *no key*/(Poly) : <b>Poly</b> looks in the Power-ON cartridge's direction and takes flight. (80,190,2)
[19:26:32]EMOTE: *no key*/(monkey (311)) : <b>The monkey (311)</b> scratches. (52,11,7)
[19:26:33]EMOTE: *no key*/(monkey (417)) : <b>The monkey (417)</b> waves her tail. (69,84,7)
[19:26:34]EMOTE: *no key*/(monkey (765)) : <b>The monkey (765)</b> waves his tail. (75,72,7)
[19:26:34]EMOTE: *no key*/(monkey (442)) : <b>The monkey (442)</b> gasps! (80,49,7)
[19:26:34]EMOTE: *no key*/(monkey (29)) : <b>The monkey (29)</b> jumps! (96,52,7)
[19:26:34]EMOTE: *no key*/(monkey (14)) : <b>The monkey (14)</b> gasps! (3,26,7)
[19:26:34]EMOTE: *no key*/(monkey (708)) : <b>The monkey (708)</b> gasps! (66,28,7)
[19:26:34]EMOTE: *no key*/(monkey (183)) : <b>The monkey (183)</b> gasps! (4,20,7)
[19:26:35]EMOTE: *no key*/(monkey (119)) : <b>The monkey (119)</b> jumps! (25,95,7)
[19:26:35]EMOTE: *no key*/(monkey (223)) : <b>The monkey (223)</b> scratches. (18,88,7)
[19:26:36]EMOTE: *no key*/(monkey (819)) : <b>The monkey (819)</b> gasps! (101,57,7)
[19:26:36]EMOTE: *no key*/(monkey (98)) : <b>The monkey (98)</b> gasps! (81,52,7)
[19:26:36]EMOTE: *no key*/(monkey (630)) : <b>The monkey (630)</b> gasps! (81,40,7)
[19:26:36]EMOTE: *no key*/(monkey (390)) : <b>The monkey (390)</b> gasps! (48,19,7)
[19:26:36]EMOTE: *no key*/(monkey (403)) : <b>The monkey (403)</b> gasps! (61,26,7)
[19:26:36]EMOTE: *no key*/(monkey (177)) : <b>The monkey (177)</b> gasps! (4,24,7)
[19:26:36]EMOTE: *no key*/(monkey (183)) : <b>The monkey (183)</b> waves her tail. (3,20,7)
[19:26:36]EMOTE: *no key*/(monkey (348)) : <b>The monkey (348)</b> gasps! (48,11,7)
[19:26:36]EMOTE: *no key*/(monkey (348)) : <b>The monkey (348)</b> rolls. (48,10,7)
[19:26:37]EMOTE: *no key*/(monkey (284)) : <b>The monkey (284)</b> waves his tail. (75,78,7)
[19:26:38]EMOTE: *no key*/(monkey (963)) : <b>The monkey (963)</b> rolls. (108,75,7)
[19:26:38]EMOTE: *no key*/(monkey (308)) : <b>The monkey (308)</b> gasps! (106,57,7)
[19:26:38]EMOTE: *no key*/(monkey (98)) : <b>The monkey (98)</b> gasps! (81,52,7)
[19:26:38]EMOTE: *no key*/(monkey (773)) : <b>The monkey (773)</b> gasps! (5,53,7)
[19:26:38]EMOTE: *no key*/(monkey (525)) : <b>The monkey (525)</b> scratches. (17,56,7)
[19:26:38]EMOTE: *no key*/(monkey (674)) : <b>The monkey (674)</b> waves her tail. (14,34,7)
[19:26:38]EMOTE: *no key*/(monkey (14)) : <b>The monkey (14)</b> gasps! (3,26,7)
[19:26:38]EMOTE: *no key*/(monkey (708)) : <b>The monkey (708)</b> gasps! (66,29,7)
[19:26:38]EMOTE: *no key*/(monkey (403)) : <b>The monkey (403)</b> gasps! (61,26,7)
[19:26:38]EMOTE: *no key*/(monkey (978)) : <b>The monkey (978)</b> gasps! (37,9,7)
[19:26:38]EMOTE: *no key*/(monkey (348)) : <b>The monkey (348)</b> gasps! (48,10,7)
[19:26:40]EMOTE: *no key*/(monkey (929)) : <b>The monkey (929)</b> gasps! (71,43,7)
[19:26:40]EMOTE: *no key*/(monkey (550)) : <b>The monkey (550)</b> gasps! (70,45,7)
[19:26:40]EMOTE: *no key*/(monkey (15)) : <b>The monkey (15)</b> rolls. (39,44,7)
[19:26:40]EMOTE: *no key*/(monkey (324)) : <b>The monkey (324)</b> gasps! (3,26,7)
[19:26:40]EMOTE: *no key*/(monkey (521)) : <b>The monkey (521)</b> gasps! (38,6,7)
[19:26:42]EMOTE: *no key*/(monkey (98)) : <b>The monkey (98)</b> gasps! (80,52,7)
[19:26:42]EMOTE: *no key*/(monkey (708)) : <b>The monkey (708)</b> gasps! (66,29,7)
[19:26:42]EMOTE: *no key*/(monkey (208)) : <b>The monkey (208)</b> scratches. (100,17,7)
[19:26:42]EMOTE: *no key*/(monkey (406)) : <b>The monkey (406)</b> waves her tail. (25,6,7)
[19:26:42]EMOTE: *no key*/(monkey (144)) : <b>The monkey (144)</b> rolls. (49,3,7)
[19:26:43]EMOTE: *no key*/(Ian) : <b>Ian</b> barks! (132,186,2)
[19:26:43]EMOTE: *no key*/(mouse) : <b>The mouse</b> runs in a circle. (201,231,2)
[19:26:44]EMOTE: *no key*/(monkey (469)) : <b>The monkey (469)</b> scratches. (98,106,7)
[19:26:44]EMOTE: *no key*/(monkey (448)) : <b>The monkey (448)</b> rolls. (66,85,7)
[19:26:44]EMOTE: *no key*/(monkey (773)) : <b>The monkey (773)</b> gasps! (5,53,7)
[19:26:44]EMOTE: *no key*/(monkey (929)) : <b>The monkey (929)</b> gasps! (72,43,7)
[19:26:44]EMOTE: *no key*/(monkey (15)) : <b>The monkey (15)</b> rolls. (39,45,7)
[19:26:44]EMOTE: *no key*/(monkey (202)) : <b>The monkey (202)</b> gasps! (25,35,7)
[19:26:44]EMOTE: *no key*/(monkey (31)) : <b>The monkey (31)</b> gasps! (41,33,7)
[19:26:44]EMOTE: *no key*/(monkey (14)) : <b>The monkey (14)</b> gasps! (3,26,7)
[19:26:44]EMOTE: *no key*/(monkey (357)) : <b>The monkey (357)</b> gasps! (69,30,7)
[19:26:44]EMOTE: *no key*/(monkey (183)) : <b>The monkey (183)</b> gasps! (3,20,7)
[19:26:44]EMOTE: *no key*/(monkey (521)) : <b>The monkey (521)</b> gasps! (38,6,7)
[19:26:45]GAME: <a href='?priv_msg=ss13isaids'>Ss13isaids</a>/(Dab Dab) checked the player panel while in game.
[19:26:46]EMOTE: *no key*/(monkey (683)) : <b>The monkey (683)</b> rolls. (25,97,7)
[19:26:46]EMOTE: *no key*/(monkey (489)) : <b>The monkey (489)</b> jumps! (65,92,7)
[19:26:46]EMOTE: *no key*/(monkey (402)) : <b>The monkey (402)</b> rolls. (78,64,7)
[19:26:47]ADMIN: Ss13isaids/(Dab Dab) healed / Revived Ss13isaids/(Dab Dab).
[19:26:47]EMOTE: *no key*/(monkey (98)) : <b>The monkey (98)</b> gasps! (81,52,7)
[19:26:47]EMOTE: *no key*/(monkey (442)) : <b>The monkey (442)</b> gasps! (79,50,7)
[19:26:47]EMOTE: *no key*/(monkey (202)) : <b>The monkey (202)</b> gasps! (25,35,7)
[19:26:47]EMOTE: *no key*/(monkey (324)) : <b>The monkey (324)</b> gasps! (3,26,7)
[19:26:47]EMOTE: *no key*/(monkey (403)) : <b>The monkey (403)</b> gasps! (61,26,7)
[19:26:47]EMOTE: *no key*/(monkey (183)) : <b>The monkey (183)</b> gasps! (3,20,7)
[19:26:49]EMOTE: *no key*/(monkey (607)) : <b>The monkey (607)</b> jumps! (88,68,7)
[19:26:49]EMOTE: *no key*/(monkey (773)) : <b>The monkey (773)</b> gasps! (5,53,7)
[19:26:49]EMOTE: *no key*/(monkey (472)) : <b>The monkey (472)</b> scratches. (62,47,7)
[19:26:49]EMOTE: *no key*/(monkey (927)) : <b>The monkey (927)</b> scratches. (47,47,7)
[19:26:49]EMOTE: *no key*/(monkey (605)) : <b>The monkey (605)</b> gasps! (93,39,7)
[19:26:49]EMOTE: *no key*/(monkey (938)) : <b>The monkey (938)</b> gasps! (104,41,7)
[19:26:49]EMOTE: *no key*/(monkey (183)) : <b>The monkey (183)</b> gasps! (3,20,7)
[19:26:49]EMOTE: *no key*/(monkey (311)) : <b>The monkey (311)</b> gasps! (50,11,7)
[19:26:51]EMOTE: *no key*/(monkey (288)) : <b>The monkey (288)</b> jumps! (103,98,7)
[19:26:51]EMOTE: *no key*/(monkey (442)) : <b>The monkey (442)</b> gasps! (79,50,7)
[19:26:51]EMOTE: *no key*/(monkey (655)) : <b>The monkey (655)</b> gasps! (99,59,7)
[19:26:51]EMOTE: *no key*/(monkey (773)) : <b>The monkey (773)</b> gasps! (5,53,7)
[19:26:51]EMOTE: *no key*/(monkey (708)) : <b>The monkey (708)</b> gasps! (66,29,7)
[19:26:51]EMOTE: *no key*/(monkey (287)) : <b>The monkey (287)</b> gasps! (40,9,7)
[19:26:51]EMOTE: *no key*/(monkey (988)) : <b>The monkey (988)</b> gasps! (5,15,7)
[19:26:51]EMOTE: *no key*/(monkey (348)) : <b>The monkey (348)</b> gasps! (48,11,7)
[19:26:51]EMOTE: *no key*/(monkey (972)) : <b>The monkey (972)</b> jumps! (60,7,7)
[19:26:51]EMOTE: *no key*/(monkey (311)) : <b>The monkey (311)</b> gasps! (50,11,7)
[19:26:54]EMOTE: *no key*/(monkey (77)) : <b>The monkey (77)</b> scratches. (44,75,7)
[19:26:54]EMOTE: *no key*/(monkey (202)) : <b>The monkey (202)</b> gasps! (25,35,7)
[19:26:54]EMOTE: *no key*/(monkey (324)) : <b>The monkey (324)</b> gasps! (3,26,7)
[19:26:54]EMOTE: *no key*/(monkey (598)) : <b>The monkey (598)</b> gasps! (56,27,7)
[19:26:54]EMOTE: *no key*/(monkey (177)) : <b>The monkey (177)</b> gasps! (4,24,7)
[19:26:54]EMOTE: *no key*/(monkey (183)) : <b>The monkey (183)</b> gasps! (4,20,7)
[19:26:54]EMOTE: *no key*/(monkey (348)) : <b>The monkey (348)</b> gasps! (48,11,7)
[19:26:54]EMOTE: *no key*/(monkey (521)) : <b>The monkey (521)</b> gasps! (38,6,7)
[19:26:56]EMOTE: *no key*/(monkey (961)) : <b>The monkey (961)</b> scratches. (56,93,7)
[19:26:56]EMOTE: *no key*/(monkey (609)) : <b>The monkey (609)</b> gasps! (89,54,7)
[19:26:56]EMOTE: *no key*/(monkey (605)) : <b>The monkey (605)</b> gasps! (93,39,7)
[19:26:56]EMOTE: *no key*/(monkey (202)) : <b>The monkey (202)</b> gasps! (25,35,7)
[19:26:56]EMOTE: *no key*/(monkey (324)) : <b>The monkey (324)</b> gasps! (3,26,7)
[19:26:56]EMOTE: *no key*/(monkey (988)) : <b>The monkey (988)</b> gasps! (5,15,7)
[19:26:56]EMOTE: *no key*/(monkey (521)) : <b>The monkey (521)</b> gasps! (38,6,7)
[19:26:58]EMOTE: *no key*/(monkey (961)) : <b>The monkey (961)</b> jumps! (56,93,7)
[19:26:58]SAY: Persephone/ : Purr! (169,137,2)
[19:26:58]EMOTE: *no key*/(monkey (442)) : <b>The monkey (442)</b> gasps! (78,50,7)
[19:26:58]EMOTE: *no key*/(monkey (550)) : <b>The monkey (550)</b> gasps! (70,45,7)
[19:26:58]EMOTE: *no key*/(monkey (938)) : <b>The monkey (938)</b> gasps! (103,41,7)
[19:26:58]EMOTE: *no key*/(monkey (202)) : <b>The monkey (202)</b> gasps! (25,34,7)
[19:26:58]EMOTE: *no key*/(monkey (324)) : <b>The monkey (324)</b> gasps! (3,26,7)
[19:27:00]EMOTE: *no key*/(monkey (826)) : <b>The monkey (826)</b> rolls. (51,87,7)
[19:27:00]EMOTE: *no key*/(monkey (655)) : <b>The monkey (655)</b> gasps! (100,59,7)
[19:27:00]EMOTE: *no key*/(monkey (929)) : <b>The monkey (929)</b> gasps! (71,41,7)
[19:27:00]EMOTE: *no key*/(monkey (14)) : <b>The monkey (14)</b> gasps! (3,26,7)
[19:27:01]EMOTE: *no key*/(monkey (287)) : <b>The monkey (287)</b> gasps! (40,8,7)
[19:27:03]EMOTE: *no key*/(monkey (752)) : <b>The monkey (752)</b> scratches. (75,87,7)
[19:27:04]EMOTE: *no key*/(monkey (308)) : <b>The monkey (308)</b> gasps! (106,58,7)
[19:27:04]EMOTE: *no key*/(monkey (609)) : <b>The monkey (609)</b> gasps! (89,56,7)
[19:27:04]EMOTE: *no key*/(monkey (202)) : <b>The monkey (202)</b> gasps! (25,34,7)
[19:27:04]EMOTE: *no key*/(monkey (31)) : <b>The monkey (31)</b> gasps! (41,33,7)
[19:27:04]EMOTE: *no key*/(monkey (390)) : <b>The monkey (390)</b> gasps! (48,19,7)
[19:27:04]EMOTE: *no key*/(monkey (183)) : <b>The monkey (183)</b> gasps! (3,21,7)
[19:27:04]EMOTE: *no key*/(monkey (521)) : <b>The monkey (521)</b> gasps! (38,6,7)
[19:27:04]EMOTE: *no key*/(monkey (797)) : <b>The monkey (797)</b> scratches. (203,25,2)
[19:27:06]EMOTE: *no key*/(monkey (676)) : <b>The monkey (676)</b> rolls. (25,97,7)
[19:27:06]EMOTE: *no key*/(monkey (223)) : <b>The monkey (223)</b> scratches. (18,87,7)
[19:27:06]EMOTE: *no key*/(monkey (404)) : <b>The monkey (404)</b> scratches. (70,63,7)
[19:27:06]EMOTE: *no key*/(monkey (243)) : <b>The monkey (243)</b> gasps! (87,54,7)
[19:27:06]EMOTE: *no key*/(monkey (308)) : <b>The monkey (308)</b> gasps! (106,57,7)
[19:27:06]EMOTE: *no key*/(monkey (929)) : <b>The monkey (929)</b> gasps! (70,42,7)
[19:27:06]EMOTE: *no key*/(monkey (202)) : <b>The monkey (202)</b> gasps! (25,34,7)
[19:27:06]EMOTE: *no key*/(monkey (14)) : <b>The monkey (14)</b> gasps! (3,26,7)
[19:27:06]EMOTE: *no key*/(mouse) : <b>The mouse</b> runs in a circle. (197,226,2)
[19:27:06]EMOTE: *no key*/(monkey (287)) : <b>The monkey (287)</b> gasps! (39,7,7)
[19:27:06]EMOTE: *no key*/(monkey (797)) : <b>The monkey (797)</b> scratches. (204,25,2)
[19:27:08]EMOTE: *no key*/(monkey (101)) : <b>The monkey (101)</b> rolls. (52,92,7)
[19:27:08]EMOTE: *no key*/(monkey (126)) : <b>The monkey (126)</b> waves his tail. (67,77,7)
[19:27:08]EMOTE: *no key*/(monkey (773)) : <b>The monkey (773)</b> gasps! (5,53,7)
[19:27:08]EMOTE: *no key*/(monkey (938)) : <b>The monkey (938)</b> gasps! (104,42,7)
[19:27:08]EMOTE: *no key*/(monkey (357)) : <b>The monkey (357)</b> gasps! (70,30,7)
[19:27:08]EMOTE: *no key*/(monkey (988)) : <b>The monkey (988)</b> gasps! (5,15,7)
[19:27:08]EMOTE: *no key*/(monkey (406)) : <b>The monkey (406)</b> gasps! (25,4,7)
[19:27:10]EMOTE: *no key*/(monkey (384)) : <b>The monkey (384)</b> scratches. (95,64,7)
[19:27:11]EMOTE: *no key*/(monkey (773)) : <b>The monkey (773)</b> gasps! (5,53,7)
[19:27:11]EMOTE: *no key*/(monkey (938)) : <b>The monkey (938)</b> gasps! (104,42,7)
[19:27:11]SAY: emergency medibot/ : Delicious! (222,84,1)
[19:27:11]EMOTE: *no key*/(monkey (778)) : <b>The monkey (778)</b> jumps! (28,24,7)
[19:27:11]EMOTE: *no key*/(monkey (14)) : <b>The monkey (14)</b> gasps! (3,26,7)
[19:27:11]EMOTE: *no key*/(monkey (287)) : <b>The monkey (287)</b> gasps! (39,8,7)
[19:27:11]EMOTE: *no key*/(monkey (406)) : <b>The monkey (406)</b> gasps! (25,4,7)
[19:27:13]EMOTE: *no key*/(monkey (999)) : <b>The monkey (999)</b> rolls. (81,65,7)
[19:27:13]EMOTE: *no key*/(monkey (308)) : <b>The monkey (308)</b> gasps! (106,58,7)
[19:27:13]EMOTE: *no key*/(monkey (31)) : <b>The monkey (31)</b> gasps! (41,33,7)
[19:27:13]EMOTE: *no key*/(monkey (357)) : <b>The monkey (357)</b> gasps! (70,30,7)
[19:27:15]EMOTE: *no key*/(monkey (98)) : <b>The monkey (98)</b> gasps! (78,51,7)
[19:27:15]EMOTE: *no key*/(monkey (442)) : <b>The monkey (442)</b> gasps! (79,49,7)
[19:27:15]EMOTE: *no key*/(monkey (929)) : <b>The monkey (929)</b> gasps! (70,42,7)
[19:27:15]EMOTE: *no key*/(monkey (630)) : <b>The monkey (630)</b> gasps! (81,40,7)
[19:27:15]EMOTE: *no key*/(monkey (14)) : <b>The monkey (14)</b> gasps! (3,26,7)
[19:27:15]EMOTE: *no key*/(monkey (403)) : <b>The monkey (403)</b> gasps! (61,26,7)
[19:27:15]EMOTE: *no key*/(monkey (504)) : <b>The monkey (504)</b> jumps! (92,19,7)
[19:27:15]EMOTE: *no key*/(monkey (322)) : <b>The monkey (322)</b> scratches. (97,14,7)
[19:27:15]EMOTE: *no key*/(monkey (521)) : <b>The monkey (521)</b> gasps! (38,6,7)
[19:27:15]EMOTE: *no key*/(monkey (79)) : <b>The monkey (79)</b> scratches. (63,8,7)
[19:27:17]EMOTE: *no key*/(monkey (808)) : <b>The monkey (808)</b> scratches. (84,78,7)
[19:27:17]EMOTE: *no key*/(monkey (416)) : <b>The monkey (416)</b> jumps! (47,65,7)
[19:27:17]EMOTE: *no key*/(monkey (243)) : <b>The monkey (243)</b> gasps! (88,55,7)
[19:27:17]EMOTE: *no key*/(monkey (819)) : <b>The monkey (819)</b> gasps! (102,57,7)
[19:27:17]EMOTE: *no key*/(monkey (442)) : <b>The monkey (442)</b> gasps! (79,49,7)
[19:27:17]EMOTE: *no key*/(monkey (773)) : <b>The monkey (773)</b> gasps! (5,53,7)
[19:27:17]EMOTE: *no key*/(monkey (605)) : <b>The monkey (605)</b> gasps! (93,39,7)
[19:27:18]EMOTE: *no key*/(monkey (357)) : <b>The monkey (357)</b> gasps! (70,30,7)
[19:27:18]EMOTE: *no key*/(monkey (598)) : <b>The monkey (598)</b> gasps! (56,27,7)
[19:27:18]EMOTE: *no key*/(monkey (183)) : <b>The monkey (183)</b> gasps! (4,22,7)
[19:27:19]EMOTE: *no key*/(monkey (614)) : <b>The monkey (614)</b> rolls. (50,81,7)
[19:27:20]EMOTE: *no key*/(monkey (858)) : <b>The monkey (858)</b> scratches. (38,62,7)
[19:27:20]EMOTE: *no key*/(monkey (503)) : <b>The monkey (503)</b> rolls. (23,33,7)
[19:27:20]EMOTE: *no key*/(monkey (324)) : <b>The monkey (324)</b> gasps! (3,26,7)
[19:27:20]EMOTE: *no key*/(monkey (14)) : <b>The monkey (14)</b> gasps! (3,26,7)
[19:27:20]EMOTE: *no key*/(monkey (348)) : <b>The monkey (348)</b> gasps! (48,10,7)
[19:27:20]EMOTE: *no key*/(Pun Pun 15) : <b>Pun Pun 15</b> lets out a faint chimper as it collapses and stops moving... (149,212,2)
[19:27:22]EMOTE: *no key*/(monkey (458)) : <b>The monkey (458)</b> rolls. (104,67,7)
[19:27:22]EMOTE: *no key*/(monkey (243)) : <b>The monkey (243)</b> gasps! (87,55,7)
[19:27:22]EMOTE: *no key*/(monkey (655)) : <b>The monkey (655)</b> gasps! (101,59,7)
[19:27:22]EMOTE: *no key*/(monkey (773)) : <b>The monkey (773)</b> gasps! (5,53,7)
[19:27:22]EMOTE: *no key*/(monkey (929)) : <b>The monkey (929)</b> gasps! (70,41,7)
[19:27:22]EMOTE: *no key*/(monkey (630)) : <b>The monkey (630)</b> gasps! (81,40,7)
[19:27:22]EMOTE: *no key*/(monkey (324)) : <b>The monkey (324)</b> gasps! (3,26,7)
[19:27:22]EMOTE: *no key*/(monkey (708)) : <b>The monkey (708)</b> gasps! (66,29,7)
[19:27:23]ADMIN: Noober84555/(Noober) jumped to Um_BR_Sem_vida/(Hadley Treeby)
[19:27:24]EMOTE: *no key*/(monkey (425)) : <b>The monkey (425)</b> waves her tail. (86,61,7)
[19:27:24]EMOTE: *no key*/(monkey (424)) : <b>The monkey (424)</b> waves his tail. (36,56,7)
[19:27:24]EMOTE: *no key*/(monkey (929)) : <b>The monkey (929)</b> gasps! (70,41,7)
[19:27:24]EMOTE: *no key*/(monkey (31)) : <b>The monkey (31)</b> gasps! (41,33,7)
[19:27:24]EMOTE: *no key*/(monkey (14)) : <b>The monkey (14)</b> gasps! (3,26,7)
[19:27:24]EMOTE: *no key*/(monkey (598)) : <b>The monkey (598)</b> gasps! (56,27,7)
[19:27:25]EMOTE: *no key*/(monkey (720)) : <b>The monkey (720)</b> scratches. (100,11,7)
[19:27:25]EMOTE: *no key*/(monkey (521)) : <b>The monkey (521)</b> gasps! (38,6,7)
[19:27:27]EMOTE: *no key*/(monkey (601)) : <b>The monkey (601)</b> rolls. (38,63,7)
[19:27:27]EMOTE: *no key*/(monkey (243)) : <b>The monkey (243)</b> gasps! (87,55,7)
[19:27:27]EMOTE: *no key*/(monkey (308)) : <b>The monkey (308)</b> gasps! (106,59,7)
[19:27:27]EMOTE: *no key*/(monkey (609)) : <b>The monkey (609)</b> gasps! (91,56,7)
[19:27:27]EMOTE: *no key*/(monkey (31)) : <b>The monkey (31)</b> gasps! (41,33,7)
[19:27:27]EMOTE: *no key*/(monkey (183)) : <b>The monkey (183)</b> gasps! (4,21,7)
[19:27:27]EMOTE: *no key*/(monkey (348)) : <b>The monkey (348)</b> gasps! (48,10,7)
[19:27:27]EMOTE: *no key*/(monkey (406)) : <b>The monkey (406)</b> gasps! (25,5,7)
[19:27:29]EMOTE: *no key*/(monkey (442)) : <b>The monkey (442)</b> gasps! (81,48,7)
[19:27:29]EMOTE: *no key*/(monkey (773)) : <b>The monkey (773)</b> gasps! (5,53,7)
[19:27:29]EMOTE: *no key*/(monkey (630)) : <b>The monkey (630)</b> gasps! (81,40,7)
[19:27:29]EMOTE: *no key*/(monkey (202)) : <b>The monkey (202)</b> gasps! (25,34,7)
[19:27:29]EMOTE: *no key*/(monkey (403)) : <b>The monkey (403)</b> gasps! (61,26,7)
[19:27:29]EMOTE: *no key*/(monkey (524)) : <b>The monkey (524)</b> scratches. (22,19,7)
[19:27:29]EMOTE: *no key*/(monkey (177)) : <b>The monkey (177)</b> gasps! (4,24,7)
[19:27:29]EMOTE: *no key*/(monkey (311)) : <b>The monkey (311)</b> gasps! (50,11,7)
[19:27:31]EMOTE: *no key*/(monkey (428)) : <b>The monkey (428)</b> waves her tail. (70,100,7)
[19:27:31]EMOTE: *no key*/(monkey (273)) : <b>The monkey (273)</b> scratches. (57,71,7)
[19:27:31]EMOTE: *no key*/(monkey (819)) : <b>The monkey (819)</b> gasps! (101,57,7)
[19:27:31]EMOTE: *no key*/(monkey (98)) : <b>The monkey (98)</b> gasps! (80,52,7)
[19:27:31]EMOTE: *no key*/(monkey (773)) : <b>The monkey (773)</b> gasps! (5,53,7)
[19:27:31]ADMIN: Ss13isaids/(Dab Dab) created a /obj/structure/glowshroom
[19:27:31]EMOTE: *no key*/(monkey (929)) : <b>The monkey (929)</b> gasps! (70,41,7)
[19:27:31]EMOTE: *no key*/(monkey (31)) : <b>The monkey (31)</b> gasps! (41,33,7)
[19:27:31]EMOTE: *no key*/(monkey (324)) : <b>The monkey (324)</b> gasps! (3,26,7)
[19:27:31]EMOTE: *no key*/(monkey (14)) : <b>The monkey (14)</b> gasps! (3,26,7)
[19:27:31]EMOTE: *no key*/(monkey (390)) : <b>The monkey (390)</b> gasps! (47,20,7)
[19:27:31]EMOTE: *no key*/(monkey (403)) : <b>The monkey (403)</b> gasps! (61,26,7)
[19:27:31]EMOTE: *no key*/(monkey (177)) : <b>The monkey (177)</b> gasps! (4,24,7)
[19:27:33]EMOTE: *no key*/(monkey (571)) : <b>The monkey (571)</b> waves his tail. (17,95,7)
[19:27:33]EMOTE: *no key*/(monkey (655)) : <b>The monkey (655)</b> gasps! (101,58,7)
[19:27:33]EMOTE: *no key*/(monkey (929)) : <b>The monkey (929)</b> gasps! (69,41,7)
[19:27:33]EMOTE: *no key*/(monkey (31)) : <b>The monkey (31)</b> gasps! (41,33,7)
[19:27:33]EMOTE: *no key*/(monkey (788)) : <b>The monkey (788)</b> waves his tail. (99,29,7)
[19:27:33]EMOTE: *no key*/(monkey (995)) : <b>The monkey (995)</b> scratches. (82,28,7)
[19:27:33]EMOTE: *no key*/(monkey (177)) : <b>The monkey (177)</b> gasps! (4,24,7)
[19:27:34]EMOTE: *no key*/(monkey (988)) : <b>The monkey (988)</b> gasps! (5,15,7)
[19:27:34]EMOTE: *no key*/(monkey (117)) : <b>The monkey (117)</b> jumps! (24,10,7)
[19:27:34]EMOTE: *no key*/(monkey (406)) : <b>The monkey (406)</b> gasps! (24,5,7)
[19:27:35]EMOTE: *no key*/(monkey (428)) : <b>The monkey (428)</b> waves her tail. (70,100,7)
[19:27:35]EMOTE: *no key*/(monkey (243)) : <b>The monkey (243)</b> gasps! (87,56,7)
[19:27:36]EMOTE: *no key*/(monkey (14)) : <b>The monkey (14)</b> gasps! (3,26,7)
[19:27:36]EMOTE: *no key*/(monkey (390)) : <b>The monkey (390)</b> gasps! (46,20,7)
[19:27:36]EMOTE: *no key*/(monkey (403)) : <b>The monkey (403)</b> gasps! (61,26,7)
[19:27:36]EMOTE: *no key*/(monkey (177)) : <b>The monkey (177)</b> gasps! (4,24,7)
[19:27:36]EMOTE: *no key*/(monkey (183)) : <b>The monkey (183)</b> gasps! (4,23,7)
[19:27:36]EMOTE: *no key*/(monkey (348)) : <b>The monkey (348)</b> gasps! (48,9,7)
[19:27:37]EMOTE: *no key*/(monkey (929)) : <b>The monkey (929)</b> gasps! (69,41,7)
[19:27:38]EMOTE: *no key*/(monkey (938)) : <b>The monkey (938)</b> gasps! (102,42,7)
[19:27:38]EMOTE: *no key*/(monkey (31)) : <b>The monkey (31)</b> gasps! (41,33,7)
[19:27:38]EMOTE: *no key*/(monkey (708)) : <b>The monkey (708)</b> gasps! (66,29,7)
[19:27:38]EMOTE: *no key*/(monkey (348)) : <b>The monkey (348)</b> gasps! (48,9,7)
[19:27:38]EMOTE: *no key*/(monkey (406)) : <b>The monkey (406)</b> gasps! (24,4,7)
[19:27:38]SAY: Persephone/ : Purr! (169,136,2)
[19:27:38]ADMIN: Ss13isaids/(Dab Dab) created a /obj/structure/glowshroom
[19:27:38]EMOTE: *no key*/(Poly) : <b>Poly</b> looks in the Power-ON cartridge's direction and takes flight. (80,190,2)
[19:27:38]ADMIN: Ss13isaids/(Dab Dab) created a /obj/structure/glowshroom
[19:27:39]ADMIN: Ss13isaids/(Dab Dab) created a /obj/structure/glowshroom
[19:27:39]EMOTE: *no key*/(monkey (243)) : <b>The monkey (243)</b> gasps! (87,56,7)
[19:27:40]EMOTE: *no key*/(monkey (630)) : <b>The monkey (630)</b> gasps! (81,40,7)
[19:27:40]EMOTE: *no key*/(monkey (287)) : <b>The monkey (287)</b> gasps! (38,8,7)
[19:27:40]EMOTE: *no key*/(monkey (521)) : <b>The monkey (521)</b> gasps! (38,6,7)
[19:27:41]EMOTE: *no key*/(monkey (162)) : <b>The monkey (162)</b> jumps! (85,84,7)
[19:27:41]EMOTE: *no key*/(monkey (31)) : <b>The monkey (31)</b> gasps! (41,33,7)
[19:27:41]EMOTE: *no key*/(monkey (778)) : <b>The monkey (778)</b> waves his tail. (26,26,7)
[19:27:41]EMOTE: *no key*/(monkey (357)) : <b>The monkey (357)</b> gasps! (70,31,7)
[19:27:41]ADMIN: Ss13isaids/(Dab Dab) created a /obj/structure/glowshroom
[19:27:41]EMOTE: *no key*/(monkey (390)) : <b>The monkey (390)</b> gasps! (47,20,7)
[19:27:41]EMOTE: *no key*/(monkey (177)) : <b>The monkey (177)</b> gasps! (4,24,7)
[19:27:41]EMOTE: *no key*/(monkey (287)) : <b>The monkey (287)</b> gasps! (38,8,7)
[19:27:41]EMOTE: *no key*/(monkey (406)) : <b>The monkey (406)</b> gasps! (25,4,7)
[19:27:42]EMOTE: *no key*/(monkey (521)) : <b>The monkey (521)</b> gasps! (38,6,7)
[19:27:42]EMOTE: *no key*/(monkey (311)) : <b>The monkey (311)</b> gasps! (49,12,7)
[19:27:43]EMOTE: *no key*/(monkey (626)) : <b>The monkey (626)</b> scratches. (62,103,7)
[19:27:43]ADMIN: Ss13isaids/(Dab Dab) created a /obj/structure/glowshroom
[19:27:43]EMOTE: *no key*/(monkey (614)) : <b>The monkey (614)</b> waves his tail. (50,83,7)
[19:27:43]EMOTE: *no key*/(monkey (607)) : <b>The monkey (607)</b> jumps! (91,67,7)
[19:27:43]EMOTE: *no key*/(monkey (494)) : <b>The monkey (494)</b> scratches. (36,48,7)
[19:27:43]EMOTE: *no key*/(monkey (609)) : <b>The monkey (609)</b> gasps! (93,56,7)
[19:27:44]EMOTE: *no key*/(monkey (630)) : <b>The monkey (630)</b> gasps! (81,40,7)
[19:27:44]EMOTE: *no key*/(monkey (31)) : <b>The monkey (31)</b> gasps! (41,33,7)
[19:27:44]EMOTE: *no key*/(monkey (324)) : <b>The monkey (324)</b> gasps! (3,26,7)
[19:27:44]EMOTE: *no key*/(monkey (14)) : <b>The monkey (14)</b> gasps! (3,26,7)
[19:27:44]EMOTE: *no key*/(monkey (357)) : <b>The monkey (357)</b> gasps! (70,31,7)
[19:27:44]EMOTE: *no key*/(monkey (287)) : <b>The monkey (287)</b> gasps! (38,8,7)
[19:27:44]EMOTE: *no key*/(monkey (183)) : <b>The monkey (183)</b> gasps! (4,23,7)
[19:27:44]EMOTE: *no key*/(monkey (988)) : <b>The monkey (988)</b> gasps! (5,15,7)
[19:27:46]EMOTE: *no key*/(monkey (308)) : <b>The monkey (308)</b> gasps! (105,59,7)
[19:27:46]EMOTE: *no key*/(monkey (655)) : <b>The monkey (655)</b> gasps! (101,59,7)
[19:27:46]EMOTE: *no key*/(monkey (494)) : <b>The monkey (494)</b> rolls. (36,49,7)
[19:27:46]EMOTE: *no key*/(monkey (938)) : <b>The monkey (938)</b> gasps! (102,41,7)
[19:27:46]EMOTE: *no key*/(monkey (202)) : <b>The monkey (202)</b> gasps! (27,34,7)
[19:27:46]GAME: A chemical smoke reaction has taken place in (Hydroponics | 124, 204)[ Plant-B-Gone ]. No associated key.
[19:27:46]GAME: A grenade detonated at Hydroponics (124,204,2)
[19:27:46]EMOTE: *no key*/(monkey (708)) : <b>The monkey (708)</b> gasps! (66,29,7)
[19:27:46]EMOTE: *no key*/(monkey (403)) : <b>The monkey (403)</b> gasps! (61,26,7)
[19:27:46]EMOTE: *no key*/(monkey (183)) : <b>The monkey (183)</b> gasps! (4,23,7)
[19:27:46]EMOTE: *no key*/(monkey (348)) : <b>The monkey (348)</b> gasps! (48,9,7)
[19:27:48]EMOTE: *no key*/(monkey (504)) : <b>The monkey (504)</b> jumps! (52,86,7)
[19:27:48]EMOTE: *no key*/(monkey (655)) : <b>The monkey (655)</b> gasps! (101,59,7)
[19:27:48]EMOTE: *no key*/(monkey (773)) : <b>The monkey (773)</b> gasps! (5,53,7)
[19:27:48]EMOTE: *no key*/(monkey (605)) : <b>The monkey (605)</b> gasps! (93,40,7)
[19:27:48]EMOTE: *no key*/(monkey (406)) : <b>The monkey (406)</b> gasps! (26,4,7)
[19:27:48]EMOTE: *no key*/(monkey (521)) : <b>The monkey (521)</b> gasps! (38,6,7)
[19:27:50]EMOTE: *no key*/(monkey (243)) : <b>The monkey (243)</b> gasps! (88,56,7)
[19:27:50]EMOTE: *no key*/(monkey (442)) : <b>The monkey (442)</b> gasps! (81,48,7)
[19:27:50]EMOTE: *no key*/(monkey (202)) : <b>The monkey (202)</b> gasps! (27,34,7)
[19:27:50]EMOTE: *no key*/(monkey (31)) : <b>The monkey (31)</b> gasps! (41,33,7)
[19:27:50]EMOTE: *no key*/(monkey (708)) : <b>The monkey (708)</b> gasps! (66,29,7)
[19:27:50]EMOTE: *no key*/(monkey (154)) : <b>The monkey (154)</b> jumps! (29,21,7)
[19:27:50]EMOTE: *no key*/(monkey (403)) : <b>The monkey (403)</b> gasps! (61,26,7)
[19:27:50]EMOTE: *no key*/(monkey (406)) : <b>The monkey (406)</b> gasps! (26,4,7)
[19:27:52]EMOTE: *no key*/(monkey (424)) : <b>The monkey (424)</b> scratches. (35,57,7)
[19:27:52]EMOTE: *no key*/(monkey (938)) : <b>The monkey (938)</b> gasps! (101,41,7)
[19:27:52]EMOTE: *no key*/(monkey (287)) : <b>The monkey (287)</b> gasps! (38,8,7)
[19:27:52]EMOTE: *no key*/(monkey (348)) : <b>The monkey (348)</b> gasps! (48,8,7)
[19:27:52]EMOTE: *no key*/(monkey (406)) : <b>The monkey (406)</b> gasps! (26,4,7)
[19:27:53]SAY: emergency medibot/ : What kind of medbay is this? Everyone&#39;s dropping like flies. (222,84,1)
[19:27:54]EMOTE: *no key*/(monkey (655)) : <b>The monkey (655)</b> gasps! (102,59,7)
[19:27:55]EMOTE: *no key*/(monkey (503)) : <b>The monkey (503)</b> gasps! (22,36,7)
[19:27:55]EMOTE: *no key*/(monkey (202)) : <b>The monkey (202)</b> gasps! (27,34,7)
[19:27:55]EMOTE: *no key*/(monkey (31)) : <b>The monkey (31)</b> gasps! (41,33,7)
[19:27:55]EMOTE: *no key*/(monkey (390)) : <b>The monkey (390)</b> gasps! (47,21,7)
[19:27:55]EMOTE: *no key*/(monkey (177)) : <b>The monkey (177)</b> gasps! (4,24,7)
[19:27:55]EMOTE: *no key*/(monkey (406)) : <b>The monkey (406)</b> gasps! (26,4,7)
[19:27:55]SAY: Poly/ : Wait Hanry Smith! I want to help! (80,190,2)
[19:27:56]GAME: Explosion with size (0, 0, 0, 1) in area Primary Tool Storage (118,193,2)
[19:27:57]EMOTE: *no key*/(monkey (184)) : <b>The monkey (184)</b> jumps! (43,76,7)
[19:27:57]EMOTE: *no key*/(monkey (607)) : <b>The monkey (607)</b> rolls. (91,67,7)
[19:27:57]EMOTE: *no key*/(monkey (243)) : <b>The monkey (243)</b> gasps! (88,56,7)
[19:27:57]EMOTE: *no key*/(monkey (442)) : <b>The monkey (442)</b> gasps! (81,48,7)
[19:27:57]EMOTE: *no key*/(monkey (773)) : <b>The monkey (773)</b> gasps! (5,53,7)
[19:27:57]EMOTE: *no key*/(monkey (503)) : <b>The monkey (503)</b> gasps! (22,36,7)
[19:27:57]EMOTE: *no key*/(monkey (31)) : <b>The monkey (31)</b> gasps! (41,33,7)
[19:27:57]EMOTE: *no key*/(monkey (324)) : <b>The monkey (324)</b> gasps! (3,26,7)
[19:27:57]EMOTE: *no key*/(monkey (14)) : <b>The monkey (14)</b> gasps! (3,26,7)
[19:27:57]EMOTE: *no key*/(monkey (154)) : <b>The monkey (154)</b> rolls. (29,22,7)
[19:27:57]EMOTE: *no key*/(monkey (988)) : <b>The monkey (988)</b> gasps! (5,15,7)
[19:27:57]EMOTE: *no key*/(monkey (406)) : <b>The monkey (406)</b> gasps! (25,4,7)
[19:27:59]EMOTE: *no key*/(monkey (503)) : <b>The monkey (503)</b> gasps! (22,36,7)
[19:27:59]EMOTE: *no key*/(monkey (14)) : <b>The monkey (14)</b> gasps! (3,26,7)
[19:27:59]EMOTE: *no key*/(monkey (708)) : <b>The monkey (708)</b> gasps! (66,29,7)
[19:27:59]EMOTE: *no key*/(monkey (390)) : <b>The monkey (390)</b> gasps! (47,21,7)
[19:27:59]EMOTE: *no key*/(monkey (521)) : <b>The monkey (521)</b> gasps! (38,6,7)
[19:28:01]EMOTE: *no key*/(monkey (819)) : <b>The monkey (819)</b> gasps! (102,58,7)
[19:28:01]EMOTE: *no key*/(monkey (135)) : <b>The monkey (135)</b> waves her tail. (64,43,7)
[19:28:01]EMOTE: *no key*/(monkey (938)) : <b>The monkey (938)</b> gasps! (101,41,7)
[19:28:01]EMOTE: *no key*/(monkey (312)) : <b>The monkey (312)</b> jumps! (22,30,7)
[19:28:01]EMOTE: *no key*/(monkey (177)) : <b>The monkey (177)</b> gasps! (4,24,7)
[19:28:01]EMOTE: *no key*/(monkey (978)) : <b>The monkey (978)</b> gasps! (36,9,7)
[19:28:01]EMOTE: *no key*/(monkey (988)) : <b>The monkey (988)</b> gasps! (5,15,7)
[19:28:01]EMOTE: *no key*/(monkey (163)) : <b>The monkey (163)</b> scratches. (107,10,7)
[19:28:01]EMOTE: *no key*/(monkey (972)) : <b>The monkey (972)</b> jumps! (60,6,7)
[19:28:08]EMOTE: *no key*/(monkey (442)) : <b>The monkey (442)</b> gasps! (81,48,7)
[19:28:08]EMOTE: *no key*/(monkey (609)) : <b>The monkey (609)</b> gasps! (93,55,7)
[19:28:08]EMOTE: *no key*/(monkey (929)) : <b>The monkey (929)</b> gasps! (70,41,7)
[19:28:08]EMOTE: *no key*/(monkey (843)) : <b>The monkey (843)</b> gasps! (101,42,7)
[19:28:08]EMOTE: *no key*/(monkey (202)) : <b>The monkey (202)</b> gasps! (27,34,7)
[19:28:08]EMOTE: *no key*/(monkey (31)) : <b>The monkey (31)</b> gasps! (41,33,7)
[19:28:08]EMOTE: *no key*/(monkey (14)) : <b>The monkey (14)</b> gasps! (3,26,7)
[19:28:08]EMOTE: *no key*/(monkey (211)) : <b>The monkey (211)</b> scratches. (65,20,7)
[19:28:08]EMOTE: *no key*/(monkey (988)) : <b>The monkey (988)</b> gasps! (5,15,7)
[19:28:08]EMOTE: *no key*/(monkey (87)) : <b>The monkey (87)</b> waves her tail. (71,14,7)
[19:28:10]EMOTE: *no key*/(monkey (243)) : <b>The monkey (243)</b> gasps! (88,56,7)
[19:28:10]EMOTE: *no key*/(monkey (442)) : <b>The monkey (442)</b> gasps! (81,48,7)
[19:28:10]EMOTE: *no key*/(monkey (630)) : <b>The monkey (630)</b> gasps! (81,40,7)
[19:28:10]EMOTE: *no key*/(monkey (938)) : <b>The monkey (938)</b> gasps! (101,40,7)
[19:28:10]EMOTE: *no key*/(monkey (403)) : <b>The monkey (403)</b> gasps! (61,26,7)
[19:28:10]EMOTE: *no key*/(monkey (634)) : <b>The monkey (634)</b> jumps! (201,21,2)
[19:28:12]EMOTE: *no key*/(monkey (774)) : <b>The monkey (774)</b> waves his tail. (88,79,7)
[19:28:12]EMOTE: *no key*/(monkey (243)) : <b>The monkey (243)</b> gasps! (88,56,7)
[19:28:12]EMOTE: *no key*/(monkey (442)) : <b>The monkey (442)</b> gasps! (81,48,7)
[19:28:12]EMOTE: *no key*/(monkey (609)) : <b>The monkey (609)</b> gasps! (93,55,7)
[19:28:14]EMOTE: *no key*/(monkey (101)) : <b>The monkey (101)</b> rolls. (52,90,7)
[19:28:14]EMOTE: *no key*/(monkey (819)) : <b>The monkey (819)</b> gasps! (102,57,7)
[19:28:14]EMOTE: *no key*/(monkey (655)) : <b>The monkey (655)</b> gasps! (103,57,7)
[19:28:14]EMOTE: *no key*/(monkey (558)) : <b>The monkey (558)</b> waves her tail. (106,52,7)
[19:28:14]EMOTE: *no key*/(monkey (929)) : <b>The monkey (929)</b> gasps! (70,41,7)
[19:28:14]EMOTE: *no key*/(monkey (605)) : <b>The monkey (605)</b> gasps! (95,41,7)
[19:28:14]EMOTE: *no key*/(monkey (630)) : <b>The monkey (630)</b> gasps! (81,40,7)
[19:28:14]EMOTE: *no key*/(monkey (202)) : <b>The monkey (202)</b> gasps! (27,34,7)
[19:28:14]EMOTE: *no key*/(monkey (464)) : <b>The monkey (464)</b> waves her tail. (85,26,7)
[19:28:14]EMOTE: *no key*/(monkey (598)) : <b>The monkey (598)</b> gasps! (56,27,7)
[19:28:14]EMOTE: *no key*/(monkey (978)) : <b>The monkey (978)</b> waves his tail. (36,9,7)
[19:28:14]EMOTE: *no key*/(monkey (348)) : <b>The monkey (348)</b> gasps! (48,8,7)
[19:28:16]EMOTE: *no key*/(monkey (877)) : <b>The monkey (877)</b> scratches. (77,77,7)
[19:28:16]EMOTE: *no key*/(monkey (308)) : <b>The monkey (308)</b> gasps! (105,59,7)
[19:28:16]EMOTE: *no key*/(monkey (938)) : <b>The monkey (938)</b> gasps! (101,41,7)
[19:28:16]EMOTE: *no key*/(monkey (836)) : <b>The monkey (836)</b> waves her tail. (28,28,7)
[19:28:16]EMOTE: *no key*/(monkey (322)) : <b>The monkey (322)</b> waves her tail. (94,14,7)
[19:28:16]EMOTE: *no key*/(monkey (406)) : <b>The monkey (406)</b> gasps! (25,3,7)
[19:28:16]EMOTE: *no key*/(Persephone) : <b>Persephone</b> crouches on its hind legs. (169,136,2)
[19:28:16]EMOTE: *no key*/(grey baby slime (168)) : <b>The grey baby slime (168)</b> jiggles! (112,163,2)
[19:28:18]EMOTE: *no key*/(monkey (571)) : <b>The monkey (571)</b> rolls. (17,95,7)
[19:28:18]EMOTE: *no key*/(monkey (752)) : <b>The monkey (752)</b> rolls. (76,86,7)
[19:28:18]EMOTE: *no key*/(monkey (927)) : <b>The monkey (927)</b> jumps! (60,82,7)
[19:28:18]EMOTE: *no key*/(monkey (812)) : <b>The monkey (812)</b> waves her tail. (26,54,7)
[19:28:18]EMOTE: *no key*/(monkey (362)) : <b>The monkey (362)</b> gasps! (70,44,7)
[19:28:18]EMOTE: *no key*/(monkey (605)) : <b>The monkey (605)</b> gasps! (95,41,7)
[19:28:18]EMOTE: *no key*/(monkey (481)) : <b>The monkey (481)</b> gasps! (52,37,7)
[19:28:18]EMOTE: *no key*/(monkey (31)) : <b>The monkey (31)</b> gasps! (41,33,7)
[19:28:18]EMOTE: *no key*/(monkey (14)) : <b>The monkey (14)</b> gasps! (3,26,7)
[19:28:18]EMOTE: *no key*/(monkey (357)) : <b>The monkey (357)</b> gasps! (69,32,7)
[19:28:18]EMOTE: *no key*/(monkey (708)) : <b>The monkey (708)</b> gasps! (66,29,7)
[19:28:18]EMOTE: *no key*/(monkey (988)) : <b>The monkey (988)</b> gasps! (5,15,7)
[19:28:18]EMOTE: *no key*/(monkey (348)) : <b>The monkey (348)</b> gasps! (48,8,7)
[19:28:19]EMOTE: *no key*/(Persephone) : <b>Persephone</b> lies down. (169,136,2)
[19:28:20]EMOTE: *no key*/(monkey (826)) : <b>The monkey (826)</b> waves his tail. (48,88,7)
[19:28:21]EMOTE: *no key*/(monkey (819)) : <b>The monkey (819)</b> gasps! (102,58,7)
[19:28:21]EMOTE: *no key*/(monkey (605)) : <b>The monkey (605)</b> gasps! (96,41,7)
[19:28:21]EMOTE: *no key*/(monkey (202)) : <b>The monkey (202)</b> gasps! (27,34,7)
[19:28:21]EMOTE: *no key*/(monkey (357)) : <b>The monkey (357)</b> gasps! (69,32,7)
[19:28:21]EMOTE: *no key*/(monkey (403)) : <b>The monkey (403)</b> gasps! (61,26,7)
[19:28:21]EMOTE: *no key*/(monkey (183)) : <b>The monkey (183)</b> gasps! (4,23,7)
[19:28:21]EMOTE: *no key*/(monkey (311)) : <b>The monkey (311)</b> gasps! (48,14,7)
[19:28:21]EMOTE: *no key*/(monkey (925)) : <b>The monkey (925)</b> scratches. (187,119,2)
[19:28:23]EMOTE: *no key*/(monkey (458)) : <b>The monkey (458)</b> waves his tail. (102,66,7)
[19:28:23]EMOTE: *no key*/(monkey (605)) : <b>The monkey (605)</b> jumps! (96,41,7)
[19:28:23]EMOTE: *no key*/(monkey (481)) : <b>The monkey (481)</b> gasps! (52,37,7)
[19:28:23]EMOTE: *no key*/(monkey (177)) : <b>The monkey (177)</b> gasps! (4,24,7)
[19:28:23]EMOTE: *no key*/(monkey (978)) : <b>The monkey (978)</b> gasps! (36,9,7)
[19:28:23]EMOTE: *no key*/(monkey (418)) : <b>The monkey (418)</b> rolls. (109,14,7)
[19:28:23]EMOTE: *no key*/(monkey (348)) : <b>The monkey (348)</b> gasps! (48,8,7)
[19:28:23]EMOTE: *no key*/(monkey (144)) : <b>The monkey (144)</b> gasps! (46,3,7)
[19:28:24]SAY: Medibot/ : What kind of medbay is this? Everyone&#39;s dropping like flies. (155,73,1)
[19:28:25]EMOTE: *no key*/(monkey (938)) : <b>The monkey (938)</b> gasps! (100,41,7)
[19:28:25]EMOTE: *no key*/(monkey (720)) : <b>The monkey (720)</b> jumps! (101,13,7)
[19:28:26]EMOTE: *no key*/(monkey (489)) : <b>The monkey (489)</b> waves his tail. (68,95,7)
[19:28:26]EMOTE: *no key*/(monkey (686)) : <b>The monkey (686)</b> jumps! (99,73,7)
[19:28:27]EMOTE: *no key*/(monkey (655)) : <b>The monkey (655)</b> scratches. (102,56,7)
[19:28:27]EMOTE: *no key*/(monkey (929)) : <b>The monkey (929)</b> gasps! (70,41,7)
[19:28:27]EMOTE: *no key*/(monkey (362)) : <b>The monkey (362)</b> gasps! (70,43,7)
[19:28:27]EMOTE: *no key*/(monkey (202)) : <b>The monkey (202)</b> gasps! (27,34,7)
[19:28:27]EMOTE: *no key*/(monkey (708)) : <b>The monkey (708)</b> gasps! (66,29,7)
[19:28:27]EMOTE: *no key*/(monkey (403)) : <b>The monkey (403)</b> gasps! (61,26,7)
[19:28:27]EMOTE: *no key*/(monkey (836)) : <b>The monkey (836)</b> waves her tail. (28,27,7)
[19:28:27]EMOTE: *no key*/(monkey (177)) : <b>The monkey (177)</b> gasps! (4,24,7)
[19:28:27]EMOTE: *no key*/(monkey (988)) : <b>The monkey (988)</b> gasps! (5,15,7)
[19:28:27]EMOTE: *no key*/(monkey (348)) : <b>The monkey (348)</b> gasps! (48,8,7)
[19:28:28]SAY: mouse/ : Squeek! (198,226,2)
[19:28:28]EMOTE: *no key*/(monkey (362)) : <b>The monkey (362)</b> gasps! (70,42,7)
[19:28:28]EMOTE: *no key*/(monkey (503)) : <b>The monkey (503)</b> gasps! (21,39,7)
[19:28:29]EMOTE: *no key*/(monkey (324)) : <b>The monkey (324)</b> gasps! (3,26,7)
[19:28:29]EMOTE: *no key*/(monkey (598)) : <b>The monkey (598)</b> gasps! (56,27,7)
[19:28:29]EMOTE: *no key*/(monkey (978)) : <b>The monkey (978)</b> gasps! (36,9,7)
[19:28:29]EMOTE: *no key*/(monkey (348)) : <b>The monkey (348)</b> gasps! (48,8,7)
[19:28:29]EMOTE: *no key*/(monkey (521)) : <b>The monkey (521)</b> gasps! (38,6,7)
[19:28:29]EMOTE: *no key*/(monkey (206)) : <b>The monkey (206)</b> waves his tail. (203,21,2)
[19:28:30]EMOTE: *no key*/(monkey (739)) : <b>The monkey (739)</b> waves her tail. (58,82,7)
[19:28:30]EMOTE: *no key*/(monkey (877)) : <b>The monkey (877)</b> scratches. (78,77,7)
[19:28:30]EMOTE: *no key*/(monkey (417)) : <b>The monkey (417)</b> jumps! (71,84,7)
[19:28:30]EMOTE: *no key*/(monkey (535)) : <b>The monkey (535)</b> waves her tail. (49,72,7)
[19:28:30]EMOTE: *no key*/(monkey (243)) : <b>The monkey (243)</b> gasps! (88,56,7)
[19:28:30]EMOTE: *no key*/(monkey (308)) : <b>The monkey (308)</b> gasps! (106,58,7)
[19:28:31]EMOTE: *no key*/(monkey (609)) : <b>The monkey (609)</b> gasps! (93,55,7)
[19:28:31]EMOTE: *no key*/(monkey (362)) : <b>The monkey (362)</b> gasps! (70,42,7)
[19:28:31]EMOTE: *no key*/(monkey (843)) : <b>The monkey (843)</b> gasps! (101,41,7)
[19:28:31]EMOTE: *no key*/(monkey (324)) : <b>The monkey (324)</b> gasps! (3,26,7)
[19:28:31]EMOTE: *no key*/(monkey (708)) : <b>The monkey (708)</b> gasps! (66,29,7)
[19:28:31]EMOTE: *no key*/(monkey (348)) : <b>The monkey (348)</b> gasps! (48,8,7)
[19:28:31]EMOTE: *no key*/(monkey (521)) : <b>The monkey (521)</b> gasps! (38,6,7)
[19:28:32]EMOTE: *no key*/(monkey (738)) : <b>The monkey (738)</b> waves his tail. (62,102,7)
[19:28:32]EMOTE: *no key*/(monkey (975)) : <b>The monkey (975)</b> waves his tail. (58,97,7)
[19:28:32]EMOTE: *no key*/(monkey (961)) : <b>The monkey (961)</b> jumps! (58,91,7)
[19:28:33]EMOTE: *no key*/(monkey (929)) : <b>The monkey (929)</b> gasps! (70,41,7)
[19:28:33]EMOTE: *no key*/(monkey (605)) : <b>The monkey (605)</b> gasps! (96,41,7)
[19:28:33]EMOTE: *no key*/(monkey (843)) : <b>The monkey (843)</b> gasps! (101,41,7)
[19:28:33]EMOTE: *no key*/(monkey (708)) : <b>The monkey (708)</b> gasps! (66,29,7)
[19:28:33]EMOTE: *no key*/(monkey (978)) : <b>The monkey (978)</b> gasps! (36,9,7)
[19:28:34]SAY: Poly/ : Don&#39;t believe the reports - smoke today! (80,190,2)
[19:28:34]EMOTE: *no key*/(monkey (481)) : <b>The monkey (481)</b> gasps! (51,35,7)
[19:28:34]EMOTE: *no key*/(monkey (503)) : <b>The monkey (503)</b> gasps! (22,39,7)
[19:28:34]EMOTE: *no key*/(monkey (31)) : <b>The monkey (31)</b> gasps! (41,33,7)
[19:28:35]EMOTE: *no key*/(monkey (324)) : <b>The monkey (324)</b> gasps! (3,26,7)
[19:28:35]EMOTE: *no key*/(monkey (708)) : <b>The monkey (708)</b> gasps! (66,29,7)
[19:28:35]EMOTE: *no key*/(monkey (988)) : <b>The monkey (988)</b> gasps! (5,15,7)
[19:28:35]EMOTE: *no key*/(monkey (311)) : <b>The monkey (311)</b> gasps! (49,14,7)
[19:28:35]EMOTE: *no key*/(monkey (311)) : <b>The monkey (311)</b> jumps! (49,15,7)
[19:28:36]EMOTE: *no key*/(monkey (938)) : <b>The monkey (938)</b> jumps! (100,99,7)
[19:28:36]EMOTE: *no key*/(pug) : <b>Swanson</b> woofs! (107,143,2)
[19:28:36]EMOTE: *no key*/(monkey (808)) : <b>The monkey (808)</b> jumps! (84,81,7)
[19:28:36]EMOTE: *no key*/(monkey (243)) : <b>The monkey (243)</b> gasps! (88,56,7)
[19:28:36]EMOTE: *no key*/(monkey (819)) : <b>The monkey (819)</b> gasps! (103,59,7)
[19:28:37]EMOTE: *no key*/(monkey (609)) : <b>The monkey (609)</b> gasps! (94,55,7)
[19:28:37]EMOTE: *no key*/(monkey (362)) : <b>The monkey (362)</b> gasps! (70,43,7)
[19:28:37]EMOTE: *no key*/(monkey (31)) : <b>The monkey (31)</b> gasps! (41,33,7)
[19:28:37]EMOTE: *no key*/(monkey (324)) : <b>The monkey (324)</b> gasps! (3,26,7)
[19:28:37]EMOTE: *no key*/(monkey (196)) : <b>The monkey (196)</b> rolls. (23,21,7)
[19:28:37]EMOTE: *no key*/(monkey (311)) : <b>The monkey (311)</b> gasps! (49,15,7)
[19:28:37]EMOTE: *no key*/(monkey (51)) : <b>The monkey (51)</b> scratches. (160,140,2)
[19:28:39]EMOTE: *no key*/(monkey (98)) : <b>The monkey (98)</b> scratches. (79,55,7)
[19:28:39]EMOTE: *no key*/(monkey (609)) : <b>The monkey (609)</b> gasps! (94,55,7)
[19:28:39]EMOTE: *no key*/(monkey (929)) : <b>The monkey (929)</b> gasps! (70,41,7)
[19:28:39]EMOTE: *no key*/(monkey (362)) : <b>The monkey (362)</b> gasps! (70,43,7)
[19:28:39]EMOTE: *no key*/(monkey (605)) : <b>The monkey (605)</b> gasps! (96,43,7)
[19:28:39]EMOTE: *no key*/(monkey (630)) : <b>The monkey (630)</b> gasps! (81,40,7)
[19:28:39]EMOTE: *no key*/(monkey (299)) : <b>The monkey (299)</b> rolls. (50,41,7)
[19:28:39]EMOTE: *no key*/(monkey (202)) : <b>The monkey (202)</b> gasps! (27,34,7)
[19:28:39]EMOTE: *no key*/(monkey (14)) : <b>The monkey (14)</b> gasps! (3,26,7)
[19:28:39]EMOTE: *no key*/(monkey (708)) : <b>The monkey (708)</b> gasps! (66,29,7)
[19:28:39]EMOTE: *no key*/(monkey (988)) : <b>The monkey (988)</b> gasps! (5,15,7)
[19:28:41]EMOTE: *no key*/(monkey (975)) : <b>The monkey (975)</b> scratches. (58,98,7)
[19:28:41]EMOTE: *no key*/(monkey (691)) : <b>The monkey (691)</b> waves his tail. (13,92,7)
[19:28:41]EMOTE: *no key*/(monkey (243)) : <b>The monkey (243)</b> gasps! (88,56,7)
[19:28:41]EMOTE: *no key*/(monkey (819)) : <b>The monkey (819)</b> gasps! (103,60,7)
[19:28:41]EMOTE: *no key*/(monkey (819)) : <b>The monkey (819)</b> scratches. (103,59,7)
[19:28:41]EMOTE: *no key*/(monkey (442)) : <b>The monkey (442)</b> gasps! (81,48,7)
[19:28:41]EMOTE: *no key*/(monkey (605)) : <b>The monkey (605)</b> gasps! (96,43,7)
[19:28:41]EMOTE: *no key*/(monkey (390)) : <b>The monkey (390)</b> gasps! (47,21,7)
[19:28:41]EMOTE: *no key*/(monkey (978)) : <b>The monkey (978)</b> gasps! (36,8,7)
[19:28:41]EMOTE: *no key*/(monkey (183)) : <b>The monkey (183)</b> gasps! (4,23,7)
[19:28:43]EMOTE: *no key*/(monkey (489)) : <b>The monkey (489)</b> jumps! (79,92,7)
[19:28:43]EMOTE: *no key*/(monkey (330)) : <b>The monkey (330)</b> scratches. (44,79,7)
[19:28:43]EMOTE: *no key*/(monkey (308)) : <b>The monkey (308)</b> gasps! (106,57,7)
[19:28:43]EMOTE: *no key*/(monkey (843)) : <b>The monkey (843)</b> gasps! (102,41,7)
[19:28:43]EMOTE: *no key*/(monkey (390)) : <b>The monkey (390)</b> gasps! (47,21,7)
[19:28:43]EMOTE: *no key*/(monkey (988)) : <b>The monkey (988)</b> gasps! (5,15,7)
[19:28:45]EMOTE: *no key*/(monkey (987)) : <b>The monkey (987)</b> scratches. (62,76,7)
[19:28:45]EMOTE: *no key*/(monkey (773)) : <b>The monkey (773)</b> gasps! (5,53,7)
[19:28:45]EMOTE: *no key*/(monkey (929)) : <b>The monkey (929)</b> gasps! (70,41,7)
[19:28:45]EMOTE: *no key*/(monkey (938)) : <b>The monkey (938)</b> gasps! (99,42,7)
[19:28:45]EMOTE: *no key*/(monkey (708)) : <b>The monkey (708)</b> gasps! (66,29,7)
[19:28:46]EMOTE: *no key*/(Poly) : <b>Poly</b> looks in the burn patch's direction and takes flight. (80,190,2)
[19:28:47]EMOTE: *no key*/(monkey (596)) : <b>The monkey (596)</b> jumps! (64,101,7)
[19:28:47]EMOTE: *no key*/(monkey (819)) : <b>The monkey (819)</b> gasps! (103,60,7)
[19:28:47]EMOTE: *no key*/(monkey (630)) : <b>The monkey (630)</b> gasps! (81,40,7)
[19:28:47]EMOTE: *no key*/(monkey (481)) : <b>The monkey (481)</b> gasps! (52,35,7)
[19:28:47]EMOTE: *no key*/(monkey (708)) : <b>The monkey (708)</b> gasps! (66,29,7)
[19:28:48]EMOTE: *no key*/(monkey (978)) : <b>The monkey (978)</b> waves his tail. (36,8,7)
[19:28:48]EMOTE: *no key*/(monkey (406)) : <b>The monkey (406)</b> waves her tail. (25,4,7)
[19:28:48]EMOTE: *no key*/(monkey (144)) : <b>The monkey (144)</b> gasps! (46,5,7)
[19:28:48]EMOTE: *no key*/(monkey (925)) : <b>The monkey (925)</b> scratches. (187,119,2)
[19:28:48]EMOTE: *no key*/(Persephone) : <b>Persephone</b> stops resting. (169,136,2)
[19:28:48]ADMIN: Ss13isaids/(Dab Dab) created a /obj/structure/glowshroom
[19:28:49]EMOTE: *no key*/(monkey (625)) : <b>The monkey (625)</b> waves his tail. (43,84,7)
[19:28:49]EMOTE: *no key*/(monkey (443)) : <b>The monkey (443)</b> rolls. (79,76,7)
[19:28:49]EMOTE: *no key*/(monkey (308)) : <b>The monkey (308)</b> gasps! (106,57,7)
[19:28:49]EMOTE: *no key*/(monkey (442)) : <b>The monkey (442)</b> gasps! (81,48,7)
[19:28:49]EMOTE: *no key*/(monkey (558)) : <b>The monkey (558)</b> rolls. (107,53,7)
[19:28:49]EMOTE: *no key*/(monkey (929)) : <b>The monkey (929)</b> gasps! (70,41,7)
[19:28:49]EMOTE: *no key*/(monkey (202)) : <b>The monkey (202)</b> gasps! (27,34,7)
[19:28:49]EMOTE: *no key*/(monkey (31)) : <b>The monkey (31)</b> gasps! (41,33,7)
[19:28:49]EMOTE: *no key*/(monkey (849)) : <b>The monkey (849)</b> rolls. (18,30,7)
[19:28:50]EMOTE: *no key*/(monkey (348)) : <b>The monkey (348)</b> gasps! (48,8,7)
[19:28:51]EMOTE: *no key*/(monkey (614)) : <b>The monkey (614)</b> rolls. (50,83,7)
[19:28:51]EMOTE: *no key*/(monkey (196)) : <b>The monkey (196)</b> rolls. (22,22,7)
[19:28:51]EMOTE: *no key*/(monkey (177)) : <b>The monkey (177)</b> gasps! (4,24,7)
[19:28:51]EMOTE: *no key*/(monkey (144)) : <b>The monkey (144)</b> gasps! (46,6,7)
[19:28:51]EMOTE: *no key*/(monkey (144)) : <b>The monkey (144)</b> waves his tail. (45,6,7)
[19:28:52]EMOTE: *no key*/(pug) : <b>Swanson</b> shivers. (107,143,2)
[19:28:52]ADMIN: Ss13isaids/(Dab Dab) created a /obj/structure/glowshroom/shadowshroom
[19:28:53]EMOTE: *no key*/(monkey (858)) : <b>The monkey (858)</b> rolls. (37,62,7)
[19:28:53]EMOTE: *no key*/(monkey (938)) : <b>The monkey (938)</b> gasps! (99,41,7)
[19:28:53]EMOTE: *no key*/(monkey (389)) : <b>The monkey (389)</b> rolls. (53,11,7)
[19:28:54]EMOTE: *no key*/(monkey (348)) : <b>The monkey (348)</b> gasps! (48,8,7)
[19:28:54]EMOTE: *no key*/(monkey (634)) : <b>The monkey (634)</b> rolls. (201,21,2)
[19:28:54]ADMIN: Ss13isaids/(Dab Dab) created a /obj/structure/glowshroom/shadowshroom
[19:28:55]EMOTE: *no key*/(monkey (938)) : <b>The monkey (938)</b> waves his tail. (98,99,7)
[19:28:55]EMOTE: *no key*/(monkey (626)) : <b>The monkey (626)</b> jumps! (63,101,7)
[19:28:55]EMOTE: *no key*/(monkey (308)) : <b>The monkey (308)</b> waves her tail. (106,59,7)
[19:28:55]EMOTE: *no key*/(monkey (98)) : <b>The monkey (98)</b> scratches. (79,54,7)
[19:28:55]EMOTE: *no key*/(monkey (442)) : <b>The monkey (442)</b> gasps! (81,48,7)
[19:28:55]EMOTE: *no key*/(monkey (605)) : <b>The monkey (605)</b> gasps! (96,42,7)
[19:28:55]EMOTE: *no key*/(monkey (630)) : <b>The monkey (630)</b> gasps! (81,40,7)
[19:28:55]EMOTE: *no key*/(monkey (15)) : <b>The monkey (15)</b> jumps! (37,49,7)
[19:28:56]EMOTE: *no key*/(monkey (183)) : <b>The monkey (183)</b> gasps! (4,23,7)
[19:28:56]ADMIN: Ss13isaids/(Dab Dab) created a /obj/structure/glowshroom/shadowshroom
[19:28:56]EMOTE: *no key*/(pug) : <b>Swanson</b> barks! (107,143,2)
[19:28:57]EMOTE: *no key*/(monkey (975)) : <b>The monkey (975)</b> scratches. (57,97,7)
[19:28:57]EMOTE: *no key*/(monkey (373)) : <b>The monkey (373)</b> waves her tail. (76,81,7)
[19:28:57]EMOTE: *no key*/(monkey (243)) : <b>The monkey (243)</b> gasps! (88,56,7)
[19:28:58]EMOTE: *no key*/(monkey (308)) : <b>The monkey (308)</b> gasps! (106,59,7)
[19:28:58]EMOTE: *no key*/(monkey (929)) : <b>The monkey (929)</b> gasps! (70,41,7)
[19:28:58]EMOTE: *no key*/(monkey (630)) : <b>The monkey (630)</b> gasps! (81,40,7)
[19:28:58]ACCESS: Logout: Noober84555/(Noober)
[19:28:58]ACCESS: Logout: Deranging/(Nib)
[19:28:59]ACCESS: Logout: Ageum/(Ageum)
[19:28:59]ACCESS: Logout: Ss13isaids/(Dab Dab)
[19:29:00]ACCESS: Logout: Um_BR_Sem_vida/(Hadley Treeby)
[19:29:01]ACCESS: Logout: Urist the Dwarf
