

Starting up round ID . 02:24:32
---------------------
Initialized Blackbox subsystem within 0 seconds!
Initialized Server Tasks subsystem within 0 seconds!
Initialized Events subsystem within 0 seconds!
runtime error: 
[02:24:33]cannot read from list
[02:24:33]proc name: LoadJobs (/datum/controller/subsystem/job/proc/LoadJobs)
[02:24:33]  source file: job.dm,448
[02:24:33]  usr: null
[02:24:33]  src: Jobs (/datum/controller/subsystem/job)
[02:24:33]  call stack:
[02:24:33]Jobs (/datum/controller/subsystem/job): LoadJobs()
[02:24:33]Jobs (/datum/controller/subsystem/job): Initialize(230731)
[02:24:33]Master (/datum/controller/master): Initialize(10, 0)
Initialized Jobs subsystem within 0.1 seconds!
Initialized Ticker subsystem within 0 seconds!
Loading Delta Station...
runtime error: 
[02:25:47]Cannot execute /datum/plant_gene/trait/glow (/datum/plant_gene/trait/glow).glow range().
[02:25:47]proc name: New (/obj/structure/glowshroom/New)
[02:25:47]  source file: glowshroom.dm,63
[02:25:47]  usr: null
[02:25:47]  src: the glowshroom (/obj/structure/glowshroom/single)
[02:25:47]  src.loc: Cave Floor (303,71,2) (/turf/open/floor/plating/asteroid)
[02:25:47]  call stack:
[02:25:47]the glowshroom (/obj/structure/glowshroom/single): New(Cave Floor (303,71,2) (/turf/open/floor/plating/asteroid), null, null)
[02:25:47]/dmm_suite (/dmm_suite): create atom(/obj/structure/glowshroom/sing... (/obj/structure/glowshroom/single), Cave Floor (303,71,2) (/turf/open/floor/plating/asteroid))
[02:25:47]/dmm_suite (/dmm_suite): instance atom(/obj/structure/glowshroom/sing... (/obj/structure/glowshroom/single), /list (/list), Cave Floor (303,71,2) (/turf/open/floor/plating/asteroid), 1)
[02:25:47]/dmm_suite (/dmm_suite): parse grid("/obj/structure/glowshroom/sing...", "eAY", 303, 71, 2, 1)
[02:25:47]/dmm_suite (/dmm_suite): load map impl(_maps/map_files/Deltastation/D..., 1, 1, 2, null, null, 1, -1e+031, 1e+031, -1e+031, 1e+031)
[02:25:47]/dmm_suite (/dmm_suite): load map(_maps/map_files/Deltastation/D..., 0, 0, 2, null, null, 1, null, null, null, null)
[02:25:47]Mapping (/datum/controller/subsystem/mapping): TryLoadZ("_maps/map_files/Deltastation/D...", /list (/list), 2, null)
[02:25:47]Mapping (/datum/controller/subsystem/mapping): loadWorld()
[02:25:47]Mapping (/datum/controller/subsystem/mapping): Initialize(230732)
[02:25:47]Master (/datum/controller/master): Initialize(10, 0)
runtime error: 
[02:25:47]Cannot execute /datum/plant_gene/trait/glow (/datum/plant_gene/trait/glow).glow range().
[02:25:47]proc name: New (/obj/structure/glowshroom/New)
[02:25:47]  source file: glowshroom.dm,63
[02:25:47]  usr: null
[02:25:47]  src: the glowshroom (/obj/structure/glowshroom/single)
[02:25:47]  src.loc: Cave Floor (306,70,2) (/turf/open/floor/plating/asteroid)
[02:25:47]  call stack:
[02:25:47]the glowshroom (/obj/structure/glowshroom/single): New(Cave Floor (306,70,2) (/turf/open/floor/plating/asteroid), null, null)
[02:25:47]/dmm_suite (/dmm_suite): create atom(/obj/structure/glowshroom/sing... (/obj/structure/glowshroom/single), Cave Floor (306,70,2) (/turf/open/floor/plating/asteroid))
[02:25:47]/dmm_suite (/dmm_suite): instance atom(/obj/structure/glowshroom/sing... (/obj/structure/glowshroom/single), /list (/list), Cave Floor (306,70,2) (/turf/open/floor/plating/asteroid), 1)
[02:25:47]/dmm_suite (/dmm_suite): parse grid("/obj/structure/glowshroom/sing...", "eAY", 306, 70, 2, 1)
[02:25:47]/dmm_suite (/dmm_suite): load map impl(_maps/map_files/Deltastation/D..., 1, 1, 2, null, null, 1, -1e+031, 1e+031, -1e+031, 1e+031)
[02:25:47]/dmm_suite (/dmm_suite): load map(_maps/map_files/Deltastation/D..., 0, 0, 2, null, null, 1, null, null, null, null)
[02:25:47]Mapping (/datum/controller/subsystem/mapping): TryLoadZ("_maps/map_files/Deltastation/D...", /list (/list), 2, null)
[02:25:47]Mapping (/datum/controller/subsystem/mapping): loadWorld()
[02:25:47]Mapping (/datum/controller/subsystem/mapping): Initialize(230732)
[02:25:47]Master (/datum/controller/master): Initialize(10, 0)
runtime error: 
[02:25:47]Cannot execute /datum/plant_gene/trait/glow (/datum/plant_gene/trait/glow).glow range().
[02:25:47]proc name: New (/obj/structure/glowshroom/New)
[02:25:47]  source file: glowshroom.dm,63
[02:25:47]  usr: null
[02:25:47]  src: the glowshroom (/obj/structure/glowshroom/single)
[02:25:47]  src.loc: Cave Floor (309,70,2) (/turf/open/floor/plating/asteroid)
[02:25:47]  call stack:
[02:25:47]the glowshroom (/obj/structure/glowshroom/single): New(Cave Floor (309,70,2) (/turf/open/floor/plating/asteroid), null, null)
[02:25:47]/dmm_suite (/dmm_suite): create atom(/obj/structure/glowshroom/sing... (/obj/structure/glowshroom/single), Cave Floor (309,70,2) (/turf/open/floor/plating/asteroid))
[02:25:47]/dmm_suite (/dmm_suite): instance atom(/obj/structure/glowshroom/sing... (/obj/structure/glowshroom/single), /list (/list), Cave Floor (309,70,2) (/turf/open/floor/plating/asteroid), 1)
[02:25:47]/dmm_suite (/dmm_suite): parse grid("/obj/structure/glowshroom/sing...", "eAY", 309, 70, 2, 1)
[02:25:47]/dmm_suite (/dmm_suite): load map impl(_maps/map_files/Deltastation/D..., 1, 1, 2, null, null, 1, -1e+031, 1e+031, -1e+031, 1e+031)
[02:25:47]/dmm_suite (/dmm_suite): load map(_maps/map_files/Deltastation/D..., 0, 0, 2, null, null, 1, null, null, null, null)
[02:25:47]Mapping (/datum/controller/subsystem/mapping): TryLoadZ("_maps/map_files/Deltastation/D...", /list (/list), 2, null)
[02:25:47]Mapping (/datum/controller/subsystem/mapping): loadWorld()
[02:25:47]Mapping (/datum/controller/subsystem/mapping): Initialize(230732)
[02:25:47]Master (/datum/controller/master): Initialize(10, 0)
runtime error: 
[02:25:47]Cannot execute /datum/plant_gene/trait/glow (/datum/plant_gene/trait/glow).glow range().
[02:25:47]proc name: New (/obj/structure/glowshroom/New)
[02:25:47]  source file: glowshroom.dm,63
[02:25:47]  usr: null
[02:25:47]  src: the glowshroom (/obj/structure/glowshroom/single)
[02:25:47]  src.loc: Cave Floor (302,69,2) (/turf/open/floor/plating/asteroid)
[02:25:47]  call stack:
[02:25:47]the glowshroom (/obj/structure/glowshroom/single): New(Cave Floor (302,69,2) (/turf/open/floor/plating/asteroid), null, null)
[02:25:47]/dmm_suite (/dmm_suite): create atom(/obj/structure/glowshroom/sing... (/obj/structure/glowshroom/single), Cave Floor (302,69,2) (/turf/open/floor/plating/asteroid))
[02:25:47]/dmm_suite (/dmm_suite): instance atom(/obj/structure/glowshroom/sing... (/obj/structure/glowshroom/single), /list (/list), Cave Floor (302,69,2) (/turf/open/floor/plating/asteroid), 1)
[02:25:47]/dmm_suite (/dmm_suite): parse grid("/obj/structure/glowshroom/sing...", "eAY", 302, 69, 2, 1)
[02:25:47]/dmm_suite (/dmm_suite): load map impl(_maps/map_files/Deltastation/D..., 1, 1, 2, null, null, 1, -1e+031, 1e+031, -1e+031, 1e+031)
[02:25:47]/dmm_suite (/dmm_suite): load map(_maps/map_files/Deltastation/D..., 0, 0, 2, null, null, 1, null, null, null, null)
[02:25:47]Mapping (/datum/controller/subsystem/mapping): TryLoadZ("_maps/map_files/Deltastation/D...", /list (/list), 2, null)
[02:25:47]Mapping (/datum/controller/subsystem/mapping): loadWorld()
[02:25:47]Mapping (/datum/controller/subsystem/mapping): Initialize(230732)
[02:25:47]Master (/datum/controller/master): Initialize(10, 0)
runtime error: 
[02:25:48]Cannot execute /datum/plant_gene/trait/glow (/datum/plant_gene/trait/glow).glow range().
[02:25:48]proc name: New (/obj/structure/glowshroom/New)
[02:25:48]  source file: glowshroom.dm,63
[02:25:48]  usr: null
[02:25:48]  src: the glowshroom (/obj/structure/glowshroom/single)
[02:25:48]  src.loc: Cave Floor (296,55,2) (/turf/open/floor/plating/asteroid)
[02:25:48]  call stack:
[02:25:48]the glowshroom (/obj/structure/glowshroom/single): New(Cave Floor (296,55,2) (/turf/open/floor/plating/asteroid), null, null)
[02:25:48]/dmm_suite (/dmm_suite): create atom(/obj/structure/glowshroom/sing... (/obj/structure/glowshroom/single), Cave Floor (296,55,2) (/turf/open/floor/plating/asteroid))
[02:25:48]/dmm_suite (/dmm_suite): instance atom(/obj/structure/glowshroom/sing... (/obj/structure/glowshroom/single), /list (/list), Cave Floor (296,55,2) (/turf/open/floor/plating/asteroid), 1)
[02:25:48]/dmm_suite (/dmm_suite): parse grid("/obj/structure/glowshroom/sing...", "eFL", 296, 55, 2, 1)
[02:25:48]/dmm_suite (/dmm_suite): load map impl(_maps/map_files/Deltastation/D..., 1, 1, 2, null, null, 1, -1e+031, 1e+031, -1e+031, 1e+031)
[02:25:48]/dmm_suite (/dmm_suite): load map(_maps/map_files/Deltastation/D..., 0, 0, 2, null, null, 1, null, null, null, null)
[02:25:48]Mapping (/datum/controller/subsystem/mapping): TryLoadZ("_maps/map_files/Deltastation/D...", /list (/list), 2, null)
[02:25:48]Mapping (/datum/controller/subsystem/mapping): loadWorld()
[02:25:48]Mapping (/datum/controller/subsystem/mapping): Initialize(230732)
[02:25:48]Master (/datum/controller/master): Initialize(10, 0)
runtime error: 
[02:25:48]Cannot execute /datum/plant_gene/trait/glow (/datum/plant_gene/trait/glow).glow range().
[02:25:48]proc name: New (/obj/structure/glowshroom/New)
[02:25:48]  source file: glowshroom.dm,63
[02:25:48]  usr: null
[02:25:48]  src: the glowshroom (/obj/structure/glowshroom/single)
[02:25:48]  src.loc: Cave Floor (299,55,2) (/turf/open/floor/plating/asteroid)
[02:25:48]  call stack:
[02:25:48]the glowshroom (/obj/structure/glowshroom/single): New(Cave Floor (299,55,2) (/turf/open/floor/plating/asteroid), null, null)
[02:25:48]/dmm_suite (/dmm_suite): create atom(/obj/structure/glowshroom/sing... (/obj/structure/glowshroom/single), Cave Floor (299,55,2) (/turf/open/floor/plating/asteroid))
[02:25:48]/dmm_suite (/dmm_suite): instance atom(/obj/structure/glowshroom/sing... (/obj/structure/glowshroom/single), /list (/list), Cave Floor (299,55,2) (/turf/open/floor/plating/asteroid), 1)
[02:25:48]/dmm_suite (/dmm_suite): parse grid("/obj/structure/glowshroom/sing...", "eFL", 299, 55, 2, 1)
[02:25:48]/dmm_suite (/dmm_suite): load map impl(_maps/map_files/Deltastation/D..., 1, 1, 2, null, null, 1, -1e+031, 1e+031, -1e+031, 1e+031)
[02:25:48]/dmm_suite (/dmm_suite): load map(_maps/map_files/Deltastation/D..., 0, 0, 2, null, null, 1, null, null, null, null)
[02:25:48]Mapping (/datum/controller/subsystem/mapping): TryLoadZ("_maps/map_files/Deltastation/D...", /list (/list), 2, null)
[02:25:48]Mapping (/datum/controller/subsystem/mapping): loadWorld()
[02:25:48]Mapping (/datum/controller/subsystem/mapping): Initialize(230732)
[02:25:48]Master (/datum/controller/master): Initialize(10, 0)
runtime error: 
[02:25:48]Cannot execute /datum/plant_gene/trait/glow (/datum/plant_gene/trait/glow).glow range().
[02:25:48]proc name: New (/obj/structure/glowshroom/New)
[02:25:48]  source file: glowshroom.dm,63
[02:25:48]  usr: null
[02:25:48]  src: the glowshroom (/obj/structure/glowshroom/single)
[02:25:48]  src.loc: Cave Floor (283,53,2) (/turf/open/floor/plating/asteroid)
[02:25:48]  call stack:
[02:25:48]the glowshroom (/obj/structure/glowshroom/single): New(Cave Floor (283,53,2) (/turf/open/floor/plating/asteroid), null, null)
[02:25:48]/dmm_suite (/dmm_suite): create atom(/obj/structure/glowshroom/sing... (/obj/structure/glowshroom/single), Cave Floor (283,53,2) (/turf/open/floor/plating/asteroid))
[02:25:48]/dmm_suite (/dmm_suite): instance atom(/obj/structure/glowshroom/sing... (/obj/structure/glowshroom/single), /list (/list), Cave Floor (283,53,2) (/turf/open/floor/plating/asteroid), 1)
[02:25:48]/dmm_suite (/dmm_suite): parse grid("/obj/structure/glowshroom/sing...", "eFL", 283, 53, 2, 1)
[02:25:48]/dmm_suite (/dmm_suite): load map impl(_maps/map_files/Deltastation/D..., 1, 1, 2, null, null, 1, -1e+031, 1e+031, -1e+031, 1e+031)
[02:25:48]/dmm_suite (/dmm_suite): load map(_maps/map_files/Deltastation/D..., 0, 0, 2, null, null, 1, null, null, null, null)
[02:25:48]Mapping (/datum/controller/subsystem/mapping): TryLoadZ("_maps/map_files/Deltastation/D...", /list (/list), 2, null)
[02:25:48]Mapping (/datum/controller/subsystem/mapping): loadWorld()
[02:25:48]Mapping (/datum/controller/subsystem/mapping): Initialize(230732)
[02:25:48]Master (/datum/controller/master): Initialize(10, 0)
runtime error: 
[02:25:48]Cannot execute /datum/plant_gene/trait/glow (/datum/plant_gene/trait/glow).glow range().
[02:25:48]proc name: New (/obj/structure/glowshroom/New)
[02:25:48]  source file: glowshroom.dm,63
[02:25:48]  usr: null
[02:25:48]  src: the glowshroom (/obj/structure/glowshroom/single)
[02:25:48]  src.loc: Cave Floor (302,53,2) (/turf/open/floor/plating/asteroid)
[02:25:48]  call stack:
[02:25:48]the glowshroom (/obj/structure/glowshroom/single): New(Cave Floor (302,53,2) (/turf/open/floor/plating/asteroid), null, null)
[02:25:48]/dmm_suite (/dmm_suite): create atom(/obj/structure/glowshroom/sing... (/obj/structure/glowshroom/single), Cave Floor (302,53,2) (/turf/open/floor/plating/asteroid))
[02:25:48]/dmm_suite (/dmm_suite): instance atom(/obj/structure/glowshroom/sing... (/obj/structure/glowshroom/single), /list (/list), Cave Floor (302,53,2) (/turf/open/floor/plating/asteroid), 1)
[02:25:48]/dmm_suite (/dmm_suite): parse grid("/obj/structure/glowshroom/sing...", "eFL", 302, 53, 2, 1)
[02:25:48]/dmm_suite (/dmm_suite): load map impl(_maps/map_files/Deltastation/D..., 1, 1, 2, null, null, 1, -1e+031, 1e+031, -1e+031, 1e+031)
[02:25:48]/dmm_suite (/dmm_suite): load map(_maps/map_files/Deltastation/D..., 0, 0, 2, null, null, 1, null, null, null, null)
[02:25:48]Mapping (/datum/controller/subsystem/mapping): TryLoadZ("_maps/map_files/Deltastation/D...", /list (/list), 2, null)
[02:25:48]Mapping (/datum/controller/subsystem/mapping): loadWorld()
[02:25:48]Mapping (/datum/controller/subsystem/mapping): Initialize(230732)
[02:25:48]Master (/datum/controller/master): Initialize(10, 0)
runtime error: 
[02:25:48]Cannot execute /datum/plant_gene/trait/glow (/datum/plant_gene/trait/glow).glow range().
[02:25:48]proc name: New (/obj/structure/glowshroom/New)
[02:25:48]  source file: glowshroom.dm,63
[02:25:48]  usr: null
[02:25:48]  src: the glowshroom (/obj/structure/glowshroom/single)
[02:25:48]  src.loc: Cave Floor (276,52,2) (/turf/open/floor/plating/asteroid)
[02:25:48]  call stack:
[02:25:48]the glowshroom (/obj/structure/glowshroom/single): New(Cave Floor (276,52,2) (/turf/open/floor/plating/asteroid), null, null)
[02:25:48]/dmm_suite (/dmm_suite): create atom(/obj/structure/glowshroom/sing... (/obj/structure/glowshroom/single), Cave Floor (276,52,2) (/turf/open/floor/plating/asteroid))
[02:25:48]/dmm_suite (/dmm_suite): instance atom(/obj/structure/glowshroom/sing... (/obj/structure/glowshroom/single), /list (/list), Cave Floor (276,52,2) (/turf/open/floor/plating/asteroid), 1)
[02:25:48]/dmm_suite (/dmm_suite): parse grid("/obj/structure/glowshroom/sing...", "eFL", 276, 52, 2, 1)
[02:25:48]/dmm_suite (/dmm_suite): load map impl(_maps/map_files/Deltastation/D..., 1, 1, 2, null, null, 1, -1e+031, 1e+031, -1e+031, 1e+031)
[02:25:48]/dmm_suite (/dmm_suite): load map(_maps/map_files/Deltastation/D..., 0, 0, 2, null, null, 1, null, null, null, null)
[02:25:48]Mapping (/datum/controller/subsystem/mapping): TryLoadZ("_maps/map_files/Deltastation/D...", /list (/list), 2, null)
[02:25:48]Mapping (/datum/controller/subsystem/mapping): loadWorld()
[02:25:48]Mapping (/datum/controller/subsystem/mapping): Initialize(230732)
[02:25:48]Master (/datum/controller/master): Initialize(10, 0)
runtime error: 
[02:25:48]Cannot execute /datum/plant_gene/trait/glow (/datum/plant_gene/trait/glow).glow range().
[02:25:48]proc name: New (/obj/structure/glowshroom/New)
[02:25:48]  source file: glowshroom.dm,63
[02:25:48]  usr: null
[02:25:48]  src: the glowshroom (/obj/structure/glowshroom/single)
[02:25:48]  src.loc: Cave Floor (292,51,2) (/turf/open/floor/plating/asteroid)
[02:25:48]  call stack:
[02:25:48]the glowshroom (/obj/structure/glowshroom/single): New(Cave Floor (292,51,2) (/turf/open/floor/plating/asteroid), null, null)
[02:25:48]/dmm_suite (/dmm_suite): create atom(/obj/structure/glowshroom/sing... (/obj/structure/glowshroom/single), Cave Floor (292,51,2) (/turf/open/floor/plating/asteroid))
[02:25:48]/dmm_suite (/dmm_suite): instance atom(/obj/structure/glowshroom/sing... (/obj/structure/glowshroom/single), /list (/list), Cave Floor (292,51,2) (/turf/open/floor/plating/asteroid), 1)
[02:25:48]/dmm_suite (/dmm_suite): parse grid("/obj/structure/glowshroom/sing...", "eFL", 292, 51, 2, 1)
[02:25:48]/dmm_suite (/dmm_suite): load map impl(_maps/map_files/Deltastation/D..., 1, 1, 2, null, null, 1, -1e+031, 1e+031, -1e+031, 1e+031)
[02:25:48]/dmm_suite (/dmm_suite): load map(_maps/map_files/Deltastation/D..., 0, 0, 2, null, null, 1, null, null, null, null)
[02:25:48]Mapping (/datum/controller/subsystem/mapping): TryLoadZ("_maps/map_files/Deltastation/D...", /list (/list), 2, null)
[02:25:48]Mapping (/datum/controller/subsystem/mapping): loadWorld()
[02:25:48]Mapping (/datum/controller/subsystem/mapping): Initialize(230732)
[02:25:48]Master (/datum/controller/master): Initialize(10, 0)
runtime error: 
[02:25:48]Cannot execute /datum/plant_gene/trait/glow (/datum/plant_gene/trait/glow).glow range().
[02:25:48]proc name: New (/obj/structure/glowshroom/New)
[02:25:48]  source file: glowshroom.dm,63
[02:25:48]  usr: null
[02:25:48]  src: the glowshroom (/obj/structure/glowshroom/single)
[02:25:48]  src.loc: Cave Floor (295,51,2) (/turf/open/floor/plating/asteroid)
[02:25:48]  call stack:
[02:25:48]the glowshroom (/obj/structure/glowshroom/single): New(Cave Floor (295,51,2) (/turf/open/floor/plating/asteroid), null, null)
[02:25:48]/dmm_suite (/dmm_suite): create atom(/obj/structure/glowshroom/sing... (/obj/structure/glowshroom/single), Cave Floor (295,51,2) (/turf/open/floor/plating/asteroid))
[02:25:48]/dmm_suite (/dmm_suite): instance atom(/obj/structure/glowshroom/sing... (/obj/structure/glowshroom/single), /list (/list), Cave Floor (295,51,2) (/turf/open/floor/plating/asteroid), 1)
[02:25:48]/dmm_suite (/dmm_suite): parse grid("/obj/structure/glowshroom/sing...", "eFL", 295, 51, 2, 1)
[02:25:48]/dmm_suite (/dmm_suite): load map impl(_maps/map_files/Deltastation/D..., 1, 1, 2, null, null, 1, -1e+031, 1e+031, -1e+031, 1e+031)
[02:25:48]/dmm_suite (/dmm_suite): load map(_maps/map_files/Deltastation/D..., 0, 0, 2, null, null, 1, null, null, null, null)
[02:25:48]Mapping (/datum/controller/subsystem/mapping): TryLoadZ("_maps/map_files/Deltastation/D...", /list (/list), 2, null)
[02:25:48]Mapping (/datum/controller/subsystem/mapping): loadWorld()
[02:25:48]Mapping (/datum/controller/subsystem/mapping): Initialize(230732)
[02:25:48]Master (/datum/controller/master): Initialize(10, 0)
runtime error: 
[02:25:48]Cannot execute /datum/plant_gene/trait/glow (/datum/plant_gene/trait/glow).glow range().
[02:25:48]proc name: New (/obj/structure/glowshroom/New)
[02:25:48]  source file: glowshroom.dm,63
[02:25:48]  usr: null
[02:25:48]  src: the glowshroom (/obj/structure/glowshroom/single)
[02:25:48]  src.loc: Cave Floor (258,49,2) (/turf/open/floor/plating/asteroid)
[02:25:48]  call stack:
[02:25:48]the glowshroom (/obj/structure/glowshroom/single): New(Cave Floor (258,49,2) (/turf/open/floor/plating/asteroid), null, null)
[02:25:48]/dmm_suite (/dmm_suite): create atom(/obj/structure/glowshroom/sing... (/obj/structure/glowshroom/single), Cave Floor (258,49,2) (/turf/open/floor/plating/asteroid))
[02:25:48]/dmm_suite (/dmm_suite): instance atom(/obj/structure/glowshroom/sing... (/obj/structure/glowshroom/single), /list (/list), Cave Floor (258,49,2) (/turf/open/floor/plating/asteroid), 1)
[02:25:48]/dmm_suite (/dmm_suite): parse grid("/obj/structure/glowshroom/sing...", "eFL", 258, 49, 2, 1)
[02:25:48]/dmm_suite (/dmm_suite): load map impl(_maps/map_files/Deltastation/D..., 1, 1, 2, null, null, 1, -1e+031, 1e+031, -1e+031, 1e+031)
[02:25:48]/dmm_suite (/dmm_suite): load map(_maps/map_files/Deltastation/D..., 0, 0, 2, null, null, 1, null, null, null, null)
[02:25:48]Mapping (/datum/controller/subsystem/mapping): TryLoadZ("_maps/map_files/Deltastation/D...", /list (/list), 2, null)
[02:25:48]Mapping (/datum/controller/subsystem/mapping): loadWorld()
[02:25:48]Mapping (/datum/controller/subsystem/mapping): Initialize(230732)
[02:25:48]Master (/datum/controller/master): Initialize(10, 0)
runtime error: 
[02:25:48]Cannot execute /datum/plant_gene/trait/glow (/datum/plant_gene/trait/glow).glow range().
[02:25:48]proc name: New (/obj/structure/glowshroom/New)
[02:25:48]  source file: glowshroom.dm,63
[02:25:48]  usr: null
[02:25:48]  src: the glowshroom (/obj/structure/glowshroom/single)
[02:25:48]  src.loc: Cave Floor (275,49,2) (/turf/open/floor/plating/asteroid)
[02:25:48]  call stack:
[02:25:48]the glowshroom (/obj/structure/glowshroom/single): New(Cave Floor (275,49,2) (/turf/open/floor/plating/asteroid), null, null)
[02:25:48]/dmm_suite (/dmm_suite): create atom(/obj/structure/glowshroom/sing... (/obj/structure/glowshroom/single), Cave Floor (275,49,2) (/turf/open/floor/plating/asteroid))
[02:25:48]/dmm_suite (/dmm_suite): instance atom(/obj/structure/glowshroom/sing... (/obj/structure/glowshroom/single), /list (/list), Cave Floor (275,49,2) (/turf/open/floor/plating/asteroid), 1)
[02:25:48]/dmm_suite (/dmm_suite): parse grid("/obj/structure/glowshroom/sing...", "eFL", 275, 49, 2, 1)
[02:25:48]/dmm_suite (/dmm_suite): load map impl(_maps/map_files/Deltastation/D..., 1, 1, 2, null, null, 1, -1e+031, 1e+031, -1e+031, 1e+031)
[02:25:48]/dmm_suite (/dmm_suite): load map(_maps/map_files/Deltastation/D..., 0, 0, 2, null, null, 1, null, null, null, null)
[02:25:48]Mapping (/datum/controller/subsystem/mapping): TryLoadZ("_maps/map_files/Deltastation/D...", /list (/list), 2, null)
[02:25:48]Mapping (/datum/controller/subsystem/mapping): loadWorld()
[02:25:48]Mapping (/datum/controller/subsystem/mapping): Initialize(230732)
[02:25:48]Master (/datum/controller/master): Initialize(10, 0)
runtime error: 
[02:25:48]Cannot execute /datum/plant_gene/trait/glow (/datum/plant_gene/trait/glow).glow range().
[02:25:48]proc name: New (/obj/structure/glowshroom/New)
[02:25:48]  source file: glowshroom.dm,63
[02:25:48]  usr: null
[02:25:48]  src: the glowshroom (/obj/structure/glowshroom/single)
[02:25:48]  src.loc: Cave Floor (261,48,2) (/turf/open/floor/plating/asteroid)
[02:25:48]  call stack:
[02:25:48]the glowshroom (/obj/structure/glowshroom/single): New(Cave Floor (261,48,2) (/turf/open/floor/plating/asteroid), null, null)
[02:25:48]/dmm_suite (/dmm_suite): create atom(/obj/structure/glowshroom/sing... (/obj/structure/glowshroom/single), Cave Floor (261,48,2) (/turf/open/floor/plating/asteroid))
[02:25:48]/dmm_suite (/dmm_suite): instance atom(/obj/structure/glowshroom/sing... (/obj/structure/glowshroom/single), /list (/list), Cave Floor (261,48,2) (/turf/open/floor/plating/asteroid), 1)
[02:25:48]/dmm_suite (/dmm_suite): parse grid("/obj/structure/glowshroom/sing...", "eFL", 261, 48, 2, 1)
[02:25:48]/dmm_suite (/dmm_suite): load map impl(_maps/map_files/Deltastation/D..., 1, 1, 2, null, null, 1, -1e+031, 1e+031, -1e+031, 1e+031)
[02:25:48]/dmm_suite (/dmm_suite): load map(_maps/map_files/Deltastation/D..., 0, 0, 2, null, null, 1, null, null, null, null)
[02:25:48]Mapping (/datum/controller/subsystem/mapping): TryLoadZ("_maps/map_files/Deltastation/D...", /list (/list), 2, null)
[02:25:48]Mapping (/datum/controller/subsystem/mapping): loadWorld()
[02:25:48]Mapping (/datum/controller/subsystem/mapping): Initialize(230732)
[02:25:48]Master (/datum/controller/master): Initialize(10, 0)
runtime error: 
[02:25:48]Cannot execute /datum/plant_gene/trait/glow (/datum/plant_gene/trait/glow).glow range().
[02:25:48]proc name: New (/obj/structure/glowshroom/New)
[02:25:48]  source file: glowshroom.dm,63
[02:25:48]  usr: null
[02:25:48]  src: the glowshroom (/obj/structure/glowshroom/single)
[02:25:48]  src.loc: Cave Floor (292,48,2) (/turf/open/floor/plating/asteroid)
[02:25:48]  call stack:
[02:25:48]the glowshroom (/obj/structure/glowshroom/single): New(Cave Floor (292,48,2) (/turf/open/floor/plating/asteroid), null, null)
[02:25:48]/dmm_suite (/dmm_suite): create atom(/obj/structure/glowshroom/sing... (/obj/structure/glowshroom/single), Cave Floor (292,48,2) (/turf/open/floor/plating/asteroid))
[02:25:48]/dmm_suite (/dmm_suite): instance atom(/obj/structure/glowshroom/sing... (/obj/structure/glowshroom/single), /list (/list), Cave Floor (292,48,2) (/turf/open/floor/plating/asteroid), 1)
[02:25:48]/dmm_suite (/dmm_suite): parse grid("/obj/structure/glowshroom/sing...", "eFL", 292, 48, 2, 1)
[02:25:48]/dmm_suite (/dmm_suite): load map impl(_maps/map_files/Deltastation/D..., 1, 1, 2, null, null, 1, -1e+031, 1e+031, -1e+031, 1e+031)
[02:25:48]/dmm_suite (/dmm_suite): load map(_maps/map_files/Deltastation/D..., 0, 0, 2, null, null, 1, null, null, null, null)
[02:25:48]Mapping (/datum/controller/subsystem/mapping): TryLoadZ("_maps/map_files/Deltastation/D...", /list (/list), 2, null)
[02:25:48]Mapping (/datum/controller/subsystem/mapping): loadWorld()
[02:25:48]Mapping (/datum/controller/subsystem/mapping): Initialize(230732)
[02:25:48]Master (/datum/controller/master): Initialize(10, 0)
runtime error: 
[02:25:48]Cannot execute /datum/plant_gene/trait/glow (/datum/plant_gene/trait/glow).glow range().
[02:25:48]proc name: New (/obj/structure/glowshroom/New)
[02:25:48]  source file: glowshroom.dm,63
runtime error: 
[02:25:48]Cannot execute /datum/plant_gene/trait/glow (/datum/plant_gene/trait/glow).glow range().
[02:25:48]proc name: New (/obj/structure/glowshroom/New)
[02:25:48]  source file: glowshroom.dm,63
runtime error: 
[02:25:48]Cannot execute /datum/plant_gene/trait/glow (/datum/plant_gene/trait/glow).glow range().
[02:25:48]proc name: New (/obj/structure/glowshroom/New)
[02:25:48]  source file: glowshroom.dm,63
runtime error: 
[02:25:48]Cannot execute /datum/plant_gene/trait/glow (/datum/plant_gene/trait/glow).glow range().
[02:25:48]proc name: New (/obj/structure/glowshroom/New)
[02:25:48]  source file: glowshroom.dm,63
runtime error: 
[02:25:48]Cannot execute /datum/plant_gene/trait/glow (/datum/plant_gene/trait/glow).glow range().
[02:25:48]proc name: New (/obj/structure/glowshroom/New)
[02:25:48]  source file: glowshroom.dm,63
runtime error: 
[02:25:48]Cannot execute /datum/plant_gene/trait/glow (/datum/plant_gene/trait/glow).glow range().
[02:25:48]proc name: New (/obj/structure/glowshroom/New)
[02:25:48]  source file: glowshroom.dm,63
runtime error: 
[02:25:48]Cannot execute /datum/plant_gene/trait/glow (/datum/plant_gene/trait/glow).glow range().
[02:25:48]proc name: New (/obj/structure/glowshroom/New)
[02:25:48]  source file: glowshroom.dm,63
runtime error: 
[02:25:48]Cannot execute /datum/plant_gene/trait/glow (/datum/plant_gene/trait/glow).glow range().
[02:25:48]proc name: New (/obj/structure/glowshroom/New)
[02:25:48]  source file: glowshroom.dm,63
runtime error: 
[02:25:49]Cannot execute /datum/plant_gene/trait/glow (/datum/plant_gene/trait/glow).glow range().
[02:25:49]proc name: New (/obj/structure/glowshroom/New)
[02:25:49]  source file: glowshroom.dm,63
runtime error: 
[02:25:49]Cannot execute /datum/plant_gene/trait/glow (/datum/plant_gene/trait/glow).glow range().
[02:25:49]proc name: New (/obj/structure/glowshroom/New)
[02:25:49]  source file: glowshroom.dm,63
runtime error: 
[02:25:49]Cannot execute /datum/plant_gene/trait/glow (/datum/plant_gene/trait/glow).glow range().
[02:25:49]proc name: New (/obj/structure/glowshroom/New)
[02:25:49]  source file: glowshroom.dm,63
runtime error: 
[02:25:49]Cannot execute /datum/plant_gene/trait/glow (/datum/plant_gene/trait/glow).glow range().
[02:25:49]proc name: New (/obj/structure/glowshroom/New)
[02:25:49]  source file: glowshroom.dm,63
runtime error: 
[02:25:49]Cannot execute /datum/plant_gene/trait/glow (/datum/plant_gene/trait/glow).glow range().
[02:25:49]proc name: New (/obj/structure/glowshroom/New)
[02:25:49]  source file: glowshroom.dm,63
runtime error: 
[02:25:49]Cannot execute /datum/plant_gene/trait/glow (/datum/plant_gene/trait/glow).glow range().
[02:25:49]proc name: New (/obj/structure/glowshroom/New)
[02:25:49]  source file: glowshroom.dm,63
runtime error: 
[02:25:49]Cannot execute /datum/plant_gene/trait/glow (/datum/plant_gene/trait/glow).glow range().
[02:25:49]proc name: New (/obj/structure/glowshroom/New)
[02:25:49]  source file: glowshroom.dm,63
runtime error: 
[02:25:49]Cannot execute /datum/plant_gene/trait/glow (/datum/plant_gene/trait/glow).glow range().
[02:25:49]proc name: New (/obj/structure/glowshroom/New)
[02:25:49]  source file: glowshroom.dm,63
runtime error: 
[02:25:49]Cannot execute /datum/plant_gene/trait/glow (/datum/plant_gene/trait/glow).glow range().
[02:25:49]proc name: New (/obj/structure/glowshroom/New)
[02:25:49]  source file: glowshroom.dm,63
runtime error: 
[02:25:49]Cannot execute /datum/plant_gene/trait/glow (/datum/plant_gene/trait/glow).glow range().
[02:25:49]proc name: New (/obj/structure/glowshroom/New)
[02:25:49]  source file: glowshroom.dm,63
runtime error: 
[02:25:49]Cannot execute /datum/plant_gene/trait/glow (/datum/plant_gene/trait/glow).glow range().
[02:25:49]proc name: New (/obj/structure/glowshroom/New)
[02:25:49]  source file: glowshroom.dm,63
runtime error: 
[02:25:49]Cannot execute /datum/plant_gene/trait/glow (/datum/plant_gene/trait/glow).glow range().
[02:25:49]proc name: New (/obj/structure/glowshroom/New)
[02:25:49]  source file: glowshroom.dm,63
runtime error: 
[02:25:49]Cannot execute /datum/plant_gene/trait/glow (/datum/plant_gene/trait/glow).glow range().
[02:25:49]proc name: New (/obj/structure/glowshroom/New)
[02:25:49]  source file: glowshroom.dm,63
runtime error: 
[02:25:49]Cannot execute /datum/plant_gene/trait/glow (/datum/plant_gene/trait/glow).glow range().
[02:25:49]proc name: New (/obj/structure/glowshroom/New)
[02:25:49]  source file: glowshroom.dm,63
runtime error: 
[02:25:49]Cannot execute /datum/plant_gene/trait/glow (/datum/plant_gene/trait/glow).glow range().
[02:25:49]proc name: New (/obj/structure/glowshroom/New)
[02:25:49]  source file: glowshroom.dm,63
runtime error: 
[02:25:49]Cannot execute /datum/plant_gene/trait/glow (/datum/plant_gene/trait/glow).glow range().
[02:25:49]proc name: New (/obj/structure/glowshroom/New)
[02:25:49]  source file: glowshroom.dm,63
runtime error: 
[02:25:49]Cannot execute /datum/plant_gene/trait/glow (/datum/plant_gene/trait/glow).glow range().
[02:25:49]proc name: New (/obj/structure/glowshroom/New)
[02:25:49]  source file: glowshroom.dm,63
runtime error: 
[02:25:49]Cannot execute /datum/plant_gene/trait/glow (/datum/plant_gene/trait/glow).glow range().
[02:25:49]proc name: New (/obj/structure/glowshroom/New)
[02:25:49]  source file: glowshroom.dm,63
Loaded station in 76.9s!
Initialized Mapping subsystem within 80.9 seconds!
runtime error: 
[02:25:54]Cannot execute null.add reagent().
[02:25:54]proc name: Initialize (/obj/effect/decal/cleanable/blood/gibs/Initialize)
[02:25:54]  source file: humans.dm,57
runtime error: 
[02:25:54]Cannot execute null.add reagent().
[02:25:54]proc name: Initialize (/obj/effect/decal/cleanable/blood/gibs/Initialize)
[02:25:54]  source file: humans.dm,57
runtime error: 
[02:25:54]Cannot execute null.add reagent().
[02:25:54]proc name: Initialize (/obj/effect/decal/cleanable/blood/gibs/Initialize)
[02:25:54]  source file: humans.dm,57
runtime error: 
[02:25:54]Cannot execute null.add reagent().
[02:25:54]proc name: Initialize (/obj/effect/decal/cleanable/blood/gibs/Initialize)
[02:25:54]  source file: humans.dm,57
runtime error: 
[02:25:54]Cannot execute null.add reagent().
[02:25:54]proc name: Initialize (/obj/effect/decal/cleanable/oil/Initialize)
[02:25:54]  source file: robots.dm,52
runtime error: 
[02:25:54]Cannot execute null.add reagent().
[02:25:54]proc name: Initialize (/obj/effect/decal/cleanable/oil/Initialize)
[02:25:54]  source file: robots.dm,52
runtime error: 
[02:25:57]Cannot execute null.add reagent().
[02:25:57]proc name: Initialize (/obj/effect/decal/cleanable/oil/Initialize)
[02:25:57]  source file: robots.dm,52
runtime error: 
[02:25:57]Cannot execute null.add reagent().
[02:25:57]proc name: Initialize (/obj/effect/decal/cleanable/oil/Initialize)
[02:25:57]  source file: robots.dm,52
runtime error: 
[02:25:58]Cannot execute null.add reagent().
[02:25:58]proc name: Initialize (/obj/effect/decal/cleanable/oil/Initialize)
[02:25:58]  source file: robots.dm,52
runtime error: 
[02:25:58]Cannot execute null.add reagent().
[02:25:58]proc name: Initialize (/obj/effect/decal/cleanable/blood/gibs/Initialize)
[02:25:58]  source file: humans.dm,57
runtime error: 
[02:25:58]Cannot execute null.add reagent().
[02:25:58]proc name: Initialize (/obj/effect/decal/cleanable/oil/Initialize)
[02:25:58]  source file: robots.dm,52
runtime error: 
[02:25:58]Cannot execute null.add reagent().
[02:25:58]proc name: Initialize (/obj/effect/decal/cleanable/blood/gibs/Initialize)
[02:25:58]  source file: humans.dm,57
runtime error: 
[02:25:58]Cannot execute null.add reagent().
[02:25:58]proc name: Initialize (/obj/effect/decal/cleanable/oil/Initialize)
[02:25:58]  source file: robots.dm,52
runtime error: 
[02:25:58]Cannot execute null.add reagent().
[02:25:58]proc name: Initialize (/obj/effect/decal/cleanable/blood/gibs/Initialize)
[02:25:58]  source file: humans.dm,57
runtime error: 
[02:25:59]Cannot execute null.add reagent().
[02:25:59]proc name: Initialize (/obj/effect/decal/cleanable/oil/Initialize)
[02:25:59]  source file: robots.dm,52
runtime error: 
[02:25:59]Cannot execute null.add reagent().
[02:25:59]proc name: Initialize (/obj/effect/decal/cleanable/oil/Initialize)
[02:25:59]  source file: robots.dm,52
runtime error: 
[02:25:59]Cannot execute null.add reagent().
[02:25:59]proc name: Initialize (/obj/effect/decal/cleanable/oil/Initialize)
[02:25:59]  source file: robots.dm,52
runtime error: 
[02:25:59]Cannot execute null.add reagent().
[02:25:59]proc name: Initialize (/obj/effect/decal/cleanable/oil/Initialize)
[02:25:59]  source file: robots.dm,52
runtime error: 
[02:25:59]Cannot execute null.add reagent().
[02:25:59]proc name: Initialize (/obj/effect/decal/cleanable/oil/Initialize)
[02:25:59]  source file: robots.dm,52
runtime error: 
[02:25:59]Cannot execute null.add reagent().
[02:25:59]proc name: Initialize (/obj/effect/decal/cleanable/oil/Initialize)
[02:25:59]  source file: robots.dm,52
runtime error: 
[02:26:00]Cannot execute null.add reagent().
[02:26:00]proc name: Initialize (/obj/effect/decal/cleanable/oil/Initialize)
[02:26:00]  source file: robots.dm,52
runtime error: 
[02:26:00]Cannot execute null.add reagent().
[02:26:00]proc name: Initialize (/obj/effect/decal/cleanable/oil/Initialize)
[02:26:00]  source file: robots.dm,52
runtime error: 
[02:26:00]Cannot execute null.add reagent().
[02:26:00]proc name: Initialize (/obj/effect/decal/cleanable/oil/Initialize)
[02:26:00]  source file: robots.dm,52
runtime error: 
[02:26:00]Cannot execute null.add reagent().
[02:26:00]proc name: Initialize (/obj/effect/decal/cleanable/oil/Initialize)
[02:26:00]  source file: robots.dm,52
runtime error: 
[02:26:00]Cannot execute null.add reagent().
[02:26:00]proc name: Initialize (/obj/effect/decal/cleanable/oil/Initialize)
[02:26:00]  source file: robots.dm,52
runtime error: 
[02:26:01]Cannot execute null.add reagent().
[02:26:01]proc name: Initialize (/obj/effect/decal/cleanable/oil/Initialize)
[02:26:01]  source file: robots.dm,52
runtime error: 
[02:26:01]Cannot execute null.add reagent().
[02:26:01]proc name: Initialize (/obj/effect/decal/cleanable/oil/Initialize)
[02:26:01]  source file: robots.dm,52
runtime error: 
[02:26:01]Cannot execute null.add reagent().
[02:26:01]proc name: Initialize (/obj/effect/decal/cleanable/oil/Initialize)
[02:26:01]  source file: robots.dm,52
runtime error: 
[02:26:01]Cannot execute null.add reagent().
[02:26:01]proc name: Initialize (/obj/effect/decal/cleanable/oil/Initialize)
[02:26:01]  source file: robots.dm,52
runtime error: 
[02:26:02]Cannot execute null.add reagent().
[02:26:02]proc name: Initialize (/obj/effect/decal/cleanable/oil/Initialize)
[02:26:02]  source file: robots.dm,52
runtime error: 
[02:26:02]Cannot execute null.add reagent().
[02:26:02]proc name: Initialize (/obj/effect/decal/cleanable/oil/Initialize)
[02:26:02]  source file: robots.dm,52
runtime error: 
[02:26:02]Cannot execute null.add reagent().
[02:26:02]proc name: Initialize (/obj/effect/decal/cleanable/oil/Initialize)
[02:26:02]  source file: robots.dm,52
runtime error: 
[02:26:02]Cannot execute null.add reagent().
[02:26:02]proc name: Initialize (/obj/effect/decal/cleanable/oil/Initialize)
[02:26:02]  source file: robots.dm,52
runtime error: 
[02:26:03]Cannot execute null.add reagent().
[02:26:03]proc name: Initialize (/obj/effect/decal/cleanable/oil/Initialize)
[02:26:03]  source file: robots.dm,52
runtime error: 
[02:26:03]Cannot execute null.add reagent().
[02:26:03]proc name: Initialize (/obj/effect/decal/cleanable/oil/Initialize)
[02:26:03]  source file: robots.dm,52
runtime error: 
[02:26:03]Cannot execute null.add reagent().
[02:26:03]proc name: Initialize (/obj/effect/decal/cleanable/oil/Initialize)
[02:26:03]  source file: robots.dm,52
runtime error: 
[02:26:03]Cannot execute null.add reagent().
[02:26:03]proc name: Initialize (/obj/effect/decal/cleanable/oil/Initialize)
[02:26:03]  source file: robots.dm,52
runtime error: 
[02:26:03]Cannot execute null.add reagent().
[02:26:03]proc name: Initialize (/obj/effect/decal/cleanable/oil/Initialize)
[02:26:03]  source file: robots.dm,52
runtime error: 
[02:26:03]Cannot execute null.add reagent().
[02:26:03]proc name: Initialize (/obj/effect/decal/cleanable/oil/Initialize)
[02:26:03]  source file: robots.dm,52
runtime error: 
[02:26:03]Cannot execute null.add reagent().
[02:26:03]proc name: Initialize (/obj/effect/decal/cleanable/oil/Initialize)
[02:26:03]  source file: robots.dm,52
runtime error: 
[02:26:03]Cannot execute null.add reagent().
[02:26:03]proc name: Initialize (/obj/effect/decal/cleanable/oil/Initialize)
[02:26:03]  source file: robots.dm,52
runtime error: 
[02:26:03]Cannot execute null.add reagent().
[02:26:03]proc name: Initialize (/obj/effect/decal/cleanable/oil/Initialize)
[02:26:03]  source file: robots.dm,52
runtime error: 
[02:26:04]Cannot execute null.add reagent().
[02:26:04]proc name: Initialize (/obj/effect/decal/cleanable/oil/Initialize)
[02:26:04]  source file: robots.dm,52
runtime error: 
[02:26:04]Cannot execute null.add reagent().
[02:26:04]proc name: Initialize (/obj/effect/decal/cleanable/oil/Initialize)
[02:26:04]  source file: robots.dm,52
runtime error: 
[02:26:04]Cannot execute null.add reagent().
[02:26:04]proc name: Initialize (/obj/effect/decal/cleanable/oil/Initialize)
[02:26:04]  source file: robots.dm,52
runtime error: 
[02:26:05]Cannot execute null.add reagent().
[02:26:05]proc name: Initialize (/obj/effect/decal/cleanable/oil/Initialize)
[02:26:05]  source file: robots.dm,52
runtime error: 
[02:26:05]Cannot execute null.add reagent().
[02:26:05]proc name: Initialize (/obj/effect/decal/cleanable/oil/Initialize)
[02:26:05]  source file: robots.dm,52
runtime error: 
[02:26:05]Cannot execute null.add reagent().
[02:26:05]proc name: Initialize (/obj/effect/decal/cleanable/oil/Initialize)
[02:26:05]  source file: robots.dm,52
runtime error: 
[02:26:06]Cannot execute null.add reagent().
[02:26:06]proc name: Initialize (/obj/effect/decal/cleanable/oil/Initialize)
[02:26:06]  source file: robots.dm,52
runtime error: 
[02:26:06]Cannot execute null.add reagent().
[02:26:06]proc name: Initialize (/obj/effect/decal/cleanable/oil/Initialize)
[02:26:06]  source file: robots.dm,52
runtime error: 
[02:26:07]Cannot execute null.add reagent().
[02:26:07]proc name: Initialize (/obj/effect/decal/cleanable/oil/Initialize)
[02:26:07]  source file: robots.dm,52
runtime error: 
[02:26:07]Cannot execute null.add reagent().
[02:26:07]proc name: Initialize (/obj/effect/decal/cleanable/oil/Initialize)
[02:26:07]  source file: robots.dm,52
runtime error: 
[02:26:07]Cannot execute null.add reagent().
[02:26:07]Warning: further proc crash messages are being suppressed to prevent overload...
runtime error: 
[02:26:10]Undefined variable /obj/item/rupee/var/swimming

runtime error: 
[02:26:10]Undefined variable /obj/item/rupee/var/swimming

runtime error: 
[02:26:10]Undefined variable /obj/item/rupee/var/swimming

runtime error: 
[02:26:10]Undefined variable /obj/structure/signpost/salvation/var/swimming

runtime error: 
[02:26:10]Undefined variable /obj/item/rupee/var/swimming

runtime error: 
[02:26:10]Undefined variable /obj/item/rupee/var/swimming

runtime error: 
[02:26:10]Undefined variable /obj/item/rupee/var/swimming

runtime error: 
[02:26:10]Undefined variable /obj/item/rupee/var/swimming

runtime error: 
[02:26:10]Undefined variable /obj/item/rupee/var/swimming

runtime error: 
[02:26:10]Undefined variable /obj/item/rupee/var/swimming

runtime error: 
[02:26:10]Undefined variable /obj/effect/landmark/error/var/swimming

runtime error: 
[02:26:10]Undefined variable /obj/item/rupee/var/swimming

runtime error: 
[02:26:10]Undefined variable /obj/item/rupee/var/swimming

runtime error: 
[02:26:10]Undefined variable /obj/item/rupee/var/swimming

runtime error: 
[02:26:10]Undefined variable /obj/item/rupee/var/swimming

runtime error: 
[02:26:10]Undefined variable /obj/item/rupee/var/swimming

runtime error: 
[02:26:10]Undefined variable /obj/item/rupee/var/swimming

runtime error: 
[02:26:10]Undefined variable /obj/item/rupee/var/swimming

runtime error: 
[02:26:10]Undefined variable /obj/item/rupee/var/swimming

runtime error: 
[02:26:10]Undefined variable /obj/item/rupee/var/swimming

runtime error: 
[02:26:10]Undefined variable /obj/item/rupee/var/swimming

runtime error: 
[02:26:10]Undefined variable /obj/item/rupee/var/swimming

runtime error: 
[02:26:10]Undefined variable /obj/item/rupee/var/swimming

runtime error: 
[02:26:10]Undefined variable /obj/item/rupee/var/swimming

runtime error: 
[02:26:10]Undefined variable /obj/item/rupee/var/swimming

runtime error: 
[02:26:10]Undefined variable /obj/item/rupee/var/swimming

runtime error: 
[02:26:10]Undefined variable /obj/item/rupee/var/swimming

runtime error: 
[02:26:10]Undefined variable /obj/item/rupee/var/swimming

runtime error: 
[02:26:10]Undefined variable /obj/item/rupee/var/swimming

runtime error: 
[02:26:10]Undefined variable /obj/item/rupee/var/swimming

runtime error: 
[02:26:11]Undefined variable /obj/item/rupee/var/swimming

runtime error: 
[02:26:11]Undefined variable /obj/item/rupee/var/swimming

runtime error: 
[02:26:11]Undefined variable /obj/item/rupee/var/swimming

runtime error: 
[02:26:11]Undefined variable /obj/item/rupee/var/swimming

runtime error: 
[02:26:11]Undefined variable /obj/item/rupee/var/swimming

runtime error: 
[02:26:11]Undefined variable /obj/item/rupee/var/swimming

runtime error: 
[02:26:11]Undefined variable /obj/item/rupee/var/swimming

runtime error: 
[02:26:11]Undefined variable /obj/item/rupee/var/swimming

runtime error: 
[02:26:11]Undefined variable /obj/item/rupee/var/swimming

runtime error: 
[02:26:11]Undefined variable /obj/item/rupee/var/swimming

runtime error: 
[02:26:11]Undefined variable /obj/item/rupee/var/swimming

runtime error: 
[02:26:11]Undefined variable /obj/item/rupee/var/swimming

runtime error: 
[02:26:11]Undefined variable /obj/item/rupee/var/swimming

runtime error: 
[02:26:11]Undefined variable /obj/item/rupee/var/swimming

runtime error: 
[02:26:11]Undefined variable /obj/item/rupee/var/swimming

runtime error: 
[02:26:11]Undefined variable /obj/item/rupee/var/swimming

runtime error: 
[02:26:11]Undefined variable /obj/item/rupee/var/swimming

runtime error: 
[02:26:11]Undefined variable /obj/structure/speaking_tile/var/swimming

runtime error: 
[02:26:11]Undefined variable /obj/machinery/abductor/gland_dispenser/var/swimming

runtime error: 
[02:26:11]Undefined variable /obj/structure/table/abductor/var/swimming

runtime error: 
[02:26:11]Undefined variable /obj/item/surgicaldrill/alien/var/swimming

runtime error: 
[02:26:12]undefined proc or verb /mob/living/simple_animal/bot/medbot/mysterious/remove overlay().

runtime error: 
[02:26:12]undefined proc or verb /mob/living/simple_animal/hostile/creature/remove overlay().

runtime error: 
[02:26:12]undefined proc or verb /mob/living/simple_animal/hostile/carp/cayenne/remove overlay().

runtime error: 
[02:26:13]undefined proc or verb /mob/dead/new_player/remove overlay().

runtime error: 
[02:26:15]Cannot execute null.add reagent().
runtime error: 
[02:26:15]Cannot execute null.add reagent().
runtime error: 
[02:26:15]Cannot execute null.add reagent().
runtime error: 
[02:26:15]Cannot execute null.add reagent().
runtime error: 
[02:26:15]undefined proc or verb /mob/living/simple_animal/bot/medbot/remove overlay().

runtime error: 
[02:26:15]Cannot execute null.add reagent().
runtime error: 
[02:26:15]undefined proc or verb /mob/living/simple_animal/cockroach/remove overlay().

runtime error: 
[02:26:15]undefined proc or verb /mob/living/simple_animal/cockroach/remove overlay().

runtime error: 
[02:26:15]undefined proc or verb /mob/living/simple_animal/cockroach/remove overlay().

runtime error: 
[02:26:16]undefined proc or verb /mob/living/simple_animal/cockroach/remove overlay().

runtime error: 
[02:26:16]undefined proc or verb /mob/living/simple_animal/cockroach/remove overlay().

runtime error: 
[02:26:16]undefined proc or verb /mob/living/simple_animal/pet/cat/Runtime/remove overlay().

runtime error: 
[02:26:16]undefined proc or verb /mob/living/simple_animal/cockroach/remove overlay().

runtime error: 
[02:26:16]undefined proc or verb /mob/living/simple_animal/pet/dog/pug/remove overlay().

runtime error: 
[02:26:16]undefined proc or verb /mob/living/simple_animal/cockroach/remove overlay().

runtime error: 
[02:26:16]undefined proc or verb /mob/living/simple_animal/cockroach/remove overlay().

runtime error: 
[02:26:16]undefined proc or verb /mob/living/simple_animal/cockroach/remove overlay().

runtime error: 
[02:26:16]undefined proc or verb /mob/living/simple_animal/slime/remove overlay().

runtime error: 
[02:26:16]Cannot execute null.add reagent().
runtime error: 
[02:26:16]undefined proc or verb /mob/living/simple_animal/slime/remove overlay().

runtime error: 
[02:26:16]undefined proc or verb /mob/living/simple_animal/slime/remove overlay().

runtime error: 
[02:26:16]undefined proc or verb /mob/living/simple_animal/cockroach/remove overlay().

runtime error: 
[02:26:17]undefined proc or verb /mob/living/simple_animal/cockroach/remove overlay().

runtime error: 
[02:26:17]undefined proc or verb /mob/living/simple_animal/pet/dog/corgi/Ian/remove overlay().

runtime error: 
[02:26:17]undefined proc or verb /mob/living/simple_animal/bot/secbot/pingsky/remove overlay().

runtime error: 
[02:26:17]undefined proc or verb /mob/living/simple_animal/parrot/Poly/remove overlay().

runtime error: 
[02:26:17]undefined proc or verb /mob/living/simple_animal/bot/secbot/beepsky/remove overlay().

runtime error: 
[02:26:17]undefined proc or verb /mob/living/simple_animal/pet/fox/Renault/remove overlay().

runtime error: 
[02:26:18]undefined proc or verb /mob/living/simple_animal/hostile/carp/cayenne/remove overlay().

runtime error: 
[02:26:18]undefined proc or verb /mob/living/simple_animal/cockroach/remove overlay().

runtime error: 
[02:26:18]undefined proc or verb /mob/living/simple_animal/hostile/retaliate/goat/remove overlay().

runtime error: 
[02:26:18]undefined proc or verb /mob/living/simple_animal/sloth/citrus/remove overlay().

runtime error: 
[02:26:18]undefined proc or verb /mob/living/simple_animal/cockroach/remove overlay().

runtime error: 
[02:26:18]undefined proc or verb /mob/living/simple_animal/mouse/remove overlay().

runtime error: 
[02:26:18]undefined proc or verb /mob/living/simple_animal/mouse/remove overlay().

runtime error: 
[02:26:18]undefined proc or verb /mob/living/simple_animal/bot/mulebot/remove overlay().

runtime error: 
[02:26:18]undefined proc or verb /mob/living/simple_animal/bot/mulebot/remove overlay().

runtime error: 
[02:26:18]undefined proc or verb /mob/living/simple_animal/cockroach/remove overlay().

runtime error: 
[02:26:18]undefined proc or verb /mob/living/simple_animal/hostile/lizard/remove overlay().

runtime error: 
[02:26:18]undefined proc or verb /mob/living/simple_animal/cockroach/remove overlay().

runtime error: 
[02:26:18]undefined proc or verb /mob/living/simple_animal/cockroach/remove overlay().

runtime error: 
[02:26:18]undefined proc or verb /mob/living/simple_animal/cockroach/remove overlay().

runtime error: 
[02:26:22]undefined proc or verb /mob/living/simple_animal/bot/secbot/beepsky/remove overlay().

runtime error: 
[02:26:22]undefined proc or verb /mob/living/simple_animal/hostile/asteroid/hivelord/legion/random/remove overlay().

runtime error: 
[02:26:22]undefined proc or verb /mob/living/simple_animal/hostile/asteroid/basilisk/watcher/random/remove overlay().

runtime error: 
[02:26:22]undefined proc or verb /mob/living/simple_animal/hostile/asteroid/hivelord/legion/random/remove overlay().

runtime error: 
[02:26:22]undefined proc or verb /mob/living/simple_animal/hostile/asteroid/hivelord/legion/random/remove overlay().

runtime error: 
[02:26:22]undefined proc or verb /mob/living/simple_animal/hostile/asteroid/goliath/beast/random/remove overlay().

runtime error: 
[02:26:23]undefined proc or verb /mob/living/simple_animal/hostile/asteroid/goliath/beast/random/remove overlay().

runtime error: 
[02:26:23]undefined proc or verb /mob/living/simple_animal/hostile/asteroid/hivelord/legion/random/remove overlay().

runtime error: 
[02:26:23]undefined proc or verb /mob/living/simple_animal/hostile/asteroid/basilisk/watcher/random/remove overlay().

runtime error: 
[02:26:23]undefined proc or verb /mob/living/simple_animal/hostile/asteroid/goldgrub/remove overlay().

runtime error: 
[02:26:23]undefined proc or verb /mob/living/simple_animal/hostile/asteroid/goliath/beast/random/remove overlay().

Initialized 1.48414e+006 atoms
Initialized Atoms subsystem within 46.6 seconds!
Initialized Language subsystem within 0 seconds!
Initialized Machines subsystem within 0.4 seconds!
Initialized Circuit subsystem within 0 seconds!
Initialized Weather subsystem within 0 seconds!
## WARNING: There are 704 active turfs at roundstart, this is a mapping error caused by a difference of the air between the adjacent turfs. You can see its coordinates using "Mapping -> Show roundstart AT list" verb (debug verbs required)
## WARNING: HEY! LISTEN! 4 seconds were wasted processing 704 turf(s) (connected to 76383 other turfs) with atmos differences at round start.
## WARNING: build_pipeline(): /obj/machinery/atmospherics/pipe/simple/supply/hidden added to a pipenet while still having one. (pipes leading to the same spot stacking in one turf) Nearby: (187, 161, 2)
## WARNING: build_pipeline(): /obj/machinery/atmospherics/pipe/simple/supply/hidden added to a pipenet while still having one. (pipes leading to the same spot stacking in one turf) Nearby: (187, 162, 2)
## WARNING: build_pipeline(): /obj/machinery/atmospherics/pipe/simple/supply/hidden added to a pipenet while still having one. (pipes leading to the same spot stacking in one turf) Nearby: (187, 160, 2)
## WARNING: build_pipeline(): /obj/machinery/atmospherics/pipe/simple/supply/hidden added to a pipenet while still having one. (pipes leading to the same spot stacking in one turf) Nearby: (186, 162, 2)
## WARNING: build_pipeline(): /obj/machinery/atmospherics/pipe/simple/supply/hidden added to a pipenet while still having one. (pipes leading to the same spot stacking in one turf) Nearby: (187, 159, 2)
## WARNING: build_pipeline(): /obj/machinery/atmospherics/pipe/simple/supply/hidden added to a pipenet while still having one. (pipes leading to the same spot stacking in one turf) Nearby: (185, 162, 2)
## WARNING: build_pipeline(): /obj/machinery/atmospherics/pipe/simple/supply/hidden added to a pipenet while still having one. (pipes leading to the same spot stacking in one turf) Nearby: (187, 158, 2)
## WARNING: build_pipeline(): /obj/machinery/atmospherics/pipe/simple/supply/hidden added to a pipenet while still having one. (pipes leading to the same spot stacking in one turf) Nearby: (184, 162, 2)
## WARNING: build_pipeline(): /obj/machinery/atmospherics/pipe/manifold/supply/hidden added to a pipenet while still having one. (pipes leading to the same spot stacking in one turf) Nearby: (187, 157, 2)
## WARNING: build_pipeline(): /obj/machinery/atmospherics/pipe/manifold/supply/hidden added to a pipenet while still having one. (pipes leading to the same spot stacking in one turf) Nearby: (183, 162, 2)
## WARNING: build_pipeline(): further messages about pipenets will be supressed
Initialized Atmospherics subsystem within 24.1 seconds!
Initialized Minimap subsystem within 0 seconds!
Initialized Assets subsystem within 0.1 seconds!
Initialized Icon Smoothing subsystem within 1.6 seconds!
Initialized Overlay subsystem within 11.5 seconds!
Initialized XKeyScore subsystem within 0 seconds!
Initialized Lighting subsystem within 13.4 seconds!
## WARNING: couldn't find dock with id: whiteship_away in code/controllers/subsystem/shuttle.dm at line 190 src: Shuttle usr: .
Initialized Shuttle subsystem within 37.8 seconds!
Initialized Squeak subsystem within 0 seconds!
Loaded 0 engraved messages on map Delta Station
Initialized Persistence subsystem within 0.1 seconds!
Initializations complete within 216.8 seconds!
Game start took 0s
## WARNING: A ref was requested of an object with use_tag set but no tag: Noober84555 in code/__HELPERS/unsorted.dm at line 1500 src:  usr: Noober84555.
runtime error: 
[02:28:37]Cannot read null.screen
## WARNING: A ref was requested of an object with use_tag set but no tag: the new player in code/__HELPERS/unsorted.dm at line 1500 src:  usr: the new player.
runtime error: 
[02:28:46]Cannot read null.key
runtime error: 
[02:28:46]Cannot read null.martial_art
runtime error: 
[02:28:46]Cannot read null.martial_art
runtime error: 
[02:29:09]Cannot read null.y
runtime error: 
[02:29:09]Cannot read null.y
runtime error: 
[02:29:09]Cannot read null.y
runtime error: 
[02:29:09]Cannot read null.y
runtime error: 
[02:29:09]Cannot read null.y
runtime error: 
[02:29:09]Cannot read null.y
runtime error: 
[02:29:09]Cannot read null.y
runtime error: 
[02:29:09]Cannot read null.y
runtime error: 
[02:29:09]Cannot read null.y
runtime error: 
[02:29:09]Cannot read null.y
runtime error: 
[02:29:09]Cannot read null.y
runtime error: 
[02:29:09]Cannot read null.y
runtime error: 
[02:29:09]Cannot read null.y
runtime error: 
[02:29:09]Cannot read null.y
runtime error: 
[02:29:10]Cannot read null.y
runtime error: 
[02:29:10]Cannot read null.y
runtime error: 
[02:29:10]Cannot read null.y
runtime error: 
[02:29:10]Cannot read null.y
runtime error: 
[02:29:10]Cannot read null.y
runtime error: 
[02:29:10]Cannot read null.y
runtime error: 
[02:29:10]Cannot read null.y
runtime error: 
[02:29:10]Cannot read null.y
runtime error: 
[02:29:10]Cannot read null.y
runtime error: 
[02:29:10]Cannot read null.y
runtime error: 
[02:29:12]Cannot read null.y
runtime error: 
[02:29:12]Cannot read null.y
runtime error: 
[02:29:13]Cannot read null.y
runtime error: 
[02:29:13]Cannot read null.y
runtime error: 
[02:29:13]Cannot read null.y
runtime error: 
[02:29:13]Cannot read null.y
runtime error: 
[02:29:13]Cannot read null.y
runtime error: 
[02:29:13]Cannot read null.y
runtime error: 
[02:29:13]Cannot read null.y
runtime error: 
[02:29:13]Cannot read null.y
runtime error: 
[02:29:13]Cannot read null.y
runtime error: 
[02:29:13]Cannot read null.y
runtime error: 
[02:29:13]Cannot read null.y
runtime error: 
[02:29:13]Cannot read null.y
runtime error: 
[02:29:13]Cannot read null.y
runtime error: 
[02:29:13]Cannot read null.y
runtime error: 
[02:29:13]Cannot read null.y
runtime error: 
[02:29:13]Cannot read null.y
runtime error: 
[02:29:13]Cannot read null.y
runtime error: 
[02:29:13]Cannot read null.y
runtime error: 
[02:29:13]Cannot read null.y
runtime error: 
[02:29:13]Cannot read null.y
runtime error: 
[02:29:13]Cannot read null.y
runtime error: 
[02:29:14]Cannot read null.y
runtime error: 
[02:29:16]Cannot read null.y
runtime error: 
[02:29:16]Cannot read null.y
runtime error: 
[02:29:17]Cannot read null.y
runtime error: 
[02:29:41]Cannot read null.martial_art
runtime error: 
[02:29:41]Cannot read null.key
runtime error: 
[02:29:41]Cannot read null.martial_art
runtime error: 
[02:29:41]Cannot read null.key
runtime error: 
[02:29:42]Cannot read null.martial_art
runtime error: 
[02:29:42]Cannot read null.key
runtime error: 
[02:29:42]Cannot read null.martial_art
runtime error: 
[02:29:43]Cannot read null.key
runtime error: 
[02:29:43]Cannot read null.martial_art
runtime error: 
[02:29:43]Cannot read null.key
runtime error: 
[02:29:45]Cannot read null.martial_art
runtime error: 
[02:29:45]Cannot read null.key
runtime error: 
[02:29:47]Cannot read null.martial_art
runtime error: 
[02:29:47]Cannot read null.key
runtime error: 
[02:29:47]Cannot read null.martial_art
runtime error: 
[02:29:47]Cannot read null.key
runtime error: 
[02:29:47]Cannot read null.martial_art
runtime error: 
[02:29:47]Cannot read null.key
runtime error: 
[02:29:48]Cannot read null.martial_art
runtime error: 
[02:29:48]Cannot read null.key
runtime error: 
[02:29:48]Cannot read null.martial_art
runtime error: 
[02:29:48]Cannot read null.key
runtime error: 
[02:29:49]Cannot read null.martial_art
runtime error: 
[02:29:49]Cannot read null.key
runtime error: 
[02:29:54]Cannot read null.martial_art
runtime error: 
[02:29:56]Cannot read null.martial_art
runtime error: 
[02:30:00]Cannot read null.level
runtime error: 
[02:30:01]Cannot read null.air
runtime error: 
[02:30:01]Component is missing a pipenet! Rebuilding...
runtime error: 
[02:30:01]Cannot read null.martial_art
runtime error: 
[02:30:01]Cannot read null.martial_art
runtime error: 
[02:30:01]Component is missing a pipenet! Rebuilding...
runtime error: 
[02:30:02]Component is missing a pipenet! Rebuilding...
runtime error: 
[02:30:02]Component is missing a pipenet! Rebuilding...
runtime error: 
[02:30:02]Component is missing a pipenet! Rebuilding...
runtime error: 
[02:30:02]Component is missing a pipenet! Rebuilding...
runtime error: 
[02:30:02]Component is missing a pipenet! Rebuilding...
runtime error: 
[02:30:02]Component is missing a pipenet! Rebuilding...
runtime error: 
[02:30:03]Cannot read null.martial_art
runtime error: 
[02:30:13]Cannot read null.air
runtime error: 
[02:30:13]Component is missing a pipenet! Rebuilding...
runtime error: 
[02:30:13]Component is missing a pipenet! Rebuilding...
runtime error: 
[02:30:13]Component is missing a pipenet! Rebuilding...
runtime error: 
[02:30:13]Component is missing a pipenet! Rebuilding...
runtime error: 
[02:30:13]Component is missing a pipenet! Rebuilding...
runtime error: 
[02:30:13]Component is missing a pipenet! Rebuilding...
runtime error: 
[02:30:13]Component is missing a pipenet! Rebuilding...
runtime error: 
[02:30:13]Component is missing a pipenet! Rebuilding...
runtime error: 
[02:30:13]Component is missing a pipenet! Rebuilding...
runtime error: 
[02:30:13]Component is missing a pipenet! Rebuilding...
runtime error: 
[02:30:13]Component is missing a pipenet! Rebuilding...
runtime error: 
[02:30:13]Component is missing a pipenet! Rebuilding...
runtime error: 
[02:30:13]Component is missing a pipenet! Rebuilding...
runtime error: 
[02:30:13]Component is missing a pipenet! Rebuilding...
runtime error: 
[02:30:13]Component is missing a pipenet! Rebuilding...
runtime error: 
[02:30:13]Component is missing a pipenet! Rebuilding...
runtime error: 
[02:30:13]Component is missing a pipenet! Rebuilding...
runtime error: 
[02:30:13]Component is missing a pipenet! Rebuilding...
runtime error: 
[02:30:13]Component is missing a pipenet! Rebuilding...
runtime error: 
[02:30:13]Component is missing a pipenet! Rebuilding...
runtime error: 
[02:30:13]Component is missing a pipenet! Rebuilding...
runtime error: 
[02:30:13]Component is missing a pipenet! Rebuilding...
runtime error: 
[02:30:13]Component is missing a pipenet! Rebuilding...
runtime error: 
[02:30:13]Component is missing a pipenet! Rebuilding...
runtime error: 
[02:30:13]Component is missing a pipenet! Rebuilding...
runtime error: 
[02:30:13]Component is missing a pipenet! Rebuilding...
runtime error: 
[02:30:13]Component is missing a pipenet! Rebuilding...
runtime error: 
[02:30:13]Component is missing a pipenet! Rebuilding...
runtime error: 
[02:30:13]Component is missing a pipenet! Rebuilding...
runtime error: 
[02:30:13]Component is missing a pipenet! Rebuilding...
runtime error: 
[02:30:13]Component is missing a pipenet! Rebuilding...
runtime error: 
[02:30:13]Component is missing a pipenet! Rebuilding...
runtime error: 
[02:30:13]Component is missing a pipenet! Rebuilding...
runtime error: 
[02:30:13]Component is missing a pipenet! Rebuilding...
runtime error: 
[02:30:13]Component is missing a pipenet! Rebuilding...
runtime error: 
[02:30:13]Component is missing a pipenet! Rebuilding...
runtime error: 
[02:30:13]Component is missing a pipenet! Rebuilding...
runtime error: 
[02:30:13]Component is missing a pipenet! Rebuilding...
runtime error: 
[02:30:13]Component is missing a pipenet! Rebuilding...
runtime error: 
[02:30:13]Component is missing a pipenet! Rebuilding...
runtime error: 
[02:30:13]Component is missing a pipenet! Rebuilding...
runtime error: 
[02:30:13]Component is missing a pipenet! Rebuilding...
runtime error: 
[02:30:13]Component is missing a pipenet! Rebuilding...
runtime error: 
[02:30:18]Cannot read null.air
runtime error: 
[02:30:21]Cannot read null.air
runtime error: 
[02:30:23]Cannot read null.air
runtime error: 
[02:30:25]Cannot read null.air
runtime error: 
[02:30:27]Cannot read null.air
runtime error: 
[02:30:28]Cannot read null.air
runtime error: 
[02:30:30]Cannot read null.air
runtime error: 
[02:30:32]Cannot read null.air
runtime error: 
[02:30:34]Cannot read null.air
runtime error: 
[02:30:35]Cannot read null.air
runtime error: 
[02:30:36]Cannot read null.air
runtime error: 
[02:30:38]Cannot read null.air
runtime error: 
[02:30:39]Cannot read null.air
runtime error: 
[02:30:40]Cannot read null.air
runtime error: 
[02:30:42]Cannot read null.air
runtime error: 
[02:30:43]Cannot read null.air
runtime error: 
[02:30:44]Cannot read null.air
runtime error: 
[02:30:45]Cannot read null.air
runtime error: 
[02:30:46]Cannot read null.air
runtime error: 
[02:30:47]Cannot read null.air
runtime error: 
[02:30:48]Cannot read null.air
runtime error: 
[02:30:49]Cannot read null.air
runtime error: 
[02:30:50]Cannot read null.air
runtime error: 
[02:30:51]Cannot read null.air
runtime error: 
[02:30:52]Cannot read null.air
runtime error: 
[02:30:53]Cannot read null.air
runtime error: 
[02:30:54]Cannot read null.air
runtime error: 
[02:30:56]Cannot read null.air
runtime error: 
[02:30:57]Cannot read null.air
runtime error: 
[02:30:58]Cannot read null.air
runtime error: 
[02:30:58]Cannot read null.air
runtime error: 
[02:30:59]Cannot read null.air
runtime error: 
[02:31:00]Cannot read null.air
runtime error: 
[02:31:00]Cannot read null.air
runtime error: 
[02:31:01]Cannot read null.air
runtime error: 
[02:31:01]Cannot read null.air
runtime error: 
[02:31:03]Cannot read null.air
runtime error: 
[02:31:03]Cannot read null.air
runtime error: 
[02:31:04]Cannot read null.air
runtime error: 
[02:31:04]Cannot read null.air
runtime error: 
[02:31:05]Cannot read null.air
runtime error: 
[02:31:06]Cannot read null.air
runtime error: 
[02:31:07]Cannot read null.air
runtime error: 
[02:31:07]Cannot read null.air
runtime error: 
[02:31:08]Cannot read null.air
runtime error: 
[02:31:09]Cannot read null.air
runtime error: 
[02:31:10]Cannot read null.air
runtime error: 
[02:31:11]Cannot read null.air
runtime error: 
[02:31:12]Cannot read null.air
runtime error: 
[02:31:12]Cannot read null.air
## WARNING: A ref was requested of an object with use_tag set but no tag: Ss13isaids in code/__HELPERS/unsorted.dm at line 1500 src:  usr: Ss13isaids.
runtime error: 
[02:31:37]Cannot read null.key
runtime error: 
[02:31:37]Cannot read null.martial_art
runtime error: 
[02:31:37]Cannot read null.martial_art
runtime error: 
[02:33:58]Cannot execute null.add reagent().
runtime error: 
[02:34:08]Cannot execute null.add reagent().
runtime error: 
[02:34:15]Cannot execute null.add reagent().
runtime error: 
[02:34:15]Cannot execute null.add reagent().
runtime error: 
[02:34:15]Cannot execute null.add reagent().
runtime error: 
[02:34:24]Cannot execute null.add reagent().
runtime error: 
[02:34:24]Cannot execute null.add reagent().
runtime error: 
[02:34:24]Cannot execute null.add reagent().
runtime error: 
[02:36:03]Cannot execute null.add reagent().
runtime error: 
[02:36:09]Cannot execute null.add reagent().
runtime error: 
[02:36:09]Cannot execute null.add reagent().
runtime error: 
[02:36:09]Cannot execute null.add reagent().
runtime error: 
[02:36:09]Cannot execute null.add reagent().
runtime error: 
[02:39:50]Undefined variable /obj/effect/particle_effect/sparks/var/swimming

runtime error: 
[02:39:50]Undefined variable /obj/effect/particle_effect/sparks/var/swimming

runtime error: 
[02:39:50]Undefined variable /obj/effect/particle_effect/sparks/var/swimming

runtime error: 
[02:39:50]Undefined variable /obj/effect/particle_effect/sparks/var/swimming

runtime error: 
[02:39:50]Undefined variable /obj/item/folder/yellow/var/swimming

runtime error: 
[02:39:50]Undefined variable /obj/item/pen/var/swimming

runtime error: 
[02:39:50]Undefined variable /obj/item/storage/fancy/cigarettes/cigars/cohiba/var/swimming

runtime error: 
[02:39:50]Undefined variable /obj/item/reagent_containers/food/drinks/beer/var/swimming

runtime error: 
[02:39:50]Undefined variable /obj/item/pipe/binary/bendable/var/swimming

runtime error: 
[02:39:50]Undefined variable /obj/item/book/manual/barman_recipes/var/swimming

runtime error: 
[02:39:50]Undefined variable /obj/item/vending_refill/boozeomat/var/swimming

runtime error: 
[02:39:50]Undefined variable /obj/item/poster/var/swimming

runtime error: 
[02:39:50]Undefined variable /obj/item/vending_refill/boozeomat/var/swimming

runtime error: 
[02:39:50]Undefined variable /obj/item/shard/var/swimming

runtime error: 
[02:39:50]Undefined variable /obj/item/storage/pill_bottle/dice/var/swimming

runtime error: 
[02:39:50]Undefined variable /obj/item/reagent_containers/food/drinks/bottle/rum/var/swimming

runtime error: 
[02:39:51]Undefined variable /obj/item/storage/fancy/cigarettes/var/swimming

runtime error: 
[02:39:51]Undefined variable /obj/effect/particle_effect/sparks/var/swimming

runtime error: 
[02:39:51]Undefined variable /obj/effect/particle_effect/sparks/var/swimming

runtime error: 
[02:39:51]Undefined variable /obj/effect/particle_effect/sparks/var/swimming

runtime error: 
[02:39:51]Undefined variable /obj/item/shard/var/swimming

runtime error: 
[02:39:51]Undefined variable /obj/item/reagent_containers/food/drinks/beer/var/swimming

runtime error: 
[02:39:51]Undefined variable /obj/item/shard/var/swimming

runtime error: 
[02:39:51]Undefined variable /obj/item/circuitboard/machine/vendor/var/swimming

runtime error: 
[02:39:51]Undefined variable /obj/item/shard/var/swimming

runtime error: 
[02:39:51]Undefined variable /obj/item/reagent_containers/food/drinks/shaker/var/swimming

runtime error: 
[02:39:51]Undefined variable /obj/item/storage/fancy/cigarettes/cigars/var/swimming

runtime error: 
[02:39:51]Undefined variable /obj/item/lighter/greyscale/var/swimming

runtime error: 
[02:39:51]Undefined variable /obj/item/reagent_containers/food/snacks/cheesiehonkers/var/swimming

runtime error: 
[02:39:51]Undefined variable /obj/item/stock_parts/micro_laser/var/swimming

runtime error: 
[02:39:52]Undefined variable /obj/item/shard/var/swimming

runtime error: 
[02:39:52]Undefined variable /obj/item/stack/cable_coil/var/swimming

runtime error: 
[02:39:52]Undefined variable /obj/item/pipe/binary/bendable/var/swimming

runtime error: 
[02:39:52]Undefined variable /obj/item/device/camera_film/var/swimming

runtime error: 
[02:39:52]Undefined variable /obj/item/shard/var/swimming

runtime error: 
[02:39:52]Undefined variable /obj/item/twohanded/required/kirbyplants/random/var/swimming

runtime error: 
[02:39:52]Undefined variable /obj/item/device/flashlight/lamp/var/swimming

runtime error: 
[02:39:52]Undefined variable /obj/item/storage/fancy/rollingpapers/var/swimming

runtime error: 
[02:39:52]Undefined variable /obj/item/projectile/beam/emitter/var/swimming

runtime error: 
[02:39:52]Undefined variable /obj/item/light/tube/var/swimming

runtime error: 
[02:39:52]Undefined variable /obj/item/projectile/beam/emitter/var/swimming

runtime error: 
[02:39:52]Undefined variable /obj/item/vending_refill/cigarette/var/swimming

runtime error: 
[02:39:52]Undefined variable /obj/item/projectile/beam/emitter/var/swimming

runtime error: 
[02:39:52]Undefined variable /obj/item/projectile/beam/emitter/var/swimming

runtime error: 
[02:39:52]Undefined variable /obj/item/projectile/beam/emitter/var/swimming

runtime error: 
[02:39:52]Undefined variable /obj/item/projectile/beam/emitter/var/swimming

runtime error: 
[02:39:52]Undefined variable /obj/item/shard/var/swimming

runtime error: 
[02:39:52]Undefined variable /obj/item/projectile/beam/emitter/var/swimming

runtime error: 
[02:39:52]Undefined variable /obj/item/projectile/beam/emitter/var/swimming

runtime error: 
[02:39:52]Undefined variable /obj/item/projectile/beam/emitter/var/swimming

runtime error: 
[02:39:52]Undefined variable /obj/item/projectile/beam/emitter/var/swimming

runtime error: 
[02:39:54]undefined proc or verb /mob/living/simple_animal/hostile/megafauna/colossus/remove overlay().

runtime error: 
[02:39:54]undefined proc or verb /mob/living/simple_animal/slime/remove overlay().

runtime error: 
[02:39:54]undefined proc or verb /mob/living/simple_animal/hostile/megafauna/colossus/remove overlay().

runtime error: 
[02:39:54]undefined proc or verb /mob/living/simple_animal/hostile/megafauna/colossus/remove overlay().

runtime error: 
[02:39:55]undefined proc or verb /mob/living/simple_animal/hostile/megafauna/colossus/remove overlay().

runtime error: 
[02:39:55]undefined proc or verb /mob/living/simple_animal/hostile/megafauna/colossus/remove overlay().

runtime error: 
[02:39:56]undefined proc or verb /mob/living/simple_animal/hostile/creature/remove overlay().

runtime error: 
[02:39:56]undefined proc or verb /mob/living/simple_animal/hostile/asteroid/hivelord/legion/random/remove overlay().

runtime error: 
[02:39:56]undefined proc or verb /mob/living/simple_animal/hostile/asteroid/hivelord/legion/random/remove overlay().

runtime error: 
[02:39:56]undefined proc or verb /mob/living/simple_animal/hostile/asteroid/goliath/beast/random/remove overlay().

runtime error: 
[02:39:56]undefined proc or verb /mob/living/simple_animal/hostile/asteroid/goliath/beast/random/remove overlay().

runtime error: 
[02:39:56]undefined proc or verb /mob/living/simple_animal/hostile/asteroid/hivelord/legion/random/remove overlay().

runtime error: 
[02:39:56]undefined proc or verb /mob/living/simple_animal/hostile/asteroid/goldgrub/remove overlay().

runtime error: 
[02:39:56]undefined proc or verb /mob/living/simple_animal/hostile/asteroid/goliath/beast/random/remove overlay().

runtime error: 
[02:39:56]undefined proc or verb /mob/living/simple_animal/hostile/asteroid/hivelord/legion/random/remove overlay().

runtime error: 
[02:39:56]undefined proc or verb /mob/living/simple_animal/hostile/megafauna/bubblegum/remove overlay().

runtime error: 
[02:39:57]undefined proc or verb /mob/living/simple_animal/slime/remove overlay().

runtime error: 
[02:40:00]undefined proc or verb /mob/living/simple_animal/slime/remove overlay().

runtime error: 
[02:40:03]undefined proc or verb /mob/living/simple_animal/slime/remove overlay().

runtime error: 
[02:40:03]undefined proc or verb /mob/living/simple_animal/slime/remove overlay().

runtime error: 
[02:40:04]undefined proc or verb /mob/living/simple_animal/hostile/asteroid/hivelord/legion/random/remove overlay().

runtime error: 
[02:40:04]undefined proc or verb /mob/living/simple_animal/hostile/asteroid/hivelord/legion/random/remove overlay().

runtime error: 
[02:40:04]undefined proc or verb /mob/living/simple_animal/hostile/asteroid/goliath/beast/random/remove overlay().

runtime error: 
[02:40:04]undefined proc or verb /mob/living/simple_animal/hostile/asteroid/goliath/beast/random/remove overlay().

runtime error: 
[02:40:04]undefined proc or verb /mob/living/simple_animal/hostile/asteroid/hivelord/legion/random/remove overlay().

runtime error: 
[02:40:04]undefined proc or verb /mob/living/simple_animal/hostile/asteroid/goldgrub/remove overlay().

runtime error: 
[02:40:04]undefined proc or verb /mob/living/simple_animal/hostile/asteroid/goliath/beast/random/remove overlay().

runtime error: 
[02:40:04]undefined proc or verb /mob/living/simple_animal/hostile/megafauna/bubblegum/remove overlay().

runtime error: 
[02:40:08]undefined proc or verb /mob/living/simple_animal/slime/remove overlay().

runtime error: 
[02:40:09]undefined proc or verb /mob/living/simple_animal/cockroach/remove overlay().

runtime error: 
[02:40:09]undefined proc or verb /mob/living/simple_animal/cockroach/remove overlay().

runtime error: 
[02:40:09]undefined proc or verb /mob/living/simple_animal/cockroach/remove overlay().

runtime error: 
[02:40:09]undefined proc or verb /mob/living/simple_animal/cockroach/remove overlay().

runtime error: 
[02:40:09]undefined proc or verb /mob/living/simple_animal/pet/dog/pug/remove overlay().

runtime error: 
[02:40:09]undefined proc or verb /mob/living/simple_animal/cockroach/remove overlay().

runtime error: 
[02:40:09]undefined proc or verb /mob/living/simple_animal/cockroach/remove overlay().

runtime error: 
[02:40:09]undefined proc or verb /mob/living/simple_animal/cockroach/remove overlay().

runtime error: 
[02:40:09]undefined proc or verb /mob/living/simple_animal/cockroach/remove overlay().

runtime error: 
[02:40:09]undefined proc or verb /mob/living/simple_animal/cockroach/remove overlay().

runtime error: 
[02:40:09]undefined proc or verb /mob/living/simple_animal/pet/dog/corgi/Ian/remove overlay().

runtime error: 
[02:40:09]undefined proc or verb /mob/living/simple_animal/pet/fox/Renault/remove overlay().

runtime error: 
[02:40:09]undefined proc or verb /mob/living/simple_animal/cockroach/remove overlay().

runtime error: 
[02:40:09]undefined proc or verb /mob/living/simple_animal/sloth/citrus/remove overlay().

runtime error: 
[02:40:09]undefined proc or verb /mob/living/simple_animal/cockroach/remove overlay().

runtime error: 
[02:40:09]undefined proc or verb /mob/living/simple_animal/mouse/remove overlay().

runtime error: 
[02:40:09]undefined proc or verb /mob/living/simple_animal/cockroach/remove overlay().

runtime error: 
[02:40:11]undefined proc or verb /mob/living/simple_animal/slime/remove overlay().

runtime error: 
[02:40:13]undefined proc or verb /mob/living/simple_animal/hostile/creature/remove overlay().

runtime error: 
[02:40:13]undefined proc or verb /mob/living/simple_animal/hostile/asteroid/hivelord/legion/random/remove overlay().

runtime error: 
[02:40:13]undefined proc or verb /mob/living/simple_animal/hostile/asteroid/goliath/beast/random/remove overlay().

runtime error: 
[02:40:13]undefined proc or verb /mob/living/simple_animal/hostile/asteroid/goliath/beast/random/remove overlay().

runtime error: 
[02:41:35]Cannot read null.y
runtime error: 
[02:41:35]Cannot read null.y
runtime error: 
[02:41:35]Cannot read null.y
runtime error: 
[02:41:36]Cannot read null.y
runtime error: 
[02:41:36]Cannot read null.y
runtime error: 
[02:41:36]Cannot read null.y
runtime error: 
[02:41:36]Cannot read null.y
runtime error: 
[02:41:36]Cannot read null.y
runtime error: 
[02:41:36]Cannot read null.y
runtime error: 
[02:41:36]Cannot read null.y
runtime error: 
[02:41:36]Cannot read null.y
runtime error: 
[02:41:36]Cannot read null.y
runtime error: 
[02:41:36]Cannot read null.y
runtime error: 
[02:41:37]Cannot read null.y
runtime error: 
[02:41:37]Cannot read null.y
runtime error: 
[02:41:37]Cannot read null.y
runtime error: 
[02:41:37]Cannot read null.y
runtime error: 
[02:41:37]Cannot read null.y
runtime error: 
[02:41:37]Cannot read null.y
runtime error: 
[02:41:37]Cannot read null.y
runtime error: 
[02:41:37]Cannot read null.y
runtime error: 
[02:41:37]Cannot read null.y
runtime error: 
[02:41:37]Cannot read null.y
runtime error: 
[02:41:38]Cannot read null.y
runtime error: 
[02:41:38]Cannot read null.y
runtime error: 
[02:41:38]Cannot read null.y
runtime error: 
[02:41:38]Cannot read null.y
runtime error: 
[02:41:38]Cannot read null.y
runtime error: 
[02:41:38]Cannot read null.y
runtime error: 
[02:41:39]Cannot read null.y
runtime error: 
[02:41:39]Cannot read null.y
runtime error: 
[02:41:39]Cannot read null.y
runtime error: 
[02:41:39]Cannot read null.y
runtime error: 
[02:41:39]Cannot read null.y
runtime error: 
[02:41:39]Cannot read null.y
runtime error: 
[02:41:39]Cannot read null.y
runtime error: 
[02:41:39]Cannot read null.y
runtime error: 
[02:41:39]Cannot read null.y
runtime error: 
[02:41:40]Cannot read null.y
runtime error: 
[02:41:40]Cannot read null.y
runtime error: 
[02:41:40]Cannot read null.y
runtime error: 
[02:41:40]Cannot read null.y
runtime error: 
[02:41:40]Cannot read null.y
runtime error: 
[02:41:40]Cannot read null.y
runtime error: 
[02:41:40]Cannot read null.y
runtime error: 
[02:41:40]Cannot read null.y
runtime error: 
[02:41:40]Cannot read null.y
runtime error: 
[02:41:40]Cannot read null.y
runtime error: 
[02:41:41]Cannot read null.y
runtime error: 
[02:41:41]Cannot read null.y
runtime error: 
[02:41:41]Cannot read null.y
runtime error: 
[02:42:58]Cannot read null.key
Shutting down Persistence subsystem...
Shutting down Squeak subsystem...
Shutting down Shuttle subsystem...
Shutting down Lighting subsystem...
Shutting down XKeyScore subsystem...
Shutting down Sticky Ban subsystem...
Shutting down Overlay subsystem...
Shutting down Icon Smoothing subsystem...
Shutting down Assets subsystem...
Shutting down Minimap subsystem...
Shutting down Atmospherics subsystem...
Shutting down Weather subsystem...
Shutting down Vote subsystem...
Shutting down Title Screen subsystem...
Shutting down Time Tracking subsystem...
Shutting down Throwing subsystem...
Shutting down tgui subsystem...
Shutting down Sun subsystem...
Shutting down Space Drift subsystem...
Shutting down Religion subsystem...
Shutting down Radio subsystem...
Shutting down Radiation subsystem...
Shutting down Projectiles subsystem...
Shutting down Processing subsystem...
Shutting down Parallax subsystem...
Shutting down pAI subsystem...
Shutting down Orbits subsystem...
Shutting down Objects subsystem...
Shutting down NPC Pool subsystem...
Shutting down Mobs subsystem...
Shutting down Inbounds subsystem...
Shutting down Idling NPC Pool subsystem...
Shutting down Garbage subsystem...
Shutting down Flightpack Movement subsystem...
Shutting down Fire Burning subsystem...
Shutting down Fields subsystem...
Shutting down Fast Processing subsystem...
Shutting down Disease subsystem...
Shutting down Communications subsystem...
Shutting down Augury subsystem...
Shutting down Acid subsystem...
Shutting down Timer subsystem...
Shutting down Circuit subsystem...
Shutting down Machines subsystem...
Shutting down Language subsystem...
Shutting down Atoms subsystem...
Shutting down Mapping subsystem...
Shutting down Ticker subsystem...
Shutting down Jobs subsystem...
Shutting down Events subsystem...
Shutting down Server Tasks subsystem...
Shutting down Blackbox subsystem...
Shutting down Database subsystem...
Shutdown complete
World rebooted at 02:43:52
