

Starting up round ID . 14:18:21
---------------------
Initialized Blackbox subsystem within 0 seconds!
Initialized Server Tasks subsystem within 0 seconds!
Initialized Events subsystem within 0 seconds!
runtime error: 
[14:18:22]cannot read from list
[14:18:22]proc name: LoadJobs (/datum/controller/subsystem/job/proc/LoadJobs)
[14:18:22]  source file: job.dm,448
[14:18:22]  usr: null
[14:18:22]  src: Jobs (/datum/controller/subsystem/job)
[14:18:22]  call stack:
[14:18:22]Jobs (/datum/controller/subsystem/job): LoadJobs()
[14:18:22]Jobs (/datum/controller/subsystem/job): Initialize(659024)
[14:18:22]Master (/datum/controller/master): Initialize(10, 0)
Initialized Jobs subsystem within 0 seconds!
Initialized Ticker subsystem within 0.1 seconds!
Loading Delta Station...
runtime error: 
[14:19:27]Cannot execute /datum/plant_gene/trait/glow (/datum/plant_gene/trait/glow).glow range().
[14:19:27]proc name: New (/obj/structure/glowshroom/New)
[14:19:27]  source file: glowshroom.dm,63
[14:19:27]  usr: null
[14:19:27]  src: the glowshroom (/obj/structure/glowshroom/single)
[14:19:27]  src.loc: Cave Floor (303,71,2) (/turf/open/floor/plating/asteroid)
[14:19:27]  call stack:
[14:19:27]the glowshroom (/obj/structure/glowshroom/single): New(Cave Floor (303,71,2) (/turf/open/floor/plating/asteroid), null, null)
[14:19:27]/dmm_suite (/dmm_suite): create atom(/obj/structure/glowshroom/sing... (/obj/structure/glowshroom/single), Cave Floor (303,71,2) (/turf/open/floor/plating/asteroid))
[14:19:27]/dmm_suite (/dmm_suite): instance atom(/obj/structure/glowshroom/sing... (/obj/structure/glowshroom/single), /list (/list), Cave Floor (303,71,2) (/turf/open/floor/plating/asteroid), 1)
[14:19:27]/dmm_suite (/dmm_suite): parse grid("/obj/structure/glowshroom/sing...", "eAY", 303, 71, 2, 1)
[14:19:27]/dmm_suite (/dmm_suite): load map impl(_maps/map_files/Deltastation/D..., 1, 1, 2, null, null, 1, -1e+031, 1e+031, -1e+031, 1e+031)
[14:19:27]/dmm_suite (/dmm_suite): load map(_maps/map_files/Deltastation/D..., 0, 0, 2, null, null, 1, null, null, null, null)
[14:19:27]Mapping (/datum/controller/subsystem/mapping): TryLoadZ("_maps/map_files/Deltastation/D...", /list (/list), 2, null)
[14:19:27]Mapping (/datum/controller/subsystem/mapping): loadWorld()
[14:19:27]Mapping (/datum/controller/subsystem/mapping): Initialize(659025)
[14:19:27]Master (/datum/controller/master): Initialize(10, 0)
runtime error: 
[14:19:27]Cannot execute /datum/plant_gene/trait/glow (/datum/plant_gene/trait/glow).glow range().
[14:19:27]proc name: New (/obj/structure/glowshroom/New)
[14:19:27]  source file: glowshroom.dm,63
[14:19:27]  usr: null
[14:19:27]  src: the glowshroom (/obj/structure/glowshroom/single)
[14:19:27]  src.loc: Cave Floor (306,70,2) (/turf/open/floor/plating/asteroid)
[14:19:27]  call stack:
[14:19:27]the glowshroom (/obj/structure/glowshroom/single): New(Cave Floor (306,70,2) (/turf/open/floor/plating/asteroid), null, null)
[14:19:27]/dmm_suite (/dmm_suite): create atom(/obj/structure/glowshroom/sing... (/obj/structure/glowshroom/single), Cave Floor (306,70,2) (/turf/open/floor/plating/asteroid))
[14:19:27]/dmm_suite (/dmm_suite): instance atom(/obj/structure/glowshroom/sing... (/obj/structure/glowshroom/single), /list (/list), Cave Floor (306,70,2) (/turf/open/floor/plating/asteroid), 1)
[14:19:27]/dmm_suite (/dmm_suite): parse grid("/obj/structure/glowshroom/sing...", "eAY", 306, 70, 2, 1)
[14:19:27]/dmm_suite (/dmm_suite): load map impl(_maps/map_files/Deltastation/D..., 1, 1, 2, null, null, 1, -1e+031, 1e+031, -1e+031, 1e+031)
[14:19:27]/dmm_suite (/dmm_suite): load map(_maps/map_files/Deltastation/D..., 0, 0, 2, null, null, 1, null, null, null, null)
[14:19:27]Mapping (/datum/controller/subsystem/mapping): TryLoadZ("_maps/map_files/Deltastation/D...", /list (/list), 2, null)
[14:19:27]Mapping (/datum/controller/subsystem/mapping): loadWorld()
[14:19:27]Mapping (/datum/controller/subsystem/mapping): Initialize(659025)
[14:19:27]Master (/datum/controller/master): Initialize(10, 0)
runtime error: 
[14:19:27]Cannot execute /datum/plant_gene/trait/glow (/datum/plant_gene/trait/glow).glow range().
[14:19:27]proc name: New (/obj/structure/glowshroom/New)
[14:19:27]  source file: glowshroom.dm,63
[14:19:27]  usr: null
[14:19:27]  src: the glowshroom (/obj/structure/glowshroom/single)
[14:19:27]  src.loc: Cave Floor (309,70,2) (/turf/open/floor/plating/asteroid)
[14:19:27]  call stack:
[14:19:27]the glowshroom (/obj/structure/glowshroom/single): New(Cave Floor (309,70,2) (/turf/open/floor/plating/asteroid), null, null)
[14:19:27]/dmm_suite (/dmm_suite): create atom(/obj/structure/glowshroom/sing... (/obj/structure/glowshroom/single), Cave Floor (309,70,2) (/turf/open/floor/plating/asteroid))
[14:19:27]/dmm_suite (/dmm_suite): instance atom(/obj/structure/glowshroom/sing... (/obj/structure/glowshroom/single), /list (/list), Cave Floor (309,70,2) (/turf/open/floor/plating/asteroid), 1)
[14:19:27]/dmm_suite (/dmm_suite): parse grid("/obj/structure/glowshroom/sing...", "eAY", 309, 70, 2, 1)
[14:19:27]/dmm_suite (/dmm_suite): load map impl(_maps/map_files/Deltastation/D..., 1, 1, 2, null, null, 1, -1e+031, 1e+031, -1e+031, 1e+031)
[14:19:27]/dmm_suite (/dmm_suite): load map(_maps/map_files/Deltastation/D..., 0, 0, 2, null, null, 1, null, null, null, null)
[14:19:27]Mapping (/datum/controller/subsystem/mapping): TryLoadZ("_maps/map_files/Deltastation/D...", /list (/list), 2, null)
[14:19:27]Mapping (/datum/controller/subsystem/mapping): loadWorld()
[14:19:27]Mapping (/datum/controller/subsystem/mapping): Initialize(659025)
[14:19:27]Master (/datum/controller/master): Initialize(10, 0)
runtime error: 
[14:19:27]Cannot execute /datum/plant_gene/trait/glow (/datum/plant_gene/trait/glow).glow range().
[14:19:27]proc name: New (/obj/structure/glowshroom/New)
[14:19:27]  source file: glowshroom.dm,63
[14:19:27]  usr: null
[14:19:27]  src: the glowshroom (/obj/structure/glowshroom/single)
[14:19:27]  src.loc: Cave Floor (302,69,2) (/turf/open/floor/plating/asteroid)
[14:19:27]  call stack:
[14:19:27]the glowshroom (/obj/structure/glowshroom/single): New(Cave Floor (302,69,2) (/turf/open/floor/plating/asteroid), null, null)
[14:19:27]/dmm_suite (/dmm_suite): create atom(/obj/structure/glowshroom/sing... (/obj/structure/glowshroom/single), Cave Floor (302,69,2) (/turf/open/floor/plating/asteroid))
[14:19:27]/dmm_suite (/dmm_suite): instance atom(/obj/structure/glowshroom/sing... (/obj/structure/glowshroom/single), /list (/list), Cave Floor (302,69,2) (/turf/open/floor/plating/asteroid), 1)
[14:19:27]/dmm_suite (/dmm_suite): parse grid("/obj/structure/glowshroom/sing...", "eAY", 302, 69, 2, 1)
[14:19:27]/dmm_suite (/dmm_suite): load map impl(_maps/map_files/Deltastation/D..., 1, 1, 2, null, null, 1, -1e+031, 1e+031, -1e+031, 1e+031)
[14:19:27]/dmm_suite (/dmm_suite): load map(_maps/map_files/Deltastation/D..., 0, 0, 2, null, null, 1, null, null, null, null)
[14:19:27]Mapping (/datum/controller/subsystem/mapping): TryLoadZ("_maps/map_files/Deltastation/D...", /list (/list), 2, null)
[14:19:27]Mapping (/datum/controller/subsystem/mapping): loadWorld()
[14:19:27]Mapping (/datum/controller/subsystem/mapping): Initialize(659025)
[14:19:27]Master (/datum/controller/master): Initialize(10, 0)
runtime error: 
[14:19:28]Cannot execute /datum/plant_gene/trait/glow (/datum/plant_gene/trait/glow).glow range().
[14:19:28]proc name: New (/obj/structure/glowshroom/New)
[14:19:28]  source file: glowshroom.dm,63
[14:19:28]  usr: null
[14:19:28]  src: the glowshroom (/obj/structure/glowshroom/single)
[14:19:28]  src.loc: Cave Floor (296,55,2) (/turf/open/floor/plating/asteroid)
[14:19:28]  call stack:
[14:19:28]the glowshroom (/obj/structure/glowshroom/single): New(Cave Floor (296,55,2) (/turf/open/floor/plating/asteroid), null, null)
[14:19:28]/dmm_suite (/dmm_suite): create atom(/obj/structure/glowshroom/sing... (/obj/structure/glowshroom/single), Cave Floor (296,55,2) (/turf/open/floor/plating/asteroid))
[14:19:28]/dmm_suite (/dmm_suite): instance atom(/obj/structure/glowshroom/sing... (/obj/structure/glowshroom/single), /list (/list), Cave Floor (296,55,2) (/turf/open/floor/plating/asteroid), 1)
[14:19:28]/dmm_suite (/dmm_suite): parse grid("/obj/structure/glowshroom/sing...", "eFL", 296, 55, 2, 1)
[14:19:28]/dmm_suite (/dmm_suite): load map impl(_maps/map_files/Deltastation/D..., 1, 1, 2, null, null, 1, -1e+031, 1e+031, -1e+031, 1e+031)
[14:19:28]/dmm_suite (/dmm_suite): load map(_maps/map_files/Deltastation/D..., 0, 0, 2, null, null, 1, null, null, null, null)
[14:19:28]Mapping (/datum/controller/subsystem/mapping): TryLoadZ("_maps/map_files/Deltastation/D...", /list (/list), 2, null)
[14:19:28]Mapping (/datum/controller/subsystem/mapping): loadWorld()
[14:19:28]Mapping (/datum/controller/subsystem/mapping): Initialize(659025)
[14:19:28]Master (/datum/controller/master): Initialize(10, 0)
runtime error: 
[14:19:28]Cannot execute /datum/plant_gene/trait/glow (/datum/plant_gene/trait/glow).glow range().
[14:19:28]proc name: New (/obj/structure/glowshroom/New)
[14:19:28]  source file: glowshroom.dm,63
[14:19:28]  usr: null
[14:19:28]  src: the glowshroom (/obj/structure/glowshroom/single)
[14:19:28]  src.loc: Cave Floor (299,55,2) (/turf/open/floor/plating/asteroid)
[14:19:28]  call stack:
[14:19:28]the glowshroom (/obj/structure/glowshroom/single): New(Cave Floor (299,55,2) (/turf/open/floor/plating/asteroid), null, null)
[14:19:28]/dmm_suite (/dmm_suite): create atom(/obj/structure/glowshroom/sing... (/obj/structure/glowshroom/single), Cave Floor (299,55,2) (/turf/open/floor/plating/asteroid))
[14:19:28]/dmm_suite (/dmm_suite): instance atom(/obj/structure/glowshroom/sing... (/obj/structure/glowshroom/single), /list (/list), Cave Floor (299,55,2) (/turf/open/floor/plating/asteroid), 1)
[14:19:28]/dmm_suite (/dmm_suite): parse grid("/obj/structure/glowshroom/sing...", "eFL", 299, 55, 2, 1)
[14:19:28]/dmm_suite (/dmm_suite): load map impl(_maps/map_files/Deltastation/D..., 1, 1, 2, null, null, 1, -1e+031, 1e+031, -1e+031, 1e+031)
[14:19:28]/dmm_suite (/dmm_suite): load map(_maps/map_files/Deltastation/D..., 0, 0, 2, null, null, 1, null, null, null, null)
[14:19:28]Mapping (/datum/controller/subsystem/mapping): TryLoadZ("_maps/map_files/Deltastation/D...", /list (/list), 2, null)
[14:19:28]Mapping (/datum/controller/subsystem/mapping): loadWorld()
[14:19:28]Mapping (/datum/controller/subsystem/mapping): Initialize(659025)
[14:19:28]Master (/datum/controller/master): Initialize(10, 0)
runtime error: 
[14:19:28]Cannot execute /datum/plant_gene/trait/glow (/datum/plant_gene/trait/glow).glow range().
[14:19:28]proc name: New (/obj/structure/glowshroom/New)
[14:19:28]  source file: glowshroom.dm,63
[14:19:28]  usr: null
[14:19:28]  src: the glowshroom (/obj/structure/glowshroom/single)
[14:19:28]  src.loc: Cave Floor (283,53,2) (/turf/open/floor/plating/asteroid)
[14:19:28]  call stack:
[14:19:28]the glowshroom (/obj/structure/glowshroom/single): New(Cave Floor (283,53,2) (/turf/open/floor/plating/asteroid), null, null)
[14:19:28]/dmm_suite (/dmm_suite): create atom(/obj/structure/glowshroom/sing... (/obj/structure/glowshroom/single), Cave Floor (283,53,2) (/turf/open/floor/plating/asteroid))
[14:19:28]/dmm_suite (/dmm_suite): instance atom(/obj/structure/glowshroom/sing... (/obj/structure/glowshroom/single), /list (/list), Cave Floor (283,53,2) (/turf/open/floor/plating/asteroid), 1)
[14:19:28]/dmm_suite (/dmm_suite): parse grid("/obj/structure/glowshroom/sing...", "eFL", 283, 53, 2, 1)
[14:19:28]/dmm_suite (/dmm_suite): load map impl(_maps/map_files/Deltastation/D..., 1, 1, 2, null, null, 1, -1e+031, 1e+031, -1e+031, 1e+031)
[14:19:28]/dmm_suite (/dmm_suite): load map(_maps/map_files/Deltastation/D..., 0, 0, 2, null, null, 1, null, null, null, null)
[14:19:28]Mapping (/datum/controller/subsystem/mapping): TryLoadZ("_maps/map_files/Deltastation/D...", /list (/list), 2, null)
[14:19:28]Mapping (/datum/controller/subsystem/mapping): loadWorld()
[14:19:28]Mapping (/datum/controller/subsystem/mapping): Initialize(659025)
[14:19:28]Master (/datum/controller/master): Initialize(10, 0)
runtime error: 
[14:19:28]Cannot execute /datum/plant_gene/trait/glow (/datum/plant_gene/trait/glow).glow range().
[14:19:28]proc name: New (/obj/structure/glowshroom/New)
[14:19:28]  source file: glowshroom.dm,63
[14:19:28]  usr: null
[14:19:28]  src: the glowshroom (/obj/structure/glowshroom/single)
[14:19:28]  src.loc: Cave Floor (302,53,2) (/turf/open/floor/plating/asteroid)
[14:19:28]  call stack:
[14:19:28]the glowshroom (/obj/structure/glowshroom/single): New(Cave Floor (302,53,2) (/turf/open/floor/plating/asteroid), null, null)
[14:19:28]/dmm_suite (/dmm_suite): create atom(/obj/structure/glowshroom/sing... (/obj/structure/glowshroom/single), Cave Floor (302,53,2) (/turf/open/floor/plating/asteroid))
[14:19:28]/dmm_suite (/dmm_suite): instance atom(/obj/structure/glowshroom/sing... (/obj/structure/glowshroom/single), /list (/list), Cave Floor (302,53,2) (/turf/open/floor/plating/asteroid), 1)
[14:19:28]/dmm_suite (/dmm_suite): parse grid("/obj/structure/glowshroom/sing...", "eFL", 302, 53, 2, 1)
[14:19:28]/dmm_suite (/dmm_suite): load map impl(_maps/map_files/Deltastation/D..., 1, 1, 2, null, null, 1, -1e+031, 1e+031, -1e+031, 1e+031)
[14:19:28]/dmm_suite (/dmm_suite): load map(_maps/map_files/Deltastation/D..., 0, 0, 2, null, null, 1, null, null, null, null)
[14:19:28]Mapping (/datum/controller/subsystem/mapping): TryLoadZ("_maps/map_files/Deltastation/D...", /list (/list), 2, null)
[14:19:28]Mapping (/datum/controller/subsystem/mapping): loadWorld()
[14:19:28]Mapping (/datum/controller/subsystem/mapping): Initialize(659025)
[14:19:28]Master (/datum/controller/master): Initialize(10, 0)
runtime error: 
[14:19:28]Cannot execute /datum/plant_gene/trait/glow (/datum/plant_gene/trait/glow).glow range().
[14:19:28]proc name: New (/obj/structure/glowshroom/New)
[14:19:28]  source file: glowshroom.dm,63
[14:19:28]  usr: null
[14:19:28]  src: the glowshroom (/obj/structure/glowshroom/single)
[14:19:28]  src.loc: Cave Floor (276,52,2) (/turf/open/floor/plating/asteroid)
[14:19:28]  call stack:
[14:19:28]the glowshroom (/obj/structure/glowshroom/single): New(Cave Floor (276,52,2) (/turf/open/floor/plating/asteroid), null, null)
[14:19:28]/dmm_suite (/dmm_suite): create atom(/obj/structure/glowshroom/sing... (/obj/structure/glowshroom/single), Cave Floor (276,52,2) (/turf/open/floor/plating/asteroid))
[14:19:28]/dmm_suite (/dmm_suite): instance atom(/obj/structure/glowshroom/sing... (/obj/structure/glowshroom/single), /list (/list), Cave Floor (276,52,2) (/turf/open/floor/plating/asteroid), 1)
[14:19:28]/dmm_suite (/dmm_suite): parse grid("/obj/structure/glowshroom/sing...", "eFL", 276, 52, 2, 1)
[14:19:28]/dmm_suite (/dmm_suite): load map impl(_maps/map_files/Deltastation/D..., 1, 1, 2, null, null, 1, -1e+031, 1e+031, -1e+031, 1e+031)
[14:19:28]/dmm_suite (/dmm_suite): load map(_maps/map_files/Deltastation/D..., 0, 0, 2, null, null, 1, null, null, null, null)
[14:19:28]Mapping (/datum/controller/subsystem/mapping): TryLoadZ("_maps/map_files/Deltastation/D...", /list (/list), 2, null)
[14:19:28]Mapping (/datum/controller/subsystem/mapping): loadWorld()
[14:19:28]Mapping (/datum/controller/subsystem/mapping): Initialize(659025)
[14:19:28]Master (/datum/controller/master): Initialize(10, 0)
runtime error: 
[14:19:28]Cannot execute /datum/plant_gene/trait/glow (/datum/plant_gene/trait/glow).glow range().
[14:19:28]proc name: New (/obj/structure/glowshroom/New)
[14:19:28]  source file: glowshroom.dm,63
[14:19:28]  usr: null
[14:19:28]  src: the glowshroom (/obj/structure/glowshroom/single)
[14:19:28]  src.loc: Cave Floor (292,51,2) (/turf/open/floor/plating/asteroid)
[14:19:28]  call stack:
[14:19:28]the glowshroom (/obj/structure/glowshroom/single): New(Cave Floor (292,51,2) (/turf/open/floor/plating/asteroid), null, null)
[14:19:28]/dmm_suite (/dmm_suite): create atom(/obj/structure/glowshroom/sing... (/obj/structure/glowshroom/single), Cave Floor (292,51,2) (/turf/open/floor/plating/asteroid))
[14:19:28]/dmm_suite (/dmm_suite): instance atom(/obj/structure/glowshroom/sing... (/obj/structure/glowshroom/single), /list (/list), Cave Floor (292,51,2) (/turf/open/floor/plating/asteroid), 1)
[14:19:28]/dmm_suite (/dmm_suite): parse grid("/obj/structure/glowshroom/sing...", "eFL", 292, 51, 2, 1)
[14:19:28]/dmm_suite (/dmm_suite): load map impl(_maps/map_files/Deltastation/D..., 1, 1, 2, null, null, 1, -1e+031, 1e+031, -1e+031, 1e+031)
[14:19:28]/dmm_suite (/dmm_suite): load map(_maps/map_files/Deltastation/D..., 0, 0, 2, null, null, 1, null, null, null, null)
[14:19:28]Mapping (/datum/controller/subsystem/mapping): TryLoadZ("_maps/map_files/Deltastation/D...", /list (/list), 2, null)
[14:19:28]Mapping (/datum/controller/subsystem/mapping): loadWorld()
[14:19:28]Mapping (/datum/controller/subsystem/mapping): Initialize(659025)
[14:19:28]Master (/datum/controller/master): Initialize(10, 0)
runtime error: 
[14:19:28]Cannot execute /datum/plant_gene/trait/glow (/datum/plant_gene/trait/glow).glow range().
[14:19:28]proc name: New (/obj/structure/glowshroom/New)
[14:19:28]  source file: glowshroom.dm,63
[14:19:28]  usr: null
[14:19:28]  src: the glowshroom (/obj/structure/glowshroom/single)
[14:19:28]  src.loc: Cave Floor (295,51,2) (/turf/open/floor/plating/asteroid)
[14:19:28]  call stack:
[14:19:28]the glowshroom (/obj/structure/glowshroom/single): New(Cave Floor (295,51,2) (/turf/open/floor/plating/asteroid), null, null)
[14:19:28]/dmm_suite (/dmm_suite): create atom(/obj/structure/glowshroom/sing... (/obj/structure/glowshroom/single), Cave Floor (295,51,2) (/turf/open/floor/plating/asteroid))
[14:19:28]/dmm_suite (/dmm_suite): instance atom(/obj/structure/glowshroom/sing... (/obj/structure/glowshroom/single), /list (/list), Cave Floor (295,51,2) (/turf/open/floor/plating/asteroid), 1)
[14:19:28]/dmm_suite (/dmm_suite): parse grid("/obj/structure/glowshroom/sing...", "eFL", 295, 51, 2, 1)
[14:19:28]/dmm_suite (/dmm_suite): load map impl(_maps/map_files/Deltastation/D..., 1, 1, 2, null, null, 1, -1e+031, 1e+031, -1e+031, 1e+031)
[14:19:28]/dmm_suite (/dmm_suite): load map(_maps/map_files/Deltastation/D..., 0, 0, 2, null, null, 1, null, null, null, null)
[14:19:28]Mapping (/datum/controller/subsystem/mapping): TryLoadZ("_maps/map_files/Deltastation/D...", /list (/list), 2, null)
[14:19:28]Mapping (/datum/controller/subsystem/mapping): loadWorld()
[14:19:28]Mapping (/datum/controller/subsystem/mapping): Initialize(659025)
[14:19:28]Master (/datum/controller/master): Initialize(10, 0)
runtime error: 
[14:19:28]Cannot execute /datum/plant_gene/trait/glow (/datum/plant_gene/trait/glow).glow range().
[14:19:28]proc name: New (/obj/structure/glowshroom/New)
[14:19:28]  source file: glowshroom.dm,63
[14:19:28]  usr: null
[14:19:28]  src: the glowshroom (/obj/structure/glowshroom/single)
[14:19:28]  src.loc: Cave Floor (258,49,2) (/turf/open/floor/plating/asteroid)
[14:19:28]  call stack:
[14:19:28]the glowshroom (/obj/structure/glowshroom/single): New(Cave Floor (258,49,2) (/turf/open/floor/plating/asteroid), null, null)
[14:19:28]/dmm_suite (/dmm_suite): create atom(/obj/structure/glowshroom/sing... (/obj/structure/glowshroom/single), Cave Floor (258,49,2) (/turf/open/floor/plating/asteroid))
[14:19:28]/dmm_suite (/dmm_suite): instance atom(/obj/structure/glowshroom/sing... (/obj/structure/glowshroom/single), /list (/list), Cave Floor (258,49,2) (/turf/open/floor/plating/asteroid), 1)
[14:19:28]/dmm_suite (/dmm_suite): parse grid("/obj/structure/glowshroom/sing...", "eFL", 258, 49, 2, 1)
[14:19:28]/dmm_suite (/dmm_suite): load map impl(_maps/map_files/Deltastation/D..., 1, 1, 2, null, null, 1, -1e+031, 1e+031, -1e+031, 1e+031)
[14:19:28]/dmm_suite (/dmm_suite): load map(_maps/map_files/Deltastation/D..., 0, 0, 2, null, null, 1, null, null, null, null)
[14:19:28]Mapping (/datum/controller/subsystem/mapping): TryLoadZ("_maps/map_files/Deltastation/D...", /list (/list), 2, null)
[14:19:28]Mapping (/datum/controller/subsystem/mapping): loadWorld()
[14:19:28]Mapping (/datum/controller/subsystem/mapping): Initialize(659025)
[14:19:28]Master (/datum/controller/master): Initialize(10, 0)
runtime error: 
[14:19:28]Cannot execute /datum/plant_gene/trait/glow (/datum/plant_gene/trait/glow).glow range().
[14:19:28]proc name: New (/obj/structure/glowshroom/New)
[14:19:28]  source file: glowshroom.dm,63
[14:19:28]  usr: null
[14:19:28]  src: the glowshroom (/obj/structure/glowshroom/single)
[14:19:28]  src.loc: Cave Floor (275,49,2) (/turf/open/floor/plating/asteroid)
[14:19:28]  call stack:
[14:19:28]the glowshroom (/obj/structure/glowshroom/single): New(Cave Floor (275,49,2) (/turf/open/floor/plating/asteroid), null, null)
[14:19:28]/dmm_suite (/dmm_suite): create atom(/obj/structure/glowshroom/sing... (/obj/structure/glowshroom/single), Cave Floor (275,49,2) (/turf/open/floor/plating/asteroid))
[14:19:28]/dmm_suite (/dmm_suite): instance atom(/obj/structure/glowshroom/sing... (/obj/structure/glowshroom/single), /list (/list), Cave Floor (275,49,2) (/turf/open/floor/plating/asteroid), 1)
[14:19:28]/dmm_suite (/dmm_suite): parse grid("/obj/structure/glowshroom/sing...", "eFL", 275, 49, 2, 1)
[14:19:28]/dmm_suite (/dmm_suite): load map impl(_maps/map_files/Deltastation/D..., 1, 1, 2, null, null, 1, -1e+031, 1e+031, -1e+031, 1e+031)
[14:19:28]/dmm_suite (/dmm_suite): load map(_maps/map_files/Deltastation/D..., 0, 0, 2, null, null, 1, null, null, null, null)
[14:19:28]Mapping (/datum/controller/subsystem/mapping): TryLoadZ("_maps/map_files/Deltastation/D...", /list (/list), 2, null)
[14:19:28]Mapping (/datum/controller/subsystem/mapping): loadWorld()
[14:19:28]Mapping (/datum/controller/subsystem/mapping): Initialize(659025)
[14:19:28]Master (/datum/controller/master): Initialize(10, 0)
runtime error: 
[14:19:28]Cannot execute /datum/plant_gene/trait/glow (/datum/plant_gene/trait/glow).glow range().
[14:19:28]proc name: New (/obj/structure/glowshroom/New)
[14:19:28]  source file: glowshroom.dm,63
[14:19:28]  usr: null
[14:19:28]  src: the glowshroom (/obj/structure/glowshroom/single)
[14:19:28]  src.loc: Cave Floor (261,48,2) (/turf/open/floor/plating/asteroid)
[14:19:28]  call stack:
[14:19:28]the glowshroom (/obj/structure/glowshroom/single): New(Cave Floor (261,48,2) (/turf/open/floor/plating/asteroid), null, null)
[14:19:28]/dmm_suite (/dmm_suite): create atom(/obj/structure/glowshroom/sing... (/obj/structure/glowshroom/single), Cave Floor (261,48,2) (/turf/open/floor/plating/asteroid))
[14:19:28]/dmm_suite (/dmm_suite): instance atom(/obj/structure/glowshroom/sing... (/obj/structure/glowshroom/single), /list (/list), Cave Floor (261,48,2) (/turf/open/floor/plating/asteroid), 1)
[14:19:28]/dmm_suite (/dmm_suite): parse grid("/obj/structure/glowshroom/sing...", "eFL", 261, 48, 2, 1)
[14:19:28]/dmm_suite (/dmm_suite): load map impl(_maps/map_files/Deltastation/D..., 1, 1, 2, null, null, 1, -1e+031, 1e+031, -1e+031, 1e+031)
[14:19:28]/dmm_suite (/dmm_suite): load map(_maps/map_files/Deltastation/D..., 0, 0, 2, null, null, 1, null, null, null, null)
[14:19:28]Mapping (/datum/controller/subsystem/mapping): TryLoadZ("_maps/map_files/Deltastation/D...", /list (/list), 2, null)
[14:19:28]Mapping (/datum/controller/subsystem/mapping): loadWorld()
[14:19:28]Mapping (/datum/controller/subsystem/mapping): Initialize(659025)
[14:19:28]Master (/datum/controller/master): Initialize(10, 0)
runtime error: 
[14:19:28]Cannot execute /datum/plant_gene/trait/glow (/datum/plant_gene/trait/glow).glow range().
[14:19:28]proc name: New (/obj/structure/glowshroom/New)
[14:19:28]  source file: glowshroom.dm,63
[14:19:28]  usr: null
[14:19:28]  src: the glowshroom (/obj/structure/glowshroom/single)
[14:19:28]  src.loc: Cave Floor (292,48,2) (/turf/open/floor/plating/asteroid)
[14:19:28]  call stack:
[14:19:28]the glowshroom (/obj/structure/glowshroom/single): New(Cave Floor (292,48,2) (/turf/open/floor/plating/asteroid), null, null)
[14:19:28]/dmm_suite (/dmm_suite): create atom(/obj/structure/glowshroom/sing... (/obj/structure/glowshroom/single), Cave Floor (292,48,2) (/turf/open/floor/plating/asteroid))
[14:19:28]/dmm_suite (/dmm_suite): instance atom(/obj/structure/glowshroom/sing... (/obj/structure/glowshroom/single), /list (/list), Cave Floor (292,48,2) (/turf/open/floor/plating/asteroid), 1)
[14:19:28]/dmm_suite (/dmm_suite): parse grid("/obj/structure/glowshroom/sing...", "eFL", 292, 48, 2, 1)
[14:19:28]/dmm_suite (/dmm_suite): load map impl(_maps/map_files/Deltastation/D..., 1, 1, 2, null, null, 1, -1e+031, 1e+031, -1e+031, 1e+031)
[14:19:28]/dmm_suite (/dmm_suite): load map(_maps/map_files/Deltastation/D..., 0, 0, 2, null, null, 1, null, null, null, null)
[14:19:28]Mapping (/datum/controller/subsystem/mapping): TryLoadZ("_maps/map_files/Deltastation/D...", /list (/list), 2, null)
[14:19:28]Mapping (/datum/controller/subsystem/mapping): loadWorld()
[14:19:28]Mapping (/datum/controller/subsystem/mapping): Initialize(659025)
[14:19:28]Master (/datum/controller/master): Initialize(10, 0)
runtime error: 
[14:19:28]Cannot execute /datum/plant_gene/trait/glow (/datum/plant_gene/trait/glow).glow range().
[14:19:28]proc name: New (/obj/structure/glowshroom/New)
[14:19:28]  source file: glowshroom.dm,63
runtime error: 
[14:19:28]Cannot execute /datum/plant_gene/trait/glow (/datum/plant_gene/trait/glow).glow range().
[14:19:28]proc name: New (/obj/structure/glowshroom/New)
[14:19:28]  source file: glowshroom.dm,63
runtime error: 
[14:19:28]Cannot execute /datum/plant_gene/trait/glow (/datum/plant_gene/trait/glow).glow range().
[14:19:28]proc name: New (/obj/structure/glowshroom/New)
[14:19:28]  source file: glowshroom.dm,63
runtime error: 
[14:19:28]Cannot execute /datum/plant_gene/trait/glow (/datum/plant_gene/trait/glow).glow range().
[14:19:28]proc name: New (/obj/structure/glowshroom/New)
[14:19:28]  source file: glowshroom.dm,63
runtime error: 
[14:19:28]Cannot execute /datum/plant_gene/trait/glow (/datum/plant_gene/trait/glow).glow range().
[14:19:28]proc name: New (/obj/structure/glowshroom/New)
[14:19:28]  source file: glowshroom.dm,63
runtime error: 
[14:19:28]Cannot execute /datum/plant_gene/trait/glow (/datum/plant_gene/trait/glow).glow range().
[14:19:28]proc name: New (/obj/structure/glowshroom/New)
[14:19:28]  source file: glowshroom.dm,63
runtime error: 
[14:19:28]Cannot execute /datum/plant_gene/trait/glow (/datum/plant_gene/trait/glow).glow range().
[14:19:28]proc name: New (/obj/structure/glowshroom/New)
[14:19:28]  source file: glowshroom.dm,63
runtime error: 
[14:19:28]Cannot execute /datum/plant_gene/trait/glow (/datum/plant_gene/trait/glow).glow range().
[14:19:28]proc name: New (/obj/structure/glowshroom/New)
[14:19:28]  source file: glowshroom.dm,63
runtime error: 
[14:19:28]Cannot execute /datum/plant_gene/trait/glow (/datum/plant_gene/trait/glow).glow range().
[14:19:28]proc name: New (/obj/structure/glowshroom/New)
[14:19:28]  source file: glowshroom.dm,63
runtime error: 
[14:19:28]Cannot execute /datum/plant_gene/trait/glow (/datum/plant_gene/trait/glow).glow range().
[14:19:28]proc name: New (/obj/structure/glowshroom/New)
[14:19:28]  source file: glowshroom.dm,63
runtime error: 
[14:19:28]Cannot execute /datum/plant_gene/trait/glow (/datum/plant_gene/trait/glow).glow range().
[14:19:28]proc name: New (/obj/structure/glowshroom/New)
[14:19:28]  source file: glowshroom.dm,63
runtime error: 
[14:19:28]Cannot execute /datum/plant_gene/trait/glow (/datum/plant_gene/trait/glow).glow range().
[14:19:28]proc name: New (/obj/structure/glowshroom/New)
[14:19:28]  source file: glowshroom.dm,63
runtime error: 
[14:19:28]Cannot execute /datum/plant_gene/trait/glow (/datum/plant_gene/trait/glow).glow range().
[14:19:28]proc name: New (/obj/structure/glowshroom/New)
[14:19:28]  source file: glowshroom.dm,63
runtime error: 
[14:19:28]Cannot execute /datum/plant_gene/trait/glow (/datum/plant_gene/trait/glow).glow range().
[14:19:28]proc name: New (/obj/structure/glowshroom/New)
[14:19:28]  source file: glowshroom.dm,63
runtime error: 
[14:19:29]Cannot execute /datum/plant_gene/trait/glow (/datum/plant_gene/trait/glow).glow range().
[14:19:29]proc name: New (/obj/structure/glowshroom/New)
[14:19:29]  source file: glowshroom.dm,63
runtime error: 
[14:19:29]Cannot execute /datum/plant_gene/trait/glow (/datum/plant_gene/trait/glow).glow range().
[14:19:29]proc name: New (/obj/structure/glowshroom/New)
[14:19:29]  source file: glowshroom.dm,63
runtime error: 
[14:19:29]Cannot execute /datum/plant_gene/trait/glow (/datum/plant_gene/trait/glow).glow range().
[14:19:29]proc name: New (/obj/structure/glowshroom/New)
[14:19:29]  source file: glowshroom.dm,63
runtime error: 
[14:19:29]Cannot execute /datum/plant_gene/trait/glow (/datum/plant_gene/trait/glow).glow range().
[14:19:29]proc name: New (/obj/structure/glowshroom/New)
[14:19:29]  source file: glowshroom.dm,63
runtime error: 
[14:19:29]Cannot execute /datum/plant_gene/trait/glow (/datum/plant_gene/trait/glow).glow range().
[14:19:29]proc name: New (/obj/structure/glowshroom/New)
[14:19:29]  source file: glowshroom.dm,63
runtime error: 
[14:19:29]Cannot execute /datum/plant_gene/trait/glow (/datum/plant_gene/trait/glow).glow range().
[14:19:29]proc name: New (/obj/structure/glowshroom/New)
[14:19:29]  source file: glowshroom.dm,63
runtime error: 
[14:19:29]Cannot execute /datum/plant_gene/trait/glow (/datum/plant_gene/trait/glow).glow range().
[14:19:29]proc name: New (/obj/structure/glowshroom/New)
[14:19:29]  source file: glowshroom.dm,63
runtime error: 
[14:19:29]Cannot execute /datum/plant_gene/trait/glow (/datum/plant_gene/trait/glow).glow range().
[14:19:29]proc name: New (/obj/structure/glowshroom/New)
[14:19:29]  source file: glowshroom.dm,63
runtime error: 
[14:19:29]Cannot execute /datum/plant_gene/trait/glow (/datum/plant_gene/trait/glow).glow range().
[14:19:29]proc name: New (/obj/structure/glowshroom/New)
[14:19:29]  source file: glowshroom.dm,63
runtime error: 
[14:19:29]Cannot execute /datum/plant_gene/trait/glow (/datum/plant_gene/trait/glow).glow range().
[14:19:29]proc name: New (/obj/structure/glowshroom/New)
[14:19:29]  source file: glowshroom.dm,63
runtime error: 
[14:19:29]Cannot execute /datum/plant_gene/trait/glow (/datum/plant_gene/trait/glow).glow range().
[14:19:29]proc name: New (/obj/structure/glowshroom/New)
[14:19:29]  source file: glowshroom.dm,63
runtime error: 
[14:19:29]Cannot execute /datum/plant_gene/trait/glow (/datum/plant_gene/trait/glow).glow range().
[14:19:29]proc name: New (/obj/structure/glowshroom/New)
[14:19:29]  source file: glowshroom.dm,63
Loaded station in 67.2s!
Initialized Mapping subsystem within 70.5 seconds!
runtime error: 
[14:19:33]Cannot execute null.add reagent().
[14:19:33]proc name: Initialize (/obj/effect/decal/cleanable/blood/gibs/Initialize)
[14:19:33]  source file: humans.dm,57
runtime error: 
[14:19:33]Cannot execute null.add reagent().
[14:19:33]proc name: Initialize (/obj/effect/decal/cleanable/blood/gibs/Initialize)
[14:19:33]  source file: humans.dm,57
runtime error: 
[14:19:33]Cannot execute null.add reagent().
[14:19:33]proc name: Initialize (/obj/effect/decal/cleanable/blood/gibs/Initialize)
[14:19:33]  source file: humans.dm,57
runtime error: 
[14:19:33]Cannot execute null.add reagent().
[14:19:33]proc name: Initialize (/obj/effect/decal/cleanable/blood/gibs/Initialize)
[14:19:33]  source file: humans.dm,57
runtime error: 
[14:19:33]Cannot execute null.add reagent().
[14:19:33]proc name: Initialize (/obj/effect/decal/cleanable/oil/Initialize)
[14:19:33]  source file: robots.dm,52
runtime error: 
[14:19:33]Cannot execute null.add reagent().
[14:19:33]proc name: Initialize (/obj/effect/decal/cleanable/oil/Initialize)
[14:19:33]  source file: robots.dm,52
runtime error: 
[14:19:35]Cannot execute null.add reagent().
[14:19:35]proc name: Initialize (/obj/effect/decal/cleanable/oil/Initialize)
[14:19:35]  source file: robots.dm,52
runtime error: 
[14:19:35]Cannot execute null.add reagent().
[14:19:35]proc name: Initialize (/obj/effect/decal/cleanable/oil/Initialize)
[14:19:35]  source file: robots.dm,52
runtime error: 
[14:19:36]Cannot execute null.add reagent().
[14:19:36]proc name: Initialize (/obj/effect/decal/cleanable/oil/Initialize)
[14:19:36]  source file: robots.dm,52
runtime error: 
[14:19:36]Cannot execute null.add reagent().
[14:19:36]proc name: Initialize (/obj/effect/decal/cleanable/blood/gibs/Initialize)
[14:19:36]  source file: humans.dm,57
runtime error: 
[14:19:36]Cannot execute null.add reagent().
[14:19:36]proc name: Initialize (/obj/effect/decal/cleanable/oil/Initialize)
[14:19:36]  source file: robots.dm,52
runtime error: 
[14:19:36]Cannot execute null.add reagent().
[14:19:36]proc name: Initialize (/obj/effect/decal/cleanable/blood/gibs/Initialize)
[14:19:36]  source file: humans.dm,57
runtime error: 
[14:19:36]Cannot execute null.add reagent().
[14:19:36]proc name: Initialize (/obj/effect/decal/cleanable/oil/Initialize)
[14:19:36]  source file: robots.dm,52
runtime error: 
[14:19:36]Cannot execute null.add reagent().
[14:19:36]proc name: Initialize (/obj/effect/decal/cleanable/blood/gibs/Initialize)
[14:19:36]  source file: humans.dm,57
runtime error: 
[14:19:37]Cannot execute null.add reagent().
[14:19:37]proc name: Initialize (/obj/effect/decal/cleanable/oil/Initialize)
[14:19:37]  source file: robots.dm,52
runtime error: 
[14:19:37]Cannot execute null.add reagent().
[14:19:37]proc name: Initialize (/obj/effect/decal/cleanable/oil/Initialize)
[14:19:37]  source file: robots.dm,52
runtime error: 
[14:19:37]Cannot execute null.add reagent().
[14:19:37]proc name: Initialize (/obj/effect/decal/cleanable/oil/Initialize)
[14:19:37]  source file: robots.dm,52
runtime error: 
[14:19:37]Cannot execute null.add reagent().
[14:19:37]proc name: Initialize (/obj/effect/decal/cleanable/oil/Initialize)
[14:19:37]  source file: robots.dm,52
runtime error: 
[14:19:37]Cannot execute null.add reagent().
[14:19:37]proc name: Initialize (/obj/effect/decal/cleanable/oil/Initialize)
[14:19:37]  source file: robots.dm,52
runtime error: 
[14:19:37]Cannot execute null.add reagent().
[14:19:37]proc name: Initialize (/obj/effect/decal/cleanable/oil/Initialize)
[14:19:37]  source file: robots.dm,52
runtime error: 
[14:19:37]Cannot execute null.add reagent().
[14:19:37]proc name: Initialize (/obj/effect/decal/cleanable/oil/Initialize)
[14:19:37]  source file: robots.dm,52
runtime error: 
[14:19:37]Cannot execute null.add reagent().
[14:19:37]proc name: Initialize (/obj/effect/decal/cleanable/oil/Initialize)
[14:19:37]  source file: robots.dm,52
runtime error: 
[14:19:37]Cannot execute null.add reagent().
[14:19:37]proc name: Initialize (/obj/effect/decal/cleanable/oil/Initialize)
[14:19:37]  source file: robots.dm,52
runtime error: 
[14:19:37]Cannot execute null.add reagent().
[14:19:37]proc name: Initialize (/obj/effect/decal/cleanable/oil/Initialize)
[14:19:37]  source file: robots.dm,52
runtime error: 
[14:19:38]Cannot execute null.add reagent().
[14:19:38]proc name: Initialize (/obj/effect/decal/cleanable/oil/Initialize)
[14:19:38]  source file: robots.dm,52
runtime error: 
[14:19:38]Cannot execute null.add reagent().
[14:19:38]proc name: Initialize (/obj/effect/decal/cleanable/oil/Initialize)
[14:19:38]  source file: robots.dm,52
runtime error: 
[14:19:38]Cannot execute null.add reagent().
[14:19:38]proc name: Initialize (/obj/effect/decal/cleanable/oil/Initialize)
[14:19:38]  source file: robots.dm,52
runtime error: 
[14:19:38]Cannot execute null.add reagent().
[14:19:38]proc name: Initialize (/obj/effect/decal/cleanable/oil/Initialize)
[14:19:38]  source file: robots.dm,52
runtime error: 
[14:19:38]Cannot execute null.add reagent().
[14:19:38]proc name: Initialize (/obj/effect/decal/cleanable/oil/Initialize)
[14:19:38]  source file: robots.dm,52
runtime error: 
[14:19:38]Cannot execute null.add reagent().
[14:19:38]proc name: Initialize (/obj/effect/decal/cleanable/oil/Initialize)
[14:19:38]  source file: robots.dm,52
runtime error: 
[14:19:39]Cannot execute null.add reagent().
[14:19:39]proc name: Initialize (/obj/effect/decal/cleanable/oil/Initialize)
[14:19:39]  source file: robots.dm,52
runtime error: 
[14:19:39]Cannot execute null.add reagent().
[14:19:39]proc name: Initialize (/obj/effect/decal/cleanable/oil/Initialize)
[14:19:39]  source file: robots.dm,52
runtime error: 
[14:19:39]Cannot execute null.add reagent().
[14:19:39]proc name: Initialize (/obj/effect/decal/cleanable/oil/Initialize)
[14:19:39]  source file: robots.dm,52
runtime error: 
[14:19:39]Cannot execute null.add reagent().
[14:19:39]proc name: Initialize (/obj/effect/decal/cleanable/oil/Initialize)
[14:19:39]  source file: robots.dm,52
runtime error: 
[14:19:39]Cannot execute null.add reagent().
[14:19:39]proc name: Initialize (/obj/effect/decal/cleanable/oil/Initialize)
[14:19:39]  source file: robots.dm,52
runtime error: 
[14:19:39]Cannot execute null.add reagent().
[14:19:39]proc name: Initialize (/obj/effect/decal/cleanable/oil/Initialize)
[14:19:39]  source file: robots.dm,52
runtime error: 
[14:19:39]Cannot execute null.add reagent().
[14:19:39]proc name: Initialize (/obj/effect/decal/cleanable/oil/Initialize)
[14:19:39]  source file: robots.dm,52
runtime error: 
[14:19:40]Cannot execute null.add reagent().
[14:19:40]proc name: Initialize (/obj/effect/decal/cleanable/oil/Initialize)
[14:19:40]  source file: robots.dm,52
runtime error: 
[14:19:40]Cannot execute null.add reagent().
[14:19:40]proc name: Initialize (/obj/effect/decal/cleanable/oil/Initialize)
[14:19:40]  source file: robots.dm,52
runtime error: 
[14:19:40]Cannot execute null.add reagent().
[14:19:40]proc name: Initialize (/obj/effect/decal/cleanable/oil/Initialize)
[14:19:40]  source file: robots.dm,52
runtime error: 
[14:19:40]Cannot execute null.add reagent().
[14:19:40]proc name: Initialize (/obj/effect/decal/cleanable/oil/Initialize)
[14:19:40]  source file: robots.dm,52
runtime error: 
[14:19:40]Cannot execute null.add reagent().
[14:19:40]proc name: Initialize (/obj/effect/decal/cleanable/oil/Initialize)
[14:19:40]  source file: robots.dm,52
runtime error: 
[14:19:40]Cannot execute null.add reagent().
[14:19:40]proc name: Initialize (/obj/effect/decal/cleanable/oil/Initialize)
[14:19:40]  source file: robots.dm,52
runtime error: 
[14:19:41]Cannot execute null.add reagent().
[14:19:41]proc name: Initialize (/obj/effect/decal/cleanable/oil/Initialize)
[14:19:41]  source file: robots.dm,52
runtime error: 
[14:19:41]Cannot execute null.add reagent().
[14:19:41]proc name: Initialize (/obj/effect/decal/cleanable/oil/Initialize)
[14:19:41]  source file: robots.dm,52
runtime error: 
[14:19:42]Cannot execute null.add reagent().
[14:19:42]proc name: Initialize (/obj/effect/decal/cleanable/oil/Initialize)
[14:19:42]  source file: robots.dm,52
runtime error: 
[14:19:42]Cannot execute null.add reagent().
[14:19:42]proc name: Initialize (/obj/effect/decal/cleanable/oil/Initialize)
[14:19:42]  source file: robots.dm,52
runtime error: 
[14:19:42]Cannot execute null.add reagent().
[14:19:42]proc name: Initialize (/obj/effect/decal/cleanable/oil/Initialize)
[14:19:42]  source file: robots.dm,52
runtime error: 
[14:19:42]Cannot execute null.add reagent().
[14:19:42]proc name: Initialize (/obj/effect/decal/cleanable/oil/Initialize)
[14:19:42]  source file: robots.dm,52
runtime error: 
[14:19:42]Cannot execute null.add reagent().
[14:19:42]proc name: Initialize (/obj/effect/decal/cleanable/oil/Initialize)
[14:19:42]  source file: robots.dm,52
runtime error: 
[14:19:42]Cannot execute null.add reagent().
[14:19:42]proc name: Initialize (/obj/effect/decal/cleanable/oil/Initialize)
[14:19:42]  source file: robots.dm,52
runtime error: 
[14:19:42]Cannot execute null.add reagent().
[14:19:42]proc name: Initialize (/obj/effect/decal/cleanable/oil/Initialize)
[14:19:42]  source file: robots.dm,52
runtime error: 
[14:19:43]Cannot execute null.add reagent().
[14:19:43]Warning: further proc crash messages are being suppressed to prevent overload...
runtime error: 
[14:19:43]Cannot read null.temperature
runtime error: 
[14:19:44]Undefined variable /obj/item/rupee/var/swimming

runtime error: 
[14:19:44]Undefined variable /obj/item/rupee/var/swimming

runtime error: 
[14:19:45]Undefined variable /obj/item/rupee/var/swimming

runtime error: 
[14:19:45]Undefined variable /obj/structure/signpost/salvation/var/swimming

runtime error: 
[14:19:45]Undefined variable /obj/item/rupee/var/swimming

runtime error: 
[14:19:45]Undefined variable /obj/item/rupee/var/swimming

runtime error: 
[14:19:45]Undefined variable /obj/item/rupee/var/swimming

runtime error: 
[14:19:45]Undefined variable /obj/item/rupee/var/swimming

runtime error: 
[14:19:45]Undefined variable /obj/item/rupee/var/swimming

runtime error: 
[14:19:45]Undefined variable /obj/item/rupee/var/swimming

runtime error: 
[14:19:45]Undefined variable /obj/effect/landmark/error/var/swimming

runtime error: 
[14:19:45]Undefined variable /obj/item/rupee/var/swimming

runtime error: 
[14:19:45]Undefined variable /obj/item/rupee/var/swimming

runtime error: 
[14:19:45]Undefined variable /obj/item/rupee/var/swimming

runtime error: 
[14:19:45]Undefined variable /obj/item/rupee/var/swimming

runtime error: 
[14:19:45]Undefined variable /obj/item/rupee/var/swimming

runtime error: 
[14:19:45]Undefined variable /obj/item/rupee/var/swimming

runtime error: 
[14:19:45]Undefined variable /obj/item/rupee/var/swimming

runtime error: 
[14:19:45]Undefined variable /obj/item/rupee/var/swimming

runtime error: 
[14:19:45]Undefined variable /obj/item/rupee/var/swimming

runtime error: 
[14:19:45]Undefined variable /obj/item/rupee/var/swimming

runtime error: 
[14:19:45]Undefined variable /obj/item/rupee/var/swimming

runtime error: 
[14:19:45]Undefined variable /obj/item/rupee/var/swimming

runtime error: 
[14:19:45]Undefined variable /obj/item/rupee/var/swimming

runtime error: 
[14:19:45]Undefined variable /obj/item/rupee/var/swimming

runtime error: 
[14:19:45]Undefined variable /obj/item/rupee/var/swimming

runtime error: 
[14:19:45]Undefined variable /obj/item/rupee/var/swimming

runtime error: 
[14:19:45]Undefined variable /obj/item/rupee/var/swimming

runtime error: 
[14:19:45]Undefined variable /obj/item/rupee/var/swimming

runtime error: 
[14:19:45]Undefined variable /obj/item/rupee/var/swimming

runtime error: 
[14:19:45]Undefined variable /obj/item/rupee/var/swimming

runtime error: 
[14:19:45]Undefined variable /obj/item/rupee/var/swimming

runtime error: 
[14:19:45]Undefined variable /obj/item/rupee/var/swimming

runtime error: 
[14:19:45]Undefined variable /obj/item/rupee/var/swimming

runtime error: 
[14:19:45]Undefined variable /obj/item/rupee/var/swimming

runtime error: 
[14:19:45]Undefined variable /obj/item/rupee/var/swimming

runtime error: 
[14:19:45]Undefined variable /obj/item/rupee/var/swimming

runtime error: 
[14:19:45]Undefined variable /obj/item/rupee/var/swimming

runtime error: 
[14:19:45]Undefined variable /obj/item/rupee/var/swimming

runtime error: 
[14:19:45]Undefined variable /obj/item/rupee/var/swimming

runtime error: 
[14:19:45]Undefined variable /obj/item/rupee/var/swimming

runtime error: 
[14:19:45]Undefined variable /obj/item/rupee/var/swimming

runtime error: 
[14:19:45]Undefined variable /obj/item/rupee/var/swimming

runtime error: 
[14:19:45]Undefined variable /obj/item/rupee/var/swimming

runtime error: 
[14:19:45]Undefined variable /obj/item/rupee/var/swimming

runtime error: 
[14:19:45]Undefined variable /obj/item/rupee/var/swimming

runtime error: 
[14:19:45]Undefined variable /obj/item/rupee/var/swimming

runtime error: 
[14:19:45]Undefined variable /obj/structure/speaking_tile/var/swimming

runtime error: 
[14:19:45]Undefined variable /obj/machinery/abductor/gland_dispenser/var/swimming

runtime error: 
[14:19:45]Undefined variable /obj/structure/table/abductor/var/swimming

runtime error: 
[14:19:45]Undefined variable /obj/item/surgicaldrill/alien/var/swimming

runtime error: 
[14:19:45]undefined proc or verb /mob/living/simple_animal/bot/medbot/mysterious/remove overlay().

runtime error: 
[14:19:45]undefined proc or verb /mob/living/simple_animal/hostile/creature/remove overlay().

runtime error: 
[14:19:45]undefined proc or verb /mob/living/simple_animal/hostile/carp/cayenne/remove overlay().

runtime error: 
[14:19:46]undefined proc or verb /mob/dead/new_player/remove overlay().

runtime error: 
[14:19:48]Cannot execute null.add reagent().
runtime error: 
[14:19:48]Cannot execute null.add reagent().
runtime error: 
[14:19:48]Cannot execute null.add reagent().
runtime error: 
[14:19:49]undefined proc or verb /mob/living/simple_animal/bot/medbot/remove overlay().

runtime error: 
[14:19:49]Cannot execute null.add reagent().
runtime error: 
[14:19:49]undefined proc or verb /mob/living/simple_animal/cockroach/remove overlay().

runtime error: 
[14:19:49]undefined proc or verb /mob/living/simple_animal/cockroach/remove overlay().

runtime error: 
[14:19:49]Cannot execute null.add reagent().
runtime error: 
[14:19:49]undefined proc or verb /mob/living/simple_animal/cockroach/remove overlay().

runtime error: 
[14:19:49]undefined proc or verb /mob/living/simple_animal/cockroach/remove overlay().

runtime error: 
[14:19:49]undefined proc or verb /mob/living/simple_animal/cockroach/remove overlay().

runtime error: 
[14:19:49]undefined proc or verb /mob/living/simple_animal/pet/cat/Runtime/remove overlay().

runtime error: 
[14:19:49]undefined proc or verb /mob/living/simple_animal/cockroach/remove overlay().

runtime error: 
[14:19:49]undefined proc or verb /mob/living/simple_animal/pet/dog/pug/remove overlay().

runtime error: 
[14:19:49]undefined proc or verb /mob/living/simple_animal/cockroach/remove overlay().

runtime error: 
[14:19:49]undefined proc or verb /mob/living/simple_animal/cockroach/remove overlay().

runtime error: 
[14:19:49]undefined proc or verb /mob/living/simple_animal/cockroach/remove overlay().

runtime error: 
[14:19:49]undefined proc or verb /mob/living/simple_animal/slime/remove overlay().

runtime error: 
[14:19:50]undefined proc or verb /mob/living/simple_animal/slime/remove overlay().

runtime error: 
[14:19:50]undefined proc or verb /mob/living/simple_animal/slime/remove overlay().

runtime error: 
[14:19:50]undefined proc or verb /mob/living/simple_animal/cockroach/remove overlay().

runtime error: 
[14:19:50]undefined proc or verb /mob/living/simple_animal/cockroach/remove overlay().

runtime error: 
[14:19:50]undefined proc or verb /mob/living/simple_animal/pet/dog/corgi/Ian/remove overlay().

runtime error: 
[14:19:50]undefined proc or verb /mob/living/simple_animal/bot/secbot/pingsky/remove overlay().

runtime error: 
[14:19:50]undefined proc or verb /mob/living/simple_animal/parrot/Poly/remove overlay().

runtime error: 
[14:19:50]undefined proc or verb /mob/living/simple_animal/bot/secbot/beepsky/remove overlay().

runtime error: 
[14:19:50]undefined proc or verb /mob/living/simple_animal/pet/fox/Renault/remove overlay().

runtime error: 
[14:19:51]undefined proc or verb /mob/living/simple_animal/hostile/carp/cayenne/remove overlay().

runtime error: 
[14:19:51]undefined proc or verb /mob/living/simple_animal/cockroach/remove overlay().

runtime error: 
[14:19:51]undefined proc or verb /mob/living/simple_animal/hostile/retaliate/goat/remove overlay().

runtime error: 
[14:19:51]undefined proc or verb /mob/living/simple_animal/sloth/citrus/remove overlay().

runtime error: 
[14:19:51]undefined proc or verb /mob/living/simple_animal/cockroach/remove overlay().

runtime error: 
[14:19:51]undefined proc or verb /mob/living/simple_animal/mouse/remove overlay().

runtime error: 
[14:19:51]undefined proc or verb /mob/living/simple_animal/mouse/remove overlay().

runtime error: 
[14:19:51]undefined proc or verb /mob/living/simple_animal/bot/mulebot/remove overlay().

runtime error: 
[14:19:51]undefined proc or verb /mob/living/simple_animal/bot/mulebot/remove overlay().

runtime error: 
[14:19:51]undefined proc or verb /mob/living/simple_animal/cockroach/remove overlay().

runtime error: 
[14:19:51]undefined proc or verb /mob/living/simple_animal/hostile/lizard/remove overlay().

runtime error: 
[14:19:51]undefined proc or verb /mob/living/simple_animal/cockroach/remove overlay().

runtime error: 
[14:19:52]undefined proc or verb /mob/living/simple_animal/cockroach/remove overlay().

runtime error: 
[14:19:52]undefined proc or verb /mob/living/simple_animal/cockroach/remove overlay().

runtime error: 
[14:19:54]undefined proc or verb /mob/living/simple_animal/bot/secbot/beepsky/remove overlay().

runtime error: 
[14:19:54]undefined proc or verb /mob/living/simple_animal/hostile/asteroid/basilisk/watcher/random/remove overlay().

runtime error: 
[14:19:54]undefined proc or verb /mob/living/simple_animal/hostile/asteroid/basilisk/watcher/random/remove overlay().

runtime error: 
[14:19:54]undefined proc or verb /mob/living/simple_animal/hostile/asteroid/hivelord/legion/random/remove overlay().

runtime error: 
[14:19:54]undefined proc or verb /mob/living/simple_animal/hostile/asteroid/goldgrub/remove overlay().

runtime error: 
[14:19:54]undefined proc or verb /mob/living/simple_animal/hostile/asteroid/goliath/beast/random/remove overlay().

runtime error: 
[14:19:54]undefined proc or verb /mob/living/simple_animal/hostile/asteroid/basilisk/watcher/random/remove overlay().

runtime error: 
[14:19:55]undefined proc or verb /mob/living/simple_animal/hostile/megafauna/legion/remove overlay().

Initialized 1.4845e+006 atoms
Initialized Atoms subsystem within 35.5 seconds!
Initialized Language subsystem within 0 seconds!
Initialized Machines subsystem within 0.4 seconds!
Initialized Circuit subsystem within 0 seconds!
Initialized Weather subsystem within 0 seconds!
## WARNING: There are 710 active turfs at roundstart, this is a mapping error caused by a difference of the air between the adjacent turfs. You can see its coordinates using "Mapping -> Show roundstart AT list" verb (debug verbs required)
## WARNING: HEY! LISTEN! 3 seconds were wasted processing 710 turf(s) (connected to 76413 other turfs) with atmos differences at round start.
## WARNING: build_pipeline(): /obj/machinery/atmospherics/pipe/simple/supply/hidden added to a pipenet while still having one. (pipes leading to the same spot stacking in one turf) Nearby: (187, 161, 2)
## WARNING: build_pipeline(): /obj/machinery/atmospherics/pipe/simple/supply/hidden added to a pipenet while still having one. (pipes leading to the same spot stacking in one turf) Nearby: (187, 162, 2)
## WARNING: build_pipeline(): /obj/machinery/atmospherics/pipe/simple/supply/hidden added to a pipenet while still having one. (pipes leading to the same spot stacking in one turf) Nearby: (187, 160, 2)
## WARNING: build_pipeline(): /obj/machinery/atmospherics/pipe/simple/supply/hidden added to a pipenet while still having one. (pipes leading to the same spot stacking in one turf) Nearby: (186, 162, 2)
## WARNING: build_pipeline(): /obj/machinery/atmospherics/pipe/simple/supply/hidden added to a pipenet while still having one. (pipes leading to the same spot stacking in one turf) Nearby: (187, 159, 2)
## WARNING: build_pipeline(): /obj/machinery/atmospherics/pipe/simple/supply/hidden added to a pipenet while still having one. (pipes leading to the same spot stacking in one turf) Nearby: (185, 162, 2)
## WARNING: build_pipeline(): /obj/machinery/atmospherics/pipe/simple/supply/hidden added to a pipenet while still having one. (pipes leading to the same spot stacking in one turf) Nearby: (187, 158, 2)
## WARNING: build_pipeline(): /obj/machinery/atmospherics/pipe/simple/supply/hidden added to a pipenet while still having one. (pipes leading to the same spot stacking in one turf) Nearby: (184, 162, 2)
## WARNING: build_pipeline(): /obj/machinery/atmospherics/pipe/manifold/supply/hidden added to a pipenet while still having one. (pipes leading to the same spot stacking in one turf) Nearby: (187, 157, 2)
## WARNING: build_pipeline(): /obj/machinery/atmospherics/pipe/manifold/supply/hidden added to a pipenet while still having one. (pipes leading to the same spot stacking in one turf) Nearby: (183, 162, 2)
## WARNING: build_pipeline(): further messages about pipenets will be supressed
Initialized Atmospherics subsystem within 20.1 seconds!
Initialized Minimap subsystem within 0 seconds!
Initialized Assets subsystem within 0.1 seconds!
Initialized Icon Smoothing subsystem within 1.4 seconds!
Initialized Overlay subsystem within 8.8 seconds!
Initialized XKeyScore subsystem within 0 seconds!
Initialized Lighting subsystem within 9.6 seconds!
## WARNING: couldn't find dock with id: whiteship_away in code/controllers/subsystem/shuttle.dm at line 190 src: Shuttle usr: .
runtime error: 
[14:21:20]undefined proc or verb /mob/living/simple_animal/bot/medbot/remove overlay().

Initialized Shuttle subsystem within 31.7 seconds!
Initialized Squeak subsystem within 0 seconds!
Loaded 0 engraved messages on map Delta Station
Initialized Persistence subsystem within 0.1 seconds!
Initializations complete within 178.5 seconds!
Game start took 0s
runtime error: 
[14:21:24]undefined proc or verb /mob/living/simple_animal/slime/remove overlay().

runtime error: 
[14:21:24]undefined proc or verb /mob/living/simple_animal/slime/remove overlay().

## WARNING: A ref was requested of an object with use_tag set but no tag: Noober84555 in code/__HELPERS/unsorted.dm at line 1500 src:  usr: Noober84555.
runtime error: 
[14:21:40]Cannot read null.key
runtime error: 
[14:21:40]Cannot read null.martial_art
runtime error: 
[14:21:41]Cannot read null.martial_art
### VarEdit by Noober84555/(Noober): /datum/gas_mixture volume=2000 => 1000
### VarEdit by Noober84555/(Noober): /datum/gas_mixture volume=1000 => 4000
### VarEdit by Noober84555/(Noober): /datum/gas_mixture volume=4000 => 8000
## WARNING: A ref was requested of an object with use_tag set but no tag: ARTHURPANDOLFI in code/__HELPERS/unsorted.dm at line 1500 src:  usr: ARTHURPANDOLFI.
runtime error: 
[14:22:33]Cannot read null.key
runtime error: 
[14:22:33]Cannot read null.martial_art
runtime error: 
[14:22:34]Cannot read null.martial_art
runtime error: 
[14:23:29]list index out of bounds
runtime error: 
[14:25:13]Undefined operation: 1000 / null
runtime error: 
[14:25:13]Undefined operation: 1000 / null
runtime error: 
[14:25:30]Undefined operation: 1000 / null
runtime error: 
[14:25:30]Undefined operation: 1000 / null
