

Starting up round ID . 17:07:12
---------------------
[17:07:13]ADMIN: Loading Banlist
[17:07:15]GAME: Saved mode is 'sandbox'
[17:08:21]GAME: Hierophant's Arena loaded at at 78,199,5
[17:08:22]GAME: Syndicate Lava Base loaded at at 194,168,5
[17:08:22]GAME: Summoning Ritual loaded at at 70,137,5
[17:08:22]GAME: Xenomorph Nest loaded at at 130,35,5
[17:08:22]GAME: Fountain Hall loaded at at 197,38,5
[17:08:23]GAME: Ruined Pizza Party loaded at at 55,194,5
[17:08:24]GAME: Salvation loaded at at 37,115,4
[17:08:24]GAME: Gondoland loaded at at 195,142,4
[17:08:24]GAME: Empty Shell loaded at at 184,67,9
[17:08:24]GAME: Derelict 1 loaded at at 61,107,3
[17:08:24]GAME: Abandoned Teleporter loaded at at 147,63,11
[17:08:26]GAME: Derelict Tradepost loaded at at 83,123,9
[17:08:26]GAME: Biological Storage Facility loaded at at 95,196,7
[17:08:26]GAME: DJ Station loaded at at 210,174,10
[17:08:26]GAME: Disposal Facility 17 loaded at at 59,72,9
[17:08:26]GAME: Derelict 4 loaded at at 118,35,8
[17:08:26]GAME: Ordinary Space Tile loaded at at 170,54,3
[17:08:27]GAME: Authorship loaded at at 99,222,10
[17:08:27]GAME: Unnamed Turreted Outpost loaded at at 90,112,11
[17:08:28]GAME: Kosmicheskaya Stantsiya 13 loaded at at 132,122,8
[17:08:28]GAME: DK Excavator 453 loaded at at 49,195,8
[17:08:28]GAME: Derelict 5 loaded at at 90,62,10
[17:15:42]ACCESS: Login: AlcaroIsAFrick from 127.0.0.1-1817465521 || BYOND v511
[17:15:42]ACCESS: Mob Login: AlcaroIsAFrick/(AlcaroIsAFrick) was assigned to a /mob/dead/new_player
[17:15:56]ACCESS: Mob Login: AlcaroIsAFrick/(Cool) was assigned to a /mob/living/carbon/human
[17:16:00]SAY: Officer Beepsky/ : Engaging patrol mode. (193,130,2)
[17:16:00]SAY: Prison Ofitser/ : Engaging patrol mode. (23,36,5)
[17:16:00]SAY: Prison Ofitser/ : Disengaging patrol mode. (23,36,5)
[17:16:07]EMOTE: *no key*/(Poly) : <b>Poly</b> turns and flies towards the folder. (89,129,2)
[17:16:11]EMOTE: *no key*/(monkey (474)) : <b>The monkey (474)</b> scratches. (167,79,2)
[17:16:28]EMOTE: *no key*/(Ian) : <b>Ian</b> chases its tail! (144,122,2)
[17:16:32]EMOTE: *no key*/(monkey (264)) : <b>The monkey (264)</b> rolls. (227,186,5)
[17:16:33]EMOTE: *no key*/(Ian) : <b>Ian</b> shakes its head. (144,122,2)
[17:16:45]SAY: Poly/ : Try our new nougat bar! (88,130,2)
[17:16:49]SAY: Poly/ : Check the crystal, you chucklefucks! (89,129,2)
[17:16:55]ACCESS: Logout: AlcaroIsAFrick/(Cool)
