

Starting up round ID . 23:48:03
---------------------
[23:48:04]ADMIN: Loading Banlist
[23:48:05]GAME: Saved mode is 'sandbox'
[23:49:34]ACCESS: Login: Noober84555 from 127.0.0.1-645371209 || BYOND v511
[23:49:34]ACCESS: Mob Login: Noober84555/(Noober84555) was assigned to a /mob/dead/new_player
[23:50:09]ADMIN: Noober84555/(Noober84555) stopped all currently playing sounds.
[23:51:01]SAY: Officer Beepsky/ : Engaging patrol mode. (186,190,2)
[23:51:01]SAY: Prison Ofitser/ : Engaging patrol mode. (23,36,5)
[23:51:01]SAY: Prison Ofitser/ : Disengaging patrol mode. (23,36,5)
[23:51:03]EMOTE: *no key*/(monkey (404)) : <b>The monkey (404)</b> jumps! (160,140,2)
[23:51:04]ACCESS: Mob Login: Noober84555/(Noober) was assigned to a /mob/living/carbon/human
[23:51:05]EMOTE: *no key*/(monkey (430)) : <b>The monkey (430)</b> rolls. (187,119,2)
[23:51:08]SAY: Poly/ : I knew it, I should&#39;ve been a plastic surgeon. (80,189,2)
[23:51:14]EMOTE: *no key*/(monkey (162)) : <b>The monkey (162)</b> scratches. (184,119,2)
[23:51:27]ADMIN: Noober84555/(Noober) admin ghosted.
[23:51:27]ACCESS: Mob Login: Noober84555/(Noober) was assigned to a /mob/dead/observer
[23:51:32]ACCESS: Mob Login: Noober84555/(Noober) was assigned to a /mob/living/carbon/human
[23:51:34]EMOTE: *no key*/(mouse) : <b>The mouse</b> runs in a circle. (197,225,2)
[23:51:38]EMOTE: *no key*/(pug) : <b>Swanson</b> shakes its head. (107,143,2)
[23:51:38]SAY: Poly/ : Don&#39;t believe the reports - smoke today! (80,190,2)
[23:51:43]EMOTE: *no key*/(Persephone) : <b>Persephone</b> looks alert. (168,141,2)
[23:51:46]ADMIN: Noober84555/(Noober) created an explosion (3,3,3,3) at (55,16,7)
[23:51:46]GAME: Explosion with size (1, 2, 3, 3) in area Beach (55,16,7)
[23:51:46]EMOTE: Noober84555/(Noober) : <b>Noober</b> seizes up and falls limp, their eyes dead and lifeless... (56,17,7)
[23:51:47]ACCESS: Mob Login: Noober84555/(Noober) was assigned to a /mob/dead/observer
[23:51:53]ACCESS: Mob Login: Noober84555/(Noober) was assigned to a /mob/living/carbon/human
[23:51:53]ACCESS: Mob Login: Noober84555/(Noober) was assigned to a /mob/dead/observer
[23:51:55]EMOTE: *no key*/(grey baby slime (415)) : <b>The grey baby slime (415)</b> vibrates! (112,163,2)
[23:51:58]ACCESS: Mob Login: Noober84555/(Noober) was assigned to a /mob/living/carbon/human
[23:52:01]GAME: <a href='?priv_msg=noober84555'>Noober84555</a>/(Noober) checked the player panel while in game.
[23:52:01]ADMIN: Noober84555/(Noober) healed / Revived Noober84555/(Noober).
[23:52:02]EMOTE: *no key*/(grey baby slime (196)) : <b>The grey baby slime (196)</b> jiggles! (104,162,2)
[23:52:06]SAY: Medibot/ : What kind of medbay is this? Everyone&#39;s dropping like flies. (155,73,1)
[23:52:10]EMOTE: *no key*/(monkey (508)) : <b>The monkey (508)</b> scratches. (185,119,2)
[23:52:12]EMOTE: *no key*/(monkey (202)) : <b>The monkey (202)</b> rolls. (187,8,2)
[23:52:12]EMOTE: *no key*/(pug) : <b>Swanson</b> chases its tail. (107,143,2)
[23:52:14]EMOTE: *no key*/(Pun Pun 18) : <b>Pun Pun 18</b> waves its tail. (139,218,2)
[23:52:31]EMOTE: *no key*/(Poly) : <b>Poly</b> looks in the BreatheDeep cartridge's direction and takes flight. (80,190,2)
[23:52:33]EMOTE: *no key*/(monkey (495)) : <b>The monkey (495)</b> jumps! (189,8,2)
[23:52:36]SAY: Nobody's Perfect/ : I knew it, I should&#39;ve been a plastic surgeon. (24,75,1)
[23:52:46]SAY: mouse/ : SQUEEK! (201,230,2)
[23:52:50]SAY: Poly/ : Poly wanna cracker! (80,190,2)
[23:52:50]SAY: Nobody's Perfect/ : There&#39;s always a catch, and I&#39;m the best there is. (24,75,1)
[23:52:52]SAY: Medibot/ : Delicious! (154,73,1)
[23:52:58]EMOTE: *no key*/(monkey (202)) : <b>The monkey (202)</b> jumps! (189,8,2)
[23:53:02]SAY: Nobody's Perfect/ : What kind of medbay is this? Everyone&#39;s dropping like flies. (24,75,1)
[23:53:09]SAY: Medibot/ : What kind of medbay is this? Everyone&#39;s dropping like flies. (155,73,1)
[23:53:18]EMOTE: *no key*/(monkey (742)) : <b>The monkey (742)</b> rolls. (200,21,2)
[23:53:18]EMOTE: *no key*/(grey baby slime (826)) : <b>The grey baby slime (826)</b> vibrates! (109,153,2)
[23:53:22]EMOTE: *no key*/(monkey (742)) : <b>The monkey (742)</b> rolls. (200,21,2)
[23:53:26]EMOTE: *no key*/(Pun Pun 18) : <b>Pun Pun 18</b> rolls. (138,219,2)
[23:53:27]EMOTE: *no key*/(Poly) : <b>Poly</b> looks in the BreatheDeep cartridge's direction and takes flight. (80,190,2)
[23:53:27]ACCESS: Logout: Noober84555/(Noober)
