

Starting up round ID . 16:26:07
---------------------
[16:26:07]ADMIN: Loading Banlist
[16:26:07]ACCESS: Login: Noober84555 from 127.0.0.1-645371209 || BYOND v511
[16:26:07]ACCESS: Mob Login: Noober84555/(Noober84555) was assigned to a /mob/dead/new_player
[16:26:08]GAME: Saved mode is 'sandbox'
[16:27:07]GAME: Hierophant's Arena loaded at at 173,124,5
[16:27:07]GAME: Blood-Drunk Miner loaded at at 221,43,5
[16:27:07]GAME: Ruin of Sloth loaded at at 44,130,5
[16:27:08]GAME: Gondoland loaded at at 155,124,4
[16:29:13]SAY: Officer Beepsky/ : Engaging patrol mode. (186,190,2)
[16:29:13]EMOTE: *no key*/(Poly) : <b>Poly</b> bawks! (80,189,2)
[16:29:13]SAY: Prison Ofitser/ : Engaging patrol mode. (23,36,5)
[16:29:13]SAY: Prison Ofitser/ : Disengaging patrol mode. (23,36,5)
[16:29:17]SAY: Medibot/ : Delicious! (155,73,1)
[16:29:21]EMOTE: *no key*/(mouse) : <b>The mouse</b> shakes. (196,226,2)
[16:29:47]SAY: grey baby slime (139)/ : Blorble... (113,162,2)
[16:29:57]EMOTE: *no key*/(grey baby slime (139)) : <b>The grey baby slime (139)</b> vibrates! (112,161,2)
[16:30:05]EMOTE: *no key*/(pug) : <b>Swanson</b> chases its tail. (108,143,2)
[16:30:09]EMOTE: *no key*/(Persephone) : <b>Persephone</b> lies down. (166,141,2)
[16:30:10]EMOTE: *no key*/(Poly) : <b>Poly</b> looks in the BreatheDeep cartridge's direction and takes flight. (80,190,2)
[16:30:15]SAY: grey baby slime (139)/ : Blorble... (113,162,2)
[16:30:20]EMOTE: *no key*/(Renault) : <b>Renault</b> barks. (155,194,2)
[16:30:29]EMOTE: *no key*/(monkey (509)) : <b>The monkey (509)</b> jumps! (185,118,2)
[16:30:35]SAY: Ian/ : Bark! (137,181,2)
[16:31:05]EMOTE: *no key*/(monkey (509)) : <b>The monkey (509)</b> waves his tail. (184,119,2)
[16:31:06]EMOTE: *no key*/(Poly) : <b>Poly</b> looks in the BreatheDeep cartridge's direction and takes flight. (80,190,2)
[16:31:23]SAY: Renault/ : Tchoff (157,194,2)
[16:31:24]EMOTE: *no key*/(pug) : <b>Swanson</b> chases its tail. (106,143,2)
[16:31:28]EMOTE: *no key*/(Persephone) : <b>Persephone</b> wags its tail. (166,141,2)
[16:31:31]SAY: emergency medibot/ : I knew it, I should&#39;ve been a plastic surgeon. (222,84,1)
[16:31:33]SAY: mouse/ : SQUEEK! (200,229,2)
[16:31:48]SAY: Medibot/ : What kind of medbay is this? Everyone&#39;s dropping like flies. (154,73,1)
[16:31:56]EMOTE: *no key*/(Persephone) : <b>Persephone</b> sits down. (166,141,2)
[16:31:56]SAY: Medibot/ : Delicious! (155,73,1)
[16:31:56]EMOTE: *no key*/(pug) : <b>Swanson</b> barks! (106,143,2)
[16:32:01]SAY: Medibot/ : There&#39;s always a catch, and I&#39;m the best there is. (155,73,1)
[16:32:03]EMOTE: *no key*/(Poly) : <b>Poly</b> looks in the BreatheDeep cartridge's direction and takes flight. (80,190,2)
[16:32:05]SAY: Medibot/ : There&#39;s always a catch, and I&#39;m the best there is. (155,73,1)
[16:32:10]EMOTE: *no key*/(Persephone) : <b>Persephone</b> lies down. (166,141,2)
[16:32:13]EMOTE: *no key*/(Poly) : <b>Poly</b> bawks! (80,190,2)
[16:32:17]EMOTE: *no key*/(Poly) : <b>Poly</b> squawks. (80,190,2)
[16:32:20]EMOTE: *no key*/(pug) : <b>Swanson</b> shakes its head. (106,144,2)
[16:32:34]SAY: mouse/ : Squeek? (200,231,2)
[16:32:41]EMOTE: *no key*/(monkey (402)) : <b>The monkey (402)</b> rolls. (160,139,2)
[16:32:45]EMOTE: *no key*/(monkey (50)) : <b>The monkey (50)</b> waves her tail. (160,142,2)
[16:32:47]EMOTE: *no key*/(Persephone) : <b>Persephone</b> lies down. (166,141,2)
[16:32:49]EMOTE: *no key*/(Citrus) : <b>Citrus</b> looks around sleepily. (171,221,2)
[16:32:53]EMOTE: *no key*/(Ian) : <b>Ian</b> woofs! (135,181,2)
[16:32:55]EMOTE: *no key*/(grey baby slime (139)) : <b>The grey baby slime (139)</b> vibrates! (113,163,2)
[16:32:59]EMOTE: *no key*/(Poly) : <b>Poly</b> looks in the chief engineer's rubber stamp's direction and takes flight. (80,190,2)
[16:33:19]EMOTE: *no key*/(monkey (509)) : <b>The monkey (509)</b> rolls. (187,118,2)
[16:33:27]EMOTE: *no key*/(grey baby slime (991)) : <b>The grey baby slime (991)</b> vibrates! (109,152,2)
[16:33:32]EMOTE: *no key*/(Poly) : <b>Poly</b> bawks! (80,190,2)
[16:33:38]SAY: Medibot/ : I knew it, I should&#39;ve been a plastic surgeon. (155,73,1)
[16:33:40]SAY: Medibot/ : What kind of medbay is this? Everyone&#39;s dropping like flies. (155,73,1)
[16:33:43]EMOTE: *no key*/(Ian) : <b>Ian</b> dances around. (134,182,2)
[16:33:54]EMOTE: *no key*/(monkey (50)) : <b>The monkey (50)</b> waves her tail. (160,140,2)
[16:33:55]EMOTE: *no key*/(Poly) : <b>Poly</b> looks in the Cohiba Robusto cigar's direction and takes flight. (80,190,2)
[16:34:01]SAY: Medibot/ : I knew it, I should&#39;ve been a plastic surgeon. (154,73,1)
[16:34:04]EMOTE: *no key*/(monkey (50)) : <b>The monkey (50)</b> scratches. (160,141,2)
[16:34:12]EMOTE: *no key*/(grey baby slime (991)) : <b>The grey baby slime (991)</b> jiggles! (109,152,2)
[16:34:23]EMOTE: *no key*/(Poly) : <b>Poly</b> squawks. (80,190,2)
[16:34:33]SAY: Medibot/ : Delicious! (155,73,1)
[16:34:38]EMOTE: *no key*/(monkey (509)) : <b>The monkey (509)</b> scratches. (187,119,2)
[16:34:39]EMOTE: *no key*/(Renault) : <b>Renault</b> shivers. (157,195,2)
[16:34:48]EMOTE: *no key*/(monkey (509)) : <b>The monkey (509)</b> jumps! (185,119,2)
[16:34:52]EMOTE: *no key*/(Poly) : <b>Poly</b> looks in the premium Havanian cigar's direction and takes flight. (80,190,2)
[16:34:54]EMOTE: *no key*/(Persephone) : <b>Persephone</b> looks alert. (166,141,2)
[16:34:56]EMOTE: *no key*/(mouse) : <b>The mouse</b> squeeks. (199,226,2)
[16:34:58]SAY: Ian/ : AUUUUUU (133,182,2)
[16:35:06]EMOTE: *no key*/(Persephone) : <b>Persephone</b> stretches out for a belly rub. (166,141,2)
[16:35:18]SAY: Medibot/ : Radar, put a mask on! (154,73,1)
[16:35:18]EMOTE: *no key*/(mouse) : <b>The mouse</b> runs in a circle. (201,231,2)
[16:35:22]EMOTE: *no key*/(grey baby slime (991)) : <b>The grey baby slime (991)</b> lights up for a bit, then stops. (108,153,2)
[16:35:30]SAY: mouse/ : Squeek! (200,227,2)
[16:35:32]EMOTE: *no key*/(mouse) : <b>The mouse</b> squeeks. (201,227,2)
[16:35:36]EMOTE: *no key*/(grey baby slime (991)) : <b>The grey baby slime (991)</b> lights up for a bit, then stops. (108,152,2)
[16:35:38]SAY: Persephone/ : Meow! (166,141,2)
[16:35:55]SAY: Poly/ : Try our new nougat bar! (80,190,2)
[16:35:57]EMOTE: *no key*/(pug) : <b>Swanson</b> chases its tail. (106,143,2)
[16:36:03]EMOTE: *no key*/(Poly) : <b>Poly</b> looks in the premium Havanian cigar's direction and takes flight. (80,190,2)
[16:36:05]EMOTE: *no key*/(Renault) : <b>Renault</b> howls. (158,196,2)
[16:36:06]EMOTE: *no key*/(monkey (530)) : <b>The monkey (530)</b> jumps! (160,139,2)
[16:36:09]SAY: mouse/ : SQUEEK! (200,227,2)
[16:36:28]EMOTE: *no key*/(grey baby slime (621)) : <b>The grey baby slime (621)</b> jiggles! (103,161,2)
[16:36:38]EMOTE: *no key*/(pug) : <b>Swanson</b> chases its tail. (107,142,2)
[16:37:00]EMOTE: *no key*/(Poly) : <b>Poly</b> looks in the premium cigar's direction and takes flight. (80,190,2)
[16:37:06]EMOTE: *no key*/(pug) : <b>Swanson</b> chases its tail. (105,142,2)
[16:37:06]SAY: mouse/ : SQUEEK! (201,230,2)
[16:37:08]EMOTE: *no key*/(monkey (402)) : <b>The monkey (402)</b> waves his tail. (160,141,2)
[16:37:14]SAY: Medibot/ : I knew it, I should&#39;ve been a plastic surgeon. (154,73,1)
[16:37:20]EMOTE: *no key*/(monkey (530)) : <b>The monkey (530)</b> waves his tail. (160,140,2)
[16:37:28]EMOTE: *no key*/(monkey (509)) : <b>The monkey (509)</b> rolls. (188,119,2)
[16:37:35]SAY: Poly/ : Breaking news from Station Announcements! (80,190,2)
[16:37:48]EMOTE: *no key*/(Persephone) : <b>Persephone</b> looks alert. (166,141,2)
[16:37:57]EMOTE: *no key*/(Poly) : <b>Poly</b> looks in the Power-ON cartridge's direction and takes flight. (80,190,2)
[16:38:01]SAY: Medibot/ : Delicious! (154,73,1)
[16:38:10]EMOTE: *no key*/(monkey (509)) : <b>The monkey (509)</b> jumps! (188,119,2)
[16:38:15]SAY: emergency medibot/ : There&#39;s always a catch, and I&#39;m the best there is. (222,84,1)
[16:38:26]EMOTE: *no key*/(monkey (50)) : <b>The monkey (50)</b> waves her tail. (160,140,2)
[16:38:32]SAY: Medibot/ : Radar, put a mask on! (155,73,1)
[16:38:32]EMOTE: *no key*/(monkey (509)) : <b>The monkey (509)</b> jumps! (187,119,2)
[16:38:38]EMOTE: *no key*/(Mojo XXX) : <b>Mojo XXX</b> waves its tail. (141,212,2)
[16:38:44]EMOTE: *no key*/(Persephone) : <b>Persephone</b> stops resting. (166,141,2)
[16:38:54]EMOTE: *no key*/(monkey (509)) : <b>The monkey (509)</b> scratches. (188,119,2)
[16:38:56]EMOTE: *no key*/(grey baby slime (991)) : <b>The grey baby slime (991)</b> bounces in place. (107,151,2)
[16:39:04]EMOTE: *no key*/(Poly) : <b>Poly</b> looks in the Power-ON cartridge's direction and takes flight. (80,190,2)
[16:39:08]SAY: Nobody's Perfect/ : Delicious! (24,75,1)
[16:39:30]EMOTE: *no key*/(grey baby slime (991)) : <b>The grey baby slime (991)</b> vibrates! (108,151,2)
[16:39:41]EMOTE: *no key*/(Ian) : <b>Ian</b> pants. (133,180,2)
[16:39:49]SAY: Swanson/ : YAP (105,141,2)
[16:40:03]EMOTE: *no key*/(Poly) : <b>Poly</b> looks in the Power-ON cartridge's direction and takes flight. (80,190,2)
[16:40:06]EMOTE: *no key*/(Persephone) : <b>Persephone</b> shakes out its coat. (170,140,2)
[16:40:12]EMOTE: *no key*/(Persephone) : <b>Persephone</b> wags its tail. (169,140,2)
[16:40:12]EMOTE: *no key*/(grey baby slime (991)) : <b>The grey baby slime (991)</b> vibrates! (108,152,2)
[16:40:22]EMOTE: *no key*/(monkey (509)) : <b>The monkey (509)</b> rolls. (186,119,2)
[16:40:23]SAY: Persephone/ : Esp! (169,140,2)
[16:40:23]SAY: mouse/ : Squeek? (200,230,2)
[16:40:26]SAY: Medibot/ : There&#39;s always a catch, and I&#39;m the best there is. (154,73,1)
[16:40:26]EMOTE: *no key*/(Persephone) : <b>Persephone</b> wags its tail. (169,140,2)
[16:40:30]EMOTE: *no key*/(Citrus) : <b>Citrus</b> yawns. (172,219,2)
[16:40:30]SAY: grey baby slime (621)/ : Rawr... (105,163,2)
[16:40:44]SAY: emergency medibot/ : What kind of medbay is this? Everyone&#39;s dropping like flies. (222,84,1)
[16:40:54]SAY: emergency medibot/ : There&#39;s always a catch, and I&#39;m the best there is. (222,84,1)
[16:40:56]EMOTE: *no key*/(monkey (530)) : <b>The monkey (530)</b> jumps! (160,140,2)
[16:41:02]EMOTE: *no key*/(Poly) : <b>Poly</b> looks in the Power-ON cartridge's direction and takes flight. (80,190,2)
[16:41:04]SAY: emergency medibot/ : What kind of medbay is this? Everyone&#39;s dropping like flies. (222,84,1)
[16:41:08]EMOTE: *no key*/(pug) : <b>Swanson</b> chases its tail. (105,141,2)
[16:41:10]EMOTE: *no key*/(monkey (402)) : <b>The monkey (402)</b> jumps! (160,142,2)
[16:41:14]EMOTE: *no key*/(pug) : <b>Swanson</b> chases its tail. (105,141,2)
[16:41:22]EMOTE: *no key*/(monkey (509)) : <b>The monkey (509)</b> waves his tail. (185,118,2)
[16:41:25]EMOTE: *no key*/(Renault) : <b>Renault</b> shivers. (160,193,2)
[16:41:26]EMOTE: *no key*/(monkey (665)) : <b>The monkey (665)</b> jumps! (188,118,2)
[16:41:32]EMOTE: *no key*/(Persephone) : <b>Persephone</b> gets up and meows. (169,140,2)
[16:41:34]EMOTE: *no key*/(monkey (665)) : <b>The monkey (665)</b> scratches. (188,118,2)
[16:41:35]SAY: Nobody's Perfect/ : I knew it, I should&#39;ve been a plastic surgeon. (24,75,1)
[16:41:45]SAY: Poly/ : Attention! Wanted issue distributed! (80,190,2)
[16:41:46]EMOTE: *no key*/(monkey (402)) : <b>The monkey (402)</b> waves his tail. (160,141,2)
[16:42:00]EMOTE: *no key*/(Persephone) : <b>Persephone</b> shakes out its coat. (170,139,2)
[16:42:00]EMOTE: *no key*/(monkey (530)) : <b>The monkey (530)</b> scratches. (160,139,2)
[16:42:01]EMOTE: *no key*/(Poly) : <b>Poly</b> looks in the burn patch's direction and takes flight. (80,190,2)
[16:42:14]EMOTE: *no key*/(pug) : <b>Swanson</b> chases its tail. (105,141,2)
[16:42:15]SAY: mouse/ : Squeek? (200,224,2)
[16:42:32]EMOTE: *no key*/(monkey (509)) : <b>The monkey (509)</b> waves his tail. (184,118,2)
[16:42:36]EMOTE: *no key*/(Ian) : <b>Ian</b> dances around. (135,181,2)
[16:42:40]EMOTE: *no key*/(Citrus) : <b>Citrus</b> snores. (172,219,2)
[16:42:50]EMOTE: *no key*/(Mojo XXX) : <b>Mojo XXX</b> scratches. (142,215,2)
[16:43:00]EMOTE: *no key*/(Poly) : <b>Poly</b> looks in the Zippo lighter's direction and takes flight. (80,190,2)
[16:43:16]SAY: Medibot/ : Delicious! (155,73,1)
[16:43:20]EMOTE: *no key*/(monkey (509)) : <b>The monkey (509)</b> rolls. (186,118,2)
[16:43:22]EMOTE: *no key*/(mouse) : <b>The mouse</b> squeeks. (202,230,2)
[16:43:32]EMOTE: *no key*/(Mojo XXX) : <b>Mojo XXX</b> jumps! (139,212,2)
[16:43:37]SAY: mouse/ : Squeek? (201,224,2)
[16:43:48]EMOTE: *no key*/(monkey (530)) : <b>The monkey (530)</b> rolls. (160,140,2)
[16:44:05]EMOTE: *no key*/(Persephone) : <b>Persephone</b> shakes its head (170,139,2)
[16:44:11]SAY: Medibot/ : I knew it, I should&#39;ve been a plastic surgeon. (154,73,1)
[16:44:14]EMOTE: *no key*/(Persephone) : <b>Persephone</b> grooms its fur. (169,139,2)
[16:44:16]EMOTE: *no key*/(grey baby slime (139)) : <b>The grey baby slime (139)</b> vibrates! (113,162,2)
[16:44:26]SAY: Poly/ : Twice the calories for half the price! (80,190,2)
[16:44:30]EMOTE: *no key*/(pug) : <b>Swanson</b> chases its tail. (106,141,2)
[16:44:40]EMOTE: *no key*/(monkey (665)) : <b>The monkey (665)</b> scratches. (187,118,2)
[16:44:48]EMOTE: *no key*/(Persephone) : <b>Persephone</b> lies down. (169,140,2)
[16:45:00]SAY: grey baby slime (991)/ : Blop... (109,152,2)
[16:45:08]EMOTE: *no key*/(Persephone) : <b>Persephone</b> looks alert. (169,140,2)
[16:45:24]EMOTE: *no key*/(Persephone) : <b>Persephone</b> wags its tail. (169,140,2)
[16:45:25]EMOTE: *no key*/(Ian) : <b>Ian</b> shivers. (137,181,2)
[16:45:33]SAY: Swanson/ : AUUUUUU (106,141,2)
[16:45:33]EMOTE: *no key*/(Poly) : <b>Poly</b> squawks. (80,190,2)
[16:45:40]EMOTE: *no key*/(grey baby slime (139)) : <b>The grey baby slime (139)</b> jiggles! (113,162,2)
[16:45:42]EMOTE: *no key*/(Persephone) : <b>Persephone</b> wags its tail. (169,140,2)
[16:45:43]SAY: Poly/ : Try our new nougat bar! (80,190,2)
[16:45:55]EMOTE: *no key*/(monkey (402)) : <b>The monkey (402)</b> rolls. (160,139,2)
[16:46:07]EMOTE: *no key*/(Poly) : <b>Poly</b> squawks. (80,190,2)
[16:46:15]EMOTE: *no key*/(monkey (509)) : <b>The monkey (509)</b> jumps! (185,119,2)
[16:46:30]EMOTE: *no key*/(pug) : <b>Swanson</b> shakes its head. (106,141,2)
[16:46:34]ACCESS: Login: Jobobman from 75.172.0.119-3697527780 || BYOND v511
[16:46:34]ACCESS: Mob Login: Jobobman/(Jobobman) was assigned to a /mob/dead/new_player
[16:46:36]EMOTE: *no key*/(Citrus) : <b>Citrus</b> dozes off. (170,221,2)
[16:46:40]EMOTE: *no key*/(Poly) : <b>Poly</b> bawks! (80,190,2)
[16:46:52]ACCESS: Mob Login: Jobobman/(Arnie Harding) was assigned to a /mob/living/carbon/human
[16:46:55]EMOTE: *no key*/(Ian) : <b>Ian</b> dances around. (137,181,2)
[16:47:04]EMOTE: *no key*/(monkey (402)) : <b>The monkey (402)</b> scratches. (160,140,2)
[16:47:06]SAY: emergency medibot/ : Delicious! (222,84,1)
[16:47:08]EMOTE: *no key*/(grey baby slime (991)) : <b>The grey baby slime (991)</b> bounces in place. (109,152,2)
[16:47:10]EMOTE: *no key*/(Persephone) : <b>Persephone</b> walks around. (169,140,2)
[16:47:13]ACCESS: Mob Login: Noober84555/(Flamingos Are Superior Race) was assigned to a /mob/living/carbon/human
[16:47:19]SAY: mouse/ : Squeek! (201,229,2)
[16:47:21]SAY: Arnie Harding/Jobobman : hello (148,261,2)
[16:47:23]EMOTE: *no key*/(Persephone) : <b>Persephone</b> looks alert. (168,141,2)
[16:47:23]EMOTE: *no key*/(monkey (402)) : <b>The monkey (402)</b> rolls. (160,139,2)
[16:47:27]SAY: Flamingos Are Superior Race/Noober84555 : hello my dude (144,261,2)
[16:47:27]EMOTE: *no key*/(monkey (509)) : <b>The monkey (509)</b> jumps! (187,119,2)
[16:47:31]SAY: Flamingos Are Superior Race/Noober84555 : would you like a changelog (144,261,2)
[16:47:31]EMOTE: *no key*/(Poly) : <b>Poly</b> flutters its wings. (80,190,2)
[16:47:33]EMOTE: *no key*/(Citrus) : <b>Citrus</b> looks around sleepily. (169,221,2)
[16:47:40]SAY: Arnie Harding/Jobobman : i am a changelog (142,261,2)
[16:47:46]SAY: Flamingos Are Superior Race/Noober84555 : oh no (144,261,2)
[16:47:50]SAY: emergency medibot/ : Radar, put a mask on! (222,84,1)
[16:47:54]SAY: Flamingos Are Superior Race/Noober84555 : well you may have noticed the rules changed a bit (144,261,2)
[16:47:55]EMOTE: *no key*/(monkey (509)) : <b>The monkey (509)</b> jumps! (188,118,2)
[16:47:57]EMOTE: *no key*/(monkey (665)) : <b>The monkey (665)</b> scratches. (187,118,2)
[16:48:00]SAY: Flamingos Are Superior Race/Noober84555 : literally the same but worded diferently (144,261,2)
[16:48:04]SAY: Flamingos Are Superior Race/Noober84555 : and.. fancy effects (144,261,2)
[16:48:06]SAY: Flamingos Are Superior Race/Noober84555 : look at this (144,261,2)
[16:48:13]GAME: Noober84555/(Flamingos Are Superior Race) planted C4 on floor at (146,261,2) with 10 second fuse
[16:48:16]SAY: Flamingos Are Superior Race/Noober84555 : this is just a test explosion (145,261,2)
[16:48:17]EMOTE: *no key*/(pug) : <b>Swanson</b> chases its tail. (105,143,2)
[16:48:20]SAY: emergency medibot/ : Radar, put a mask on! (222,84,1)
[16:48:23]GAME: Explosion with size (0, 0, 3, 0) in area Arrival Shuttle (146,261,2)
[16:48:31]SAY: Arnie Harding/Jobobman : beutiful (145,261,2)
[16:48:31]EMOTE: *no key*/(monkey (530)) : <b>The monkey (530)</b> scratches. (160,140,2)
[16:48:39]SAY: Arnie Harding/Jobobman : and it made me deaf (145,261,2)
[16:48:39]SAY: Flamingos Are Superior Race/Noober84555 : try it out lol (149,261,2)
[16:48:43]SAY: Arnie Harding/Jobobman : mmmm (145,261,2)
[16:48:44]GAME: <a href='?priv_msg=noober84555'>Noober84555</a>/(Flamingos Are Superior Race) checked the player panel while in game.
[16:48:45]ADMIN: Noober84555/(Flamingos Are Superior Race) healed / Revived Jobobman/(Arnie Harding).
[16:48:46]SAY: Arnie Harding/Jobobman : good boom (145,261,2)
[16:48:46]EMOTE: *no key*/(monkey (50)) : <b>The monkey (50)</b> rolls. (160,139,2)
[16:48:46]EMOTE: *no key*/(pug) : <b>Swanson</b> chases its tail. (105,142,2)
[16:48:49]SAY: Poly/ : Try our new nougat bar! (80,190,2)
[16:48:51]SAY: Arnie Harding/Jobobman : i can hear (145,261,2)
[16:48:55]SAY: Flamingos Are Superior Race/Noober84555 : it works with other Bombs too (148,257,2)
[16:48:58]EMOTE: *no key*/(monkey (509)) : <b>The monkey (509)</b> jumps! (186,118,2)
[16:48:58]EMOTE: *no key*/(Persephone) : <b>Persephone</b> wags its tail. (168,141,2)
[16:49:04]ACCESS: Mob Login: Noober84555/(Flamingos Are Superior Race) was assigned to a /mob/living/brain
[16:49:04]ADMIN: *no key*/(Flamingos Are Superior Race) punished *no key*/(Flamingos Are Superior Race) with Gib.
[16:49:06]EMOTE: *no key*/(Persephone) : <b>Persephone</b> stretches out for a belly rub. (168,141,2)
[16:49:06]EMOTE: *no key*/(pug) : <b>Swanson</b> chases its tail. (105,143,2)
[16:49:06]EMOTE: *no key*/(grey baby slime (139)) : <b>The grey baby slime (139)</b> bounces in place. (112,161,2)
[16:49:16]ACCESS: Mob Login: Noober84555/(Flamingos Are Superior Race) was assigned to a /mob/dead/observer
[16:49:35]EMOTE: *no key*/(monkey (402)) : <b>The monkey (402)</b> scratches. (160,139,2)
[16:49:37]ADMIN: Noober84555/(Flamingos Are Superior Race) has used rudimentary transformation on Noober84555/(Flamingos Are Superior Race). Transforming to human.; deletemob=1
[16:49:37]ACCESS: Mob Login: Noober84555/(Flamingos Are Superior Race) was assigned to a /mob/living/carbon/human
[16:49:42]ADMIN: Noober84555/(Flamingos Are Superior Race) changed the equipment of Noober84555/(Flamingos Are Superior Race) to /datum/outfit/job/captain.
[16:49:43]EMOTE: *no key*/(Persephone) : <b>Persephone</b> wags its tail. (168,141,2)
[16:49:48]SAY: Poly/ : Don&#39;t believe the reports - smoke today! (80,190,2)
[16:49:58]ADMIN: Noober84555/(Flamingos Are Superior Race) has added 600 units of blood to the chem sprayer
[16:49:58]EMOTE: *no key*/(Persephone) : <b>Persephone</b> stretches out for a belly rub. (168,141,2)
[16:50:08]ADMIN: Jobobman/(Arnie Harding) has possessed the chair (/obj/structure/chair) at (142, 260, 2)
[16:50:17]SAY: Swanson/ : Woof! (107,143,2)
[16:50:23]EMOTE: *no key*/(Renault) : <b>Renault</b> shakes its head. (159,196,2)
[16:50:34]EMOTE: *no key*/(pug) : <b>Swanson</b> chases its tail. (106,143,2)
[16:50:36]ADMIN: Jobobman/(chair) has possessed Flamingos Are Superior Race's head (/obj/item/bodypart/head) at (148, 260, 2)
[16:50:42]EMOTE: *no key*/(Mojo XXX) : <b>Mojo XXX</b> scratches. (139,213,2)
[16:50:43]SAY: Arnie Harding/Jobobman : hello\ (146,261,2)
[16:50:47]SAY: Arnie Harding/Jobobman : i am a head (146,261,2)
[16:50:49]SAY: Flamingos Are Superior Race/Noober84555 : o no (144,262,2)
[16:50:52]SAY: Arnie Harding/Jobobman : your head (146,261,2)
[16:50:57]SAY: Arnie Harding/Jobobman : oooo (145,261,2)
[16:51:00]SAY: Arnie Harding/Jobobman : spook (145,263,2)
[16:51:06]EMOTE: *no key*/(monkey (509)) : <b>The monkey (509)</b> waves his tail. (186,119,2)
[16:51:12]EMOTE: *no key*/(monkey (509)) : <b>The monkey (509)</b> jumps! (187,118,2)
[16:51:22]EMOTE: *no key*/(pug) : <b>Swanson</b> chases its tail. (105,142,2)
[16:51:24]SAY: Swanson/ : Woof! (105,143,2)
[16:51:26]SAY: Arnie Harding/Jobobman : throw me (145,261,2)
[16:51:28]EMOTE: *no key*/(pug) : <b>Swanson</b> yaps. (105,143,2)
[16:51:31]SAY: Arnie Harding/Jobobman : for science (145,264,2)
[16:51:33]SAY: Arnie Harding/Jobobman : wew (145,264,2)
[16:51:36]EMOTE: *no key*/(Persephone) : <b>Persephone</b> sits down. (168,141,2)
[16:51:40]EMOTE: *no key*/(Persephone) : <b>Persephone</b> stretches out for a belly rub. (168,141,2)
[16:51:42]EMOTE: *no key*/(monkey (402)) : <b>The monkey (402)</b> jumps! (160,140,2)
[16:51:44]SAY: Flamingos Are Superior Race/Noober84555 : p cool (147,263,2)
[16:52:09]SAY: Arnie Harding/Jobobman : i can just slide though walls (148,264,2)
[16:52:18]SAY: Poly/ : Try our new nougat bar! (80,190,2)
[16:52:22]EMOTE: *no key*/(Poly) : <b>Poly</b> squawks. (80,190,2)
[16:52:33]EMOTE: *no key*/(Mojo XXX) : <b>Mojo XXX</b> rolls. (137,214,2)
[16:52:41]EMOTE: *no key*/(monkey (509)) : <b>The monkey (509)</b> waves his tail. (186,118,2)
[16:53:06]ADMIN: Noober84555/(Flamingos Are Superior Race) jumped to Jobobman/(Arnie Harding)
[16:53:21]ADMIN: Noober84555/(Flamingos Are Superior Race) jumped to 167,45,1 in Thunderdome (Admin.)
[16:53:25]EMOTE: *no key*/(monkey (509)) : <b>The monkey (509)</b> rolls. (187,118,2)
[16:53:31]EMOTE: *no key*/(pug) : <b>Swanson</b> pants. (106,145,2)
[16:53:31]EMOTE: *no key*/(Mojo XXX) : <b>Mojo XXX</b> waves its tail. (137,215,2)
[16:53:32]ADMIN: Jobobman/(Arnie Harding) jumped to 164,47,1 in Thunderdome Arena
[16:53:33]EMOTE: *no key*/(Mojo XXX) : <b>Mojo XXX</b> jumps! (137,215,2)
[16:53:34]SAY: Arnie Harding/Jobobman : wew (164,47,1)
[16:53:35]EMOTE: *no key*/(Ian) : <b>Ian</b> shakes its head. (134,182,2)
[16:53:44]EMOTE: *no key*/(Mojo XXX) : <b>Mojo XXX</b> rolls. (137,215,2)
[16:53:45]SAY: Swanson/ : AUUUUUU (106,145,2)
[16:53:54]EMOTE: *no key*/(pug) : <b>Swanson</b> pants. (106,146,2)
[16:53:58]SAY: Flamingos Are Superior Race/Noober84555 : ya (168,46,1)
[16:54:06]EMOTE: *no key*/(monkey (509)) : <b>The monkey (509)</b> jumps! (184,118,2)
[16:54:06]SAY: emergency medibot/ : I knew it, I should&#39;ve been a plastic surgeon. (222,84,1)
[16:54:14]SAY: mouse/ : Squeek! (200,224,2)
[16:54:30]ADMIN: Jobobman/(Arnie Harding) jumped to 158,49,1 in Thunderdome Arena
[16:54:35]EMOTE: *no key*/(grey baby slime (621)) : <b>The grey baby slime (621)</b> vibrates! (103,162,2)
[16:54:36]ADMIN: Jobobman/(Arnie Harding) jumped to 163,49,1 in Thunderdome Arena
[16:54:39]EMOTE: *no key*/(grey baby slime (139)) : <b>The grey baby slime (139)</b> jiggles! (111,161,2)
[16:54:39]SAY: Nobody's Perfect/ : There&#39;s always a catch, and I&#39;m the best there is. (24,75,1)
[16:54:41]EMOTE: *no key*/(monkey (665)) : <b>The monkey (665)</b> scratches. (186,119,2)
[16:54:43]EMOTE: *no key*/(grey baby slime (139)) : <b>The grey baby slime (139)</b> bounces in place. (112,161,2)
[16:54:56]EMOTE: *no key*/(monkey (665)) : <b>The monkey (665)</b> rolls. (186,118,2)
[16:55:02]EMOTE: *no key*/(Persephone) : <b>Persephone</b> wags its tail. (168,141,2)
[16:55:08]EMOTE: *no key*/(Persephone) : <b>Persephone</b> lies down. (168,141,2)
[16:55:13]EMOTE: *no key*/(pug) : <b>Swanson</b> chases its tail. (105,146,2)
[16:55:29]EMOTE: *no key*/(Poly) : <b>Poly</b> squawks. (80,190,2)
[16:55:36]EMOTE: *no key*/(monkey (50)) : <b>The monkey (50)</b> scratches. (160,142,2)
[16:55:38]EMOTE: *no key*/(Persephone) : <b>Persephone</b> stops resting. (168,141,2)
[16:55:44]SAY: Persephone/ : HSSSSS (168,141,2)
[16:55:48]SAY: Poly/ : Don&#39;t believe the reports - smoke today! (80,190,2)
[16:55:53]GAME: <a href='?priv_msg=jobobman'>Jobobman</a>/(Arnie Harding) checked the player panel while in game.
[16:55:54]EMOTE: *no key*/(Ian) : <b>Ian</b> dances around. (133,182,2)
[16:55:57]ADMIN: Jobobman/(Arnie Harding) healed / Revived Jobobman/(Arnie Harding).
[16:55:58]SAY: Ian/ : AUUUUUU (133,182,2)
[16:56:03]EMOTE: *no key*/(monkey (509)) : <b>The monkey (509)</b> jumps! (184,119,2)
[16:56:26]EMOTE: *no key*/(monkey (509)) : <b>The monkey (509)</b> rolls. (188,119,2)
[16:56:39]SAY: mouse/ : Squeek! (203,226,2)
[16:56:55]SAY: mouse/ : SQUEEK! (203,227,2)
[16:57:00]EMOTE: *no key*/(Ian) : <b>Ian</b> dances around. (134,182,2)
[16:57:01]EMOTE: *no key*/(Poly) : <b>Poly</b> squawks. (80,190,2)
[16:57:19]EMOTE: *no key*/(Mojo XXX) : <b>Mojo XXX</b> waves its tail. (138,217,2)
[16:57:26]EMOTE: *no key*/(monkey (509)) : <b>The monkey (509)</b> scratches. (187,119,2)
[16:57:26]EMOTE: *no key*/(Persephone) : <b>Persephone</b> stretches out for a belly rub. (167,142,2)
[16:57:40]EMOTE: *no key*/(Persephone) : <b>Persephone</b> walks around. (167,142,2)
[16:57:47]EMOTE: *no key*/(Persephone) : <b>Persephone</b> shivers (168,142,2)
[16:57:48]EMOTE: *no key*/(Persephone) : <b>Persephone</b> twitches its whiskers. (168,142,2)
[16:57:49]SAY: Poly/ : Attention! Wanted issue distributed! (80,190,2)
[16:58:01]SAY: Poly/ : Try our new nougat bar! (80,190,2)
[16:58:06]EMOTE: *no key*/(Mojo XXX) : <b>Mojo XXX</b> scratches. (138,217,2)
[16:58:07]SAY: Medibot/ : There&#39;s always a catch, and I&#39;m the best there is. (154,73,1)
[16:58:10]SAY: Nobody's Perfect/ : I knew it, I should&#39;ve been a plastic surgeon. (24,75,1)
[16:58:13]EMOTE: *no key*/(pug) : <b>Swanson</b> chases its tail. (108,146,2)
[16:58:20]ADMIN: Jobobman/(Arnie Harding) jumped to 165,42,1 in Thunderdome (Admin.)
[16:58:22]SAY: emergency medibot/ : Delicious! (222,84,1)
[16:58:25]SAY: Medibot/ : There&#39;s always a catch, and I&#39;m the best there is. (155,73,1)
[16:58:26]EMOTE: *no key*/(Persephone) : <b>Persephone</b> shakes out its coat. (170,141,2)
[16:58:30]EMOTE: *no key*/(Persephone) : <b>Persephone</b> looks alert. (170,141,2)
[16:58:36]EMOTE: *no key*/(grey baby slime (991)) : <b>The grey baby slime (991)</b> jiggles! (109,153,2)
[16:58:40]EMOTE: *no key*/(Poly) : <b>Poly</b> bawks! (80,190,2)
[16:58:41]EMOTE: *no key*/(monkey (530)) : <b>The monkey (530)</b> jumps! (160,142,2)
[16:58:55]EMOTE: *no key*/(Persephone) : <b>Persephone</b> stops resting. (170,141,2)
[16:58:59]EMOTE: *no key*/(monkey (50)) : <b>The monkey (50)</b> scratches. (160,140,2)
[16:59:00]GAME: <a href='?priv_msg=jobobman'>Jobobman</a>/(Arnie Harding) checked the player panel while in game.
[16:59:07]EMOTE: *no key*/(grey baby slime (621)) : <b>The grey baby slime (621)</b> vibrates! (103,162,2)
[16:59:09]EMOTE: *no key*/(monkey (402)) : <b>The monkey (402)</b> waves his tail. (160,142,2)
[16:59:13]SAY: Medibot/ : Delicious! (155,73,1)
[16:59:24]ADMIN: Jobobman/(Arnie Harding) has animalized Jobobman.
[16:59:31]EMOTE: *no key*/(Citrus) : <b>Citrus</b> yawns. (169,220,2)
[16:59:34]ADMIN: Noober84555/(Flamingos Are Superior Race) jumped to 162,57,1 in Thunderdome (Observer.)
[16:59:43]ADMIN: Noober84555/(Flamingos Are Superior Race) jumped to 169,69,1 in Fucktrasen Command Docks
[16:59:47]SAY: Persephone/ : HSSSSS (169,142,2)
[16:59:55]EMOTE: *no key*/(Persephone) : <b>Persephone</b> shakes out its coat. (169,142,2)
[17:00:03]ADMIN: Jobobman/(Arnie Harding) attempting to monkeyize Jobobman/(Arnie Harding).
[17:00:05]ACCESS: Mob Login: Jobobman/(monkey (404)) was assigned to a /mob/living/carbon/monkey
[17:00:17]EMOTE: *no key*/(pug) : <b>Swanson</b> chases its tail. (107,147,2)
[17:00:27]SAY: grey baby slime (139)/ : Rawr... (112,163,2)
[17:00:27]SAY: Medibot/ : What kind of medbay is this? Everyone&#39;s dropping like flies. (155,73,1)
[17:00:41]GAME: <a href='?priv_msg=jobobman'>Jobobman</a>/(monkey (404)) checked the player panel while in game.
[17:00:44]ADMIN: Jobobman/(monkey (404)) attempting to humanize Jobobman/(monkey (404)).
[17:00:47]ACCESS: Mob Login: Jobobman/(Arnie Harding) was assigned to a /mob/living/carbon/human
[17:00:54]GAME: <a href='?priv_msg=jobobman'>Jobobman</a>/(Arnie Harding) checked the player panel while in game.
[17:01:00]EMOTE: *no key*/(Persephone) : <b>Persephone</b> wags its tail. (167,138,2)
[17:01:02]EMOTE: *no key*/(Ian) : <b>Ian</b> chases its tail! (137,182,2)
[17:01:05]SAY: Medibot/ : There&#39;s always a catch, and I&#39;m the best there is. (155,73,1)
[17:01:10]ADMIN: Jobobman/(Arnie Harding) AIized Jobobman/(Arnie Harding).
[17:01:10]ACCESS: Mob Login: Jobobman/(AI) was assigned to a /mob/living/silicon/ai
[17:01:12]EMOTE: *no key*/(monkey (530)) : <b>The monkey (530)</b> jumps! (160,141,2)
[17:01:13]SAY: Poly/ : Don&#39;t believe the reports - smoke today! (80,190,2)
[17:01:14]EMOTE: *no key*/(pug) : <b>Swanson</b> chases its tail. (106,148,2)
[17:01:21]SAY: Nobody's Perfect/ : There&#39;s always a catch, and I&#39;m the best there is. (24,75,1)
[17:01:32]SAY: emergency medibot/ : I knew it, I should&#39;ve been a plastic surgeon. (222,84,1)
[17:02:02]SAY: Ian/ : AUUUUUU (136,181,2)
[17:02:08]EMOTE: *no key*/(grey baby slime (991)) : <b>The grey baby slime (991)</b> jiggles! (109,152,2)
[17:02:30]EMOTE: *no key*/(monkey (665)) : <b>The monkey (665)</b> waves his tail. (186,118,2)
[17:02:36]EMOTE: *no key*/(Persephone) : <b>Persephone</b> crouches on its hind legs. (167,138,2)
[17:02:38]EMOTE: *no key*/(pug) : <b>Swanson</b> chases its tail. (105,147,2)
[17:02:44]SAY: Poly/ : Twice the calories for half the price! (80,190,2)
[17:02:57]EMOTE: *no key*/(monkey (402)) : <b>The monkey (402)</b> jumps! (160,142,2)
[17:02:57]EMOTE: *no key*/(grey baby slime (139)) : <b>The grey baby slime (139)</b> jiggles! (112,161,2)
[17:03:06]EMOTE: *no key*/(monkey (509)) : <b>The monkey (509)</b> rolls. (185,119,2)
[17:03:08]SAY: emergency medibot/ : What kind of medbay is this? Everyone&#39;s dropping like flies. (222,84,1)
[17:03:25]EMOTE: *no key*/(Ian) : <b>Ian</b> shivers. (137,181,2)
[17:03:29]EMOTE: *no key*/(Persephone) : <b>Persephone</b> crouches on its hind legs. (167,138,2)
[17:03:29]EMOTE: *no key*/(Mojo XXX) : <b>Mojo XXX</b> rolls. (136,219,2)
[17:03:39]EMOTE: *no key*/(monkey (530)) : <b>The monkey (530)</b> waves his tail. (160,142,2)
[17:03:45]EMOTE: *no key*/(monkey (530)) : <b>The monkey (530)</b> rolls. (160,142,2)
[17:04:07]EMOTE: *no key*/(monkey (509)) : <b>The monkey (509)</b> jumps! (188,119,2)
[17:04:07]EMOTE: *no key*/(pug) : <b>Swanson</b> chases its tail. (105,146,2)
[17:04:11]EMOTE: *no key*/(monkey (509)) : <b>The monkey (509)</b> jumps! (187,119,2)
[17:04:16]SAY: Nobody's Perfect/ : There&#39;s always a catch, and I&#39;m the best there is. (24,75,1)
[17:04:20]EMOTE: *no key*/(monkey (530)) : <b>The monkey (530)</b> waves his tail. (160,142,2)
[17:04:37]EMOTE: *no key*/(Ian) : <b>Ian</b> yaps. (136,180,2)
[17:04:37]EMOTE: *no key*/(monkey (665)) : <b>The monkey (665)</b> scratches. (186,118,2)
[17:04:39]SAY: Persephone/ : Purr! (167,138,2)
[17:04:41]EMOTE: *no key*/(Persephone) : <b>Persephone</b> crouches on its hind legs. (167,138,2)
[17:04:44]EMOTE: *no key*/(grey baby slime (991)) : <b>The grey baby slime (991)</b> vibrates! (109,152,2)
[17:04:54]EMOTE: *no key*/(monkey (50)) : <b>The monkey (50)</b> rolls. (160,139,2)
[17:04:59]EMOTE: *no key*/(Persephone) : <b>Persephone</b> stretches out for a belly rub. (167,138,2)
[17:05:09]EMOTE: *no key*/(pug) : <b>Swanson</b> shivers. (106,145,2)
[17:05:09]EMOTE: *no key*/(Persephone) : <b>Persephone</b> wags its tail. (167,138,2)
[17:05:27]EMOTE: *no key*/(monkey (50)) : <b>The monkey (50)</b> scratches. (160,140,2)
[17:05:31]EMOTE: *no key*/(Persephone) : <b>Persephone</b> stretches out for a belly rub. (167,138,2)
[17:05:43]SAY: Swanson/ : YAP (106,145,2)
[17:05:43]EMOTE: *no key*/(grey baby slime (139)) : <b>The grey baby slime (139)</b> vibrates! (113,163,2)
[17:05:51]EMOTE: *no key*/(monkey (509)) : <b>The monkey (509)</b> scratches. (186,118,2)
[17:05:56]ADMIN: Jobobman/(Soundwave) admin ghosted.
[17:05:56]ACCESS: Mob Login: Jobobman/(Soundwave) was assigned to a /mob/dead/observer
[17:06:05]SAY: Medibot/ : There&#39;s always a catch, and I&#39;m the best there is. (155,73,1)
[17:06:09]EMOTE: *no key*/(mouse) : <b>The mouse</b> squeeks. (205,224,2)
[17:06:26]ADMIN: Noober84555/(Flamingos Are Superior Race) admin ghosted.
[17:06:26]ACCESS: Mob Login: Noober84555/(Flamingos Are Superior Race) was assigned to a /mob/dead/observer
[17:06:28]ADMIN: Jobobman/(Soundwave) jumped to Noober84555/(Flamingos Are Superior Race)
[17:06:31]EMOTE: *no key*/(monkey (530)) : <b>The monkey (530)</b> waves his tail. (160,142,2)
[17:06:34]ACCESS: Mob Login: Noober84555/(Flamingos Are Superior Race) was assigned to a /mob/living/carbon/human
[17:06:34]SAY: Poly/ : Attention! Wanted issue distributed! (80,190,2)
[17:06:36]EMOTE: *no key*/(Ian) : <b>Ian</b> yaps. (135,179,2)
[17:06:44]EMOTE: *no key*/(Citrus) : <b>Citrus</b> dozes off. (171,221,2)
[17:06:46]EMOTE: *no key*/(Renault) : <b>Renault</b> shakes its head. (154,193,2)
[17:06:54]EMOTE: *no key*/(monkey (665)) : <b>The monkey (665)</b> scratches. (185,118,2)
[17:07:10]EMOTE: *no key*/(monkey (530)) : <b>The monkey (530)</b> jumps! (160,142,2)
[17:07:17]SAY: Nobody's Perfect/ : Radar, put a mask on! (24,75,1)
[17:07:18]EMOTE: *no key*/(Persephone) : <b>Persephone</b> walks around. (167,138,2)
[17:07:26]ADMIN: Noober84555/(Flamingos Are Superior Race) admin ghosted.
[17:07:26]ACCESS: Mob Login: Noober84555/(Flamingos Are Superior Race) was assigned to a /mob/dead/observer
[17:07:34]EMOTE: *no key*/(Ian) : <b>Ian</b> dances around. (135,180,2)
[17:07:34]EMOTE: *no key*/(Mojo XXX) : <b>Mojo XXX</b> rolls. (137,216,2)
[17:07:39]ADMIN: Noober84555/(Flamingos Are Superior Race) modified Jobobman's dir to from 1 to 4
[17:07:40]EMOTE: *no key*/(Citrus) : <b>Citrus</b> looks around sleepily. (171,220,2)
[17:08:05]ADMIN: Noober84555/(Flamingos Are Superior Race) modified Jobobman's dir to from 4 to 1
[17:08:05]SAY: mouse/ : Squeek? (204,227,2)
[17:08:07]SAY: Medibot/ : There&#39;s always a catch, and I&#39;m the best there is. (154,73,1)
[17:08:11]SAY: Poly/ : Try our new nougat bar! (80,190,2)
[17:08:14]ACCESS: Mob Login: Noober84555/(Flamingos Are Superior Race) was assigned to a /mob/living/carbon/human
[17:08:16]EMOTE: *no key*/(monkey (509)) : <b>The monkey (509)</b> rolls. (185,118,2)
[17:08:20]ADMIN: Jobobman/(Soundwave) mass modified Noober84555's type to /client (2 objects modified)
[17:08:27]SAY: Swanson/ : Bark! (106,147,2)
[17:08:29]EMOTE: *no key*/(pug) : <b>Swanson</b> barks! (106,147,2)
[17:08:37]SAY: Persephone/ : Esp! (169,141,2)
[17:08:41]SAY: mouse/ : Squeek? (206,227,2)
[17:08:43]EMOTE: *no key*/(Persephone) : <b>Persephone</b> sits down. (169,141,2)
[17:08:45]SAY: mouse/ : Squeek! (205,227,2)
[17:08:58]SAY: emergency medibot/ : There&#39;s always a catch, and I&#39;m the best there is. (222,84,1)
[17:09:08]EMOTE: *no key*/(Ian) : <b>Ian</b> dances around. (135,179,2)
[17:09:14]GAME: <span class='boldannounce'>Rebooting World. Initiated by Noober84555.</span>
[17:09:15]ACCESS: Logout: Noober84555/(Flamingos Are Superior Race)
[17:09:15]ACCESS: Logout: Jobobman/(Soundwave)
