

Starting up round ID . 11:12:20
---------------------
[11:12:20]ADMIN: Loading Banlist
[11:12:21]GAME: Saved mode is 'sandbox'
[11:13:52]ACCESS: Login: Noober84555 from 127.0.0.1-645371209 || BYOND v511
[11:13:52]ACCESS: Mob Login: Noober84555/(Noober84555) was assigned to a /mob/dead/new_player
[11:15:40]SAY: Renault/ : Geckers (151,193,2)
[11:15:42]EMOTE: *no key*/(monkey (8)) : <b>The monkey (8)</b> waves her tail. (160,139,2)
[11:15:42]SAY: Officer Beepsky/ : Engaging patrol mode. (186,190,2)
[11:15:42]SAY: Prison Ofitser/ : Engaging patrol mode. (23,36,5)
[11:15:42]SAY: Prison Ofitser/ : Disengaging patrol mode. (23,36,5)
[11:15:51]SAY: emergency medibot/ : Delicious! (222,84,1)
[11:15:51]EMOTE: *no key*/(pug) : <b>Swanson</b> yaps. (107,142,2)
[11:15:52]EMOTE: *no key*/(monkey (457)) : <b>The monkey (457)</b> jumps! (203,25,2)
[11:15:56]EMOTE: *no key*/(monkey (8)) : <b>The monkey (8)</b> rolls. (160,139,2)
[11:15:56]EMOTE: *no key*/(grey baby slime (931)) : <b>The grey baby slime (931)</b> vibrates! (111,161,2)
[11:16:00]EMOTE: *no key*/(Pun Pun 28) : <b>Pun Pun 28</b> scratches. (138,216,2)
[11:16:08]EMOTE: *no key*/(monkey (14)) : <b>The monkey (14)</b> scratches. (160,142,2)
[11:16:14]EMOTE: *no key*/(Poly) : <b>Poly</b> turns and flies towards the Power-ON cartridge. (84,190,2)
[11:16:29]EMOTE: *no key*/(monkey (14)) : <b>The monkey (14)</b> rolls. (160,141,2)
[11:16:37]EMOTE: *no key*/(monkey (14)) : <b>The monkey (14)</b> waves his tail. (160,142,2)
[11:16:37]SAY: Nobody's Perfect/ : There&#39;s always a catch, and I&#39;m the best there is. (24,75,1)
[11:16:49]EMOTE: *no key*/(monkey (425)) : <b>The monkey (425)</b> rolls. (201,25,2)
[11:16:49]SAY: Medibot/ : What kind of medbay is this? Everyone&#39;s dropping like flies. (154,73,1)
[11:16:53]EMOTE: *no key*/(monkey (637)) : <b>The monkey (637)</b> jumps! (189,8,2)
[11:17:08]SAY: Medibot/ : Radar, put a mask on! (155,73,1)
[11:17:08]EMOTE: *no key*/(mouse) : <b>The mouse</b> squeeks. (200,225,2)
[11:17:09]EMOTE: *no key*/(monkey (219)) : <b>The monkey (219)</b> jumps! (186,118,2)
[11:17:18]EMOTE: *no key*/(Poly) : <b>Poly</b> looks in the BreatheDeep cartridge's direction and takes flight. (80,190,2)
[11:17:18]EMOTE: *no key*/(Citrus) : <b>Citrus</b> dozes off. (171,220,2)
[11:17:32]EMOTE: *no key*/(monkey (457)) : <b>The monkey (457)</b> waves her tail. (203,25,2)
[11:17:32]EMOTE: *no key*/(Persephone) : <b>Persephone</b> sits down. (166,139,2)
[11:17:33]SAY: Medibot/ : There&#39;s always a catch, and I&#39;m the best there is. (155,73,1)
[11:17:49]SAY: Poly/ : Wait Hanry Smith! I want to help! (80,190,2)
[11:17:54]EMOTE: *no key*/(pug) : <b>Swanson</b> chases its tail. (108,143,2)
[11:17:58]EMOTE: *no key*/(Persephone) : <b>Persephone</b> meows (166,139,2)
[11:18:00]EMOTE: *no key*/(Persephone) : <b>Persephone</b> walks around. (166,139,2)
[11:18:04]SAY: Nobody's Perfect/ : Radar, put a mask on! (24,75,1)
[11:18:14]EMOTE: *no key*/(Poly) : <b>Poly</b> looks in the BreatheDeep cartridge's direction and takes flight. (80,190,2)
[11:18:15]EMOTE: *no key*/(Persephone) : <b>Persephone</b> wags its tail. (166,139,2)
[11:18:21]EMOTE: *no key*/(monkey (8)) : <b>The monkey (8)</b> waves her tail. (160,140,2)
[11:18:39]EMOTE: *no key*/(grey baby slime (762)) : <b>The grey baby slime (762)</b> lights up for a bit, then stops. (104,162,2)
[11:18:41]SAY: Medibot/ : Radar, put a mask on! (154,73,1)
[11:18:45]EMOTE: *no key*/(monkey (425)) : <b>The monkey (425)</b> jumps! (200,25,2)
[11:18:55]SAY: Poly/ : What kind of medbay is this? Everyone&#39;s dropping like flies. (80,190,2)
[11:18:59]SAY: Nobody's Perfect/ : There&#39;s always a catch, and I&#39;m the best there is. (24,75,1)
[11:19:01]EMOTE: *no key*/(monkey (338)) : <b>The monkey (338)</b> jumps! (204,21,2)
[11:19:04]EMOTE: *no key*/(Citrus) : <b>Citrus</b> yawns. (173,219,2)
[11:19:06]EMOTE: *no key*/(Poly) : <b>Poly</b> squawks. (80,190,2)
[11:19:06]SAY: Nobody's Perfect/ : What kind of medbay is this? Everyone&#39;s dropping like flies. (24,75,1)
[11:19:10]EMOTE: *no key*/(Poly) : <b>Poly</b> looks in the BreatheDeep cartridge's direction and takes flight. (80,190,2)
[11:19:15]EMOTE: *no key*/(monkey (338)) : <b>The monkey (338)</b> jumps! (204,21,2)
[11:19:25]EMOTE: *no key*/(monkey (317)) : <b>The monkey (317)</b> scratches. (188,8,2)
[11:19:27]EMOTE: *no key*/(Persephone) : <b>Persephone</b> stretches out for a belly rub. (166,139,2)
[11:19:41]EMOTE: *no key*/(Ian) : <b>Ian</b> dances around. (136,188,2)
[11:19:55]EMOTE: *no key*/(Persephone) : <b>Persephone</b> looks alert. (166,139,2)
[11:20:04]EMOTE: *no key*/(Poly) : <b>Poly</b> looks in the chief engineer's rubber stamp's direction and takes flight. (80,190,2)
[11:20:09]EMOTE: *no key*/(grey baby slime (931)) : <b>The grey baby slime (931)</b> vibrates! (112,162,2)
[11:20:13]EMOTE: *no key*/(monkey (457)) : <b>The monkey (457)</b> jumps! (203,25,2)
[11:20:19]EMOTE: *no key*/(Pun Pun 28) : <b>Pun Pun 28</b> waves its tail. (140,213,2)
[11:20:22]EMOTE: *no key*/(Persephone) : <b>Persephone</b> shakes its head (166,139,2)
[11:20:27]EMOTE: *no key*/(monkey (425)) : <b>The monkey (425)</b> rolls. (200,25,2)
[11:20:39]EMOTE: *no key*/(monkey (14)) : <b>The monkey (14)</b> scratches. (160,142,2)
[11:20:45]EMOTE: *no key*/(monkey (786)) : <b>The monkey (786)</b> rolls. (186,119,2)
[11:20:49]SAY: Medibot/ : Radar, put a mask on! (154,73,1)
[11:20:59]EMOTE: *no key*/(Poly) : <b>Poly</b> looks in the Cohiba Robusto cigar's direction and takes flight. (80,190,2)
[11:21:07]SAY: Medibot/ : What kind of medbay is this? Everyone&#39;s dropping like flies. (155,73,1)
[11:21:08]EMOTE: *no key*/(monkey (786)) : <b>The monkey (786)</b> rolls. (188,118,2)
[11:21:11]EMOTE: *no key*/(pug) : <b>Swanson</b> chases its tail. (105,141,2)
[11:21:17]SAY: Renault/ : Tchoff (155,196,2)
[11:21:24]EMOTE: *no key*/(monkey (457)) : <b>The monkey (457)</b> rolls. (204,25,2)
[11:21:38]EMOTE: *no key*/(pug) : <b>Swanson</b> chases its tail. (105,141,2)
[11:21:41]EMOTE: *no key*/(pug) : <b>Swanson</b> shakes its head. (105,141,2)
[11:21:44]SAY: Nobody's Perfect/ : There&#39;s always a catch, and I&#39;m the best there is. (24,75,1)
[11:21:48]EMOTE: *no key*/(monkey (338)) : <b>The monkey (338)</b> jumps! (203,21,2)
[11:21:56]EMOTE: *no key*/(Poly) : <b>Poly</b> looks in the premium Havanian cigar's direction and takes flight. (80,190,2)
[11:22:10]EMOTE: *no key*/(mouse) : <b>The mouse</b> squeeks. (197,221,2)
[11:22:30]SAY: grey baby slime (762)/ : Rawr... (103,163,2)
[11:22:34]SAY: Nobody's Perfect/ : I knew it, I should&#39;ve been a plastic surgeon. (24,75,1)
[11:22:40]EMOTE: *no key*/(Poly) : <b>Poly</b> bawks! (80,190,2)
[11:22:46]EMOTE: *no key*/(grey baby slime (762)) : <b>The grey baby slime (762)</b> jiggles! (104,163,2)
[11:22:52]EMOTE: *no key*/(monkey (786)) : <b>The monkey (786)</b> waves her tail. (188,118,2)
[11:22:52]EMOTE: *no key*/(Poly) : <b>Poly</b> looks in the premium cigar's direction and takes flight. (80,190,2)
[11:22:56]EMOTE: *no key*/(monkey (637)) : <b>The monkey (637)</b> scratches. (188,8,2)
[11:22:56]EMOTE: *no key*/(pug) : <b>Swanson</b> pants. (105,142,2)
[11:23:02]EMOTE: *no key*/(monkey (637)) : <b>The monkey (637)</b> scratches. (188,8,2)
[11:23:04]SAY: Renault/ : Ack-Ack (159,196,2)
[11:23:12]EMOTE: *no key*/(monkey (338)) : <b>The monkey (338)</b> scratches. (204,21,2)
[11:23:25]EMOTE: *no key*/(Ian) : <b>Ian</b> chases its tail. (135,186,2)
[11:23:25]SAY: Poly/ : Twice the calories for half the price! (80,190,2)
[11:23:26]EMOTE: *no key*/(monkey (637)) : <b>The monkey (637)</b> jumps! (189,8,2)
[11:23:36]EMOTE: *no key*/(Pun Pun 28) : <b>Pun Pun 28</b> jumps! (140,213,2)
[11:23:38]EMOTE: *no key*/(Persephone) : <b>Persephone</b> lies down. (166,139,2)
[11:23:45]SAY: mouse/ : Squeek? (198,221,2)
[11:23:47]SAY: Poly/ : Twice the calories for half the price! (80,190,2)
[11:23:50]EMOTE: *no key*/(Ian) : <b>Ian</b> dances around. (136,185,2)
[11:24:05]EMOTE: *no key*/(Poly) : <b>Poly</b> looks in the premium cigar's direction and takes flight. (80,190,2)
[11:24:16]EMOTE: *no key*/(monkey (190)) : <b>The monkey (190)</b> jumps! (200,21,2)
[11:24:23]SAY: Medibot/ : Delicious! (154,73,1)
[11:24:45]SAY: Persephone/ : Esp! (166,139,2)
[11:24:46]EMOTE: *no key*/(grey baby slime (925)) : <b>The grey baby slime (925)</b> vibrates! (109,152,2)
[11:24:46]EMOTE: *no key*/(grey baby slime (931)) : <b>The grey baby slime (931)</b> bounces in place. (113,162,2)
[11:24:48]EMOTE: *no key*/(monkey (190)) : <b>The monkey (190)</b> jumps! (201,21,2)
[11:24:49]SAY: Poly/ : Twice the calories for half the price! (80,190,2)
[11:24:51]EMOTE: *no key*/(Poly) : <b>Poly</b> flutters its wings. (80,190,2)
[11:25:01]EMOTE: *no key*/(Poly) : <b>Poly</b> looks in the Power-ON cartridge's direction and takes flight. (80,190,2)
[11:25:02]EMOTE: *no key*/(Ian) : <b>Ian</b> dances around. (135,185,2)
[11:25:12]EMOTE: *no key*/(monkey (457)) : <b>The monkey (457)</b> jumps! (203,25,2)
[11:25:13]SAY: mouse/ : Squeek! (201,231,2)
[11:25:14]EMOTE: *no key*/(monkey (338)) : <b>The monkey (338)</b> scratches. (204,21,2)
[11:25:18]EMOTE: *no key*/(Persephone) : <b>Persephone</b> gets up and meows. (166,139,2)
[11:25:20]EMOTE: *no key*/(monkey (190)) : <b>The monkey (190)</b> rolls. (201,21,2)
[11:25:24]EMOTE: *no key*/(Persephone) : <b>Persephone</b> stretches out for a belly rub. (166,139,2)
[11:25:26]SAY: Swanson/ : YAP (108,143,2)
[11:25:26]SAY: mouse/ : Squeek? (202,231,2)
[11:25:28]EMOTE: *no key*/(Persephone) : <b>Persephone</b> stretches out for a belly rub. (166,139,2)
[11:25:53]EMOTE: *no key*/(pug) : <b>Swanson</b> chases its tail. (107,143,2)
[11:25:58]EMOTE: *no key*/(Persephone) : <b>Persephone</b> stops resting. (166,139,2)
[11:25:59]EMOTE: *no key*/(Citrus) : <b>Citrus</b> looks around sleepily. (170,222,2)
[11:26:00]EMOTE: *no key*/(Pun Pun 28) : <b>Pun Pun 28</b> jumps! (140,216,2)
[11:26:01]EMOTE: *no key*/(Poly) : <b>Poly</b> looks in the Power-ON cartridge's direction and takes flight. (80,190,2)
[11:26:03]EMOTE: *no key*/(Ian) : <b>Ian</b> pants. (134,187,2)
[11:26:04]EMOTE: *no key*/(Persephone) : <b>Persephone</b> stretches out for a belly rub. (166,140,2)
[11:26:05]EMOTE: *no key*/(Renault) : <b>Renault</b> shakes its head. (159,196,2)
[11:26:27]SAY: Medibot/ : What kind of medbay is this? Everyone&#39;s dropping like flies. (155,73,1)
[11:26:30]EMOTE: *no key*/(monkey (190)) : <b>The monkey (190)</b> waves her tail. (201,21,2)
[11:26:36]EMOTE: *no key*/(monkey (8)) : <b>The monkey (8)</b> jumps! (160,139,2)
[11:26:42]EMOTE: *no key*/(grey baby slime (931)) : <b>The grey baby slime (931)</b> bounces in place. (113,163,2)
[11:26:43]EMOTE: *no key*/(Poly) : <b>Poly</b> squawks. (80,190,2)
[11:26:59]EMOTE: *no key*/(Poly) : <b>Poly</b> looks in the burn patch's direction and takes flight. (80,190,2)
[11:27:01]EMOTE: *no key*/(Persephone) : <b>Persephone</b> shakes its head (166,140,2)
[11:27:03]SAY: Medibot/ : There&#39;s always a catch, and I&#39;m the best there is. (155,73,1)
[11:27:06]EMOTE: *no key*/(monkey (637)) : <b>The monkey (637)</b> rolls. (187,8,2)
[11:27:08]EMOTE: *no key*/(monkey (786)) : <b>The monkey (786)</b> scratches. (188,119,2)
[11:27:08]EMOTE: *no key*/(pug) : <b>Swanson</b> chases its tail. (105,142,2)
[11:27:16]EMOTE: *no key*/(Persephone) : <b>Persephone</b> looks alert. (166,140,2)
[11:27:16]EMOTE: *no key*/(grey baby slime (762)) : <b>The grey baby slime (762)</b> lights up for a bit, then stops. (104,161,2)
[11:27:20]EMOTE: *no key*/(monkey (637)) : <b>The monkey (637)</b> rolls. (188,8,2)
[11:27:30]SAY: grey baby slime (925)/ : Blop... (109,153,2)
[11:27:32]EMOTE: *no key*/(monkey (502)) : <b>The monkey (502)</b> waves his tail. (160,140,2)
[11:27:36]SAY: Renault/ : Ack-Ack (160,195,2)
[11:27:40]EMOTE: *no key*/(grey baby slime (931)) : <b>The grey baby slime (931)</b> jiggles! (113,163,2)
[11:27:42]EMOTE: *no key*/(monkey (786)) : <b>The monkey (786)</b> waves her tail. (188,119,2)
[11:27:46]EMOTE: *no key*/(Ian) : <b>Ian</b> yaps. (133,187,2)
[11:27:58]EMOTE: *no key*/(Poly) : <b>Poly</b> looks in the Zippo lighter's direction and takes flight. (80,190,2)
[11:28:00]EMOTE: *no key*/(pug) : <b>Swanson</b> chases its tail. (106,142,2)
[11:28:06]EMOTE: *no key*/(monkey (219)) : <b>The monkey (219)</b> scratches. (185,118,2)
[11:28:10]EMOTE: *no key*/(Ian) : <b>Ian</b> dances around. (134,187,2)
[11:28:12]EMOTE: *no key*/(monkey (338)) : <b>The monkey (338)</b> jumps! (204,21,2)
[11:28:16]EMOTE: *no key*/(Persephone) : <b>Persephone</b> stretches out for a belly rub. (166,140,2)
[11:28:18]EMOTE: *no key*/(Persephone) : <b>Persephone</b> stretches out for a belly rub. (166,140,2)
[11:28:20]SAY: Poly/ : Twice the calories for half the price! (80,190,2)
[11:28:26]SAY: Medibot/ : Radar, put a mask on! (155,73,1)
[11:28:26]EMOTE: *no key*/(monkey (14)) : <b>The monkey (14)</b> rolls. (160,142,2)
[11:28:34]SAY: grey baby slime (762)/ : Lonely... (103,161,2)
[11:28:38]SAY: Poly/ : Twice the calories for half the price! (80,190,2)
[11:28:44]EMOTE: *no key*/(grey baby slime (931)) : <b>The grey baby slime (931)</b> lights up for a bit, then stops. (111,163,2)
[11:28:50]EMOTE: *no key*/(Ian) : <b>Ian</b> chases its tail. (135,188,2)
[11:28:58]SAY: Poly/ : Attention! Wanted issue distributed! (80,190,2)
[11:29:10]EMOTE: *no key*/(monkey (317)) : <b>The monkey (317)</b> scratches. (189,8,2)
[11:29:16]EMOTE: *no key*/(grey baby slime (931)) : <b>The grey baby slime (931)</b> jiggles! (111,163,2)
[11:29:36]EMOTE: *no key*/(monkey (786)) : <b>The monkey (786)</b> rolls. (186,119,2)
[11:29:50]EMOTE: *no key*/(monkey (786)) : <b>The monkey (786)</b> waves her tail. (187,119,2)
[11:29:52]EMOTE: *no key*/(monkey (338)) : <b>The monkey (338)</b> jumps! (204,21,2)
[11:30:00]EMOTE: *no key*/(grey baby slime (762)) : <b>The grey baby slime (762)</b> jiggles! (104,161,2)
[11:30:02]EMOTE: *no key*/(monkey (317)) : <b>The monkey (317)</b> rolls. (189,8,2)
[11:30:03]SAY: Medibot/ : I knew it, I should&#39;ve been a plastic surgeon. (155,73,1)
[11:30:08]EMOTE: *no key*/(monkey (425)) : <b>The monkey (425)</b> jumps! (200,25,2)
[11:30:15]SAY: emergency medibot/ : Radar, put a mask on! (222,84,1)
[11:30:16]EMOTE: *no key*/(Persephone) : <b>Persephone</b> sits down. (166,140,2)
[11:30:20]EMOTE: *no key*/(grey baby slime (925)) : <b>The grey baby slime (925)</b> jiggles! (109,151,2)
[11:30:28]SAY: grey baby slime (925)/ : Blorble... (109,151,2)
[11:30:30]EMOTE: *no key*/(monkey (434)) : <b>The monkey (434)</b> rolls. (187,119,2)
[11:30:33]SAY: emergency medibot/ : What kind of medbay is this? Everyone&#39;s dropping like flies. (222,84,1)
[11:30:34]EMOTE: *no key*/(monkey (317)) : <b>The monkey (317)</b> waves his tail. (189,8,2)
[11:30:38]EMOTE: *no key*/(Ian) : <b>Ian</b> chases its tail! (137,189,2)
[11:30:39]EMOTE: *no key*/(Persephone) : <b>Persephone</b> shakes its head (166,140,2)
[11:30:48]EMOTE: *no key*/(monkey (190)) : <b>The monkey (190)</b> scratches. (201,21,2)
[11:30:48]EMOTE: *no key*/(Ian) : <b>Ian</b> chases its tail! (137,189,2)
[11:30:55]EMOTE: *no key*/(pug) : <b>Swanson</b> pants. (110,141,2)
[11:31:11]ACCESS: Mob Login: Noober84555/(Noober) was assigned to a /mob/living/carbon/human
[11:31:13]EMOTE: *no key*/(Persephone) : <b>Persephone</b> wags its tail. (166,140,2)
[11:31:17]EMOTE: *no key*/(monkey (434)) : <b>The monkey (434)</b> waves her tail. (187,119,2)
[11:31:23]EMOTE: *no key*/(pug) : <b>Swanson</b> pants. (110,141,2)
[11:31:31]ADMIN: Noober84555/(Noober) admin ghosted.
[11:31:31]ACCESS: Mob Login: Noober84555/(Noober) was assigned to a /mob/dead/observer
[11:31:34]EMOTE: *no key*/(monkey (434)) : <b>The monkey (434)</b> scratches. (187,118,2)
[11:31:34]EMOTE: *no key*/(Ian) : <b>Ian</b> chases its tail! (136,189,2)
[11:31:35]SAY: Nobody's Perfect/ : What kind of medbay is this? Everyone&#39;s dropping like flies. (24,75,1)
[11:31:40]EMOTE: *no key*/(monkey (502)) : <b>The monkey (502)</b> jumps! (160,139,2)
[11:31:42]EMOTE: *no key*/(Ian) : <b>Ian</b> dances around. (136,188,2)
[11:31:44]EMOTE: *no key*/(Persephone) : <b>Persephone</b> looks alert. (166,140,2)
[11:31:47]SAY: Nobody's Perfect/ : Radar, put a mask on! (24,75,1)
[11:31:49]EMOTE: *no key*/(Citrus) : <b>Citrus</b> snores. (174,223,2)
[11:31:58]EMOTE: *no key*/(Ian) : <b>Ian</b> chases its tail! (136,187,2)
[11:32:01]SAY: Persephone/ : Esp! (166,140,2)
[11:32:14]EMOTE: *no key*/(Persephone) : <b>Persephone</b> sits down. (166,140,2)
[11:32:15]EMOTE: *no key*/(mouse) : <b>The mouse</b> squeeks. (196,221,2)
[11:32:24]EMOTE: *no key*/(Ian) : <b>Ian</b> dances around. (135,187,2)
[11:32:26]EMOTE: *no key*/(Citrus) : <b>Citrus</b> yawns. (174,223,2)
[11:32:32]SAY: Medibot/ : Radar, put a mask on! (154,73,1)
[11:32:36]SAY: Nobody's Perfect/ : Delicious! (24,75,1)
[11:32:44]SAY: Poly/ : Breaking news from Station Announcements! (80,190,2)
[11:32:46]EMOTE: *no key*/(Poly) : <b>Poly</b> flutters its wings. (80,190,2)
[11:32:52]EMOTE: *no key*/(monkey (425)) : <b>The monkey (425)</b> waves her tail. (201,25,2)
[11:33:08]EMOTE: *no key*/(monkey (338)) : <b>The monkey (338)</b> rolls. (204,21,2)
[11:33:10]SAY: Nobody's Perfect/ : I knew it, I should&#39;ve been a plastic surgeon. (24,75,1)
[11:33:12]EMOTE: *no key*/(grey baby slime (931)) : <b>The grey baby slime (931)</b> jiggles! (112,162,2)
[11:33:14]EMOTE: *no key*/(monkey (219)) : <b>The monkey (219)</b> rolls. (188,119,2)
[11:33:18]EMOTE: *no key*/(Pun Pun 28) : <b>Pun Pun 28</b> jumps! (148,214,2)
[11:33:26]SAY: Medibot/ : What kind of medbay is this? Everyone&#39;s dropping like flies. (155,73,1)
[11:33:28]EMOTE: *no key*/(grey baby slime (925)) : <b>The grey baby slime (925)</b> jiggles! (108,151,2)
[11:33:44]EMOTE: *no key*/(pug) : <b>Swanson</b> chases its tail. (109,143,2)
[11:33:52]EMOTE: *no key*/(monkey (786)) : <b>The monkey (786)</b> waves her tail. (188,118,2)
[11:33:54]SAY: Nobody's Perfect/ : There&#39;s always a catch, and I&#39;m the best there is. (24,75,1)
[11:33:56]EMOTE: *no key*/(monkey (190)) : <b>The monkey (190)</b> scratches. (200,21,2)
[11:34:00]EMOTE: *no key*/(monkey (434)) : <b>The monkey (434)</b> waves her tail. (187,118,2)
[11:34:26]EMOTE: *no key*/(Ian) : <b>Ian</b> chases its tail! (134,187,2)
[11:34:29]SAY: Poly/ : Twice the calories for half the price! (80,190,2)
[11:34:32]EMOTE: *no key*/(Persephone) : <b>Persephone</b> wags its tail. (166,140,2)
[11:34:33]EMOTE: *no key*/(mouse) : <b>The mouse</b> squeeks. (198,222,2)
[11:34:34]EMOTE: *no key*/(Persephone) : <b>Persephone</b> walks around. (166,140,2)
[11:34:38]EMOTE: *no key*/(monkey (8)) : <b>The monkey (8)</b> waves her tail. (160,141,2)
[11:34:50]EMOTE: *no key*/(Persephone) : <b>Persephone</b> grooms its fur. (167,139,2)
[11:35:01]EMOTE: *no key*/(pug) : <b>Swanson</b> barks! (108,142,2)
[11:35:02]EMOTE: *no key*/(monkey (434)) : <b>The monkey (434)</b> scratches. (187,118,2)
[11:35:12]EMOTE: *no key*/(monkey (190)) : <b>The monkey (190)</b> scratches. (200,21,2)
[11:35:32]EMOTE: *no key*/(monkey (338)) : <b>The monkey (338)</b> scratches. (204,21,2)
[11:35:48]EMOTE: *no key*/(monkey (425)) : <b>The monkey (425)</b> scratches. (200,25,2)
[11:35:48]SAY: grey baby slime (931)/ : Rawr... (113,162,2)
[11:36:02]EMOTE: *no key*/(Pun Pun 28) : <b>Pun Pun 28</b> waves its tail. (150,210,2)
[11:36:08]EMOTE: *no key*/(monkey (786)) : <b>The monkey (786)</b> scratches. (187,119,2)
[11:36:34]EMOTE: *no key*/(pug) : <b>Swanson</b> chases its tail. (108,141,2)
[11:36:46]SAY: Poly/ : What kind of medbay is this? Everyone&#39;s dropping like flies. (80,190,2)
[11:36:50]SAY: Ian/ : YAP (134,186,2)
[11:36:56]EMOTE: *no key*/(grey baby slime (925)) : <b>The grey baby slime (925)</b> jiggles! (109,153,2)
[11:37:00]SAY: Medibot/ : What kind of medbay is this? Everyone&#39;s dropping like flies. (155,73,1)
[11:37:02]EMOTE: *no key*/(monkey (190)) : <b>The monkey (190)</b> scratches. (200,21,2)
[11:37:32]EMOTE: *no key*/(monkey (338)) : <b>The monkey (338)</b> scratches. (204,21,2)
[11:37:44]EMOTE: *no key*/(monkey (190)) : <b>The monkey (190)</b> rolls. (201,21,2)
[11:37:46]EMOTE: *no key*/(Persephone) : <b>Persephone</b> grooms its fur. (169,142,2)
[11:37:50]EMOTE: *no key*/(monkey (457)) : <b>The monkey (457)</b> jumps! (204,25,2)
[11:37:52]EMOTE: *no key*/(monkey (8)) : <b>The monkey (8)</b> scratches. (160,139,2)
[11:37:56]EMOTE: *no key*/(monkey (317)) : <b>The monkey (317)</b> jumps! (188,8,2)
[11:38:06]EMOTE: *no key*/(grey baby slime (925)) : <b>The grey baby slime (925)</b> vibrates! (109,151,2)
[11:38:10]EMOTE: *no key*/(Ian) : <b>Ian</b> chases its tail! (135,187,2)
[11:38:14]EMOTE: *no key*/(Persephone) : <b>Persephone</b> grooms its fur. (169,141,2)
[11:38:20]EMOTE: *no key*/(monkey (338)) : <b>The monkey (338)</b> rolls. (203,21,2)
[11:38:22]EMOTE: *no key*/(Persephone) : <b>Persephone</b> wags its tail. (170,141,2)
[11:38:29]SAY: Poly/ : Breaking news from Station Announcements! (80,190,2)
[11:38:32]EMOTE: *no key*/(monkey (786)) : <b>The monkey (786)</b> jumps! (185,119,2)
[11:38:33]SAY: Poly/ : Try our new nougat bar! (80,190,2)
[11:38:34]SAY: grey baby slime (762)/ : Rawr... (104,163,2)
[11:38:41]EMOTE: *no key*/(pug) : <b>Swanson</b> pants. (110,141,2)
[11:38:44]EMOTE: *no key*/(Persephone) : <b>Persephone</b> stops resting. (170,141,2)
[11:38:45]SAY: Poly/ : Don&#39;t believe the reports - smoke today! (80,190,2)
[11:38:49]SAY: Poly/ : Twice the calories for half the price! (80,190,2)
[11:38:53]EMOTE: *no key*/(mouse) : <b>The mouse</b> shakes. (198,222,2)
[11:39:16]EMOTE: *no key*/(monkey (317)) : <b>The monkey (317)</b> waves his tail. (187,8,2)
[11:39:24]EMOTE: *no key*/(monkey (434)) : <b>The monkey (434)</b> jumps! (185,119,2)
[11:39:24]EMOTE: *no key*/(grey baby slime (762)) : <b>The grey baby slime (762)</b> jiggles! (105,162,2)
[11:39:32]EMOTE: *no key*/(monkey (8)) : <b>The monkey (8)</b> scratches. (160,139,2)
[11:39:38]EMOTE: *no key*/(Ian) : <b>Ian</b> woofs! (135,190,2)
[11:39:38]EMOTE: *no key*/(monkey (434)) : <b>The monkey (434)</b> waves her tail. (184,119,2)
[11:39:40]EMOTE: *no key*/(monkey (637)) : <b>The monkey (637)</b> jumps! (189,8,2)
[11:39:58]EMOTE: *no key*/(grey baby slime (762)) : <b>The grey baby slime (762)</b> jiggles! (104,161,2)
[11:40:04]EMOTE: *no key*/(monkey (190)) : <b>The monkey (190)</b> scratches. (200,21,2)
[11:40:06]SAY: Poly/ : Attention! Wanted issue distributed! (80,190,2)
[11:40:12]EMOTE: *no key*/(Persephone) : <b>Persephone</b> lies down. (170,142,2)
[11:40:18]EMOTE: *no key*/(Persephone) : <b>Persephone</b> sits down. (170,142,2)
[11:40:24]EMOTE: *no key*/(monkey (786)) : <b>The monkey (786)</b> scratches. (187,118,2)
[11:40:38]EMOTE: *no key*/(monkey (219)) : <b>The monkey (219)</b> rolls. (184,118,2)
[11:40:58]EMOTE: *no key*/(grey baby slime (931)) : <b>The grey baby slime (931)</b> bounces in place. (111,161,2)
[11:41:16]EMOTE: *no key*/(Persephone) : <b>Persephone</b> sits down. (170,142,2)
[11:41:30]SAY: Medibot/ : Radar, put a mask on! (154,73,1)
[11:41:32]EMOTE: *no key*/(monkey (637)) : <b>The monkey (637)</b> rolls. (189,8,2)
[11:41:40]EMOTE: *no key*/(monkey (14)) : <b>The monkey (14)</b> jumps! (160,141,2)
[11:41:42]EMOTE: *no key*/(monkey (637)) : <b>The monkey (637)</b> waves his tail. (189,8,2)
[11:41:50]EMOTE: *no key*/(monkey (502)) : <b>The monkey (502)</b> jumps! (160,141,2)
[11:41:52]EMOTE: *no key*/(Persephone) : <b>Persephone</b> stops resting. (170,142,2)
[11:41:52]EMOTE: *no key*/(Pun Pun 28) : <b>Pun Pun 28</b> rolls. (148,211,2)
[11:42:02]EMOTE: *no key*/(monkey (637)) : <b>The monkey (637)</b> waves his tail. (188,8,2)
[11:42:05]SAY: Medibot/ : Radar, put a mask on! (154,73,1)
[11:42:10]EMOTE: *no key*/(monkey (219)) : <b>The monkey (219)</b> scratches. (187,119,2)
[11:42:12]EMOTE: *no key*/(Pun Pun 28) : <b>Pun Pun 28</b> jumps! (150,211,2)
[11:42:19]EMOTE: *no key*/(Persephone) : <b>Persephone</b> shivers (170,141,2)
[11:42:26]EMOTE: *no key*/(monkey (457)) : <b>The monkey (457)</b> waves her tail. (204,25,2)
[11:42:28]EMOTE: *no key*/(monkey (434)) : <b>The monkey (434)</b> scratches. (185,119,2)
[11:42:30]EMOTE: *no key*/(monkey (434)) : <b>The monkey (434)</b> waves her tail. (185,118,2)
[11:42:34]EMOTE: *no key*/(monkey (14)) : <b>The monkey (14)</b> rolls. (160,139,2)
[11:42:36]EMOTE: *no key*/(monkey (457)) : <b>The monkey (457)</b> jumps! (203,25,2)
[11:42:45]SAY: Medibot/ : Delicious! (154,73,1)
[11:42:46]EMOTE: *no key*/(Persephone) : <b>Persephone</b> stretches out for a belly rub. (170,140,2)
[11:42:50]EMOTE: *no key*/(monkey (457)) : <b>The monkey (457)</b> jumps! (203,25,2)
[11:42:56]EMOTE: *no key*/(pug) : <b>Swanson</b> chases its tail. (113,142,2)
[11:42:58]EMOTE: *no key*/(monkey (786)) : <b>The monkey (786)</b> jumps! (186,118,2)
[11:43:06]ACCESS: Mob Login: Noober84555/(Noober) was assigned to a /mob/living/carbon/human
[11:43:09]EMOTE: *no key*/(mouse) : <b>The mouse</b> squeeks. (198,222,2)
[11:43:23]EMOTE: *no key*/(mouse) : <b>The mouse</b> squeeks. (198,225,2)
[11:43:24]EMOTE: *no key*/(monkey (786)) : <b>The monkey (786)</b> waves her tail. (187,119,2)
[11:43:36]EMOTE: *no key*/(monkey (786)) : <b>The monkey (786)</b> waves her tail. (186,118,2)
[11:43:38]EMOTE: *no key*/(monkey (190)) : <b>The monkey (190)</b> rolls. (200,21,2)
[11:43:40]EMOTE: *no key*/(monkey (190)) : <b>The monkey (190)</b> jumps! (200,21,2)
[11:43:46]EMOTE: *no key*/(monkey (786)) : <b>The monkey (786)</b> jumps! (186,118,2)
[11:43:52]EMOTE: *no key*/(monkey (637)) : <b>The monkey (637)</b> rolls. (187,8,2)
[11:43:54]SAY: Poly/ : Try our new nougat bar! (80,190,2)
[11:44:02]EMOTE: *no key*/(Ian) : <b>Ian</b> chases its tail! (135,190,2)
[11:44:14]SAY: emergency medibot/ : Radar, put a mask on! (222,84,1)
[11:44:14]SAY: Poly/ : I knew it, I should&#39;ve been a plastic surgeon. (80,190,2)
[11:44:18]EMOTE: *no key*/(Persephone) : <b>Persephone</b> stretches out for a belly rub. (170,140,2)
[11:44:24]EMOTE: *no key*/(monkey (502)) : <b>The monkey (502)</b> jumps! (160,139,2)
[11:44:26]EMOTE: *no key*/(monkey (425)) : <b>The monkey (425)</b> scratches. (201,25,2)
[11:44:30]EMOTE: *no key*/(mouse) : <b>The mouse</b> shakes. (196,222,2)
[11:44:40]EMOTE: *no key*/(Persephone) : <b>Persephone</b> walks around. (170,140,2)
[11:44:46]EMOTE: *no key*/(monkey (457)) : <b>The monkey (457)</b> rolls. (203,25,2)
[11:44:48]EMOTE: *no key*/(monkey (219)) : <b>The monkey (219)</b> scratches. (184,119,2)
[11:44:50]EMOTE: *no key*/(monkey (434)) : <b>The monkey (434)</b> jumps! (185,118,2)
[11:44:54]EMOTE: *no key*/(Ian) : <b>Ian</b> chases its tail! (135,190,2)
[11:44:54]SAY: Medibot/ : There&#39;s always a catch, and I&#39;m the best there is. (155,73,1)
[11:44:54]EMOTE: *no key*/(mouse) : <b>The mouse</b> runs in a circle. (199,227,2)
[11:45:27]SAY: Swanson/ : YAP (113,142,2)
[11:45:34]EMOTE: *no key*/(monkey (14)) : <b>The monkey (14)</b> waves his tail. (160,139,2)
[11:45:35]EMOTE: *no key*/(Poly) : <b>Poly</b> squawks. (80,190,2)
[11:45:40]EMOTE: *no key*/(Persephone) : <b>Persephone</b> lies down. (170,141,2)
[11:45:44]EMOTE: *no key*/(monkey (338)) : <b>The monkey (338)</b> scratches. (203,21,2)
[11:45:52]EMOTE: *no key*/(monkey (8)) : <b>The monkey (8)</b> waves her tail. (160,139,2)
[11:45:56]EMOTE: *no key*/(monkey (8)) : <b>The monkey (8)</b> scratches. (160,139,2)
[11:46:08]EMOTE: *no key*/(monkey (434)) : <b>The monkey (434)</b> rolls. (184,119,2)
[11:46:18]EMOTE: *no key*/(monkey (190)) : <b>The monkey (190)</b> scratches. (200,21,2)
[11:46:24]SAY: Poly/ : Breaking news from Station Announcements! (80,190,2)
[11:46:26]EMOTE: *no key*/(Persephone) : <b>Persephone</b> walks around. (170,141,2)
[11:46:30]EMOTE: *no key*/(monkey (637)) : <b>The monkey (637)</b> scratches. (187,8,2)
[11:46:30]SAY: mouse/ : Squeek? (199,226,2)
[11:46:32]EMOTE: *no key*/(Pun Pun 28) : <b>Pun Pun 28</b> jumps! (146,214,2)
[11:46:32]SAY: emergency medibot/ : There&#39;s always a catch, and I&#39;m the best there is. (222,84,1)
[11:46:39]EMOTE: *no key*/(pug) : <b>Swanson</b> barks! (112,143,2)
[11:46:41]EMOTE: *no key*/(Persephone) : <b>Persephone</b> meows (169,141,2)
[11:46:46]EMOTE: *no key*/(monkey (786)) : <b>The monkey (786)</b> scratches. (188,119,2)
[11:46:48]EMOTE: *no key*/(monkey (14)) : <b>The monkey (14)</b> jumps! (160,140,2)
[11:46:50]EMOTE: *no key*/(Persephone) : <b>Persephone</b> crouches on its hind legs. (170,141,2)
[11:47:06]EMOTE: *no key*/(monkey (317)) : <b>The monkey (317)</b> rolls. (187,8,2)
[11:47:06]EMOTE: *no key*/(Persephone) : <b>Persephone</b> sits down. (170,141,2)
[11:47:10]EMOTE: *no key*/(grey baby slime (762)) : <b>The grey baby slime (762)</b> vibrates! (105,162,2)
[11:47:15]EMOTE: *no key*/(mouse) : <b>The mouse</b> shakes. (198,221,2)
[11:47:27]EMOTE: *no key*/(pug) : <b>Swanson</b> yaps. (112,143,2)
[11:47:30]EMOTE: *no key*/(monkey (338)) : <b>The monkey (338)</b> rolls. (203,21,2)
[11:47:32]EMOTE: *no key*/(monkey (219)) : <b>The monkey (219)</b> jumps! (185,119,2)
[11:47:35]SAY: Persephone/ : HSSSSS (170,141,2)
[11:47:40]EMOTE: *no key*/(monkey (425)) : <b>The monkey (425)</b> jumps! (200,25,2)
[11:47:41]EMOTE: *no key*/(Citrus) : <b>Citrus</b> dozes off. (169,221,2)
[11:47:51]SAY: Nobody's Perfect/ : There&#39;s always a catch, and I&#39;m the best there is. (24,75,1)
[11:47:54]EMOTE: *no key*/(monkey (8)) : <b>The monkey (8)</b> rolls. (160,139,2)
[11:47:55]SAY: Poly/ : Twice the calories for half the price! (80,190,2)
[11:48:06]EMOTE: *no key*/(monkey (434)) : <b>The monkey (434)</b> scratches. (186,118,2)
[11:48:10]EMOTE: *no key*/(monkey (637)) : <b>The monkey (637)</b> jumps! (189,8,2)
[11:48:18]EMOTE: *no key*/(monkey (317)) : <b>The monkey (317)</b> scratches. (187,8,2)
[11:48:21]SAY: mouse/ : Squeek! (198,221,2)
[11:48:28]EMOTE: *no key*/(mouse) : <b>The mouse</b> shakes. (198,222,2)
[11:48:42]SAY: Persephone/ : Purr! (170,141,2)
[11:48:58]EMOTE: *no key*/(monkey (425)) : <b>The monkey (425)</b> rolls. (201,25,2)
[11:49:02]EMOTE: *no key*/(monkey (317)) : <b>The monkey (317)</b> scratches. (189,8,2)
[11:49:06]SAY: Nobody's Perfect/ : What kind of medbay is this? Everyone&#39;s dropping like flies. (24,75,1)
[11:49:06]EMOTE: *no key*/(grey baby slime (925)) : <b>The grey baby slime (925)</b> jiggles! (107,152,2)
[11:49:12]EMOTE: *no key*/(monkey (457)) : <b>The monkey (457)</b> scratches. (203,25,2)
[11:49:14]EMOTE: *no key*/(Persephone) : <b>Persephone</b> stretches out for a belly rub. (170,141,2)
[11:49:18]EMOTE: *no key*/(Persephone) : <b>Persephone</b> walks around. (170,141,2)
[11:49:22]EMOTE: *no key*/(Persephone) : <b>Persephone</b> shakes out its coat. (170,140,2)
[11:49:34]EMOTE: *no key*/(monkey (338)) : <b>The monkey (338)</b> rolls. (204,21,2)
[11:49:34]EMOTE: *no key*/(monkey (786)) : <b>The monkey (786)</b> jumps! (188,119,2)
[11:49:44]SAY: Medibot/ : Radar, put a mask on! (155,73,1)
[11:49:46]SAY: mouse/ : SQUEEK! (201,227,2)
[11:49:50]SAY: Poly/ : Attention! Wanted issue distributed! (80,190,2)
[11:49:52]SAY: Nobody's Perfect/ : Delicious! (24,75,1)
[11:50:08]SAY: emergency medibot/ : There&#39;s always a catch, and I&#39;m the best there is. (222,84,1)
[11:50:12]EMOTE: *no key*/(monkey (637)) : <b>The monkey (637)</b> rolls. (188,8,2)
[11:50:12]EMOTE: *no key*/(Persephone) : <b>Persephone</b> stretches out for a belly rub. (170,141,2)
[11:50:14]SAY: Nobody's Perfect/ : I knew it, I should&#39;ve been a plastic surgeon. (24,75,1)
[11:50:20]EMOTE: *no key*/(mouse) : <b>The mouse</b> squeeks. (202,226,2)
[11:50:30]EMOTE: *no key*/(monkey (14)) : <b>The monkey (14)</b> waves his tail. (160,141,2)
[11:50:31]SAY: mouse/ : Squeek! (198,222,2)
[11:50:33]SAY: Persephone/ : Meow! (170,141,2)
[11:50:38]EMOTE: *no key*/(Pun Pun 28) : <b>Pun Pun 28</b> rolls. (142,213,2)
[11:50:40]EMOTE: *no key*/(monkey (317)) : <b>The monkey (317)</b> rolls. (187,8,2)
[11:50:47]EMOTE: *no key*/(Poly) : <b>Poly</b> bawks! (80,190,2)
[11:50:49]SAY: Poly/ : Wait Hanry Smith! I want to help! (80,190,2)
[11:50:57]SAY: Renault/ : Ack-Ack (159,196,2)
[11:51:00]EMOTE: *no key*/(monkey (786)) : <b>The monkey (786)</b> rolls. (187,118,2)
[11:51:02]EMOTE: *no key*/(Persephone) : <b>Persephone</b> walks around. (170,141,2)
[11:51:13]SAY: Poly/ : Attention! Wanted issue distributed! (80,190,2)
[11:51:14]EMOTE: *no key*/(monkey (317)) : <b>The monkey (317)</b> rolls. (187,8,2)
[11:51:15]SAY: Medibot/ : Delicious! (154,73,1)
[11:51:24]EMOTE: *no key*/(monkey (502)) : <b>The monkey (502)</b> waves his tail. (160,141,2)
[11:51:27]EMOTE: *no key*/(pug) : <b>Swanson</b> shakes its head. (110,142,2)
[11:51:31]EMOTE: *no key*/(Poly) : <b>Poly</b> squawks. (80,190,2)
[11:51:32]EMOTE: *no key*/(monkey (637)) : <b>The monkey (637)</b> rolls. (188,8,2)
[11:51:33]EMOTE: *no key*/(Ian) : <b>Ian</b> barks! (132,186,2)
[11:51:33]SAY: Poly/ : Twice the calories for half the price! (80,190,2)
[11:51:35]SAY: Medibot/ : Radar, put a mask on! (155,73,1)
[11:51:44]EMOTE: *no key*/(monkey (317)) : <b>The monkey (317)</b> rolls. (188,8,2)
[11:52:08]EMOTE: *no key*/(Ian) : <b>Ian</b> dances around. (132,186,2)
[11:52:14]SAY: grey baby slime (762)/ : Blop... (103,163,2)
[11:52:18]EMOTE: *no key*/(monkey (502)) : <b>The monkey (502)</b> rolls. (160,142,2)
[11:52:34]SAY: Ian/ : Bark! (132,186,2)
[11:52:40]EMOTE: *no key*/(monkey (786)) : <b>The monkey (786)</b> waves her tail. (187,118,2)
[11:52:42]EMOTE: *no key*/(pug) : <b>Swanson</b> chases its tail. (111,141,2)
[11:52:54]EMOTE: *no key*/(Citrus) : <b>Citrus</b> yawns. (173,223,2)
[11:53:14]EMOTE: *no key*/(monkey (786)) : <b>The monkey (786)</b> rolls. (185,119,2)
[11:53:22]EMOTE: *no key*/(Ian) : <b>Ian</b> pants. (132,186,2)
[11:53:26]EMOTE: *no key*/(monkey (190)) : <b>The monkey (190)</b> jumps! (201,21,2)
[11:53:26]EMOTE: *no key*/(monkey (8)) : <b>The monkey (8)</b> jumps! (160,142,2)
[11:53:32]EMOTE: *no key*/(monkey (502)) : <b>The monkey (502)</b> scratches. (160,141,2)
[11:53:42]SAY: Nobody's Perfect/ : Radar, put a mask on! (24,75,1)
[11:54:00]EMOTE: *no key*/(monkey (317)) : <b>The monkey (317)</b> rolls. (189,8,2)
[11:54:03]EMOTE: *no key*/(Ian) : <b>Ian</b> shivers. (132,186,2)
[11:54:04]EMOTE: *no key*/(monkey (338)) : <b>The monkey (338)</b> scratches. (203,21,2)
[11:54:04]EMOTE: *no key*/(Ian) : <b>Ian</b> dances around. (132,186,2)
[11:54:07]SAY: Medibot/ : I knew it, I should&#39;ve been a plastic surgeon. (155,73,1)
[11:54:10]EMOTE: *no key*/(grey baby slime (925)) : <b>The grey baby slime (925)</b> bounces in place. (108,153,2)
[11:54:12]SAY: grey baby slime (762)/ : Lonely... (104,163,2)
[11:54:26]EMOTE: *no key*/(pug) : <b>Swanson</b> chases its tail. (110,141,2)
[11:54:31]EMOTE: *no key*/(Ian) : <b>Ian</b> woofs! (132,186,2)
[11:54:38]EMOTE: *no key*/(Pun Pun 28) : <b>Pun Pun 28</b> jumps! (141,216,2)
[11:54:52]EMOTE: *no key*/(grey baby slime (925)) : <b>The grey baby slime (925)</b> jiggles! (109,151,2)
[11:54:57]SAY: Medibot/ : Radar, put a mask on! (155,73,1)
[11:55:16]EMOTE: *no key*/(monkey (14)) : <b>The monkey (14)</b> waves his tail. (160,139,2)
[11:55:25]SAY: Medibot/ : Radar, put a mask on! (155,73,1)
[11:55:28]EMOTE: *no key*/(monkey (434)) : <b>The monkey (434)</b> rolls. (185,119,2)
[11:55:33]SAY: grey baby slime (762)/ : Rawr... (103,161,2)
[11:55:35]EMOTE: *no key*/(monkey (317)) : <b>The monkey (317)</b> waves his tail. (188,8,2)
[11:55:35]EMOTE: *no key*/(pug) : <b>Swanson</b> chases its tail. (110,142,2)
[11:55:35]SAY: Medibot/ : I knew it, I should&#39;ve been a plastic surgeon. (154,73,1)
[11:56:02]SAY: Ian/ : AUUUUUU (133,186,2)
[11:56:03]EMOTE: *no key*/(monkey (637)) : <b>The monkey (637)</b> rolls. (188,8,2)
[11:56:05]EMOTE: *no key*/(monkey (457)) : <b>The monkey (457)</b> scratches. (203,25,2)
[11:56:08]EMOTE: *no key*/(Ian) : <b>Ian</b> barks! (133,186,2)
[11:56:10]SAY: Poly/ : Wait Hanry Smith! I want to help! (80,190,2)
[11:56:12]EMOTE: *no key*/(Poly) : <b>Poly</b> flutters its wings. (80,190,2)
[11:56:18]EMOTE: *no key*/(Poly) : <b>Poly</b> squawks. (80,190,2)
[11:56:22]SAY: Poly/ : What kind of medbay is this? Everyone&#39;s dropping like flies. (80,190,2)
[11:56:35]SAY: Poly/ : Attention! Wanted issue distributed! (80,190,2)
[11:56:37]EMOTE: *no key*/(monkey (786)) : <b>The monkey (786)</b> jumps! (186,118,2)
[11:56:37]EMOTE: *no key*/(Poly) : <b>Poly</b> flutters its wings. (80,190,2)
[11:56:43]SAY: Medibot/ : I knew it, I should&#39;ve been a plastic surgeon. (155,73,1)
[11:56:55]EMOTE: *no key*/(monkey (425)) : <b>The monkey (425)</b> jumps! (200,25,2)
[11:57:03]EMOTE: *no key*/(monkey (14)) : <b>The monkey (14)</b> scratches. (160,140,2)
[11:57:05]EMOTE: *no key*/(monkey (219)) : <b>The monkey (219)</b> jumps! (186,118,2)
[11:57:07]SAY: grey baby slime (762)/ : Rawr... (105,163,2)
[11:57:09]SAY: Poly/ : Wait Hanry Smith! I want to help! (80,190,2)
[11:57:15]SAY: Medibot/ : I knew it, I should&#39;ve been a plastic surgeon. (155,73,1)
[11:57:17]SAY: grey baby slime (931)/ : Blorble... (111,161,2)
[11:57:19]EMOTE: *no key*/(monkey (317)) : <b>The monkey (317)</b> jumps! (188,8,2)
[11:57:19]EMOTE: *no key*/(grey baby slime (925)) : <b>The grey baby slime (925)</b> jiggles! (108,153,2)
[11:57:21]EMOTE: *no key*/(monkey (637)) : <b>The monkey (637)</b> rolls. (188,8,2)
[11:57:27]SAY: mouse/ : Squeek! (198,225,2)
[11:57:41]EMOTE: *no key*/(monkey (457)) : <b>The monkey (457)</b> jumps! (203,25,2)
[11:57:45]EMOTE: *no key*/(grey baby slime (762)) : <b>The grey baby slime (762)</b> lights up for a bit, then stops. (103,163,2)
[11:57:49]EMOTE: *no key*/(monkey (8)) : <b>The monkey (8)</b> jumps! (160,139,2)
[11:57:53]SAY: emergency medibot/ : There&#39;s always a catch, and I&#39;m the best there is. (222,84,1)
[11:57:57]EMOTE: *no key*/(Persephone) : <b>Persephone</b> twitches its whiskers. (168,141,2)
[11:58:05]EMOTE: *no key*/(pug) : <b>Swanson</b> chases its tail. (110,141,2)
[11:58:05]SAY: grey baby slime (925)/ : Rawr... (108,153,2)
[11:58:16]EMOTE: *no key*/(mouse) : <b>The mouse</b> squeeks. (200,224,2)
[11:58:20]SAY: Medibot/ : There&#39;s always a catch, and I&#39;m the best there is. (154,73,1)
[11:58:30]EMOTE: *no key*/(Poly) : <b>Poly</b> squawks. (80,190,2)
[11:58:31]EMOTE: *no key*/(monkey (637)) : <b>The monkey (637)</b> waves his tail. (188,8,2)
[11:58:33]EMOTE: *no key*/(monkey (786)) : <b>The monkey (786)</b> waves her tail. (185,119,2)
[11:58:34]EMOTE: *no key*/(pug) : <b>Swanson</b> yaps. (110,141,2)
[11:58:34]ACCESS: Logout: Noober84555/(Noober)
