

Starting up round ID . 19:13:54
---------------------
[19:13:54]ADMIN: Loading Banlist
[19:13:55]ACCESS: Login: Noober84555 from 127.0.0.1-645371209 || BYOND v511
[19:13:55]ACCESS: Mob Login: Noober84555/(Noober84555) was assigned to a /mob/dead/new_player
[19:13:55]GAME: Saved mode is 'sandbox'
[19:13:55]ACCESS: Login: PromethiusX from 98.167.59.190-3363966255 || BYOND v512
[19:13:55]ACCESS: Mob Login: PromethiusX/(PromethiusX) was assigned to a /mob/dead/new_player
[19:14:10]ACCESS: Login: Hawkeyy from 179.215.165.145-2023353785 || BYOND v511
[19:14:10]ACCESS: Mob Login: Hawkeyy/(Hawkeyy) was assigned to a /mob/dead/new_player
[19:14:30]ADMIN: Noober84555/(Noober84555) stopped all currently playing sounds.
[19:14:44]ADMIN: Noober84555/(Noober84555) played sound sound/Ending.ogg
[19:14:54]GAME: Blood-Drunk Miner (Guidance) loaded at at 104,51,5
[19:14:54]GAME: Ruin of Sloth loaded at at 78,82,5
[19:14:54]GAME: Hierophant's Arena loaded at at 116,53,5
[19:14:54]GAME: Biological Storage Facility loaded at at 79,27,4
[19:16:40]EMOTE: *no key*/(monkey (438)) : <b>The monkey (438)</b> jumps! (184,118,2)
[19:16:42]SAY: Officer Beepsky/ : Engaging patrol mode. (186,190,2)
[19:16:42]SAY: Prison Ofitser/ : Engaging patrol mode. (23,36,5)
[19:16:42]SAY: Prison Ofitser/ : Disengaging patrol mode. (23,36,5)
[19:16:49]ACCESS: Mob Login: Hawkeyy/(Scotty Randolph) was assigned to a /mob/living/carbon/human
[19:16:52]ACCESS: Mob Login: Noober84555/(Noober) was assigned to a /mob/living/carbon/human
[19:17:18]SAY: Poly/ : Try our new nougat bar! (80,190,2)
[19:17:27]SAY: Poly/ : Don&#39;t believe the reports - smoke today! (80,190,2)
[19:17:28]EMOTE: *no key*/(monkey (39)) : <b>The monkey (39)</b> scratches. (160,140,2)
[19:17:34]EMOTE: *no key*/(Persephone) : <b>Persephone</b> lies down. (167,139,2)
[19:17:46]EMOTE: *no key*/(Poly) : <b>Poly</b> looks in the BreatheDeep cartridge's direction and takes flight. (80,190,2)
[19:17:48]EMOTE: *no key*/(Renault) : <b>Renault</b> barks. (151,193,2)
[19:17:52]SAY: grey baby slime (970)/ : Blop... (109,151,2)
[19:17:57]SAY: Nobody's Perfect/ : I knew it, I should&#39;ve been a plastic surgeon. (24,75,1)
[19:18:19]ACCESS: Logout: Lezus_Konrad
[19:18:24]EMOTE: *no key*/(monkey (307)) : <b>The monkey (307)</b> scratches. (184,119,2)
[19:18:24]EMOTE: *no key*/(Mojo XXXIII) : <b>Mojo XXXIII</b> waves its tail. (139,216,2)
[19:18:29]EMOTE: *no key*/(pug) : <b>Swanson</b> chases its tail. (106,143,2)
[19:18:30]EMOTE: *no key*/(monkey (437)) : <b>The monkey (437)</b> waves her tail. (184,118,2)
[19:18:42]EMOTE: *no key*/(Persephone) : <b>Persephone</b> crouches on its hind legs. (167,139,2)
[19:18:46]SAY: Medibot/ : Radar, put a mask on! (155,73,1)
[19:18:48]EMOTE: *no key*/(Ian) : <b>Ian</b> chases its tail. (135,185,2)
[19:18:51]EMOTE: *no key*/(Poly) : <b>Poly</b> looks in the BreatheDeep cartridge's direction and takes flight. (80,190,2)
[19:19:00]ACCESS: Login: Lezus_Konrad from 82.17.116.125-1753032638 || BYOND v512
[19:19:00]ACCESS: Mob Login: Lezus_Konrad/(Lezus_Konrad) was assigned to a /mob/dead/new_player
[19:19:00]EMOTE: *no key*/(Persephone) : <b>Persephone</b> crouches on its hind legs. (167,139,2)
[19:19:04]EMOTE: *no key*/(Mojo XXXIII) : <b>Mojo XXXIII</b> waves its tail. (138,216,2)
[19:19:45]EMOTE: *no key*/(Mojo XXXIII) : <b>Mojo XXXIII</b> jumps! (138,220,2)
[19:19:47]EMOTE: *no key*/(Poly) : <b>Poly</b> looks in the BreatheDeep cartridge's direction and takes flight. (80,190,2)
[19:19:49]EMOTE: *no key*/(Persephone) : <b>Persephone</b> crouches on its hind legs. (167,139,2)
[19:19:51]EMOTE: *no key*/(Ian) : <b>Ian</b> yaps. (134,185,2)
[19:20:00]ACCESS: Mob Login: Lezus_Konrad/(Alden Is A Terrorist) was assigned to a /mob/living/carbon/human
[19:20:03]EMOTE: *no key*/(Citrus) : <b>Citrus</b> dozes off. (172,221,2)
[19:20:14]SAY: Medibot/ : There&#39;s always a catch, and I&#39;m the best there is. (154,73,1)
[19:20:16]EMOTE: *no key*/(monkey (39)) : <b>The monkey (39)</b> waves her tail. (160,141,2)
[19:20:19]EMOTE: *no key*/(crab) : <b>The crab</b> clicks. (80,30,4)
[19:20:25]EMOTE: *no key*/(Ian) : <b>Ian</b> shivers. (134,185,2)
[19:20:27]SAY: emergency medibot/ : Radar, put a mask on! (222,84,1)
[19:20:37]EMOTE: *no key*/(Ian) : <b>Ian</b> shivers. (134,185,2)
[19:20:38]EMOTE: *no key*/(Persephone) : <b>Persephone</b> stops resting. (167,139,2)
[19:20:39]EMOTE: *no key*/(crab) : <b>The crab</b> clacks. (80,30,4)
[19:20:41]SAY: Medibot/ : I knew it, I should&#39;ve been a plastic surgeon. (155,73,1)
[19:20:46]EMOTE: *no key*/(Poly) : <b>Poly</b> looks in the chief engineer's rubber stamp's direction and takes flight. (80,190,2)
[19:20:46]GAME: Noober84555/(Noober) planted C4 on reinforced window at (140,210,2) with 10 second fuse
[19:20:47]SAY: Noober/Noober84555 : you gay (140,209,2)
[19:20:50]EMOTE: *no key*/(pug) : <b>Swanson</b> chases its tail. (106,143,2)
[19:20:54]EMOTE: *no key*/(Ian) : <b>Ian</b> chases its tail. (133,185,2)
[19:20:56]GAME: Explosion with size (0, 0, 3, 0) in area Kitchen (140,210,2)
[19:20:56]SAY: Alden Is A Terrorist/Lezus_Konrad : you quintuple gay. (140,207,2)
[19:21:08]SAY: Medibot/ : Radar, put a mask on! (154,73,1)
[19:21:11]EMOTE: *no key*/(monkey (307)) : <b>The monkey (307)</b> scratches. (188,119,2)
[19:21:19]SAY: emergency medibot/ : What kind of medbay is this? Everyone&#39;s dropping like flies. (222,84,1)
[19:21:19]EMOTE: *no key*/(Renault) : <b>Renault</b> shivers. (155,193,2)
[19:21:31]SAY: Alden Is A Terrorist/Lezus_Konrad : what (146,261,2)
[19:21:35]ACCESS: Login: Light wolf 2 from 186.150.174.209-3613775205 || BYOND v511
[19:21:35]ACCESS: Mob Login: Light wolf 2/(Light wolf 2) was assigned to a /mob/dead/new_player
[19:21:37]EMOTE: *no key*/(Persephone) : <b>Persephone</b> stretches out for a belly rub. (168,139,2)
[19:21:38]ADMIN: Noober84555/(Noober) jumped to Lezus_Konrad/(Alden Is A Terrorist)
[19:21:39]EMOTE: *no key*/(Mojo XXXIII) : <b>Mojo XXXIII</b> rolls. (138,220,2)
[19:21:42]EMOTE: *no key*/(Poly) : <b>Poly</b> looks in the Cohiba Robusto cigar's direction and takes flight. (80,190,2)
[19:21:46]GAME: Noober84555/(Noober) planted C4 on reinforced window at (138,251,2) with 10 second fuse
[19:21:46]SAY: Noober/Noober84555 : watch this (139,252,2)
[19:21:52]SAY: Noober/Noober84555 : boom (135,253,2)
[19:21:53]EMOTE: *no key*/(monkey (307)) : <b>The monkey (307)</b> waves her tail. (185,119,2)
[19:21:56]GAME: Explosion with size (0, 0, 3, 0) in area Customs (138,251,2)
[19:21:58]SAY: mouse/ : Squeek! (201,227,2)
[19:22:01]EMOTE: *no key*/(Mojo XXXIII) : <b>Mojo XXXIII</b> jumps! (139,220,2)
[19:22:08]SAY: Medibot/ : What kind of medbay is this? Everyone&#39;s dropping like flies. (154,73,1)
[19:22:10]SAY: emergency medibot/ : Radar, put a mask on! (222,84,1)
[19:22:13]EMOTE: *no key*/(Persephone) : <b>Persephone</b> looks alert. (168,139,2)
[19:22:15]EMOTE: *no key*/(monkey (155)) : <b>The monkey (155)</b> waves her tail. (160,142,2)
[19:22:25]SAY: Alden Is A Terrorist/Lezus_Konrad : reese dead. (182,284,2)
[19:22:39]EMOTE: *no key*/(Poly) : <b>Poly</b> looks in the premium Havanian cigar's direction and takes flight. (80,190,2)
[19:22:54]EMOTE: *no key*/(grey baby slime (538)) : <b>The grey baby slime (538)</b> vibrates! (112,162,2)
[19:23:00]EMOTE: *no key*/(Ian) : <b>Ian</b> woofs! (134,185,2)
[19:23:00]EMOTE: *no key*/(Renault) : <b>Renault</b> howls. (156,194,2)
[19:23:16]SAY: Alden Is A Terrorist/Lezus_Konrad : t (146,207,2)
[19:23:26]EMOTE: *no key*/(Poly) : <b>Poly</b> flutters its wings. (80,190,2)
[19:23:48]SAY: Ian/ : Woof! (133,184,2)
[19:23:51]ACCESS: Mob Login: Light wolf 2/(Caleb Phillips) was assigned to a /mob/living/carbon/human
[19:23:54]EMOTE: *no key*/(Poly) : <b>Poly</b> looks in the premium Havanian cigar's direction and takes flight. (80,190,2)
[19:24:07]ADMIN: Noober84555/(Noober) admin ghosted.
[19:24:07]ACCESS: Mob Login: Noober84555/(Noober) was assigned to a /mob/dead/observer
[19:24:10]ADMIN: Noober84555/(Noober) jumped to Light wolf 2/(Caleb Phillips)
[19:24:17]ACCESS: Mob Login: Noober84555/(Noober) was assigned to a /mob/living/carbon/human
[19:24:27]SAY: Renault/ : Awoo (155,195,2)
[19:24:44]EMOTE: *no key*/(pug) : <b>Swanson</b> chases its tail. (106,142,2)
[19:24:44]EMOTE: *no key*/(crab) : <b>The crab</b> clicks. (83,30,4)
[19:24:52]ADMINPRIVATE: PM: Noober84555/(Noober)->Light wolf 2/(Caleb Phillips): Fuck you nigga
[19:24:55]EMOTE: *no key*/(Poly) : <b>Poly</b> looks in the premium cigar's direction and takes flight. (80,190,2)
[19:24:56]ACCESS: Logout: Light wolf 2/(Caleb Phillips)
[19:24:56]EMOTE: *no key*/(monkey (155)) : <b>The monkey (155)</b> scratches. (160,140,2)
[19:25:03]EMOTE: *no key*/(grey baby slime (970)) : <b>The grey baby slime (970)</b> bounces in place. (109,151,2)
[19:25:06]GAME: <a href='?priv_msg=noober84555'>Noober84555</a>/(Noober) checked the player panel while in game.
[19:25:07]ADMIN: Noober84555/(Noober) has used rudimentary transformation on Noober84555/(Noober). Transforming to robot.; deletemob=1
[19:25:07]ACCESS: Mob Login: Noober84555/(Noober) was assigned to a /mob/living/silicon/robot
[19:25:16]GAME: Hawkeyy/(Scotty Randolph) planted C4 on reinforced wall at (280,137,2) with 10 second fuse
[19:25:20]ADMIN: Noober84555/(Noober) modified Noober's icon to from icons/mob/robots.dmi to sprite.dmi
[19:25:24]ADMIN: Noober84555/(Noober) modified Noober's icon_state to from robot to vulpo
[19:25:26]GAME: Explosion with size (0, 0, 3, 0) in area Construction Area (280,137,2)
[19:25:29]EMOTE: *no key*/(mouse) : <b>The mouse</b> shakes. (198,225,2)
[19:25:30]ADMIN: Noober84555/(Noober) jumped to Lezus_Konrad/(Alden Is A Terrorist)
[19:25:36]SAY: grey baby slime (970)/ : Blop... (108,151,2)
[19:25:38]GAME: Hawkeyy/(Scotty Randolph) planted C4 on floor at (281,139,2) with 10 second fuse
[19:25:49]GAME: Explosion with size (0, 0, 3, 0) in area Construction Area (281,139,2)
[19:25:49]EMOTE: Hawkeyy/(Scotty Randolph) : <b>Scotty Randolph</b> seizes up and falls limp, their eyes dead and lifeless... (281,139,2)
[19:25:49]GAME: Explosion with size (0, 0, 3, 0) in area Construction Area (281,139,2)
[19:25:49]GAME: Explosion with size (0, 0, 3, 0) in area Construction Area (281,139,2)
[19:25:49]GAME: Explosion with size (0, 0, 3, 0) in area Construction Area (281,139,2)
[19:25:49]GAME: Explosion with size (0, 0, 3, 0) in area Construction Area (281,139,2)
[19:25:49]GAME: Explosion with size (0, 0, 3, 0) in area Construction Area (281,139,2)
[19:25:51]EMOTE: *no key*/(monkey (307)) : <b>The monkey (307)</b> rolls. (185,118,2)
[19:25:51]EMOTE: *no key*/(grey baby slime (447)) : <b>The grey baby slime (447)</b> jiggles! (104,163,2)
[19:25:51]ACCESS: Logout: Noober84555/(Noober)
[19:25:51]ACCESS: Logout: Hawkeyy/(Scotty Randolph)
[19:25:51]ACCESS: Logout: PromethiusX/(PromethiusX)
[19:25:51]ACCESS: Logout: Lezus_Konrad/(Alden Is A Terrorist)
