

Starting up round ID . 19:57:48
---------------------
[19:57:48]ADMIN: Loading Banlist
[19:57:50]GAME: Saved mode is 'sandbox'
[19:58:01]ACCESS: Login: AlcaroIsAFrick from 127.0.0.1-1817465521 || BYOND v511
[19:58:01]ACCESS: Mob Login: AlcaroIsAFrick/(AlcaroIsAFrick) was assigned to a /mob/dead/new_player
[19:58:41]ACCESS: Login: Reese4221 from 174.3.0.197-3349096358 || BYOND v511
[19:58:41]ACCESS: Mob Login: Reese4221/(Reese4221) was assigned to a /mob/dead/new_player
[20:00:23]GAME: Hierophant's Arena loaded at at 27,192,5
[20:00:23]GAME: Blood-Drunk Miner (Guidance) loaded at at 110,186,5
[20:00:23]GAME: Ruin of Sloth loaded at at 81,174,5
[20:00:24]GAME: Derelict 1 loaded at at 81,140,10
[20:04:30]GAME: *null* has triggered a gibtonite deposit reaction at Lavaland Wastes (<a href='?_src_=holder;admin_token=10731143301047107827955302813120782;adminplayerobservecoodjump=1;X=239;Y=160;Z=5'>JMP</a>).
[20:04:31]EMOTE: *no key*/(monkey (440)) : <b>The monkey (440)</b> jumps! (184,119,2)
[20:04:31]EMOTE: *no key*/(monkey (115)) : <b>The monkey (115)</b> jumps! (160,142,2)
[20:04:33]SAY: Officer Beepsky/ : Engaging patrol mode. (186,190,2)
[20:04:33]SAY: Prison Ofitser/ : Engaging patrol mode. (23,36,5)
[20:04:33]SAY: Prison Ofitser/ : Disengaging patrol mode. (23,36,5)
[20:04:34]ACCESS: Mob Login: Reese4221/(Reese James) was assigned to a /mob/living/carbon/human
[20:04:36]EMOTE: *no key*/(goldgrub) : <b>The goldgrub</b> spits up the contents of its stomach before dying! (238,160,5)
[20:04:36]SAY: emergency medibot/ : What kind of medbay is this? Everyone&#39;s dropping like flies. (222,84,1)
[20:04:37]ACCESS: Mob Login: AlcaroIsAFrick/(Cool Man) was assigned to a /mob/living/carbon/human
[20:04:44]EMOTE: *no key*/(Persephone) : <b>Persephone</b> mews (166,140,2)
[20:04:51]EMOTE: *no key*/(Poly) : <b>Poly</b> turns and flies towards the folder. (82,190,2)
[20:05:12]EMOTE: *no key*/(Persephone) : <b>Persephone</b> meows (166,141,2)
[20:05:16]EMOTE: *no key*/(Ian) : <b>Ian</b> pants. (137,181,2)
[20:05:19]EMOTE: *no key*/(Persephone) : <b>Persephone</b> wags its tail. (166,140,2)
[20:05:23]EMOTE: *no key*/(grey baby slime (394)) : <b>The grey baby slime (394)</b> bounces in place. (105,162,2)
[20:05:29]ADMIN: Reese4221/(Reese James) jumped to Bar
[20:05:36]SAY: Medibot/ : What kind of medbay is this? Everyone&#39;s dropping like flies. (155,73,1)
[20:05:47]SAY: emergency medibot/ : Delicious! (222,84,1)
[20:05:57]ADMIN: AlcaroIsAFrick/(Cool Man) jumped to Reese4221/(Reese James)
[20:06:02]ADMIN: AlcaroIsAFrick/(Cool Man) jumped to Reese's Lab
[20:06:03]EMOTE: AlcaroIsAFrick/(Cool Man) : <b>Cool Man</b> coughs! (145,68,2)
[20:06:06]EMOTE: AlcaroIsAFrick/(Cool Man) : <b>Cool Man</b> gasps! (145,72,2)
[20:06:12]EMOTE: *no key*/(monkey (772)) : <b>The monkey (772)</b> scratches. (160,141,2)
[20:06:14]GAME: <a href='?priv_msg=alcaroisafrick'>AlcaroIsAFrick</a>/(Cool Man) checked the player panel while in game.
[20:06:15]ADMIN: AlcaroIsAFrick/(Cool Man) healed / Revived AlcaroIsAFrick/(Cool Man).
[20:06:19]EMOTE: *no key*/(Poly) : <b>Poly</b> looks in the BreatheDeep cartridge's direction and takes flight. (80,191,2)
[20:06:19]SAY: Renault/ : Ack-Ack (153,193,2)
[20:06:28]SAY: Medibot/ : Radar, put a mask on! (155,73,1)
[20:06:28]SAY: Medibot/ : There&#39;s always a catch, and I&#39;m the best there is. (154,73,1)
[20:06:38]EMOTE: *no key*/(mouse) : <b>The mouse</b> squeeks. (199,227,2)
[20:06:38]EMOTE: *no key*/(Persephone) : <b>Persephone</b> looks alert. (166,140,2)
[20:06:39]ADMIN: AlcaroIsAFrick/(Cool Man) teleported Reese4221/(Reese James)
[20:06:42]ADMIN: Reese4221/(Reese James) jumped to Reese's Lab
[20:06:44]EMOTE: *no key*/(monkey (465)) : <b>The monkey (465)</b> jumps! (185,118,2)
[20:06:44]EMOTE: *no key*/(monkey (440)) : <b>The monkey (440)</b> scratches. (184,118,2)
[20:06:46]EMOTE: *no key*/(Ian) : <b>Ian</b> shivers. (136,182,2)
[20:06:51]SAY: grey baby slime (394)/ : Lonely... (103,163,2)
[20:07:13]SAY: Ian/ : Bark! (137,182,2)
[20:07:14]EMOTE: *no key*/(Persephone) : <b>Persephone</b> gets up and meows. (166,140,2)
[20:07:20]EMOTE: *no key*/(Mojo XVIII) : <b>Mojo XVIII</b> rolls. (139,211,2)
[20:07:22]EMOTE: *no key*/(Poly) : <b>Poly</b> looks in the BreatheDeep cartridge's direction and takes flight. (80,191,2)
[20:07:24]EMOTE: *no key*/(Persephone) : <b>Persephone</b> crouches on its hind legs. (167,140,2)
[20:07:30]EMOTE: *no key*/(monkey (826)) : <b>The monkey (826)</b> scratches. (160,141,2)
[20:07:57]EMOTE: *no key*/(grey baby slime (990)) : <b>The grey baby slime (990)</b> vibrates! (113,162,2)
[20:08:17]SAY: Nobody's Perfect/ : Radar, put a mask on! (24,75,1)
[20:08:24]EMOTE: *no key*/(monkey (772)) : <b>The monkey (772)</b> jumps! (160,142,2)
[20:08:25]ADMIN: AlcaroIsAFrick/(Cool Man) jumped to 129,70,2 in UO45 Caves
[20:08:35]EMOTE: *no key*/(Poly) : <b>Poly</b> looks in the BreatheDeep cartridge's direction and takes flight. (80,191,2)
[20:08:48]EMOTE: *no key*/(grey baby slime (394)) : <b>The grey baby slime (394)</b> jiggles! (103,163,2)
[20:08:48]EMOTE: *no key*/(mouse) : <b>The mouse</b> runs in a circle. (201,230,2)
[20:08:50]EMOTE: *no key*/(pug) : <b>Swanson</b> chases its tail. (107,143,2)
[20:08:50]SAY: Medibot/ : What kind of medbay is this? Everyone&#39;s dropping like flies. (155,73,1)
[20:08:59]SAY: Medibot/ : There&#39;s always a catch, and I&#39;m the best there is. (155,73,1)
[20:09:24]EMOTE: *no key*/(monkey (465)) : <b>The monkey (465)</b> rolls. (187,119,2)
[20:09:29]EMOTE: *no key*/(monkey (772)) : <b>The monkey (772)</b> rolls. (160,142,2)
[20:09:37]SAY: Medibot/ : Radar, put a mask on! (155,73,1)
[20:09:39]EMOTE: *no key*/(Poly) : <b>Poly</b> looks in the BreatheDeep cartridge's direction and takes flight. (80,191,2)
[20:09:43]EMOTE: *no key*/(monkey (772)) : <b>The monkey (772)</b> jumps! (160,142,2)
[20:09:54]ADMIN: AlcaroIsAFrick/(Cool Man) jumped to Arrival Shuttle Hallway
[20:10:04]SAY: mouse/ : Squeek! (201,231,2)
[20:10:07]EMOTE: *no key*/(pug) : <b>Swanson</b> chases its tail. (105,143,2)
[20:10:08]ADMIN: AlcaroIsAFrick/(Cool Man) teleported Reese4221/(Reese James)
[20:10:18]EMOTE: *no key*/(monkey (440)) : <b>The monkey (440)</b> waves his tail. (187,119,2)
[20:10:22]EMOTE: *no key*/(pug) : <b>Swanson</b> chases its tail. (106,143,2)
[20:10:24]SAY: Persephone/ : Meow! (167,140,2)
[20:10:27]EMOTE: *no key*/(Persephone) : <b>Persephone</b> lies down. (167,140,2)
[20:10:40]EMOTE: *no key*/(Ian) : <b>Ian</b> chases its tail! (137,182,2)
[20:10:41]EMOTE: *no key*/(Persephone) : <b>Persephone</b> stops resting. (167,140,2)
[20:11:05]SAY: emergency medibot/ : Radar, put a mask on! (222,84,1)
[20:11:05]EMOTE: *no key*/(pug) : <b>Swanson</b> chases its tail. (105,142,2)
[20:11:07]SAY: Persephone/ : HSSSSS (167,140,2)
[20:11:09]EMOTE: *no key*/(monkey (526)) : <b>The monkey (526)</b> scratches. (185,118,2)
[20:11:24]EMOTE: *no key*/(monkey (826)) : <b>The monkey (826)</b> scratches. (160,141,2)
[20:11:25]EMOTE: *no key*/(Poly) : <b>Poly</b> bawks! (80,191,2)
[20:11:25]EMOTE: *no key*/(Renault) : <b>Renault</b> barks. (152,194,2)
[20:11:30]EMOTE: *no key*/(Poly) : <b>Poly</b> looks in the BreatheDeep cartridge's direction and takes flight. (80,191,2)
[20:11:38]EMOTE: *no key*/(Citrus) : <b>Citrus</b> snores. (171,221,2)
[20:11:43]EMOTE: *no key*/(monkey (772)) : <b>The monkey (772)</b> waves her tail. (160,140,2)
[20:11:45]EMOTE: *no key*/(Persephone) : <b>Persephone</b> stretches out for a belly rub. (168,140,2)
[20:11:59]EMOTE: *no key*/(Persephone) : <b>Persephone</b> sits down. (168,140,2)
[20:11:59]EMOTE: *no key*/(Persephone) : <b>Persephone</b> shivers (168,140,2)
[20:12:21]EMOTE: *no key*/(Persephone) : <b>Persephone</b> looks alert. (168,140,2)
[20:12:22]SAY: Persephone/ : HSSSSS (168,140,2)
[20:12:25]EMOTE: *no key*/(Persephone) : <b>Persephone</b> shivers (168,140,2)
[20:12:27]EMOTE: *no key*/(Persephone) : <b>Persephone</b> walks around. (168,140,2)
[20:12:27]EMOTE: *no key*/(monkey (826)) : <b>The monkey (826)</b> scratches. (160,139,2)
[20:12:45]EMOTE: *no key*/(Poly) : <b>Poly</b> looks in the chief engineer's rubber stamp's direction and takes flight. (80,191,2)
[20:13:02]EMOTE: *no key*/(monkey (826)) : <b>The monkey (826)</b> scratches. (160,139,2)
[20:13:07]EMOTE: *no key*/(monkey (440)) : <b>The monkey (440)</b> scratches. (185,118,2)
[20:13:18]ADMIN: Reese4221/(Reese James) has possessed the soda dispenser (/obj/machinery/chem_dispenser/drinks) at (149, 69, 2)
[20:13:25]EMOTE: *no key*/(pug) : <b>Swanson</b> pants. (107,142,2)
[20:13:33]ADMIN: Reese4221/(soda dispenser) has possessed the soda dispenser (/obj/machinery/chem_dispenser/drinks) at (149, 78, 2)
[20:13:41]EMOTE: *no key*/(Persephone) : <b>Persephone</b> stretches out for a belly rub. (166,141,2)
[20:13:41]EMOTE: *no key*/(monkey (115)) : <b>The monkey (115)</b> jumps! (160,141,2)
[20:13:44]ACCESS: Logout: SirAlberth
[20:13:44]EMOTE: *no key*/(Citrus) : <b>Citrus</b> yawns. (171,220,2)
[20:13:45]EMOTE: *no key*/(mouse) : <b>The mouse</b> squeeks. (200,230,2)
[20:13:52]SAY: Medibot/ : Radar, put a mask on! (155,73,1)
[20:13:52]SAY: mouse/ : Squeek? (200,227,2)
[20:13:59]ADMIN: AlcaroIsAFrick/(Cool Man) modified The soda dispenser's density to from 1 to 0
[20:14:01]EMOTE: *no key*/(Poly) : <b>Poly</b> looks in the Cohiba Robusto cigar's direction and takes flight. (80,191,2)
[20:14:04]ADMIN: AlcaroIsAFrick/(Cool Man) has possessed the soda dispenser (/obj/machinery/chem_dispenser/drinks) at (149, 78, 2)
[20:14:08]EMOTE: *no key*/(Persephone) : <b>Persephone</b> wags its tail. (166,141,2)
[20:14:20]SAY: emergency medibot/ : Delicious! (222,84,1)
[20:14:46]EMOTE: *no key*/(pug) : <b>Swanson</b> chases its tail. (106,142,2)
[20:14:49]EMOTE: *no key*/(mouse) : <b>The mouse</b> shakes. (201,228,2)
[20:14:50]EMOTE: *no key*/(grey baby slime (394)) : <b>The grey baby slime (394)</b> jiggles! (103,163,2)
[20:14:53]EMOTE: *no key*/(monkey (115)) : <b>The monkey (115)</b> rolls. (160,141,2)
[20:14:53]SAY: Cool Man/AlcaroIsAFrick : ok (153,75,2)
[20:14:55]SAY: Poly/ : Try our new nougat bar! (81,195,2)
[20:15:12]EMOTE: *no key*/(grey baby slime (990)) : <b>The grey baby slime (990)</b> jiggles! (112,162,2)
[20:15:24]EMOTE: *no key*/(Citrus) : <b>Citrus</b> dozes off. (173,219,2)
[20:15:24]SAY: mouse/ : Squeek? (201,230,2)
[20:15:26]EMOTE: *no key*/(monkey (115)) : <b>The monkey (115)</b> jumps! (160,139,2)
[20:15:40]SAY: grey baby slime (599)/ : Lonely... (108,153,2)
[20:15:42]SAY: Poly/ : Try our new nougat bar! (80,191,2)
[20:15:46]SAY: emergency medibot/ : Delicious! (222,84,1)
[20:15:49]EMOTE: *no key*/(pug) : <b>Swanson</b> chases its tail. (106,141,2)
[20:15:55]EMOTE: *no key*/(monkey (465)) : <b>The monkey (465)</b> rolls. (185,119,2)
[20:16:02]EMOTE: *no key*/(Poly) : <b>Poly</b> looks in the Cohiba Robusto cigar's direction and takes flight. (80,191,2)
[20:16:13]EMOTE: *no key*/(pug) : <b>Swanson</b> chases its tail. (106,142,2)
[20:16:15]EMOTE: *no key*/(monkey (465)) : <b>The monkey (465)</b> rolls. (186,119,2)
[20:16:25]SAY: Persephone/ : Meow! (166,141,2)
[20:16:27]EMOTE: *no key*/(Persephone) : <b>Persephone</b> shivers (166,141,2)
[20:16:29]SAY: emergency medibot/ : Delicious! (222,84,1)
[20:16:34]EMOTE: *no key*/(grey baby slime (394)) : <b>The grey baby slime (394)</b> bounces in place. (104,163,2)
[20:16:52]SAY: emergency medibot/ : I knew it, I should&#39;ve been a plastic surgeon. (222,84,1)
[20:17:03]SAY: emergency medibot/ : Delicious! (222,84,1)
[20:17:03]EMOTE: *no key*/(Persephone) : <b>Persephone</b> shivers (166,141,2)
[20:17:03]EMOTE: *no key*/(Poly) : <b>Poly</b> looks in the premium Havanian cigar's direction and takes flight. (80,191,2)
[20:17:09]SAY: Medibot/ : Delicious! (154,73,1)
[20:17:32]EMOTE: *no key*/(monkey (465)) : <b>The monkey (465)</b> scratches. (186,118,2)
[20:17:34]SAY: Ian/ : Woof! (136,185,2)
[20:17:36]EMOTE: *no key*/(monkey (526)) : <b>The monkey (526)</b> jumps! (185,119,2)
[20:17:36]EMOTE: *no key*/(pug) : <b>Swanson</b> barks! (105,141,2)
[20:17:40]EMOTE: *no key*/(grey baby slime (990)) : <b>The grey baby slime (990)</b> lights up for a bit, then stops. (111,163,2)
[20:17:40]EMOTE: *no key*/(Citrus) : <b>Citrus</b> yawns. (174,219,2)
[20:17:47]SAY: Nobody's Perfect/ : I knew it, I should&#39;ve been a plastic surgeon. (24,75,1)
[20:17:48]EMOTE: *no key*/(monkey (465)) : <b>The monkey (465)</b> waves her tail. (184,119,2)
[20:18:02]EMOTE: *no key*/(Poly) : <b>Poly</b> looks in the premium cigar's direction and takes flight. (80,191,2)
[20:18:04]SAY: Ian/ : Woof! (135,186,2)
[20:18:07]SAY: Medibot/ : Delicious! (155,73,1)
[20:18:24]GAME: Reese4221/(Reese James) splashed (thrown) Absinthe, Kahlua, Grappa, Cream, Hard Cider and Space-Up at (151,72,2).
[20:18:31]EMOTE: *no key*/(Poly) : <b>Poly</b> flutters its wings. (80,191,2)
[20:18:46]SAY: grey baby slime (990)/ : Rawr... (112,161,2)
[20:18:47]EMOTE: AlcaroIsAFrick/(Cool Man) : <b>Cool Man</b> snores. (148,78,2)
[20:18:50]SAY: Ian/ : YAP (135,186,2)
[20:18:54]EMOTE: *no key*/(Citrus) : <b>Citrus</b> yawns. (174,220,2)
[20:19:06]EMOTE: *no key*/(Poly) : <b>Poly</b> looks in the premium cigar's direction and takes flight. (80,191,2)
[20:19:10]ADMIN: Reese4221/(Reese James) healed / revived AlcaroIsAFrick/(Cool Man)
[20:19:25]EMOTE: *no key*/(monkey (465)) : <b>The monkey (465)</b> scratches. (185,119,2)
[20:19:31]EMOTE: *no key*/(Persephone) : <b>Persephone</b> crouches on its hind legs. (166,141,2)
[20:19:32]EMOTE: *no key*/(pug) : <b>Swanson</b> chases its tail. (106,143,2)
[20:19:34]SAY: Medibot/ : I knew it, I should&#39;ve been a plastic surgeon. (155,73,1)
[20:19:39]EMOTE: *no key*/(Persephone) : <b>Persephone</b> gets up and meows. (166,141,2)
[20:19:47]ADMIN: AlcaroIsAFrick/(Cool Man) modified Cool Man's dizziness to from 7 to 0
[20:19:48]EMOTE: *no key*/(grey baby slime (394)) : <b>The grey baby slime (394)</b> vibrates! (105,163,2)
[20:19:50]EMOTE: *no key*/(Persephone) : <b>Persephone</b> grooms its fur. (166,141,2)
[20:20:02]EMOTE: *no key*/(grey baby slime (990)) : <b>The grey baby slime (990)</b> lights up for a bit, then stops. (112,163,2)
[20:20:05]EMOTE: *no key*/(Poly) : <b>Poly</b> looks in the Power-ON cartridge's direction and takes flight. (80,191,2)
[20:20:06]EMOTE: *no key*/(pug) : <b>Swanson</b> chases its tail. (106,144,2)
[20:20:08]EMOTE: *no key*/(Mojo XVIII) : <b>Mojo XVIII</b> jumps! (149,211,2)
[20:20:20]EMOTE: *no key*/(pug) : <b>Swanson</b> chases its tail. (106,144,2)
[20:20:40]SAY: Swanson/ : Woof! (106,143,2)
[20:20:42]EMOTE: *no key*/(pug) : <b>Swanson</b> chases its tail. (106,143,2)
[20:20:44]EMOTE: *no key*/(Mojo XVIII) : <b>Mojo XVIII</b> jumps! (150,211,2)
[20:20:50]EMOTE: *no key*/(pug) : <b>Swanson</b> yaps. (106,144,2)
[20:21:06]EMOTE: *no key*/(Poly) : <b>Poly</b> looks in the Power-ON cartridge's direction and takes flight. (80,191,2)
[20:21:13]EMOTE: *no key*/(grey baby slime (990)) : <b>The grey baby slime (990)</b> jiggles! (113,163,2)
[20:21:16]SAY: mouse/ : Squeek! (200,230,2)
[20:21:25]EMOTE: *no key*/(monkey (465)) : <b>The monkey (465)</b> scratches. (186,119,2)
[20:21:33]SAY: Medibot/ : What kind of medbay is this? Everyone&#39;s dropping like flies. (155,73,1)
[20:21:33]SAY: mouse/ : Squeek! (202,230,2)
[20:21:37]SAY: Nobody's Perfect/ : There&#39;s always a catch, and I&#39;m the best there is. (24,75,1)
[20:21:41]EMOTE: *no key*/(monkey (115)) : <b>The monkey (115)</b> jumps! (160,140,2)
[20:21:41]EMOTE: *no key*/(Persephone) : <b>Persephone</b> meows (167,141,2)
[20:21:46]EMOTE: *no key*/(Ian) : <b>Ian</b> shakes its head. (136,183,2)
[20:21:48]SAY: Swanson/ : Bark! (105,143,2)
[20:21:52]EMOTE: *no key*/(Poly) : <b>Poly</b> squawks. (80,191,2)
[20:21:53]EMOTE: *no key*/(Persephone) : <b>Persephone</b> wags its tail. (167,142,2)
[20:21:53]EMOTE: *no key*/(Mojo XVIII) : <b>Mojo XVIII</b> scratches. (149,212,2)
[20:22:00]SAY: Poly/ : Attention! Wanted issue distributed! (80,191,2)
[20:22:07]EMOTE: *no key*/(Poly) : <b>Poly</b> looks in the Power-ON cartridge's direction and takes flight. (80,191,2)
[20:22:13]EMOTE: *no key*/(Poly) : <b>Poly</b> flutters its wings. (82,191,2)
[20:22:13]EMOTE: *no key*/(Persephone) : <b>Persephone</b> gets up and meows. (167,142,2)
[20:22:28]EMOTE: *no key*/(Poly) : <b>Poly</b> squawks. (80,191,2)
[20:22:36]SAY: Nobody's Perfect/ : Radar, put a mask on! (24,75,1)
[20:22:46]SAY: Renault/ : Ack-Ack-Ack-Ackawoooo (158,196,2)
[20:22:52]EMOTE: *no key*/(Ian) : <b>Ian</b> shakes its head. (136,185,2)
[20:23:00]SAY: Swanson/ : Bark! (106,143,2)
[20:23:07]EMOTE: *no key*/(Poly) : <b>Poly</b> looks in the burn patch's direction and takes flight. (80,191,2)
[20:23:17]EMOTE: *no key*/(grey baby slime (394)) : <b>The grey baby slime (394)</b> jiggles! (103,162,2)
[20:23:19]EMOTE: *no key*/(Persephone) : <b>Persephone</b> crouches on its hind legs. (168,139,2)
[20:23:28]EMOTE: *no key*/(Persephone) : <b>Persephone</b> wags its tail. (168,139,2)
[20:23:31]EMOTE: *no key*/(Citrus) : <b>Citrus</b> dozes off. (172,219,2)
[20:23:40]SAY: Medibot/ : I knew it, I should&#39;ve been a plastic surgeon. (154,73,1)
[20:23:40]EMOTE: *no key*/(monkey (772)) : <b>The monkey (772)</b> scratches. (160,142,2)
[20:23:42]SAY: Medibot/ : What kind of medbay is this? Everyone&#39;s dropping like flies. (155,73,1)
[20:23:44]SAY: emergency medibot/ : I knew it, I should&#39;ve been a plastic surgeon. (222,84,1)
[20:23:54]EMOTE: *no key*/(monkey (826)) : <b>The monkey (826)</b> rolls. (160,141,2)
[20:24:04]EMOTE: *no key*/(pug) : <b>Swanson</b> pants. (105,142,2)
[20:24:06]SAY: Swanson/ : Woof! (105,142,2)
[20:24:06]EMOTE: *no key*/(Poly) : <b>Poly</b> looks in the Zippo lighter's direction and takes flight. (80,191,2)
[20:24:12]EMOTE: *no key*/(monkey (772)) : <b>The monkey (772)</b> rolls. (160,139,2)
[20:24:21]SAY: Persephone/ : Purr! (168,139,2)
[20:24:34]ADMIN: Reese4221/(Reese James) healed / revived AlcaroIsAFrick/(Cool Man)
[20:24:45]SAY: Nobody's Perfect/ : Radar, put a mask on! (24,75,1)
[20:24:50]ADMIN: Reese4221/(Reese James) healed / revived AlcaroIsAFrick/(Cool Man)
[20:24:58]EMOTE: *no key*/(monkey (526)) : <b>The monkey (526)</b> rolls. (184,119,2)
[20:25:02]EMOTE: *no key*/(Persephone) : <b>Persephone</b> crouches on its hind legs. (168,139,2)
[20:25:22]EMOTE: *no key*/(Persephone) : <b>Persephone</b> crouches on its hind legs. (168,139,2)
[20:25:51]EMOTE: *no key*/(mouse) : <b>The mouse</b> squeeks. (201,230,2)
[20:25:54]EMOTE: *no key*/(Persephone) : <b>Persephone</b> lies down. (168,139,2)
[20:25:56]SAY: Medibot/ : I knew it, I should&#39;ve been a plastic surgeon. (155,73,1)
[20:26:02]EMOTE: *no key*/(monkey (826)) : <b>The monkey (826)</b> waves his tail. (160,139,2)
[20:26:06]EMOTE: *no key*/(monkey (526)) : <b>The monkey (526)</b> jumps! (186,119,2)
[20:26:19]EMOTE: *no key*/(monkey (115)) : <b>The monkey (115)</b> scratches. (160,139,2)
[20:26:29]EMOTE: *no key*/(Ian) : <b>Ian</b> shakes its head. (135,183,2)
[20:26:37]EMOTE: *no key*/(monkey (526)) : <b>The monkey (526)</b> waves her tail. (184,118,2)
[20:26:44]SAY: Poly/ : Don&#39;t believe the reports - smoke today! (80,191,2)
[20:26:49]EMOTE: *no key*/(grey baby slime (599)) : <b>The grey baby slime (599)</b> vibrates! (108,151,2)
[20:26:55]EMOTE: *no key*/(Persephone) : <b>Persephone</b> walks around. (168,139,2)
[20:26:57]EMOTE: *no key*/(Ian) : <b>Ian</b> dances around. (136,183,2)
[20:27:00]EMOTE: *no key*/(Poly) : <b>Poly</b> flutters its wings. (80,191,2)
[20:27:03]EMOTE: *no key*/(grey baby slime (990)) : <b>The grey baby slime (990)</b> lights up for a bit, then stops. (112,161,2)
[20:27:07]EMOTE: *no key*/(monkey (826)) : <b>The monkey (826)</b> scratches. (160,139,2)
[20:27:15]EMOTE: *no key*/(monkey (772)) : <b>The monkey (772)</b> scratches. (160,139,2)
[20:27:17]EMOTE: *no key*/(Persephone) : <b>Persephone</b> meows (168,139,2)
[20:27:19]SAY: emergency medibot/ : Radar, put a mask on! (222,84,1)
[20:27:32]SAY: Poly/ : Try our new nougat bar! (80,191,2)
[20:27:34]SAY: mouse/ : SQUEEK! (199,225,2)
[20:27:35]EMOTE: *no key*/(Mojo XVIII) : <b>Mojo XVIII</b> rolls. (148,212,2)
[20:27:38]SAY: mouse/ : SQUEEK! (199,225,2)
[20:27:47]EMOTE: *no key*/(monkey (772)) : <b>The monkey (772)</b> scratches. (160,141,2)
[20:27:49]SAY: Medibot/ : Radar, put a mask on! (155,73,1)
[20:27:59]SAY: Medibot/ : Radar, put a mask on! (154,73,1)
[20:28:03]SAY: Poly/ : Twice the calories for half the price! (80,191,2)
[20:28:16]EMOTE: *no key*/(Poly) : <b>Poly</b> squawks. (80,191,2)
[20:28:27]EMOTE: *no key*/(monkey (440)) : <b>The monkey (440)</b> scratches. (185,119,2)
[20:28:28]EMOTE: *no key*/(Citrus) : <b>Citrus</b> yawns. (169,220,2)
[20:28:29]EMOTE: *no key*/(monkey (440)) : <b>The monkey (440)</b> waves his tail. (185,119,2)
[20:28:31]EMOTE: *no key*/(monkey (526)) : <b>The monkey (526)</b> jumps! (186,118,2)
[20:28:31]EMOTE: *no key*/(Persephone) : <b>Persephone</b> twitches its whiskers. (169,139,2)
[20:28:32]EMOTE: *no key*/(Ian) : <b>Ian</b> shivers. (136,184,2)
[20:28:47]EMOTE: *no key*/(Persephone) : <b>Persephone</b> shakes out its coat. (170,139,2)
[20:28:51]EMOTE: *no key*/(monkey (465)) : <b>The monkey (465)</b> scratches. (185,118,2)
[20:28:59]EMOTE: *no key*/(pug) : <b>Swanson</b> chases its tail. (107,143,2)
[20:29:14]EMOTE: *no key*/(Citrus) : <b>Citrus</b> looks around sleepily. (169,221,2)
[20:29:26]SAY: Swanson/ : Woof! (107,142,2)
[20:29:35]EMOTE: *no key*/(grey baby slime (599)) : <b>The grey baby slime (599)</b> lights up for a bit, then stops. (109,153,2)
[20:30:01]EMOTE: *no key*/(pug) : <b>Swanson</b> chases its tail. (107,142,2)
[20:30:03]EMOTE: *no key*/(Citrus) : <b>Citrus</b> yawns. (169,221,2)
[20:30:06]EMOTE: *no key*/(pug) : <b>Swanson</b> chases its tail. (107,142,2)
[20:30:08]SAY: Nobody's Perfect/ : Delicious! (24,75,1)
[20:30:10]SAY: Medibot/ : I knew it, I should&#39;ve been a plastic surgeon. (155,73,1)
[20:30:23]EMOTE: *no key*/(mouse) : <b>The mouse</b> shakes. (200,229,2)
[20:30:28]EMOTE: *no key*/(monkey (465)) : <b>The monkey (465)</b> waves her tail. (186,119,2)
[20:30:30]EMOTE: *no key*/(Persephone) : <b>Persephone</b> sits down. (168,140,2)
[20:30:30]EMOTE: *no key*/(grey baby slime (599)) : <b>The grey baby slime (599)</b> bounces in place. (108,151,2)
[20:30:32]EMOTE: *no key*/(pug) : <b>Swanson</b> chases its tail. (107,141,2)
[20:31:00]EMOTE: *no key*/(monkey (465)) : <b>The monkey (465)</b> scratches. (188,119,2)
[20:31:12]EMOTE: *no key*/(monkey (465)) : <b>The monkey (465)</b> jumps! (188,119,2)
[20:31:12]SAY: Poly/ : Breaking news from Station Announcements! (80,191,2)
[20:31:14]EMOTE: *no key*/(Citrus) : <b>Citrus</b> yawns. (170,220,2)
[20:31:17]SAY: Renault/ : Tchoff (159,195,2)
[20:31:19]SAY: Nobody's Perfect/ : What kind of medbay is this? Everyone&#39;s dropping like flies. (24,75,1)
[20:31:38]EMOTE: *no key*/(monkey (772)) : <b>The monkey (772)</b> waves her tail. (160,139,2)
[20:31:42]EMOTE: *no key*/(Ian) : <b>Ian</b> dances around. (134,181,2)
[20:31:44]EMOTE: *no key*/(Persephone) : <b>Persephone</b> gets up and meows. (168,140,2)
[20:31:58]EMOTE: *no key*/(monkey (115)) : <b>The monkey (115)</b> scratches. (160,139,2)
[20:32:03]ADMIN: Reese4221/(Reese James) enabled the ability to speak all languages (that_they know) of Reese4221/(Reese James).
[20:32:19]EMOTE: *no key*/(Persephone) : <b>Persephone</b> shivers (167,140,2)
[20:32:27]EMOTE: *no key*/(monkey (772)) : <b>The monkey (772)</b> scratches. (160,139,2)
[20:32:49]EMOTE: *no key*/(mouse) : <b>The mouse</b> runs in a circle. (202,231,2)
[20:32:51]SAY: Renault/ : Tchoff (160,193,2)
[20:32:57]EMOTE: *no key*/(Poly) : <b>Poly</b> squawks. (80,191,2)
[20:32:59]EMOTE: *no key*/(monkey (826)) : <b>The monkey (826)</b> rolls. (160,139,2)
[20:33:50]SAY: emergency medibot/ : What kind of medbay is this? Everyone&#39;s dropping like flies. (222,84,1)
[20:33:52]EMOTE: *no key*/(grey baby slime (599)) : <b>The grey baby slime (599)</b> lights up for a bit, then stops. (108,152,2)
[20:34:05]ADMIN: Reese4221/(Reese James) granted the language Xenomorph to Reese4221/(Reese James).
[20:34:06]ADMIN: Reese4221/(Reese James) granted the language Slime to Reese4221/(Reese James).
[20:34:08]ADMIN: Reese4221/(Reese James) granted the language Ratvarian to Reese4221/(Reese James).
[20:34:09]ADMIN: Reese4221/(Reese James) granted the language Nar-Sian to Reese4221/(Reese James).
[20:34:10]ADMIN: Reese4221/(Reese James) granted the language Chimpanzee to Reese4221/(Reese James).
[20:34:11]ADMIN: Reese4221/(Reese James) granted the language Encoded Audio Language to Reese4221/(Reese James).
[20:34:12]EMOTE: *no key*/(pug) : <b>Swanson</b> woofs! (105,142,2)
[20:34:13]ADMIN: Reese4221/(Reese James) granted the language Swarmer to Reese4221/(Reese James).
[20:34:14]ADMIN: Reese4221/(Reese James) granted the language Drone to Reese4221/(Reese James).
[20:34:15]ADMIN: Reese4221/(Reese James) granted the language Draconic to Reese4221/(Reese James).
[20:34:16]EMOTE: *no key*/(grey baby slime (599)) : <b>The grey baby slime (599)</b> bounces in place. (108,151,2)
[20:34:20]ADMIN: Reese4221/(Reese James) granted the language Beachtongue to Reese4221/(Reese James).
[20:34:41]SAY: Renault/ : Awoo (159,195,2)
[20:34:47]SAY: emergency medibot/ : What kind of medbay is this? Everyone&#39;s dropping like flies. (222,84,1)
[20:35:00]EMOTE: *no key*/(Mojo XVIII) : <b>Mojo XVIII</b> jumps! (149,211,2)
[20:35:26]SAY: grey baby slime (990)/ : Rawr... (111,163,2)
[20:35:28]EMOTE: *no key*/(monkey (440)) : <b>The monkey (440)</b> scratches. (188,119,2)
[20:35:30]EMOTE: *no key*/(Persephone) : <b>Persephone</b> lies down. (169,139,2)
[20:35:32]EMOTE: *no key*/(monkey (526)) : <b>The monkey (526)</b> jumps! (186,119,2)
[20:35:36]EMOTE: *no key*/(Persephone) : <b>Persephone</b> lies down. (169,139,2)
[20:35:45]EMOTE: *no key*/(monkey (440)) : <b>The monkey (440)</b> rolls. (188,118,2)
[20:35:47]EMOTE: *no key*/(Poly) : <b>Poly</b> squawks. (80,191,2)
[20:35:49]EMOTE: *no key*/(Poly) : <b>Poly</b> squawks. (80,191,2)
[20:35:55]SAY: mouse/ : Squeek! (200,231,2)
[20:36:03]SAY: emergency medibot/ : Radar, put a mask on! (222,84,1)
[20:36:07]SAY: Cool Man/AlcaroIsAFrick : hi (148,73,2)
[20:36:08]SAY: emergency medibot/ : What kind of medbay is this? Everyone&#39;s dropping like flies. (222,84,1)
[20:36:10]SAY: Cool Man/AlcaroIsAFrick :  a (148,73,2)
[20:36:12]SAY: Nobody's Perfect/ : I knew it, I should&#39;ve been a plastic surgeon. (24,75,1)
[20:36:15]EMOTE: *no key*/(grey baby slime (599)) : <b>The grey baby slime (599)</b> lights up for a bit, then stops. (108,151,2)
[20:36:34]SAY: Reese James/Reese4221 : hi (150,73,2)
[20:36:37]EMOTE: *no key*/(Persephone) : <b>Persephone</b> stops resting. (169,139,2)
[20:36:38]SAY: Medibot/ : I knew it, I should&#39;ve been a plastic surgeon. (155,73,1)
[20:36:39]EMOTE: *no key*/(Ian) : <b>Ian</b> dances around. (137,179,2)
[20:37:02]EMOTE: *no key*/(Ian) : <b>Ian</b> dances around. (137,179,2)
[20:37:15]EMOTE: *no key*/(grey baby slime (394)) : <b>The grey baby slime (394)</b> lights up for a bit, then stops. (103,161,2)
[20:37:17]EMOTE: *no key*/(monkey (115)) : <b>The monkey (115)</b> jumps! (160,142,2)
[20:37:22]EMOTE: *no key*/(Persephone) : <b>Persephone</b> mews (170,140,2)
[20:37:26]SAY: Poly/ : Attention! Wanted issue distributed! (80,191,2)
[20:37:55]EMOTE: *no key*/(Mojo XVIII) : <b>Mojo XVIII</b> jumps! (146,215,2)
[20:37:58]SAY: Medibot/ : Radar, put a mask on! (154,73,1)
[20:38:01]EMOTE: *no key*/(monkey (465)) : <b>The monkey (465)</b> waves her tail. (185,119,2)
[20:38:09]EMOTE: *no key*/(Persephone) : <b>Persephone</b> crouches on its hind legs. (170,140,2)
[20:38:19]EMOTE: *no key*/(monkey (115)) : <b>The monkey (115)</b> waves his tail. (160,140,2)
[20:38:21]EMOTE: *no key*/(Persephone) : <b>Persephone</b> walks around. (170,140,2)
[20:38:31]EMOTE: *no key*/(Persephone) : <b>Persephone</b> shakes out its coat. (169,140,2)
[20:38:33]EMOTE: *no key*/(Mojo XVIII) : <b>Mojo XVIII</b> jumps! (147,214,2)
[20:38:34]EMOTE: *no key*/(Citrus) : <b>Citrus</b> dozes off. (170,222,2)
[20:38:39]EMOTE: *no key*/(monkey (440)) : <b>The monkey (440)</b> scratches. (188,118,2)
[20:38:39]EMOTE: *no key*/(Persephone) : <b>Persephone</b> looks alert. (170,140,2)
[20:38:42]SAY: Poly/ : Breaking news from Station Announcements! (80,191,2)
[20:38:48]SAY: Nobody's Perfect/ : There&#39;s always a catch, and I&#39;m the best there is. (24,75,1)
[20:39:06]EMOTE: *no key*/(pug) : <b>Swanson</b> barks! (105,142,2)
[20:39:27]EMOTE: *no key*/(Poly) : <b>Poly</b> flutters its wings. (80,191,2)
[20:39:31]SAY: Poly/ : Twice the calories for half the price! (80,191,2)
[20:40:00]ACCESS: Logout: AlcaroIsAFrick/(Cool Man)
[20:40:01]ACCESS: Logout: Reese4221/(Reese James)
