

Starting up round ID . 14:37:20
---------------------
[14:37:20]ADMIN: Loading Banlist
[14:37:21]GAME: Saved mode is 'sandbox'
[14:37:29]ACCESS: Login: Noober84555 from 127.0.0.1-645371209 || BYOND v511
[14:37:29]ACCESS: Mob Login: Noober84555/(Noober84555) was assigned to a /mob/dead/new_player
[14:40:28]EMOTE: *no key*/(monkey (335)) : <b>The monkey (335)</b> jumps! (160,140,2)
[14:40:29]SAY: Officer Beepsky/ : Engaging patrol mode. (186,190,2)
[14:40:29]SAY: Prison Ofitser/ : Engaging patrol mode. (23,36,5)
[14:40:29]SAY: Prison Ofitser/ : Disengaging patrol mode. (23,36,5)
[14:40:32]EMOTE: *no key*/(monkey (512)) : <b>The monkey (512)</b> rolls. (187,8,2)
[14:40:59]EMOTE: *no key*/(monkey (306)) : <b>The monkey (306)</b> jumps! (185,119,2)
[14:41:09]EMOTE: *no key*/(Ian) : <b>Ian</b> chases its tail! (134,186,2)
[14:41:15]EMOTE: *no key*/(Ian) : <b>Ian</b> chases its tail! (134,186,2)
[14:41:25]EMOTE: *no key*/(Persephone) : <b>Persephone</b> stretches out for a belly rub. (166,139,2)
[14:41:29]EMOTE: *no key*/(monkey (298)) : <b>The monkey (298)</b> rolls. (204,25,2)
[14:41:33]ACCESS: Mob Login: Noober84555/(Noober) was assigned to a /mob/living/carbon/human
[14:41:38]ACCESS: Login: Momo1911 from 76.99.81.238-3540540685 || BYOND v512
[14:41:38]ACCESS: Mob Login: Momo1911/(Momo1911) was assigned to a /mob/dead/new_player
[14:41:46]SAY: Poly/ : Try our new nougat bar! (81,192,2)
[14:41:50]EMOTE: *no key*/(monkey (675)) : <b>The monkey (675)</b> rolls. (200,25,2)
[14:41:54]EMOTE: *no key*/(pug) : <b>Swanson</b> chases its tail. (108,143,2)
[14:41:54]SAY: grey baby slime (596)/ : Lonely... (107,152,2)
[14:42:00]EMOTE: *no key*/(monkey (312)) : <b>The monkey (312)</b> scratches. (189,8,2)
[14:42:27]SAY: Nobody's Perfect/ : I knew it, I should&#39;ve been a plastic surgeon. (24,75,1)
[14:42:31]EMOTE: *no key*/(Poly) : <b>Poly</b> squawks. (81,193,2)
[14:42:35]EMOTE: *no key*/(monkey (477)) : <b>The monkey (477)</b> rolls. (201,21,2)
[14:42:35]EMOTE: *no key*/(mouse) : <b>The mouse</b> squeeks. (198,222,2)
[14:42:37]SAY: Medibot/ : There&#39;s always a catch, and I&#39;m the best there is. (154,73,1)
[14:42:42]SAY: Poly/ : What kind of medbay is this? Everyone&#39;s dropping like flies. (80,193,2)
[14:43:04]EMOTE: *no key*/(Pun Pun 20) : <b>Pun Pun 20</b> waves its tail. (141,212,2)
[14:43:08]ACCESS: Mob Login: Momo1911/(Vegeta) was assigned to a /mob/living/carbon/human
[14:43:09]SAY: Medibot/ : There&#39;s always a catch, and I&#39;m the best there is. (155,73,1)
[14:43:09]EMOTE: *no key*/(mouse) : <b>The mouse</b> shakes. (197,221,2)
[14:43:16]EMOTE: *no key*/(Ian) : <b>Ian</b> dances around. (134,185,2)
[14:43:19]EMOTE: *no key*/(monkey (306)) : <b>The monkey (306)</b> scratches. (186,118,2)
[14:43:23]EMOTE: *no key*/(monkey (578)) : <b>The monkey (578)</b> rolls. (160,141,2)
[14:43:26]SAY: Medibot/ : What kind of medbay is this? Everyone&#39;s dropping like flies. (155,73,1)
[14:43:28]EMOTE: *no key*/(Poly) : <b>Poly</b> looks in the Cohiba Robusto cigar's direction and takes flight. (80,193,2)
[14:43:31]EMOTE: *no key*/(monkey (477)) : <b>The monkey (477)</b> jumps! (200,21,2)
[14:43:33]EMOTE: *no key*/(grey baby slime (635)) : <b>The grey baby slime (635)</b> bounces in place. (112,163,2)
[14:43:49]SAY: Persephone/ : Esp! (166,139,2)
[14:43:49]SAY: Poly/ : Wait Hanry Smith! I want to help! (80,193,2)
[14:44:05]EMOTE: *no key*/(Poly) : <b>Poly</b> squawks. (80,193,2)
[14:44:08]EMOTE: *no key*/(monkey (578)) : <b>The monkey (578)</b> rolls. (160,142,2)
[14:44:09]EMOTE: *no key*/(mouse) : <b>The mouse</b> shakes. (198,221,2)
[14:44:10]EMOTE: *no key*/(monkey (306)) : <b>The monkey (306)</b> scratches. (187,118,2)
[14:44:16]EMOTE: *no key*/(monkey (298)) : <b>The monkey (298)</b> waves her tail. (204,25,2)
[14:44:17]SAY: Poly/ : Wait Hanry Smith! I want to help! (80,193,2)
[14:44:22]EMOTE: *no key*/(monkey (303)) : <b>The monkey (303)</b> rolls. (186,119,2)
[14:44:25]EMOTE: *no key*/(Poly) : <b>Poly</b> looks in the premium Havanian cigar's direction and takes flight. (80,193,2)
[14:44:25]SAY: Renault/ : Ack-Ack-Ack-Ackawoooo (154,193,2)
[14:44:27]EMOTE: *no key*/(Ian) : <b>Ian</b> shakes its head. (134,184,2)
[14:44:48]EMOTE: *no key*/(grey baby slime (635)) : <b>The grey baby slime (635)</b> lights up for a bit, then stops. (112,161,2)
[14:44:54]EMOTE: *no key*/(grey baby slime (635)) : <b>The grey baby slime (635)</b> vibrates! (113,162,2)
[14:44:56]EMOTE: *no key*/(grey baby slime (596)) : <b>The grey baby slime (596)</b> bounces in place. (109,151,2)
[14:44:58]EMOTE: *no key*/(Poly) : <b>Poly</b> bawks! (80,193,2)
[14:45:00]SAY: Persephone/ : HSSSSS (166,139,2)
[14:45:10]EMOTE: *no key*/(Pun Pun 20) : <b>Pun Pun 20</b> rolls. (139,212,2)
[14:45:12]EMOTE: *no key*/(Pun Pun 20) : <b>Pun Pun 20</b> scratches. (139,212,2)
[14:45:16]SAY: Poly/ : Attention! Wanted issue distributed! (80,193,2)
[14:45:20]EMOTE: *no key*/(Persephone) : <b>Persephone</b> walks around. (166,139,2)
[14:45:22]EMOTE: *no key*/(Poly) : <b>Poly</b> looks in the premium Havanian cigar's direction and takes flight. (80,193,2)
[14:45:26]SAY: Persephone/ : Purr! (166,139,2)
[14:45:28]EMOTE: *no key*/(Citrus) : <b>Citrus</b> looks around sleepily. (171,219,2)
[14:45:36]EMOTE: *no key*/(Ian) : <b>Ian</b> pants. (135,184,2)
[14:45:47]SAY: Ian/ : Bark! (135,183,2)
[14:45:51]SAY: Medibot/ : There&#39;s always a catch, and I&#39;m the best there is. (155,73,1)
[14:45:56]EMOTE: *no key*/(monkey (335)) : <b>The monkey (335)</b> jumps! (160,140,2)
[14:45:57]SAY: Medibot/ : Radar, put a mask on! (154,73,1)
[14:46:07]SAY: Medibot/ : Radar, put a mask on! (155,73,1)
[14:46:19]EMOTE: *no key*/(Poly) : <b>Poly</b> looks in the premium cigar's direction and takes flight. (80,193,2)
[14:46:20]EMOTE: *no key*/(Ian) : <b>Ian</b> chases its tail! (135,183,2)
[14:46:28]EMOTE: *no key*/(monkey (578)) : <b>The monkey (578)</b> waves his tail. (160,141,2)
[14:46:34]EMOTE: *no key*/(monkey (675)) : <b>The monkey (675)</b> rolls. (200,25,2)
[14:46:37]EMOTE: *no key*/(monkey (477)) : <b>The monkey (477)</b> waves her tail. (200,21,2)
[14:46:43]EMOTE: *no key*/(grey baby slime (596)) : <b>The grey baby slime (596)</b> jiggles! (107,152,2)
[14:46:47]EMOTE: *no key*/(monkey (675)) : <b>The monkey (675)</b> jumps! (201,25,2)
[14:46:53]EMOTE: *no key*/(Persephone) : <b>Persephone</b> crouches on its hind legs. (167,138,2)
[14:46:59]EMOTE: *no key*/(Persephone) : <b>Persephone</b> stretches out for a belly rub. (167,138,2)
[14:47:06]ACCESS: Login: MACIEKBAKI from 83.29.18.188-1062000716 || BYOND v511
[14:47:06]ACCESS: Mob Login: MACIEKBAKI/(MACIEKBAKI) was assigned to a /mob/dead/new_player
[14:47:12]SAY: Poly/ : What kind of medbay is this? Everyone&#39;s dropping like flies. (80,195,2)
[14:47:19]EMOTE: *no key*/(monkey (675)) : <b>The monkey (675)</b> waves her tail. (201,25,2)
[14:47:20]ACCESS: Mob Login: MACIEKBAKI/(Mr Lmao) was assigned to a /mob/living/carbon/human
[14:47:20]ACCESS: Mob Login: MACIEKBAKI/(Default Cyborg-548) was assigned to a /mob/living/silicon/robot
[14:47:23]EMOTE: *no key*/(monkey (306)) : <b>The monkey (306)</b> jumps! (186,118,2)
[14:47:31]SAY: Ian/ : YAP (134,184,2)
[14:47:39]SAY: Medibot/ : There&#39;s always a catch, and I&#39;m the best there is. (155,73,1)
[14:47:44]EMOTE: *no key*/(Persephone) : <b>Persephone</b> stretches out for a belly rub. (167,138,2)
[14:47:47]SAY: Poly/ : Try our new nougat bar! (81,195,2)
[14:47:51]ADMIN: Noober84555/(Noober) jumped to MACIEKBAKI/(Terminus)
[14:48:06]SAY: Poly/ : Twice the calories for half the price! (80,193,2)
[14:48:34]SAY: Nobody's Perfect/ : I knew it, I should&#39;ve been a plastic surgeon. (24,75,1)
[14:48:42]EMOTE: *no key*/(pug) : <b>Swanson</b> woofs! (109,143,2)
[14:48:44]EMOTE: *no key*/(Poly) : <b>Poly</b> looks in the premium cigar's direction and takes flight. (80,193,2)
[14:48:44]SAY: mouse/ : Squeek! (198,221,2)
[14:48:44]EMOTE: *no key*/(monkey (306)) : <b>The monkey (306)</b> jumps! (188,118,2)
[14:48:44]EMOTE: *no key*/(Persephone) : <b>Persephone</b> wags its tail. (167,138,2)
[14:48:46]EMOTE: *no key*/(Poly) : <b>Poly</b> squawks. (80,193,2)
[14:48:50]ADMIN: MACIEKBAKI/(Terminus) deleted Terminus at (141, 252, 2)
[14:48:50]ACCESS: Mob Login: MACIEKBAKI/(Mr Lmao) was assigned to a /mob/living/brain
[14:48:54]ACCESS: Login: ARTHURPANDOLFI from 191.32.225.15-2576488010 || BYOND v511
[14:48:54]ACCESS: Mob Login: ARTHURPANDOLFI/(ARTHURPANDOLFI) was assigned to a /mob/dead/new_player
[14:48:54]ADMIN: MACIEKBAKI/(Mr Lmao) deleted Man-Machine Interface: Mr Lmao at (141, 252, 2)
[14:48:54]ACCESS: Mob Login: MACIEKBAKI/(Terminus) was assigned to a /mob/dead/observer
[14:48:57]EMOTE: *no key*/(mouse) : <b>The mouse</b> squeeks. (197,221,2)
[14:48:59]EMOTE: *no key*/(monkey (312)) : <b>The monkey (312)</b> waves her tail. (189,8,2)
[14:49:01]ACCESS: Mob Login: ARTHURPANDOLFI/(Nelle Duncan) was assigned to a /mob/living/carbon/human
[14:49:08]EMOTE: *no key*/(Citrus) : <b>Citrus</b> looks around sleepily. (174,222,2)
[14:49:16]EMOTE: *no key*/(Persephone) : <b>Persephone</b> lies down. (167,138,2)
[14:49:23]EMOTE: *no key*/(monkey (477)) : <b>The monkey (477)</b> waves her tail. (201,21,2)
[14:49:23]SAY: Poly/ : I knew it, I should&#39;ve been a plastic surgeon. (80,193,2)
[14:49:25]EMOTE: *no key*/(monkey (512)) : <b>The monkey (512)</b> jumps! (187,8,2)
[14:49:39]SAY: Renault/ : Tchoff (155,196,2)
[14:49:45]EMOTE: *no key*/(grey baby slime (635)) : <b>The grey baby slime (635)</b> vibrates! (112,163,2)
[14:49:46]EMOTE: *no key*/(Poly) : <b>Poly</b> looks in the Power-ON cartridge's direction and takes flight. (80,193,2)
[14:49:46]EMOTE: *no key*/(Poly) : <b>Poly</b> flutters its wings. (80,193,2)
[14:49:48]EMOTE: *no key*/(Persephone) : <b>Persephone</b> meows (167,138,2)
[14:50:00]SAY: Poly/ : Attention! Wanted issue distributed! (80,193,2)
[14:50:02]EMOTE: *no key*/(monkey (675)) : <b>The monkey (675)</b> rolls. (201,25,2)
[14:50:12]EMOTE: *no key*/(grey baby slime (596)) : <b>The grey baby slime (596)</b> vibrates! (109,153,2)
[14:50:17]EMOTE: *no key*/(pug) : <b>Swanson</b> yaps. (107,142,2)
[14:50:21]SAY: Poly/ : Don&#39;t believe the reports - smoke today! (80,193,2)
[14:50:25]EMOTE: *no key*/(monkey (578)) : <b>The monkey (578)</b> jumps! (160,142,2)
[14:50:27]EMOTE: *no key*/(Pun Pun 20) : <b>Pun Pun 20</b> jumps! (136,220,2)
[14:50:32]EMOTE: *no key*/(Persephone) : <b>Persephone</b> stops resting. (167,138,2)
[14:50:34]ACCESS: Logout: Noober84555/(Noober)
[14:50:34]ACCESS: Logout: Momo1911/(Vegeta)
[14:50:35]ACCESS: Logout: Pintao-kun
[14:50:35]ACCESS: Logout: MACIEKBAKI/(Terminus)
[14:50:36]ACCESS: Logout: ARTHURPANDOLFI/(Nelle Duncan)
