

Starting up round ID . 16:27:36
---------------------
[16:27:36]ADMIN: Loading Banlist
[16:27:38]GAME: Saved mode is 'sandbox'
[16:28:11]ACCESS: Login: AlcaroIsAFrick from 127.0.0.1-1817465521 || BYOND v511
[16:28:11]ACCESS: Mob Login: AlcaroIsAFrick/(AlcaroIsAFrick) was assigned to a /mob/dead/new_player
[16:30:00]GAME: Hierophant's Arena loaded at at 83,101,5
[16:30:00]GAME: Blood-Drunk Miner (Hunter) loaded at at 219,34,5
[16:30:00]GAME: Ruin of Sloth loaded at at 127,31,5
[16:30:01]GAME: Derelict 4 loaded at at 205,214,9
[16:35:05]SAY: Officer Beepsky/ : Engaging patrol mode. (186,190,2)
[16:35:05]SAY: Prison Ofitser/ : Engaging patrol mode. (23,36,5)
[16:35:05]SAY: Prison Ofitser/ : Disengaging patrol mode. (23,36,5)
[16:35:08]EMOTE: *no key*/(Ian) : <b>Ian</b> chases its tail! (137,182,2)
[16:35:14]EMOTE: *no key*/(monkey (8)) : <b>The monkey (8)</b> jumps! (160,142,2)
[16:35:18]EMOTE: *no key*/(Persephone) : <b>Persephone</b> meows (166,140,2)
[16:35:28]SAY: mouse/ : Squeek? (197,226,2)
[16:35:31]EMOTE: *no key*/(Persephone) : <b>Persephone</b> twitches its whiskers. (166,139,2)
[16:35:39]ACCESS: Mob Login: AlcaroIsAFrick/(Cool Man) was assigned to a /mob/living/carbon/human
[16:35:56]EMOTE: *no key*/(grey baby slime (635)) : <b>The grey baby slime (635)</b> jiggles! (105,163,2)
[16:36:02]EMOTE: *no key*/(grey baby slime (974)) : <b>The grey baby slime (974)</b> jiggles! (113,163,2)
[16:36:14]EMOTE: *no key*/(Poly) : <b>Poly</b> looks in the BreatheDeep cartridge's direction and takes flight. (80,190,2)
[16:36:14]SAY: Poly/ : Try our new nougat bar! (80,190,2)
[16:36:19]EMOTE: *no key*/(Persephone) : <b>Persephone</b> shakes out its coat. (167,139,2)
[16:36:27]EMOTE: *no key*/(Persephone) : <b>Persephone</b> lies down. (167,140,2)
[16:36:34]EMOTE: *no key*/(Citrus) : <b>Citrus</b> snores. (171,222,2)
[16:36:48]ACCESS: Login: ZioZan from 77.120.177.71-411615209 || BYOND v512
[16:36:48]ACCESS: Mob Login: ZioZan/(ZioZan) was assigned to a /mob/dead/new_player
[16:36:48]SAY: emergency medibot/ : Delicious! (222,84,1)
[16:36:49]EMOTE: *no key*/(Persephone) : <b>Persephone</b> looks alert. (167,140,2)
[16:36:53]EMOTE: *no key*/(monkey (939)) : <b>The monkey (939)</b> scratches. (184,119,2)
[16:36:57]EMOTE: *no key*/(pug) : <b>Swanson</b> chases its tail. (106,142,2)
[16:36:57]ACCESS: Logout: ZioZan/(ZioZan)
[16:37:15]EMOTE: *no key*/(Poly) : <b>Poly</b> looks in the BreatheDeep cartridge's direction and takes flight. (80,190,2)
[16:37:16]EMOTE: *no key*/(monkey (724)) : <b>The monkey (724)</b> scratches. (160,141,2)
[16:37:22]EMOTE: *no key*/(Mojo XVIII) : <b>Mojo XVIII</b> waves its tail. (138,218,2)
[16:37:27]SAY: mouse/ : Squeek? (201,229,2)
[16:37:30]EMOTE: *no key*/(grey baby slime (315)) : <b>The grey baby slime (315)</b> jiggles! (109,151,2)
[16:37:34]SAY: emergency medibot/ : There&#39;s always a catch, and I&#39;m the best there is. (222,84,1)
[16:37:38]EMOTE: *no key*/(grey baby slime (315)) : <b>The grey baby slime (315)</b> jiggles! (109,151,2)
[16:37:49]SAY: Poly/ : Check the crystal, you chucklefucks! (80,190,2)
[16:37:51]SAY: Renault/ : Geckers (153,193,2)
[16:37:51]EMOTE: *no key*/(Citrus) : <b>Citrus</b> dozes off. (170,220,2)
[16:38:01]EMOTE: *no key*/(pug) : <b>Swanson</b> woofs! (107,142,2)
[16:38:02]EMOTE: *no key*/(monkey (280)) : <b>The monkey (280)</b> scratches. (186,119,2)
[16:38:02]EMOTE: *no key*/(grey baby slime (635)) : <b>The grey baby slime (635)</b> lights up for a bit, then stops. (103,162,2)
[16:38:10]EMOTE: *no key*/(Ian) : <b>Ian</b> shakes its head. (136,181,2)
[16:38:12]SAY: mouse/ : SQUEEK! (201,230,2)
[16:38:14]EMOTE: *no key*/(Poly) : <b>Poly</b> looks in the BreatheDeep cartridge's direction and takes flight. (80,190,2)
[16:38:27]SAY: Medibot/ : What kind of medbay is this? Everyone&#39;s dropping like flies. (154,73,1)
[16:38:27]SAY: Renault/ : Tchoff (152,195,2)
[16:38:42]ACCESS: Logout: AlcaroIsAFrick/(Cool Man)
[16:39:09]EMOTE: *no key*/(Ian) : <b>Ian</b> dances around. (135,182,2)
[16:39:16]EMOTE: *no key*/(Poly) : <b>Poly</b> looks in the chief engineer's rubber stamp's direction and takes flight. (80,190,2)
[16:39:26]SAY: mouse/ : SQUEEK! (196,225,2)
[16:39:54]SAY: Poly/ : Try our new nougat bar! (80,190,2)
[16:39:56]EMOTE: *no key*/(Persephone) : <b>Persephone</b> lies down. (167,140,2)
[16:40:09]SAY: Swanson/ : YAP (111,141,2)
[16:40:14]EMOTE: *no key*/(Poly) : <b>Poly</b> looks in the Cohiba Robusto cigar's direction and takes flight. (80,190,2)
[16:40:18]SAY: emergency medibot/ : Radar, put a mask on! (222,84,1)
[16:40:48]SAY: Poly/ : Try our new nougat bar! (80,190,2)
[16:40:56]EMOTE: *no key*/(monkey (280)) : <b>The monkey (280)</b> scratches. (186,119,2)
[16:41:06]EMOTE: *no key*/(monkey (260)) : <b>The monkey (260)</b> jumps! (160,139,2)
[16:41:10]EMOTE: *no key*/(Poly) : <b>Poly</b> flutters its wings. (80,190,2)
[16:41:14]EMOTE: *no key*/(Poly) : <b>Poly</b> looks in the premium Havanian cigar's direction and takes flight. (80,190,2)
[16:41:24]EMOTE: *no key*/(grey baby slime (315)) : <b>The grey baby slime (315)</b> bounces in place. (109,152,2)
[16:41:32]SAY: emergency medibot/ : There&#39;s always a catch, and I&#39;m the best there is. (222,84,1)
[16:41:38]EMOTE: *no key*/(pug) : <b>Swanson</b> chases its tail. (113,143,2)
[16:41:38]EMOTE: *no key*/(monkey (815)) : <b>The monkey (815)</b> jumps! (186,118,2)
[16:41:49]EMOTE: *no key*/(pug) : <b>Swanson</b> chases its tail. (112,143,2)
[16:41:57]ACCESS: Login: AlcaroIsAFrick from 127.0.0.1-1817465521 || BYOND v511
[16:41:57]ACCESS: Mob Login: AlcaroIsAFrick/(Cool Man) was assigned to a /mob/living/carbon/human
[16:42:10]SAY: Persephone/ : Purr! (167,140,2)
[16:42:11]EMOTE: *no key*/(monkey (815)) : <b>The monkey (815)</b> rolls. (185,119,2)
[16:42:18]EMOTE: *no key*/(Poly) : <b>Poly</b> squawks. (80,190,2)
[16:42:23]EMOTE: *no key*/(Ian) : <b>Ian</b> chases its tail! (134,185,2)
[16:42:25]EMOTE: *no key*/(monkey (260)) : <b>The monkey (260)</b> rolls. (160,140,2)
[16:42:29]EMOTE: *no key*/(pug) : <b>Swanson</b> chases its tail. (112,143,2)
[16:42:31]EMOTE: *no key*/(Poly) : <b>Poly</b> looks in the premium Havanian cigar's direction and takes flight. (80,190,2)
[16:42:48]SAY: Medibot/ : I knew it, I should&#39;ve been a plastic surgeon. (155,73,1)
[16:42:50]EMOTE: *no key*/(pug) : <b>Swanson</b> chases its tail. (112,143,2)
[16:42:50]SAY: Poly/ : Breaking news from Station Announcements! (80,190,2)
[16:42:54]EMOTE: *no key*/(pug) : <b>Swanson</b> chases its tail. (112,143,2)
[16:43:20]EMOTE: *no key*/(grey baby slime (635)) : <b>The grey baby slime (635)</b> jiggles! (105,163,2)
[16:43:31]EMOTE: *no key*/(Poly) : <b>Poly</b> looks in the premium cigar's direction and takes flight. (80,190,2)
[16:43:35]SAY: Swanson/ : Bark! (113,142,2)
[16:44:04]EMOTE: *no key*/(Mojo XVIII) : <b>Mojo XVIII</b> rolls. (133,220,2)
[16:44:08]EMOTE: *no key*/(monkey (724)) : <b>The monkey (724)</b> rolls. (160,141,2)
[16:44:08]EMOTE: *no key*/(pug) : <b>Swanson</b> shivers. (113,141,2)
[16:44:20]EMOTE: *no key*/(grey baby slime (635)) : <b>The grey baby slime (635)</b> jiggles! (104,163,2)
[16:44:20]EMOTE: *no key*/(Mojo XVIII) : <b>Mojo XVIII</b> scratches. (134,220,2)
[16:44:22]EMOTE: *no key*/(Persephone) : <b>Persephone</b> lies down. (167,140,2)
[16:44:28]EMOTE: *no key*/(Persephone) : <b>Persephone</b> crouches on its hind legs. (167,140,2)
[16:44:29]EMOTE: *no key*/(Poly) : <b>Poly</b> looks in the Power-ON cartridge's direction and takes flight. (80,190,2)
[16:44:29]SAY: Nobody's Perfect/ : What kind of medbay is this? Everyone&#39;s dropping like flies. (24,75,1)
[16:44:33]EMOTE: *no key*/(Poly) : <b>Poly</b> flutters its wings. (82,192,2)
[16:44:34]EMOTE: *no key*/(grey baby slime (635)) : <b>The grey baby slime (635)</b> vibrates! (104,161,2)
[16:44:56]SAY: Renault/ : Ack-Ack (156,194,2)
[16:45:18]EMOTE: *no key*/(grey baby slime (635)) : <b>The grey baby slime (635)</b> jiggles! (103,162,2)
[16:45:19]SAY: Renault/ : Awoo (154,194,2)
[16:45:24]ADMIN: AlcaroIsAFrick/(Cool Man) deleted Cool Man at (146, 267, 2)
[16:45:24]ACCESS: Mob Login: AlcaroIsAFrick/(Cool Man) was assigned to a /mob/dead/observer
[16:45:28]SAY: Swanson/ : Woof! (113,141,2)
[16:45:32]EMOTE: *no key*/(Citrus) : <b>Citrus</b> snores. (174,220,2)
[16:45:34]EMOTE: *no key*/(monkey (260)) : <b>The monkey (260)</b> waves his tail. (160,139,2)
[16:45:44]EMOTE: *no key*/(Persephone) : <b>Persephone</b> walks around. (167,140,2)
[16:45:59]GAME: Cool Man/AlcaroIsAFrick used abandon mob.
[16:45:59]ACCESS: Mob Login: AlcaroIsAFrick/(new player) was assigned to a /mob/dead/new_player
[16:46:06]SAY: Ian/ : Woof! (134,184,2)
[16:46:08]EMOTE: *no key*/(Renault) : <b>Renault</b> howls. (155,196,2)
[16:46:18]EMOTE: *no key*/(monkey (815)) : <b>The monkey (815)</b> scratches. (188,119,2)
[16:46:20]EMOTE: *no key*/(monkey (8)) : <b>The monkey (8)</b> waves his tail. (160,142,2)
[16:46:25]SAY: mouse/ : SQUEEK! (200,231,2)
[16:46:27]EMOTE: *no key*/(Poly) : <b>Poly</b> looks in the Power-ON cartridge's direction and takes flight. (80,190,2)
[16:46:39]SAY: Swanson/ : Bark! (111,141,2)
[16:46:42]EMOTE: *no key*/(Ian) : <b>Ian</b> chases its tail! (134,184,2)
[16:47:06]SAY: Poly/ : Breaking news from Station Announcements! (80,190,2)
[16:47:10]SAY: Ian/ : AUUUUUU (134,184,2)
[16:47:12]EMOTE: *no key*/(monkey (260)) : <b>The monkey (260)</b> waves his tail. (160,139,2)
[16:47:18]EMOTE: *no key*/(pug) : <b>Swanson</b> pants. (109,141,2)
[16:47:20]SAY: Nobody's Perfect/ : Radar, put a mask on! (24,75,1)
[16:47:20]EMOTE: *no key*/(monkey (815)) : <b>The monkey (815)</b> scratches. (186,118,2)
[16:47:20]EMOTE: *no key*/(monkey (260)) : <b>The monkey (260)</b> jumps! (160,139,2)
[16:47:26]EMOTE: *no key*/(Poly) : <b>Poly</b> looks in the Power-ON cartridge's direction and takes flight. (80,190,2)
[16:47:30]EMOTE: *no key*/(Persephone) : <b>Persephone</b> lies down. (170,142,2)
[16:47:32]SAY: grey baby slime (315)/ : Rawr... (109,153,2)
[16:47:41]SAY: Medibot/ : I knew it, I should&#39;ve been a plastic surgeon. (155,73,1)
[16:47:41]EMOTE: *no key*/(mouse) : <b>The mouse</b> runs in a circle. (200,230,2)
[16:47:42]EMOTE: *no key*/(Persephone) : <b>Persephone</b> stretches out for a belly rub. (170,142,2)
[16:47:44]EMOTE: *no key*/(grey baby slime (635)) : <b>The grey baby slime (635)</b> bounces in place. (104,163,2)
[16:47:49]SAY: Poly/ : Breaking news from Station Announcements! (80,190,2)
[16:47:51]EMOTE: *no key*/(pug) : <b>Swanson</b> barks! (108,141,2)
[16:47:59]EMOTE: *no key*/(Citrus) : <b>Citrus</b> dozes off. (173,219,2)
[16:48:09]EMOTE: *no key*/(mouse) : <b>The mouse</b> squeeks. (201,231,2)
[16:48:18]EMOTE: *no key*/(Mojo XVIII) : <b>Mojo XVIII</b> waves its tail. (132,221,2)
[16:48:26]EMOTE: *no key*/(Poly) : <b>Poly</b> looks in the Power-ON cartridge's direction and takes flight. (80,190,2)
[16:48:29]SAY: grey baby slime (635)/ : Rawr... (103,162,2)
[16:48:36]SAY: Ian/ : YAP (134,184,2)
[16:48:48]EMOTE: *no key*/(grey baby slime (635)) : <b>The grey baby slime (635)</b> bounces in place. (103,161,2)
[16:49:07]SAY: Medibot/ : I knew it, I should&#39;ve been a plastic surgeon. (155,73,1)
[16:49:08]EMOTE: *no key*/(monkey (260)) : <b>The monkey (260)</b> scratches. (160,139,2)
[16:49:09]EMOTE: *no key*/(pug) : <b>Swanson</b> shivers. (109,141,2)
[16:49:13]SAY: Medibot/ : Delicious! (154,73,1)
[16:49:15]SAY: Poly/ : Twice the calories for half the price! (80,190,2)
[16:49:17]EMOTE: *no key*/(pug) : <b>Swanson</b> shivers. (109,141,2)
[16:49:19]EMOTE: *no key*/(Ian) : <b>Ian</b> dances around. (133,184,2)
[16:49:23]EMOTE: *no key*/(monkey (939)) : <b>The monkey (939)</b> rolls. (187,119,2)
[16:49:25]EMOTE: *no key*/(Poly) : <b>Poly</b> looks in the burn patch's direction and takes flight. (80,190,2)
[16:49:27]EMOTE: *no key*/(grey baby slime (635)) : <b>The grey baby slime (635)</b> jiggles! (104,161,2)
[16:49:38]SAY: Medibot/ : Delicious! (155,73,1)
[16:49:39]EMOTE: *no key*/(Persephone) : <b>Persephone</b> looks alert. (170,142,2)
[16:49:45]EMOTE: *no key*/(monkey (260)) : <b>The monkey (260)</b> waves his tail. (160,141,2)
[16:49:48]SAY: Medibot/ : I knew it, I should&#39;ve been a plastic surgeon. (154,73,1)
[16:49:55]EMOTE: *no key*/(monkey (8)) : <b>The monkey (8)</b> scratches. (160,140,2)
[16:49:57]EMOTE: *no key*/(monkey (724)) : <b>The monkey (724)</b> waves her tail. (160,139,2)
[16:50:01]EMOTE: *no key*/(Mojo XVIII) : <b>Mojo XVIII</b> scratches. (132,225,2)
[16:50:11]EMOTE: *no key*/(Renault) : <b>Renault</b> howls. (155,196,2)
[16:50:15]EMOTE: *no key*/(Persephone) : <b>Persephone</b> walks around. (170,142,2)
[16:50:25]EMOTE: *no key*/(Poly) : <b>Poly</b> looks in the Zippo lighter's direction and takes flight. (80,190,2)
[16:50:25]EMOTE: *no key*/(pug) : <b>Swanson</b> chases its tail. (110,142,2)
[16:50:29]EMOTE: *no key*/(monkey (260)) : <b>The monkey (260)</b> waves his tail. (160,139,2)
[16:50:37]EMOTE: *no key*/(pug) : <b>Swanson</b> chases its tail. (110,142,2)
[16:50:44]SAY: Persephone/ : Esp! (170,142,2)
[16:50:49]EMOTE: *no key*/(monkey (280)) : <b>The monkey (280)</b> waves her tail. (187,118,2)
[16:50:54]EMOTE: *no key*/(Ian) : <b>Ian</b> chases its tail. (134,184,2)
[16:51:07]EMOTE: *no key*/(monkey (8)) : <b>The monkey (8)</b> jumps! (160,140,2)
[16:51:11]EMOTE: *no key*/(monkey (815)) : <b>The monkey (815)</b> jumps! (185,118,2)
[16:51:19]SAY: grey baby slime (974)/ : Blop... (113,163,2)
[16:51:22]SAY: Poly/ : Don&#39;t believe the reports - smoke today! (80,190,2)
[16:51:26]EMOTE: *no key*/(mouse) : <b>The mouse</b> runs in a circle. (194,227,2)
[16:51:33]EMOTE: *no key*/(Persephone) : <b>Persephone</b> shakes out its coat. (170,142,2)
[16:51:53]SAY: Nobody's Perfect/ : I knew it, I should&#39;ve been a plastic surgeon. (24,75,1)
[16:52:13]EMOTE: *no key*/(monkey (280)) : <b>The monkey (280)</b> scratches. (185,118,2)
[16:52:27]EMOTE: *no key*/(monkey (260)) : <b>The monkey (260)</b> rolls. (160,139,2)
[16:52:39]EMOTE: *no key*/(grey baby slime (974)) : <b>The grey baby slime (974)</b> vibrates! (111,162,2)
[16:52:42]EMOTE: *no key*/(Persephone) : <b>Persephone</b> shakes its head (168,141,2)
[16:52:43]EMOTE: *no key*/(monkey (815)) : <b>The monkey (815)</b> rolls. (186,119,2)
[16:52:43]SAY: grey baby slime (315)/ : Blorble... (108,153,2)
[16:52:47]EMOTE: *no key*/(grey baby slime (635)) : <b>The grey baby slime (635)</b> lights up for a bit, then stops. (103,162,2)
[16:52:55]EMOTE: *no key*/(Ian) : <b>Ian</b> yaps. (135,186,2)
[16:53:05]SAY: Medibot/ : Radar, put a mask on! (154,73,1)
[16:53:11]EMOTE: *no key*/(monkey (8)) : <b>The monkey (8)</b> rolls. (160,142,2)
[16:53:13]EMOTE: *no key*/(monkey (8)) : <b>The monkey (8)</b> jumps! (160,142,2)
[16:53:17]EMOTE: *no key*/(mouse) : <b>The mouse</b> runs in a circle. (202,230,2)
[16:53:21]EMOTE: *no key*/(Persephone) : <b>Persephone</b> lies down. (167,138,2)
[16:53:29]SAY: mouse/ : Squeek! (194,227,2)
[16:53:34]EMOTE: *no key*/(Ian) : <b>Ian</b> chases its tail! (134,185,2)
[16:53:48]SAY: grey baby slime (315)/ : Blop... (108,153,2)
[16:53:57]EMOTE: *no key*/(Citrus) : <b>Citrus</b> dozes off. (172,219,2)
[16:54:04]EMOTE: *no key*/(grey baby slime (315)) : <b>The grey baby slime (315)</b> vibrates! (109,152,2)
[16:54:05]SAY: Poly/ : Breaking news from Station Announcements! (80,190,2)
[16:54:15]EMOTE: *no key*/(Ian) : <b>Ian</b> shakes its head. (134,185,2)
[16:54:17]EMOTE: *no key*/(Persephone) : <b>Persephone</b> mews (167,138,2)
[16:54:19]SAY: Poly/ : Attention! Wanted issue distributed! (80,190,2)
[16:54:26]EMOTE: *no key*/(monkey (939)) : <b>The monkey (939)</b> rolls. (186,119,2)
[16:54:26]EMOTE: *no key*/(Persephone) : <b>Persephone</b> walks around. (167,138,2)
[16:54:36]SAY: Swanson/ : Bark! (112,141,2)
[16:54:40]EMOTE: *no key*/(Poly) : <b>Poly</b> bawks! (80,190,2)
[16:54:42]EMOTE: *no key*/(pug) : <b>Swanson</b> woofs! (112,141,2)
[16:54:42]EMOTE: *no key*/(Citrus) : <b>Citrus</b> snores. (172,220,2)
[16:54:42]SAY: grey baby slime (974)/ : Rawr... (113,162,2)
[16:55:12]EMOTE: *no key*/(Persephone) : <b>Persephone</b> crouches on its hind legs. (168,136,2)
[16:55:20]EMOTE: *no key*/(grey baby slime (635)) : <b>The grey baby slime (635)</b> bounces in place. (104,162,2)
[16:55:29]EMOTE: *no key*/(mouse) : <b>The mouse</b> runs in a circle. (200,230,2)
[16:55:31]SAY: Renault/ : Ack-Ack (152,194,2)
[16:55:39]EMOTE: *no key*/(Ian) : <b>Ian</b> barks! (133,185,2)
[16:55:39]EMOTE: *no key*/(Citrus) : <b>Citrus</b> yawns. (171,221,2)
[16:55:51]EMOTE: *no key*/(Renault) : <b>Renault</b> barks. (152,194,2)
[16:55:52]EMOTE: *no key*/(pug) : <b>Swanson</b> chases its tail. (112,141,2)
[16:55:58]EMOTE: *no key*/(Ian) : <b>Ian</b> dances around. (133,184,2)
[16:56:12]EMOTE: *no key*/(monkey (260)) : <b>The monkey (260)</b> jumps! (160,142,2)
[16:56:16]EMOTE: *no key*/(Mojo XVIII) : <b>Mojo XVIII</b> waves its tail. (131,223,2)
[16:56:30]EMOTE: *no key*/(monkey (939)) : <b>The monkey (939)</b> scratches. (187,118,2)
[16:56:36]EMOTE: *no key*/(pug) : <b>Swanson</b> chases its tail. (112,141,2)
[16:56:40]EMOTE: *no key*/(monkey (8)) : <b>The monkey (8)</b> rolls. (160,142,2)
[16:56:43]SAY: Persephone/ : HSSSSS (168,136,2)
[16:56:44]EMOTE: *no key*/(monkey (260)) : <b>The monkey (260)</b> scratches. (160,142,2)
[16:56:56]EMOTE: *no key*/(mouse) : <b>The mouse</b> runs in a circle. (195,226,2)
[16:57:01]ACCESS: Mob Login: AlcaroIsAFrick/(Cool Man) was assigned to a /mob/living/carbon/human
[16:57:03]SAY: Medibot/ : What kind of medbay is this? Everyone&#39;s dropping like flies. (154,73,1)
[16:57:20]EMOTE: *no key*/(Persephone) : <b>Persephone</b> wags its tail. (168,136,2)
[16:57:28]ACCESS: Logout: AlcaroIsAFrick/(Cool Man)
