

Starting up round ID . 14:57:25
---------------------
Initialized Blackbox subsystem within 0 seconds!
Initialized Server Tasks subsystem within 0 seconds!
Initialized Events subsystem within 0 seconds!
runtime error: 
[14:57:26]cannot read from list
[14:57:26]proc name: LoadJobs (/datum/controller/subsystem/job/proc/LoadJobs)
[14:57:26]  source file: job.dm,448
[14:57:26]  usr: null
[14:57:26]  src: Jobs (/datum/controller/subsystem/job)
[14:57:26]  call stack:
[14:57:26]Jobs (/datum/controller/subsystem/job): LoadJobs()
[14:57:26]Jobs (/datum/controller/subsystem/job): Initialize(646466)
[14:57:26]Master (/datum/controller/master): Initialize(10, 0)
Initialized Jobs subsystem within 0.1 seconds!
Initialized Ticker subsystem within 0 seconds!
Loading Delta Station...
runtime error: 
[14:59:32]Cannot execute /datum/plant_gene/trait/glow (/datum/plant_gene/trait/glow).glow range().
[14:59:32]proc name: New (/obj/structure/glowshroom/New)
[14:59:32]  source file: glowshroom.dm,63
[14:59:32]  usr: null
[14:59:32]  src: the glowshroom (/obj/structure/glowshroom/single)
[14:59:32]  src.loc: Cave Floor (303,71,2) (/turf/open/floor/plating/asteroid)
[14:59:32]  call stack:
[14:59:32]the glowshroom (/obj/structure/glowshroom/single): New(Cave Floor (303,71,2) (/turf/open/floor/plating/asteroid), null, null)
[14:59:32]/dmm_suite (/dmm_suite): create atom(/obj/structure/glowshroom/sing... (/obj/structure/glowshroom/single), Cave Floor (303,71,2) (/turf/open/floor/plating/asteroid))
[14:59:32]/dmm_suite (/dmm_suite): instance atom(/obj/structure/glowshroom/sing... (/obj/structure/glowshroom/single), /list (/list), Cave Floor (303,71,2) (/turf/open/floor/plating/asteroid), 1)
[14:59:32]/dmm_suite (/dmm_suite): parse grid("/obj/structure/glowshroom/sing...", "eDD", 303, 71, 2, 1)
[14:59:32]/dmm_suite (/dmm_suite): load map impl(_maps/map_files/Deltastation/D..., 1, 1, 2, null, null, 1, -1e+031, 1e+031, -1e+031, 1e+031)
[14:59:32]/dmm_suite (/dmm_suite): load map(_maps/map_files/Deltastation/D..., 0, 0, 2, null, null, 1, null, null, null, null)
[14:59:32]Mapping (/datum/controller/subsystem/mapping): TryLoadZ("_maps/map_files/Deltastation/D...", /list (/list), 2, null)
[14:59:32]Mapping (/datum/controller/subsystem/mapping): loadWorld()
[14:59:32]Mapping (/datum/controller/subsystem/mapping): Initialize(646467)
[14:59:32]Master (/datum/controller/master): Initialize(10, 0)
runtime error: 
[14:59:32]Cannot execute /datum/plant_gene/trait/glow (/datum/plant_gene/trait/glow).glow range().
[14:59:32]proc name: New (/obj/structure/glowshroom/New)
[14:59:32]  source file: glowshroom.dm,63
[14:59:32]  usr: null
[14:59:32]  src: the glowshroom (/obj/structure/glowshroom/single)
[14:59:32]  src.loc: Cave Floor (306,70,2) (/turf/open/floor/plating/asteroid)
[14:59:32]  call stack:
[14:59:32]the glowshroom (/obj/structure/glowshroom/single): New(Cave Floor (306,70,2) (/turf/open/floor/plating/asteroid), null, null)
[14:59:32]/dmm_suite (/dmm_suite): create atom(/obj/structure/glowshroom/sing... (/obj/structure/glowshroom/single), Cave Floor (306,70,2) (/turf/open/floor/plating/asteroid))
[14:59:32]/dmm_suite (/dmm_suite): instance atom(/obj/structure/glowshroom/sing... (/obj/structure/glowshroom/single), /list (/list), Cave Floor (306,70,2) (/turf/open/floor/plating/asteroid), 1)
[14:59:32]/dmm_suite (/dmm_suite): parse grid("/obj/structure/glowshroom/sing...", "eDD", 306, 70, 2, 1)
[14:59:32]/dmm_suite (/dmm_suite): load map impl(_maps/map_files/Deltastation/D..., 1, 1, 2, null, null, 1, -1e+031, 1e+031, -1e+031, 1e+031)
[14:59:32]/dmm_suite (/dmm_suite): load map(_maps/map_files/Deltastation/D..., 0, 0, 2, null, null, 1, null, null, null, null)
[14:59:32]Mapping (/datum/controller/subsystem/mapping): TryLoadZ("_maps/map_files/Deltastation/D...", /list (/list), 2, null)
[14:59:32]Mapping (/datum/controller/subsystem/mapping): loadWorld()
[14:59:32]Mapping (/datum/controller/subsystem/mapping): Initialize(646467)
[14:59:32]Master (/datum/controller/master): Initialize(10, 0)
runtime error: 
[14:59:32]Cannot execute /datum/plant_gene/trait/glow (/datum/plant_gene/trait/glow).glow range().
[14:59:32]proc name: New (/obj/structure/glowshroom/New)
[14:59:32]  source file: glowshroom.dm,63
[14:59:32]  usr: null
[14:59:32]  src: the glowshroom (/obj/structure/glowshroom/single)
[14:59:32]  src.loc: Cave Floor (309,70,2) (/turf/open/floor/plating/asteroid)
[14:59:32]  call stack:
[14:59:32]the glowshroom (/obj/structure/glowshroom/single): New(Cave Floor (309,70,2) (/turf/open/floor/plating/asteroid), null, null)
[14:59:32]/dmm_suite (/dmm_suite): create atom(/obj/structure/glowshroom/sing... (/obj/structure/glowshroom/single), Cave Floor (309,70,2) (/turf/open/floor/plating/asteroid))
[14:59:32]/dmm_suite (/dmm_suite): instance atom(/obj/structure/glowshroom/sing... (/obj/structure/glowshroom/single), /list (/list), Cave Floor (309,70,2) (/turf/open/floor/plating/asteroid), 1)
[14:59:32]/dmm_suite (/dmm_suite): parse grid("/obj/structure/glowshroom/sing...", "eDD", 309, 70, 2, 1)
[14:59:32]/dmm_suite (/dmm_suite): load map impl(_maps/map_files/Deltastation/D..., 1, 1, 2, null, null, 1, -1e+031, 1e+031, -1e+031, 1e+031)
[14:59:32]/dmm_suite (/dmm_suite): load map(_maps/map_files/Deltastation/D..., 0, 0, 2, null, null, 1, null, null, null, null)
[14:59:32]Mapping (/datum/controller/subsystem/mapping): TryLoadZ("_maps/map_files/Deltastation/D...", /list (/list), 2, null)
[14:59:32]Mapping (/datum/controller/subsystem/mapping): loadWorld()
[14:59:32]Mapping (/datum/controller/subsystem/mapping): Initialize(646467)
[14:59:32]Master (/datum/controller/master): Initialize(10, 0)
runtime error: 
[14:59:32]Cannot execute /datum/plant_gene/trait/glow (/datum/plant_gene/trait/glow).glow range().
[14:59:32]proc name: New (/obj/structure/glowshroom/New)
[14:59:32]  source file: glowshroom.dm,63
[14:59:32]  usr: null
[14:59:32]  src: the glowshroom (/obj/structure/glowshroom/single)
[14:59:32]  src.loc: Cave Floor (302,69,2) (/turf/open/floor/plating/asteroid)
[14:59:32]  call stack:
[14:59:32]the glowshroom (/obj/structure/glowshroom/single): New(Cave Floor (302,69,2) (/turf/open/floor/plating/asteroid), null, null)
[14:59:32]/dmm_suite (/dmm_suite): create atom(/obj/structure/glowshroom/sing... (/obj/structure/glowshroom/single), Cave Floor (302,69,2) (/turf/open/floor/plating/asteroid))
[14:59:32]/dmm_suite (/dmm_suite): instance atom(/obj/structure/glowshroom/sing... (/obj/structure/glowshroom/single), /list (/list), Cave Floor (302,69,2) (/turf/open/floor/plating/asteroid), 1)
[14:59:32]/dmm_suite (/dmm_suite): parse grid("/obj/structure/glowshroom/sing...", "eDD", 302, 69, 2, 1)
[14:59:32]/dmm_suite (/dmm_suite): load map impl(_maps/map_files/Deltastation/D..., 1, 1, 2, null, null, 1, -1e+031, 1e+031, -1e+031, 1e+031)
[14:59:32]/dmm_suite (/dmm_suite): load map(_maps/map_files/Deltastation/D..., 0, 0, 2, null, null, 1, null, null, null, null)
[14:59:32]Mapping (/datum/controller/subsystem/mapping): TryLoadZ("_maps/map_files/Deltastation/D...", /list (/list), 2, null)
[14:59:32]Mapping (/datum/controller/subsystem/mapping): loadWorld()
[14:59:32]Mapping (/datum/controller/subsystem/mapping): Initialize(646467)
[14:59:32]Master (/datum/controller/master): Initialize(10, 0)
runtime error: 
[14:59:33]Cannot execute /datum/plant_gene/trait/glow (/datum/plant_gene/trait/glow).glow range().
[14:59:33]proc name: New (/obj/structure/glowshroom/New)
[14:59:33]  source file: glowshroom.dm,63
[14:59:33]  usr: null
[14:59:33]  src: the glowshroom (/obj/structure/glowshroom/single)
[14:59:33]  src.loc: Cave Floor (296,55,2) (/turf/open/floor/plating/asteroid)
[14:59:33]  call stack:
[14:59:33]the glowshroom (/obj/structure/glowshroom/single): New(Cave Floor (296,55,2) (/turf/open/floor/plating/asteroid), null, null)
[14:59:33]/dmm_suite (/dmm_suite): create atom(/obj/structure/glowshroom/sing... (/obj/structure/glowshroom/single), Cave Floor (296,55,2) (/turf/open/floor/plating/asteroid))
[14:59:33]/dmm_suite (/dmm_suite): instance atom(/obj/structure/glowshroom/sing... (/obj/structure/glowshroom/single), /list (/list), Cave Floor (296,55,2) (/turf/open/floor/plating/asteroid), 1)
[14:59:33]/dmm_suite (/dmm_suite): parse grid("/obj/structure/glowshroom/sing...", "eHK", 296, 55, 2, 1)
[14:59:33]/dmm_suite (/dmm_suite): load map impl(_maps/map_files/Deltastation/D..., 1, 1, 2, null, null, 1, -1e+031, 1e+031, -1e+031, 1e+031)
[14:59:33]/dmm_suite (/dmm_suite): load map(_maps/map_files/Deltastation/D..., 0, 0, 2, null, null, 1, null, null, null, null)
[14:59:33]Mapping (/datum/controller/subsystem/mapping): TryLoadZ("_maps/map_files/Deltastation/D...", /list (/list), 2, null)
[14:59:33]Mapping (/datum/controller/subsystem/mapping): loadWorld()
[14:59:33]Mapping (/datum/controller/subsystem/mapping): Initialize(646467)
[14:59:33]Master (/datum/controller/master): Initialize(10, 0)
runtime error: 
[14:59:33]Cannot execute /datum/plant_gene/trait/glow (/datum/plant_gene/trait/glow).glow range().
[14:59:33]proc name: New (/obj/structure/glowshroom/New)
[14:59:33]  source file: glowshroom.dm,63
[14:59:33]  usr: null
[14:59:33]  src: the glowshroom (/obj/structure/glowshroom/single)
[14:59:33]  src.loc: Cave Floor (299,55,2) (/turf/open/floor/plating/asteroid)
[14:59:33]  call stack:
[14:59:33]the glowshroom (/obj/structure/glowshroom/single): New(Cave Floor (299,55,2) (/turf/open/floor/plating/asteroid), null, null)
[14:59:33]/dmm_suite (/dmm_suite): create atom(/obj/structure/glowshroom/sing... (/obj/structure/glowshroom/single), Cave Floor (299,55,2) (/turf/open/floor/plating/asteroid))
[14:59:33]/dmm_suite (/dmm_suite): instance atom(/obj/structure/glowshroom/sing... (/obj/structure/glowshroom/single), /list (/list), Cave Floor (299,55,2) (/turf/open/floor/plating/asteroid), 1)
[14:59:33]/dmm_suite (/dmm_suite): parse grid("/obj/structure/glowshroom/sing...", "eHK", 299, 55, 2, 1)
[14:59:33]/dmm_suite (/dmm_suite): load map impl(_maps/map_files/Deltastation/D..., 1, 1, 2, null, null, 1, -1e+031, 1e+031, -1e+031, 1e+031)
[14:59:33]/dmm_suite (/dmm_suite): load map(_maps/map_files/Deltastation/D..., 0, 0, 2, null, null, 1, null, null, null, null)
[14:59:33]Mapping (/datum/controller/subsystem/mapping): TryLoadZ("_maps/map_files/Deltastation/D...", /list (/list), 2, null)
[14:59:33]Mapping (/datum/controller/subsystem/mapping): loadWorld()
[14:59:33]Mapping (/datum/controller/subsystem/mapping): Initialize(646467)
[14:59:33]Master (/datum/controller/master): Initialize(10, 0)
runtime error: 
[14:59:33]Cannot execute /datum/plant_gene/trait/glow (/datum/plant_gene/trait/glow).glow range().
[14:59:33]proc name: New (/obj/structure/glowshroom/New)
[14:59:33]  source file: glowshroom.dm,63
[14:59:33]  usr: null
[14:59:33]  src: the glowshroom (/obj/structure/glowshroom/single)
[14:59:33]  src.loc: Cave Floor (283,53,2) (/turf/open/floor/plating/asteroid)
[14:59:33]  call stack:
[14:59:33]the glowshroom (/obj/structure/glowshroom/single): New(Cave Floor (283,53,2) (/turf/open/floor/plating/asteroid), null, null)
[14:59:33]/dmm_suite (/dmm_suite): create atom(/obj/structure/glowshroom/sing... (/obj/structure/glowshroom/single), Cave Floor (283,53,2) (/turf/open/floor/plating/asteroid))
[14:59:33]/dmm_suite (/dmm_suite): instance atom(/obj/structure/glowshroom/sing... (/obj/structure/glowshroom/single), /list (/list), Cave Floor (283,53,2) (/turf/open/floor/plating/asteroid), 1)
[14:59:33]/dmm_suite (/dmm_suite): parse grid("/obj/structure/glowshroom/sing...", "eHK", 283, 53, 2, 1)
[14:59:33]/dmm_suite (/dmm_suite): load map impl(_maps/map_files/Deltastation/D..., 1, 1, 2, null, null, 1, -1e+031, 1e+031, -1e+031, 1e+031)
[14:59:33]/dmm_suite (/dmm_suite): load map(_maps/map_files/Deltastation/D..., 0, 0, 2, null, null, 1, null, null, null, null)
[14:59:33]Mapping (/datum/controller/subsystem/mapping): TryLoadZ("_maps/map_files/Deltastation/D...", /list (/list), 2, null)
[14:59:33]Mapping (/datum/controller/subsystem/mapping): loadWorld()
[14:59:33]Mapping (/datum/controller/subsystem/mapping): Initialize(646467)
[14:59:33]Master (/datum/controller/master): Initialize(10, 0)
runtime error: 
[14:59:33]Cannot execute /datum/plant_gene/trait/glow (/datum/plant_gene/trait/glow).glow range().
[14:59:33]proc name: New (/obj/structure/glowshroom/New)
[14:59:33]  source file: glowshroom.dm,63
[14:59:33]  usr: null
[14:59:33]  src: the glowshroom (/obj/structure/glowshroom/single)
[14:59:33]  src.loc: Cave Floor (302,53,2) (/turf/open/floor/plating/asteroid)
[14:59:33]  call stack:
[14:59:33]the glowshroom (/obj/structure/glowshroom/single): New(Cave Floor (302,53,2) (/turf/open/floor/plating/asteroid), null, null)
[14:59:33]/dmm_suite (/dmm_suite): create atom(/obj/structure/glowshroom/sing... (/obj/structure/glowshroom/single), Cave Floor (302,53,2) (/turf/open/floor/plating/asteroid))
[14:59:33]/dmm_suite (/dmm_suite): instance atom(/obj/structure/glowshroom/sing... (/obj/structure/glowshroom/single), /list (/list), Cave Floor (302,53,2) (/turf/open/floor/plating/asteroid), 1)
[14:59:33]/dmm_suite (/dmm_suite): parse grid("/obj/structure/glowshroom/sing...", "eHK", 302, 53, 2, 1)
[14:59:33]/dmm_suite (/dmm_suite): load map impl(_maps/map_files/Deltastation/D..., 1, 1, 2, null, null, 1, -1e+031, 1e+031, -1e+031, 1e+031)
[14:59:33]/dmm_suite (/dmm_suite): load map(_maps/map_files/Deltastation/D..., 0, 0, 2, null, null, 1, null, null, null, null)
[14:59:33]Mapping (/datum/controller/subsystem/mapping): TryLoadZ("_maps/map_files/Deltastation/D...", /list (/list), 2, null)
[14:59:33]Mapping (/datum/controller/subsystem/mapping): loadWorld()
[14:59:33]Mapping (/datum/controller/subsystem/mapping): Initialize(646467)
[14:59:33]Master (/datum/controller/master): Initialize(10, 0)
runtime error: 
[14:59:33]Cannot execute /datum/plant_gene/trait/glow (/datum/plant_gene/trait/glow).glow range().
[14:59:33]proc name: New (/obj/structure/glowshroom/New)
[14:59:33]  source file: glowshroom.dm,63
[14:59:33]  usr: null
[14:59:33]  src: the glowshroom (/obj/structure/glowshroom/single)
[14:59:33]  src.loc: Cave Floor (276,52,2) (/turf/open/floor/plating/asteroid)
[14:59:33]  call stack:
[14:59:33]the glowshroom (/obj/structure/glowshroom/single): New(Cave Floor (276,52,2) (/turf/open/floor/plating/asteroid), null, null)
[14:59:33]/dmm_suite (/dmm_suite): create atom(/obj/structure/glowshroom/sing... (/obj/structure/glowshroom/single), Cave Floor (276,52,2) (/turf/open/floor/plating/asteroid))
[14:59:33]/dmm_suite (/dmm_suite): instance atom(/obj/structure/glowshroom/sing... (/obj/structure/glowshroom/single), /list (/list), Cave Floor (276,52,2) (/turf/open/floor/plating/asteroid), 1)
[14:59:33]/dmm_suite (/dmm_suite): parse grid("/obj/structure/glowshroom/sing...", "eHK", 276, 52, 2, 1)
[14:59:33]/dmm_suite (/dmm_suite): load map impl(_maps/map_files/Deltastation/D..., 1, 1, 2, null, null, 1, -1e+031, 1e+031, -1e+031, 1e+031)
[14:59:33]/dmm_suite (/dmm_suite): load map(_maps/map_files/Deltastation/D..., 0, 0, 2, null, null, 1, null, null, null, null)
[14:59:33]Mapping (/datum/controller/subsystem/mapping): TryLoadZ("_maps/map_files/Deltastation/D...", /list (/list), 2, null)
[14:59:33]Mapping (/datum/controller/subsystem/mapping): loadWorld()
[14:59:33]Mapping (/datum/controller/subsystem/mapping): Initialize(646467)
[14:59:33]Master (/datum/controller/master): Initialize(10, 0)
runtime error: 
[14:59:33]Cannot execute /datum/plant_gene/trait/glow (/datum/plant_gene/trait/glow).glow range().
[14:59:33]proc name: New (/obj/structure/glowshroom/New)
[14:59:33]  source file: glowshroom.dm,63
[14:59:33]  usr: null
[14:59:33]  src: the glowshroom (/obj/structure/glowshroom/single)
[14:59:33]  src.loc: Cave Floor (292,51,2) (/turf/open/floor/plating/asteroid)
[14:59:33]  call stack:
[14:59:33]the glowshroom (/obj/structure/glowshroom/single): New(Cave Floor (292,51,2) (/turf/open/floor/plating/asteroid), null, null)
[14:59:33]/dmm_suite (/dmm_suite): create atom(/obj/structure/glowshroom/sing... (/obj/structure/glowshroom/single), Cave Floor (292,51,2) (/turf/open/floor/plating/asteroid))
[14:59:33]/dmm_suite (/dmm_suite): instance atom(/obj/structure/glowshroom/sing... (/obj/structure/glowshroom/single), /list (/list), Cave Floor (292,51,2) (/turf/open/floor/plating/asteroid), 1)
[14:59:33]/dmm_suite (/dmm_suite): parse grid("/obj/structure/glowshroom/sing...", "eHK", 292, 51, 2, 1)
[14:59:33]/dmm_suite (/dmm_suite): load map impl(_maps/map_files/Deltastation/D..., 1, 1, 2, null, null, 1, -1e+031, 1e+031, -1e+031, 1e+031)
[14:59:33]/dmm_suite (/dmm_suite): load map(_maps/map_files/Deltastation/D..., 0, 0, 2, null, null, 1, null, null, null, null)
[14:59:33]Mapping (/datum/controller/subsystem/mapping): TryLoadZ("_maps/map_files/Deltastation/D...", /list (/list), 2, null)
[14:59:33]Mapping (/datum/controller/subsystem/mapping): loadWorld()
[14:59:33]Mapping (/datum/controller/subsystem/mapping): Initialize(646467)
[14:59:33]Master (/datum/controller/master): Initialize(10, 0)
runtime error: 
[14:59:33]Cannot execute /datum/plant_gene/trait/glow (/datum/plant_gene/trait/glow).glow range().
[14:59:33]proc name: New (/obj/structure/glowshroom/New)
[14:59:33]  source file: glowshroom.dm,63
[14:59:33]  usr: null
[14:59:33]  src: the glowshroom (/obj/structure/glowshroom/single)
[14:59:33]  src.loc: Cave Floor (295,51,2) (/turf/open/floor/plating/asteroid)
[14:59:33]  call stack:
[14:59:33]the glowshroom (/obj/structure/glowshroom/single): New(Cave Floor (295,51,2) (/turf/open/floor/plating/asteroid), null, null)
[14:59:33]/dmm_suite (/dmm_suite): create atom(/obj/structure/glowshroom/sing... (/obj/structure/glowshroom/single), Cave Floor (295,51,2) (/turf/open/floor/plating/asteroid))
[14:59:33]/dmm_suite (/dmm_suite): instance atom(/obj/structure/glowshroom/sing... (/obj/structure/glowshroom/single), /list (/list), Cave Floor (295,51,2) (/turf/open/floor/plating/asteroid), 1)
[14:59:33]/dmm_suite (/dmm_suite): parse grid("/obj/structure/glowshroom/sing...", "eHK", 295, 51, 2, 1)
[14:59:33]/dmm_suite (/dmm_suite): load map impl(_maps/map_files/Deltastation/D..., 1, 1, 2, null, null, 1, -1e+031, 1e+031, -1e+031, 1e+031)
[14:59:33]/dmm_suite (/dmm_suite): load map(_maps/map_files/Deltastation/D..., 0, 0, 2, null, null, 1, null, null, null, null)
[14:59:33]Mapping (/datum/controller/subsystem/mapping): TryLoadZ("_maps/map_files/Deltastation/D...", /list (/list), 2, null)
[14:59:33]Mapping (/datum/controller/subsystem/mapping): loadWorld()
[14:59:33]Mapping (/datum/controller/subsystem/mapping): Initialize(646467)
[14:59:33]Master (/datum/controller/master): Initialize(10, 0)
runtime error: 
[14:59:33]Cannot execute /datum/plant_gene/trait/glow (/datum/plant_gene/trait/glow).glow range().
[14:59:33]proc name: New (/obj/structure/glowshroom/New)
[14:59:33]  source file: glowshroom.dm,63
[14:59:33]  usr: null
[14:59:33]  src: the glowshroom (/obj/structure/glowshroom/single)
[14:59:33]  src.loc: Cave Floor (258,49,2) (/turf/open/floor/plating/asteroid)
[14:59:33]  call stack:
[14:59:33]the glowshroom (/obj/structure/glowshroom/single): New(Cave Floor (258,49,2) (/turf/open/floor/plating/asteroid), null, null)
[14:59:33]/dmm_suite (/dmm_suite): create atom(/obj/structure/glowshroom/sing... (/obj/structure/glowshroom/single), Cave Floor (258,49,2) (/turf/open/floor/plating/asteroid))
[14:59:33]/dmm_suite (/dmm_suite): instance atom(/obj/structure/glowshroom/sing... (/obj/structure/glowshroom/single), /list (/list), Cave Floor (258,49,2) (/turf/open/floor/plating/asteroid), 1)
[14:59:33]/dmm_suite (/dmm_suite): parse grid("/obj/structure/glowshroom/sing...", "eHK", 258, 49, 2, 1)
[14:59:33]/dmm_suite (/dmm_suite): load map impl(_maps/map_files/Deltastation/D..., 1, 1, 2, null, null, 1, -1e+031, 1e+031, -1e+031, 1e+031)
[14:59:33]/dmm_suite (/dmm_suite): load map(_maps/map_files/Deltastation/D..., 0, 0, 2, null, null, 1, null, null, null, null)
[14:59:33]Mapping (/datum/controller/subsystem/mapping): TryLoadZ("_maps/map_files/Deltastation/D...", /list (/list), 2, null)
[14:59:33]Mapping (/datum/controller/subsystem/mapping): loadWorld()
[14:59:33]Mapping (/datum/controller/subsystem/mapping): Initialize(646467)
[14:59:33]Master (/datum/controller/master): Initialize(10, 0)
runtime error: 
[14:59:34]Cannot execute /datum/plant_gene/trait/glow (/datum/plant_gene/trait/glow).glow range().
[14:59:34]proc name: New (/obj/structure/glowshroom/New)
[14:59:34]  source file: glowshroom.dm,63
[14:59:34]  usr: null
[14:59:34]  src: the glowshroom (/obj/structure/glowshroom/single)
[14:59:34]  src.loc: Cave Floor (275,49,2) (/turf/open/floor/plating/asteroid)
[14:59:34]  call stack:
[14:59:34]the glowshroom (/obj/structure/glowshroom/single): New(Cave Floor (275,49,2) (/turf/open/floor/plating/asteroid), null, null)
[14:59:34]/dmm_suite (/dmm_suite): create atom(/obj/structure/glowshroom/sing... (/obj/structure/glowshroom/single), Cave Floor (275,49,2) (/turf/open/floor/plating/asteroid))
[14:59:34]/dmm_suite (/dmm_suite): instance atom(/obj/structure/glowshroom/sing... (/obj/structure/glowshroom/single), /list (/list), Cave Floor (275,49,2) (/turf/open/floor/plating/asteroid), 1)
[14:59:34]/dmm_suite (/dmm_suite): parse grid("/obj/structure/glowshroom/sing...", "eHK", 275, 49, 2, 1)
[14:59:34]/dmm_suite (/dmm_suite): load map impl(_maps/map_files/Deltastation/D..., 1, 1, 2, null, null, 1, -1e+031, 1e+031, -1e+031, 1e+031)
[14:59:34]/dmm_suite (/dmm_suite): load map(_maps/map_files/Deltastation/D..., 0, 0, 2, null, null, 1, null, null, null, null)
[14:59:34]Mapping (/datum/controller/subsystem/mapping): TryLoadZ("_maps/map_files/Deltastation/D...", /list (/list), 2, null)
[14:59:34]Mapping (/datum/controller/subsystem/mapping): loadWorld()
[14:59:34]Mapping (/datum/controller/subsystem/mapping): Initialize(646467)
[14:59:34]Master (/datum/controller/master): Initialize(10, 0)
runtime error: 
[14:59:34]Cannot execute /datum/plant_gene/trait/glow (/datum/plant_gene/trait/glow).glow range().
[14:59:34]proc name: New (/obj/structure/glowshroom/New)
[14:59:34]  source file: glowshroom.dm,63
[14:59:34]  usr: null
[14:59:34]  src: the glowshroom (/obj/structure/glowshroom/single)
[14:59:34]  src.loc: Cave Floor (261,48,2) (/turf/open/floor/plating/asteroid)
[14:59:34]  call stack:
[14:59:34]the glowshroom (/obj/structure/glowshroom/single): New(Cave Floor (261,48,2) (/turf/open/floor/plating/asteroid), null, null)
[14:59:34]/dmm_suite (/dmm_suite): create atom(/obj/structure/glowshroom/sing... (/obj/structure/glowshroom/single), Cave Floor (261,48,2) (/turf/open/floor/plating/asteroid))
[14:59:34]/dmm_suite (/dmm_suite): instance atom(/obj/structure/glowshroom/sing... (/obj/structure/glowshroom/single), /list (/list), Cave Floor (261,48,2) (/turf/open/floor/plating/asteroid), 1)
[14:59:34]/dmm_suite (/dmm_suite): parse grid("/obj/structure/glowshroom/sing...", "eHK", 261, 48, 2, 1)
[14:59:34]/dmm_suite (/dmm_suite): load map impl(_maps/map_files/Deltastation/D..., 1, 1, 2, null, null, 1, -1e+031, 1e+031, -1e+031, 1e+031)
[14:59:34]/dmm_suite (/dmm_suite): load map(_maps/map_files/Deltastation/D..., 0, 0, 2, null, null, 1, null, null, null, null)
[14:59:34]Mapping (/datum/controller/subsystem/mapping): TryLoadZ("_maps/map_files/Deltastation/D...", /list (/list), 2, null)
[14:59:34]Mapping (/datum/controller/subsystem/mapping): loadWorld()
[14:59:34]Mapping (/datum/controller/subsystem/mapping): Initialize(646467)
[14:59:34]Master (/datum/controller/master): Initialize(10, 0)
runtime error: 
[14:59:34]Cannot execute /datum/plant_gene/trait/glow (/datum/plant_gene/trait/glow).glow range().
[14:59:34]proc name: New (/obj/structure/glowshroom/New)
[14:59:34]  source file: glowshroom.dm,63
[14:59:34]  usr: null
[14:59:34]  src: the glowshroom (/obj/structure/glowshroom/single)
[14:59:34]  src.loc: Cave Floor (292,48,2) (/turf/open/floor/plating/asteroid)
[14:59:34]  call stack:
[14:59:34]the glowshroom (/obj/structure/glowshroom/single): New(Cave Floor (292,48,2) (/turf/open/floor/plating/asteroid), null, null)
[14:59:34]/dmm_suite (/dmm_suite): create atom(/obj/structure/glowshroom/sing... (/obj/structure/glowshroom/single), Cave Floor (292,48,2) (/turf/open/floor/plating/asteroid))
[14:59:34]/dmm_suite (/dmm_suite): instance atom(/obj/structure/glowshroom/sing... (/obj/structure/glowshroom/single), /list (/list), Cave Floor (292,48,2) (/turf/open/floor/plating/asteroid), 1)
[14:59:34]/dmm_suite (/dmm_suite): parse grid("/obj/structure/glowshroom/sing...", "eHK", 292, 48, 2, 1)
[14:59:34]/dmm_suite (/dmm_suite): load map impl(_maps/map_files/Deltastation/D..., 1, 1, 2, null, null, 1, -1e+031, 1e+031, -1e+031, 1e+031)
[14:59:34]/dmm_suite (/dmm_suite): load map(_maps/map_files/Deltastation/D..., 0, 0, 2, null, null, 1, null, null, null, null)
[14:59:34]Mapping (/datum/controller/subsystem/mapping): TryLoadZ("_maps/map_files/Deltastation/D...", /list (/list), 2, null)
[14:59:34]Mapping (/datum/controller/subsystem/mapping): loadWorld()
[14:59:34]Mapping (/datum/controller/subsystem/mapping): Initialize(646467)
[14:59:34]Master (/datum/controller/master): Initialize(10, 0)
runtime error: 
[14:59:34]Cannot execute /datum/plant_gene/trait/glow (/datum/plant_gene/trait/glow).glow range().
[14:59:34]proc name: New (/obj/structure/glowshroom/New)
[14:59:34]  source file: glowshroom.dm,63
runtime error: 
[14:59:34]Cannot execute /datum/plant_gene/trait/glow (/datum/plant_gene/trait/glow).glow range().
[14:59:34]proc name: New (/obj/structure/glowshroom/New)
[14:59:34]  source file: glowshroom.dm,63
runtime error: 
[14:59:34]Cannot execute /datum/plant_gene/trait/glow (/datum/plant_gene/trait/glow).glow range().
[14:59:34]proc name: New (/obj/structure/glowshroom/New)
[14:59:34]  source file: glowshroom.dm,63
runtime error: 
[14:59:34]Cannot execute /datum/plant_gene/trait/glow (/datum/plant_gene/trait/glow).glow range().
[14:59:34]proc name: New (/obj/structure/glowshroom/New)
[14:59:34]  source file: glowshroom.dm,63
runtime error: 
[14:59:34]Cannot execute /datum/plant_gene/trait/glow (/datum/plant_gene/trait/glow).glow range().
[14:59:34]proc name: New (/obj/structure/glowshroom/New)
[14:59:34]  source file: glowshroom.dm,63
runtime error: 
[14:59:34]Cannot execute /datum/plant_gene/trait/glow (/datum/plant_gene/trait/glow).glow range().
[14:59:34]proc name: New (/obj/structure/glowshroom/New)
[14:59:34]  source file: glowshroom.dm,63
runtime error: 
[14:59:34]Cannot execute /datum/plant_gene/trait/glow (/datum/plant_gene/trait/glow).glow range().
[14:59:34]proc name: New (/obj/structure/glowshroom/New)
[14:59:34]  source file: glowshroom.dm,63
runtime error: 
[14:59:34]Cannot execute /datum/plant_gene/trait/glow (/datum/plant_gene/trait/glow).glow range().
[14:59:34]proc name: New (/obj/structure/glowshroom/New)
[14:59:34]  source file: glowshroom.dm,63
runtime error: 
[14:59:34]Cannot execute /datum/plant_gene/trait/glow (/datum/plant_gene/trait/glow).glow range().
[14:59:34]proc name: New (/obj/structure/glowshroom/New)
[14:59:34]  source file: glowshroom.dm,63
runtime error: 
[14:59:34]Cannot execute /datum/plant_gene/trait/glow (/datum/plant_gene/trait/glow).glow range().
[14:59:34]proc name: New (/obj/structure/glowshroom/New)
[14:59:34]  source file: glowshroom.dm,63
runtime error: 
[14:59:34]Cannot execute /datum/plant_gene/trait/glow (/datum/plant_gene/trait/glow).glow range().
[14:59:34]proc name: New (/obj/structure/glowshroom/New)
[14:59:34]  source file: glowshroom.dm,63
runtime error: 
[14:59:34]Cannot execute /datum/plant_gene/trait/glow (/datum/plant_gene/trait/glow).glow range().
[14:59:34]proc name: New (/obj/structure/glowshroom/New)
[14:59:34]  source file: glowshroom.dm,63
runtime error: 
[14:59:34]Cannot execute /datum/plant_gene/trait/glow (/datum/plant_gene/trait/glow).glow range().
[14:59:34]proc name: New (/obj/structure/glowshroom/New)
[14:59:34]  source file: glowshroom.dm,63
runtime error: 
[14:59:35]Cannot execute /datum/plant_gene/trait/glow (/datum/plant_gene/trait/glow).glow range().
[14:59:35]proc name: New (/obj/structure/glowshroom/New)
[14:59:35]  source file: glowshroom.dm,63
runtime error: 
[14:59:35]Cannot execute /datum/plant_gene/trait/glow (/datum/plant_gene/trait/glow).glow range().
[14:59:35]proc name: New (/obj/structure/glowshroom/New)
[14:59:35]  source file: glowshroom.dm,63
runtime error: 
[14:59:35]Cannot execute /datum/plant_gene/trait/glow (/datum/plant_gene/trait/glow).glow range().
[14:59:35]proc name: New (/obj/structure/glowshroom/New)
[14:59:35]  source file: glowshroom.dm,63
runtime error: 
[14:59:35]Cannot execute /datum/plant_gene/trait/glow (/datum/plant_gene/trait/glow).glow range().
[14:59:35]proc name: New (/obj/structure/glowshroom/New)
[14:59:35]  source file: glowshroom.dm,63
runtime error: 
[14:59:35]Cannot execute /datum/plant_gene/trait/glow (/datum/plant_gene/trait/glow).glow range().
[14:59:35]proc name: New (/obj/structure/glowshroom/New)
[14:59:35]  source file: glowshroom.dm,63
runtime error: 
[14:59:35]Cannot execute /datum/plant_gene/trait/glow (/datum/plant_gene/trait/glow).glow range().
[14:59:35]proc name: New (/obj/structure/glowshroom/New)
[14:59:35]  source file: glowshroom.dm,63
runtime error: 
[14:59:35]Cannot execute /datum/plant_gene/trait/glow (/datum/plant_gene/trait/glow).glow range().
[14:59:35]proc name: New (/obj/structure/glowshroom/New)
[14:59:35]  source file: glowshroom.dm,63
runtime error: 
[14:59:35]Cannot execute /datum/plant_gene/trait/glow (/datum/plant_gene/trait/glow).glow range().
[14:59:35]proc name: New (/obj/structure/glowshroom/New)
[14:59:35]  source file: glowshroom.dm,63
runtime error: 
[14:59:35]Cannot execute /datum/plant_gene/trait/glow (/datum/plant_gene/trait/glow).glow range().
[14:59:35]proc name: New (/obj/structure/glowshroom/New)
[14:59:35]  source file: glowshroom.dm,63
runtime error: 
[14:59:35]Cannot execute /datum/plant_gene/trait/glow (/datum/plant_gene/trait/glow).glow range().
[14:59:35]proc name: New (/obj/structure/glowshroom/New)
[14:59:35]  source file: glowshroom.dm,63
runtime error: 
[14:59:35]Cannot execute /datum/plant_gene/trait/glow (/datum/plant_gene/trait/glow).glow range().
[14:59:35]proc name: New (/obj/structure/glowshroom/New)
[14:59:35]  source file: glowshroom.dm,63
runtime error: 
[14:59:35]Cannot execute /datum/plant_gene/trait/glow (/datum/plant_gene/trait/glow).glow range().
[14:59:35]proc name: New (/obj/structure/glowshroom/New)
[14:59:35]  source file: glowshroom.dm,63
runtime error: 
[14:59:35]Cannot execute /datum/plant_gene/trait/glow (/datum/plant_gene/trait/glow).glow range().
[14:59:35]proc name: New (/obj/structure/glowshroom/New)
[14:59:35]  source file: glowshroom.dm,63
runtime error: 
[14:59:36]Cannot execute /datum/plant_gene/trait/glow (/datum/plant_gene/trait/glow).glow range().
[14:59:36]proc name: New (/obj/structure/glowshroom/New)
[14:59:36]  source file: glowshroom.dm,63
runtime error: 
[14:59:36]Cannot execute /datum/plant_gene/trait/glow (/datum/plant_gene/trait/glow).glow range().
[14:59:36]proc name: New (/obj/structure/glowshroom/New)
[14:59:36]  source file: glowshroom.dm,63
Loaded station in 130.1s!
Ruin "Hierophant's Arena" placed at (181, 121, 5)
Ruin "Ruin of Envy" placed at (65, 198, 5)
Ruin "Ruin of Gluttony" placed at (105, 65, 5)
Ruin "Biodome Beach" placed at (230, 192, 5)
Ruin "Ruin of Sloth" placed at (99, 193, 5)
Ruin "Animal Hospital" placed at (111, 124, 5)
Ruin "Biodome Winter" placed at (224, 159, 5)
Ruin "Blood-Drunk Miner (Hunter)" placed at (70, 173, 5)
Ruin "Fountain Hall" placed at (192, 74, 5)
Ruin "Ripley" placed at (59, 60, 5)
Ruin "Ruined Pizza Party" placed at (233, 81, 5)
runtime error: 
[14:59:45]Cannot execute /datum/plant_gene/trait/glow (/datum/plant_gene/trait/glow).glow range().
[14:59:45]proc name: New (/obj/structure/glowshroom/New)
[14:59:45]  source file: glowshroom.dm,63
runtime error: 
[14:59:45]Cannot execute /datum/plant_gene/trait/glow (/datum/plant_gene/trait/glow).glow range().
[14:59:45]proc name: New (/obj/structure/glowshroom/New)
[14:59:45]  source file: glowshroom.dm,63
runtime error: 
[14:59:45]Cannot execute /datum/plant_gene/trait/glow (/datum/plant_gene/trait/glow).glow range().
[14:59:45]proc name: New (/obj/structure/glowshroom/New)
[14:59:45]  source file: glowshroom.dm,63
runtime error: 
[14:59:45]Cannot execute /datum/plant_gene/trait/glow (/datum/plant_gene/trait/glow).glow range().
[14:59:45]proc name: New (/obj/structure/glowshroom/New)
[14:59:45]  source file: glowshroom.dm,63
runtime error: 
[14:59:45]Cannot execute /datum/plant_gene/trait/glow (/datum/plant_gene/trait/glow).glow range().
[14:59:45]proc name: New (/obj/structure/glowshroom/New)
[14:59:45]  source file: glowshroom.dm,63
Ruin "Ruin of Greed" placed at (227, 37, 5)
Ruin "Kosmicheskaya Stantsiya 13" placed at (65, 141, 11)
Ruin "Derelict Tradepost" placed at (274, 202, 9)
runtime error: 
[14:59:47]Cannot execute /datum/plant_gene/trait/glow (/datum/plant_gene/trait/glow).glow range().
[14:59:47]proc name: New (/obj/structure/glowshroom/New)
[14:59:47]  source file: glowshroom.dm,63
runtime error: 
[14:59:47]Cannot execute /datum/plant_gene/trait/glow (/datum/plant_gene/trait/glow).glow range().
[14:59:47]proc name: New (/obj/structure/glowshroom/New)
[14:59:47]  source file: glowshroom.dm,63
runtime error: 
[14:59:47]Cannot execute /datum/plant_gene/trait/glow (/datum/plant_gene/trait/glow).glow range().
[14:59:47]proc name: New (/obj/structure/glowshroom/New)
[14:59:47]  source file: glowshroom.dm,63
Ruin "Waylaid Buses" placed at (154, 38, 7)
Ruin "Derelict 6" placed at (113, 214, 11)
Ruin "Syndicate Ambush" placed at (176, 271, 4)
Ruin "Strange Ship" placed at (140, 136, 8)
Ruin "Asteroid 5" placed at (281, 65, 8)
Ruin "Gondoland" placed at (156, 82, 8)
Ruin "Asteroid 2" placed at (255, 135, 4)
Ruin "Authorship" placed at (153, 252, 8)
Ruin "DJ Station" placed at (291, 260, 11)
Ruin "Ordinary Space Tile" placed at (302, 28, 11)
Ruin "Derelict 1" placed at (246, 45, 7)
Ruin "Detached Teleporter" placed at (163, 65, 9)
Ruin "Derelict 5" placed at (193, 178, 11)
Ruin "A Giant Ball of Paper in Space" placed at (203, 125, 8)
Initialized Mapping subsystem within 143.6 seconds!
runtime error: 
[14:59:52]Cannot execute null.add reagent().
[14:59:52]proc name: Initialize (/obj/effect/decal/cleanable/blood/gibs/Initialize)
[14:59:52]  source file: humans.dm,57
runtime error: 
[14:59:52]Cannot execute null.add reagent().
[14:59:52]proc name: Initialize (/obj/effect/decal/cleanable/blood/gibs/Initialize)
[14:59:52]  source file: humans.dm,57
runtime error: 
[14:59:52]Cannot execute null.add reagent().
[14:59:52]proc name: Initialize (/obj/effect/decal/cleanable/blood/gibs/Initialize)
[14:59:52]  source file: humans.dm,57
runtime error: 
[14:59:52]Cannot execute null.add reagent().
[14:59:52]proc name: Initialize (/obj/effect/decal/cleanable/blood/gibs/Initialize)
[14:59:52]  source file: humans.dm,57
runtime error: 
[14:59:52]Cannot execute null.add reagent().
[14:59:52]proc name: Initialize (/obj/effect/decal/cleanable/oil/Initialize)
[14:59:52]  source file: robots.dm,52
runtime error: 
[14:59:52]Cannot execute null.add reagent().
[14:59:52]proc name: Initialize (/obj/effect/decal/cleanable/oil/Initialize)
[14:59:52]  source file: robots.dm,52
runtime error: 
[14:59:58]Cannot execute null.add reagent().
[14:59:58]proc name: Initialize (/obj/effect/decal/cleanable/oil/Initialize)
[14:59:58]  source file: robots.dm,52
runtime error: 
[14:59:58]Cannot execute null.add reagent().
[14:59:58]proc name: Initialize (/obj/effect/decal/cleanable/oil/Initialize)
[14:59:58]  source file: robots.dm,52
runtime error: 
[14:59:59]Cannot execute null.add reagent().
[14:59:59]proc name: Initialize (/obj/effect/decal/cleanable/oil/Initialize)
[14:59:59]  source file: robots.dm,52
runtime error: 
[14:59:59]Cannot execute null.add reagent().
[14:59:59]proc name: Initialize (/obj/effect/decal/cleanable/blood/gibs/Initialize)
[14:59:59]  source file: humans.dm,57
runtime error: 
[14:59:59]Cannot execute null.add reagent().
[14:59:59]proc name: Initialize (/obj/effect/decal/cleanable/oil/Initialize)
[14:59:59]  source file: robots.dm,52
runtime error: 
[14:59:59]Cannot execute null.add reagent().
[14:59:59]proc name: Initialize (/obj/effect/decal/cleanable/blood/gibs/Initialize)
[14:59:59]  source file: humans.dm,57
runtime error: 
[14:59:59]Cannot execute null.add reagent().
[14:59:59]proc name: Initialize (/obj/effect/decal/cleanable/oil/Initialize)
[14:59:59]  source file: robots.dm,52
runtime error: 
[15:00:00]Cannot execute null.add reagent().
[15:00:00]proc name: Initialize (/obj/effect/decal/cleanable/blood/gibs/Initialize)
[15:00:00]  source file: humans.dm,57
runtime error: 
[15:00:00]Cannot execute null.add reagent().
[15:00:00]proc name: Initialize (/obj/effect/decal/cleanable/oil/Initialize)
[15:00:00]  source file: robots.dm,52
runtime error: 
[15:00:01]Cannot execute null.add reagent().
[15:00:01]proc name: Initialize (/obj/effect/decal/cleanable/oil/Initialize)
[15:00:01]  source file: robots.dm,52
runtime error: 
[15:00:01]Cannot execute null.add reagent().
[15:00:01]proc name: Initialize (/obj/effect/decal/cleanable/oil/Initialize)
[15:00:01]  source file: robots.dm,52
runtime error: 
[15:00:01]Cannot execute null.add reagent().
[15:00:01]proc name: Initialize (/obj/effect/decal/cleanable/oil/Initialize)
[15:00:01]  source file: robots.dm,52
runtime error: 
[15:00:01]Cannot execute null.add reagent().
[15:00:01]proc name: Initialize (/obj/effect/decal/cleanable/oil/Initialize)
[15:00:01]  source file: robots.dm,52
runtime error: 
[15:00:01]Cannot execute null.add reagent().
[15:00:01]proc name: Initialize (/obj/effect/decal/cleanable/oil/Initialize)
[15:00:01]  source file: robots.dm,52
runtime error: 
[15:00:01]Cannot execute null.add reagent().
[15:00:01]proc name: Initialize (/obj/effect/decal/cleanable/oil/Initialize)
[15:00:01]  source file: robots.dm,52
runtime error: 
[15:00:02]Cannot execute null.add reagent().
[15:00:02]proc name: Initialize (/obj/effect/decal/cleanable/oil/Initialize)
[15:00:02]  source file: robots.dm,52
runtime error: 
[15:00:02]Cannot execute null.add reagent().
[15:00:02]proc name: Initialize (/obj/effect/decal/cleanable/oil/Initialize)
[15:00:02]  source file: robots.dm,52
runtime error: 
[15:00:02]Cannot execute null.add reagent().
[15:00:02]proc name: Initialize (/obj/effect/decal/cleanable/oil/Initialize)
[15:00:02]  source file: robots.dm,52
runtime error: 
[15:00:02]Cannot execute null.add reagent().
[15:00:02]proc name: Initialize (/obj/effect/decal/cleanable/oil/Initialize)
[15:00:02]  source file: robots.dm,52
runtime error: 
[15:00:02]Cannot execute null.add reagent().
[15:00:02]proc name: Initialize (/obj/effect/decal/cleanable/oil/Initialize)
[15:00:02]  source file: robots.dm,52
runtime error: 
[15:00:03]Cannot execute null.add reagent().
[15:00:03]proc name: Initialize (/obj/effect/decal/cleanable/oil/Initialize)
[15:00:03]  source file: robots.dm,52
runtime error: 
[15:00:03]Cannot execute null.add reagent().
[15:00:03]proc name: Initialize (/obj/effect/decal/cleanable/oil/Initialize)
[15:00:03]  source file: robots.dm,52
runtime error: 
[15:00:06]Cannot execute null.add reagent().
[15:00:06]proc name: Initialize (/obj/effect/decal/cleanable/oil/Initialize)
[15:00:06]  source file: robots.dm,52
runtime error: 
[15:00:06]Cannot execute null.add reagent().
[15:00:06]proc name: Initialize (/obj/effect/decal/cleanable/oil/Initialize)
[15:00:06]  source file: robots.dm,52
runtime error: 
[15:00:06]Cannot execute null.add reagent().
[15:00:06]proc name: Initialize (/obj/effect/decal/cleanable/oil/Initialize)
[15:00:06]  source file: robots.dm,52
runtime error: 
[15:00:06]Cannot execute null.add reagent().
[15:00:06]Warning: further proc crash messages are being suppressed to prevent overload...
runtime error: 
[15:00:07]Cannot execute null.add reagent().
runtime error: 
[15:00:07]Cannot execute null.add reagent().
runtime error: 
[15:00:07]Cannot execute null.add reagent().
runtime error: 
[15:00:07]Cannot execute null.add reagent().
runtime error: 
[15:00:07]Cannot execute null.add reagent().
runtime error: 
[15:00:07]Cannot execute null.add reagent().
runtime error: 
[15:00:07]Cannot execute null.add reagent().
runtime error: 
[15:00:08]Cannot execute null.add reagent().
runtime error: 
[15:00:08]Cannot execute null.add reagent().
runtime error: 
[15:00:08]Cannot execute null.add reagent().
runtime error: 
[15:00:08]Cannot execute null.add reagent().
runtime error: 
[15:00:09]Cannot execute null.add reagent().
runtime error: 
[15:00:10]Cannot execute null.add reagent().
runtime error: 
[15:00:10]Cannot execute null.add reagent().
runtime error: 
[15:00:10]Cannot execute null.add reagent().
runtime error: 
[15:00:10]Cannot execute null.add reagent().
runtime error: 
[15:00:10]Cannot execute null.add reagent().
runtime error: 
[15:00:11]Cannot execute null.add reagent().
runtime error: 
[15:00:11]Cannot execute null.add reagent().
runtime error: 
[15:00:12]Cannot execute null.add reagent().
runtime error: 
[15:00:12]Cannot execute null.add reagent().
runtime error: 
[15:00:14]Cannot execute null.add reagent().
runtime error: 
[15:00:14]Cannot execute null.add reagent().
runtime error: 
[15:00:14]Cannot execute null.add reagent().
runtime error: 
[15:00:14]Cannot execute null.add reagent().
runtime error: 
[15:00:14]Cannot execute null.add reagent().
runtime error: 
[15:00:14]Cannot execute null.add reagent().
runtime error: 
[15:00:15]Cannot execute null.add reagent().
runtime error: 
[15:00:15]Cannot execute null.add reagent().
runtime error: 
[15:00:15]Cannot execute null.add reagent().
runtime error: 
[15:00:15]Cannot execute null.add reagent().
runtime error: 
[15:00:15]Cannot execute null.add reagent().
runtime error: 
[15:00:15]Cannot execute null.add reagent().
runtime error: 
[15:00:15]Cannot execute null.add reagent().
runtime error: 
[15:00:15]Cannot execute null.add reagent().
runtime error: 
[15:00:15]Cannot execute null.add reagent().
runtime error: 
[15:00:15]Cannot execute null.add reagent().
runtime error: 
[15:00:15]Cannot execute null.add reagent().
runtime error: 
[15:00:15]Cannot execute null.add reagent().
runtime error: 
[15:00:15]Cannot execute null.add reagent().
runtime error: 
[15:00:15]Cannot execute null.add reagent().
runtime error: 
[15:00:15]Cannot execute null.add reagent().
runtime error: 
[15:00:15]Cannot execute null.add reagent().
runtime error: 
[15:00:16]Cannot execute null.add reagent().
runtime error: 
[15:00:16]Cannot execute null.add reagent().
runtime error: 
[15:00:16]Cannot execute null.add reagent().
runtime error: 
[15:00:16]Cannot execute null.add reagent().
runtime error: 
[15:00:16]Cannot execute null.add reagent().
runtime error: 
[15:00:16]Cannot execute null.add reagent().
runtime error: 
[15:00:16]Cannot execute null.add reagent().
runtime error: 
[15:00:19]Undefined variable /obj/item/rupee/var/swimming

runtime error: 
[15:00:19]Undefined variable /obj/item/rupee/var/swimming

runtime error: 
[15:00:19]Undefined variable /obj/item/rupee/var/swimming

runtime error: 
[15:00:19]Undefined variable /obj/structure/signpost/salvation/var/swimming

runtime error: 
[15:00:19]Undefined variable /obj/item/rupee/var/swimming

runtime error: 
[15:00:19]Undefined variable /obj/item/rupee/var/swimming

runtime error: 
[15:00:19]Undefined variable /obj/item/rupee/var/swimming

runtime error: 
[15:00:19]Undefined variable /obj/item/rupee/var/swimming

runtime error: 
[15:00:20]Undefined variable /obj/item/rupee/var/swimming

runtime error: 
[15:00:20]Undefined variable /obj/item/rupee/var/swimming

runtime error: 
[15:00:20]Undefined variable /obj/effect/landmark/error/var/swimming

runtime error: 
[15:00:20]Undefined variable /obj/item/rupee/var/swimming

runtime error: 
[15:00:20]Undefined variable /obj/item/rupee/var/swimming

runtime error: 
[15:00:20]Undefined variable /obj/item/rupee/var/swimming

runtime error: 
[15:00:20]Undefined variable /obj/item/rupee/var/swimming

runtime error: 
[15:00:20]Undefined variable /obj/item/rupee/var/swimming

runtime error: 
[15:00:20]Undefined variable /obj/item/rupee/var/swimming

runtime error: 
[15:00:20]Undefined variable /obj/item/rupee/var/swimming

runtime error: 
[15:00:20]Undefined variable /obj/item/rupee/var/swimming

runtime error: 
[15:00:20]Undefined variable /obj/item/rupee/var/swimming

runtime error: 
[15:00:20]Undefined variable /obj/item/rupee/var/swimming

runtime error: 
[15:00:20]Undefined variable /obj/item/rupee/var/swimming

runtime error: 
[15:00:20]Undefined variable /obj/item/rupee/var/swimming

runtime error: 
[15:00:20]Undefined variable /obj/item/rupee/var/swimming

runtime error: 
[15:00:20]Undefined variable /obj/item/rupee/var/swimming

runtime error: 
[15:00:20]Undefined variable /obj/item/rupee/var/swimming

runtime error: 
[15:00:20]Undefined variable /obj/item/rupee/var/swimming

runtime error: 
[15:00:20]Undefined variable /obj/item/rupee/var/swimming

runtime error: 
[15:00:20]Undefined variable /obj/item/rupee/var/swimming

runtime error: 
[15:00:20]Undefined variable /obj/item/rupee/var/swimming

runtime error: 
[15:00:20]Undefined variable /obj/item/rupee/var/swimming

runtime error: 
[15:00:20]Undefined variable /obj/item/rupee/var/swimming

runtime error: 
[15:00:20]Undefined variable /obj/item/rupee/var/swimming

runtime error: 
[15:00:20]Undefined variable /obj/item/rupee/var/swimming

runtime error: 
[15:00:20]Undefined variable /obj/item/rupee/var/swimming

runtime error: 
[15:00:20]Undefined variable /obj/item/rupee/var/swimming

runtime error: 
[15:00:20]Undefined variable /obj/item/rupee/var/swimming

runtime error: 
[15:00:20]Undefined variable /obj/item/rupee/var/swimming

runtime error: 
[15:00:20]Undefined variable /obj/item/rupee/var/swimming

runtime error: 
[15:00:20]Undefined variable /obj/item/rupee/var/swimming

runtime error: 
[15:00:20]Undefined variable /obj/item/rupee/var/swimming

runtime error: 
[15:00:21]Undefined variable /obj/item/rupee/var/swimming

runtime error: 
[15:00:21]Undefined variable /obj/item/rupee/var/swimming

runtime error: 
[15:00:21]Undefined variable /obj/item/rupee/var/swimming

runtime error: 
[15:00:21]Undefined variable /obj/item/rupee/var/swimming

runtime error: 
[15:00:21]Undefined variable /obj/item/rupee/var/swimming

runtime error: 
[15:00:21]Undefined variable /obj/item/rupee/var/swimming

runtime error: 
[15:00:21]Undefined variable /obj/structure/speaking_tile/var/swimming

runtime error: 
[15:00:21]Undefined variable /obj/machinery/abductor/gland_dispenser/var/swimming

runtime error: 
[15:00:21]Undefined variable /obj/structure/table/abductor/var/swimming

runtime error: 
[15:00:21]Undefined variable /obj/item/surgicaldrill/alien/var/swimming

runtime error: 
[15:00:21]undefined proc or verb /mob/living/simple_animal/bot/medbot/mysterious/remove overlay().

runtime error: 
[15:00:21]undefined proc or verb /mob/living/simple_animal/hostile/creature/remove overlay().

runtime error: 
[15:00:22]undefined proc or verb /mob/living/simple_animal/hostile/carp/cayenne/remove overlay().

runtime error: 
[15:00:23]undefined proc or verb /mob/dead/new_player/remove overlay().

runtime error: 
[15:00:29]undefined proc or verb /mob/living/simple_animal/bot/medbot/remove overlay().

runtime error: 
[15:00:29]undefined proc or verb /mob/living/simple_animal/cockroach/remove overlay().

runtime error: 
[15:00:29]undefined proc or verb /mob/living/simple_animal/cockroach/remove overlay().

runtime error: 
[15:00:29]undefined proc or verb /mob/living/simple_animal/cockroach/remove overlay().

runtime error: 
[15:00:29]undefined proc or verb /mob/living/simple_animal/cockroach/remove overlay().

runtime error: 
[15:00:29]undefined proc or verb /mob/living/simple_animal/cockroach/remove overlay().

runtime error: 
[15:00:30]undefined proc or verb /mob/living/simple_animal/pet/cat/Runtime/remove overlay().

runtime error: 
[15:00:30]undefined proc or verb /mob/living/simple_animal/cockroach/remove overlay().

runtime error: 
[15:00:30]undefined proc or verb /mob/living/simple_animal/pet/dog/pug/remove overlay().

runtime error: 
[15:00:30]undefined proc or verb /mob/living/simple_animal/cockroach/remove overlay().

runtime error: 
[15:00:30]undefined proc or verb /mob/living/simple_animal/cockroach/remove overlay().

runtime error: 
[15:00:30]undefined proc or verb /mob/living/simple_animal/cockroach/remove overlay().

runtime error: 
[15:00:30]undefined proc or verb /mob/living/simple_animal/slime/remove overlay().

runtime error: 
[15:00:30]Cannot execute null.add reagent().
runtime error: 
[15:00:31]undefined proc or verb /mob/living/simple_animal/slime/remove overlay().

runtime error: 
[15:00:31]undefined proc or verb /mob/living/simple_animal/slime/remove overlay().

runtime error: 
[15:00:31]undefined proc or verb /mob/living/simple_animal/cockroach/remove overlay().

runtime error: 
[15:00:32]undefined proc or verb /mob/living/simple_animal/cockroach/remove overlay().

runtime error: 
[15:00:32]undefined proc or verb /mob/living/simple_animal/pet/dog/corgi/Ian/remove overlay().

runtime error: 
[15:00:32]undefined proc or verb /mob/living/simple_animal/bot/secbot/pingsky/remove overlay().

runtime error: 
[15:00:32]undefined proc or verb /mob/living/simple_animal/parrot/Poly/remove overlay().

runtime error: 
[15:00:32]undefined proc or verb /mob/living/simple_animal/bot/secbot/beepsky/remove overlay().

runtime error: 
[15:00:32]undefined proc or verb /mob/living/simple_animal/pet/fox/Renault/remove overlay().

runtime error: 
[15:00:33]undefined proc or verb /mob/living/simple_animal/hostile/carp/cayenne/remove overlay().

runtime error: 
[15:00:33]undefined proc or verb /mob/living/simple_animal/cockroach/remove overlay().

runtime error: 
[15:00:33]undefined proc or verb /mob/living/simple_animal/hostile/retaliate/goat/remove overlay().

runtime error: 
[15:00:33]undefined proc or verb /mob/living/simple_animal/sloth/citrus/remove overlay().

runtime error: 
[15:00:34]undefined proc or verb /mob/living/simple_animal/cockroach/remove overlay().

runtime error: 
[15:00:34]undefined proc or verb /mob/living/simple_animal/mouse/remove overlay().

runtime error: 
[15:00:34]undefined proc or verb /mob/living/simple_animal/mouse/remove overlay().

runtime error: 
[15:00:34]undefined proc or verb /mob/living/simple_animal/bot/mulebot/remove overlay().

runtime error: 
[15:00:34]undefined proc or verb /mob/living/simple_animal/bot/mulebot/remove overlay().

runtime error: 
[15:00:34]undefined proc or verb /mob/living/simple_animal/cockroach/remove overlay().

runtime error: 
[15:00:34]undefined proc or verb /mob/living/simple_animal/hostile/lizard/remove overlay().

runtime error: 
[15:00:34]undefined proc or verb /mob/living/simple_animal/cockroach/remove overlay().

runtime error: 
[15:00:34]undefined proc or verb /mob/living/simple_animal/cockroach/remove overlay().

runtime error: 
[15:00:35]undefined proc or verb /mob/living/simple_animal/cockroach/remove overlay().

runtime error: 
[15:00:35]undefined proc or verb /mob/living/simple_animal/cockroach/remove overlay().

runtime error: 
[15:00:39]undefined proc or verb /mob/living/simple_animal/hostile/syndicate/ranged/space/remove overlay().

runtime error: 
[15:00:39]undefined proc or verb /mob/living/simple_animal/hostile/syndicate/ranged/space/remove overlay().

runtime error: 
[15:00:39]undefined proc or verb /mob/living/simple_animal/hostile/syndicate/remove overlay().

runtime error: 
[15:00:39]undefined proc or verb /mob/living/simple_animal/hostile/syndicate/ranged/space/remove overlay().

runtime error: 
[15:00:39]undefined proc or verb /mob/living/simple_animal/hostile/syndicate/ranged/space/stormtrooper/remove overlay().

runtime error: 
[15:00:39]undefined proc or verb /mob/living/simple_animal/hostile/syndicate/remove overlay().

runtime error: 
[15:00:39]undefined proc or verb /mob/living/simple_animal/hostile/syndicate/melee/space/remove overlay().

runtime error: 
[15:00:39]undefined proc or verb /mob/living/simple_animal/hostile/syndicate/ranged/space/remove overlay().

runtime error: 
[15:00:39]undefined proc or verb /mob/living/simple_animal/hostile/syndicate/melee/space/stormtrooper/remove overlay().

runtime error: 
[15:00:39]undefined proc or verb /mob/living/simple_animal/hostile/syndicate/ranged/space/stormtrooper/remove overlay().

Initialized 1.58047e+006 atoms
Initialized Atoms subsystem within 80.3 seconds!
Initialized Language subsystem within 0.1 seconds!
Initialized Machines subsystem within 1.1 seconds!
Initialized Circuit subsystem within 0.1 seconds!
Initialized Weather subsystem within 0 seconds!
runtime error: 
[15:01:32]Cannot execute null.compare().
## WARNING: There are 608 active turfs at roundstart, this is a mapping error caused by a difference of the air between the adjacent turfs. You can see its coordinates using "Mapping -> Show roundstart AT list" verb (debug verbs required)
## WARNING: HEY! LISTEN! 10 seconds were wasted processing 608 turf(s) (connected to 88590 other turfs) with atmos differences at round start.
Initialized Atmospherics subsystem within 35.6 seconds!
Initialized Minimap subsystem within 0 seconds!
Initialized Assets subsystem within 0.4 seconds!
Initialized Icon Smoothing subsystem within 8.7 seconds!
Initialized Overlay subsystem within 25.7 seconds!
Initialized XKeyScore subsystem within 0 seconds!
Initialized Lighting subsystem within 22.1 seconds!
Initialized Shuttle subsystem within 76.7 seconds!
Initialized Squeak subsystem within 0 seconds!
Loaded 0 engraved messages on map Delta Station
Initialized Persistence subsystem within 0.1 seconds!
Initializations complete within 395 seconds!
Game start took 0s
runtime error: 
[15:04:42]Cannot execute null.add reagent().
runtime error: 
[15:04:42]Cannot execute null.add reagent().
runtime error: 
[15:04:42]Cannot execute null.add reagent().
runtime error: 
[15:04:42]Cannot execute null.add reagent().
runtime error: 
[15:04:42]Cannot execute null.add reagent().
runtime error: 
[15:04:42]Cannot execute null.add reagent().
## WARNING: A ref was requested of an object with use_tag set but no tag: Guest-1817465521 in code/__HELPERS/unsorted.dm at line 1500 src:  usr: Guest-1817465521.
runtime error: 
[15:04:45]Cannot read null.key
runtime error: 
[15:04:45]Cannot read null.martial_art
runtime error: 
[15:04:46]Cannot read null.martial_art
runtime error: 
[15:05:07]Cannot execute null.add reagent().
runtime error: 
[15:05:07]Cannot execute null.add reagent().
runtime error: 
[15:05:07]Cannot execute null.add reagent().
