

Starting up round ID . 14:46:00
---------------------
runtime error: 
[14:46:00]
[14:46:00]proc name: LoadBans (/proc/LoadBans)
[14:46:00]  source file: NewBan.dm,65
[14:46:00]  usr: (src)
[14:46:00]  src: null
[14:46:00]  call stack:
[14:46:00]LoadBans()
[14:46:00]world: New()
Initialized Blackbox subsystem within 0 seconds!
Initialized Server Tasks subsystem within 0 seconds!
Initialized Events subsystem within 0 seconds!
runtime error: 
[14:46:01]cannot read from list
[14:46:01]proc name: LoadJobs (/datum/controller/subsystem/job/proc/LoadJobs)
[14:46:01]  source file: job.dm,448
[14:46:01]  usr: null
[14:46:01]  src: Jobs (/datum/controller/subsystem/job)
[14:46:01]  call stack:
[14:46:01]Jobs (/datum/controller/subsystem/job): LoadJobs()
[14:46:01]Jobs (/datum/controller/subsystem/job): Initialize(675616)
[14:46:01]Master (/datum/controller/master): Initialize(10, 0)
Initialized Jobs subsystem within 0.1 seconds!
Initialized Ticker subsystem within 0 seconds!
Loading Delta Station...
