

Starting up round ID . 14:32:47
---------------------
Initialized Blackbox subsystem within 0 seconds!
Initialized Server Tasks subsystem within 0 seconds!
Initialized Events subsystem within 0 seconds!
runtime error: 
[14:32:48]cannot read from list
[14:32:48]proc name: LoadJobs (/datum/controller/subsystem/job/proc/LoadJobs)
[14:32:48]  source file: job.dm,448
[14:32:48]  usr: null
[14:32:48]  src: Jobs (/datum/controller/subsystem/job)
[14:32:48]  call stack:
[14:32:48]Jobs (/datum/controller/subsystem/job): LoadJobs()
[14:32:48]Jobs (/datum/controller/subsystem/job): Initialize(667682)
[14:32:48]Master (/datum/controller/master): Initialize(10, 0)
Initialized Jobs subsystem within 0.2 seconds!
Initialized Ticker subsystem within 0 seconds!
Loading Delta Station...
runtime error: 
[14:33:53]Cannot execute /datum/plant_gene/trait/glow (/datum/plant_gene/trait/glow).glow range().
[14:33:53]proc name: New (/obj/structure/glowshroom/New)
[14:33:53]  source file: glowshroom.dm,63
[14:33:53]  usr: null
[14:33:53]  src: the glowshroom (/obj/structure/glowshroom/single)
[14:33:53]  src.loc: Cave Floor (303,71,2) (/turf/open/floor/plating/asteroid)
[14:33:53]  call stack:
[14:33:53]the glowshroom (/obj/structure/glowshroom/single): New(Cave Floor (303,71,2) (/turf/open/floor/plating/asteroid), null, null)
[14:33:53]/dmm_suite (/dmm_suite): create atom(/obj/structure/glowshroom/sing... (/obj/structure/glowshroom/single), Cave Floor (303,71,2) (/turf/open/floor/plating/asteroid))
[14:33:53]/dmm_suite (/dmm_suite): instance atom(/obj/structure/glowshroom/sing... (/obj/structure/glowshroom/single), /list (/list), Cave Floor (303,71,2) (/turf/open/floor/plating/asteroid), 1)
[14:33:53]/dmm_suite (/dmm_suite): parse grid("/obj/structure/glowshroom/sing...", "eAY", 303, 71, 2, 1)
[14:33:53]/dmm_suite (/dmm_suite): load map impl(_maps/map_files/Deltastation/D..., 1, 1, 2, null, null, 1, -1e+031, 1e+031, -1e+031, 1e+031)
[14:33:53]/dmm_suite (/dmm_suite): load map(_maps/map_files/Deltastation/D..., 0, 0, 2, null, null, 1, null, null, null, null)
[14:33:53]Mapping (/datum/controller/subsystem/mapping): TryLoadZ("_maps/map_files/Deltastation/D...", /list (/list), 2, null)
[14:33:53]Mapping (/datum/controller/subsystem/mapping): loadWorld()
[14:33:53]Mapping (/datum/controller/subsystem/mapping): Initialize(667685)
[14:33:53]Master (/datum/controller/master): Initialize(10, 0)
runtime error: 
[14:33:53]Cannot execute /datum/plant_gene/trait/glow (/datum/plant_gene/trait/glow).glow range().
[14:33:53]proc name: New (/obj/structure/glowshroom/New)
[14:33:53]  source file: glowshroom.dm,63
[14:33:53]  usr: null
[14:33:53]  src: the glowshroom (/obj/structure/glowshroom/single)
[14:33:53]  src.loc: Cave Floor (306,70,2) (/turf/open/floor/plating/asteroid)
[14:33:53]  call stack:
[14:33:53]the glowshroom (/obj/structure/glowshroom/single): New(Cave Floor (306,70,2) (/turf/open/floor/plating/asteroid), null, null)
[14:33:53]/dmm_suite (/dmm_suite): create atom(/obj/structure/glowshroom/sing... (/obj/structure/glowshroom/single), Cave Floor (306,70,2) (/turf/open/floor/plating/asteroid))
[14:33:53]/dmm_suite (/dmm_suite): instance atom(/obj/structure/glowshroom/sing... (/obj/structure/glowshroom/single), /list (/list), Cave Floor (306,70,2) (/turf/open/floor/plating/asteroid), 1)
[14:33:53]/dmm_suite (/dmm_suite): parse grid("/obj/structure/glowshroom/sing...", "eAY", 306, 70, 2, 1)
[14:33:53]/dmm_suite (/dmm_suite): load map impl(_maps/map_files/Deltastation/D..., 1, 1, 2, null, null, 1, -1e+031, 1e+031, -1e+031, 1e+031)
[14:33:53]/dmm_suite (/dmm_suite): load map(_maps/map_files/Deltastation/D..., 0, 0, 2, null, null, 1, null, null, null, null)
[14:33:53]Mapping (/datum/controller/subsystem/mapping): TryLoadZ("_maps/map_files/Deltastation/D...", /list (/list), 2, null)
[14:33:53]Mapping (/datum/controller/subsystem/mapping): loadWorld()
[14:33:53]Mapping (/datum/controller/subsystem/mapping): Initialize(667685)
[14:33:53]Master (/datum/controller/master): Initialize(10, 0)
runtime error: 
[14:33:53]Cannot execute /datum/plant_gene/trait/glow (/datum/plant_gene/trait/glow).glow range().
[14:33:53]proc name: New (/obj/structure/glowshroom/New)
[14:33:53]  source file: glowshroom.dm,63
[14:33:53]  usr: null
[14:33:53]  src: the glowshroom (/obj/structure/glowshroom/single)
[14:33:53]  src.loc: Cave Floor (309,70,2) (/turf/open/floor/plating/asteroid)
[14:33:53]  call stack:
[14:33:53]the glowshroom (/obj/structure/glowshroom/single): New(Cave Floor (309,70,2) (/turf/open/floor/plating/asteroid), null, null)
[14:33:53]/dmm_suite (/dmm_suite): create atom(/obj/structure/glowshroom/sing... (/obj/structure/glowshroom/single), Cave Floor (309,70,2) (/turf/open/floor/plating/asteroid))
[14:33:53]/dmm_suite (/dmm_suite): instance atom(/obj/structure/glowshroom/sing... (/obj/structure/glowshroom/single), /list (/list), Cave Floor (309,70,2) (/turf/open/floor/plating/asteroid), 1)
[14:33:53]/dmm_suite (/dmm_suite): parse grid("/obj/structure/glowshroom/sing...", "eAY", 309, 70, 2, 1)
[14:33:53]/dmm_suite (/dmm_suite): load map impl(_maps/map_files/Deltastation/D..., 1, 1, 2, null, null, 1, -1e+031, 1e+031, -1e+031, 1e+031)
[14:33:53]/dmm_suite (/dmm_suite): load map(_maps/map_files/Deltastation/D..., 0, 0, 2, null, null, 1, null, null, null, null)
[14:33:53]Mapping (/datum/controller/subsystem/mapping): TryLoadZ("_maps/map_files/Deltastation/D...", /list (/list), 2, null)
[14:33:53]Mapping (/datum/controller/subsystem/mapping): loadWorld()
[14:33:53]Mapping (/datum/controller/subsystem/mapping): Initialize(667685)
[14:33:53]Master (/datum/controller/master): Initialize(10, 0)
runtime error: 
[14:33:53]Cannot execute /datum/plant_gene/trait/glow (/datum/plant_gene/trait/glow).glow range().
[14:33:53]proc name: New (/obj/structure/glowshroom/New)
[14:33:53]  source file: glowshroom.dm,63
[14:33:53]  usr: null
[14:33:53]  src: the glowshroom (/obj/structure/glowshroom/single)
[14:33:53]  src.loc: Cave Floor (302,69,2) (/turf/open/floor/plating/asteroid)
[14:33:53]  call stack:
[14:33:53]the glowshroom (/obj/structure/glowshroom/single): New(Cave Floor (302,69,2) (/turf/open/floor/plating/asteroid), null, null)
[14:33:53]/dmm_suite (/dmm_suite): create atom(/obj/structure/glowshroom/sing... (/obj/structure/glowshroom/single), Cave Floor (302,69,2) (/turf/open/floor/plating/asteroid))
[14:33:53]/dmm_suite (/dmm_suite): instance atom(/obj/structure/glowshroom/sing... (/obj/structure/glowshroom/single), /list (/list), Cave Floor (302,69,2) (/turf/open/floor/plating/asteroid), 1)
[14:33:53]/dmm_suite (/dmm_suite): parse grid("/obj/structure/glowshroom/sing...", "eAY", 302, 69, 2, 1)
[14:33:53]/dmm_suite (/dmm_suite): load map impl(_maps/map_files/Deltastation/D..., 1, 1, 2, null, null, 1, -1e+031, 1e+031, -1e+031, 1e+031)
[14:33:53]/dmm_suite (/dmm_suite): load map(_maps/map_files/Deltastation/D..., 0, 0, 2, null, null, 1, null, null, null, null)
[14:33:53]Mapping (/datum/controller/subsystem/mapping): TryLoadZ("_maps/map_files/Deltastation/D...", /list (/list), 2, null)
[14:33:53]Mapping (/datum/controller/subsystem/mapping): loadWorld()
[14:33:53]Mapping (/datum/controller/subsystem/mapping): Initialize(667685)
[14:33:53]Master (/datum/controller/master): Initialize(10, 0)
runtime error: 
[14:33:53]Cannot execute /datum/plant_gene/trait/glow (/datum/plant_gene/trait/glow).glow range().
[14:33:53]proc name: New (/obj/structure/glowshroom/New)
[14:33:53]  source file: glowshroom.dm,63
[14:33:53]  usr: null
[14:33:53]  src: the glowshroom (/obj/structure/glowshroom/single)
[14:33:53]  src.loc: Cave Floor (296,55,2) (/turf/open/floor/plating/asteroid)
[14:33:53]  call stack:
[14:33:53]the glowshroom (/obj/structure/glowshroom/single): New(Cave Floor (296,55,2) (/turf/open/floor/plating/asteroid), null, null)
[14:33:53]/dmm_suite (/dmm_suite): create atom(/obj/structure/glowshroom/sing... (/obj/structure/glowshroom/single), Cave Floor (296,55,2) (/turf/open/floor/plating/asteroid))
[14:33:53]/dmm_suite (/dmm_suite): instance atom(/obj/structure/glowshroom/sing... (/obj/structure/glowshroom/single), /list (/list), Cave Floor (296,55,2) (/turf/open/floor/plating/asteroid), 1)
[14:33:53]/dmm_suite (/dmm_suite): parse grid("/obj/structure/glowshroom/sing...", "eFL", 296, 55, 2, 1)
[14:33:53]/dmm_suite (/dmm_suite): load map impl(_maps/map_files/Deltastation/D..., 1, 1, 2, null, null, 1, -1e+031, 1e+031, -1e+031, 1e+031)
[14:33:53]/dmm_suite (/dmm_suite): load map(_maps/map_files/Deltastation/D..., 0, 0, 2, null, null, 1, null, null, null, null)
[14:33:53]Mapping (/datum/controller/subsystem/mapping): TryLoadZ("_maps/map_files/Deltastation/D...", /list (/list), 2, null)
[14:33:53]Mapping (/datum/controller/subsystem/mapping): loadWorld()
[14:33:53]Mapping (/datum/controller/subsystem/mapping): Initialize(667685)
[14:33:53]Master (/datum/controller/master): Initialize(10, 0)
runtime error: 
[14:33:53]Cannot execute /datum/plant_gene/trait/glow (/datum/plant_gene/trait/glow).glow range().
[14:33:53]proc name: New (/obj/structure/glowshroom/New)
[14:33:53]  source file: glowshroom.dm,63
[14:33:53]  usr: null
[14:33:53]  src: the glowshroom (/obj/structure/glowshroom/single)
[14:33:53]  src.loc: Cave Floor (299,55,2) (/turf/open/floor/plating/asteroid)
[14:33:53]  call stack:
[14:33:53]the glowshroom (/obj/structure/glowshroom/single): New(Cave Floor (299,55,2) (/turf/open/floor/plating/asteroid), null, null)
[14:33:53]/dmm_suite (/dmm_suite): create atom(/obj/structure/glowshroom/sing... (/obj/structure/glowshroom/single), Cave Floor (299,55,2) (/turf/open/floor/plating/asteroid))
[14:33:53]/dmm_suite (/dmm_suite): instance atom(/obj/structure/glowshroom/sing... (/obj/structure/glowshroom/single), /list (/list), Cave Floor (299,55,2) (/turf/open/floor/plating/asteroid), 1)
[14:33:53]/dmm_suite (/dmm_suite): parse grid("/obj/structure/glowshroom/sing...", "eFL", 299, 55, 2, 1)
[14:33:53]/dmm_suite (/dmm_suite): load map impl(_maps/map_files/Deltastation/D..., 1, 1, 2, null, null, 1, -1e+031, 1e+031, -1e+031, 1e+031)
[14:33:53]/dmm_suite (/dmm_suite): load map(_maps/map_files/Deltastation/D..., 0, 0, 2, null, null, 1, null, null, null, null)
[14:33:53]Mapping (/datum/controller/subsystem/mapping): TryLoadZ("_maps/map_files/Deltastation/D...", /list (/list), 2, null)
[14:33:53]Mapping (/datum/controller/subsystem/mapping): loadWorld()
[14:33:53]Mapping (/datum/controller/subsystem/mapping): Initialize(667685)
[14:33:53]Master (/datum/controller/master): Initialize(10, 0)
runtime error: 
[14:33:53]Cannot execute /datum/plant_gene/trait/glow (/datum/plant_gene/trait/glow).glow range().
[14:33:53]proc name: New (/obj/structure/glowshroom/New)
[14:33:53]  source file: glowshroom.dm,63
[14:33:53]  usr: null
[14:33:53]  src: the glowshroom (/obj/structure/glowshroom/single)
[14:33:53]  src.loc: Cave Floor (283,53,2) (/turf/open/floor/plating/asteroid)
[14:33:53]  call stack:
[14:33:53]the glowshroom (/obj/structure/glowshroom/single): New(Cave Floor (283,53,2) (/turf/open/floor/plating/asteroid), null, null)
[14:33:53]/dmm_suite (/dmm_suite): create atom(/obj/structure/glowshroom/sing... (/obj/structure/glowshroom/single), Cave Floor (283,53,2) (/turf/open/floor/plating/asteroid))
[14:33:53]/dmm_suite (/dmm_suite): instance atom(/obj/structure/glowshroom/sing... (/obj/structure/glowshroom/single), /list (/list), Cave Floor (283,53,2) (/turf/open/floor/plating/asteroid), 1)
[14:33:53]/dmm_suite (/dmm_suite): parse grid("/obj/structure/glowshroom/sing...", "eFL", 283, 53, 2, 1)
[14:33:53]/dmm_suite (/dmm_suite): load map impl(_maps/map_files/Deltastation/D..., 1, 1, 2, null, null, 1, -1e+031, 1e+031, -1e+031, 1e+031)
[14:33:53]/dmm_suite (/dmm_suite): load map(_maps/map_files/Deltastation/D..., 0, 0, 2, null, null, 1, null, null, null, null)
[14:33:53]Mapping (/datum/controller/subsystem/mapping): TryLoadZ("_maps/map_files/Deltastation/D...", /list (/list), 2, null)
[14:33:53]Mapping (/datum/controller/subsystem/mapping): loadWorld()
[14:33:53]Mapping (/datum/controller/subsystem/mapping): Initialize(667685)
[14:33:53]Master (/datum/controller/master): Initialize(10, 0)
runtime error: 
[14:33:53]Cannot execute /datum/plant_gene/trait/glow (/datum/plant_gene/trait/glow).glow range().
[14:33:53]proc name: New (/obj/structure/glowshroom/New)
[14:33:53]  source file: glowshroom.dm,63
[14:33:53]  usr: null
[14:33:53]  src: the glowshroom (/obj/structure/glowshroom/single)
[14:33:53]  src.loc: Cave Floor (302,53,2) (/turf/open/floor/plating/asteroid)
[14:33:53]  call stack:
[14:33:53]the glowshroom (/obj/structure/glowshroom/single): New(Cave Floor (302,53,2) (/turf/open/floor/plating/asteroid), null, null)
[14:33:53]/dmm_suite (/dmm_suite): create atom(/obj/structure/glowshroom/sing... (/obj/structure/glowshroom/single), Cave Floor (302,53,2) (/turf/open/floor/plating/asteroid))
[14:33:53]/dmm_suite (/dmm_suite): instance atom(/obj/structure/glowshroom/sing... (/obj/structure/glowshroom/single), /list (/list), Cave Floor (302,53,2) (/turf/open/floor/plating/asteroid), 1)
[14:33:53]/dmm_suite (/dmm_suite): parse grid("/obj/structure/glowshroom/sing...", "eFL", 302, 53, 2, 1)
[14:33:53]/dmm_suite (/dmm_suite): load map impl(_maps/map_files/Deltastation/D..., 1, 1, 2, null, null, 1, -1e+031, 1e+031, -1e+031, 1e+031)
[14:33:53]/dmm_suite (/dmm_suite): load map(_maps/map_files/Deltastation/D..., 0, 0, 2, null, null, 1, null, null, null, null)
[14:33:53]Mapping (/datum/controller/subsystem/mapping): TryLoadZ("_maps/map_files/Deltastation/D...", /list (/list), 2, null)
[14:33:53]Mapping (/datum/controller/subsystem/mapping): loadWorld()
[14:33:53]Mapping (/datum/controller/subsystem/mapping): Initialize(667685)
[14:33:53]Master (/datum/controller/master): Initialize(10, 0)
runtime error: 
[14:33:53]Cannot execute /datum/plant_gene/trait/glow (/datum/plant_gene/trait/glow).glow range().
[14:33:53]proc name: New (/obj/structure/glowshroom/New)
[14:33:53]  source file: glowshroom.dm,63
[14:33:53]  usr: null
[14:33:53]  src: the glowshroom (/obj/structure/glowshroom/single)
[14:33:53]  src.loc: Cave Floor (276,52,2) (/turf/open/floor/plating/asteroid)
[14:33:53]  call stack:
[14:33:53]the glowshroom (/obj/structure/glowshroom/single): New(Cave Floor (276,52,2) (/turf/open/floor/plating/asteroid), null, null)
[14:33:53]/dmm_suite (/dmm_suite): create atom(/obj/structure/glowshroom/sing... (/obj/structure/glowshroom/single), Cave Floor (276,52,2) (/turf/open/floor/plating/asteroid))
[14:33:53]/dmm_suite (/dmm_suite): instance atom(/obj/structure/glowshroom/sing... (/obj/structure/glowshroom/single), /list (/list), Cave Floor (276,52,2) (/turf/open/floor/plating/asteroid), 1)
[14:33:53]/dmm_suite (/dmm_suite): parse grid("/obj/structure/glowshroom/sing...", "eFL", 276, 52, 2, 1)
[14:33:53]/dmm_suite (/dmm_suite): load map impl(_maps/map_files/Deltastation/D..., 1, 1, 2, null, null, 1, -1e+031, 1e+031, -1e+031, 1e+031)
[14:33:53]/dmm_suite (/dmm_suite): load map(_maps/map_files/Deltastation/D..., 0, 0, 2, null, null, 1, null, null, null, null)
[14:33:53]Mapping (/datum/controller/subsystem/mapping): TryLoadZ("_maps/map_files/Deltastation/D...", /list (/list), 2, null)
[14:33:53]Mapping (/datum/controller/subsystem/mapping): loadWorld()
[14:33:53]Mapping (/datum/controller/subsystem/mapping): Initialize(667685)
[14:33:53]Master (/datum/controller/master): Initialize(10, 0)
runtime error: 
[14:33:53]Cannot execute /datum/plant_gene/trait/glow (/datum/plant_gene/trait/glow).glow range().
[14:33:53]proc name: New (/obj/structure/glowshroom/New)
[14:33:53]  source file: glowshroom.dm,63
[14:33:53]  usr: null
[14:33:53]  src: the glowshroom (/obj/structure/glowshroom/single)
[14:33:53]  src.loc: Cave Floor (292,51,2) (/turf/open/floor/plating/asteroid)
[14:33:53]  call stack:
[14:33:53]the glowshroom (/obj/structure/glowshroom/single): New(Cave Floor (292,51,2) (/turf/open/floor/plating/asteroid), null, null)
[14:33:53]/dmm_suite (/dmm_suite): create atom(/obj/structure/glowshroom/sing... (/obj/structure/glowshroom/single), Cave Floor (292,51,2) (/turf/open/floor/plating/asteroid))
[14:33:53]/dmm_suite (/dmm_suite): instance atom(/obj/structure/glowshroom/sing... (/obj/structure/glowshroom/single), /list (/list), Cave Floor (292,51,2) (/turf/open/floor/plating/asteroid), 1)
[14:33:53]/dmm_suite (/dmm_suite): parse grid("/obj/structure/glowshroom/sing...", "eFL", 292, 51, 2, 1)
[14:33:53]/dmm_suite (/dmm_suite): load map impl(_maps/map_files/Deltastation/D..., 1, 1, 2, null, null, 1, -1e+031, 1e+031, -1e+031, 1e+031)
[14:33:53]/dmm_suite (/dmm_suite): load map(_maps/map_files/Deltastation/D..., 0, 0, 2, null, null, 1, null, null, null, null)
[14:33:53]Mapping (/datum/controller/subsystem/mapping): TryLoadZ("_maps/map_files/Deltastation/D...", /list (/list), 2, null)
[14:33:53]Mapping (/datum/controller/subsystem/mapping): loadWorld()
[14:33:53]Mapping (/datum/controller/subsystem/mapping): Initialize(667685)
[14:33:53]Master (/datum/controller/master): Initialize(10, 0)
runtime error: 
[14:33:53]Cannot execute /datum/plant_gene/trait/glow (/datum/plant_gene/trait/glow).glow range().
[14:33:53]proc name: New (/obj/structure/glowshroom/New)
[14:33:53]  source file: glowshroom.dm,63
[14:33:53]  usr: null
[14:33:53]  src: the glowshroom (/obj/structure/glowshroom/single)
[14:33:53]  src.loc: Cave Floor (295,51,2) (/turf/open/floor/plating/asteroid)
[14:33:53]  call stack:
[14:33:53]the glowshroom (/obj/structure/glowshroom/single): New(Cave Floor (295,51,2) (/turf/open/floor/plating/asteroid), null, null)
[14:33:53]/dmm_suite (/dmm_suite): create atom(/obj/structure/glowshroom/sing... (/obj/structure/glowshroom/single), Cave Floor (295,51,2) (/turf/open/floor/plating/asteroid))
[14:33:53]/dmm_suite (/dmm_suite): instance atom(/obj/structure/glowshroom/sing... (/obj/structure/glowshroom/single), /list (/list), Cave Floor (295,51,2) (/turf/open/floor/plating/asteroid), 1)
[14:33:53]/dmm_suite (/dmm_suite): parse grid("/obj/structure/glowshroom/sing...", "eFL", 295, 51, 2, 1)
[14:33:53]/dmm_suite (/dmm_suite): load map impl(_maps/map_files/Deltastation/D..., 1, 1, 2, null, null, 1, -1e+031, 1e+031, -1e+031, 1e+031)
[14:33:53]/dmm_suite (/dmm_suite): load map(_maps/map_files/Deltastation/D..., 0, 0, 2, null, null, 1, null, null, null, null)
[14:33:53]Mapping (/datum/controller/subsystem/mapping): TryLoadZ("_maps/map_files/Deltastation/D...", /list (/list), 2, null)
[14:33:53]Mapping (/datum/controller/subsystem/mapping): loadWorld()
[14:33:53]Mapping (/datum/controller/subsystem/mapping): Initialize(667685)
[14:33:53]Master (/datum/controller/master): Initialize(10, 0)
runtime error: 
[14:33:53]Cannot execute /datum/plant_gene/trait/glow (/datum/plant_gene/trait/glow).glow range().
[14:33:53]proc name: New (/obj/structure/glowshroom/New)
[14:33:53]  source file: glowshroom.dm,63
[14:33:53]  usr: null
[14:33:53]  src: the glowshroom (/obj/structure/glowshroom/single)
[14:33:53]  src.loc: Cave Floor (258,49,2) (/turf/open/floor/plating/asteroid)
[14:33:53]  call stack:
[14:33:53]the glowshroom (/obj/structure/glowshroom/single): New(Cave Floor (258,49,2) (/turf/open/floor/plating/asteroid), null, null)
[14:33:53]/dmm_suite (/dmm_suite): create atom(/obj/structure/glowshroom/sing... (/obj/structure/glowshroom/single), Cave Floor (258,49,2) (/turf/open/floor/plating/asteroid))
[14:33:53]/dmm_suite (/dmm_suite): instance atom(/obj/structure/glowshroom/sing... (/obj/structure/glowshroom/single), /list (/list), Cave Floor (258,49,2) (/turf/open/floor/plating/asteroid), 1)
[14:33:53]/dmm_suite (/dmm_suite): parse grid("/obj/structure/glowshroom/sing...", "eFL", 258, 49, 2, 1)
[14:33:53]/dmm_suite (/dmm_suite): load map impl(_maps/map_files/Deltastation/D..., 1, 1, 2, null, null, 1, -1e+031, 1e+031, -1e+031, 1e+031)
[14:33:53]/dmm_suite (/dmm_suite): load map(_maps/map_files/Deltastation/D..., 0, 0, 2, null, null, 1, null, null, null, null)
[14:33:53]Mapping (/datum/controller/subsystem/mapping): TryLoadZ("_maps/map_files/Deltastation/D...", /list (/list), 2, null)
[14:33:53]Mapping (/datum/controller/subsystem/mapping): loadWorld()
[14:33:53]Mapping (/datum/controller/subsystem/mapping): Initialize(667685)
[14:33:53]Master (/datum/controller/master): Initialize(10, 0)
runtime error: 
[14:33:53]Cannot execute /datum/plant_gene/trait/glow (/datum/plant_gene/trait/glow).glow range().
[14:33:53]proc name: New (/obj/structure/glowshroom/New)
[14:33:53]  source file: glowshroom.dm,63
[14:33:53]  usr: null
[14:33:53]  src: the glowshroom (/obj/structure/glowshroom/single)
[14:33:53]  src.loc: Cave Floor (275,49,2) (/turf/open/floor/plating/asteroid)
[14:33:53]  call stack:
[14:33:53]the glowshroom (/obj/structure/glowshroom/single): New(Cave Floor (275,49,2) (/turf/open/floor/plating/asteroid), null, null)
[14:33:53]/dmm_suite (/dmm_suite): create atom(/obj/structure/glowshroom/sing... (/obj/structure/glowshroom/single), Cave Floor (275,49,2) (/turf/open/floor/plating/asteroid))
[14:33:53]/dmm_suite (/dmm_suite): instance atom(/obj/structure/glowshroom/sing... (/obj/structure/glowshroom/single), /list (/list), Cave Floor (275,49,2) (/turf/open/floor/plating/asteroid), 1)
[14:33:53]/dmm_suite (/dmm_suite): parse grid("/obj/structure/glowshroom/sing...", "eFL", 275, 49, 2, 1)
[14:33:53]/dmm_suite (/dmm_suite): load map impl(_maps/map_files/Deltastation/D..., 1, 1, 2, null, null, 1, -1e+031, 1e+031, -1e+031, 1e+031)
[14:33:53]/dmm_suite (/dmm_suite): load map(_maps/map_files/Deltastation/D..., 0, 0, 2, null, null, 1, null, null, null, null)
[14:33:53]Mapping (/datum/controller/subsystem/mapping): TryLoadZ("_maps/map_files/Deltastation/D...", /list (/list), 2, null)
[14:33:53]Mapping (/datum/controller/subsystem/mapping): loadWorld()
[14:33:53]Mapping (/datum/controller/subsystem/mapping): Initialize(667685)
[14:33:53]Master (/datum/controller/master): Initialize(10, 0)
runtime error: 
[14:33:53]Cannot execute /datum/plant_gene/trait/glow (/datum/plant_gene/trait/glow).glow range().
[14:33:53]proc name: New (/obj/structure/glowshroom/New)
[14:33:53]  source file: glowshroom.dm,63
[14:33:53]  usr: null
[14:33:53]  src: the glowshroom (/obj/structure/glowshroom/single)
[14:33:53]  src.loc: Cave Floor (261,48,2) (/turf/open/floor/plating/asteroid)
[14:33:53]  call stack:
[14:33:53]the glowshroom (/obj/structure/glowshroom/single): New(Cave Floor (261,48,2) (/turf/open/floor/plating/asteroid), null, null)
[14:33:53]/dmm_suite (/dmm_suite): create atom(/obj/structure/glowshroom/sing... (/obj/structure/glowshroom/single), Cave Floor (261,48,2) (/turf/open/floor/plating/asteroid))
[14:33:53]/dmm_suite (/dmm_suite): instance atom(/obj/structure/glowshroom/sing... (/obj/structure/glowshroom/single), /list (/list), Cave Floor (261,48,2) (/turf/open/floor/plating/asteroid), 1)
[14:33:53]/dmm_suite (/dmm_suite): parse grid("/obj/structure/glowshroom/sing...", "eFL", 261, 48, 2, 1)
[14:33:53]/dmm_suite (/dmm_suite): load map impl(_maps/map_files/Deltastation/D..., 1, 1, 2, null, null, 1, -1e+031, 1e+031, -1e+031, 1e+031)
[14:33:53]/dmm_suite (/dmm_suite): load map(_maps/map_files/Deltastation/D..., 0, 0, 2, null, null, 1, null, null, null, null)
[14:33:53]Mapping (/datum/controller/subsystem/mapping): TryLoadZ("_maps/map_files/Deltastation/D...", /list (/list), 2, null)
[14:33:53]Mapping (/datum/controller/subsystem/mapping): loadWorld()
[14:33:53]Mapping (/datum/controller/subsystem/mapping): Initialize(667685)
[14:33:53]Master (/datum/controller/master): Initialize(10, 0)
runtime error: 
[14:33:53]Cannot execute /datum/plant_gene/trait/glow (/datum/plant_gene/trait/glow).glow range().
[14:33:53]proc name: New (/obj/structure/glowshroom/New)
[14:33:53]  source file: glowshroom.dm,63
[14:33:53]  usr: null
[14:33:53]  src: the glowshroom (/obj/structure/glowshroom/single)
[14:33:53]  src.loc: Cave Floor (292,48,2) (/turf/open/floor/plating/asteroid)
[14:33:53]  call stack:
[14:33:53]the glowshroom (/obj/structure/glowshroom/single): New(Cave Floor (292,48,2) (/turf/open/floor/plating/asteroid), null, null)
[14:33:53]/dmm_suite (/dmm_suite): create atom(/obj/structure/glowshroom/sing... (/obj/structure/glowshroom/single), Cave Floor (292,48,2) (/turf/open/floor/plating/asteroid))
[14:33:53]/dmm_suite (/dmm_suite): instance atom(/obj/structure/glowshroom/sing... (/obj/structure/glowshroom/single), /list (/list), Cave Floor (292,48,2) (/turf/open/floor/plating/asteroid), 1)
[14:33:53]/dmm_suite (/dmm_suite): parse grid("/obj/structure/glowshroom/sing...", "eFL", 292, 48, 2, 1)
[14:33:53]/dmm_suite (/dmm_suite): load map impl(_maps/map_files/Deltastation/D..., 1, 1, 2, null, null, 1, -1e+031, 1e+031, -1e+031, 1e+031)
[14:33:53]/dmm_suite (/dmm_suite): load map(_maps/map_files/Deltastation/D..., 0, 0, 2, null, null, 1, null, null, null, null)
[14:33:53]Mapping (/datum/controller/subsystem/mapping): TryLoadZ("_maps/map_files/Deltastation/D...", /list (/list), 2, null)
[14:33:53]Mapping (/datum/controller/subsystem/mapping): loadWorld()
[14:33:53]Mapping (/datum/controller/subsystem/mapping): Initialize(667685)
[14:33:53]Master (/datum/controller/master): Initialize(10, 0)
runtime error: 
[14:33:53]Cannot execute /datum/plant_gene/trait/glow (/datum/plant_gene/trait/glow).glow range().
[14:33:53]proc name: New (/obj/structure/glowshroom/New)
[14:33:53]  source file: glowshroom.dm,63
runtime error: 
[14:33:53]Cannot execute /datum/plant_gene/trait/glow (/datum/plant_gene/trait/glow).glow range().
[14:33:53]proc name: New (/obj/structure/glowshroom/New)
[14:33:53]  source file: glowshroom.dm,63
runtime error: 
[14:33:53]Cannot execute /datum/plant_gene/trait/glow (/datum/plant_gene/trait/glow).glow range().
[14:33:53]proc name: New (/obj/structure/glowshroom/New)
[14:33:53]  source file: glowshroom.dm,63
runtime error: 
[14:33:53]Cannot execute /datum/plant_gene/trait/glow (/datum/plant_gene/trait/glow).glow range().
[14:33:53]proc name: New (/obj/structure/glowshroom/New)
[14:33:53]  source file: glowshroom.dm,63
runtime error: 
[14:33:53]Cannot execute /datum/plant_gene/trait/glow (/datum/plant_gene/trait/glow).glow range().
[14:33:53]proc name: New (/obj/structure/glowshroom/New)
[14:33:53]  source file: glowshroom.dm,63
runtime error: 
[14:33:53]Cannot execute /datum/plant_gene/trait/glow (/datum/plant_gene/trait/glow).glow range().
[14:33:53]proc name: New (/obj/structure/glowshroom/New)
[14:33:53]  source file: glowshroom.dm,63
runtime error: 
[14:33:53]Cannot execute /datum/plant_gene/trait/glow (/datum/plant_gene/trait/glow).glow range().
[14:33:53]proc name: New (/obj/structure/glowshroom/New)
[14:33:53]  source file: glowshroom.dm,63
runtime error: 
[14:33:53]Cannot execute /datum/plant_gene/trait/glow (/datum/plant_gene/trait/glow).glow range().
[14:33:53]proc name: New (/obj/structure/glowshroom/New)
[14:33:53]  source file: glowshroom.dm,63
runtime error: 
[14:33:53]Cannot execute /datum/plant_gene/trait/glow (/datum/plant_gene/trait/glow).glow range().
[14:33:53]proc name: New (/obj/structure/glowshroom/New)
[14:33:53]  source file: glowshroom.dm,63
runtime error: 
[14:33:54]Cannot execute /datum/plant_gene/trait/glow (/datum/plant_gene/trait/glow).glow range().
[14:33:54]proc name: New (/obj/structure/glowshroom/New)
[14:33:54]  source file: glowshroom.dm,63
runtime error: 
[14:33:54]Cannot execute /datum/plant_gene/trait/glow (/datum/plant_gene/trait/glow).glow range().
[14:33:54]proc name: New (/obj/structure/glowshroom/New)
[14:33:54]  source file: glowshroom.dm,63
runtime error: 
[14:33:54]Cannot execute /datum/plant_gene/trait/glow (/datum/plant_gene/trait/glow).glow range().
[14:33:54]proc name: New (/obj/structure/glowshroom/New)
[14:33:54]  source file: glowshroom.dm,63
runtime error: 
[14:33:54]Cannot execute /datum/plant_gene/trait/glow (/datum/plant_gene/trait/glow).glow range().
[14:33:54]proc name: New (/obj/structure/glowshroom/New)
[14:33:54]  source file: glowshroom.dm,63
runtime error: 
[14:33:54]Cannot execute /datum/plant_gene/trait/glow (/datum/plant_gene/trait/glow).glow range().
[14:33:54]proc name: New (/obj/structure/glowshroom/New)
[14:33:54]  source file: glowshroom.dm,63
runtime error: 
[14:33:54]Cannot execute /datum/plant_gene/trait/glow (/datum/plant_gene/trait/glow).glow range().
[14:33:54]proc name: New (/obj/structure/glowshroom/New)
[14:33:54]  source file: glowshroom.dm,63
runtime error: 
[14:33:54]Cannot execute /datum/plant_gene/trait/glow (/datum/plant_gene/trait/glow).glow range().
[14:33:54]proc name: New (/obj/structure/glowshroom/New)
[14:33:54]  source file: glowshroom.dm,63
runtime error: 
[14:33:54]Cannot execute /datum/plant_gene/trait/glow (/datum/plant_gene/trait/glow).glow range().
[14:33:54]proc name: New (/obj/structure/glowshroom/New)
[14:33:54]  source file: glowshroom.dm,63
runtime error: 
[14:33:54]Cannot execute /datum/plant_gene/trait/glow (/datum/plant_gene/trait/glow).glow range().
[14:33:54]proc name: New (/obj/structure/glowshroom/New)
[14:33:54]  source file: glowshroom.dm,63
runtime error: 
[14:33:54]Cannot execute /datum/plant_gene/trait/glow (/datum/plant_gene/trait/glow).glow range().
[14:33:54]proc name: New (/obj/structure/glowshroom/New)
[14:33:54]  source file: glowshroom.dm,63
runtime error: 
[14:33:54]Cannot execute /datum/plant_gene/trait/glow (/datum/plant_gene/trait/glow).glow range().
[14:33:54]proc name: New (/obj/structure/glowshroom/New)
[14:33:54]  source file: glowshroom.dm,63
runtime error: 
[14:33:54]Cannot execute /datum/plant_gene/trait/glow (/datum/plant_gene/trait/glow).glow range().
[14:33:54]proc name: New (/obj/structure/glowshroom/New)
[14:33:54]  source file: glowshroom.dm,63
runtime error: 
[14:33:54]Cannot execute /datum/plant_gene/trait/glow (/datum/plant_gene/trait/glow).glow range().
[14:33:54]proc name: New (/obj/structure/glowshroom/New)
[14:33:54]  source file: glowshroom.dm,63
runtime error: 
[14:33:54]Cannot execute /datum/plant_gene/trait/glow (/datum/plant_gene/trait/glow).glow range().
[14:33:54]proc name: New (/obj/structure/glowshroom/New)
[14:33:54]  source file: glowshroom.dm,63
runtime error: 
[14:33:54]Cannot execute /datum/plant_gene/trait/glow (/datum/plant_gene/trait/glow).glow range().
[14:33:54]proc name: New (/obj/structure/glowshroom/New)
[14:33:54]  source file: glowshroom.dm,63
runtime error: 
[14:33:54]Cannot execute /datum/plant_gene/trait/glow (/datum/plant_gene/trait/glow).glow range().
[14:33:54]proc name: New (/obj/structure/glowshroom/New)
[14:33:54]  source file: glowshroom.dm,63
runtime error: 
[14:33:54]Cannot execute /datum/plant_gene/trait/glow (/datum/plant_gene/trait/glow).glow range().
[14:33:54]proc name: New (/obj/structure/glowshroom/New)
[14:33:54]  source file: glowshroom.dm,63
Loaded station in 66.3s!
Initialized Mapping subsystem within 70.3 seconds!
runtime error: 
[14:33:59]Cannot execute null.add reagent().
[14:33:59]proc name: Initialize (/obj/effect/decal/cleanable/blood/gibs/Initialize)
[14:33:59]  source file: humans.dm,57
runtime error: 
[14:33:59]Cannot execute null.add reagent().
[14:33:59]proc name: Initialize (/obj/effect/decal/cleanable/blood/gibs/Initialize)
[14:33:59]  source file: humans.dm,57
runtime error: 
[14:33:59]Cannot execute null.add reagent().
[14:33:59]proc name: Initialize (/obj/effect/decal/cleanable/blood/gibs/Initialize)
[14:33:59]  source file: humans.dm,57
runtime error: 
[14:33:59]Cannot execute null.add reagent().
[14:33:59]proc name: Initialize (/obj/effect/decal/cleanable/blood/gibs/Initialize)
[14:33:59]  source file: humans.dm,57
runtime error: 
[14:33:59]Cannot execute null.add reagent().
[14:33:59]proc name: Initialize (/obj/effect/decal/cleanable/oil/Initialize)
[14:33:59]  source file: robots.dm,52
runtime error: 
[14:33:59]Cannot execute null.add reagent().
[14:33:59]proc name: Initialize (/obj/effect/decal/cleanable/oil/Initialize)
[14:33:59]  source file: robots.dm,52
runtime error: 
[14:34:01]Cannot execute null.add reagent().
[14:34:01]proc name: Initialize (/obj/effect/decal/cleanable/oil/Initialize)
[14:34:01]  source file: robots.dm,52
runtime error: 
[14:34:01]Cannot execute null.add reagent().
[14:34:01]proc name: Initialize (/obj/effect/decal/cleanable/oil/Initialize)
[14:34:01]  source file: robots.dm,52
runtime error: 
[14:34:01]Cannot execute null.add reagent().
[14:34:01]proc name: Initialize (/obj/effect/decal/cleanable/oil/Initialize)
[14:34:01]  source file: robots.dm,52
runtime error: 
[14:34:01]Cannot execute null.add reagent().
[14:34:01]proc name: Initialize (/obj/effect/decal/cleanable/blood/gibs/Initialize)
[14:34:01]  source file: humans.dm,57
runtime error: 
[14:34:01]Cannot execute null.add reagent().
[14:34:01]proc name: Initialize (/obj/effect/decal/cleanable/oil/Initialize)
[14:34:01]  source file: robots.dm,52
runtime error: 
[14:34:01]Cannot execute null.add reagent().
[14:34:01]proc name: Initialize (/obj/effect/decal/cleanable/blood/gibs/Initialize)
[14:34:01]  source file: humans.dm,57
runtime error: 
[14:34:01]Cannot execute null.add reagent().
[14:34:01]proc name: Initialize (/obj/effect/decal/cleanable/oil/Initialize)
[14:34:01]  source file: robots.dm,52
runtime error: 
[14:34:01]Cannot execute null.add reagent().
[14:34:01]proc name: Initialize (/obj/effect/decal/cleanable/blood/gibs/Initialize)
[14:34:01]  source file: humans.dm,57
runtime error: 
[14:34:02]Cannot execute null.add reagent().
[14:34:02]proc name: Initialize (/obj/effect/decal/cleanable/oil/Initialize)
[14:34:02]  source file: robots.dm,52
runtime error: 
[14:34:02]Cannot execute null.add reagent().
[14:34:02]proc name: Initialize (/obj/effect/decal/cleanable/oil/Initialize)
[14:34:02]  source file: robots.dm,52
runtime error: 
[14:34:02]Cannot execute null.add reagent().
[14:34:02]proc name: Initialize (/obj/effect/decal/cleanable/oil/Initialize)
[14:34:02]  source file: robots.dm,52
runtime error: 
[14:34:02]Cannot execute null.add reagent().
[14:34:02]proc name: Initialize (/obj/effect/decal/cleanable/oil/Initialize)
[14:34:02]  source file: robots.dm,52
runtime error: 
[14:34:02]Cannot execute null.add reagent().
[14:34:02]proc name: Initialize (/obj/effect/decal/cleanable/oil/Initialize)
[14:34:02]  source file: robots.dm,52
runtime error: 
[14:34:02]Cannot execute null.add reagent().
[14:34:02]proc name: Initialize (/obj/effect/decal/cleanable/oil/Initialize)
[14:34:02]  source file: robots.dm,52
runtime error: 
[14:34:02]Cannot execute null.add reagent().
[14:34:02]proc name: Initialize (/obj/effect/decal/cleanable/oil/Initialize)
[14:34:02]  source file: robots.dm,52
runtime error: 
[14:34:02]Cannot execute null.add reagent().
[14:34:02]proc name: Initialize (/obj/effect/decal/cleanable/oil/Initialize)
[14:34:02]  source file: robots.dm,52
runtime error: 
[14:34:02]Cannot execute null.add reagent().
[14:34:02]proc name: Initialize (/obj/effect/decal/cleanable/oil/Initialize)
[14:34:02]  source file: robots.dm,52
runtime error: 
[14:34:02]Cannot execute null.add reagent().
[14:34:02]proc name: Initialize (/obj/effect/decal/cleanable/oil/Initialize)
[14:34:02]  source file: robots.dm,52
runtime error: 
[14:34:02]Cannot execute null.add reagent().
[14:34:02]proc name: Initialize (/obj/effect/decal/cleanable/oil/Initialize)
[14:34:02]  source file: robots.dm,52
runtime error: 
[14:34:03]Cannot execute null.add reagent().
[14:34:03]proc name: Initialize (/obj/effect/decal/cleanable/oil/Initialize)
[14:34:03]  source file: robots.dm,52
runtime error: 
[14:34:03]Cannot execute null.add reagent().
[14:34:03]proc name: Initialize (/obj/effect/decal/cleanable/oil/Initialize)
[14:34:03]  source file: robots.dm,52
runtime error: 
[14:34:03]Cannot execute null.add reagent().
[14:34:03]proc name: Initialize (/obj/effect/decal/cleanable/oil/Initialize)
[14:34:03]  source file: robots.dm,52
runtime error: 
[14:34:03]Cannot execute null.add reagent().
[14:34:03]proc name: Initialize (/obj/effect/decal/cleanable/oil/Initialize)
[14:34:03]  source file: robots.dm,52
runtime error: 
[14:34:03]Cannot execute null.add reagent().
[14:34:03]proc name: Initialize (/obj/effect/decal/cleanable/oil/Initialize)
[14:34:03]  source file: robots.dm,52
runtime error: 
[14:34:03]Cannot execute null.add reagent().
[14:34:03]proc name: Initialize (/obj/effect/decal/cleanable/oil/Initialize)
[14:34:03]  source file: robots.dm,52
runtime error: 
[14:34:04]Cannot execute null.add reagent().
[14:34:04]proc name: Initialize (/obj/effect/decal/cleanable/oil/Initialize)
[14:34:04]  source file: robots.dm,52
runtime error: 
[14:34:04]Cannot execute null.add reagent().
[14:34:04]proc name: Initialize (/obj/effect/decal/cleanable/oil/Initialize)
[14:34:04]  source file: robots.dm,52
runtime error: 
[14:34:04]Cannot execute null.add reagent().
[14:34:04]proc name: Initialize (/obj/effect/decal/cleanable/oil/Initialize)
[14:34:04]  source file: robots.dm,52
runtime error: 
[14:34:04]Cannot execute null.add reagent().
[14:34:04]proc name: Initialize (/obj/effect/decal/cleanable/oil/Initialize)
[14:34:04]  source file: robots.dm,52
runtime error: 
[14:34:05]Cannot execute null.add reagent().
[14:34:05]proc name: Initialize (/obj/effect/decal/cleanable/oil/Initialize)
[14:34:05]  source file: robots.dm,52
runtime error: 
[14:34:05]Cannot execute null.add reagent().
[14:34:05]proc name: Initialize (/obj/effect/decal/cleanable/oil/Initialize)
[14:34:05]  source file: robots.dm,52
runtime error: 
[14:34:05]Cannot execute null.add reagent().
[14:34:05]proc name: Initialize (/obj/effect/decal/cleanable/oil/Initialize)
[14:34:05]  source file: robots.dm,52
runtime error: 
[14:34:05]Cannot execute null.add reagent().
[14:34:05]proc name: Initialize (/obj/effect/decal/cleanable/oil/Initialize)
[14:34:05]  source file: robots.dm,52
runtime error: 
[14:34:05]Cannot execute null.add reagent().
[14:34:05]proc name: Initialize (/obj/effect/decal/cleanable/oil/Initialize)
[14:34:05]  source file: robots.dm,52
runtime error: 
[14:34:05]Cannot execute null.add reagent().
[14:34:05]proc name: Initialize (/obj/effect/decal/cleanable/oil/Initialize)
[14:34:05]  source file: robots.dm,52
runtime error: 
[14:34:05]Cannot execute null.add reagent().
[14:34:05]proc name: Initialize (/obj/effect/decal/cleanable/oil/Initialize)
[14:34:05]  source file: robots.dm,52
runtime error: 
[14:34:06]Cannot execute null.add reagent().
[14:34:06]proc name: Initialize (/obj/effect/decal/cleanable/oil/Initialize)
[14:34:06]  source file: robots.dm,52
runtime error: 
[14:34:07]Cannot execute null.add reagent().
[14:34:07]proc name: Initialize (/obj/effect/decal/cleanable/oil/Initialize)
[14:34:07]  source file: robots.dm,52
runtime error: 
[14:34:07]Cannot execute null.add reagent().
[14:34:07]proc name: Initialize (/obj/effect/decal/cleanable/oil/Initialize)
[14:34:07]  source file: robots.dm,52
runtime error: 
[14:34:09]Cannot execute null.add reagent().
[14:34:09]proc name: Initialize (/obj/effect/decal/cleanable/oil/Initialize)
[14:34:09]  source file: robots.dm,52
runtime error: 
[14:34:09]Cannot execute null.add reagent().
[14:34:09]proc name: Initialize (/obj/effect/decal/cleanable/oil/Initialize)
[14:34:09]  source file: robots.dm,52
runtime error: 
[14:34:09]Cannot execute null.add reagent().
[14:34:09]proc name: Initialize (/obj/effect/decal/cleanable/oil/Initialize)
[14:34:09]  source file: robots.dm,52
runtime error: 
[14:34:09]Cannot execute null.add reagent().
[14:34:09]proc name: Initialize (/obj/effect/decal/cleanable/oil/Initialize)
[14:34:09]  source file: robots.dm,52
runtime error: 
[14:34:09]Cannot execute null.add reagent().
[14:34:09]proc name: Initialize (/obj/effect/decal/cleanable/oil/Initialize)
[14:34:09]  source file: robots.dm,52
runtime error: 
[14:34:10]Cannot execute null.add reagent().
[14:34:10]proc name: Initialize (/obj/effect/decal/cleanable/oil/Initialize)
[14:34:10]  source file: robots.dm,52
runtime error: 
[14:34:10]Cannot execute null.add reagent().
[14:34:10]proc name: Initialize (/obj/effect/decal/cleanable/oil/Initialize)
[14:34:10]  source file: robots.dm,52
runtime error: 
[14:34:10]Cannot execute null.add reagent().
[14:34:10]Warning: further proc crash messages are being suppressed to prevent overload...
runtime error: 
[14:34:12]Undefined variable /obj/item/rupee/var/swimming

runtime error: 
[14:34:12]Undefined variable /obj/item/rupee/var/swimming

runtime error: 
[14:34:12]Undefined variable /obj/item/rupee/var/swimming

runtime error: 
[14:34:12]Undefined variable /obj/structure/signpost/salvation/var/swimming

runtime error: 
[14:34:12]Undefined variable /obj/item/rupee/var/swimming

runtime error: 
[14:34:12]Undefined variable /obj/item/rupee/var/swimming

runtime error: 
[14:34:12]Undefined variable /obj/item/rupee/var/swimming

runtime error: 
[14:34:12]Undefined variable /obj/item/rupee/var/swimming

runtime error: 
[14:34:12]Undefined variable /obj/item/rupee/var/swimming

runtime error: 
[14:34:12]Undefined variable /obj/item/rupee/var/swimming

runtime error: 
[14:34:12]Undefined variable /obj/effect/landmark/error/var/swimming

runtime error: 
[14:34:12]Undefined variable /obj/item/rupee/var/swimming

runtime error: 
[14:34:12]Undefined variable /obj/item/rupee/var/swimming

runtime error: 
[14:34:12]Undefined variable /obj/item/rupee/var/swimming

runtime error: 
[14:34:12]Undefined variable /obj/item/rupee/var/swimming

runtime error: 
[14:34:12]Undefined variable /obj/item/rupee/var/swimming

runtime error: 
[14:34:12]Undefined variable /obj/item/rupee/var/swimming

runtime error: 
[14:34:12]Undefined variable /obj/item/rupee/var/swimming

runtime error: 
[14:34:12]Undefined variable /obj/item/rupee/var/swimming

runtime error: 
[14:34:12]Undefined variable /obj/item/rupee/var/swimming

runtime error: 
[14:34:12]Undefined variable /obj/item/rupee/var/swimming

runtime error: 
[14:34:12]Undefined variable /obj/item/rupee/var/swimming

runtime error: 
[14:34:12]Undefined variable /obj/item/rupee/var/swimming

runtime error: 
[14:34:12]Undefined variable /obj/item/rupee/var/swimming

runtime error: 
[14:34:12]Undefined variable /obj/item/rupee/var/swimming

runtime error: 
[14:34:12]Undefined variable /obj/item/rupee/var/swimming

runtime error: 
[14:34:12]Undefined variable /obj/item/rupee/var/swimming

runtime error: 
[14:34:12]Undefined variable /obj/item/rupee/var/swimming

runtime error: 
[14:34:12]Undefined variable /obj/item/rupee/var/swimming

runtime error: 
[14:34:12]Undefined variable /obj/item/rupee/var/swimming

runtime error: 
[14:34:12]Undefined variable /obj/item/rupee/var/swimming

runtime error: 
[14:34:12]Undefined variable /obj/item/rupee/var/swimming

runtime error: 
[14:34:12]Undefined variable /obj/item/rupee/var/swimming

runtime error: 
[14:34:12]Undefined variable /obj/item/rupee/var/swimming

runtime error: 
[14:34:12]Undefined variable /obj/item/rupee/var/swimming

runtime error: 
[14:34:12]Undefined variable /obj/item/rupee/var/swimming

runtime error: 
[14:34:12]Undefined variable /obj/item/rupee/var/swimming

runtime error: 
[14:34:12]Undefined variable /obj/item/rupee/var/swimming

runtime error: 
[14:34:12]Undefined variable /obj/item/rupee/var/swimming

runtime error: 
[14:34:12]Undefined variable /obj/item/rupee/var/swimming

runtime error: 
[14:34:12]Undefined variable /obj/item/rupee/var/swimming

runtime error: 
[14:34:12]Undefined variable /obj/item/rupee/var/swimming

runtime error: 
[14:34:12]Undefined variable /obj/item/rupee/var/swimming

runtime error: 
[14:34:12]Undefined variable /obj/item/rupee/var/swimming

runtime error: 
[14:34:12]Undefined variable /obj/item/rupee/var/swimming

runtime error: 
[14:34:12]Undefined variable /obj/item/rupee/var/swimming

runtime error: 
[14:34:12]Undefined variable /obj/item/rupee/var/swimming

runtime error: 
[14:34:12]Undefined variable /obj/structure/speaking_tile/var/swimming

runtime error: 
[14:34:12]Undefined variable /obj/machinery/abductor/gland_dispenser/var/swimming

runtime error: 
[14:34:12]Undefined variable /obj/structure/table/abductor/var/swimming

runtime error: 
[14:34:12]Undefined variable /obj/item/surgicaldrill/alien/var/swimming

runtime error: 
[14:34:13]undefined proc or verb /mob/living/simple_animal/bot/medbot/mysterious/remove overlay().

runtime error: 
[14:34:13]undefined proc or verb /mob/living/simple_animal/hostile/creature/remove overlay().

runtime error: 
[14:34:13]undefined proc or verb /mob/living/simple_animal/hostile/carp/cayenne/remove overlay().

runtime error: 
[14:34:14]undefined proc or verb /mob/dead/new_player/remove overlay().

runtime error: 
[14:34:16]Cannot execute null.add reagent().
runtime error: 
[14:34:16]Cannot execute null.add reagent().
runtime error: 
[14:34:17]Cannot execute null.add reagent().
runtime error: 
[14:34:17]Cannot execute null.add reagent().
runtime error: 
[14:34:17]undefined proc or verb /mob/living/simple_animal/bot/medbot/remove overlay().

runtime error: 
[14:34:17]undefined proc or verb /mob/living/simple_animal/cockroach/remove overlay().

runtime error: 
[14:34:17]undefined proc or verb /mob/living/simple_animal/cockroach/remove overlay().

runtime error: 
[14:34:17]Cannot execute null.add reagent().
runtime error: 
[14:34:17]undefined proc or verb /mob/living/simple_animal/cockroach/remove overlay().

runtime error: 
[14:34:17]undefined proc or verb /mob/living/simple_animal/cockroach/remove overlay().

runtime error: 
[14:34:17]undefined proc or verb /mob/living/simple_animal/cockroach/remove overlay().

runtime error: 
[14:34:17]undefined proc or verb /mob/living/simple_animal/pet/cat/Runtime/remove overlay().

runtime error: 
[14:34:17]undefined proc or verb /mob/living/simple_animal/cockroach/remove overlay().

runtime error: 
[14:34:17]undefined proc or verb /mob/living/simple_animal/pet/dog/pug/remove overlay().

runtime error: 
[14:34:17]undefined proc or verb /mob/living/simple_animal/cockroach/remove overlay().

runtime error: 
[14:34:17]undefined proc or verb /mob/living/simple_animal/cockroach/remove overlay().

runtime error: 
[14:34:17]undefined proc or verb /mob/living/simple_animal/cockroach/remove overlay().

runtime error: 
[14:34:17]undefined proc or verb /mob/living/simple_animal/slime/remove overlay().

runtime error: 
[14:34:18]undefined proc or verb /mob/living/simple_animal/slime/remove overlay().

runtime error: 
[14:34:18]undefined proc or verb /mob/living/simple_animal/slime/remove overlay().

runtime error: 
[14:34:18]undefined proc or verb /mob/living/simple_animal/cockroach/remove overlay().

runtime error: 
[14:34:18]undefined proc or verb /mob/living/simple_animal/cockroach/remove overlay().

runtime error: 
[14:34:18]undefined proc or verb /mob/living/simple_animal/pet/dog/corgi/Ian/remove overlay().

runtime error: 
[14:34:18]undefined proc or verb /mob/living/simple_animal/bot/secbot/pingsky/remove overlay().

runtime error: 
[14:34:18]undefined proc or verb /mob/living/simple_animal/parrot/Poly/remove overlay().

runtime error: 
[14:34:18]undefined proc or verb /mob/living/simple_animal/bot/secbot/beepsky/remove overlay().

runtime error: 
[14:34:19]undefined proc or verb /mob/living/simple_animal/pet/fox/Renault/remove overlay().

runtime error: 
[14:34:19]undefined proc or verb /mob/living/simple_animal/hostile/carp/cayenne/remove overlay().

runtime error: 
[14:34:19]undefined proc or verb /mob/living/simple_animal/cockroach/remove overlay().

runtime error: 
[14:34:19]undefined proc or verb /mob/living/simple_animal/hostile/retaliate/goat/remove overlay().

runtime error: 
[14:34:19]undefined proc or verb /mob/living/simple_animal/sloth/citrus/remove overlay().

runtime error: 
[14:34:19]undefined proc or verb /mob/living/simple_animal/cockroach/remove overlay().

runtime error: 
[14:34:19]undefined proc or verb /mob/living/simple_animal/mouse/remove overlay().

runtime error: 
[14:34:19]undefined proc or verb /mob/living/simple_animal/mouse/remove overlay().

runtime error: 
[14:34:19]undefined proc or verb /mob/living/simple_animal/bot/mulebot/remove overlay().

runtime error: 
[14:34:20]undefined proc or verb /mob/living/simple_animal/bot/mulebot/remove overlay().

runtime error: 
[14:34:20]undefined proc or verb /mob/living/simple_animal/cockroach/remove overlay().

runtime error: 
[14:34:20]undefined proc or verb /mob/living/simple_animal/hostile/lizard/remove overlay().

runtime error: 
[14:34:20]undefined proc or verb /mob/living/simple_animal/cockroach/remove overlay().

runtime error: 
[14:34:20]undefined proc or verb /mob/living/simple_animal/cockroach/remove overlay().

runtime error: 
[14:34:20]undefined proc or verb /mob/living/simple_animal/cockroach/remove overlay().

runtime error: 
[14:34:22]undefined proc or verb /mob/living/simple_animal/hostile/asteroid/basilisk/watcher/random/remove overlay().

runtime error: 
[14:34:22]undefined proc or verb /mob/living/simple_animal/hostile/asteroid/goliath/beast/random/remove overlay().

runtime error: 
[14:34:22]undefined proc or verb /mob/living/simple_animal/hostile/asteroid/basilisk/watcher/random/remove overlay().

runtime error: 
[14:34:22]undefined proc or verb /mob/living/simple_animal/bot/secbot/beepsky/remove overlay().

runtime error: 
[14:34:22]undefined proc or verb /mob/living/simple_animal/hostile/asteroid/goliath/beast/random/remove overlay().

runtime error: 
[14:34:23]undefined proc or verb /mob/living/simple_animal/hostile/asteroid/hivelord/legion/random/remove overlay().

runtime error: 
[14:34:23]undefined proc or verb /mob/living/simple_animal/hostile/asteroid/basilisk/watcher/random/remove overlay().

runtime error: 
[14:34:23]undefined proc or verb /mob/living/simple_animal/hostile/asteroid/basilisk/watcher/random/remove overlay().

runtime error: 
[14:34:23]undefined proc or verb /mob/living/simple_animal/hostile/asteroid/hivelord/legion/random/remove overlay().

runtime error: 
[14:34:23]undefined proc or verb /mob/living/simple_animal/hostile/asteroid/goliath/beast/random/remove overlay().

runtime error: 
[14:34:23]undefined proc or verb /mob/living/simple_animal/hostile/asteroid/goliath/beast/random/remove overlay().

Initialized 1.4841e+006 atoms
Initialized Atoms subsystem within 38.8 seconds!
Initialized Language subsystem within 0 seconds!
Initialized Machines subsystem within 0.4 seconds!
Initialized Circuit subsystem within 0 seconds!
Initialized Weather subsystem within 0 seconds!
