

Starting up round ID . 20:26:24
---------------------
Initialized Blackbox subsystem within 0 seconds!
Initialized Server Tasks subsystem within 0 seconds!
Initialized Events subsystem within 0 seconds!
runtime error: 
[20:26:25]cannot read from list
[20:26:25]proc name: LoadJobs (/datum/controller/subsystem/job/proc/LoadJobs)
[20:26:25]  source file: job.dm,448
[20:26:25]  usr: null
[20:26:25]  src: Jobs (/datum/controller/subsystem/job)
[20:26:25]  call stack:
[20:26:25]Jobs (/datum/controller/subsystem/job): LoadJobs()
[20:26:25]Jobs (/datum/controller/subsystem/job): Initialize(843852)
[20:26:25]Master (/datum/controller/master): Initialize(10, 0)
Initialized Jobs subsystem within 0 seconds!
Initialized Ticker subsystem within 0.1 seconds!
Loading Delta Station...
Loaded station in 33.3s!
Ruin "Hierophant's Arena" placed at (219, 211, 5)
Ruin "UFO Crash" placed at (180, 84, 5)
Ruin "Ruin of Greed" placed at (53, 184, 5)
Ruin "Crashed Shuttle" placed at (207, 29, 5)
Ruin "Biodome Winter" placed at (151, 119, 5)
Ruin "Ripley" placed at (175, 194, 5)
Ruin "Fountain Hall" placed at (86, 177, 5)
Ruin "Animal Hospital" placed at (192, 170, 5)
Ruin "UFO Crash" placed at (151, 212, 5)
Ruin "Syndicate Listening Station" placed at (124, 187, 7)
Ruin "A Giant Ball of Paper in Space" placed at (76, 44, 4)
Ruin "Derelict 6" placed at (212, 52, 11)
Ruin "Ordinary Space Tile" placed at (61, 26, 9)
Ruin "Empty Shell" placed at (113, 143, 4)
Ruin "DJ Station" placed at (182, 117, 10)
Ruin "Asteroid 1" placed at (145, 34, 7)
Ruin "Derelict Tradepost" placed at (206, 75, 3)
runtime error: 
[20:27:06]Cannot execute /datum/plant_gene/trait/glow (/datum/plant_gene/trait/glow).glow range().
[20:27:06]proc name: New (/obj/structure/glowshroom/New)
[20:27:06]  source file: glowshroom.dm,63
[20:27:06]  usr: null
[20:27:06]  src: the glowshroom (/obj/structure/glowshroom/single)
[20:27:06]  src.loc: the floor (192,75,3) (/turf/open/floor/plasteel)
[20:27:06]  call stack:
[20:27:06]the glowshroom (/obj/structure/glowshroom/single): New(the floor (192,75,3) (/turf/open/floor/plasteel), null, null)
[20:27:06]/dmm_suite (/dmm_suite): create atom(/obj/structure/glowshroom/sing... (/obj/structure/glowshroom/single), the floor (192,75,3) (/turf/open/floor/plasteel))
[20:27:06]/dmm_suite (/dmm_suite): instance atom(/obj/structure/glowshroom/sing... (/obj/structure/glowshroom/single), /list (/list), the floor (192,75,3) (/turf/open/floor/plasteel), 1)
[20:27:06]/dmm_suite (/dmm_suite): parse grid("\n/obj/structure/alien/weeds{\...", "da", 192, 75, 3, 1)
[20:27:06]/dmm_suite (/dmm_suite): load map impl(_maps/RandomRuins/SpaceRuins/b..., 186, 55, 3, 1, null, 1, -1e+031, 1e+031, -1e+031, 1e+031)
[20:27:06]/dmm_suite (/dmm_suite): load map(_maps/RandomRuins/SpaceRuins/b..., 186, 55, 3, 1, null, 1, null, null, null, null)
[20:27:06]Derelict Tradepost (/datum/map_template/ruin/space/bigderelict1): load(space (186,55,3) (/turf/open/space/basic), 1)
[20:27:06]the random ruin (/obj/effect/ruin_loader): Load(/list (/list), Derelict Tradepost (/datum/map_template/ruin/space/bigderelict1))
[20:27:06]seedRuins(/list (/list), 9, /area/space (/area/space), /list (/list))
[20:27:06]Mapping (/datum/controller/subsystem/mapping): Initialize(843853)
[20:27:06]Master (/datum/controller/master): Initialize(10, 0)
runtime error: 
[20:27:06]Cannot execute /datum/plant_gene/trait/glow (/datum/plant_gene/trait/glow).glow range().
[20:27:06]proc name: New (/obj/structure/glowshroom/New)
[20:27:06]  source file: glowshroom.dm,63
[20:27:06]  usr: null
[20:27:06]  src: the glowshroom (/obj/structure/glowshroom/single)
[20:27:06]  src.loc: the asteroid sand (196,73,3) (/turf/open/floor/plating/asteroid)
[20:27:06]  call stack:
[20:27:06]the glowshroom (/obj/structure/glowshroom/single): New(the asteroid sand (196,73,3) (/turf/open/floor/plating/asteroid), null, null)
[20:27:06]/dmm_suite (/dmm_suite): create atom(/obj/structure/glowshroom/sing... (/obj/structure/glowshroom/single), the asteroid sand (196,73,3) (/turf/open/floor/plating/asteroid))
[20:27:06]/dmm_suite (/dmm_suite): instance atom(/obj/structure/glowshroom/sing... (/obj/structure/glowshroom/single), /list (/list), the asteroid sand (196,73,3) (/turf/open/floor/plating/asteroid), 1)
[20:27:06]/dmm_suite (/dmm_suite): parse grid("\n/obj/effect/decal/cleanable/...", "dy", 196, 73, 3, 1)
[20:27:06]/dmm_suite (/dmm_suite): load map impl(_maps/RandomRuins/SpaceRuins/b..., 186, 55, 3, 1, null, 1, -1e+031, 1e+031, -1e+031, 1e+031)
[20:27:06]/dmm_suite (/dmm_suite): load map(_maps/RandomRuins/SpaceRuins/b..., 186, 55, 3, 1, null, 1, null, null, null, null)
[20:27:06]Derelict Tradepost (/datum/map_template/ruin/space/bigderelict1): load(space (186,55,3) (/turf/open/space/basic), 1)
[20:27:06]the random ruin (/obj/effect/ruin_loader): Load(/list (/list), Derelict Tradepost (/datum/map_template/ruin/space/bigderelict1))
[20:27:06]seedRuins(/list (/list), 9, /area/space (/area/space), /list (/list))
[20:27:06]Mapping (/datum/controller/subsystem/mapping): Initialize(843853)
[20:27:06]Master (/datum/controller/master): Initialize(10, 0)
runtime error: 
[20:27:06]Cannot execute /datum/plant_gene/trait/glow (/datum/plant_gene/trait/glow).glow range().
[20:27:06]proc name: New (/obj/structure/glowshroom/New)
[20:27:06]  source file: glowshroom.dm,63
[20:27:06]  usr: null
[20:27:06]  src: the glowshroom (/obj/structure/glowshroom/single)
[20:27:06]  src.loc: the shuttle floor (200,82,3) (/turf/open/floor/mineral/titanium/blue)
[20:27:06]  call stack:
[20:27:06]the glowshroom (/obj/structure/glowshroom/single): New(the shuttle floor (200,82,3) (/turf/open/floor/mineral/titanium/blue), null, null)
[20:27:06]/dmm_suite (/dmm_suite): create atom(/obj/structure/glowshroom/sing... (/obj/structure/glowshroom/single), the shuttle floor (200,82,3) (/turf/open/floor/mineral/titanium/blue))
[20:27:06]/dmm_suite (/dmm_suite): instance atom(/obj/structure/glowshroom/sing... (/obj/structure/glowshroom/single), /list (/list), the shuttle floor (200,82,3) (/turf/open/floor/mineral/titanium/blue), 1)
[20:27:06]/dmm_suite (/dmm_suite): parse grid("\n/obj/structure/alien/weeds{\...", "bg", 200, 82, 3, 1)
[20:27:06]/dmm_suite (/dmm_suite): load map impl(_maps/RandomRuins/SpaceRuins/b..., 186, 55, 3, 1, null, 1, -1e+031, 1e+031, -1e+031, 1e+031)
[20:27:06]/dmm_suite (/dmm_suite): load map(_maps/RandomRuins/SpaceRuins/b..., 186, 55, 3, 1, null, 1, null, null, null, null)
[20:27:06]Derelict Tradepost (/datum/map_template/ruin/space/bigderelict1): load(space (186,55,3) (/turf/open/space/basic), 1)
[20:27:06]the random ruin (/obj/effect/ruin_loader): Load(/list (/list), Derelict Tradepost (/datum/map_template/ruin/space/bigderelict1))
[20:27:06]seedRuins(/list (/list), 9, /area/space (/area/space), /list (/list))
[20:27:06]Mapping (/datum/controller/subsystem/mapping): Initialize(843853)
[20:27:06]Master (/datum/controller/master): Initialize(10, 0)
runtime error: 
[20:27:06]Cannot execute /datum/plant_gene/trait/glow (/datum/plant_gene/trait/glow).glow range().
[20:27:06]proc name: New (/obj/structure/glowshroom/New)
[20:27:06]  source file: glowshroom.dm,63
[20:27:06]  usr: null
[20:27:06]  src: the glowshroom (/obj/structure/glowshroom/single)
[20:27:06]  src.loc: the floor (202,77,3) (/turf/open/floor/plasteel)
[20:27:06]  call stack:
[20:27:06]the glowshroom (/obj/structure/glowshroom/single): New(the floor (202,77,3) (/turf/open/floor/plasteel), null, null)
[20:27:06]/dmm_suite (/dmm_suite): create atom(/obj/structure/glowshroom/sing... (/obj/structure/glowshroom/single), the floor (202,77,3) (/turf/open/floor/plasteel))
[20:27:06]/dmm_suite (/dmm_suite): instance atom(/obj/structure/glowshroom/sing... (/obj/structure/glowshroom/single), /list (/list), the floor (202,77,3) (/turf/open/floor/plasteel), 1)
[20:27:06]/dmm_suite (/dmm_suite): parse grid("\n/obj/structure/alien/weeds{\...", "cM", 202, 77, 3, 1)
[20:27:06]/dmm_suite (/dmm_suite): load map impl(_maps/RandomRuins/SpaceRuins/b..., 186, 55, 3, 1, null, 1, -1e+031, 1e+031, -1e+031, 1e+031)
[20:27:06]/dmm_suite (/dmm_suite): load map(_maps/RandomRuins/SpaceRuins/b..., 186, 55, 3, 1, null, 1, null, null, null, null)
[20:27:06]Derelict Tradepost (/datum/map_template/ruin/space/bigderelict1): load(space (186,55,3) (/turf/open/space/basic), 1)
[20:27:06]the random ruin (/obj/effect/ruin_loader): Load(/list (/list), Derelict Tradepost (/datum/map_template/ruin/space/bigderelict1))
[20:27:06]seedRuins(/list (/list), 9, /area/space (/area/space), /list (/list))
[20:27:06]Mapping (/datum/controller/subsystem/mapping): Initialize(843853)
[20:27:06]Master (/datum/controller/master): Initialize(10, 0)
runtime error: 
[20:27:07]Cannot execute /datum/plant_gene/trait/glow (/datum/plant_gene/trait/glow).glow range().
[20:27:07]proc name: New (/obj/structure/glowshroom/New)
[20:27:07]  source file: glowshroom.dm,63
[20:27:07]  usr: null
[20:27:07]  src: the glowshroom (/obj/structure/glowshroom/single)
[20:27:07]  src.loc: the asteroid sand (210,74,3) (/turf/open/floor/plating/asteroid)
[20:27:07]  call stack:
[20:27:07]the glowshroom (/obj/structure/glowshroom/single): New(the asteroid sand (210,74,3) (/turf/open/floor/plating/asteroid), null, null)
[20:27:07]/dmm_suite (/dmm_suite): create atom(/obj/structure/glowshroom/sing... (/obj/structure/glowshroom/single), the asteroid sand (210,74,3) (/turf/open/floor/plating/asteroid))
[20:27:07]/dmm_suite (/dmm_suite): instance atom(/obj/structure/glowshroom/sing... (/obj/structure/glowshroom/single), /list (/list), the asteroid sand (210,74,3) (/turf/open/floor/plating/asteroid), 1)
[20:27:07]/dmm_suite (/dmm_suite): parse grid("\n/obj/structure/alien/weeds{\...", "dt", 210, 74, 3, 1)
[20:27:07]/dmm_suite (/dmm_suite): load map impl(_maps/RandomRuins/SpaceRuins/b..., 186, 55, 3, 1, null, 1, -1e+031, 1e+031, -1e+031, 1e+031)
[20:27:07]/dmm_suite (/dmm_suite): load map(_maps/RandomRuins/SpaceRuins/b..., 186, 55, 3, 1, null, 1, null, null, null, null)
[20:27:07]Derelict Tradepost (/datum/map_template/ruin/space/bigderelict1): load(space (186,55,3) (/turf/open/space/basic), 1)
[20:27:07]the random ruin (/obj/effect/ruin_loader): Load(/list (/list), Derelict Tradepost (/datum/map_template/ruin/space/bigderelict1))
[20:27:07]seedRuins(/list (/list), 9, /area/space (/area/space), /list (/list))
[20:27:07]Mapping (/datum/controller/subsystem/mapping): Initialize(843853)
[20:27:07]Master (/datum/controller/master): Initialize(10, 0)
runtime error: 
[20:27:07]Cannot execute /datum/plant_gene/trait/glow (/datum/plant_gene/trait/glow).glow range().
[20:27:07]proc name: New (/obj/structure/glowshroom/New)
[20:27:07]  source file: glowshroom.dm,63
[20:27:07]  usr: null
[20:27:07]  src: the glowshroom (/obj/structure/glowshroom/single)
[20:27:07]  src.loc: the floor (213,71,3) (/turf/open/floor/plasteel)
[20:27:07]  call stack:
[20:27:07]the glowshroom (/obj/structure/glowshroom/single): New(the floor (213,71,3) (/turf/open/floor/plasteel), null, null)
[20:27:07]/dmm_suite (/dmm_suite): create atom(/obj/structure/glowshroom/sing... (/obj/structure/glowshroom/single), the floor (213,71,3) (/turf/open/floor/plasteel))
[20:27:07]/dmm_suite (/dmm_suite): instance atom(/obj/structure/glowshroom/sing... (/obj/structure/glowshroom/single), /list (/list), the floor (213,71,3) (/turf/open/floor/plasteel), 1)
[20:27:07]/dmm_suite (/dmm_suite): parse grid("\n/obj/structure/alien/weeds{\...", "dP", 213, 71, 3, 1)
[20:27:07]/dmm_suite (/dmm_suite): load map impl(_maps/RandomRuins/SpaceRuins/b..., 186, 55, 3, 1, null, 1, -1e+031, 1e+031, -1e+031, 1e+031)
[20:27:07]/dmm_suite (/dmm_suite): load map(_maps/RandomRuins/SpaceRuins/b..., 186, 55, 3, 1, null, 1, null, null, null, null)
[20:27:07]Derelict Tradepost (/datum/map_template/ruin/space/bigderelict1): load(space (186,55,3) (/turf/open/space/basic), 1)
[20:27:07]the random ruin (/obj/effect/ruin_loader): Load(/list (/list), Derelict Tradepost (/datum/map_template/ruin/space/bigderelict1))
[20:27:07]seedRuins(/list (/list), 9, /area/space (/area/space), /list (/list))
[20:27:07]Mapping (/datum/controller/subsystem/mapping): Initialize(843853)
[20:27:07]Master (/datum/controller/master): Initialize(10, 0)
runtime error: 
[20:27:07]Cannot execute /datum/plant_gene/trait/glow (/datum/plant_gene/trait/glow).glow range().
[20:27:07]proc name: New (/obj/structure/glowshroom/New)
[20:27:07]  source file: glowshroom.dm,63
[20:27:07]  usr: null
[20:27:07]  src: the glowshroom (/obj/structure/glowshroom/single)
[20:27:07]  src.loc: the floor (214,76,3) (/turf/open/floor/plasteel)
[20:27:07]  call stack:
[20:27:07]the glowshroom (/obj/structure/glowshroom/single): New(the floor (214,76,3) (/turf/open/floor/plasteel), null, null)
[20:27:07]/dmm_suite (/dmm_suite): create atom(/obj/structure/glowshroom/sing... (/obj/structure/glowshroom/single), the floor (214,76,3) (/turf/open/floor/plasteel))
[20:27:07]/dmm_suite (/dmm_suite): instance atom(/obj/structure/glowshroom/sing... (/obj/structure/glowshroom/single), /list (/list), the floor (214,76,3) (/turf/open/floor/plasteel), 1)
[20:27:07]/dmm_suite (/dmm_suite): parse grid("\n/obj/structure/alien/weeds{\...", "ci", 214, 76, 3, 1)
[20:27:07]/dmm_suite (/dmm_suite): load map impl(_maps/RandomRuins/SpaceRuins/b..., 186, 55, 3, 1, null, 1, -1e+031, 1e+031, -1e+031, 1e+031)
[20:27:07]/dmm_suite (/dmm_suite): load map(_maps/RandomRuins/SpaceRuins/b..., 186, 55, 3, 1, null, 1, null, null, null, null)
[20:27:07]Derelict Tradepost (/datum/map_template/ruin/space/bigderelict1): load(space (186,55,3) (/turf/open/space/basic), 1)
[20:27:07]the random ruin (/obj/effect/ruin_loader): Load(/list (/list), Derelict Tradepost (/datum/map_template/ruin/space/bigderelict1))
[20:27:07]seedRuins(/list (/list), 9, /area/space (/area/space), /list (/list))
[20:27:07]Mapping (/datum/controller/subsystem/mapping): Initialize(843853)
[20:27:07]Master (/datum/controller/master): Initialize(10, 0)
runtime error: 
[20:27:07]Cannot execute /datum/plant_gene/trait/glow (/datum/plant_gene/trait/glow).glow range().
[20:27:07]proc name: New (/obj/structure/glowshroom/New)
[20:27:07]  source file: glowshroom.dm,63
[20:27:07]  usr: null
[20:27:07]  src: the glowshroom (/obj/structure/glowshroom/single)
[20:27:07]  src.loc: the floor (215,79,3) (/turf/open/floor/plasteel)
[20:27:07]  call stack:
[20:27:07]the glowshroom (/obj/structure/glowshroom/single): New(the floor (215,79,3) (/turf/open/floor/plasteel), null, null)
[20:27:07]/dmm_suite (/dmm_suite): create atom(/obj/structure/glowshroom/sing... (/obj/structure/glowshroom/single), the floor (215,79,3) (/turf/open/floor/plasteel))
[20:27:07]/dmm_suite (/dmm_suite): instance atom(/obj/structure/glowshroom/sing... (/obj/structure/glowshroom/single), /list (/list), the floor (215,79,3) (/turf/open/floor/plasteel), 1)
[20:27:07]/dmm_suite (/dmm_suite): parse grid("\n/obj/structure/alien/weeds{\...", "ci", 215, 79, 3, 1)
[20:27:07]/dmm_suite (/dmm_suite): load map impl(_maps/RandomRuins/SpaceRuins/b..., 186, 55, 3, 1, null, 1, -1e+031, 1e+031, -1e+031, 1e+031)
[20:27:07]/dmm_suite (/dmm_suite): load map(_maps/RandomRuins/SpaceRuins/b..., 186, 55, 3, 1, null, 1, null, null, null, null)
[20:27:07]Derelict Tradepost (/datum/map_template/ruin/space/bigderelict1): load(space (186,55,3) (/turf/open/space/basic), 1)
[20:27:07]the random ruin (/obj/effect/ruin_loader): Load(/list (/list), Derelict Tradepost (/datum/map_template/ruin/space/bigderelict1))
[20:27:07]seedRuins(/list (/list), 9, /area/space (/area/space), /list (/list))
[20:27:07]Mapping (/datum/controller/subsystem/mapping): Initialize(843853)
[20:27:07]Master (/datum/controller/master): Initialize(10, 0)
runtime error: 
[20:27:07]Cannot execute /datum/plant_gene/trait/glow (/datum/plant_gene/trait/glow).glow range().
[20:27:07]proc name: New (/obj/structure/glowshroom/New)
[20:27:07]  source file: glowshroom.dm,63
[20:27:07]  usr: null
[20:27:07]  src: the glowshroom (/obj/structure/glowshroom/single)
[20:27:07]  src.loc: the floor (216,72,3) (/turf/open/floor/plasteel)
[20:27:07]  call stack:
[20:27:07]the glowshroom (/obj/structure/glowshroom/single): New(the floor (216,72,3) (/turf/open/floor/plasteel), null, null)
[20:27:07]/dmm_suite (/dmm_suite): create atom(/obj/structure/glowshroom/sing... (/obj/structure/glowshroom/single), the floor (216,72,3) (/turf/open/floor/plasteel))
[20:27:07]/dmm_suite (/dmm_suite): instance atom(/obj/structure/glowshroom/sing... (/obj/structure/glowshroom/single), /list (/list), the floor (216,72,3) (/turf/open/floor/plasteel), 1)
[20:27:07]/dmm_suite (/dmm_suite): parse grid("\n/obj/structure/alien/weeds{\...", "ci", 216, 72, 3, 1)
[20:27:07]/dmm_suite (/dmm_suite): load map impl(_maps/RandomRuins/SpaceRuins/b..., 186, 55, 3, 1, null, 1, -1e+031, 1e+031, -1e+031, 1e+031)
[20:27:07]/dmm_suite (/dmm_suite): load map(_maps/RandomRuins/SpaceRuins/b..., 186, 55, 3, 1, null, 1, null, null, null, null)
[20:27:07]Derelict Tradepost (/datum/map_template/ruin/space/bigderelict1): load(space (186,55,3) (/turf/open/space/basic), 1)
[20:27:07]the random ruin (/obj/effect/ruin_loader): Load(/list (/list), Derelict Tradepost (/datum/map_template/ruin/space/bigderelict1))
[20:27:07]seedRuins(/list (/list), 9, /area/space (/area/space), /list (/list))
[20:27:07]Mapping (/datum/controller/subsystem/mapping): Initialize(843853)
[20:27:07]Master (/datum/controller/master): Initialize(10, 0)
runtime error: 
[20:27:07]Cannot execute /datum/plant_gene/trait/glow (/datum/plant_gene/trait/glow).glow range().
[20:27:07]proc name: New (/obj/structure/glowshroom/New)
[20:27:07]  source file: glowshroom.dm,63
[20:27:07]  usr: null
[20:27:07]  src: the glowshroom (/obj/structure/glowshroom/single)
[20:27:07]  src.loc: the floor (218,76,3) (/turf/open/floor/plasteel)
[20:27:07]  call stack:
[20:27:07]the glowshroom (/obj/structure/glowshroom/single): New(the floor (218,76,3) (/turf/open/floor/plasteel), null, null)
[20:27:07]/dmm_suite (/dmm_suite): create atom(/obj/structure/glowshroom/sing... (/obj/structure/glowshroom/single), the floor (218,76,3) (/turf/open/floor/plasteel))
[20:27:07]/dmm_suite (/dmm_suite): instance atom(/obj/structure/glowshroom/sing... (/obj/structure/glowshroom/single), /list (/list), the floor (218,76,3) (/turf/open/floor/plasteel), 1)
[20:27:07]/dmm_suite (/dmm_suite): parse grid("\n/obj/structure/alien/weeds{\...", "ci", 218, 76, 3, 1)
[20:27:07]/dmm_suite (/dmm_suite): load map impl(_maps/RandomRuins/SpaceRuins/b..., 186, 55, 3, 1, null, 1, -1e+031, 1e+031, -1e+031, 1e+031)
[20:27:07]/dmm_suite (/dmm_suite): load map(_maps/RandomRuins/SpaceRuins/b..., 186, 55, 3, 1, null, 1, null, null, null, null)
[20:27:07]Derelict Tradepost (/datum/map_template/ruin/space/bigderelict1): load(space (186,55,3) (/turf/open/space/basic), 1)
[20:27:07]the random ruin (/obj/effect/ruin_loader): Load(/list (/list), Derelict Tradepost (/datum/map_template/ruin/space/bigderelict1))
[20:27:07]seedRuins(/list (/list), 9, /area/space (/area/space), /list (/list))
[20:27:07]Mapping (/datum/controller/subsystem/mapping): Initialize(843853)
[20:27:07]Master (/datum/controller/master): Initialize(10, 0)
runtime error: 
[20:27:08]Cannot execute /datum/plant_gene/trait/glow (/datum/plant_gene/trait/glow).glow range().
[20:27:08]proc name: New (/obj/structure/glowshroom/New)
[20:27:08]  source file: glowshroom.dm,63
[20:27:08]  usr: null
[20:27:08]  src: the glowshroom (/obj/structure/glowshroom/single)
[20:27:08]  src.loc: the asteroid sand (219,68,3) (/turf/open/floor/plating/asteroid)
[20:27:08]  call stack:
[20:27:08]the glowshroom (/obj/structure/glowshroom/single): New(the asteroid sand (219,68,3) (/turf/open/floor/plating/asteroid), null, null)
[20:27:08]/dmm_suite (/dmm_suite): create atom(/obj/structure/glowshroom/sing... (/obj/structure/glowshroom/single), the asteroid sand (219,68,3) (/turf/open/floor/plating/asteroid))
[20:27:08]/dmm_suite (/dmm_suite): instance atom(/obj/structure/glowshroom/sing... (/obj/structure/glowshroom/single), /list (/list), the asteroid sand (219,68,3) (/turf/open/floor/plating/asteroid), 1)
[20:27:08]/dmm_suite (/dmm_suite): parse grid("\n/obj/structure/alien/weeds{\...", "dt", 219, 68, 3, 1)
[20:27:08]/dmm_suite (/dmm_suite): load map impl(_maps/RandomRuins/SpaceRuins/b..., 186, 55, 3, 1, null, 1, -1e+031, 1e+031, -1e+031, 1e+031)
[20:27:08]/dmm_suite (/dmm_suite): load map(_maps/RandomRuins/SpaceRuins/b..., 186, 55, 3, 1, null, 1, null, null, null, null)
[20:27:08]Derelict Tradepost (/datum/map_template/ruin/space/bigderelict1): load(space (186,55,3) (/turf/open/space/basic), 1)
[20:27:08]the random ruin (/obj/effect/ruin_loader): Load(/list (/list), Derelict Tradepost (/datum/map_template/ruin/space/bigderelict1))
[20:27:08]seedRuins(/list (/list), 9, /area/space (/area/space), /list (/list))
[20:27:08]Mapping (/datum/controller/subsystem/mapping): Initialize(843853)
[20:27:08]Master (/datum/controller/master): Initialize(10, 0)
runtime error: 
[20:27:08]Cannot execute /datum/plant_gene/trait/glow (/datum/plant_gene/trait/glow).glow range().
[20:27:08]proc name: New (/obj/structure/glowshroom/New)
[20:27:08]  source file: glowshroom.dm,63
[20:27:08]  usr: null
[20:27:08]  src: the glowshroom (/obj/structure/glowshroom/single)
[20:27:08]  src.loc: the floor (220,82,3) (/turf/open/floor/plasteel)
[20:27:08]  call stack:
[20:27:08]the glowshroom (/obj/structure/glowshroom/single): New(the floor (220,82,3) (/turf/open/floor/plasteel), null, null)
[20:27:08]/dmm_suite (/dmm_suite): create atom(/obj/structure/glowshroom/sing... (/obj/structure/glowshroom/single), the floor (220,82,3) (/turf/open/floor/plasteel))
[20:27:08]/dmm_suite (/dmm_suite): instance atom(/obj/structure/glowshroom/sing... (/obj/structure/glowshroom/single), /list (/list), the floor (220,82,3) (/turf/open/floor/plasteel), 1)
[20:27:08]/dmm_suite (/dmm_suite): parse grid("\n/obj/structure/alien/weeds{\...", "bo", 220, 82, 3, 1)
[20:27:08]/dmm_suite (/dmm_suite): load map impl(_maps/RandomRuins/SpaceRuins/b..., 186, 55, 3, 1, null, 1, -1e+031, 1e+031, -1e+031, 1e+031)
[20:27:08]/dmm_suite (/dmm_suite): load map(_maps/RandomRuins/SpaceRuins/b..., 186, 55, 3, 1, null, 1, null, null, null, null)
[20:27:08]Derelict Tradepost (/datum/map_template/ruin/space/bigderelict1): load(space (186,55,3) (/turf/open/space/basic), 1)
[20:27:08]the random ruin (/obj/effect/ruin_loader): Load(/list (/list), Derelict Tradepost (/datum/map_template/ruin/space/bigderelict1))
[20:27:08]seedRuins(/list (/list), 9, /area/space (/area/space), /list (/list))
[20:27:08]Mapping (/datum/controller/subsystem/mapping): Initialize(843853)
[20:27:08]Master (/datum/controller/master): Initialize(10, 0)
runtime error: 
[20:27:08]Cannot execute /datum/plant_gene/trait/glow (/datum/plant_gene/trait/glow).glow range().
[20:27:08]proc name: New (/obj/structure/glowshroom/New)
[20:27:08]  source file: glowshroom.dm,63
[20:27:08]  usr: null
[20:27:08]  src: the glowshroom (/obj/structure/glowshroom/single)
[20:27:08]  src.loc: the floor (221,75,3) (/turf/open/floor/plasteel)
[20:27:08]  call stack:
[20:27:08]the glowshroom (/obj/structure/glowshroom/single): New(the floor (221,75,3) (/turf/open/floor/plasteel), null, null)
[20:27:08]/dmm_suite (/dmm_suite): create atom(/obj/structure/glowshroom/sing... (/obj/structure/glowshroom/single), the floor (221,75,3) (/turf/open/floor/plasteel))
[20:27:08]/dmm_suite (/dmm_suite): instance atom(/obj/structure/glowshroom/sing... (/obj/structure/glowshroom/single), /list (/list), the floor (221,75,3) (/turf/open/floor/plasteel), 1)
[20:27:08]/dmm_suite (/dmm_suite): parse grid("\n/obj/structure/alien/weeds{\...", "ci", 221, 75, 3, 1)
[20:27:08]/dmm_suite (/dmm_suite): load map impl(_maps/RandomRuins/SpaceRuins/b..., 186, 55, 3, 1, null, 1, -1e+031, 1e+031, -1e+031, 1e+031)
[20:27:08]/dmm_suite (/dmm_suite): load map(_maps/RandomRuins/SpaceRuins/b..., 186, 55, 3, 1, null, 1, null, null, null, null)
[20:27:08]Derelict Tradepost (/datum/map_template/ruin/space/bigderelict1): load(space (186,55,3) (/turf/open/space/basic), 1)
[20:27:08]the random ruin (/obj/effect/ruin_loader): Load(/list (/list), Derelict Tradepost (/datum/map_template/ruin/space/bigderelict1))
[20:27:08]seedRuins(/list (/list), 9, /area/space (/area/space), /list (/list))
[20:27:08]Mapping (/datum/controller/subsystem/mapping): Initialize(843853)
[20:27:08]Master (/datum/controller/master): Initialize(10, 0)
runtime error: 
[20:27:08]Cannot execute /datum/plant_gene/trait/glow (/datum/plant_gene/trait/glow).glow range().
[20:27:08]proc name: New (/obj/structure/glowshroom/New)
[20:27:08]  source file: glowshroom.dm,63
[20:27:08]  usr: null
[20:27:08]  src: the glowshroom (/obj/structure/glowshroom/single)
[20:27:08]  src.loc: the floor (222,79,3) (/turf/open/floor/plasteel)
[20:27:08]  call stack:
[20:27:08]the glowshroom (/obj/structure/glowshroom/single): New(the floor (222,79,3) (/turf/open/floor/plasteel), null, null)
[20:27:08]/dmm_suite (/dmm_suite): create atom(/obj/structure/glowshroom/sing... (/obj/structure/glowshroom/single), the floor (222,79,3) (/turf/open/floor/plasteel))
[20:27:08]/dmm_suite (/dmm_suite): instance atom(/obj/structure/glowshroom/sing... (/obj/structure/glowshroom/single), /list (/list), the floor (222,79,3) (/turf/open/floor/plasteel), 1)
[20:27:08]/dmm_suite (/dmm_suite): parse grid("\n/obj/structure/alien/weeds{\...", "cl", 222, 79, 3, 1)
[20:27:08]/dmm_suite (/dmm_suite): load map impl(_maps/RandomRuins/SpaceRuins/b..., 186, 55, 3, 1, null, 1, -1e+031, 1e+031, -1e+031, 1e+031)
[20:27:08]/dmm_suite (/dmm_suite): load map(_maps/RandomRuins/SpaceRuins/b..., 186, 55, 3, 1, null, 1, null, null, null, null)
[20:27:08]Derelict Tradepost (/datum/map_template/ruin/space/bigderelict1): load(space (186,55,3) (/turf/open/space/basic), 1)
[20:27:08]the random ruin (/obj/effect/ruin_loader): Load(/list (/list), Derelict Tradepost (/datum/map_template/ruin/space/bigderelict1))
[20:27:08]seedRuins(/list (/list), 9, /area/space (/area/space), /list (/list))
[20:27:08]Mapping (/datum/controller/subsystem/mapping): Initialize(843853)
[20:27:08]Master (/datum/controller/master): Initialize(10, 0)
runtime error: 
[20:27:08]Cannot execute /datum/plant_gene/trait/glow (/datum/plant_gene/trait/glow).glow range().
[20:27:08]proc name: New (/obj/structure/glowshroom/New)
[20:27:08]  source file: glowshroom.dm,63
[20:27:08]  usr: null
[20:27:08]  src: the glowshroom (/obj/structure/glowshroom/single)
[20:27:08]  src.loc: the asteroid sand (223,72,3) (/turf/open/floor/plating/asteroid)
[20:27:08]  call stack:
[20:27:08]the glowshroom (/obj/structure/glowshroom/single): New(the asteroid sand (223,72,3) (/turf/open/floor/plating/asteroid), null, null)
[20:27:08]/dmm_suite (/dmm_suite): create atom(/obj/structure/glowshroom/sing... (/obj/structure/glowshroom/single), the asteroid sand (223,72,3) (/turf/open/floor/plating/asteroid))
[20:27:08]/dmm_suite (/dmm_suite): instance atom(/obj/structure/glowshroom/sing... (/obj/structure/glowshroom/single), /list (/list), the asteroid sand (223,72,3) (/turf/open/floor/plating/asteroid), 1)
[20:27:08]/dmm_suite (/dmm_suite): parse grid("\n/obj/structure/alien/weeds{\...", "dt", 223, 72, 3, 1)
[20:27:08]/dmm_suite (/dmm_suite): load map impl(_maps/RandomRuins/SpaceRuins/b..., 186, 55, 3, 1, null, 1, -1e+031, 1e+031, -1e+031, 1e+031)
[20:27:08]/dmm_suite (/dmm_suite): load map(_maps/RandomRuins/SpaceRuins/b..., 186, 55, 3, 1, null, 1, null, null, null, null)
[20:27:08]Derelict Tradepost (/datum/map_template/ruin/space/bigderelict1): load(space (186,55,3) (/turf/open/space/basic), 1)
[20:27:08]the random ruin (/obj/effect/ruin_loader): Load(/list (/list), Derelict Tradepost (/datum/map_template/ruin/space/bigderelict1))
[20:27:08]seedRuins(/list (/list), 9, /area/space (/area/space), /list (/list))
[20:27:08]Mapping (/datum/controller/subsystem/mapping): Initialize(843853)
[20:27:08]Master (/datum/controller/master): Initialize(10, 0)
Ruin "Abandoned Teleporter" placed at (131, 216, 10)
Ruin "Salvation" placed at (41, 148, 11)
Ruin "Crashed Clown Ship" placed at (72, 222, 4)
Ruin "The Twin-Nexus Hotel" placed at (181, 142, 3)
Ruin "Derelict 5" placed at (99, 45, 3)
Ruin "Asteroid 2" placed at (97, 42, 8)
Ruin "Biological Storage Facility" placed at (206, 219, 11)
Ruin "Crashed Ship" placed at (57, 173, 9)
Initialized Mapping subsystem within 46.1 seconds!
runtime error: 
[20:27:13]Cannot execute null.add reagent().
[20:27:13]proc name: Initialize (/obj/effect/decal/cleanable/blood/gibs/Initialize)
[20:27:13]  source file: humans.dm,57
[20:27:13]  usr: null
[20:27:13]  src: the gibs (/obj/effect/decal/cleanable/blood/gibs/body)
[20:27:13]  src.loc: null
[20:27:13]  call stack:
[20:27:13]the gibs (/obj/effect/decal/cleanable/blood/gibs/body): Initialize(1, null)
[20:27:13]Atoms (/datum/controller/subsystem/atoms): InitAtom(the gibs (/obj/effect/decal/cleanable/blood/gibs/body), /list (/list))
[20:27:13]Atoms (/datum/controller/subsystem/atoms): InitializeAtoms(null)
[20:27:13]Atoms (/datum/controller/subsystem/atoms): Initialize(844314)
[20:27:13]Master (/datum/controller/master): Initialize(10, 0)
runtime error: 
[20:27:13]Cannot execute null.add reagent().
[20:27:13]proc name: Initialize (/obj/effect/decal/cleanable/blood/gibs/Initialize)
[20:27:13]  source file: humans.dm,57
runtime error: 
[20:27:13]Cannot execute null.add reagent().
[20:27:13]proc name: Initialize (/obj/effect/decal/cleanable/blood/gibs/Initialize)
[20:27:13]  source file: humans.dm,57
runtime error: 
[20:27:13]Cannot execute null.add reagent().
[20:27:13]proc name: Initialize (/obj/effect/decal/cleanable/blood/gibs/Initialize)
[20:27:13]  source file: humans.dm,57
runtime error: 
[20:27:14]Cannot execute null.add reagent().
[20:27:14]proc name: Initialize (/obj/effect/decal/cleanable/oil/Initialize)
[20:27:14]  source file: robots.dm,52
runtime error: 
[20:27:14]Cannot execute null.add reagent().
[20:27:14]proc name: Initialize (/obj/effect/decal/cleanable/oil/Initialize)
[20:27:14]  source file: robots.dm,52
runtime error: 
[20:27:16]Cannot execute null.add reagent().
[20:27:16]proc name: Initialize (/obj/effect/decal/cleanable/oil/Initialize)
[20:27:16]  source file: robots.dm,52
runtime error: 
[20:27:16]Cannot execute null.add reagent().
[20:27:16]proc name: Initialize (/obj/effect/decal/cleanable/oil/Initialize)
[20:27:16]  source file: robots.dm,52
runtime error: 
[20:27:16]Cannot execute null.add reagent().
[20:27:16]proc name: Initialize (/obj/effect/decal/cleanable/oil/Initialize)
[20:27:16]  source file: robots.dm,52
runtime error: 
[20:27:16]Cannot execute null.add reagent().
[20:27:16]proc name: Initialize (/obj/effect/decal/cleanable/oil/Initialize)
[20:27:16]  source file: robots.dm,52
runtime error: 
[20:27:16]Cannot execute null.add reagent().
[20:27:16]proc name: Initialize (/obj/effect/decal/cleanable/oil/Initialize)
[20:27:16]  source file: robots.dm,52
runtime error: 
[20:27:17]Cannot execute null.add reagent().
[20:27:17]proc name: Initialize (/obj/effect/decal/cleanable/oil/Initialize)
[20:27:17]  source file: robots.dm,52
runtime error: 
[20:27:17]Cannot execute null.add reagent().
[20:27:17]proc name: Initialize (/obj/effect/decal/cleanable/oil/Initialize)
[20:27:17]  source file: robots.dm,52
runtime error: 
[20:27:17]Cannot execute null.add reagent().
[20:27:17]proc name: Initialize (/obj/effect/decal/cleanable/oil/Initialize)
[20:27:17]  source file: robots.dm,52
runtime error: 
[20:27:18]Cannot execute null.add reagent().
[20:27:18]proc name: Initialize (/obj/effect/decal/cleanable/oil/Initialize)
[20:27:18]  source file: robots.dm,52
runtime error: 
[20:27:18]Cannot execute null.add reagent().
[20:27:18]proc name: Initialize (/obj/effect/decal/cleanable/oil/Initialize)
[20:27:18]  source file: robots.dm,52
runtime error: 
[20:27:18]Cannot execute null.add reagent().
[20:27:18]proc name: Initialize (/obj/effect/decal/cleanable/oil/Initialize)
[20:27:18]  source file: robots.dm,52
runtime error: 
[20:27:18]Cannot execute null.add reagent().
[20:27:18]proc name: Initialize (/obj/effect/decal/cleanable/oil/Initialize)
[20:27:18]  source file: robots.dm,52
runtime error: 
[20:27:19]Cannot execute null.add reagent().
[20:27:19]proc name: Initialize (/obj/effect/decal/cleanable/oil/Initialize)
[20:27:19]  source file: robots.dm,52
runtime error: 
[20:27:19]Cannot execute null.add reagent().
[20:27:19]proc name: Initialize (/obj/effect/decal/cleanable/blood/gibs/Initialize)
[20:27:19]  source file: humans.dm,57
runtime error: 
[20:27:19]Cannot execute null.add reagent().
[20:27:19]proc name: Initialize (/obj/effect/decal/cleanable/blood/gibs/Initialize)
[20:27:19]  source file: humans.dm,57
runtime error: 
[20:27:19]Cannot execute null.add reagent().
[20:27:19]proc name: Initialize (/obj/effect/decal/cleanable/blood/gibs/Initialize)
[20:27:19]  source file: humans.dm,57
runtime error: 
[20:27:19]Cannot execute null.add reagent().
[20:27:19]proc name: Initialize (/obj/effect/decal/cleanable/blood/gibs/Initialize)
[20:27:19]  source file: humans.dm,57
runtime error: 
[20:27:19]Cannot execute null.add reagent().
[20:27:19]proc name: Initialize (/obj/effect/decal/cleanable/oil/Initialize)
[20:27:19]  source file: robots.dm,52
runtime error: 
[20:27:20]Cannot execute null.add reagent().
[20:27:20]proc name: Initialize (/obj/effect/decal/cleanable/blood/gibs/Initialize)
[20:27:20]  source file: humans.dm,57
runtime error: 
[20:27:20]Cannot execute null.add reagent().
[20:27:20]proc name: Initialize (/obj/effect/decal/cleanable/oil/Initialize)
[20:27:20]  source file: robots.dm,52
runtime error: 
[20:27:20]Cannot execute null.add reagent().
[20:27:20]proc name: Initialize (/obj/effect/decal/cleanable/oil/Initialize)
[20:27:20]  source file: robots.dm,52
runtime error: 
[20:27:20]Cannot execute null.add reagent().
[20:27:20]proc name: Initialize (/obj/effect/decal/cleanable/oil/Initialize)
[20:27:20]  source file: robots.dm,52
runtime error: 
[20:27:20]Cannot execute null.add reagent().
[20:27:20]proc name: Initialize (/obj/effect/decal/cleanable/oil/Initialize)
[20:27:20]  source file: robots.dm,52
runtime error: 
[20:27:21]Cannot execute null.add reagent().
[20:27:21]proc name: Initialize (/obj/effect/decal/cleanable/oil/Initialize)
[20:27:21]  source file: robots.dm,52
runtime error: 
[20:27:23]Cannot execute null.add reagent().
[20:27:23]proc name: Initialize (/obj/effect/decal/cleanable/oil/Initialize)
[20:27:23]  source file: robots.dm,52
runtime error: 
[20:27:24]Cannot execute null.add reagent().
[20:27:24]proc name: Initialize (/obj/effect/decal/cleanable/oil/Initialize)
[20:27:24]  source file: robots.dm,52
runtime error: 
[20:27:24]Cannot execute null.add reagent().
[20:27:24]proc name: Initialize (/obj/effect/decal/cleanable/oil/Initialize)
[20:27:24]  source file: robots.dm,52
runtime error: 
[20:27:25]Cannot execute null.add reagent().
[20:27:25]proc name: Initialize (/obj/effect/decal/cleanable/oil/Initialize)
[20:27:25]  source file: robots.dm,52
runtime error: 
[20:27:26]Cannot execute null.add reagent().
[20:27:26]proc name: Initialize (/obj/effect/decal/cleanable/oil/Initialize)
[20:27:26]  source file: robots.dm,52
runtime error: 
[20:27:26]Cannot execute null.add reagent().
[20:27:26]proc name: Initialize (/obj/effect/decal/cleanable/oil/Initialize)
[20:27:26]  source file: robots.dm,52
runtime error: 
[20:27:26]Cannot execute null.add reagent().
[20:27:26]proc name: Initialize (/obj/effect/decal/cleanable/oil/Initialize)
[20:27:26]  source file: robots.dm,52
runtime error: 
[20:27:26]Cannot execute null.add reagent().
[20:27:26]proc name: Initialize (/obj/effect/decal/cleanable/oil/Initialize)
[20:27:26]  source file: robots.dm,52
runtime error: 
[20:27:27]Cannot execute null.add reagent().
[20:27:27]proc name: Initialize (/obj/effect/decal/cleanable/oil/Initialize)
[20:27:27]  source file: robots.dm,52
runtime error: 
[20:27:27]Cannot execute null.add reagent().
[20:27:27]proc name: Initialize (/obj/effect/decal/cleanable/oil/Initialize)
[20:27:27]  source file: robots.dm,52
runtime error: 
[20:27:27]Cannot execute null.add reagent().
[20:27:27]proc name: Initialize (/obj/effect/decal/cleanable/oil/Initialize)
[20:27:27]  source file: robots.dm,52
runtime error: 
[20:27:27]Cannot execute null.add reagent().
[20:27:27]proc name: Initialize (/obj/effect/decal/cleanable/oil/Initialize)
[20:27:27]  source file: robots.dm,52
runtime error: 
[20:27:28]Cannot execute null.add reagent().
[20:27:28]proc name: Initialize (/obj/effect/decal/cleanable/oil/Initialize)
[20:27:28]  source file: robots.dm,52
runtime error: 
[20:27:29]Cannot execute null.add reagent().
[20:27:29]proc name: Initialize (/obj/effect/decal/cleanable/oil/Initialize)
[20:27:29]  source file: robots.dm,52
runtime error: 
[20:27:30]Cannot execute null.add reagent().
[20:27:30]proc name: Initialize (/obj/effect/decal/cleanable/oil/Initialize)
[20:27:30]  source file: robots.dm,52
runtime error: 
[20:27:31]Cannot execute null.add reagent().
[20:27:31]proc name: Initialize (/obj/effect/decal/cleanable/oil/Initialize)
[20:27:31]  source file: robots.dm,52
runtime error: 
[20:27:31]Cannot execute null.add reagent().
[20:27:31]proc name: Initialize (/obj/effect/decal/cleanable/oil/Initialize)
[20:27:31]  source file: robots.dm,52
runtime error: 
[20:27:31]Cannot execute null.add reagent().
[20:27:31]proc name: Initialize (/obj/effect/decal/cleanable/ash/Initialize)
[20:27:31]  source file: misc.dm,16
runtime error: 
[20:27:31]Cannot execute null.add reagent().
[20:27:31]proc name: Initialize (/obj/effect/decal/cleanable/oil/Initialize)
[20:27:31]  source file: robots.dm,52
runtime error: 
[20:27:32]Cannot execute null.add reagent().
[20:27:32]proc name: Initialize (/obj/effect/decal/cleanable/blood/gibs/Initialize)
[20:27:32]  source file: humans.dm,57
runtime error: 
[20:27:32]Cannot execute null.add reagent().
[20:27:32]proc name: Initialize (/obj/effect/decal/cleanable/blood/gibs/Initialize)
[20:27:32]  source file: humans.dm,57
runtime error: 
[20:27:32]Cannot execute null.add reagent().
[20:27:32]proc name: Initialize (/obj/effect/decal/cleanable/blood/gibs/Initialize)
[20:27:32]  source file: humans.dm,57
runtime error: 
[20:27:32]Cannot execute null.add reagent().
[20:27:32]proc name: Initialize (/obj/effect/decal/cleanable/blood/gibs/Initialize)
[20:27:32]  source file: humans.dm,57
runtime error: 
[20:27:32]Cannot execute null.add reagent().
[20:27:32]proc name: Initialize (/obj/effect/decal/cleanable/blood/gibs/Initialize)
[20:27:32]  source file: humans.dm,57
runtime error: 
[20:27:32]Cannot execute null.add reagent().
[20:27:32]proc name: Initialize (/obj/effect/decal/cleanable/blood/gibs/Initialize)
[20:27:32]  source file: humans.dm,57
runtime error: 
[20:27:32]Cannot execute null.add reagent().
[20:27:32]proc name: Initialize (/obj/effect/decal/cleanable/blood/gibs/Initialize)
[20:27:32]  source file: humans.dm,57
runtime error: 
[20:27:33]Cannot execute null.add reagent().
[20:27:33]proc name: Initialize (/obj/effect/decal/cleanable/oil/Initialize)
[20:27:33]  source file: robots.dm,52
runtime error: 
[20:27:33]Cannot execute null.add reagent().
[20:27:33]proc name: Initialize (/obj/effect/decal/cleanable/oil/Initialize)
[20:27:33]  source file: robots.dm,52
runtime error: 
[20:27:33]Cannot execute null.add reagent().
[20:27:33]proc name: Initialize (/obj/effect/decal/cleanable/oil/Initialize)
[20:27:33]  source file: robots.dm,52
runtime error: 
[20:27:33]Cannot execute null.add reagent().
[20:27:33]proc name: Initialize (/obj/effect/decal/cleanable/oil/Initialize)
[20:27:33]  source file: robots.dm,52
runtime error: 
[20:27:33]Cannot execute null.add reagent().
[20:27:33]proc name: Initialize (/obj/effect/decal/cleanable/oil/Initialize)
[20:27:33]  source file: robots.dm,52
runtime error: 
[20:27:33]Cannot execute null.add reagent().
[20:27:33]proc name: Initialize (/obj/effect/decal/cleanable/blood/gibs/Initialize)
[20:27:33]  source file: humans.dm,57
runtime error: 
[20:27:34]Cannot execute null.add reagent().
[20:27:34]proc name: Initialize (/obj/effect/decal/cleanable/blood/gibs/Initialize)
[20:27:34]  source file: humans.dm,57
runtime error: 
[20:27:34]Cannot execute null.add reagent().
[20:27:34]proc name: Initialize (/obj/effect/decal/cleanable/blood/gibs/Initialize)
[20:27:34]  source file: humans.dm,57
runtime error: 
[20:27:34]Cannot execute null.add reagent().
[20:27:34]proc name: Initialize (/obj/effect/decal/cleanable/blood/gibs/Initialize)
[20:27:34]  source file: humans.dm,57
runtime error: 
[20:27:34]Cannot execute null.add reagent().
[20:27:34]proc name: Initialize (/obj/effect/decal/cleanable/blood/gibs/Initialize)
[20:27:34]  source file: humans.dm,57
runtime error: 
[20:27:34]Cannot execute null.add reagent().
[20:27:34]proc name: Initialize (/obj/effect/decal/cleanable/blood/gibs/Initialize)
[20:27:34]  source file: humans.dm,57
runtime error: 
[20:27:34]Cannot execute null.add reagent().
[20:27:34]proc name: Initialize (/obj/effect/decal/cleanable/blood/gibs/Initialize)
[20:27:34]  source file: humans.dm,57
runtime error: 
[20:27:34]Cannot execute null.add reagent().
[20:27:34]proc name: Initialize (/obj/effect/decal/cleanable/blood/gibs/Initialize)
[20:27:34]  source file: humans.dm,57
runtime error: 
[20:27:34]Cannot execute null.add reagent().
[20:27:34]proc name: Initialize (/obj/effect/decal/cleanable/blood/gibs/Initialize)
[20:27:34]  source file: humans.dm,57
runtime error: 
[20:27:34]Cannot execute null.add reagent().
[20:27:34]proc name: Initialize (/obj/effect/decal/cleanable/blood/gibs/Initialize)
[20:27:34]  source file: humans.dm,57
runtime error: 
[20:27:34]Cannot execute null.add reagent().
[20:27:34]proc name: Initialize (/obj/effect/decal/cleanable/blood/gibs/Initialize)
[20:27:34]  source file: humans.dm,57
runtime error: 
[20:27:34]Cannot execute null.add reagent().
[20:27:34]proc name: Initialize (/obj/effect/decal/cleanable/blood/gibs/Initialize)
[20:27:34]  source file: humans.dm,57
runtime error: 
[20:27:34]Cannot execute null.add reagent().
[20:27:34]proc name: Initialize (/obj/effect/decal/cleanable/blood/gibs/Initialize)
[20:27:34]  source file: humans.dm,57
runtime error: 
[20:27:34]Cannot execute null.add reagent().
[20:27:34]proc name: Initialize (/obj/effect/decal/cleanable/blood/gibs/Initialize)
[20:27:34]  source file: humans.dm,57
runtime error: 
[20:27:34]Cannot execute null.add reagent().
[20:27:34]proc name: Initialize (/obj/effect/decal/cleanable/blood/gibs/Initialize)
[20:27:34]  source file: humans.dm,57
runtime error: 
[20:27:35]Cannot execute null.add reagent().
[20:27:35]proc name: Initialize (/obj/effect/decal/cleanable/blood/gibs/Initialize)
[20:27:35]  source file: humans.dm,57
runtime error: 
[20:27:35]Cannot execute null.add reagent().
[20:27:35]proc name: Initialize (/obj/effect/decal/cleanable/blood/gibs/Initialize)
[20:27:35]  source file: humans.dm,57
runtime error: 
[20:27:35]Cannot execute null.add reagent().
[20:27:35]Warning: further proc crash messages are being suppressed to prevent overload...
runtime error: 
[20:27:35]Cannot execute null.add reagent().
runtime error: 
[20:27:35]Cannot execute null.add reagent().
runtime error: 
[20:27:35]Cannot execute null.add reagent().
runtime error: 
[20:27:35]Cannot execute null.add reagent().
runtime error: 
[20:27:35]Cannot execute null.add reagent().
runtime error: 
[20:27:35]Cannot execute null.add reagent().
runtime error: 
[20:27:35]Cannot execute null.add reagent().
runtime error: 
[20:27:35]Cannot execute null.add reagent().
runtime error: 
[20:27:35]Cannot execute null.add reagent().
runtime error: 
[20:27:35]Cannot execute null.add reagent().
runtime error: 
[20:27:35]Cannot execute null.add reagent().
runtime error: 
[20:27:36]Cannot execute null.add reagent().
runtime error: 
[20:27:36]Cannot execute null.add reagent().
runtime error: 
[20:27:41]Cannot execute null.add reagent().
runtime error: 
[20:27:41]Cannot execute null.add reagent().
runtime error: 
[20:27:42]Cannot execute null.add reagent().
runtime error: 
[20:27:42]Cannot execute null.add reagent().
runtime error: 
[20:27:42]Cannot execute null.add reagent().
runtime error: 
[20:27:42]Cannot execute null.add reagent().
Initialized 898874 atoms
Initialized Atoms subsystem within 65.9 seconds!
Initialized Language subsystem within 0 seconds!
Initialized Machines subsystem within 1.2 seconds!
Initialized Circuit subsystem within 0 seconds!
Initialized Weather subsystem within 0 seconds!
runtime error: 
[20:28:35]Cannot execute null.compare().
Initialized Atmospherics subsystem within 18.6 seconds!
Initialized Minimap subsystem within 0 seconds!
Initialized Assets subsystem within 0.4 seconds!
Initialized Icon Smoothing subsystem within 6.8 seconds!
Initialized Overlay subsystem within 25 seconds!
Initialized XKeyScore subsystem within 0 seconds!
Initialized Lighting subsystem within 19.6 seconds!
Initialized Shuttle subsystem within 26.7 seconds!
Initialized Squeak subsystem within 0.1 seconds!
Loaded 0 engraved messages on map Delta Station
Initialized Persistence subsystem within 0.1 seconds!
Initializations complete within 212.1 seconds!
runtime error: 
[20:29:59]Cannot read null.key
Game start took 2.1s
## WARNING: A ref was requested of an object with use_tag set but no tag: AlcaroIsAFrick in code/__HELPERS/unsorted.dm at line 1500 src:  usr: AlcaroIsAFrick.
runtime error: 
[20:30:05]Cannot read null.key
## WARNING: A ref was requested of an object with use_tag set but no tag: Lezus_Konrad in code/__HELPERS/unsorted.dm at line 1500 src:  usr: Lezus_Konrad.
runtime error: 
[20:30:06]Cannot read null.key
