

Starting up round ID . 11:55:55
---------------------
Initialized Blackbox subsystem within 0 seconds!
Initialized Server Tasks subsystem within 0 seconds!
Initialized Events subsystem within 0 seconds!
runtime error: 
[11:55:57]cannot read from list
[11:55:57]proc name: LoadJobs (/datum/controller/subsystem/job/proc/LoadJobs)
[11:55:57]  source file: job.dm,448
[11:55:57]  usr: null
[11:55:57]  src: Jobs (/datum/controller/subsystem/job)
[11:55:57]  call stack:
[11:55:57]Jobs (/datum/controller/subsystem/job): LoadJobs()
[11:55:57]Jobs (/datum/controller/subsystem/job): Initialize(537569)
[11:55:57]Master (/datum/controller/master): Initialize(10, 0)
Initialized Jobs subsystem within 0.3 seconds!
Initialized Ticker subsystem within 0.3 seconds!
Loading Delta Station...
Loaded station in 48.6s!
Ruin "Hierophant's Arena" placed at (156, 120, 5)
Ruin "Ruin of Envy" placed at (89, 208, 5)
Ruin "Ruined Pizza Party" placed at (165, 176, 5)
runtime error: 
[11:56:52]Cannot execute /datum/plant_gene/trait/glow (/datum/plant_gene/trait/glow).glow range().
[11:56:52]proc name: New (/obj/structure/glowshroom/New)
[11:56:52]  source file: glowshroom.dm,63
[11:56:52]  usr: null
[11:56:52]  src: the glowshroom (/obj/structure/glowshroom/single)
[11:56:52]  src.loc: the floor (161,178,5) (/turf/open/floor/wood)
[11:56:52]  call stack:
[11:56:52]the glowshroom (/obj/structure/glowshroom/single): New(the floor (161,178,5) (/turf/open/floor/wood), null, null)
[11:56:52]/dmm_suite (/dmm_suite): create atom(/obj/structure/glowshroom/sing... (/obj/structure/glowshroom/single), the floor (161,178,5) (/turf/open/floor/wood))
[11:56:52]/dmm_suite (/dmm_suite): instance atom(/obj/structure/glowshroom/sing... (/obj/structure/glowshroom/single), /list (/list), the floor (161,178,5) (/turf/open/floor/wood), 1)
[11:56:52]/dmm_suite (/dmm_suite): parse grid("\n/obj/structure/glowshroom/si...", "n", 161, 178, 5, 1)
[11:56:52]/dmm_suite (/dmm_suite): load map impl(_maps/RandomRuins/LavaRuins/la..., 155, 166, 5, 1, null, 1, -1e+031, 1e+031, -1e+031, 1e+031)
[11:56:52]/dmm_suite (/dmm_suite): load map(_maps/RandomRuins/LavaRuins/la..., 155, 166, 5, 1, null, 1, null, null, null, null)
[11:56:52]Ruined Pizza Party (/datum/map_template/ruin/lavaland/pizza): load(the rock (155,166,5) (/turf/closed/mineral/random/volcanic), 1)
[11:56:52]the random ruin (/obj/effect/ruin_loader): Load(/list (/list), Ruined Pizza Party (/datum/map_template/ruin/lavaland/pizza))
[11:56:52]seedRuins(/list (/list), 50, /area/lavaland/surface/outdoor... (/area/lavaland/surface/outdoors/unexplored), /list (/list))
[11:56:52]Mapping (/datum/controller/subsystem/mapping): Initialize(537576)
[11:56:52]Master (/datum/controller/master): Initialize(10, 0)
runtime error: 
[11:56:52]Cannot execute /datum/plant_gene/trait/glow (/datum/plant_gene/trait/glow).glow range().
[11:56:52]proc name: New (/obj/structure/glowshroom/New)
[11:56:52]  source file: glowshroom.dm,63
[11:56:52]  usr: null
[11:56:52]  src: the glowshroom (/obj/structure/glowshroom/single)
[11:56:52]  src.loc: the plating (162,174,5) (/turf/open/floor/plating)
[11:56:52]  call stack:
[11:56:52]the glowshroom (/obj/structure/glowshroom/single): New(the plating (162,174,5) (/turf/open/floor/plating), null, null)
[11:56:52]/dmm_suite (/dmm_suite): create atom(/obj/structure/glowshroom/sing... (/obj/structure/glowshroom/single), the plating (162,174,5) (/turf/open/floor/plating))
[11:56:52]/dmm_suite (/dmm_suite): instance atom(/obj/structure/glowshroom/sing... (/obj/structure/glowshroom/single), /list (/list), the plating (162,174,5) (/turf/open/floor/plating), 1)
[11:56:52]/dmm_suite (/dmm_suite): parse grid("\n/obj/structure/glowshroom/si...", "J", 162, 174, 5, 1)
[11:56:52]/dmm_suite (/dmm_suite): load map impl(_maps/RandomRuins/LavaRuins/la..., 155, 166, 5, 1, null, 1, -1e+031, 1e+031, -1e+031, 1e+031)
[11:56:52]/dmm_suite (/dmm_suite): load map(_maps/RandomRuins/LavaRuins/la..., 155, 166, 5, 1, null, 1, null, null, null, null)
[11:56:52]Ruined Pizza Party (/datum/map_template/ruin/lavaland/pizza): load(the rock (155,166,5) (/turf/closed/mineral/random/volcanic), 1)
[11:56:52]the random ruin (/obj/effect/ruin_loader): Load(/list (/list), Ruined Pizza Party (/datum/map_template/ruin/lavaland/pizza))
[11:56:52]seedRuins(/list (/list), 50, /area/lavaland/surface/outdoor... (/area/lavaland/surface/outdoors/unexplored), /list (/list))
[11:56:52]Mapping (/datum/controller/subsystem/mapping): Initialize(537576)
[11:56:52]Master (/datum/controller/master): Initialize(10, 0)
runtime error: 
[11:56:52]Cannot execute /datum/plant_gene/trait/glow (/datum/plant_gene/trait/glow).glow range().
[11:56:52]proc name: New (/obj/structure/glowshroom/New)
[11:56:52]  source file: glowshroom.dm,63
[11:56:52]  usr: null
[11:56:52]  src: the glowshroom (/obj/structure/glowshroom/single)
[11:56:52]  src.loc: the floor (165,176,5) (/turf/open/floor/wood)
[11:56:52]  call stack:
[11:56:52]the glowshroom (/obj/structure/glowshroom/single): New(the floor (165,176,5) (/turf/open/floor/wood), null, null)
[11:56:52]/dmm_suite (/dmm_suite): create atom(/obj/structure/glowshroom/sing... (/obj/structure/glowshroom/single), the floor (165,176,5) (/turf/open/floor/wood))
[11:56:52]/dmm_suite (/dmm_suite): instance atom(/obj/structure/glowshroom/sing... (/obj/structure/glowshroom/single), /list (/list), the floor (165,176,5) (/turf/open/floor/wood), 1)
[11:56:52]/dmm_suite (/dmm_suite): parse grid("\n/obj/structure/table/wood,\n...", "z", 165, 176, 5, 1)
[11:56:52]/dmm_suite (/dmm_suite): load map impl(_maps/RandomRuins/LavaRuins/la..., 155, 166, 5, 1, null, 1, -1e+031, 1e+031, -1e+031, 1e+031)
[11:56:52]/dmm_suite (/dmm_suite): load map(_maps/RandomRuins/LavaRuins/la..., 155, 166, 5, 1, null, 1, null, null, null, null)
[11:56:52]Ruined Pizza Party (/datum/map_template/ruin/lavaland/pizza): load(the rock (155,166,5) (/turf/closed/mineral/random/volcanic), 1)
[11:56:52]the random ruin (/obj/effect/ruin_loader): Load(/list (/list), Ruined Pizza Party (/datum/map_template/ruin/lavaland/pizza))
[11:56:52]seedRuins(/list (/list), 50, /area/lavaland/surface/outdoor... (/area/lavaland/surface/outdoors/unexplored), /list (/list))
[11:56:52]Mapping (/datum/controller/subsystem/mapping): Initialize(537576)
[11:56:52]Master (/datum/controller/master): Initialize(10, 0)
runtime error: 
[11:56:52]Cannot execute /datum/plant_gene/trait/glow (/datum/plant_gene/trait/glow).glow range().
[11:56:52]proc name: New (/obj/structure/glowshroom/New)
[11:56:52]  source file: glowshroom.dm,63
[11:56:52]  usr: null
[11:56:52]  src: the glowshroom (/obj/structure/glowshroom/single)
[11:56:52]  src.loc: the floor (168,177,5) (/turf/open/floor/wood)
[11:56:52]  call stack:
[11:56:52]the glowshroom (/obj/structure/glowshroom/single): New(the floor (168,177,5) (/turf/open/floor/wood), null, null)
[11:56:52]/dmm_suite (/dmm_suite): create atom(/obj/structure/glowshroom/sing... (/obj/structure/glowshroom/single), the floor (168,177,5) (/turf/open/floor/wood))
[11:56:52]/dmm_suite (/dmm_suite): instance atom(/obj/structure/glowshroom/sing... (/obj/structure/glowshroom/single), /list (/list), the floor (168,177,5) (/turf/open/floor/wood), 1)
[11:56:52]/dmm_suite (/dmm_suite): parse grid("\n/obj/structure/glowshroom/si...", "u", 168, 177, 5, 1)
[11:56:52]/dmm_suite (/dmm_suite): load map impl(_maps/RandomRuins/LavaRuins/la..., 155, 166, 5, 1, null, 1, -1e+031, 1e+031, -1e+031, 1e+031)
[11:56:52]/dmm_suite (/dmm_suite): load map(_maps/RandomRuins/LavaRuins/la..., 155, 166, 5, 1, null, 1, null, null, null, null)
[11:56:52]Ruined Pizza Party (/datum/map_template/ruin/lavaland/pizza): load(the rock (155,166,5) (/turf/closed/mineral/random/volcanic), 1)
[11:56:52]the random ruin (/obj/effect/ruin_loader): Load(/list (/list), Ruined Pizza Party (/datum/map_template/ruin/lavaland/pizza))
[11:56:52]seedRuins(/list (/list), 50, /area/lavaland/surface/outdoor... (/area/lavaland/surface/outdoors/unexplored), /list (/list))
[11:56:52]Mapping (/datum/controller/subsystem/mapping): Initialize(537576)
[11:56:52]Master (/datum/controller/master): Initialize(10, 0)
runtime error: 
[11:56:52]Cannot execute /datum/plant_gene/trait/glow (/datum/plant_gene/trait/glow).glow range().
[11:56:52]proc name: New (/obj/structure/glowshroom/New)
[11:56:52]  source file: glowshroom.dm,63
[11:56:52]  usr: null
[11:56:52]  src: the glowshroom (/obj/structure/glowshroom/single)
[11:56:52]  src.loc: the floor (168,173,5) (/turf/open/floor/wood)
[11:56:52]  call stack:
[11:56:52]the glowshroom (/obj/structure/glowshroom/single): New(the floor (168,173,5) (/turf/open/floor/wood), null, null)
[11:56:52]/dmm_suite (/dmm_suite): create atom(/obj/structure/glowshroom/sing... (/obj/structure/glowshroom/single), the floor (168,173,5) (/turf/open/floor/wood))
[11:56:52]/dmm_suite (/dmm_suite): instance atom(/obj/structure/glowshroom/sing... (/obj/structure/glowshroom/single), /list (/list), the floor (168,173,5) (/turf/open/floor/wood), 1)
[11:56:52]/dmm_suite (/dmm_suite): parse grid("\n/obj/structure/glowshroom/si...", "n", 168, 173, 5, 1)
[11:56:52]/dmm_suite (/dmm_suite): load map impl(_maps/RandomRuins/LavaRuins/la..., 155, 166, 5, 1, null, 1, -1e+031, 1e+031, -1e+031, 1e+031)
[11:56:52]/dmm_suite (/dmm_suite): load map(_maps/RandomRuins/LavaRuins/la..., 155, 166, 5, 1, null, 1, null, null, null, null)
[11:56:52]Ruined Pizza Party (/datum/map_template/ruin/lavaland/pizza): load(the rock (155,166,5) (/turf/closed/mineral/random/volcanic), 1)
[11:56:52]the random ruin (/obj/effect/ruin_loader): Load(/list (/list), Ruined Pizza Party (/datum/map_template/ruin/lavaland/pizza))
[11:56:52]seedRuins(/list (/list), 50, /area/lavaland/surface/outdoor... (/area/lavaland/surface/outdoors/unexplored), /list (/list))
[11:56:52]Mapping (/datum/controller/subsystem/mapping): Initialize(537576)
[11:56:52]Master (/datum/controller/master): Initialize(10, 0)
Ruin "The Wishgranter Cube" placed at (168, 39, 5)
Ruin "Survival Capsule Ruins" placed at (74, 190, 5)
Ruin "Blood-Drunk Miner (Hunter)" placed at (35, 184, 5)
Ruin "Ruin of Gluttony" placed at (205, 200, 5)
Ruin "Summoning Ritual" placed at (87, 136, 5)
Ruin "UFO Crash" placed at (203, 122, 5)
Ruin "Fountain Hall" placed at (115, 51, 5)
Ruin "Derelict Tradepost" placed at (160, 203, 4)
runtime error: 
[11:56:54]Cannot execute /datum/plant_gene/trait/glow (/datum/plant_gene/trait/glow).glow range().
[11:56:54]proc name: New (/obj/structure/glowshroom/New)
[11:56:54]  source file: glowshroom.dm,63
[11:56:54]  usr: null
[11:56:54]  src: the glowshroom (/obj/structure/glowshroom/single)
[11:56:54]  src.loc: the floor (146,203,4) (/turf/open/floor/plasteel)
[11:56:54]  call stack:
[11:56:54]the glowshroom (/obj/structure/glowshroom/single): New(the floor (146,203,4) (/turf/open/floor/plasteel), null, null)
[11:56:54]/dmm_suite (/dmm_suite): create atom(/obj/structure/glowshroom/sing... (/obj/structure/glowshroom/single), the floor (146,203,4) (/turf/open/floor/plasteel))
[11:56:54]/dmm_suite (/dmm_suite): instance atom(/obj/structure/glowshroom/sing... (/obj/structure/glowshroom/single), /list (/list), the floor (146,203,4) (/turf/open/floor/plasteel), 1)
[11:56:54]/dmm_suite (/dmm_suite): parse grid("\n/obj/structure/alien/weeds{\...", "da", 146, 203, 4, 1)
[11:56:54]/dmm_suite (/dmm_suite): load map impl(_maps/RandomRuins/SpaceRuins/b..., 140, 183, 4, 1, null, 1, -1e+031, 1e+031, -1e+031, 1e+031)
[11:56:54]/dmm_suite (/dmm_suite): load map(_maps/RandomRuins/SpaceRuins/b..., 140, 183, 4, 1, null, 1, null, null, null, null)
[11:56:54]Derelict Tradepost (/datum/map_template/ruin/space/bigderelict1): load(space (140,183,4) (/turf/open/space/basic), 1)
[11:56:54]the random ruin (/obj/effect/ruin_loader): Load(/list (/list), Derelict Tradepost (/datum/map_template/ruin/space/bigderelict1))
[11:56:54]seedRuins(/list (/list), 16, /area/space (/area/space), /list (/list))
[11:56:54]Mapping (/datum/controller/subsystem/mapping): Initialize(537576)
[11:56:54]Master (/datum/controller/master): Initialize(10, 0)
runtime error: 
[11:56:54]Cannot execute /datum/plant_gene/trait/glow (/datum/plant_gene/trait/glow).glow range().
[11:56:54]proc name: New (/obj/structure/glowshroom/New)
[11:56:54]  source file: glowshroom.dm,63
[11:56:54]  usr: null
[11:56:54]  src: the glowshroom (/obj/structure/glowshroom/single)
[11:56:54]  src.loc: the asteroid sand (150,201,4) (/turf/open/floor/plating/asteroid)
[11:56:54]  call stack:
[11:56:54]the glowshroom (/obj/structure/glowshroom/single): New(the asteroid sand (150,201,4) (/turf/open/floor/plating/asteroid), null, null)
[11:56:54]/dmm_suite (/dmm_suite): create atom(/obj/structure/glowshroom/sing... (/obj/structure/glowshroom/single), the asteroid sand (150,201,4) (/turf/open/floor/plating/asteroid))
[11:56:54]/dmm_suite (/dmm_suite): instance atom(/obj/structure/glowshroom/sing... (/obj/structure/glowshroom/single), /list (/list), the asteroid sand (150,201,4) (/turf/open/floor/plating/asteroid), 1)
[11:56:54]/dmm_suite (/dmm_suite): parse grid("\n/obj/effect/decal/cleanable/...", "dy", 150, 201, 4, 1)
[11:56:54]/dmm_suite (/dmm_suite): load map impl(_maps/RandomRuins/SpaceRuins/b..., 140, 183, 4, 1, null, 1, -1e+031, 1e+031, -1e+031, 1e+031)
[11:56:54]/dmm_suite (/dmm_suite): load map(_maps/RandomRuins/SpaceRuins/b..., 140, 183, 4, 1, null, 1, null, null, null, null)
[11:56:54]Derelict Tradepost (/datum/map_template/ruin/space/bigderelict1): load(space (140,183,4) (/turf/open/space/basic), 1)
[11:56:54]the random ruin (/obj/effect/ruin_loader): Load(/list (/list), Derelict Tradepost (/datum/map_template/ruin/space/bigderelict1))
[11:56:54]seedRuins(/list (/list), 16, /area/space (/area/space), /list (/list))
[11:56:54]Mapping (/datum/controller/subsystem/mapping): Initialize(537576)
[11:56:54]Master (/datum/controller/master): Initialize(10, 0)
runtime error: 
[11:56:54]Cannot execute /datum/plant_gene/trait/glow (/datum/plant_gene/trait/glow).glow range().
[11:56:54]proc name: New (/obj/structure/glowshroom/New)
[11:56:54]  source file: glowshroom.dm,63
[11:56:54]  usr: null
[11:56:54]  src: the glowshroom (/obj/structure/glowshroom/single)
[11:56:54]  src.loc: the shuttle floor (154,210,4) (/turf/open/floor/mineral/titanium/blue)
[11:56:54]  call stack:
[11:56:54]the glowshroom (/obj/structure/glowshroom/single): New(the shuttle floor (154,210,4) (/turf/open/floor/mineral/titanium/blue), null, null)
[11:56:54]/dmm_suite (/dmm_suite): create atom(/obj/structure/glowshroom/sing... (/obj/structure/glowshroom/single), the shuttle floor (154,210,4) (/turf/open/floor/mineral/titanium/blue))
[11:56:54]/dmm_suite (/dmm_suite): instance atom(/obj/structure/glowshroom/sing... (/obj/structure/glowshroom/single), /list (/list), the shuttle floor (154,210,4) (/turf/open/floor/mineral/titanium/blue), 1)
[11:56:54]/dmm_suite (/dmm_suite): parse grid("\n/obj/structure/alien/weeds{\...", "bg", 154, 210, 4, 1)
[11:56:54]/dmm_suite (/dmm_suite): load map impl(_maps/RandomRuins/SpaceRuins/b..., 140, 183, 4, 1, null, 1, -1e+031, 1e+031, -1e+031, 1e+031)
[11:56:54]/dmm_suite (/dmm_suite): load map(_maps/RandomRuins/SpaceRuins/b..., 140, 183, 4, 1, null, 1, null, null, null, null)
[11:56:54]Derelict Tradepost (/datum/map_template/ruin/space/bigderelict1): load(space (140,183,4) (/turf/open/space/basic), 1)
[11:56:54]the random ruin (/obj/effect/ruin_loader): Load(/list (/list), Derelict Tradepost (/datum/map_template/ruin/space/bigderelict1))
[11:56:54]seedRuins(/list (/list), 16, /area/space (/area/space), /list (/list))
[11:56:54]Mapping (/datum/controller/subsystem/mapping): Initialize(537576)
[11:56:54]Master (/datum/controller/master): Initialize(10, 0)
runtime error: 
[11:56:54]Cannot execute /datum/plant_gene/trait/glow (/datum/plant_gene/trait/glow).glow range().
[11:56:54]proc name: New (/obj/structure/glowshroom/New)
[11:56:54]  source file: glowshroom.dm,63
[11:56:54]  usr: null
[11:56:54]  src: the glowshroom (/obj/structure/glowshroom/single)
[11:56:54]  src.loc: the floor (156,205,4) (/turf/open/floor/plasteel)
[11:56:54]  call stack:
[11:56:54]the glowshroom (/obj/structure/glowshroom/single): New(the floor (156,205,4) (/turf/open/floor/plasteel), null, null)
[11:56:54]/dmm_suite (/dmm_suite): create atom(/obj/structure/glowshroom/sing... (/obj/structure/glowshroom/single), the floor (156,205,4) (/turf/open/floor/plasteel))
[11:56:54]/dmm_suite (/dmm_suite): instance atom(/obj/structure/glowshroom/sing... (/obj/structure/glowshroom/single), /list (/list), the floor (156,205,4) (/turf/open/floor/plasteel), 1)
[11:56:54]/dmm_suite (/dmm_suite): parse grid("\n/obj/structure/alien/weeds{\...", "cM", 156, 205, 4, 1)
[11:56:54]/dmm_suite (/dmm_suite): load map impl(_maps/RandomRuins/SpaceRuins/b..., 140, 183, 4, 1, null, 1, -1e+031, 1e+031, -1e+031, 1e+031)
[11:56:54]/dmm_suite (/dmm_suite): load map(_maps/RandomRuins/SpaceRuins/b..., 140, 183, 4, 1, null, 1, null, null, null, null)
[11:56:54]Derelict Tradepost (/datum/map_template/ruin/space/bigderelict1): load(space (140,183,4) (/turf/open/space/basic), 1)
[11:56:54]the random ruin (/obj/effect/ruin_loader): Load(/list (/list), Derelict Tradepost (/datum/map_template/ruin/space/bigderelict1))
[11:56:54]seedRuins(/list (/list), 16, /area/space (/area/space), /list (/list))
[11:56:54]Mapping (/datum/controller/subsystem/mapping): Initialize(537576)
[11:56:54]Master (/datum/controller/master): Initialize(10, 0)
runtime error: 
[11:56:54]Cannot execute /datum/plant_gene/trait/glow (/datum/plant_gene/trait/glow).glow range().
[11:56:54]proc name: New (/obj/structure/glowshroom/New)
[11:56:54]  source file: glowshroom.dm,63
[11:56:54]  usr: null
[11:56:54]  src: the glowshroom (/obj/structure/glowshroom/single)
[11:56:54]  src.loc: the asteroid sand (164,202,4) (/turf/open/floor/plating/asteroid)
[11:56:54]  call stack:
[11:56:54]the glowshroom (/obj/structure/glowshroom/single): New(the asteroid sand (164,202,4) (/turf/open/floor/plating/asteroid), null, null)
[11:56:54]/dmm_suite (/dmm_suite): create atom(/obj/structure/glowshroom/sing... (/obj/structure/glowshroom/single), the asteroid sand (164,202,4) (/turf/open/floor/plating/asteroid))
[11:56:54]/dmm_suite (/dmm_suite): instance atom(/obj/structure/glowshroom/sing... (/obj/structure/glowshroom/single), /list (/list), the asteroid sand (164,202,4) (/turf/open/floor/plating/asteroid), 1)
[11:56:54]/dmm_suite (/dmm_suite): parse grid("\n/obj/structure/alien/weeds{\...", "dt", 164, 202, 4, 1)
[11:56:54]/dmm_suite (/dmm_suite): load map impl(_maps/RandomRuins/SpaceRuins/b..., 140, 183, 4, 1, null, 1, -1e+031, 1e+031, -1e+031, 1e+031)
[11:56:54]/dmm_suite (/dmm_suite): load map(_maps/RandomRuins/SpaceRuins/b..., 140, 183, 4, 1, null, 1, null, null, null, null)
[11:56:54]Derelict Tradepost (/datum/map_template/ruin/space/bigderelict1): load(space (140,183,4) (/turf/open/space/basic), 1)
[11:56:54]the random ruin (/obj/effect/ruin_loader): Load(/list (/list), Derelict Tradepost (/datum/map_template/ruin/space/bigderelict1))
[11:56:54]seedRuins(/list (/list), 16, /area/space (/area/space), /list (/list))
[11:56:54]Mapping (/datum/controller/subsystem/mapping): Initialize(537576)
[11:56:54]Master (/datum/controller/master): Initialize(10, 0)
runtime error: 
[11:56:54]Cannot execute /datum/plant_gene/trait/glow (/datum/plant_gene/trait/glow).glow range().
[11:56:54]proc name: New (/obj/structure/glowshroom/New)
[11:56:54]  source file: glowshroom.dm,63
[11:56:54]  usr: null
[11:56:54]  src: the glowshroom (/obj/structure/glowshroom/single)
[11:56:54]  src.loc: the floor (167,199,4) (/turf/open/floor/plasteel)
[11:56:54]  call stack:
[11:56:54]the glowshroom (/obj/structure/glowshroom/single): New(the floor (167,199,4) (/turf/open/floor/plasteel), null, null)
[11:56:54]/dmm_suite (/dmm_suite): create atom(/obj/structure/glowshroom/sing... (/obj/structure/glowshroom/single), the floor (167,199,4) (/turf/open/floor/plasteel))
[11:56:54]/dmm_suite (/dmm_suite): instance atom(/obj/structure/glowshroom/sing... (/obj/structure/glowshroom/single), /list (/list), the floor (167,199,4) (/turf/open/floor/plasteel), 1)
[11:56:54]/dmm_suite (/dmm_suite): parse grid("\n/obj/structure/alien/weeds{\...", "dP", 167, 199, 4, 1)
[11:56:54]/dmm_suite (/dmm_suite): load map impl(_maps/RandomRuins/SpaceRuins/b..., 140, 183, 4, 1, null, 1, -1e+031, 1e+031, -1e+031, 1e+031)
[11:56:54]/dmm_suite (/dmm_suite): load map(_maps/RandomRuins/SpaceRuins/b..., 140, 183, 4, 1, null, 1, null, null, null, null)
[11:56:54]Derelict Tradepost (/datum/map_template/ruin/space/bigderelict1): load(space (140,183,4) (/turf/open/space/basic), 1)
[11:56:54]the random ruin (/obj/effect/ruin_loader): Load(/list (/list), Derelict Tradepost (/datum/map_template/ruin/space/bigderelict1))
[11:56:54]seedRuins(/list (/list), 16, /area/space (/area/space), /list (/list))
[11:56:54]Mapping (/datum/controller/subsystem/mapping): Initialize(537576)
[11:56:54]Master (/datum/controller/master): Initialize(10, 0)
runtime error: 
[11:56:54]Cannot execute /datum/plant_gene/trait/glow (/datum/plant_gene/trait/glow).glow range().
[11:56:54]proc name: New (/obj/structure/glowshroom/New)
[11:56:54]  source file: glowshroom.dm,63
[11:56:54]  usr: null
[11:56:54]  src: the glowshroom (/obj/structure/glowshroom/single)
[11:56:54]  src.loc: the floor (168,204,4) (/turf/open/floor/plasteel)
[11:56:54]  call stack:
[11:56:54]the glowshroom (/obj/structure/glowshroom/single): New(the floor (168,204,4) (/turf/open/floor/plasteel), null, null)
[11:56:54]/dmm_suite (/dmm_suite): create atom(/obj/structure/glowshroom/sing... (/obj/structure/glowshroom/single), the floor (168,204,4) (/turf/open/floor/plasteel))
[11:56:54]/dmm_suite (/dmm_suite): instance atom(/obj/structure/glowshroom/sing... (/obj/structure/glowshroom/single), /list (/list), the floor (168,204,4) (/turf/open/floor/plasteel), 1)
[11:56:54]/dmm_suite (/dmm_suite): parse grid("\n/obj/structure/alien/weeds{\...", "ci", 168, 204, 4, 1)
[11:56:54]/dmm_suite (/dmm_suite): load map impl(_maps/RandomRuins/SpaceRuins/b..., 140, 183, 4, 1, null, 1, -1e+031, 1e+031, -1e+031, 1e+031)
[11:56:54]/dmm_suite (/dmm_suite): load map(_maps/RandomRuins/SpaceRuins/b..., 140, 183, 4, 1, null, 1, null, null, null, null)
[11:56:54]Derelict Tradepost (/datum/map_template/ruin/space/bigderelict1): load(space (140,183,4) (/turf/open/space/basic), 1)
[11:56:54]the random ruin (/obj/effect/ruin_loader): Load(/list (/list), Derelict Tradepost (/datum/map_template/ruin/space/bigderelict1))
[11:56:54]seedRuins(/list (/list), 16, /area/space (/area/space), /list (/list))
[11:56:54]Mapping (/datum/controller/subsystem/mapping): Initialize(537576)
[11:56:54]Master (/datum/controller/master): Initialize(10, 0)
runtime error: 
[11:56:55]Cannot execute /datum/plant_gene/trait/glow (/datum/plant_gene/trait/glow).glow range().
[11:56:55]proc name: New (/obj/structure/glowshroom/New)
[11:56:55]  source file: glowshroom.dm,63
[11:56:55]  usr: null
[11:56:55]  src: the glowshroom (/obj/structure/glowshroom/single)
[11:56:55]  src.loc: the floor (169,207,4) (/turf/open/floor/plasteel)
[11:56:55]  call stack:
[11:56:55]the glowshroom (/obj/structure/glowshroom/single): New(the floor (169,207,4) (/turf/open/floor/plasteel), null, null)
[11:56:55]/dmm_suite (/dmm_suite): create atom(/obj/structure/glowshroom/sing... (/obj/structure/glowshroom/single), the floor (169,207,4) (/turf/open/floor/plasteel))
[11:56:55]/dmm_suite (/dmm_suite): instance atom(/obj/structure/glowshroom/sing... (/obj/structure/glowshroom/single), /list (/list), the floor (169,207,4) (/turf/open/floor/plasteel), 1)
[11:56:55]/dmm_suite (/dmm_suite): parse grid("\n/obj/structure/alien/weeds{\...", "ci", 169, 207, 4, 1)
[11:56:55]/dmm_suite (/dmm_suite): load map impl(_maps/RandomRuins/SpaceRuins/b..., 140, 183, 4, 1, null, 1, -1e+031, 1e+031, -1e+031, 1e+031)
[11:56:55]/dmm_suite (/dmm_suite): load map(_maps/RandomRuins/SpaceRuins/b..., 140, 183, 4, 1, null, 1, null, null, null, null)
[11:56:55]Derelict Tradepost (/datum/map_template/ruin/space/bigderelict1): load(space (140,183,4) (/turf/open/space/basic), 1)
[11:56:55]the random ruin (/obj/effect/ruin_loader): Load(/list (/list), Derelict Tradepost (/datum/map_template/ruin/space/bigderelict1))
[11:56:55]seedRuins(/list (/list), 16, /area/space (/area/space), /list (/list))
[11:56:55]Mapping (/datum/controller/subsystem/mapping): Initialize(537576)
[11:56:55]Master (/datum/controller/master): Initialize(10, 0)
runtime error: 
[11:56:55]Cannot execute /datum/plant_gene/trait/glow (/datum/plant_gene/trait/glow).glow range().
[11:56:55]proc name: New (/obj/structure/glowshroom/New)
[11:56:55]  source file: glowshroom.dm,63
[11:56:55]  usr: null
[11:56:55]  src: the glowshroom (/obj/structure/glowshroom/single)
[11:56:55]  src.loc: the floor (170,200,4) (/turf/open/floor/plasteel)
[11:56:55]  call stack:
[11:56:55]the glowshroom (/obj/structure/glowshroom/single): New(the floor (170,200,4) (/turf/open/floor/plasteel), null, null)
[11:56:55]/dmm_suite (/dmm_suite): create atom(/obj/structure/glowshroom/sing... (/obj/structure/glowshroom/single), the floor (170,200,4) (/turf/open/floor/plasteel))
[11:56:55]/dmm_suite (/dmm_suite): instance atom(/obj/structure/glowshroom/sing... (/obj/structure/glowshroom/single), /list (/list), the floor (170,200,4) (/turf/open/floor/plasteel), 1)
[11:56:55]/dmm_suite (/dmm_suite): parse grid("\n/obj/structure/alien/weeds{\...", "ci", 170, 200, 4, 1)
[11:56:55]/dmm_suite (/dmm_suite): load map impl(_maps/RandomRuins/SpaceRuins/b..., 140, 183, 4, 1, null, 1, -1e+031, 1e+031, -1e+031, 1e+031)
[11:56:55]/dmm_suite (/dmm_suite): load map(_maps/RandomRuins/SpaceRuins/b..., 140, 183, 4, 1, null, 1, null, null, null, null)
[11:56:55]Derelict Tradepost (/datum/map_template/ruin/space/bigderelict1): load(space (140,183,4) (/turf/open/space/basic), 1)
[11:56:55]the random ruin (/obj/effect/ruin_loader): Load(/list (/list), Derelict Tradepost (/datum/map_template/ruin/space/bigderelict1))
[11:56:55]seedRuins(/list (/list), 16, /area/space (/area/space), /list (/list))
[11:56:55]Mapping (/datum/controller/subsystem/mapping): Initialize(537576)
[11:56:55]Master (/datum/controller/master): Initialize(10, 0)
runtime error: 
[11:56:55]Cannot execute /datum/plant_gene/trait/glow (/datum/plant_gene/trait/glow).glow range().
[11:56:55]proc name: New (/obj/structure/glowshroom/New)
[11:56:55]  source file: glowshroom.dm,63
[11:56:55]  usr: null
[11:56:55]  src: the glowshroom (/obj/structure/glowshroom/single)
[11:56:55]  src.loc: the floor (172,204,4) (/turf/open/floor/plasteel)
[11:56:55]  call stack:
[11:56:55]the glowshroom (/obj/structure/glowshroom/single): New(the floor (172,204,4) (/turf/open/floor/plasteel), null, null)
[11:56:55]/dmm_suite (/dmm_suite): create atom(/obj/structure/glowshroom/sing... (/obj/structure/glowshroom/single), the floor (172,204,4) (/turf/open/floor/plasteel))
[11:56:55]/dmm_suite (/dmm_suite): instance atom(/obj/structure/glowshroom/sing... (/obj/structure/glowshroom/single), /list (/list), the floor (172,204,4) (/turf/open/floor/plasteel), 1)
[11:56:55]/dmm_suite (/dmm_suite): parse grid("\n/obj/structure/alien/weeds{\...", "ci", 172, 204, 4, 1)
[11:56:55]/dmm_suite (/dmm_suite): load map impl(_maps/RandomRuins/SpaceRuins/b..., 140, 183, 4, 1, null, 1, -1e+031, 1e+031, -1e+031, 1e+031)
[11:56:55]/dmm_suite (/dmm_suite): load map(_maps/RandomRuins/SpaceRuins/b..., 140, 183, 4, 1, null, 1, null, null, null, null)
[11:56:55]Derelict Tradepost (/datum/map_template/ruin/space/bigderelict1): load(space (140,183,4) (/turf/open/space/basic), 1)
[11:56:55]the random ruin (/obj/effect/ruin_loader): Load(/list (/list), Derelict Tradepost (/datum/map_template/ruin/space/bigderelict1))
[11:56:55]seedRuins(/list (/list), 16, /area/space (/area/space), /list (/list))
[11:56:55]Mapping (/datum/controller/subsystem/mapping): Initialize(537576)
[11:56:55]Master (/datum/controller/master): Initialize(10, 0)
runtime error: 
[11:56:55]Cannot execute /datum/plant_gene/trait/glow (/datum/plant_gene/trait/glow).glow range().
[11:56:55]proc name: New (/obj/structure/glowshroom/New)
[11:56:55]  source file: glowshroom.dm,63
runtime error: 
[11:56:55]Cannot execute /datum/plant_gene/trait/glow (/datum/plant_gene/trait/glow).glow range().
[11:56:55]proc name: New (/obj/structure/glowshroom/New)
[11:56:55]  source file: glowshroom.dm,63
runtime error: 
[11:56:55]Cannot execute /datum/plant_gene/trait/glow (/datum/plant_gene/trait/glow).glow range().
[11:56:55]proc name: New (/obj/structure/glowshroom/New)
[11:56:55]  source file: glowshroom.dm,63
runtime error: 
[11:56:55]Cannot execute /datum/plant_gene/trait/glow (/datum/plant_gene/trait/glow).glow range().
[11:56:55]proc name: New (/obj/structure/glowshroom/New)
[11:56:55]  source file: glowshroom.dm,63
runtime error: 
[11:56:55]Cannot execute /datum/plant_gene/trait/glow (/datum/plant_gene/trait/glow).glow range().
[11:56:55]proc name: New (/obj/structure/glowshroom/New)
[11:56:55]  source file: glowshroom.dm,63
Ruin "Detached Teleporter" placed at (73, 198, 11)
Ruin "Derelict 6" placed at (91, 78, 7)
Ruin "CF Corsair" placed at (36, 43, 7)
Ruin "Derelict 3" placed at (182, 126, 9)
Ruin "Ordinary Space Tile" placed at (79, 99, 11)
Ruin "DK Excavator 453" placed at (212, 163, 3)
Ruin "The Twin-Nexus Hotel" placed at (191, 94, 3)
Ruin "NT Medical Ship" placed at (52, 215, 3)
Ruin "Crashed Ship" placed at (106, 75, 8)
Ruin "Gondoland" placed at (66, 152, 3)
Ruin "Asteroid 2" placed at (70, 113, 8)
Ruin "Unnamed Turreted Outpost" placed at (126, 75, 9)
Ruin "Derelict 1" placed at (204, 176, 10)
Ruin "Biological Storage Facility" placed at (100, 109, 11)
Ruin "Strange Ship" placed at (157, 47, 9)
Initialized Mapping subsystem within 61 seconds!
runtime error: 
[11:57:03]Cannot execute null.add reagent().
[11:57:03]proc name: Initialize (/obj/effect/decal/cleanable/blood/gibs/Initialize)
[11:57:03]  source file: humans.dm,57
runtime error: 
[11:57:03]Cannot execute null.add reagent().
[11:57:03]proc name: Initialize (/obj/effect/decal/cleanable/blood/gibs/Initialize)
[11:57:03]  source file: humans.dm,57
runtime error: 
[11:57:03]Cannot execute null.add reagent().
[11:57:03]proc name: Initialize (/obj/effect/decal/cleanable/blood/gibs/Initialize)
[11:57:03]  source file: humans.dm,57
runtime error: 
[11:57:03]Cannot execute null.add reagent().
[11:57:03]proc name: Initialize (/obj/effect/decal/cleanable/blood/gibs/Initialize)
[11:57:03]  source file: humans.dm,57
runtime error: 
[11:57:03]Cannot execute null.add reagent().
[11:57:03]proc name: Initialize (/obj/effect/decal/cleanable/oil/Initialize)
[11:57:03]  source file: robots.dm,52
runtime error: 
[11:57:03]Cannot execute null.add reagent().
[11:57:03]proc name: Initialize (/obj/effect/decal/cleanable/oil/Initialize)
[11:57:03]  source file: robots.dm,52
runtime error: 
[11:57:09]Cannot execute null.add reagent().
[11:57:09]proc name: Initialize (/obj/effect/decal/cleanable/oil/Initialize)
[11:57:09]  source file: robots.dm,52
runtime error: 
[11:57:09]Cannot execute null.add reagent().
[11:57:09]proc name: Initialize (/obj/effect/decal/cleanable/oil/Initialize)
[11:57:09]  source file: robots.dm,52
runtime error: 
[11:57:10]Cannot execute null.add reagent().
[11:57:10]proc name: Initialize (/obj/effect/decal/cleanable/oil/Initialize)
[11:57:10]  source file: robots.dm,52
runtime error: 
[11:57:10]Cannot execute null.add reagent().
[11:57:10]proc name: Initialize (/obj/effect/decal/cleanable/blood/gibs/Initialize)
[11:57:10]  source file: humans.dm,57
runtime error: 
[11:57:10]Cannot execute null.add reagent().
[11:57:10]proc name: Initialize (/obj/effect/decal/cleanable/oil/Initialize)
[11:57:10]  source file: robots.dm,52
runtime error: 
[11:57:10]Cannot execute null.add reagent().
[11:57:10]proc name: Initialize (/obj/effect/decal/cleanable/blood/gibs/Initialize)
[11:57:10]  source file: humans.dm,57
runtime error: 
[11:57:10]Cannot execute null.add reagent().
[11:57:10]proc name: Initialize (/obj/effect/decal/cleanable/oil/Initialize)
[11:57:10]  source file: robots.dm,52
runtime error: 
[11:57:11]Cannot execute null.add reagent().
[11:57:11]proc name: Initialize (/obj/effect/decal/cleanable/blood/gibs/Initialize)
[11:57:11]  source file: humans.dm,57
runtime error: 
[11:57:11]Cannot execute null.add reagent().
[11:57:11]proc name: Initialize (/obj/effect/decal/cleanable/oil/Initialize)
[11:57:11]  source file: robots.dm,52
runtime error: 
[11:57:11]Cannot execute null.add reagent().
[11:57:11]proc name: Initialize (/obj/effect/decal/cleanable/oil/Initialize)
[11:57:11]  source file: robots.dm,52
runtime error: 
[11:57:12]Cannot execute null.add reagent().
[11:57:12]proc name: Initialize (/obj/effect/decal/cleanable/oil/Initialize)
[11:57:12]  source file: robots.dm,52
runtime error: 
[11:57:12]Cannot execute null.add reagent().
[11:57:12]proc name: Initialize (/obj/effect/decal/cleanable/oil/Initialize)
[11:57:12]  source file: robots.dm,52
runtime error: 
[11:57:12]Cannot execute null.add reagent().
[11:57:12]proc name: Initialize (/obj/effect/decal/cleanable/oil/Initialize)
[11:57:12]  source file: robots.dm,52
runtime error: 
[11:57:12]Cannot execute null.add reagent().
[11:57:12]proc name: Initialize (/obj/effect/decal/cleanable/oil/Initialize)
[11:57:12]  source file: robots.dm,52
runtime error: 
[11:57:12]Cannot execute null.add reagent().
[11:57:12]proc name: Initialize (/obj/effect/decal/cleanable/oil/Initialize)
[11:57:12]  source file: robots.dm,52
runtime error: 
[11:57:12]Cannot execute null.add reagent().
[11:57:12]proc name: Initialize (/obj/effect/decal/cleanable/oil/Initialize)
[11:57:12]  source file: robots.dm,52
runtime error: 
[11:57:12]Cannot execute null.add reagent().
[11:57:12]proc name: Initialize (/obj/effect/decal/cleanable/oil/Initialize)
[11:57:12]  source file: robots.dm,52
runtime error: 
[11:57:13]Cannot execute null.add reagent().
[11:57:13]proc name: Initialize (/obj/effect/decal/cleanable/oil/Initialize)
[11:57:13]  source file: robots.dm,52
runtime error: 
[11:57:13]Cannot execute null.add reagent().
[11:57:13]proc name: Initialize (/obj/effect/decal/cleanable/oil/Initialize)
[11:57:13]  source file: robots.dm,52
runtime error: 
[11:57:13]Cannot execute null.add reagent().
[11:57:13]proc name: Initialize (/obj/effect/decal/cleanable/oil/Initialize)
[11:57:13]  source file: robots.dm,52
runtime error: 
[11:57:14]Cannot execute null.add reagent().
[11:57:14]proc name: Initialize (/obj/effect/decal/cleanable/oil/Initialize)
[11:57:14]  source file: robots.dm,52
runtime error: 
[11:57:14]Cannot execute null.add reagent().
[11:57:14]proc name: Initialize (/obj/effect/decal/cleanable/oil/Initialize)
[11:57:14]  source file: robots.dm,52
runtime error: 
[11:57:16]Cannot read null.temperature
[11:57:16]proc name: Entered (/turf/Entered)
[11:57:16]  source file: turf.dm,186
runtime error: 
[11:57:17]Cannot execute null.add reagent().
[11:57:17]proc name: Initialize (/obj/effect/decal/cleanable/oil/Initialize)
[11:57:17]  source file: robots.dm,52
runtime error: 
[11:57:17]Cannot execute null.add reagent().
[11:57:17]proc name: Initialize (/obj/effect/decal/cleanable/oil/Initialize)
[11:57:17]  source file: robots.dm,52
runtime error: 
[11:57:17]Cannot execute null.add reagent().
[11:57:17]proc name: Initialize (/obj/effect/decal/cleanable/oil/Initialize)
[11:57:17]  source file: robots.dm,52
runtime error: 
[11:57:17]Cannot execute null.add reagent().
[11:57:17]proc name: Initialize (/obj/effect/decal/cleanable/oil/Initialize)
[11:57:17]  source file: robots.dm,52
runtime error: 
[11:57:18]Cannot execute null.add reagent().
[11:57:18]proc name: Initialize (/obj/effect/decal/cleanable/oil/Initialize)
[11:57:18]  source file: robots.dm,52
runtime error: 
[11:57:18]Cannot execute null.add reagent().
[11:57:18]proc name: Initialize (/obj/effect/decal/cleanable/oil/Initialize)
[11:57:18]  source file: robots.dm,52
runtime error: 
[11:57:19]Cannot execute null.add reagent().
[11:57:19]proc name: Initialize (/obj/effect/decal/cleanable/oil/Initialize)
[11:57:19]  source file: robots.dm,52
runtime error: 
[11:57:20]Cannot execute null.add reagent().
[11:57:20]proc name: Initialize (/obj/effect/decal/cleanable/oil/Initialize)
[11:57:20]  source file: robots.dm,52
runtime error: 
[11:57:20]Cannot execute null.add reagent().
[11:57:20]proc name: Initialize (/obj/effect/decal/cleanable/oil/Initialize)
[11:57:20]  source file: robots.dm,52
runtime error: 
[11:57:21]Cannot execute null.add reagent().
[11:57:21]proc name: Initialize (/obj/effect/decal/cleanable/oil/Initialize)
[11:57:21]  source file: robots.dm,52
runtime error: 
[11:57:21]Cannot execute null.add reagent().
[11:57:21]proc name: Initialize (/obj/effect/decal/cleanable/oil/Initialize)
[11:57:21]  source file: robots.dm,52
runtime error: 
[11:57:21]Cannot execute null.add reagent().
[11:57:21]proc name: Initialize (/obj/effect/decal/cleanable/oil/Initialize)
[11:57:21]  source file: robots.dm,52
runtime error: 
[11:57:21]Cannot execute null.add reagent().
[11:57:21]proc name: Initialize (/obj/effect/decal/cleanable/oil/Initialize)
[11:57:21]  source file: robots.dm,52
runtime error: 
[11:57:22]Cannot execute null.add reagent().
[11:57:22]proc name: Initialize (/obj/effect/decal/cleanable/oil/Initialize)
[11:57:22]  source file: robots.dm,52
runtime error: 
[11:57:22]Cannot execute null.add reagent().
[11:57:22]proc name: Initialize (/obj/effect/decal/cleanable/oil/Initialize)
[11:57:22]  source file: robots.dm,52
runtime error: 
[11:57:23]Cannot execute null.add reagent().
[11:57:23]proc name: Initialize (/obj/effect/decal/cleanable/blood/gibs/Initialize)
[11:57:23]  source file: humans.dm,57
runtime error: 
[11:57:23]Cannot execute null.add reagent().
[11:57:23]proc name: Initialize (/obj/effect/decal/cleanable/blood/gibs/Initialize)
[11:57:23]  source file: humans.dm,57
runtime error: 
[11:57:23]Cannot execute null.add reagent().
[11:57:23]proc name: Initialize (/obj/effect/decal/cleanable/blood/gibs/Initialize)
[11:57:23]  source file: humans.dm,57
runtime error: 
[11:57:23]Cannot execute null.add reagent().
[11:57:23]proc name: Initialize (/obj/effect/decal/cleanable/blood/gibs/Initialize)
[11:57:23]  source file: humans.dm,57
runtime error: 
[11:57:23]Cannot execute null.add reagent().
[11:57:23]proc name: Initialize (/obj/effect/decal/cleanable/blood/gibs/Initialize)
[11:57:23]  source file: humans.dm,57
runtime error: 
[11:57:23]Cannot execute null.add reagent().
[11:57:23]proc name: Initialize (/obj/effect/decal/cleanable/blood/gibs/Initialize)
[11:57:23]  source file: humans.dm,57
runtime error: 
[11:57:23]Cannot execute null.add reagent().
[11:57:23]proc name: Initialize (/obj/effect/decal/cleanable/blood/gibs/Initialize)
[11:57:23]  source file: humans.dm,57
runtime error: 
[11:57:23]Cannot execute null.add reagent().
[11:57:23]proc name: Initialize (/obj/effect/decal/cleanable/oil/Initialize)
[11:57:23]  source file: robots.dm,52
runtime error: 
[11:57:23]Cannot execute null.add reagent().
[11:57:23]proc name: Initialize (/obj/effect/decal/cleanable/oil/Initialize)
[11:57:23]  source file: robots.dm,52
runtime error: 
[11:57:23]Cannot execute null.add reagent().
[11:57:23]proc name: Initialize (/obj/effect/decal/cleanable/oil/Initialize)
[11:57:23]  source file: robots.dm,52
runtime error: 
[11:57:24]Cannot execute null.add reagent().
[11:57:24]proc name: Initialize (/obj/effect/decal/cleanable/oil/Initialize)
[11:57:24]  source file: robots.dm,52
runtime error: 
[11:57:24]Cannot execute null.add reagent().
[11:57:24]proc name: Initialize (/obj/effect/decal/cleanable/oil/Initialize)
[11:57:24]  source file: robots.dm,52
runtime error: 
[11:57:24]Cannot execute null.add reagent().
[11:57:24]proc name: Initialize (/obj/effect/decal/cleanable/oil/Initialize)
[11:57:24]  source file: robots.dm,52
runtime error: 
[11:57:24]Cannot execute null.add reagent().
[11:57:24]proc name: Initialize (/obj/effect/decal/cleanable/blood/gibs/Initialize)
[11:57:24]  source file: humans.dm,57
runtime error: 
[11:57:24]Cannot execute null.add reagent().
[11:57:24]proc name: Initialize (/obj/effect/decal/cleanable/blood/gibs/Initialize)
[11:57:24]  source file: humans.dm,57
runtime error: 
[11:57:24]Cannot execute null.add reagent().
[11:57:24]proc name: Initialize (/obj/effect/decal/cleanable/blood/gibs/Initialize)
[11:57:24]  source file: humans.dm,57
runtime error: 
[11:57:24]Cannot execute null.add reagent().
[11:57:24]proc name: Initialize (/obj/effect/decal/cleanable/blood/gibs/Initialize)
[11:57:24]  source file: humans.dm,57
runtime error: 
[11:57:24]Cannot execute null.add reagent().
[11:57:24]proc name: Initialize (/obj/effect/decal/cleanable/blood/gibs/Initialize)
[11:57:24]  source file: humans.dm,57
runtime error: 
[11:57:24]Cannot execute null.add reagent().
[11:57:24]proc name: Initialize (/obj/effect/decal/cleanable/blood/gibs/Initialize)
[11:57:24]  source file: humans.dm,57
runtime error: 
[11:57:24]Cannot execute null.add reagent().
[11:57:24]proc name: Initialize (/obj/effect/decal/cleanable/blood/gibs/Initialize)
[11:57:24]  source file: humans.dm,57
runtime error: 
[11:57:24]Cannot execute null.add reagent().
[11:57:24]proc name: Initialize (/obj/effect/decal/cleanable/blood/gibs/Initialize)
[11:57:24]  source file: humans.dm,57
runtime error: 
[11:57:24]Cannot execute null.add reagent().
[11:57:24]proc name: Initialize (/obj/effect/decal/cleanable/blood/gibs/Initialize)
[11:57:24]  source file: humans.dm,57
runtime error: 
[11:57:24]Cannot execute null.add reagent().
[11:57:24]proc name: Initialize (/obj/effect/decal/cleanable/blood/gibs/Initialize)
[11:57:24]  source file: humans.dm,57
runtime error: 
[11:57:24]Cannot execute null.add reagent().
[11:57:24]proc name: Initialize (/obj/effect/decal/cleanable/blood/gibs/Initialize)
[11:57:24]  source file: humans.dm,57
runtime error: 
[11:57:24]Cannot execute null.add reagent().
[11:57:24]proc name: Initialize (/obj/effect/decal/cleanable/blood/gibs/Initialize)
[11:57:24]  source file: humans.dm,57
runtime error: 
[11:57:24]Cannot execute null.add reagent().
[11:57:24]proc name: Initialize (/obj/effect/decal/cleanable/blood/gibs/Initialize)
[11:57:24]  source file: humans.dm,57
runtime error: 
[11:57:25]Cannot execute null.add reagent().
[11:57:25]proc name: Initialize (/obj/effect/decal/cleanable/blood/gibs/Initialize)
[11:57:25]  source file: humans.dm,57
runtime error: 
[11:57:25]Cannot execute null.add reagent().
[11:57:25]proc name: Initialize (/obj/effect/decal/cleanable/blood/gibs/Initialize)
[11:57:25]  source file: humans.dm,57
runtime error: 
[11:57:25]Cannot execute null.add reagent().
[11:57:25]proc name: Initialize (/obj/effect/decal/cleanable/blood/gibs/Initialize)
[11:57:25]  source file: humans.dm,57
runtime error: 
[11:57:25]Cannot execute null.add reagent().
[11:57:25]Warning: further proc crash messages are being suppressed to prevent overload...
runtime error: 
[11:57:25]Cannot execute null.add reagent().
runtime error: 
[11:57:25]Cannot execute null.add reagent().
runtime error: 
[11:57:25]Cannot execute null.add reagent().
runtime error: 
[11:57:25]Cannot execute null.add reagent().
runtime error: 
[11:57:25]Cannot execute null.add reagent().
runtime error: 
[11:57:25]Cannot execute null.add reagent().
runtime error: 
[11:57:25]Cannot execute null.add reagent().
runtime error: 
[11:57:25]Cannot execute null.add reagent().
runtime error: 
[11:57:25]Cannot execute null.add reagent().
runtime error: 
[11:57:25]Cannot execute null.add reagent().
runtime error: 
[11:57:25]Cannot execute null.add reagent().
runtime error: 
[11:57:25]Cannot execute null.add reagent().
runtime error: 
[11:57:25]Cannot execute null.add reagent().
runtime error: 
[11:57:25]Cannot execute null.add reagent().
runtime error: 
[11:57:27]Cannot read null.temperature
runtime error: 
[11:57:27]Cannot read null.temperature
runtime error: 
[11:57:27]Cannot read null.temperature
runtime error: 
[11:57:27]Undefined variable /obj/item/rupee/var/swimming

runtime error: 
[11:57:27]Undefined variable /obj/item/rupee/var/swimming

runtime error: 
[11:57:27]Undefined variable /obj/item/rupee/var/swimming

runtime error: 
[11:57:27]Undefined variable /obj/structure/signpost/salvation/var/swimming

runtime error: 
[11:57:27]Undefined variable /obj/item/rupee/var/swimming

runtime error: 
[11:57:28]Undefined variable /obj/item/rupee/var/swimming

runtime error: 
[11:57:28]Undefined variable /obj/item/rupee/var/swimming

runtime error: 
[11:57:28]Undefined variable /obj/item/rupee/var/swimming

runtime error: 
[11:57:28]Undefined variable /obj/item/rupee/var/swimming

runtime error: 
[11:57:28]Undefined variable /obj/item/rupee/var/swimming

runtime error: 
[11:57:28]Undefined variable /obj/effect/landmark/error/var/swimming

runtime error: 
[11:57:28]Undefined variable /obj/item/rupee/var/swimming

runtime error: 
[11:57:28]Undefined variable /obj/item/rupee/var/swimming

runtime error: 
[11:57:28]Undefined variable /obj/item/rupee/var/swimming

runtime error: 
[11:57:28]Undefined variable /obj/item/rupee/var/swimming

runtime error: 
[11:57:28]Undefined variable /obj/item/rupee/var/swimming

runtime error: 
[11:57:28]Undefined variable /obj/item/rupee/var/swimming

runtime error: 
[11:57:28]Undefined variable /obj/item/rupee/var/swimming

runtime error: 
[11:57:28]Undefined variable /obj/item/rupee/var/swimming

runtime error: 
[11:57:28]Undefined variable /obj/item/rupee/var/swimming

runtime error: 
[11:57:28]Undefined variable /obj/item/rupee/var/swimming

runtime error: 
[11:57:28]Undefined variable /obj/item/rupee/var/swimming

runtime error: 
[11:57:28]Undefined variable /obj/item/rupee/var/swimming

runtime error: 
[11:57:28]Undefined variable /obj/item/rupee/var/swimming

runtime error: 
[11:57:28]Undefined variable /obj/item/rupee/var/swimming

runtime error: 
[11:57:28]Undefined variable /obj/item/rupee/var/swimming

runtime error: 
[11:57:28]Undefined variable /obj/item/rupee/var/swimming

runtime error: 
[11:57:28]Undefined variable /obj/item/rupee/var/swimming

runtime error: 
[11:57:28]Undefined variable /obj/item/rupee/var/swimming

runtime error: 
[11:57:28]Undefined variable /obj/item/rupee/var/swimming

runtime error: 
[11:57:28]Undefined variable /obj/item/rupee/var/swimming

runtime error: 
[11:57:29]Undefined variable /obj/item/rupee/var/swimming

runtime error: 
[11:57:29]Undefined variable /obj/item/rupee/var/swimming

runtime error: 
[11:57:29]Undefined variable /obj/item/rupee/var/swimming

runtime error: 
[11:57:29]Undefined variable /obj/item/rupee/var/swimming

runtime error: 
[11:57:29]Undefined variable /obj/item/rupee/var/swimming

runtime error: 
[11:57:29]Undefined variable /obj/item/rupee/var/swimming

runtime error: 
[11:57:29]Undefined variable /obj/item/rupee/var/swimming

runtime error: 
[11:57:29]Undefined variable /obj/item/rupee/var/swimming

runtime error: 
[11:57:29]Undefined variable /obj/item/rupee/var/swimming

runtime error: 
[11:57:29]Undefined variable /obj/item/rupee/var/swimming

runtime error: 
[11:57:29]Undefined variable /obj/item/rupee/var/swimming

runtime error: 
[11:57:29]Undefined variable /obj/item/rupee/var/swimming

runtime error: 
[11:57:29]Undefined variable /obj/item/rupee/var/swimming

runtime error: 
[11:57:29]Undefined variable /obj/item/rupee/var/swimming

runtime error: 
[11:57:29]Undefined variable /obj/item/rupee/var/swimming

runtime error: 
[11:57:29]Undefined variable /obj/item/rupee/var/swimming

runtime error: 
[11:57:29]Undefined variable /obj/structure/speaking_tile/var/swimming

runtime error: 
[11:57:29]Undefined variable /obj/machinery/abductor/gland_dispenser/var/swimming

runtime error: 
[11:57:29]Undefined variable /obj/structure/table/abductor/var/swimming

runtime error: 
[11:57:29]Undefined variable /obj/item/surgicaldrill/alien/var/swimming

runtime error: 
[11:57:30]Cannot read null.temperature
runtime error: 
[11:57:30]undefined proc or verb /mob/living/simple_animal/bot/medbot/mysterious/remove overlay().

runtime error: 
[11:57:30]undefined proc or verb /mob/living/simple_animal/hostile/creature/remove overlay().

runtime error: 
[11:57:30]undefined proc or verb /mob/living/simple_animal/hostile/carp/cayenne/remove overlay().

runtime error: 
[11:57:31]undefined proc or verb /mob/dead/new_player/remove overlay().

runtime error: 
[11:57:32]Cannot read null.temperature
runtime error: 
[11:57:32]Cannot execute null.add reagent().
runtime error: 
[11:57:32]Cannot execute null.add reagent().
runtime error: 
[11:57:32]undefined proc or verb /mob/living/simple_animal/bot/medbot/remove overlay().

runtime error: 
[11:57:32]undefined proc or verb /mob/living/simple_animal/cockroach/remove overlay().

runtime error: 
[11:57:33]undefined proc or verb /mob/living/simple_animal/cockroach/remove overlay().

runtime error: 
[11:57:33]undefined proc or verb /mob/living/simple_animal/cockroach/remove overlay().

runtime error: 
[11:57:33]Cannot execute null.add reagent().
runtime error: 
[11:57:33]Cannot execute null.add reagent().
runtime error: 
[11:57:33]Cannot execute null.add reagent().
runtime error: 
[11:57:33]Cannot execute null.add reagent().
runtime error: 
[11:57:33]undefined proc or verb /mob/living/simple_animal/cockroach/remove overlay().

runtime error: 
[11:57:33]undefined proc or verb /mob/living/simple_animal/cockroach/remove overlay().

runtime error: 
[11:57:33]Cannot execute null.add reagent().
runtime error: 
[11:57:33]Cannot execute null.add reagent().
runtime error: 
[11:57:33]undefined proc or verb /mob/living/simple_animal/pet/cat/Runtime/remove overlay().

runtime error: 
[11:57:33]undefined proc or verb /mob/living/simple_animal/cockroach/remove overlay().

runtime error: 
[11:57:33]undefined proc or verb /mob/living/simple_animal/pet/dog/pug/remove overlay().

runtime error: 
[11:57:34]undefined proc or verb /mob/living/simple_animal/cockroach/remove overlay().

runtime error: 
[11:57:34]undefined proc or verb /mob/living/simple_animal/cockroach/remove overlay().

runtime error: 
[11:57:34]undefined proc or verb /mob/living/simple_animal/cockroach/remove overlay().

runtime error: 
[11:57:34]undefined proc or verb /mob/living/simple_animal/slime/remove overlay().

runtime error: 
[11:57:34]Cannot execute null.add reagent().
runtime error: 
[11:57:34]undefined proc or verb /mob/living/simple_animal/slime/remove overlay().

runtime error: 
[11:57:34]undefined proc or verb /mob/living/simple_animal/slime/remove overlay().

runtime error: 
[11:57:34]undefined proc or verb /mob/living/simple_animal/cockroach/remove overlay().

runtime error: 
[11:57:35]undefined proc or verb /mob/living/simple_animal/cockroach/remove overlay().

runtime error: 
[11:57:35]undefined proc or verb /mob/living/simple_animal/pet/dog/corgi/Ian/remove overlay().

runtime error: 
[11:57:35]undefined proc or verb /mob/living/simple_animal/bot/secbot/pingsky/remove overlay().

runtime error: 
[11:57:35]undefined proc or verb /mob/living/simple_animal/parrot/Poly/remove overlay().

runtime error: 
[11:57:35]undefined proc or verb /mob/living/simple_animal/bot/secbot/beepsky/remove overlay().

runtime error: 
[11:57:36]undefined proc or verb /mob/living/simple_animal/pet/fox/Renault/remove overlay().

runtime error: 
[11:57:36]undefined proc or verb /mob/living/simple_animal/hostile/carp/cayenne/remove overlay().

runtime error: 
[11:57:36]undefined proc or verb /mob/living/simple_animal/cockroach/remove overlay().

runtime error: 
[11:57:37]undefined proc or verb /mob/living/simple_animal/hostile/retaliate/goat/remove overlay().

runtime error: 
[11:57:37]undefined proc or verb /mob/living/simple_animal/sloth/citrus/remove overlay().

runtime error: 
[11:57:37]undefined proc or verb /mob/living/simple_animal/cockroach/remove overlay().

runtime error: 
[11:57:37]undefined proc or verb /mob/living/simple_animal/mouse/remove overlay().

runtime error: 
[11:57:37]undefined proc or verb /mob/living/simple_animal/mouse/remove overlay().

runtime error: 
[11:57:37]undefined proc or verb /mob/living/simple_animal/bot/mulebot/remove overlay().

runtime error: 
[11:57:37]undefined proc or verb /mob/living/simple_animal/bot/mulebot/remove overlay().

runtime error: 
[11:57:37]undefined proc or verb /mob/living/simple_animal/cockroach/remove overlay().

runtime error: 
[11:57:37]undefined proc or verb /mob/living/simple_animal/hostile/lizard/remove overlay().

runtime error: 
[11:57:37]undefined proc or verb /mob/living/simple_animal/cockroach/remove overlay().

runtime error: 
[11:57:38]undefined proc or verb /mob/living/simple_animal/cockroach/remove overlay().

runtime error: 
[11:57:38]undefined proc or verb /mob/living/simple_animal/cockroach/remove overlay().

runtime error: 
[11:57:38]undefined proc or verb /mob/living/simple_animal/cockroach/remove overlay().

runtime error: 
[11:57:39]undefined proc or verb /mob/living/simple_animal/bot/cleanbot/remove overlay().

runtime error: 
[11:57:39]undefined proc or verb /mob/living/simple_animal/bot/medbot/remove overlay().

runtime error: 
[11:57:40]undefined proc or verb /mob/living/simple_animal/pet/gondola/remove overlay().

runtime error: 
[11:57:40]undefined proc or verb /mob/living/simple_animal/pet/gondola/remove overlay().

runtime error: 
[11:57:40]undefined proc or verb /mob/living/simple_animal/pet/gondola/remove overlay().

runtime error: 
[11:57:40]undefined proc or verb /mob/living/simple_animal/pet/gondola/remove overlay().

runtime error: 
[11:57:40]undefined proc or verb /mob/living/simple_animal/pet/gondola/remove overlay().

runtime error: 
[11:57:40]undefined proc or verb /mob/living/simple_animal/pet/gondola/remove overlay().

runtime error: 
[11:57:40]undefined proc or verb /mob/living/simple_animal/pet/gondola/remove overlay().

runtime error: 
[11:57:40]undefined proc or verb /mob/living/simple_animal/pet/gondola/remove overlay().

Initialized 902700 atoms
Initialized Atoms subsystem within 77.9 seconds!
Initialized Language subsystem within 0.1 seconds!
Initialized Machines subsystem within 1.9 seconds!
Initialized Circuit subsystem within 0.1 seconds!
Initialized Weather subsystem within 0 seconds!
## WARNING: There are 44 active turfs at roundstart, this is a mapping error caused by a difference of the air between the adjacent turfs. You can see its coordinates using "Mapping -> Show roundstart AT list" verb (debug verbs required)
## WARNING: HEY! LISTEN! 0.1 seconds were wasted processing 44 turf(s) (connected to 685 other turfs) with atmos differences at round start.
Initialized Atmospherics subsystem within 20.9 seconds!
Initialized Minimap subsystem within 0.1 seconds!
Initialized Assets subsystem within 0.5 seconds!
Initialized Icon Smoothing subsystem within 7.2 seconds!
Initialized Overlay subsystem within 33.3 seconds!
Initialized XKeyScore subsystem within 0 seconds!
Initialized Lighting subsystem within 31.1 seconds!
Initialized Shuttle subsystem within 43.4 seconds!
Initialized Squeak subsystem within 0 seconds!
Loaded 0 engraved messages on map Delta Station
Initialized Persistence subsystem within 0.1 seconds!
Initializations complete within 279.3 seconds!
runtime error: 
[12:00:41]Cannot read null.key
Game start took 7.9s
