

Starting up round ID . 22:23:16
---------------------
Initialized Blackbox subsystem within 0 seconds!
Initialized Server Tasks subsystem within 0 seconds!
Initialized Events subsystem within 0 seconds!
runtime error: 
[22:23:17]cannot read from list
[22:23:17]proc name: LoadJobs (/datum/controller/subsystem/job/proc/LoadJobs)
[22:23:17]  source file: job.dm,448
[22:23:17]  usr: null
[22:23:17]  src: Jobs (/datum/controller/subsystem/job)
[22:23:17]  call stack:
[22:23:17]Jobs (/datum/controller/subsystem/job): LoadJobs()
[22:23:17]Jobs (/datum/controller/subsystem/job): Initialize(49979)
[22:23:17]Master (/datum/controller/master): Initialize(10, 0)
Initialized Jobs subsystem within 0.1 seconds!
Initialized Ticker subsystem within 0.1 seconds!
Loading Delta Station...
Loaded station in 46.5s!
## WARNING: Z-level expansion occurred without no_changeturf set, this may cause problems when /turf/AfterChange is called in code/modules/mapping/reader.dm at line 103 src: /dmm_suite usr: .
World rebooted at 22:30:25
