

Starting up round ID . 14:51:47
---------------------
Initialized Blackbox subsystem within 0 seconds!
Initialized Server Tasks subsystem within 0 seconds!
Initialized Events subsystem within 0 seconds!
runtime error: 
[14:51:49]cannot read from list
[14:51:49]proc name: LoadJobs (/datum/controller/subsystem/job/proc/LoadJobs)
[14:51:49]  source file: job.dm,448
[14:51:49]  usr: null
[14:51:49]  src: Jobs (/datum/controller/subsystem/job)
[14:51:49]  call stack:
[14:51:49]Jobs (/datum/controller/subsystem/job): LoadJobs()
[14:51:49]Jobs (/datum/controller/subsystem/job): Initialize(643090)
[14:51:49]Master (/datum/controller/master): Initialize(10, 0)
Initialized Jobs subsystem within 0 seconds!
Initialized Ticker subsystem within 0 seconds!
Loading Delta Station...
Loaded station in 41.5s!
Ruin "Hierophant's Arena" placed at (157, 96, 5)
Ruin "Ruined Pizza Party" placed at (195, 179, 5)
runtime error: 
[14:52:38]Cannot execute /datum/plant_gene/trait/glow (/datum/plant_gene/trait/glow).glow range().
[14:52:38]proc name: New (/obj/structure/glowshroom/New)
[14:52:38]  source file: glowshroom.dm,63
[14:52:38]  usr: null
[14:52:38]  src: the glowshroom (/obj/structure/glowshroom/single)
[14:52:38]  src.loc: the floor (191,181,5) (/turf/open/floor/wood)
[14:52:38]  call stack:
[14:52:38]the glowshroom (/obj/structure/glowshroom/single): New(the floor (191,181,5) (/turf/open/floor/wood), null, null)
[14:52:38]/dmm_suite (/dmm_suite): create atom(/obj/structure/glowshroom/sing... (/obj/structure/glowshroom/single), the floor (191,181,5) (/turf/open/floor/wood))
[14:52:38]/dmm_suite (/dmm_suite): instance atom(/obj/structure/glowshroom/sing... (/obj/structure/glowshroom/single), /list (/list), the floor (191,181,5) (/turf/open/floor/wood), 1)
[14:52:38]/dmm_suite (/dmm_suite): parse grid("\n/obj/structure/glowshroom/si...", "n", 191, 181, 5, 1)
[14:52:38]/dmm_suite (/dmm_suite): load map impl(_maps/RandomRuins/LavaRuins/la..., 185, 169, 5, 1, null, 1, -1e+031, 1e+031, -1e+031, 1e+031)
[14:52:38]/dmm_suite (/dmm_suite): load map(_maps/RandomRuins/LavaRuins/la..., 185, 169, 5, 1, null, 1, null, null, null, null)
[14:52:38]Ruined Pizza Party (/datum/map_template/ruin/lavaland/pizza): load(the rock (185,169,5) (/turf/closed/mineral/random/volcanic), 1)
[14:52:38]the random ruin (/obj/effect/ruin_loader): Load(/list (/list), Ruined Pizza Party (/datum/map_template/ruin/lavaland/pizza))
[14:52:38]seedRuins(/list (/list), 60, /area/lavaland/surface/outdoor... (/area/lavaland/surface/outdoors/unexplored), /list (/list))
[14:52:38]Mapping (/datum/controller/subsystem/mapping): Initialize(643091)
[14:52:38]Master (/datum/controller/master): Initialize(10, 0)
runtime error: 
[14:52:38]Cannot execute /datum/plant_gene/trait/glow (/datum/plant_gene/trait/glow).glow range().
[14:52:38]proc name: New (/obj/structure/glowshroom/New)
[14:52:38]  source file: glowshroom.dm,63
[14:52:38]  usr: null
[14:52:38]  src: the glowshroom (/obj/structure/glowshroom/single)
[14:52:38]  src.loc: the plating (192,177,5) (/turf/open/floor/plating)
[14:52:38]  call stack:
[14:52:38]the glowshroom (/obj/structure/glowshroom/single): New(the plating (192,177,5) (/turf/open/floor/plating), null, null)
[14:52:38]/dmm_suite (/dmm_suite): create atom(/obj/structure/glowshroom/sing... (/obj/structure/glowshroom/single), the plating (192,177,5) (/turf/open/floor/plating))
[14:52:38]/dmm_suite (/dmm_suite): instance atom(/obj/structure/glowshroom/sing... (/obj/structure/glowshroom/single), /list (/list), the plating (192,177,5) (/turf/open/floor/plating), 1)
[14:52:38]/dmm_suite (/dmm_suite): parse grid("\n/obj/structure/glowshroom/si...", "J", 192, 177, 5, 1)
[14:52:38]/dmm_suite (/dmm_suite): load map impl(_maps/RandomRuins/LavaRuins/la..., 185, 169, 5, 1, null, 1, -1e+031, 1e+031, -1e+031, 1e+031)
[14:52:38]/dmm_suite (/dmm_suite): load map(_maps/RandomRuins/LavaRuins/la..., 185, 169, 5, 1, null, 1, null, null, null, null)
[14:52:38]Ruined Pizza Party (/datum/map_template/ruin/lavaland/pizza): load(the rock (185,169,5) (/turf/closed/mineral/random/volcanic), 1)
[14:52:38]the random ruin (/obj/effect/ruin_loader): Load(/list (/list), Ruined Pizza Party (/datum/map_template/ruin/lavaland/pizza))
[14:52:38]seedRuins(/list (/list), 60, /area/lavaland/surface/outdoor... (/area/lavaland/surface/outdoors/unexplored), /list (/list))
[14:52:38]Mapping (/datum/controller/subsystem/mapping): Initialize(643091)
[14:52:38]Master (/datum/controller/master): Initialize(10, 0)
runtime error: 
[14:52:38]Cannot execute /datum/plant_gene/trait/glow (/datum/plant_gene/trait/glow).glow range().
[14:52:38]proc name: New (/obj/structure/glowshroom/New)
[14:52:38]  source file: glowshroom.dm,63
[14:52:38]  usr: null
[14:52:38]  src: the glowshroom (/obj/structure/glowshroom/single)
[14:52:38]  src.loc: the floor (195,179,5) (/turf/open/floor/wood)
[14:52:38]  call stack:
[14:52:38]the glowshroom (/obj/structure/glowshroom/single): New(the floor (195,179,5) (/turf/open/floor/wood), null, null)
[14:52:38]/dmm_suite (/dmm_suite): create atom(/obj/structure/glowshroom/sing... (/obj/structure/glowshroom/single), the floor (195,179,5) (/turf/open/floor/wood))
[14:52:38]/dmm_suite (/dmm_suite): instance atom(/obj/structure/glowshroom/sing... (/obj/structure/glowshroom/single), /list (/list), the floor (195,179,5) (/turf/open/floor/wood), 1)
[14:52:38]/dmm_suite (/dmm_suite): parse grid("\n/obj/structure/table/wood,\n...", "z", 195, 179, 5, 1)
[14:52:38]/dmm_suite (/dmm_suite): load map impl(_maps/RandomRuins/LavaRuins/la..., 185, 169, 5, 1, null, 1, -1e+031, 1e+031, -1e+031, 1e+031)
[14:52:38]/dmm_suite (/dmm_suite): load map(_maps/RandomRuins/LavaRuins/la..., 185, 169, 5, 1, null, 1, null, null, null, null)
[14:52:38]Ruined Pizza Party (/datum/map_template/ruin/lavaland/pizza): load(the rock (185,169,5) (/turf/closed/mineral/random/volcanic), 1)
[14:52:38]the random ruin (/obj/effect/ruin_loader): Load(/list (/list), Ruined Pizza Party (/datum/map_template/ruin/lavaland/pizza))
[14:52:38]seedRuins(/list (/list), 60, /area/lavaland/surface/outdoor... (/area/lavaland/surface/outdoors/unexplored), /list (/list))
[14:52:38]Mapping (/datum/controller/subsystem/mapping): Initialize(643091)
[14:52:38]Master (/datum/controller/master): Initialize(10, 0)
runtime error: 
[14:52:39]Cannot execute /datum/plant_gene/trait/glow (/datum/plant_gene/trait/glow).glow range().
[14:52:39]proc name: New (/obj/structure/glowshroom/New)
[14:52:39]  source file: glowshroom.dm,63
[14:52:39]  usr: null
[14:52:39]  src: the glowshroom (/obj/structure/glowshroom/single)
[14:52:39]  src.loc: the floor (198,180,5) (/turf/open/floor/wood)
[14:52:39]  call stack:
[14:52:39]the glowshroom (/obj/structure/glowshroom/single): New(the floor (198,180,5) (/turf/open/floor/wood), null, null)
[14:52:39]/dmm_suite (/dmm_suite): create atom(/obj/structure/glowshroom/sing... (/obj/structure/glowshroom/single), the floor (198,180,5) (/turf/open/floor/wood))
[14:52:39]/dmm_suite (/dmm_suite): instance atom(/obj/structure/glowshroom/sing... (/obj/structure/glowshroom/single), /list (/list), the floor (198,180,5) (/turf/open/floor/wood), 1)
[14:52:39]/dmm_suite (/dmm_suite): parse grid("\n/obj/structure/glowshroom/si...", "u", 198, 180, 5, 1)
[14:52:39]/dmm_suite (/dmm_suite): load map impl(_maps/RandomRuins/LavaRuins/la..., 185, 169, 5, 1, null, 1, -1e+031, 1e+031, -1e+031, 1e+031)
[14:52:39]/dmm_suite (/dmm_suite): load map(_maps/RandomRuins/LavaRuins/la..., 185, 169, 5, 1, null, 1, null, null, null, null)
[14:52:39]Ruined Pizza Party (/datum/map_template/ruin/lavaland/pizza): load(the rock (185,169,5) (/turf/closed/mineral/random/volcanic), 1)
[14:52:39]the random ruin (/obj/effect/ruin_loader): Load(/list (/list), Ruined Pizza Party (/datum/map_template/ruin/lavaland/pizza))
[14:52:39]seedRuins(/list (/list), 60, /area/lavaland/surface/outdoor... (/area/lavaland/surface/outdoors/unexplored), /list (/list))
[14:52:39]Mapping (/datum/controller/subsystem/mapping): Initialize(643091)
[14:52:39]Master (/datum/controller/master): Initialize(10, 0)
runtime error: 
[14:52:39]Cannot execute /datum/plant_gene/trait/glow (/datum/plant_gene/trait/glow).glow range().
[14:52:39]proc name: New (/obj/structure/glowshroom/New)
[14:52:39]  source file: glowshroom.dm,63
[14:52:39]  usr: null
[14:52:39]  src: the glowshroom (/obj/structure/glowshroom/single)
[14:52:39]  src.loc: the floor (198,176,5) (/turf/open/floor/wood)
[14:52:39]  call stack:
[14:52:39]the glowshroom (/obj/structure/glowshroom/single): New(the floor (198,176,5) (/turf/open/floor/wood), null, null)
[14:52:39]/dmm_suite (/dmm_suite): create atom(/obj/structure/glowshroom/sing... (/obj/structure/glowshroom/single), the floor (198,176,5) (/turf/open/floor/wood))
[14:52:39]/dmm_suite (/dmm_suite): instance atom(/obj/structure/glowshroom/sing... (/obj/structure/glowshroom/single), /list (/list), the floor (198,176,5) (/turf/open/floor/wood), 1)
[14:52:39]/dmm_suite (/dmm_suite): parse grid("\n/obj/structure/glowshroom/si...", "n", 198, 176, 5, 1)
[14:52:39]/dmm_suite (/dmm_suite): load map impl(_maps/RandomRuins/LavaRuins/la..., 185, 169, 5, 1, null, 1, -1e+031, 1e+031, -1e+031, 1e+031)
[14:52:39]/dmm_suite (/dmm_suite): load map(_maps/RandomRuins/LavaRuins/la..., 185, 169, 5, 1, null, 1, null, null, null, null)
[14:52:39]Ruined Pizza Party (/datum/map_template/ruin/lavaland/pizza): load(the rock (185,169,5) (/turf/closed/mineral/random/volcanic), 1)
[14:52:39]the random ruin (/obj/effect/ruin_loader): Load(/list (/list), Ruined Pizza Party (/datum/map_template/ruin/lavaland/pizza))
[14:52:39]seedRuins(/list (/list), 60, /area/lavaland/surface/outdoor... (/area/lavaland/surface/outdoors/unexplored), /list (/list))
[14:52:39]Mapping (/datum/controller/subsystem/mapping): Initialize(643091)
[14:52:39]Master (/datum/controller/master): Initialize(10, 0)
Ruin "Ruin of Envy" placed at (77, 140, 5)
Ruin "Ash Walker Nest" placed at (38, 188, 5)
Ruin "Syndicate Lava Base" placed at (212, 115, 5)
Ruin "UFO Crash" placed at (170, 75, 5)
Ruin "Kosmicheskaya Stantsiya 13" placed at (109, 104, 7)
Ruin "Derelict 5" placed at (213, 100, 7)
Ruin "Asteroid 4" placed at (39, 138, 11)
Ruin "CF Corsair" placed at (133, 119, 11)
Ruin "Gondoland" placed at (206, 77, 4)
Ruin "Derelict 3" placed at (100, 211, 11)
Ruin "Abandoned Teleporter" placed at (77, 135, 8)
Ruin "Derelict 6" placed at (180, 67, 10)
Ruin "Asteroid 2" placed at (106, 219, 7)
Ruin "Unnamed Turreted Outpost" placed at (125, 40, 4)
Ruin "Authorship" placed at (70, 228, 8)
Ruin "Syndicate Listening Station" placed at (186, 190, 4)
Ruin "Asteroid 5" placed at (107, 60, 8)
Ruin "Derelict 1" placed at (167, 115, 4)
Ruin "Salvation" placed at (197, 164, 10)
Ruin "Derelict 4" placed at (209, 62, 9)
Initialized Mapping subsystem within 54.7 seconds!
runtime error: 
[14:52:44]Cannot execute null.add reagent().
[14:52:44]proc name: Initialize (/obj/effect/decal/cleanable/blood/gibs/Initialize)
[14:52:44]  source file: humans.dm,57
[14:52:44]  usr: null
[14:52:44]  src: the gibs (/obj/effect/decal/cleanable/blood/gibs/body)
[14:52:44]  src.loc: null
[14:52:44]  call stack:
[14:52:44]the gibs (/obj/effect/decal/cleanable/blood/gibs/body): Initialize(1, null)
[14:52:44]Atoms (/datum/controller/subsystem/atoms): InitAtom(the gibs (/obj/effect/decal/cleanable/blood/gibs/body), /list (/list))
[14:52:44]Atoms (/datum/controller/subsystem/atoms): InitializeAtoms(null)
[14:52:44]Atoms (/datum/controller/subsystem/atoms): Initialize(643638)
[14:52:44]Master (/datum/controller/master): Initialize(10, 0)
runtime error: 
[14:52:44]Cannot execute null.add reagent().
[14:52:44]proc name: Initialize (/obj/effect/decal/cleanable/blood/gibs/Initialize)
[14:52:44]  source file: humans.dm,57
[14:52:44]  usr: null
[14:52:44]  src: the gibs (/obj/effect/decal/cleanable/blood/gibs/body)
[14:52:44]  src.loc: null
[14:52:44]  call stack:
[14:52:44]the gibs (/obj/effect/decal/cleanable/blood/gibs/body): Initialize(1, null)
[14:52:44]Atoms (/datum/controller/subsystem/atoms): InitAtom(the gibs (/obj/effect/decal/cleanable/blood/gibs/body), /list (/list))
[14:52:44]Atoms (/datum/controller/subsystem/atoms): InitializeAtoms(null)
[14:52:44]Atoms (/datum/controller/subsystem/atoms): Initialize(643638)
[14:52:44]Master (/datum/controller/master): Initialize(10, 0)
runtime error: 
[14:52:45]Cannot execute null.add reagent().
[14:52:45]proc name: Initialize (/obj/effect/decal/cleanable/blood/gibs/Initialize)
[14:52:45]  source file: humans.dm,57
[14:52:45]  usr: null
[14:52:45]  src: the gibs (/obj/effect/decal/cleanable/blood/gibs/body)
[14:52:45]  src.loc: null
[14:52:45]  call stack:
[14:52:45]the gibs (/obj/effect/decal/cleanable/blood/gibs/body): Initialize(1, null)
[14:52:45]Atoms (/datum/controller/subsystem/atoms): InitAtom(the gibs (/obj/effect/decal/cleanable/blood/gibs/body), /list (/list))
[14:52:45]Atoms (/datum/controller/subsystem/atoms): InitializeAtoms(null)
[14:52:45]Atoms (/datum/controller/subsystem/atoms): Initialize(643638)
[14:52:45]Master (/datum/controller/master): Initialize(10, 0)
runtime error: 
[14:52:45]Cannot execute null.add reagent().
[14:52:45]proc name: Initialize (/obj/effect/decal/cleanable/blood/gibs/Initialize)
[14:52:45]  source file: humans.dm,57
[14:52:45]  usr: null
[14:52:45]  src: the gibs (/obj/effect/decal/cleanable/blood/gibs/body)
[14:52:45]  src.loc: null
[14:52:45]  call stack:
[14:52:45]the gibs (/obj/effect/decal/cleanable/blood/gibs/body): Initialize(1, null)
[14:52:45]Atoms (/datum/controller/subsystem/atoms): InitAtom(the gibs (/obj/effect/decal/cleanable/blood/gibs/body), /list (/list))
[14:52:45]Atoms (/datum/controller/subsystem/atoms): InitializeAtoms(null)
[14:52:45]Atoms (/datum/controller/subsystem/atoms): Initialize(643638)
[14:52:45]Master (/datum/controller/master): Initialize(10, 0)
runtime error: 
[14:52:45]Cannot execute null.add reagent().
[14:52:45]proc name: Initialize (/obj/effect/decal/cleanable/oil/Initialize)
[14:52:45]  source file: robots.dm,52
[14:52:45]  usr: null
[14:52:45]  src: the motor oil (/obj/effect/decal/cleanable/oil)
[14:52:45]  src.loc: null
[14:52:45]  call stack:
[14:52:45]the motor oil (/obj/effect/decal/cleanable/oil): Initialize(1)
[14:52:45]Atoms (/datum/controller/subsystem/atoms): InitAtom(the motor oil (/obj/effect/decal/cleanable/oil), /list (/list))
[14:52:45]Atoms (/datum/controller/subsystem/atoms): InitializeAtoms(null)
[14:52:45]Atoms (/datum/controller/subsystem/atoms): Initialize(643638)
[14:52:45]Master (/datum/controller/master): Initialize(10, 0)
runtime error: 
[14:52:45]Cannot execute null.add reagent().
[14:52:45]proc name: Initialize (/obj/effect/decal/cleanable/oil/Initialize)
[14:52:45]  source file: robots.dm,52
[14:52:45]  usr: null
[14:52:45]  src: the motor oil (/obj/effect/decal/cleanable/oil)
[14:52:45]  src.loc: null
[14:52:45]  call stack:
[14:52:45]the motor oil (/obj/effect/decal/cleanable/oil): Initialize(1)
[14:52:45]Atoms (/datum/controller/subsystem/atoms): InitAtom(the motor oil (/obj/effect/decal/cleanable/oil), /list (/list))
[14:52:45]Atoms (/datum/controller/subsystem/atoms): InitializeAtoms(null)
[14:52:45]Atoms (/datum/controller/subsystem/atoms): Initialize(643638)
[14:52:45]Master (/datum/controller/master): Initialize(10, 0)
runtime error: 
[14:52:48]Cannot read null.temperature
[14:52:48]proc name: Entered (/turf/Entered)
[14:52:48]  source file: turf.dm,186
[14:52:48]  usr: null
[14:52:48]  src: the floor (203,232,2) (/turf/open/floor/plasteel/arrival)
[14:52:48]  call stack:
[14:52:48]the floor (203,232,2) (/turf/open/floor/plasteel/arrival): Entered(the emergency toolbox (/obj/item/storage/toolbox/emergency), the emergency closet (/obj/structure/closet/emcloset))
[14:52:48]the floor (203,232,2) (/turf/open/floor/plasteel/arrival): Entered(the emergency toolbox (/obj/item/storage/toolbox/emergency), the emergency closet (/obj/structure/closet/emcloset))
[14:52:48]the emergency toolbox (/obj/item/storage/toolbox/emergency): doMove(the floor (203,232,2) (/turf/open/floor/plasteel/arrival))
[14:52:48]the emergency toolbox (/obj/item/storage/toolbox/emergency): forceMove(the floor (203,232,2) (/turf/open/floor/plasteel/arrival))
[14:52:48]the emergency closet (/obj/structure/closet/emcloset): dump contents()
[14:52:48]the emergency closet (/obj/structure/closet/emcloset): Destroy(0)
[14:52:48]qdel(the emergency closet (/obj/structure/closet/emcloset), 0)
[14:52:48]the emergency closet (/obj/structure/closet/emcloset): PopulateContents()
[14:52:48]the emergency closet (/obj/structure/closet/emcloset): Initialize(1)
[14:52:48]Atoms (/datum/controller/subsystem/atoms): InitAtom(the emergency closet (/obj/structure/closet/emcloset), /list (/list))
[14:52:48]Atoms (/datum/controller/subsystem/atoms): InitializeAtoms(null)
[14:52:48]Atoms (/datum/controller/subsystem/atoms): Initialize(643638)
[14:52:48]Master (/datum/controller/master): Initialize(10, 0)
runtime error: 
[14:52:49]Cannot execute null.add reagent().
[14:52:49]proc name: Initialize (/obj/effect/decal/cleanable/oil/Initialize)
[14:52:49]  source file: robots.dm,52
[14:52:49]  usr: null
[14:52:49]  src: the motor oil (/obj/effect/decal/cleanable/oil)
[14:52:49]  src.loc: null
[14:52:49]  call stack:
[14:52:49]the motor oil (/obj/effect/decal/cleanable/oil): Initialize(1)
[14:52:49]Atoms (/datum/controller/subsystem/atoms): InitAtom(the motor oil (/obj/effect/decal/cleanable/oil), /list (/list))
[14:52:49]Atoms (/datum/controller/subsystem/atoms): InitializeAtoms(null)
[14:52:49]Atoms (/datum/controller/subsystem/atoms): Initialize(643638)
[14:52:49]Master (/datum/controller/master): Initialize(10, 0)
runtime error: 
[14:52:49]Cannot execute null.add reagent().
[14:52:49]proc name: Initialize (/obj/effect/decal/cleanable/oil/Initialize)
[14:52:49]  source file: robots.dm,52
[14:52:49]  usr: null
[14:52:49]  src: the motor oil (/obj/effect/decal/cleanable/oil)
[14:52:49]  src.loc: null
[14:52:49]  call stack:
[14:52:49]the motor oil (/obj/effect/decal/cleanable/oil): Initialize(1)
[14:52:49]Atoms (/datum/controller/subsystem/atoms): InitAtom(the motor oil (/obj/effect/decal/cleanable/oil), /list (/list))
[14:52:49]Atoms (/datum/controller/subsystem/atoms): InitializeAtoms(null)
[14:52:49]Atoms (/datum/controller/subsystem/atoms): Initialize(643638)
[14:52:49]Master (/datum/controller/master): Initialize(10, 0)
runtime error: 
[14:52:50]Cannot execute null.add reagent().
[14:52:50]proc name: Initialize (/obj/effect/decal/cleanable/oil/Initialize)
[14:52:50]  source file: robots.dm,52
[14:52:50]  usr: null
[14:52:50]  src: the motor oil (/obj/effect/decal/cleanable/oil)
[14:52:50]  src.loc: null
[14:52:50]  call stack:
[14:52:50]the motor oil (/obj/effect/decal/cleanable/oil): Initialize(1)
[14:52:50]Atoms (/datum/controller/subsystem/atoms): InitAtom(the motor oil (/obj/effect/decal/cleanable/oil), /list (/list))
[14:52:50]Atoms (/datum/controller/subsystem/atoms): InitializeAtoms(null)
[14:52:50]Atoms (/datum/controller/subsystem/atoms): Initialize(643638)
[14:52:50]Master (/datum/controller/master): Initialize(10, 0)
runtime error: 
[14:52:50]Cannot execute null.add reagent().
[14:52:50]proc name: Initialize (/obj/effect/decal/cleanable/blood/gibs/Initialize)
[14:52:50]  source file: humans.dm,57
runtime error: 
[14:52:50]Cannot execute null.add reagent().
[14:52:50]proc name: Initialize (/obj/effect/decal/cleanable/blood/gibs/Initialize)
[14:52:50]  source file: humans.dm,57
runtime error: 
[14:52:50]Cannot execute null.add reagent().
[14:52:50]proc name: Initialize (/obj/effect/decal/cleanable/oil/Initialize)
[14:52:50]  source file: robots.dm,52
runtime error: 
[14:52:50]Cannot execute null.add reagent().
[14:52:50]proc name: Initialize (/obj/effect/decal/cleanable/blood/gibs/Initialize)
[14:52:50]  source file: humans.dm,57
runtime error: 
[14:52:50]Cannot execute null.add reagent().
[14:52:50]proc name: Initialize (/obj/effect/decal/cleanable/oil/Initialize)
[14:52:50]  source file: robots.dm,52
runtime error: 
[14:52:50]Cannot execute null.add reagent().
[14:52:50]proc name: Initialize (/obj/effect/decal/cleanable/blood/gibs/Initialize)
[14:52:50]  source file: humans.dm,57
runtime error: 
[14:52:51]Cannot execute null.add reagent().
[14:52:51]proc name: Initialize (/obj/effect/decal/cleanable/blood/gibs/Initialize)
[14:52:51]  source file: humans.dm,57
runtime error: 
[14:52:51]Cannot execute null.add reagent().
[14:52:51]proc name: Initialize (/obj/effect/decal/cleanable/oil/Initialize)
[14:52:51]  source file: robots.dm,52
runtime error: 
[14:52:51]Cannot execute null.add reagent().
[14:52:51]proc name: Initialize (/obj/effect/decal/cleanable/oil/Initialize)
[14:52:51]  source file: robots.dm,52
runtime error: 
[14:52:51]Cannot execute null.add reagent().
[14:52:51]proc name: Initialize (/obj/effect/decal/cleanable/oil/Initialize)
[14:52:51]  source file: robots.dm,52
runtime error: 
[14:52:52]Cannot execute null.add reagent().
[14:52:52]proc name: Initialize (/obj/effect/decal/cleanable/oil/Initialize)
[14:52:52]  source file: robots.dm,52
runtime error: 
[14:52:52]Cannot execute null.add reagent().
[14:52:52]proc name: Initialize (/obj/effect/decal/cleanable/oil/Initialize)
[14:52:52]  source file: robots.dm,52
runtime error: 
[14:52:52]Cannot execute null.add reagent().
[14:52:52]proc name: Initialize (/obj/effect/decal/cleanable/oil/Initialize)
[14:52:52]  source file: robots.dm,52
runtime error: 
[14:52:52]Cannot execute null.add reagent().
[14:52:52]proc name: Initialize (/obj/effect/decal/cleanable/oil/Initialize)
[14:52:52]  source file: robots.dm,52
runtime error: 
[14:52:52]Cannot execute null.add reagent().
[14:52:52]proc name: Initialize (/obj/effect/decal/cleanable/oil/Initialize)
[14:52:52]  source file: robots.dm,52
runtime error: 
[14:52:52]Cannot execute null.add reagent().
[14:52:52]proc name: Initialize (/obj/effect/decal/cleanable/oil/Initialize)
[14:52:52]  source file: robots.dm,52
runtime error: 
[14:52:52]Cannot execute null.add reagent().
[14:52:52]proc name: Initialize (/obj/effect/decal/cleanable/oil/Initialize)
[14:52:52]  source file: robots.dm,52
runtime error: 
[14:52:52]Cannot execute null.add reagent().
[14:52:52]proc name: Initialize (/obj/effect/decal/cleanable/oil/Initialize)
[14:52:52]  source file: robots.dm,52
runtime error: 
[14:52:53]Cannot execute null.add reagent().
[14:52:53]proc name: Initialize (/obj/effect/decal/cleanable/oil/Initialize)
[14:52:53]  source file: robots.dm,52
runtime error: 
[14:52:53]Cannot execute null.add reagent().
[14:52:53]proc name: Initialize (/obj/effect/decal/cleanable/oil/Initialize)
[14:52:53]  source file: robots.dm,52
runtime error: 
[14:52:53]Cannot execute null.add reagent().
[14:52:53]proc name: Initialize (/obj/effect/decal/cleanable/oil/Initialize)
[14:52:53]  source file: robots.dm,52
runtime error: 
[14:52:55]Cannot execute null.add reagent().
[14:52:55]proc name: Initialize (/obj/effect/decal/cleanable/oil/Initialize)
[14:52:55]  source file: robots.dm,52
runtime error: 
[14:52:56]Cannot execute null.add reagent().
[14:52:56]proc name: Initialize (/obj/effect/decal/cleanable/oil/Initialize)
[14:52:56]  source file: robots.dm,52
runtime error: 
[14:52:56]Cannot execute null.add reagent().
[14:52:56]proc name: Initialize (/obj/effect/decal/cleanable/oil/Initialize)
[14:52:56]  source file: robots.dm,52
runtime error: 
[14:52:56]Cannot execute null.add reagent().
[14:52:56]proc name: Initialize (/obj/effect/decal/cleanable/oil/Initialize)
[14:52:56]  source file: robots.dm,52
runtime error: 
[14:52:56]Cannot execute null.add reagent().
[14:52:56]proc name: Initialize (/obj/effect/decal/cleanable/oil/Initialize)
[14:52:56]  source file: robots.dm,52
runtime error: 
[14:52:57]Cannot execute null.add reagent().
[14:52:57]proc name: Initialize (/obj/effect/decal/cleanable/oil/Initialize)
[14:52:57]  source file: robots.dm,52
runtime error: 
[14:52:57]Cannot execute null.add reagent().
[14:52:57]proc name: Initialize (/obj/effect/decal/cleanable/oil/Initialize)
[14:52:57]  source file: robots.dm,52
runtime error: 
[14:52:59]Cannot execute null.add reagent().
[14:52:59]proc name: Initialize (/obj/effect/decal/cleanable/oil/Initialize)
[14:52:59]  source file: robots.dm,52
runtime error: 
[14:53:00]Cannot execute null.add reagent().
[14:53:00]proc name: Initialize (/obj/effect/decal/cleanable/oil/Initialize)
[14:53:00]  source file: robots.dm,52
runtime error: 
[14:53:00]Cannot execute null.add reagent().
[14:53:00]proc name: Initialize (/obj/effect/decal/cleanable/oil/Initialize)
[14:53:00]  source file: robots.dm,52
runtime error: 
[14:53:00]Cannot execute null.add reagent().
[14:53:00]proc name: Initialize (/obj/effect/decal/cleanable/oil/Initialize)
[14:53:00]  source file: robots.dm,52
runtime error: 
[14:53:01]Cannot execute null.add reagent().
[14:53:01]proc name: Initialize (/obj/effect/decal/cleanable/oil/Initialize)
[14:53:01]  source file: robots.dm,52
runtime error: 
[14:53:02]Cannot execute null.add reagent().
[14:53:02]proc name: Initialize (/obj/effect/decal/cleanable/oil/Initialize)
[14:53:02]  source file: robots.dm,52
runtime error: 
[14:53:02]Cannot execute null.add reagent().
[14:53:02]proc name: Initialize (/obj/effect/decal/cleanable/oil/Initialize)
[14:53:02]  source file: robots.dm,52
runtime error: 
[14:53:03]Cannot execute null.add reagent().
[14:53:03]proc name: Initialize (/obj/effect/decal/cleanable/oil/Initialize)
[14:53:03]  source file: robots.dm,52
runtime error: 
[14:53:04]Cannot execute null.add reagent().
[14:53:04]proc name: Initialize (/obj/effect/decal/cleanable/blood/gibs/Initialize)
[14:53:04]  source file: humans.dm,57
runtime error: 
[14:53:04]Cannot execute null.add reagent().
[14:53:04]proc name: Initialize (/obj/effect/decal/cleanable/blood/gibs/Initialize)
[14:53:04]  source file: humans.dm,57
runtime error: 
[14:53:05]Cannot execute null.add reagent().
[14:53:05]proc name: Initialize (/obj/effect/decal/cleanable/oil/Initialize)
[14:53:05]  source file: robots.dm,52
runtime error: 
[14:53:05]Cannot execute null.add reagent().
[14:53:05]proc name: Initialize (/obj/effect/decal/cleanable/oil/Initialize)
[14:53:05]  source file: robots.dm,52
runtime error: 
[14:53:05]Cannot execute null.add reagent().
[14:53:05]proc name: Initialize (/obj/effect/decal/cleanable/oil/Initialize)
[14:53:05]  source file: robots.dm,52
runtime error: 
[14:53:07]Undefined variable /obj/item/rupee/var/swimming

[14:53:07]proc name: Entered (/turf/Entered)
[14:53:07]  source file: turf.dm,200
runtime error: 
[14:53:08]Undefined variable /obj/item/rupee/var/swimming

[14:53:08]proc name: Entered (/turf/Entered)
[14:53:08]  source file: turf.dm,200
runtime error: 
[14:53:08]Undefined variable /obj/item/rupee/var/swimming

[14:53:08]proc name: Entered (/turf/Entered)
[14:53:08]  source file: turf.dm,200
runtime error: 
[14:53:08]Undefined variable /obj/structure/signpost/salvation/var/swimming

[14:53:08]proc name: Entered (/turf/Entered)
[14:53:08]  source file: turf.dm,200
runtime error: 
[14:53:08]Undefined variable /obj/item/rupee/var/swimming

[14:53:08]proc name: Entered (/turf/Entered)
[14:53:08]  source file: turf.dm,200
runtime error: 
[14:53:08]Undefined variable /obj/item/rupee/var/swimming

[14:53:08]proc name: Entered (/turf/Entered)
[14:53:08]  source file: turf.dm,200
runtime error: 
[14:53:08]Undefined variable /obj/item/rupee/var/swimming

[14:53:08]proc name: Entered (/turf/Entered)
[14:53:08]  source file: turf.dm,200
runtime error: 
[14:53:08]Undefined variable /obj/item/rupee/var/swimming

[14:53:08]proc name: Entered (/turf/Entered)
[14:53:08]  source file: turf.dm,200
runtime error: 
[14:53:08]Undefined variable /obj/item/rupee/var/swimming

[14:53:08]proc name: Entered (/turf/Entered)
[14:53:08]  source file: turf.dm,200
runtime error: 
[14:53:08]Undefined variable /obj/item/rupee/var/swimming

[14:53:08]proc name: Entered (/turf/Entered)
[14:53:08]  source file: turf.dm,200
runtime error: 
[14:53:08]Undefined variable /obj/effect/landmark/error/var/swimming

[14:53:08]proc name: Entered (/turf/Entered)
[14:53:08]  source file: turf.dm,200
runtime error: 
[14:53:08]Undefined variable /obj/item/rupee/var/swimming

[14:53:08]proc name: Entered (/turf/Entered)
[14:53:08]  source file: turf.dm,200
runtime error: 
[14:53:08]Undefined variable /obj/item/rupee/var/swimming

[14:53:08]proc name: Entered (/turf/Entered)
[14:53:08]  source file: turf.dm,200
runtime error: 
[14:53:08]Undefined variable /obj/item/rupee/var/swimming

[14:53:08]proc name: Entered (/turf/Entered)
[14:53:08]  source file: turf.dm,200
runtime error: 
[14:53:08]Undefined variable /obj/item/rupee/var/swimming

[14:53:08]proc name: Entered (/turf/Entered)
[14:53:08]  source file: turf.dm,200
runtime error: 
[14:53:08]Undefined variable /obj/item/rupee/var/swimming

[14:53:08]proc name: Entered (/turf/Entered)
[14:53:08]  source file: turf.dm,200
runtime error: 
[14:53:08]Undefined variable /obj/item/rupee/var/swimming

[14:53:08]proc name: Entered (/turf/Entered)
[14:53:08]  source file: turf.dm,200
runtime error: 
[14:53:08]Undefined variable /obj/item/rupee/var/swimming

[14:53:08]proc name: Entered (/turf/Entered)
[14:53:08]  source file: turf.dm,200
runtime error: 
[14:53:08]Undefined variable /obj/item/rupee/var/swimming

[14:53:08]proc name: Entered (/turf/Entered)
[14:53:08]  source file: turf.dm,200
runtime error: 
[14:53:08]Undefined variable /obj/item/rupee/var/swimming

[14:53:08]proc name: Entered (/turf/Entered)
[14:53:08]  source file: turf.dm,200
runtime error: 
[14:53:08]Undefined variable /obj/item/rupee/var/swimming

[14:53:08]proc name: Entered (/turf/Entered)
[14:53:08]  source file: turf.dm,200
runtime error: 
[14:53:08]Undefined variable /obj/item/rupee/var/swimming

[14:53:08]proc name: Entered (/turf/Entered)
[14:53:08]  source file: turf.dm,200
runtime error: 
[14:53:08]Undefined variable /obj/item/rupee/var/swimming

[14:53:08]proc name: Entered (/turf/Entered)
[14:53:08]  source file: turf.dm,200
runtime error: 
[14:53:08]Undefined variable /obj/item/rupee/var/swimming

[14:53:08]proc name: Entered (/turf/Entered)
[14:53:08]  source file: turf.dm,200
runtime error: 
[14:53:08]Undefined variable /obj/item/rupee/var/swimming

[14:53:08]proc name: Entered (/turf/Entered)
[14:53:08]  source file: turf.dm,200
runtime error: 
[14:53:08]Undefined variable /obj/item/rupee/var/swimming

[14:53:08]proc name: Entered (/turf/Entered)
[14:53:08]  source file: turf.dm,200
runtime error: 
[14:53:08]Undefined variable /obj/item/rupee/var/swimming

[14:53:08]proc name: Entered (/turf/Entered)
[14:53:08]  source file: turf.dm,200
runtime error: 
[14:53:08]Undefined variable /obj/item/rupee/var/swimming

[14:53:08]proc name: Entered (/turf/Entered)
[14:53:08]  source file: turf.dm,200
runtime error: 
[14:53:08]Undefined variable /obj/item/rupee/var/swimming

[14:53:08]proc name: Entered (/turf/Entered)
[14:53:08]  source file: turf.dm,200
runtime error: 
[14:53:08]Undefined variable /obj/item/rupee/var/swimming

[14:53:08]proc name: Entered (/turf/Entered)
[14:53:08]  source file: turf.dm,200
runtime error: 
[14:53:08]Undefined variable /obj/item/rupee/var/swimming

[14:53:08]proc name: Entered (/turf/Entered)
[14:53:08]  source file: turf.dm,200
runtime error: 
[14:53:08]Undefined variable /obj/item/rupee/var/swimming

[14:53:08]proc name: Entered (/turf/Entered)
[14:53:08]  source file: turf.dm,200
runtime error: 
[14:53:08]Undefined variable /obj/item/rupee/var/swimming

[14:53:08]proc name: Entered (/turf/Entered)
[14:53:08]  source file: turf.dm,200
runtime error: 
[14:53:08]Undefined variable /obj/item/rupee/var/swimming

[14:53:08]proc name: Entered (/turf/Entered)
[14:53:08]  source file: turf.dm,200
runtime error: 
[14:53:08]Undefined variable /obj/item/rupee/var/swimming

[14:53:08]proc name: Entered (/turf/Entered)
[14:53:08]  source file: turf.dm,200
runtime error: 
[14:53:08]Undefined variable /obj/item/rupee/var/swimming

[14:53:08]proc name: Entered (/turf/Entered)
[14:53:08]  source file: turf.dm,200
runtime error: 
[14:53:08]Undefined variable /obj/item/rupee/var/swimming

[14:53:08]proc name: Entered (/turf/Entered)
[14:53:08]  source file: turf.dm,200
runtime error: 
[14:53:08]Undefined variable /obj/item/rupee/var/swimming

[14:53:08]Warning: further proc crash messages are being suppressed to prevent overload...
runtime error: 
[14:53:08]Undefined variable /obj/item/rupee/var/swimming

runtime error: 
[14:53:08]Undefined variable /obj/item/rupee/var/swimming

runtime error: 
[14:53:08]Undefined variable /obj/item/rupee/var/swimming

runtime error: 
[14:53:08]Undefined variable /obj/item/rupee/var/swimming

runtime error: 
[14:53:08]Undefined variable /obj/item/rupee/var/swimming

runtime error: 
[14:53:09]Undefined variable /obj/item/rupee/var/swimming

runtime error: 
[14:53:09]Undefined variable /obj/item/rupee/var/swimming

runtime error: 
[14:53:09]Undefined variable /obj/item/rupee/var/swimming

runtime error: 
[14:53:09]Undefined variable /obj/item/rupee/var/swimming

runtime error: 
[14:53:09]Undefined variable /obj/structure/speaking_tile/var/swimming

runtime error: 
[14:53:09]Undefined variable /obj/machinery/abductor/gland_dispenser/var/swimming

runtime error: 
[14:53:09]Undefined variable /obj/structure/table/abductor/var/swimming

runtime error: 
[14:53:09]Undefined variable /obj/item/surgicaldrill/alien/var/swimming

runtime error: 
[14:53:09]undefined proc or verb /mob/living/simple_animal/bot/medbot/mysterious/remove overlay().

runtime error: 
[14:53:09]undefined proc or verb /mob/living/simple_animal/hostile/creature/remove overlay().

runtime error: 
[14:53:10]undefined proc or verb /mob/living/simple_animal/hostile/carp/cayenne/remove overlay().

runtime error: 
[14:53:11]undefined proc or verb /mob/dead/new_player/remove overlay().

runtime error: 
[14:53:12]Cannot execute null.add reagent().
runtime error: 
[14:53:12]Cannot execute null.add reagent().
runtime error: 
[14:53:13]Cannot execute null.add reagent().
runtime error: 
[14:53:13]undefined proc or verb /mob/living/simple_animal/bot/medbot/remove overlay().

runtime error: 
[14:53:13]undefined proc or verb /mob/living/simple_animal/cockroach/remove overlay().

runtime error: 
[14:53:13]undefined proc or verb /mob/living/simple_animal/cockroach/remove overlay().

runtime error: 
[14:53:13]Cannot execute null.add reagent().
runtime error: 
[14:53:13]undefined proc or verb /mob/living/simple_animal/cockroach/remove overlay().

runtime error: 
[14:53:13]Cannot execute null.add reagent().
runtime error: 
[14:53:13]Cannot execute null.add reagent().
runtime error: 
[14:53:13]Cannot execute null.add reagent().
runtime error: 
[14:53:13]Cannot execute null.add reagent().
runtime error: 
[14:53:13]Cannot execute null.add reagent().
runtime error: 
[14:53:13]Cannot execute null.add reagent().
runtime error: 
[14:53:13]Cannot execute null.add reagent().
runtime error: 
[14:53:13]undefined proc or verb /mob/living/simple_animal/cockroach/remove overlay().

runtime error: 
[14:53:13]undefined proc or verb /mob/living/simple_animal/cockroach/remove overlay().

runtime error: 
[14:53:14]Cannot execute null.add reagent().
runtime error: 
[14:53:14]undefined proc or verb /mob/living/simple_animal/pet/cat/Runtime/remove overlay().

runtime error: 
[14:53:14]undefined proc or verb /mob/living/simple_animal/cockroach/remove overlay().

runtime error: 
[14:53:14]undefined proc or verb /mob/living/simple_animal/pet/dog/pug/remove overlay().

runtime error: 
[14:53:14]undefined proc or verb /mob/living/simple_animal/cockroach/remove overlay().

runtime error: 
[14:53:14]Cannot execute null.add reagent().
runtime error: 
[14:53:14]undefined proc or verb /mob/living/simple_animal/cockroach/remove overlay().

runtime error: 
[14:53:15]undefined proc or verb /mob/living/simple_animal/cockroach/remove overlay().

runtime error: 
[14:53:15]undefined proc or verb /mob/living/simple_animal/slime/remove overlay().

runtime error: 
[14:53:15]undefined proc or verb /mob/living/simple_animal/slime/remove overlay().

runtime error: 
[14:53:15]undefined proc or verb /mob/living/simple_animal/slime/remove overlay().

runtime error: 
[14:53:15]undefined proc or verb /mob/living/simple_animal/cockroach/remove overlay().

runtime error: 
[14:53:16]undefined proc or verb /mob/living/simple_animal/cockroach/remove overlay().

runtime error: 
[14:53:16]undefined proc or verb /mob/living/simple_animal/pet/dog/corgi/Ian/remove overlay().

runtime error: 
[14:53:16]undefined proc or verb /mob/living/simple_animal/bot/secbot/pingsky/remove overlay().

runtime error: 
[14:53:16]undefined proc or verb /mob/living/simple_animal/parrot/Poly/remove overlay().

runtime error: 
[14:53:17]undefined proc or verb /mob/living/simple_animal/bot/secbot/beepsky/remove overlay().

runtime error: 
[14:53:17]undefined proc or verb /mob/living/simple_animal/pet/fox/Renault/remove overlay().

runtime error: 
[14:53:18]undefined proc or verb /mob/living/simple_animal/hostile/carp/cayenne/remove overlay().

runtime error: 
[14:53:18]undefined proc or verb /mob/living/simple_animal/cockroach/remove overlay().

runtime error: 
[14:53:18]undefined proc or verb /mob/living/simple_animal/hostile/retaliate/goat/remove overlay().

runtime error: 
[14:53:18]undefined proc or verb /mob/living/simple_animal/sloth/citrus/remove overlay().

runtime error: 
[14:53:18]undefined proc or verb /mob/living/simple_animal/cockroach/remove overlay().

runtime error: 
[14:53:19]undefined proc or verb /mob/living/simple_animal/mouse/remove overlay().

runtime error: 
[14:53:19]undefined proc or verb /mob/living/simple_animal/mouse/remove overlay().

runtime error: 
[14:53:19]undefined proc or verb /mob/living/simple_animal/bot/mulebot/remove overlay().

runtime error: 
[14:53:19]undefined proc or verb /mob/living/simple_animal/bot/mulebot/remove overlay().

runtime error: 
[14:53:19]undefined proc or verb /mob/living/simple_animal/cockroach/remove overlay().

runtime error: 
[14:53:19]undefined proc or verb /mob/living/simple_animal/hostile/lizard/remove overlay().

runtime error: 
[14:53:19]undefined proc or verb /mob/living/simple_animal/cockroach/remove overlay().

runtime error: 
[14:53:20]undefined proc or verb /mob/living/simple_animal/cockroach/remove overlay().

runtime error: 
[14:53:20]undefined proc or verb /mob/living/simple_animal/cockroach/remove overlay().

runtime error: 
[14:53:20]undefined proc or verb /mob/living/simple_animal/cockroach/remove overlay().

runtime error: 
[14:53:23]undefined proc or verb /mob/living/simple_animal/pet/gondola/remove overlay().

runtime error: 
[14:53:24]undefined proc or verb /mob/living/simple_animal/pet/gondola/remove overlay().

runtime error: 
[14:53:24]undefined proc or verb /mob/living/simple_animal/pet/gondola/remove overlay().

runtime error: 
[14:53:24]undefined proc or verb /mob/living/simple_animal/pet/gondola/remove overlay().

runtime error: 
[14:53:24]undefined proc or verb /mob/living/simple_animal/pet/gondola/remove overlay().

runtime error: 
[14:53:24]undefined proc or verb /mob/living/simple_animal/pet/gondola/remove overlay().

runtime error: 
[14:53:24]undefined proc or verb /mob/living/simple_animal/pet/gondola/remove overlay().

runtime error: 
[14:53:24]undefined proc or verb /mob/living/simple_animal/pet/gondola/remove overlay().

runtime error: 
[14:53:25]undefined proc or verb /mob/living/simple_animal/hostile/syndicate/remove overlay().

runtime error: 
[14:53:26]undefined proc or verb /mob/living/simple_animal/hostile/asteroid/basilisk/watcher/random/remove overlay().

Initialized 899620 atoms
Initialized Atoms subsystem within 80.5 seconds!
Initialized Language subsystem within 0 seconds!
Initialized Machines subsystem within 1.5 seconds!
Initialized Circuit subsystem within 0 seconds!
Initialized Weather subsystem within 0 seconds!
## WARNING: There are 9 active turfs at roundstart, this is a mapping error caused by a difference of the air between the adjacent turfs. You can see its coordinates using "Mapping -> Show roundstart AT list" verb (debug verbs required)
## WARNING: HEY! LISTEN! 0.1 seconds were wasted processing 9 turf(s) (connected to 172 other turfs) with atmos differences at round start.
Initialized Atmospherics subsystem within 20.2 seconds!
Initialized Minimap subsystem within 0 seconds!
Initialized Assets subsystem within 0.4 seconds!
Initialized Icon Smoothing subsystem within 7.6 seconds!
Initialized Overlay subsystem within 21.7 seconds!
Initialized XKeyScore subsystem within 0 seconds!
Initialized Lighting subsystem within 17.4 seconds!
Initialized Shuttle subsystem within 26.1 seconds!
Initialized Squeak subsystem within 0 seconds!
Loaded 0 engraved messages on map Delta Station
Initialized Persistence subsystem within 0.1 seconds!
Initializations complete within 230.8 seconds!
Game start took 1.7s
## WARNING: A ref was requested of an object with use_tag set but no tag: Ss13nerd in code/__HELPERS/unsorted.dm at line 1500 src:  usr: Ss13nerd.
runtime error: 
[14:55:58]Cannot read null.key
## WARNING: A ref was requested of an object with use_tag set but no tag: AlcaroIsAFrick in code/__HELPERS/unsorted.dm at line 1500 src:  usr: AlcaroIsAFrick.
runtime error: 
[14:56:03]Cannot read null.key
runtime error: 
[14:57:23]Cannot execute null.add reagent().
runtime error: 
[14:57:23]Cannot execute null.add reagent().
runtime error: 
[14:57:23]Cannot execute null.add reagent().
runtime error: 
[14:57:23]Cannot execute null.add reagent().
runtime error: 
[14:57:23]Cannot execute null.add reagent().
runtime error: 
[14:57:23]Cannot execute null.add reagent().
runtime error: 
[14:57:23]Cannot execute null.add reagent().
Shutting down Persistence subsystem...
Shutting down Squeak subsystem...
Shutting down Shuttle subsystem...
Shutting down Lighting subsystem...
Shutting down XKeyScore subsystem...
Shutting down Sticky Ban subsystem...
Shutting down Overlay subsystem...
Shutting down Icon Smoothing subsystem...
Shutting down Assets subsystem...
Shutting down Minimap subsystem...
Shutting down Atmospherics subsystem...
Shutting down Weather subsystem...
Shutting down Vote subsystem...
Shutting down Title Screen subsystem...
Shutting down Time Tracking subsystem...
Shutting down Throwing subsystem...
Shutting down tgui subsystem...
Shutting down Sun subsystem...
Shutting down Space Drift subsystem...
Shutting down Religion subsystem...
Shutting down Radio subsystem...
Shutting down Radiation subsystem...
Shutting down Projectiles subsystem...
Shutting down Processing subsystem...
Shutting down Parallax subsystem...
Shutting down pAI subsystem...
Shutting down Orbits subsystem...
Shutting down Objects subsystem...
Shutting down NPC Pool subsystem...
Shutting down Mobs subsystem...
Shutting down Inbounds subsystem...
Shutting down Idling NPC Pool subsystem...
Shutting down Garbage subsystem...
Shutting down Flightpack Movement subsystem...
Shutting down Fire Burning subsystem...
Shutting down Fields subsystem...
Shutting down Fast Processing subsystem...
Shutting down Disease subsystem...
Shutting down Communications subsystem...
Shutting down Augury subsystem...
Shutting down Acid subsystem...
Shutting down Timer subsystem...
Shutting down Circuit subsystem...
Shutting down Machines subsystem...
Shutting down Language subsystem...
Shutting down Atoms subsystem...
Shutting down Mapping subsystem...
Shutting down Ticker subsystem...
Shutting down Jobs subsystem...
Shutting down Events subsystem...
Shutting down Server Tasks subsystem...
Shutting down Blackbox subsystem...
Shutting down Database subsystem...
Shutdown complete
World rebooted at 14:58:00
