

Starting up round ID . 02:37:35
---------------------
Initialized Blackbox subsystem within 0 seconds!
Initialized Server Tasks subsystem within 0 seconds!
Initialized Events subsystem within 0 seconds!
runtime error: 
[02:37:36]cannot read from list
[02:37:36]proc name: LoadJobs (/datum/controller/subsystem/job/proc/LoadJobs)
[02:37:36]  source file: job.dm,448
[02:37:36]  usr: null
[02:37:36]  src: Jobs (/datum/controller/subsystem/job)
[02:37:36]  call stack:
[02:37:36]Jobs (/datum/controller/subsystem/job): LoadJobs()
[02:37:36]Jobs (/datum/controller/subsystem/job): Initialize(238568)
[02:37:36]Master (/datum/controller/master): Initialize(10, 0)
Initialized Jobs subsystem within 0 seconds!
Initialized Ticker subsystem within 0 seconds!
Loading Delta Station...
runtime error: 
[02:38:47]Cannot execute /datum/plant_gene/trait/glow (/datum/plant_gene/trait/glow).glow range().
[02:38:47]proc name: New (/obj/structure/glowshroom/New)
[02:38:47]  source file: glowshroom.dm,63
[02:38:47]  usr: null
[02:38:47]  src: the glowshroom (/obj/structure/glowshroom/single)
[02:38:47]  src.loc: Cave Floor (303,71,2) (/turf/open/floor/plating/asteroid)
[02:38:47]  call stack:
[02:38:47]the glowshroom (/obj/structure/glowshroom/single): New(Cave Floor (303,71,2) (/turf/open/floor/plating/asteroid), null, null)
[02:38:47]/dmm_suite (/dmm_suite): create atom(/obj/structure/glowshroom/sing... (/obj/structure/glowshroom/single), Cave Floor (303,71,2) (/turf/open/floor/plating/asteroid))
[02:38:47]/dmm_suite (/dmm_suite): instance atom(/obj/structure/glowshroom/sing... (/obj/structure/glowshroom/single), /list (/list), Cave Floor (303,71,2) (/turf/open/floor/plating/asteroid), 1)
[02:38:47]/dmm_suite (/dmm_suite): parse grid("/obj/structure/glowshroom/sing...", "eAX", 303, 71, 2, 1)
[02:38:47]/dmm_suite (/dmm_suite): load map impl(_maps/map_files/Deltastation/D..., 1, 1, 2, null, null, 1, -1e+031, 1e+031, -1e+031, 1e+031)
[02:38:47]/dmm_suite (/dmm_suite): load map(_maps/map_files/Deltastation/D..., 0, 0, 2, null, null, 1, null, null, null, null)
[02:38:47]Mapping (/datum/controller/subsystem/mapping): TryLoadZ("_maps/map_files/Deltastation/D...", /list (/list), 2, null)
[02:38:47]Mapping (/datum/controller/subsystem/mapping): loadWorld()
[02:38:47]Mapping (/datum/controller/subsystem/mapping): Initialize(238569)
[02:38:47]Master (/datum/controller/master): Initialize(10, 0)
runtime error: 
[02:38:47]Cannot execute /datum/plant_gene/trait/glow (/datum/plant_gene/trait/glow).glow range().
[02:38:47]proc name: New (/obj/structure/glowshroom/New)
[02:38:47]  source file: glowshroom.dm,63
[02:38:47]  usr: null
[02:38:47]  src: the glowshroom (/obj/structure/glowshroom/single)
[02:38:47]  src.loc: Cave Floor (306,70,2) (/turf/open/floor/plating/asteroid)
[02:38:47]  call stack:
[02:38:47]the glowshroom (/obj/structure/glowshroom/single): New(Cave Floor (306,70,2) (/turf/open/floor/plating/asteroid), null, null)
[02:38:47]/dmm_suite (/dmm_suite): create atom(/obj/structure/glowshroom/sing... (/obj/structure/glowshroom/single), Cave Floor (306,70,2) (/turf/open/floor/plating/asteroid))
[02:38:47]/dmm_suite (/dmm_suite): instance atom(/obj/structure/glowshroom/sing... (/obj/structure/glowshroom/single), /list (/list), Cave Floor (306,70,2) (/turf/open/floor/plating/asteroid), 1)
[02:38:47]/dmm_suite (/dmm_suite): parse grid("/obj/structure/glowshroom/sing...", "eAX", 306, 70, 2, 1)
[02:38:47]/dmm_suite (/dmm_suite): load map impl(_maps/map_files/Deltastation/D..., 1, 1, 2, null, null, 1, -1e+031, 1e+031, -1e+031, 1e+031)
[02:38:47]/dmm_suite (/dmm_suite): load map(_maps/map_files/Deltastation/D..., 0, 0, 2, null, null, 1, null, null, null, null)
[02:38:47]Mapping (/datum/controller/subsystem/mapping): TryLoadZ("_maps/map_files/Deltastation/D...", /list (/list), 2, null)
[02:38:47]Mapping (/datum/controller/subsystem/mapping): loadWorld()
[02:38:47]Mapping (/datum/controller/subsystem/mapping): Initialize(238569)
[02:38:47]Master (/datum/controller/master): Initialize(10, 0)
runtime error: 
[02:38:47]Cannot execute /datum/plant_gene/trait/glow (/datum/plant_gene/trait/glow).glow range().
[02:38:47]proc name: New (/obj/structure/glowshroom/New)
[02:38:47]  source file: glowshroom.dm,63
[02:38:47]  usr: null
[02:38:47]  src: the glowshroom (/obj/structure/glowshroom/single)
[02:38:47]  src.loc: Cave Floor (309,70,2) (/turf/open/floor/plating/asteroid)
[02:38:47]  call stack:
[02:38:47]the glowshroom (/obj/structure/glowshroom/single): New(Cave Floor (309,70,2) (/turf/open/floor/plating/asteroid), null, null)
[02:38:47]/dmm_suite (/dmm_suite): create atom(/obj/structure/glowshroom/sing... (/obj/structure/glowshroom/single), Cave Floor (309,70,2) (/turf/open/floor/plating/asteroid))
[02:38:47]/dmm_suite (/dmm_suite): instance atom(/obj/structure/glowshroom/sing... (/obj/structure/glowshroom/single), /list (/list), Cave Floor (309,70,2) (/turf/open/floor/plating/asteroid), 1)
[02:38:47]/dmm_suite (/dmm_suite): parse grid("/obj/structure/glowshroom/sing...", "eAX", 309, 70, 2, 1)
[02:38:47]/dmm_suite (/dmm_suite): load map impl(_maps/map_files/Deltastation/D..., 1, 1, 2, null, null, 1, -1e+031, 1e+031, -1e+031, 1e+031)
[02:38:47]/dmm_suite (/dmm_suite): load map(_maps/map_files/Deltastation/D..., 0, 0, 2, null, null, 1, null, null, null, null)
[02:38:47]Mapping (/datum/controller/subsystem/mapping): TryLoadZ("_maps/map_files/Deltastation/D...", /list (/list), 2, null)
[02:38:47]Mapping (/datum/controller/subsystem/mapping): loadWorld()
[02:38:47]Mapping (/datum/controller/subsystem/mapping): Initialize(238569)
[02:38:47]Master (/datum/controller/master): Initialize(10, 0)
runtime error: 
[02:38:48]Cannot execute /datum/plant_gene/trait/glow (/datum/plant_gene/trait/glow).glow range().
[02:38:48]proc name: New (/obj/structure/glowshroom/New)
[02:38:48]  source file: glowshroom.dm,63
[02:38:48]  usr: null
[02:38:48]  src: the glowshroom (/obj/structure/glowshroom/single)
[02:38:48]  src.loc: Cave Floor (302,69,2) (/turf/open/floor/plating/asteroid)
[02:38:48]  call stack:
[02:38:48]the glowshroom (/obj/structure/glowshroom/single): New(Cave Floor (302,69,2) (/turf/open/floor/plating/asteroid), null, null)
[02:38:48]/dmm_suite (/dmm_suite): create atom(/obj/structure/glowshroom/sing... (/obj/structure/glowshroom/single), Cave Floor (302,69,2) (/turf/open/floor/plating/asteroid))
[02:38:48]/dmm_suite (/dmm_suite): instance atom(/obj/structure/glowshroom/sing... (/obj/structure/glowshroom/single), /list (/list), Cave Floor (302,69,2) (/turf/open/floor/plating/asteroid), 1)
[02:38:48]/dmm_suite (/dmm_suite): parse grid("/obj/structure/glowshroom/sing...", "eAX", 302, 69, 2, 1)
[02:38:48]/dmm_suite (/dmm_suite): load map impl(_maps/map_files/Deltastation/D..., 1, 1, 2, null, null, 1, -1e+031, 1e+031, -1e+031, 1e+031)
[02:38:48]/dmm_suite (/dmm_suite): load map(_maps/map_files/Deltastation/D..., 0, 0, 2, null, null, 1, null, null, null, null)
[02:38:48]Mapping (/datum/controller/subsystem/mapping): TryLoadZ("_maps/map_files/Deltastation/D...", /list (/list), 2, null)
[02:38:48]Mapping (/datum/controller/subsystem/mapping): loadWorld()
[02:38:48]Mapping (/datum/controller/subsystem/mapping): Initialize(238569)
[02:38:48]Master (/datum/controller/master): Initialize(10, 0)
runtime error: 
[02:38:48]Cannot execute /datum/plant_gene/trait/glow (/datum/plant_gene/trait/glow).glow range().
[02:38:48]proc name: New (/obj/structure/glowshroom/New)
[02:38:48]  source file: glowshroom.dm,63
[02:38:48]  usr: null
[02:38:48]  src: the glowshroom (/obj/structure/glowshroom/single)
[02:38:48]  src.loc: Cave Floor (296,55,2) (/turf/open/floor/plating/asteroid)
[02:38:48]  call stack:
[02:38:48]the glowshroom (/obj/structure/glowshroom/single): New(Cave Floor (296,55,2) (/turf/open/floor/plating/asteroid), null, null)
[02:38:48]/dmm_suite (/dmm_suite): create atom(/obj/structure/glowshroom/sing... (/obj/structure/glowshroom/single), Cave Floor (296,55,2) (/turf/open/floor/plating/asteroid))
[02:38:48]/dmm_suite (/dmm_suite): instance atom(/obj/structure/glowshroom/sing... (/obj/structure/glowshroom/single), /list (/list), Cave Floor (296,55,2) (/turf/open/floor/plating/asteroid), 1)
[02:38:48]/dmm_suite (/dmm_suite): parse grid("/obj/structure/glowshroom/sing...", "eFK", 296, 55, 2, 1)
[02:38:48]/dmm_suite (/dmm_suite): load map impl(_maps/map_files/Deltastation/D..., 1, 1, 2, null, null, 1, -1e+031, 1e+031, -1e+031, 1e+031)
[02:38:48]/dmm_suite (/dmm_suite): load map(_maps/map_files/Deltastation/D..., 0, 0, 2, null, null, 1, null, null, null, null)
[02:38:48]Mapping (/datum/controller/subsystem/mapping): TryLoadZ("_maps/map_files/Deltastation/D...", /list (/list), 2, null)
[02:38:48]Mapping (/datum/controller/subsystem/mapping): loadWorld()
[02:38:48]Mapping (/datum/controller/subsystem/mapping): Initialize(238569)
[02:38:48]Master (/datum/controller/master): Initialize(10, 0)
runtime error: 
[02:38:48]Cannot execute /datum/plant_gene/trait/glow (/datum/plant_gene/trait/glow).glow range().
[02:38:48]proc name: New (/obj/structure/glowshroom/New)
[02:38:48]  source file: glowshroom.dm,63
[02:38:48]  usr: null
[02:38:48]  src: the glowshroom (/obj/structure/glowshroom/single)
[02:38:48]  src.loc: Cave Floor (299,55,2) (/turf/open/floor/plating/asteroid)
[02:38:48]  call stack:
[02:38:48]the glowshroom (/obj/structure/glowshroom/single): New(Cave Floor (299,55,2) (/turf/open/floor/plating/asteroid), null, null)
[02:38:48]/dmm_suite (/dmm_suite): create atom(/obj/structure/glowshroom/sing... (/obj/structure/glowshroom/single), Cave Floor (299,55,2) (/turf/open/floor/plating/asteroid))
[02:38:48]/dmm_suite (/dmm_suite): instance atom(/obj/structure/glowshroom/sing... (/obj/structure/glowshroom/single), /list (/list), Cave Floor (299,55,2) (/turf/open/floor/plating/asteroid), 1)
[02:38:48]/dmm_suite (/dmm_suite): parse grid("/obj/structure/glowshroom/sing...", "eFK", 299, 55, 2, 1)
[02:38:48]/dmm_suite (/dmm_suite): load map impl(_maps/map_files/Deltastation/D..., 1, 1, 2, null, null, 1, -1e+031, 1e+031, -1e+031, 1e+031)
[02:38:48]/dmm_suite (/dmm_suite): load map(_maps/map_files/Deltastation/D..., 0, 0, 2, null, null, 1, null, null, null, null)
[02:38:48]Mapping (/datum/controller/subsystem/mapping): TryLoadZ("_maps/map_files/Deltastation/D...", /list (/list), 2, null)
[02:38:48]Mapping (/datum/controller/subsystem/mapping): loadWorld()
[02:38:48]Mapping (/datum/controller/subsystem/mapping): Initialize(238569)
[02:38:48]Master (/datum/controller/master): Initialize(10, 0)
runtime error: 
[02:38:48]Cannot execute /datum/plant_gene/trait/glow (/datum/plant_gene/trait/glow).glow range().
[02:38:48]proc name: New (/obj/structure/glowshroom/New)
[02:38:48]  source file: glowshroom.dm,63
[02:38:48]  usr: null
[02:38:48]  src: the glowshroom (/obj/structure/glowshroom/single)
[02:38:48]  src.loc: Cave Floor (283,53,2) (/turf/open/floor/plating/asteroid)
[02:38:48]  call stack:
[02:38:48]the glowshroom (/obj/structure/glowshroom/single): New(Cave Floor (283,53,2) (/turf/open/floor/plating/asteroid), null, null)
[02:38:48]/dmm_suite (/dmm_suite): create atom(/obj/structure/glowshroom/sing... (/obj/structure/glowshroom/single), Cave Floor (283,53,2) (/turf/open/floor/plating/asteroid))
[02:38:48]/dmm_suite (/dmm_suite): instance atom(/obj/structure/glowshroom/sing... (/obj/structure/glowshroom/single), /list (/list), Cave Floor (283,53,2) (/turf/open/floor/plating/asteroid), 1)
[02:38:48]/dmm_suite (/dmm_suite): parse grid("/obj/structure/glowshroom/sing...", "eFK", 283, 53, 2, 1)
[02:38:48]/dmm_suite (/dmm_suite): load map impl(_maps/map_files/Deltastation/D..., 1, 1, 2, null, null, 1, -1e+031, 1e+031, -1e+031, 1e+031)
[02:38:48]/dmm_suite (/dmm_suite): load map(_maps/map_files/Deltastation/D..., 0, 0, 2, null, null, 1, null, null, null, null)
[02:38:48]Mapping (/datum/controller/subsystem/mapping): TryLoadZ("_maps/map_files/Deltastation/D...", /list (/list), 2, null)
[02:38:48]Mapping (/datum/controller/subsystem/mapping): loadWorld()
[02:38:48]Mapping (/datum/controller/subsystem/mapping): Initialize(238569)
[02:38:48]Master (/datum/controller/master): Initialize(10, 0)
runtime error: 
[02:38:48]Cannot execute /datum/plant_gene/trait/glow (/datum/plant_gene/trait/glow).glow range().
[02:38:48]proc name: New (/obj/structure/glowshroom/New)
[02:38:48]  source file: glowshroom.dm,63
[02:38:48]  usr: null
[02:38:48]  src: the glowshroom (/obj/structure/glowshroom/single)
[02:38:48]  src.loc: Cave Floor (302,53,2) (/turf/open/floor/plating/asteroid)
[02:38:48]  call stack:
[02:38:48]the glowshroom (/obj/structure/glowshroom/single): New(Cave Floor (302,53,2) (/turf/open/floor/plating/asteroid), null, null)
[02:38:48]/dmm_suite (/dmm_suite): create atom(/obj/structure/glowshroom/sing... (/obj/structure/glowshroom/single), Cave Floor (302,53,2) (/turf/open/floor/plating/asteroid))
[02:38:48]/dmm_suite (/dmm_suite): instance atom(/obj/structure/glowshroom/sing... (/obj/structure/glowshroom/single), /list (/list), Cave Floor (302,53,2) (/turf/open/floor/plating/asteroid), 1)
[02:38:48]/dmm_suite (/dmm_suite): parse grid("/obj/structure/glowshroom/sing...", "eFK", 302, 53, 2, 1)
[02:38:48]/dmm_suite (/dmm_suite): load map impl(_maps/map_files/Deltastation/D..., 1, 1, 2, null, null, 1, -1e+031, 1e+031, -1e+031, 1e+031)
[02:38:48]/dmm_suite (/dmm_suite): load map(_maps/map_files/Deltastation/D..., 0, 0, 2, null, null, 1, null, null, null, null)
[02:38:48]Mapping (/datum/controller/subsystem/mapping): TryLoadZ("_maps/map_files/Deltastation/D...", /list (/list), 2, null)
[02:38:48]Mapping (/datum/controller/subsystem/mapping): loadWorld()
[02:38:48]Mapping (/datum/controller/subsystem/mapping): Initialize(238569)
[02:38:48]Master (/datum/controller/master): Initialize(10, 0)
runtime error: 
[02:38:48]Cannot execute /datum/plant_gene/trait/glow (/datum/plant_gene/trait/glow).glow range().
[02:38:48]proc name: New (/obj/structure/glowshroom/New)
[02:38:48]  source file: glowshroom.dm,63
[02:38:48]  usr: null
[02:38:48]  src: the glowshroom (/obj/structure/glowshroom/single)
[02:38:48]  src.loc: Cave Floor (276,52,2) (/turf/open/floor/plating/asteroid)
[02:38:48]  call stack:
[02:38:48]the glowshroom (/obj/structure/glowshroom/single): New(Cave Floor (276,52,2) (/turf/open/floor/plating/asteroid), null, null)
[02:38:48]/dmm_suite (/dmm_suite): create atom(/obj/structure/glowshroom/sing... (/obj/structure/glowshroom/single), Cave Floor (276,52,2) (/turf/open/floor/plating/asteroid))
[02:38:48]/dmm_suite (/dmm_suite): instance atom(/obj/structure/glowshroom/sing... (/obj/structure/glowshroom/single), /list (/list), Cave Floor (276,52,2) (/turf/open/floor/plating/asteroid), 1)
[02:38:48]/dmm_suite (/dmm_suite): parse grid("/obj/structure/glowshroom/sing...", "eFK", 276, 52, 2, 1)
[02:38:48]/dmm_suite (/dmm_suite): load map impl(_maps/map_files/Deltastation/D..., 1, 1, 2, null, null, 1, -1e+031, 1e+031, -1e+031, 1e+031)
[02:38:48]/dmm_suite (/dmm_suite): load map(_maps/map_files/Deltastation/D..., 0, 0, 2, null, null, 1, null, null, null, null)
[02:38:48]Mapping (/datum/controller/subsystem/mapping): TryLoadZ("_maps/map_files/Deltastation/D...", /list (/list), 2, null)
[02:38:48]Mapping (/datum/controller/subsystem/mapping): loadWorld()
[02:38:48]Mapping (/datum/controller/subsystem/mapping): Initialize(238569)
[02:38:48]Master (/datum/controller/master): Initialize(10, 0)
runtime error: 
[02:38:48]Cannot execute /datum/plant_gene/trait/glow (/datum/plant_gene/trait/glow).glow range().
[02:38:48]proc name: New (/obj/structure/glowshroom/New)
[02:38:48]  source file: glowshroom.dm,63
[02:38:48]  usr: null
[02:38:48]  src: the glowshroom (/obj/structure/glowshroom/single)
[02:38:48]  src.loc: Cave Floor (292,51,2) (/turf/open/floor/plating/asteroid)
[02:38:48]  call stack:
[02:38:48]the glowshroom (/obj/structure/glowshroom/single): New(Cave Floor (292,51,2) (/turf/open/floor/plating/asteroid), null, null)
[02:38:48]/dmm_suite (/dmm_suite): create atom(/obj/structure/glowshroom/sing... (/obj/structure/glowshroom/single), Cave Floor (292,51,2) (/turf/open/floor/plating/asteroid))
[02:38:48]/dmm_suite (/dmm_suite): instance atom(/obj/structure/glowshroom/sing... (/obj/structure/glowshroom/single), /list (/list), Cave Floor (292,51,2) (/turf/open/floor/plating/asteroid), 1)
[02:38:48]/dmm_suite (/dmm_suite): parse grid("/obj/structure/glowshroom/sing...", "eFK", 292, 51, 2, 1)
[02:38:48]/dmm_suite (/dmm_suite): load map impl(_maps/map_files/Deltastation/D..., 1, 1, 2, null, null, 1, -1e+031, 1e+031, -1e+031, 1e+031)
[02:38:48]/dmm_suite (/dmm_suite): load map(_maps/map_files/Deltastation/D..., 0, 0, 2, null, null, 1, null, null, null, null)
[02:38:48]Mapping (/datum/controller/subsystem/mapping): TryLoadZ("_maps/map_files/Deltastation/D...", /list (/list), 2, null)
[02:38:48]Mapping (/datum/controller/subsystem/mapping): loadWorld()
[02:38:48]Mapping (/datum/controller/subsystem/mapping): Initialize(238569)
[02:38:48]Master (/datum/controller/master): Initialize(10, 0)
runtime error: 
[02:38:48]Cannot execute /datum/plant_gene/trait/glow (/datum/plant_gene/trait/glow).glow range().
[02:38:48]proc name: New (/obj/structure/glowshroom/New)
[02:38:48]  source file: glowshroom.dm,63
[02:38:48]  usr: null
[02:38:48]  src: the glowshroom (/obj/structure/glowshroom/single)
[02:38:48]  src.loc: Cave Floor (295,51,2) (/turf/open/floor/plating/asteroid)
[02:38:48]  call stack:
[02:38:48]the glowshroom (/obj/structure/glowshroom/single): New(Cave Floor (295,51,2) (/turf/open/floor/plating/asteroid), null, null)
[02:38:48]/dmm_suite (/dmm_suite): create atom(/obj/structure/glowshroom/sing... (/obj/structure/glowshroom/single), Cave Floor (295,51,2) (/turf/open/floor/plating/asteroid))
[02:38:48]/dmm_suite (/dmm_suite): instance atom(/obj/structure/glowshroom/sing... (/obj/structure/glowshroom/single), /list (/list), Cave Floor (295,51,2) (/turf/open/floor/plating/asteroid), 1)
[02:38:48]/dmm_suite (/dmm_suite): parse grid("/obj/structure/glowshroom/sing...", "eFK", 295, 51, 2, 1)
[02:38:48]/dmm_suite (/dmm_suite): load map impl(_maps/map_files/Deltastation/D..., 1, 1, 2, null, null, 1, -1e+031, 1e+031, -1e+031, 1e+031)
[02:38:48]/dmm_suite (/dmm_suite): load map(_maps/map_files/Deltastation/D..., 0, 0, 2, null, null, 1, null, null, null, null)
[02:38:48]Mapping (/datum/controller/subsystem/mapping): TryLoadZ("_maps/map_files/Deltastation/D...", /list (/list), 2, null)
[02:38:48]Mapping (/datum/controller/subsystem/mapping): loadWorld()
[02:38:48]Mapping (/datum/controller/subsystem/mapping): Initialize(238569)
[02:38:48]Master (/datum/controller/master): Initialize(10, 0)
runtime error: 
[02:38:49]Cannot execute /datum/plant_gene/trait/glow (/datum/plant_gene/trait/glow).glow range().
[02:38:49]proc name: New (/obj/structure/glowshroom/New)
[02:38:49]  source file: glowshroom.dm,63
[02:38:49]  usr: null
[02:38:49]  src: the glowshroom (/obj/structure/glowshroom/single)
[02:38:49]  src.loc: Cave Floor (258,49,2) (/turf/open/floor/plating/asteroid)
[02:38:49]  call stack:
[02:38:49]the glowshroom (/obj/structure/glowshroom/single): New(Cave Floor (258,49,2) (/turf/open/floor/plating/asteroid), null, null)
[02:38:49]/dmm_suite (/dmm_suite): create atom(/obj/structure/glowshroom/sing... (/obj/structure/glowshroom/single), Cave Floor (258,49,2) (/turf/open/floor/plating/asteroid))
[02:38:49]/dmm_suite (/dmm_suite): instance atom(/obj/structure/glowshroom/sing... (/obj/structure/glowshroom/single), /list (/list), Cave Floor (258,49,2) (/turf/open/floor/plating/asteroid), 1)
[02:38:49]/dmm_suite (/dmm_suite): parse grid("/obj/structure/glowshroom/sing...", "eFK", 258, 49, 2, 1)
[02:38:49]/dmm_suite (/dmm_suite): load map impl(_maps/map_files/Deltastation/D..., 1, 1, 2, null, null, 1, -1e+031, 1e+031, -1e+031, 1e+031)
[02:38:49]/dmm_suite (/dmm_suite): load map(_maps/map_files/Deltastation/D..., 0, 0, 2, null, null, 1, null, null, null, null)
[02:38:49]Mapping (/datum/controller/subsystem/mapping): TryLoadZ("_maps/map_files/Deltastation/D...", /list (/list), 2, null)
[02:38:49]Mapping (/datum/controller/subsystem/mapping): loadWorld()
[02:38:49]Mapping (/datum/controller/subsystem/mapping): Initialize(238569)
[02:38:49]Master (/datum/controller/master): Initialize(10, 0)
runtime error: 
[02:38:49]Cannot execute /datum/plant_gene/trait/glow (/datum/plant_gene/trait/glow).glow range().
[02:38:49]proc name: New (/obj/structure/glowshroom/New)
[02:38:49]  source file: glowshroom.dm,63
[02:38:49]  usr: null
[02:38:49]  src: the glowshroom (/obj/structure/glowshroom/single)
[02:38:49]  src.loc: Cave Floor (275,49,2) (/turf/open/floor/plating/asteroid)
[02:38:49]  call stack:
[02:38:49]the glowshroom (/obj/structure/glowshroom/single): New(Cave Floor (275,49,2) (/turf/open/floor/plating/asteroid), null, null)
[02:38:49]/dmm_suite (/dmm_suite): create atom(/obj/structure/glowshroom/sing... (/obj/structure/glowshroom/single), Cave Floor (275,49,2) (/turf/open/floor/plating/asteroid))
[02:38:49]/dmm_suite (/dmm_suite): instance atom(/obj/structure/glowshroom/sing... (/obj/structure/glowshroom/single), /list (/list), Cave Floor (275,49,2) (/turf/open/floor/plating/asteroid), 1)
[02:38:49]/dmm_suite (/dmm_suite): parse grid("/obj/structure/glowshroom/sing...", "eFK", 275, 49, 2, 1)
[02:38:49]/dmm_suite (/dmm_suite): load map impl(_maps/map_files/Deltastation/D..., 1, 1, 2, null, null, 1, -1e+031, 1e+031, -1e+031, 1e+031)
[02:38:49]/dmm_suite (/dmm_suite): load map(_maps/map_files/Deltastation/D..., 0, 0, 2, null, null, 1, null, null, null, null)
[02:38:49]Mapping (/datum/controller/subsystem/mapping): TryLoadZ("_maps/map_files/Deltastation/D...", /list (/list), 2, null)
[02:38:49]Mapping (/datum/controller/subsystem/mapping): loadWorld()
[02:38:49]Mapping (/datum/controller/subsystem/mapping): Initialize(238569)
[02:38:49]Master (/datum/controller/master): Initialize(10, 0)
runtime error: 
[02:38:49]Cannot execute /datum/plant_gene/trait/glow (/datum/plant_gene/trait/glow).glow range().
[02:38:49]proc name: New (/obj/structure/glowshroom/New)
[02:38:49]  source file: glowshroom.dm,63
[02:38:49]  usr: null
[02:38:49]  src: the glowshroom (/obj/structure/glowshroom/single)
[02:38:49]  src.loc: Cave Floor (261,48,2) (/turf/open/floor/plating/asteroid)
[02:38:49]  call stack:
[02:38:49]the glowshroom (/obj/structure/glowshroom/single): New(Cave Floor (261,48,2) (/turf/open/floor/plating/asteroid), null, null)
[02:38:49]/dmm_suite (/dmm_suite): create atom(/obj/structure/glowshroom/sing... (/obj/structure/glowshroom/single), Cave Floor (261,48,2) (/turf/open/floor/plating/asteroid))
[02:38:49]/dmm_suite (/dmm_suite): instance atom(/obj/structure/glowshroom/sing... (/obj/structure/glowshroom/single), /list (/list), Cave Floor (261,48,2) (/turf/open/floor/plating/asteroid), 1)
[02:38:49]/dmm_suite (/dmm_suite): parse grid("/obj/structure/glowshroom/sing...", "eFK", 261, 48, 2, 1)
[02:38:49]/dmm_suite (/dmm_suite): load map impl(_maps/map_files/Deltastation/D..., 1, 1, 2, null, null, 1, -1e+031, 1e+031, -1e+031, 1e+031)
[02:38:49]/dmm_suite (/dmm_suite): load map(_maps/map_files/Deltastation/D..., 0, 0, 2, null, null, 1, null, null, null, null)
[02:38:49]Mapping (/datum/controller/subsystem/mapping): TryLoadZ("_maps/map_files/Deltastation/D...", /list (/list), 2, null)
[02:38:49]Mapping (/datum/controller/subsystem/mapping): loadWorld()
[02:38:49]Mapping (/datum/controller/subsystem/mapping): Initialize(238569)
[02:38:49]Master (/datum/controller/master): Initialize(10, 0)
runtime error: 
[02:38:49]Cannot execute /datum/plant_gene/trait/glow (/datum/plant_gene/trait/glow).glow range().
[02:38:49]proc name: New (/obj/structure/glowshroom/New)
[02:38:49]  source file: glowshroom.dm,63
[02:38:49]  usr: null
[02:38:49]  src: the glowshroom (/obj/structure/glowshroom/single)
[02:38:49]  src.loc: Cave Floor (292,48,2) (/turf/open/floor/plating/asteroid)
[02:38:49]  call stack:
[02:38:49]the glowshroom (/obj/structure/glowshroom/single): New(Cave Floor (292,48,2) (/turf/open/floor/plating/asteroid), null, null)
[02:38:49]/dmm_suite (/dmm_suite): create atom(/obj/structure/glowshroom/sing... (/obj/structure/glowshroom/single), Cave Floor (292,48,2) (/turf/open/floor/plating/asteroid))
[02:38:49]/dmm_suite (/dmm_suite): instance atom(/obj/structure/glowshroom/sing... (/obj/structure/glowshroom/single), /list (/list), Cave Floor (292,48,2) (/turf/open/floor/plating/asteroid), 1)
[02:38:49]/dmm_suite (/dmm_suite): parse grid("/obj/structure/glowshroom/sing...", "eFK", 292, 48, 2, 1)
[02:38:49]/dmm_suite (/dmm_suite): load map impl(_maps/map_files/Deltastation/D..., 1, 1, 2, null, null, 1, -1e+031, 1e+031, -1e+031, 1e+031)
[02:38:49]/dmm_suite (/dmm_suite): load map(_maps/map_files/Deltastation/D..., 0, 0, 2, null, null, 1, null, null, null, null)
[02:38:49]Mapping (/datum/controller/subsystem/mapping): TryLoadZ("_maps/map_files/Deltastation/D...", /list (/list), 2, null)
[02:38:49]Mapping (/datum/controller/subsystem/mapping): loadWorld()
[02:38:49]Mapping (/datum/controller/subsystem/mapping): Initialize(238569)
[02:38:49]Master (/datum/controller/master): Initialize(10, 0)
runtime error: 
[02:38:49]Cannot execute /datum/plant_gene/trait/glow (/datum/plant_gene/trait/glow).glow range().
[02:38:49]proc name: New (/obj/structure/glowshroom/New)
[02:38:49]  source file: glowshroom.dm,63
runtime error: 
[02:38:49]Cannot execute /datum/plant_gene/trait/glow (/datum/plant_gene/trait/glow).glow range().
[02:38:49]proc name: New (/obj/structure/glowshroom/New)
[02:38:49]  source file: glowshroom.dm,63
runtime error: 
[02:38:49]Cannot execute /datum/plant_gene/trait/glow (/datum/plant_gene/trait/glow).glow range().
[02:38:49]proc name: New (/obj/structure/glowshroom/New)
[02:38:49]  source file: glowshroom.dm,63
runtime error: 
[02:38:49]Cannot execute /datum/plant_gene/trait/glow (/datum/plant_gene/trait/glow).glow range().
[02:38:49]proc name: New (/obj/structure/glowshroom/New)
[02:38:49]  source file: glowshroom.dm,63
runtime error: 
[02:38:49]Cannot execute /datum/plant_gene/trait/glow (/datum/plant_gene/trait/glow).glow range().
[02:38:49]proc name: New (/obj/structure/glowshroom/New)
[02:38:49]  source file: glowshroom.dm,63
runtime error: 
[02:38:49]Cannot execute /datum/plant_gene/trait/glow (/datum/plant_gene/trait/glow).glow range().
[02:38:49]proc name: New (/obj/structure/glowshroom/New)
[02:38:49]  source file: glowshroom.dm,63
runtime error: 
[02:38:49]Cannot execute /datum/plant_gene/trait/glow (/datum/plant_gene/trait/glow).glow range().
[02:38:49]proc name: New (/obj/structure/glowshroom/New)
[02:38:49]  source file: glowshroom.dm,63
runtime error: 
[02:38:49]Cannot execute /datum/plant_gene/trait/glow (/datum/plant_gene/trait/glow).glow range().
[02:38:49]proc name: New (/obj/structure/glowshroom/New)
[02:38:49]  source file: glowshroom.dm,63
runtime error: 
[02:38:49]Cannot execute /datum/plant_gene/trait/glow (/datum/plant_gene/trait/glow).glow range().
[02:38:49]proc name: New (/obj/structure/glowshroom/New)
[02:38:49]  source file: glowshroom.dm,63
runtime error: 
[02:38:49]Cannot execute /datum/plant_gene/trait/glow (/datum/plant_gene/trait/glow).glow range().
[02:38:49]proc name: New (/obj/structure/glowshroom/New)
[02:38:49]  source file: glowshroom.dm,63
runtime error: 
[02:38:49]Cannot execute /datum/plant_gene/trait/glow (/datum/plant_gene/trait/glow).glow range().
[02:38:49]proc name: New (/obj/structure/glowshroom/New)
[02:38:49]  source file: glowshroom.dm,63
runtime error: 
[02:38:49]Cannot execute /datum/plant_gene/trait/glow (/datum/plant_gene/trait/glow).glow range().
[02:38:49]proc name: New (/obj/structure/glowshroom/New)
[02:38:49]  source file: glowshroom.dm,63
runtime error: 
[02:38:49]Cannot execute /datum/plant_gene/trait/glow (/datum/plant_gene/trait/glow).glow range().
[02:38:49]proc name: New (/obj/structure/glowshroom/New)
[02:38:49]  source file: glowshroom.dm,63
runtime error: 
[02:38:49]Cannot execute /datum/plant_gene/trait/glow (/datum/plant_gene/trait/glow).glow range().
[02:38:49]proc name: New (/obj/structure/glowshroom/New)
[02:38:49]  source file: glowshroom.dm,63
runtime error: 
[02:38:49]Cannot execute /datum/plant_gene/trait/glow (/datum/plant_gene/trait/glow).glow range().
[02:38:49]proc name: New (/obj/structure/glowshroom/New)
[02:38:49]  source file: glowshroom.dm,63
runtime error: 
[02:38:49]Cannot execute /datum/plant_gene/trait/glow (/datum/plant_gene/trait/glow).glow range().
[02:38:49]proc name: New (/obj/structure/glowshroom/New)
[02:38:49]  source file: glowshroom.dm,63
runtime error: 
[02:38:50]Cannot execute /datum/plant_gene/trait/glow (/datum/plant_gene/trait/glow).glow range().
[02:38:50]proc name: New (/obj/structure/glowshroom/New)
[02:38:50]  source file: glowshroom.dm,63
runtime error: 
[02:38:50]Cannot execute /datum/plant_gene/trait/glow (/datum/plant_gene/trait/glow).glow range().
[02:38:50]proc name: New (/obj/structure/glowshroom/New)
[02:38:50]  source file: glowshroom.dm,63
runtime error: 
[02:38:50]Cannot execute /datum/plant_gene/trait/glow (/datum/plant_gene/trait/glow).glow range().
[02:38:50]proc name: New (/obj/structure/glowshroom/New)
[02:38:50]  source file: glowshroom.dm,63
runtime error: 
[02:38:50]Cannot execute /datum/plant_gene/trait/glow (/datum/plant_gene/trait/glow).glow range().
[02:38:50]proc name: New (/obj/structure/glowshroom/New)
[02:38:50]  source file: glowshroom.dm,63
runtime error: 
[02:38:50]Cannot execute /datum/plant_gene/trait/glow (/datum/plant_gene/trait/glow).glow range().
[02:38:50]proc name: New (/obj/structure/glowshroom/New)
[02:38:50]  source file: glowshroom.dm,63
runtime error: 
[02:38:50]Cannot execute /datum/plant_gene/trait/glow (/datum/plant_gene/trait/glow).glow range().
[02:38:50]proc name: New (/obj/structure/glowshroom/New)
[02:38:50]  source file: glowshroom.dm,63
runtime error: 
[02:38:50]Cannot execute /datum/plant_gene/trait/glow (/datum/plant_gene/trait/glow).glow range().
[02:38:50]proc name: New (/obj/structure/glowshroom/New)
[02:38:50]  source file: glowshroom.dm,63
runtime error: 
[02:38:50]Cannot execute /datum/plant_gene/trait/glow (/datum/plant_gene/trait/glow).glow range().
[02:38:50]proc name: New (/obj/structure/glowshroom/New)
[02:38:50]  source file: glowshroom.dm,63
runtime error: 
[02:38:50]Cannot execute /datum/plant_gene/trait/glow (/datum/plant_gene/trait/glow).glow range().
[02:38:50]proc name: New (/obj/structure/glowshroom/New)
[02:38:50]  source file: glowshroom.dm,63
runtime error: 
[02:38:50]Cannot execute /datum/plant_gene/trait/glow (/datum/plant_gene/trait/glow).glow range().
[02:38:50]proc name: New (/obj/structure/glowshroom/New)
[02:38:50]  source file: glowshroom.dm,63
Loaded station in 73.8s!
Initialized Mapping subsystem within 78.1 seconds!
runtime error: 
[02:38:55]Cannot execute null.add reagent().
[02:38:55]proc name: Initialize (/obj/effect/decal/cleanable/blood/gibs/Initialize)
[02:38:55]  source file: humans.dm,57
runtime error: 
[02:38:55]Cannot execute null.add reagent().
[02:38:55]proc name: Initialize (/obj/effect/decal/cleanable/blood/gibs/Initialize)
[02:38:55]  source file: humans.dm,57
runtime error: 
[02:38:55]Cannot execute null.add reagent().
[02:38:55]proc name: Initialize (/obj/effect/decal/cleanable/blood/gibs/Initialize)
[02:38:55]  source file: humans.dm,57
runtime error: 
[02:38:55]Cannot execute null.add reagent().
[02:38:55]proc name: Initialize (/obj/effect/decal/cleanable/blood/gibs/Initialize)
[02:38:55]  source file: humans.dm,57
runtime error: 
[02:38:55]Cannot execute null.add reagent().
[02:38:55]proc name: Initialize (/obj/effect/decal/cleanable/oil/Initialize)
[02:38:55]  source file: robots.dm,52
runtime error: 
[02:38:55]Cannot execute null.add reagent().
[02:38:55]proc name: Initialize (/obj/effect/decal/cleanable/oil/Initialize)
[02:38:55]  source file: robots.dm,52
runtime error: 
[02:38:58]Cannot execute null.add reagent().
[02:38:58]proc name: Initialize (/obj/effect/decal/cleanable/oil/Initialize)
[02:38:58]  source file: robots.dm,52
runtime error: 
[02:38:58]Cannot execute null.add reagent().
[02:38:58]proc name: Initialize (/obj/effect/decal/cleanable/oil/Initialize)
[02:38:58]  source file: robots.dm,52
runtime error: 
[02:38:58]Cannot execute null.add reagent().
[02:38:58]proc name: Initialize (/obj/effect/decal/cleanable/oil/Initialize)
[02:38:58]  source file: robots.dm,52
runtime error: 
[02:38:58]Cannot execute null.add reagent().
[02:38:58]proc name: Initialize (/obj/effect/decal/cleanable/blood/gibs/Initialize)
[02:38:58]  source file: humans.dm,57
runtime error: 
[02:38:58]Cannot execute null.add reagent().
[02:38:58]proc name: Initialize (/obj/effect/decal/cleanable/oil/Initialize)
[02:38:58]  source file: robots.dm,52
runtime error: 
[02:38:58]Cannot execute null.add reagent().
[02:38:58]proc name: Initialize (/obj/effect/decal/cleanable/blood/gibs/Initialize)
[02:38:58]  source file: humans.dm,57
runtime error: 
[02:38:58]Cannot execute null.add reagent().
[02:38:58]proc name: Initialize (/obj/effect/decal/cleanable/oil/Initialize)
[02:38:58]  source file: robots.dm,52
runtime error: 
[02:38:58]Cannot execute null.add reagent().
[02:38:58]proc name: Initialize (/obj/effect/decal/cleanable/blood/gibs/Initialize)
[02:38:58]  source file: humans.dm,57
runtime error: 
[02:38:59]Cannot execute null.add reagent().
[02:38:59]proc name: Initialize (/obj/effect/decal/cleanable/oil/Initialize)
[02:38:59]  source file: robots.dm,52
runtime error: 
[02:38:59]Cannot execute null.add reagent().
[02:38:59]proc name: Initialize (/obj/effect/decal/cleanable/oil/Initialize)
[02:38:59]  source file: robots.dm,52
runtime error: 
[02:38:59]Cannot execute null.add reagent().
[02:38:59]proc name: Initialize (/obj/effect/decal/cleanable/oil/Initialize)
[02:38:59]  source file: robots.dm,52
runtime error: 
[02:38:59]Cannot execute null.add reagent().
[02:38:59]proc name: Initialize (/obj/effect/decal/cleanable/oil/Initialize)
[02:38:59]  source file: robots.dm,52
runtime error: 
[02:38:59]Cannot execute null.add reagent().
[02:38:59]proc name: Initialize (/obj/effect/decal/cleanable/oil/Initialize)
[02:38:59]  source file: robots.dm,52
runtime error: 
[02:38:59]Cannot execute null.add reagent().
[02:38:59]proc name: Initialize (/obj/effect/decal/cleanable/oil/Initialize)
[02:38:59]  source file: robots.dm,52
runtime error: 
[02:38:59]Cannot execute null.add reagent().
[02:38:59]proc name: Initialize (/obj/effect/decal/cleanable/oil/Initialize)
[02:38:59]  source file: robots.dm,52
runtime error: 
[02:38:59]Cannot execute null.add reagent().
[02:38:59]proc name: Initialize (/obj/effect/decal/cleanable/oil/Initialize)
[02:38:59]  source file: robots.dm,52
runtime error: 
[02:38:59]Cannot execute null.add reagent().
[02:38:59]proc name: Initialize (/obj/effect/decal/cleanable/oil/Initialize)
[02:38:59]  source file: robots.dm,52
runtime error: 
[02:38:59]Cannot execute null.add reagent().
[02:38:59]proc name: Initialize (/obj/effect/decal/cleanable/oil/Initialize)
[02:38:59]  source file: robots.dm,52
runtime error: 
[02:38:59]Cannot execute null.add reagent().
[02:38:59]proc name: Initialize (/obj/effect/decal/cleanable/oil/Initialize)
[02:38:59]  source file: robots.dm,52
runtime error: 
[02:39:00]Cannot execute null.add reagent().
[02:39:00]proc name: Initialize (/obj/effect/decal/cleanable/oil/Initialize)
[02:39:00]  source file: robots.dm,52
runtime error: 
[02:39:00]Cannot execute null.add reagent().
[02:39:00]proc name: Initialize (/obj/effect/decal/cleanable/oil/Initialize)
[02:39:00]  source file: robots.dm,52
runtime error: 
[02:39:00]Cannot execute null.add reagent().
[02:39:00]proc name: Initialize (/obj/effect/decal/cleanable/oil/Initialize)
[02:39:00]  source file: robots.dm,52
runtime error: 
[02:39:00]Cannot execute null.add reagent().
[02:39:00]proc name: Initialize (/obj/effect/decal/cleanable/oil/Initialize)
[02:39:00]  source file: robots.dm,52
runtime error: 
[02:39:00]Cannot execute null.add reagent().
[02:39:00]proc name: Initialize (/obj/effect/decal/cleanable/oil/Initialize)
[02:39:00]  source file: robots.dm,52
runtime error: 
[02:39:01]Cannot execute null.add reagent().
[02:39:01]proc name: Initialize (/obj/effect/decal/cleanable/oil/Initialize)
[02:39:01]  source file: robots.dm,52
runtime error: 
[02:39:01]Cannot execute null.add reagent().
[02:39:01]proc name: Initialize (/obj/effect/decal/cleanable/oil/Initialize)
[02:39:01]  source file: robots.dm,52
runtime error: 
[02:39:01]Cannot execute null.add reagent().
[02:39:01]proc name: Initialize (/obj/effect/decal/cleanable/oil/Initialize)
[02:39:01]  source file: robots.dm,52
runtime error: 
[02:39:01]Cannot execute null.add reagent().
[02:39:01]proc name: Initialize (/obj/effect/decal/cleanable/oil/Initialize)
[02:39:01]  source file: robots.dm,52
runtime error: 
[02:39:02]Cannot execute null.add reagent().
[02:39:02]proc name: Initialize (/obj/effect/decal/cleanable/oil/Initialize)
[02:39:02]  source file: robots.dm,52
runtime error: 
[02:39:02]Cannot execute null.add reagent().
[02:39:02]proc name: Initialize (/obj/effect/decal/cleanable/oil/Initialize)
[02:39:02]  source file: robots.dm,52
runtime error: 
[02:39:02]Cannot execute null.add reagent().
[02:39:02]proc name: Initialize (/obj/effect/decal/cleanable/oil/Initialize)
[02:39:02]  source file: robots.dm,52
runtime error: 
[02:39:02]Cannot execute null.add reagent().
[02:39:02]proc name: Initialize (/obj/effect/decal/cleanable/oil/Initialize)
[02:39:02]  source file: robots.dm,52
runtime error: 
[02:39:02]Cannot execute null.add reagent().
[02:39:02]proc name: Initialize (/obj/effect/decal/cleanable/oil/Initialize)
[02:39:02]  source file: robots.dm,52
runtime error: 
[02:39:02]Cannot execute null.add reagent().
[02:39:02]proc name: Initialize (/obj/effect/decal/cleanable/oil/Initialize)
[02:39:02]  source file: robots.dm,52
runtime error: 
[02:39:02]Cannot execute null.add reagent().
[02:39:02]proc name: Initialize (/obj/effect/decal/cleanable/oil/Initialize)
[02:39:02]  source file: robots.dm,52
runtime error: 
[02:39:02]Cannot execute null.add reagent().
[02:39:02]proc name: Initialize (/obj/effect/decal/cleanable/oil/Initialize)
[02:39:02]  source file: robots.dm,52
runtime error: 
[02:39:03]Cannot execute null.add reagent().
[02:39:03]proc name: Initialize (/obj/effect/decal/cleanable/oil/Initialize)
[02:39:03]  source file: robots.dm,52
runtime error: 
[02:39:03]Cannot execute null.add reagent().
[02:39:03]proc name: Initialize (/obj/effect/decal/cleanable/oil/Initialize)
[02:39:03]  source file: robots.dm,52
runtime error: 
[02:39:03]Cannot execute null.add reagent().
[02:39:03]proc name: Initialize (/obj/effect/decal/cleanable/oil/Initialize)
[02:39:03]  source file: robots.dm,52
runtime error: 
[02:39:04]Cannot execute null.add reagent().
[02:39:04]proc name: Initialize (/obj/effect/decal/cleanable/oil/Initialize)
[02:39:04]  source file: robots.dm,52
runtime error: 
[02:39:04]Cannot execute null.add reagent().
[02:39:04]proc name: Initialize (/obj/effect/decal/cleanable/oil/Initialize)
[02:39:04]  source file: robots.dm,52
runtime error: 
[02:39:04]Cannot execute null.add reagent().
[02:39:04]proc name: Initialize (/obj/effect/decal/cleanable/oil/Initialize)
[02:39:04]  source file: robots.dm,52
runtime error: 
[02:39:05]Cannot execute null.add reagent().
[02:39:05]proc name: Initialize (/obj/effect/decal/cleanable/oil/Initialize)
[02:39:05]  source file: robots.dm,52
runtime error: 
[02:39:05]Cannot execute null.add reagent().
[02:39:05]proc name: Initialize (/obj/effect/decal/cleanable/oil/Initialize)
[02:39:05]  source file: robots.dm,52
runtime error: 
[02:39:05]Cannot execute null.add reagent().
[02:39:05]proc name: Initialize (/obj/effect/decal/cleanable/oil/Initialize)
[02:39:05]  source file: robots.dm,52
runtime error: 
[02:39:06]Cannot execute null.add reagent().
[02:39:06]proc name: Initialize (/obj/effect/decal/cleanable/oil/Initialize)
[02:39:06]  source file: robots.dm,52
runtime error: 
[02:39:06]Cannot execute null.add reagent().
[02:39:06]Warning: further proc crash messages are being suppressed to prevent overload...
runtime error: 
[02:39:09]Undefined variable /obj/structure/signpost/salvation/var/swimming

runtime error: 
[02:39:09]Undefined variable /obj/effect/landmark/error/var/swimming

runtime error: 
[02:39:10]Undefined variable /obj/structure/speaking_tile/var/swimming

runtime error: 
[02:39:10]Undefined variable /obj/machinery/abductor/gland_dispenser/var/swimming

runtime error: 
[02:39:10]Undefined variable /obj/structure/table/abductor/var/swimming

runtime error: 
[02:39:10]Undefined variable /obj/item/surgicaldrill/alien/var/swimming

runtime error: 
[02:39:10]Undefined variable /obj/item/circular_saw/alien/var/swimming

runtime error: 
[02:39:10]Undefined variable /obj/structure/bed/abductor/var/swimming

runtime error: 
[02:39:10]Undefined variable /obj/item/surgical_drapes/var/swimming

runtime error: 
[02:39:10]Undefined variable /obj/item/paper/guides/antag/abductor/var/swimming

runtime error: 
[02:39:10]Undefined variable /obj/item/scalpel/alien/var/swimming

runtime error: 
[02:39:10]Undefined variable /obj/structure/table/abductor/var/swimming

runtime error: 
[02:39:10]Undefined variable /obj/item/cautery/alien/var/swimming

runtime error: 
[02:39:10]Undefined variable /obj/structure/closet/abductor/var/swimming

runtime error: 
[02:39:10]Undefined variable /obj/item/retractor/alien/var/swimming

runtime error: 
[02:39:10]Undefined variable /obj/item/hemostat/alien/var/swimming

runtime error: 
[02:39:10]Undefined variable /obj/structure/table/abductor/var/swimming

runtime error: 
[02:39:10]Undefined variable /obj/effect/landmark/abductor/scientist/var/swimming

runtime error: 
[02:39:10]Undefined variable /obj/structure/table/optable/abductor/var/swimming

runtime error: 
[02:39:10]Undefined variable /obj/effect/landmark/abductor/agent/var/swimming

runtime error: 
[02:39:10]Undefined variable /obj/structure/table/abductor/var/swimming

runtime error: 
[02:39:10]Undefined variable /obj/item/storage/box/alienhandcuffs/var/swimming

runtime error: 
[02:39:10]Undefined variable /obj/machinery/computer/camera_advanced/abductor/var/swimming

runtime error: 
[02:39:10]Undefined variable /obj/structure/closet/abductor/var/swimming

runtime error: 
[02:39:10]Undefined variable /obj/structure/grille/var/swimming

runtime error: 
[02:39:10]Undefined variable /obj/structure/window/shuttle/var/swimming

runtime error: 
[02:39:10]Undefined variable /obj/structure/grille/var/swimming

runtime error: 
[02:39:10]Undefined variable /obj/structure/window/shuttle/var/swimming

runtime error: 
[02:39:10]Undefined variable /obj/structure/grille/var/swimming

runtime error: 
[02:39:10]Undefined variable /obj/structure/window/shuttle/var/swimming

runtime error: 
[02:39:10]Undefined variable /obj/structure/grille/var/swimming

runtime error: 
[02:39:10]Undefined variable /obj/structure/window/shuttle/var/swimming

runtime error: 
[02:39:10]Undefined variable /obj/structure/grille/var/swimming

runtime error: 
[02:39:10]Undefined variable /obj/structure/window/shuttle/var/swimming

runtime error: 
[02:39:10]Undefined variable /obj/machinery/abductor/experiment/var/swimming

runtime error: 
[02:39:10]Undefined variable /obj/machinery/abductor/console/var/swimming

runtime error: 
[02:39:10]Undefined variable /obj/machinery/abductor/pad/var/swimming

runtime error: 
[02:39:10]Undefined variable /obj/structure/table/var/swimming

runtime error: 
[02:39:10]Undefined variable /obj/item/storage/lockbox/var/swimming

runtime error: 
[02:39:10]Undefined variable /obj/structure/table/var/swimming

runtime error: 
[02:39:10]Undefined variable /obj/machinery/computer/shuttle/var/swimming

runtime error: 
[02:39:10]Undefined variable /obj/structure/table/var/swimming

runtime error: 
[02:39:10]Undefined variable /obj/item/clipboard/var/swimming

runtime error: 
[02:39:10]Undefined variable /obj/item/pen/var/swimming

runtime error: 
[02:39:10]Undefined variable /obj/structure/table/var/swimming

runtime error: 
[02:39:10]Undefined variable /obj/item/paper_bin/var/swimming

runtime error: 
[02:39:10]Undefined variable /obj/structure/table/var/swimming

runtime error: 
[02:39:10]Undefined variable /obj/item/storage/box/donkpockets/var/swimming

runtime error: 
[02:39:10]Undefined variable /obj/machinery/light/var/swimming

runtime error: 
[02:39:10]Undefined variable /obj/structure/chair/var/swimming

runtime error: 
[02:39:10]Undefined variable /obj/structure/table/var/swimming

runtime error: 
[02:39:11]undefined proc or verb /mob/living/simple_animal/bot/medbot/mysterious/remove overlay().

runtime error: 
[02:39:11]undefined proc or verb /mob/living/simple_animal/hostile/creature/remove overlay().

runtime error: 
[02:39:11]undefined proc or verb /mob/living/simple_animal/hostile/carp/cayenne/remove overlay().

runtime error: 
[02:39:17]Cannot execute null.add reagent().
runtime error: 
[02:39:17]Cannot execute null.add reagent().
runtime error: 
[02:39:17]undefined proc or verb /mob/living/simple_animal/bot/medbot/remove overlay().

runtime error: 
[02:39:17]undefined proc or verb /mob/living/simple_animal/cockroach/remove overlay().

runtime error: 
[02:39:17]undefined proc or verb /mob/living/simple_animal/cockroach/remove overlay().

runtime error: 
[02:39:17]Cannot execute null.add reagent().
runtime error: 
[02:39:17]undefined proc or verb /mob/living/simple_animal/cockroach/remove overlay().

runtime error: 
[02:39:17]Cannot execute null.add reagent().
runtime error: 
[02:39:17]Cannot execute null.add reagent().
runtime error: 
[02:39:17]undefined proc or verb /mob/living/simple_animal/cockroach/remove overlay().

runtime error: 
[02:39:17]undefined proc or verb /mob/living/simple_animal/cockroach/remove overlay().

runtime error: 
[02:39:17]undefined proc or verb /mob/living/simple_animal/pet/cat/Runtime/remove overlay().

runtime error: 
[02:39:18]undefined proc or verb /mob/living/simple_animal/cockroach/remove overlay().

runtime error: 
[02:39:18]undefined proc or verb /mob/living/simple_animal/pet/dog/pug/remove overlay().

runtime error: 
[02:39:18]undefined proc or verb /mob/living/simple_animal/cockroach/remove overlay().

runtime error: 
[02:39:18]undefined proc or verb /mob/living/simple_animal/cockroach/remove overlay().

runtime error: 
[02:39:18]undefined proc or verb /mob/living/simple_animal/cockroach/remove overlay().

runtime error: 
[02:39:18]undefined proc or verb /mob/living/simple_animal/slime/remove overlay().

runtime error: 
[02:39:18]Cannot execute null.add reagent().
runtime error: 
[02:39:18]undefined proc or verb /mob/living/simple_animal/slime/remove overlay().

runtime error: 
[02:39:18]undefined proc or verb /mob/living/simple_animal/slime/remove overlay().

runtime error: 
[02:39:18]undefined proc or verb /mob/living/simple_animal/cockroach/remove overlay().

runtime error: 
[02:39:19]undefined proc or verb /mob/living/simple_animal/cockroach/remove overlay().

runtime error: 
[02:39:19]undefined proc or verb /mob/living/simple_animal/pet/dog/corgi/Ian/remove overlay().

runtime error: 
[02:39:19]undefined proc or verb /mob/living/simple_animal/bot/secbot/pingsky/remove overlay().

runtime error: 
[02:39:19]undefined proc or verb /mob/living/simple_animal/parrot/Poly/remove overlay().

runtime error: 
[02:39:19]undefined proc or verb /mob/living/simple_animal/bot/secbot/beepsky/remove overlay().

runtime error: 
[02:39:19]undefined proc or verb /mob/living/simple_animal/pet/fox/Renault/remove overlay().

runtime error: 
[02:39:20]undefined proc or verb /mob/living/simple_animal/hostile/carp/cayenne/remove overlay().

runtime error: 
[02:39:20]undefined proc or verb /mob/living/simple_animal/cockroach/remove overlay().

runtime error: 
[02:39:20]undefined proc or verb /mob/living/simple_animal/hostile/retaliate/goat/remove overlay().

runtime error: 
[02:39:21]undefined proc or verb /mob/living/simple_animal/sloth/citrus/remove overlay().

runtime error: 
[02:39:21]undefined proc or verb /mob/living/simple_animal/cockroach/remove overlay().

runtime error: 
[02:39:21]undefined proc or verb /mob/living/simple_animal/mouse/remove overlay().

runtime error: 
[02:39:21]undefined proc or verb /mob/living/simple_animal/mouse/remove overlay().

runtime error: 
[02:39:21]undefined proc or verb /mob/living/simple_animal/bot/mulebot/remove overlay().

runtime error: 
[02:39:21]undefined proc or verb /mob/living/simple_animal/bot/mulebot/remove overlay().

runtime error: 
[02:39:21]undefined proc or verb /mob/living/simple_animal/cockroach/remove overlay().

runtime error: 
[02:39:21]undefined proc or verb /mob/living/simple_animal/hostile/lizard/remove overlay().

runtime error: 
[02:39:21]undefined proc or verb /mob/living/simple_animal/cockroach/remove overlay().

runtime error: 
[02:39:21]undefined proc or verb /mob/living/simple_animal/cockroach/remove overlay().

runtime error: 
[02:39:21]undefined proc or verb /mob/living/simple_animal/cockroach/remove overlay().

runtime error: 
[02:39:24]undefined proc or verb /mob/living/simple_animal/hostile/asteroid/basilisk/watcher/random/remove overlay().

runtime error: 
[02:39:24]undefined proc or verb /mob/living/simple_animal/hostile/asteroid/hivelord/legion/random/remove overlay().

runtime error: 
[02:39:24]undefined proc or verb /mob/living/simple_animal/hostile/spawner/lavaland/legion/remove overlay().

runtime error: 
[02:39:24]undefined proc or verb /mob/living/simple_animal/bot/secbot/beepsky/remove overlay().

runtime error: 
[02:39:25]undefined proc or verb /mob/living/simple_animal/hostile/asteroid/basilisk/watcher/random/remove overlay().

runtime error: 
[02:39:25]undefined proc or verb /mob/living/simple_animal/hostile/asteroid/goliath/beast/random/remove overlay().

runtime error: 
[02:39:25]undefined proc or verb /mob/living/simple_animal/hostile/asteroid/goliath/beast/random/remove overlay().

runtime error: 
[02:39:25]undefined proc or verb /mob/living/simple_animal/hostile/asteroid/basilisk/watcher/random/remove overlay().

runtime error: 
[02:39:25]undefined proc or verb /mob/living/simple_animal/hostile/megafauna/legion/remove overlay().

Initialized 1.48389e+006 atoms
Initialized Atoms subsystem within 48.4 seconds!
Initialized Language subsystem within 0.1 seconds!
Initialized Machines subsystem within 0.6 seconds!
Initialized Circuit subsystem within 0 seconds!
Initialized Weather subsystem within 0 seconds!
## WARNING: There are 704 active turfs at roundstart, this is a mapping error caused by a difference of the air between the adjacent turfs. You can see its coordinates using "Mapping -> Show roundstart AT list" verb (debug verbs required)
## WARNING: HEY! LISTEN! 3 seconds were wasted processing 704 turf(s) (connected to 75749 other turfs) with atmos differences at round start.
## WARNING: build_pipeline(): /obj/machinery/atmospherics/pipe/simple/supply/hidden added to a pipenet while still having one. (pipes leading to the same spot stacking in one turf) Nearby: (187, 161, 2)
## WARNING: build_pipeline(): /obj/machinery/atmospherics/pipe/simple/supply/hidden added to a pipenet while still having one. (pipes leading to the same spot stacking in one turf) Nearby: (187, 162, 2)
## WARNING: build_pipeline(): /obj/machinery/atmospherics/pipe/simple/supply/hidden added to a pipenet while still having one. (pipes leading to the same spot stacking in one turf) Nearby: (187, 160, 2)
## WARNING: build_pipeline(): /obj/machinery/atmospherics/pipe/simple/supply/hidden added to a pipenet while still having one. (pipes leading to the same spot stacking in one turf) Nearby: (186, 162, 2)
## WARNING: build_pipeline(): /obj/machinery/atmospherics/pipe/simple/supply/hidden added to a pipenet while still having one. (pipes leading to the same spot stacking in one turf) Nearby: (187, 159, 2)
## WARNING: build_pipeline(): /obj/machinery/atmospherics/pipe/simple/supply/hidden added to a pipenet while still having one. (pipes leading to the same spot stacking in one turf) Nearby: (185, 162, 2)
## WARNING: build_pipeline(): /obj/machinery/atmospherics/pipe/simple/supply/hidden added to a pipenet while still having one. (pipes leading to the same spot stacking in one turf) Nearby: (187, 158, 2)
## WARNING: build_pipeline(): /obj/machinery/atmospherics/pipe/simple/supply/hidden added to a pipenet while still having one. (pipes leading to the same spot stacking in one turf) Nearby: (184, 162, 2)
## WARNING: build_pipeline(): /obj/machinery/atmospherics/pipe/manifold/supply/hidden added to a pipenet while still having one. (pipes leading to the same spot stacking in one turf) Nearby: (187, 157, 2)
## WARNING: build_pipeline(): /obj/machinery/atmospherics/pipe/manifold/supply/hidden added to a pipenet while still having one. (pipes leading to the same spot stacking in one turf) Nearby: (183, 162, 2)
## WARNING: build_pipeline(): further messages about pipenets will be supressed
Initialized Atmospherics subsystem within 19 seconds!
Initialized Minimap subsystem within 0 seconds!
Initialized Assets subsystem within 0.1 seconds!
Initialized Icon Smoothing subsystem within 1.3 seconds!
Initialized Overlay subsystem within 9.3 seconds!
Initialized XKeyScore subsystem within 0 seconds!
Initialized Lighting subsystem within 12.1 seconds!
## WARNING: couldn't find dock with id: whiteship_away in code/controllers/subsystem/shuttle.dm at line 190 src: Shuttle usr: .
runtime error: 
[02:41:04]undefined proc or verb /mob/living/simple_animal/bot/medbot/remove overlay().

Initialized Shuttle subsystem within 39.3 seconds!
Initialized Squeak subsystem within 0 seconds!
Loaded 0 engraved messages on map Delta Station
Initialized Persistence subsystem within 0.1 seconds!
Initializations complete within 208.6 seconds!
Game start took 0s
runtime error: 
[02:42:42]undefined proc or verb /mob/living/simple_animal/slime/remove overlay().

runtime error: 
[02:42:42]undefined proc or verb /mob/living/simple_animal/hostile/asteroid/hivelord/legion/tendril/remove overlay().

## WARNING: A ref was requested of an object with use_tag set but no tag: Noober84555 in code/__HELPERS/unsorted.dm at line 1500 src:  usr: Noober84555.
runtime error: 
[02:42:47]Cannot read null.key
runtime error: 
[02:42:47]Cannot read null.martial_art
runtime error: 
[02:42:47]Cannot read null.martial_art
