

Starting up round ID . 16:06:41
---------------------
[16:06:41]ADMIN: Loading Banlist
[16:06:42]GAME: Saved mode is 'extended'
[16:07:21]GAME: Hierophant's Arena loaded at at 49,167,5
[16:07:21]GAME: Ripley loaded at at 93,138,5
[16:07:21]GAME: Biodome Clown Planet loaded at at 169,170,5
[16:07:21]GAME: The Wishgranter Cube loaded at at 186,92,5
[16:07:22]GAME: Free Golem Ship loaded at at 147,48,5
[16:07:22]GAME: Ruin of Sloth loaded at at 117,106,5
[16:07:22]GAME: Xenomorph Nest loaded at at 120,167,5
[16:07:22]GAME: Aesthetic Outpost loaded at at 168,162,11
[16:07:22]GAME: Derelict 5 loaded at at 22,29,9
[16:07:22]GAME: Salvation loaded at at 98,182,11
[16:07:23]GAME: Crashed Clown Ship loaded at at 103,128,10
[16:07:23]GAME: Derelict 1 loaded at at 184,122,8
[16:07:23]GAME: A Giant Ball of Paper in Space loaded at at 169,55,3
[16:07:23]GAME: Syndicate Ambush loaded at at 101,188,4
[16:07:24]GAME: Syndicate Listening Station loaded at at 50,44,4
[16:07:24]GAME: Derelict 3 loaded at at 164,118,4
[16:07:24]GAME: Empty Shell loaded at at 92,121,11
[16:07:24]GAME: DK Excavator 453 loaded at at 37,70,7
[16:07:25]GAME: Survivalist Bunker loaded at at 138,33,7
[16:07:25]GAME: DJ Station loaded at at 86,167,10
[16:07:25]GAME: Asteroid 4 loaded at at 23,108,8
[16:07:25]GAME: CF Corsair loaded at at 67,93,8
[16:07:25]GAME: Detached Teleporter loaded at at 112,203,9
[16:09:33]ACCESS: Login: AlcaroIsAFrick from 127.0.0.1-1817465521 || BYOND v511
[16:09:34]ACCESS: Mob Login: AlcaroIsAFrick/(AlcaroIsAFrick) was assigned to a /mob/dead/new_player
[16:10:29]GAME: Explosion with size (0, 1, 5, 0) in area Unexplored Location (153,225,4)
[16:10:29]GAME: Explosion with size (0, 1, 5, 0) in area Unexplored Location (153,224,4)
[16:10:31]SAY: Mjor the Creative/ : Rise, my creations! Jump off your pages and into this realm! (203,68,3)
[16:10:32]SAY: Medibot/ : What kind of medbay is this? Everyone&#39;s dropping like flies. (154,73,1)
[16:10:32]SAY: Officer Beepsky/ : Engaging patrol mode. (193,130,2)
[16:10:32]SAY: Prison Ofitser/ : Engaging patrol mode. (23,36,5)
[16:10:32]SAY: Prison Ofitser/ : Disengaging patrol mode. (23,36,5)
[16:10:36]EMOTE: *no key*/(grey baby slime (875)) : <b>The grey baby slime (875)</b> bounces in place. (119,101,2)
[16:10:40]SAY: Renault/ : Geckers (158,133,2)
[16:10:43]EMOTE: *no key*/(monkey (418)) : <b>The monkey (418)</b> jumps! (191,59,2)
[16:10:44]SAY: Mjor the Creative/ : Rise, my creations! Jump off your pages and into this realm! (203,68,3)
[16:10:45]SAY: Ian/ : AUUUUUU (144,122,2)
[16:10:45]EMOTE: *no key*/(grey baby slime (178)) : <b>The grey baby slime (178)</b> bounces in place. (110,101,2)
[16:10:49]EMOTE: *no key*/(Travis VI) : <b>Travis VI</b> jumps! (144,154,2)
[16:10:53]EMOTE: *no key*/(mouse) : <b>The mouse</b> runs in a circle. (122,138,2)
[16:10:55]EMOTE: *no key*/(Pegwing) : <b>Pegwing</b> turns and flies towards the bedsheet. (161,225,4)
[16:11:01]EMOTE: *no key*/(pug) : <b>Swanson</b> chases its tail. (114,83,2)
[16:11:01]EMOTE: *no key*/(grey baby slime (875)) : <b>The grey baby slime (875)</b> lights up for a bit, then stops. (119,101,2)
[16:11:06]SAY: Medibot/ : I knew it, I should&#39;ve been a plastic surgeon. (155,73,1)
[16:11:10]EMOTE: *no key*/(monkey (16)) : <b>The monkey (16)</b> rolls. (192,59,2)
[16:11:21]EMOTE: *no key*/(mouse) : <b>The mouse</b> squeeks. (116,121,2)
[16:11:29]EMOTE: *no key*/(Runtime) : <b>Runtime</b> crouches on its hind legs. (174,81,2)
[16:11:33]EMOTE: *no key*/(Ian) : <b>Ian</b> dances around. (143,123,2)
[16:11:37]EMOTE: *no key*/(pug) : <b>Swanson</b> chases its tail. (113,82,2)
[16:11:38]ACCESS: Mob Login: AlcaroIsAFrick/(Riley Thompson) was assigned to a /mob/living/carbon/human
[16:11:45]SAY: Medibot/ : What kind of medbay is this? Everyone&#39;s dropping like flies. (154,73,1)
[16:11:48]EMOTE: *no key*/(Poly) : <b>Poly</b> looks in the BreatheDeep cartridge's direction and takes flight. (87,130,2)
[16:11:57]SAY: Mjor the Creative/ : Rise, my creations! Jump off your pages and into this realm! (202,65,3)
[16:11:57]EMOTE: *no key*/(Pegwing) : <b>Pegwing</b> stops moving... (165,224,4)
[16:12:04]EMOTE: *no key*/(Runtime) : <b>Runtime</b> sits down. (174,81,2)
[16:12:18]ADMIN: AlcaroIsAFrick/(Riley Thompson) Has requested an immediate world restart via client side debugging tools
[16:12:18]ACCESS: Logout: AlcaroIsAFrick/(Riley Thompson)
