

Starting up round ID . 20:20:23
---------------------
MACIEKBAKI \ Mr Lmao \ Shitcurity \ NONE \ LATEJOIN
Noober84555 \ YO TENGO \ cool guys high class \ NONE \ LATEJOIN
Jobobman \ Arnie Harding \ cool guys high class \ NONE \ LATEJOIN
Ss13isaids \ Dab Dab \ cool guys high class \ NONE \ LATEJOIN
Robotumus \ Iris Getsspaced \ Shitcurity \ NONE \ LATEJOIN
MiniusAreas \ Kristina Potter \ cool guys high class \ NONE \ LATEJOIN
UnusualCone \ Leonel Butterfill \ cool guys high class \ NONE \ LATEJOIN
V.E.G.A12 \ Raul Kemble \ cool guys high class \ NONE \ LATEJOIN
Robotumus \ Iris Getsspaced \ Shitcurity \ NONE \ LATEJOIN
PromethiusX \ Cronos Morphis \ cool guys high class \ NONE \ LATEJOIN
GodHandFemto \ Thaddeus Edgyton \ cool guys low class \ NONE \ LATEJOIN
Robotumus \ Iris Getsspaced \ cool guys high class \ NONE \ LATEJOIN
Jkeller098 \ Tanner Thorley \ cool guys high class \ NONE \ LATEJOIN
Luiz29YT \ Landon Perkins \ cool guys high class \ NONE \ LATEJOIN
Luiz29YT \ Landon Perkins \ cool guys high class \ NONE \ LATEJOIN
Robotumus \ Iris Getsspaced \ cool guys low class \ NONE \ LATEJOIN
Bobcat49 \ Phil From Accounting \ cool guys high class \ NONE \ LATEJOIN
Jkeller098 \ Tanner Thorley \ cool guys high class \ NONE \ LATEJOIN
MiniusAreas \ Kristina Potter \ cool guys high class \ NONE \ LATEJOIN
MiniusAreas \ Kristina Potter \ cool guys high class \ NONE \ LATEJOIN
Oscswe \ Wynonna Spock \ cool guys high class \ NONE \ LATEJOIN
MiniusAreas \ Kristina Potter \ cool guys high class \ NONE \ LATEJOIN
MiniusAreas \ Kristina Potter \ cool guys low class \ NONE \ LATEJOIN
noober84555 \ YO TENGO \ cool guys high class \ NONE \ LATEJOIN
Robotumus \ Iris Getsspaced \ cool guys high class \ NONE \ LATEJOIN
MiniusAreas \ Kristina Potter \ cool guys high class \ NONE \ LATEJOIN
Bobcat49 \ Phil From Accounting \ cool guys high class \ NONE \ LATEJOIN
Oscswe \ Wynonna Spock \ cool guys high class \ NONE \ LATEJOIN
Jaarad \ Nigger Joe \ cool guys high class \ NONE \ LATEJOIN
Tastyplasmids \ Joggy Jockin Fuck \ cool guys high class \ NONE \ LATEJOIN
Bobcat49 \ Phil From Accounting \ cool guys high class \ NONE \ LATEJOIN
Ma44 \ Rocco Parker \ cool guys low class \ NONE \ LATEJOIN
Bobcat49 \ Phil From Accounting \ cool guys high class \ NONE \ LATEJOIN
Ma44 \ Rocco Parker \ Shitcurity \ NONE \ LATEJOIN
Ma44 \ Rocco Parker \ cool guys medium class \ NONE \ LATEJOIN
Oscswe \ Wynonna Spock \ cool guys high class \ NONE \ LATEJOIN
Oscswe \ Wynonna Spock \ cool guys high class \ NONE \ LATEJOIN
Ma44 \ Rocco Parker \ cool guys high class \ NONE \ LATEJOIN
