## WARNING: /tg/station 13 uses many file operations, a few shell()s, and some external call()s. Trusted mode is recommended. You can download our source code for your own browsing and compilation at https://github.com/tgstation/tgstation
runtime error: 
[15:14:20]bad index
runtime error: 
[15:14:20]Cannot read null.items
runtime error: 
[15:14:20]Cannot read null.items
runtime error: 
[15:14:20]Cannot read null.items
runtime error: 
[15:14:20]Cannot read null.items
runtime error: 
[15:14:20]Cannot read null.items
runtime error: 
[15:14:20]Cannot read null.items
runtime error: 
[15:14:20]Cannot read null.items
runtime error: 
[15:14:20]Cannot read null.items
runtime error: 
[15:14:20]Cannot read null.items
runtime error: 
[15:14:20]Cannot read null.items
runtime error: 
[15:14:20]Cannot read null.items
runtime error: 
[15:14:20]Cannot read null.items
runtime error: 
[15:14:20]Cannot read null.items
runtime error: 
[15:14:20]Cannot read null.items
runtime error: 
[15:14:20]Cannot read null.items
runtime error: 
[15:14:20]Cannot read null.items
runtime error: 
[15:14:20]Cannot read null.items
runtime error: 
[15:14:20]Cannot read null.items
Loading config file comms.txt...
Loading config file config.txt...
Loading config file dbconfig.txt...
Loading config file game_options.txt...
Loading config file maps.txt...
