

Starting up round ID . 15:14:21
---------------------
runtime error: 
[15:14:21]Cannot execute null.GetTestMergeInfo().
runtime error: 
[15:14:21]Cannot execute null.Cut().
runtime error: 
[15:14:21]bad index
runtime error: 
[15:14:21]bad index
runtime error: 
[15:14:21]bad index
runtime error: 
[15:14:21]bad index
runtime error: 
[15:14:21]bad index
runtime error: 
[15:14:21]bad index
runtime error: 
[15:14:21]bad index
runtime error: 
[15:14:21]bad index
runtime error: 
[15:14:21]bad index
runtime error: 
[15:14:21]bad index
runtime error: 
[15:14:21]bad index
runtime error: 
[15:14:21]bad index
runtime error: 
[15:14:22]bad index
runtime error: 
[15:14:22]bad index
runtime error: 
[15:14:22]bad index
runtime error: 
[15:14:22]bad index
runtime error: 
[15:14:22]bad index
runtime error: 
[15:14:22]bad index
runtime error: 
[15:14:22]bad index
runtime error: 
[15:14:22]bad index
runtime error: 
[15:14:22]bad index
runtime error: 
[15:14:22]bad index
runtime error: 
[15:14:22]bad index
runtime error: 
[15:14:22]bad index
runtime error: 
[15:14:22]bad index
runtime error: 
[15:14:22]Cannot execute null.Add().
runtime error: 
[15:14:22]Cannot execute .Initialize().
runtime error: 
[15:14:27]Cannot read .current_runlevel
runtime error: 
[15:14:27]bad index
runtime error: 
[15:14:27]Cannot execute null.ClientLogout().
runtime error: 
[15:14:37]bad index
runtime error: 
[15:14:37]Cannot execute null.ClientLogout().
runtime error: 
[15:15:59]Cannot read .current_runlevel
runtime error: 
[15:15:59]bad index
runtime error: 
[15:15:59]Cannot execute null.ClientLogout().
