

Starting up round ID . 13:17:13
---------------------
[13:17:13]ADMIN: Loading Banlist
[13:17:14]GAME: Saved mode is 'sandbox'
[13:17:25]ACCESS: Login: Guest-1817465521 from 127.0.0.1-1817465521 || BYOND v511
[13:17:25]ACCESS: Mob Login: Guest-1817465521/(Guest-1817465521) was assigned to a /mob/dead/new_player
[13:19:29]GAME: Hierophant's Arena loaded at at 190,84,5
[13:19:29]GAME: Blood-Drunk Miner (Hunter) loaded at at 175,105,5
[13:19:29]GAME: Ruin of Sloth loaded at at 66,108,5
[13:19:30]GAME: NT Medical Ship loaded at at 185,174,7
[13:24:02]ADMIN: Guest-1817465521/(Guest-1817465521) played sound sound/ambience/title2.ogg
[13:24:07]SAY: Officer Beepsky/ : Engaging patrol mode. (186,190,2)
[13:24:07]SAY: Prison Ofitser/ : Engaging patrol mode. (23,36,5)
[13:24:07]SAY: Prison Ofitser/ : Disengaging patrol mode. (23,36,5)
[13:24:09]EMOTE: *no key*/(Persephone) : <b>Persephone</b> shivers (166,139,2)
[13:24:18]ACCESS: Logout: Guest-1817465521/(Guest-1817465521)
[13:24:23]ACCESS: Login: AlcaroIsAFrick from 127.0.0.1-1817465521 || BYOND v511
[13:24:23]ACCESS: Mob Login: AlcaroIsAFrick/(AlcaroIsAFrick) was assigned to a /mob/dead/new_player
[13:24:27]EMOTE: *no key*/(pug) : <b>Swanson</b> chases its tail. (107,142,2)
[13:24:31]EMOTE: *no key*/(Ian) : <b>Ian</b> dances around. (136,182,2)
[13:24:34]ACCESS: Mob Login: AlcaroIsAFrick/(Alcaro) was assigned to a /mob/living/carbon/human
[13:24:38]EMOTE: *no key*/(monkey (590)) : <b>The monkey (590)</b> scratches. (160,139,2)
[13:24:47]EMOTE: *no key*/(grey baby slime (609)) : <b>The grey baby slime (609)</b> bounces in place. (104,162,2)
[13:24:49]ADMIN: AlcaroIsAFrick/(Alcaro) jumped to DAB Studio (Video Recording)
[13:24:58]ADMIN: AlcaroIsAFrick/(Alcaro) modified The floor's waterd to from 16 to 32
[13:24:59]EMOTE: *no key*/(monkey (320)) : <b>The monkey (320)</b> scratches. (160,141,2)
[13:25:06]EMOTE: *no key*/(Poly) : <b>Poly</b> turns and flies towards the folder. (82,190,2)
[13:25:07]EMOTE: *no key*/(grey baby slime (178)) : <b>The grey baby slime (178)</b> vibrates! (108,152,2)
[13:25:13]EMOTE: *no key*/(pug) : <b>Swanson</b> chases its tail. (108,141,2)
[13:25:34]SAY: Medibot/ : I knew it, I should&#39;ve been a plastic surgeon. (155,73,1)
[13:25:43]EMOTE: *no key*/(pug) : <b>Swanson</b> chases its tail. (108,141,2)
[13:25:50]EMOTE: *no key*/(grey baby slime (178)) : <b>The grey baby slime (178)</b> jiggles! (107,152,2)
[13:25:51]EMOTE: *no key*/(Citrus) : <b>Citrus</b> dozes off. (173,219,2)
[13:25:51]SAY: Nobody's Perfect/ : I knew it, I should&#39;ve been a plastic surgeon. (24,75,1)
[13:25:58]SAY: emergency medibot/ : Radar, put a mask on! (222,84,1)
[13:26:02]ADMIN: AlcaroIsAFrick/(Alcaro) called Alcaro's breathe() with no arguments.
[13:26:04]EMOTE: *no key*/(pug) : <b>Swanson</b> chases its tail. (108,141,2)
[13:26:06]EMOTE: *no key*/(Persephone) : <b>Persephone</b> wags its tail. (169,139,2)
[13:26:17]EMOTE: *no key*/(Persephone) : <b>Persephone</b> gets up and meows. (169,139,2)
[13:26:19]EMOTE: *no key*/(monkey (251)) : <b>The monkey (251)</b> rolls. (188,118,2)
[13:26:22]SAY: Ian/ : Bark! (134,182,2)
[13:26:23]EMOTE: *no key*/(monkey (320)) : <b>The monkey (320)</b> rolls. (160,141,2)
[13:26:26]EMOTE: *no key*/(Poly) : <b>Poly</b> looks in the BreatheDeep cartridge's direction and takes flight. (80,190,2)
[13:26:33]EMOTE: *no key*/(mouse) : <b>The mouse</b> squeeks. (202,230,2)
[13:26:39]EMOTE: *no key*/(grey baby slime (897)) : <b>The grey baby slime (897)</b> vibrates! (111,163,2)
[13:26:42]ADMIN: AlcaroIsAFrick/(Alcaro) called Alcaro's breathe() with no arguments.
[13:26:44]EMOTE: *no key*/(pug) : <b>Swanson</b> chases its tail. (107,142,2)
[13:26:53]ACCESS: Logout: AlcaroIsAFrick/(Alcaro)
