

Starting up round ID . 16:33:11
---------------------
Initialized Blackbox subsystem within 0 seconds!
Initialized Server Tasks subsystem within 0 seconds!
Initialized Events subsystem within 0 seconds!
runtime error: 
[16:33:12]cannot read from list
[16:33:12]proc name: LoadJobs (/datum/controller/subsystem/job/proc/LoadJobs)
[16:33:12]  source file: job.dm,448
[16:33:12]  usr: null
[16:33:12]  src: Jobs (/datum/controller/subsystem/job)
[16:33:12]  call stack:
[16:33:12]Jobs (/datum/controller/subsystem/job): LoadJobs()
[16:33:12]Jobs (/datum/controller/subsystem/job): Initialize(739924)
[16:33:12]Master (/datum/controller/master): Initialize(10, 0)
Initialized Jobs subsystem within 0 seconds!
Initialized Ticker subsystem within 0.1 seconds!
Loading Delta Station...
runtime error: 
[16:34:01]Cannot execute /datum/plant_gene/trait/glow (/datum/plant_gene/trait/glow).glow range().
[16:34:01]proc name: New (/obj/structure/glowshroom/New)
[16:34:01]  source file: glowshroom.dm,63
[16:34:01]  usr: null
[16:34:01]  src: the glowshroom (/obj/structure/glowshroom/single)
[16:34:01]  src.loc: Cave Floor (303,71,2) (/turf/open/floor/plating/asteroid)
[16:34:01]  call stack:
[16:34:01]the glowshroom (/obj/structure/glowshroom/single): New(Cave Floor (303,71,2) (/turf/open/floor/plating/asteroid), null, null)
[16:34:01]/dmm_suite (/dmm_suite): create atom(/obj/structure/glowshroom/sing... (/obj/structure/glowshroom/single), Cave Floor (303,71,2) (/turf/open/floor/plating/asteroid))
[16:34:01]/dmm_suite (/dmm_suite): instance atom(/obj/structure/glowshroom/sing... (/obj/structure/glowshroom/single), /list (/list), Cave Floor (303,71,2) (/turf/open/floor/plating/asteroid), 1)
[16:34:01]/dmm_suite (/dmm_suite): parse grid("/obj/structure/glowshroom/sing...", "eFp", 303, 71, 2, 1)
[16:34:01]/dmm_suite (/dmm_suite): load map impl(_maps/map_files/Deltastation/D..., 1, 1, 2, null, null, 1, -1e+031, 1e+031, -1e+031, 1e+031)
[16:34:01]/dmm_suite (/dmm_suite): load map(_maps/map_files/Deltastation/D..., 0, 0, 2, null, null, 1, null, null, null, null)
[16:34:01]Mapping (/datum/controller/subsystem/mapping): TryLoadZ("_maps/map_files/Deltastation/D...", /list (/list), 2, null)
[16:34:01]Mapping (/datum/controller/subsystem/mapping): loadWorld()
[16:34:01]Mapping (/datum/controller/subsystem/mapping): Initialize(739925)
[16:34:01]Master (/datum/controller/master): Initialize(10, 0)
runtime error: 
[16:34:01]Cannot execute /datum/plant_gene/trait/glow (/datum/plant_gene/trait/glow).glow range().
[16:34:01]proc name: New (/obj/structure/glowshroom/New)
[16:34:01]  source file: glowshroom.dm,63
[16:34:01]  usr: null
[16:34:01]  src: the glowshroom (/obj/structure/glowshroom/single)
[16:34:01]  src.loc: Cave Floor (306,70,2) (/turf/open/floor/plating/asteroid)
[16:34:01]  call stack:
[16:34:01]the glowshroom (/obj/structure/glowshroom/single): New(Cave Floor (306,70,2) (/turf/open/floor/plating/asteroid), null, null)
[16:34:01]/dmm_suite (/dmm_suite): create atom(/obj/structure/glowshroom/sing... (/obj/structure/glowshroom/single), Cave Floor (306,70,2) (/turf/open/floor/plating/asteroid))
[16:34:01]/dmm_suite (/dmm_suite): instance atom(/obj/structure/glowshroom/sing... (/obj/structure/glowshroom/single), /list (/list), Cave Floor (306,70,2) (/turf/open/floor/plating/asteroid), 1)
[16:34:01]/dmm_suite (/dmm_suite): parse grid("/obj/structure/glowshroom/sing...", "eFp", 306, 70, 2, 1)
[16:34:01]/dmm_suite (/dmm_suite): load map impl(_maps/map_files/Deltastation/D..., 1, 1, 2, null, null, 1, -1e+031, 1e+031, -1e+031, 1e+031)
[16:34:01]/dmm_suite (/dmm_suite): load map(_maps/map_files/Deltastation/D..., 0, 0, 2, null, null, 1, null, null, null, null)
[16:34:01]Mapping (/datum/controller/subsystem/mapping): TryLoadZ("_maps/map_files/Deltastation/D...", /list (/list), 2, null)
[16:34:01]Mapping (/datum/controller/subsystem/mapping): loadWorld()
[16:34:01]Mapping (/datum/controller/subsystem/mapping): Initialize(739925)
[16:34:01]Master (/datum/controller/master): Initialize(10, 0)
runtime error: 
[16:34:01]Cannot execute /datum/plant_gene/trait/glow (/datum/plant_gene/trait/glow).glow range().
[16:34:01]proc name: New (/obj/structure/glowshroom/New)
[16:34:01]  source file: glowshroom.dm,63
[16:34:01]  usr: null
[16:34:01]  src: the glowshroom (/obj/structure/glowshroom/single)
[16:34:01]  src.loc: Cave Floor (309,70,2) (/turf/open/floor/plating/asteroid)
[16:34:01]  call stack:
[16:34:01]the glowshroom (/obj/structure/glowshroom/single): New(Cave Floor (309,70,2) (/turf/open/floor/plating/asteroid), null, null)
[16:34:01]/dmm_suite (/dmm_suite): create atom(/obj/structure/glowshroom/sing... (/obj/structure/glowshroom/single), Cave Floor (309,70,2) (/turf/open/floor/plating/asteroid))
[16:34:01]/dmm_suite (/dmm_suite): instance atom(/obj/structure/glowshroom/sing... (/obj/structure/glowshroom/single), /list (/list), Cave Floor (309,70,2) (/turf/open/floor/plating/asteroid), 1)
[16:34:01]/dmm_suite (/dmm_suite): parse grid("/obj/structure/glowshroom/sing...", "eFp", 309, 70, 2, 1)
[16:34:01]/dmm_suite (/dmm_suite): load map impl(_maps/map_files/Deltastation/D..., 1, 1, 2, null, null, 1, -1e+031, 1e+031, -1e+031, 1e+031)
[16:34:01]/dmm_suite (/dmm_suite): load map(_maps/map_files/Deltastation/D..., 0, 0, 2, null, null, 1, null, null, null, null)
[16:34:01]Mapping (/datum/controller/subsystem/mapping): TryLoadZ("_maps/map_files/Deltastation/D...", /list (/list), 2, null)
[16:34:01]Mapping (/datum/controller/subsystem/mapping): loadWorld()
[16:34:01]Mapping (/datum/controller/subsystem/mapping): Initialize(739925)
[16:34:01]Master (/datum/controller/master): Initialize(10, 0)
runtime error: 
[16:34:01]Cannot execute /datum/plant_gene/trait/glow (/datum/plant_gene/trait/glow).glow range().
[16:34:01]proc name: New (/obj/structure/glowshroom/New)
[16:34:01]  source file: glowshroom.dm,63
[16:34:01]  usr: null
[16:34:01]  src: the glowshroom (/obj/structure/glowshroom/single)
[16:34:01]  src.loc: Cave Floor (302,69,2) (/turf/open/floor/plating/asteroid)
[16:34:01]  call stack:
[16:34:01]the glowshroom (/obj/structure/glowshroom/single): New(Cave Floor (302,69,2) (/turf/open/floor/plating/asteroid), null, null)
[16:34:01]/dmm_suite (/dmm_suite): create atom(/obj/structure/glowshroom/sing... (/obj/structure/glowshroom/single), Cave Floor (302,69,2) (/turf/open/floor/plating/asteroid))
[16:34:01]/dmm_suite (/dmm_suite): instance atom(/obj/structure/glowshroom/sing... (/obj/structure/glowshroom/single), /list (/list), Cave Floor (302,69,2) (/turf/open/floor/plating/asteroid), 1)
[16:34:01]/dmm_suite (/dmm_suite): parse grid("/obj/structure/glowshroom/sing...", "eFp", 302, 69, 2, 1)
[16:34:01]/dmm_suite (/dmm_suite): load map impl(_maps/map_files/Deltastation/D..., 1, 1, 2, null, null, 1, -1e+031, 1e+031, -1e+031, 1e+031)
[16:34:01]/dmm_suite (/dmm_suite): load map(_maps/map_files/Deltastation/D..., 0, 0, 2, null, null, 1, null, null, null, null)
[16:34:01]Mapping (/datum/controller/subsystem/mapping): TryLoadZ("_maps/map_files/Deltastation/D...", /list (/list), 2, null)
[16:34:01]Mapping (/datum/controller/subsystem/mapping): loadWorld()
[16:34:01]Mapping (/datum/controller/subsystem/mapping): Initialize(739925)
[16:34:01]Master (/datum/controller/master): Initialize(10, 0)
runtime error: 
[16:34:01]Cannot execute /datum/plant_gene/trait/glow (/datum/plant_gene/trait/glow).glow range().
[16:34:01]proc name: New (/obj/structure/glowshroom/New)
[16:34:01]  source file: glowshroom.dm,63
[16:34:01]  usr: null
[16:34:01]  src: the glowshroom (/obj/structure/glowshroom/single)
[16:34:01]  src.loc: Cave Floor (296,55,2) (/turf/open/floor/plating/asteroid)
[16:34:01]  call stack:
[16:34:01]the glowshroom (/obj/structure/glowshroom/single): New(Cave Floor (296,55,2) (/turf/open/floor/plating/asteroid), null, null)
[16:34:01]/dmm_suite (/dmm_suite): create atom(/obj/structure/glowshroom/sing... (/obj/structure/glowshroom/single), Cave Floor (296,55,2) (/turf/open/floor/plating/asteroid))
[16:34:01]/dmm_suite (/dmm_suite): instance atom(/obj/structure/glowshroom/sing... (/obj/structure/glowshroom/single), /list (/list), Cave Floor (296,55,2) (/turf/open/floor/plating/asteroid), 1)
[16:34:01]/dmm_suite (/dmm_suite): parse grid("/obj/structure/glowshroom/sing...", "eKb", 296, 55, 2, 1)
[16:34:01]/dmm_suite (/dmm_suite): load map impl(_maps/map_files/Deltastation/D..., 1, 1, 2, null, null, 1, -1e+031, 1e+031, -1e+031, 1e+031)
[16:34:01]/dmm_suite (/dmm_suite): load map(_maps/map_files/Deltastation/D..., 0, 0, 2, null, null, 1, null, null, null, null)
[16:34:01]Mapping (/datum/controller/subsystem/mapping): TryLoadZ("_maps/map_files/Deltastation/D...", /list (/list), 2, null)
[16:34:01]Mapping (/datum/controller/subsystem/mapping): loadWorld()
[16:34:01]Mapping (/datum/controller/subsystem/mapping): Initialize(739925)
[16:34:01]Master (/datum/controller/master): Initialize(10, 0)
runtime error: 
[16:34:01]Cannot execute /datum/plant_gene/trait/glow (/datum/plant_gene/trait/glow).glow range().
[16:34:01]proc name: New (/obj/structure/glowshroom/New)
[16:34:01]  source file: glowshroom.dm,63
[16:34:01]  usr: null
[16:34:01]  src: the glowshroom (/obj/structure/glowshroom/single)
[16:34:01]  src.loc: Cave Floor (299,55,2) (/turf/open/floor/plating/asteroid)
[16:34:01]  call stack:
[16:34:01]the glowshroom (/obj/structure/glowshroom/single): New(Cave Floor (299,55,2) (/turf/open/floor/plating/asteroid), null, null)
[16:34:01]/dmm_suite (/dmm_suite): create atom(/obj/structure/glowshroom/sing... (/obj/structure/glowshroom/single), Cave Floor (299,55,2) (/turf/open/floor/plating/asteroid))
[16:34:01]/dmm_suite (/dmm_suite): instance atom(/obj/structure/glowshroom/sing... (/obj/structure/glowshroom/single), /list (/list), Cave Floor (299,55,2) (/turf/open/floor/plating/asteroid), 1)
[16:34:01]/dmm_suite (/dmm_suite): parse grid("/obj/structure/glowshroom/sing...", "eKb", 299, 55, 2, 1)
[16:34:01]/dmm_suite (/dmm_suite): load map impl(_maps/map_files/Deltastation/D..., 1, 1, 2, null, null, 1, -1e+031, 1e+031, -1e+031, 1e+031)
[16:34:01]/dmm_suite (/dmm_suite): load map(_maps/map_files/Deltastation/D..., 0, 0, 2, null, null, 1, null, null, null, null)
[16:34:01]Mapping (/datum/controller/subsystem/mapping): TryLoadZ("_maps/map_files/Deltastation/D...", /list (/list), 2, null)
[16:34:01]Mapping (/datum/controller/subsystem/mapping): loadWorld()
[16:34:01]Mapping (/datum/controller/subsystem/mapping): Initialize(739925)
[16:34:01]Master (/datum/controller/master): Initialize(10, 0)
runtime error: 
[16:34:01]Cannot execute /datum/plant_gene/trait/glow (/datum/plant_gene/trait/glow).glow range().
[16:34:01]proc name: New (/obj/structure/glowshroom/New)
[16:34:01]  source file: glowshroom.dm,63
[16:34:01]  usr: null
[16:34:01]  src: the glowshroom (/obj/structure/glowshroom/single)
[16:34:01]  src.loc: Cave Floor (283,53,2) (/turf/open/floor/plating/asteroid)
[16:34:01]  call stack:
[16:34:01]the glowshroom (/obj/structure/glowshroom/single): New(Cave Floor (283,53,2) (/turf/open/floor/plating/asteroid), null, null)
[16:34:01]/dmm_suite (/dmm_suite): create atom(/obj/structure/glowshroom/sing... (/obj/structure/glowshroom/single), Cave Floor (283,53,2) (/turf/open/floor/plating/asteroid))
[16:34:01]/dmm_suite (/dmm_suite): instance atom(/obj/structure/glowshroom/sing... (/obj/structure/glowshroom/single), /list (/list), Cave Floor (283,53,2) (/turf/open/floor/plating/asteroid), 1)
[16:34:01]/dmm_suite (/dmm_suite): parse grid("/obj/structure/glowshroom/sing...", "eKb", 283, 53, 2, 1)
[16:34:01]/dmm_suite (/dmm_suite): load map impl(_maps/map_files/Deltastation/D..., 1, 1, 2, null, null, 1, -1e+031, 1e+031, -1e+031, 1e+031)
[16:34:01]/dmm_suite (/dmm_suite): load map(_maps/map_files/Deltastation/D..., 0, 0, 2, null, null, 1, null, null, null, null)
[16:34:01]Mapping (/datum/controller/subsystem/mapping): TryLoadZ("_maps/map_files/Deltastation/D...", /list (/list), 2, null)
[16:34:01]Mapping (/datum/controller/subsystem/mapping): loadWorld()
[16:34:01]Mapping (/datum/controller/subsystem/mapping): Initialize(739925)
[16:34:01]Master (/datum/controller/master): Initialize(10, 0)
runtime error: 
[16:34:01]Cannot execute /datum/plant_gene/trait/glow (/datum/plant_gene/trait/glow).glow range().
[16:34:01]proc name: New (/obj/structure/glowshroom/New)
[16:34:01]  source file: glowshroom.dm,63
[16:34:01]  usr: null
[16:34:01]  src: the glowshroom (/obj/structure/glowshroom/single)
[16:34:01]  src.loc: Cave Floor (302,53,2) (/turf/open/floor/plating/asteroid)
[16:34:01]  call stack:
[16:34:01]the glowshroom (/obj/structure/glowshroom/single): New(Cave Floor (302,53,2) (/turf/open/floor/plating/asteroid), null, null)
[16:34:01]/dmm_suite (/dmm_suite): create atom(/obj/structure/glowshroom/sing... (/obj/structure/glowshroom/single), Cave Floor (302,53,2) (/turf/open/floor/plating/asteroid))
[16:34:01]/dmm_suite (/dmm_suite): instance atom(/obj/structure/glowshroom/sing... (/obj/structure/glowshroom/single), /list (/list), Cave Floor (302,53,2) (/turf/open/floor/plating/asteroid), 1)
[16:34:01]/dmm_suite (/dmm_suite): parse grid("/obj/structure/glowshroom/sing...", "eKb", 302, 53, 2, 1)
[16:34:01]/dmm_suite (/dmm_suite): load map impl(_maps/map_files/Deltastation/D..., 1, 1, 2, null, null, 1, -1e+031, 1e+031, -1e+031, 1e+031)
[16:34:01]/dmm_suite (/dmm_suite): load map(_maps/map_files/Deltastation/D..., 0, 0, 2, null, null, 1, null, null, null, null)
[16:34:01]Mapping (/datum/controller/subsystem/mapping): TryLoadZ("_maps/map_files/Deltastation/D...", /list (/list), 2, null)
[16:34:01]Mapping (/datum/controller/subsystem/mapping): loadWorld()
[16:34:01]Mapping (/datum/controller/subsystem/mapping): Initialize(739925)
[16:34:01]Master (/datum/controller/master): Initialize(10, 0)
runtime error: 
[16:34:01]Cannot execute /datum/plant_gene/trait/glow (/datum/plant_gene/trait/glow).glow range().
[16:34:01]proc name: New (/obj/structure/glowshroom/New)
[16:34:01]  source file: glowshroom.dm,63
[16:34:01]  usr: null
[16:34:01]  src: the glowshroom (/obj/structure/glowshroom/single)
[16:34:01]  src.loc: Cave Floor (276,52,2) (/turf/open/floor/plating/asteroid)
[16:34:01]  call stack:
[16:34:01]the glowshroom (/obj/structure/glowshroom/single): New(Cave Floor (276,52,2) (/turf/open/floor/plating/asteroid), null, null)
[16:34:01]/dmm_suite (/dmm_suite): create atom(/obj/structure/glowshroom/sing... (/obj/structure/glowshroom/single), Cave Floor (276,52,2) (/turf/open/floor/plating/asteroid))
[16:34:01]/dmm_suite (/dmm_suite): instance atom(/obj/structure/glowshroom/sing... (/obj/structure/glowshroom/single), /list (/list), Cave Floor (276,52,2) (/turf/open/floor/plating/asteroid), 1)
[16:34:01]/dmm_suite (/dmm_suite): parse grid("/obj/structure/glowshroom/sing...", "eKb", 276, 52, 2, 1)
[16:34:01]/dmm_suite (/dmm_suite): load map impl(_maps/map_files/Deltastation/D..., 1, 1, 2, null, null, 1, -1e+031, 1e+031, -1e+031, 1e+031)
[16:34:01]/dmm_suite (/dmm_suite): load map(_maps/map_files/Deltastation/D..., 0, 0, 2, null, null, 1, null, null, null, null)
[16:34:01]Mapping (/datum/controller/subsystem/mapping): TryLoadZ("_maps/map_files/Deltastation/D...", /list (/list), 2, null)
[16:34:01]Mapping (/datum/controller/subsystem/mapping): loadWorld()
[16:34:01]Mapping (/datum/controller/subsystem/mapping): Initialize(739925)
[16:34:01]Master (/datum/controller/master): Initialize(10, 0)
runtime error: 
[16:34:01]Cannot execute /datum/plant_gene/trait/glow (/datum/plant_gene/trait/glow).glow range().
[16:34:01]proc name: New (/obj/structure/glowshroom/New)
[16:34:01]  source file: glowshroom.dm,63
[16:34:01]  usr: null
[16:34:01]  src: the glowshroom (/obj/structure/glowshroom/single)
[16:34:01]  src.loc: Cave Floor (292,51,2) (/turf/open/floor/plating/asteroid)
[16:34:01]  call stack:
[16:34:01]the glowshroom (/obj/structure/glowshroom/single): New(Cave Floor (292,51,2) (/turf/open/floor/plating/asteroid), null, null)
[16:34:01]/dmm_suite (/dmm_suite): create atom(/obj/structure/glowshroom/sing... (/obj/structure/glowshroom/single), Cave Floor (292,51,2) (/turf/open/floor/plating/asteroid))
[16:34:01]/dmm_suite (/dmm_suite): instance atom(/obj/structure/glowshroom/sing... (/obj/structure/glowshroom/single), /list (/list), Cave Floor (292,51,2) (/turf/open/floor/plating/asteroid), 1)
[16:34:01]/dmm_suite (/dmm_suite): parse grid("/obj/structure/glowshroom/sing...", "eKb", 292, 51, 2, 1)
[16:34:01]/dmm_suite (/dmm_suite): load map impl(_maps/map_files/Deltastation/D..., 1, 1, 2, null, null, 1, -1e+031, 1e+031, -1e+031, 1e+031)
[16:34:01]/dmm_suite (/dmm_suite): load map(_maps/map_files/Deltastation/D..., 0, 0, 2, null, null, 1, null, null, null, null)
[16:34:01]Mapping (/datum/controller/subsystem/mapping): TryLoadZ("_maps/map_files/Deltastation/D...", /list (/list), 2, null)
[16:34:01]Mapping (/datum/controller/subsystem/mapping): loadWorld()
[16:34:01]Mapping (/datum/controller/subsystem/mapping): Initialize(739925)
[16:34:01]Master (/datum/controller/master): Initialize(10, 0)
runtime error: 
[16:34:01]Cannot execute /datum/plant_gene/trait/glow (/datum/plant_gene/trait/glow).glow range().
[16:34:01]proc name: New (/obj/structure/glowshroom/New)
[16:34:01]  source file: glowshroom.dm,63
[16:34:01]  usr: null
[16:34:01]  src: the glowshroom (/obj/structure/glowshroom/single)
[16:34:01]  src.loc: Cave Floor (295,51,2) (/turf/open/floor/plating/asteroid)
[16:34:01]  call stack:
[16:34:01]the glowshroom (/obj/structure/glowshroom/single): New(Cave Floor (295,51,2) (/turf/open/floor/plating/asteroid), null, null)
[16:34:01]/dmm_suite (/dmm_suite): create atom(/obj/structure/glowshroom/sing... (/obj/structure/glowshroom/single), Cave Floor (295,51,2) (/turf/open/floor/plating/asteroid))
[16:34:01]/dmm_suite (/dmm_suite): instance atom(/obj/structure/glowshroom/sing... (/obj/structure/glowshroom/single), /list (/list), Cave Floor (295,51,2) (/turf/open/floor/plating/asteroid), 1)
[16:34:01]/dmm_suite (/dmm_suite): parse grid("/obj/structure/glowshroom/sing...", "eKb", 295, 51, 2, 1)
[16:34:01]/dmm_suite (/dmm_suite): load map impl(_maps/map_files/Deltastation/D..., 1, 1, 2, null, null, 1, -1e+031, 1e+031, -1e+031, 1e+031)
[16:34:01]/dmm_suite (/dmm_suite): load map(_maps/map_files/Deltastation/D..., 0, 0, 2, null, null, 1, null, null, null, null)
[16:34:01]Mapping (/datum/controller/subsystem/mapping): TryLoadZ("_maps/map_files/Deltastation/D...", /list (/list), 2, null)
[16:34:01]Mapping (/datum/controller/subsystem/mapping): loadWorld()
[16:34:01]Mapping (/datum/controller/subsystem/mapping): Initialize(739925)
[16:34:01]Master (/datum/controller/master): Initialize(10, 0)
runtime error: 
[16:34:01]Cannot execute /datum/plant_gene/trait/glow (/datum/plant_gene/trait/glow).glow range().
[16:34:01]proc name: New (/obj/structure/glowshroom/New)
[16:34:01]  source file: glowshroom.dm,63
[16:34:01]  usr: null
[16:34:01]  src: the glowshroom (/obj/structure/glowshroom/single)
[16:34:01]  src.loc: Cave Floor (258,49,2) (/turf/open/floor/plating/asteroid)
[16:34:01]  call stack:
[16:34:01]the glowshroom (/obj/structure/glowshroom/single): New(Cave Floor (258,49,2) (/turf/open/floor/plating/asteroid), null, null)
[16:34:01]/dmm_suite (/dmm_suite): create atom(/obj/structure/glowshroom/sing... (/obj/structure/glowshroom/single), Cave Floor (258,49,2) (/turf/open/floor/plating/asteroid))
[16:34:01]/dmm_suite (/dmm_suite): instance atom(/obj/structure/glowshroom/sing... (/obj/structure/glowshroom/single), /list (/list), Cave Floor (258,49,2) (/turf/open/floor/plating/asteroid), 1)
[16:34:01]/dmm_suite (/dmm_suite): parse grid("/obj/structure/glowshroom/sing...", "eKb", 258, 49, 2, 1)
[16:34:01]/dmm_suite (/dmm_suite): load map impl(_maps/map_files/Deltastation/D..., 1, 1, 2, null, null, 1, -1e+031, 1e+031, -1e+031, 1e+031)
[16:34:01]/dmm_suite (/dmm_suite): load map(_maps/map_files/Deltastation/D..., 0, 0, 2, null, null, 1, null, null, null, null)
[16:34:01]Mapping (/datum/controller/subsystem/mapping): TryLoadZ("_maps/map_files/Deltastation/D...", /list (/list), 2, null)
[16:34:01]Mapping (/datum/controller/subsystem/mapping): loadWorld()
[16:34:01]Mapping (/datum/controller/subsystem/mapping): Initialize(739925)
[16:34:01]Master (/datum/controller/master): Initialize(10, 0)
runtime error: 
[16:34:02]Cannot execute /datum/plant_gene/trait/glow (/datum/plant_gene/trait/glow).glow range().
[16:34:02]proc name: New (/obj/structure/glowshroom/New)
[16:34:02]  source file: glowshroom.dm,63
[16:34:02]  usr: null
[16:34:02]  src: the glowshroom (/obj/structure/glowshroom/single)
[16:34:02]  src.loc: Cave Floor (275,49,2) (/turf/open/floor/plating/asteroid)
[16:34:02]  call stack:
[16:34:02]the glowshroom (/obj/structure/glowshroom/single): New(Cave Floor (275,49,2) (/turf/open/floor/plating/asteroid), null, null)
[16:34:02]/dmm_suite (/dmm_suite): create atom(/obj/structure/glowshroom/sing... (/obj/structure/glowshroom/single), Cave Floor (275,49,2) (/turf/open/floor/plating/asteroid))
[16:34:02]/dmm_suite (/dmm_suite): instance atom(/obj/structure/glowshroom/sing... (/obj/structure/glowshroom/single), /list (/list), Cave Floor (275,49,2) (/turf/open/floor/plating/asteroid), 1)
[16:34:02]/dmm_suite (/dmm_suite): parse grid("/obj/structure/glowshroom/sing...", "eKb", 275, 49, 2, 1)
[16:34:02]/dmm_suite (/dmm_suite): load map impl(_maps/map_files/Deltastation/D..., 1, 1, 2, null, null, 1, -1e+031, 1e+031, -1e+031, 1e+031)
[16:34:02]/dmm_suite (/dmm_suite): load map(_maps/map_files/Deltastation/D..., 0, 0, 2, null, null, 1, null, null, null, null)
[16:34:02]Mapping (/datum/controller/subsystem/mapping): TryLoadZ("_maps/map_files/Deltastation/D...", /list (/list), 2, null)
[16:34:02]Mapping (/datum/controller/subsystem/mapping): loadWorld()
[16:34:02]Mapping (/datum/controller/subsystem/mapping): Initialize(739925)
[16:34:02]Master (/datum/controller/master): Initialize(10, 0)
runtime error: 
[16:34:02]Cannot execute /datum/plant_gene/trait/glow (/datum/plant_gene/trait/glow).glow range().
[16:34:02]proc name: New (/obj/structure/glowshroom/New)
[16:34:02]  source file: glowshroom.dm,63
[16:34:02]  usr: null
[16:34:02]  src: the glowshroom (/obj/structure/glowshroom/single)
[16:34:02]  src.loc: Cave Floor (261,48,2) (/turf/open/floor/plating/asteroid)
[16:34:02]  call stack:
[16:34:02]the glowshroom (/obj/structure/glowshroom/single): New(Cave Floor (261,48,2) (/turf/open/floor/plating/asteroid), null, null)
[16:34:02]/dmm_suite (/dmm_suite): create atom(/obj/structure/glowshroom/sing... (/obj/structure/glowshroom/single), Cave Floor (261,48,2) (/turf/open/floor/plating/asteroid))
[16:34:02]/dmm_suite (/dmm_suite): instance atom(/obj/structure/glowshroom/sing... (/obj/structure/glowshroom/single), /list (/list), Cave Floor (261,48,2) (/turf/open/floor/plating/asteroid), 1)
[16:34:02]/dmm_suite (/dmm_suite): parse grid("/obj/structure/glowshroom/sing...", "eKb", 261, 48, 2, 1)
[16:34:02]/dmm_suite (/dmm_suite): load map impl(_maps/map_files/Deltastation/D..., 1, 1, 2, null, null, 1, -1e+031, 1e+031, -1e+031, 1e+031)
[16:34:02]/dmm_suite (/dmm_suite): load map(_maps/map_files/Deltastation/D..., 0, 0, 2, null, null, 1, null, null, null, null)
[16:34:02]Mapping (/datum/controller/subsystem/mapping): TryLoadZ("_maps/map_files/Deltastation/D...", /list (/list), 2, null)
[16:34:02]Mapping (/datum/controller/subsystem/mapping): loadWorld()
[16:34:02]Mapping (/datum/controller/subsystem/mapping): Initialize(739925)
[16:34:02]Master (/datum/controller/master): Initialize(10, 0)
runtime error: 
[16:34:02]Cannot execute /datum/plant_gene/trait/glow (/datum/plant_gene/trait/glow).glow range().
[16:34:02]proc name: New (/obj/structure/glowshroom/New)
[16:34:02]  source file: glowshroom.dm,63
[16:34:02]  usr: null
[16:34:02]  src: the glowshroom (/obj/structure/glowshroom/single)
[16:34:02]  src.loc: Cave Floor (292,48,2) (/turf/open/floor/plating/asteroid)
[16:34:02]  call stack:
[16:34:02]the glowshroom (/obj/structure/glowshroom/single): New(Cave Floor (292,48,2) (/turf/open/floor/plating/asteroid), null, null)
[16:34:02]/dmm_suite (/dmm_suite): create atom(/obj/structure/glowshroom/sing... (/obj/structure/glowshroom/single), Cave Floor (292,48,2) (/turf/open/floor/plating/asteroid))
[16:34:02]/dmm_suite (/dmm_suite): instance atom(/obj/structure/glowshroom/sing... (/obj/structure/glowshroom/single), /list (/list), Cave Floor (292,48,2) (/turf/open/floor/plating/asteroid), 1)
[16:34:02]/dmm_suite (/dmm_suite): parse grid("/obj/structure/glowshroom/sing...", "eKb", 292, 48, 2, 1)
[16:34:02]/dmm_suite (/dmm_suite): load map impl(_maps/map_files/Deltastation/D..., 1, 1, 2, null, null, 1, -1e+031, 1e+031, -1e+031, 1e+031)
[16:34:02]/dmm_suite (/dmm_suite): load map(_maps/map_files/Deltastation/D..., 0, 0, 2, null, null, 1, null, null, null, null)
[16:34:02]Mapping (/datum/controller/subsystem/mapping): TryLoadZ("_maps/map_files/Deltastation/D...", /list (/list), 2, null)
[16:34:02]Mapping (/datum/controller/subsystem/mapping): loadWorld()
[16:34:02]Mapping (/datum/controller/subsystem/mapping): Initialize(739925)
[16:34:02]Master (/datum/controller/master): Initialize(10, 0)
runtime error: 
[16:34:02]Cannot execute /datum/plant_gene/trait/glow (/datum/plant_gene/trait/glow).glow range().
[16:34:02]proc name: New (/obj/structure/glowshroom/New)
[16:34:02]  source file: glowshroom.dm,63
runtime error: 
[16:34:02]Cannot execute /datum/plant_gene/trait/glow (/datum/plant_gene/trait/glow).glow range().
[16:34:02]proc name: New (/obj/structure/glowshroom/New)
[16:34:02]  source file: glowshroom.dm,63
runtime error: 
[16:34:02]Cannot execute /datum/plant_gene/trait/glow (/datum/plant_gene/trait/glow).glow range().
[16:34:02]proc name: New (/obj/structure/glowshroom/New)
[16:34:02]  source file: glowshroom.dm,63
runtime error: 
[16:34:02]Cannot execute /datum/plant_gene/trait/glow (/datum/plant_gene/trait/glow).glow range().
[16:34:02]proc name: New (/obj/structure/glowshroom/New)
[16:34:02]  source file: glowshroom.dm,63
runtime error: 
[16:34:02]Cannot execute /datum/plant_gene/trait/glow (/datum/plant_gene/trait/glow).glow range().
[16:34:02]proc name: New (/obj/structure/glowshroom/New)
[16:34:02]  source file: glowshroom.dm,63
runtime error: 
[16:34:02]Cannot execute /datum/plant_gene/trait/glow (/datum/plant_gene/trait/glow).glow range().
[16:34:02]proc name: New (/obj/structure/glowshroom/New)
[16:34:02]  source file: glowshroom.dm,63
runtime error: 
[16:34:02]Cannot execute /datum/plant_gene/trait/glow (/datum/plant_gene/trait/glow).glow range().
[16:34:02]proc name: New (/obj/structure/glowshroom/New)
[16:34:02]  source file: glowshroom.dm,63
runtime error: 
[16:34:02]Cannot execute /datum/plant_gene/trait/glow (/datum/plant_gene/trait/glow).glow range().
[16:34:02]proc name: New (/obj/structure/glowshroom/New)
[16:34:02]  source file: glowshroom.dm,63
runtime error: 
[16:34:02]Cannot execute /datum/plant_gene/trait/glow (/datum/plant_gene/trait/glow).glow range().
[16:34:02]proc name: New (/obj/structure/glowshroom/New)
[16:34:02]  source file: glowshroom.dm,63
runtime error: 
[16:34:02]Cannot execute /datum/plant_gene/trait/glow (/datum/plant_gene/trait/glow).glow range().
[16:34:02]proc name: New (/obj/structure/glowshroom/New)
[16:34:02]  source file: glowshroom.dm,63
runtime error: 
[16:34:02]Cannot execute /datum/plant_gene/trait/glow (/datum/plant_gene/trait/glow).glow range().
[16:34:02]proc name: New (/obj/structure/glowshroom/New)
[16:34:02]  source file: glowshroom.dm,63
runtime error: 
[16:34:02]Cannot execute /datum/plant_gene/trait/glow (/datum/plant_gene/trait/glow).glow range().
[16:34:02]proc name: New (/obj/structure/glowshroom/New)
[16:34:02]  source file: glowshroom.dm,63
runtime error: 
[16:34:02]Cannot execute /datum/plant_gene/trait/glow (/datum/plant_gene/trait/glow).glow range().
[16:34:02]proc name: New (/obj/structure/glowshroom/New)
[16:34:02]  source file: glowshroom.dm,63
runtime error: 
[16:34:02]Cannot execute /datum/plant_gene/trait/glow (/datum/plant_gene/trait/glow).glow range().
[16:34:02]proc name: New (/obj/structure/glowshroom/New)
[16:34:02]  source file: glowshroom.dm,63
runtime error: 
[16:34:02]Cannot execute /datum/plant_gene/trait/glow (/datum/plant_gene/trait/glow).glow range().
[16:34:02]proc name: New (/obj/structure/glowshroom/New)
[16:34:02]  source file: glowshroom.dm,63
runtime error: 
[16:34:02]Cannot execute /datum/plant_gene/trait/glow (/datum/plant_gene/trait/glow).glow range().
[16:34:02]proc name: New (/obj/structure/glowshroom/New)
[16:34:02]  source file: glowshroom.dm,63
runtime error: 
[16:34:02]Cannot execute /datum/plant_gene/trait/glow (/datum/plant_gene/trait/glow).glow range().
[16:34:02]proc name: New (/obj/structure/glowshroom/New)
[16:34:02]  source file: glowshroom.dm,63
runtime error: 
[16:34:02]Cannot execute /datum/plant_gene/trait/glow (/datum/plant_gene/trait/glow).glow range().
[16:34:02]proc name: New (/obj/structure/glowshroom/New)
[16:34:02]  source file: glowshroom.dm,63
runtime error: 
[16:34:02]Cannot execute /datum/plant_gene/trait/glow (/datum/plant_gene/trait/glow).glow range().
[16:34:02]proc name: New (/obj/structure/glowshroom/New)
[16:34:02]  source file: glowshroom.dm,63
runtime error: 
[16:34:03]Cannot execute /datum/plant_gene/trait/glow (/datum/plant_gene/trait/glow).glow range().
[16:34:03]proc name: New (/obj/structure/glowshroom/New)
[16:34:03]  source file: glowshroom.dm,63
runtime error: 
[16:34:03]Cannot execute /datum/plant_gene/trait/glow (/datum/plant_gene/trait/glow).glow range().
[16:34:03]proc name: New (/obj/structure/glowshroom/New)
[16:34:03]  source file: glowshroom.dm,63
runtime error: 
[16:34:03]Cannot execute /datum/plant_gene/trait/glow (/datum/plant_gene/trait/glow).glow range().
[16:34:03]proc name: New (/obj/structure/glowshroom/New)
[16:34:03]  source file: glowshroom.dm,63
runtime error: 
[16:34:03]Cannot execute /datum/plant_gene/trait/glow (/datum/plant_gene/trait/glow).glow range().
[16:34:03]proc name: New (/obj/structure/glowshroom/New)
[16:34:03]  source file: glowshroom.dm,63
runtime error: 
[16:34:03]Cannot execute /datum/plant_gene/trait/glow (/datum/plant_gene/trait/glow).glow range().
[16:34:03]proc name: New (/obj/structure/glowshroom/New)
[16:34:03]  source file: glowshroom.dm,63
runtime error: 
[16:34:03]Cannot execute /datum/plant_gene/trait/glow (/datum/plant_gene/trait/glow).glow range().
[16:34:03]proc name: New (/obj/structure/glowshroom/New)
[16:34:03]  source file: glowshroom.dm,63
runtime error: 
[16:34:03]Cannot execute /datum/plant_gene/trait/glow (/datum/plant_gene/trait/glow).glow range().
[16:34:03]proc name: New (/obj/structure/glowshroom/New)
[16:34:03]  source file: glowshroom.dm,63
Loaded station in 51.3s!
Ruin "Hierophant's Arena" placed at (48, 80, 5)
Ruin "Blood-Drunk Miner" placed at (99, 76, 5)
Ruin "Ruin of Sloth" placed at (108, 62, 5)
Ruin loader gave up with 1 left to spend.
Ruin "NT Medical Ship" placed at (250, 37, 3)
Initialized Mapping subsystem within 56.7 seconds!
runtime error: 
[16:34:09]Cannot execute null.add reagent().
[16:34:09]proc name: Initialize (/obj/effect/decal/cleanable/blood/gibs/Initialize)
[16:34:09]  source file: humans.dm,57
runtime error: 
[16:34:09]Cannot execute null.add reagent().
[16:34:09]proc name: Initialize (/obj/effect/decal/cleanable/blood/gibs/Initialize)
[16:34:09]  source file: humans.dm,57
runtime error: 
[16:34:09]Cannot execute null.add reagent().
[16:34:09]proc name: Initialize (/obj/effect/decal/cleanable/blood/gibs/Initialize)
[16:34:09]  source file: humans.dm,57
runtime error: 
[16:34:10]Cannot execute null.add reagent().
[16:34:10]proc name: Initialize (/obj/effect/decal/cleanable/blood/gibs/Initialize)
[16:34:10]  source file: humans.dm,57
runtime error: 
[16:34:10]Cannot execute null.add reagent().
[16:34:10]proc name: Initialize (/obj/effect/decal/cleanable/oil/Initialize)
[16:34:10]  source file: robots.dm,52
runtime error: 
[16:34:10]Cannot execute null.add reagent().
[16:34:10]proc name: Initialize (/obj/effect/decal/cleanable/oil/Initialize)
[16:34:10]  source file: robots.dm,52
runtime error: 
[16:34:13]Cannot execute null.add reagent().
[16:34:13]proc name: Initialize (/obj/effect/decal/cleanable/oil/Initialize)
[16:34:13]  source file: robots.dm,52
runtime error: 
[16:34:13]Cannot execute null.add reagent().
[16:34:13]proc name: Initialize (/obj/effect/decal/cleanable/oil/Initialize)
[16:34:13]  source file: robots.dm,52
runtime error: 
[16:34:13]Cannot execute null.add reagent().
[16:34:13]proc name: Initialize (/obj/effect/decal/cleanable/oil/Initialize)
[16:34:13]  source file: robots.dm,52
runtime error: 
[16:34:13]Cannot execute null.add reagent().
[16:34:13]proc name: Initialize (/obj/effect/decal/cleanable/blood/gibs/Initialize)
[16:34:13]  source file: humans.dm,57
runtime error: 
[16:34:13]Cannot execute null.add reagent().
[16:34:13]proc name: Initialize (/obj/effect/decal/cleanable/oil/Initialize)
[16:34:13]  source file: robots.dm,52
runtime error: 
[16:34:13]Cannot execute null.add reagent().
[16:34:13]proc name: Initialize (/obj/effect/decal/cleanable/blood/gibs/Initialize)
[16:34:13]  source file: humans.dm,57
runtime error: 
[16:34:13]Cannot execute null.add reagent().
[16:34:13]proc name: Initialize (/obj/effect/decal/cleanable/oil/Initialize)
[16:34:13]  source file: robots.dm,52
runtime error: 
[16:34:14]Cannot execute null.add reagent().
[16:34:14]proc name: Initialize (/obj/effect/decal/cleanable/blood/gibs/Initialize)
[16:34:14]  source file: humans.dm,57
runtime error: 
[16:34:14]Cannot execute null.add reagent().
[16:34:14]proc name: Initialize (/obj/effect/decal/cleanable/oil/Initialize)
[16:34:14]  source file: robots.dm,52
runtime error: 
[16:34:14]Cannot execute null.add reagent().
[16:34:14]proc name: Initialize (/obj/effect/decal/cleanable/oil/Initialize)
[16:34:14]  source file: robots.dm,52
runtime error: 
[16:34:14]Cannot execute null.add reagent().
[16:34:14]proc name: Initialize (/obj/effect/decal/cleanable/oil/Initialize)
[16:34:14]  source file: robots.dm,52
runtime error: 
[16:34:14]Cannot execute null.add reagent().
[16:34:14]proc name: Initialize (/obj/effect/decal/cleanable/oil/Initialize)
[16:34:14]  source file: robots.dm,52
runtime error: 
[16:34:14]Cannot execute null.add reagent().
[16:34:14]proc name: Initialize (/obj/effect/decal/cleanable/oil/Initialize)
[16:34:14]  source file: robots.dm,52
runtime error: 
[16:34:14]Cannot execute null.add reagent().
[16:34:14]proc name: Initialize (/obj/effect/decal/cleanable/oil/Initialize)
[16:34:14]  source file: robots.dm,52
runtime error: 
[16:34:14]Cannot execute null.add reagent().
[16:34:14]proc name: Initialize (/obj/effect/decal/cleanable/oil/Initialize)
[16:34:14]  source file: robots.dm,52
runtime error: 
[16:34:14]Cannot execute null.add reagent().
[16:34:14]proc name: Initialize (/obj/effect/decal/cleanable/oil/Initialize)
[16:34:14]  source file: robots.dm,52
runtime error: 
[16:34:14]Cannot execute null.add reagent().
[16:34:14]proc name: Initialize (/obj/effect/decal/cleanable/oil/Initialize)
[16:34:14]  source file: robots.dm,52
runtime error: 
[16:34:14]Cannot execute null.add reagent().
[16:34:14]proc name: Initialize (/obj/effect/decal/cleanable/oil/Initialize)
[16:34:14]  source file: robots.dm,52
runtime error: 
[16:34:15]Cannot execute null.add reagent().
[16:34:15]proc name: Initialize (/obj/effect/decal/cleanable/oil/Initialize)
[16:34:15]  source file: robots.dm,52
runtime error: 
[16:34:15]Cannot execute null.add reagent().
[16:34:15]proc name: Initialize (/obj/effect/decal/cleanable/oil/Initialize)
[16:34:15]  source file: robots.dm,52
runtime error: 
[16:34:15]Cannot execute null.add reagent().
[16:34:15]proc name: Initialize (/obj/effect/decal/cleanable/oil/Initialize)
[16:34:15]  source file: robots.dm,52
runtime error: 
[16:34:15]Cannot execute null.add reagent().
[16:34:15]proc name: Initialize (/obj/effect/decal/cleanable/oil/Initialize)
[16:34:15]  source file: robots.dm,52
runtime error: 
[16:34:15]Cannot execute null.add reagent().
[16:34:15]proc name: Initialize (/obj/effect/decal/cleanable/oil/Initialize)
[16:34:15]  source file: robots.dm,52
runtime error: 
[16:34:16]Cannot execute null.add reagent().
[16:34:16]proc name: Initialize (/obj/effect/decal/cleanable/oil/Initialize)
[16:34:16]  source file: robots.dm,52
runtime error: 
[16:34:16]Cannot execute null.add reagent().
[16:34:16]proc name: Initialize (/obj/effect/decal/cleanable/oil/Initialize)
[16:34:16]  source file: robots.dm,52
runtime error: 
[16:34:16]Cannot execute null.add reagent().
[16:34:16]proc name: Initialize (/obj/effect/decal/cleanable/oil/Initialize)
[16:34:16]  source file: robots.dm,52
runtime error: 
[16:34:16]Cannot execute null.add reagent().
[16:34:16]proc name: Initialize (/obj/effect/decal/cleanable/oil/Initialize)
[16:34:16]  source file: robots.dm,52
runtime error: 
[16:34:16]Cannot execute null.add reagent().
[16:34:16]proc name: Initialize (/obj/effect/decal/cleanable/oil/Initialize)
[16:34:16]  source file: robots.dm,52
runtime error: 
[16:34:17]Cannot execute null.add reagent().
[16:34:17]proc name: Initialize (/obj/effect/decal/cleanable/oil/Initialize)
[16:34:17]  source file: robots.dm,52
runtime error: 
[16:34:17]Cannot execute null.add reagent().
[16:34:17]proc name: Initialize (/obj/effect/decal/cleanable/oil/Initialize)
[16:34:17]  source file: robots.dm,52
runtime error: 
[16:34:17]Cannot execute null.add reagent().
[16:34:17]proc name: Initialize (/obj/effect/decal/cleanable/oil/Initialize)
[16:34:17]  source file: robots.dm,52
runtime error: 
[16:34:17]Cannot execute null.add reagent().
[16:34:17]proc name: Initialize (/obj/effect/decal/cleanable/oil/Initialize)
[16:34:17]  source file: robots.dm,52
runtime error: 
[16:34:17]Cannot execute null.add reagent().
[16:34:17]proc name: Initialize (/obj/effect/decal/cleanable/oil/Initialize)
[16:34:17]  source file: robots.dm,52
runtime error: 
[16:34:17]Cannot execute null.add reagent().
[16:34:17]proc name: Initialize (/obj/effect/decal/cleanable/oil/Initialize)
[16:34:17]  source file: robots.dm,52
runtime error: 
[16:34:17]Cannot execute null.add reagent().
[16:34:17]proc name: Initialize (/obj/effect/decal/cleanable/oil/Initialize)
[16:34:17]  source file: robots.dm,52
runtime error: 
[16:34:17]Cannot execute null.add reagent().
[16:34:17]proc name: Initialize (/obj/effect/decal/cleanable/oil/Initialize)
[16:34:17]  source file: robots.dm,52
runtime error: 
[16:34:19]Cannot execute null.add reagent().
[16:34:19]proc name: Initialize (/obj/effect/decal/cleanable/oil/Initialize)
[16:34:19]  source file: robots.dm,52
runtime error: 
[16:34:20]Cannot execute null.add reagent().
[16:34:20]proc name: Initialize (/obj/effect/decal/cleanable/oil/Initialize)
[16:34:20]  source file: robots.dm,52
runtime error: 
[16:34:20]Cannot execute null.add reagent().
[16:34:20]proc name: Initialize (/obj/effect/decal/cleanable/oil/Initialize)
[16:34:20]  source file: robots.dm,52
runtime error: 
[16:34:21]Cannot execute null.add reagent().
[16:34:21]proc name: Initialize (/obj/effect/decal/cleanable/oil/Initialize)
[16:34:21]  source file: robots.dm,52
runtime error: 
[16:34:21]Cannot execute null.add reagent().
[16:34:21]proc name: Initialize (/obj/effect/decal/cleanable/oil/Initialize)
[16:34:21]  source file: robots.dm,52
runtime error: 
[16:34:21]Cannot execute null.add reagent().
[16:34:21]proc name: Initialize (/obj/effect/decal/cleanable/oil/Initialize)
[16:34:21]  source file: robots.dm,52
runtime error: 
[16:34:21]Cannot execute null.add reagent().
[16:34:21]proc name: Initialize (/obj/effect/decal/cleanable/oil/Initialize)
[16:34:21]  source file: robots.dm,52
runtime error: 
[16:34:21]Cannot execute null.add reagent().
[16:34:21]proc name: Initialize (/obj/effect/decal/cleanable/oil/Initialize)
[16:34:21]  source file: robots.dm,52
runtime error: 
[16:34:22]Cannot execute null.add reagent().
[16:34:22]proc name: Initialize (/obj/effect/decal/cleanable/oil/Initialize)
[16:34:22]  source file: robots.dm,52
runtime error: 
[16:34:22]Cannot execute null.add reagent().
[16:34:22]proc name: Initialize (/obj/effect/decal/cleanable/oil/Initialize)
[16:34:22]  source file: robots.dm,52
runtime error: 
[16:34:22]Cannot execute null.add reagent().
[16:34:22]Warning: further proc crash messages are being suppressed to prevent overload...
runtime error: 
[16:34:24]Undefined variable /obj/item/rupee/var/swimming

runtime error: 
[16:34:24]Undefined variable /obj/item/rupee/var/swimming

runtime error: 
[16:34:24]Undefined variable /obj/item/rupee/var/swimming

runtime error: 
[16:34:24]Undefined variable /obj/structure/signpost/salvation/var/swimming

runtime error: 
[16:34:24]Undefined variable /obj/item/rupee/var/swimming

runtime error: 
[16:34:24]Undefined variable /obj/item/rupee/var/swimming

runtime error: 
[16:34:24]Undefined variable /obj/item/rupee/var/swimming

runtime error: 
[16:34:24]Undefined variable /obj/item/rupee/var/swimming

runtime error: 
[16:34:24]Undefined variable /obj/item/rupee/var/swimming

runtime error: 
[16:34:24]Undefined variable /obj/item/rupee/var/swimming

runtime error: 
[16:34:24]Undefined variable /obj/effect/landmark/error/var/swimming

runtime error: 
[16:34:24]Undefined variable /obj/item/rupee/var/swimming

runtime error: 
[16:34:24]Undefined variable /obj/item/rupee/var/swimming

runtime error: 
[16:34:24]Undefined variable /obj/item/rupee/var/swimming

runtime error: 
[16:34:24]Undefined variable /obj/item/rupee/var/swimming

runtime error: 
[16:34:24]Undefined variable /obj/item/rupee/var/swimming

runtime error: 
[16:34:24]Undefined variable /obj/item/rupee/var/swimming

runtime error: 
[16:34:24]Undefined variable /obj/item/rupee/var/swimming

runtime error: 
[16:34:24]Undefined variable /obj/item/rupee/var/swimming

runtime error: 
[16:34:24]Undefined variable /obj/item/rupee/var/swimming

runtime error: 
[16:34:24]Undefined variable /obj/item/rupee/var/swimming

runtime error: 
[16:34:24]Undefined variable /obj/item/rupee/var/swimming

runtime error: 
[16:34:24]Undefined variable /obj/item/rupee/var/swimming

runtime error: 
[16:34:24]Undefined variable /obj/item/rupee/var/swimming

runtime error: 
[16:34:24]Undefined variable /obj/item/rupee/var/swimming

runtime error: 
[16:34:24]Undefined variable /obj/item/rupee/var/swimming

runtime error: 
[16:34:24]Undefined variable /obj/item/rupee/var/swimming

runtime error: 
[16:34:24]Undefined variable /obj/item/rupee/var/swimming

runtime error: 
[16:34:24]Undefined variable /obj/item/rupee/var/swimming

runtime error: 
[16:34:24]Undefined variable /obj/item/rupee/var/swimming

runtime error: 
[16:34:24]Undefined variable /obj/item/rupee/var/swimming

runtime error: 
[16:34:24]Undefined variable /obj/item/rupee/var/swimming

runtime error: 
[16:34:24]Undefined variable /obj/item/rupee/var/swimming

runtime error: 
[16:34:24]Undefined variable /obj/item/rupee/var/swimming

runtime error: 
[16:34:24]Undefined variable /obj/item/rupee/var/swimming

runtime error: 
[16:34:24]Undefined variable /obj/item/rupee/var/swimming

runtime error: 
[16:34:24]Undefined variable /obj/item/rupee/var/swimming

runtime error: 
[16:34:24]Undefined variable /obj/item/rupee/var/swimming

runtime error: 
[16:34:24]Undefined variable /obj/item/rupee/var/swimming

runtime error: 
[16:34:24]Undefined variable /obj/item/rupee/var/swimming

runtime error: 
[16:34:24]Undefined variable /obj/item/rupee/var/swimming

runtime error: 
[16:34:24]Undefined variable /obj/item/rupee/var/swimming

runtime error: 
[16:34:24]Undefined variable /obj/item/rupee/var/swimming

runtime error: 
[16:34:24]Undefined variable /obj/item/rupee/var/swimming

runtime error: 
[16:34:24]Undefined variable /obj/item/rupee/var/swimming

runtime error: 
[16:34:24]Undefined variable /obj/item/rupee/var/swimming

runtime error: 
[16:34:24]Undefined variable /obj/item/rupee/var/swimming

runtime error: 
[16:34:24]Undefined variable /obj/structure/speaking_tile/var/swimming

runtime error: 
[16:34:24]Undefined variable /obj/machinery/abductor/gland_dispenser/var/swimming

runtime error: 
[16:34:24]Undefined variable /obj/structure/table/abductor/var/swimming

runtime error: 
[16:34:24]Undefined variable /obj/item/surgicaldrill/alien/var/swimming

runtime error: 
[16:34:25]undefined proc or verb /mob/living/simple_animal/bot/medbot/mysterious/remove overlay().

runtime error: 
[16:34:25]undefined proc or verb /mob/living/simple_animal/hostile/creature/remove overlay().

runtime error: 
[16:34:25]undefined proc or verb /mob/living/simple_animal/hostile/carp/cayenne/remove overlay().

runtime error: 
[16:34:26]undefined proc or verb /mob/dead/new_player/remove overlay().

runtime error: 
[16:34:30]Cannot execute null.add reagent().
runtime error: 
[16:34:30]Cannot execute null.add reagent().
runtime error: 
[16:34:30]Cannot execute null.add reagent().
runtime error: 
[16:34:30]undefined proc or verb /mob/living/simple_animal/bot/medbot/remove overlay().

runtime error: 
[16:34:30]Cannot execute null.add reagent().
runtime error: 
[16:34:30]Cannot execute null.add reagent().
runtime error: 
[16:34:30]undefined proc or verb /mob/living/simple_animal/cockroach/remove overlay().

runtime error: 
[16:34:30]undefined proc or verb /mob/living/simple_animal/cockroach/remove overlay().

runtime error: 
[16:34:30]undefined proc or verb /mob/living/simple_animal/cockroach/remove overlay().

runtime error: 
[16:34:31]undefined proc or verb /mob/living/simple_animal/cockroach/remove overlay().

runtime error: 
[16:34:31]undefined proc or verb /mob/living/simple_animal/cockroach/remove overlay().

runtime error: 
[16:34:31]undefined proc or verb /mob/living/simple_animal/pet/cat/Runtime/remove overlay().

runtime error: 
[16:34:31]undefined proc or verb /mob/living/simple_animal/cockroach/remove overlay().

runtime error: 
[16:34:31]undefined proc or verb /mob/living/simple_animal/pet/dog/pug/remove overlay().

runtime error: 
[16:34:31]undefined proc or verb /mob/living/simple_animal/cockroach/remove overlay().

runtime error: 
[16:34:31]undefined proc or verb /mob/living/simple_animal/cockroach/remove overlay().

runtime error: 
[16:34:31]undefined proc or verb /mob/living/simple_animal/cockroach/remove overlay().

runtime error: 
[16:34:31]undefined proc or verb /mob/living/simple_animal/slime/remove overlay().

runtime error: 
[16:34:31]undefined proc or verb /mob/living/simple_animal/slime/remove overlay().

runtime error: 
[16:34:31]undefined proc or verb /mob/living/simple_animal/slime/remove overlay().

runtime error: 
[16:34:31]undefined proc or verb /mob/living/simple_animal/cockroach/remove overlay().

runtime error: 
[16:34:32]undefined proc or verb /mob/living/simple_animal/cockroach/remove overlay().

runtime error: 
[16:34:32]undefined proc or verb /mob/living/simple_animal/pet/dog/corgi/Ian/remove overlay().

runtime error: 
[16:34:32]undefined proc or verb /mob/living/simple_animal/bot/secbot/pingsky/remove overlay().

runtime error: 
[16:34:32]undefined proc or verb /mob/living/simple_animal/parrot/Poly/remove overlay().

runtime error: 
[16:34:32]undefined proc or verb /mob/living/simple_animal/bot/secbot/beepsky/remove overlay().

runtime error: 
[16:34:32]undefined proc or verb /mob/living/simple_animal/pet/fox/Renault/remove overlay().

runtime error: 
[16:34:33]undefined proc or verb /mob/living/simple_animal/hostile/carp/cayenne/remove overlay().

runtime error: 
[16:34:33]undefined proc or verb /mob/living/simple_animal/cockroach/remove overlay().

runtime error: 
[16:34:33]undefined proc or verb /mob/living/simple_animal/hostile/retaliate/goat/remove overlay().

runtime error: 
[16:34:33]undefined proc or verb /mob/living/simple_animal/sloth/citrus/remove overlay().

runtime error: 
[16:34:33]undefined proc or verb /mob/living/simple_animal/cockroach/remove overlay().

runtime error: 
[16:34:33]undefined proc or verb /mob/living/simple_animal/mouse/remove overlay().

runtime error: 
[16:34:33]undefined proc or verb /mob/living/simple_animal/mouse/remove overlay().

runtime error: 
[16:34:33]undefined proc or verb /mob/living/simple_animal/bot/mulebot/remove overlay().

runtime error: 
[16:34:33]undefined proc or verb /mob/living/simple_animal/bot/mulebot/remove overlay().

runtime error: 
[16:34:33]undefined proc or verb /mob/living/simple_animal/cockroach/remove overlay().

runtime error: 
[16:34:33]undefined proc or verb /mob/living/simple_animal/hostile/lizard/remove overlay().

runtime error: 
[16:34:33]undefined proc or verb /mob/living/simple_animal/cockroach/remove overlay().

runtime error: 
[16:34:34]undefined proc or verb /mob/living/simple_animal/cockroach/remove overlay().

runtime error: 
[16:34:34]undefined proc or verb /mob/living/simple_animal/cockroach/remove overlay().

runtime error: 
[16:34:34]undefined proc or verb /mob/living/simple_animal/cockroach/remove overlay().

runtime error: 
[16:34:36]undefined proc or verb /mob/living/simple_animal/hostile/asteroid/goliath/beast/random/remove overlay().

runtime error: 
[16:34:36]undefined proc or verb /mob/living/simple_animal/bot/secbot/beepsky/remove overlay().

runtime error: 
[16:34:37]undefined proc or verb /mob/living/simple_animal/hostile/asteroid/basilisk/watcher/random/remove overlay().

runtime error: 
[16:34:37]undefined proc or verb /mob/living/simple_animal/hostile/asteroid/goliath/beast/random/remove overlay().

runtime error: 
[16:34:37]undefined proc or verb /mob/living/simple_animal/hostile/asteroid/goliath/beast/random/remove overlay().

runtime error: 
[16:34:37]undefined proc or verb /mob/living/simple_animal/hostile/asteroid/goldgrub/remove overlay().

runtime error: 
[16:34:37]undefined proc or verb /mob/living/simple_animal/hostile/asteroid/goliath/beast/random/remove overlay().

runtime error: 
[16:34:37]undefined proc or verb /mob/living/simple_animal/hostile/asteroid/hivelord/legion/random/remove overlay().

runtime error: 
[16:34:37]undefined proc or verb /mob/living/simple_animal/hostile/megafauna/hierophant/remove overlay().

runtime error: 
[16:34:37]undefined proc or verb /mob/living/simple_animal/hostile/spawner/lavaland/remove overlay().

Initialized 1.4847e+006 atoms
Initialized Atoms subsystem within 38.7 seconds!
Initialized Language subsystem within 0 seconds!
Initialized Machines subsystem within 0.5 seconds!
Initialized Circuit subsystem within 0.1 seconds!
Initialized Weather subsystem within 0 seconds!
## WARNING: There are 643 active turfs at roundstart, this is a mapping error caused by a difference of the air between the adjacent turfs. You can see its coordinates using "Mapping -> Show roundstart AT list" verb (debug verbs required)
## WARNING: HEY! LISTEN! 4 seconds were wasted processing 643 turf(s) (connected to 76528 other turfs) with atmos differences at round start.
Initialized Atmospherics subsystem within 17.2 seconds!
Initialized Minimap subsystem within 0 seconds!
Initialized Assets subsystem within 0.1 seconds!
Initialized Icon Smoothing subsystem within 2.3 seconds!
Initialized Overlay subsystem within 7.9 seconds!
Initialized XKeyScore subsystem within 0 seconds!
Initialized Lighting subsystem within 8 seconds!
Initialized Shuttle subsystem within 35.5 seconds!
Initialized Squeak subsystem within 0 seconds!
Loaded 0 engraved messages on map Delta Station
Initialized Persistence subsystem within 0.1 seconds!
Initializations complete within 167.5 seconds!
Game start took 0s
## WARNING: A ref was requested of an object with use_tag set but no tag: Noober84555 in code/__HELPERS/unsorted.dm at line 1500 src:  usr: Noober84555.
runtime error: 
[16:36:11]Cannot read null.key
runtime error: 
[16:36:11]Cannot read null.martial_art
runtime error: 
[16:36:12]Cannot read null.martial_art
## WARNING: A ref was requested of an object with use_tag set but no tag: the station self-destruct terminal in code/__HELPERS/unsorted.dm at line 1500 src:  usr: .
runtime error: 
[16:42:30]Cannot execute null.add reagent().
runtime error: 
[16:42:30]Cannot execute null.add reagent().
runtime error: 
[16:42:30]Cannot execute null.add reagent().
runtime error: 
[16:42:30]Cannot execute null.add reagent().
runtime error: 
[16:42:30]Cannot execute null.add reagent().
runtime error: 
[16:42:30]Cannot execute null.add reagent().
runtime error: 
[16:42:30]Cannot execute null.add reagent().
runtime error: 
[16:42:30]Cannot execute null.add reagent().
runtime error: 
[16:42:30]Cannot execute null.add reagent().
runtime error: 
[16:42:30]Cannot execute null.add reagent().
runtime error: 
[16:42:30]Cannot execute null.add reagent().
runtime error: 
[16:42:30]Cannot execute null.add reagent().
runtime error: 
[16:42:30]Cannot execute null.add reagent().
runtime error: 
[16:42:30]Cannot execute null.add reagent().
runtime error: 
[16:42:30]Cannot execute null.add reagent().
runtime error: 
[16:42:30]Cannot execute null.add reagent().
runtime error: 
[16:42:30]Cannot execute null.add reagent().
runtime error: 
[16:42:30]Cannot execute null.add reagent().
runtime error: 
[16:42:30]Cannot execute null.add reagent().
runtime error: 
[16:42:30]Cannot execute null.add reagent().
runtime error: 
[16:42:30]Cannot execute null.add reagent().
runtime error: 
[16:42:30]Cannot execute null.add reagent().
runtime error: 
[16:42:30]Cannot execute null.add reagent().
runtime error: 
[16:42:30]Cannot execute null.add reagent().
runtime error: 
[16:42:30]Cannot execute null.add reagent().
runtime error: 
[16:42:30]Cannot execute null.add reagent().
runtime error: 
[16:42:30]Cannot execute null.add reagent().
runtime error: 
[16:42:30]Cannot execute null.add reagent().
runtime error: 
[16:42:30]Cannot execute null.add reagent().
runtime error: 
[16:42:30]Cannot execute null.add reagent().
runtime error: 
[16:42:31]Cannot execute null.add reagent().
runtime error: 
[16:42:31]Cannot execute null.add reagent().
runtime error: 
[16:42:31]Cannot execute null.add reagent().
runtime error: 
[16:42:31]Cannot execute null.add reagent().
runtime error: 
[16:42:31]Cannot execute null.add reagent().
runtime error: 
[16:42:31]Cannot execute null.add reagent().
runtime error: 
[16:42:31]Cannot execute null.add reagent().
runtime error: 
[16:42:31]Cannot execute null.add reagent().
runtime error: 
[16:42:31]Cannot execute null.add reagent().
runtime error: 
[16:42:31]Cannot execute null.add reagent().
runtime error: 
[16:42:31]Cannot execute null.add reagent().
runtime error: 
[16:42:31]Cannot execute null.add reagent().
runtime error: 
[16:42:31]Cannot execute null.add reagent().
runtime error: 
[16:42:31]Cannot execute null.add reagent().
runtime error: 
[16:42:31]Cannot execute null.add reagent().
runtime error: 
[16:42:31]Cannot execute null.add reagent().
runtime error: 
[16:42:31]Cannot execute null.add reagent().
runtime error: 
[16:42:31]Cannot execute null.add reagent().
runtime error: 
[16:42:31]Cannot execute null.add reagent().
runtime error: 
[16:42:31]Cannot execute null.add reagent().
runtime error: 
[16:43:18]Undefined variable /obj/effect/particle_effect/sparks/var/swimming

runtime error: 
[16:43:18]Undefined variable /atom/movable/lighting_object/var/swimming

runtime error: 
[16:43:18]Undefined variable /obj/item/stack/sheet/metal/var/swimming

runtime error: 
[16:43:18]Undefined variable /obj/item/stack/sheet/metal/var/swimming

runtime error: 
[16:43:18]Undefined variable /obj/item/stack/sheet/metal/var/swimming

runtime error: 
[16:43:18]Undefined variable /obj/structure/sign/nanotrasen/var/swimming

runtime error: 
[16:43:18]Undefined variable /atom/movable/lighting_object/var/swimming

runtime error: 
[16:43:18]Undefined variable /obj/item/stack/sheet/metal/var/swimming

runtime error: 
[16:43:18]Undefined variable /obj/structure/girder/var/swimming

runtime error: 
[16:43:18]Undefined variable /obj/item/stack/sheet/metal/var/swimming

runtime error: 
[16:43:18]Undefined variable /obj/item/stack/sheet/metal/var/swimming

runtime error: 
[16:43:18]Undefined variable /obj/effect/particle_effect/sparks/var/swimming

runtime error: 
[16:43:18]Undefined variable /obj/effect/particle_effect/sparks/var/swimming

runtime error: 
[16:43:18]Undefined variable /obj/effect/particle_effect/sparks/var/swimming

runtime error: 
[16:43:18]Undefined variable /obj/effect/particle_effect/sparks/var/swimming

runtime error: 
[16:43:18]Undefined variable /obj/effect/particle_effect/sparks/var/swimming

runtime error: 
[16:43:18]Undefined variable /obj/effect/particle_effect/sparks/var/swimming

runtime error: 
[16:43:18]Undefined variable /obj/effect/particle_effect/sparks/var/swimming

runtime error: 
[16:43:18]Undefined variable /obj/effect/particle_effect/sparks/var/swimming

runtime error: 
[16:43:18]Undefined variable /obj/effect/particle_effect/sparks/var/swimming

runtime error: 
[16:43:18]Undefined variable /obj/effect/particle_effect/sparks/var/swimming

runtime error: 
[16:43:18]Undefined variable /obj/effect/particle_effect/sparks/var/swimming

runtime error: 
[16:43:18]Undefined variable /obj/effect/particle_effect/sparks/var/swimming

runtime error: 
[16:43:18]Undefined variable /obj/effect/particle_effect/sparks/var/swimming

runtime error: 
[16:43:18]Undefined variable /obj/effect/particle_effect/sparks/var/swimming

runtime error: 
[16:43:18]Undefined variable /obj/effect/particle_effect/sparks/var/swimming

runtime error: 
[16:43:18]Undefined variable /obj/item/stack/rods/var/swimming

runtime error: 
[16:43:18]Undefined variable /obj/item/stack/rods/var/swimming

runtime error: 
[16:43:19]Undefined variable /obj/effect/particle_effect/sparks/var/swimming

runtime error: 
[16:43:19]Undefined variable /obj/effect/particle_effect/sparks/var/swimming

runtime error: 
[16:43:19]Undefined variable /obj/effect/particle_effect/sparks/var/swimming

runtime error: 
[16:43:19]Undefined variable /obj/effect/particle_effect/sparks/var/swimming

runtime error: 
[16:43:19]Undefined variable /obj/effect/particle_effect/sparks/var/swimming

runtime error: 
[16:43:19]Undefined variable /atom/movable/lighting_object/var/swimming

runtime error: 
[16:43:19]Undefined variable /obj/item/stack/sheet/metal/var/swimming

runtime error: 
[16:43:19]Undefined variable /obj/item/stack/sheet/metal/var/swimming

runtime error: 
[16:43:19]Undefined variable /obj/item/stack/sheet/metal/var/swimming

runtime error: 
[16:43:19]Undefined variable /atom/movable/lighting_object/var/swimming

runtime error: 
[16:43:19]Undefined variable /obj/item/stack/sheet/metal/var/swimming

runtime error: 
[16:43:19]Undefined variable /obj/structure/girder/var/swimming

runtime error: 
[16:43:19]Undefined variable /obj/item/stack/sheet/metal/var/swimming

runtime error: 
[16:43:19]Undefined variable /obj/item/stack/rods/var/swimming

runtime error: 
[16:43:19]Undefined variable /obj/item/stack/rods/var/swimming

runtime error: 
[16:43:19]Undefined variable /obj/item/stack/rods/var/swimming

runtime error: 
[16:43:19]Undefined variable /obj/item/stack/rods/var/swimming

runtime error: 
[16:43:19]Undefined variable /obj/item/stack/rods/var/swimming

runtime error: 
[16:43:19]Undefined variable /obj/item/stack/rods/var/swimming

runtime error: 
[16:43:19]Undefined variable /obj/machinery/atmospherics/pipe/simple/scrubbers/hidden/var/swimming

runtime error: 
[16:43:19]Undefined variable /atom/movable/lighting_object/var/swimming

runtime error: 
[16:43:19]Undefined variable /obj/item/stack/sheet/metal/var/swimming

runtime error: 
[16:43:19]Undefined variable /obj/item/pen/var/swimming

runtime error: 
[16:43:20]undefined proc or verb /mob/living/simple_animal/parrot/Poly/ghost/remove overlay().

runtime error: 
[16:43:21]undefined proc or verb /mob/living/simple_animal/hostile/asteroid/goliath/beast/random/remove overlay().

runtime error: 
[16:43:21]undefined proc or verb /mob/living/simple_animal/hostile/asteroid/basilisk/watcher/random/remove overlay().

runtime error: 
[16:43:22]undefined proc or verb /mob/living/simple_animal/hostile/asteroid/goliath/beast/random/remove overlay().

runtime error: 
[16:43:22]undefined proc or verb /mob/living/simple_animal/hostile/asteroid/goliath/beast/random/remove overlay().

runtime error: 
[16:43:22]undefined proc or verb /mob/living/simple_animal/hostile/asteroid/hivelord/legion/random/remove overlay().

runtime error: 
[16:43:22]undefined proc or verb /mob/living/simple_animal/hostile/asteroid/hivelord/legion/random/remove overlay().

runtime error: 
[16:43:23]undefined proc or verb /mob/living/simple_animal/parrot/Poly/ghost/remove overlay().

runtime error: 
[16:43:29]undefined proc or verb /mob/living/simple_animal/hostile/creature/remove overlay().

runtime error: 
[16:43:30]undefined proc or verb /mob/living/simple_animal/hostile/asteroid/goliath/beast/random/remove overlay().

runtime error: 
[16:43:30]undefined proc or verb /mob/living/simple_animal/hostile/asteroid/goliath/beast/random/remove overlay().

runtime error: 
[16:43:30]undefined proc or verb /mob/living/simple_animal/hostile/asteroid/goliath/beast/random/remove overlay().

runtime error: 
[16:43:30]undefined proc or verb /mob/living/simple_animal/hostile/asteroid/goliath/beast/random/remove overlay().

runtime error: 
[16:43:30]undefined proc or verb /mob/living/simple_animal/hostile/asteroid/goliath/beast/random/remove overlay().

runtime error: 
[16:43:30]undefined proc or verb /mob/living/simple_animal/hostile/asteroid/hivelord/legion/random/remove overlay().

runtime error: 
[16:43:45]undefined proc or verb /mob/living/simple_animal/hostile/creature/remove overlay().

runtime error: 
[16:43:45]undefined proc or verb /mob/living/simple_animal/hostile/asteroid/goliath/beast/random/remove overlay().

runtime error: 
[16:43:45]undefined proc or verb /mob/living/simple_animal/hostile/asteroid/goliath/beast/random/remove overlay().

runtime error: 
[16:43:45]undefined proc or verb /mob/living/simple_animal/hostile/asteroid/goliath/beast/random/remove overlay().

runtime error: 
[16:43:45]undefined proc or verb /mob/living/simple_animal/hostile/asteroid/goliath/beast/random/remove overlay().

runtime error: 
[16:43:45]undefined proc or verb /mob/living/simple_animal/hostile/asteroid/hivelord/legion/random/remove overlay().

runtime error: 
[16:44:00]undefined proc or verb /mob/living/simple_animal/hostile/creature/remove overlay().

runtime error: 
[16:44:00]undefined proc or verb /mob/living/simple_animal/hostile/asteroid/goliath/beast/random/remove overlay().

runtime error: 
[16:44:01]undefined proc or verb /mob/living/simple_animal/hostile/asteroid/goliath/beast/random/remove overlay().

runtime error: 
[16:44:01]undefined proc or verb /mob/living/simple_animal/hostile/asteroid/hivelord/legion/random/remove overlay().

runtime error: 
[16:44:01]undefined proc or verb /mob/living/simple_animal/hostile/asteroid/hivelord/legion/random/remove overlay().

