

Starting up round ID . 19:26:59
---------------------
UnusualCone \ Leonel Butterfill \ cool guys low class \ NONE \ LATEJOIN
Noober84555 \ YO TENGO \ cool guys high class \ NONE \ LATEJOIN
Ss13isaids \ Dab Dab \ cool guys high class \ NONE \ LATEJOIN
MACIEKBAKI \ Mr Lmao \ Shitcurity \ NONE \ LATEJOIN
Robotumus \ Iris Getsspaced \ cool guys medium class \ NONE \ LATEJOIN
Jkeller098 \ Tanner Thorley \ cool guys low class \ NONE \ LATEJOIN
MiniusAreas \ Kristina Potter \ cool guys high class \ NONE \ LATEJOIN
PromethiusX \ Cronos Morphis \ cool guys high class \ NONE \ LATEJOIN
Ss13isaids \ Dab Dab \ cool guys high class \ NONE \ LATEJOIN
Bobcat49 \ Phil From Accounting \ cool guys high class \ NONE \ LATEJOIN
Bobcat49 \ Phil From Accounting \ cool guys high class \ NONE \ LATEJOIN
Jkeller098 \ Tanner Thorley \ cool guys high class \ NONE \ LATEJOIN
UnusualCone \ Leonel Butterfill \ cool guys medium class \ NONE \ LATEJOIN
UnusualCone \ Leonel Butterfill \ cool guys low class \ NONE \ LATEJOIN
UnusualCone \ Leonel Butterfill \ cool guys high class \ NONE \ LATEJOIN
Luiz29YT \ Landon Perkins \ cool guys low class \ NONE \ LATEJOIN
V.E.G.A12 \ Raul Kemble \ cool guys high class \ NONE \ LATEJOIN
Luiz29YT \ Landon Perkins \ cool guys high class \ NONE \ LATEJOIN
Luiz29YT \ Landon Perkins \ cool guys high class \ NONE \ LATEJOIN
V.E.G.A12 \ Raul Kemble \ cool guys high class \ NONE \ LATEJOIN
Jobobman \ Arnie Harding \ Shitcurity \ NONE \ LATEJOIN
Luiz29YT \ Landon Perkins \ cool guys medium class \ NONE \ LATEJOIN
Luiz29YT \ Landon Perkins \ cool guys high class \ NONE \ LATEJOIN
V.E.G.A12 \ Raul Kemble \ cool guys high class \ NONE \ LATEJOIN
Luiz29YT \ Landon Perkins \ cool guys high class \ NONE \ LATEJOIN
