

Starting up round ID . 16:49:48
---------------------
[16:49:52]ADMIN: Loading Banlist
[16:49:53]GAME: Saved mode is 'extended'
[16:50:02]ACCESS: Login: AlcaroIsAFrick from 127.0.0.1-1817465521 || BYOND v511
[16:50:02]ACCESS: Mob Login: AlcaroIsAFrick/(AlcaroIsAFrick) was assigned to a /mob/dead/new_player
[16:50:21]GAME: Hierophant's Arena loaded at at 103,78,5
[16:50:21]GAME: Ruined Pizza Party loaded at at 145,116,5
[16:50:21]GAME: Crashed Shuttle loaded at at 81,84,5
[16:50:21]GAME: Ruin of Envy loaded at at 92,151,5
[16:50:21]GAME: Xenomorph Nest loaded at at 65,119,5
[16:50:21]GAME: Ruin of Sloth loaded at at 124,173,5
[16:50:22]GAME: Biodome Clown Planet loaded at at 174,70,5
[16:50:22]GAME: Empty Shell loaded at at 40,43,4
[16:50:22]GAME: Derelict 6 loaded at at 185,170,7
[16:50:22]GAME: Derelict 5 loaded at at 144,100,11
[16:50:22]GAME: Asteroid 4 loaded at at 74,89,3
[16:50:23]GAME: Crashed Ship loaded at at 134,137,8
[16:50:23]GAME: Unnamed Turreted Outpost loaded at at 202,126,10
[16:50:23]GAME: Abandoned Teleporter loaded at at 192,83,9
[16:50:23]GAME: Disposal Facility 17 loaded at at 77,216,10
[16:50:23]GAME: Asteroid 1 loaded at at 40,126,4
[16:50:23]GAME: Derelict 4 loaded at at 192,173,4
[16:50:23]GAME: Ordinary Space Tile loaded at at 231,88,3
[16:50:24]GAME: Survivalist Bunker loaded at at 101,93,7
[16:50:24]GAME: Syndicate Ambush loaded at at 27,175,8
[16:50:24]GAME: Aesthetic Outpost loaded at at 197,192,11
[16:50:26]GAME: Derelict Tradepost loaded at at 25,101,11
[16:50:26]GAME: Crashed Clown Ship loaded at at 100,216,8
[16:52:53]ADMIN: AlcaroIsAFrick has started the game.
[16:53:00]EMOTE: *no key*/(monkey (577)) : <b>The monkey (577)</b> rolls. (160,119,2)
[16:53:02]EMOTE: *no key*/(monkey (135)) : <b>The monkey (135)</b> scratches. (158,101,2)
[16:53:02]GAME: Explosion with size (0, 1, 5, 0) in area Unexplored Location (79,212,8)
[16:53:03]GAME: Explosion with size (0, 1, 5, 0) in area Unexplored Location (79,211,8)
[16:53:03]EMOTE: *no key*/(Poly) : <b>Poly</b> flutters its wings. (118,82,2)
[16:53:04]EMOTE: *no key*/(monkey (70)) : <b>The monkey (70)</b> jumps! (160,116,2)
[16:53:05]SAY: Poly/ : Poly wanna cracker! (119,82,2)
[16:53:05]SAY: Officer Beepsky/ : Engaging patrol mode. (94,159,2)
[16:53:05]SAY: Prison Ofitser/ : Engaging patrol mode. (23,36,5)
[16:53:05]SAY: Prison Ofitser/ : Disengaging patrol mode. (23,36,5)
[16:53:10]SAY: grey baby slime (604)/ : Rawr... (177,94,2)
[16:53:13]ACCESS: Mob Login: AlcaroIsAFrick/(YO MAMA) was assigned to a /mob/living/carbon/human
[16:53:18]EMOTE: *no key*/(monkey (577)) : <b>The monkey (577)</b> scratches. (161,117,2)
[16:53:18]SAY: Poly/ : OH GOD ITS ABOUT TO DELAMINATE CALL THE SHUTTLE (117,82,2)
[16:53:20]EMOTE: *no key*/(Poly) : <b>Poly</b> turns and flies towards the high-capacity power cell+. (117,82,2)
[16:53:23]EMOTE: *no key*/(Runtime) : <b>Runtime</b> twitches its whiskers. (160,109,2)
[16:53:23]EMOTE: *no key*/(Ian) : <b>Ian</b> dances around. (105,121,2)
[16:53:23]SAY: Poly/ : The things I&#39;ve seen! (117,82,2)
[16:53:25]EMOTE: *no key*/(mouse) : <b>The mouse</b> squeeks. (181,152,2)
[16:53:27]SAY: Poly/ : WHO TOOK THE DAMN HARDSUITS? (117,82,2)
[16:53:31]EMOTE: *no key*/(mouse) : <b>The mouse</b> squeeks. (108,106,2)
[16:53:40]EMOTE: *no key*/(Pegwing) : <b>Pegwing</b> turns and flies towards the gold. (88,209,8)
[16:53:40]EMOTE: *no key*/(Poly) : <b>Poly</b> squawks. (118,83,2)
[16:53:43]EMOTE: *no key*/(monkey (686)) : <b>The monkey (686)</b> scratches. (160,99,2)
[16:53:44]SAY: Clown/ : HONK (187,101,5)
[16:53:46]EMOTE: *no key*/(Poly) : <b>Poly</b> bawks! (118,83,2)
[16:53:48]SAY: Clown/ : Honk! (187,101,5)
[16:53:51]EMOTE: *no key*/(Runtime) : <b>Runtime</b> lies down. (159,109,2)
[16:53:52]EMOTE: *no key*/(Poly) : <b>Poly</b> squawks. (118,83,2)
[16:54:00]EMOTE: *no key*/(monkey (719)) : <b>The monkey (719)</b> rolls. (161,100,2)
[16:54:00]EMOTE: *no key*/(Coco) : <b>Coco</b> jumps! (144,133,2)
[16:54:03]SAY: Ian/ : Bark! (106,121,2)
[16:54:07]SAY: Poly/ : Poly wanna cracker! (118,83,2)
[16:54:08]EMOTE: *no key*/(monkey (957)) : <b>The monkey (957)</b> waves his tail. (161,100,2)
[16:54:09]EMOTE: *no key*/(Poly) : <b>Poly</b> bawks! (118,83,2)
[16:54:19]EMOTE: *no key*/(Paperwork) : <b>Paperwork</b> dozes off. (82,121,2)
[16:54:21]EMOTE: *no key*/(mouse) : <b>The mouse</b> squeeks. (68,124,2)
[16:54:21]EMOTE: *no key*/(Poly) : <b>Poly</b> looks in the Zippo lighter's direction and takes flight. (118,83,2)
[16:54:22]EMOTE: *no key*/(monkey (415)) : <b>The monkey (415)</b> waves his tail. (160,117,2)
[16:54:24]EMOTE: *no key*/(grey baby slime (313)) : <b>The grey baby slime (313)</b> lights up for a bit, then stops. (167,92,2)
[16:54:33]EMOTE: *no key*/(Coco) : <b>Coco</b> scratches. (145,132,2)
[16:54:34]EMOTE: *no key*/(mouse) : <b>The mouse</b> squeeks. (69,124,2)
[16:54:36]SAY: Poly/ : WHO TOOK THE DAMN HARDSUITS? (118,83,2)
[16:54:36]EMOTE: *no key*/(Pegwing) : <b>Pegwing</b> stops moving... (91,211,8)
[16:54:38]SAY: Poly/ : Poly wanna cracker! (118,83,2)
[16:54:43]EMOTE: *no key*/(Ian) : <b>Ian</b> chases its tail! (106,121,2)
[16:54:46]SAY: mouse/ : Squeek! (190,125,2)
[16:54:46]SAY: Poly/ : WHO TOOK THE DAMN HARDSUITS? (118,83,2)
[16:54:52]EMOTE: *no key*/(mouse) : <b>The mouse</b> squeeks. (198,118,2)
[16:54:53]ACCESS: Logout: AlcaroIsAFrick/(YO MAMA)
