

Starting up round ID . 19:44:05
---------------------
[19:44:05]ADMIN: Loading Banlist
[19:44:06]ACCESS: Login: AlcaroIsAFrick from 127.0.0.1-1817465521 || BYOND v511
[19:44:06]ACCESS: Mob Login: AlcaroIsAFrick/(AlcaroIsAFrick) was assigned to a /mob/dead/new_player
[19:44:06]GAME: Saved mode is 'sandbox'
[19:44:07]ACCESS: Login: V.E.G.A12 from 67.140.172.159-1034625884 || BYOND v512
[19:44:07]ACCESS: Mob Login: V.E.G.A12/(V.E.G.A12) was assigned to a /mob/dead/new_player
[19:44:07]ACCESS: Login: GimmesumsuccPls from 74.88.77.62-3169572192 || BYOND v511
[19:44:07]ACCESS: Mob Login: GimmesumsuccPls/(GimmesumsuccPls) was assigned to a /mob/dead/new_player
[19:44:25]ACCESS: Login: Bobcat49 from 73.210.12.99-2830132079 || BYOND v512
[19:44:25]ACCESS: Mob Login: Bobcat49/(Bobcat49) was assigned to a /mob/dead/new_player
[19:44:29]ADMIN: AlcaroIsAFrick/(AlcaroIsAFrick) stopped all currently playing sounds.
[19:44:35]ADMIN: AlcaroIsAFrick/(AlcaroIsAFrick) played sound sound/ambience/title1.ogg
[19:45:05]ACCESS: Login: Lezus_Konrad from 82.17.116.125-3955108823 || BYOND v512
[19:45:05]ACCESS: Mob Login: Lezus_Konrad/(Lezus_Konrad) was assigned to a /mob/dead/new_player
[19:45:27]ACCESS: Logout: Bobcat49/(Bobcat49)
[19:45:39]ACCESS: Login: Bobcat49 from 73.210.12.99-2830132079 || BYOND v512
[19:45:39]ACCESS: Mob Login: Bobcat49/(Bobcat49) was assigned to a /mob/dead/new_player
[19:46:15]ACCESS: Login: Slader101 from 38.122.55.74-4185365152 || BYOND v511
[19:46:15]ACCESS: Mob Login: Slader101/(Slader101) was assigned to a /mob/dead/new_player
[19:46:27]GAME: Hierophant's Arena loaded at at 163,195,5
[19:46:27]GAME: Blood-Drunk Miner (Hunter) loaded at at 232,140,5
[19:46:27]GAME: Ruin of Sloth loaded at at 182,95,5
[19:46:27]GAME: Asteroid 2 loaded at at 37,225,10
[19:48:03]ADMIN: AlcaroIsAFrick/(AlcaroIsAFrick) stopped all currently playing sounds.
[19:48:19]ADMIN: AlcaroIsAFrick/(AlcaroIsAFrick) played sound sound/ambience/title2.ogg
[19:50:32]ADMIN: Lezus_Konrad/(Lezus_Konrad) jumped to Abandoned Gambling Den
[19:50:42]ADMIN: AlcaroIsAFrick/(AlcaroIsAFrick) stopped all currently playing sounds.
[19:50:42]GAME: *null* has triggered a gibtonite deposit reaction at Lavaland Wastes (<a href='?_src_=holder;admin_token=920104785213728589244381953151584;adminplayerobservecoodjump=1;X=214;Y=177;Z=5'>JMP</a>).
[19:50:44]ACCESS: Mob Login: AlcaroIsAFrick/(Alcaro) was assigned to a /mob/living/carbon/human
[19:50:45]ACCESS: Mob Login: Bobcat49/(Phil From Accounting) was assigned to a /mob/living/carbon/human
[19:50:46]ACCESS: Mob Login: Lezus_Konrad/(Alden Is A Terrorist) was assigned to a /mob/living/carbon/human
[19:50:47]ACCESS: Mob Login: GimmesumsuccPls/(ghost) was assigned to a /mob/dead/observer
[19:50:48]SAY: Officer Beepsky/ : Engaging patrol mode. (186,190,2)
[19:50:48]SAY: Prison Ofitser/ : Engaging patrol mode. (23,36,5)
[19:50:48]SAY: Prison Ofitser/ : Disengaging patrol mode. (23,36,5)
[19:50:50]EMOTE: *no key*/(watcher) : <b>The watcher</b> stops moving... (214,176,5)
[19:51:01]EMOTE: *no key*/(Persephone) : <b>Persephone</b> twitches its whiskers. (166,139,2)
[19:51:01]SAY: Poly/ : Try our new nougat bar! (82,191,2)
[19:51:02]ACCESS: Mob Login: Slader101/(ghost) was assigned to a /mob/dead/observer
[19:51:08]ADMIN: GimmesumsuccPls/(Akatsuki) has changed the Central Command name to: Santa's anus
[19:51:10]EMOTE: *no key*/(Persephone) : <b>Persephone</b> meows (166,140,2)
[19:51:23]ADMIN: GimmesumsuccPls/(Akatsuki) has created a command report: Ho ho ho. Fuck you all.
[19:51:44]EMOTE: *no key*/(Poly) : <b>Poly</b> turns and flies towards the folder. (82,190,2)
[19:51:45]ADMIN: Lezus_Konrad/(Alden Is A Terrorist) toggled OOC.
[19:51:50]ADMIN: Lezus_Konrad/(Alden Is A Terrorist) toggled OOC.
[19:51:50]EMOTE: *no key*/(monkey (248)) : <b>The monkey (248)</b> waves his tail. (160,141,2)
[19:51:53]ADMIN: Lezus_Konrad/(Alden Is A Terrorist) toggled OOC.
[19:51:53]EMOTE: *no key*/(Mojo X) : <b>Mojo X</b> rolls. (142,215,2)
[19:51:55]ADMIN: Lezus_Konrad/(Alden Is A Terrorist) toggled OOC.
[19:52:14]EMOTE: *no key*/(monkey (179)) : <b>The monkey (179)</b> waves his tail. (185,118,2)
[19:52:20]EMOTE: *no key*/(Persephone) : <b>Persephone</b> lies down. (166,139,2)
[19:52:21]SAY: Medibot/ : There&#39;s always a catch, and I&#39;m the best there is. (154,73,1)
[19:52:27]SAY: grey baby slime (769)/ : Blorble... (109,153,2)
[19:52:40]EMOTE: *no key*/(Poly) : <b>Poly</b> bawks! (80,190,2)
[19:52:50]EMOTE: *no key*/(Persephone) : <b>Persephone</b> sits down. (166,139,2)
[19:53:28]EMOTE: *no key*/(Poly) : <b>Poly</b> flutters its wings. (80,190,2)
[19:53:28]EMOTE: *no key*/(grey baby slime (612)) : <b>The grey baby slime (612)</b> jiggles! (112,162,2)
[19:53:34]SAY: Medibot/ : Delicious! (155,73,1)
[19:53:34]EMOTE: *no key*/(Poly) : <b>Poly</b> looks in the BreatheDeep cartridge's direction and takes flight. (80,190,2)
[19:53:39]SAY: Ian/ : Bark! (136,184,2)
[19:53:46]SAY: Persephone/ : Meow! (166,139,2)
[19:53:54]EMOTE: *no key*/(Citrus) : <b>Citrus</b> dozes off. (171,220,2)
[19:53:56]ADMIN: Lezus_Konrad/(Alden Is A Terrorist) jumped to Arrival Shuttle
[19:54:02]SAY: Ian/ : YAP (135,184,2)
[19:54:13]EMOTE: *no key*/(monkey (210)) : <b>The monkey (210)</b> scratches. (160,140,2)
[19:54:22]SAY: Medibot/ : What kind of medbay is this? Everyone&#39;s dropping like flies. (155,73,1)
[19:54:39]EMOTE: *no key*/(Poly) : <b>Poly</b> looks in the BreatheDeep cartridge's direction and takes flight. (80,190,2)
[19:54:42]EMOTE: *no key*/(pug) : <b>Swanson</b> chases its tail. (111,143,2)
[19:54:44]EMOTE: *no key*/(Persephone) : <b>Persephone</b> stops resting. (166,139,2)
[19:54:48]EMOTE: *no key*/(monkey (292)) : <b>The monkey (292)</b> rolls. (160,140,2)
[19:54:56]EMOTE: *no key*/(monkey (179)) : <b>The monkey (179)</b> scratches. (185,118,2)
[19:55:02]EMOTE: *no key*/(grey baby slime (612)) : <b>The grey baby slime (612)</b> bounces in place. (111,161,2)
[19:55:09]SAY: Medibot/ : What kind of medbay is this? Everyone&#39;s dropping like flies. (155,73,1)
[19:55:22]GAME: <a href='?priv_msg=lezuskonrad'>Lezus_Konrad</a>/(Alden Is A Terrorist) checked the player panel while in game.
[19:55:24]ADMIN: Lezus_Konrad/(Alden Is A Terrorist) healed / Revived Lezus_Konrad/(Alden Is A Terrorist).
[19:55:28]SAY: Persephone/ : HSSSSS (167,138,2)
[19:55:37]EMOTE: *no key*/(Persephone) : <b>Persephone</b> looks alert. (167,138,2)
[19:55:37]EMOTE: *no key*/(Poly) : <b>Poly</b> looks in the BreatheDeep cartridge's direction and takes flight. (80,190,2)
[19:55:41]ADMIN: GimmesumsuccPls/(Akatsuki) has changed the Central Command name to: Typical Centcomm
[19:55:47]SAY: Poly/ : Don&#39;t believe the reports - smoke today! (80,190,2)
[19:55:52]EMOTE: *no key*/(Ian) : <b>Ian</b> dances around. (134,184,2)
[19:55:57]SAY: Poly/ : Twice the calories for half the price! (80,190,2)
[19:56:01]EMOTE: *no key*/(mouse) : <b>The mouse</b> runs in a circle. (202,230,2)
[19:56:08]EMOTE: *no key*/(monkey (210)) : <b>The monkey (210)</b> jumps! (160,140,2)
[19:56:08]SAY: grey baby slime (769)/ : Blop... (107,152,2)
[19:56:12]EMOTE: *no key*/(Persephone) : <b>Persephone</b> crouches on its hind legs. (167,138,2)
[19:56:29]ADMIN: GimmesumsuccPls/(Akatsuki) has created a command report: Hey. Station 13, the syndicate decided to hijack your cargo shuttle. Do us a favor and call it. Then blow it the fuck up? we'll reward you guys. Just do it. Autistic Cunts.
[19:56:29]EMOTE: *no key*/(Persephone) : <b>Persephone</b> stops resting. (167,138,2)
[19:56:36]EMOTE: *no key*/(Citrus) : <b>Citrus</b> dozes off. (170,220,2)
[19:56:39]EMOTE: *no key*/(Poly) : <b>Poly</b> looks in the chief engineer's rubber stamp's direction and takes flight. (80,190,2)
[19:56:43]SAY: Alden Is A Terrorist/Lezus_Konrad : ow the edge. (159,290,2)
[19:56:45]ADMIN: AlcaroIsAFrick/(Alcaro) has changed the Central Command name to: FUCK THE SECURITY
[19:56:46]EMOTE: *no key*/(Persephone) : <b>Persephone</b> twitches its whiskers. (167,137,2)
[19:56:54]EMOTE: *no key*/(monkey (210)) : <b>The monkey (210)</b> jumps! (160,139,2)
[19:56:58]ADMIN: AlcaroIsAFrick/(Alcaro) has created a command report: station 13?? i think you sent it to the wrong one
[19:57:08]EMOTE: *no key*/(grey baby slime (96)) : <b>The grey baby slime (96)</b> bounces in place. (104,163,2)
[19:57:20]ADMIN: GimmesumsuccPls/(Akatsuki) has created a command report: Nope. We defintitely sent it to the right one. Just do us this favor.

[19:57:20]ADMIN: AlcaroIsAFrick/(Alcaro) has created a command report: I think you meant : Paradise, Citadel, Vore
[19:57:21]EMOTE: *no key*/(monkey (179)) : <b>The monkey (179)</b> jumps! (186,119,2)
[19:57:23]EMOTE: *no key*/(monkey (248)) : <b>The monkey (248)</b> waves his tail. (160,141,2)
[19:57:23]SAY: grey baby slime (96)/ : Lonely... (104,163,2)
[19:57:29]EMOTE: *no key*/(monkey (549)) : <b>The monkey (549)</b> waves his tail. (188,118,2)
[19:57:36]ADMIN: Lezus_Konrad/(Alden Is A Terrorist) jumped to Cargo Bay
[19:57:37]SAY: emergency medibot/ : I knew it, I should&#39;ve been a plastic surgeon. (222,84,1)
[19:57:37]EMOTE: *no key*/(Poly) : <b>Poly</b> looks in the Cohiba Robusto cigar's direction and takes flight. (80,190,2)
[19:57:42]ADMIN: AlcaroIsAFrick/(Alcaro) has created a command report: Ok hopefully it's not a shipment of code to add vulpkanins because that would hurt.
[19:57:45]GAME: slader101 became a space pirate
[19:57:45]ACCESS: Mob Login: slader101/(Hepsie Benford) was assigned to a /mob/living/carbon/human
[19:57:48]ADMIN: GimmesumsuccPls/(Akatsuki) has created a command report: Just do us this favor and we'll blow our heads off.
[19:57:52]EMOTE: *no key*/(grey baby slime (769)) : <b>The grey baby slime (769)</b> lights up for a bit, then stops. (108,153,2)
[19:58:01]EMOTE: *no key*/(monkey (216)) : <b>The monkey (216)</b> waves his tail. (184,118,2)
[19:58:06]EMOTE: *no key*/(Persephone) : <b>Persephone</b> shakes its head (166,136,2)
[19:58:11]ADMIN: AlcaroIsAFrick/(Alcaro) jumped to Cargo Bay
[19:58:16]ADMIN: GimmesumsuccPls/(Akatsuki) has created a command report: ...Also. what the fuck is a vulpkanian?..
[19:58:17]EMOTE: *no key*/(grey baby slime (612)) : <b>The grey baby slime (612)</b> vibrates! (112,163,2)
[19:58:27]SAY: Alden Is A Terrorist/Lezus_Konrad : that got meta. (162,225,2)
[19:58:38]EMOTE: *no key*/(monkey (549)) : <b>The monkey (549)</b> rolls. (188,119,2)
[19:58:38]EMOTE: *no key*/(Persephone) : <b>Persephone</b> sits down. (168,136,2)
[19:58:39]EMOTE: *no key*/(Poly) : <b>Poly</b> looks in the premium Havanian cigar's direction and takes flight. (80,190,2)
[19:58:40]ADMIN: slader101/(Captain Cometkeel) deleted Captain Cometkeel at (144, 199, 2)
[19:58:40]ACCESS: Mob Login: slader101/(Captain Cometkeel) was assigned to a /mob/dead/observer
[19:58:42]ADMIN: GimmesumsuccPls/(Akatsuki) has created a command report: Fuck You.
[19:58:45]EMOTE: *no key*/(monkey (179)) : <b>The monkey (179)</b> waves his tail. (184,119,2)
[19:58:47]SAY: Alden Is A Terrorist/Lezus_Konrad : a space furry thing. (162,225,2)
[19:58:53]EMOTE: *no key*/(monkey (549)) : <b>The monkey (549)</b> jumps! (188,119,2)
[19:58:54]SAY: Alden Is A Terrorist/Lezus_Konrad : JUST LIKE VORESTATION! (162,225,2)
[19:58:56]ADMIN: AlcaroIsAFrick/(Alcaro) has created a command report: the typical furry you see in paradise named mizzou
[19:59:04]ADMIN: GimmesumsuccPls/(Akatsuki) has created a command report: Oh god. Burn it with fire-BURN IT WITH FIRE.
[19:59:06]EMOTE: *no key*/(Persephone) : <b>Persephone</b> stops resting. (168,136,2)
[19:59:06]SAY: Medibot/ : I knew it, I should&#39;ve been a plastic surgeon. (154,73,1)
[19:59:14]EMOTE: *no key*/(pug) : <b>Swanson</b> chases its tail. (113,142,2)
[19:59:20]ADMIN: AlcaroIsAFrick/(Alcaro) has created a command report: i wonder whats this SHITment
[19:59:30]ADMIN: GimmesumsuccPls/(Akatsuki) has created a command report: Your cargo shuttle is just about...here.
[19:59:38]ADMIN: Lezus_Konrad/(Alden Is A Terrorist) jumped to CentCom Supply Shuttle Dock
[19:59:43]ADMIN: slader101/(Captain Cometkeel) stuffed slader101 into Harrison Enderly.
[19:59:43]ACCESS: Mob Login: slader101/(Harrison Enderly) was assigned to a /mob/living/carbon/human/species/synth/military
[19:59:52]ADMIN: Lezus_Konrad/(Alden Is A Terrorist) jumped to Cargo Bay
[19:59:54]EMOTE: *no key*/(Ian) : <b>Ian</b> dances around. (133,185,2)
[19:59:55]ADMIN: slader101/(Harrison Enderly) changed the equipment of slader101/(Harrison Enderly) to /datum/outfit/nanotrasencommandercorpse.
[19:59:56]EMOTE: *no key*/(Poly) : <b>Poly</b> looks in the premium Havanian cigar's direction and takes flight. (80,190,2)
[20:00:04]SAY: Phil From Accounting/Bobcat49 : RAAAAAAAAWR! (176,234,2)
[20:00:04]ACCESS: Mob Login: Bobcat49/(lesser ash drake) was assigned to a /mob/living/simple_animal/hostile/megafauna/dragon/lesser
[20:00:09]EMOTE: Bobcat49/(lesser ash drake) : <b>The lesser ash drake</b> collapses into a pile of bones, its flesh sloughing away. (177,234,2)
[20:00:09]ACCESS: Mob Login: Bobcat49/(Phil From Accounting) was assigned to a /mob/living/carbon/human
[20:00:09]EMOTE: Bobcat49/(Phil From Accounting) : <b>Phil From Accounting</b> seizes up and falls limp, their eyes dead and lifeless... (177,234,2)
[20:00:09]EMOTE: *no key*/(warp beacon) : <b>The warp beacon</b> stops moving... (178,236,2)
[20:00:10]ACCESS: Mob Login: Bobcat49/(Phil From Accounting) was assigned to a /mob/dead/observer
[20:00:11]SAY: grey baby slime (612)/ : Blorble... (112,163,2)
[20:00:11]EMOTE: *no key*/(warp beacon) : <b>The warp beacon</b> stops moving... (178,233,2)
[20:00:12]ADMIN: slader101/(Harrison Enderly) changed the equipment of slader101/(Harrison Enderly) to /datum/outfit/ert/commander/alert.
[20:00:13]GAME: <a href='?priv_msg=alcaroisafrick'>AlcaroIsAFrick</a>/(Alcaro) checked the player panel while in game.
[20:00:14]ADMIN: AlcaroIsAFrick/(Alcaro) healed / Revived *no key*/(Phil From Accounting).
[20:00:17]EMOTE: *no key*/(grey baby slime (96)) : <b>The grey baby slime (96)</b> jiggles! (103,161,2)
[20:00:19]EMOTE: *no key*/(warp beacon) : <b>The warp beacon</b> stops moving... (178,235,2)
[20:00:25]EMOTE: *no key*/(pug) : <b>Swanson</b> chases its tail. (112,142,2)
[20:00:27]ADMIN: AlcaroIsAFrick/(Alcaro) has created a command report: thats pretty gay dude
[20:00:32]EMOTE: *no key*/(pug) : <b>Swanson</b> pants. (112,141,2)
[20:00:32]EMOTE: *no key*/(Ian) : <b>Ian</b> dances around. (134,184,2)
[20:00:35]ACCESS: Mob Login: Bobcat49/(Phil From Accounting) was assigned to a /mob/living/carbon/human
[20:00:36]EMOTE: *no key*/(pug) : <b>Swanson</b> pants. (112,141,2)
[20:00:37]EMOTE: *no key*/(warp beacon) : <b>The warp beacon</b> stops moving... (178,231,2)
[20:00:38]EMOTE: *no key*/(warp beacon) : <b>The warp beacon</b> stops moving... (178,234,2)
[20:00:40]EMOTE: *no key*/(warp beacon) : <b>The warp beacon</b> stops moving... (178,232,2)
[20:00:52]SAY: Phil From Accounting/Bobcat49 : RAAAAAAAAWR! (178,237,2)
[20:00:52]ACCESS: Mob Login: Bobcat49/(lesser ash drake) was assigned to a /mob/living/simple_animal/hostile/megafauna/dragon/lesser
[20:00:54]SAY: Medibot/ : I knew it, I should&#39;ve been a plastic surgeon. (154,73,1)
[20:00:58]EMOTE: *no key*/(Poly) : <b>Poly</b> flutters its wings. (80,190,2)
[20:00:59]ADMIN: slader101/(Harrison Enderly) healed / revived slader101/(Harrison Enderly)
[20:01:00]EMOTE: *no key*/(Poly) : <b>Poly</b> looks in the premium cigar's direction and takes flight. (80,190,2)
[20:01:05]ADMIN: GimmesumsuccPls/(Akatsuki) has created a command report: Thank's for taking care of the syndie scum. Here's a corgi.
[20:01:17]GAME: <a href='?priv_msg=alcaroisafrick'>AlcaroIsAFrick</a>/(Alcaro) checked the player panel while in game.
[20:01:18]ADMIN: AlcaroIsAFrick/(Alcaro) healed / Revived AlcaroIsAFrick/(Alcaro).
[20:01:19]ADMIN: slader101/(Harrison Enderly) healed / revived slader101/(Harrison Enderly)
[20:01:25]ADMIN: AlcaroIsAFrick/(Alcaro) deleted Syndicate Operative at (179, 229, 2)
[20:01:25]EMOTE: *no key*/(Ian) : <b>Ian</b> dances around. (135,185,2)
[20:01:25]SAY: lesser ash drake/Bobcat49 : RAAAAAAAAWR! (163,234,2)
[20:01:25]ACCESS: Mob Login: Bobcat49/(Phil From Accounting) was assigned to a /mob/living/carbon/human
[20:01:26]EMOTE: *no key*/(corgi) : <b>Nars-Ian</b> stops moving... (178,234,2)
[20:01:27]EMOTE: *no key*/(Persephone) : <b>Persephone</b> stretches out for a belly rub. (168,140,2)
[20:01:34]ADMIN: AlcaroIsAFrick/(Alcaro) deleted the warp beacon at (178, 231, 2)
[20:01:35]EMOTE: *no key*/(Persephone) : <b>Persephone</b> walks around. (168,140,2)
[20:01:43]ADMIN: slader101/(Harrison Enderly) changed the equipment of slader101/(Harrison Enderly) to /datum/outfit/spec_ops.
[20:01:43]EMOTE: *no key*/(monkey (210)) : <b>The monkey (210)</b> jumps! (160,140,2)
[20:01:49]EMOTE: *no key*/(Persephone) : <b>Persephone</b> meows (166,140,2)
[20:01:49]EMOTE: *no key*/(monkey (216)) : <b>The monkey (216)</b> rolls. (188,118,2)
[20:01:52]ADMIN: AlcaroIsAFrick/(Alcaro) has deleted all (6) instances of /mob/living/simple_animal/hostile/spawner/syndicate.
[20:02:06]EMOTE: *no key*/(corgi) : <b>The corgi puppy</b> stops moving... (178,234,2)
[20:02:09]ADMIN: AlcaroIsAFrick/(Alcaro) has created a command report: thanks for the doggo
[20:02:14]SAY: Phil From Accounting/Bobcat49 : RAAAAAAAAWR! (177,234,2)
[20:02:14]ACCESS: Mob Login: Bobcat49/(lesser ash drake) was assigned to a /mob/living/simple_animal/hostile/megafauna/dragon/lesser
[20:02:14]EMOTE: *no key*/(Poly) : <b>Poly</b> looks in the premium cigar's direction and takes flight. (80,190,2)
[20:02:16]EMOTE: *no key*/(monkey (210)) : <b>The monkey (210)</b> scratches. (160,142,2)
[20:02:17]ADMIN: AlcaroIsAFrick/(Alcaro) has created a command report: wtf    who killed it
[20:02:17]ADMIN: GimmesumsuccPls/(Akatsuki) has created a command report: Enjoy the corgi.-You heartless assholes!
[20:02:30]EMOTE: *no key*/(monkey (179)) : <b>The monkey (179)</b> jumps! (188,118,2)
[20:02:34]ADMIN: slader101/(Harrison Enderly) changed the equipment of slader101/(Harrison Enderly) to /datum/outfit/syndicatecommandocorpse.
[20:02:36]EMOTE: *no key*/(Persephone) : <b>Persephone</b> meows (166,139,2)
[20:02:40]EMOTE: *no key*/(Mojo X) : <b>Mojo X</b> waves its tail. (155,212,2)
[20:02:44]EMOTE: *no key*/(Renault) : <b>Renault</b> barks. (156,196,2)
[20:02:50]EMOTE: *no key*/(Persephone) : <b>Persephone</b> grooms its fur. (167,138,2)
[20:02:53]ADMIN: AlcaroIsAFrick/(Alcaro) has created a command report: THAT SHIPMENT WAS PRETTY FUCKING GAY BUT WE'LL GET THE GUY WHO KILLED THE BABY CORGI
[20:02:58]SAY: lesser ash drake/Bobcat49 : RAAAAAAAAWR! (165,234,2)
[20:02:58]ACCESS: Mob Login: Bobcat49/(Phil From Accounting) was assigned to a /mob/living/carbon/human
[20:02:59]ADMIN: AlcaroIsAFrick/(Alcaro) has entered build mode.
[20:03:01]ADMIN: Build Mode: AlcaroIsAFrick/(Alcaro) built the wall at (172,234,2)
[20:03:02]ADMIN: slader101/(Harrison Enderly) changed the equipment of slader101/(Harrison Enderly) to /datum/outfit/death_commando/officer.
[20:03:03]EMOTE: *no key*/(Persephone) : <b>Persephone</b> wags its tail. (168,138,2)
[20:03:06]SAY: Swanson/ : YAP (110,142,2)
[20:03:07]EMOTE: *no key*/(Persephone) : <b>Persephone</b> crouches on its hind legs. (168,138,2)
[20:03:08]SAY: Medibot/ : There&#39;s always a catch, and I&#39;m the best there is. (155,73,1)
[20:03:12]SAY: Medibot/ : What kind of medbay is this? Everyone&#39;s dropping like flies. (154,73,1)
[20:03:15]EMOTE: *no key*/(Poly) : <b>Poly</b> looks in the Power-ON cartridge's direction and takes flight. (80,190,2)
[20:03:18]EMOTE: *no key*/(Mojo X) : <b>Mojo X</b> waves its tail. (151,213,2)
[20:03:22]EMOTE: *no key*/(monkey (216)) : <b>The monkey (216)</b> scratches. (187,119,2)
[20:03:24]EMOTE: *no key*/(Ian) : <b>Ian</b> dances around. (132,186,2)
[20:03:33]EMOTE: *no key*/(corgi) : <b>The corgi puppy</b> barks! (167,234,2)
[20:03:33]EMOTE: *no key*/(Poly) : <b>Poly</b> bawks! (80,190,2)
[20:03:47]ACCESS: Logout: Lezus_Konrad/(Alden Is A Terrorist)
[20:03:50]ACCESS: Logout: GimmesumsuccPls/(Akatsuki)
[20:03:56]EMOTE: *no key*/(grey baby slime (96)) : <b>The grey baby slime (96)</b> lights up for a bit, then stops. (105,163,2)
[20:03:59]ADMIN: AlcaroIsAFrick/(Alcaro) deleted Alden Is A Terrorist at (166, 229, 2)
[20:03:59]ACCESS: Mob Login: Lezus_Konrad/(Alden Is A Terrorist) was assigned to a /mob/dead/observer
[20:04:01]ACCESS: Login: GimmesumsuccPls from 74.88.77.62-3169572192 || BYOND v511
[20:04:01]ACCESS: Mob Login: GimmesumsuccPls/(Akatsuki) was assigned to a /mob/dead/observer
[20:04:07]EMOTE: *no key*/(Persephone) : <b>Persephone</b> walks around. (168,138,2)
[20:04:11]ADMIN: AlcaroIsAFrick/(Alcaro) deleted the duffel bag at (0, 0, 0)
[20:04:11]SAY: emergency medibot/ : There&#39;s always a catch, and I&#39;m the best there is. (222,84,1)
[20:04:22]SAY: Alcaro/AlcaroIsAFrick : that was some gay ass cargo (166,231,2)
[20:04:27]EMOTE: *no key*/(pug) : <b>Swanson</b> chases its tail. (111,141,2)
[20:04:27]SAY: Alcaro/AlcaroIsAFrick : atleast look we got puppy (166,231,2)
[20:04:30]EMOTE: *no key*/(Poly) : <b>Poly</b> looks in the Power-ON cartridge's direction and takes flight. (80,190,2)
[20:04:31]SAY: Alcaro/AlcaroIsAFrick : for killing the boys (166,231,2)
[20:04:32]EMOTE: *no key*/(Poly) : <b>Poly</b> bawks! (80,190,2)
[20:04:32]ACCESS: Login: Lezus_Konrad from 82.17.116.125-3955108823 || BYOND v512
[20:04:32]ACCESS: Mob Login: Lezus_Konrad/(Alden Is A Terrorist) was assigned to a /mob/dead/observer
[20:04:40]EMOTE: *no key*/(pug) : <b>Swanson</b> shivers. (110,141,2)
[20:04:46]SAY: Nobody's Perfect/ : I knew it, I should&#39;ve been a plastic surgeon. (24,75,1)
[20:04:52]EMOTE: *no key*/(Mojo X) : <b>Mojo X</b> waves its tail. (149,215,2)
[20:05:00]EMOTE: *no key*/(pug) : <b>Swanson</b> chases its tail. (110,141,2)
[20:05:02]GAME: Alden Is A Terrorist/Lezus_Konrad used abandon mob.
[20:05:02]ACCESS: Mob Login: Lezus_Konrad/(new player) was assigned to a /mob/dead/new_player
[20:05:04]EMOTE: *no key*/(grey baby slime (96)) : <b>The grey baby slime (96)</b> lights up for a bit, then stops. (103,162,2)
[20:05:10]ACCESS: Mob Login: Lezus_Konrad/(Alden Is A Terrorist) was assigned to a /mob/living/carbon/human
[20:05:18]EMOTE: *no key*/(corgi) : <b>The corgi puppy</b> shakes its head. (168,236,2)
[20:05:24]SAY: mouse/ : Squeek! (202,231,2)
[20:05:35]EMOTE: *no key*/(Poly) : <b>Poly</b> looks in the Power-ON cartridge's direction and takes flight. (80,190,2)
[20:05:40]EMOTE: *no key*/(Citrus) : <b>Citrus</b> yawns. (169,221,2)
[20:05:43]EMOTE: *no key*/(Persephone) : <b>Persephone</b> twitches its whiskers. (167,137,2)
[20:05:47]EMOTE: *no key*/(grey baby slime (612)) : <b>The grey baby slime (612)</b> vibrates! (112,161,2)
[20:05:49]EMOTE: *no key*/(Persephone) : <b>Persephone</b> wags its tail. (167,136,2)
[20:06:05]EMOTE: *no key*/(monkey (216)) : <b>The monkey (216)</b> waves his tail. (184,119,2)
[20:06:09]EMOTE: *no key*/(midwife (686)) : <b>The midwife (686)</b> stops moving... (150,108,1)
[20:06:09]EMOTE: *no key*/(Mojo X) : <b>Mojo X</b> rolls. (149,216,2)
[20:06:18]EMOTE: *no key*/(monkey (216)) : <b>The monkey (216)</b> scratches. (184,119,2)
[20:06:24]EMOTE: *no key*/(monkey (216)) : <b>The monkey (216)</b> scratches. (184,119,2)
[20:06:30]EMOTE: *no key*/(grey baby slime (769)) : <b>The grey baby slime (769)</b> lights up for a bit, then stops. (109,153,2)
[20:06:34]EMOTE: *no key*/(monkey (210)) : <b>The monkey (210)</b> rolls. (160,139,2)
[20:06:37]EMOTE: *no key*/(Poly) : <b>Poly</b> looks in the Power-ON cartridge's direction and takes flight. (80,190,2)
[20:06:40]EMOTE: *no key*/(Persephone) : <b>Persephone</b> gets up and meows. (167,136,2)
[20:06:43]SAY: Alcaro/AlcaroIsAFrick : cargo shit is fun (167,232,2)
[20:06:44]EMOTE: *no key*/(Persephone) : <b>Persephone</b> crouches on its hind legs. (167,136,2)
[20:06:45]EMOTE: *no key*/(Ian) : <b>Ian</b> pants. (134,187,2)
[20:06:59]ADMIN: Slader101/(Harrison Enderly) has granted slader101 full access.
[20:07:13]EMOTE: *no key*/(monkey (179)) : <b>The monkey (179)</b> jumps! (185,118,2)
[20:07:17]EMOTE: *no key*/(monkey (549)) : <b>The monkey (549)</b> waves his tail. (184,118,2)
[20:07:21]EMOTE: *no key*/(monkey (210)) : <b>The monkey (210)</b> waves her tail. (160,142,2)
[20:07:25]EMOTE: *no key*/(monkey (216)) : <b>The monkey (216)</b> rolls. (185,118,2)
[20:07:29]EMOTE: *no key*/(Persephone) : <b>Persephone</b> crouches on its hind legs. (167,136,2)
[20:07:34]ADMIN: GimmesumsuccPls/(Akatsuki) gave *no key*/(A Little Bitch) the disease /datum/disease/transformation/slime.
[20:07:36]EMOTE: *no key*/(Poly) : <b>Poly</b> looks in the burn patch's direction and takes flight. (80,190,2)
[20:07:37]EMOTE: *no key*/(monkey (549)) : <b>The monkey (549)</b> scratches. (185,118,2)
[20:07:48]ADMIN: Lezus_Konrad/(Alden Is A Terrorist) modified The compact pickaxe's force to from 10 to 1e+008
[20:07:51]ADMIN: GimmesumsuccPls/(Akatsuki) gave *no key*/(A Little Bitch) the disease /datum/disease/advance/hallucigen.
[20:07:51]EMOTE: *no key*/(monkey (179)) : <b>The monkey (179)</b> scratches. (184,118,2)
[20:07:59]ADMIN: Lezus_Konrad/(Alden Is A Terrorist) modified The compact pickaxe's throwforce to from 7 to 1e+008
[20:08:00]ADMIN: AlcaroIsAFrick/(Alcaro) has created a command report: yo crew reminder to follow alcaro everywhere because he's the captain of      Fucktrasen Lmao
[20:08:01]SAY: Poly/ : Try our new nougat bar! (80,190,2)
[20:08:07]ADMIN: GimmesumsuccPls/(Akatsuki) gave *no key*/(A Little Bitch) the disease /datum/disease/parrot_possession.
[20:08:12]EMOTE: *no key*/(Persephone) : <b>Persephone</b> stretches out for a belly rub. (167,136,2)
[20:08:14]EMOTE: *no key*/(Mojo X) : <b>Mojo X</b> waves its tail. (152,216,2)
[20:08:20]EMOTE: *no key*/(Ian) : <b>Ian</b> chases its tail! (134,187,2)
[20:08:23]SAY: Nobody's Perfect/ : There&#39;s always a catch, and I&#39;m the best there is. (24,75,1)
[20:08:24]ACCESS: Login: DexterDone from 89.128.192.46-1733695970 || BYOND v511
[20:08:24]ACCESS: Mob Login: DexterDone/(DexterDone) was assigned to a /mob/dead/new_player
[20:08:29]ADMIN: AlcaroIsAFrick/(Alcaro) has entered build mode.
[20:08:31]ACCESS: Logout: DexterDone/(DexterDone)
[20:08:34]ADMIN: Build Mode: AlcaroIsAFrick/(Alcaro) modified the air flow blocker's (174,232,2) dir to 2
[20:08:35]ADMIN: Build Mode: AlcaroIsAFrick/(Alcaro) modified the air flow blocker's (174,231,2) dir to 2
[20:08:35]ADMIN: Build Mode: AlcaroIsAFrick/(Alcaro) modified the air flow blocker's (174,233,2) dir to 2
[20:08:36]ADMIN: Build Mode: AlcaroIsAFrick/(Alcaro) modified the air flow blocker's (174,234,2) dir to 2
[20:08:37]ADMIN: Build Mode: AlcaroIsAFrick/(Alcaro) modified the air flow blocker's (174,235,2) dir to 2
[20:08:42]EMOTE: *no key*/(Poly) : <b>Poly</b> looks in the Zippo lighter's direction and takes flight. (80,190,2)
[20:08:43]EMOTE: *no key*/(monkey (216)) : <b>The monkey (216)</b> rolls. (184,119,2)
[20:08:45]SAY: emergency medibot/ : I knew it, I should&#39;ve been a plastic surgeon. (222,84,1)
[20:08:48]EMOTE: *no key*/(Mojo X) : <b>Mojo X</b> rolls. (151,215,2)
[20:09:10]ADMIN: AlcaroIsAFrick/(Alcaro) has possessed the conveyor belt (/obj/machinery/conveyor) at (171, 236, 2)
[20:09:12]EMOTE: *no key*/(monkey (549)) : <b>The monkey (549)</b> scratches. (184,119,2)
[20:09:12]EMOTE: *no key*/(grey baby slime (612)) : <b>The grey baby slime (612)</b> bounces in place. (112,161,2)
[20:09:22]EMOTE: *no key*/(monkey (549)) : <b>The monkey (549)</b> scratches. (184,119,2)
[20:09:25]ADMIN: AlcaroIsAFrick/(Alcaro) modified The conveyor belt's movedir to from 1 to 2
[20:09:26]EMOTE: *no key*/(Ian) : <b>Ian</b> barks! (134,186,2)
[20:09:27]ADMIN: AlcaroIsAFrick/(Alcaro) modified The conveyor belt's dir to from 1 to 2
[20:09:36]ADMIN: AlcaroIsAFrick/(Alcaro) modified The conveyor belt's dir to from 1 to 2
[20:09:38]ADMIN: AlcaroIsAFrick/(Alcaro) modified The conveyor belt's movedir to from 1 to 2
[20:09:42]EMOTE: *no key*/(A Little Bitch) : <b>A Little Bitch</b> shakes its head. (171,238,2)
[20:09:48]EMOTE: *no key*/(monkey (248)) : <b>The monkey (248)</b> waves his tail. (160,141,2)
[20:09:54]ADMIN: AlcaroIsAFrick/(Alcaro) has entered build mode.
[20:10:00]ADMIN: Build Mode: AlcaroIsAFrick/(Alcaro) modified the reinforced window's (171,237,2) dir to 2
[20:10:01]ADMIN: Build Mode: AlcaroIsAFrick/(Alcaro) modified the reinforced window's (170,238,2) dir to 2
[20:10:01]ADMIN: Build Mode: AlcaroIsAFrick/(Alcaro) modified the reinforced window's (170,237,2) dir to 2
[20:10:09]SAY: Nobody's Perfect/ : Delicious! (24,75,1)
[20:10:16]EMOTE: *no key*/(monkey (248)) : <b>The monkey (248)</b> scratches. (160,142,2)
[20:10:23]EMOTE: *no key*/(midwife (452)) : <b>The midwife (452)</b> stops moving... (171,241,2)
[20:10:24]EMOTE: *no key*/(Poly) : <b>Poly</b> flutters its wings. (80,190,2)
[20:10:30]EMOTE: *no key*/(Citrus) : <b>Citrus</b> dozes off. (172,220,2)
[20:10:35]SAY: Alcaro/AlcaroIsAFrick : call the shuttle spiders (173,243,2)
[20:10:42]ACCESS: Logout: Lezus_Konrad/(Alden Is A Terrorist)
[20:10:43]SAY: Persephone/ : Esp! (167,136,2)
[20:10:45]SAY: Medibot/ : There&#39;s always a catch, and I&#39;m the best there is. (155,73,1)
[20:10:45]SAY: Medibot/ : I knew it, I should&#39;ve been a plastic surgeon. (154,73,1)
[20:10:54]SAY: Alcaro/AlcaroIsAFrick : what we ordered?? (169,234,2)
[20:10:55]EMOTE: *no key*/(monkey (179)) : <b>The monkey (179)</b> jumps! (187,119,2)
[20:10:58]GAME: <a href='?priv_msg=alcaroisafrick'>AlcaroIsAFrick</a>/(Alcaro) checked the player panel while in game.
[20:10:59]ADMIN: AlcaroIsAFrick/(Alcaro) healed / Revived AlcaroIsAFrick/(Alcaro).
[20:10:59]EMOTE: *no key*/(Persephone) : <b>Persephone</b> gets up and meows. (167,136,2)
[20:11:01]ACCESS: Login: Aira23445 from 179.217.218.104-3570071123 || BYOND v511
[20:11:01]ACCESS: Mob Login: Aira23445/(Aira23445) was assigned to a /mob/dead/new_player
[20:11:09]EMOTE: *no key*/(monkey (549)) : <b>The monkey (549)</b> waves his tail. (186,119,2)
[20:11:21]SAY: Poly/ : Try our new nougat bar! (80,190,2)
[20:11:25]SAY: mouse/ : Squeek! (200,224,2)
[20:11:26]EMOTE: *no key*/(Persephone) : <b>Persephone</b> stretches out for a belly rub. (167,136,2)
[20:11:30]EMOTE: *no key*/(Persephone) : <b>Persephone</b> lies down. (167,136,2)
[20:11:34]EMOTE: *no key*/(Persephone) : <b>Persephone</b> crouches on its hind legs. (167,136,2)
[20:11:36]EMOTE: *no key*/(monkey (549)) : <b>The monkey (549)</b> waves his tail. (185,118,2)
[20:11:40]ADMIN: AlcaroIsAFrick/(Alcaro) has deleted all (1) instances of /obj/structure/spider.
[20:11:40]EMOTE: *no key*/(monkey (210)) : <b>The monkey (210)</b> waves her tail. (160,139,2)
[20:11:48]SAY: Nobody's Perfect/ : Delicious! (24,75,1)
[20:11:48]EMOTE: *no key*/(monkey (210)) : <b>The monkey (210)</b> waves her tail. (160,140,2)
[20:11:48]SAY: grey baby slime (612)/ : Blop... (111,162,2)
[20:11:51]ADMIN: AlcaroIsAFrick/(Alcaro) admin ghosted.
[20:11:51]ACCESS: Mob Login: AlcaroIsAFrick/(Alcaro) was assigned to a /mob/dead/observer
[20:11:56]EMOTE: *no key*/(monkey (216)) : <b>The monkey (216)</b> jumps! (187,119,2)
[20:12:02]ACCESS: Mob Login: AlcaroIsAFrick/(Alcaro) was assigned to a /mob/living/carbon/human
[20:12:02]SAY: Medibot/ : What kind of medbay is this? Everyone&#39;s dropping like flies. (155,73,1)
[20:12:08]EMOTE: *no key*/(giant spider (374)) : <b>The giant spider (374)</b> chitters (184,224,4)
[20:12:12]EMOTE: *no key*/(Persephone) : <b>Persephone</b> crouches on its hind legs. (167,136,2)
[20:12:12]EMOTE: *no key*/(grey baby slime (96)) : <b>The grey baby slime (96)</b> jiggles! (105,163,2)
[20:12:14]ADMIN: AlcaroIsAFrick/(Alcaro) admin ghosted.
[20:12:14]ACCESS: Mob Login: AlcaroIsAFrick/(Alcaro) was assigned to a /mob/dead/observer
[20:12:19]EMOTE: *no key*/(Persephone) : <b>Persephone</b> shakes its head (167,136,2)
[20:12:26]EMOTE: *no key*/(Persephone) : <b>Persephone</b> lies down. (167,136,2)
[20:12:29]ACCESS: Mob Login: AlcaroIsAFrick/(Alcaro) was assigned to a /mob/living/carbon/human
[20:12:29]SAY: Nanotrasen Private Security Officer/ : 411 in progress, requesting backup! (179,224,4)
[20:12:34]EMOTE: *no key*/(giant spider (374)) : <b>The giant spider (374)</b> chitters (184,223,4)
[20:12:34]SAY: Nanotrasen Private Security Officer/ : 411 in progress, requesting backup! (182,225,4)
[20:12:36]SAY: Nanotrasen Private Security Officer/ : 411 in progress, requesting backup! (182,225,4)
[20:12:36]EMOTE: *no key*/(Nanotrasen Private Security Officer) : <b>Nanotrasen Private Security Officer</b> stops moving... (182,225,4)
[20:12:36]EMOTE: *no key*/(giant spider (374)) : <b>The giant spider (374)</b> chitters (183,225,4)
[20:12:39]EMOTE: *no key*/(monkey (179)) : <b>The monkey (179)</b> rolls. (188,118,2)
[20:12:40]ADMIN: AlcaroIsAFrick/(Alcaro) admin ghosted.
[20:12:40]ACCESS: Mob Login: AlcaroIsAFrick/(Alcaro) was assigned to a /mob/dead/observer
[20:12:43]SAY: mouse/ : Squeek? (198,226,2)
[20:12:43]ADMIN: AlcaroIsAFrick/(Alcaro) deleted the midwife (686) at (179, 232, 2)
[20:12:43]ACCESS: Mob Login: AlcaroIsAFrick/(Alcaro) was assigned to a /mob/living/carbon/human
[20:12:45]EMOTE: *no key*/(Ian) : <b>Ian</b> dances around. (135,187,2)
[20:12:47]EMOTE: *no key*/(Persephone) : <b>Persephone</b> wags its tail. (167,136,2)
[20:12:50]ACCESS: Mob Login: Aira23445/(Marcus Scott) was assigned to a /mob/living/carbon/human
[20:12:52]EMOTE: *no key*/(Persephone) : <b>Persephone</b> lies down. (167,136,2)
[20:13:01]GAME: Error: /obj/docking_port/stationary/transit([0x2004658]) took longer than 1 second to delete (took 1.1 seconds to delete)
[20:13:02]SAY: emergency medibot/ : What kind of medbay is this? Everyone&#39;s dropping like flies. (222,84,1)
[20:13:02]SAY: Renault/ : Tchoff (156,194,2)
[20:13:06]EMOTE: *no key*/(mouse) : <b>The mouse</b> shakes. (198,226,2)
[20:13:24]SAY: Nobody's Perfect/ : Radar, put a mask on! (24,75,1)
[20:13:26]ACCESS: Login: Reese4221 from 174.3.0.197-3349096358 || BYOND v511
[20:13:26]ACCESS: Mob Login: Reese4221/(Reese4221) was assigned to a /mob/dead/new_player
[20:13:32]SAY: Alcaro/AlcaroIsAFrick : oops (165,233,2)
[20:13:34]EMOTE: *no key*/(grey baby slime (612)) : <b>The grey baby slime (612)</b> vibrates! (111,162,2)
[20:13:38]SAY: Medibot/ : I knew it, I should&#39;ve been a plastic surgeon. (155,73,1)
[20:13:44]EMOTE: *no key*/(MULEbot) : <b>The MULEbot</b> stops moving... 
[20:13:45]EMOTE: *no key*/(grey baby slime (96)) : <b>The grey baby slime (96)</b> vibrates! (103,161,2)
[20:13:46]EMOTE: *no key*/(A Little Bitch) : <b>A Little Bitch</b> stops moving... (171,237,2)
[20:13:49]ACCESS: Mob Login: Reese4221/(Reese James) was assigned to a /mob/living/carbon/human
[20:13:51]EMOTE: *no key*/(midwife (456)) : <b>The midwife (456)</b> chitters (184,223,4)
[20:13:55]EMOTE: *no key*/(MULEbot) : <b>The MULEbot</b> stops moving... 
[20:13:55]EMOTE: *no key*/(Persephone) : <b>Persephone</b> lies down. (167,136,2)
[20:13:55]EMOTE: *no key*/(monkey (248)) : <b>The monkey (248)</b> rolls. (160,140,2)
[20:14:11]EMOTE: *no key*/(Persephone) : <b>Persephone</b> gets up and meows. (167,136,2)
[20:14:17]SAY: Nobody's Perfect/ : There&#39;s always a catch, and I&#39;m the best there is. (24,75,1)
[20:14:24]EMOTE: *no key*/(Citrus) : <b>Citrus</b> stops moving... (174,222,2)
[20:14:33]EMOTE: *no key*/(grey baby slime (769)) : <b>The grey baby slime (769)</b> lights up for a bit, then stops. (109,153,2)
[20:14:37]EMOTE: *no key*/(Persephone) : <b>Persephone</b> shakes out its coat. (167,136,2)
[20:14:40]EMOTE: *no key*/(monkey (248)) : <b>The monkey (248)</b> waves his tail. (160,140,2)
[20:14:43]EMOTE: *no key*/(watcher) : <b>The watcher</b> stops moving... (113,49,5)
[20:14:44]EMOTE: *no key*/(mouse) : <b>The mouse</b> shakes. (200,225,2)
[20:14:45]ADMIN: Reese4221/(Reese James) jumped to Reese's Lab
[20:14:50]ADMIN: slader101/(Harrison Enderly) healed / revived slader101/(Harrison Enderly)
[20:14:51]ACCESS: Mob Login: GimmesumsuccPls/(Khloe Clewett) was assigned to a /mob/living/carbon/human
[20:14:51]EMOTE: *no key*/(Persephone) : <b>Persephone</b> lies down. (168,136,2)
[20:14:54]EMOTE: *no key*/(monkey (248)) : <b>The monkey (248)</b> scratches. (160,141,2)
[20:15:03]ADMIN: GimmesumsuccPls deadmined themself.
[20:15:10]EMOTE: *no key*/(pug) : <b>Swanson</b> pants. (111,142,2)
[20:15:26]EMOTE: *no key*/(monkey (216)) : <b>The monkey (216)</b> waves his tail. (185,118,2)
[20:15:26]EMOTE: *no key*/(pug) : <b>Swanson</b> chases its tail. (111,143,2)
[20:15:33]ADMIN: GimmesumsuccPls re-adminned themselves.
[20:15:38]EMOTE: *no key*/(Persephone) : <b>Persephone</b> wags its tail. (168,136,2)
[20:15:41]EMOTE: *no key*/(grey baby slime (96)) : <b>The grey baby slime (96)</b> lights up for a bit, then stops. (103,163,2)
[20:15:49]EMOTE: *no key*/(monkey (179)) : <b>The monkey (179)</b> waves his tail. (184,119,2)
[20:15:57]ADMIN: GimmesumsuccPls/(Khloe Clewett) jumped to Abandoned Ship
[20:16:11]EMOTE: *no key*/(giant spider (600)) : <b>The giant spider (600)</b> chitters (181,224,4)
[20:16:13]EMOTE: *no key*/(midwife (456)) : <b>The midwife (456)</b> chitters (183,223,4)
[20:16:13]EMOTE: *no key*/(giant spider (586)) : <b>The giant spider (586)</b> chitters (184,225,4)
[20:16:17]ADMIN: slader101/(Harrison Enderly) admin ghosted.
[20:16:17]ACCESS: Mob Login: slader101/(Harrison Enderly) was assigned to a /mob/dead/observer
[20:16:30]ADMIN: AlcaroIsAFrick/(Alcaro) teleported slader101/(Harrison Enderly)
[20:16:33]ADMIN: GimmesumsuccPls/(Khloe Clewett) admin ghosted.
[20:16:33]ACCESS: Mob Login: GimmesumsuccPls/(Khloe Clewett) was assigned to a /mob/dead/observer
[20:16:35]SAY: Medibot/ : What kind of medbay is this? Everyone&#39;s dropping like flies. (155,73,1)
[20:16:38]ADMIN: GimmesumsuccPls/(Khloe Clewett) teleported @GimmesumsuccPls[DC]/(Khloe Clewett) to (192,222,4)
[20:16:38]ACCESS: Mob Login: slader101/(Harrison Enderly) was assigned to a /mob/living/carbon/human/species/synth/military
[20:16:44]ADMIN: Reese4221/(Reese James) jumped to Steel Rain
[20:16:47]ADMIN: slader101/(Harrison Enderly) jumped to Aft Primary Hallway
[20:16:47]EMOTE: @GimmesumsuccPls[DC]/(Khloe Clewett) : <b>Khloe Clewett</b> gasps! (192,222,4)
[20:16:51]ACCESS: Logout: Aira23445/(Marcus Scott)
[20:16:52]EMOTE: *no key*/(Persephone) : <b>Persephone</b> crouches on its hind legs. (168,136,2)
[20:16:53]ADMIN: AlcaroIsAFrick/(Alcaro) teleported slader101/(Harrison Enderly)
[20:16:54]EMOTE: @GimmesumsuccPls[DC]/(Khloe Clewett) : <b>Khloe Clewett</b> gasps! (192,222,4)
[20:16:58]EMOTE: *no key*/(Mojo X) : <b>Mojo X</b> rolls. (160,215,2)
[20:17:04]EMOTE: @GimmesumsuccPls[DC]/(Khloe Clewett) : <b>Khloe Clewett</b> seizes up and falls limp, her eyes dead and lifeless... (192,222,4)
[20:17:06]SAY: Nobody's Perfect/ : I knew it, I should&#39;ve been a plastic surgeon. (24,75,1)
[20:17:10]EMOTE: *no key*/(monkey (248)) : <b>The monkey (248)</b> scratches. (160,142,2)
[20:17:12]ACCESS: Mob Login: GimmesumsuccPls/(Khloe Clewett) was assigned to a /mob/living/carbon/human
[20:17:21]ADMIN: Reese4221/(Reese James) jumped to Kitchen
[20:17:25]EMOTE: *no key*/(monkey (549)) : <b>The monkey (549)</b> jumps! (188,119,2)
[20:17:25]SAY: grey baby slime (96)/ : Lonely... (105,163,2)
[20:17:26]EMOTE: *no key*/(Poly) : <b>Poly</b> bawks! (80,190,2)
[20:17:29]EMOTE: *no key*/(pug) : <b>Swanson</b> chases its tail. (111,143,2)
[20:17:34]GAME: <a href='?priv_msg=gimmesumsuccpls'>GimmesumsuccPls</a>/(Khloe Clewett) checked the player panel while in game.
[20:17:35]SAY: Medibot/ : Delicious! (155,73,1)
[20:17:35]ADMIN: GimmesumsuccPls/(Khloe Clewett) healed / Revived GimmesumsuccPls/(Khloe Clewett).
[20:17:36]ADMIN: GimmesumsuccPls/(Khloe Clewett) healed / Revived GimmesumsuccPls/(Khloe Clewett).
[20:17:37]EMOTE: *no key*/(mouse) : <b>The mouse</b> shakes. (197,225,2)
[20:17:58]SAY: Khloe Clewett/GimmesumsuccPls : HELP ME!!! (22,23,13)
[20:18:09]SAY: Khloe Clewett/GimmesumsuccPls : AAAAAAAAAAAAAAAAAAAAAAAAAAAA (109,257,2)
[20:18:10]EMOTE: *no key*/(Persephone) : <b>Persephone</b> gets up and meows. (168,136,2)
[20:18:15]EMOTE: *no key*/(giant spider (600)) : <b>The giant spider (600)</b> chitters (107,262,2)
[20:18:17]EMOTE: *no key*/(monkey (179)) : <b>The monkey (179)</b> rolls. (186,119,2)
[20:18:28]EMOTE: *no key*/(Persephone) : <b>Persephone</b> wags its tail. (168,138,2)
[20:18:29]EMOTE: *no key*/(giant spider (872)) : <b>The giant spider (872)</b> chitters (110,261,2)
[20:18:35]EMOTE: *no key*/(giant spider (817)) : <b>The giant spider (817)</b> chitters (111,261,2)
[20:18:40]EMOTE: *no key*/(giant spider (817)) : <b>The giant spider (817)</b> chitters (111,261,2)
[20:18:40]EMOTE: *no key*/(giant spider (872)) : <b>The giant spider (872)</b> chitters (110,261,2)
[20:18:43]EMOTE: *no key*/(monkey (549)) : <b>The monkey (549)</b> jumps! (185,119,2)
[20:18:45]ADMIN: AlcaroIsAFrick/(Alcaro) has entered build mode.
[20:18:47]SAY: Persephone/ : Meow! (168,138,2)
[20:18:50]ADMIN: Build Mode: AlcaroIsAFrick/(Alcaro) modified the tiny fan's (305,8,2) dir to 2
[20:18:51]ADMIN: Reese4221/(Reese James) jumped to UO45 Research
[20:18:54]ADMIN: AlcaroIsAFrick/(Alcaro) deleted Mining External Airlock at (305, 8, 2)
[20:18:56]EMOTE: *no key*/(giant spider (586)) : <b>The giant spider (586)</b> chitters (109,261,2)
[20:18:56]ADMIN: AlcaroIsAFrick/(Alcaro) deleted Mining External Airlock at (305, 11, 2)
[20:18:58]GAME: <a href='?priv_msg=gimmesumsuccpls'>GimmesumsuccPls</a>/(Khloe Clewett) checked the player panel while in game.
[20:19:05]EMOTE: *no key*/(giant spider (817)) : <b>The giant spider (817)</b> chitters (111,261,2)
[20:19:09]EMOTE: *no key*/(monkey (549)) : <b>The monkey (549)</b> jumps! (185,119,2)
[20:19:09]ADMIN: Reese4221/(Reese James) deleted Research Storage at (279, 34, 2)
[20:19:10]SAY: mouse/ : Squeek? (199,224,2)
[20:19:10]ADMIN: AlcaroIsAFrick/(Alcaro) deleted Processing Area at (305, 18, 2)
[20:19:12]EMOTE: *no key*/(giant spider (374)) : <b>The giant spider (374)</b> chitters (111,260,2)
[20:19:12]ADMIN: GimmesumsuccPls/(Khloe Clewett) has traitor'ed Khloe Clewett.
[20:19:14]EMOTE: *no key*/(giant spider (586)) : <b>The giant spider (586)</b> chitters (109,261,2)
[20:19:14]EMOTE: *no key*/(giant spider (817)) : <b>The giant spider (817)</b> chitters (111,261,2)
[20:19:14]EMOTE: *no key*/(giant spider (872)) : <b>The giant spider (872)</b> chitters (110,261,2)
[20:19:16]EMOTE: *no key*/(giant spider (374)) : <b>The giant spider (374)</b> chitters (111,260,2)
[20:19:20]ADMIN: GimmesumsuccPls/(Khloe Clewett) tried and failed to give Khloe Clewett an uplink.
[20:19:21]EMOTE: *no key*/(Persephone) : <b>Persephone</b> walks around. (168,138,2)
[20:19:21]EMOTE: *no key*/(giant spider (374)) : <b>The giant spider (374)</b> chitters (111,260,2)
[20:19:21]SAY: Persephone/ : Meow! (168,138,2)
[20:19:22]EMOTE: *no key*/(Ian) : <b>Ian</b> yaps. (134,184,2)
