

Starting up round ID . 18:38:50
---------------------
[18:38:50]ADMIN: Loading Banlist
[18:38:51]ACCESS: Login: AlcaroIsAFrick from 127.0.0.1-1817465521 || BYOND v511
[18:38:51]ACCESS: Mob Login: AlcaroIsAFrick/(AlcaroIsAFrick) was assigned to a /mob/dead/new_player
[18:38:51]ACCESS: Login: Godintraining51 from 12.160.25.99-1144666102 || BYOND v511
[18:38:51]ACCESS: Mob Login: Godintraining51/(Godintraining51) was assigned to a /mob/dead/new_player
[18:38:51]ACCESS: Login: GimmesumsuccPls from 74.88.72.25-3169572192 || BYOND v511
[18:38:51]ACCESS: Mob Login: GimmesumsuccPls/(GimmesumsuccPls) was assigned to a /mob/dead/new_player
[18:38:51]ACCESS: Login: Skarrj from 71.193.228.57-2972835064 || BYOND v511
[18:38:51]ACCESS: Mob Login: Skarrj/(Skarrj) was assigned to a /mob/dead/new_player
[18:38:51]ACCESS: Login: V.E.G.A12 from 173.190.14.77-1034625884 || BYOND v512
[18:38:51]ACCESS: Mob Login: V.E.G.A12/(V.E.G.A12) was assigned to a /mob/dead/new_player
[18:38:52]ACCESS: Login: Slader101 from 38.122.55.74-4185365152 || BYOND v511
[18:38:52]ACCESS: Mob Login: Slader101/(Slader101) was assigned to a /mob/dead/new_player
[18:38:52]GAME: Saved mode is 'sandbox'
[18:39:04]ACCESS: Logout: Godintraining51/(Godintraining51)
[18:39:30]GAME: Hierophant's Arena loaded at at 182,144,5
[18:39:30]GAME: Blood-Drunk Miner (Hunter) loaded at at 36,164,5
[18:39:30]GAME: Ash Walker Nest loaded at at 207,90,5
[18:39:30]GAME: Survival Capsule Ruins loaded at at 36,152,5
[18:39:30]GAME: Ruin of Envy loaded at at 112,157,5
[18:39:30]GAME: Animal Hospital loaded at at 92,116,5
[18:39:30]GAME: Xenomorph Nest loaded at at 173,40,5
[18:39:31]GAME: Abandoned Telecommunications Satellite loaded at at 118,146,4
[18:39:31]GAME: Asteroid 1 loaded at at 92,154,9
[18:39:31]GAME: DJ Station loaded at at 37,153,7
[18:39:31]GAME: Detached Teleporter loaded at at 107,67,3
[18:39:32]GAME: Ancient Space Station loaded at at 99,44,11
[18:39:32]GAME: Asteroid 3 loaded at at 104,103,11
[18:39:32]GAME: Dinner for Two loaded at at 124,135,11
[18:39:32]GAME: Derelict 1 loaded at at 161,187,8
[18:39:32]GAME: Derelict 5 loaded at at 119,124,3
[18:39:32]GAME: Unnamed Turreted Outpost loaded at at 196,53,4
[18:39:32]GAME: Asteroid 4 loaded at at 70,188,4
[18:39:33]GAME: Asteroid 5 loaded at at 160,95,4
[18:39:34]GAME: Kosmicheskaya Stantsiya 13 loaded at at 119,76,7
[18:39:34]GAME: Disposal Facility 17 loaded at at 201,154,9
[18:39:34]GAME: Empty Shell loaded at at 53,208,9
[18:39:34]GAME: Derelict 3 loaded at at 60,94,10
[18:40:30]ADMIN: AlcaroIsAFrick/(AlcaroIsAFrick) has toggled the server's hub status for the round, it is now off the hub.
[18:40:31]ADMIN: AlcaroIsAFrick/(AlcaroIsAFrick) has toggled the server's hub status for the round, it is now on the hub.
[18:40:37]ADMIN: AlcaroIsAFrick/(AlcaroIsAFrick) has toggled the server's hub status for the round, it is now off the hub.
[18:40:38]ADMIN: AlcaroIsAFrick/(AlcaroIsAFrick) has toggled the server's hub status for the round, it is now on the hub.
[18:42:46]ACCESS: Mob Login: AlcaroIsAFrick/(Jake Pal Pusy Slayer) was assigned to a /mob/living/carbon/human
[18:42:47]ACCESS: Mob Login: V.E.G.A12/(ghost) was assigned to a /mob/dead/observer
[18:42:50]ACCESS: Mob Login: Skarrj/(Rick Smith) was assigned to a /mob/living/carbon/human
[18:42:55]SAY: Officer Beepsky/ : Engaging patrol mode. (193,130,2)
[18:42:55]SAY: Prison Ofitser/ : Engaging patrol mode. (23,36,5)
[18:42:55]SAY: Prison Ofitser/ : Disengaging patrol mode. (23,36,5)
[18:42:57]EMOTE: *no key*/(mouse) : <b>The mouse</b> runs in a circle. (209,171,2)
[18:43:08]SAY: emergency medibot/ : Delicious! (222,84,1)
[18:43:38]SAY: Medibot/ : Radar, put a mask on! (155,73,1)
[18:43:50]EMOTE: *no key*/(monkey (382)) : <b>The monkey (382)</b> rolls. (194,58,2)
[18:43:55]SAY: Poly/ : Try our new nougat bar! (87,130,2)
[18:44:01]EMOTE: *no key*/(Poly) : <b>Poly</b> looks in the BreatheDeep cartridge's direction and takes flight. (87,130,2)
[18:44:06]ACCESS: Logout: Slader101/(Slader101)
[18:44:08]EMOTE: *no key*/(Ian) : <b>Ian</b> dances around. (144,122,2)
[18:44:10]SAY: grey baby slime (222)/ : Lonely... (115,91,2)
[18:44:16]EMOTE: *no key*/(grey baby slime (570)) : <b>The grey baby slime (570)</b> vibrates! (112,103,2)
[18:44:25]EMOTE: *no key*/(Runtime) : <b>Runtime</b> meows (173,79,2)
[18:44:31]SAY: Poly/ : Breaking news from Station Announcements! (87,130,2)
[18:44:57]EMOTE: *no key*/(monkey (613)) : <b>The monkey (613)</b> rolls. (167,80,2)
[18:44:59]EMOTE: *no key*/(Poly) : <b>Poly</b> looks in the BreatheDeep cartridge's direction and takes flight. (87,130,2)
[18:45:05]SAY: emergency Medibot/ : What kind of medbay is this? Everyone&#39;s dropping like flies. (107,125,5)
[18:45:08]EMOTE: *no key*/(Poly) : <b>Poly</b> squawks. (87,130,2)
[18:45:09]ADMIN: Skarrj/(Rick Smith) spawned /obj/item/circuitboard/machine/gulag_teleporter at (199,219,2)
[18:45:12]EMOTE: *no key*/(Citrus) : <b>Citrus</b> looks around sleepily. (179,162,2)
[18:45:13]EMOTE: *no key*/(grey baby slime (570)) : <b>The grey baby slime (570)</b> jiggles! (111,103,2)
[18:45:56]ADMIN: Skarrj/(Rick Smith) spawned /obj/structure/showcase/machinery/implanter at (199,219,2)
[18:46:02]SAY: Renault/ : Ack-Ack-Ack-Ackawoooo (161,133,2)
[18:46:09]EMOTE: *no key*/(monkey (138)) : <b>The monkey (138)</b> waves her tail. (194,59,2)
[18:46:21]ADMIN: Skarrj/(Rick Smith) spawned /obj/item/circuitboard/machine/limbgrower at (196,219,2)
[18:46:24]EMOTE: *no key*/(Poly) : <b>Poly</b> looks in the BreatheDeep cartridge's direction and takes flight. (87,130,2)
[18:46:36]ADMIN: Skarrj/(Rick Smith) spawned /obj/machinery/limbgrower at (196,219,2)
[18:46:39]EMOTE: *no key*/(monkey (382)) : <b>The monkey (382)</b> scratches. (195,59,2)
[18:46:45]EMOTE: *no key*/(monkey (561)) : <b>The monkey (561)</b> rolls. (167,82,2)
[18:46:56]ADMIN: Skarrj/(Rick Smith) spawned /obj/item/reagent_containers/glass/beaker/synthflesh at (196,218,2)
[18:47:01]SAY: Poly/ : Breaking news from Station Announcements! (87,130,2)
[18:47:12]EMOTE: *no key*/(pug) : <b>Swanson</b> barks! (112,81,2)
[18:47:15]ADMIN: Skarrj/(Rick Smith) spawned /obj/item/reagent_containers/food/snacks/meat/slab/synthmeat at (196,218,2)
[18:47:16]SAY: Ian/ : AUUUUUU (144,121,2)
[18:47:20]EMOTE: *no key*/(Poly) : <b>Poly</b> looks in the chief engineer's rubber stamp's direction and takes flight. (87,130,2)
[18:47:49]EMOTE: *no key*/(pug) : <b>Swanson</b> shakes its head. (112,81,2)
[18:47:59]SAY: Ian/ : YAP (144,122,2)
[18:48:05]EMOTE: *no key*/(Runtime) : <b>Runtime</b> sits down. (173,80,2)
[18:48:06]SAY: Poly/ : Try our new nougat bar! (87,130,2)
[18:48:11]EMOTE: *no key*/(Ian) : <b>Ian</b> chases its tail! (144,122,2)
[18:48:14]SAY: mouse/ : Squeek? (209,171,2)
[18:48:15]EMOTE: *no key*/(Runtime) : <b>Runtime</b> wags its tail. (173,80,2)
[18:48:18]EMOTE: *no key*/(Poly) : <b>Poly</b> looks in the Cohiba Robusto cigar's direction and takes flight. (87,130,2)
[18:48:25]SAY: Swanson/ : Woof! (112,82,2)
[18:48:25]SAY: Renault/ : Awoo (162,136,2)
[18:48:35]ADMIN: Skarrj/(Rick Smith) spawned /obj/machinery/teleport at (197,222,2)
[18:48:39]EMOTE: *no key*/(monkey (138)) : <b>The monkey (138)</b> waves her tail. (194,59,2)
[18:48:39]EMOTE: *no key*/(monkey (613)) : <b>The monkey (613)</b> jumps! (167,79,2)
[18:48:39]EMOTE: *no key*/(Mojo VIII) : <b>Mojo VIII</b> jumps! (143,153,2)
[18:48:45]EMOTE: *no key*/(grey baby slime (998)) : <b>The grey baby slime (998)</b> vibrates! (119,103,2)
[18:49:05]EMOTE: *no key*/(monkey (300)) : <b>The monkey (300)</b> rolls. (167,82,2)
[18:49:06]SAY: Nobody's Perfect/ : Delicious! (24,75,1)
[18:49:15]EMOTE: *no key*/(Runtime) : <b>Runtime</b> gets up and meows. (173,80,2)
[18:49:16]EMOTE: *no key*/(Poly) : <b>Poly</b> looks in the premium Havanian cigar's direction and takes flight. (87,130,2)
[18:49:25]EMOTE: *no key*/(Mojo VIII) : <b>Mojo VIII</b> scratches. (143,152,2)
[18:49:30]EMOTE: *no key*/(pug) : <b>Swanson</b> chases its tail. (113,82,2)
[18:49:32]SAY: emergency Medibot/ : I knew it, I should&#39;ve been a plastic surgeon. (107,125,5)
[18:49:38]EMOTE: *no key*/(Ian) : <b>Ian</b> barks! (143,122,2)
[18:49:42]ADMIN: Skarrj/(Rick Smith) spawned /mob/living/simple_animal/hostile/retaliate/ghost at (197,221,2)
[18:49:51]EMOTE: *no key*/(Mojo VIII) : <b>Mojo VIII</b> rolls. (141,151,2)
[18:49:57]EMOTE: *no key*/(monkey (300)) : <b>The monkey (300)</b> scratches. (167,79,2)
[18:49:59]GAME: <span class='boldannounce'>Rebooting World. Initiated by AlcaroIsAFrick.</span>
[18:50:00]ACCESS: Logout: Skarrj/(Rick Smith)
[18:50:00]ACCESS: Logout: AlcaroIsAFrick/(Jake Pal Pusy Slayer)
[18:50:00]ACCESS: Logout: GimmesumsuccPls/(GimmesumsuccPls)
[18:50:00]ACCESS: Logout: V.E.G.A12/(Raul Kemble)
