

Starting up round ID . 00:15:08
---------------------
[00:15:08]ADMIN: Loading Banlist
[00:15:09]ACCESS: Login: Noober84555 from 127.0.0.1-645371209 || BYOND v511
[00:15:09]ACCESS: Mob Login: Noober84555/(Noober84555) was assigned to a /mob/dead/new_player
[00:15:09]GAME: Saved mode is 'sandbox'
[00:15:09]ACCESS: Login: Ss13isaids from 209.206.119.128-732805661 || BYOND v511
[00:15:09]ACCESS: Mob Login: Ss13isaids/(Ss13isaids) was assigned to a /mob/dead/new_player
[00:15:09]ACCESS: Login: BadPanacea from 70.179.29.163-3862242253 || BYOND v512
[00:15:09]ACCESS: Mob Login: BadPanacea/(BadPanacea) was assigned to a /mob/dead/new_player
[00:15:10]ACCESS: Login: Deathshot958ks from 45.17.219.43-1585493266 || BYOND v511
[00:15:10]ACCESS: Mob Login: Deathshot958ks/(Deathshot958ks) was assigned to a /mob/dead/new_player
[00:16:36]ADMIN: BadPanacea/(BadPanacea) jumped to Ss13isaids/(Ss13isaids)
[00:18:00]GAME: *null* has triggered a gibtonite deposit reaction at Lavaland Wastes (<a href='?_src_=holder;admin_token=988439163103894549137910478105710310;adminplayerobservecoodjump=1;X=52;Y=66;Z=5'>JMP</a>).
[00:18:02]EMOTE: *no key*/(Pun Pun II) : <b>Pun Pun II</b> waves its tail. (138,215,2)
[00:18:02]SAY: Officer Beepsky/ : Engaging patrol mode. (186,190,2)
[00:18:02]SAY: Poly/ : Check the crystal, you chucklefucks! (81,191,2)
[00:18:03]SAY: Prison Ofitser/ : Engaging patrol mode. (23,36,5)
[00:18:03]SAY: Prison Ofitser/ : Disengaging patrol mode. (23,36,5)
[00:18:08]ACCESS: Mob Login: Noober84555/(U To Fat Irl) was assigned to a /mob/living/carbon/human
[00:18:13]ACCESS: Mob Login: BadPanacea/(Itchy Tingle) was assigned to a /mob/living/carbon/human
[00:18:23]ACCESS: Mob Login: Ss13isaids/(dab dab) was assigned to a /mob/living/carbon/human
[00:18:36]SAY: Itchy Tingle/BadPanacea : please dont bully me (143,264,2)
[00:18:36]EMOTE: *no key*/(Persephone) : <b>Persephone</b> grooms its fur. (166,139,2)
[00:18:36]EMOTE: *no key*/(grey baby slime (537)) : <b>The grey baby slime (537)</b> lights up for a bit, then stops. (112,161,2)
[00:18:42]EMOTE: *no key*/(grey baby slime (620)) : <b>The grey baby slime (620)</b> lights up for a bit, then stops. (104,161,2)
[00:18:47]SAY: dab dab/Ss13isaids : put a banging donk on it (142,263,2)
[00:18:48]EMOTE: *no key*/(grey baby slime (620)) : <b>The grey baby slime (620)</b> lights up for a bit, then stops. (104,161,2)
[00:18:56]EMOTE: *no key*/(Persephone) : <b>Persephone</b> lies down. (167,139,2)
[00:18:58]EMOTE: *no key*/(monkey (706)) : <b>The monkey (706)</b> waves her tail. (187,119,2)
[00:19:07]ACCESS: Logout: Noober84555/(U To Fat Irl)
[00:19:08]EMOTE: *no key*/(Ian) : <b>Ian</b> shivers. (137,181,2)
[00:19:10]ACCESS: Login: Noober84555 from 127.0.0.1-645371209 || BYOND v511
[00:19:10]ACCESS: Mob Login: Noober84555/(U To Fat Irl) was assigned to a /mob/living/carbon/human
[00:19:13]ACCESS: Logout: Deathshot958ks/(Deathshot958ks)
[00:19:13]ACCESS: Logout: BadPanacea/(Itchy Tingle)
[00:19:14]ACCESS: Logout: Ss13isaids/(dab dab)
[00:19:15]EMOTE: *no key*/(Poly) : <b>Poly</b> looks in the BreatheDeep cartridge's direction and takes flight. (80,190,2)
[00:19:23]SAY: Poly/ : I live, I die, I live again! (80,190,2)
[00:19:25]EMOTE: *no key*/(monkey (937)) : <b>The monkey (937)</b> waves her tail. (184,118,2)
[00:19:27]EMOTE: *no key*/(monkey (981)) : <b>The monkey (981)</b> jumps! (160,139,2)
[00:19:52]EMOTE: *no key*/(monkey (304)) : <b>The monkey (304)</b> rolls. (160,141,2)
[00:19:55]EMOTE: *no key*/(pug) : <b>Swanson</b> chases its tail. (107,142,2)
[00:20:01]EMOTE: *no key*/(Ian) : <b>Ian</b> woofs! (137,182,2)
[00:20:05]EMOTE: *no key*/(Persephone) : <b>Persephone</b> mews (167,139,2)
[00:20:07]SAY: Nobody's Perfect/ : Radar, put a mask on! (24,75,1)
[00:20:16]EMOTE: *no key*/(Poly) : <b>Poly</b> looks in the BreatheDeep cartridge's direction and takes flight. (80,190,2)
[00:20:23]EMOTE: *no key*/(pug) : <b>Swanson</b> chases its tail. (106,142,2)
[00:20:26]SAY: emergency medibot/ : What kind of medbay is this? Everyone&#39;s dropping like flies. (222,84,1)
[00:20:27]EMOTE: *no key*/(monkey (958)) : <b>The monkey (958)</b> scratches. (185,118,2)
[00:20:31]EMOTE: *no key*/(grey baby slime (4)) : <b>The grey baby slime (4)</b> bounces in place. (109,153,2)
[00:20:36]EMOTE: *no key*/(pug) : <b>Swanson</b> chases its tail. (105,142,2)
[00:20:44]EMOTE: *no key*/(monkey (958)) : <b>The monkey (958)</b> waves his tail. (184,118,2)
[00:20:44]EMOTE: *no key*/(Ian) : <b>Ian</b> pants. (137,181,2)
[00:20:46]EMOTE: *no key*/(Citrus) : <b>Citrus</b> dozes off. (170,221,2)
[00:20:50]EMOTE: *no key*/(grey baby slime (620)) : <b>The grey baby slime (620)</b> jiggles! (104,162,2)
[00:20:59]EMOTE: *no key*/(mouse) : <b>The mouse</b> shakes. (200,231,2)
[00:21:00]EMOTE: *no key*/(monkey (706)) : <b>The monkey (706)</b> rolls. (188,119,2)
[00:21:02]EMOTE: *no key*/(monkey (981)) : <b>The monkey (981)</b> waves her tail. (160,139,2)
[00:21:02]EMOTE: *no key*/(grey baby slime (537)) : <b>The grey baby slime (537)</b> jiggles! (112,161,2)
[00:21:04]EMOTE: *no key*/(monkey (589)) : <b>The monkey (589)</b> jumps! (200,21,2)
[00:21:10]SAY: grey baby slime (537)/ : Blorble... (112,162,2)
[00:21:11]EMOTE: *no key*/(Poly) : <b>Poly</b> looks in the BreatheDeep cartridge's direction and takes flight. (80,190,2)
[00:21:14]EMOTE: *no key*/(monkey (958)) : <b>The monkey (958)</b> waves his tail. (184,119,2)
[00:21:24]EMOTE: *no key*/(monkey (937)) : <b>The monkey (937)</b> rolls. (184,119,2)
[00:21:34]SAY: emergency medibot/ : Delicious! (222,84,1)
[00:21:35]EMOTE: *no key*/(grey baby slime (4)) : <b>The grey baby slime (4)</b> lights up for a bit, then stops. (109,152,2)
[00:21:46]SAY: Medibot/ : I knew it, I should&#39;ve been a plastic surgeon. (155,73,1)
[00:21:54]EMOTE: *no key*/(mouse) : <b>The mouse</b> runs in a circle. (201,231,2)
[00:21:59]EMOTE: *no key*/(Ian) : <b>Ian</b> chases its tail! (136,182,2)
[00:22:07]EMOTE: *no key*/(Poly) : <b>Poly</b> looks in the chief engineer's rubber stamp's direction and takes flight. (80,190,2)
[00:22:09]EMOTE: *no key*/(grey baby slime (4)) : <b>The grey baby slime (4)</b> vibrates! (108,153,2)
[00:22:09]SAY: Renault/ : Geckers (154,194,2)
[00:22:17]EMOTE: *no key*/(monkey (732)) : <b>The monkey (732)</b> scratches. (203,21,2)
[00:22:29]EMOTE: *no key*/(monkey (304)) : <b>The monkey (304)</b> scratches. (160,140,2)
[00:22:30]SAY: Persephone/ : Esp! (167,139,2)
[00:22:32]EMOTE: *no key*/(Poly) : <b>Poly</b> flutters its wings. (80,190,2)
[00:22:36]SAY: Medibot/ : Delicious! (154,73,1)
[00:22:37]EMOTE: *no key*/(monkey (304)) : <b>The monkey (304)</b> waves his tail. (160,140,2)
[00:22:43]EMOTE: *no key*/(grey baby slime (620)) : <b>The grey baby slime (620)</b> lights up for a bit, then stops. (105,162,2)
[00:23:02]EMOTE: *no key*/(Poly) : <b>Poly</b> looks in the Cohiba Robusto cigar's direction and takes flight. (80,190,2)
[00:23:13]EMOTE: *no key*/(monkey (697)) : <b>The monkey (697)</b> jumps! (204,25,2)
[00:23:29]EMOTE: *no key*/(Persephone) : <b>Persephone</b> wags its tail. (167,139,2)
[00:23:31]EMOTE: *no key*/(monkey (697)) : <b>The monkey (697)</b> waves his tail. (204,25,2)
[00:23:35]EMOTE: *no key*/(mouse) : <b>The mouse</b> shakes. (202,230,2)
[00:23:35]EMOTE: *no key*/(monkey (304)) : <b>The monkey (304)</b> rolls. (160,140,2)
[00:23:43]EMOTE: *no key*/(Persephone) : <b>Persephone</b> lies down. (167,139,2)
[00:23:50]EMOTE: *no key*/(monkey (324)) : <b>The monkey (324)</b> jumps! (188,8,2)
[00:23:58]EMOTE: *no key*/(grey baby slime (537)) : <b>The grey baby slime (537)</b> jiggles! (111,163,2)
[00:23:59]EMOTE: *no key*/(Poly) : <b>Poly</b> looks in the premium Havanian cigar's direction and takes flight. (80,190,2)
[00:24:12]EMOTE: *no key*/(Pun Pun II) : <b>Pun Pun II</b> scratches. (140,212,2)
[00:24:24]EMOTE: *no key*/(mouse) : <b>The mouse</b> squeeks. (196,227,2)
[00:24:30]EMOTE: *no key*/(monkey (697)) : <b>The monkey (697)</b> jumps! (204,25,2)
[00:24:38]EMOTE: *no key*/(Pun Pun II) : <b>Pun Pun II</b> rolls. (140,211,2)
[00:24:42]EMOTE: *no key*/(Persephone) : <b>Persephone</b> walks around. (167,139,2)
[00:24:46]ACCESS: Logout: Noober84555/(U To Fat Irl)
