

Starting up round ID . 19:31:39
---------------------
Initialized Blackbox subsystem within 0 seconds!
Initialized Server Tasks subsystem within 0 seconds!
Initialized Events subsystem within 0 seconds!
runtime error: 
[19:31:40]cannot read from list
[19:31:40]proc name: LoadJobs (/datum/controller/subsystem/job/proc/LoadJobs)
[19:31:40]  source file: job.dm,448
[19:31:40]  usr: null
[19:31:40]  src: Jobs (/datum/controller/subsystem/job)
[19:31:40]  call stack:
[19:31:40]Jobs (/datum/controller/subsystem/job): LoadJobs()
[19:31:40]Jobs (/datum/controller/subsystem/job): Initialize(847002)
[19:31:40]Master (/datum/controller/master): Initialize(10, 0)
Initialized Jobs subsystem within 0.1 seconds!
Initialized Ticker subsystem within 0 seconds!
Loading Delta Station...
runtime error: 
[19:32:37]Cannot execute /datum/plant_gene/trait/glow (/datum/plant_gene/trait/glow).glow range().
[19:32:37]proc name: New (/obj/structure/glowshroom/New)
[19:32:37]  source file: glowshroom.dm,63
[19:32:37]  usr: null
[19:32:37]  src: the glowshroom (/obj/structure/glowshroom/single)
[19:32:37]  src.loc: Cave Floor (303,71,2) (/turf/open/floor/plating/asteroid)
[19:32:37]  call stack:
[19:32:37]the glowshroom (/obj/structure/glowshroom/single): New(Cave Floor (303,71,2) (/turf/open/floor/plating/asteroid), null, null)
[19:32:37]/dmm_suite (/dmm_suite): create atom(/obj/structure/glowshroom/sing... (/obj/structure/glowshroom/single), Cave Floor (303,71,2) (/turf/open/floor/plating/asteroid))
[19:32:37]/dmm_suite (/dmm_suite): instance atom(/obj/structure/glowshroom/sing... (/obj/structure/glowshroom/single), /list (/list), Cave Floor (303,71,2) (/turf/open/floor/plating/asteroid), 1)
[19:32:37]/dmm_suite (/dmm_suite): parse grid("/obj/structure/glowshroom/sing...", "eDq", 303, 71, 2, 1)
[19:32:37]/dmm_suite (/dmm_suite): load map impl(_maps/map_files/Deltastation/D..., 1, 1, 2, null, null, 1, -1e+031, 1e+031, -1e+031, 1e+031)
[19:32:37]/dmm_suite (/dmm_suite): load map(_maps/map_files/Deltastation/D..., 0, 0, 2, null, null, 1, null, null, null, null)
[19:32:37]Mapping (/datum/controller/subsystem/mapping): TryLoadZ("_maps/map_files/Deltastation/D...", /list (/list), 2, null)
[19:32:37]Mapping (/datum/controller/subsystem/mapping): loadWorld()
[19:32:37]Mapping (/datum/controller/subsystem/mapping): Initialize(847003)
[19:32:37]Master (/datum/controller/master): Initialize(10, 0)
runtime error: 
[19:32:38]Cannot execute /datum/plant_gene/trait/glow (/datum/plant_gene/trait/glow).glow range().
[19:32:38]proc name: New (/obj/structure/glowshroom/New)
[19:32:38]  source file: glowshroom.dm,63
[19:32:38]  usr: null
[19:32:38]  src: the glowshroom (/obj/structure/glowshroom/single)
[19:32:38]  src.loc: Cave Floor (306,70,2) (/turf/open/floor/plating/asteroid)
[19:32:38]  call stack:
[19:32:38]the glowshroom (/obj/structure/glowshroom/single): New(Cave Floor (306,70,2) (/turf/open/floor/plating/asteroid), null, null)
[19:32:38]/dmm_suite (/dmm_suite): create atom(/obj/structure/glowshroom/sing... (/obj/structure/glowshroom/single), Cave Floor (306,70,2) (/turf/open/floor/plating/asteroid))
[19:32:38]/dmm_suite (/dmm_suite): instance atom(/obj/structure/glowshroom/sing... (/obj/structure/glowshroom/single), /list (/list), Cave Floor (306,70,2) (/turf/open/floor/plating/asteroid), 1)
[19:32:38]/dmm_suite (/dmm_suite): parse grid("/obj/structure/glowshroom/sing...", "eDq", 306, 70, 2, 1)
[19:32:38]/dmm_suite (/dmm_suite): load map impl(_maps/map_files/Deltastation/D..., 1, 1, 2, null, null, 1, -1e+031, 1e+031, -1e+031, 1e+031)
[19:32:38]/dmm_suite (/dmm_suite): load map(_maps/map_files/Deltastation/D..., 0, 0, 2, null, null, 1, null, null, null, null)
[19:32:38]Mapping (/datum/controller/subsystem/mapping): TryLoadZ("_maps/map_files/Deltastation/D...", /list (/list), 2, null)
[19:32:38]Mapping (/datum/controller/subsystem/mapping): loadWorld()
[19:32:38]Mapping (/datum/controller/subsystem/mapping): Initialize(847003)
[19:32:38]Master (/datum/controller/master): Initialize(10, 0)
runtime error: 
[19:32:38]Cannot execute /datum/plant_gene/trait/glow (/datum/plant_gene/trait/glow).glow range().
[19:32:38]proc name: New (/obj/structure/glowshroom/New)
[19:32:38]  source file: glowshroom.dm,63
[19:32:38]  usr: null
[19:32:38]  src: the glowshroom (/obj/structure/glowshroom/single)
[19:32:38]  src.loc: Cave Floor (309,70,2) (/turf/open/floor/plating/asteroid)
[19:32:38]  call stack:
[19:32:38]the glowshroom (/obj/structure/glowshroom/single): New(Cave Floor (309,70,2) (/turf/open/floor/plating/asteroid), null, null)
[19:32:38]/dmm_suite (/dmm_suite): create atom(/obj/structure/glowshroom/sing... (/obj/structure/glowshroom/single), Cave Floor (309,70,2) (/turf/open/floor/plating/asteroid))
[19:32:38]/dmm_suite (/dmm_suite): instance atom(/obj/structure/glowshroom/sing... (/obj/structure/glowshroom/single), /list (/list), Cave Floor (309,70,2) (/turf/open/floor/plating/asteroid), 1)
[19:32:38]/dmm_suite (/dmm_suite): parse grid("/obj/structure/glowshroom/sing...", "eDq", 309, 70, 2, 1)
[19:32:38]/dmm_suite (/dmm_suite): load map impl(_maps/map_files/Deltastation/D..., 1, 1, 2, null, null, 1, -1e+031, 1e+031, -1e+031, 1e+031)
[19:32:38]/dmm_suite (/dmm_suite): load map(_maps/map_files/Deltastation/D..., 0, 0, 2, null, null, 1, null, null, null, null)
[19:32:38]Mapping (/datum/controller/subsystem/mapping): TryLoadZ("_maps/map_files/Deltastation/D...", /list (/list), 2, null)
[19:32:38]Mapping (/datum/controller/subsystem/mapping): loadWorld()
[19:32:38]Mapping (/datum/controller/subsystem/mapping): Initialize(847003)
[19:32:38]Master (/datum/controller/master): Initialize(10, 0)
runtime error: 
[19:32:38]Cannot execute /datum/plant_gene/trait/glow (/datum/plant_gene/trait/glow).glow range().
[19:32:38]proc name: New (/obj/structure/glowshroom/New)
[19:32:38]  source file: glowshroom.dm,63
[19:32:38]  usr: null
[19:32:38]  src: the glowshroom (/obj/structure/glowshroom/single)
[19:32:38]  src.loc: Cave Floor (302,69,2) (/turf/open/floor/plating/asteroid)
[19:32:38]  call stack:
[19:32:38]the glowshroom (/obj/structure/glowshroom/single): New(Cave Floor (302,69,2) (/turf/open/floor/plating/asteroid), null, null)
[19:32:38]/dmm_suite (/dmm_suite): create atom(/obj/structure/glowshroom/sing... (/obj/structure/glowshroom/single), Cave Floor (302,69,2) (/turf/open/floor/plating/asteroid))
[19:32:38]/dmm_suite (/dmm_suite): instance atom(/obj/structure/glowshroom/sing... (/obj/structure/glowshroom/single), /list (/list), Cave Floor (302,69,2) (/turf/open/floor/plating/asteroid), 1)
[19:32:38]/dmm_suite (/dmm_suite): parse grid("/obj/structure/glowshroom/sing...", "eDq", 302, 69, 2, 1)
[19:32:38]/dmm_suite (/dmm_suite): load map impl(_maps/map_files/Deltastation/D..., 1, 1, 2, null, null, 1, -1e+031, 1e+031, -1e+031, 1e+031)
[19:32:38]/dmm_suite (/dmm_suite): load map(_maps/map_files/Deltastation/D..., 0, 0, 2, null, null, 1, null, null, null, null)
[19:32:38]Mapping (/datum/controller/subsystem/mapping): TryLoadZ("_maps/map_files/Deltastation/D...", /list (/list), 2, null)
[19:32:38]Mapping (/datum/controller/subsystem/mapping): loadWorld()
[19:32:38]Mapping (/datum/controller/subsystem/mapping): Initialize(847003)
[19:32:38]Master (/datum/controller/master): Initialize(10, 0)
runtime error: 
[19:32:38]Cannot execute /datum/plant_gene/trait/glow (/datum/plant_gene/trait/glow).glow range().
[19:32:38]proc name: New (/obj/structure/glowshroom/New)
[19:32:38]  source file: glowshroom.dm,63
[19:32:38]  usr: null
[19:32:38]  src: the glowshroom (/obj/structure/glowshroom/single)
[19:32:38]  src.loc: Cave Floor (296,55,2) (/turf/open/floor/plating/asteroid)
[19:32:38]  call stack:
[19:32:38]the glowshroom (/obj/structure/glowshroom/single): New(Cave Floor (296,55,2) (/turf/open/floor/plating/asteroid), null, null)
[19:32:38]/dmm_suite (/dmm_suite): create atom(/obj/structure/glowshroom/sing... (/obj/structure/glowshroom/single), Cave Floor (296,55,2) (/turf/open/floor/plating/asteroid))
[19:32:38]/dmm_suite (/dmm_suite): instance atom(/obj/structure/glowshroom/sing... (/obj/structure/glowshroom/single), /list (/list), Cave Floor (296,55,2) (/turf/open/floor/plating/asteroid), 1)
[19:32:38]/dmm_suite (/dmm_suite): parse grid("/obj/structure/glowshroom/sing...", "eId", 296, 55, 2, 1)
[19:32:38]/dmm_suite (/dmm_suite): load map impl(_maps/map_files/Deltastation/D..., 1, 1, 2, null, null, 1, -1e+031, 1e+031, -1e+031, 1e+031)
[19:32:38]/dmm_suite (/dmm_suite): load map(_maps/map_files/Deltastation/D..., 0, 0, 2, null, null, 1, null, null, null, null)
[19:32:38]Mapping (/datum/controller/subsystem/mapping): TryLoadZ("_maps/map_files/Deltastation/D...", /list (/list), 2, null)
[19:32:38]Mapping (/datum/controller/subsystem/mapping): loadWorld()
[19:32:38]Mapping (/datum/controller/subsystem/mapping): Initialize(847003)
[19:32:38]Master (/datum/controller/master): Initialize(10, 0)
runtime error: 
[19:32:38]Cannot execute /datum/plant_gene/trait/glow (/datum/plant_gene/trait/glow).glow range().
[19:32:38]proc name: New (/obj/structure/glowshroom/New)
[19:32:38]  source file: glowshroom.dm,63
[19:32:38]  usr: null
[19:32:38]  src: the glowshroom (/obj/structure/glowshroom/single)
[19:32:38]  src.loc: Cave Floor (299,55,2) (/turf/open/floor/plating/asteroid)
[19:32:38]  call stack:
[19:32:38]the glowshroom (/obj/structure/glowshroom/single): New(Cave Floor (299,55,2) (/turf/open/floor/plating/asteroid), null, null)
[19:32:38]/dmm_suite (/dmm_suite): create atom(/obj/structure/glowshroom/sing... (/obj/structure/glowshroom/single), Cave Floor (299,55,2) (/turf/open/floor/plating/asteroid))
[19:32:38]/dmm_suite (/dmm_suite): instance atom(/obj/structure/glowshroom/sing... (/obj/structure/glowshroom/single), /list (/list), Cave Floor (299,55,2) (/turf/open/floor/plating/asteroid), 1)
[19:32:38]/dmm_suite (/dmm_suite): parse grid("/obj/structure/glowshroom/sing...", "eId", 299, 55, 2, 1)
[19:32:38]/dmm_suite (/dmm_suite): load map impl(_maps/map_files/Deltastation/D..., 1, 1, 2, null, null, 1, -1e+031, 1e+031, -1e+031, 1e+031)
[19:32:38]/dmm_suite (/dmm_suite): load map(_maps/map_files/Deltastation/D..., 0, 0, 2, null, null, 1, null, null, null, null)
[19:32:38]Mapping (/datum/controller/subsystem/mapping): TryLoadZ("_maps/map_files/Deltastation/D...", /list (/list), 2, null)
[19:32:38]Mapping (/datum/controller/subsystem/mapping): loadWorld()
[19:32:38]Mapping (/datum/controller/subsystem/mapping): Initialize(847003)
[19:32:38]Master (/datum/controller/master): Initialize(10, 0)
runtime error: 
[19:32:38]Cannot execute /datum/plant_gene/trait/glow (/datum/plant_gene/trait/glow).glow range().
[19:32:38]proc name: New (/obj/structure/glowshroom/New)
[19:32:38]  source file: glowshroom.dm,63
[19:32:38]  usr: null
[19:32:38]  src: the glowshroom (/obj/structure/glowshroom/single)
[19:32:38]  src.loc: Cave Floor (283,53,2) (/turf/open/floor/plating/asteroid)
[19:32:38]  call stack:
[19:32:38]the glowshroom (/obj/structure/glowshroom/single): New(Cave Floor (283,53,2) (/turf/open/floor/plating/asteroid), null, null)
[19:32:38]/dmm_suite (/dmm_suite): create atom(/obj/structure/glowshroom/sing... (/obj/structure/glowshroom/single), Cave Floor (283,53,2) (/turf/open/floor/plating/asteroid))
[19:32:38]/dmm_suite (/dmm_suite): instance atom(/obj/structure/glowshroom/sing... (/obj/structure/glowshroom/single), /list (/list), Cave Floor (283,53,2) (/turf/open/floor/plating/asteroid), 1)
[19:32:38]/dmm_suite (/dmm_suite): parse grid("/obj/structure/glowshroom/sing...", "eId", 283, 53, 2, 1)
[19:32:38]/dmm_suite (/dmm_suite): load map impl(_maps/map_files/Deltastation/D..., 1, 1, 2, null, null, 1, -1e+031, 1e+031, -1e+031, 1e+031)
[19:32:38]/dmm_suite (/dmm_suite): load map(_maps/map_files/Deltastation/D..., 0, 0, 2, null, null, 1, null, null, null, null)
[19:32:38]Mapping (/datum/controller/subsystem/mapping): TryLoadZ("_maps/map_files/Deltastation/D...", /list (/list), 2, null)
[19:32:38]Mapping (/datum/controller/subsystem/mapping): loadWorld()
[19:32:38]Mapping (/datum/controller/subsystem/mapping): Initialize(847003)
[19:32:38]Master (/datum/controller/master): Initialize(10, 0)
runtime error: 
[19:32:38]Cannot execute /datum/plant_gene/trait/glow (/datum/plant_gene/trait/glow).glow range().
[19:32:38]proc name: New (/obj/structure/glowshroom/New)
[19:32:38]  source file: glowshroom.dm,63
[19:32:38]  usr: null
[19:32:38]  src: the glowshroom (/obj/structure/glowshroom/single)
[19:32:38]  src.loc: Cave Floor (302,53,2) (/turf/open/floor/plating/asteroid)
[19:32:38]  call stack:
[19:32:38]the glowshroom (/obj/structure/glowshroom/single): New(Cave Floor (302,53,2) (/turf/open/floor/plating/asteroid), null, null)
[19:32:38]/dmm_suite (/dmm_suite): create atom(/obj/structure/glowshroom/sing... (/obj/structure/glowshroom/single), Cave Floor (302,53,2) (/turf/open/floor/plating/asteroid))
[19:32:38]/dmm_suite (/dmm_suite): instance atom(/obj/structure/glowshroom/sing... (/obj/structure/glowshroom/single), /list (/list), Cave Floor (302,53,2) (/turf/open/floor/plating/asteroid), 1)
[19:32:38]/dmm_suite (/dmm_suite): parse grid("/obj/structure/glowshroom/sing...", "eId", 302, 53, 2, 1)
[19:32:38]/dmm_suite (/dmm_suite): load map impl(_maps/map_files/Deltastation/D..., 1, 1, 2, null, null, 1, -1e+031, 1e+031, -1e+031, 1e+031)
[19:32:38]/dmm_suite (/dmm_suite): load map(_maps/map_files/Deltastation/D..., 0, 0, 2, null, null, 1, null, null, null, null)
[19:32:38]Mapping (/datum/controller/subsystem/mapping): TryLoadZ("_maps/map_files/Deltastation/D...", /list (/list), 2, null)
[19:32:38]Mapping (/datum/controller/subsystem/mapping): loadWorld()
[19:32:38]Mapping (/datum/controller/subsystem/mapping): Initialize(847003)
[19:32:38]Master (/datum/controller/master): Initialize(10, 0)
runtime error: 
[19:32:38]Cannot execute /datum/plant_gene/trait/glow (/datum/plant_gene/trait/glow).glow range().
[19:32:38]proc name: New (/obj/structure/glowshroom/New)
[19:32:38]  source file: glowshroom.dm,63
[19:32:38]  usr: null
[19:32:38]  src: the glowshroom (/obj/structure/glowshroom/single)
[19:32:38]  src.loc: Cave Floor (276,52,2) (/turf/open/floor/plating/asteroid)
[19:32:38]  call stack:
[19:32:38]the glowshroom (/obj/structure/glowshroom/single): New(Cave Floor (276,52,2) (/turf/open/floor/plating/asteroid), null, null)
[19:32:38]/dmm_suite (/dmm_suite): create atom(/obj/structure/glowshroom/sing... (/obj/structure/glowshroom/single), Cave Floor (276,52,2) (/turf/open/floor/plating/asteroid))
[19:32:38]/dmm_suite (/dmm_suite): instance atom(/obj/structure/glowshroom/sing... (/obj/structure/glowshroom/single), /list (/list), Cave Floor (276,52,2) (/turf/open/floor/plating/asteroid), 1)
[19:32:38]/dmm_suite (/dmm_suite): parse grid("/obj/structure/glowshroom/sing...", "eId", 276, 52, 2, 1)
[19:32:38]/dmm_suite (/dmm_suite): load map impl(_maps/map_files/Deltastation/D..., 1, 1, 2, null, null, 1, -1e+031, 1e+031, -1e+031, 1e+031)
[19:32:38]/dmm_suite (/dmm_suite): load map(_maps/map_files/Deltastation/D..., 0, 0, 2, null, null, 1, null, null, null, null)
[19:32:38]Mapping (/datum/controller/subsystem/mapping): TryLoadZ("_maps/map_files/Deltastation/D...", /list (/list), 2, null)
[19:32:38]Mapping (/datum/controller/subsystem/mapping): loadWorld()
[19:32:38]Mapping (/datum/controller/subsystem/mapping): Initialize(847003)
[19:32:38]Master (/datum/controller/master): Initialize(10, 0)
runtime error: 
[19:32:38]Cannot execute /datum/plant_gene/trait/glow (/datum/plant_gene/trait/glow).glow range().
[19:32:38]proc name: New (/obj/structure/glowshroom/New)
[19:32:38]  source file: glowshroom.dm,63
[19:32:38]  usr: null
[19:32:38]  src: the glowshroom (/obj/structure/glowshroom/single)
[19:32:38]  src.loc: Cave Floor (292,51,2) (/turf/open/floor/plating/asteroid)
[19:32:38]  call stack:
[19:32:38]the glowshroom (/obj/structure/glowshroom/single): New(Cave Floor (292,51,2) (/turf/open/floor/plating/asteroid), null, null)
[19:32:38]/dmm_suite (/dmm_suite): create atom(/obj/structure/glowshroom/sing... (/obj/structure/glowshroom/single), Cave Floor (292,51,2) (/turf/open/floor/plating/asteroid))
[19:32:38]/dmm_suite (/dmm_suite): instance atom(/obj/structure/glowshroom/sing... (/obj/structure/glowshroom/single), /list (/list), Cave Floor (292,51,2) (/turf/open/floor/plating/asteroid), 1)
[19:32:38]/dmm_suite (/dmm_suite): parse grid("/obj/structure/glowshroom/sing...", "eId", 292, 51, 2, 1)
[19:32:38]/dmm_suite (/dmm_suite): load map impl(_maps/map_files/Deltastation/D..., 1, 1, 2, null, null, 1, -1e+031, 1e+031, -1e+031, 1e+031)
[19:32:38]/dmm_suite (/dmm_suite): load map(_maps/map_files/Deltastation/D..., 0, 0, 2, null, null, 1, null, null, null, null)
[19:32:38]Mapping (/datum/controller/subsystem/mapping): TryLoadZ("_maps/map_files/Deltastation/D...", /list (/list), 2, null)
[19:32:38]Mapping (/datum/controller/subsystem/mapping): loadWorld()
[19:32:38]Mapping (/datum/controller/subsystem/mapping): Initialize(847003)
[19:32:38]Master (/datum/controller/master): Initialize(10, 0)
runtime error: 
[19:32:38]Cannot execute /datum/plant_gene/trait/glow (/datum/plant_gene/trait/glow).glow range().
[19:32:38]proc name: New (/obj/structure/glowshroom/New)
[19:32:38]  source file: glowshroom.dm,63
[19:32:38]  usr: null
[19:32:38]  src: the glowshroom (/obj/structure/glowshroom/single)
[19:32:38]  src.loc: Cave Floor (295,51,2) (/turf/open/floor/plating/asteroid)
[19:32:38]  call stack:
[19:32:38]the glowshroom (/obj/structure/glowshroom/single): New(Cave Floor (295,51,2) (/turf/open/floor/plating/asteroid), null, null)
[19:32:38]/dmm_suite (/dmm_suite): create atom(/obj/structure/glowshroom/sing... (/obj/structure/glowshroom/single), Cave Floor (295,51,2) (/turf/open/floor/plating/asteroid))
[19:32:38]/dmm_suite (/dmm_suite): instance atom(/obj/structure/glowshroom/sing... (/obj/structure/glowshroom/single), /list (/list), Cave Floor (295,51,2) (/turf/open/floor/plating/asteroid), 1)
[19:32:38]/dmm_suite (/dmm_suite): parse grid("/obj/structure/glowshroom/sing...", "eId", 295, 51, 2, 1)
[19:32:38]/dmm_suite (/dmm_suite): load map impl(_maps/map_files/Deltastation/D..., 1, 1, 2, null, null, 1, -1e+031, 1e+031, -1e+031, 1e+031)
[19:32:38]/dmm_suite (/dmm_suite): load map(_maps/map_files/Deltastation/D..., 0, 0, 2, null, null, 1, null, null, null, null)
[19:32:38]Mapping (/datum/controller/subsystem/mapping): TryLoadZ("_maps/map_files/Deltastation/D...", /list (/list), 2, null)
[19:32:38]Mapping (/datum/controller/subsystem/mapping): loadWorld()
[19:32:38]Mapping (/datum/controller/subsystem/mapping): Initialize(847003)
[19:32:38]Master (/datum/controller/master): Initialize(10, 0)
runtime error: 
[19:32:38]Cannot execute /datum/plant_gene/trait/glow (/datum/plant_gene/trait/glow).glow range().
[19:32:38]proc name: New (/obj/structure/glowshroom/New)
[19:32:38]  source file: glowshroom.dm,63
[19:32:38]  usr: null
[19:32:38]  src: the glowshroom (/obj/structure/glowshroom/single)
[19:32:38]  src.loc: Cave Floor (258,49,2) (/turf/open/floor/plating/asteroid)
[19:32:38]  call stack:
[19:32:38]the glowshroom (/obj/structure/glowshroom/single): New(Cave Floor (258,49,2) (/turf/open/floor/plating/asteroid), null, null)
[19:32:38]/dmm_suite (/dmm_suite): create atom(/obj/structure/glowshroom/sing... (/obj/structure/glowshroom/single), Cave Floor (258,49,2) (/turf/open/floor/plating/asteroid))
[19:32:38]/dmm_suite (/dmm_suite): instance atom(/obj/structure/glowshroom/sing... (/obj/structure/glowshroom/single), /list (/list), Cave Floor (258,49,2) (/turf/open/floor/plating/asteroid), 1)
[19:32:38]/dmm_suite (/dmm_suite): parse grid("/obj/structure/glowshroom/sing...", "eId", 258, 49, 2, 1)
[19:32:38]/dmm_suite (/dmm_suite): load map impl(_maps/map_files/Deltastation/D..., 1, 1, 2, null, null, 1, -1e+031, 1e+031, -1e+031, 1e+031)
[19:32:38]/dmm_suite (/dmm_suite): load map(_maps/map_files/Deltastation/D..., 0, 0, 2, null, null, 1, null, null, null, null)
[19:32:38]Mapping (/datum/controller/subsystem/mapping): TryLoadZ("_maps/map_files/Deltastation/D...", /list (/list), 2, null)
[19:32:38]Mapping (/datum/controller/subsystem/mapping): loadWorld()
[19:32:38]Mapping (/datum/controller/subsystem/mapping): Initialize(847003)
[19:32:38]Master (/datum/controller/master): Initialize(10, 0)
runtime error: 
[19:32:38]Cannot execute /datum/plant_gene/trait/glow (/datum/plant_gene/trait/glow).glow range().
[19:32:38]proc name: New (/obj/structure/glowshroom/New)
[19:32:38]  source file: glowshroom.dm,63
[19:32:38]  usr: null
[19:32:38]  src: the glowshroom (/obj/structure/glowshroom/single)
[19:32:38]  src.loc: Cave Floor (275,49,2) (/turf/open/floor/plating/asteroid)
[19:32:38]  call stack:
[19:32:38]the glowshroom (/obj/structure/glowshroom/single): New(Cave Floor (275,49,2) (/turf/open/floor/plating/asteroid), null, null)
[19:32:38]/dmm_suite (/dmm_suite): create atom(/obj/structure/glowshroom/sing... (/obj/structure/glowshroom/single), Cave Floor (275,49,2) (/turf/open/floor/plating/asteroid))
[19:32:38]/dmm_suite (/dmm_suite): instance atom(/obj/structure/glowshroom/sing... (/obj/structure/glowshroom/single), /list (/list), Cave Floor (275,49,2) (/turf/open/floor/plating/asteroid), 1)
[19:32:38]/dmm_suite (/dmm_suite): parse grid("/obj/structure/glowshroom/sing...", "eId", 275, 49, 2, 1)
[19:32:38]/dmm_suite (/dmm_suite): load map impl(_maps/map_files/Deltastation/D..., 1, 1, 2, null, null, 1, -1e+031, 1e+031, -1e+031, 1e+031)
[19:32:38]/dmm_suite (/dmm_suite): load map(_maps/map_files/Deltastation/D..., 0, 0, 2, null, null, 1, null, null, null, null)
[19:32:38]Mapping (/datum/controller/subsystem/mapping): TryLoadZ("_maps/map_files/Deltastation/D...", /list (/list), 2, null)
[19:32:38]Mapping (/datum/controller/subsystem/mapping): loadWorld()
[19:32:38]Mapping (/datum/controller/subsystem/mapping): Initialize(847003)
[19:32:38]Master (/datum/controller/master): Initialize(10, 0)
runtime error: 
[19:32:38]Cannot execute /datum/plant_gene/trait/glow (/datum/plant_gene/trait/glow).glow range().
[19:32:38]proc name: New (/obj/structure/glowshroom/New)
[19:32:38]  source file: glowshroom.dm,63
[19:32:38]  usr: null
[19:32:38]  src: the glowshroom (/obj/structure/glowshroom/single)
[19:32:38]  src.loc: Cave Floor (261,48,2) (/turf/open/floor/plating/asteroid)
[19:32:38]  call stack:
[19:32:38]the glowshroom (/obj/structure/glowshroom/single): New(Cave Floor (261,48,2) (/turf/open/floor/plating/asteroid), null, null)
[19:32:38]/dmm_suite (/dmm_suite): create atom(/obj/structure/glowshroom/sing... (/obj/structure/glowshroom/single), Cave Floor (261,48,2) (/turf/open/floor/plating/asteroid))
[19:32:38]/dmm_suite (/dmm_suite): instance atom(/obj/structure/glowshroom/sing... (/obj/structure/glowshroom/single), /list (/list), Cave Floor (261,48,2) (/turf/open/floor/plating/asteroid), 1)
[19:32:38]/dmm_suite (/dmm_suite): parse grid("/obj/structure/glowshroom/sing...", "eId", 261, 48, 2, 1)
[19:32:38]/dmm_suite (/dmm_suite): load map impl(_maps/map_files/Deltastation/D..., 1, 1, 2, null, null, 1, -1e+031, 1e+031, -1e+031, 1e+031)
[19:32:38]/dmm_suite (/dmm_suite): load map(_maps/map_files/Deltastation/D..., 0, 0, 2, null, null, 1, null, null, null, null)
[19:32:38]Mapping (/datum/controller/subsystem/mapping): TryLoadZ("_maps/map_files/Deltastation/D...", /list (/list), 2, null)
[19:32:38]Mapping (/datum/controller/subsystem/mapping): loadWorld()
[19:32:38]Mapping (/datum/controller/subsystem/mapping): Initialize(847003)
[19:32:38]Master (/datum/controller/master): Initialize(10, 0)
runtime error: 
[19:32:38]Cannot execute /datum/plant_gene/trait/glow (/datum/plant_gene/trait/glow).glow range().
[19:32:38]proc name: New (/obj/structure/glowshroom/New)
[19:32:38]  source file: glowshroom.dm,63
[19:32:38]  usr: null
[19:32:38]  src: the glowshroom (/obj/structure/glowshroom/single)
[19:32:38]  src.loc: Cave Floor (292,48,2) (/turf/open/floor/plating/asteroid)
[19:32:38]  call stack:
[19:32:38]the glowshroom (/obj/structure/glowshroom/single): New(Cave Floor (292,48,2) (/turf/open/floor/plating/asteroid), null, null)
[19:32:38]/dmm_suite (/dmm_suite): create atom(/obj/structure/glowshroom/sing... (/obj/structure/glowshroom/single), Cave Floor (292,48,2) (/turf/open/floor/plating/asteroid))
[19:32:38]/dmm_suite (/dmm_suite): instance atom(/obj/structure/glowshroom/sing... (/obj/structure/glowshroom/single), /list (/list), Cave Floor (292,48,2) (/turf/open/floor/plating/asteroid), 1)
[19:32:38]/dmm_suite (/dmm_suite): parse grid("/obj/structure/glowshroom/sing...", "eId", 292, 48, 2, 1)
[19:32:38]/dmm_suite (/dmm_suite): load map impl(_maps/map_files/Deltastation/D..., 1, 1, 2, null, null, 1, -1e+031, 1e+031, -1e+031, 1e+031)
[19:32:38]/dmm_suite (/dmm_suite): load map(_maps/map_files/Deltastation/D..., 0, 0, 2, null, null, 1, null, null, null, null)
[19:32:38]Mapping (/datum/controller/subsystem/mapping): TryLoadZ("_maps/map_files/Deltastation/D...", /list (/list), 2, null)
[19:32:38]Mapping (/datum/controller/subsystem/mapping): loadWorld()
[19:32:38]Mapping (/datum/controller/subsystem/mapping): Initialize(847003)
[19:32:38]Master (/datum/controller/master): Initialize(10, 0)
runtime error: 
[19:32:38]Cannot execute /datum/plant_gene/trait/glow (/datum/plant_gene/trait/glow).glow range().
[19:32:38]proc name: New (/obj/structure/glowshroom/New)
[19:32:38]  source file: glowshroom.dm,63
runtime error: 
[19:32:38]Cannot execute /datum/plant_gene/trait/glow (/datum/plant_gene/trait/glow).glow range().
[19:32:38]proc name: New (/obj/structure/glowshroom/New)
[19:32:38]  source file: glowshroom.dm,63
runtime error: 
[19:32:38]Cannot execute /datum/plant_gene/trait/glow (/datum/plant_gene/trait/glow).glow range().
[19:32:38]proc name: New (/obj/structure/glowshroom/New)
[19:32:38]  source file: glowshroom.dm,63
runtime error: 
[19:32:38]Cannot execute /datum/plant_gene/trait/glow (/datum/plant_gene/trait/glow).glow range().
[19:32:38]proc name: New (/obj/structure/glowshroom/New)
[19:32:38]  source file: glowshroom.dm,63
runtime error: 
[19:32:39]Cannot execute /datum/plant_gene/trait/glow (/datum/plant_gene/trait/glow).glow range().
[19:32:39]proc name: New (/obj/structure/glowshroom/New)
[19:32:39]  source file: glowshroom.dm,63
runtime error: 
[19:32:39]Cannot execute /datum/plant_gene/trait/glow (/datum/plant_gene/trait/glow).glow range().
[19:32:39]proc name: New (/obj/structure/glowshroom/New)
[19:32:39]  source file: glowshroom.dm,63
runtime error: 
[19:32:39]Cannot execute /datum/plant_gene/trait/glow (/datum/plant_gene/trait/glow).glow range().
[19:32:39]proc name: New (/obj/structure/glowshroom/New)
[19:32:39]  source file: glowshroom.dm,63
runtime error: 
[19:32:39]Cannot execute /datum/plant_gene/trait/glow (/datum/plant_gene/trait/glow).glow range().
[19:32:39]proc name: New (/obj/structure/glowshroom/New)
[19:32:39]  source file: glowshroom.dm,63
runtime error: 
[19:32:39]Cannot execute /datum/plant_gene/trait/glow (/datum/plant_gene/trait/glow).glow range().
[19:32:39]proc name: New (/obj/structure/glowshroom/New)
[19:32:39]  source file: glowshroom.dm,63
runtime error: 
[19:32:39]Cannot execute /datum/plant_gene/trait/glow (/datum/plant_gene/trait/glow).glow range().
[19:32:39]proc name: New (/obj/structure/glowshroom/New)
[19:32:39]  source file: glowshroom.dm,63
runtime error: 
[19:32:39]Cannot execute /datum/plant_gene/trait/glow (/datum/plant_gene/trait/glow).glow range().
[19:32:39]proc name: New (/obj/structure/glowshroom/New)
[19:32:39]  source file: glowshroom.dm,63
runtime error: 
[19:32:39]Cannot execute /datum/plant_gene/trait/glow (/datum/plant_gene/trait/glow).glow range().
[19:32:39]proc name: New (/obj/structure/glowshroom/New)
[19:32:39]  source file: glowshroom.dm,63
runtime error: 
[19:32:39]Cannot execute /datum/plant_gene/trait/glow (/datum/plant_gene/trait/glow).glow range().
[19:32:39]proc name: New (/obj/structure/glowshroom/New)
[19:32:39]  source file: glowshroom.dm,63
runtime error: 
[19:32:39]Cannot execute /datum/plant_gene/trait/glow (/datum/plant_gene/trait/glow).glow range().
[19:32:39]proc name: New (/obj/structure/glowshroom/New)
[19:32:39]  source file: glowshroom.dm,63
runtime error: 
[19:32:39]Cannot execute /datum/plant_gene/trait/glow (/datum/plant_gene/trait/glow).glow range().
[19:32:39]proc name: New (/obj/structure/glowshroom/New)
[19:32:39]  source file: glowshroom.dm,63
runtime error: 
[19:32:39]Cannot execute /datum/plant_gene/trait/glow (/datum/plant_gene/trait/glow).glow range().
[19:32:39]proc name: New (/obj/structure/glowshroom/New)
[19:32:39]  source file: glowshroom.dm,63
runtime error: 
[19:32:39]Cannot execute /datum/plant_gene/trait/glow (/datum/plant_gene/trait/glow).glow range().
[19:32:39]proc name: New (/obj/structure/glowshroom/New)
[19:32:39]  source file: glowshroom.dm,63
runtime error: 
[19:32:39]Cannot execute /datum/plant_gene/trait/glow (/datum/plant_gene/trait/glow).glow range().
[19:32:39]proc name: New (/obj/structure/glowshroom/New)
[19:32:39]  source file: glowshroom.dm,63
runtime error: 
[19:32:39]Cannot execute /datum/plant_gene/trait/glow (/datum/plant_gene/trait/glow).glow range().
[19:32:39]proc name: New (/obj/structure/glowshroom/New)
[19:32:39]  source file: glowshroom.dm,63
runtime error: 
[19:32:39]Cannot execute /datum/plant_gene/trait/glow (/datum/plant_gene/trait/glow).glow range().
[19:32:39]proc name: New (/obj/structure/glowshroom/New)
[19:32:39]  source file: glowshroom.dm,63
runtime error: 
[19:32:39]Cannot execute /datum/plant_gene/trait/glow (/datum/plant_gene/trait/glow).glow range().
[19:32:39]proc name: New (/obj/structure/glowshroom/New)
[19:32:39]  source file: glowshroom.dm,63
runtime error: 
[19:32:39]Cannot execute /datum/plant_gene/trait/glow (/datum/plant_gene/trait/glow).glow range().
[19:32:39]proc name: New (/obj/structure/glowshroom/New)
[19:32:39]  source file: glowshroom.dm,63
runtime error: 
[19:32:39]Cannot execute /datum/plant_gene/trait/glow (/datum/plant_gene/trait/glow).glow range().
[19:32:39]proc name: New (/obj/structure/glowshroom/New)
[19:32:39]  source file: glowshroom.dm,63
runtime error: 
[19:32:39]Cannot execute /datum/plant_gene/trait/glow (/datum/plant_gene/trait/glow).glow range().
[19:32:39]proc name: New (/obj/structure/glowshroom/New)
[19:32:39]  source file: glowshroom.dm,63
runtime error: 
[19:32:39]Cannot execute /datum/plant_gene/trait/glow (/datum/plant_gene/trait/glow).glow range().
[19:32:39]proc name: New (/obj/structure/glowshroom/New)
[19:32:39]  source file: glowshroom.dm,63
runtime error: 
[19:32:39]Cannot execute /datum/plant_gene/trait/glow (/datum/plant_gene/trait/glow).glow range().
[19:32:39]proc name: New (/obj/structure/glowshroom/New)
[19:32:39]  source file: glowshroom.dm,63
Loaded station in 59.8s!
Initialized Mapping subsystem within 63.4 seconds!
runtime error: 
[19:32:44]Cannot execute null.add reagent().
[19:32:44]proc name: Initialize (/obj/effect/decal/cleanable/blood/gibs/Initialize)
[19:32:44]  source file: humans.dm,57
runtime error: 
[19:32:44]Cannot execute null.add reagent().
[19:32:44]proc name: Initialize (/obj/effect/decal/cleanable/blood/gibs/Initialize)
[19:32:44]  source file: humans.dm,57
runtime error: 
[19:32:44]Cannot execute null.add reagent().
[19:32:44]proc name: Initialize (/obj/effect/decal/cleanable/blood/gibs/Initialize)
[19:32:44]  source file: humans.dm,57
runtime error: 
[19:32:44]Cannot execute null.add reagent().
[19:32:44]proc name: Initialize (/obj/effect/decal/cleanable/blood/gibs/Initialize)
[19:32:44]  source file: humans.dm,57
runtime error: 
[19:32:44]Cannot execute null.add reagent().
[19:32:44]proc name: Initialize (/obj/effect/decal/cleanable/oil/Initialize)
[19:32:44]  source file: robots.dm,52
runtime error: 
[19:32:44]Cannot execute null.add reagent().
[19:32:44]proc name: Initialize (/obj/effect/decal/cleanable/oil/Initialize)
[19:32:44]  source file: robots.dm,52
runtime error: 
[19:32:46]Cannot execute null.add reagent().
[19:32:46]proc name: Initialize (/obj/effect/decal/cleanable/oil/Initialize)
[19:32:46]  source file: robots.dm,52
runtime error: 
[19:32:46]Cannot execute null.add reagent().
[19:32:46]proc name: Initialize (/obj/effect/decal/cleanable/oil/Initialize)
[19:32:46]  source file: robots.dm,52
runtime error: 
[19:32:46]Cannot execute null.add reagent().
[19:32:46]proc name: Initialize (/obj/effect/decal/cleanable/oil/Initialize)
[19:32:46]  source file: robots.dm,52
runtime error: 
[19:32:46]Cannot execute null.add reagent().
[19:32:46]proc name: Initialize (/obj/effect/decal/cleanable/blood/gibs/Initialize)
[19:32:46]  source file: humans.dm,57
runtime error: 
[19:32:46]Cannot execute null.add reagent().
[19:32:46]proc name: Initialize (/obj/effect/decal/cleanable/oil/Initialize)
[19:32:46]  source file: robots.dm,52
runtime error: 
[19:32:46]Cannot execute null.add reagent().
[19:32:46]proc name: Initialize (/obj/effect/decal/cleanable/blood/gibs/Initialize)
[19:32:46]  source file: humans.dm,57
runtime error: 
[19:32:46]Cannot execute null.add reagent().
[19:32:46]proc name: Initialize (/obj/effect/decal/cleanable/oil/Initialize)
[19:32:46]  source file: robots.dm,52
runtime error: 
[19:32:47]Cannot execute null.add reagent().
[19:32:47]proc name: Initialize (/obj/effect/decal/cleanable/blood/gibs/Initialize)
[19:32:47]  source file: humans.dm,57
runtime error: 
[19:32:47]Cannot execute null.add reagent().
[19:32:47]proc name: Initialize (/obj/effect/decal/cleanable/oil/Initialize)
[19:32:47]  source file: robots.dm,52
runtime error: 
[19:32:47]Cannot execute null.add reagent().
[19:32:47]proc name: Initialize (/obj/effect/decal/cleanable/oil/Initialize)
[19:32:47]  source file: robots.dm,52
runtime error: 
[19:32:47]Cannot execute null.add reagent().
[19:32:47]proc name: Initialize (/obj/effect/decal/cleanable/oil/Initialize)
[19:32:47]  source file: robots.dm,52
runtime error: 
[19:32:47]Cannot execute null.add reagent().
[19:32:47]proc name: Initialize (/obj/effect/decal/cleanable/oil/Initialize)
[19:32:47]  source file: robots.dm,52
runtime error: 
[19:32:47]Cannot execute null.add reagent().
[19:32:47]proc name: Initialize (/obj/effect/decal/cleanable/oil/Initialize)
[19:32:47]  source file: robots.dm,52
runtime error: 
[19:32:47]Cannot execute null.add reagent().
[19:32:47]proc name: Initialize (/obj/effect/decal/cleanable/oil/Initialize)
[19:32:47]  source file: robots.dm,52
runtime error: 
[19:32:47]Cannot execute null.add reagent().
[19:32:47]proc name: Initialize (/obj/effect/decal/cleanable/oil/Initialize)
[19:32:47]  source file: robots.dm,52
runtime error: 
[19:32:47]Cannot execute null.add reagent().
[19:32:47]proc name: Initialize (/obj/effect/decal/cleanable/oil/Initialize)
[19:32:47]  source file: robots.dm,52
runtime error: 
[19:32:47]Cannot execute null.add reagent().
[19:32:47]proc name: Initialize (/obj/effect/decal/cleanable/oil/Initialize)
[19:32:47]  source file: robots.dm,52
runtime error: 
[19:32:47]Cannot execute null.add reagent().
[19:32:47]proc name: Initialize (/obj/effect/decal/cleanable/oil/Initialize)
[19:32:47]  source file: robots.dm,52
runtime error: 
[19:32:48]Cannot execute null.add reagent().
[19:32:48]proc name: Initialize (/obj/effect/decal/cleanable/oil/Initialize)
[19:32:48]  source file: robots.dm,52
runtime error: 
[19:32:48]Cannot execute null.add reagent().
[19:32:48]proc name: Initialize (/obj/effect/decal/cleanable/oil/Initialize)
[19:32:48]  source file: robots.dm,52
runtime error: 
[19:32:48]Cannot execute null.add reagent().
[19:32:48]proc name: Initialize (/obj/effect/decal/cleanable/oil/Initialize)
[19:32:48]  source file: robots.dm,52
runtime error: 
[19:32:48]Cannot execute null.add reagent().
[19:32:48]proc name: Initialize (/obj/effect/decal/cleanable/oil/Initialize)
[19:32:48]  source file: robots.dm,52
runtime error: 
[19:32:48]Cannot execute null.add reagent().
[19:32:48]proc name: Initialize (/obj/effect/decal/cleanable/oil/Initialize)
[19:32:48]  source file: robots.dm,52
runtime error: 
[19:32:48]Cannot execute null.add reagent().
[19:32:48]proc name: Initialize (/obj/effect/decal/cleanable/oil/Initialize)
[19:32:48]  source file: robots.dm,52
runtime error: 
[19:32:49]Cannot execute null.add reagent().
[19:32:49]proc name: Initialize (/obj/effect/decal/cleanable/oil/Initialize)
[19:32:49]  source file: robots.dm,52
runtime error: 
[19:32:49]Cannot execute null.add reagent().
[19:32:49]proc name: Initialize (/obj/effect/decal/cleanable/oil/Initialize)
[19:32:49]  source file: robots.dm,52
runtime error: 
[19:32:49]Cannot execute null.add reagent().
[19:32:49]proc name: Initialize (/obj/effect/decal/cleanable/oil/Initialize)
[19:32:49]  source file: robots.dm,52
runtime error: 
[19:32:49]Cannot execute null.add reagent().
[19:32:49]proc name: Initialize (/obj/effect/decal/cleanable/oil/Initialize)
[19:32:49]  source file: robots.dm,52
runtime error: 
[19:32:50]Cannot execute null.add reagent().
[19:32:50]proc name: Initialize (/obj/effect/decal/cleanable/oil/Initialize)
[19:32:50]  source file: robots.dm,52
runtime error: 
[19:32:50]Cannot execute null.add reagent().
[19:32:50]proc name: Initialize (/obj/effect/decal/cleanable/oil/Initialize)
[19:32:50]  source file: robots.dm,52
runtime error: 
[19:32:50]Cannot execute null.add reagent().
[19:32:50]proc name: Initialize (/obj/effect/decal/cleanable/oil/Initialize)
[19:32:50]  source file: robots.dm,52
runtime error: 
[19:32:50]Cannot execute null.add reagent().
[19:32:50]proc name: Initialize (/obj/effect/decal/cleanable/oil/Initialize)
[19:32:50]  source file: robots.dm,52
runtime error: 
[19:32:50]Cannot execute null.add reagent().
[19:32:50]proc name: Initialize (/obj/effect/decal/cleanable/oil/Initialize)
[19:32:50]  source file: robots.dm,52
runtime error: 
[19:32:50]Cannot execute null.add reagent().
[19:32:50]proc name: Initialize (/obj/effect/decal/cleanable/oil/Initialize)
[19:32:50]  source file: robots.dm,52
runtime error: 
[19:32:50]Cannot execute null.add reagent().
[19:32:50]proc name: Initialize (/obj/effect/decal/cleanable/oil/Initialize)
[19:32:50]  source file: robots.dm,52
runtime error: 
[19:32:50]Cannot execute null.add reagent().
[19:32:50]proc name: Initialize (/obj/effect/decal/cleanable/oil/Initialize)
[19:32:50]  source file: robots.dm,52
runtime error: 
[19:32:50]Cannot execute null.add reagent().
[19:32:50]proc name: Initialize (/obj/effect/decal/cleanable/oil/Initialize)
[19:32:50]  source file: robots.dm,52
runtime error: 
[19:32:51]Cannot execute null.add reagent().
[19:32:51]proc name: Initialize (/obj/effect/decal/cleanable/oil/Initialize)
[19:32:51]  source file: robots.dm,52
runtime error: 
[19:32:51]Cannot execute null.add reagent().
[19:32:51]proc name: Initialize (/obj/effect/decal/cleanable/oil/Initialize)
[19:32:51]  source file: robots.dm,52
runtime error: 
[19:32:51]Cannot execute null.add reagent().
[19:32:51]proc name: Initialize (/obj/effect/decal/cleanable/oil/Initialize)
[19:32:51]  source file: robots.dm,52
runtime error: 
[19:32:51]Cannot execute null.add reagent().
[19:32:51]proc name: Initialize (/obj/effect/decal/cleanable/oil/Initialize)
[19:32:51]  source file: robots.dm,52
runtime error: 
[19:32:51]Cannot execute null.add reagent().
[19:32:51]proc name: Initialize (/obj/effect/decal/cleanable/oil/Initialize)
[19:32:51]  source file: robots.dm,52
runtime error: 
[19:32:52]Cannot execute null.add reagent().
[19:32:52]proc name: Initialize (/obj/effect/decal/cleanable/oil/Initialize)
[19:32:52]  source file: robots.dm,52
runtime error: 
[19:32:52]Cannot execute null.add reagent().
[19:32:52]proc name: Initialize (/obj/effect/decal/cleanable/oil/Initialize)
[19:32:52]  source file: robots.dm,52
runtime error: 
[19:32:52]Cannot execute null.add reagent().
[19:32:52]proc name: Initialize (/obj/effect/decal/cleanable/oil/Initialize)
[19:32:52]  source file: robots.dm,52
runtime error: 
[19:32:52]Cannot execute null.add reagent().
[19:32:52]proc name: Initialize (/obj/effect/decal/cleanable/oil/Initialize)
[19:32:52]  source file: robots.dm,52
runtime error: 
[19:32:52]Cannot execute null.add reagent().
[19:32:52]Warning: further proc crash messages are being suppressed to prevent overload...
runtime error: 
[19:32:54]Undefined variable /obj/item/rupee/var/swimming

runtime error: 
[19:32:54]Undefined variable /obj/item/rupee/var/swimming

runtime error: 
[19:32:54]Undefined variable /obj/item/rupee/var/swimming

runtime error: 
[19:32:54]Undefined variable /obj/structure/signpost/salvation/var/swimming

runtime error: 
[19:32:54]Undefined variable /obj/item/rupee/var/swimming

runtime error: 
[19:32:54]Undefined variable /obj/item/rupee/var/swimming

runtime error: 
[19:32:54]Undefined variable /obj/item/rupee/var/swimming

runtime error: 
[19:32:54]Undefined variable /obj/item/rupee/var/swimming

runtime error: 
[19:32:54]Undefined variable /obj/item/rupee/var/swimming

runtime error: 
[19:32:54]Undefined variable /obj/item/rupee/var/swimming

runtime error: 
[19:32:54]Undefined variable /obj/effect/landmark/error/var/swimming

runtime error: 
[19:32:54]Undefined variable /obj/item/rupee/var/swimming

runtime error: 
[19:32:54]Undefined variable /obj/item/rupee/var/swimming

runtime error: 
[19:32:54]Undefined variable /obj/item/rupee/var/swimming

runtime error: 
[19:32:54]Undefined variable /obj/item/rupee/var/swimming

runtime error: 
[19:32:54]Undefined variable /obj/item/rupee/var/swimming

runtime error: 
[19:32:54]Undefined variable /obj/item/rupee/var/swimming

runtime error: 
[19:32:54]Undefined variable /obj/item/rupee/var/swimming

runtime error: 
[19:32:54]Undefined variable /obj/item/rupee/var/swimming

runtime error: 
[19:32:54]Undefined variable /obj/item/rupee/var/swimming

runtime error: 
[19:32:54]Undefined variable /obj/item/rupee/var/swimming

runtime error: 
[19:32:54]Undefined variable /obj/item/rupee/var/swimming

runtime error: 
[19:32:54]Undefined variable /obj/item/rupee/var/swimming

runtime error: 
[19:32:54]Undefined variable /obj/item/rupee/var/swimming

runtime error: 
[19:32:54]Undefined variable /obj/item/rupee/var/swimming

runtime error: 
[19:32:54]Undefined variable /obj/item/rupee/var/swimming

runtime error: 
[19:32:54]Undefined variable /obj/item/rupee/var/swimming

runtime error: 
[19:32:54]Undefined variable /obj/item/rupee/var/swimming

runtime error: 
[19:32:54]Undefined variable /obj/item/rupee/var/swimming

runtime error: 
[19:32:54]Undefined variable /obj/item/rupee/var/swimming

runtime error: 
[19:32:54]Undefined variable /obj/item/rupee/var/swimming

runtime error: 
[19:32:54]Undefined variable /obj/item/rupee/var/swimming

runtime error: 
[19:32:54]Undefined variable /obj/item/rupee/var/swimming

runtime error: 
[19:32:54]Undefined variable /obj/item/rupee/var/swimming

runtime error: 
[19:32:54]Undefined variable /obj/item/rupee/var/swimming

runtime error: 
[19:32:55]Undefined variable /obj/item/rupee/var/swimming

runtime error: 
[19:32:55]Undefined variable /obj/item/rupee/var/swimming

runtime error: 
[19:32:55]Undefined variable /obj/item/rupee/var/swimming

runtime error: 
[19:32:55]Undefined variable /obj/item/rupee/var/swimming

runtime error: 
[19:32:55]Undefined variable /obj/item/rupee/var/swimming

runtime error: 
[19:32:55]Undefined variable /obj/item/rupee/var/swimming

runtime error: 
[19:32:55]Undefined variable /obj/item/rupee/var/swimming

runtime error: 
[19:32:55]Undefined variable /obj/item/rupee/var/swimming

runtime error: 
[19:32:55]Undefined variable /obj/item/rupee/var/swimming

runtime error: 
[19:32:55]Undefined variable /obj/item/rupee/var/swimming

runtime error: 
[19:32:55]Undefined variable /obj/item/rupee/var/swimming

runtime error: 
[19:32:55]Undefined variable /obj/item/rupee/var/swimming

runtime error: 
[19:32:55]Undefined variable /obj/structure/speaking_tile/var/swimming

runtime error: 
[19:32:55]Undefined variable /obj/machinery/abductor/gland_dispenser/var/swimming

runtime error: 
[19:32:55]Undefined variable /obj/structure/table/abductor/var/swimming

runtime error: 
[19:32:55]Undefined variable /obj/item/surgicaldrill/alien/var/swimming

runtime error: 
[19:32:55]undefined proc or verb /mob/living/simple_animal/bot/medbot/mysterious/remove overlay().

runtime error: 
[19:32:55]undefined proc or verb /mob/living/simple_animal/hostile/creature/remove overlay().

runtime error: 
[19:32:55]undefined proc or verb /mob/living/simple_animal/hostile/carp/cayenne/remove overlay().

runtime error: 
[19:32:56]undefined proc or verb /mob/dead/new_player/remove overlay().

runtime error: 
[19:32:58]Cannot execute null.add reagent().
runtime error: 
[19:32:58]Cannot execute null.add reagent().
runtime error: 
[19:32:59]Cannot execute null.add reagent().
runtime error: 
[19:32:59]undefined proc or verb /mob/living/simple_animal/bot/medbot/remove overlay().

runtime error: 
[19:32:59]undefined proc or verb /mob/living/simple_animal/cockroach/remove overlay().

runtime error: 
[19:32:59]undefined proc or verb /mob/living/simple_animal/cockroach/remove overlay().

runtime error: 
[19:32:59]Cannot execute null.add reagent().
runtime error: 
[19:32:59]Cannot execute null.add reagent().
runtime error: 
[19:32:59]undefined proc or verb /mob/living/simple_animal/cockroach/remove overlay().

runtime error: 
[19:32:59]undefined proc or verb /mob/living/simple_animal/cockroach/remove overlay().

runtime error: 
[19:32:59]undefined proc or verb /mob/living/simple_animal/cockroach/remove overlay().

runtime error: 
[19:32:59]undefined proc or verb /mob/living/simple_animal/pet/cat/Runtime/remove overlay().

runtime error: 
[19:32:59]undefined proc or verb /mob/living/simple_animal/cockroach/remove overlay().

runtime error: 
[19:32:59]undefined proc or verb /mob/living/simple_animal/pet/dog/pug/remove overlay().

runtime error: 
[19:32:59]undefined proc or verb /mob/living/simple_animal/cockroach/remove overlay().

runtime error: 
[19:32:59]undefined proc or verb /mob/living/simple_animal/cockroach/remove overlay().

runtime error: 
[19:32:59]undefined proc or verb /mob/living/simple_animal/cockroach/remove overlay().

runtime error: 
[19:32:59]undefined proc or verb /mob/living/simple_animal/slime/remove overlay().

runtime error: 
[19:33:00]undefined proc or verb /mob/living/simple_animal/slime/remove overlay().

runtime error: 
[19:33:00]undefined proc or verb /mob/living/simple_animal/slime/remove overlay().

runtime error: 
[19:33:00]undefined proc or verb /mob/living/simple_animal/cockroach/remove overlay().

runtime error: 
[19:33:00]undefined proc or verb /mob/living/simple_animal/cockroach/remove overlay().

runtime error: 
[19:33:00]undefined proc or verb /mob/living/simple_animal/pet/dog/corgi/Ian/remove overlay().

runtime error: 
[19:33:00]undefined proc or verb /mob/living/simple_animal/bot/secbot/pingsky/remove overlay().

runtime error: 
[19:33:00]undefined proc or verb /mob/living/simple_animal/parrot/Poly/remove overlay().

runtime error: 
[19:33:00]undefined proc or verb /mob/living/simple_animal/bot/secbot/beepsky/remove overlay().

runtime error: 
[19:33:01]Cannot execute null.add reagent().
runtime error: 
[19:33:01]undefined proc or verb /mob/living/simple_animal/pet/fox/Renault/remove overlay().

runtime error: 
[19:33:01]undefined proc or verb /mob/living/simple_animal/hostile/carp/cayenne/remove overlay().

runtime error: 
[19:33:01]undefined proc or verb /mob/living/simple_animal/cockroach/remove overlay().

runtime error: 
[19:33:01]undefined proc or verb /mob/living/simple_animal/hostile/retaliate/goat/remove overlay().

runtime error: 
[19:33:01]undefined proc or verb /mob/living/simple_animal/sloth/citrus/remove overlay().

runtime error: 
[19:33:01]undefined proc or verb /mob/living/simple_animal/cockroach/remove overlay().

runtime error: 
[19:33:01]undefined proc or verb /mob/living/simple_animal/mouse/remove overlay().

runtime error: 
[19:33:01]Cannot execute null.add reagent().
runtime error: 
[19:33:01]undefined proc or verb /mob/living/simple_animal/mouse/remove overlay().

runtime error: 
[19:33:01]undefined proc or verb /mob/living/simple_animal/bot/mulebot/remove overlay().

runtime error: 
[19:33:02]undefined proc or verb /mob/living/simple_animal/bot/mulebot/remove overlay().

runtime error: 
[19:33:02]undefined proc or verb /mob/living/simple_animal/cockroach/remove overlay().

runtime error: 
[19:33:02]undefined proc or verb /mob/living/simple_animal/hostile/lizard/remove overlay().

runtime error: 
[19:33:02]undefined proc or verb /mob/living/simple_animal/cockroach/remove overlay().

runtime error: 
[19:33:02]undefined proc or verb /mob/living/simple_animal/cockroach/remove overlay().

runtime error: 
[19:33:02]undefined proc or verb /mob/living/simple_animal/cockroach/remove overlay().

runtime error: 
[19:33:02]undefined proc or verb /mob/living/simple_animal/cockroach/remove overlay().

runtime error: 
[19:33:04]undefined proc or verb /mob/living/simple_animal/bot/secbot/beepsky/remove overlay().

runtime error: 
[19:33:04]undefined proc or verb /mob/living/simple_animal/hostile/asteroid/goliath/beast/random/remove overlay().

runtime error: 
[19:33:04]undefined proc or verb /mob/living/simple_animal/hostile/asteroid/hivelord/legion/random/remove overlay().

runtime error: 
[19:33:05]undefined proc or verb /mob/living/simple_animal/hostile/asteroid/hivelord/legion/random/remove overlay().

runtime error: 
[19:33:05]undefined proc or verb /mob/living/simple_animal/hostile/asteroid/basilisk/watcher/random/remove overlay().

runtime error: 
[19:33:05]undefined proc or verb /mob/living/simple_animal/hostile/asteroid/basilisk/watcher/random/remove overlay().

runtime error: 
[19:33:05]undefined proc or verb /mob/living/simple_animal/hostile/megafauna/legion/remove overlay().

Initialized 1.48467e+006 atoms
Initialized Atoms subsystem within 28.9 seconds!
Initialized Language subsystem within 0 seconds!
Initialized Machines subsystem within 0.5 seconds!
Initialized Circuit subsystem within 0 seconds!
Initialized Weather subsystem within 0 seconds!
## WARNING: There are 731 active turfs at roundstart, this is a mapping error caused by a difference of the air between the adjacent turfs. You can see its coordinates using "Mapping -> Show roundstart AT list" verb (debug verbs required)
## WARNING: HEY! LISTEN! 3 seconds were wasted processing 731 turf(s) (connected to 75964 other turfs) with atmos differences at round start.
## WARNING: build_pipeline(): /obj/machinery/atmospherics/pipe/simple/supply/hidden added to a pipenet while still having one. (pipes leading to the same spot stacking in one turf) Nearby: (187, 161, 2)
## WARNING: build_pipeline(): /obj/machinery/atmospherics/pipe/simple/supply/hidden added to a pipenet while still having one. (pipes leading to the same spot stacking in one turf) Nearby: (187, 162, 2)
## WARNING: build_pipeline(): /obj/machinery/atmospherics/pipe/simple/supply/hidden added to a pipenet while still having one. (pipes leading to the same spot stacking in one turf) Nearby: (187, 160, 2)
## WARNING: build_pipeline(): /obj/machinery/atmospherics/pipe/simple/supply/hidden added to a pipenet while still having one. (pipes leading to the same spot stacking in one turf) Nearby: (186, 162, 2)
## WARNING: build_pipeline(): /obj/machinery/atmospherics/pipe/simple/supply/hidden added to a pipenet while still having one. (pipes leading to the same spot stacking in one turf) Nearby: (187, 159, 2)
## WARNING: build_pipeline(): /obj/machinery/atmospherics/pipe/simple/supply/hidden added to a pipenet while still having one. (pipes leading to the same spot stacking in one turf) Nearby: (185, 162, 2)
## WARNING: build_pipeline(): /obj/machinery/atmospherics/pipe/simple/supply/hidden added to a pipenet while still having one. (pipes leading to the same spot stacking in one turf) Nearby: (187, 158, 2)
## WARNING: build_pipeline(): /obj/machinery/atmospherics/pipe/simple/supply/hidden added to a pipenet while still having one. (pipes leading to the same spot stacking in one turf) Nearby: (184, 162, 2)
## WARNING: build_pipeline(): /obj/machinery/atmospherics/pipe/manifold/supply/hidden added to a pipenet while still having one. (pipes leading to the same spot stacking in one turf) Nearby: (187, 157, 2)
## WARNING: build_pipeline(): /obj/machinery/atmospherics/pipe/manifold/supply/hidden added to a pipenet while still having one. (pipes leading to the same spot stacking in one turf) Nearby: (183, 162, 2)
## WARNING: build_pipeline(): further messages about pipenets will be supressed
Initialized Atmospherics subsystem within 12.7 seconds!
Initialized Minimap subsystem within 0.1 seconds!
Initialized Assets subsystem within 0.1 seconds!
Initialized Icon Smoothing subsystem within 2.5 seconds!
Initialized Overlay subsystem within 8.7 seconds!
Initialized XKeyScore subsystem within 0 seconds!
Initialized Lighting subsystem within 9.2 seconds!
runtime error: 
[19:34:19]undefined proc or verb /mob/living/simple_animal/bot/medbot/remove overlay().

Initialized Shuttle subsystem within 33.2 seconds!
Initialized Squeak subsystem within 0 seconds!
Loaded 0 engraved messages on map Delta Station
Initialized Persistence subsystem within 0.1 seconds!
Initializations complete within 159.7 seconds!
Game start took 0s
runtime error: 
[19:34:23]undefined proc or verb /mob/living/simple_animal/hostile/asteroid/hivelord/legion/random/remove overlay().

runtime error: 
[19:34:23]undefined proc or verb /mob/living/simple_animal/hostile/asteroid/goliath/beast/random/remove overlay().

## WARNING: A ref was requested of an object with use_tag set but no tag: BiggiOS in code/__HELPERS/unsorted.dm at line 1500 src:  usr: BiggiOS.
runtime error: 
[19:34:29]Cannot read null.key
runtime error: 
[19:34:29]Cannot read null.martial_art
runtime error: 
[19:34:29]Cannot read null.martial_art
## WARNING: A ref was requested of an object with use_tag set but no tag: Noober84555 in code/__HELPERS/unsorted.dm at line 1500 src:  usr: Noober84555.
runtime error: 
[19:35:06]Cannot read null.key
runtime error: 
[19:35:06]Cannot read null.martial_art
runtime error: 
[19:35:06]Cannot read null.martial_art
runtime error: 
[19:36:41]list index out of bounds
