

Starting up round ID . 17:53:46
---------------------
Suzane \ Kerena White \ cool guys high class \ NONE \ LATEJOIN
Noober84555 \ Noober \ cool guys high class \ NONE \ LATEJOIN
Kirill-Cyril \ Not Starbound Character \ cool guys low class \ NONE \ LATEJOIN
Lezus_Konrad \ Chase Rathens \ cool guys high class \ NONE \ LATEJOIN
Bobsmerf \ Apple Nehling \ cool guys high class \ NONE \ LATEJOIN
Lezus_Konrad \ ALDEN IS A NIGGER \ cool guys high class \ NONE \ LATEJOIN
KRYSENEXYLLIMUS \ Archie Wible \ cool guys high class \ NONE \ LATEJOIN
Kirill-Cyril \ Not Starbound Character \ cool guys medium class \ NONE \ LATEJOIN
CALVIN1390 \ Cilii Jones \ cool guys high class \ NONE \ LATEJOIN
Lezus_Konrad \ ALDEN IS A NIGGER \ cool guys high class \ NONE \ LATEJOIN
Lezus_Konrad \ ALDEN IS A NIGGER \ cool guys high class \ NONE \ LATEJOIN
MACIEKBAKI \ Mr Lmao \ cool guys high class \ NONE \ LATEJOIN
Kirill-Cyril \ Not Starbound Character \ cool guys low class \ NONE \ LATEJOIN
MashSA \ Glip Glorp \ cool guys high class \ NONE \ LATEJOIN
MlgDatBoiWEW \ Tel Steele \ cool guys high class \ NONE \ LATEJOIN
noober84555 \ Noober \ cool guys high class \ NONE \ LATEJOIN
MlgDatBoiWEW \ Tel Steele \ cool guys low class \ NONE \ LATEJOIN
Landrydragon \ Landry \ cool guys high class \ NONE \ LATEJOIN
