

Starting up round ID . 19:36:53
---------------------
Initialized Blackbox subsystem within 0 seconds!
Initialized Server Tasks subsystem within 0 seconds!
Initialized Events subsystem within 0 seconds!
runtime error: 
[19:36:55]cannot read from list
[19:36:55]proc name: LoadJobs (/datum/controller/subsystem/job/proc/LoadJobs)
[19:36:55]  source file: job.dm,448
[19:36:55]  usr: null
[19:36:55]  src: Jobs (/datum/controller/subsystem/job)
[19:36:55]  call stack:
[19:36:55]Jobs (/datum/controller/subsystem/job): LoadJobs()
[19:36:55]Jobs (/datum/controller/subsystem/job): Initialize(814152)
[19:36:55]Master (/datum/controller/master): Initialize(10, 0)
Initialized Jobs subsystem within 0.1 seconds!
Initialized Ticker subsystem within 0 seconds!
Loading Delta Station...
runtime error: 
[19:37:04]Cannot read null.martial_art
[19:37:04]proc name: teach (/datum/martial_art/proc/teach)
[19:37:04]  source file: martial.dm,79
[19:37:04]  usr: V.E.G.A12 (/mob/dead/new_player)
[19:37:04]  src: Wrestling (/datum/martial_art/wrestling)
[19:37:04]  usr.loc: the plating (8,174,1) (/turf/open/floor/plating)
[19:37:04]  call stack:
[19:37:04]Wrestling (/datum/martial_art/wrestling): teach(Raul Kemble (/mob/living/carbon/human/dummy), 1)
[19:37:04]Wrestling (/datum/martial_art/wrestling): teach(Raul Kemble (/mob/living/carbon/human/dummy), 1)
[19:37:04]Wrestling Belt (/obj/item/storage/belt/champion/wrestling): equipped(Raul Kemble (/mob/living/carbon/human/dummy), 5)
[19:37:04]Raul Kemble (/mob/living/carbon/human/dummy): equip to slot(Wrestling Belt (/obj/item/storage/belt/champion/wrestling), 5, 0)
[19:37:04]Raul Kemble (/mob/living/carbon/human/dummy): equip to slot if possible(Wrestling Belt (/obj/item/storage/belt/champion/wrestling), 5, 1, 1, 0, 1)
[19:37:04]Raul Kemble (/mob/living/carbon/human/dummy): equip to slot or del(Wrestling Belt (/obj/item/storage/belt/champion/wrestling), 5)
[19:37:04]Captain (/datum/outfit/job/captain): equip(Raul Kemble (/mob/living/carbon/human/dummy), 1)
[19:37:04]Raul Kemble (/mob/living/carbon/human/dummy): equipOutfit(/datum/outfit/job/captain (/datum/outfit/job/captain), 1)
[19:37:04]/datum/job/captain (/datum/job/captain): equip(Raul Kemble (/mob/living/carbon/human/dummy), 1, 1)
[19:37:04]/datum/preferences (/datum/preferences): update preview icon()
[19:37:04]/datum/preferences (/datum/preferences): ShowChoices(V.E.G.A12 (/mob/dead/new_player))
[19:37:04]V.E.G.A12 (/mob/dead/new_player): Topic("src=\[mob_1];show_preferences=...", /list (/list))
[19:37:04]V.E.G.A12 (/client): Topic("src=\[mob_1];show_preferences=...", /list (/list), V.E.G.A12 (/mob/dead/new_player))
[19:37:04]V.E.G.A12 (/client): Topic("src=\[mob_1];show_preferences=...", /list (/list), V.E.G.A12 (/mob/dead/new_player))
runtime error: 
[19:37:04]Cannot execute null.start().
[19:37:04]proc name: equipped (/obj/item/clothing/head/helmet/space/hardsuit/equipped)
[19:37:04]  source file: hardsuit.dm,63
[19:37:04]  usr: V.E.G.A12 (/mob/dead/new_player)
[19:37:04]  src: the elite syndicate hardsuit h... (/obj/item/clothing/head/helmet/space/hardsuit/syndi/elite)
[19:37:04]  usr.loc: the plating (8,174,1) (/turf/open/floor/plating)
[19:37:04]  src.loc: Raul Kemble (/mob/living/carbon/human/dummy)
[19:37:04]  call stack:
[19:37:04]the elite syndicate hardsuit h... (/obj/item/clothing/head/helmet/space/hardsuit/syndi/elite): equipped(Raul Kemble (/mob/living/carbon/human/dummy), 11)
[19:37:04]Raul Kemble (/mob/living/carbon/human/dummy): equip to slot(the elite syndicate hardsuit h... (/obj/item/clothing/head/helmet/space/hardsuit/syndi/elite), 11, 1)
[19:37:04]Raul Kemble (/mob/living/carbon/human/dummy): equip to slot(the elite syndicate hardsuit h... (/obj/item/clothing/head/helmet/space/hardsuit/syndi/elite), 11, 1)
[19:37:04]Raul Kemble (/mob/living/carbon/human/dummy): equip to slot if possible(the elite syndicate hardsuit h... (/obj/item/clothing/head/helmet/space/hardsuit/syndi/elite), 11, 0, 0, 1, 0)
[19:37:04]the elite syndicate hardsuit (/obj/item/clothing/suit/space/hardsuit/syndi/elite): ToggleHelmet()
[19:37:04]Captain (/datum/outfit/job/captain): equip(Raul Kemble (/mob/living/carbon/human/dummy), 1)
[19:37:04]Raul Kemble (/mob/living/carbon/human/dummy): equipOutfit(/datum/outfit/job/captain (/datum/outfit/job/captain), 1)
[19:37:04]/datum/job/captain (/datum/job/captain): equip(Raul Kemble (/mob/living/carbon/human/dummy), 1, 1)
[19:37:04]/datum/preferences (/datum/preferences): update preview icon()
[19:37:04]/datum/preferences (/datum/preferences): ShowChoices(V.E.G.A12 (/mob/dead/new_player))
[19:37:04]V.E.G.A12 (/mob/dead/new_player): Topic("src=\[mob_1];show_preferences=...", /list (/list))
[19:37:04]V.E.G.A12 (/client): Topic("src=\[mob_1];show_preferences=...", /list (/list), V.E.G.A12 (/mob/dead/new_player))
[19:37:04]V.E.G.A12 (/client): Topic("src=\[mob_1];show_preferences=...", /list (/list), V.E.G.A12 (/mob/dead/new_player))
runtime error: 
[19:37:08]Cannot execute null.stop().
[19:37:08]proc name: dropped (/obj/item/clothing/head/helmet/space/hardsuit/dropped)
[19:37:08]  source file: hardsuit.dm,48
[19:37:08]  usr: V.E.G.A12 (/mob/dead/new_player)
[19:37:08]  src: the elite syndicate hardsuit h... (/obj/item/clothing/head/helmet/space/hardsuit/syndi/elite)
[19:37:08]  usr.loc: the plating (8,174,1) (/turf/open/floor/plating)
[19:37:08]  src.loc: Raul Kemble (/mob/living/carbon/human/dummy)
[19:37:08]  call stack:
[19:37:08]the elite syndicate hardsuit h... (/obj/item/clothing/head/helmet/space/hardsuit/syndi/elite): dropped(Raul Kemble (/mob/living/carbon/human/dummy))
[19:37:08]Raul Kemble (/mob/living/carbon/human/dummy): doUnEquip(the elite syndicate hardsuit h... (/obj/item/clothing/head/helmet/space/hardsuit/syndi/elite), 1, null, 1, 1)
[19:37:08]Raul Kemble (/mob/living/carbon/human/dummy): doUnEquip(the elite syndicate hardsuit h... (/obj/item/clothing/head/helmet/space/hardsuit/syndi/elite), 1, null, 1, 1)
[19:37:08]Raul Kemble (/mob/living/carbon/human/dummy): doUnEquip(the elite syndicate hardsuit h... (/obj/item/clothing/head/helmet/space/hardsuit/syndi/elite), 1, null, 1, 1)
[19:37:08]Raul Kemble (/mob/living/carbon/human/dummy): temporarilyRemoveItemFromInventory(the elite syndicate hardsuit h... (/obj/item/clothing/head/helmet/space/hardsuit/syndi/elite), 1, 1)
[19:37:08]the elite syndicate hardsuit h... (/obj/item/clothing/head/helmet/space/hardsuit/syndi/elite): Destroy(0)
[19:37:08]the elite syndicate hardsuit h... (/obj/item/clothing/head/helmet/space/hardsuit/syndi/elite): Destroy(0)
[19:37:08]the elite syndicate hardsuit h... (/obj/item/clothing/head/helmet/space/hardsuit/syndi/elite): Destroy(0)
[19:37:08]the elite syndicate hardsuit h... (/obj/item/clothing/head/helmet/space/hardsuit/syndi/elite): Destroy(0)
[19:37:08]qdel(the elite syndicate hardsuit h... (/obj/item/clothing/head/helmet/space/hardsuit/syndi/elite), 0)
[19:37:08]Raul Kemble (/mob/living/carbon/human/dummy): delete equipment()
[19:37:08]Raul Kemble (/mob/living/carbon/human/dummy): wipe state()
[19:37:08]unset busy human dummy("dummy_preference_preview")
[19:37:08]/datum/preferences (/datum/preferences): update preview icon()
[19:37:08]/datum/preferences (/datum/preferences): ShowChoices(V.E.G.A12 (/mob/dead/new_player))
[19:37:08]V.E.G.A12 (/mob/dead/new_player): Topic("src=\[mob_1];show_preferences=...", /list (/list))
[19:37:08]V.E.G.A12 (/client): Topic("src=\[mob_1];show_preferences=...", /list (/list), V.E.G.A12 (/mob/dead/new_player))
[19:37:08]V.E.G.A12 (/client): Topic("src=\[mob_1];show_preferences=...", /list (/list), V.E.G.A12 (/mob/dead/new_player))
runtime error: 
[19:37:08]Cannot read null.martial_art
[19:37:08]proc name: remove (/datum/martial_art/proc/remove)
[19:37:08]  source file: martial.dm,101
[19:37:08]  usr: V.E.G.A12 (/mob/dead/new_player)
[19:37:08]  src: Wrestling (/datum/martial_art/wrestling)
[19:37:08]  usr.loc: the plating (8,174,1) (/turf/open/floor/plating)
[19:37:08]  call stack:
[19:37:08]Wrestling (/datum/martial_art/wrestling): remove(Raul Kemble (/mob/living/carbon/human/dummy))
[19:37:08]Wrestling Belt (/obj/item/storage/belt/champion/wrestling): dropped(Raul Kemble (/mob/living/carbon/human/dummy))
[19:37:08]Raul Kemble (/mob/living/carbon/human/dummy): doUnEquip(Wrestling Belt (/obj/item/storage/belt/champion/wrestling), 1, null, 1, 1)
[19:37:08]Raul Kemble (/mob/living/carbon/human/dummy): doUnEquip(Wrestling Belt (/obj/item/storage/belt/champion/wrestling), 1, null, 1, 1)
[19:37:08]Raul Kemble (/mob/living/carbon/human/dummy): doUnEquip(Wrestling Belt (/obj/item/storage/belt/champion/wrestling), 1, null, 1, 1)
[19:37:08]Raul Kemble (/mob/living/carbon/human/dummy): temporarilyRemoveItemFromInventory(Wrestling Belt (/obj/item/storage/belt/champion/wrestling), 1, 1)
[19:37:08]Wrestling Belt (/obj/item/storage/belt/champion/wrestling): Destroy(0)
[19:37:08]Wrestling Belt (/obj/item/storage/belt/champion/wrestling): Destroy(0)
[19:37:08]qdel(Wrestling Belt (/obj/item/storage/belt/champion/wrestling), 0)
[19:37:08]Raul Kemble (/mob/living/carbon/human/dummy): delete equipment()
[19:37:08]Raul Kemble (/mob/living/carbon/human/dummy): wipe state()
[19:37:08]unset busy human dummy("dummy_preference_preview")
[19:37:08]/datum/preferences (/datum/preferences): update preview icon()
[19:37:08]/datum/preferences (/datum/preferences): ShowChoices(V.E.G.A12 (/mob/dead/new_player))
[19:37:08]V.E.G.A12 (/mob/dead/new_player): Topic("src=\[mob_1];show_preferences=...", /list (/list))
[19:37:08]V.E.G.A12 (/client): Topic("src=\[mob_1];show_preferences=...", /list (/list), V.E.G.A12 (/mob/dead/new_player))
[19:37:08]V.E.G.A12 (/client): Topic("src=\[mob_1];show_preferences=...", /list (/list), V.E.G.A12 (/mob/dead/new_player))
Loaded station in 43s!
Ruin "Hierophant's Arena" placed at (52, 141, 5)
Ruin "Free Golem Ship" placed at (46, 193, 5)
Ruin "Seed Vault" placed at (145, 194, 5)
Ruin "UFO Crash" placed at (210, 135, 5)
Ruin "Ruined Pizza Party" placed at (145, 64, 5)
runtime error: 
[19:37:45]Cannot execute /datum/plant_gene/trait/glow (/datum/plant_gene/trait/glow).glow range().
[19:37:45]proc name: New (/obj/structure/glowshroom/New)
[19:37:45]  source file: glowshroom.dm,63
[19:37:45]  usr: null
[19:37:45]  src: the glowshroom (/obj/structure/glowshroom/single)
[19:37:45]  src.loc: the floor (141,66,5) (/turf/open/floor/wood)
[19:37:45]  call stack:
[19:37:45]the glowshroom (/obj/structure/glowshroom/single): New(the floor (141,66,5) (/turf/open/floor/wood), null, null)
[19:37:45]/dmm_suite (/dmm_suite): create atom(/obj/structure/glowshroom/sing... (/obj/structure/glowshroom/single), the floor (141,66,5) (/turf/open/floor/wood))
[19:37:45]/dmm_suite (/dmm_suite): instance atom(/obj/structure/glowshroom/sing... (/obj/structure/glowshroom/single), /list (/list), the floor (141,66,5) (/turf/open/floor/wood), 1)
[19:37:45]/dmm_suite (/dmm_suite): parse grid("\n/obj/structure/glowshroom/si...", "n", 141, 66, 5, 1)
[19:37:45]/dmm_suite (/dmm_suite): load map impl(_maps/RandomRuins/LavaRuins/la..., 135, 54, 5, 1, null, 1, -1e+031, 1e+031, -1e+031, 1e+031)
[19:37:45]/dmm_suite (/dmm_suite): load map(_maps/RandomRuins/LavaRuins/la..., 135, 54, 5, 1, null, 1, null, null, null, null)
[19:37:45]Ruined Pizza Party (/datum/map_template/ruin/lavaland/pizza): load(the rock (135,54,5) (/turf/closed/mineral/random/volcanic), 1)
[19:37:45]the random ruin (/obj/effect/ruin_loader): Load(/list (/list), Ruined Pizza Party (/datum/map_template/ruin/lavaland/pizza))
[19:37:45]seedRuins(/list (/list), 25, /area/lavaland/surface/outdoor... (/area/lavaland/surface/outdoors/unexplored), /list (/list))
[19:37:45]Mapping (/datum/controller/subsystem/mapping): Initialize(814154)
[19:37:45]Master (/datum/controller/master): Initialize(10, 0)
runtime error: 
[19:37:45]Cannot execute /datum/plant_gene/trait/glow (/datum/plant_gene/trait/glow).glow range().
[19:37:45]proc name: New (/obj/structure/glowshroom/New)
[19:37:45]  source file: glowshroom.dm,63
[19:37:45]  usr: null
[19:37:45]  src: the glowshroom (/obj/structure/glowshroom/single)
[19:37:45]  src.loc: the plating (142,62,5) (/turf/open/floor/plating)
[19:37:45]  call stack:
[19:37:45]the glowshroom (/obj/structure/glowshroom/single): New(the plating (142,62,5) (/turf/open/floor/plating), null, null)
[19:37:45]/dmm_suite (/dmm_suite): create atom(/obj/structure/glowshroom/sing... (/obj/structure/glowshroom/single), the plating (142,62,5) (/turf/open/floor/plating))
[19:37:45]/dmm_suite (/dmm_suite): instance atom(/obj/structure/glowshroom/sing... (/obj/structure/glowshroom/single), /list (/list), the plating (142,62,5) (/turf/open/floor/plating), 1)
[19:37:45]/dmm_suite (/dmm_suite): parse grid("\n/obj/structure/glowshroom/si...", "J", 142, 62, 5, 1)
[19:37:45]/dmm_suite (/dmm_suite): load map impl(_maps/RandomRuins/LavaRuins/la..., 135, 54, 5, 1, null, 1, -1e+031, 1e+031, -1e+031, 1e+031)
[19:37:45]/dmm_suite (/dmm_suite): load map(_maps/RandomRuins/LavaRuins/la..., 135, 54, 5, 1, null, 1, null, null, null, null)
[19:37:45]Ruined Pizza Party (/datum/map_template/ruin/lavaland/pizza): load(the rock (135,54,5) (/turf/closed/mineral/random/volcanic), 1)
[19:37:45]the random ruin (/obj/effect/ruin_loader): Load(/list (/list), Ruined Pizza Party (/datum/map_template/ruin/lavaland/pizza))
[19:37:45]seedRuins(/list (/list), 25, /area/lavaland/surface/outdoor... (/area/lavaland/surface/outdoors/unexplored), /list (/list))
[19:37:45]Mapping (/datum/controller/subsystem/mapping): Initialize(814154)
[19:37:45]Master (/datum/controller/master): Initialize(10, 0)
runtime error: 
[19:37:45]Cannot execute /datum/plant_gene/trait/glow (/datum/plant_gene/trait/glow).glow range().
[19:37:45]proc name: New (/obj/structure/glowshroom/New)
[19:37:45]  source file: glowshroom.dm,63
[19:37:45]  usr: null
[19:37:45]  src: the glowshroom (/obj/structure/glowshroom/single)
[19:37:45]  src.loc: the floor (145,64,5) (/turf/open/floor/wood)
[19:37:45]  call stack:
[19:37:45]the glowshroom (/obj/structure/glowshroom/single): New(the floor (145,64,5) (/turf/open/floor/wood), null, null)
[19:37:45]/dmm_suite (/dmm_suite): create atom(/obj/structure/glowshroom/sing... (/obj/structure/glowshroom/single), the floor (145,64,5) (/turf/open/floor/wood))
[19:37:45]/dmm_suite (/dmm_suite): instance atom(/obj/structure/glowshroom/sing... (/obj/structure/glowshroom/single), /list (/list), the floor (145,64,5) (/turf/open/floor/wood), 1)
[19:37:45]/dmm_suite (/dmm_suite): parse grid("\n/obj/structure/table/wood,\n...", "z", 145, 64, 5, 1)
[19:37:45]/dmm_suite (/dmm_suite): load map impl(_maps/RandomRuins/LavaRuins/la..., 135, 54, 5, 1, null, 1, -1e+031, 1e+031, -1e+031, 1e+031)
[19:37:45]/dmm_suite (/dmm_suite): load map(_maps/RandomRuins/LavaRuins/la..., 135, 54, 5, 1, null, 1, null, null, null, null)
[19:37:45]Ruined Pizza Party (/datum/map_template/ruin/lavaland/pizza): load(the rock (135,54,5) (/turf/closed/mineral/random/volcanic), 1)
[19:37:45]the random ruin (/obj/effect/ruin_loader): Load(/list (/list), Ruined Pizza Party (/datum/map_template/ruin/lavaland/pizza))
[19:37:45]seedRuins(/list (/list), 25, /area/lavaland/surface/outdoor... (/area/lavaland/surface/outdoors/unexplored), /list (/list))
[19:37:45]Mapping (/datum/controller/subsystem/mapping): Initialize(814154)
[19:37:45]Master (/datum/controller/master): Initialize(10, 0)
runtime error: 
[19:37:45]Cannot execute /datum/plant_gene/trait/glow (/datum/plant_gene/trait/glow).glow range().
[19:37:45]proc name: New (/obj/structure/glowshroom/New)
[19:37:45]  source file: glowshroom.dm,63
[19:37:45]  usr: null
[19:37:45]  src: the glowshroom (/obj/structure/glowshroom/single)
[19:37:45]  src.loc: the floor (148,65,5) (/turf/open/floor/wood)
[19:37:45]  call stack:
[19:37:45]the glowshroom (/obj/structure/glowshroom/single): New(the floor (148,65,5) (/turf/open/floor/wood), null, null)
[19:37:45]/dmm_suite (/dmm_suite): create atom(/obj/structure/glowshroom/sing... (/obj/structure/glowshroom/single), the floor (148,65,5) (/turf/open/floor/wood))
[19:37:45]/dmm_suite (/dmm_suite): instance atom(/obj/structure/glowshroom/sing... (/obj/structure/glowshroom/single), /list (/list), the floor (148,65,5) (/turf/open/floor/wood), 1)
[19:37:45]/dmm_suite (/dmm_suite): parse grid("\n/obj/structure/glowshroom/si...", "u", 148, 65, 5, 1)
[19:37:45]/dmm_suite (/dmm_suite): load map impl(_maps/RandomRuins/LavaRuins/la..., 135, 54, 5, 1, null, 1, -1e+031, 1e+031, -1e+031, 1e+031)
[19:37:45]/dmm_suite (/dmm_suite): load map(_maps/RandomRuins/LavaRuins/la..., 135, 54, 5, 1, null, 1, null, null, null, null)
[19:37:45]Ruined Pizza Party (/datum/map_template/ruin/lavaland/pizza): load(the rock (135,54,5) (/turf/closed/mineral/random/volcanic), 1)
[19:37:45]the random ruin (/obj/effect/ruin_loader): Load(/list (/list), Ruined Pizza Party (/datum/map_template/ruin/lavaland/pizza))
[19:37:45]seedRuins(/list (/list), 25, /area/lavaland/surface/outdoor... (/area/lavaland/surface/outdoors/unexplored), /list (/list))
[19:37:45]Mapping (/datum/controller/subsystem/mapping): Initialize(814154)
[19:37:45]Master (/datum/controller/master): Initialize(10, 0)
runtime error: 
[19:37:45]Cannot execute /datum/plant_gene/trait/glow (/datum/plant_gene/trait/glow).glow range().
[19:37:45]proc name: New (/obj/structure/glowshroom/New)
[19:37:45]  source file: glowshroom.dm,63
[19:37:45]  usr: null
[19:37:45]  src: the glowshroom (/obj/structure/glowshroom/single)
[19:37:45]  src.loc: the floor (148,61,5) (/turf/open/floor/wood)
[19:37:45]  call stack:
[19:37:45]the glowshroom (/obj/structure/glowshroom/single): New(the floor (148,61,5) (/turf/open/floor/wood), null, null)
[19:37:45]/dmm_suite (/dmm_suite): create atom(/obj/structure/glowshroom/sing... (/obj/structure/glowshroom/single), the floor (148,61,5) (/turf/open/floor/wood))
[19:37:45]/dmm_suite (/dmm_suite): instance atom(/obj/structure/glowshroom/sing... (/obj/structure/glowshroom/single), /list (/list), the floor (148,61,5) (/turf/open/floor/wood), 1)
[19:37:45]/dmm_suite (/dmm_suite): parse grid("\n/obj/structure/glowshroom/si...", "n", 148, 61, 5, 1)
[19:37:45]/dmm_suite (/dmm_suite): load map impl(_maps/RandomRuins/LavaRuins/la..., 135, 54, 5, 1, null, 1, -1e+031, 1e+031, -1e+031, 1e+031)
[19:37:45]/dmm_suite (/dmm_suite): load map(_maps/RandomRuins/LavaRuins/la..., 135, 54, 5, 1, null, 1, null, null, null, null)
[19:37:45]Ruined Pizza Party (/datum/map_template/ruin/lavaland/pizza): load(the rock (135,54,5) (/turf/closed/mineral/random/volcanic), 1)
[19:37:45]the random ruin (/obj/effect/ruin_loader): Load(/list (/list), Ruined Pizza Party (/datum/map_template/ruin/lavaland/pizza))
[19:37:45]seedRuins(/list (/list), 25, /area/lavaland/surface/outdoor... (/area/lavaland/surface/outdoors/unexplored), /list (/list))
[19:37:45]Mapping (/datum/controller/subsystem/mapping): Initialize(814154)
[19:37:45]Master (/datum/controller/master): Initialize(10, 0)
Ruin "Makeshift Shelter" placed at (195, 173, 5)
runtime error: 
[19:37:46]Cannot execute /datum/plant_gene/trait/glow (/datum/plant_gene/trait/glow).glow range().
[19:37:46]proc name: New (/obj/structure/glowshroom/New)
[19:37:46]  source file: glowshroom.dm,63
[19:37:46]  usr: null
[19:37:46]  src: the glowshroom (/obj/structure/glowshroom/single)
[19:37:46]  src.loc: the plating (194,173,5) (/turf/open/floor/plating)
[19:37:46]  call stack:
[19:37:46]the glowshroom (/obj/structure/glowshroom/single): New(the plating (194,173,5) (/turf/open/floor/plating), null, null)
[19:37:46]/dmm_suite (/dmm_suite): create atom(/obj/structure/glowshroom/sing... (/obj/structure/glowshroom/single), the plating (194,173,5) (/turf/open/floor/plating))
[19:37:46]/dmm_suite (/dmm_suite): instance atom(/obj/structure/glowshroom/sing... (/obj/structure/glowshroom/single), /list (/list), the plating (194,173,5) (/turf/open/floor/plating), 1)
[19:37:46]/dmm_suite (/dmm_suite): parse grid("\n/obj/structure/glowshroom/si...", "q", 194, 173, 5, 1)
[19:37:46]/dmm_suite (/dmm_suite): load map impl(_maps/RandomRuins/LavaRuins/la..., 187, 165, 5, 1, null, 1, -1e+031, 1e+031, -1e+031, 1e+031)
[19:37:46]/dmm_suite (/dmm_suite): load map(_maps/RandomRuins/LavaRuins/la..., 187, 165, 5, 1, null, 1, null, null, null, null)
[19:37:46]Makeshift Shelter (/datum/map_template/ruin/lavaland/hermit): load(the volcanic floor (187,165,5) (/turf/open/floor/plating/asteroid/basalt/lava_land_surface), 1)
[19:37:46]the random ruin (/obj/effect/ruin_loader): Load(/list (/list), Makeshift Shelter (/datum/map_template/ruin/lavaland/hermit))
[19:37:46]seedRuins(/list (/list), 20, /area/lavaland/surface/outdoor... (/area/lavaland/surface/outdoors/unexplored), /list (/list))
[19:37:46]Mapping (/datum/controller/subsystem/mapping): Initialize(814154)
[19:37:46]Master (/datum/controller/master): Initialize(10, 0)
runtime error: 
[19:37:46]Cannot execute /datum/plant_gene/trait/glow (/datum/plant_gene/trait/glow).glow range().
[19:37:46]proc name: New (/obj/structure/glowshroom/New)
[19:37:46]  source file: glowshroom.dm,63
[19:37:46]  usr: null
[19:37:46]  src: the glowshroom (/obj/structure/glowshroom/single)
[19:37:46]  src.loc: the dirt (198,177,5) (/turf/open/floor/plating/asteroid)
[19:37:46]  call stack:
[19:37:46]the glowshroom (/obj/structure/glowshroom/single): New(the dirt (198,177,5) (/turf/open/floor/plating/asteroid), null, null)
[19:37:46]/dmm_suite (/dmm_suite): create atom(/obj/structure/glowshroom/sing... (/obj/structure/glowshroom/single), the dirt (198,177,5) (/turf/open/floor/plating/asteroid))
[19:37:46]/dmm_suite (/dmm_suite): instance atom(/obj/structure/glowshroom/sing... (/obj/structure/glowshroom/single), /list (/list), the dirt (198,177,5) (/turf/open/floor/plating/asteroid), 1)
[19:37:46]/dmm_suite (/dmm_suite): parse grid("\n/obj/structure/glowshroom/si...", "k", 198, 177, 5, 1)
[19:37:46]/dmm_suite (/dmm_suite): load map impl(_maps/RandomRuins/LavaRuins/la..., 187, 165, 5, 1, null, 1, -1e+031, 1e+031, -1e+031, 1e+031)
[19:37:46]/dmm_suite (/dmm_suite): load map(_maps/RandomRuins/LavaRuins/la..., 187, 165, 5, 1, null, 1, null, null, null, null)
[19:37:46]Makeshift Shelter (/datum/map_template/ruin/lavaland/hermit): load(the volcanic floor (187,165,5) (/turf/open/floor/plating/asteroid/basalt/lava_land_surface), 1)
[19:37:46]the random ruin (/obj/effect/ruin_loader): Load(/list (/list), Makeshift Shelter (/datum/map_template/ruin/lavaland/hermit))
[19:37:46]seedRuins(/list (/list), 20, /area/lavaland/surface/outdoor... (/area/lavaland/surface/outdoors/unexplored), /list (/list))
[19:37:46]Mapping (/datum/controller/subsystem/mapping): Initialize(814154)
[19:37:46]Master (/datum/controller/master): Initialize(10, 0)
Ruin "Survival Capsule Ruins" placed at (40, 174, 5)
Ruin "Blood-Drunk Miner" placed at (92, 87, 5)
Ruin "Survival Capsule Ruins" placed at (177, 55, 5)
Ruin "Derelict Tradepost" placed at (209, 47, 8)
runtime error: 
[19:37:47]Cannot execute /datum/plant_gene/trait/glow (/datum/plant_gene/trait/glow).glow range().
[19:37:47]proc name: New (/obj/structure/glowshroom/New)
[19:37:47]  source file: glowshroom.dm,63
[19:37:47]  usr: null
[19:37:47]  src: the glowshroom (/obj/structure/glowshroom/single)
[19:37:47]  src.loc: the floor (195,47,8) (/turf/open/floor/plasteel)
[19:37:47]  call stack:
[19:37:47]the glowshroom (/obj/structure/glowshroom/single): New(the floor (195,47,8) (/turf/open/floor/plasteel), null, null)
[19:37:47]/dmm_suite (/dmm_suite): create atom(/obj/structure/glowshroom/sing... (/obj/structure/glowshroom/single), the floor (195,47,8) (/turf/open/floor/plasteel))
[19:37:47]/dmm_suite (/dmm_suite): instance atom(/obj/structure/glowshroom/sing... (/obj/structure/glowshroom/single), /list (/list), the floor (195,47,8) (/turf/open/floor/plasteel), 1)
[19:37:47]/dmm_suite (/dmm_suite): parse grid("\n/obj/structure/alien/weeds{\...", "da", 195, 47, 8, 1)
[19:37:47]/dmm_suite (/dmm_suite): load map impl(_maps/RandomRuins/SpaceRuins/b..., 189, 27, 8, 1, null, 1, -1e+031, 1e+031, -1e+031, 1e+031)
[19:37:47]/dmm_suite (/dmm_suite): load map(_maps/RandomRuins/SpaceRuins/b..., 189, 27, 8, 1, null, 1, null, null, null, null)
[19:37:47]Derelict Tradepost (/datum/map_template/ruin/space/bigderelict1): load(space (189,27,8) (/turf/open/space/basic), 1)
[19:37:47]the random ruin (/obj/effect/ruin_loader): Load(/list (/list), Derelict Tradepost (/datum/map_template/ruin/space/bigderelict1))
[19:37:47]seedRuins(/list (/list), 16, /area/space (/area/space), /list (/list))
[19:37:47]Mapping (/datum/controller/subsystem/mapping): Initialize(814154)
[19:37:47]Master (/datum/controller/master): Initialize(10, 0)
runtime error: 
[19:37:47]Cannot execute /datum/plant_gene/trait/glow (/datum/plant_gene/trait/glow).glow range().
[19:37:47]proc name: New (/obj/structure/glowshroom/New)
[19:37:47]  source file: glowshroom.dm,63
[19:37:47]  usr: null
[19:37:47]  src: the glowshroom (/obj/structure/glowshroom/single)
[19:37:47]  src.loc: the asteroid sand (199,45,8) (/turf/open/floor/plating/asteroid)
[19:37:47]  call stack:
[19:37:47]the glowshroom (/obj/structure/glowshroom/single): New(the asteroid sand (199,45,8) (/turf/open/floor/plating/asteroid), null, null)
[19:37:47]/dmm_suite (/dmm_suite): create atom(/obj/structure/glowshroom/sing... (/obj/structure/glowshroom/single), the asteroid sand (199,45,8) (/turf/open/floor/plating/asteroid))
[19:37:47]/dmm_suite (/dmm_suite): instance atom(/obj/structure/glowshroom/sing... (/obj/structure/glowshroom/single), /list (/list), the asteroid sand (199,45,8) (/turf/open/floor/plating/asteroid), 1)
[19:37:47]/dmm_suite (/dmm_suite): parse grid("\n/obj/effect/decal/cleanable/...", "dy", 199, 45, 8, 1)
[19:37:47]/dmm_suite (/dmm_suite): load map impl(_maps/RandomRuins/SpaceRuins/b..., 189, 27, 8, 1, null, 1, -1e+031, 1e+031, -1e+031, 1e+031)
[19:37:47]/dmm_suite (/dmm_suite): load map(_maps/RandomRuins/SpaceRuins/b..., 189, 27, 8, 1, null, 1, null, null, null, null)
[19:37:47]Derelict Tradepost (/datum/map_template/ruin/space/bigderelict1): load(space (189,27,8) (/turf/open/space/basic), 1)
[19:37:47]the random ruin (/obj/effect/ruin_loader): Load(/list (/list), Derelict Tradepost (/datum/map_template/ruin/space/bigderelict1))
[19:37:47]seedRuins(/list (/list), 16, /area/space (/area/space), /list (/list))
[19:37:47]Mapping (/datum/controller/subsystem/mapping): Initialize(814154)
[19:37:47]Master (/datum/controller/master): Initialize(10, 0)
runtime error: 
[19:37:48]Cannot execute /datum/plant_gene/trait/glow (/datum/plant_gene/trait/glow).glow range().
[19:37:48]proc name: New (/obj/structure/glowshroom/New)
[19:37:48]  source file: glowshroom.dm,63
[19:37:48]  usr: null
[19:37:48]  src: the glowshroom (/obj/structure/glowshroom/single)
[19:37:48]  src.loc: the shuttle floor (203,54,8) (/turf/open/floor/mineral/titanium/blue)
[19:37:48]  call stack:
[19:37:48]the glowshroom (/obj/structure/glowshroom/single): New(the shuttle floor (203,54,8) (/turf/open/floor/mineral/titanium/blue), null, null)
[19:37:48]/dmm_suite (/dmm_suite): create atom(/obj/structure/glowshroom/sing... (/obj/structure/glowshroom/single), the shuttle floor (203,54,8) (/turf/open/floor/mineral/titanium/blue))
[19:37:48]/dmm_suite (/dmm_suite): instance atom(/obj/structure/glowshroom/sing... (/obj/structure/glowshroom/single), /list (/list), the shuttle floor (203,54,8) (/turf/open/floor/mineral/titanium/blue), 1)
[19:37:48]/dmm_suite (/dmm_suite): parse grid("\n/obj/structure/alien/weeds{\...", "bg", 203, 54, 8, 1)
[19:37:48]/dmm_suite (/dmm_suite): load map impl(_maps/RandomRuins/SpaceRuins/b..., 189, 27, 8, 1, null, 1, -1e+031, 1e+031, -1e+031, 1e+031)
[19:37:48]/dmm_suite (/dmm_suite): load map(_maps/RandomRuins/SpaceRuins/b..., 189, 27, 8, 1, null, 1, null, null, null, null)
[19:37:48]Derelict Tradepost (/datum/map_template/ruin/space/bigderelict1): load(space (189,27,8) (/turf/open/space/basic), 1)
[19:37:48]the random ruin (/obj/effect/ruin_loader): Load(/list (/list), Derelict Tradepost (/datum/map_template/ruin/space/bigderelict1))
[19:37:48]seedRuins(/list (/list), 16, /area/space (/area/space), /list (/list))
[19:37:48]Mapping (/datum/controller/subsystem/mapping): Initialize(814154)
[19:37:48]Master (/datum/controller/master): Initialize(10, 0)
runtime error: 
[19:37:48]Cannot execute /datum/plant_gene/trait/glow (/datum/plant_gene/trait/glow).glow range().
[19:37:48]proc name: New (/obj/structure/glowshroom/New)
[19:37:48]  source file: glowshroom.dm,63
[19:37:48]  usr: null
[19:37:48]  src: the glowshroom (/obj/structure/glowshroom/single)
[19:37:48]  src.loc: the floor (205,49,8) (/turf/open/floor/plasteel)
[19:37:48]  call stack:
[19:37:48]the glowshroom (/obj/structure/glowshroom/single): New(the floor (205,49,8) (/turf/open/floor/plasteel), null, null)
[19:37:48]/dmm_suite (/dmm_suite): create atom(/obj/structure/glowshroom/sing... (/obj/structure/glowshroom/single), the floor (205,49,8) (/turf/open/floor/plasteel))
[19:37:48]/dmm_suite (/dmm_suite): instance atom(/obj/structure/glowshroom/sing... (/obj/structure/glowshroom/single), /list (/list), the floor (205,49,8) (/turf/open/floor/plasteel), 1)
[19:37:48]/dmm_suite (/dmm_suite): parse grid("\n/obj/structure/alien/weeds{\...", "cM", 205, 49, 8, 1)
[19:37:48]/dmm_suite (/dmm_suite): load map impl(_maps/RandomRuins/SpaceRuins/b..., 189, 27, 8, 1, null, 1, -1e+031, 1e+031, -1e+031, 1e+031)
[19:37:48]/dmm_suite (/dmm_suite): load map(_maps/RandomRuins/SpaceRuins/b..., 189, 27, 8, 1, null, 1, null, null, null, null)
[19:37:48]Derelict Tradepost (/datum/map_template/ruin/space/bigderelict1): load(space (189,27,8) (/turf/open/space/basic), 1)
[19:37:48]the random ruin (/obj/effect/ruin_loader): Load(/list (/list), Derelict Tradepost (/datum/map_template/ruin/space/bigderelict1))
[19:37:48]seedRuins(/list (/list), 16, /area/space (/area/space), /list (/list))
[19:37:48]Mapping (/datum/controller/subsystem/mapping): Initialize(814154)
[19:37:48]Master (/datum/controller/master): Initialize(10, 0)
runtime error: 
[19:37:48]Cannot execute /datum/plant_gene/trait/glow (/datum/plant_gene/trait/glow).glow range().
[19:37:48]proc name: New (/obj/structure/glowshroom/New)
[19:37:48]  source file: glowshroom.dm,63
runtime error: 
[19:37:48]Cannot execute /datum/plant_gene/trait/glow (/datum/plant_gene/trait/glow).glow range().
[19:37:48]proc name: New (/obj/structure/glowshroom/New)
[19:37:48]  source file: glowshroom.dm,63
runtime error: 
[19:37:48]Cannot execute /datum/plant_gene/trait/glow (/datum/plant_gene/trait/glow).glow range().
[19:37:48]proc name: New (/obj/structure/glowshroom/New)
[19:37:48]  source file: glowshroom.dm,63
runtime error: 
[19:37:48]Cannot execute /datum/plant_gene/trait/glow (/datum/plant_gene/trait/glow).glow range().
[19:37:48]proc name: New (/obj/structure/glowshroom/New)
[19:37:48]  source file: glowshroom.dm,63
runtime error: 
[19:37:48]Cannot execute /datum/plant_gene/trait/glow (/datum/plant_gene/trait/glow).glow range().
[19:37:48]proc name: New (/obj/structure/glowshroom/New)
[19:37:48]  source file: glowshroom.dm,63
runtime error: 
[19:37:48]Cannot execute /datum/plant_gene/trait/glow (/datum/plant_gene/trait/glow).glow range().
[19:37:48]proc name: New (/obj/structure/glowshroom/New)
[19:37:48]  source file: glowshroom.dm,63
runtime error: 
[19:37:48]Cannot execute /datum/plant_gene/trait/glow (/datum/plant_gene/trait/glow).glow range().
[19:37:48]proc name: New (/obj/structure/glowshroom/New)
[19:37:48]  source file: glowshroom.dm,63
runtime error: 
[19:37:48]Cannot execute /datum/plant_gene/trait/glow (/datum/plant_gene/trait/glow).glow range().
[19:37:48]proc name: New (/obj/structure/glowshroom/New)
[19:37:48]  source file: glowshroom.dm,63
runtime error: 
[19:37:48]Cannot execute /datum/plant_gene/trait/glow (/datum/plant_gene/trait/glow).glow range().
[19:37:48]proc name: New (/obj/structure/glowshroom/New)
[19:37:48]  source file: glowshroom.dm,63
runtime error: 
[19:37:48]Cannot execute /datum/plant_gene/trait/glow (/datum/plant_gene/trait/glow).glow range().
[19:37:48]proc name: New (/obj/structure/glowshroom/New)
[19:37:48]  source file: glowshroom.dm,63
runtime error: 
[19:37:48]Cannot execute /datum/plant_gene/trait/glow (/datum/plant_gene/trait/glow).glow range().
[19:37:48]proc name: New (/obj/structure/glowshroom/New)
[19:37:48]  source file: glowshroom.dm,63
Ruin "Abandoned Teleporter" placed at (179, 197, 7)
Ruin "Crashed Ship" placed at (127, 160, 10)
Ruin "The Twin-Nexus Hotel" placed at (172, 181, 9)
Ruin "Waylaid Buses" placed at (61, 124, 9)
Ruin "Aesthetic Outpost" placed at (36, 32, 9)
Ruin "Dinner for Two" placed at (183, 115, 7)
Ruin "Asteroid 1" placed at (42, 48, 9)
Ruin "Derelict 1" placed at (121, 107, 9)
Ruin "Disposal Facility 17" placed at (116, 39, 4)
Ruin "Ordinary Space Tile" placed at (232, 143, 10)
Ruin "Syndicate Ambush" placed at (131, 151, 8)
Ruin "DK Excavator 453" placed at (99, 148, 9)
Ruin "Asteroid 3" placed at (84, 93, 10)
Ruin "Unnamed Turreted Outpost" placed at (165, 166, 11)
Ruin "NT Medical Ship" placed at (73, 174, 3)
Initialized Mapping subsystem within 56.8 seconds!
runtime error: 
[19:37:53]Cannot execute null.add reagent().
[19:37:53]proc name: Initialize (/obj/effect/decal/cleanable/blood/gibs/Initialize)
[19:37:53]  source file: humans.dm,57
runtime error: 
[19:37:53]Cannot execute null.add reagent().
[19:37:53]proc name: Initialize (/obj/effect/decal/cleanable/blood/gibs/Initialize)
[19:37:53]  source file: humans.dm,57
runtime error: 
[19:37:53]Cannot execute null.add reagent().
[19:37:53]proc name: Initialize (/obj/effect/decal/cleanable/blood/gibs/Initialize)
[19:37:53]  source file: humans.dm,57
runtime error: 
[19:37:53]Cannot execute null.add reagent().
[19:37:53]proc name: Initialize (/obj/effect/decal/cleanable/blood/gibs/Initialize)
[19:37:53]  source file: humans.dm,57
runtime error: 
[19:37:54]Cannot execute null.add reagent().
[19:37:54]proc name: Initialize (/obj/effect/decal/cleanable/oil/Initialize)
[19:37:54]  source file: robots.dm,52
runtime error: 
[19:37:54]Cannot execute null.add reagent().
[19:37:54]proc name: Initialize (/obj/effect/decal/cleanable/oil/Initialize)
[19:37:54]  source file: robots.dm,52
runtime error: 
[19:37:58]Cannot execute null.add reagent().
[19:37:58]proc name: Initialize (/obj/effect/decal/cleanable/oil/Initialize)
[19:37:58]  source file: robots.dm,52
runtime error: 
[19:37:58]Cannot execute null.add reagent().
[19:37:58]proc name: Initialize (/obj/effect/decal/cleanable/oil/Initialize)
[19:37:58]  source file: robots.dm,52
runtime error: 
[19:37:59]Cannot execute null.add reagent().
[19:37:59]proc name: Initialize (/obj/effect/decal/cleanable/oil/Initialize)
[19:37:59]  source file: robots.dm,52
runtime error: 
[19:37:59]Cannot execute null.add reagent().
[19:37:59]proc name: Initialize (/obj/effect/decal/cleanable/blood/gibs/Initialize)
[19:37:59]  source file: humans.dm,57
runtime error: 
[19:37:59]Cannot execute null.add reagent().
[19:37:59]proc name: Initialize (/obj/effect/decal/cleanable/oil/Initialize)
[19:37:59]  source file: robots.dm,52
runtime error: 
[19:37:59]Cannot execute null.add reagent().
[19:37:59]proc name: Initialize (/obj/effect/decal/cleanable/blood/gibs/Initialize)
[19:37:59]  source file: humans.dm,57
runtime error: 
[19:37:59]Cannot execute null.add reagent().
[19:37:59]proc name: Initialize (/obj/effect/decal/cleanable/oil/Initialize)
[19:37:59]  source file: robots.dm,52
runtime error: 
[19:38:00]Cannot execute null.add reagent().
[19:38:00]proc name: Initialize (/obj/effect/decal/cleanable/blood/gibs/Initialize)
[19:38:00]  source file: humans.dm,57
runtime error: 
[19:38:00]Cannot execute null.add reagent().
[19:38:00]proc name: Initialize (/obj/effect/decal/cleanable/oil/Initialize)
[19:38:00]  source file: robots.dm,52
runtime error: 
[19:38:00]Cannot execute null.add reagent().
[19:38:00]proc name: Initialize (/obj/effect/decal/cleanable/oil/Initialize)
[19:38:00]  source file: robots.dm,52
runtime error: 
[19:38:01]Cannot execute null.add reagent().
[19:38:01]proc name: Initialize (/obj/effect/decal/cleanable/oil/Initialize)
[19:38:01]  source file: robots.dm,52
runtime error: 
[19:38:01]Cannot execute null.add reagent().
[19:38:01]proc name: Initialize (/obj/effect/decal/cleanable/oil/Initialize)
[19:38:01]  source file: robots.dm,52
runtime error: 
[19:38:01]Cannot execute null.add reagent().
[19:38:01]proc name: Initialize (/obj/effect/decal/cleanable/oil/Initialize)
[19:38:01]  source file: robots.dm,52
runtime error: 
[19:38:01]Cannot execute null.add reagent().
[19:38:01]proc name: Initialize (/obj/effect/decal/cleanable/oil/Initialize)
[19:38:01]  source file: robots.dm,52
runtime error: 
[19:38:01]Cannot execute null.add reagent().
[19:38:01]proc name: Initialize (/obj/effect/decal/cleanable/oil/Initialize)
[19:38:01]  source file: robots.dm,52
runtime error: 
[19:38:01]Cannot execute null.add reagent().
[19:38:01]proc name: Initialize (/obj/effect/decal/cleanable/oil/Initialize)
[19:38:01]  source file: robots.dm,52
runtime error: 
[19:38:01]Cannot execute null.add reagent().
[19:38:01]proc name: Initialize (/obj/effect/decal/cleanable/oil/Initialize)
[19:38:01]  source file: robots.dm,52
runtime error: 
[19:38:01]Cannot execute null.add reagent().
[19:38:01]proc name: Initialize (/obj/effect/decal/cleanable/oil/Initialize)
[19:38:01]  source file: robots.dm,52
runtime error: 
[19:38:02]Cannot execute null.add reagent().
[19:38:02]proc name: Initialize (/obj/effect/decal/cleanable/oil/Initialize)
[19:38:02]  source file: robots.dm,52
runtime error: 
[19:38:02]Cannot execute null.add reagent().
[19:38:02]proc name: Initialize (/obj/effect/decal/cleanable/oil/Initialize)
[19:38:02]  source file: robots.dm,52
runtime error: 
[19:38:02]Cannot execute null.add reagent().
[19:38:02]proc name: Initialize (/obj/effect/decal/cleanable/oil/Initialize)
[19:38:02]  source file: robots.dm,52
runtime error: 
[19:38:03]Cannot execute null.add reagent().
[19:38:03]proc name: Initialize (/obj/effect/decal/cleanable/oil/Initialize)
[19:38:03]  source file: robots.dm,52
runtime error: 
[19:38:05]Cannot execute null.add reagent().
[19:38:05]proc name: Initialize (/obj/effect/decal/cleanable/oil/Initialize)
[19:38:05]  source file: robots.dm,52
runtime error: 
[19:38:05]Cannot execute null.add reagent().
[19:38:05]proc name: Initialize (/obj/effect/decal/cleanable/oil/Initialize)
[19:38:05]  source file: robots.dm,52
runtime error: 
[19:38:05]Cannot execute null.add reagent().
[19:38:05]proc name: Initialize (/obj/effect/decal/cleanable/oil/Initialize)
[19:38:05]  source file: robots.dm,52
runtime error: 
[19:38:06]Cannot execute null.add reagent().
[19:38:06]proc name: Initialize (/obj/effect/decal/cleanable/oil/Initialize)
[19:38:06]  source file: robots.dm,52
runtime error: 
[19:38:06]Cannot execute null.add reagent().
[19:38:06]proc name: Initialize (/obj/effect/decal/cleanable/oil/Initialize)
[19:38:06]  source file: robots.dm,52
runtime error: 
[19:38:06]Cannot execute null.add reagent().
[19:38:06]proc name: Initialize (/obj/effect/decal/cleanable/oil/Initialize)
[19:38:06]  source file: robots.dm,52
runtime error: 
[19:38:07]Cannot execute null.add reagent().
[19:38:07]proc name: Initialize (/obj/effect/decal/cleanable/oil/Initialize)
[19:38:07]  source file: robots.dm,52
runtime error: 
[19:38:08]Cannot execute null.add reagent().
[19:38:08]proc name: Initialize (/obj/effect/decal/cleanable/oil/Initialize)
[19:38:08]  source file: robots.dm,52
runtime error: 
[19:38:08]Cannot execute null.add reagent().
[19:38:08]proc name: Initialize (/obj/effect/decal/cleanable/oil/Initialize)
[19:38:08]  source file: robots.dm,52
runtime error: 
[19:38:09]Cannot execute null.add reagent().
[19:38:09]proc name: Initialize (/obj/effect/decal/cleanable/oil/Initialize)
[19:38:09]  source file: robots.dm,52
runtime error: 
[19:38:09]Cannot execute null.add reagent().
[19:38:09]proc name: Initialize (/obj/effect/decal/cleanable/oil/Initialize)
[19:38:09]  source file: robots.dm,52
runtime error: 
[19:38:09]Cannot execute null.add reagent().
[19:38:09]proc name: Initialize (/obj/effect/decal/cleanable/oil/Initialize)
[19:38:09]  source file: robots.dm,52
runtime error: 
[19:38:10]Cannot execute null.add reagent().
[19:38:10]proc name: Initialize (/obj/effect/decal/cleanable/oil/Initialize)
[19:38:10]  source file: robots.dm,52
runtime error: 
[19:38:10]Cannot execute null.add reagent().
[19:38:10]proc name: Initialize (/obj/effect/decal/cleanable/oil/Initialize)
[19:38:10]  source file: robots.dm,52
runtime error: 
[19:38:11]Cannot execute null.add reagent().
[19:38:11]proc name: Initialize (/obj/effect/decal/cleanable/oil/Initialize)
[19:38:11]  source file: robots.dm,52
runtime error: 
[19:38:11]Cannot execute null.add reagent().
[19:38:11]proc name: Initialize (/obj/effect/decal/cleanable/blood/gibs/Initialize)
[19:38:11]  source file: humans.dm,57
runtime error: 
[19:38:12]Cannot execute null.add reagent().
[19:38:12]proc name: Initialize (/obj/effect/decal/cleanable/blood/gibs/Initialize)
[19:38:12]  source file: humans.dm,57
runtime error: 
[19:38:12]Cannot execute null.add reagent().
[19:38:12]proc name: Initialize (/obj/effect/decal/cleanable/blood/gibs/Initialize)
[19:38:12]  source file: humans.dm,57
runtime error: 
[19:38:12]Cannot execute null.add reagent().
[19:38:12]proc name: Initialize (/obj/effect/decal/cleanable/blood/gibs/Initialize)
[19:38:12]  source file: humans.dm,57
runtime error: 
[19:38:12]Cannot execute null.add reagent().
[19:38:12]proc name: Initialize (/obj/effect/decal/cleanable/blood/gibs/Initialize)
[19:38:12]  source file: humans.dm,57
runtime error: 
[19:38:12]Cannot execute null.add reagent().
[19:38:12]proc name: Initialize (/obj/effect/decal/cleanable/blood/gibs/Initialize)
[19:38:12]  source file: humans.dm,57
runtime error: 
[19:38:12]Cannot execute null.add reagent().
[19:38:12]proc name: Initialize (/obj/effect/decal/cleanable/blood/gibs/Initialize)
[19:38:12]  source file: humans.dm,57
runtime error: 
[19:38:12]Cannot execute null.add reagent().
[19:38:12]proc name: Initialize (/obj/effect/decal/cleanable/oil/Initialize)
[19:38:12]  source file: robots.dm,52
runtime error: 
[19:38:12]Cannot execute null.add reagent().
[19:38:12]proc name: Initialize (/obj/effect/decal/cleanable/blood/gibs/Initialize)
[19:38:12]  source file: humans.dm,57
runtime error: 
[19:38:12]Cannot execute null.add reagent().
[19:38:12]proc name: Initialize (/obj/effect/decal/cleanable/blood/gibs/Initialize)
[19:38:12]  source file: humans.dm,57
runtime error: 
[19:38:12]Cannot execute null.add reagent().
[19:38:12]proc name: Initialize (/obj/effect/decal/cleanable/blood/gibs/Initialize)
[19:38:12]  source file: humans.dm,57
runtime error: 
[19:38:12]Cannot execute null.add reagent().
[19:38:12]proc name: Initialize (/obj/effect/decal/cleanable/blood/gibs/Initialize)
[19:38:12]  source file: humans.dm,57
runtime error: 
[19:38:12]Cannot execute null.add reagent().
[19:38:12]proc name: Initialize (/obj/effect/decal/cleanable/blood/gibs/Initialize)
[19:38:12]  source file: humans.dm,57
runtime error: 
[19:38:12]Cannot execute null.add reagent().
[19:38:12]proc name: Initialize (/obj/effect/decal/cleanable/blood/gibs/Initialize)
[19:38:12]  source file: humans.dm,57
runtime error: 
[19:38:12]Cannot execute null.add reagent().
[19:38:12]proc name: Initialize (/obj/effect/decal/cleanable/blood/gibs/Initialize)
[19:38:12]  source file: humans.dm,57
runtime error: 
[19:38:12]Cannot execute null.add reagent().
[19:38:12]proc name: Initialize (/obj/effect/decal/cleanable/blood/gibs/Initialize)
[19:38:12]  source file: humans.dm,57
runtime error: 
[19:38:12]Cannot execute null.add reagent().
[19:38:12]proc name: Initialize (/obj/effect/decal/cleanable/blood/gibs/Initialize)
[19:38:12]  source file: humans.dm,57
runtime error: 
[19:38:12]Cannot execute null.add reagent().
[19:38:12]proc name: Initialize (/obj/effect/decal/cleanable/blood/gibs/Initialize)
[19:38:12]  source file: humans.dm,57
runtime error: 
[19:38:12]Cannot execute null.add reagent().
[19:38:12]proc name: Initialize (/obj/effect/decal/cleanable/blood/gibs/Initialize)
[19:38:12]  source file: humans.dm,57
runtime error: 
[19:38:12]Cannot execute null.add reagent().
[19:38:12]proc name: Initialize (/obj/effect/decal/cleanable/blood/gibs/Initialize)
[19:38:12]  source file: humans.dm,57
runtime error: 
[19:38:12]Cannot execute null.add reagent().
[19:38:12]proc name: Initialize (/obj/effect/decal/cleanable/blood/gibs/Initialize)
[19:38:12]  source file: humans.dm,57
runtime error: 
[19:38:12]Cannot execute null.add reagent().
[19:38:12]proc name: Initialize (/obj/effect/decal/cleanable/blood/gibs/Initialize)
[19:38:12]  source file: humans.dm,57
runtime error: 
[19:38:12]Cannot execute null.add reagent().
[19:38:12]proc name: Initialize (/obj/effect/decal/cleanable/blood/gibs/Initialize)
[19:38:12]  source file: humans.dm,57
runtime error: 
[19:38:12]Cannot execute null.add reagent().
[19:38:12]proc name: Initialize (/obj/effect/decal/cleanable/blood/gibs/Initialize)
[19:38:12]  source file: humans.dm,57
runtime error: 
[19:38:12]Cannot execute null.add reagent().
[19:38:12]Warning: further proc crash messages are being suppressed to prevent overload...
runtime error: 
[19:38:12]Cannot execute null.add reagent().
runtime error: 
[19:38:12]Cannot execute null.add reagent().
runtime error: 
[19:38:13]Cannot execute null.add reagent().
runtime error: 
[19:38:13]Cannot execute null.add reagent().
runtime error: 
[19:38:13]Cannot execute null.add reagent().
runtime error: 
[19:38:13]Cannot execute null.add reagent().
runtime error: 
[19:38:13]Cannot execute null.add reagent().
runtime error: 
[19:38:13]Cannot execute null.add reagent().
runtime error: 
[19:38:13]Cannot execute null.add reagent().
runtime error: 
[19:38:13]Cannot execute null.add reagent().
runtime error: 
[19:38:13]Cannot execute null.add reagent().
runtime error: 
[19:38:13]Cannot execute null.add reagent().
runtime error: 
[19:38:13]Cannot execute null.add reagent().
runtime error: 
[19:38:13]Cannot execute null.add reagent().
runtime error: 
[19:38:13]Cannot execute null.add reagent().
runtime error: 
[19:38:13]Cannot execute null.add reagent().
runtime error: 
[19:38:13]Cannot execute null.add reagent().
runtime error: 
[19:38:13]Cannot execute null.add reagent().
runtime error: 
[19:38:14]Cannot execute null.add reagent().
runtime error: 
[19:38:14]Cannot execute null.add reagent().
runtime error: 
[19:38:14]Cannot execute null.add reagent().
runtime error: 
[19:38:14]Cannot execute null.add reagent().
runtime error: 
[19:38:14]Cannot execute null.add reagent().
runtime error: 
[19:38:14]Cannot execute null.add reagent().
runtime error: 
[19:38:14]Cannot execute null.add reagent().
runtime error: 
[19:38:14]Cannot execute null.add reagent().
runtime error: 
[19:38:14]Cannot execute null.add reagent().
runtime error: 
[19:38:14]Cannot execute null.add reagent().
runtime error: 
[19:38:14]Cannot execute null.add reagent().
runtime error: 
[19:38:14]Cannot execute null.add reagent().
runtime error: 
[19:38:14]Cannot execute null.add reagent().
runtime error: 
[19:38:15]Cannot read null.temperature
runtime error: 
[19:38:15]Cannot read null.temperature
runtime error: 
[19:38:15]Cannot read null.temperature
runtime error: 
[19:38:17]Undefined variable /obj/item/rupee/var/swimming

runtime error: 
[19:38:17]Undefined variable /obj/item/rupee/var/swimming

runtime error: 
[19:38:17]Undefined variable /obj/item/rupee/var/swimming

runtime error: 
[19:38:17]Undefined variable /obj/structure/signpost/salvation/var/swimming

runtime error: 
[19:38:17]Undefined variable /obj/item/rupee/var/swimming

runtime error: 
[19:38:17]Undefined variable /obj/item/rupee/var/swimming

runtime error: 
[19:38:17]Undefined variable /obj/item/rupee/var/swimming

runtime error: 
[19:38:17]Undefined variable /obj/item/rupee/var/swimming

runtime error: 
[19:38:17]Undefined variable /obj/item/rupee/var/swimming

runtime error: 
[19:38:17]Undefined variable /obj/item/rupee/var/swimming

runtime error: 
[19:38:17]Undefined variable /obj/effect/landmark/error/var/swimming

runtime error: 
[19:38:17]Undefined variable /obj/item/rupee/var/swimming

runtime error: 
[19:38:17]Undefined variable /obj/item/rupee/var/swimming

runtime error: 
[19:38:17]Undefined variable /obj/item/rupee/var/swimming

runtime error: 
[19:38:17]Undefined variable /obj/item/rupee/var/swimming

runtime error: 
[19:38:17]Undefined variable /obj/item/rupee/var/swimming

runtime error: 
[19:38:18]Cannot read null.temperature
runtime error: 
[19:38:18]Undefined variable /obj/item/rupee/var/swimming

runtime error: 
[19:38:18]Undefined variable /obj/item/rupee/var/swimming

runtime error: 
[19:38:18]Undefined variable /obj/item/rupee/var/swimming

runtime error: 
[19:38:18]Undefined variable /obj/item/rupee/var/swimming

runtime error: 
[19:38:18]Undefined variable /obj/item/rupee/var/swimming

runtime error: 
[19:38:18]Undefined variable /obj/item/rupee/var/swimming

runtime error: 
[19:38:18]Undefined variable /obj/item/rupee/var/swimming

runtime error: 
[19:38:18]Undefined variable /obj/item/rupee/var/swimming

runtime error: 
[19:38:18]Undefined variable /obj/item/rupee/var/swimming

runtime error: 
[19:38:18]Undefined variable /obj/item/rupee/var/swimming

runtime error: 
[19:38:18]Undefined variable /obj/item/rupee/var/swimming

runtime error: 
[19:38:18]Undefined variable /obj/item/rupee/var/swimming

runtime error: 
[19:38:18]Undefined variable /obj/item/rupee/var/swimming

runtime error: 
[19:38:18]Undefined variable /obj/item/rupee/var/swimming

runtime error: 
[19:38:18]Undefined variable /obj/item/rupee/var/swimming

runtime error: 
[19:38:18]Undefined variable /obj/item/rupee/var/swimming

runtime error: 
[19:38:18]Undefined variable /obj/item/rupee/var/swimming

runtime error: 
[19:38:18]Undefined variable /obj/item/rupee/var/swimming

runtime error: 
[19:38:18]Undefined variable /obj/item/rupee/var/swimming

runtime error: 
[19:38:18]Undefined variable /obj/item/rupee/var/swimming

runtime error: 
[19:38:18]Undefined variable /obj/item/rupee/var/swimming

runtime error: 
[19:38:18]Undefined variable /obj/item/rupee/var/swimming

runtime error: 
[19:38:18]Undefined variable /obj/item/rupee/var/swimming

runtime error: 
[19:38:18]Undefined variable /obj/item/rupee/var/swimming

runtime error: 
[19:38:18]Undefined variable /obj/item/rupee/var/swimming

runtime error: 
[19:38:18]Undefined variable /obj/item/rupee/var/swimming

runtime error: 
[19:38:18]Undefined variable /obj/item/rupee/var/swimming

runtime error: 
[19:38:18]Undefined variable /obj/item/rupee/var/swimming

runtime error: 
[19:38:18]Undefined variable /obj/item/rupee/var/swimming

runtime error: 
[19:38:18]Undefined variable /obj/item/rupee/var/swimming

runtime error: 
[19:38:18]Undefined variable /obj/item/rupee/var/swimming

runtime error: 
[19:38:18]Undefined variable /obj/structure/speaking_tile/var/swimming

runtime error: 
[19:38:19]Undefined variable /obj/machinery/abductor/gland_dispenser/var/swimming

runtime error: 
[19:38:19]Undefined variable /obj/structure/table/abductor/var/swimming

runtime error: 
[19:38:19]Undefined variable /obj/item/surgicaldrill/alien/var/swimming

runtime error: 
[19:38:19]undefined proc or verb /mob/living/simple_animal/bot/medbot/mysterious/remove overlay().

runtime error: 
[19:38:19]undefined proc or verb /mob/living/simple_animal/hostile/creature/remove overlay().

runtime error: 
[19:38:19]undefined proc or verb /mob/living/simple_animal/hostile/carp/cayenne/remove overlay().

runtime error: 
[19:38:21]undefined proc or verb /mob/dead/new_player/remove overlay().

runtime error: 
[19:38:21]undefined proc or verb /mob/dead/new_player/remove overlay().

runtime error: 
[19:38:21]undefined proc or verb /mob/dead/new_player/remove overlay().

runtime error: 
[19:38:22]Cannot execute null.add reagent().
runtime error: 
[19:38:22]undefined proc or verb /mob/living/simple_animal/bot/medbot/remove overlay().

runtime error: 
[19:38:22]Cannot execute null.add reagent().
runtime error: 
[19:38:22]undefined proc or verb /mob/living/simple_animal/cockroach/remove overlay().

runtime error: 
[19:38:22]undefined proc or verb /mob/living/simple_animal/cockroach/remove overlay().

runtime error: 
[19:38:22]Cannot execute null.add reagent().
runtime error: 
[19:38:22]undefined proc or verb /mob/living/simple_animal/cockroach/remove overlay().

runtime error: 
[19:38:23]undefined proc or verb /mob/living/simple_animal/cockroach/remove overlay().

runtime error: 
[19:38:23]undefined proc or verb /mob/living/simple_animal/cockroach/remove overlay().

runtime error: 
[19:38:23]undefined proc or verb /mob/living/simple_animal/pet/cat/Runtime/remove overlay().

runtime error: 
[19:38:23]undefined proc or verb /mob/living/simple_animal/cockroach/remove overlay().

runtime error: 
[19:38:23]undefined proc or verb /mob/living/simple_animal/pet/dog/pug/remove overlay().

runtime error: 
[19:38:23]undefined proc or verb /mob/living/simple_animal/cockroach/remove overlay().

runtime error: 
[19:38:23]undefined proc or verb /mob/living/simple_animal/cockroach/remove overlay().

runtime error: 
[19:38:23]undefined proc or verb /mob/living/simple_animal/cockroach/remove overlay().

runtime error: 
[19:38:23]undefined proc or verb /mob/living/simple_animal/slime/remove overlay().

runtime error: 
[19:38:24]undefined proc or verb /mob/living/simple_animal/slime/remove overlay().

runtime error: 
[19:38:24]undefined proc or verb /mob/living/simple_animal/slime/remove overlay().

runtime error: 
[19:38:24]undefined proc or verb /mob/living/simple_animal/cockroach/remove overlay().

runtime error: 
[19:38:25]undefined proc or verb /mob/living/simple_animal/cockroach/remove overlay().

runtime error: 
[19:38:25]undefined proc or verb /mob/living/simple_animal/pet/dog/corgi/Ian/remove overlay().

runtime error: 
[19:38:25]undefined proc or verb /mob/living/simple_animal/bot/secbot/pingsky/remove overlay().

runtime error: 
[19:38:25]undefined proc or verb /mob/living/simple_animal/parrot/Poly/remove overlay().

runtime error: 
[19:38:25]undefined proc or verb /mob/living/simple_animal/bot/secbot/beepsky/remove overlay().

runtime error: 
[19:38:25]undefined proc or verb /mob/living/simple_animal/pet/fox/Renault/remove overlay().

runtime error: 
[19:38:26]undefined proc or verb /mob/living/simple_animal/hostile/carp/cayenne/remove overlay().

runtime error: 
[19:38:26]undefined proc or verb /mob/living/simple_animal/cockroach/remove overlay().

runtime error: 
[19:38:26]undefined proc or verb /mob/living/simple_animal/hostile/retaliate/goat/remove overlay().

runtime error: 
[19:38:26]undefined proc or verb /mob/living/simple_animal/sloth/citrus/remove overlay().

runtime error: 
[19:38:26]undefined proc or verb /mob/living/simple_animal/cockroach/remove overlay().

runtime error: 
[19:38:27]undefined proc or verb /mob/living/simple_animal/mouse/remove overlay().

runtime error: 
[19:38:27]undefined proc or verb /mob/living/simple_animal/mouse/remove overlay().

runtime error: 
[19:38:27]undefined proc or verb /mob/living/simple_animal/bot/mulebot/remove overlay().

runtime error: 
[19:38:27]undefined proc or verb /mob/living/simple_animal/bot/mulebot/remove overlay().

runtime error: 
[19:38:27]undefined proc or verb /mob/living/simple_animal/cockroach/remove overlay().

runtime error: 
[19:38:27]undefined proc or verb /mob/living/simple_animal/hostile/lizard/remove overlay().

runtime error: 
[19:38:27]undefined proc or verb /mob/living/simple_animal/cockroach/remove overlay().

runtime error: 
[19:38:27]undefined proc or verb /mob/living/simple_animal/cockroach/remove overlay().

runtime error: 
[19:38:27]undefined proc or verb /mob/living/simple_animal/cockroach/remove overlay().

runtime error: 
[19:38:27]undefined proc or verb /mob/living/simple_animal/cockroach/remove overlay().

runtime error: 
[19:38:32]undefined proc or verb /mob/living/simple_animal/hostile/asteroid/goliath/beast/random/remove overlay().

runtime error: 
[19:38:32]undefined proc or verb /mob/living/simple_animal/hostile/asteroid/basilisk/watcher/random/remove overlay().

runtime error: 
[19:38:32]undefined proc or verb /mob/living/simple_animal/hostile/asteroid/basilisk/watcher/random/remove overlay().

runtime error: 
[19:38:32]undefined proc or verb /mob/living/simple_animal/hostile/asteroid/hivelord/legion/random/remove overlay().

runtime error: 
[19:38:32]undefined proc or verb /mob/living/simple_animal/hostile/asteroid/goliath/beast/random/remove overlay().

runtime error: 
[19:38:32]undefined proc or verb /mob/living/simple_animal/hostile/asteroid/basilisk/watcher/random/remove overlay().

runtime error: 
[19:38:32]undefined proc or verb /mob/living/simple_animal/hostile/asteroid/goldgrub/remove overlay().

runtime error: 
[19:38:32]undefined proc or verb /mob/living/simple_animal/hostile/asteroid/basilisk/watcher/random/remove overlay().

runtime error: 
[19:38:56]Cannot read null.martial_art
runtime error: 
[19:39:00]Cannot read null.martial_art
Initialized 902229 atoms
Initialized Atoms subsystem within 69.8 seconds!
Initialized Language subsystem within 0.1 seconds!
Initialized Machines subsystem within 1.5 seconds!
Initialized Circuit subsystem within 0 seconds!
Initialized Weather subsystem within 0 seconds!
runtime error: 
[19:39:10]Cannot read null.martial_art
runtime error: 
[19:39:13]Cannot read null.martial_art
## WARNING: There are 57 active turfs at roundstart, this is a mapping error caused by a difference of the air between the adjacent turfs. You can see its coordinates using "Mapping -> Show roundstart AT list" verb (debug verbs required)
## WARNING: HEY! LISTEN! 2 seconds were wasted processing 57 turf(s) (connected to 22821 other turfs) with atmos differences at round start.
Initialized Atmospherics subsystem within 26.3 seconds!
Initialized Minimap subsystem within 0.1 seconds!
Initialized Assets subsystem within 0.4 seconds!
Initialized Icon Smoothing subsystem within 10.9 seconds!
Initialized Overlay subsystem within 24.8 seconds!
Initialized XKeyScore subsystem within 0 seconds!
Initialized Lighting subsystem within 26.9 seconds!
Initialized Shuttle subsystem within 38.5 seconds!
Initialized Squeak subsystem within 0 seconds!
Loaded 0 engraved messages on map Delta Station
Initialized Persistence subsystem within 0.1 seconds!
Initializations complete within 256.9 seconds!
Game start took 0s
## WARNING: A ref was requested of an object with use_tag set but no tag: AlcaroIsAFrick in code/__HELPERS/unsorted.dm at line 1500 src:  usr: AlcaroIsAFrick.
runtime error: 
[19:41:20]Cannot read null.key
runtime error: 
[19:41:20]Cannot read null.martial_art
runtime error: 
[19:41:21]Cannot read null.martial_art
## WARNING: A ref was requested of an object with use_tag set but no tag: Slader101 in code/__HELPERS/unsorted.dm at line 1500 src:  usr: Slader101.
runtime error: 
[19:41:21]Cannot read null.key
runtime error: 
[19:41:21]Cannot read null.martial_art
runtime error: 
[19:41:22]Cannot read null.martial_art
runtime error: 
[19:41:22]Cannot execute null.add reagent().
runtime error: 
[19:41:22]Cannot execute null.add reagent().
runtime error: 
[19:45:44]list index out of bounds
runtime error: 
[19:45:56]list index out of bounds
runtime error: 
[19:46:09]Cannot read null.status
runtime error: 
[19:46:10]Cannot read null.status
runtime error: 
[19:47:19]list index out of bounds
runtime error: 
[19:47:20]list index out of bounds
runtime error: 
[19:47:22]list index out of bounds
runtime error: 
[19:47:29]Cannot read null.status
runtime error: 
[19:49:12]list index out of bounds
runtime error: 
[19:49:14]list index out of bounds
runtime error: 
[19:49:15]list index out of bounds
runtime error: 
[19:49:16]list index out of bounds
runtime error: 
[19:49:17]list index out of bounds
runtime error: 
[19:49:19]list index out of bounds
runtime error: 
[19:49:20]list index out of bounds
runtime error: 
[19:49:21]list index out of bounds
runtime error: 
[19:49:21]list index out of bounds
runtime error: 
[19:49:22]list index out of bounds
runtime error: 
[19:49:23]list index out of bounds
runtime error: 
[19:49:31]list index out of bounds
runtime error: 
[19:49:32]list index out of bounds
runtime error: 
[19:49:33]list index out of bounds
runtime error: 
[19:49:34]list index out of bounds
runtime error: 
[19:49:38]list index out of bounds
runtime error: 
[19:49:42]list index out of bounds
runtime error: 
[19:49:43]list index out of bounds
runtime error: 
[19:49:44]list index out of bounds
runtime error: 
[19:49:45]list index out of bounds
runtime error: 
[19:50:02]Invalid timer: Timer: Timer: 12557, TTR: 4832.5, Flags: TIMER_STOPPABLE, callBack: [0x210239d6], callBack.object: some_magic_bullshit[0x6000178](GLOBAL_PROC), callBack.delegate:/proc/qdel(the sparks)Prev: NULL, Next: NULL, SPENT(4834.5), QDELETED, NO CALLBACK world.time: 5280.5, head_offset: 4800, practical_offset: 66
runtime error: 
[19:50:57]list index out of bounds
runtime error: 
[19:51:34]Undefined variable /obj/effect/particle_effect/sparks/var/swimming

runtime error: 
[19:51:34]Undefined variable /obj/effect/particle_effect/sparks/var/swimming

runtime error: 
[19:51:34]Undefined variable /obj/effect/particle_effect/sparks/var/swimming

runtime error: 
[19:51:34]Undefined variable /obj/effect/particle_effect/sparks/var/swimming

runtime error: 
[19:51:34]Undefined variable /obj/effect/particle_effect/sparks/var/swimming

runtime error: 
[19:51:35]Undefined variable /obj/effect/particle_effect/sparks/var/swimming

runtime error: 
[19:51:35]Undefined variable /obj/effect/particle_effect/sparks/var/swimming

runtime error: 
[19:51:35]Undefined variable /obj/item/projectile/beam/emitter/var/swimming

runtime error: 
[19:51:36]Undefined variable /obj/item/projectile/beam/emitter/var/swimming

runtime error: 
[19:51:36]Undefined variable /obj/item/projectile/beam/emitter/var/swimming

runtime error: 
[19:51:36]Undefined variable /obj/item/projectile/beam/emitter/var/swimming

runtime error: 
[19:51:36]Undefined variable /obj/item/projectile/beam/emitter/var/swimming

runtime error: 
[19:51:36]Undefined variable /obj/item/projectile/beam/emitter/var/swimming

runtime error: 
[19:51:36]Undefined variable /obj/item/projectile/beam/emitter/var/swimming

runtime error: 
[19:51:36]Undefined variable /obj/item/projectile/beam/emitter/var/swimming

runtime error: 
[19:51:36]Undefined variable /obj/item/projectile/beam/emitter/var/swimming

runtime error: 
[19:51:36]Undefined variable /obj/item/projectile/beam/emitter/var/swimming

runtime error: 
[19:51:36]Undefined variable /obj/item/projectile/beam/emitter/var/swimming

runtime error: 
[19:51:36]Undefined variable /obj/item/projectile/beam/emitter/var/swimming

runtime error: 
[19:51:36]Undefined variable /obj/item/projectile/beam/emitter/var/swimming

runtime error: 
[19:51:36]Undefined variable /obj/item/projectile/beam/emitter/var/swimming

runtime error: 
[19:51:36]Undefined variable /obj/item/projectile/beam/emitter/var/swimming

runtime error: 
[19:51:36]Undefined variable /obj/item/projectile/beam/emitter/var/swimming

runtime error: 
[19:51:36]Undefined variable /obj/effect/particle_effect/sparks/var/swimming

runtime error: 
[19:51:36]Undefined variable /obj/effect/particle_effect/sparks/var/swimming

runtime error: 
[19:51:36]Undefined variable /obj/item/melee/classic_baton/telescopic/var/swimming

runtime error: 
[19:51:36]Undefined variable /obj/effect/particle_effect/sparks/var/swimming

runtime error: 
[19:51:36]Undefined variable /obj/item/projectile/beam/emitter/var/swimming

runtime error: 
[19:51:37]Undefined variable /obj/item/projectile/beam/emitter/var/swimming

runtime error: 
[19:51:37]Undefined variable /obj/item/projectile/beam/emitter/var/swimming

runtime error: 
[19:51:37]Undefined variable /obj/item/projectile/beam/emitter/var/swimming

runtime error: 
[19:51:37]Undefined variable /obj/item/projectile/beam/emitter/var/swimming

runtime error: 
[19:51:37]Undefined variable /obj/item/projectile/beam/emitter/var/swimming

runtime error: 
[19:51:37]Undefined variable /obj/item/projectile/beam/emitter/var/swimming

runtime error: 
[19:51:37]Undefined variable /obj/item/projectile/beam/emitter/var/swimming

runtime error: 
[19:51:37]Undefined variable /obj/item/projectile/beam/emitter/var/swimming

runtime error: 
[19:51:37]Undefined variable /obj/item/projectile/beam/emitter/var/swimming

runtime error: 
[19:51:37]Undefined variable /obj/effect/particle_effect/sparks/var/swimming

runtime error: 
[19:51:37]Undefined variable /obj/item/projectile/beam/emitter/var/swimming

runtime error: 
[19:51:37]Undefined variable /obj/item/projectile/beam/emitter/var/swimming

runtime error: 
[19:51:37]Undefined variable /obj/item/projectile/beam/emitter/var/swimming

runtime error: 
[19:51:37]Undefined variable /obj/item/projectile/beam/emitter/var/swimming

runtime error: 
[19:51:37]Undefined variable /obj/item/projectile/beam/emitter/var/swimming

runtime error: 
[19:51:37]Undefined variable /obj/item/projectile/beam/emitter/var/swimming

runtime error: 
[19:51:37]Undefined variable /obj/item/projectile/beam/emitter/var/swimming

runtime error: 
[19:51:37]Undefined variable /obj/item/projectile/beam/emitter/var/swimming

runtime error: 
[19:51:37]Undefined variable /obj/item/projectile/beam/emitter/var/swimming

runtime error: 
[19:51:37]Undefined variable /obj/effect/particle_effect/sparks/var/swimming

runtime error: 
[19:51:37]Undefined variable /obj/effect/particle_effect/sparks/var/swimming

runtime error: 
[19:51:37]Undefined variable /obj/effect/particle_effect/sparks/var/swimming

runtime error: 
[19:51:37]Undefined variable /obj/effect/particle_effect/sparks/var/swimming

runtime error: 
[19:51:38]undefined proc or verb /mob/living/simple_animal/bot/secbot/beepsky/remove overlay().

runtime error: 
[19:51:38]undefined proc or verb /mob/living/simple_animal/bot/secbot/beepsky/remove overlay().

runtime error: 
[19:51:38]undefined proc or verb /mob/living/simple_animal/hostile/creature/remove overlay().

runtime error: 
[19:51:38]undefined proc or verb /mob/living/simple_animal/hostile/creature/remove overlay().

runtime error: 
[19:51:38]undefined proc or verb /mob/living/simple_animal/hostile/creature/remove overlay().

runtime error: 
[19:51:38]undefined proc or verb /mob/living/simple_animal/hostile/creature/remove overlay().

runtime error: 
[19:51:38]undefined proc or verb /mob/living/simple_animal/hostile/creature/remove overlay().

runtime error: 
[19:51:38]undefined proc or verb /mob/living/simple_animal/slime/remove overlay().

runtime error: 
[19:51:39]undefined proc or verb /mob/living/simple_animal/hostile/creature/remove overlay().

runtime error: 
[19:51:39]undefined proc or verb /mob/living/simple_animal/hostile/creature/remove overlay().

runtime error: 
[19:51:39]undefined proc or verb /mob/living/simple_animal/hostile/creature/remove overlay().

runtime error: 
[19:51:39]undefined proc or verb /mob/living/simple_animal/hostile/creature/remove overlay().

runtime error: 
[19:51:39]undefined proc or verb /mob/living/simple_animal/hostile/creature/remove overlay().

runtime error: 
[19:51:39]undefined proc or verb /mob/living/simple_animal/hostile/asteroid/goliath/beast/tendril/remove overlay().

runtime error: 
[19:51:39]undefined proc or verb /mob/living/simple_animal/hostile/asteroid/hivelord/legion/tendril/remove overlay().

runtime error: 
[19:51:40]undefined proc or verb /mob/living/simple_animal/hostile/asteroid/goliath/beast/tendril/remove overlay().

runtime error: 
[19:51:40]undefined proc or verb /mob/living/simple_animal/hostile/asteroid/basilisk/watcher/tendril/remove overlay().

runtime error: 
[19:51:40]undefined proc or verb /mob/living/simple_animal/hostile/creature/remove overlay().

runtime error: 
[19:51:40]undefined proc or verb /mob/living/simple_animal/hostile/asteroid/goliath/beast/remove overlay().

runtime error: 
[19:51:40]undefined proc or verb /mob/living/simple_animal/hostile/asteroid/goliath/beast/remove overlay().

runtime error: 
[19:51:40]undefined proc or verb /mob/living/simple_animal/hostile/creature/remove overlay().

runtime error: 
[19:51:40]undefined proc or verb /mob/living/simple_animal/hostile/creature/remove overlay().

runtime error: 
[19:51:40]undefined proc or verb /mob/living/simple_animal/hostile/creature/remove overlay().

runtime error: 
[19:51:40]undefined proc or verb /mob/living/simple_animal/hostile/creature/remove overlay().

runtime error: 
[19:51:40]undefined proc or verb /mob/living/simple_animal/hostile/creature/remove overlay().

runtime error: 
[19:51:40]undefined proc or verb /mob/living/simple_animal/butterfly/remove overlay().

runtime error: 
[19:51:40]undefined proc or verb /mob/living/simple_animal/hostile/creature/remove overlay().

runtime error: 
[19:51:40]undefined proc or verb /mob/living/simple_animal/hostile/creature/remove overlay().

runtime error: 
[19:51:40]undefined proc or verb /mob/living/simple_animal/hostile/creature/remove overlay().

runtime error: 
[19:51:40]undefined proc or verb /mob/living/simple_animal/hostile/creature/remove overlay().

runtime error: 
[19:51:40]undefined proc or verb /mob/living/simple_animal/hostile/asteroid/hivelord/legion/random/remove overlay().

runtime error: 
[19:51:40]undefined proc or verb /mob/living/simple_animal/hostile/asteroid/goldgrub/remove overlay().

runtime error: 
[19:51:40]undefined proc or verb /mob/living/simple_animal/hostile/asteroid/goliath/beast/random/remove overlay().

runtime error: 
[19:51:41]undefined proc or verb /mob/living/simple_animal/hostile/megafauna/dragon/remove overlay().

runtime error: 
[19:51:41]undefined proc or verb /mob/living/simple_animal/hostile/asteroid/goliath/beast/random/remove overlay().

runtime error: 
[19:51:41]undefined proc or verb /mob/living/simple_animal/hostile/asteroid/hivelord/legion/random/remove overlay().

runtime error: 
[19:51:41]undefined proc or verb /mob/living/simple_animal/hostile/asteroid/hivelord/legion/random/remove overlay().

runtime error: 
[19:51:41]undefined proc or verb /mob/living/simple_animal/hostile/creature/remove overlay().

runtime error: 
[19:51:41]undefined proc or verb /mob/living/simple_animal/hostile/creature/remove overlay().

runtime error: 
[19:51:42]undefined proc or verb /mob/living/simple_animal/hostile/creature/remove overlay().

runtime error: 
[19:51:42]undefined proc or verb /mob/living/simple_animal/hostile/creature/remove overlay().

runtime error: 
[19:51:42]undefined proc or verb /mob/living/simple_animal/hostile/creature/remove overlay().

runtime error: 
[19:51:42]undefined proc or verb /mob/living/simple_animal/hostile/asteroid/goliath/beast/random/remove overlay().

runtime error: 
[19:51:42]undefined proc or verb /mob/living/simple_animal/hostile/asteroid/goliath/beast/random/remove overlay().

runtime error: 
[19:51:42]undefined proc or verb /mob/living/simple_animal/hostile/asteroid/goliath/beast/random/remove overlay().

runtime error: 
[19:51:42]undefined proc or verb /mob/living/simple_animal/hostile/asteroid/goliath/beast/random/remove overlay().

runtime error: 
[19:51:42]undefined proc or verb /mob/living/simple_animal/hostile/asteroid/goliath/beast/random/remove overlay().

runtime error: 
[19:51:42]undefined proc or verb /mob/living/simple_animal/hostile/creature/remove overlay().

runtime error: 
[19:51:42]undefined proc or verb /mob/living/simple_animal/hostile/creature/remove overlay().

runtime error: 
[19:51:42]undefined proc or verb /mob/living/simple_animal/hostile/creature/remove overlay().

runtime error: 
[19:51:42]undefined proc or verb /mob/living/simple_animal/hostile/creature/remove overlay().

## WARNING: A ref was requested of an object with use_tag set but no tag: the new player in code/__HELPERS/unsorted.dm at line 1500 src:  usr: the new player.
runtime error: 
[19:54:55]Cannot read null.key
runtime error: 
[19:54:55]Cannot read null.martial_art
runtime error: 
[19:54:56]Cannot read null.martial_art
## WARNING: A ref was requested of an object with use_tag set but no tag: Reese4221 in code/__HELPERS/unsorted.dm at line 1500 src:  usr: Reese4221.
runtime error: 
[19:55:36]Cannot read null.key
runtime error: 
[19:55:36]Cannot read null.martial_art
runtime error: 
[19:55:37]Cannot read null.martial_art
runtime error: 
[19:55:47]Cannot execute null.add reagent().
runtime error: 
[19:55:47]Cannot execute null.add reagent().
runtime error: 
[19:55:47]Cannot execute null.add reagent().
runtime error: 
[19:55:47]Cannot execute null.add reagent().
runtime error: 
[19:55:47]Cannot execute null.add reagent().
runtime error: 
[19:55:47]Cannot execute null.add reagent().
runtime error: 
[19:55:47]Cannot execute null.add reagent().
runtime error: 
[19:57:17]Cannot execute null.add reagent().
runtime error: 
[19:57:17]Cannot execute null.add reagent().
runtime error: 
[19:57:17]Cannot execute null.add reagent().
runtime error: 
[19:57:17]Cannot execute null.add reagent().
runtime error: 
[19:57:17]Cannot execute null.add reagent().
runtime error: 
[19:57:17]Cannot execute null.add reagent().
runtime error: 
[19:57:17]Cannot execute null.add reagent().
runtime error: 
[20:02:14]Undefined variable /obj/effect/particle_effect/sparks/var/swimming

runtime error: 
[20:02:14]Undefined variable /obj/item/projectile/beam/emitter/var/swimming

runtime error: 
[20:02:14]Undefined variable /obj/item/projectile/beam/emitter/var/swimming

runtime error: 
[20:02:14]Undefined variable /obj/item/projectile/beam/emitter/var/swimming

runtime error: 
[20:02:14]Undefined variable /obj/item/projectile/beam/emitter/var/swimming

runtime error: 
[20:02:14]Undefined variable /obj/item/projectile/beam/emitter/var/swimming

runtime error: 
[20:02:14]Undefined variable /obj/item/projectile/beam/emitter/var/swimming

runtime error: 
[20:02:14]Undefined variable /obj/item/projectile/beam/emitter/var/swimming

runtime error: 
[20:02:14]Undefined variable /obj/item/projectile/beam/emitter/var/swimming

runtime error: 
[20:02:14]Undefined variable /obj/item/projectile/beam/emitter/var/swimming

runtime error: 
[20:02:14]Undefined variable /obj/item/projectile/beam/emitter/var/swimming

runtime error: 
[20:02:14]Undefined variable /obj/item/projectile/beam/emitter/var/swimming

runtime error: 
[20:02:14]Undefined variable /obj/item/projectile/beam/emitter/var/swimming

runtime error: 
[20:02:15]Undefined variable /obj/item/projectile/beam/emitter/var/swimming

runtime error: 
[20:02:15]Undefined variable /obj/item/projectile/beam/emitter/var/swimming

runtime error: 
[20:02:15]Undefined variable /obj/item/projectile/beam/emitter/var/swimming

runtime error: 
[20:02:15]Undefined variable /obj/item/projectile/beam/emitter/var/swimming

runtime error: 
[20:02:15]Undefined variable /obj/effect/particle_effect/sparks/var/swimming

runtime error: 
[20:02:15]Undefined variable /obj/effect/particle_effect/sparks/var/swimming

runtime error: 
[20:02:15]Undefined variable /obj/effect/particle_effect/sparks/var/swimming

runtime error: 
[20:02:15]Undefined variable /obj/effect/particle_effect/sparks/var/swimming

runtime error: 
[20:02:15]Undefined variable /obj/effect/particle_effect/sparks/var/swimming

runtime error: 
[20:02:15]Undefined variable /obj/effect/particle_effect/sparks/var/swimming

runtime error: 
[20:02:15]Undefined variable /obj/effect/particle_effect/sparks/var/swimming

runtime error: 
[20:02:15]Undefined variable /obj/effect/particle_effect/sparks/var/swimming

runtime error: 
[20:02:15]Undefined variable /obj/effect/particle_effect/sparks/var/swimming

runtime error: 
[20:02:15]Undefined variable /obj/item/projectile/beam/emitter/var/swimming

runtime error: 
[20:02:15]Undefined variable /obj/item/projectile/beam/emitter/var/swimming

runtime error: 
[20:02:15]Undefined variable /obj/item/projectile/beam/emitter/var/swimming

runtime error: 
[20:02:15]Undefined variable /obj/item/projectile/beam/emitter/var/swimming

runtime error: 
[20:02:15]Undefined variable /obj/item/projectile/beam/emitter/var/swimming

runtime error: 
[20:02:15]Undefined variable /obj/item/projectile/beam/emitter/var/swimming

runtime error: 
[20:02:15]Undefined variable /obj/item/projectile/beam/emitter/var/swimming

runtime error: 
[20:02:15]Undefined variable /obj/item/projectile/beam/emitter/var/swimming

runtime error: 
[20:02:15]Undefined variable /obj/item/projectile/beam/emitter/var/swimming

runtime error: 
[20:02:15]Undefined variable /obj/item/projectile/beam/emitter/var/swimming

runtime error: 
[20:02:15]Undefined variable /obj/item/projectile/beam/emitter/var/swimming

runtime error: 
[20:02:15]Undefined variable /obj/item/projectile/beam/emitter/var/swimming

runtime error: 
[20:02:15]Undefined variable /obj/item/projectile/beam/emitter/var/swimming

runtime error: 
[20:02:15]Undefined variable /obj/item/projectile/beam/emitter/var/swimming

runtime error: 
[20:02:15]Undefined variable /obj/item/projectile/beam/emitter/var/swimming

runtime error: 
[20:02:15]Undefined variable /obj/item/projectile/beam/emitter/var/swimming

runtime error: 
[20:02:15]Undefined variable /obj/item/projectile/beam/emitter/var/swimming

runtime error: 
[20:02:15]Undefined variable /obj/item/projectile/beam/emitter/var/swimming

runtime error: 
[20:02:15]Undefined variable /obj/item/projectile/beam/emitter/var/swimming

runtime error: 
[20:02:15]Undefined variable /obj/item/projectile/beam/emitter/var/swimming

runtime error: 
[20:02:15]Undefined variable /obj/item/projectile/beam/emitter/var/swimming

runtime error: 
[20:02:15]Undefined variable /obj/item/projectile/beam/emitter/var/swimming

runtime error: 
[20:02:15]Undefined variable /obj/item/projectile/beam/emitter/var/swimming

runtime error: 
[20:02:15]Undefined variable /obj/item/projectile/beam/emitter/var/swimming

runtime error: 
[20:02:15]Undefined variable /obj/effect/particle_effect/sparks/var/swimming

runtime error: 
[20:02:18]undefined proc or verb /mob/living/simple_animal/hostile/syndicate/ranged/space/remove overlay().

runtime error: 
[20:02:18]undefined proc or verb /mob/living/simple_animal/hostile/asteroid/hivelord/legion/tendril/remove overlay().

runtime error: 
[20:02:18]undefined proc or verb /mob/living/simple_animal/hostile/asteroid/goliath/beast/tendril/remove overlay().

runtime error: 
[20:02:18]undefined proc or verb /mob/living/simple_animal/hostile/asteroid/basilisk/watcher/tendril/remove overlay().

runtime error: 
[20:02:18]undefined proc or verb /mob/living/simple_animal/hostile/asteroid/goliath/beast/tendril/remove overlay().

runtime error: 
[20:02:18]undefined proc or verb /mob/living/simple_animal/hostile/asteroid/goliath/beast/tendril/remove overlay().

runtime error: 
[20:02:18]undefined proc or verb /mob/living/simple_animal/hostile/lizard/remove overlay().

runtime error: 
[20:02:18]undefined proc or verb /mob/living/simple_animal/bot/cleanbot/remove overlay().

runtime error: 
[20:02:18]undefined proc or verb /mob/living/simple_animal/bot/cleanbot/remove overlay().

runtime error: 
[20:02:18]undefined proc or verb /mob/living/simple_animal/hostile/asteroid/goliath/beast/remove overlay().

runtime error: 
[20:02:18]undefined proc or verb /mob/living/simple_animal/bot/cleanbot/remove overlay().

runtime error: 
[20:02:18]undefined proc or verb /mob/living/simple_animal/bot/floorbot/remove overlay().

runtime error: 
[20:02:18]undefined proc or verb /mob/living/simple_animal/bot/cleanbot/remove overlay().

runtime error: 
[20:02:18]undefined proc or verb /mob/living/simple_animal/cockroach/remove overlay().

runtime error: 
[20:02:18]undefined proc or verb /mob/living/simple_animal/cockroach/remove overlay().

runtime error: 
[20:02:18]undefined proc or verb /mob/living/simple_animal/cockroach/remove overlay().

runtime error: 
[20:02:18]undefined proc or verb /mob/living/simple_animal/hostile/creature/remove overlay().

runtime error: 
[20:02:18]undefined proc or verb /mob/living/simple_animal/hostile/creature/remove overlay().

runtime error: 
[20:02:18]undefined proc or verb /mob/living/simple_animal/cockroach/remove overlay().

runtime error: 
[20:02:18]undefined proc or verb /mob/living/simple_animal/hostile/creature/remove overlay().

runtime error: 
[20:02:18]undefined proc or verb /mob/living/simple_animal/bot/floorbot/remove overlay().

runtime error: 
[20:02:18]undefined proc or verb /mob/living/simple_animal/bot/cleanbot/remove overlay().

runtime error: 
[20:02:19]undefined proc or verb /mob/living/simple_animal/bot/cleanbot/remove overlay().

runtime error: 
[20:02:19]undefined proc or verb /mob/living/simple_animal/bot/cleanbot/remove overlay().

runtime error: 
[20:02:19]undefined proc or verb /mob/living/simple_animal/bot/floorbot/remove overlay().

runtime error: 
[20:02:19]undefined proc or verb /mob/living/simple_animal/bot/cleanbot/remove overlay().

runtime error: 
[20:02:19]undefined proc or verb /mob/living/simple_animal/bot/floorbot/remove overlay().

runtime error: 
[20:02:19]undefined proc or verb /mob/living/simple_animal/bot/cleanbot/remove overlay().

runtime error: 
[20:02:19]undefined proc or verb /mob/living/simple_animal/bot/cleanbot/remove overlay().

runtime error: 
[20:02:19]undefined proc or verb /mob/living/simple_animal/bot/cleanbot/remove overlay().

runtime error: 
[20:02:19]undefined proc or verb /mob/living/simple_animal/bot/cleanbot/remove overlay().

runtime error: 
[20:02:19]undefined proc or verb /mob/living/simple_animal/cockroach/remove overlay().

runtime error: 
[20:02:19]undefined proc or verb /mob/living/simple_animal/hostile/creature/remove overlay().

runtime error: 
[20:02:19]undefined proc or verb /mob/living/simple_animal/bot/floorbot/remove overlay().

runtime error: 
[20:02:19]undefined proc or verb /mob/living/simple_animal/bot/cleanbot/remove overlay().

runtime error: 
[20:02:19]undefined proc or verb /mob/living/simple_animal/bot/cleanbot/remove overlay().

runtime error: 
[20:02:19]undefined proc or verb /mob/living/simple_animal/bot/cleanbot/remove overlay().

runtime error: 
[20:02:19]undefined proc or verb /mob/living/simple_animal/bot/cleanbot/remove overlay().

runtime error: 
[20:02:19]undefined proc or verb /mob/living/simple_animal/hostile/creature/remove overlay().

runtime error: 
[20:02:20]undefined proc or verb /mob/living/simple_animal/cockroach/remove overlay().

runtime error: 
[20:02:20]undefined proc or verb /mob/living/simple_animal/cockroach/remove overlay().

runtime error: 
[20:02:20]undefined proc or verb /mob/living/simple_animal/cockroach/remove overlay().

runtime error: 
[20:02:20]undefined proc or verb /mob/living/simple_animal/hostile/creature/remove overlay().

runtime error: 
[20:02:20]undefined proc or verb /mob/living/simple_animal/hostile/creature/remove overlay().

runtime error: 
[20:02:20]undefined proc or verb /mob/living/simple_animal/pet/fox/Renault/remove overlay().

runtime error: 
[20:02:21]undefined proc or verb /mob/living/simple_animal/bot/secbot/beepsky/remove overlay().

runtime error: 
[20:02:21]undefined proc or verb /mob/living/simple_animal/sloth/citrus/remove overlay().

runtime error: 
[20:02:21]undefined proc or verb /mob/living/simple_animal/cockroach/remove overlay().

runtime error: 
[20:02:21]undefined proc or verb /mob/living/simple_animal/mouse/remove overlay().

runtime error: 
[20:02:21]undefined proc or verb /mob/living/simple_animal/mouse/remove overlay().

runtime error: 
[20:02:21]undefined proc or verb /mob/living/simple_animal/hostile/creature/remove overlay().

runtime error: 
[20:02:36]Cannot read null.key
### VarEdit by AlcaroIsAFrick/(Alcaro): /mob/living/carbon/human y=236 => 235
### VarEdit by AlcaroIsAFrick/(Alcaro): /mob/living/carbon/human y=235 => 232
Shutting down Persistence subsystem...
Shutting down Squeak subsystem...
Shutting down Shuttle subsystem...
Shutting down Lighting subsystem...
Shutting down XKeyScore subsystem...
Shutting down Sticky Ban subsystem...
Shutting down Overlay subsystem...
Shutting down Icon Smoothing subsystem...
Shutting down Assets subsystem...
Shutting down Minimap subsystem...
Shutting down Atmospherics subsystem...
Shutting down Weather subsystem...
Shutting down Vote subsystem...
Shutting down Title Screen subsystem...
Shutting down Time Tracking subsystem...
Shutting down Throwing subsystem...
Shutting down tgui subsystem...
Shutting down Sun subsystem...
Shutting down Space Drift subsystem...
Shutting down Religion subsystem...
Shutting down Radio subsystem...
Shutting down Radiation subsystem...
Shutting down Projectiles subsystem...
Shutting down Processing subsystem...
Shutting down Parallax subsystem...
Shutting down pAI subsystem...
Shutting down Orbits subsystem...
Shutting down Objects subsystem...
Shutting down NPC Pool subsystem...
Shutting down Mobs subsystem...
Shutting down Inbounds subsystem...
Shutting down Idling NPC Pool subsystem...
Shutting down Garbage subsystem...
Shutting down Flightpack Movement subsystem...
Shutting down Fire Burning subsystem...
Shutting down Fields subsystem...
Shutting down Fast Processing subsystem...
Shutting down Disease subsystem...
Shutting down Communications subsystem...
Shutting down Augury subsystem...
Shutting down Acid subsystem...
Shutting down Timer subsystem...
Shutting down Circuit subsystem...
Shutting down Machines subsystem...
Shutting down Language subsystem...
Shutting down Atoms subsystem...
Shutting down Mapping subsystem...
Shutting down Ticker subsystem...
Shutting down Jobs subsystem...
Shutting down Events subsystem...
Shutting down Server Tasks subsystem...
Shutting down Blackbox subsystem...
Shutting down Database subsystem...
Shutdown complete
World rebooted at 20:20:12
