

Starting up round ID . 14:57:58
---------------------
Initialized Blackbox subsystem within 0 seconds!
Initialized Server Tasks subsystem within 0 seconds!
Initialized Events subsystem within 0 seconds!
runtime error: 
[14:58:00]cannot read from list
[14:58:00]proc name: LoadJobs (/datum/controller/subsystem/job/proc/LoadJobs)
[14:58:00]  source file: job.dm,448
[14:58:00]  usr: null
[14:58:00]  src: Jobs (/datum/controller/subsystem/job)
[14:58:00]  call stack:
[14:58:00]Jobs (/datum/controller/subsystem/job): LoadJobs()
[14:58:00]Jobs (/datum/controller/subsystem/job): Initialize(646805)
[14:58:00]Master (/datum/controller/master): Initialize(10, 0)
Initialized Jobs subsystem within 0.2 seconds!
Initialized Ticker subsystem within 0.1 seconds!
Loading Delta Station...
runtime error: 
[15:00:02]Cannot execute /datum/plant_gene/trait/glow (/datum/plant_gene/trait/glow).glow range().
[15:00:02]proc name: New (/obj/structure/glowshroom/New)
[15:00:02]  source file: glowshroom.dm,63
[15:00:02]  usr: null
[15:00:02]  src: the glowshroom (/obj/structure/glowshroom/single)
[15:00:02]  src.loc: Cave Floor (303,71,2) (/turf/open/floor/plating/asteroid)
[15:00:02]  call stack:
[15:00:02]the glowshroom (/obj/structure/glowshroom/single): New(Cave Floor (303,71,2) (/turf/open/floor/plating/asteroid), null, null)
[15:00:02]/dmm_suite (/dmm_suite): create atom(/obj/structure/glowshroom/sing... (/obj/structure/glowshroom/single), Cave Floor (303,71,2) (/turf/open/floor/plating/asteroid))
[15:00:02]/dmm_suite (/dmm_suite): instance atom(/obj/structure/glowshroom/sing... (/obj/structure/glowshroom/single), /list (/list), Cave Floor (303,71,2) (/turf/open/floor/plating/asteroid), 1)
[15:00:02]/dmm_suite (/dmm_suite): parse grid("/obj/structure/glowshroom/sing...", "eFi", 303, 71, 2, 1)
[15:00:02]/dmm_suite (/dmm_suite): load map impl(_maps/map_files/Deltastation/D..., 1, 1, 2, null, null, 1, -1e+031, 1e+031, -1e+031, 1e+031)
[15:00:02]/dmm_suite (/dmm_suite): load map(_maps/map_files/Deltastation/D..., 0, 0, 2, null, null, 1, null, null, null, null)
[15:00:02]Mapping (/datum/controller/subsystem/mapping): TryLoadZ("_maps/map_files/Deltastation/D...", /list (/list), 2, null)
[15:00:02]Mapping (/datum/controller/subsystem/mapping): loadWorld()
[15:00:02]Mapping (/datum/controller/subsystem/mapping): Initialize(646808)
[15:00:02]Master (/datum/controller/master): Initialize(10, 0)
runtime error: 
[15:00:02]Cannot execute /datum/plant_gene/trait/glow (/datum/plant_gene/trait/glow).glow range().
[15:00:02]proc name: New (/obj/structure/glowshroom/New)
[15:00:02]  source file: glowshroom.dm,63
[15:00:02]  usr: null
[15:00:02]  src: the glowshroom (/obj/structure/glowshroom/single)
[15:00:02]  src.loc: Cave Floor (306,70,2) (/turf/open/floor/plating/asteroid)
[15:00:02]  call stack:
[15:00:02]the glowshroom (/obj/structure/glowshroom/single): New(Cave Floor (306,70,2) (/turf/open/floor/plating/asteroid), null, null)
[15:00:02]/dmm_suite (/dmm_suite): create atom(/obj/structure/glowshroom/sing... (/obj/structure/glowshroom/single), Cave Floor (306,70,2) (/turf/open/floor/plating/asteroid))
[15:00:02]/dmm_suite (/dmm_suite): instance atom(/obj/structure/glowshroom/sing... (/obj/structure/glowshroom/single), /list (/list), Cave Floor (306,70,2) (/turf/open/floor/plating/asteroid), 1)
[15:00:02]/dmm_suite (/dmm_suite): parse grid("/obj/structure/glowshroom/sing...", "eFi", 306, 70, 2, 1)
[15:00:02]/dmm_suite (/dmm_suite): load map impl(_maps/map_files/Deltastation/D..., 1, 1, 2, null, null, 1, -1e+031, 1e+031, -1e+031, 1e+031)
[15:00:02]/dmm_suite (/dmm_suite): load map(_maps/map_files/Deltastation/D..., 0, 0, 2, null, null, 1, null, null, null, null)
[15:00:02]Mapping (/datum/controller/subsystem/mapping): TryLoadZ("_maps/map_files/Deltastation/D...", /list (/list), 2, null)
[15:00:02]Mapping (/datum/controller/subsystem/mapping): loadWorld()
[15:00:02]Mapping (/datum/controller/subsystem/mapping): Initialize(646808)
[15:00:02]Master (/datum/controller/master): Initialize(10, 0)
runtime error: 
[15:00:02]Cannot execute /datum/plant_gene/trait/glow (/datum/plant_gene/trait/glow).glow range().
[15:00:02]proc name: New (/obj/structure/glowshroom/New)
[15:00:02]  source file: glowshroom.dm,63
[15:00:02]  usr: null
[15:00:02]  src: the glowshroom (/obj/structure/glowshroom/single)
[15:00:02]  src.loc: Cave Floor (309,70,2) (/turf/open/floor/plating/asteroid)
[15:00:02]  call stack:
[15:00:02]the glowshroom (/obj/structure/glowshroom/single): New(Cave Floor (309,70,2) (/turf/open/floor/plating/asteroid), null, null)
[15:00:02]/dmm_suite (/dmm_suite): create atom(/obj/structure/glowshroom/sing... (/obj/structure/glowshroom/single), Cave Floor (309,70,2) (/turf/open/floor/plating/asteroid))
[15:00:02]/dmm_suite (/dmm_suite): instance atom(/obj/structure/glowshroom/sing... (/obj/structure/glowshroom/single), /list (/list), Cave Floor (309,70,2) (/turf/open/floor/plating/asteroid), 1)
[15:00:02]/dmm_suite (/dmm_suite): parse grid("/obj/structure/glowshroom/sing...", "eFi", 309, 70, 2, 1)
[15:00:02]/dmm_suite (/dmm_suite): load map impl(_maps/map_files/Deltastation/D..., 1, 1, 2, null, null, 1, -1e+031, 1e+031, -1e+031, 1e+031)
[15:00:02]/dmm_suite (/dmm_suite): load map(_maps/map_files/Deltastation/D..., 0, 0, 2, null, null, 1, null, null, null, null)
[15:00:02]Mapping (/datum/controller/subsystem/mapping): TryLoadZ("_maps/map_files/Deltastation/D...", /list (/list), 2, null)
[15:00:02]Mapping (/datum/controller/subsystem/mapping): loadWorld()
[15:00:02]Mapping (/datum/controller/subsystem/mapping): Initialize(646808)
[15:00:02]Master (/datum/controller/master): Initialize(10, 0)
runtime error: 
[15:00:02]Cannot execute /datum/plant_gene/trait/glow (/datum/plant_gene/trait/glow).glow range().
[15:00:02]proc name: New (/obj/structure/glowshroom/New)
[15:00:02]  source file: glowshroom.dm,63
[15:00:02]  usr: null
[15:00:02]  src: the glowshroom (/obj/structure/glowshroom/single)
[15:00:02]  src.loc: Cave Floor (302,69,2) (/turf/open/floor/plating/asteroid)
[15:00:02]  call stack:
[15:00:02]the glowshroom (/obj/structure/glowshroom/single): New(Cave Floor (302,69,2) (/turf/open/floor/plating/asteroid), null, null)
[15:00:02]/dmm_suite (/dmm_suite): create atom(/obj/structure/glowshroom/sing... (/obj/structure/glowshroom/single), Cave Floor (302,69,2) (/turf/open/floor/plating/asteroid))
[15:00:02]/dmm_suite (/dmm_suite): instance atom(/obj/structure/glowshroom/sing... (/obj/structure/glowshroom/single), /list (/list), Cave Floor (302,69,2) (/turf/open/floor/plating/asteroid), 1)
[15:00:02]/dmm_suite (/dmm_suite): parse grid("/obj/structure/glowshroom/sing...", "eFi", 302, 69, 2, 1)
[15:00:02]/dmm_suite (/dmm_suite): load map impl(_maps/map_files/Deltastation/D..., 1, 1, 2, null, null, 1, -1e+031, 1e+031, -1e+031, 1e+031)
[15:00:02]/dmm_suite (/dmm_suite): load map(_maps/map_files/Deltastation/D..., 0, 0, 2, null, null, 1, null, null, null, null)
[15:00:02]Mapping (/datum/controller/subsystem/mapping): TryLoadZ("_maps/map_files/Deltastation/D...", /list (/list), 2, null)
[15:00:02]Mapping (/datum/controller/subsystem/mapping): loadWorld()
[15:00:02]Mapping (/datum/controller/subsystem/mapping): Initialize(646808)
[15:00:02]Master (/datum/controller/master): Initialize(10, 0)
runtime error: 
[15:00:03]Cannot execute /datum/plant_gene/trait/glow (/datum/plant_gene/trait/glow).glow range().
[15:00:03]proc name: New (/obj/structure/glowshroom/New)
[15:00:03]  source file: glowshroom.dm,63
[15:00:03]  usr: null
[15:00:03]  src: the glowshroom (/obj/structure/glowshroom/single)
[15:00:03]  src.loc: Cave Floor (296,55,2) (/turf/open/floor/plating/asteroid)
[15:00:03]  call stack:
[15:00:03]the glowshroom (/obj/structure/glowshroom/single): New(Cave Floor (296,55,2) (/turf/open/floor/plating/asteroid), null, null)
[15:00:03]/dmm_suite (/dmm_suite): create atom(/obj/structure/glowshroom/sing... (/obj/structure/glowshroom/single), Cave Floor (296,55,2) (/turf/open/floor/plating/asteroid))
[15:00:03]/dmm_suite (/dmm_suite): instance atom(/obj/structure/glowshroom/sing... (/obj/structure/glowshroom/single), /list (/list), Cave Floor (296,55,2) (/turf/open/floor/plating/asteroid), 1)
[15:00:03]/dmm_suite (/dmm_suite): parse grid("/obj/structure/glowshroom/sing...", "eJI", 296, 55, 2, 1)
[15:00:03]/dmm_suite (/dmm_suite): load map impl(_maps/map_files/Deltastation/D..., 1, 1, 2, null, null, 1, -1e+031, 1e+031, -1e+031, 1e+031)
[15:00:03]/dmm_suite (/dmm_suite): load map(_maps/map_files/Deltastation/D..., 0, 0, 2, null, null, 1, null, null, null, null)
[15:00:03]Mapping (/datum/controller/subsystem/mapping): TryLoadZ("_maps/map_files/Deltastation/D...", /list (/list), 2, null)
[15:00:03]Mapping (/datum/controller/subsystem/mapping): loadWorld()
[15:00:03]Mapping (/datum/controller/subsystem/mapping): Initialize(646808)
[15:00:03]Master (/datum/controller/master): Initialize(10, 0)
runtime error: 
[15:00:03]Cannot execute /datum/plant_gene/trait/glow (/datum/plant_gene/trait/glow).glow range().
[15:00:03]proc name: New (/obj/structure/glowshroom/New)
[15:00:03]  source file: glowshroom.dm,63
[15:00:03]  usr: null
[15:00:03]  src: the glowshroom (/obj/structure/glowshroom/single)
[15:00:03]  src.loc: Cave Floor (299,55,2) (/turf/open/floor/plating/asteroid)
[15:00:03]  call stack:
[15:00:03]the glowshroom (/obj/structure/glowshroom/single): New(Cave Floor (299,55,2) (/turf/open/floor/plating/asteroid), null, null)
[15:00:03]/dmm_suite (/dmm_suite): create atom(/obj/structure/glowshroom/sing... (/obj/structure/glowshroom/single), Cave Floor (299,55,2) (/turf/open/floor/plating/asteroid))
[15:00:03]/dmm_suite (/dmm_suite): instance atom(/obj/structure/glowshroom/sing... (/obj/structure/glowshroom/single), /list (/list), Cave Floor (299,55,2) (/turf/open/floor/plating/asteroid), 1)
[15:00:03]/dmm_suite (/dmm_suite): parse grid("/obj/structure/glowshroom/sing...", "eJI", 299, 55, 2, 1)
[15:00:03]/dmm_suite (/dmm_suite): load map impl(_maps/map_files/Deltastation/D..., 1, 1, 2, null, null, 1, -1e+031, 1e+031, -1e+031, 1e+031)
[15:00:03]/dmm_suite (/dmm_suite): load map(_maps/map_files/Deltastation/D..., 0, 0, 2, null, null, 1, null, null, null, null)
[15:00:03]Mapping (/datum/controller/subsystem/mapping): TryLoadZ("_maps/map_files/Deltastation/D...", /list (/list), 2, null)
[15:00:03]Mapping (/datum/controller/subsystem/mapping): loadWorld()
[15:00:03]Mapping (/datum/controller/subsystem/mapping): Initialize(646808)
[15:00:03]Master (/datum/controller/master): Initialize(10, 0)
runtime error: 
[15:00:03]Cannot execute /datum/plant_gene/trait/glow (/datum/plant_gene/trait/glow).glow range().
[15:00:03]proc name: New (/obj/structure/glowshroom/New)
[15:00:03]  source file: glowshroom.dm,63
[15:00:03]  usr: null
[15:00:03]  src: the glowshroom (/obj/structure/glowshroom/single)
[15:00:03]  src.loc: Cave Floor (283,53,2) (/turf/open/floor/plating/asteroid)
[15:00:03]  call stack:
[15:00:03]the glowshroom (/obj/structure/glowshroom/single): New(Cave Floor (283,53,2) (/turf/open/floor/plating/asteroid), null, null)
[15:00:03]/dmm_suite (/dmm_suite): create atom(/obj/structure/glowshroom/sing... (/obj/structure/glowshroom/single), Cave Floor (283,53,2) (/turf/open/floor/plating/asteroid))
[15:00:03]/dmm_suite (/dmm_suite): instance atom(/obj/structure/glowshroom/sing... (/obj/structure/glowshroom/single), /list (/list), Cave Floor (283,53,2) (/turf/open/floor/plating/asteroid), 1)
[15:00:03]/dmm_suite (/dmm_suite): parse grid("/obj/structure/glowshroom/sing...", "eJI", 283, 53, 2, 1)
[15:00:03]/dmm_suite (/dmm_suite): load map impl(_maps/map_files/Deltastation/D..., 1, 1, 2, null, null, 1, -1e+031, 1e+031, -1e+031, 1e+031)
[15:00:03]/dmm_suite (/dmm_suite): load map(_maps/map_files/Deltastation/D..., 0, 0, 2, null, null, 1, null, null, null, null)
[15:00:03]Mapping (/datum/controller/subsystem/mapping): TryLoadZ("_maps/map_files/Deltastation/D...", /list (/list), 2, null)
[15:00:03]Mapping (/datum/controller/subsystem/mapping): loadWorld()
[15:00:03]Mapping (/datum/controller/subsystem/mapping): Initialize(646808)
[15:00:03]Master (/datum/controller/master): Initialize(10, 0)
runtime error: 
[15:00:03]Cannot execute /datum/plant_gene/trait/glow (/datum/plant_gene/trait/glow).glow range().
[15:00:03]proc name: New (/obj/structure/glowshroom/New)
[15:00:03]  source file: glowshroom.dm,63
[15:00:03]  usr: null
[15:00:03]  src: the glowshroom (/obj/structure/glowshroom/single)
[15:00:03]  src.loc: Cave Floor (302,53,2) (/turf/open/floor/plating/asteroid)
[15:00:03]  call stack:
[15:00:03]the glowshroom (/obj/structure/glowshroom/single): New(Cave Floor (302,53,2) (/turf/open/floor/plating/asteroid), null, null)
[15:00:03]/dmm_suite (/dmm_suite): create atom(/obj/structure/glowshroom/sing... (/obj/structure/glowshroom/single), Cave Floor (302,53,2) (/turf/open/floor/plating/asteroid))
[15:00:03]/dmm_suite (/dmm_suite): instance atom(/obj/structure/glowshroom/sing... (/obj/structure/glowshroom/single), /list (/list), Cave Floor (302,53,2) (/turf/open/floor/plating/asteroid), 1)
[15:00:03]/dmm_suite (/dmm_suite): parse grid("/obj/structure/glowshroom/sing...", "eJI", 302, 53, 2, 1)
[15:00:03]/dmm_suite (/dmm_suite): load map impl(_maps/map_files/Deltastation/D..., 1, 1, 2, null, null, 1, -1e+031, 1e+031, -1e+031, 1e+031)
[15:00:03]/dmm_suite (/dmm_suite): load map(_maps/map_files/Deltastation/D..., 0, 0, 2, null, null, 1, null, null, null, null)
[15:00:03]Mapping (/datum/controller/subsystem/mapping): TryLoadZ("_maps/map_files/Deltastation/D...", /list (/list), 2, null)
[15:00:03]Mapping (/datum/controller/subsystem/mapping): loadWorld()
[15:00:03]Mapping (/datum/controller/subsystem/mapping): Initialize(646808)
[15:00:03]Master (/datum/controller/master): Initialize(10, 0)
runtime error: 
[15:00:03]Cannot execute /datum/plant_gene/trait/glow (/datum/plant_gene/trait/glow).glow range().
[15:00:03]proc name: New (/obj/structure/glowshroom/New)
[15:00:03]  source file: glowshroom.dm,63
[15:00:03]  usr: null
[15:00:03]  src: the glowshroom (/obj/structure/glowshroom/single)
[15:00:03]  src.loc: Cave Floor (276,52,2) (/turf/open/floor/plating/asteroid)
[15:00:03]  call stack:
[15:00:03]the glowshroom (/obj/structure/glowshroom/single): New(Cave Floor (276,52,2) (/turf/open/floor/plating/asteroid), null, null)
[15:00:03]/dmm_suite (/dmm_suite): create atom(/obj/structure/glowshroom/sing... (/obj/structure/glowshroom/single), Cave Floor (276,52,2) (/turf/open/floor/plating/asteroid))
[15:00:03]/dmm_suite (/dmm_suite): instance atom(/obj/structure/glowshroom/sing... (/obj/structure/glowshroom/single), /list (/list), Cave Floor (276,52,2) (/turf/open/floor/plating/asteroid), 1)
[15:00:03]/dmm_suite (/dmm_suite): parse grid("/obj/structure/glowshroom/sing...", "eJI", 276, 52, 2, 1)
[15:00:03]/dmm_suite (/dmm_suite): load map impl(_maps/map_files/Deltastation/D..., 1, 1, 2, null, null, 1, -1e+031, 1e+031, -1e+031, 1e+031)
[15:00:03]/dmm_suite (/dmm_suite): load map(_maps/map_files/Deltastation/D..., 0, 0, 2, null, null, 1, null, null, null, null)
[15:00:03]Mapping (/datum/controller/subsystem/mapping): TryLoadZ("_maps/map_files/Deltastation/D...", /list (/list), 2, null)
[15:00:03]Mapping (/datum/controller/subsystem/mapping): loadWorld()
[15:00:03]Mapping (/datum/controller/subsystem/mapping): Initialize(646808)
[15:00:03]Master (/datum/controller/master): Initialize(10, 0)
runtime error: 
[15:00:03]Cannot execute /datum/plant_gene/trait/glow (/datum/plant_gene/trait/glow).glow range().
[15:00:03]proc name: New (/obj/structure/glowshroom/New)
[15:00:03]  source file: glowshroom.dm,63
[15:00:03]  usr: null
[15:00:03]  src: the glowshroom (/obj/structure/glowshroom/single)
[15:00:03]  src.loc: Cave Floor (292,51,2) (/turf/open/floor/plating/asteroid)
[15:00:03]  call stack:
[15:00:03]the glowshroom (/obj/structure/glowshroom/single): New(Cave Floor (292,51,2) (/turf/open/floor/plating/asteroid), null, null)
[15:00:03]/dmm_suite (/dmm_suite): create atom(/obj/structure/glowshroom/sing... (/obj/structure/glowshroom/single), Cave Floor (292,51,2) (/turf/open/floor/plating/asteroid))
[15:00:03]/dmm_suite (/dmm_suite): instance atom(/obj/structure/glowshroom/sing... (/obj/structure/glowshroom/single), /list (/list), Cave Floor (292,51,2) (/turf/open/floor/plating/asteroid), 1)
[15:00:03]/dmm_suite (/dmm_suite): parse grid("/obj/structure/glowshroom/sing...", "eJI", 292, 51, 2, 1)
[15:00:03]/dmm_suite (/dmm_suite): load map impl(_maps/map_files/Deltastation/D..., 1, 1, 2, null, null, 1, -1e+031, 1e+031, -1e+031, 1e+031)
[15:00:03]/dmm_suite (/dmm_suite): load map(_maps/map_files/Deltastation/D..., 0, 0, 2, null, null, 1, null, null, null, null)
[15:00:03]Mapping (/datum/controller/subsystem/mapping): TryLoadZ("_maps/map_files/Deltastation/D...", /list (/list), 2, null)
[15:00:03]Mapping (/datum/controller/subsystem/mapping): loadWorld()
[15:00:03]Mapping (/datum/controller/subsystem/mapping): Initialize(646808)
[15:00:03]Master (/datum/controller/master): Initialize(10, 0)
runtime error: 
[15:00:03]Cannot execute /datum/plant_gene/trait/glow (/datum/plant_gene/trait/glow).glow range().
[15:00:03]proc name: New (/obj/structure/glowshroom/New)
[15:00:03]  source file: glowshroom.dm,63
[15:00:03]  usr: null
[15:00:03]  src: the glowshroom (/obj/structure/glowshroom/single)
[15:00:03]  src.loc: Cave Floor (295,51,2) (/turf/open/floor/plating/asteroid)
[15:00:03]  call stack:
[15:00:03]the glowshroom (/obj/structure/glowshroom/single): New(Cave Floor (295,51,2) (/turf/open/floor/plating/asteroid), null, null)
[15:00:03]/dmm_suite (/dmm_suite): create atom(/obj/structure/glowshroom/sing... (/obj/structure/glowshroom/single), Cave Floor (295,51,2) (/turf/open/floor/plating/asteroid))
[15:00:03]/dmm_suite (/dmm_suite): instance atom(/obj/structure/glowshroom/sing... (/obj/structure/glowshroom/single), /list (/list), Cave Floor (295,51,2) (/turf/open/floor/plating/asteroid), 1)
[15:00:03]/dmm_suite (/dmm_suite): parse grid("/obj/structure/glowshroom/sing...", "eJI", 295, 51, 2, 1)
[15:00:03]/dmm_suite (/dmm_suite): load map impl(_maps/map_files/Deltastation/D..., 1, 1, 2, null, null, 1, -1e+031, 1e+031, -1e+031, 1e+031)
[15:00:03]/dmm_suite (/dmm_suite): load map(_maps/map_files/Deltastation/D..., 0, 0, 2, null, null, 1, null, null, null, null)
[15:00:03]Mapping (/datum/controller/subsystem/mapping): TryLoadZ("_maps/map_files/Deltastation/D...", /list (/list), 2, null)
[15:00:03]Mapping (/datum/controller/subsystem/mapping): loadWorld()
[15:00:03]Mapping (/datum/controller/subsystem/mapping): Initialize(646808)
[15:00:03]Master (/datum/controller/master): Initialize(10, 0)
runtime error: 
[15:00:04]Cannot execute /datum/plant_gene/trait/glow (/datum/plant_gene/trait/glow).glow range().
[15:00:04]proc name: New (/obj/structure/glowshroom/New)
[15:00:04]  source file: glowshroom.dm,63
[15:00:04]  usr: null
[15:00:04]  src: the glowshroom (/obj/structure/glowshroom/single)
[15:00:04]  src.loc: Cave Floor (258,49,2) (/turf/open/floor/plating/asteroid)
[15:00:04]  call stack:
[15:00:04]the glowshroom (/obj/structure/glowshroom/single): New(Cave Floor (258,49,2) (/turf/open/floor/plating/asteroid), null, null)
[15:00:04]/dmm_suite (/dmm_suite): create atom(/obj/structure/glowshroom/sing... (/obj/structure/glowshroom/single), Cave Floor (258,49,2) (/turf/open/floor/plating/asteroid))
[15:00:04]/dmm_suite (/dmm_suite): instance atom(/obj/structure/glowshroom/sing... (/obj/structure/glowshroom/single), /list (/list), Cave Floor (258,49,2) (/turf/open/floor/plating/asteroid), 1)
[15:00:04]/dmm_suite (/dmm_suite): parse grid("/obj/structure/glowshroom/sing...", "eJI", 258, 49, 2, 1)
[15:00:04]/dmm_suite (/dmm_suite): load map impl(_maps/map_files/Deltastation/D..., 1, 1, 2, null, null, 1, -1e+031, 1e+031, -1e+031, 1e+031)
[15:00:04]/dmm_suite (/dmm_suite): load map(_maps/map_files/Deltastation/D..., 0, 0, 2, null, null, 1, null, null, null, null)
[15:00:04]Mapping (/datum/controller/subsystem/mapping): TryLoadZ("_maps/map_files/Deltastation/D...", /list (/list), 2, null)
[15:00:04]Mapping (/datum/controller/subsystem/mapping): loadWorld()
[15:00:04]Mapping (/datum/controller/subsystem/mapping): Initialize(646808)
[15:00:04]Master (/datum/controller/master): Initialize(10, 0)
runtime error: 
[15:00:04]Cannot execute /datum/plant_gene/trait/glow (/datum/plant_gene/trait/glow).glow range().
[15:00:04]proc name: New (/obj/structure/glowshroom/New)
[15:00:04]  source file: glowshroom.dm,63
[15:00:04]  usr: null
[15:00:04]  src: the glowshroom (/obj/structure/glowshroom/single)
[15:00:04]  src.loc: Cave Floor (275,49,2) (/turf/open/floor/plating/asteroid)
[15:00:04]  call stack:
[15:00:04]the glowshroom (/obj/structure/glowshroom/single): New(Cave Floor (275,49,2) (/turf/open/floor/plating/asteroid), null, null)
[15:00:04]/dmm_suite (/dmm_suite): create atom(/obj/structure/glowshroom/sing... (/obj/structure/glowshroom/single), Cave Floor (275,49,2) (/turf/open/floor/plating/asteroid))
[15:00:04]/dmm_suite (/dmm_suite): instance atom(/obj/structure/glowshroom/sing... (/obj/structure/glowshroom/single), /list (/list), Cave Floor (275,49,2) (/turf/open/floor/plating/asteroid), 1)
[15:00:04]/dmm_suite (/dmm_suite): parse grid("/obj/structure/glowshroom/sing...", "eJI", 275, 49, 2, 1)
[15:00:04]/dmm_suite (/dmm_suite): load map impl(_maps/map_files/Deltastation/D..., 1, 1, 2, null, null, 1, -1e+031, 1e+031, -1e+031, 1e+031)
[15:00:04]/dmm_suite (/dmm_suite): load map(_maps/map_files/Deltastation/D..., 0, 0, 2, null, null, 1, null, null, null, null)
[15:00:04]Mapping (/datum/controller/subsystem/mapping): TryLoadZ("_maps/map_files/Deltastation/D...", /list (/list), 2, null)
[15:00:04]Mapping (/datum/controller/subsystem/mapping): loadWorld()
[15:00:04]Mapping (/datum/controller/subsystem/mapping): Initialize(646808)
[15:00:04]Master (/datum/controller/master): Initialize(10, 0)
runtime error: 
[15:00:04]Cannot execute /datum/plant_gene/trait/glow (/datum/plant_gene/trait/glow).glow range().
[15:00:04]proc name: New (/obj/structure/glowshroom/New)
[15:00:04]  source file: glowshroom.dm,63
[15:00:04]  usr: null
[15:00:04]  src: the glowshroom (/obj/structure/glowshroom/single)
[15:00:04]  src.loc: Cave Floor (261,48,2) (/turf/open/floor/plating/asteroid)
[15:00:04]  call stack:
[15:00:04]the glowshroom (/obj/structure/glowshroom/single): New(Cave Floor (261,48,2) (/turf/open/floor/plating/asteroid), null, null)
[15:00:04]/dmm_suite (/dmm_suite): create atom(/obj/structure/glowshroom/sing... (/obj/structure/glowshroom/single), Cave Floor (261,48,2) (/turf/open/floor/plating/asteroid))
[15:00:04]/dmm_suite (/dmm_suite): instance atom(/obj/structure/glowshroom/sing... (/obj/structure/glowshroom/single), /list (/list), Cave Floor (261,48,2) (/turf/open/floor/plating/asteroid), 1)
[15:00:04]/dmm_suite (/dmm_suite): parse grid("/obj/structure/glowshroom/sing...", "eJI", 261, 48, 2, 1)
[15:00:04]/dmm_suite (/dmm_suite): load map impl(_maps/map_files/Deltastation/D..., 1, 1, 2, null, null, 1, -1e+031, 1e+031, -1e+031, 1e+031)
[15:00:04]/dmm_suite (/dmm_suite): load map(_maps/map_files/Deltastation/D..., 0, 0, 2, null, null, 1, null, null, null, null)
[15:00:04]Mapping (/datum/controller/subsystem/mapping): TryLoadZ("_maps/map_files/Deltastation/D...", /list (/list), 2, null)
[15:00:04]Mapping (/datum/controller/subsystem/mapping): loadWorld()
[15:00:04]Mapping (/datum/controller/subsystem/mapping): Initialize(646808)
[15:00:04]Master (/datum/controller/master): Initialize(10, 0)
runtime error: 
[15:00:04]Cannot execute /datum/plant_gene/trait/glow (/datum/plant_gene/trait/glow).glow range().
[15:00:04]proc name: New (/obj/structure/glowshroom/New)
[15:00:04]  source file: glowshroom.dm,63
[15:00:04]  usr: null
[15:00:04]  src: the glowshroom (/obj/structure/glowshroom/single)
[15:00:04]  src.loc: Cave Floor (292,48,2) (/turf/open/floor/plating/asteroid)
[15:00:04]  call stack:
[15:00:04]the glowshroom (/obj/structure/glowshroom/single): New(Cave Floor (292,48,2) (/turf/open/floor/plating/asteroid), null, null)
[15:00:04]/dmm_suite (/dmm_suite): create atom(/obj/structure/glowshroom/sing... (/obj/structure/glowshroom/single), Cave Floor (292,48,2) (/turf/open/floor/plating/asteroid))
[15:00:04]/dmm_suite (/dmm_suite): instance atom(/obj/structure/glowshroom/sing... (/obj/structure/glowshroom/single), /list (/list), Cave Floor (292,48,2) (/turf/open/floor/plating/asteroid), 1)
[15:00:04]/dmm_suite (/dmm_suite): parse grid("/obj/structure/glowshroom/sing...", "eJI", 292, 48, 2, 1)
[15:00:04]/dmm_suite (/dmm_suite): load map impl(_maps/map_files/Deltastation/D..., 1, 1, 2, null, null, 1, -1e+031, 1e+031, -1e+031, 1e+031)
[15:00:04]/dmm_suite (/dmm_suite): load map(_maps/map_files/Deltastation/D..., 0, 0, 2, null, null, 1, null, null, null, null)
[15:00:04]Mapping (/datum/controller/subsystem/mapping): TryLoadZ("_maps/map_files/Deltastation/D...", /list (/list), 2, null)
[15:00:04]Mapping (/datum/controller/subsystem/mapping): loadWorld()
[15:00:04]Mapping (/datum/controller/subsystem/mapping): Initialize(646808)
[15:00:04]Master (/datum/controller/master): Initialize(10, 0)
runtime error: 
[15:00:04]Cannot execute /datum/plant_gene/trait/glow (/datum/plant_gene/trait/glow).glow range().
[15:00:04]proc name: New (/obj/structure/glowshroom/New)
[15:00:04]  source file: glowshroom.dm,63
runtime error: 
[15:00:04]Cannot execute /datum/plant_gene/trait/glow (/datum/plant_gene/trait/glow).glow range().
[15:00:04]proc name: New (/obj/structure/glowshroom/New)
[15:00:04]  source file: glowshroom.dm,63
runtime error: 
[15:00:04]Cannot execute /datum/plant_gene/trait/glow (/datum/plant_gene/trait/glow).glow range().
[15:00:04]proc name: New (/obj/structure/glowshroom/New)
[15:00:04]  source file: glowshroom.dm,63
runtime error: 
[15:00:04]Cannot execute /datum/plant_gene/trait/glow (/datum/plant_gene/trait/glow).glow range().
[15:00:04]proc name: New (/obj/structure/glowshroom/New)
[15:00:04]  source file: glowshroom.dm,63
runtime error: 
[15:00:04]Cannot execute /datum/plant_gene/trait/glow (/datum/plant_gene/trait/glow).glow range().
[15:00:04]proc name: New (/obj/structure/glowshroom/New)
[15:00:04]  source file: glowshroom.dm,63
runtime error: 
[15:00:04]Cannot execute /datum/plant_gene/trait/glow (/datum/plant_gene/trait/glow).glow range().
[15:00:04]proc name: New (/obj/structure/glowshroom/New)
[15:00:04]  source file: glowshroom.dm,63
runtime error: 
[15:00:04]Cannot execute /datum/plant_gene/trait/glow (/datum/plant_gene/trait/glow).glow range().
[15:00:04]proc name: New (/obj/structure/glowshroom/New)
[15:00:04]  source file: glowshroom.dm,63
runtime error: 
[15:00:04]Cannot execute /datum/plant_gene/trait/glow (/datum/plant_gene/trait/glow).glow range().
[15:00:04]proc name: New (/obj/structure/glowshroom/New)
[15:00:04]  source file: glowshroom.dm,63
runtime error: 
[15:00:04]Cannot execute /datum/plant_gene/trait/glow (/datum/plant_gene/trait/glow).glow range().
[15:00:04]proc name: New (/obj/structure/glowshroom/New)
[15:00:04]  source file: glowshroom.dm,63
runtime error: 
[15:00:05]Cannot execute /datum/plant_gene/trait/glow (/datum/plant_gene/trait/glow).glow range().
[15:00:05]proc name: New (/obj/structure/glowshroom/New)
[15:00:05]  source file: glowshroom.dm,63
runtime error: 
[15:00:05]Cannot execute /datum/plant_gene/trait/glow (/datum/plant_gene/trait/glow).glow range().
[15:00:05]proc name: New (/obj/structure/glowshroom/New)
[15:00:05]  source file: glowshroom.dm,63
runtime error: 
[15:00:05]Cannot execute /datum/plant_gene/trait/glow (/datum/plant_gene/trait/glow).glow range().
[15:00:05]proc name: New (/obj/structure/glowshroom/New)
[15:00:05]  source file: glowshroom.dm,63
runtime error: 
[15:00:05]Cannot execute /datum/plant_gene/trait/glow (/datum/plant_gene/trait/glow).glow range().
[15:00:05]proc name: New (/obj/structure/glowshroom/New)
[15:00:05]  source file: glowshroom.dm,63
runtime error: 
[15:00:05]Cannot execute /datum/plant_gene/trait/glow (/datum/plant_gene/trait/glow).glow range().
[15:00:05]proc name: New (/obj/structure/glowshroom/New)
[15:00:05]  source file: glowshroom.dm,63
runtime error: 
[15:00:05]Cannot execute /datum/plant_gene/trait/glow (/datum/plant_gene/trait/glow).glow range().
[15:00:05]proc name: New (/obj/structure/glowshroom/New)
[15:00:05]  source file: glowshroom.dm,63
runtime error: 
[15:00:05]Cannot execute /datum/plant_gene/trait/glow (/datum/plant_gene/trait/glow).glow range().
[15:00:05]proc name: New (/obj/structure/glowshroom/New)
[15:00:05]  source file: glowshroom.dm,63
runtime error: 
[15:00:05]Cannot execute /datum/plant_gene/trait/glow (/datum/plant_gene/trait/glow).glow range().
[15:00:05]proc name: New (/obj/structure/glowshroom/New)
[15:00:05]  source file: glowshroom.dm,63
runtime error: 
[15:00:05]Cannot execute /datum/plant_gene/trait/glow (/datum/plant_gene/trait/glow).glow range().
[15:00:05]proc name: New (/obj/structure/glowshroom/New)
[15:00:05]  source file: glowshroom.dm,63
runtime error: 
[15:00:05]Cannot execute /datum/plant_gene/trait/glow (/datum/plant_gene/trait/glow).glow range().
[15:00:05]proc name: New (/obj/structure/glowshroom/New)
[15:00:05]  source file: glowshroom.dm,63
runtime error: 
[15:00:05]Cannot execute /datum/plant_gene/trait/glow (/datum/plant_gene/trait/glow).glow range().
[15:00:05]proc name: New (/obj/structure/glowshroom/New)
[15:00:05]  source file: glowshroom.dm,63
runtime error: 
[15:00:05]Cannot execute /datum/plant_gene/trait/glow (/datum/plant_gene/trait/glow).glow range().
[15:00:05]proc name: New (/obj/structure/glowshroom/New)
[15:00:05]  source file: glowshroom.dm,63
runtime error: 
[15:00:06]Cannot execute /datum/plant_gene/trait/glow (/datum/plant_gene/trait/glow).glow range().
[15:00:06]proc name: New (/obj/structure/glowshroom/New)
[15:00:06]  source file: glowshroom.dm,63
runtime error: 
[15:00:06]Cannot execute /datum/plant_gene/trait/glow (/datum/plant_gene/trait/glow).glow range().
[15:00:06]proc name: New (/obj/structure/glowshroom/New)
[15:00:06]  source file: glowshroom.dm,63
runtime error: 
[15:00:06]Cannot execute /datum/plant_gene/trait/glow (/datum/plant_gene/trait/glow).glow range().
[15:00:06]proc name: New (/obj/structure/glowshroom/New)
[15:00:06]  source file: glowshroom.dm,63
runtime error: 
[15:00:06]Cannot execute /datum/plant_gene/trait/glow (/datum/plant_gene/trait/glow).glow range().
[15:00:06]proc name: New (/obj/structure/glowshroom/New)
[15:00:06]  source file: glowshroom.dm,63
runtime error: 
[15:00:06]Cannot execute /datum/plant_gene/trait/glow (/datum/plant_gene/trait/glow).glow range().
[15:00:06]proc name: New (/obj/structure/glowshroom/New)
[15:00:06]  source file: glowshroom.dm,63
Loaded station in 126.4s!
Ruin "Hierophant's Arena" placed at (147, 183, 5)
Ruin "Blood-Drunk Miner (Guidance)" placed at (172, 142, 5)
Ruin "Ruin of Sloth" placed at (141, 121, 5)
Ruin loader gave up with 1 left to spend.
Ruin "Survivalist Bunker" placed at (150, 132, 8)
Initialized Mapping subsystem within 136.9 seconds!
runtime error: 
[15:00:18]Cannot execute null.add reagent().
[15:00:18]proc name: Initialize (/obj/effect/decal/cleanable/blood/gibs/Initialize)
[15:00:18]  source file: humans.dm,57
runtime error: 
[15:00:18]Cannot execute null.add reagent().
[15:00:18]proc name: Initialize (/obj/effect/decal/cleanable/blood/gibs/Initialize)
[15:00:18]  source file: humans.dm,57
runtime error: 
[15:00:18]Cannot execute null.add reagent().
[15:00:18]proc name: Initialize (/obj/effect/decal/cleanable/blood/gibs/Initialize)
[15:00:18]  source file: humans.dm,57
runtime error: 
[15:00:18]Cannot execute null.add reagent().
[15:00:18]proc name: Initialize (/obj/effect/decal/cleanable/blood/gibs/Initialize)
[15:00:18]  source file: humans.dm,57
runtime error: 
[15:00:19]Cannot execute null.add reagent().
[15:00:19]proc name: Initialize (/obj/effect/decal/cleanable/oil/Initialize)
[15:00:19]  source file: robots.dm,52
runtime error: 
[15:00:19]Cannot execute null.add reagent().
[15:00:19]proc name: Initialize (/obj/effect/decal/cleanable/oil/Initialize)
[15:00:19]  source file: robots.dm,52
runtime error: 
[15:00:24]Cannot execute null.add reagent().
[15:00:24]proc name: Initialize (/obj/effect/decal/cleanable/oil/Initialize)
[15:00:24]  source file: robots.dm,52
runtime error: 
[15:00:24]Cannot execute null.add reagent().
[15:00:24]proc name: Initialize (/obj/effect/decal/cleanable/oil/Initialize)
[15:00:24]  source file: robots.dm,52
runtime error: 
[15:00:24]Cannot execute null.add reagent().
[15:00:24]proc name: Initialize (/obj/effect/decal/cleanable/oil/Initialize)
[15:00:24]  source file: robots.dm,52
runtime error: 
[15:00:25]Cannot execute null.add reagent().
[15:00:25]proc name: Initialize (/obj/effect/decal/cleanable/blood/gibs/Initialize)
[15:00:25]  source file: humans.dm,57
runtime error: 
[15:00:25]Cannot execute null.add reagent().
[15:00:25]proc name: Initialize (/obj/effect/decal/cleanable/oil/Initialize)
[15:00:25]  source file: robots.dm,52
runtime error: 
[15:00:25]Cannot execute null.add reagent().
[15:00:25]proc name: Initialize (/obj/effect/decal/cleanable/blood/gibs/Initialize)
[15:00:25]  source file: humans.dm,57
runtime error: 
[15:00:25]Cannot execute null.add reagent().
[15:00:25]proc name: Initialize (/obj/effect/decal/cleanable/oil/Initialize)
[15:00:25]  source file: robots.dm,52
runtime error: 
[15:00:26]Cannot execute null.add reagent().
[15:00:26]proc name: Initialize (/obj/effect/decal/cleanable/blood/gibs/Initialize)
[15:00:26]  source file: humans.dm,57
runtime error: 
[15:00:26]Cannot execute null.add reagent().
[15:00:26]proc name: Initialize (/obj/effect/decal/cleanable/oil/Initialize)
[15:00:26]  source file: robots.dm,52
runtime error: 
[15:00:26]Cannot execute null.add reagent().
[15:00:26]proc name: Initialize (/obj/effect/decal/cleanable/oil/Initialize)
[15:00:26]  source file: robots.dm,52
runtime error: 
[15:00:26]Cannot execute null.add reagent().
[15:00:26]proc name: Initialize (/obj/effect/decal/cleanable/oil/Initialize)
[15:00:26]  source file: robots.dm,52
runtime error: 
[15:00:27]Cannot execute null.add reagent().
[15:00:27]proc name: Initialize (/obj/effect/decal/cleanable/oil/Initialize)
[15:00:27]  source file: robots.dm,52
runtime error: 
[15:00:27]Cannot execute null.add reagent().
[15:00:27]proc name: Initialize (/obj/effect/decal/cleanable/oil/Initialize)
[15:00:27]  source file: robots.dm,52
runtime error: 
[15:00:27]Cannot execute null.add reagent().
[15:00:27]proc name: Initialize (/obj/effect/decal/cleanable/oil/Initialize)
[15:00:27]  source file: robots.dm,52
runtime error: 
[15:00:27]Cannot execute null.add reagent().
[15:00:27]proc name: Initialize (/obj/effect/decal/cleanable/oil/Initialize)
[15:00:27]  source file: robots.dm,52
runtime error: 
[15:00:27]Cannot execute null.add reagent().
[15:00:27]proc name: Initialize (/obj/effect/decal/cleanable/oil/Initialize)
[15:00:27]  source file: robots.dm,52
runtime error: 
[15:00:27]Cannot execute null.add reagent().
[15:00:27]proc name: Initialize (/obj/effect/decal/cleanable/oil/Initialize)
[15:00:27]  source file: robots.dm,52
runtime error: 
[15:00:27]Cannot execute null.add reagent().
[15:00:27]proc name: Initialize (/obj/effect/decal/cleanable/oil/Initialize)
[15:00:27]  source file: robots.dm,52
runtime error: 
[15:00:28]Cannot execute null.add reagent().
[15:00:28]proc name: Initialize (/obj/effect/decal/cleanable/oil/Initialize)
[15:00:28]  source file: robots.dm,52
runtime error: 
[15:00:28]Cannot execute null.add reagent().
[15:00:28]proc name: Initialize (/obj/effect/decal/cleanable/oil/Initialize)
[15:00:28]  source file: robots.dm,52
runtime error: 
[15:00:28]Cannot execute null.add reagent().
[15:00:28]proc name: Initialize (/obj/effect/decal/cleanable/oil/Initialize)
[15:00:28]  source file: robots.dm,52
runtime error: 
[15:00:28]Cannot execute null.add reagent().
[15:00:28]proc name: Initialize (/obj/effect/decal/cleanable/oil/Initialize)
[15:00:28]  source file: robots.dm,52
runtime error: 
[15:00:29]Cannot execute null.add reagent().
[15:00:29]proc name: Initialize (/obj/effect/decal/cleanable/oil/Initialize)
[15:00:29]  source file: robots.dm,52
runtime error: 
[15:00:29]Cannot execute null.add reagent().
[15:00:29]proc name: Initialize (/obj/effect/decal/cleanable/oil/Initialize)
[15:00:29]  source file: robots.dm,52
runtime error: 
[15:00:30]Cannot execute null.add reagent().
[15:00:30]proc name: Initialize (/obj/effect/decal/cleanable/oil/Initialize)
[15:00:30]  source file: robots.dm,52
runtime error: 
[15:00:30]Cannot execute null.add reagent().
[15:00:30]proc name: Initialize (/obj/effect/decal/cleanable/oil/Initialize)
[15:00:30]  source file: robots.dm,52
runtime error: 
[15:00:30]Cannot execute null.add reagent().
[15:00:30]proc name: Initialize (/obj/effect/decal/cleanable/oil/Initialize)
[15:00:30]  source file: robots.dm,52
runtime error: 
[15:00:31]Cannot execute null.add reagent().
[15:00:31]proc name: Initialize (/obj/effect/decal/cleanable/oil/Initialize)
[15:00:31]  source file: robots.dm,52
runtime error: 
[15:00:31]Cannot execute null.add reagent().
[15:00:31]proc name: Initialize (/obj/effect/decal/cleanable/oil/Initialize)
[15:00:31]  source file: robots.dm,52
runtime error: 
[15:00:32]Cannot execute null.add reagent().
[15:00:32]proc name: Initialize (/obj/effect/decal/cleanable/oil/Initialize)
[15:00:32]  source file: robots.dm,52
runtime error: 
[15:00:32]Cannot execute null.add reagent().
[15:00:32]proc name: Initialize (/obj/effect/decal/cleanable/oil/Initialize)
[15:00:32]  source file: robots.dm,52
runtime error: 
[15:00:32]Cannot execute null.add reagent().
[15:00:32]proc name: Initialize (/obj/effect/decal/cleanable/oil/Initialize)
[15:00:32]  source file: robots.dm,52
runtime error: 
[15:00:32]Cannot execute null.add reagent().
[15:00:32]proc name: Initialize (/obj/effect/decal/cleanable/oil/Initialize)
[15:00:32]  source file: robots.dm,52
runtime error: 
[15:00:32]Cannot execute null.add reagent().
[15:00:32]proc name: Initialize (/obj/effect/decal/cleanable/oil/Initialize)
[15:00:32]  source file: robots.dm,52
runtime error: 
[15:00:32]Cannot execute null.add reagent().
[15:00:32]proc name: Initialize (/obj/effect/decal/cleanable/oil/Initialize)
[15:00:32]  source file: robots.dm,52
runtime error: 
[15:00:32]Cannot execute null.add reagent().
[15:00:32]proc name: Initialize (/obj/effect/decal/cleanable/oil/Initialize)
[15:00:32]  source file: robots.dm,52
runtime error: 
[15:00:33]Cannot execute null.add reagent().
[15:00:33]proc name: Initialize (/obj/effect/decal/cleanable/oil/Initialize)
[15:00:33]  source file: robots.dm,52
runtime error: 
[15:00:34]Cannot execute null.add reagent().
[15:00:34]proc name: Initialize (/obj/effect/decal/cleanable/oil/Initialize)
[15:00:34]  source file: robots.dm,52
runtime error: 
[15:00:34]Cannot execute null.add reagent().
[15:00:34]proc name: Initialize (/obj/effect/decal/cleanable/oil/Initialize)
[15:00:34]  source file: robots.dm,52
runtime error: 
[15:00:35]Cannot execute null.add reagent().
[15:00:35]proc name: Initialize (/obj/effect/decal/cleanable/oil/Initialize)
[15:00:35]  source file: robots.dm,52
runtime error: 
[15:00:36]Cannot execute null.add reagent().
[15:00:36]proc name: Initialize (/obj/effect/decal/cleanable/oil/Initialize)
[15:00:36]  source file: robots.dm,52
runtime error: 
[15:00:36]Cannot execute null.add reagent().
[15:00:36]proc name: Initialize (/obj/effect/decal/cleanable/oil/Initialize)
[15:00:36]  source file: robots.dm,52
runtime error: 
[15:00:36]Cannot execute null.add reagent().
[15:00:36]proc name: Initialize (/obj/effect/decal/cleanable/oil/Initialize)
[15:00:36]  source file: robots.dm,52
runtime error: 
[15:00:36]Cannot execute null.add reagent().
[15:00:36]proc name: Initialize (/obj/effect/decal/cleanable/oil/Initialize)
[15:00:36]  source file: robots.dm,52
runtime error: 
[15:00:37]Cannot execute null.add reagent().
[15:00:37]proc name: Initialize (/obj/effect/decal/cleanable/oil/Initialize)
[15:00:37]  source file: robots.dm,52
runtime error: 
[15:00:37]Cannot execute null.add reagent().
[15:00:37]proc name: Initialize (/obj/effect/decal/cleanable/oil/Initialize)
[15:00:37]  source file: robots.dm,52
runtime error: 
[15:00:38]Cannot execute null.add reagent().
[15:00:38]Warning: further proc crash messages are being suppressed to prevent overload...
runtime error: 
[15:00:42]Undefined variable /obj/item/rupee/var/swimming

runtime error: 
[15:00:42]Undefined variable /obj/item/rupee/var/swimming

runtime error: 
[15:00:42]Undefined variable /obj/item/rupee/var/swimming

runtime error: 
[15:00:42]Undefined variable /obj/structure/signpost/salvation/var/swimming

runtime error: 
[15:00:42]Undefined variable /obj/item/rupee/var/swimming

runtime error: 
[15:00:42]Undefined variable /obj/item/rupee/var/swimming

runtime error: 
[15:00:42]Undefined variable /obj/item/rupee/var/swimming

runtime error: 
[15:00:42]Undefined variable /obj/item/rupee/var/swimming

runtime error: 
[15:00:42]Undefined variable /obj/item/rupee/var/swimming

runtime error: 
[15:00:42]Undefined variable /obj/item/rupee/var/swimming

runtime error: 
[15:00:42]Undefined variable /obj/effect/landmark/error/var/swimming

runtime error: 
[15:00:42]Undefined variable /obj/item/rupee/var/swimming

runtime error: 
[15:00:42]Undefined variable /obj/item/rupee/var/swimming

runtime error: 
[15:00:42]Undefined variable /obj/item/rupee/var/swimming

runtime error: 
[15:00:42]Undefined variable /obj/item/rupee/var/swimming

runtime error: 
[15:00:42]Undefined variable /obj/item/rupee/var/swimming

runtime error: 
[15:00:43]Undefined variable /obj/item/rupee/var/swimming

runtime error: 
[15:00:43]Undefined variable /obj/item/rupee/var/swimming

runtime error: 
[15:00:43]Undefined variable /obj/item/rupee/var/swimming

runtime error: 
[15:00:43]Undefined variable /obj/item/rupee/var/swimming

runtime error: 
[15:00:43]Undefined variable /obj/item/rupee/var/swimming

runtime error: 
[15:00:43]Undefined variable /obj/item/rupee/var/swimming

runtime error: 
[15:00:43]Undefined variable /obj/item/rupee/var/swimming

runtime error: 
[15:00:43]Undefined variable /obj/item/rupee/var/swimming

runtime error: 
[15:00:43]Undefined variable /obj/item/rupee/var/swimming

runtime error: 
[15:00:43]Undefined variable /obj/item/rupee/var/swimming

runtime error: 
[15:00:43]Undefined variable /obj/item/rupee/var/swimming

runtime error: 
[15:00:43]Undefined variable /obj/item/rupee/var/swimming

runtime error: 
[15:00:43]Undefined variable /obj/item/rupee/var/swimming

runtime error: 
[15:00:43]Undefined variable /obj/item/rupee/var/swimming

runtime error: 
[15:00:43]Undefined variable /obj/item/rupee/var/swimming

runtime error: 
[15:00:43]Undefined variable /obj/item/rupee/var/swimming

runtime error: 
[15:00:43]Undefined variable /obj/item/rupee/var/swimming

runtime error: 
[15:00:43]Undefined variable /obj/item/rupee/var/swimming

runtime error: 
[15:00:43]Undefined variable /obj/item/rupee/var/swimming

runtime error: 
[15:00:43]Undefined variable /obj/item/rupee/var/swimming

runtime error: 
[15:00:43]Undefined variable /obj/item/rupee/var/swimming

runtime error: 
[15:00:43]Undefined variable /obj/item/rupee/var/swimming

runtime error: 
[15:00:43]Undefined variable /obj/item/rupee/var/swimming

runtime error: 
[15:00:43]Undefined variable /obj/item/rupee/var/swimming

runtime error: 
[15:00:43]Undefined variable /obj/item/rupee/var/swimming

runtime error: 
[15:00:43]Undefined variable /obj/item/rupee/var/swimming

runtime error: 
[15:00:43]Undefined variable /obj/item/rupee/var/swimming

runtime error: 
[15:00:43]Undefined variable /obj/item/rupee/var/swimming

runtime error: 
[15:00:43]Undefined variable /obj/item/rupee/var/swimming

runtime error: 
[15:00:43]Undefined variable /obj/item/rupee/var/swimming

runtime error: 
[15:00:43]Undefined variable /obj/item/rupee/var/swimming

runtime error: 
[15:00:43]Undefined variable /obj/structure/speaking_tile/var/swimming

runtime error: 
[15:00:43]Undefined variable /obj/machinery/abductor/gland_dispenser/var/swimming

runtime error: 
[15:00:43]Undefined variable /obj/structure/table/abductor/var/swimming

runtime error: 
[15:00:43]Undefined variable /obj/item/surgicaldrill/alien/var/swimming

runtime error: 
[15:00:44]undefined proc or verb /mob/living/simple_animal/bot/medbot/mysterious/remove overlay().

runtime error: 
[15:00:44]undefined proc or verb /mob/living/simple_animal/hostile/creature/remove overlay().

runtime error: 
[15:00:44]undefined proc or verb /mob/living/simple_animal/hostile/carp/cayenne/remove overlay().

runtime error: 
[15:00:50]Cannot execute null.add reagent().
runtime error: 
[15:00:50]Cannot execute null.add reagent().
runtime error: 
[15:00:51]Cannot execute null.add reagent().
runtime error: 
[15:00:51]Cannot execute null.add reagent().
runtime error: 
[15:00:51]undefined proc or verb /mob/living/simple_animal/bot/medbot/remove overlay().

runtime error: 
[15:00:51]Cannot execute null.add reagent().
runtime error: 
[15:00:51]undefined proc or verb /mob/living/simple_animal/cockroach/remove overlay().

runtime error: 
[15:00:51]undefined proc or verb /mob/living/simple_animal/cockroach/remove overlay().

runtime error: 
[15:00:51]undefined proc or verb /mob/living/simple_animal/cockroach/remove overlay().

runtime error: 
[15:00:52]undefined proc or verb /mob/living/simple_animal/cockroach/remove overlay().

runtime error: 
[15:00:52]undefined proc or verb /mob/living/simple_animal/cockroach/remove overlay().

runtime error: 
[15:00:52]undefined proc or verb /mob/living/simple_animal/pet/cat/Runtime/remove overlay().

runtime error: 
[15:00:52]undefined proc or verb /mob/living/simple_animal/cockroach/remove overlay().

runtime error: 
[15:00:52]undefined proc or verb /mob/living/simple_animal/pet/dog/pug/remove overlay().

runtime error: 
[15:00:52]undefined proc or verb /mob/living/simple_animal/cockroach/remove overlay().

runtime error: 
[15:00:52]undefined proc or verb /mob/living/simple_animal/cockroach/remove overlay().

runtime error: 
[15:00:52]undefined proc or verb /mob/living/simple_animal/cockroach/remove overlay().

runtime error: 
[15:00:52]undefined proc or verb /mob/living/simple_animal/slime/remove overlay().

runtime error: 
[15:00:53]undefined proc or verb /mob/living/simple_animal/slime/remove overlay().

runtime error: 
[15:00:59]undefined proc or verb /mob/living/simple_animal/slime/remove overlay().

runtime error: 
[15:00:59]undefined proc or verb /mob/living/simple_animal/cockroach/remove overlay().

runtime error: 
[15:01:00]undefined proc or verb /mob/living/simple_animal/cockroach/remove overlay().

runtime error: 
[15:01:00]undefined proc or verb /mob/living/simple_animal/pet/dog/corgi/Ian/remove overlay().

runtime error: 
[15:01:01]undefined proc or verb /mob/living/simple_animal/bot/secbot/pingsky/remove overlay().

runtime error: 
[15:01:01]undefined proc or verb /mob/living/simple_animal/parrot/Poly/remove overlay().

runtime error: 
[15:01:01]undefined proc or verb /mob/living/simple_animal/bot/secbot/beepsky/remove overlay().

runtime error: 
[15:01:01]undefined proc or verb /mob/living/simple_animal/pet/fox/Renault/remove overlay().

runtime error: 
[15:01:02]undefined proc or verb /mob/living/simple_animal/hostile/carp/cayenne/remove overlay().

runtime error: 
[15:01:02]undefined proc or verb /mob/living/simple_animal/cockroach/remove overlay().

runtime error: 
[15:01:02]undefined proc or verb /mob/living/simple_animal/hostile/retaliate/goat/remove overlay().

runtime error: 
[15:01:02]undefined proc or verb /mob/living/simple_animal/sloth/citrus/remove overlay().

runtime error: 
[15:01:02]undefined proc or verb /mob/living/simple_animal/cockroach/remove overlay().

runtime error: 
[15:01:02]undefined proc or verb /mob/living/simple_animal/mouse/remove overlay().

runtime error: 
[15:01:02]undefined proc or verb /mob/living/simple_animal/mouse/remove overlay().

runtime error: 
[15:01:02]undefined proc or verb /mob/living/simple_animal/bot/mulebot/remove overlay().

runtime error: 
[15:01:02]undefined proc or verb /mob/living/simple_animal/bot/mulebot/remove overlay().

runtime error: 
[15:01:03]undefined proc or verb /mob/living/simple_animal/cockroach/remove overlay().

runtime error: 
[15:01:03]undefined proc or verb /mob/living/simple_animal/hostile/lizard/remove overlay().

runtime error: 
[15:01:03]undefined proc or verb /mob/living/simple_animal/cockroach/remove overlay().

runtime error: 
[15:01:03]undefined proc or verb /mob/living/simple_animal/cockroach/remove overlay().

runtime error: 
[15:01:03]undefined proc or verb /mob/living/simple_animal/cockroach/remove overlay().

runtime error: 
[15:01:03]undefined proc or verb /mob/living/simple_animal/cockroach/remove overlay().

runtime error: 
[15:01:07]undefined proc or verb /mob/living/simple_animal/hostile/asteroid/hivelord/legion/random/remove overlay().

runtime error: 
[15:01:07]undefined proc or verb /mob/living/simple_animal/hostile/asteroid/hivelord/legion/random/remove overlay().

runtime error: 
[15:01:07]undefined proc or verb /mob/living/simple_animal/hostile/asteroid/goldgrub/remove overlay().

runtime error: 
[15:01:07]undefined proc or verb /mob/living/simple_animal/hostile/asteroid/goliath/beast/random/remove overlay().

runtime error: 
[15:01:08]undefined proc or verb /mob/living/simple_animal/hostile/asteroid/goliath/beast/random/remove overlay().

runtime error: 
[15:01:08]undefined proc or verb /mob/living/simple_animal/hostile/asteroid/basilisk/watcher/random/remove overlay().

runtime error: 
[15:01:08]undefined proc or verb /mob/living/simple_animal/hostile/asteroid/hivelord/legion/random/remove overlay().

runtime error: 
[15:01:08]undefined proc or verb /mob/living/simple_animal/hostile/asteroid/basilisk/watcher/random/remove overlay().

runtime error: 
[15:01:08]undefined proc or verb /mob/living/simple_animal/hostile/asteroid/goliath/beast/random/remove overlay().

runtime error: 
[15:01:09]undefined proc or verb /mob/living/simple_animal/hostile/asteroid/basilisk/watcher/random/remove overlay().

runtime error: 
[15:01:09]undefined proc or verb /mob/living/simple_animal/hostile/asteroid/hivelord/legion/random/remove overlay().

Initialized 1.47939e+006 atoms
Initialized Atoms subsystem within 79.4 seconds!
Initialized Language subsystem within 0 seconds!
Initialized Machines subsystem within 1.1 seconds!
Initialized Circuit subsystem within 0.1 seconds!
Initialized Weather subsystem within 0 seconds!
## WARNING: There are 583 active turfs at roundstart, this is a mapping error caused by a difference of the air between the adjacent turfs. You can see its coordinates using "Mapping -> Show roundstart AT list" verb (debug verbs required)
## WARNING: HEY! LISTEN! 11 seconds were wasted processing 583 turf(s) (connected to 88660 other turfs) with atmos differences at round start.
Initialized Atmospherics subsystem within 34 seconds!
Initialized Minimap subsystem within 0.1 seconds!
Initialized Assets subsystem within 0.3 seconds!
Initialized Icon Smoothing subsystem within 8.3 seconds!
Initialized Overlay subsystem within 20.4 seconds!
Initialized XKeyScore subsystem within 0 seconds!
Initialized Lighting subsystem within 23.2 seconds!
Initialized Shuttle subsystem within 76.9 seconds!
Initialized Squeak subsystem within 0 seconds!
Loaded 0 engraved messages on map Delta Station
Initialized Persistence subsystem within 0.1 seconds!
Initializations complete within 381.9 seconds!
Game start took 0s
runtime error: 
[15:04:43]Cannot execute null.add reagent().
## WARNING: A ref was requested of an object with use_tag set but no tag: AlcaroIsAFrick in code/__HELPERS/unsorted.dm at line 1500 src:  usr: AlcaroIsAFrick.
runtime error: 
[15:05:07]Cannot read null.key
runtime error: 
[15:05:07]Cannot read null.martial_art
runtime error: 
[15:05:09]Cannot read null.martial_art
## WARNING: A ref was requested of an object with use_tag set but no tag: Riki2321gamer in code/__HELPERS/unsorted.dm at line 1500 src:  usr: Riki2321gamer.
runtime error: 
[15:06:12]Cannot read null.key
runtime error: 
[15:06:12]Cannot read null.martial_art
runtime error: 
[15:06:13]Cannot read null.martial_art
runtime error: 
[15:06:15]Cannot execute null.add reagent().
runtime error: 
[15:06:45]Cannot execute null.add reagent().
## WARNING: A ref was requested of an object with use_tag set but no tag: the new player in code/__HELPERS/unsorted.dm at line 1500 src:  usr: the new player.
runtime error: 
[15:07:02]Cannot read null.key
runtime error: 
[15:07:02]Cannot read null.martial_art
runtime error: 
[15:07:03]Cannot read null.martial_art
runtime error: 
[15:10:27]Cannot execute null.add reagent().
runtime error: 
[15:10:27]Cannot execute null.add reagent().
runtime error: 
[15:14:32]Undefined variable /obj/item/projectile/beam/emitter/var/swimming

runtime error: 
[15:14:32]Undefined variable /obj/item/projectile/beam/emitter/var/swimming

runtime error: 
[15:14:32]Undefined variable /obj/item/projectile/beam/emitter/var/swimming

runtime error: 
[15:14:32]Undefined variable /obj/item/projectile/beam/emitter/var/swimming

runtime error: 
[15:14:32]Undefined variable /obj/item/projectile/beam/emitter/var/swimming

runtime error: 
[15:14:32]Undefined variable /obj/item/projectile/beam/emitter/var/swimming

runtime error: 
[15:14:32]Undefined variable /obj/item/projectile/beam/emitter/var/swimming

runtime error: 
[15:14:32]Undefined variable /obj/item/projectile/beam/emitter/var/swimming

runtime error: 
[15:14:32]Undefined variable /obj/item/projectile/beam/emitter/var/swimming

runtime error: 
[15:14:32]Undefined variable /obj/item/projectile/beam/emitter/var/swimming

runtime error: 
[15:14:32]Undefined variable /obj/item/projectile/beam/emitter/var/swimming

runtime error: 
[15:14:32]Undefined variable /obj/item/projectile/beam/emitter/var/swimming

runtime error: 
[15:14:32]Undefined variable /obj/item/projectile/beam/emitter/var/swimming

runtime error: 
[15:14:32]Undefined variable /obj/item/projectile/beam/emitter/var/swimming

runtime error: 
[15:14:32]Undefined variable /obj/item/projectile/beam/emitter/var/swimming

runtime error: 
[15:14:32]Undefined variable /obj/effect/particle_effect/sparks/var/swimming

runtime error: 
[15:14:32]Undefined variable /obj/effect/particle_effect/sparks/var/swimming

runtime error: 
[15:14:32]Undefined variable /obj/effect/particle_effect/sparks/var/swimming

runtime error: 
[15:14:32]Undefined variable /obj/effect/particle_effect/sparks/var/swimming

runtime error: 
[15:14:32]Undefined variable /obj/effect/particle_effect/sparks/var/swimming

runtime error: 
[15:14:32]Undefined variable /obj/effect/particle_effect/sparks/var/swimming

runtime error: 
[15:14:32]Undefined variable /obj/effect/particle_effect/sparks/var/swimming

runtime error: 
[15:14:32]Undefined variable /obj/effect/particle_effect/sparks/var/swimming

runtime error: 
[15:14:32]Undefined variable /obj/item/projectile/beam/emitter/var/swimming

runtime error: 
[15:14:32]Undefined variable /obj/item/projectile/beam/emitter/var/swimming

runtime error: 
[15:14:32]Undefined variable /obj/item/projectile/beam/emitter/var/swimming

runtime error: 
[15:14:32]Undefined variable /obj/item/projectile/beam/emitter/var/swimming

runtime error: 
[15:14:32]Undefined variable /obj/item/projectile/beam/emitter/var/swimming

runtime error: 
[15:14:32]Undefined variable /obj/item/projectile/beam/emitter/var/swimming

runtime error: 
[15:14:33]Undefined variable /obj/item/projectile/beam/emitter/var/swimming

runtime error: 
[15:14:33]Undefined variable /obj/item/projectile/beam/emitter/var/swimming

runtime error: 
[15:14:33]Undefined variable /obj/item/projectile/beam/emitter/var/swimming

runtime error: 
[15:14:33]Undefined variable /obj/item/projectile/beam/emitter/var/swimming

runtime error: 
[15:14:33]Undefined variable /obj/item/projectile/beam/emitter/var/swimming

runtime error: 
[15:14:33]Undefined variable /obj/item/projectile/beam/emitter/var/swimming

runtime error: 
[15:14:33]Undefined variable /obj/item/projectile/beam/emitter/var/swimming

runtime error: 
[15:14:33]Undefined variable /obj/item/projectile/beam/emitter/var/swimming

runtime error: 
[15:14:33]Undefined variable /obj/item/projectile/beam/emitter/var/swimming

runtime error: 
[15:14:33]Undefined variable /obj/item/projectile/beam/emitter/var/swimming

runtime error: 
[15:14:33]Undefined variable /obj/item/projectile/beam/emitter/var/swimming

runtime error: 
[15:14:33]Undefined variable /obj/item/projectile/beam/emitter/var/swimming

runtime error: 
[15:14:33]Undefined variable /obj/item/projectile/beam/emitter/var/swimming

runtime error: 
[15:14:33]Undefined variable /obj/item/projectile/beam/emitter/var/swimming

runtime error: 
[15:14:33]Undefined variable /obj/item/projectile/beam/emitter/var/swimming

runtime error: 
[15:14:33]Undefined variable /obj/item/projectile/beam/emitter/var/swimming

runtime error: 
[15:14:33]Undefined variable /obj/item/projectile/beam/emitter/var/swimming

runtime error: 
[15:14:33]Undefined variable /obj/item/projectile/beam/emitter/var/swimming

runtime error: 
[15:14:33]Undefined variable /obj/effect/particle_effect/sparks/var/swimming

runtime error: 
[15:14:33]Undefined variable /obj/effect/particle_effect/sparks/var/swimming

runtime error: 
[15:14:33]Undefined variable /obj/effect/particle_effect/sparks/var/swimming

runtime error: 
[15:14:33]Undefined variable /obj/effect/particle_effect/sparks/var/swimming

runtime error: 
[15:14:36]undefined proc or verb /mob/living/simple_animal/bot/secbot/beepsky/remove overlay().

runtime error: 
[15:14:36]undefined proc or verb /mob/living/simple_animal/slime/remove overlay().

runtime error: 
[15:14:36]undefined proc or verb /mob/living/simple_animal/slime/remove overlay().

runtime error: 
[15:14:36]undefined proc or verb /mob/living/simple_animal/bot/secbot/beepsky/remove overlay().

runtime error: 
[15:14:37]undefined proc or verb /mob/living/simple_animal/parrot/Poly/remove overlay().

runtime error: 
[15:14:37]undefined proc or verb /mob/living/simple_animal/bot/secbot/beepsky/remove overlay().

runtime error: 
[15:14:38]undefined proc or verb /mob/living/simple_animal/bot/secbot/beepsky/remove overlay().

runtime error: 
[15:14:38]undefined proc or verb /mob/living/simple_animal/bot/secbot/beepsky/remove overlay().

runtime error: 
[15:14:38]undefined proc or verb /mob/living/simple_animal/slime/remove overlay().

runtime error: 
[15:14:38]undefined proc or verb /mob/living/simple_animal/bot/secbot/beepsky/remove overlay().

runtime error: 
[15:14:40]undefined proc or verb /mob/living/simple_animal/hostile/asteroid/hivelord/legion/tendril/remove overlay().

runtime error: 
[15:14:40]undefined proc or verb /mob/living/simple_animal/hostile/asteroid/hivelord/legion/tendril/remove overlay().

runtime error: 
[15:14:40]undefined proc or verb /mob/living/simple_animal/hostile/asteroid/hivelord/legion/tendril/remove overlay().

runtime error: 
[15:14:40]undefined proc or verb /mob/living/simple_animal/parrot/Poly/remove overlay().

runtime error: 
[15:14:40]undefined proc or verb /mob/living/simple_animal/hostile/asteroid/hivelord/legion/tendril/remove overlay().

runtime error: 
[15:14:40]undefined proc or verb /mob/living/simple_animal/bot/secbot/beepsky/remove overlay().

runtime error: 
[15:14:40]undefined proc or verb /mob/living/simple_animal/hostile/asteroid/hivelord/legion/tendril/remove overlay().

runtime error: 
[15:14:40]undefined proc or verb /mob/living/simple_animal/hostile/asteroid/hivelord/legion/tendril/remove overlay().

runtime error: 
[15:14:40]undefined proc or verb /mob/living/simple_animal/hostile/asteroid/hivelord/legion/tendril/remove overlay().

runtime error: 
[15:14:40]undefined proc or verb /mob/living/simple_animal/hostile/asteroid/goliath/beast/tendril/remove overlay().

runtime error: 
[15:14:40]undefined proc or verb /mob/living/simple_animal/hostile/creature/remove overlay().

runtime error: 
[15:14:40]undefined proc or verb /mob/living/simple_animal/hostile/lizard/remove overlay().

runtime error: 
[15:14:40]undefined proc or verb /mob/living/simple_animal/hostile/asteroid/hivelord/legion/random/remove overlay().

runtime error: 
[15:14:40]undefined proc or verb /mob/living/simple_animal/hostile/asteroid/hivelord/legion/random/remove overlay().

runtime error: 
[15:14:40]undefined proc or verb /mob/living/simple_animal/bot/secbot/beepsky/remove overlay().

runtime error: 
[15:14:40]undefined proc or verb /mob/living/simple_animal/hostile/asteroid/goldgrub/remove overlay().

runtime error: 
[15:14:40]undefined proc or verb /mob/living/simple_animal/bot/secbot/beepsky/remove overlay().

runtime error: 
[15:14:40]undefined proc or verb /mob/living/simple_animal/slime/remove overlay().

runtime error: 
[15:14:41]undefined proc or verb /mob/living/simple_animal/hostile/asteroid/goliath/beast/random/remove overlay().

runtime error: 
[15:14:41]undefined proc or verb /mob/living/simple_animal/hostile/asteroid/goliath/beast/random/remove overlay().

runtime error: 
[15:14:41]undefined proc or verb /mob/living/simple_animal/hostile/asteroid/hivelord/legion/random/remove overlay().

runtime error: 
[15:14:41]undefined proc or verb /mob/living/simple_animal/hostile/asteroid/goldgrub/remove overlay().

runtime error: 
[15:14:41]undefined proc or verb /mob/living/simple_animal/hostile/asteroid/hivelord/legion/random/remove overlay().

runtime error: 
[15:14:41]undefined proc or verb /mob/living/simple_animal/bot/secbot/beepsky/remove overlay().

runtime error: 
[15:14:41]undefined proc or verb /mob/living/simple_animal/hostile/asteroid/hivelord/legion/random/remove overlay().

runtime error: 
[15:14:41]undefined proc or verb /mob/living/simple_animal/hostile/asteroid/goliath/beast/random/remove overlay().

runtime error: 
[15:14:41]undefined proc or verb /mob/living/simple_animal/hostile/asteroid/hivelord/legion/random/remove overlay().

runtime error: 
[15:14:41]undefined proc or verb /mob/living/simple_animal/hostile/asteroid/goliath/beast/random/remove overlay().

runtime error: 
[15:14:41]undefined proc or verb /mob/living/simple_animal/hostile/asteroid/hivelord/legion/random/remove overlay().

runtime error: 
[15:14:41]undefined proc or verb /mob/living/simple_animal/hostile/asteroid/goldgrub/remove overlay().

runtime error: 
[15:14:41]undefined proc or verb /mob/living/simple_animal/hostile/asteroid/goliath/beast/random/remove overlay().

runtime error: 
[15:14:41]undefined proc or verb /mob/living/simple_animal/hostile/megafauna/dragon/remove overlay().

runtime error: 
[15:14:41]undefined proc or verb /mob/living/simple_animal/hostile/asteroid/goldgrub/remove overlay().

runtime error: 
[15:14:41]undefined proc or verb /mob/living/simple_animal/hostile/asteroid/hivelord/legion/random/remove overlay().

runtime error: 
[15:14:42]undefined proc or verb /mob/living/simple_animal/hostile/asteroid/goliath/beast/random/remove overlay().

runtime error: 
[15:14:42]undefined proc or verb /mob/living/simple_animal/hostile/asteroid/goliath/beast/random/remove overlay().

runtime error: 
[15:14:42]undefined proc or verb /mob/living/simple_animal/hostile/asteroid/goliath/beast/random/remove overlay().

runtime error: 
[15:14:42]undefined proc or verb /mob/living/simple_animal/hostile/asteroid/hivelord/legion/random/remove overlay().

runtime error: 
[15:14:42]undefined proc or verb /mob/living/simple_animal/hostile/asteroid/hivelord/legion/random/remove overlay().

runtime error: 
[15:14:42]undefined proc or verb /mob/living/simple_animal/hostile/asteroid/hivelord/legion/random/remove overlay().

runtime error: 
[15:14:42]undefined proc or verb /mob/living/simple_animal/hostile/megafauna/dragon/remove overlay().

## WARNING: A ref was requested of an object with use_tag set but no tag: the new player in code/__HELPERS/unsorted.dm at line 1500 src:  usr: the new player.
runtime error: 
[15:18:58]Cannot read null.key
runtime error: 
[15:18:58]Cannot read null.martial_art
runtime error: 
[15:18:59]Cannot read null.martial_art
runtime error: 
[15:20:01]No valid destination passed into forceMove
runtime error: 
[15:20:44]Cannot read null.key
## WARNING: A ref was requested of an object with use_tag set but no tag: Borksin in code/__HELPERS/unsorted.dm at line 1500 src:  usr: Borksin.
runtime error: 
[15:22:17]Cannot read null.key
runtime error: 
[15:22:17]Cannot read null.martial_art
runtime error: 
[15:22:18]Cannot read null.martial_art
runtime error: 
[15:25:06]Undefined variable /obj/item/gun/ballistic/automatic/pistol/deagle/var/swimming

runtime error: 
[15:25:06]Undefined variable /obj/item/gun/energy/ionrifle/var/swimming

runtime error: 
[15:25:06]Undefined variable /obj/item/ammo_casing/a50AE/var/swimming

runtime error: 
[15:25:06]Undefined variable /obj/effect/particle_effect/sparks/var/swimming

runtime error: 
[15:25:06]Undefined variable /obj/item/ammo_casing/a50AE/var/swimming

runtime error: 
[15:25:06]Undefined variable /obj/item/ammo_casing/a50AE/var/swimming

runtime error: 
[15:25:07]Undefined variable /obj/item/gun/ballistic/automatic/pistol/deagle/var/swimming

runtime error: 
[15:25:07]Undefined variable /obj/item/gun/energy/ionrifle/var/swimming

runtime error: 
[15:25:07]Undefined variable /obj/item/ammo_casing/a50AE/var/swimming

runtime error: 
[15:25:07]Undefined variable /obj/item/ammo_casing/a50AE/var/swimming

runtime error: 
[15:25:07]Undefined variable /obj/item/ammo_casing/a50AE/var/swimming

runtime error: 
[15:25:07]Undefined variable /obj/item/projectile/beam/emitter/var/swimming

runtime error: 
[15:25:07]Undefined variable /obj/item/projectile/beam/emitter/var/swimming

runtime error: 
[15:25:07]Undefined variable /obj/item/projectile/beam/emitter/var/swimming

runtime error: 
[15:25:07]Undefined variable /obj/item/projectile/beam/emitter/var/swimming

runtime error: 
[15:25:07]Undefined variable /obj/item/projectile/beam/emitter/var/swimming

runtime error: 
[15:25:07]Undefined variable /obj/item/projectile/beam/emitter/var/swimming

runtime error: 
[15:25:07]Undefined variable /obj/item/projectile/beam/emitter/var/swimming

runtime error: 
[15:25:07]Undefined variable /obj/item/projectile/beam/emitter/var/swimming

runtime error: 
[15:25:07]Undefined variable /obj/item/projectile/beam/emitter/var/swimming

runtime error: 
[15:25:08]Undefined variable /obj/item/projectile/beam/emitter/var/swimming

runtime error: 
[15:25:08]Undefined variable /obj/item/projectile/beam/emitter/var/swimming

runtime error: 
[15:25:08]Undefined variable /obj/item/projectile/beam/emitter/var/swimming

runtime error: 
[15:25:08]Undefined variable /obj/item/projectile/beam/emitter/var/swimming

runtime error: 
[15:25:08]Undefined variable /obj/item/projectile/beam/emitter/var/swimming

runtime error: 
[15:25:08]Undefined variable /obj/item/projectile/beam/emitter/var/swimming

runtime error: 
[15:25:08]Undefined variable /obj/item/projectile/beam/emitter/var/swimming

runtime error: 
[15:25:08]Undefined variable /obj/item/projectile/beam/emitter/var/swimming

runtime error: 
[15:25:08]Undefined variable /obj/item/projectile/beam/emitter/var/swimming

runtime error: 
[15:25:08]Undefined variable /obj/effect/particle_effect/sparks/var/swimming

runtime error: 
[15:25:08]Undefined variable /obj/effect/particle_effect/sparks/var/swimming

runtime error: 
[15:25:08]Undefined variable /obj/effect/particle_effect/sparks/var/swimming

runtime error: 
[15:25:08]Undefined variable /obj/effect/particle_effect/sparks/var/swimming

runtime error: 
[15:25:08]Undefined variable /obj/effect/particle_effect/sparks/var/swimming

runtime error: 
[15:25:08]Undefined variable /obj/effect/particle_effect/sparks/var/swimming

runtime error: 
[15:25:08]Undefined variable /obj/effect/particle_effect/sparks/var/swimming

runtime error: 
[15:25:08]Undefined variable /obj/effect/particle_effect/sparks/var/swimming

runtime error: 
[15:25:08]Undefined variable /obj/effect/particle_effect/sparks/var/swimming

runtime error: 
[15:25:08]Undefined variable /obj/item/projectile/beam/emitter/var/swimming

runtime error: 
[15:25:08]Undefined variable /obj/item/projectile/beam/emitter/var/swimming

runtime error: 
[15:25:08]Undefined variable /obj/item/projectile/beam/emitter/var/swimming

runtime error: 
[15:25:08]Undefined variable /obj/item/projectile/beam/emitter/var/swimming

runtime error: 
[15:25:08]Undefined variable /obj/item/projectile/beam/emitter/var/swimming

runtime error: 
[15:25:08]Undefined variable /obj/item/projectile/beam/emitter/var/swimming

runtime error: 
[15:25:08]Undefined variable /obj/item/projectile/beam/emitter/var/swimming

runtime error: 
[15:25:08]Undefined variable /obj/item/projectile/beam/emitter/var/swimming

runtime error: 
[15:25:08]Undefined variable /obj/item/projectile/beam/emitter/var/swimming

runtime error: 
[15:25:08]Undefined variable /obj/item/projectile/beam/emitter/var/swimming

runtime error: 
[15:25:08]Undefined variable /obj/item/projectile/beam/emitter/var/swimming

runtime error: 
[15:25:08]Undefined variable /obj/item/projectile/beam/emitter/var/swimming

runtime error: 
[15:25:08]Undefined variable /obj/item/projectile/beam/emitter/var/swimming

runtime error: 
[15:25:15]undefined proc or verb /mob/living/simple_animal/bot/secbot/beepsky/remove overlay().

runtime error: 
[15:25:16]undefined proc or verb /mob/living/simple_animal/bot/secbot/beepsky/remove overlay().

runtime error: 
[15:25:17]undefined proc or verb /mob/living/simple_animal/bot/secbot/beepsky/remove overlay().

runtime error: 
[15:25:17]undefined proc or verb /mob/living/simple_animal/bot/secbot/beepsky/remove overlay().

runtime error: 
[15:25:17]undefined proc or verb /mob/living/simple_animal/bot/secbot/beepsky/remove overlay().

runtime error: 
[15:25:17]undefined proc or verb /mob/living/simple_animal/hostile/asteroid/hivelord/legion/tendril/remove overlay().

runtime error: 
[15:25:18]undefined proc or verb /mob/living/simple_animal/hostile/asteroid/hivelord/legion/tendril/remove overlay().

runtime error: 
[15:25:18]undefined proc or verb /mob/living/simple_animal/hostile/asteroid/hivelord/legion/tendril/remove overlay().

runtime error: 
[15:25:18]undefined proc or verb /mob/living/simple_animal/hostile/asteroid/goliath/beast/tendril/remove overlay().

runtime error: 
[15:25:18]undefined proc or verb /mob/living/simple_animal/slime/remove overlay().

runtime error: 
[15:25:18]undefined proc or verb /mob/living/simple_animal/slime/remove overlay().

runtime error: 
[15:25:18]undefined proc or verb /mob/living/simple_animal/hostile/asteroid/hivelord/legion/tendril/remove overlay().

runtime error: 
[15:25:18]undefined proc or verb /mob/living/simple_animal/hostile/asteroid/hivelord/legion/tendril/remove overlay().

runtime error: 
[15:25:18]undefined proc or verb /mob/living/simple_animal/hostile/asteroid/hivelord/legion/tendril/remove overlay().

runtime error: 
[15:25:18]undefined proc or verb /mob/living/simple_animal/hostile/asteroid/hivelord/legion/tendril/remove overlay().

runtime error: 
[15:25:18]undefined proc or verb /mob/living/simple_animal/hostile/asteroid/hivelord/legion/tendril/remove overlay().

runtime error: 
[15:25:18]undefined proc or verb /mob/living/simple_animal/hostile/asteroid/hivelord/legion/tendril/remove overlay().

runtime error: 
[15:25:18]undefined proc or verb /mob/living/simple_animal/hostile/asteroid/hivelord/legion/tendril/remove overlay().

runtime error: 
[15:25:18]undefined proc or verb /mob/living/simple_animal/hostile/creature/remove overlay().

runtime error: 
[15:25:19]undefined proc or verb /mob/living/simple_animal/hostile/lizard/remove overlay().

runtime error: 
[15:25:19]undefined proc or verb /mob/living/simple_animal/bot/secbot/beepsky/remove overlay().

runtime error: 
[15:25:19]undefined proc or verb /mob/living/simple_animal/hostile/asteroid/hivelord/legion/random/remove overlay().

runtime error: 
[15:25:19]undefined proc or verb /mob/living/simple_animal/hostile/asteroid/hivelord/legion/random/remove overlay().

runtime error: 
[15:25:19]undefined proc or verb /mob/living/simple_animal/hostile/asteroid/goldgrub/remove overlay().

runtime error: 
[15:25:19]undefined proc or verb /mob/living/simple_animal/hostile/asteroid/hivelord/legion/random/remove overlay().

runtime error: 
[15:25:19]undefined proc or verb /mob/living/simple_animal/hostile/asteroid/hivelord/legion/random/remove overlay().

runtime error: 
[15:25:19]undefined proc or verb /mob/living/simple_animal/hostile/asteroid/goliath/beast/random/remove overlay().

runtime error: 
[15:25:19]undefined proc or verb /mob/living/simple_animal/hostile/asteroid/goliath/beast/random/remove overlay().

runtime error: 
[15:25:19]undefined proc or verb /mob/living/simple_animal/bot/secbot/beepsky/remove overlay().

runtime error: 
[15:25:20]undefined proc or verb /mob/living/simple_animal/hostile/asteroid/hivelord/legion/random/remove overlay().

runtime error: 
[15:25:20]undefined proc or verb /mob/living/simple_animal/bot/secbot/beepsky/remove overlay().

runtime error: 
[15:25:20]undefined proc or verb /mob/living/simple_animal/hostile/asteroid/goliath/beast/random/remove overlay().

runtime error: 
[15:25:20]undefined proc or verb /mob/living/simple_animal/hostile/asteroid/hivelord/legion/random/remove overlay().

runtime error: 
[15:25:20]undefined proc or verb /mob/living/simple_animal/hostile/asteroid/goliath/beast/random/remove overlay().

runtime error: 
[15:25:20]undefined proc or verb /mob/living/simple_animal/hostile/asteroid/goldgrub/remove overlay().

runtime error: 
[15:25:20]undefined proc or verb /mob/living/simple_animal/hostile/asteroid/goliath/beast/random/remove overlay().

runtime error: 
[15:25:20]undefined proc or verb /mob/living/simple_animal/hostile/megafauna/dragon/remove overlay().

runtime error: 
[15:25:20]undefined proc or verb /mob/living/simple_animal/hostile/asteroid/goliath/beast/random/remove overlay().

runtime error: 
[15:25:20]undefined proc or verb /mob/living/simple_animal/hostile/asteroid/goliath/beast/random/remove overlay().

runtime error: 
[15:25:20]undefined proc or verb /mob/living/simple_animal/bot/secbot/beepsky/remove overlay().

runtime error: 
[15:25:20]undefined proc or verb /mob/living/simple_animal/hostile/asteroid/goliath/beast/random/remove overlay().

runtime error: 
[15:25:20]undefined proc or verb /mob/living/simple_animal/hostile/asteroid/hivelord/legion/random/remove overlay().

runtime error: 
[15:25:20]undefined proc or verb /mob/living/simple_animal/hostile/megafauna/dragon/remove overlay().

runtime error: 
[15:25:20]undefined proc or verb /mob/living/simple_animal/hostile/megafauna/bubblegum/remove overlay().

runtime error: 
[15:25:20]undefined proc or verb /mob/living/simple_animal/hostile/asteroid/goliath/beast/random/remove overlay().

runtime error: 
[15:25:20]undefined proc or verb /mob/living/simple_animal/hostile/asteroid/hivelord/legion/random/remove overlay().

runtime error: 
[15:25:20]undefined proc or verb /mob/living/simple_animal/hostile/asteroid/hivelord/legion/dwarf/remove overlay().

runtime error: 
[15:25:20]undefined proc or verb /mob/living/simple_animal/hostile/asteroid/goliath/beast/random/remove overlay().

runtime error: 
[15:25:20]undefined proc or verb /mob/living/simple_animal/hostile/asteroid/hivelord/legion/random/remove overlay().

runtime error: 
[15:25:20]undefined proc or verb /mob/living/simple_animal/hostile/asteroid/goliath/beast/random/remove overlay().

runtime error: 
[15:25:20]undefined proc or verb /mob/living/simple_animal/hostile/asteroid/goliath/beast/random/remove overlay().

