

Starting up round ID . 17:32:49
---------------------
superpizza \ Seth Rhinehart \ mason killer low class \ NONE \ ROUNDSTART
reese4221 \ MARK13 \ AI \ NONE \ ROUNDSTART
AlcaroIsAFrick \ Jake Paul \ mason killer high class \ NONE \ LATEJOIN
Reese4221 \ Reese James \ mason killer high class \ NONE \ LATEJOIN
Raiddean \ Doom Guy \ mason killer high class \ NONE \ LATEJOIN
Deranging \ Eat Pant \ mason killer high class \ NONE \ LATEJOIN
AlcaroIsAFrick \ Jake Paul \ mason killer high class \ NONE \ LATEJOIN
Raiddean \ Doom Guy \ mason killer high class \ NONE \ LATEJOIN
Superpizza \ Seth Rhinehart \ mason killer low class \ NONE \ LATEJOIN
Raiddean \ Doom Guy \ mason killer high class \ NONE \ LATEJOIN
Raiddean \ Doom Guy \ mason killer high class \ NONE \ LATEJOIN
Bobcat49 \ Phil from accounting \ mason killer high class \ NONE \ LATEJOIN
Tristain01 \ Shiloh Jowers \ mason killer low class \ NONE \ LATEJOIN
Superpizza \ Seth Rhinehart \ mason killer low class \ NONE \ LATEJOIN
Tristain01 \ snake pliskin \ mason killer high class \ NONE \ LATEJOIN
Reese4221 \ Reese James \ mason killer high class \ NONE \ LATEJOIN
Egorka_Good \ Mabelle Haynes \ mason killer high class \ NONE \ LATEJOIN
Egorka_Good \ Mabelle Haynes \ mason killer high class \ NONE \ LATEJOIN
Reese4221 \ Reese James \ mason killer high class \ NONE \ LATEJOIN
bobcat49 \ Phil from accounting \ mason killer high class \ NONE \ LATEJOIN
CoolGod1198 \ Coreen Rathens \ mason killer low class \ NONE \ LATEJOIN
Reese4221 \ Reese James \ mason killer high class \ NONE \ LATEJOIN
AlcaroIsAFrick \ Jake Paul \ mason killer high class \ NONE \ LATEJOIN
Reese4221 \ Reese James \ mason killer high class \ NONE \ LATEJOIN
CoolGod1198 \ Coreen Rathens \ mason killer high class \ NONE \ LATEJOIN
Egorka_Good \ Mabelle Haynes \ mason killer high class \ NONE \ LATEJOIN
AlcaroIsAFrick \ Jake Paul \ mason killer high class \ NONE \ LATEJOIN
Egorka_Good \ Mabelle Haynes \ mason killer high class \ NONE \ LATEJOIN
MACIEKBAKI \ Mac Kowalski \ mason killer high class \ NONE \ LATEJOIN
