

Starting up round ID . 12:20:58
---------------------
[12:20:58]ADMIN: Loading Banlist
[12:20:59]GAME: Saved mode is 'sandbox'
[12:21:23]ACCESS: Login: Noober84555 from 127.0.0.1-645371209 || BYOND v511
[12:21:23]ACCESS: Mob Login: Noober84555/(Noober84555) was assigned to a /mob/dead/new_player
[12:22:58]ADMIN: Noober84555/(Noober84555) stopped all currently playing sounds.
[12:23:38]EMOTE: *no key*/(Ian) : <b>Ian</b> chases its tail! (137,182,2)
[12:23:38]SAY: emergency medibot/ : Radar, put a mask on! (222,84,1)
[12:23:41]SAY: Officer Beepsky/ : Engaging patrol mode. (186,190,2)
[12:23:41]SAY: Prison Ofitser/ : Engaging patrol mode. (23,36,5)
[12:23:41]SAY: Prison Ofitser/ : Disengaging patrol mode. (23,36,5)
[12:23:43]SAY: Medibot/ : What kind of medbay is this? Everyone&#39;s dropping like flies. (154,73,1)
[12:23:55]EMOTE: *no key*/(Poly) : <b>Poly</b> turns and flies towards the folder. (83,189,2)
[12:23:58]SAY: Poly/ : Poly wanna cracker! (83,189,2)
[12:24:19]EMOTE: *no key*/(grey baby slime (983)) : <b>The grey baby slime (983)</b> lights up for a bit, then stops. (113,162,2)
[12:24:23]SAY: mouse/ : Squeek? (197,225,2)
[12:24:25]EMOTE: *no key*/(monkey (705)) : <b>The monkey (705)</b> waves his tail. (203,25,2)
[12:24:49]EMOTE: *no key*/(monkey (771)) : <b>The monkey (771)</b> rolls. (200,25,2)
[12:24:50]SAY: Poly/ : Breaking news from Station Announcements! (80,190,2)
[12:24:54]SAY: emergency medibot/ : Delicious! (222,84,1)
[12:25:00]EMOTE: *no key*/(Persephone) : <b>Persephone</b> sits down. (166,141,2)
[12:25:08]EMOTE: *no key*/(Persephone) : <b>Persephone</b> lies down. (166,141,2)
[12:25:15]EMOTE: *no key*/(Poly) : <b>Poly</b> flutters its wings. (80,190,2)
[12:25:32]EMOTE: *no key*/(Poly) : <b>Poly</b> looks in the BreatheDeep cartridge's direction and takes flight. (80,190,2)
[12:25:34]SAY: emergency medibot/ : Radar, put a mask on! (222,84,1)
[12:25:34]EMOTE: *no key*/(pug) : <b>Swanson</b> chases its tail. (107,142,2)
[12:25:40]SAY: Medibot/ : I knew it, I should&#39;ve been a plastic surgeon. (154,73,1)
[12:25:40]EMOTE: *no key*/(monkey (445)) : <b>The monkey (445)</b> rolls. (203,21,2)
[12:25:49]SAY: Swanson/ : AUUUUUU (106,142,2)
[12:25:57]EMOTE: *no key*/(monkey (181)) : <b>The monkey (181)</b> jumps! (160,139,2)
[12:25:59]EMOTE: *no key*/(pug) : <b>Swanson</b> chases its tail. (106,142,2)
[12:26:01]SAY: Poly/ : Try our new nougat bar! (80,190,2)
[12:26:02]ACCESS: Mob Login: Noober84555/(U To Fat Irl) was assigned to a /mob/living/carbon/human
[12:26:10]EMOTE: *no key*/(monkey (465)) : <b>The monkey (465)</b> waves her tail. (186,118,2)
[12:26:20]EMOTE: *no key*/(monkey (465)) : <b>The monkey (465)</b> jumps! (186,118,2)
[12:26:26]ACCESS: Login: ZyneBR from 177.9.210.189-3264244638 || BYOND v511
[12:26:26]ACCESS: Mob Login: ZyneBR/(ZyneBR) was assigned to a /mob/dead/new_player
[12:26:26]EMOTE: *no key*/(Persephone) : <b>Persephone</b> looks alert. (166,141,2)
[12:26:29]EMOTE: *no key*/(pug) : <b>Swanson</b> chases its tail. (107,141,2)
[12:26:29]SAY: Medibot/ : What kind of medbay is this? Everyone&#39;s dropping like flies. (154,73,1)
[12:26:29]EMOTE: *no key*/(Poly) : <b>Poly</b> looks in the BreatheDeep cartridge's direction and takes flight. (80,190,2)
[12:26:38]ACCESS: Mob Login: ZyneBR/(John Mauller) was assigned to a /mob/living/carbon/human
[12:26:51]EMOTE: *no key*/(monkey (120)) : <b>The monkey (120)</b> jumps! (188,8,2)
[12:27:06]EMOTE: *no key*/(grey baby slime (25)) : <b>The grey baby slime (25)</b> jiggles! (105,162,2)
[12:27:08]SAY: mouse/ : SQUEEK! (200,229,2)
[12:27:10]EMOTE: *no key*/(Poly) : <b>Poly</b> bawks! (80,190,2)
[12:27:11]EMOTE: *no key*/(Persephone) : <b>Persephone</b> stretches out for a belly rub. (166,141,2)
[12:27:12]SAY: mouse/ : Squeek! (200,229,2)
[12:27:17]EMOTE: *no key*/(Pun Pun II) : <b>Pun Pun II</b> waves its tail. (137,219,2)
[12:27:22]EMOTE: *no key*/(Poly) : <b>Poly</b> squawks. (80,190,2)
[12:27:27]EMOTE: *no key*/(Poly) : <b>Poly</b> looks in the BreatheDeep cartridge's direction and takes flight. (80,190,2)
[12:27:34]EMOTE: *no key*/(monkey (86)) : <b>The monkey (86)</b> rolls. (160,140,2)
[12:27:34]EMOTE: *no key*/(Ian) : <b>Ian</b> chases its tail! (133,181,2)
[12:27:42]SAY: Medibot/ : There&#39;s always a catch, and I&#39;m the best there is. (154,73,1)
[12:27:48]EMOTE: *no key*/(Citrus) : <b>Citrus</b> yawns. (169,220,2)
[12:28:03]ACCESS: Login: MACIEKBAKI from 83.29.232.21-1062000716 || BYOND v511
[12:28:03]ACCESS: Mob Login: MACIEKBAKI/(MACIEKBAKI) was assigned to a /mob/dead/new_player
[12:28:06]EMOTE: *no key*/(Persephone) : <b>Persephone</b> walks around. (166,141,2)
[12:28:14]SAY: Poly/ : Breaking news from Station Announcements! (80,190,2)
[12:28:17]EMOTE: *no key*/(Pun Pun II) : <b>Pun Pun II</b> rolls. (135,220,2)
[12:28:20]EMOTE: *no key*/(grey baby slime (271)) : <b>The grey baby slime (271)</b> jiggles! (107,152,2)
[12:28:23]SAY: grey baby slime (271)/ : Blorble... (107,152,2)
[12:28:24]EMOTE: *no key*/(Poly) : <b>Poly</b> looks in the chief engineer's rubber stamp's direction and takes flight. (80,190,2)
[12:28:30]ACCESS: Mob Login: MACIEKBAKI/(Mr Lmao) was assigned to a /mob/living/carbon/human
[12:28:35]EMOTE: *no key*/(monkey (86)) : <b>The monkey (86)</b> jumps! (160,139,2)
[12:28:40]EMOTE: *no key*/(grey baby slime (25)) : <b>The grey baby slime (25)</b> jiggles! (105,162,2)
[12:28:42]EMOTE: *no key*/(monkey (550)) : <b>The monkey (550)</b> scratches. (188,119,2)
[12:28:45]SAY: Mr Lmao/MACIEKBAKI : helo (142,263,2)
[12:28:50]EMOTE: *no key*/(monkey (550)) : <b>The monkey (550)</b> rolls. (188,118,2)
[12:28:56]ADMIN: MACIEKBAKI/(Mr Lmao) changed the equipment of MACIEKBAKI/(Mr Lmao) to /datum/outfit/centcom_commander.
[12:28:59]EMOTE: *no key*/(mouse) : <b>The mouse</b> runs in a circle. (200,229,2)
[12:29:08]SAY: Nobody's Perfect/ : Radar, put a mask on! (24,75,1)
[12:29:10]EMOTE: *no key*/(monkey (550)) : <b>The monkey (550)</b> scratches. (188,118,2)
[12:29:16]EMOTE: *no key*/(monkey (531)) : <b>The monkey (531)</b> scratches. (186,118,2)
[12:29:16]EMOTE: *no key*/(grey baby slime (271)) : <b>The grey baby slime (271)</b> lights up for a bit, then stops. (108,151,2)
[12:29:17]SAY: Medibot/ : Delicious! (155,73,1)
[12:29:18]ACCESS: Mob Login: Noober84555/(U To Fat Irl) was assigned to a /mob/living/brain
[12:29:18]ADMIN: MACIEKBAKI/(Mr Lmao) punished *no key*/(U To Fat Irl) with Gib.
[12:29:19]EMOTE: *no key*/(monkey (181)) : <b>The monkey (181)</b> rolls. (160,142,2)
[12:29:23]EMOTE: *no key*/(Poly) : <b>Poly</b> looks in the Cohiba Robusto cigar's direction and takes flight. (80,190,2)
[12:29:26]ACCESS: Logout: Noober84555/(U To Fat Irl)
[12:29:27]ACCESS: Logout: ZyneBR/(John Mauller)
[12:29:27]ACCESS: Logout: MACIEKBAKI/(Mr Lmao)
