

Starting up round ID . 16:01:04
---------------------
Initialized Blackbox subsystem within 0 seconds!
Initialized Server Tasks subsystem within 0 seconds!
Initialized Events subsystem within 0 seconds!
runtime error: 
[16:01:06]cannot read from list
[16:01:06]proc name: LoadJobs (/datum/controller/subsystem/job/proc/LoadJobs)
[16:01:06]  source file: job.dm,448
[16:01:06]  usr: null
[16:01:06]  src: Jobs (/datum/controller/subsystem/job)
[16:01:06]  call stack:
[16:01:06]Jobs (/datum/controller/subsystem/job): LoadJobs()
[16:01:06]Jobs (/datum/controller/subsystem/job): Initialize(684663)
[16:01:06]Master (/datum/controller/master): Initialize(10, 0)
Initialized Jobs subsystem within 0 seconds!
Initialized Ticker subsystem within 0 seconds!
Loading Delta Station...
runtime error: 
[16:01:30]Cannot execute null.start().
[16:01:30]proc name: equipped (/obj/item/clothing/head/helmet/space/hardsuit/equipped)
[16:01:30]  source file: hardsuit.dm,63
[16:01:30]  usr: V.E.G.A12 (/mob/dead/new_player)
[16:01:30]  src: the elite syndicate hardsuit h... (/obj/item/clothing/head/helmet/space/hardsuit/syndi/elite)
[16:01:30]  usr.loc: the plating (8,174,1) (/turf/open/floor/plating)
[16:01:30]  src.loc: Raul Kemble (/mob/living/carbon/human/dummy)
[16:01:30]  call stack:
[16:01:30]the elite syndicate hardsuit h... (/obj/item/clothing/head/helmet/space/hardsuit/syndi/elite): equipped(Raul Kemble (/mob/living/carbon/human/dummy), 11)
[16:01:30]Raul Kemble (/mob/living/carbon/human/dummy): equip to slot(the elite syndicate hardsuit h... (/obj/item/clothing/head/helmet/space/hardsuit/syndi/elite), 11, 1)
[16:01:30]Raul Kemble (/mob/living/carbon/human/dummy): equip to slot(the elite syndicate hardsuit h... (/obj/item/clothing/head/helmet/space/hardsuit/syndi/elite), 11, 1)
[16:01:30]Raul Kemble (/mob/living/carbon/human/dummy): equip to slot if possible(the elite syndicate hardsuit h... (/obj/item/clothing/head/helmet/space/hardsuit/syndi/elite), 11, 0, 0, 1, 0)
[16:01:30]the elite syndicate hardsuit (/obj/item/clothing/suit/space/hardsuit/syndi/elite): ToggleHelmet()
[16:01:30]Captain (/datum/outfit/job/captain): equip(Raul Kemble (/mob/living/carbon/human/dummy), 1)
[16:01:30]Raul Kemble (/mob/living/carbon/human/dummy): equipOutfit(/datum/outfit/job/captain (/datum/outfit/job/captain), 1)
[16:01:30]/datum/job/captain (/datum/job/captain): equip(Raul Kemble (/mob/living/carbon/human/dummy), 1, 1)
[16:01:30]/datum/preferences (/datum/preferences): update preview icon()
[16:01:30]/datum/preferences (/datum/preferences): ShowChoices(V.E.G.A12 (/mob/dead/new_player))
[16:01:30]V.E.G.A12 (/mob/dead/new_player): Topic("src=\[mob_2];show_preferences=...", /list (/list))
[16:01:30]V.E.G.A12 (/client): Topic("src=\[mob_2];show_preferences=...", /list (/list), V.E.G.A12 (/mob/dead/new_player))
[16:01:30]V.E.G.A12 (/client): Topic("src=\[mob_2];show_preferences=...", /list (/list), V.E.G.A12 (/mob/dead/new_player))
runtime error: 
[16:01:33]Cannot execute null.stop().
[16:01:33]proc name: dropped (/obj/item/clothing/head/helmet/space/hardsuit/dropped)
[16:01:33]  source file: hardsuit.dm,48
[16:01:33]  usr: V.E.G.A12 (/mob/dead/new_player)
[16:01:33]  src: the elite syndicate hardsuit h... (/obj/item/clothing/head/helmet/space/hardsuit/syndi/elite)
[16:01:33]  usr.loc: the plating (8,174,1) (/turf/open/floor/plating)
[16:01:33]  src.loc: Raul Kemble (/mob/living/carbon/human/dummy)
[16:01:33]  call stack:
[16:01:33]the elite syndicate hardsuit h... (/obj/item/clothing/head/helmet/space/hardsuit/syndi/elite): dropped(Raul Kemble (/mob/living/carbon/human/dummy))
[16:01:33]Raul Kemble (/mob/living/carbon/human/dummy): doUnEquip(the elite syndicate hardsuit h... (/obj/item/clothing/head/helmet/space/hardsuit/syndi/elite), 1, null, 1, 1)
[16:01:33]Raul Kemble (/mob/living/carbon/human/dummy): doUnEquip(the elite syndicate hardsuit h... (/obj/item/clothing/head/helmet/space/hardsuit/syndi/elite), 1, null, 1, 1)
[16:01:33]Raul Kemble (/mob/living/carbon/human/dummy): doUnEquip(the elite syndicate hardsuit h... (/obj/item/clothing/head/helmet/space/hardsuit/syndi/elite), 1, null, 1, 1)
[16:01:33]Raul Kemble (/mob/living/carbon/human/dummy): temporarilyRemoveItemFromInventory(the elite syndicate hardsuit h... (/obj/item/clothing/head/helmet/space/hardsuit/syndi/elite), 1, 1)
[16:01:33]the elite syndicate hardsuit h... (/obj/item/clothing/head/helmet/space/hardsuit/syndi/elite): Destroy(0)
[16:01:33]the elite syndicate hardsuit h... (/obj/item/clothing/head/helmet/space/hardsuit/syndi/elite): Destroy(0)
[16:01:33]the elite syndicate hardsuit h... (/obj/item/clothing/head/helmet/space/hardsuit/syndi/elite): Destroy(0)
[16:01:33]the elite syndicate hardsuit h... (/obj/item/clothing/head/helmet/space/hardsuit/syndi/elite): Destroy(0)
[16:01:33]qdel(the elite syndicate hardsuit h... (/obj/item/clothing/head/helmet/space/hardsuit/syndi/elite), 0)
[16:01:33]Raul Kemble (/mob/living/carbon/human/dummy): delete equipment()
[16:01:33]Raul Kemble (/mob/living/carbon/human/dummy): wipe state()
[16:01:33]unset busy human dummy("dummy_preference_preview")
[16:01:33]/datum/preferences (/datum/preferences): update preview icon()
[16:01:33]/datum/preferences (/datum/preferences): ShowChoices(V.E.G.A12 (/mob/dead/new_player))
[16:01:33]V.E.G.A12 (/mob/dead/new_player): Topic("src=\[mob_2];show_preferences=...", /list (/list))
[16:01:33]V.E.G.A12 (/client): Topic("src=\[mob_2];show_preferences=...", /list (/list), V.E.G.A12 (/mob/dead/new_player))
[16:01:33]V.E.G.A12 (/client): Topic("src=\[mob_2];show_preferences=...", /list (/list), V.E.G.A12 (/mob/dead/new_player))
runtime error: 
[16:01:33]Cannot execute null.start().
[16:01:33]proc name: equipped (/obj/item/clothing/head/helmet/space/hardsuit/equipped)
[16:01:33]  source file: hardsuit.dm,63
[16:01:33]  usr: V.E.G.A12 (/mob/dead/new_player)
[16:01:33]  src: the elite syndicate hardsuit h... (/obj/item/clothing/head/helmet/space/hardsuit/syndi/elite)
[16:01:33]  usr.loc: the plating (8,174,1) (/turf/open/floor/plating)
[16:01:33]  src.loc: Raul Kemble (/mob/living/carbon/human/dummy)
[16:01:33]  call stack:
[16:01:33]the elite syndicate hardsuit h... (/obj/item/clothing/head/helmet/space/hardsuit/syndi/elite): equipped(Raul Kemble (/mob/living/carbon/human/dummy), 11)
[16:01:33]Raul Kemble (/mob/living/carbon/human/dummy): equip to slot(the elite syndicate hardsuit h... (/obj/item/clothing/head/helmet/space/hardsuit/syndi/elite), 11, 1)
[16:01:33]Raul Kemble (/mob/living/carbon/human/dummy): equip to slot(the elite syndicate hardsuit h... (/obj/item/clothing/head/helmet/space/hardsuit/syndi/elite), 11, 1)
[16:01:33]Raul Kemble (/mob/living/carbon/human/dummy): equip to slot if possible(the elite syndicate hardsuit h... (/obj/item/clothing/head/helmet/space/hardsuit/syndi/elite), 11, 0, 0, 1, 0)
[16:01:33]the elite syndicate hardsuit (/obj/item/clothing/suit/space/hardsuit/syndi/elite): ToggleHelmet()
[16:01:33]Captain (/datum/outfit/job/captain): equip(Raul Kemble (/mob/living/carbon/human/dummy), 1)
[16:01:33]Raul Kemble (/mob/living/carbon/human/dummy): equipOutfit(/datum/outfit/job/captain (/datum/outfit/job/captain), 1)
[16:01:33]/datum/job/captain (/datum/job/captain): equip(Raul Kemble (/mob/living/carbon/human/dummy), 1, 1)
[16:01:33]/datum/preferences (/datum/preferences): update preview icon()
[16:01:33]/datum/preferences (/datum/preferences): ShowChoices(V.E.G.A12 (/mob/dead/new_player))
[16:01:33]V.E.G.A12 (/mob/dead/new_player): Topic("src=\[mob_2];show_preferences=...", /list (/list))
[16:01:33]V.E.G.A12 (/client): Topic("src=\[mob_2];show_preferences=...", /list (/list), V.E.G.A12 (/mob/dead/new_player))
[16:01:33]V.E.G.A12 (/client): Topic("src=\[mob_2];show_preferences=...", /list (/list), V.E.G.A12 (/mob/dead/new_player))
runtime error: 
[16:01:36]Cannot execute null.stop().
[16:01:36]proc name: dropped (/obj/item/clothing/head/helmet/space/hardsuit/dropped)
[16:01:36]  source file: hardsuit.dm,48
[16:01:36]  usr: V.E.G.A12 (/mob/dead/new_player)
[16:01:36]  src: the elite syndicate hardsuit h... (/obj/item/clothing/head/helmet/space/hardsuit/syndi/elite)
[16:01:36]  usr.loc: the plating (8,174,1) (/turf/open/floor/plating)
[16:01:36]  src.loc: Raul Kemble (/mob/living/carbon/human/dummy)
[16:01:36]  call stack:
[16:01:36]the elite syndicate hardsuit h... (/obj/item/clothing/head/helmet/space/hardsuit/syndi/elite): dropped(Raul Kemble (/mob/living/carbon/human/dummy))
[16:01:36]Raul Kemble (/mob/living/carbon/human/dummy): doUnEquip(the elite syndicate hardsuit h... (/obj/item/clothing/head/helmet/space/hardsuit/syndi/elite), 1, null, 1, 1)
[16:01:36]Raul Kemble (/mob/living/carbon/human/dummy): doUnEquip(the elite syndicate hardsuit h... (/obj/item/clothing/head/helmet/space/hardsuit/syndi/elite), 1, null, 1, 1)
[16:01:36]Raul Kemble (/mob/living/carbon/human/dummy): doUnEquip(the elite syndicate hardsuit h... (/obj/item/clothing/head/helmet/space/hardsuit/syndi/elite), 1, null, 1, 1)
[16:01:36]Raul Kemble (/mob/living/carbon/human/dummy): temporarilyRemoveItemFromInventory(the elite syndicate hardsuit h... (/obj/item/clothing/head/helmet/space/hardsuit/syndi/elite), 1, 1)
[16:01:36]the elite syndicate hardsuit h... (/obj/item/clothing/head/helmet/space/hardsuit/syndi/elite): Destroy(0)
[16:01:36]the elite syndicate hardsuit h... (/obj/item/clothing/head/helmet/space/hardsuit/syndi/elite): Destroy(0)
[16:01:36]the elite syndicate hardsuit h... (/obj/item/clothing/head/helmet/space/hardsuit/syndi/elite): Destroy(0)
[16:01:36]the elite syndicate hardsuit h... (/obj/item/clothing/head/helmet/space/hardsuit/syndi/elite): Destroy(0)
[16:01:36]qdel(the elite syndicate hardsuit h... (/obj/item/clothing/head/helmet/space/hardsuit/syndi/elite), 0)
[16:01:36]Raul Kemble (/mob/living/carbon/human/dummy): delete equipment()
[16:01:36]Raul Kemble (/mob/living/carbon/human/dummy): wipe state()
[16:01:36]unset busy human dummy("dummy_preference_preview")
[16:01:36]/datum/preferences (/datum/preferences): update preview icon()
[16:01:36]/datum/preferences (/datum/preferences): ShowChoices(V.E.G.A12 (/mob/dead/new_player))
[16:01:36]V.E.G.A12 (/mob/dead/new_player): Topic("src=\[mob_2];show_preferences=...", /list (/list))
[16:01:36]V.E.G.A12 (/client): Topic("src=\[mob_2];show_preferences=...", /list (/list), V.E.G.A12 (/mob/dead/new_player))
[16:01:36]V.E.G.A12 (/client): Topic("src=\[mob_2];show_preferences=...", /list (/list), V.E.G.A12 (/mob/dead/new_player))
Loaded station in 39.1s!
runtime error: 
[16:01:51]Cannot execute null.start().
[16:01:51]proc name: equipped (/obj/item/clothing/head/helmet/space/hardsuit/equipped)
[16:01:51]  source file: hardsuit.dm,63
[16:01:51]  usr: V.E.G.A12 (/mob/dead/new_player)
[16:01:51]  src: the elite syndicate hardsuit h... (/obj/item/clothing/head/helmet/space/hardsuit/syndi/elite)
[16:01:51]  usr.loc: the plating (8,174,1) (/turf/open/floor/plating)
[16:01:51]  src.loc: Raul Kemble (/mob/living/carbon/human/dummy)
[16:01:51]  call stack:
[16:01:51]the elite syndicate hardsuit h... (/obj/item/clothing/head/helmet/space/hardsuit/syndi/elite): equipped(Raul Kemble (/mob/living/carbon/human/dummy), 11)
[16:01:51]Raul Kemble (/mob/living/carbon/human/dummy): equip to slot(the elite syndicate hardsuit h... (/obj/item/clothing/head/helmet/space/hardsuit/syndi/elite), 11, 1)
[16:01:51]Raul Kemble (/mob/living/carbon/human/dummy): equip to slot(the elite syndicate hardsuit h... (/obj/item/clothing/head/helmet/space/hardsuit/syndi/elite), 11, 1)
[16:01:51]Raul Kemble (/mob/living/carbon/human/dummy): equip to slot if possible(the elite syndicate hardsuit h... (/obj/item/clothing/head/helmet/space/hardsuit/syndi/elite), 11, 0, 0, 1, 0)
[16:01:51]the elite syndicate hardsuit (/obj/item/clothing/suit/space/hardsuit/syndi/elite): ToggleHelmet()
[16:01:51]Captain (/datum/outfit/job/captain): equip(Raul Kemble (/mob/living/carbon/human/dummy), 1)
[16:01:51]Raul Kemble (/mob/living/carbon/human/dummy): equipOutfit(/datum/outfit/job/captain (/datum/outfit/job/captain), 1)
[16:01:51]/datum/job/captain (/datum/job/captain): equip(Raul Kemble (/mob/living/carbon/human/dummy), 1, 1)
[16:01:51]/datum/preferences (/datum/preferences): update preview icon()
[16:01:51]/datum/preferences (/datum/preferences): ShowChoices(V.E.G.A12 (/mob/dead/new_player))
[16:01:51]/datum/preferences (/datum/preferences): process link(V.E.G.A12 (/mob/dead/new_player), /list (/list))
[16:01:51]V.E.G.A12 (/client): Topic("_src_=prefs;preference=poops;t...", /list (/list), null)
[16:01:51]V.E.G.A12 (/client): Topic("_src_=prefs;preference=poops;t...", /list (/list))
Ruin "Hierophant's Arena" placed at (152, 142, 5)
Ruin "Ruined Pizza Party" placed at (220, 38, 5)
runtime error: 
[16:01:52]Cannot execute /datum/plant_gene/trait/glow (/datum/plant_gene/trait/glow).glow range().
[16:01:52]proc name: New (/obj/structure/glowshroom/New)
[16:01:52]  source file: glowshroom.dm,63
[16:01:52]  usr: null
[16:01:52]  src: the glowshroom (/obj/structure/glowshroom/single)
[16:01:52]  src.loc: the floor (216,40,5) (/turf/open/floor/wood)
[16:01:52]  call stack:
[16:01:52]the glowshroom (/obj/structure/glowshroom/single): New(the floor (216,40,5) (/turf/open/floor/wood), null, null)
[16:01:52]/dmm_suite (/dmm_suite): create atom(/obj/structure/glowshroom/sing... (/obj/structure/glowshroom/single), the floor (216,40,5) (/turf/open/floor/wood))
[16:01:52]/dmm_suite (/dmm_suite): instance atom(/obj/structure/glowshroom/sing... (/obj/structure/glowshroom/single), /list (/list), the floor (216,40,5) (/turf/open/floor/wood), 1)
[16:01:52]/dmm_suite (/dmm_suite): parse grid("\n/obj/structure/glowshroom/si...", "n", 216, 40, 5, 1)
[16:01:52]/dmm_suite (/dmm_suite): load map impl(_maps/RandomRuins/LavaRuins/la..., 210, 28, 5, 1, null, 1, -1e+031, 1e+031, -1e+031, 1e+031)
[16:01:52]/dmm_suite (/dmm_suite): load map(_maps/RandomRuins/LavaRuins/la..., 210, 28, 5, 1, null, 1, null, null, null, null)
[16:01:52]Ruined Pizza Party (/datum/map_template/ruin/lavaland/pizza): load(the rock (210,28,5) (/turf/closed/mineral/random/volcanic), 1)
[16:01:52]the random ruin (/obj/effect/ruin_loader): Load(/list (/list), Ruined Pizza Party (/datum/map_template/ruin/lavaland/pizza))
[16:01:52]seedRuins(/list (/list), 60, /area/lavaland/surface/outdoor... (/area/lavaland/surface/outdoors/unexplored), /list (/list))
[16:01:52]Mapping (/datum/controller/subsystem/mapping): Initialize(684664)
[16:01:52]Master (/datum/controller/master): Initialize(10, 0)
runtime error: 
[16:01:52]Cannot execute /datum/plant_gene/trait/glow (/datum/plant_gene/trait/glow).glow range().
[16:01:52]proc name: New (/obj/structure/glowshroom/New)
[16:01:52]  source file: glowshroom.dm,63
[16:01:52]  usr: null
[16:01:52]  src: the glowshroom (/obj/structure/glowshroom/single)
[16:01:52]  src.loc: the plating (217,36,5) (/turf/open/floor/plating)
[16:01:52]  call stack:
[16:01:52]the glowshroom (/obj/structure/glowshroom/single): New(the plating (217,36,5) (/turf/open/floor/plating), null, null)
[16:01:52]/dmm_suite (/dmm_suite): create atom(/obj/structure/glowshroom/sing... (/obj/structure/glowshroom/single), the plating (217,36,5) (/turf/open/floor/plating))
[16:01:52]/dmm_suite (/dmm_suite): instance atom(/obj/structure/glowshroom/sing... (/obj/structure/glowshroom/single), /list (/list), the plating (217,36,5) (/turf/open/floor/plating), 1)
[16:01:52]/dmm_suite (/dmm_suite): parse grid("\n/obj/structure/glowshroom/si...", "J", 217, 36, 5, 1)
[16:01:52]/dmm_suite (/dmm_suite): load map impl(_maps/RandomRuins/LavaRuins/la..., 210, 28, 5, 1, null, 1, -1e+031, 1e+031, -1e+031, 1e+031)
[16:01:52]/dmm_suite (/dmm_suite): load map(_maps/RandomRuins/LavaRuins/la..., 210, 28, 5, 1, null, 1, null, null, null, null)
[16:01:52]Ruined Pizza Party (/datum/map_template/ruin/lavaland/pizza): load(the rock (210,28,5) (/turf/closed/mineral/random/volcanic), 1)
[16:01:52]the random ruin (/obj/effect/ruin_loader): Load(/list (/list), Ruined Pizza Party (/datum/map_template/ruin/lavaland/pizza))
[16:01:52]seedRuins(/list (/list), 60, /area/lavaland/surface/outdoor... (/area/lavaland/surface/outdoors/unexplored), /list (/list))
[16:01:52]Mapping (/datum/controller/subsystem/mapping): Initialize(684664)
[16:01:52]Master (/datum/controller/master): Initialize(10, 0)
runtime error: 
[16:01:53]Cannot execute /datum/plant_gene/trait/glow (/datum/plant_gene/trait/glow).glow range().
[16:01:53]proc name: New (/obj/structure/glowshroom/New)
[16:01:53]  source file: glowshroom.dm,63
[16:01:53]  usr: null
[16:01:53]  src: the glowshroom (/obj/structure/glowshroom/single)
[16:01:53]  src.loc: the floor (220,38,5) (/turf/open/floor/wood)
[16:01:53]  call stack:
[16:01:53]the glowshroom (/obj/structure/glowshroom/single): New(the floor (220,38,5) (/turf/open/floor/wood), null, null)
[16:01:53]/dmm_suite (/dmm_suite): create atom(/obj/structure/glowshroom/sing... (/obj/structure/glowshroom/single), the floor (220,38,5) (/turf/open/floor/wood))
[16:01:53]/dmm_suite (/dmm_suite): instance atom(/obj/structure/glowshroom/sing... (/obj/structure/glowshroom/single), /list (/list), the floor (220,38,5) (/turf/open/floor/wood), 1)
[16:01:53]/dmm_suite (/dmm_suite): parse grid("\n/obj/structure/table/wood,\n...", "z", 220, 38, 5, 1)
[16:01:53]/dmm_suite (/dmm_suite): load map impl(_maps/RandomRuins/LavaRuins/la..., 210, 28, 5, 1, null, 1, -1e+031, 1e+031, -1e+031, 1e+031)
[16:01:53]/dmm_suite (/dmm_suite): load map(_maps/RandomRuins/LavaRuins/la..., 210, 28, 5, 1, null, 1, null, null, null, null)
[16:01:53]Ruined Pizza Party (/datum/map_template/ruin/lavaland/pizza): load(the rock (210,28,5) (/turf/closed/mineral/random/volcanic), 1)
[16:01:53]the random ruin (/obj/effect/ruin_loader): Load(/list (/list), Ruined Pizza Party (/datum/map_template/ruin/lavaland/pizza))
[16:01:53]seedRuins(/list (/list), 60, /area/lavaland/surface/outdoor... (/area/lavaland/surface/outdoors/unexplored), /list (/list))
[16:01:53]Mapping (/datum/controller/subsystem/mapping): Initialize(684664)
[16:01:53]Master (/datum/controller/master): Initialize(10, 0)
runtime error: 
[16:01:53]Cannot execute /datum/plant_gene/trait/glow (/datum/plant_gene/trait/glow).glow range().
[16:01:53]proc name: New (/obj/structure/glowshroom/New)
[16:01:53]  source file: glowshroom.dm,63
[16:01:53]  usr: null
[16:01:53]  src: the glowshroom (/obj/structure/glowshroom/single)
[16:01:53]  src.loc: the floor (223,39,5) (/turf/open/floor/wood)
[16:01:53]  call stack:
[16:01:53]the glowshroom (/obj/structure/glowshroom/single): New(the floor (223,39,5) (/turf/open/floor/wood), null, null)
[16:01:53]/dmm_suite (/dmm_suite): create atom(/obj/structure/glowshroom/sing... (/obj/structure/glowshroom/single), the floor (223,39,5) (/turf/open/floor/wood))
[16:01:53]/dmm_suite (/dmm_suite): instance atom(/obj/structure/glowshroom/sing... (/obj/structure/glowshroom/single), /list (/list), the floor (223,39,5) (/turf/open/floor/wood), 1)
[16:01:53]/dmm_suite (/dmm_suite): parse grid("\n/obj/structure/glowshroom/si...", "u", 223, 39, 5, 1)
[16:01:53]/dmm_suite (/dmm_suite): load map impl(_maps/RandomRuins/LavaRuins/la..., 210, 28, 5, 1, null, 1, -1e+031, 1e+031, -1e+031, 1e+031)
[16:01:53]/dmm_suite (/dmm_suite): load map(_maps/RandomRuins/LavaRuins/la..., 210, 28, 5, 1, null, 1, null, null, null, null)
[16:01:53]Ruined Pizza Party (/datum/map_template/ruin/lavaland/pizza): load(the rock (210,28,5) (/turf/closed/mineral/random/volcanic), 1)
[16:01:53]the random ruin (/obj/effect/ruin_loader): Load(/list (/list), Ruined Pizza Party (/datum/map_template/ruin/lavaland/pizza))
[16:01:53]seedRuins(/list (/list), 60, /area/lavaland/surface/outdoor... (/area/lavaland/surface/outdoors/unexplored), /list (/list))
[16:01:53]Mapping (/datum/controller/subsystem/mapping): Initialize(684664)
[16:01:53]Master (/datum/controller/master): Initialize(10, 0)
runtime error: 
[16:01:53]Cannot execute /datum/plant_gene/trait/glow (/datum/plant_gene/trait/glow).glow range().
[16:01:53]proc name: New (/obj/structure/glowshroom/New)
[16:01:53]  source file: glowshroom.dm,63
[16:01:53]  usr: null
[16:01:53]  src: the glowshroom (/obj/structure/glowshroom/single)
[16:01:53]  src.loc: the floor (223,35,5) (/turf/open/floor/wood)
[16:01:53]  call stack:
[16:01:53]the glowshroom (/obj/structure/glowshroom/single): New(the floor (223,35,5) (/turf/open/floor/wood), null, null)
[16:01:53]/dmm_suite (/dmm_suite): create atom(/obj/structure/glowshroom/sing... (/obj/structure/glowshroom/single), the floor (223,35,5) (/turf/open/floor/wood))
[16:01:53]/dmm_suite (/dmm_suite): instance atom(/obj/structure/glowshroom/sing... (/obj/structure/glowshroom/single), /list (/list), the floor (223,35,5) (/turf/open/floor/wood), 1)
[16:01:53]/dmm_suite (/dmm_suite): parse grid("\n/obj/structure/glowshroom/si...", "n", 223, 35, 5, 1)
[16:01:53]/dmm_suite (/dmm_suite): load map impl(_maps/RandomRuins/LavaRuins/la..., 210, 28, 5, 1, null, 1, -1e+031, 1e+031, -1e+031, 1e+031)
[16:01:53]/dmm_suite (/dmm_suite): load map(_maps/RandomRuins/LavaRuins/la..., 210, 28, 5, 1, null, 1, null, null, null, null)
[16:01:53]Ruined Pizza Party (/datum/map_template/ruin/lavaland/pizza): load(the rock (210,28,5) (/turf/closed/mineral/random/volcanic), 1)
[16:01:53]the random ruin (/obj/effect/ruin_loader): Load(/list (/list), Ruined Pizza Party (/datum/map_template/ruin/lavaland/pizza))
[16:01:53]seedRuins(/list (/list), 60, /area/lavaland/surface/outdoor... (/area/lavaland/surface/outdoors/unexplored), /list (/list))
[16:01:53]Mapping (/datum/controller/subsystem/mapping): Initialize(684664)
[16:01:53]Master (/datum/controller/master): Initialize(10, 0)
Ruin "Fountain Hall" placed at (142, 164, 5)
Ruin "Animal Hospital" placed at (95, 182, 5)
Ruin "Ruin of Greed" placed at (141, 106, 5)
Ruin "Ruin of Pride" placed at (107, 60, 5)
Ruin "Ruin of Envy" placed at (150, 40, 5)
Ruin "Seed Vault" placed at (108, 100, 5)
Ruin "Ripley" placed at (134, 88, 5)
runtime error: 
[16:01:54]Cannot execute null.stop().
[16:01:54]proc name: dropped (/obj/item/clothing/head/helmet/space/hardsuit/dropped)
[16:01:54]  source file: hardsuit.dm,48
[16:01:54]  usr: V.E.G.A12 (/mob/dead/new_player)
[16:01:54]  src: the elite syndicate hardsuit h... (/obj/item/clothing/head/helmet/space/hardsuit/syndi/elite)
[16:01:54]  usr.loc: the plating (8,174,1) (/turf/open/floor/plating)
[16:01:54]  src.loc: Raul Kemble (/mob/living/carbon/human/dummy)
[16:01:54]  call stack:
[16:01:54]the elite syndicate hardsuit h... (/obj/item/clothing/head/helmet/space/hardsuit/syndi/elite): dropped(Raul Kemble (/mob/living/carbon/human/dummy))
[16:01:54]Raul Kemble (/mob/living/carbon/human/dummy): doUnEquip(the elite syndicate hardsuit h... (/obj/item/clothing/head/helmet/space/hardsuit/syndi/elite), 1, null, 1, 1)
[16:01:54]Raul Kemble (/mob/living/carbon/human/dummy): doUnEquip(the elite syndicate hardsuit h... (/obj/item/clothing/head/helmet/space/hardsuit/syndi/elite), 1, null, 1, 1)
[16:01:54]Raul Kemble (/mob/living/carbon/human/dummy): doUnEquip(the elite syndicate hardsuit h... (/obj/item/clothing/head/helmet/space/hardsuit/syndi/elite), 1, null, 1, 1)
[16:01:54]Raul Kemble (/mob/living/carbon/human/dummy): temporarilyRemoveItemFromInventory(the elite syndicate hardsuit h... (/obj/item/clothing/head/helmet/space/hardsuit/syndi/elite), 1, 1)
[16:01:54]the elite syndicate hardsuit h... (/obj/item/clothing/head/helmet/space/hardsuit/syndi/elite): Destroy(0)
[16:01:54]the elite syndicate hardsuit h... (/obj/item/clothing/head/helmet/space/hardsuit/syndi/elite): Destroy(0)
[16:01:54]the elite syndicate hardsuit h... (/obj/item/clothing/head/helmet/space/hardsuit/syndi/elite): Destroy(0)
[16:01:54]the elite syndicate hardsuit h... (/obj/item/clothing/head/helmet/space/hardsuit/syndi/elite): Destroy(0)
[16:01:54]qdel(the elite syndicate hardsuit h... (/obj/item/clothing/head/helmet/space/hardsuit/syndi/elite), 0)
[16:01:54]Raul Kemble (/mob/living/carbon/human/dummy): delete equipment()
[16:01:54]Raul Kemble (/mob/living/carbon/human/dummy): wipe state()
[16:01:54]unset busy human dummy("dummy_preference_preview")
[16:01:54]/datum/preferences (/datum/preferences): update preview icon()
[16:01:54]/datum/preferences (/datum/preferences): ShowChoices(V.E.G.A12 (/mob/dead/new_player))
[16:01:54]/datum/preferences (/datum/preferences): process link(V.E.G.A12 (/mob/dead/new_player), /list (/list))
[16:01:54]V.E.G.A12 (/client): Topic("_src_=prefs;preference=poops;t...", /list (/list), null)
[16:01:54]V.E.G.A12 (/client): Topic("_src_=prefs;preference=poops;t...", /list (/list))
runtime error: 
[16:01:54]Cannot execute null.start().
[16:01:54]proc name: equipped (/obj/item/clothing/head/helmet/space/hardsuit/equipped)
[16:01:54]  source file: hardsuit.dm,63
[16:01:54]  usr: V.E.G.A12 (/mob/dead/new_player)
[16:01:54]  src: the elite syndicate hardsuit h... (/obj/item/clothing/head/helmet/space/hardsuit/syndi/elite)
[16:01:54]  usr.loc: the plating (8,174,1) (/turf/open/floor/plating)
[16:01:54]  src.loc: Raul Kemble (/mob/living/carbon/human/dummy)
[16:01:54]  call stack:
[16:01:54]the elite syndicate hardsuit h... (/obj/item/clothing/head/helmet/space/hardsuit/syndi/elite): equipped(Raul Kemble (/mob/living/carbon/human/dummy), 11)
[16:01:54]Raul Kemble (/mob/living/carbon/human/dummy): equip to slot(the elite syndicate hardsuit h... (/obj/item/clothing/head/helmet/space/hardsuit/syndi/elite), 11, 1)
[16:01:54]Raul Kemble (/mob/living/carbon/human/dummy): equip to slot(the elite syndicate hardsuit h... (/obj/item/clothing/head/helmet/space/hardsuit/syndi/elite), 11, 1)
[16:01:54]Raul Kemble (/mob/living/carbon/human/dummy): equip to slot if possible(the elite syndicate hardsuit h... (/obj/item/clothing/head/helmet/space/hardsuit/syndi/elite), 11, 0, 0, 1, 0)
[16:01:54]the elite syndicate hardsuit (/obj/item/clothing/suit/space/hardsuit/syndi/elite): ToggleHelmet()
[16:01:54]Captain (/datum/outfit/job/captain): equip(Raul Kemble (/mob/living/carbon/human/dummy), 1)
[16:01:54]Raul Kemble (/mob/living/carbon/human/dummy): equipOutfit(/datum/outfit/job/captain (/datum/outfit/job/captain), 1)
[16:01:54]/datum/job/captain (/datum/job/captain): equip(Raul Kemble (/mob/living/carbon/human/dummy), 1, 1)
[16:01:54]/datum/preferences (/datum/preferences): update preview icon()
[16:01:54]/datum/preferences (/datum/preferences): ShowChoices(V.E.G.A12 (/mob/dead/new_player))
[16:01:54]/datum/preferences (/datum/preferences): process link(V.E.G.A12 (/mob/dead/new_player), /list (/list))
[16:01:54]V.E.G.A12 (/client): Topic("_src_=prefs;preference=save", /list (/list), null)
[16:01:54]V.E.G.A12 (/client): Topic("_src_=prefs;preference=save", /list (/list))
Ruin "The Twin-Nexus Hotel" placed at (69, 145, 7)
Ruin "NT Medical Ship" placed at (59, 166, 8)
Ruin "Asteroid 3" placed at (206, 155, 10)
Ruin "Abandoned Telecommunications Satellite" placed at (191, 68, 8)
Ruin "Salvation" placed at (141, 130, 3)
Ruin "Asteroid 1" placed at (65, 82, 4)
Ruin "Derelict 5" placed at (122, 134, 9)
Ruin "Abandoned Teleporter" placed at (130, 223, 3)
Ruin "Syndicate Listening Station" placed at (138, 100, 11)
Ruin "Ordinary Space Tile" placed at (123, 177, 9)
Ruin "Detached Teleporter" placed at (40, 168, 9)
Ruin "Waylaid Buses" placed at (91, 69, 7)
runtime error: 
[16:01:57]Cannot execute null.stop().
[16:01:57]proc name: dropped (/obj/item/clothing/head/helmet/space/hardsuit/dropped)
[16:01:57]  source file: hardsuit.dm,48
[16:01:57]  usr: V.E.G.A12 (/mob/dead/new_player)
[16:01:57]  src: the elite syndicate hardsuit h... (/obj/item/clothing/head/helmet/space/hardsuit/syndi/elite)
[16:01:57]  usr.loc: the plating (8,174,1) (/turf/open/floor/plating)
[16:01:57]  src.loc: Raul Kemble (/mob/living/carbon/human/dummy)
[16:01:57]  call stack:
[16:01:57]the elite syndicate hardsuit h... (/obj/item/clothing/head/helmet/space/hardsuit/syndi/elite): dropped(Raul Kemble (/mob/living/carbon/human/dummy))
[16:01:57]Raul Kemble (/mob/living/carbon/human/dummy): doUnEquip(the elite syndicate hardsuit h... (/obj/item/clothing/head/helmet/space/hardsuit/syndi/elite), 1, null, 1, 1)
[16:01:57]Raul Kemble (/mob/living/carbon/human/dummy): doUnEquip(the elite syndicate hardsuit h... (/obj/item/clothing/head/helmet/space/hardsuit/syndi/elite), 1, null, 1, 1)
[16:01:57]Raul Kemble (/mob/living/carbon/human/dummy): doUnEquip(the elite syndicate hardsuit h... (/obj/item/clothing/head/helmet/space/hardsuit/syndi/elite), 1, null, 1, 1)
[16:01:57]Raul Kemble (/mob/living/carbon/human/dummy): temporarilyRemoveItemFromInventory(the elite syndicate hardsuit h... (/obj/item/clothing/head/helmet/space/hardsuit/syndi/elite), 1, 1)
[16:01:57]the elite syndicate hardsuit h... (/obj/item/clothing/head/helmet/space/hardsuit/syndi/elite): Destroy(0)
[16:01:57]the elite syndicate hardsuit h... (/obj/item/clothing/head/helmet/space/hardsuit/syndi/elite): Destroy(0)
[16:01:57]the elite syndicate hardsuit h... (/obj/item/clothing/head/helmet/space/hardsuit/syndi/elite): Destroy(0)
[16:01:57]the elite syndicate hardsuit h... (/obj/item/clothing/head/helmet/space/hardsuit/syndi/elite): Destroy(0)
[16:01:57]qdel(the elite syndicate hardsuit h... (/obj/item/clothing/head/helmet/space/hardsuit/syndi/elite), 0)
[16:01:57]Raul Kemble (/mob/living/carbon/human/dummy): delete equipment()
[16:01:57]Raul Kemble (/mob/living/carbon/human/dummy): wipe state()
[16:01:57]unset busy human dummy("dummy_preference_preview")
[16:01:57]/datum/preferences (/datum/preferences): update preview icon()
[16:01:57]/datum/preferences (/datum/preferences): ShowChoices(V.E.G.A12 (/mob/dead/new_player))
[16:01:57]/datum/preferences (/datum/preferences): process link(V.E.G.A12 (/mob/dead/new_player), /list (/list))
[16:01:57]V.E.G.A12 (/client): Topic("_src_=prefs;preference=save", /list (/list), null)
[16:01:57]V.E.G.A12 (/client): Topic("_src_=prefs;preference=save", /list (/list))
Ruin "Asteroid 5" placed at (208, 77, 11)
Ruin "Gondoland" placed at (202, 51, 10)
Ruin "A Giant Ball of Paper in Space" placed at (122, 170, 3)
Ruin "Biological Storage Facility" placed at (73, 208, 4)
Initialized Mapping subsystem within 52.2 seconds!
runtime error: 
[16:02:00]Cannot execute null.add reagent().
[16:02:00]proc name: Initialize (/obj/effect/decal/cleanable/blood/gibs/Initialize)
[16:02:00]  source file: humans.dm,57
[16:02:00]  usr: null
[16:02:00]  src: the gibs (/obj/effect/decal/cleanable/blood/gibs/body)
[16:02:00]  src.loc: null
[16:02:00]  call stack:
[16:02:00]the gibs (/obj/effect/decal/cleanable/blood/gibs/body): Initialize(1, null)
[16:02:00]Atoms (/datum/controller/subsystem/atoms): InitAtom(the gibs (/obj/effect/decal/cleanable/blood/gibs/body), /list (/list))
[16:02:00]Atoms (/datum/controller/subsystem/atoms): InitializeAtoms(null)
[16:02:00]Atoms (/datum/controller/subsystem/atoms): Initialize(685187)
[16:02:00]Master (/datum/controller/master): Initialize(10, 0)
runtime error: 
[16:02:00]Cannot execute null.add reagent().
[16:02:00]proc name: Initialize (/obj/effect/decal/cleanable/blood/gibs/Initialize)
[16:02:00]  source file: humans.dm,57
[16:02:00]  usr: null
[16:02:00]  src: the gibs (/obj/effect/decal/cleanable/blood/gibs/body)
[16:02:00]  src.loc: null
[16:02:00]  call stack:
[16:02:00]the gibs (/obj/effect/decal/cleanable/blood/gibs/body): Initialize(1, null)
[16:02:00]Atoms (/datum/controller/subsystem/atoms): InitAtom(the gibs (/obj/effect/decal/cleanable/blood/gibs/body), /list (/list))
[16:02:00]Atoms (/datum/controller/subsystem/atoms): InitializeAtoms(null)
[16:02:00]Atoms (/datum/controller/subsystem/atoms): Initialize(685187)
[16:02:00]Master (/datum/controller/master): Initialize(10, 0)
runtime error: 
[16:02:00]Cannot execute null.add reagent().
[16:02:00]proc name: Initialize (/obj/effect/decal/cleanable/blood/gibs/Initialize)
[16:02:00]  source file: humans.dm,57
runtime error: 
[16:02:00]Cannot execute null.add reagent().
[16:02:00]proc name: Initialize (/obj/effect/decal/cleanable/blood/gibs/Initialize)
[16:02:00]  source file: humans.dm,57
runtime error: 
[16:02:00]Cannot execute null.add reagent().
[16:02:00]proc name: Initialize (/obj/effect/decal/cleanable/oil/Initialize)
[16:02:00]  source file: robots.dm,52
runtime error: 
[16:02:00]Cannot execute null.add reagent().
[16:02:00]proc name: Initialize (/obj/effect/decal/cleanable/oil/Initialize)
[16:02:00]  source file: robots.dm,52
runtime error: 
[16:02:05]Cannot execute null.add reagent().
[16:02:05]proc name: Initialize (/obj/effect/decal/cleanable/oil/Initialize)
[16:02:05]  source file: robots.dm,52
runtime error: 
[16:02:05]Cannot execute null.add reagent().
[16:02:05]proc name: Initialize (/obj/effect/decal/cleanable/oil/Initialize)
[16:02:05]  source file: robots.dm,52
runtime error: 
[16:02:05]Cannot execute null.add reagent().
[16:02:05]proc name: Initialize (/obj/effect/decal/cleanable/oil/Initialize)
[16:02:05]  source file: robots.dm,52
runtime error: 
[16:02:05]Cannot execute null.add reagent().
[16:02:05]proc name: Initialize (/obj/effect/decal/cleanable/blood/gibs/Initialize)
[16:02:05]  source file: humans.dm,57
runtime error: 
[16:02:05]Cannot execute null.add reagent().
[16:02:05]proc name: Initialize (/obj/effect/decal/cleanable/blood/gibs/Initialize)
[16:02:05]  source file: humans.dm,57
runtime error: 
[16:02:06]Cannot execute null.add reagent().
[16:02:06]proc name: Initialize (/obj/effect/decal/cleanable/oil/Initialize)
[16:02:06]  source file: robots.dm,52
runtime error: 
[16:02:06]Cannot execute null.add reagent().
[16:02:06]proc name: Initialize (/obj/effect/decal/cleanable/blood/gibs/Initialize)
[16:02:06]  source file: humans.dm,57
runtime error: 
[16:02:06]Cannot execute null.add reagent().
[16:02:06]proc name: Initialize (/obj/effect/decal/cleanable/oil/Initialize)
[16:02:06]  source file: robots.dm,52
runtime error: 
[16:02:06]Cannot execute null.add reagent().
[16:02:06]proc name: Initialize (/obj/effect/decal/cleanable/blood/gibs/Initialize)
[16:02:06]  source file: humans.dm,57
runtime error: 
[16:02:06]Cannot execute null.add reagent().
[16:02:06]proc name: Initialize (/obj/effect/decal/cleanable/blood/gibs/Initialize)
[16:02:06]  source file: humans.dm,57
runtime error: 
[16:02:07]Cannot execute null.add reagent().
[16:02:07]proc name: Initialize (/obj/effect/decal/cleanable/oil/Initialize)
[16:02:07]  source file: robots.dm,52
runtime error: 
[16:02:07]Cannot execute null.add reagent().
[16:02:07]proc name: Initialize (/obj/effect/decal/cleanable/oil/Initialize)
[16:02:07]  source file: robots.dm,52
runtime error: 
[16:02:08]Cannot execute null.add reagent().
[16:02:08]proc name: Initialize (/obj/effect/decal/cleanable/oil/Initialize)
[16:02:08]  source file: robots.dm,52
runtime error: 
[16:02:08]Cannot execute null.add reagent().
[16:02:08]proc name: Initialize (/obj/effect/decal/cleanable/oil/Initialize)
[16:02:08]  source file: robots.dm,52
runtime error: 
[16:02:08]Cannot execute null.add reagent().
[16:02:08]proc name: Initialize (/obj/effect/decal/cleanable/oil/Initialize)
[16:02:08]  source file: robots.dm,52
runtime error: 
[16:02:08]Cannot execute null.add reagent().
[16:02:08]proc name: Initialize (/obj/effect/decal/cleanable/oil/Initialize)
[16:02:08]  source file: robots.dm,52
runtime error: 
[16:02:08]Cannot execute null.add reagent().
[16:02:08]proc name: Initialize (/obj/effect/decal/cleanable/oil/Initialize)
[16:02:08]  source file: robots.dm,52
runtime error: 
[16:02:09]Cannot execute null.add reagent().
[16:02:09]proc name: Initialize (/obj/effect/decal/cleanable/oil/Initialize)
[16:02:09]  source file: robots.dm,52
runtime error: 
[16:02:09]Cannot execute null.add reagent().
[16:02:09]proc name: Initialize (/obj/effect/decal/cleanable/oil/Initialize)
[16:02:09]  source file: robots.dm,52
runtime error: 
[16:02:09]Cannot execute null.add reagent().
[16:02:09]proc name: Initialize (/obj/effect/decal/cleanable/oil/Initialize)
[16:02:09]  source file: robots.dm,52
runtime error: 
[16:02:09]Cannot execute null.add reagent().
[16:02:09]proc name: Initialize (/obj/effect/decal/cleanable/oil/Initialize)
[16:02:09]  source file: robots.dm,52
runtime error: 
[16:02:09]Cannot execute null.add reagent().
[16:02:09]proc name: Initialize (/obj/effect/decal/cleanable/oil/Initialize)
[16:02:09]  source file: robots.dm,52
runtime error: 
[16:02:10]Cannot execute null.add reagent().
[16:02:10]proc name: Initialize (/obj/effect/decal/cleanable/oil/Initialize)
[16:02:10]  source file: robots.dm,52
runtime error: 
[16:02:10]Cannot execute null.add reagent().
[16:02:10]proc name: Initialize (/obj/effect/decal/cleanable/oil/Initialize)
[16:02:10]  source file: robots.dm,52
runtime error: 
[16:02:13]Cannot execute null.add reagent().
[16:02:13]proc name: Initialize (/obj/effect/decal/cleanable/oil/Initialize)
[16:02:13]  source file: robots.dm,52
runtime error: 
[16:02:13]Cannot execute null.add reagent().
[16:02:13]proc name: Initialize (/obj/effect/decal/cleanable/oil/Initialize)
[16:02:13]  source file: robots.dm,52
runtime error: 
[16:02:13]Cannot execute null.add reagent().
[16:02:13]proc name: Initialize (/obj/effect/decal/cleanable/oil/Initialize)
[16:02:13]  source file: robots.dm,52
runtime error: 
[16:02:13]Cannot execute null.add reagent().
[16:02:13]proc name: Initialize (/obj/effect/decal/cleanable/oil/Initialize)
[16:02:13]  source file: robots.dm,52
runtime error: 
[16:02:14]Cannot execute null.add reagent().
[16:02:14]proc name: Initialize (/obj/effect/decal/cleanable/oil/Initialize)
[16:02:14]  source file: robots.dm,52
runtime error: 
[16:02:14]Cannot execute null.add reagent().
[16:02:14]proc name: Initialize (/obj/effect/decal/cleanable/oil/Initialize)
[16:02:14]  source file: robots.dm,52
runtime error: 
[16:02:15]Cannot execute null.add reagent().
[16:02:15]proc name: Initialize (/obj/effect/decal/cleanable/oil/Initialize)
[16:02:15]  source file: robots.dm,52
runtime error: 
[16:02:16]Cannot execute null.add reagent().
[16:02:16]proc name: Initialize (/obj/effect/decal/cleanable/oil/Initialize)
[16:02:16]  source file: robots.dm,52
runtime error: 
[16:02:17]Cannot execute null.add reagent().
[16:02:17]proc name: Initialize (/obj/effect/decal/cleanable/oil/Initialize)
[16:02:17]  source file: robots.dm,52
runtime error: 
[16:02:17]Cannot execute null.add reagent().
[16:02:17]proc name: Initialize (/obj/effect/decal/cleanable/oil/Initialize)
[16:02:17]  source file: robots.dm,52
runtime error: 
[16:02:17]Cannot execute null.add reagent().
[16:02:17]proc name: Initialize (/obj/effect/decal/cleanable/oil/Initialize)
[16:02:17]  source file: robots.dm,52
runtime error: 
[16:02:17]Cannot execute null.add reagent().
[16:02:17]proc name: Initialize (/obj/effect/decal/cleanable/oil/Initialize)
[16:02:17]  source file: robots.dm,52
runtime error: 
[16:02:18]Cannot execute null.add reagent().
[16:02:18]proc name: Initialize (/obj/effect/decal/cleanable/oil/Initialize)
[16:02:18]  source file: robots.dm,52
runtime error: 
[16:02:18]Cannot execute null.add reagent().
[16:02:18]proc name: Initialize (/obj/effect/decal/cleanable/oil/Initialize)
[16:02:18]  source file: robots.dm,52
runtime error: 
[16:02:19]Cannot execute null.add reagent().
[16:02:19]proc name: Initialize (/obj/effect/decal/cleanable/oil/Initialize)
[16:02:19]  source file: robots.dm,52
runtime error: 
[16:02:19]Cannot execute null.add reagent().
[16:02:19]proc name: Initialize (/obj/effect/decal/cleanable/ash/Initialize)
[16:02:19]  source file: misc.dm,16
runtime error: 
[16:02:19]Cannot execute null.add reagent().
[16:02:19]proc name: Initialize (/obj/effect/decal/cleanable/oil/Initialize)
[16:02:19]  source file: robots.dm,52
runtime error: 
[16:02:20]Cannot execute null.add reagent().
[16:02:20]proc name: Initialize (/obj/effect/decal/cleanable/oil/Initialize)
[16:02:20]  source file: robots.dm,52
runtime error: 
[16:02:20]Cannot execute null.add reagent().
[16:02:20]proc name: Initialize (/obj/effect/decal/cleanable/oil/Initialize)
[16:02:20]  source file: robots.dm,52
runtime error: 
[16:02:20]Cannot execute null.add reagent().
[16:02:20]proc name: Initialize (/obj/effect/decal/cleanable/oil/Initialize)
[16:02:20]  source file: robots.dm,52
runtime error: 
[16:02:20]Cannot execute null.add reagent().
[16:02:20]proc name: Initialize (/obj/effect/decal/cleanable/oil/Initialize)
[16:02:20]  source file: robots.dm,52
runtime error: 
[16:02:20]Cannot execute null.add reagent().
[16:02:20]proc name: Initialize (/obj/effect/decal/cleanable/oil/Initialize)
[16:02:20]  source file: robots.dm,52
runtime error: 
[16:02:21]Cannot execute null.add reagent().
[16:02:21]proc name: Initialize (/obj/effect/decal/cleanable/oil/Initialize)
[16:02:21]  source file: robots.dm,52
runtime error: 
[16:02:21]Cannot execute null.add reagent().
[16:02:21]proc name: Initialize (/obj/effect/decal/cleanable/oil/Initialize)
[16:02:21]  source file: robots.dm,52
runtime error: 
[16:02:21]Cannot execute null.add reagent().
[16:02:21]proc name: Initialize (/obj/effect/decal/cleanable/oil/Initialize)
[16:02:21]  source file: robots.dm,52
runtime error: 
[16:02:21]Cannot execute null.add reagent().
[16:02:21]proc name: Initialize (/obj/effect/decal/cleanable/oil/Initialize)
[16:02:21]  source file: robots.dm,52
runtime error: 
[16:02:21]Cannot execute null.add reagent().
[16:02:21]proc name: Initialize (/obj/effect/decal/cleanable/oil/Initialize)
[16:02:21]  source file: robots.dm,52
runtime error: 
[16:02:21]Cannot execute null.add reagent().
[16:02:21]proc name: Initialize (/obj/effect/decal/cleanable/oil/Initialize)
[16:02:21]  source file: robots.dm,52
runtime error: 
[16:02:21]Cannot execute null.add reagent().
[16:02:21]proc name: Initialize (/obj/effect/decal/cleanable/oil/Initialize)
[16:02:21]  source file: robots.dm,52
runtime error: 
[16:02:23]Undefined variable /obj/item/rupee/var/swimming

[16:02:23]proc name: Entered (/turf/Entered)
[16:02:23]  source file: turf.dm,200
runtime error: 
[16:02:23]Undefined variable /obj/item/rupee/var/swimming

[16:02:23]proc name: Entered (/turf/Entered)
[16:02:23]  source file: turf.dm,200
runtime error: 
[16:02:23]Undefined variable /obj/item/rupee/var/swimming

[16:02:23]proc name: Entered (/turf/Entered)
[16:02:23]  source file: turf.dm,200
runtime error: 
[16:02:23]Undefined variable /obj/structure/signpost/salvation/var/swimming

[16:02:23]proc name: Entered (/turf/Entered)
[16:02:23]  source file: turf.dm,200
runtime error: 
[16:02:23]Undefined variable /obj/item/rupee/var/swimming

[16:02:23]proc name: Entered (/turf/Entered)
[16:02:23]  source file: turf.dm,200
runtime error: 
[16:02:23]Undefined variable /obj/item/rupee/var/swimming

[16:02:23]proc name: Entered (/turf/Entered)
[16:02:23]  source file: turf.dm,200
runtime error: 
[16:02:23]Undefined variable /obj/item/rupee/var/swimming

[16:02:23]proc name: Entered (/turf/Entered)
[16:02:23]  source file: turf.dm,200
runtime error: 
[16:02:23]Undefined variable /obj/item/rupee/var/swimming

[16:02:23]proc name: Entered (/turf/Entered)
[16:02:23]  source file: turf.dm,200
runtime error: 
[16:02:23]Undefined variable /obj/item/rupee/var/swimming

[16:02:23]proc name: Entered (/turf/Entered)
[16:02:23]  source file: turf.dm,200
runtime error: 
[16:02:24]Undefined variable /obj/item/rupee/var/swimming

[16:02:24]proc name: Entered (/turf/Entered)
[16:02:24]  source file: turf.dm,200
runtime error: 
[16:02:24]Undefined variable /obj/effect/landmark/error/var/swimming

[16:02:24]proc name: Entered (/turf/Entered)
[16:02:24]  source file: turf.dm,200
runtime error: 
[16:02:24]Undefined variable /obj/item/rupee/var/swimming

[16:02:24]proc name: Entered (/turf/Entered)
[16:02:24]  source file: turf.dm,200
runtime error: 
[16:02:24]Undefined variable /obj/item/rupee/var/swimming

[16:02:24]proc name: Entered (/turf/Entered)
[16:02:24]  source file: turf.dm,200
runtime error: 
[16:02:24]Undefined variable /obj/item/rupee/var/swimming

[16:02:24]proc name: Entered (/turf/Entered)
[16:02:24]  source file: turf.dm,200
runtime error: 
[16:02:24]Undefined variable /obj/item/rupee/var/swimming

[16:02:24]proc name: Entered (/turf/Entered)
[16:02:24]  source file: turf.dm,200
runtime error: 
[16:02:24]Undefined variable /obj/item/rupee/var/swimming

[16:02:24]proc name: Entered (/turf/Entered)
[16:02:24]  source file: turf.dm,200
runtime error: 
[16:02:24]Undefined variable /obj/item/rupee/var/swimming

[16:02:24]proc name: Entered (/turf/Entered)
[16:02:24]  source file: turf.dm,200
runtime error: 
[16:02:24]Undefined variable /obj/item/rupee/var/swimming

[16:02:24]proc name: Entered (/turf/Entered)
[16:02:24]  source file: turf.dm,200
runtime error: 
[16:02:24]Undefined variable /obj/item/rupee/var/swimming

[16:02:24]proc name: Entered (/turf/Entered)
[16:02:24]  source file: turf.dm,200
runtime error: 
[16:02:24]Undefined variable /obj/item/rupee/var/swimming

[16:02:24]proc name: Entered (/turf/Entered)
[16:02:24]  source file: turf.dm,200
runtime error: 
[16:02:24]Undefined variable /obj/item/rupee/var/swimming

[16:02:24]proc name: Entered (/turf/Entered)
[16:02:24]  source file: turf.dm,200
runtime error: 
[16:02:24]Undefined variable /obj/item/rupee/var/swimming

[16:02:24]Warning: further proc crash messages are being suppressed to prevent overload...
runtime error: 
[16:02:24]Undefined variable /obj/item/rupee/var/swimming

runtime error: 
[16:02:24]Undefined variable /obj/item/rupee/var/swimming

runtime error: 
[16:02:24]Undefined variable /obj/item/rupee/var/swimming

runtime error: 
[16:02:24]Undefined variable /obj/item/rupee/var/swimming

runtime error: 
[16:02:24]Undefined variable /obj/item/rupee/var/swimming

runtime error: 
[16:02:24]Undefined variable /obj/item/rupee/var/swimming

runtime error: 
[16:02:24]Undefined variable /obj/item/rupee/var/swimming

runtime error: 
[16:02:24]Undefined variable /obj/item/rupee/var/swimming

runtime error: 
[16:02:24]Undefined variable /obj/item/rupee/var/swimming

runtime error: 
[16:02:24]Undefined variable /obj/item/rupee/var/swimming

runtime error: 
[16:02:24]Undefined variable /obj/item/rupee/var/swimming

runtime error: 
[16:02:24]Undefined variable /obj/item/rupee/var/swimming

runtime error: 
[16:02:24]Undefined variable /obj/item/rupee/var/swimming

runtime error: 
[16:02:24]Undefined variable /obj/item/rupee/var/swimming

runtime error: 
[16:02:24]Undefined variable /obj/item/rupee/var/swimming

runtime error: 
[16:02:24]Undefined variable /obj/item/rupee/var/swimming

runtime error: 
[16:02:24]Undefined variable /obj/item/rupee/var/swimming

runtime error: 
[16:02:24]Undefined variable /obj/item/rupee/var/swimming

runtime error: 
[16:02:24]Undefined variable /obj/item/rupee/var/swimming

runtime error: 
[16:02:24]Undefined variable /obj/item/rupee/var/swimming

runtime error: 
[16:02:24]Undefined variable /obj/item/rupee/var/swimming

runtime error: 
[16:02:24]Undefined variable /obj/item/rupee/var/swimming

runtime error: 
[16:02:24]Undefined variable /obj/item/rupee/var/swimming

runtime error: 
[16:02:24]Undefined variable /obj/item/rupee/var/swimming

runtime error: 
[16:02:24]Undefined variable /obj/item/rupee/var/swimming

runtime error: 
[16:02:24]Undefined variable /obj/structure/speaking_tile/var/swimming

runtime error: 
[16:02:24]Undefined variable /obj/machinery/abductor/gland_dispenser/var/swimming

runtime error: 
[16:02:24]Undefined variable /obj/structure/table/abductor/var/swimming

runtime error: 
[16:02:24]Undefined variable /obj/item/surgicaldrill/alien/var/swimming

runtime error: 
[16:02:25]undefined proc or verb /mob/living/simple_animal/bot/medbot/mysterious/remove overlay().

runtime error: 
[16:02:25]undefined proc or verb /mob/living/simple_animal/hostile/creature/remove overlay().

runtime error: 
[16:02:25]undefined proc or verb /mob/living/simple_animal/hostile/carp/cayenne/remove overlay().

runtime error: 
[16:02:26]undefined proc or verb /mob/dead/new_player/remove overlay().

runtime error: 
[16:02:26]undefined proc or verb /mob/dead/new_player/remove overlay().

runtime error: 
[16:02:26]undefined proc or verb /mob/dead/new_player/remove overlay().

runtime error: 
[16:02:26]undefined proc or verb /mob/dead/new_player/remove overlay().

runtime error: 
[16:02:26]undefined proc or verb /mob/dead/new_player/remove overlay().

runtime error: 
[16:02:27]Cannot execute null.add reagent().
runtime error: 
[16:02:27]Cannot execute null.add reagent().
runtime error: 
[16:02:27]undefined proc or verb /mob/living/simple_animal/bot/medbot/remove overlay().

runtime error: 
[16:02:27]undefined proc or verb /mob/living/simple_animal/cockroach/remove overlay().

runtime error: 
[16:02:27]undefined proc or verb /mob/living/simple_animal/cockroach/remove overlay().

runtime error: 
[16:02:28]undefined proc or verb /mob/living/simple_animal/cockroach/remove overlay().

runtime error: 
[16:02:28]undefined proc or verb /mob/living/simple_animal/cockroach/remove overlay().

runtime error: 
[16:02:28]undefined proc or verb /mob/living/simple_animal/cockroach/remove overlay().

runtime error: 
[16:02:28]undefined proc or verb /mob/living/simple_animal/pet/cat/Runtime/remove overlay().

runtime error: 
[16:02:28]Cannot execute null.add reagent().
runtime error: 
[16:02:28]undefined proc or verb /mob/living/simple_animal/cockroach/remove overlay().

runtime error: 
[16:02:28]undefined proc or verb /mob/living/simple_animal/pet/dog/pug/remove overlay().

runtime error: 
[16:02:28]undefined proc or verb /mob/living/simple_animal/cockroach/remove overlay().

runtime error: 
[16:02:28]undefined proc or verb /mob/living/simple_animal/cockroach/remove overlay().

runtime error: 
[16:02:28]undefined proc or verb /mob/living/simple_animal/cockroach/remove overlay().

runtime error: 
[16:02:28]undefined proc or verb /mob/living/simple_animal/slime/remove overlay().

runtime error: 
[16:02:29]Cannot execute null.add reagent().
runtime error: 
[16:02:29]undefined proc or verb /mob/living/simple_animal/slime/remove overlay().

runtime error: 
[16:02:29]undefined proc or verb /mob/living/simple_animal/slime/remove overlay().

runtime error: 
[16:02:29]undefined proc or verb /mob/living/simple_animal/cockroach/remove overlay().

runtime error: 
[16:02:29]undefined proc or verb /mob/living/simple_animal/cockroach/remove overlay().

runtime error: 
[16:02:30]undefined proc or verb /mob/living/simple_animal/pet/dog/corgi/Ian/remove overlay().

runtime error: 
[16:02:30]undefined proc or verb /mob/living/simple_animal/bot/secbot/pingsky/remove overlay().

runtime error: 
[16:02:30]undefined proc or verb /mob/living/simple_animal/parrot/Poly/remove overlay().

runtime error: 
[16:02:30]undefined proc or verb /mob/living/simple_animal/bot/secbot/beepsky/remove overlay().

runtime error: 
[16:02:30]undefined proc or verb /mob/living/simple_animal/pet/fox/Renault/remove overlay().

runtime error: 
[16:02:31]undefined proc or verb /mob/living/simple_animal/hostile/carp/cayenne/remove overlay().

runtime error: 
[16:02:31]undefined proc or verb /mob/living/simple_animal/cockroach/remove overlay().

runtime error: 
[16:02:31]undefined proc or verb /mob/living/simple_animal/hostile/retaliate/goat/remove overlay().

runtime error: 
[16:02:31]undefined proc or verb /mob/living/simple_animal/sloth/citrus/remove overlay().

runtime error: 
[16:02:31]undefined proc or verb /mob/living/simple_animal/cockroach/remove overlay().

runtime error: 
[16:02:32]undefined proc or verb /mob/living/simple_animal/mouse/remove overlay().

runtime error: 
[16:02:32]undefined proc or verb /mob/living/simple_animal/mouse/remove overlay().

runtime error: 
[16:02:32]undefined proc or verb /mob/living/simple_animal/bot/mulebot/remove overlay().

runtime error: 
[16:02:32]undefined proc or verb /mob/living/simple_animal/bot/mulebot/remove overlay().

runtime error: 
[16:02:32]undefined proc or verb /mob/living/simple_animal/cockroach/remove overlay().

runtime error: 
[16:02:32]undefined proc or verb /mob/living/simple_animal/hostile/lizard/remove overlay().

runtime error: 
[16:02:32]undefined proc or verb /mob/living/simple_animal/cockroach/remove overlay().

runtime error: 
[16:02:32]undefined proc or verb /mob/living/simple_animal/cockroach/remove overlay().

runtime error: 
[16:02:32]undefined proc or verb /mob/living/simple_animal/cockroach/remove overlay().

runtime error: 
[16:02:32]undefined proc or verb /mob/living/simple_animal/cockroach/remove overlay().

runtime error: 
[16:02:34]undefined proc or verb /mob/living/simple_animal/hostile/stickman/ranged/remove overlay().

runtime error: 
[16:02:34]undefined proc or verb /mob/living/simple_animal/hostile/stickman/dog/remove overlay().

runtime error: 
[16:02:34]undefined proc or verb /mob/living/simple_animal/hostile/stickman/remove overlay().

runtime error: 
[16:02:34]undefined proc or verb /mob/living/simple_animal/hostile/boss/paper_wizard/remove overlay().

runtime error: 
[16:02:34]undefined proc or verb /mob/living/simple_animal/hostile/stickman/remove overlay().

runtime error: 
[16:02:34]undefined proc or verb /mob/living/simple_animal/hostile/stickman/ranged/remove overlay().

runtime error: 
[16:02:38]Cannot read null.temperature
### VarEdit by AlcaroIsAFrick/(AlcaroIsAFrick): /turf/closed/indestructible/splashscreen icon=config/title_screens/images/alberto.gif => ur under.png
Initialized 900968 atoms
Initialized Atoms subsystem within 63.5 seconds!
Initialized Language subsystem within 0 seconds!
Initialized Machines subsystem within 1.4 seconds!
Initialized Circuit subsystem within 0 seconds!
Initialized Weather subsystem within 0 seconds!
## WARNING: There are 10 active turfs at roundstart, this is a mapping error caused by a difference of the air between the adjacent turfs. You can see its coordinates using "Mapping -> Show roundstart AT list" verb (debug verbs required)
## WARNING: HEY! LISTEN! 1 second were wasted processing 10 turf(s) (connected to 18344 other turfs) with atmos differences at round start.
Initialized Atmospherics subsystem within 19.3 seconds!
Initialized Minimap subsystem within 0 seconds!
Initialized Assets subsystem within 0.4 seconds!
Initialized Icon Smoothing subsystem within 7.2 seconds!
Initialized Overlay subsystem within 20.9 seconds!
Initialized XKeyScore subsystem within 0 seconds!
Initialized Lighting subsystem within 21.6 seconds!
Initialized Shuttle subsystem within 34.6 seconds!
Initialized Squeak subsystem within 0 seconds!
Loaded 0 engraved messages on map Delta Station
Initialized Persistence subsystem within 0.1 seconds!
Initializations complete within 222 seconds!
runtime error: 
[16:04:50]Cannot read null.key
runtime error: 
[16:04:50]Cannot read null.key
runtime error: 
[16:04:50]Cannot read null.key
Game start took 3.9s
runtime error: 
[16:05:12]Cannot execute null.add reagent().
## WARNING: A ref was requested of an object with use_tag set but no tag: the new player in code/__HELPERS/unsorted.dm at line 1500 src:  usr: the new player.
runtime error: 
[16:05:31]Cannot read null.key
## WARNING: A ref was requested of an object with use_tag set but no tag: Slader101 in code/__HELPERS/unsorted.dm at line 1500 src:  usr: Slader101.
runtime error: 
[16:05:36]Cannot read null.key
## WARNING: A ref was requested of an object with use_tag set but no tag: the new player in code/__HELPERS/unsorted.dm at line 1500 src:  usr: the new player.
runtime error: 
[16:05:51]Cannot read null.key
runtime error: 
[16:05:56]Cannot execute null.add reagent().
runtime error: 
[16:05:56]Cannot execute null.add reagent().
runtime error: 
[16:05:56]Cannot execute null.add reagent().
runtime error: 
[16:05:56]Cannot execute null.add reagent().
runtime error: 
[16:06:22]Cannot execute null.add reagent().
runtime error: 
[16:06:22]Cannot execute null.add reagent().
## WARNING: A ref was requested of an object with use_tag set but no tag: the new player in code/__HELPERS/unsorted.dm at line 1500 src:  usr: the new player.
runtime error: 
[16:06:41]Cannot read null.key
runtime error: 
[16:06:48]Cannot execute null.add reagent().
## WARNING: A ref was requested of an object with use_tag set but no tag: the new player in code/__HELPERS/unsorted.dm at line 1500 src:  usr: the new player.
runtime error: 
[16:09:33]Cannot read null.key
runtime error: 
[16:09:35]Cannot execute null.add reagent().
runtime error: 
[16:09:35]Cannot execute null.add reagent().
runtime error: 
[16:09:35]Cannot execute null.add reagent().
runtime error: 
[16:09:35]Cannot execute null.add reagent().
runtime error: 
[16:09:35]Cannot execute null.add reagent().
runtime error: 
[16:09:35]Cannot execute null.add reagent().
## WARNING: A ref was requested of an object with use_tag set but no tag: Cuddle_fish in code/__HELPERS/unsorted.dm at line 1500 src:  usr: Cuddle_fish.
runtime error: 
[16:12:04]Cannot read null.key
runtime error: 
[16:12:39]Cannot execute null.merge().
Initialized 151 atoms
runtime error: 
[16:12:40]Invalid timer: Timer: Timer: -1, TTR: 4454.96, Flags: , callBack: [0x210238c7], callBack.object: /datum/looping_sound/geiger[0x2100ae0e](/datum/looping_sound/geiger), callBack.delegate:/datum/looping_sound/proc/sound_loop(1468)Prev: NULL, Next: NULL, SPENT(4456.46), QDELETED, NO CALLBACK world.time: 4457.46, head_offset: 3931.46, practical_offset: 1048
## WARNING: A ref was requested of an object with use_tag set but no tag: Viot45 in code/__HELPERS/unsorted.dm at line 1500 src:  usr: Viot45.
runtime error: 
[16:12:45]Cannot read null.key
Initialized 524 atoms
runtime error: 
[16:13:51]Invalid timer: Timer: Timer: -1, TTR: 4807.46, Flags: , callBack: [0x2100f212], callBack.object: /datum/looping_sound/geiger[0x2106c064](/datum/looping_sound/geiger), callBack.delegate:/datum/looping_sound/proc/sound_loop(256)Prev: NULL, Next: NULL, SPENT(4808.96), QDELETED, NO CALLBACK world.time: 5131.46, head_offset: 4454.96, practical_offset: 706
runtime error: 
[16:14:47]Cannot execute null.add reagent().
runtime error: 
[16:14:47]Cannot execute null.add reagent().
runtime error: 
[16:14:47]Cannot execute null.add reagent().
runtime error: 
[16:14:47]Cannot execute null.add reagent().
runtime error: 
[16:14:47]Cannot execute null.add reagent().
runtime error: 
[16:14:47]Cannot execute null.add reagent().
runtime error: 
[16:14:47]Cannot read null.species
runtime error: 
[16:15:10]Cannot execute null.add reagent().
runtime error: 
[16:15:13]Undefined variable /obj/item/cultivator/var/swimming

runtime error: 
[16:15:13]Undefined variable /obj/effect/particle_effect/sparks/var/swimming

runtime error: 
[16:15:13]Undefined variable /obj/effect/particle_effect/sparks/var/swimming

runtime error: 
[16:15:13]Undefined variable /obj/effect/particle_effect/sparks/var/swimming

runtime error: 
[16:15:13]Undefined variable /obj/effect/particle_effect/sparks/var/swimming

runtime error: 
[16:15:13]Undefined variable /obj/effect/particle_effect/sparks/var/swimming

runtime error: 
[16:15:14]Undefined variable /obj/item/projectile/beam/emitter/var/swimming

runtime error: 
[16:15:14]Undefined variable /obj/item/projectile/beam/emitter/var/swimming

runtime error: 
[16:15:14]Undefined variable /obj/item/projectile/beam/emitter/var/swimming

runtime error: 
[16:15:14]Undefined variable /obj/item/projectile/beam/emitter/var/swimming

runtime error: 
[16:15:14]Undefined variable /obj/item/projectile/beam/emitter/var/swimming

runtime error: 
[16:15:14]Undefined variable /obj/item/projectile/beam/emitter/var/swimming

runtime error: 
[16:15:14]Undefined variable /obj/item/projectile/beam/emitter/var/swimming

runtime error: 
[16:15:14]Undefined variable /obj/item/projectile/beam/emitter/var/swimming

runtime error: 
[16:15:14]Undefined variable /obj/item/projectile/beam/emitter/var/swimming

runtime error: 
[16:15:14]Undefined variable /obj/item/projectile/beam/emitter/var/swimming

runtime error: 
[16:15:14]Undefined variable /obj/item/projectile/beam/emitter/var/swimming

runtime error: 
[16:15:14]Undefined variable /obj/item/projectile/beam/emitter/var/swimming

runtime error: 
[16:15:14]Undefined variable /obj/item/shovel/spade/var/swimming

runtime error: 
[16:15:15]Undefined variable /obj/effect/particle_effect/sparks/var/swimming

runtime error: 
[16:15:15]Undefined variable /obj/effect/particle_effect/sparks/var/swimming

runtime error: 
[16:15:15]Undefined variable /obj/effect/particle_effect/sparks/var/swimming

runtime error: 
[16:15:15]Undefined variable /obj/item/projectile/beam/emitter/var/swimming

runtime error: 
[16:15:15]Undefined variable /obj/item/projectile/beam/emitter/var/swimming

runtime error: 
[16:15:15]Undefined variable /obj/item/projectile/beam/emitter/var/swimming

runtime error: 
[16:15:15]Undefined variable /obj/effect/particle_effect/sparks/var/swimming

runtime error: 
[16:15:15]Undefined variable /obj/effect/particle_effect/sparks/var/swimming

runtime error: 
[16:15:15]Undefined variable /obj/effect/particle_effect/sparks/var/swimming

runtime error: 
[16:15:16]undefined proc or verb /mob/living/simple_animal/butterfly/remove overlay().

runtime error: 
[16:15:16]undefined proc or verb /mob/living/simple_animal/butterfly/remove overlay().

runtime error: 
[16:15:16]undefined proc or verb /mob/living/simple_animal/butterfly/remove overlay().

runtime error: 
[16:15:16]undefined proc or verb /mob/living/simple_animal/butterfly/remove overlay().

runtime error: 
[16:15:16]undefined proc or verb /mob/living/simple_animal/butterfly/remove overlay().

runtime error: 
[16:15:16]undefined proc or verb /mob/living/simple_animal/butterfly/remove overlay().

runtime error: 
[16:15:16]Undefined variable /obj/item/projectile/beam/emitter/var/swimming

runtime error: 
[16:15:16]Undefined variable /obj/item/projectile/beam/emitter/var/swimming

runtime error: 
[16:15:16]undefined proc or verb /mob/living/simple_animal/slime/remove overlay().

runtime error: 
[16:15:16]undefined proc or verb /mob/living/simple_animal/bot/secbot/beepsky/remove overlay().

runtime error: 
[16:15:17]Undefined variable /obj/item/wrench/var/swimming

runtime error: 
[16:15:17]Undefined variable /obj/item/projectile/beam/emitter/var/swimming

runtime error: 
[16:15:17]Undefined variable /obj/item/projectile/beam/emitter/var/swimming

runtime error: 
[16:15:17]Undefined variable /obj/item/projectile/beam/emitter/var/swimming

runtime error: 
[16:15:17]Undefined variable /obj/item/projectile/beam/emitter/var/swimming

runtime error: 
[16:15:17]Undefined variable /obj/item/projectile/beam/emitter/var/swimming

runtime error: 
[16:15:17]Undefined variable /obj/item/projectile/beam/emitter/var/swimming

runtime error: 
[16:15:17]Undefined variable /obj/item/projectile/beam/emitter/var/swimming

runtime error: 
[16:15:17]Undefined variable /obj/item/projectile/beam/emitter/var/swimming

runtime error: 
[16:15:17]Undefined variable /obj/item/projectile/beam/emitter/var/swimming

runtime error: 
[16:15:17]Undefined variable /obj/item/projectile/beam/emitter/var/swimming

runtime error: 
[16:15:17]Undefined variable /obj/item/projectile/beam/emitter/var/swimming

runtime error: 
[16:15:17]Undefined variable /obj/item/projectile/beam/emitter/var/swimming

runtime error: 
[16:15:17]Undefined variable /obj/item/projectile/beam/emitter/var/swimming

runtime error: 
[16:15:17]Undefined variable /obj/item/projectile/beam/emitter/var/swimming

runtime error: 
[16:15:17]Undefined variable /obj/item/projectile/beam/emitter/var/swimming

runtime error: 
[16:15:17]Undefined variable /obj/item/projectile/beam/emitter/var/swimming

runtime error: 
[16:15:17]Undefined variable /obj/item/projectile/beam/emitter/var/swimming

runtime error: 
[16:15:17]Undefined variable /obj/effect/particle_effect/sparks/var/swimming

runtime error: 
[16:15:17]Undefined variable /obj/effect/particle_effect/sparks/var/swimming

runtime error: 
[16:15:17]Undefined variable /obj/effect/particle_effect/sparks/var/swimming

runtime error: 
[16:15:17]undefined proc or verb /mob/living/simple_animal/bot/secbot/beepsky/remove overlay().

runtime error: 
[16:15:18]undefined proc or verb /mob/living/simple_animal/hostile/poison/bees/remove overlay().

runtime error: 
[16:15:18]undefined proc or verb /mob/living/simple_animal/hostile/poison/bees/remove overlay().

runtime error: 
[16:15:18]undefined proc or verb /mob/living/simple_animal/hostile/poison/bees/remove overlay().

runtime error: 
[16:15:18]undefined proc or verb /mob/living/simple_animal/hostile/poison/bees/remove overlay().

runtime error: 
[16:15:19]undefined proc or verb /mob/living/simple_animal/hostile/poison/bees/remove overlay().

runtime error: 
[16:15:19]undefined proc or verb /mob/living/simple_animal/butterfly/remove overlay().

runtime error: 
[16:15:19]undefined proc or verb /mob/living/simple_animal/butterfly/remove overlay().

runtime error: 
[16:15:19]undefined proc or verb /mob/living/simple_animal/hostile/poison/bees/remove overlay().

runtime error: 
[16:15:19]undefined proc or verb /mob/living/simple_animal/butterfly/remove overlay().

runtime error: 
[16:15:19]undefined proc or verb /mob/living/simple_animal/butterfly/remove overlay().

runtime error: 
[16:15:19]undefined proc or verb /mob/living/simple_animal/hostile/poison/bees/remove overlay().

runtime error: 
[16:15:19]undefined proc or verb /mob/living/simple_animal/hostile/poison/bees/remove overlay().

runtime error: 
[16:15:19]undefined proc or verb /mob/living/simple_animal/hostile/poison/bees/remove overlay().

runtime error: 
[16:15:19]undefined proc or verb /mob/living/simple_animal/hostile/poison/bees/remove overlay().

runtime error: 
[16:15:19]undefined proc or verb /mob/living/simple_animal/hostile/poison/bees/remove overlay().

runtime error: 
[16:15:19]undefined proc or verb /mob/living/simple_animal/butterfly/remove overlay().

runtime error: 
[16:15:19]undefined proc or verb /mob/living/simple_animal/hostile/poison/bees/remove overlay().

runtime error: 
[16:15:19]undefined proc or verb /mob/living/simple_animal/hostile/poison/bees/remove overlay().

runtime error: 
[16:15:19]undefined proc or verb /mob/living/simple_animal/bot/secbot/beepsky/remove overlay().

runtime error: 
[16:15:19]undefined proc or verb /mob/living/simple_animal/hostile/poison/bees/remove overlay().

runtime error: 
[16:15:19]undefined proc or verb /mob/living/simple_animal/hostile/poison/bees/remove overlay().

runtime error: 
[16:15:19]undefined proc or verb /mob/living/simple_animal/hostile/poison/bees/remove overlay().

runtime error: 
[16:15:19]undefined proc or verb /mob/living/simple_animal/crab/remove overlay().

runtime error: 
[16:15:20]undefined proc or verb /mob/living/simple_animal/bot/secbot/beepsky/remove overlay().

runtime error: 
[16:15:20]undefined proc or verb /mob/living/simple_animal/slime/remove overlay().

runtime error: 
[16:15:20]undefined proc or verb /mob/living/simple_animal/slime/remove overlay().

runtime error: 
[16:15:20]undefined proc or verb /mob/living/simple_animal/hostile/poison/bees/remove overlay().

runtime error: 
[16:15:20]undefined proc or verb /mob/living/simple_animal/bot/secbot/beepsky/remove overlay().

runtime error: 
[16:15:20]undefined proc or verb /mob/living/simple_animal/hostile/poison/bees/remove overlay().

runtime error: 
[16:15:20]undefined proc or verb /mob/living/simple_animal/hostile/poison/bees/remove overlay().

runtime error: 
[16:15:20]undefined proc or verb /mob/living/simple_animal/hostile/poison/bees/remove overlay().

runtime error: 
[16:15:20]undefined proc or verb /mob/living/simple_animal/hostile/poison/bees/remove overlay().

runtime error: 
[16:15:20]undefined proc or verb /mob/living/simple_animal/hostile/asteroid/goliath/beast/tendril/remove overlay().

runtime error: 
[16:15:20]undefined proc or verb /mob/living/simple_animal/hostile/asteroid/hivelord/legion/tendril/remove overlay().

runtime error: 
[16:15:20]undefined proc or verb /mob/living/simple_animal/hostile/asteroid/goliath/beast/tendril/remove overlay().

runtime error: 
[16:15:20]undefined proc or verb /mob/living/simple_animal/bot/secbot/beepsky/remove overlay().

runtime error: 
[16:15:20]undefined proc or verb /mob/living/simple_animal/hostile/asteroid/hivelord/legion/tendril/remove overlay().

runtime error: 
[16:15:20]undefined proc or verb /mob/living/simple_animal/hostile/asteroid/goliath/beast/tendril/remove overlay().

runtime error: 
[16:15:20]undefined proc or verb /mob/living/simple_animal/hostile/asteroid/goliath/beast/tendril/remove overlay().

runtime error: 
[16:15:20]undefined proc or verb /mob/living/simple_animal/hostile/asteroid/hivelord/legion/tendril/remove overlay().

runtime error: 
[16:15:20]undefined proc or verb /mob/living/simple_animal/hostile/asteroid/goliath/beast/tendril/remove overlay().

runtime error: 
[16:15:20]undefined proc or verb /mob/living/simple_animal/hostile/asteroid/hivelord/legion/tendril/remove overlay().

runtime error: 
[16:15:21]Cannot execute null.add reagent().
## WARNING: A ref was requested of an object with use_tag set but no tag: Sketcher28jr in code/__HELPERS/unsorted.dm at line 1500 src:  usr: Sketcher28jr.
runtime error: 
[16:15:24]Cannot read null.key
runtime error: 
[16:15:32]Cannot execute null.add reagent().
runtime error: 
[16:15:32]Cannot execute null.add reagent().
runtime error: 
[16:15:32]Cannot execute null.add reagent().
runtime error: 
[16:15:32]Cannot execute null.add reagent().
runtime error: 
[16:15:32]Cannot execute null.add reagent().
runtime error: 
[16:15:32]Cannot execute null.add reagent().
runtime error: 
[16:15:46]Cannot execute null.add reagent().
## WARNING: A ref was requested of an object with use_tag set but no tag: the new player in code/__HELPERS/unsorted.dm at line 1500 src:  usr: the new player.
runtime error: 
[16:15:47]Cannot read null.key
Initialized 332 atoms
## WARNING: A ref was requested of an object with use_tag set but no tag: the new player in code/__HELPERS/unsorted.dm at line 1500 src:  usr: the new player.
runtime error: 
[16:16:23]Cannot read null.key
runtime error: 
[16:16:25]Cannot execute null.add reagent().
runtime error: 
[16:16:40]Cannot execute null.add reagent().
runtime error: 
[16:16:53]undefined variable /turf/closed/wall/var/air
runtime error: 
[16:16:53]undefined variable /turf/closed/wall/var/air
runtime error: 
[16:16:53]undefined variable /turf/closed/wall/var/air
runtime error: 
[16:16:53]undefined variable /turf/closed/wall/var/air
runtime error: 
[16:16:53]Cannot execute null.archive().
runtime error: 
[16:16:53]Cannot read null.gases
runtime error: 
[16:16:53]Cannot execute null.archive().
runtime error: 
[16:16:53]Cannot read null.gases
runtime error: 
[16:16:53]Cannot execute null.archive().
runtime error: 
[16:16:54]Cannot read null.gases
Initialized 1104 atoms
## WARNING: build_pipeline(): /obj/machinery/atmospherics/pipe/simple/scrubbers/hidden added to a pipenet while still having one. (pipes leading to the same spot stacking in one turf) Nearby: (143, 171, 2)
## WARNING: build_pipeline(): /obj/machinery/atmospherics/pipe/simple/scrubbers/hidden added to a pipenet while still having one. (pipes leading to the same spot stacking in one turf) Nearby: (144, 171, 2)
## WARNING: build_pipeline(): /obj/machinery/atmospherics/pipe/simple/scrubbers/hidden added to a pipenet while still having one. (pipes leading to the same spot stacking in one turf) Nearby: (142, 171, 2)
## WARNING: build_pipeline(): /obj/machinery/atmospherics/pipe/simple/scrubbers/hidden added to a pipenet while still having one. (pipes leading to the same spot stacking in one turf) Nearby: (145, 171, 2)
## WARNING: build_pipeline(): /obj/machinery/atmospherics/pipe/simple/scrubbers/hidden added to a pipenet while still having one. (pipes leading to the same spot stacking in one turf) Nearby: (141, 171, 2)
## WARNING: build_pipeline(): /obj/machinery/atmospherics/pipe/simple/scrubbers/hidden added to a pipenet while still having one. (pipes leading to the same spot stacking in one turf) Nearby: (146, 171, 2)
## WARNING: build_pipeline(): /obj/machinery/atmospherics/pipe/simple/scrubbers/hidden added to a pipenet while still having one. (pipes leading to the same spot stacking in one turf) Nearby: (140, 171, 2)
## WARNING: build_pipeline(): /obj/machinery/atmospherics/pipe/simple/scrubbers/hidden added to a pipenet while still having one. (pipes leading to the same spot stacking in one turf) Nearby: (147, 171, 2)
## WARNING: build_pipeline(): /obj/machinery/atmospherics/pipe/manifold/scrubbers/hidden added to a pipenet while still having one. (pipes leading to the same spot stacking in one turf) Nearby: (139, 171, 2)
## WARNING: build_pipeline(): /obj/machinery/atmospherics/pipe/simple/scrubbers/hidden added to a pipenet while still having one. (pipes leading to the same spot stacking in one turf) Nearby: (138, 171, 2)
## WARNING: build_pipeline(): further messages about pipenets will be supressed
runtime error: 
[16:17:12]Cannot execute null.add reagent().
runtime error: 
[16:17:22]Division by zero
runtime error: 
[16:17:55]undefined variable /obj/effect/portal/wormhole/var/swimming
runtime error: 
[16:17:55]undefined variable /obj/effect/portal/wormhole/var/swimming
## WARNING: A ref was requested of an object with use_tag set but no tag: the new player in code/__HELPERS/unsorted.dm at line 1500 src:  usr: the new player.
runtime error: 
[16:18:01]Cannot read null.key
runtime error: 
[16:18:03]undefined variable /obj/effect/portal/wormhole/var/swimming
runtime error: 
[16:18:03]undefined variable /obj/effect/portal/wormhole/var/swimming
runtime error: 
[16:18:07]Cannot read null.outdoors
runtime error: 
[16:18:08]Cannot execute null.archive().
runtime error: 
[16:18:08]Cannot read null.gases
runtime error: 
[16:18:08]Cannot execute null.archive().
runtime error: 
[16:18:08]Cannot read null.gases
runtime error: 
[16:18:09]Cannot execute null.archive().
runtime error: 
[16:18:09]Cannot read null.gases
runtime error: 
[16:18:09]Cannot execute null.archive().
runtime error: 
[16:18:09]Cannot read null.gases
runtime error: 
[16:18:12]Cannot read null.temperature
runtime error: 
[16:18:12]Cannot execute null.archive().
runtime error: 
[16:18:12]Cannot read null.gases
runtime error: 
[16:18:12]Cannot execute null.archive().
runtime error: 
[16:18:12]Cannot read null.gases
runtime error: 
[16:18:13]Cannot execute null.archive().
runtime error: 
[16:18:13]Cannot read null.gases
Initialized 1086 atoms
runtime error: 
[16:18:13]undefined variable /obj/effect/portal/wormhole/var/swimming
runtime error: 
[16:18:13]undefined variable /obj/effect/portal/wormhole/var/swimming
runtime error: 
[16:18:13]undefined variable /obj/effect/portal/wormhole/var/swimming
runtime error: 
[16:18:13]undefined variable /obj/effect/portal/wormhole/var/swimming
runtime error: 
[16:18:13]undefined variable /obj/effect/portal/wormhole/var/swimming
runtime error: 
[16:18:20]undefined variable /obj/effect/portal/wormhole/var/swimming
runtime error: 
[16:18:21]undefined variable /obj/effect/portal/wormhole/var/swimming
runtime error: 
[16:18:28]undefined variable /obj/effect/portal/wormhole/var/swimming
runtime error: 
[16:18:28]undefined variable /obj/effect/portal/wormhole/var/swimming
runtime error: 
[16:18:28]undefined variable /obj/effect/portal/wormhole/var/swimming
runtime error: 
[16:18:34]undefined variable /obj/effect/portal/wormhole/var/swimming
runtime error: 
[16:18:34]undefined variable /obj/effect/portal/wormhole/var/swimming
runtime error: 
[16:18:34]undefined variable /obj/effect/portal/wormhole/var/swimming
runtime error: 
[16:18:34]undefined variable /obj/effect/portal/wormhole/var/swimming
runtime error: 
[16:18:34]undefined variable /obj/effect/portal/wormhole/var/swimming
runtime error: 
[16:18:41]undefined variable /obj/effect/portal/wormhole/var/swimming
runtime error: 
[16:18:41]undefined variable /obj/effect/portal/wormhole/var/swimming
runtime error: 
[16:18:41]undefined variable /obj/effect/portal/wormhole/var/swimming
runtime error: 
[16:18:41]undefined variable /obj/effect/portal/wormhole/var/swimming
runtime error: 
[16:18:41]undefined variable /obj/effect/portal/wormhole/var/swimming
runtime error: 
[16:18:41]undefined variable /obj/effect/portal/wormhole/var/swimming
runtime error: 
[16:18:47]undefined variable /obj/effect/portal/wormhole/var/swimming
runtime error: 
[16:18:47]undefined variable /obj/effect/portal/wormhole/var/swimming
runtime error: 
[16:18:48]undefined variable /obj/effect/portal/wormhole/var/swimming
runtime error: 
[16:18:48]undefined variable /obj/effect/portal/wormhole/var/swimming
runtime error: 
[16:18:48]undefined variable /obj/effect/portal/wormhole/var/swimming
runtime error: 
[16:18:54]undefined variable /obj/effect/portal/wormhole/var/swimming
runtime error: 
[16:18:54]undefined variable /obj/effect/portal/wormhole/var/swimming
runtime error: 
[16:18:54]undefined variable /obj/effect/portal/wormhole/var/swimming
runtime error: 
[16:18:54]undefined variable /obj/effect/portal/wormhole/var/swimming
runtime error: 
[16:18:54]undefined variable /obj/effect/portal/wormhole/var/swimming
## WARNING: A ref was requested of an object with use_tag set but no tag: the new player in code/__HELPERS/unsorted.dm at line 1500 src:  usr: the new player.
runtime error: 
[16:18:55]Cannot read null.key
runtime error: 
[16:19:02]undefined variable /obj/effect/portal/wormhole/var/swimming
runtime error: 
[16:19:02]undefined variable /obj/effect/portal/wormhole/var/swimming
runtime error: 
[16:19:02]undefined variable /obj/effect/portal/wormhole/var/swimming
runtime error: 
[16:19:10]undefined variable /obj/effect/portal/wormhole/var/swimming
runtime error: 
[16:19:10]undefined variable /obj/effect/portal/wormhole/var/swimming
runtime error: 
[16:19:17]undefined variable /obj/effect/portal/wormhole/var/swimming
runtime error: 
[16:19:17]undefined variable /obj/effect/portal/wormhole/var/swimming
runtime error: 
[16:19:17]undefined variable /obj/effect/portal/wormhole/var/swimming
runtime error: 
[16:19:17]undefined variable /obj/effect/portal/wormhole/var/swimming
runtime error: 
[16:19:17]undefined variable /obj/effect/portal/wormhole/var/swimming
runtime error: 
[16:19:23]undefined variable /obj/effect/portal/wormhole/var/swimming
runtime error: 
[16:19:24]undefined variable /obj/effect/portal/wormhole/var/swimming
runtime error: 
[16:19:30]undefined variable /obj/effect/portal/wormhole/var/swimming
runtime error: 
[16:19:30]undefined variable /obj/effect/portal/wormhole/var/swimming
runtime error: 
[16:19:30]undefined variable /obj/effect/portal/wormhole/var/swimming
runtime error: 
[16:19:30]undefined variable /obj/effect/portal/wormhole/var/swimming
runtime error: 
[16:19:37]undefined variable /obj/effect/portal/wormhole/var/swimming
runtime error: 
[16:19:50]undefined proc or verb /turf/open/space/break tile().

runtime error: 
[16:20:01]list index out of bounds
runtime error: 
[16:20:02]list index out of bounds
runtime error: 
[16:20:08]list index out of bounds
runtime error: 
[16:20:26]Cannot execute null.add reagent().
runtime error: 
[16:20:26]Cannot execute null.add reagent().
runtime error: 
[16:20:26]Cannot execute null.add reagent().
runtime error: 
[16:20:26]Cannot execute null.add reagent().
runtime error: 
[16:20:26]Cannot execute null.add reagent().
runtime error: 
[16:20:26]Cannot execute null.add reagent().
runtime error: 
[16:20:26]Cannot read null.species
## WARNING: A ref was requested of an object with use_tag set but no tag: the new player in code/__HELPERS/unsorted.dm at line 1500 src:  usr: the new player.
runtime error: 
[16:20:46]Cannot read null.key
runtime error: 
[16:21:13]Cannot execute null.add reagent().
runtime error: 
[16:21:13]Cannot execute null.add reagent().
runtime error: 
[16:21:13]Cannot execute null.add reagent().
runtime error: 
[16:21:13]Cannot execute null.add reagent().
runtime error: 
[16:21:13]Cannot execute null.add reagent().
runtime error: 
[16:21:13]Cannot execute null.add reagent().
runtime error: 
[16:21:18]list index out of bounds
runtime error: 
[16:21:54]Cannot execute null.add reagent().
runtime error: 
[16:21:58]Cannot execute null.add reagent().
runtime error: 
[16:22:00]list index out of bounds
runtime error: 
[16:22:09]undefined variable /turf/closed/wall/r_wall/var/air
runtime error: 
[16:22:09]Cannot execute null.archive().
runtime error: 
[16:22:09]Cannot read null.gases
runtime error: 
[16:22:10]Cannot execute null.archive().
runtime error: 
[16:22:10]Cannot read null.gases
runtime error: 
[16:22:10]Cannot execute null.archive().
runtime error: 
[16:22:10]Cannot read null.gases
runtime error: 
[16:22:10]Cannot execute null.archive().
runtime error: 
[16:22:10]Cannot read null.gases
runtime error: 
[16:22:10]Cannot execute null.archive().
runtime error: 
[16:22:10]Cannot read null.gases
runtime error: 
[16:22:10]Cannot execute null.archive().
runtime error: 
[16:22:10]Cannot read null.gases
Initialized 1717 atoms
runtime error: 
[16:22:21]Cannot execute null.add reagent().
runtime error: 
[16:22:22]Cannot execute null.add reagent().
runtime error: 
[16:22:22]Cannot execute null.add reagent().
runtime error: 
[16:23:11]Cannot execute null.add reagent().
runtime error: 
[16:25:51]Undefined variable /obj/effect/particle_effect/sparks/var/swimming

runtime error: 
[16:25:51]Undefined variable /obj/effect/particle_effect/sparks/var/swimming

runtime error: 
[16:25:51]Undefined variable /obj/effect/particle_effect/sparks/var/swimming

runtime error: 
[16:25:51]Undefined variable /obj/effect/particle_effect/sparks/var/swimming

runtime error: 
[16:25:51]Undefined variable /obj/effect/particle_effect/sparks/var/swimming

runtime error: 
[16:25:51]Undefined variable /obj/effect/particle_effect/sparks/var/swimming

runtime error: 
[16:25:51]Undefined variable /obj/effect/particle_effect/sparks/var/swimming

runtime error: 
[16:25:51]Undefined variable /obj/effect/particle_effect/sparks/var/swimming

runtime error: 
[16:25:52]Undefined variable /obj/effect/particle_effect/sparks/var/swimming

runtime error: 
[16:25:52]Undefined variable /obj/effect/particle_effect/sparks/var/swimming

runtime error: 
[16:25:52]Undefined variable /obj/effect/particle_effect/sparks/var/swimming

runtime error: 
[16:25:52]Undefined variable /obj/effect/particle_effect/sparks/var/swimming

runtime error: 
[16:25:52]Undefined variable /obj/effect/particle_effect/sparks/var/swimming

runtime error: 
[16:25:52]Undefined variable /obj/effect/anomaly/bluespace/var/swimming

runtime error: 
[16:25:52]Undefined variable /obj/item/stack/cable_coil/var/swimming

runtime error: 
[16:25:52]Undefined variable /obj/effect/particle_effect/sparks/var/swimming

runtime error: 
[16:25:52]Undefined variable /obj/effect/particle_effect/sparks/var/swimming

runtime error: 
[16:25:52]Undefined variable /obj/effect/particle_effect/sparks/var/swimming

runtime error: 
[16:25:53]Undefined variable /obj/effect/anomaly/grav/var/swimming

runtime error: 
[16:25:53]Undefined variable /obj/structure/chair/office/light/var/swimming

runtime error: 
[16:25:53]Undefined variable /obj/structure/chair/office/light/var/swimming

runtime error: 
[16:25:53]Undefined variable /obj/item/storage/toolbox/electrical/var/swimming

runtime error: 
[16:25:53]Undefined variable /obj/item/device/multitool/var/swimming

runtime error: 
[16:25:53]Undefined variable /obj/item/paper_bin/var/swimming

runtime error: 
[16:25:53]Undefined variable /obj/item/twohanded/required/kirbyplants/random/var/swimming

runtime error: 
[16:25:53]Undefined variable /obj/item/twohanded/required/kirbyplants/random/var/swimming

runtime error: 
[16:25:53]Undefined variable /obj/item/twohanded/required/kirbyplants/random/var/swimming

runtime error: 
[16:25:53]Undefined variable /obj/item/twohanded/required/kirbyplants/random/var/swimming

runtime error: 
[16:25:53]Undefined variable /obj/item/twohanded/required/kirbyplants/random/var/swimming

runtime error: 
[16:25:53]Undefined variable /obj/item/twohanded/required/kirbyplants/random/var/swimming

runtime error: 
[16:25:53]Undefined variable /obj/item/folder/white/var/swimming

runtime error: 
[16:25:53]Undefined variable /obj/item/folder/white/var/swimming

runtime error: 
[16:25:53]Undefined variable /obj/item/pen/var/swimming

runtime error: 
[16:25:53]Undefined variable /obj/item/pen/var/swimming

runtime error: 
[16:25:53]Undefined variable /obj/item/device/flashlight/lamp/var/swimming

runtime error: 
[16:25:53]Undefined variable /obj/item/device/flashlight/lamp/var/swimming

runtime error: 
[16:25:53]Undefined variable /obj/item/paper_bin/var/swimming

runtime error: 
[16:25:53]Undefined variable /obj/item/paper_bin/var/swimming

runtime error: 
[16:25:54]Undefined variable /obj/item/airlock_painter/var/swimming

runtime error: 
[16:25:54]Undefined variable /obj/effect/anomaly/pyro/var/swimming

runtime error: 
[16:25:54]Undefined variable /obj/effect/anomaly/flux/var/swimming

runtime error: 
[16:25:54]Undefined variable /obj/item/stack/sheet/metal/var/swimming

runtime error: 
[16:25:54]Undefined variable /obj/effect/countdown/anomaly/var/swimming

runtime error: 
[16:25:54]undefined proc or verb /mob/living/simple_animal/slime/remove overlay().

runtime error: 
[16:25:54]undefined proc or verb /mob/living/simple_animal/slime/remove overlay().

runtime error: 
[16:25:54]Undefined variable /obj/item/ore/iron/var/swimming

runtime error: 
[16:25:55]Undefined variable /obj/item/ore/iron/var/swimming

runtime error: 
[16:25:55]Undefined variable /obj/effect/countdown/anomaly/var/swimming

runtime error: 
[16:25:55]Undefined variable /obj/item/ore/iron/var/swimming

runtime error: 
[16:25:55]Undefined variable /obj/effect/countdown/anomaly/var/swimming

runtime error: 
[16:25:55]Undefined variable /obj/item/ore/iron/var/swimming

runtime error: 
[16:25:55]Undefined variable /obj/item/stack/rods/var/swimming

runtime error: 
[16:25:55]Undefined variable /obj/item/stack/cable_coil/var/swimming

runtime error: 
[16:25:55]undefined proc or verb /mob/living/simple_animal/butterfly/remove overlay().

runtime error: 
[16:25:55]undefined proc or verb /mob/living/simple_animal/butterfly/remove overlay().

runtime error: 
[16:25:55]undefined proc or verb /mob/living/simple_animal/butterfly/remove overlay().

runtime error: 
[16:25:55]undefined proc or verb /mob/living/simple_animal/butterfly/remove overlay().

runtime error: 
[16:25:55]undefined proc or verb /mob/living/simple_animal/hostile/asteroid/goldgrub/remove overlay().

runtime error: 
[16:25:55]undefined proc or verb /mob/living/simple_animal/butterfly/remove overlay().

runtime error: 
[16:25:56]undefined proc or verb /mob/living/simple_animal/hostile/asteroid/goldgrub/remove overlay().

runtime error: 
[16:25:57]undefined proc or verb /mob/living/simple_animal/hostile/asteroid/goldgrub/remove overlay().

runtime error: 
[16:25:58]undefined proc or verb /mob/living/simple_animal/butterfly/remove overlay().

runtime error: 
[16:25:58]undefined proc or verb /mob/living/simple_animal/butterfly/remove overlay().

runtime error: 
[16:25:58]undefined proc or verb /mob/living/simple_animal/butterfly/remove overlay().

runtime error: 
[16:25:58]undefined proc or verb /mob/living/simple_animal/butterfly/remove overlay().

runtime error: 
[16:25:58]undefined proc or verb /mob/living/simple_animal/hostile/asteroid/goldgrub/remove overlay().

runtime error: 
[16:25:59]undefined proc or verb /mob/living/simple_animal/hostile/poison/bees/remove overlay().

runtime error: 
[16:25:59]undefined proc or verb /mob/living/simple_animal/hostile/poison/bees/remove overlay().

runtime error: 
[16:25:59]undefined proc or verb /mob/living/simple_animal/hostile/poison/bees/remove overlay().

runtime error: 
[16:25:59]undefined proc or verb /mob/living/simple_animal/hostile/poison/bees/remove overlay().

runtime error: 
[16:25:59]undefined proc or verb /mob/living/simple_animal/hostile/asteroid/goldgrub/remove overlay().

runtime error: 
[16:25:59]undefined proc or verb /mob/living/simple_animal/hostile/poison/bees/remove overlay().

runtime error: 
[16:25:59]undefined proc or verb /mob/living/simple_animal/hostile/poison/bees/remove overlay().

runtime error: 
[16:25:59]undefined proc or verb /mob/living/simple_animal/hostile/poison/bees/remove overlay().

runtime error: 
[16:25:59]undefined proc or verb /mob/living/simple_animal/hostile/poison/bees/remove overlay().

runtime error: 
[16:25:59]undefined proc or verb /mob/living/simple_animal/hostile/poison/bees/remove overlay().

runtime error: 
[16:25:59]undefined proc or verb /mob/living/simple_animal/hostile/poison/bees/remove overlay().

runtime error: 
[16:25:59]undefined proc or verb /mob/living/simple_animal/hostile/poison/bees/remove overlay().

runtime error: 
[16:25:59]undefined proc or verb /mob/living/simple_animal/hostile/poison/bees/remove overlay().

runtime error: 
[16:25:59]undefined proc or verb /mob/living/simple_animal/hostile/poison/bees/remove overlay().

runtime error: 
[16:25:59]undefined proc or verb /mob/living/simple_animal/hostile/poison/bees/remove overlay().

runtime error: 
[16:25:59]undefined proc or verb /mob/living/simple_animal/hostile/poison/bees/remove overlay().

runtime error: 
[16:25:59]undefined proc or verb /mob/living/simple_animal/hostile/poison/bees/remove overlay().

runtime error: 
[16:26:00]undefined proc or verb /mob/living/simple_animal/hostile/poison/bees/remove overlay().

runtime error: 
[16:26:00]undefined proc or verb /mob/living/simple_animal/hostile/poison/bees/remove overlay().

runtime error: 
[16:26:00]undefined proc or verb /mob/living/simple_animal/hostile/poison/bees/remove overlay().

runtime error: 
[16:26:00]undefined proc or verb /mob/living/simple_animal/hostile/poison/bees/remove overlay().

runtime error: 
[16:26:00]undefined proc or verb /mob/living/simple_animal/hostile/poison/bees/remove overlay().

runtime error: 
[16:26:00]undefined proc or verb /mob/living/simple_animal/hostile/poison/bees/remove overlay().

runtime error: 
[16:26:00]undefined proc or verb /mob/living/simple_animal/hostile/poison/bees/remove overlay().

runtime error: 
[16:26:00]undefined proc or verb /mob/living/simple_animal/hostile/asteroid/goldgrub/remove overlay().

runtime error: 
[16:26:00]undefined proc or verb /mob/living/simple_animal/slime/remove overlay().

runtime error: 
[16:26:00]undefined proc or verb /mob/living/simple_animal/hostile/poison/bees/remove overlay().

runtime error: 
[16:26:00]undefined proc or verb /mob/living/simple_animal/hostile/retaliate/spaceman/remove overlay().

runtime error: 
[16:26:00]undefined proc or verb /mob/living/simple_animal/hostile/retaliate/spaceman/remove overlay().

runtime error: 
[16:26:00]undefined proc or verb /mob/living/simple_animal/hostile/poison/bees/remove overlay().

runtime error: 
[16:26:00]undefined proc or verb /mob/living/simple_animal/hostile/retaliate/spaceman/remove overlay().

runtime error: 
[16:26:00]undefined proc or verb /mob/living/simple_animal/hostile/poison/bees/remove overlay().

runtime error: 
[16:26:00]undefined proc or verb /mob/living/simple_animal/butterfly/remove overlay().

runtime error: 
[16:26:01]undefined proc or verb /mob/living/simple_animal/butterfly/remove overlay().

runtime error: 
[16:26:01]undefined proc or verb /mob/living/simple_animal/butterfly/remove overlay().

runtime error: 
[16:26:01]undefined proc or verb /mob/living/simple_animal/hostile/poison/bees/remove overlay().

## WARNING: A ref was requested of an object with use_tag set but no tag: the station self-destruct terminal in code/__HELPERS/unsorted.dm at line 1500 src:  usr: Raul Kemble.
runtime error: 
[16:26:27]Cannot execute null.add reagent().
runtime error: 
[16:26:27]Cannot execute null.add reagent().
## WARNING: A ref was requested of an object with use_tag set but no tag: the bee in code/__HELPERS/unsorted.dm at line 1500 src:  usr: 0.
## WARNING: A ref was requested of an object with use_tag set but no tag: the bee in code/__HELPERS/unsorted.dm at line 1500 src:  usr: 0.
runtime error: 
[16:26:54]Cannot execute null.add reagent().
## WARNING: A ref was requested of an object with use_tag set but no tag: the bee in code/__HELPERS/unsorted.dm at line 1500 src:  usr: 0.
runtime error: 
[16:27:00]Cannot execute null.add reagent().
runtime error: 
[16:27:05]Cannot execute null.add reagent().
Shutting down Persistence subsystem...
Shutting down Squeak subsystem...
Shutting down Shuttle subsystem...
Shutting down Lighting subsystem...
Shutting down XKeyScore subsystem...
Shutting down Sticky Ban subsystem...
Shutting down Overlay subsystem...
Shutting down Icon Smoothing subsystem...
Shutting down Assets subsystem...
Shutting down Minimap subsystem...
Shutting down Atmospherics subsystem...
Shutting down Weather subsystem...
Shutting down Vote subsystem...
Shutting down Title Screen subsystem...
Shutting down Time Tracking subsystem...
Shutting down Throwing subsystem...
Shutting down tgui subsystem...
Shutting down Sun subsystem...
Shutting down Space Drift subsystem...
Shutting down Religion subsystem...
Shutting down Radio subsystem...
Shutting down Radiation subsystem...
Shutting down Projectiles subsystem...
Shutting down Processing subsystem...
Shutting down Parallax subsystem...
Shutting down pAI subsystem...
Shutting down Orbits subsystem...
Shutting down Objects subsystem...
Shutting down NPC Pool subsystem...
Shutting down Mobs subsystem...
Shutting down Inbounds subsystem...
Shutting down Idling NPC Pool subsystem...
Shutting down Garbage subsystem...
Shutting down Flightpack Movement subsystem...
Shutting down Fire Burning subsystem...
Shutting down Fields subsystem...
Shutting down Fast Processing subsystem...
Shutting down Disease subsystem...
Shutting down Communications subsystem...
Shutting down Augury subsystem...
Shutting down Acid subsystem...
Shutting down Timer subsystem...
Shutting down Circuit subsystem...
Shutting down Machines subsystem...
Shutting down Language subsystem...
Shutting down Atoms subsystem...
Shutting down Mapping subsystem...
Shutting down Ticker subsystem...
Shutting down Jobs subsystem...
Shutting down Events subsystem...
Shutting down Server Tasks subsystem...
Shutting down Blackbox subsystem...
Shutting down Database subsystem...
Shutdown complete
World rebooted at 16:27:08
