

Starting up round ID . 16:36:26
---------------------
Noober84555 \ Noober \ cool guys high class \ NONE \ LATEJOIN
BiggiOS \ Graham Losey \ Shitcurity \ NONE \ LATEJOIN
Oscswe \ Jaraleet-Napetui \ cool guys high class \ NONE \ LATEJOIN
BadPanacea \ Itchy Tingle \ GORDON RAMSAY CHEF \ NONE \ LATEJOIN
ARTHURPANDOLFI \ Nelle Duncan \ MASON KILLERS \ NONE \ LATEJOIN
Ivanyuri \ KRAV MAGA \ Shitcurity \ NONE \ LATEJOIN
Ageum \ Harley Bitch \ cool guys high class \ NONE \ LATEJOIN
Ivanyuri \ KRAV MAGA \ Shitcurity \ NONE \ LATEJOIN
Novato BR \ Reed Fulton \ cool guys low class \ NONE \ LATEJOIN
Deranging \ Ass Blast Usa \ cool guys high class \ NONE \ LATEJOIN
Korgrock \ Nicolas Reade \ cool guys low class \ NONE \ LATEJOIN
Korgrock \ Nicolas Reade \ cool guys high class \ NONE \ LATEJOIN
Ageum \ Harley Bitch \ cool guys high class \ NONE \ LATEJOIN
Novato BR \ Reed Fulton \ cool guys low class \ NONE \ LATEJOIN
Ayyyy \ James smith \ cool guys high class \ NONE \ LATEJOIN
Deranging \ Ass Blast Usa \ cool guys high class \ NONE \ LATEJOIN
Deranging \ Ass Blast Usa \ cool guys high class \ NONE \ LATEJOIN
Korgrock \ Nicolas Reade \ GORDON RAMSAY CHEF \ NONE \ LATEJOIN
Liparelli21 \ Mistro Corno \ cool guys low class \ NONE \ LATEJOIN
