

Starting up round ID . 12:33:42
---------------------
[12:33:42]ADMIN: Loading Banlist
[12:33:43]GAME: Saved mode is 'sandbox'
[12:34:07]ACCESS: Login: Noober84555 from 127.0.0.1-645371209 || BYOND v511
[12:34:07]ACCESS: Mob Login: Noober84555/(Noober84555) was assigned to a /mob/dead/new_player
[12:34:12]ADMIN: Noober84555/(Noober84555) stopped all currently playing sounds.
[12:35:25]ACCESS: Login: MACIEKBAKI from 83.29.232.21-1062000716 || BYOND v511
[12:35:25]ACCESS: Mob Login: MACIEKBAKI/(MACIEKBAKI) was assigned to a /mob/dead/new_player
[12:36:28]EMOTE: *no key*/(Persephone) : <b>Persephone</b> shakes its head (166,139,2)
[12:36:28]EMOTE: *no key*/(Citrus) : <b>Citrus</b> looks around sleepily. (171,221,2)
[12:36:28]SAY: mouse/ : Squeek! (202,231,2)
[12:36:30]SAY: Officer Beepsky/ : Engaging patrol mode. (186,190,2)
[12:36:30]SAY: Prison Ofitser/ : Engaging patrol mode. (23,36,5)
[12:36:30]SAY: Prison Ofitser/ : Disengaging patrol mode. (23,36,5)
[12:36:32]EMOTE: *no key*/(monkey (234)) : <b>The monkey (234)</b> rolls. (184,119,2)
[12:36:35]ACCESS: Mob Login: Noober84555/(U To Fat Irl) was assigned to a /mob/living/carbon/human
[12:36:48]SAY: Renault/ : Geckers (151,193,2)
[12:36:52]EMOTE: *no key*/(monkey (711)) : <b>The monkey (711)</b> rolls. (204,21,2)
[12:36:57]SAY: Persephone/ : HSSSSS (166,140,2)
[12:37:12]EMOTE: *no key*/(pug) : <b>Swanson</b> chases its tail. (105,142,2)
[12:37:16]ACCESS: Mob Login: MACIEKBAKI/(Mr Lmao) was assigned to a /mob/living/carbon/human
[12:37:29]EMOTE: *no key*/(Poly) : <b>Poly</b> looks in the BreatheDeep cartridge's direction and takes flight. (80,190,2)
[12:37:44]EMOTE: *no key*/(monkey (229)) : <b>The monkey (229)</b> scratches. (184,119,2)
[12:37:58]GAME: MACIEKBAKI/(Mr Lmao) planted X4 on floor at (0,0,0) with 10 second fuse
[12:38:01]EMOTE: *no key*/(monkey (948)) : <b>The monkey (948)</b> waves her tail. (204,25,2)
[12:38:03]SAY: Mr Lmao/MACIEKBAKI : ALLAHU AKBAR (142,264,2)
[12:38:05]SAY: Poly/ : Breaking news from Station Announcements! (80,190,2)
[12:38:09]GAME: Explosion with size (0, 2, 5, 0) in area Arrival Shuttle (148,259,2)
[12:38:09]EMOTE: Noober84555/(U To Fat Irl) : <b>U To Fat Irl</b> seizes up and falls limp, their eyes dead and lifeless... (148,259,2)
[12:38:09]GAME: Explosion with size (0, 0, 3, 0) in area Arrival Shuttle (148,259,2)
[12:38:09]GAME: Explosion with size (0, 0, 3, 0) in area Arrival Shuttle (148,259,2)
[12:38:09]GAME: Explosion with size (0, 0, 3, 0) in area Arrival Shuttle (148,259,2)
[12:38:09]GAME: Explosion with size (0, 0, 3, 0) in area Arrival Shuttle (148,259,2)
[12:38:09]GAME: Explosion with size (0, 0, 3, 0) in area Arrival Shuttle (148,259,2)
[12:38:09]GAME: Explosion with size (0, 0, 3, 0) in area Arrival Shuttle (148,259,2)
[12:38:09]GAME: Explosion with size (0, 0, 3, 0) in area Arrival Shuttle (148,259,2)
[12:38:18]SAY: Medibot/ : I knew it, I should&#39;ve been a plastic surgeon. (154,73,1)
[12:38:22]GAME: MACIEKBAKI/(Mr Lmao) planted X4 on floor at (0,0,0) with 10 second fuse
[12:38:24]EMOTE: *no key*/(Citrus) : <b>Citrus</b> looks around sleepily. (172,221,2)
[12:38:26]GAME: MACIEKBAKI/(Mr Lmao) planted X4 on floor at (0,0,0) with 10 second fuse
[12:38:29]EMOTE: *no key*/(monkey (919)) : <b>The monkey (919)</b> jumps! (160,141,2)
[12:38:29]EMOTE: *no key*/(Poly) : <b>Poly</b> looks in the BreatheDeep cartridge's direction and takes flight. (80,190,2)
[12:38:32]GAME: Explosion with size (0, 2, 5, 0) in area Arrival Shuttle (147,259,2)
[12:38:37]EMOTE: *no key*/(monkey (948)) : <b>The monkey (948)</b> waves her tail. (203,25,2)
[12:38:37]GAME: Explosion with size (0, 2, 5, 0) in area Arrival Shuttle (147,259,2)
[12:38:43]ACCESS: Mob Login: Noober84555/(U To Fat Irl) was assigned to a /mob/dead/observer
[12:38:52]ADMIN: MACIEKBAKI/(Mr Lmao) punished *no key*/(U To Fat Irl) with Gib.
[12:38:53]EMOTE: *no key*/(grey baby slime (173)) : <b>The grey baby slime (173)</b> lights up for a bit, then stops. (103,161,2)
[12:38:57]EMOTE: *no key*/(Ian) : <b>Ian</b> dances around. (134,181,2)
[12:39:13]EMOTE: *no key*/(Poly) : <b>Poly</b> squawks. (80,190,2)
[12:39:15]SAY: Medibot/ : Radar, put a mask on! (154,73,1)
[12:39:16]EMOTE: *no key*/(monkey (919)) : <b>The monkey (919)</b> waves his tail. (160,142,2)
[12:39:26]EMOTE: *no key*/(Poly) : <b>Poly</b> looks in the BreatheDeep cartridge's direction and takes flight. (80,190,2)
[12:39:26]SAY: Poly/ : Twice the calories for half the price! (80,190,2)
[12:39:27]EMOTE: *no key*/(monkey (919)) : <b>The monkey (919)</b> waves his tail. (160,142,2)
[12:39:50]EMOTE: *no key*/(Persephone) : <b>Persephone</b> shakes out its coat. (166,139,2)
[12:40:01]EMOTE: *no key*/(pug) : <b>Swanson</b> shivers. (107,142,2)
[12:40:05]SAY: Poly/ : Don&#39;t believe the reports - smoke today! (80,190,2)
[12:40:07]EMOTE: *no key*/(Persephone) : <b>Persephone</b> meows (166,140,2)
[12:40:07]SAY: Poly/ : Breaking news from Station Announcements! (80,190,2)
[12:40:10]EMOTE: *no key*/(monkey (229)) : <b>The monkey (229)</b> jumps! (185,118,2)
[12:40:11]EMOTE: *no key*/(mouse) : <b>The mouse</b> runs in a circle. (202,230,2)
[12:40:12]EMOTE: *no key*/(grey baby slime (447)) : <b>The grey baby slime (447)</b> lights up for a bit, then stops. (112,163,2)
[12:40:20]EMOTE: *no key*/(monkey (365)) : <b>The monkey (365)</b> scratches. (185,119,2)
[12:40:20]EMOTE: *no key*/(monkey (919)) : <b>The monkey (919)</b> jumps! (160,141,2)
[12:40:21]EMOTE: *no key*/(Poly) : <b>Poly</b> looks in the chief engineer's rubber stamp's direction and takes flight. (80,190,2)
[12:40:22]EMOTE: *no key*/(monkey (678)) : <b>The monkey (678)</b> jumps! (188,8,2)
[12:40:23]SAY: Swanson/ : Woof! (107,141,2)
[12:40:23]EMOTE: *no key*/(Citrus) : <b>Citrus</b> looks around sleepily. (172,221,2)
[12:40:24]EMOTE: *no key*/(monkey (711)) : <b>The monkey (711)</b> jumps! (204,21,2)
[12:40:25]EMOTE: *no key*/(Poly) : <b>Poly</b> flutters its wings. (80,190,2)
[12:40:26]EMOTE: *no key*/(pug) : <b>Swanson</b> chases its tail. (107,141,2)
[12:40:31]SAY: Medibot/ : Radar, put a mask on! (155,73,1)
[12:40:40]SAY: Swanson/ : YAP (107,141,2)
[12:40:52]EMOTE: *no key*/(monkey (678)) : <b>The monkey (678)</b> scratches. (187,8,2)
[12:40:54]EMOTE: *no key*/(monkey (365)) : <b>The monkey (365)</b> scratches. (186,118,2)
[12:40:58]ACCESS: Logout: Noober84555/(U To Fat Irl)
[12:40:58]ACCESS: Logout: MACIEKBAKI/(Mr Lmao)
