

Starting up round ID . 23:06:17
---------------------
[23:06:17]ADMIN: Loading Banlist
[23:06:18]GAME: Saved mode is 'sandbox'
[23:06:22]ACCESS: Login: Noober84555 from 127.0.0.1-645371209 || BYOND v511
[23:06:22]ACCESS: Mob Login: Noober84555/(Noober84555) was assigned to a /mob/dead/new_player
[23:07:14]GAME: Hierophant's Arena loaded at at 115,37,5
[23:07:14]GAME: Ruin of Sloth loaded at at 91,74,5
[23:07:14]GAME: Blood-Drunk Miner (Guidance) loaded at at 63,65,5
[23:07:14]GAME: Empty Shell loaded at at 61,229,4
[23:08:44]EMOTE: *no key*/(pug) : <b>Swanson</b> chases its tail. (107,142,2)
[23:08:46]SAY: Officer Beepsky/ : Engaging patrol mode. (186,190,2)
[23:08:46]SAY: Prison Ofitser/ : Engaging patrol mode. (23,36,5)
[23:08:46]SAY: Prison Ofitser/ : Disengaging patrol mode. (23,36,5)
[23:08:48]EMOTE: *no key*/(Persephone) : <b>Persephone</b> shakes out its coat. (166,139,2)
[23:09:01]SAY: Medibot/ : Radar, put a mask on! (154,73,1)
[23:09:01]EMOTE: *no key*/(Poly) : <b>Poly</b> turns and flies towards the folder. (83,189,2)
[23:09:04]SAY: grey baby slime (322)/ : Rawr... (105,163,2)
[23:09:07]EMOTE: *no key*/(Citrus) : <b>Citrus</b> yawns. (170,222,2)
[23:09:07]SAY: Nobody's Perfect/ : I knew it, I should&#39;ve been a plastic surgeon. (24,75,1)
[23:09:08]ACCESS: Mob Login: Noober84555/(Noober) was assigned to a /mob/living/carbon/human
[23:09:28]ADMIN: Noober84555/(Noober) jumped to Noober84555/(Noober)
[23:09:28]EMOTE: *no key*/(grey baby slime (20)) : <b>The grey baby slime (20)</b> jiggles! (107,151,2)
[23:09:28]EMOTE: *no key*/(Mojo XXXIII) : <b>Mojo XXXIII</b> rolls. (136,212,2)
[23:09:30]ADMIN: Noober84555/(Noober) jumped to Bar
[23:09:34]ACCESS: Logout: Noober84555/(Noober)
