

Starting up round ID . 16:47:40
---------------------
[16:47:41]ADMIN: Loading Banlist
[16:47:42]GAME: Saved mode is 'sandbox'
[16:49:21]GAME: Hierophant's Arena loaded at at 217,119,5
[16:49:21]GAME: Blood-Drunk Miner (Hunter) loaded at at 46,193,5
[16:49:21]GAME: Ruin of Sloth loaded at at 125,138,5
[16:49:21]GAME: Detached Teleporter loaded at at 280,27,4
[16:55:17]SAY: Officer Beepsky/ : Engaging patrol mode. (186,190,2)
[16:55:17]SAY: Prison Ofitser/ : Engaging patrol mode. (23,36,5)
[16:55:17]SAY: Prison Ofitser/ : Disengaging patrol mode. (23,36,5)
[16:55:31]EMOTE: *no key*/(Ian) : <b>Ian</b> dances around. (137,182,2)
[16:55:40]EMOTE: *no key*/(Citrus) : <b>Citrus</b> dozes off. (171,222,2)
[16:55:43]EMOTE: *no key*/(monkey (831)) : <b>The monkey (831)</b> rolls. (160,142,2)
[16:55:58]SAY: emergency medibot/ : I knew it, I should&#39;ve been a plastic surgeon. (222,84,1)
[16:55:58]SAY: Poly/ : Check the crystal, you chucklefucks! (80,190,2)
[16:56:01]EMOTE: *no key*/(grey baby slime (850)) : <b>The grey baby slime (850)</b> vibrates! (112,161,2)
[16:56:10]EMOTE: *no key*/(Poly) : <b>Poly</b> looks in the BreatheDeep cartridge's direction and takes flight. (80,190,2)
[16:56:32]SAY: mouse/ : SQUEEK! (196,226,2)
[16:56:33]EMOTE: *no key*/(Mojo XIX) : <b>Mojo XIX</b> jumps! (135,220,2)
[16:56:52]SAY: Ian/ : Bark! (135,183,2)
[16:56:57]EMOTE: *no key*/(monkey (611)) : <b>The monkey (611)</b> rolls. (160,139,2)
[16:57:08]EMOTE: *no key*/(Poly) : <b>Poly</b> looks in the BreatheDeep cartridge's direction and takes flight. (80,190,2)
[16:57:11]SAY: Poly/ : Try our new nougat bar! (80,190,2)
[16:57:15]EMOTE: *no key*/(Persephone) : <b>Persephone</b> grooms its fur. (167,141,2)
[16:57:21]EMOTE: *no key*/(monkey (922)) : <b>The monkey (922)</b> waves her tail. (184,118,2)
[16:57:34]EMOTE: *no key*/(monkey (57)) : <b>The monkey (57)</b> rolls. (160,140,2)
[16:57:36]EMOTE: *no key*/(monkey (611)) : <b>The monkey (611)</b> scratches. (160,142,2)
[16:57:48]EMOTE: *no key*/(Persephone) : <b>Persephone</b> crouches on its hind legs. (166,141,2)
[16:58:00]SAY: Persephone/ : Esp! (166,141,2)
[16:58:06]EMOTE: *no key*/(Poly) : <b>Poly</b> looks in the BreatheDeep cartridge's direction and takes flight. (80,190,2)
[16:58:28]EMOTE: *no key*/(Ian) : <b>Ian</b> chases its tail! (136,186,2)
[16:58:30]EMOTE: *no key*/(monkey (611)) : <b>The monkey (611)</b> rolls. (160,140,2)
[16:58:32]EMOTE: *no key*/(Persephone) : <b>Persephone</b> stretches out for a belly rub. (166,141,2)
[16:58:32]EMOTE: *no key*/(grey baby slime (850)) : <b>The grey baby slime (850)</b> vibrates! (111,161,2)
[16:58:34]EMOTE: *no key*/(pug) : <b>Swanson</b> chases its tail. (105,143,2)
[16:58:38]SAY: Medibot/ : There&#39;s always a catch, and I&#39;m the best there is. (155,73,1)
[16:58:45]EMOTE: *no key*/(Citrus) : <b>Citrus</b> looks around sleepily. (170,221,2)
[16:58:47]EMOTE: *no key*/(Ian) : <b>Ian</b> dances around. (136,186,2)
[16:58:49]SAY: mouse/ : Squeek! (201,229,2)
[16:58:51]SAY: Medibot/ : There&#39;s always a catch, and I&#39;m the best there is. (155,73,1)
[16:58:55]SAY: Renault/ : Tchoff (157,196,2)
[16:58:59]SAY: Persephone/ : Meow! (166,141,2)
[16:59:04]EMOTE: *no key*/(Poly) : <b>Poly</b> looks in the chief engineer's rubber stamp's direction and takes flight. (80,190,2)
[16:59:13]EMOTE: *no key*/(pug) : <b>Swanson</b> chases its tail. (106,142,2)
[16:59:14]SAY: emergency medibot/ : What kind of medbay is this? Everyone&#39;s dropping like flies. (222,84,1)
[16:59:21]EMOTE: *no key*/(Mojo XIX) : <b>Mojo XIX</b> scratches. (135,223,2)
[16:59:35]EMOTE: *no key*/(monkey (57)) : <b>The monkey (57)</b> waves his tail. (160,142,2)
[16:59:40]SAY: Poly/ : Don&#39;t believe the reports - smoke today! (80,190,2)
[16:59:53]EMOTE: *no key*/(Persephone) : <b>Persephone</b> lies down. (166,141,2)
[16:59:53]EMOTE: *no key*/(Mojo XIX) : <b>Mojo XIX</b> scratches. (135,224,2)
[17:00:01]EMOTE: *no key*/(Poly) : <b>Poly</b> looks in the Cohiba Robusto cigar's direction and takes flight. (80,190,2)
[17:00:02]EMOTE: *no key*/(Persephone) : <b>Persephone</b> looks alert. (166,141,2)
[17:00:14]EMOTE: *no key*/(Persephone) : <b>Persephone</b> stretches out for a belly rub. (166,141,2)
[17:00:20]SAY: Swanson/ : AUUUUUU (107,142,2)
[17:00:20]EMOTE: *no key*/(Poly) : <b>Poly</b> bawks! (80,190,2)
[17:00:31]EMOTE: *no key*/(Persephone) : <b>Persephone</b> shakes its head (166,141,2)
[17:00:35]EMOTE: *no key*/(Persephone) : <b>Persephone</b> meows (166,141,2)
[17:00:50]SAY: Medibot/ : Delicious! (154,73,1)
[17:00:59]EMOTE: *no key*/(Persephone) : <b>Persephone</b> sits down. (166,141,2)
[17:01:00]EMOTE: *no key*/(Poly) : <b>Poly</b> looks in the premium Havanian cigar's direction and takes flight. (80,190,2)
[17:01:02]SAY: Medibot/ : Radar, put a mask on! (155,73,1)
[17:01:25]SAY: emergency medibot/ : What kind of medbay is this? Everyone&#39;s dropping like flies. (222,84,1)
[17:01:31]SAY: Poly/ : Twice the calories for half the price! (80,190,2)
[17:01:31]SAY: Nobody's Perfect/ : I knew it, I should&#39;ve been a plastic surgeon. (24,75,1)
[17:01:45]EMOTE: *no key*/(grey baby slime (704)) : <b>The grey baby slime (704)</b> vibrates! (108,151,2)
[17:01:49]EMOTE: *no key*/(monkey (831)) : <b>The monkey (831)</b> scratches. (160,141,2)
[17:01:59]EMOTE: *no key*/(Mojo XIX) : <b>Mojo XIX</b> jumps! (138,228,2)
[17:02:21]EMOTE: *no key*/(Poly) : <b>Poly</b> looks in the premium Havanian cigar's direction and takes flight. (80,190,2)
[17:02:23]SAY: mouse/ : Squeek? (199,224,2)
[17:02:24]EMOTE: *no key*/(monkey (611)) : <b>The monkey (611)</b> rolls. (160,140,2)
[17:02:25]EMOTE: *no key*/(pug) : <b>Swanson</b> chases its tail. (105,141,2)
[17:02:28]SAY: Renault/ : Ack-Ack (155,194,2)
[17:02:32]SAY: Nobody's Perfect/ : Radar, put a mask on! (24,75,1)
[17:02:35]EMOTE: *no key*/(monkey (611)) : <b>The monkey (611)</b> waves his tail. (160,141,2)
[17:02:36]EMOTE: *no key*/(pug) : <b>Swanson</b> chases its tail. (105,141,2)
[17:02:37]EMOTE: *no key*/(Persephone) : <b>Persephone</b> walks around. (166,141,2)
[17:02:40]SAY: Medibot/ : What kind of medbay is this? Everyone&#39;s dropping like flies. (155,73,1)
[17:02:52]EMOTE: *no key*/(Ian) : <b>Ian</b> dances around. (135,189,2)
[17:03:02]EMOTE: *no key*/(Renault) : <b>Renault</b> howls. (156,196,2)
[17:03:14]EMOTE: *no key*/(grey baby slime (704)) : <b>The grey baby slime (704)</b> vibrates! (109,152,2)
[17:03:19]EMOTE: *no key*/(Poly) : <b>Poly</b> looks in the premium cigar's direction and takes flight. (80,190,2)
[17:03:20]EMOTE: *no key*/(Persephone) : <b>Persephone</b> lies down. (166,141,2)
[17:03:27]SAY: Persephone/ : HSSSSS (166,141,2)
[17:03:34]EMOTE: *no key*/(Persephone) : <b>Persephone</b> gets up and meows. (166,141,2)
[17:03:37]SAY: Nobody's Perfect/ : There&#39;s always a catch, and I&#39;m the best there is. (24,75,1)
[17:03:42]EMOTE: *no key*/(monkey (611)) : <b>The monkey (611)</b> jumps! (160,139,2)
[17:03:47]SAY: Nobody's Perfect/ : There&#39;s always a catch, and I&#39;m the best there is. (24,75,1)
[17:03:49]EMOTE: *no key*/(mouse) : <b>The mouse</b> runs in a circle. (201,229,2)
[17:03:53]EMOTE: *no key*/(Ian) : <b>Ian</b> barks! (136,189,2)
[17:03:55]SAY: Nobody's Perfect/ : Delicious! (24,75,1)
[17:03:57]EMOTE: *no key*/(mouse) : <b>The mouse</b> shakes. (198,226,2)
[17:03:58]EMOTE: *no key*/(Ian) : <b>Ian</b> chases its tail! (136,189,2)
[17:04:00]EMOTE: *no key*/(monkey (602)) : <b>The monkey (602)</b> rolls. (187,118,2)
[17:04:02]EMOTE: *no key*/(Citrus) : <b>Citrus</b> looks around sleepily. (171,219,2)
[17:04:06]EMOTE: *no key*/(Ian) : <b>Ian</b> chases its tail! (136,190,2)
[17:04:08]SAY: grey baby slime (704)/ : Rawr... (109,152,2)
[17:04:08]EMOTE: *no key*/(Persephone) : <b>Persephone</b> meows (166,141,2)
[17:04:12]EMOTE: *no key*/(monkey (57)) : <b>The monkey (57)</b> jumps! (160,140,2)
[17:04:12]EMOTE: *no key*/(monkey (611)) : <b>The monkey (611)</b> rolls. (160,141,2)
[17:04:16]EMOTE: *no key*/(monkey (693)) : <b>The monkey (693)</b> rolls. (188,119,2)
[17:04:16]EMOTE: *no key*/(Poly) : <b>Poly</b> looks in the Power-ON cartridge's direction and takes flight. (80,190,2)
[17:04:20]EMOTE: *no key*/(monkey (611)) : <b>The monkey (611)</b> rolls. (160,141,2)
[17:04:22]EMOTE: *no key*/(Citrus) : <b>Citrus</b> snores. (171,219,2)
[17:04:24]EMOTE: *no key*/(grey baby slime (146)) : <b>The grey baby slime (146)</b> bounces in place. (103,162,2)
[17:04:26]EMOTE: *no key*/(Persephone) : <b>Persephone</b> wags its tail. (166,140,2)
[17:04:26]SAY: Nobody's Perfect/ : What kind of medbay is this? Everyone&#39;s dropping like flies. (24,75,1)
[17:04:34]EMOTE: *no key*/(grey baby slime (850)) : <b>The grey baby slime (850)</b> jiggles! (112,162,2)
[17:04:42]EMOTE: *no key*/(Persephone) : <b>Persephone</b> walks around. (166,140,2)
[17:04:42]SAY: Poly/ : Try our new nougat bar! (80,190,2)
[17:04:44]EMOTE: *no key*/(grey baby slime (146)) : <b>The grey baby slime (146)</b> lights up for a bit, then stops. (103,163,2)
[17:04:46]EMOTE: *no key*/(Renault) : <b>Renault</b> barks. (160,196,2)
[17:04:50]EMOTE: *no key*/(monkey (922)) : <b>The monkey (922)</b> rolls. (188,119,2)
[17:04:50]EMOTE: *no key*/(monkey (57)) : <b>The monkey (57)</b> waves his tail. (160,140,2)
[17:04:52]SAY: Poly/ : Don&#39;t believe the reports - smoke today! (80,190,2)
[17:04:58]SAY: emergency medibot/ : There&#39;s always a catch, and I&#39;m the best there is. (222,84,1)
[17:05:10]EMOTE: *no key*/(monkey (57)) : <b>The monkey (57)</b> rolls. (160,140,2)
[17:05:12]EMOTE: *no key*/(monkey (922)) : <b>The monkey (922)</b> rolls. (188,119,2)
[17:05:21]EMOTE: *no key*/(mouse) : <b>The mouse</b> shakes. (198,225,2)
[17:05:29]EMOTE: *no key*/(Ian) : <b>Ian</b> barks! (136,189,2)
[17:05:31]EMOTE: *no key*/(Poly) : <b>Poly</b> looks in the Power-ON cartridge's direction and takes flight. (80,190,2)
[17:05:31]SAY: Poly/ : Attention! Wanted issue distributed! (80,190,2)
[17:05:32]EMOTE: *no key*/(Mojo XIX) : <b>Mojo XIX</b> rolls. (138,227,2)
[17:05:34]EMOTE: *no key*/(monkey (693)) : <b>The monkey (693)</b> rolls. (186,118,2)
[17:05:39]SAY: Renault/ : Ack-Ack (159,196,2)
[17:05:41]SAY: Medibot/ : There&#39;s always a catch, and I&#39;m the best there is. (154,73,1)
[17:05:43]SAY: Nobody's Perfect/ : Delicious! (24,75,1)
[17:05:48]EMOTE: *no key*/(monkey (922)) : <b>The monkey (922)</b> rolls. (187,118,2)
[17:05:50]EMOTE: *no key*/(monkey (57)) : <b>The monkey (57)</b> jumps! (160,141,2)
[17:05:55]EMOTE: *no key*/(Ian) : <b>Ian</b> barks! (136,190,2)
[17:06:12]EMOTE: *no key*/(mouse) : <b>The mouse</b> runs in a circle. (200,225,2)
[17:06:24]EMOTE: *no key*/(grey baby slime (704)) : <b>The grey baby slime (704)</b> vibrates! (108,151,2)
[17:06:26]EMOTE: *no key*/(Ian) : <b>Ian</b> chases its tail! (136,188,2)
[17:06:28]EMOTE: *no key*/(monkey (831)) : <b>The monkey (831)</b> waves her tail. (160,140,2)
[17:06:30]EMOTE: *no key*/(monkey (831)) : <b>The monkey (831)</b> waves her tail. (160,140,2)
[17:06:30]EMOTE: *no key*/(Poly) : <b>Poly</b> looks in the Power-ON cartridge's direction and takes flight. (80,190,2)
[17:06:38]EMOTE: *no key*/(monkey (602)) : <b>The monkey (602)</b> scratches. (187,118,2)
[17:06:50]EMOTE: *no key*/(monkey (693)) : <b>The monkey (693)</b> rolls. (184,118,2)
[17:06:52]EMOTE: *no key*/(Persephone) : <b>Persephone</b> grooms its fur. (166,140,2)
[17:06:56]EMOTE: *no key*/(Ian) : <b>Ian</b> chases its tail! (135,188,2)
[17:07:12]EMOTE: *no key*/(Persephone) : <b>Persephone</b> sits down. (167,140,2)
[17:07:19]SAY: Medibot/ : There&#39;s always a catch, and I&#39;m the best there is. (155,73,1)
[17:07:24]EMOTE: *no key*/(grey baby slime (146)) : <b>The grey baby slime (146)</b> bounces in place. (103,162,2)
[17:07:26]EMOTE: *no key*/(grey baby slime (146)) : <b>The grey baby slime (146)</b> vibrates! (104,162,2)
[17:07:29]SAY: Medibot/ : Radar, put a mask on! (155,73,1)
[17:07:29]EMOTE: *no key*/(Poly) : <b>Poly</b> looks in the Power-ON cartridge's direction and takes flight. (80,190,2)
[17:07:29]SAY: Renault/ : Awoo (157,196,2)
[17:07:34]EMOTE: *no key*/(Persephone) : <b>Persephone</b> stops resting. (167,140,2)
[17:07:40]EMOTE: *no key*/(Persephone) : <b>Persephone</b> shakes out its coat. (166,140,2)
[17:07:47]EMOTE: *no key*/(mouse) : <b>The mouse</b> runs in a circle. (200,231,2)
[17:07:55]EMOTE: *no key*/(Poly) : <b>Poly</b> bawks! (80,190,2)
[17:07:59]EMOTE: *no key*/(Citrus) : <b>Citrus</b> snores. (171,220,2)
[17:08:02]EMOTE: *no key*/(Persephone) : <b>Persephone</b> lies down. (166,139,2)
[17:08:12]EMOTE: *no key*/(monkey (831)) : <b>The monkey (831)</b> scratches. (160,139,2)
[17:08:28]EMOTE: *no key*/(Poly) : <b>Poly</b> looks in the burn patch's direction and takes flight. (80,190,2)
[17:08:28]EMOTE: *no key*/(Poly) : <b>Poly</b> squawks. (80,190,2)
[17:08:34]EMOTE: *no key*/(pug) : <b>Swanson</b> chases its tail. (105,142,2)
[17:08:36]SAY: Persephone/ : Purr! (166,139,2)
[17:08:46]EMOTE: *no key*/(grey baby slime (704)) : <b>The grey baby slime (704)</b> vibrates! (108,152,2)
[17:08:52]EMOTE: *no key*/(grey baby slime (704)) : <b>The grey baby slime (704)</b> bounces in place. (107,152,2)
[17:08:53]SAY: Poly/ : Twice the calories for half the price! (80,190,2)
[17:08:55]SAY: Poly/ : Twice the calories for half the price! (80,190,2)
[17:09:00]EMOTE: *no key*/(Persephone) : <b>Persephone</b> walks around. (166,139,2)
[17:09:00]EMOTE: *no key*/(grey baby slime (850)) : <b>The grey baby slime (850)</b> bounces in place. (113,163,2)
[17:09:18]EMOTE: *no key*/(Persephone) : <b>Persephone</b> looks alert. (166,140,2)
[17:09:21]EMOTE: *no key*/(mouse) : <b>The mouse</b> squeeks. (199,226,2)
[17:09:26]EMOTE: *no key*/(grey baby slime (704)) : <b>The grey baby slime (704)</b> bounces in place. (108,153,2)
[17:09:27]EMOTE: *no key*/(Poly) : <b>Poly</b> looks in the Zippo lighter's direction and takes flight. (80,190,2)
[17:09:29]EMOTE: *no key*/(Citrus) : <b>Citrus</b> snores. (170,221,2)
[17:09:31]SAY: Poly/ : Twice the calories for half the price! (82,192,2)
[17:09:53]SAY: Nobody's Perfect/ : I knew it, I should&#39;ve been a plastic surgeon. (24,75,1)
[17:09:57]SAY: Poly/ : Twice the calories for half the price! (80,190,2)
[17:10:01]EMOTE: *no key*/(Ian) : <b>Ian</b> yaps. (134,186,2)
[17:10:03]EMOTE: *no key*/(Persephone) : <b>Persephone</b> stops resting. (166,140,2)
[17:10:03]EMOTE: *no key*/(monkey (611)) : <b>The monkey (611)</b> rolls. (160,139,2)
[17:10:09]SAY: Nobody's Perfect/ : I knew it, I should&#39;ve been a plastic surgeon. (24,75,1)
[17:10:13]EMOTE: *no key*/(Persephone) : <b>Persephone</b> crouches on its hind legs. (167,140,2)
[17:10:19]SAY: Nobody's Perfect/ : Radar, put a mask on! (24,75,1)
[17:10:21]EMOTE: *no key*/(monkey (831)) : <b>The monkey (831)</b> waves her tail. (160,140,2)
[17:10:21]SAY: Swanson/ : Woof! (107,142,2)
[17:10:25]EMOTE: *no key*/(monkey (922)) : <b>The monkey (922)</b> jumps! (187,118,2)
[17:10:29]EMOTE: *no key*/(monkey (57)) : <b>The monkey (57)</b> jumps! (160,142,2)
[17:10:40]EMOTE: *no key*/(Ian) : <b>Ian</b> chases its tail. (135,185,2)
[17:10:44]EMOTE: *no key*/(Citrus) : <b>Citrus</b> snores. (170,221,2)
[17:10:47]EMOTE: *no key*/(monkey (922)) : <b>The monkey (922)</b> rolls. (188,118,2)
[17:10:49]EMOTE: *no key*/(grey baby slime (704)) : <b>The grey baby slime (704)</b> vibrates! (108,153,2)
[17:10:53]EMOTE: *no key*/(monkey (602)) : <b>The monkey (602)</b> scratches. (184,118,2)
[17:10:58]SAY: Ian/ : YAP (135,184,2)
[17:11:01]EMOTE: *no key*/(grey baby slime (704)) : <b>The grey baby slime (704)</b> vibrates! (108,153,2)
[17:11:17]SAY: Renault/ : Ack-Ack-Ack-Ackawoooo (158,193,2)
[17:11:27]SAY: Poly/ : Attention! Wanted issue distributed! (80,190,2)
[17:11:35]SAY: Poly/ : Try our new nougat bar! (80,190,2)
[17:11:37]EMOTE: *no key*/(monkey (602)) : <b>The monkey (602)</b> waves her tail. (187,118,2)
[17:11:43]EMOTE: *no key*/(monkey (922)) : <b>The monkey (922)</b> jumps! (185,119,2)
[17:11:47]EMOTE: *no key*/(grey baby slime (704)) : <b>The grey baby slime (704)</b> bounces in place. (108,152,2)
[17:11:49]EMOTE: *no key*/(Mojo XIX) : <b>Mojo XIX</b> waves its tail. (138,228,2)
[17:11:55]EMOTE: *no key*/(Persephone) : <b>Persephone</b> lies down. (167,140,2)
[17:12:03]EMOTE: *no key*/(Ian) : <b>Ian</b> chases its tail! (136,185,2)
[17:12:05]EMOTE: *no key*/(Persephone) : <b>Persephone</b> stops resting. (167,140,2)
[17:12:11]EMOTE: *no key*/(Citrus) : <b>Citrus</b> dozes off. (170,222,2)
[17:12:27]EMOTE: *no key*/(Persephone) : <b>Persephone</b> mews (167,138,2)
[17:12:37]EMOTE: *no key*/(Citrus) : <b>Citrus</b> looks around sleepily. (170,222,2)
[17:12:43]EMOTE: *no key*/(Persephone) : <b>Persephone</b> grooms its fur. (167,137,2)
[17:12:51]EMOTE: *no key*/(monkey (693)) : <b>The monkey (693)</b> waves his tail. (185,118,2)
[17:12:59]EMOTE: *no key*/(Persephone) : <b>Persephone</b> shakes out its coat. (168,136,2)
[17:12:59]EMOTE: *no key*/(monkey (611)) : <b>The monkey (611)</b> scratches. (160,139,2)
[17:13:00]SAY: Swanson/ : YAP (107,142,2)
[17:13:06]EMOTE: *no key*/(mouse) : <b>The mouse</b> shakes. (200,229,2)
[17:13:19]EMOTE: *no key*/(monkey (611)) : <b>The monkey (611)</b> rolls. (160,139,2)
[17:13:24]SAY: emergency medibot/ : Delicious! (222,84,1)
[17:13:24]SAY: Persephone/ : Purr! (169,137,2)
[17:13:36]EMOTE: *no key*/(Persephone) : <b>Persephone</b> grooms its fur. (169,137,2)
[17:13:44]EMOTE: *no key*/(grey baby slime (850)) : <b>The grey baby slime (850)</b> bounces in place. (113,162,2)
[17:13:50]EMOTE: *no key*/(monkey (922)) : <b>The monkey (922)</b> jumps! (185,119,2)
[17:13:52]EMOTE: *no key*/(grey baby slime (704)) : <b>The grey baby slime (704)</b> vibrates! (107,152,2)
[17:14:53]SAY: emergency medibot/ : Delicious! (222,84,1)
[17:14:54]EMOTE: *no key*/(monkey (831)) : <b>The monkey (831)</b> jumps! (160,139,2)
[17:14:56]EMOTE: *no key*/(grey baby slime (704)) : <b>The grey baby slime (704)</b> vibrates! (108,151,2)
[17:15:10]EMOTE: *no key*/(monkey (693)) : <b>The monkey (693)</b> rolls. (187,118,2)
[17:15:16]EMOTE: *no key*/(Mojo XIX) : <b>Mojo XIX</b> waves its tail. (139,231,2)
[17:15:22]SAY: emergency medibot/ : Delicious! (222,84,1)
[17:15:22]EMOTE: *no key*/(Ian) : <b>Ian</b> shakes its head. (136,184,2)
[17:15:39]SAY: Nobody's Perfect/ : I knew it, I should&#39;ve been a plastic surgeon. (24,75,1)
[17:15:40]EMOTE: *no key*/(monkey (922)) : <b>The monkey (922)</b> scratches. (185,118,2)
[17:15:40]EMOTE: *no key*/(monkey (602)) : <b>The monkey (602)</b> jumps! (186,119,2)
[17:15:45]EMOTE: *no key*/(Persephone) : <b>Persephone</b> shakes its head (169,138,2)
[17:15:48]EMOTE: *no key*/(grey baby slime (146)) : <b>The grey baby slime (146)</b> vibrates! (104,163,2)
[17:15:51]EMOTE: *no key*/(Poly) : <b>Poly</b> flutters its wings. (80,190,2)
[17:16:03]EMOTE: *no key*/(Ian) : <b>Ian</b> chases its tail! (136,185,2)
[17:16:14]EMOTE: *no key*/(Ian) : <b>Ian</b> woofs! (136,185,2)
[17:16:17]EMOTE: *no key*/(Mojo XIX) : <b>Mojo XIX</b> rolls. (136,229,2)
[17:16:18]SAY: Persephone/ : Purr! (169,138,2)
[17:16:32]EMOTE: *no key*/(Renault) : <b>Renault</b> shakes its head. (153,195,2)
[17:16:38]SAY: Nobody's Perfect/ : Delicious! (24,75,1)
[17:16:40]EMOTE: *no key*/(Renault) : <b>Renault</b> howls. (153,195,2)
[17:16:52]EMOTE: *no key*/(pug) : <b>Swanson</b> chases its tail. (106,145,2)
[17:16:54]EMOTE: *no key*/(pug) : <b>Swanson</b> chases its tail. (106,145,2)
[17:16:58]EMOTE: *no key*/(Poly) : <b>Poly</b> bawks! (80,190,2)
[17:17:12]EMOTE: *no key*/(grey baby slime (850)) : <b>The grey baby slime (850)</b> jiggles! (112,162,2)
[17:17:17]SAY: Poly/ : Twice the calories for half the price! (80,190,2)
[17:17:22]EMOTE: *no key*/(pug) : <b>Swanson</b> chases its tail. (106,145,2)
[17:17:24]EMOTE: *no key*/(monkey (693)) : <b>The monkey (693)</b> waves his tail. (185,118,2)
[17:17:44]EMOTE: *no key*/(monkey (831)) : <b>The monkey (831)</b> rolls. (160,142,2)
[17:17:48]EMOTE: *no key*/(Persephone) : <b>Persephone</b> twitches its whiskers. (169,139,2)
[17:17:58]EMOTE: *no key*/(monkey (693)) : <b>The monkey (693)</b> rolls. (185,119,2)
[17:17:58]EMOTE: *no key*/(Ian) : <b>Ian</b> chases its tail. (134,184,2)
[17:18:10]EMOTE: *no key*/(grey baby slime (704)) : <b>The grey baby slime (704)</b> vibrates! (107,152,2)
[17:18:17]SAY: Medibot/ : There&#39;s always a catch, and I&#39;m the best there is. (154,73,1)
[17:18:21]SAY: emergency medibot/ : There&#39;s always a catch, and I&#39;m the best there is. (222,84,1)
[17:18:40]SAY: Persephone/ : Esp! (169,138,2)
[17:18:50]SAY: mouse/ : SQUEEK! (201,231,2)
[17:18:54]EMOTE: *no key*/(monkey (831)) : <b>The monkey (831)</b> scratches. (160,142,2)
[17:18:58]EMOTE: *no key*/(monkey (611)) : <b>The monkey (611)</b> jumps! (160,139,2)
[17:19:02]EMOTE: *no key*/(monkey (693)) : <b>The monkey (693)</b> jumps! (185,118,2)
[17:19:04]EMOTE: *no key*/(Poly) : <b>Poly</b> squawks. (80,190,2)
[17:19:06]EMOTE: *no key*/(grey baby slime (146)) : <b>The grey baby slime (146)</b> bounces in place. (104,163,2)
[17:19:09]SAY: Poly/ : Twice the calories for half the price! (80,190,2)
[17:19:24]EMOTE: *no key*/(Mojo XIX) : <b>Mojo XIX</b> rolls. (139,231,2)
[17:19:30]EMOTE: *no key*/(Persephone) : <b>Persephone</b> shakes out its coat. (168,137,2)
[17:19:37]SAY: Medibot/ : I knew it, I should&#39;ve been a plastic surgeon. (154,73,1)
[17:19:41]EMOTE: *no key*/(Renault) : <b>Renault</b> howls. (155,193,2)
[17:19:49]SAY: Poly/ : Breaking news from Station Announcements! (80,190,2)
[17:20:04]SAY: mouse/ : SQUEEK! (202,231,2)
[17:20:14]SAY: Poly/ : Don&#39;t believe the reports - smoke today! (80,190,2)
[17:20:30]EMOTE: *no key*/(monkey (57)) : <b>The monkey (57)</b> scratches. (160,141,2)
[17:20:53]EMOTE: *no key*/(Poly) : <b>Poly</b> squawks. (80,190,2)
[17:20:57]SAY: Poly/ : Don&#39;t believe the reports - smoke today! (80,190,2)
[17:20:59]SAY: mouse/ : Squeek! (205,225,2)
[17:21:06]EMOTE: *no key*/(Persephone) : <b>Persephone</b> stretches out for a belly rub. (167,137,2)
[17:21:10]EMOTE: *no key*/(Persephone) : <b>Persephone</b> wags its tail. (167,137,2)
[17:21:12]EMOTE: *no key*/(monkey (602)) : <b>The monkey (602)</b> scratches. (188,119,2)
[17:21:14]SAY: Renault/ : Ack-Ack-Ack-Ackawoooo (153,194,2)
[17:21:45]EMOTE: *no key*/(Poly) : <b>Poly</b> squawks. (80,190,2)
[17:21:45]EMOTE: *no key*/(grey baby slime (704)) : <b>The grey baby slime (704)</b> bounces in place. (108,152,2)
[17:21:49]EMOTE: *no key*/(monkey (693)) : <b>The monkey (693)</b> waves his tail. (186,119,2)
[17:21:59]EMOTE: *no key*/(pug) : <b>Swanson</b> shakes its head. (105,147,2)
[17:22:03]EMOTE: *no key*/(Ian) : <b>Ian</b> dances around. (134,185,2)
[17:22:19]EMOTE: *no key*/(monkey (602)) : <b>The monkey (602)</b> rolls. (188,118,2)
[17:22:19]EMOTE: *no key*/(grey baby slime (146)) : <b>The grey baby slime (146)</b> bounces in place. (104,163,2)
[17:22:28]SAY: mouse/ : SQUEEK! (202,231,2)
[17:22:30]SAY: mouse/ : Squeek? (204,225,2)
[17:22:44]SAY: Persephone/ : Meow! (167,137,2)
[17:23:01]EMOTE: *no key*/(Citrus) : <b>Citrus</b> looks around sleepily. (169,222,2)
[17:23:20]SAY: Medibot/ : There&#39;s always a catch, and I&#39;m the best there is. (154,73,1)
[17:23:23]EMOTE: *no key*/(grey baby slime (146)) : <b>The grey baby slime (146)</b> bounces in place. (103,163,2)
[17:23:25]EMOTE: *no key*/(Persephone) : <b>Persephone</b> lies down. (167,137,2)
[17:23:28]EMOTE: *no key*/(Renault) : <b>Renault</b> shivers. (160,193,2)
[17:23:38]EMOTE: *no key*/(mouse) : <b>The mouse</b> shakes. (204,224,2)
[17:23:43]EMOTE: *no key*/(Persephone) : <b>Persephone</b> stops resting. (167,137,2)
[17:23:55]EMOTE: *no key*/(Renault) : <b>Renault</b> shakes its head. (160,193,2)
[17:24:11]EMOTE: *no key*/(grey baby slime (146)) : <b>The grey baby slime (146)</b> jiggles! (103,162,2)
[17:24:12]SAY: Nobody's Perfect/ : I knew it, I should&#39;ve been a plastic surgeon. (24,75,1)
[17:24:20]EMOTE: *no key*/(pug) : <b>Swanson</b> shakes its head. (106,147,2)
[17:24:30]EMOTE: *no key*/(Citrus) : <b>Citrus</b> dozes off. (170,221,2)
[17:24:33]EMOTE: *no key*/(grey baby slime (850)) : <b>The grey baby slime (850)</b> vibrates! (112,163,2)
[17:24:36]SAY: Poly/ : Attention! Wanted issue distributed! (80,190,2)
[17:24:47]SAY: Nobody's Perfect/ : There&#39;s always a catch, and I&#39;m the best there is. (24,75,1)
[17:24:50]EMOTE: *no key*/(Ian) : <b>Ian</b> chases its tail! (135,182,2)
[17:24:51]EMOTE: *no key*/(Citrus) : <b>Citrus</b> looks around sleepily. (171,222,2)
[17:24:51]SAY: mouse/ : SQUEEK! (205,224,2)
[17:24:55]EMOTE: *no key*/(mouse) : <b>The mouse</b> runs in a circle. (205,224,2)
[17:24:57]EMOTE: *no key*/(grey baby slime (704)) : <b>The grey baby slime (704)</b> bounces in place. (108,151,2)
[17:25:08]EMOTE: *no key*/(pug) : <b>Swanson</b> barks! (105,147,2)
[17:25:10]SAY: Persephone/ : Purr! (167,136,2)
[17:25:10]EMOTE: *no key*/(pug) : <b>Swanson</b> woofs! (105,147,2)
[17:25:23]EMOTE: *no key*/(Citrus) : <b>Citrus</b> yawns. (173,223,2)
[17:25:25]SAY: Poly/ : Attention! Wanted issue distributed! (80,190,2)
[17:25:33]SAY: emergency medibot/ : Delicious! (222,84,1)
[17:25:36]EMOTE: *no key*/(monkey (693)) : <b>The monkey (693)</b> waves his tail. (186,119,2)
[17:25:52]EMOTE: *no key*/(monkey (831)) : <b>The monkey (831)</b> scratches. (160,141,2)
[17:26:08]EMOTE: *no key*/(monkey (922)) : <b>The monkey (922)</b> rolls. (188,119,2)
[17:26:15]EMOTE: *no key*/(pug) : <b>Swanson</b> shivers. (106,146,2)
[17:26:29]EMOTE: *no key*/(monkey (611)) : <b>The monkey (611)</b> rolls. (160,140,2)
[17:26:35]EMOTE: *no key*/(Mojo XIX) : <b>Mojo XIX</b> scratches. (139,229,2)
[17:26:36]SAY: mouse/ : SQUEEK! (204,224,2)
[17:26:39]EMOTE: *no key*/(monkey (602)) : <b>The monkey (602)</b> waves her tail. (187,118,2)
[17:26:46]EMOTE: *no key*/(mouse) : <b>The mouse</b> squeeks. (200,229,2)
[17:27:01]SAY: Poly/ : Try our new nougat bar! (80,190,2)
[17:27:01]SAY: mouse/ : Squeek! (200,230,2)
[17:27:01]EMOTE: *no key*/(Persephone) : <b>Persephone</b> crouches on its hind legs. (169,137,2)
[17:27:03]EMOTE: *no key*/(monkey (602)) : <b>The monkey (602)</b> scratches. (186,119,2)
[17:27:05]EMOTE: *no key*/(Mojo XIX) : <b>Mojo XIX</b> rolls. (139,228,2)
[17:27:11]SAY: grey baby slime (146)/ : Blop... (103,161,2)
[17:27:15]EMOTE: *no key*/(monkey (611)) : <b>The monkey (611)</b> rolls. (160,142,2)
[17:27:21]EMOTE: *no key*/(Citrus) : <b>Citrus</b> snores. (172,223,2)
[17:27:25]EMOTE: *no key*/(pug) : <b>Swanson</b> pants. (105,146,2)
[17:27:25]EMOTE: *no key*/(monkey (602)) : <b>The monkey (602)</b> scratches. (184,119,2)
[17:27:27]EMOTE: *no key*/(mouse) : <b>The mouse</b> shakes. (200,230,2)
[17:27:29]SAY: emergency medibot/ : I knew it, I should&#39;ve been a plastic surgeon. (222,84,1)
[17:27:29]EMOTE: *no key*/(monkey (922)) : <b>The monkey (922)</b> rolls. (188,119,2)
[17:27:29]EMOTE: *no key*/(monkey (57)) : <b>The monkey (57)</b> waves his tail. (160,139,2)
[17:27:39]SAY: Poly/ : Don&#39;t believe the reports - smoke today! (80,190,2)
[17:27:53]EMOTE: *no key*/(Poly) : <b>Poly</b> bawks! (80,190,2)
[17:27:58]EMOTE: *no key*/(Citrus) : <b>Citrus</b> yawns. (172,222,2)
[17:28:00]SAY: Persephone/ : HSSSSS (169,137,2)
[17:28:35]EMOTE: *no key*/(Ian) : <b>Ian</b> chases its tail! (134,182,2)
[17:28:46]SAY: emergency medibot/ : Radar, put a mask on! (222,84,1)
[17:29:03]EMOTE: *no key*/(mouse) : <b>The mouse</b> shakes. (201,231,2)
[17:29:07]SAY: Medibot/ : I knew it, I should&#39;ve been a plastic surgeon. (154,73,1)
[17:29:09]EMOTE: *no key*/(Poly) : <b>Poly</b> bawks! (80,190,2)
[17:29:46]EMOTE: *no key*/(Persephone) : <b>Persephone</b> shakes its head (169,137,2)
[17:30:04]EMOTE: *no key*/(pug) : <b>Swanson</b> chases its tail. (107,147,2)
[17:30:08]EMOTE: *no key*/(Persephone) : <b>Persephone</b> sits down. (169,137,2)
[17:30:14]SAY: emergency medibot/ : Delicious! (222,84,1)
[17:30:21]SAY: Medibot/ : What kind of medbay is this? Everyone&#39;s dropping like flies. (154,73,1)
[17:30:25]EMOTE: *no key*/(mouse) : <b>The mouse</b> squeeks. (205,224,2)
[17:30:25]SAY: Nobody's Perfect/ : What kind of medbay is this? Everyone&#39;s dropping like flies. (24,75,1)
[17:30:44]EMOTE: *no key*/(monkey (693)) : <b>The monkey (693)</b> rolls. (188,118,2)
[17:30:54]EMOTE: *no key*/(pug) : <b>Swanson</b> shakes its head. (106,146,2)
[17:31:06]EMOTE: *no key*/(Poly) : <b>Poly</b> bawks! (80,190,2)
[17:31:48]SAY: Persephone/ : Purr! (169,137,2)
[17:31:52]SAY: Poly/ : Try our new nougat bar! (80,190,2)
[17:32:19]SAY: Medibot/ : Delicious! (154,73,1)
[17:32:29]SAY: Nobody's Perfect/ : What kind of medbay is this? Everyone&#39;s dropping like flies. (24,75,1)
[17:32:31]SAY: emergency medibot/ : What kind of medbay is this? Everyone&#39;s dropping like flies. (222,84,1)
[17:32:46]SAY: Persephone/ : HSSSSS (169,137,2)
[17:32:55]EMOTE: *no key*/(monkey (922)) : <b>The monkey (922)</b> waves her tail. (184,119,2)
[17:33:02]SAY: Medibot/ : What kind of medbay is this? Everyone&#39;s dropping like flies. (155,73,1)
[17:33:09]EMOTE: *no key*/(monkey (922)) : <b>The monkey (922)</b> scratches. (185,119,2)
[17:33:10]EMOTE: *no key*/(Citrus) : <b>Citrus</b> looks around sleepily. (172,221,2)
[17:33:21]SAY: Persephone/ : Purr! (169,137,2)
[17:33:23]EMOTE: *no key*/(monkey (611)) : <b>The monkey (611)</b> scratches. (160,142,2)
[17:33:25]EMOTE: *no key*/(grey baby slime (146)) : <b>The grey baby slime (146)</b> jiggles! (104,163,2)
[17:33:46]EMOTE: *no key*/(Citrus) : <b>Citrus</b> yawns. (171,220,2)
[17:34:00]SAY: Poly/ : Twice the calories for half the price! (80,190,2)
[17:34:00]SAY: mouse/ : Squeek? (207,226,2)
[17:34:14]SAY: Medibot/ : Delicious! (155,73,1)
[17:34:23]SAY: Renault/ : Awoo (155,195,2)
[17:34:23]EMOTE: *no key*/(monkey (831)) : <b>The monkey (831)</b> rolls. (160,141,2)
[17:34:27]SAY: Poly/ : Try our new nougat bar! (80,190,2)
[17:34:29]EMOTE: *no key*/(pug) : <b>Swanson</b> chases its tail. (106,147,2)
[17:34:51]EMOTE: *no key*/(monkey (922)) : <b>The monkey (922)</b> rolls. (187,119,2)
[17:34:54]SAY: mouse/ : Squeek! (201,230,2)
[17:34:55]EMOTE: *no key*/(monkey (831)) : <b>The monkey (831)</b> jumps! (160,140,2)
[17:35:17]SAY: Poly/ : Twice the calories for half the price! (80,190,2)
[17:35:28]EMOTE: *no key*/(Ian) : <b>Ian</b> chases its tail! (134,182,2)
[17:35:44]EMOTE: *no key*/(Ian) : <b>Ian</b> chases its tail! (135,182,2)
[17:35:58]EMOTE: *no key*/(Ian) : <b>Ian</b> dances around. (134,182,2)
[17:36:02]EMOTE: *no key*/(monkey (831)) : <b>The monkey (831)</b> rolls. (160,140,2)
[17:36:09]SAY: Nobody's Perfect/ : Delicious! (24,75,1)
[17:36:22]EMOTE: *no key*/(grey baby slime (146)) : <b>The grey baby slime (146)</b> bounces in place. (105,162,2)
[17:36:27]SAY: Renault/ : Tchoff (154,193,2)
[17:36:31]EMOTE: *no key*/(pug) : <b>Swanson</b> chases its tail. (106,148,2)
[17:36:39]EMOTE: *no key*/(monkey (831)) : <b>The monkey (831)</b> waves her tail. (160,140,2)
[17:36:43]EMOTE: *no key*/(grey baby slime (146)) : <b>The grey baby slime (146)</b> lights up for a bit, then stops. (103,161,2)
[17:36:49]EMOTE: *no key*/(Citrus) : <b>Citrus</b> looks around sleepily. (172,220,2)
[17:36:49]EMOTE: *no key*/(Ian) : <b>Ian</b> dances around. (135,181,2)
[17:37:06]SAY: emergency medibot/ : Radar, put a mask on! (222,84,1)
[17:37:12]SAY: Medibot/ : I knew it, I should&#39;ve been a plastic surgeon. (154,73,1)
[17:37:23]EMOTE: *no key*/(Persephone) : <b>Persephone</b> stops resting. (169,137,2)
[17:37:28]SAY: Nobody's Perfect/ : There&#39;s always a catch, and I&#39;m the best there is. (24,75,1)
[17:37:30]EMOTE: *no key*/(Citrus) : <b>Citrus</b> snores. (171,220,2)
[17:37:36]SAY: Nobody's Perfect/ : Radar, put a mask on! (24,75,1)
[17:37:40]EMOTE: *no key*/(Poly) : <b>Poly</b> bawks! (80,190,2)
[17:37:55]SAY: Nobody's Perfect/ : Delicious! (24,75,1)
[17:37:59]EMOTE: *no key*/(grey baby slime (146)) : <b>The grey baby slime (146)</b> vibrates! (103,162,2)
[17:38:03]EMOTE: *no key*/(monkey (57)) : <b>The monkey (57)</b> rolls. (160,139,2)
[17:38:05]EMOTE: *no key*/(grey baby slime (850)) : <b>The grey baby slime (850)</b> vibrates! (113,162,2)
[17:38:11]EMOTE: *no key*/(monkey (831)) : <b>The monkey (831)</b> waves her tail. (160,142,2)
[17:38:13]EMOTE: *no key*/(Poly) : <b>Poly</b> bawks! (80,190,2)
[17:38:17]EMOTE: *no key*/(grey baby slime (850)) : <b>The grey baby slime (850)</b> jiggles! (112,162,2)
[17:38:33]EMOTE: *no key*/(Mojo XIX) : <b>Mojo XIX</b> rolls. (138,228,2)
[17:38:38]EMOTE: *no key*/(Ian) : <b>Ian</b> chases its tail! (137,182,2)
[17:38:38]SAY: Poly/ : Breaking news from Station Announcements! (80,190,2)
[17:39:07]SAY: Medibot/ : There&#39;s always a catch, and I&#39;m the best there is. (155,73,1)
[17:39:32]SAY: Medibot/ : Radar, put a mask on! (154,73,1)
[17:39:46]EMOTE: *no key*/(Renault) : <b>Renault</b> shivers. (151,193,2)
[17:39:48]EMOTE: *no key*/(Mojo XIX) : <b>Mojo XIX</b> scratches. (136,229,2)
[17:39:52]EMOTE: *no key*/(Persephone) : <b>Persephone</b> crouches on its hind legs. (169,136,2)
[17:39:54]EMOTE: *no key*/(monkey (693)) : <b>The monkey (693)</b> rolls. (184,118,2)
[17:39:56]EMOTE: *no key*/(monkey (831)) : <b>The monkey (831)</b> jumps! (160,139,2)
[17:39:56]EMOTE: *no key*/(pug) : <b>Swanson</b> chases its tail. (107,146,2)
[17:40:03]SAY: Nobody's Perfect/ : There&#39;s always a catch, and I&#39;m the best there is. (24,75,1)
[17:40:04]EMOTE: *no key*/(grey baby slime (146)) : <b>The grey baby slime (146)</b> bounces in place. (104,161,2)
[17:40:05]SAY: Medibot/ : There&#39;s always a catch, and I&#39;m the best there is. (154,73,1)
[17:40:10]EMOTE: *no key*/(monkey (831)) : <b>The monkey (831)</b> rolls. (160,139,2)
[17:40:11]SAY: Nobody's Perfect/ : Radar, put a mask on! (24,75,1)
[17:40:14]EMOTE: *no key*/(pug) : <b>Swanson</b> chases its tail. (107,147,2)
[17:40:14]EMOTE: *no key*/(Mojo XIX) : <b>Mojo XIX</b> jumps! (136,228,2)
[17:40:20]EMOTE: *no key*/(monkey (693)) : <b>The monkey (693)</b> jumps! (184,119,2)
[17:40:23]SAY: Poly/ : Breaking news from Station Announcements! (80,190,2)
[17:40:26]EMOTE: *no key*/(Persephone) : <b>Persephone</b> shivers (169,136,2)
[17:40:26]EMOTE: *no key*/(Renault) : <b>Renault</b> barks. (154,193,2)
[17:40:28]EMOTE: *no key*/(monkey (831)) : <b>The monkey (831)</b> scratches. (160,140,2)
[17:40:32]EMOTE: *no key*/(Persephone) : <b>Persephone</b> wags its tail. (169,136,2)
[17:40:32]SAY: Poly/ : Breaking news from Station Announcements! (80,190,2)
[17:40:38]EMOTE: *no key*/(Poly) : <b>Poly</b> flutters its wings. (80,190,2)
[17:40:49]SAY: Medibot/ : Delicious! (155,73,1)
[17:41:05]SAY: Medibot/ : I knew it, I should&#39;ve been a plastic surgeon. (155,73,1)
[17:41:16]EMOTE: *no key*/(Ian) : <b>Ian</b> dances around. (135,181,2)
[17:41:18]SAY: Nobody's Perfect/ : I knew it, I should&#39;ve been a plastic surgeon. (24,75,1)
[17:41:24]EMOTE: *no key*/(monkey (831)) : <b>The monkey (831)</b> waves her tail. (160,140,2)
[17:41:49]EMOTE: *no key*/(grey baby slime (850)) : <b>The grey baby slime (850)</b> bounces in place. (112,161,2)
[17:41:53]EMOTE: *no key*/(monkey (602)) : <b>The monkey (602)</b> jumps! (186,119,2)
[17:41:55]EMOTE: *no key*/(Persephone) : <b>Persephone</b> lies down. (169,136,2)
[17:42:00]SAY: Nobody's Perfect/ : There&#39;s always a catch, and I&#39;m the best there is. (24,75,1)
[17:42:11]EMOTE: *no key*/(pug) : <b>Swanson</b> chases its tail. (106,148,2)
[17:42:12]EMOTE: *no key*/(Ian) : <b>Ian</b> shivers. (134,181,2)
[17:42:20]SAY: Medibot/ : There&#39;s always a catch, and I&#39;m the best there is. (155,73,1)
[17:42:22]EMOTE: *no key*/(Citrus) : <b>Citrus</b> dozes off. (170,220,2)
[17:42:25]EMOTE: *no key*/(mouse) : <b>The mouse</b> runs in a circle. (201,228,2)
[17:42:31]SAY: Medibot/ : Delicious! (155,73,1)
[17:42:31]SAY: mouse/ : SQUEEK! (201,229,2)
[17:42:39]SAY: Nobody's Perfect/ : Radar, put a mask on! (24,75,1)
[17:42:39]EMOTE: *no key*/(monkey (693)) : <b>The monkey (693)</b> jumps! (184,119,2)
[17:42:39]EMOTE: *no key*/(grey baby slime (850)) : <b>The grey baby slime (850)</b> bounces in place. (112,163,2)
[17:42:43]SAY: Nobody's Perfect/ : Delicious! (24,75,1)
[17:42:47]EMOTE: *no key*/(monkey (831)) : <b>The monkey (831)</b> rolls. (160,140,2)
[17:42:53]EMOTE: *no key*/(Renault) : <b>Renault</b> shivers. (156,193,2)
[17:42:57]EMOTE: *no key*/(monkey (831)) : <b>The monkey (831)</b> scratches. (160,140,2)
[17:43:02]EMOTE: *no key*/(pug) : <b>Swanson</b> woofs! (106,148,2)
[17:43:07]EMOTE: *no key*/(grey baby slime (146)) : <b>The grey baby slime (146)</b> jiggles! (104,161,2)
[17:43:08]SAY: Medibot/ : What kind of medbay is this? Everyone&#39;s dropping like flies. (155,73,1)
[17:43:13]EMOTE: *no key*/(grey baby slime (850)) : <b>The grey baby slime (850)</b> vibrates! (111,163,2)
[17:43:21]EMOTE: *no key*/(Persephone) : <b>Persephone</b> crouches on its hind legs. (169,136,2)
[17:43:33]EMOTE: *no key*/(monkey (611)) : <b>The monkey (611)</b> jumps! (160,140,2)
[17:43:37]SAY: grey baby slime (850)/ : Blorble... (111,163,2)
[17:43:43]EMOTE: *no key*/(monkey (922)) : <b>The monkey (922)</b> scratches. (185,119,2)
[17:43:44]SAY: Renault/ : Ack-Ack-Ack-Ackawoooo (157,193,2)
[17:43:44]EMOTE: *no key*/(mouse) : <b>The mouse</b> squeeks. (201,225,2)
[17:43:49]EMOTE: *no key*/(Persephone) : <b>Persephone</b> stretches out for a belly rub. (169,136,2)
[17:43:53]SAY: grey baby slime (850)/ : Blop... (111,163,2)
[17:43:57]EMOTE: *no key*/(monkey (831)) : <b>The monkey (831)</b> jumps! (160,141,2)
[17:44:03]EMOTE: *no key*/(monkey (922)) : <b>The monkey (922)</b> rolls. (184,118,2)
[17:44:05]EMOTE: *no key*/(monkey (57)) : <b>The monkey (57)</b> jumps! (160,142,2)
[17:44:10]SAY: Medibot/ : Radar, put a mask on! (154,73,1)
[17:44:17]EMOTE: *no key*/(monkey (922)) : <b>The monkey (922)</b> jumps! (185,118,2)
[17:44:23]EMOTE: *no key*/(monkey (922)) : <b>The monkey (922)</b> jumps! (187,119,2)
[17:44:31]SAY: emergency medibot/ : What kind of medbay is this? Everyone&#39;s dropping like flies. (222,84,1)
[17:44:39]EMOTE: *no key*/(Poly) : <b>Poly</b> flutters its wings. (80,190,2)
[17:44:39]EMOTE: *no key*/(Persephone) : <b>Persephone</b> sits down. (169,136,2)
[17:44:49]EMOTE: *no key*/(monkey (693)) : <b>The monkey (693)</b> scratches. (184,118,2)
[17:44:58]EMOTE: *no key*/(pug) : <b>Swanson</b> chases its tail. (109,149,2)
[17:45:04]SAY: Medibot/ : I knew it, I should&#39;ve been a plastic surgeon. (154,73,1)
[17:45:08]EMOTE: *no key*/(Poly) : <b>Poly</b> flutters its wings. (80,190,2)
[17:45:08]EMOTE: *no key*/(mouse) : <b>The mouse</b> shakes. (202,229,2)
[17:45:08]EMOTE: *no key*/(monkey (57)) : <b>The monkey (57)</b> waves his tail. (160,142,2)
[17:45:10]EMOTE: *no key*/(Persephone) : <b>Persephone</b> lies down. (169,136,2)
[17:45:22]EMOTE: *no key*/(mouse) : <b>The mouse</b> squeeks. (202,229,2)
[17:45:36]EMOTE: *no key*/(monkey (922)) : <b>The monkey (922)</b> jumps! (185,118,2)
[17:45:41]EMOTE: *no key*/(Ian) : <b>Ian</b> shakes its head. (134,180,2)
[17:45:43]SAY: emergency medibot/ : Radar, put a mask on! (222,84,1)
[17:45:43]SAY: mouse/ : Squeek! (201,230,2)
[17:45:48]EMOTE: *no key*/(monkey (693)) : <b>The monkey (693)</b> jumps! (184,118,2)
[17:45:49]SAY: emergency medibot/ : Radar, put a mask on! (222,84,1)
[17:45:52]EMOTE: *no key*/(monkey (831)) : <b>The monkey (831)</b> rolls. (160,140,2)
[17:45:54]EMOTE: *no key*/(monkey (831)) : <b>The monkey (831)</b> rolls. (160,139,2)
[17:45:55]SAY: Renault/ : Ack-Ack-Ack-Ackawoooo (152,194,2)
[17:45:57]EMOTE: *no key*/(pug) : <b>Swanson</b> pants. (108,148,2)
[17:46:01]SAY: Medibot/ : Radar, put a mask on! (155,73,1)
[17:46:06]EMOTE: *no key*/(Persephone) : <b>Persephone</b> sits down. (169,136,2)
[17:46:08]EMOTE: *no key*/(Persephone) : <b>Persephone</b> walks around. (169,136,2)
[17:46:20]EMOTE: *no key*/(Ian) : <b>Ian</b> barks! (134,180,2)
[17:46:34]SAY: Poly/ : Twice the calories for half the price! (80,190,2)
[17:46:52]SAY: Persephone/ : Esp! (169,136,2)
[17:47:05]EMOTE: *no key*/(pug) : <b>Swanson</b> shivers. (107,146,2)
[17:47:09]EMOTE: *no key*/(monkey (602)) : <b>The monkey (602)</b> jumps! (185,119,2)
[17:47:13]EMOTE: *no key*/(Mojo XIX) : <b>Mojo XIX</b> waves its tail. (137,226,2)
[17:47:15]EMOTE: *no key*/(monkey (611)) : <b>The monkey (611)</b> rolls. (160,141,2)
[17:47:21]EMOTE: *no key*/(monkey (57)) : <b>The monkey (57)</b> waves his tail. (160,139,2)
[17:47:21]EMOTE: *no key*/(pug) : <b>Swanson</b> yaps. (108,146,2)
[17:47:25]EMOTE: *no key*/(Persephone) : <b>Persephone</b> wags its tail. (169,137,2)
[17:47:29]EMOTE: *no key*/(Persephone) : <b>Persephone</b> stretches out for a belly rub. (169,137,2)
[17:47:31]EMOTE: *no key*/(Citrus) : <b>Citrus</b> looks around sleepily. (170,220,2)
[17:47:43]EMOTE: *no key*/(monkey (602)) : <b>The monkey (602)</b> rolls. (184,118,2)
[17:47:43]EMOTE: *no key*/(Citrus) : <b>Citrus</b> dozes off. (171,220,2)
[17:47:47]EMOTE: *no key*/(monkey (693)) : <b>The monkey (693)</b> rolls. (185,118,2)
[17:47:47]EMOTE: *no key*/(grey baby slime (146)) : <b>The grey baby slime (146)</b> bounces in place. (104,163,2)
[17:47:53]EMOTE: *no key*/(mouse) : <b>The mouse</b> shakes. (205,225,2)
[17:48:01]EMOTE: *no key*/(Persephone) : <b>Persephone</b> looks alert. (169,137,2)
[17:48:22]SAY: mouse/ : Squeek? (204,224,2)
[17:48:23]EMOTE: *no key*/(Persephone) : <b>Persephone</b> crouches on its hind legs. (169,137,2)
[17:48:29]SAY: Renault/ : Geckers (152,195,2)
[17:48:31]EMOTE: *no key*/(Renault) : <b>Renault</b> shivers. (152,195,2)
[17:48:41]SAY: grey baby slime (850)/ : Rawr... (111,163,2)
[17:48:47]SAY: Medibot/ : What kind of medbay is this? Everyone&#39;s dropping like flies. (155,73,1)
[17:48:51]EMOTE: *no key*/(Persephone) : <b>Persephone</b> mews (169,137,2)
[17:49:03]EMOTE: *no key*/(Persephone) : <b>Persephone</b> lies down. (169,137,2)
[17:49:05]EMOTE: *no key*/(Persephone) : <b>Persephone</b> wags its tail. (169,137,2)
[17:49:15]EMOTE: *no key*/(Persephone) : <b>Persephone</b> looks alert. (169,137,2)
[17:49:19]EMOTE: *no key*/(grey baby slime (146)) : <b>The grey baby slime (146)</b> lights up for a bit, then stops. (103,163,2)
[17:49:34]EMOTE: *no key*/(Poly) : <b>Poly</b> flutters its wings. (80,190,2)
[17:49:37]EMOTE: *no key*/(monkey (611)) : <b>The monkey (611)</b> jumps! (160,141,2)
[17:49:45]SAY: grey baby slime (704)/ : Rawr... (107,152,2)
[17:49:46]EMOTE: *no key*/(mouse) : <b>The mouse</b> shakes. (203,224,2)
[17:49:48]EMOTE: *no key*/(Renault) : <b>Renault</b> shakes its head. (152,193,2)
[17:49:49]EMOTE: *no key*/(monkey (57)) : <b>The monkey (57)</b> rolls. (160,142,2)
[17:50:14]EMOTE: *no key*/(Poly) : <b>Poly</b> bawks! (80,190,2)
[17:50:16]EMOTE: *no key*/(Mojo XIX) : <b>Mojo XIX</b> waves its tail. (138,225,2)
[17:50:18]EMOTE: *no key*/(monkey (922)) : <b>The monkey (922)</b> scratches. (184,119,2)
[17:50:22]SAY: Persephone/ : Meow! (169,137,2)
[17:50:36]EMOTE: *no key*/(Poly) : <b>Poly</b> flutters its wings. (80,190,2)
[17:50:53]EMOTE: *no key*/(pug) : <b>Swanson</b> yaps. (105,146,2)
[17:51:05]SAY: Swanson/ : YAP (105,146,2)
[17:51:25]SAY: mouse/ : SQUEEK! (203,224,2)
[17:51:27]EMOTE: *no key*/(Mojo XIX) : <b>Mojo XIX</b> jumps! (139,227,2)
[17:51:35]SAY: Poly/ : Don&#39;t believe the reports - smoke today! (80,190,2)
[17:51:37]EMOTE: *no key*/(monkey (57)) : <b>The monkey (57)</b> jumps! (160,142,2)
[17:51:37]EMOTE: *no key*/(monkey (611)) : <b>The monkey (611)</b> scratches. (160,139,2)
[17:51:40]SAY: Renault/ : Tchoff (152,195,2)
[17:51:44]EMOTE: *no key*/(Citrus) : <b>Citrus</b> dozes off. (171,222,2)
[17:51:51]EMOTE: *no key*/(monkey (831)) : <b>The monkey (831)</b> scratches. (160,141,2)
[17:52:01]EMOTE: *no key*/(Mojo XIX) : <b>Mojo XIX</b> waves its tail. (137,226,2)
[17:52:14]EMOTE: *no key*/(monkey (611)) : <b>The monkey (611)</b> waves his tail. (160,141,2)
[17:52:23]EMOTE: *no key*/(Poly) : <b>Poly</b> flutters its wings. (80,190,2)
[17:52:25]SAY: Medibot/ : I knew it, I should&#39;ve been a plastic surgeon. (155,73,1)
[17:52:27]EMOTE: *no key*/(Citrus) : <b>Citrus</b> snores. (169,221,2)
[17:52:36]SAY: mouse/ : SQUEEK! (202,225,2)
[17:52:46]EMOTE: *no key*/(pug) : <b>Swanson</b> pants. (105,147,2)
[17:52:48]EMOTE: *no key*/(monkey (922)) : <b>The monkey (922)</b> rolls. (186,119,2)
[17:52:48]SAY: Poly/ : Twice the calories for half the price! (80,190,2)
[17:52:50]EMOTE: *no key*/(grey baby slime (146)) : <b>The grey baby slime (146)</b> vibrates! (103,162,2)
[17:53:07]SAY: Poly/ : Try our new nougat bar! (80,190,2)
[17:53:08]EMOTE: *no key*/(monkey (922)) : <b>The monkey (922)</b> scratches. (186,118,2)
[17:53:09]SAY: emergency medibot/ : Delicious! (222,84,1)
[17:53:09]SAY: Nobody's Perfect/ : Delicious! (24,75,1)
[17:53:16]EMOTE: *no key*/(grey baby slime (850)) : <b>The grey baby slime (850)</b> jiggles! (111,162,2)
[17:53:26]EMOTE: *no key*/(pug) : <b>Swanson</b> yaps. (105,147,2)
[17:53:28]EMOTE: *no key*/(monkey (922)) : <b>The monkey (922)</b> rolls. (185,118,2)
[17:53:30]EMOTE: *no key*/(mouse) : <b>The mouse</b> squeeks. (197,225,2)
[17:54:02]EMOTE: *no key*/(monkey (602)) : <b>The monkey (602)</b> waves her tail. (188,119,2)
[17:54:04]EMOTE: *no key*/(pug) : <b>Swanson</b> chases its tail. (105,146,2)
[17:54:08]EMOTE: *no key*/(grey baby slime (146)) : <b>The grey baby slime (146)</b> vibrates! (104,163,2)
[17:54:20]SAY: Poly/ : Attention! Wanted issue distributed! (80,190,2)
[17:54:24]EMOTE: *no key*/(monkey (831)) : <b>The monkey (831)</b> waves her tail. (160,141,2)
[17:54:24]SAY: Nobody's Perfect/ : What kind of medbay is this? Everyone&#39;s dropping like flies. (24,75,1)
[17:54:28]SAY: Poly/ : Breaking news from Station Announcements! (80,190,2)
[17:54:34]SAY: Renault/ : Ack-Ack (152,194,2)
[17:54:42]EMOTE: *no key*/(Citrus) : <b>Citrus</b> snores. (169,221,2)
[17:54:49]SAY: Poly/ : Attention! Wanted issue distributed! (80,190,2)
[17:55:02]EMOTE: *no key*/(Persephone) : <b>Persephone</b> stops resting. (169,137,2)
[17:55:05]EMOTE: *no key*/(mouse) : <b>The mouse</b> runs in a circle. (199,224,2)
[17:55:18]EMOTE: *no key*/(monkey (922)) : <b>The monkey (922)</b> waves her tail. (187,118,2)
[17:55:21]SAY: Poly/ : Breaking news from Station Announcements! (80,190,2)
[17:55:24]SAY: Nobody's Perfect/ : Delicious! (24,75,1)
[17:55:50]SAY: Poly/ : Attention! Wanted issue distributed! (80,190,2)
[17:56:01]EMOTE: *no key*/(monkey (922)) : <b>The monkey (922)</b> rolls. (184,119,2)
[17:56:05]EMOTE: *no key*/(Persephone) : <b>Persephone</b> looks alert. (167,136,2)
[17:56:07]SAY: grey baby slime (146)/ : Hungry... (104,161,2)
[17:56:27]EMOTE: *no key*/(Persephone) : <b>Persephone</b> shivers (167,136,2)
[17:56:32]EMOTE: *no key*/(grey baby slime (146)) : <b>The grey baby slime (146)</b> bounces in place. (105,163,2)
[17:56:42]EMOTE: *no key*/(grey baby slime (146)) : <b>The grey baby slime (146)</b> jiggles! (105,163,2)
[17:56:48]SAY: mouse/ : SQUEEK! (198,224,2)
[17:56:50]EMOTE: *no key*/(pug) : <b>Swanson</b> chases its tail. (105,147,2)
[17:57:21]EMOTE: *no key*/(mouse) : <b>The mouse</b> squeeks. (205,225,2)
[17:57:35]EMOTE: *no key*/(Mojo XIX) : <b>Mojo XIX</b> waves its tail. (137,228,2)
[17:57:42]EMOTE: *no key*/(grey baby slime (146)) : <b>The grey baby slime (146)</b> bounces in place. (104,162,2)
[17:57:55]EMOTE: *no key*/(monkey (693)) : <b>The monkey (693)</b> jumps! (188,119,2)
[17:58:01]SAY: Poly/ : Twice the calories for half the price! (80,190,2)
[17:58:05]EMOTE: *no key*/(Persephone) : <b>Persephone</b> meows (167,136,2)
[17:58:17]EMOTE: *no key*/(monkey (693)) : <b>The monkey (693)</b> rolls. (187,118,2)
[17:58:35]EMOTE: *no key*/(Persephone) : <b>Persephone</b> stretches out for a belly rub. (167,136,2)
[17:58:39]EMOTE: *no key*/(monkey (57)) : <b>The monkey (57)</b> jumps! (160,139,2)
[17:58:40]EMOTE: *no key*/(Poly) : <b>Poly</b> squawks. (80,190,2)
[17:58:46]EMOTE: *no key*/(mouse) : <b>The mouse</b> squeeks. (197,224,2)
[17:58:47]SAY: grey baby slime (704)/ : Rawr... (109,151,2)
[17:59:09]SAY: emergency medibot/ : I knew it, I should&#39;ve been a plastic surgeon. (222,84,1)
[17:59:11]SAY: emergency medibot/ : What kind of medbay is this? Everyone&#39;s dropping like flies. (222,84,1)
[17:59:30]SAY: Medibot/ : There&#39;s always a catch, and I&#39;m the best there is. (154,73,1)
[17:59:30]EMOTE: *no key*/(mouse) : <b>The mouse</b> shakes. (197,224,2)
[17:59:32]EMOTE: *no key*/(Poly) : <b>Poly</b> flutters its wings. (80,190,2)
[17:59:35]SAY: Medibot/ : There&#39;s always a catch, and I&#39;m the best there is. (154,73,1)
[17:59:41]EMOTE: *no key*/(Ian) : <b>Ian</b> chases its tail! (137,181,2)
[17:59:56]SAY: Medibot/ : Delicious! (154,73,1)
[17:59:56]SAY: Poly/ : Breaking news from Station Announcements! (80,190,2)
[17:59:59]EMOTE: *no key*/(monkey (922)) : <b>The monkey (922)</b> waves her tail. (186,119,2)
[18:00:01]EMOTE: *no key*/(monkey (602)) : <b>The monkey (602)</b> rolls. (188,119,2)
[18:00:15]EMOTE: *no key*/(mouse) : <b>The mouse</b> runs in a circle. (204,227,2)
[18:00:17]EMOTE: *no key*/(monkey (611)) : <b>The monkey (611)</b> scratches. (160,139,2)
[18:00:37]SAY: Ian/ : Woof! (136,181,2)
[18:00:46]SAY: Nobody's Perfect/ : Radar, put a mask on! (24,75,1)
[18:00:48]EMOTE: *no key*/(pug) : <b>Swanson</b> barks! (105,146,2)
[18:00:48]SAY: Ian/ : Woof! (136,182,2)
[18:00:48]SAY: Nobody's Perfect/ : Delicious! (24,75,1)
[18:00:54]SAY: mouse/ : SQUEEK! (203,227,2)
