

Starting up round ID . 22:13:55
---------------------
[22:13:55]ADMIN: Loading Banlist
[22:13:56]GAME: Saved mode is 'sandbox'
[22:14:52]GAME: Hierophant's Arena loaded at at 41,66,5
[22:14:52]GAME: Blood-Drunk Miner (Guidance) loaded at at 116,38,5
[22:14:52]GAME: Ruin of Sloth loaded at at 80,58,5
[22:14:52]GAME: The Twin-Nexus Hotel loaded at at 181,69,9
[22:17:37]ACCESS: Login: Noober84555 from 127.0.0.1-645371209 || BYOND v511
[22:17:37]ACCESS: Mob Login: Noober84555/(Noober84555) was assigned to a /mob/dead/new_player
[22:17:46]SAY: Officer Beepsky/ : Engaging patrol mode. (186,190,2)
[22:17:46]SAY: Prison Ofitser/ : Engaging patrol mode. (23,36,5)
[22:17:46]SAY: Prison Ofitser/ : Disengaging patrol mode. (23,36,5)
[22:17:50]ACCESS: Mob Login: Noober84555/(Noober) was assigned to a /mob/living/carbon/human
[22:17:56]EMOTE: *no key*/(monkey (880)) : <b>The monkey (880)</b> rolls. (160,139,2)
[22:17:57]SAY: Poly/ : Poly wanna cracker! (80,189,2)
[22:18:04]EMOTE: *no key*/(Poly) : <b>Poly</b> bawks! (82,189,2)
[22:18:06]EMOTE: *no key*/(mouse) : <b>The mouse</b> shakes. (197,226,2)
[22:18:12]ADMIN: Noober84555/(Noober) admin ghosted.
[22:18:12]ACCESS: Mob Login: Noober84555/(Noober) was assigned to a /mob/dead/observer
[22:18:31]EMOTE: *no key*/(Poly) : <b>Poly</b> turns and flies towards the folder. (81,189,2)
[22:18:32]EMOTE: *no key*/(Persephone) : <b>Persephone</b> shakes out its coat. (169,138,2)
[22:18:34]ACCESS: Logout: Noober84555/(Noober)
