

Starting up round ID . 15:02:11
---------------------
Initialized Blackbox subsystem within 0 seconds!
Initialized Server Tasks subsystem within 0 seconds!
Initialized Events subsystem within 0 seconds!
runtime error: 
[15:02:13]cannot read from list
[15:02:13]proc name: LoadJobs (/datum/controller/subsystem/job/proc/LoadJobs)
[15:02:13]  source file: job.dm,448
[15:02:13]  usr: null
[15:02:13]  src: Jobs (/datum/controller/subsystem/job)
[15:02:13]  call stack:
[15:02:13]Jobs (/datum/controller/subsystem/job): LoadJobs()
[15:02:13]Jobs (/datum/controller/subsystem/job): Initialize(649331)
[15:02:13]Master (/datum/controller/master): Initialize(10, 0)
Initialized Jobs subsystem within 0.1 seconds!
Initialized Ticker subsystem within 0.1 seconds!
Loading Delta Station...
runtime error: 
[15:04:48]Cannot execute /datum/plant_gene/trait/glow (/datum/plant_gene/trait/glow).glow range().
[15:04:48]proc name: New (/obj/structure/glowshroom/New)
[15:04:48]  source file: glowshroom.dm,63
[15:04:48]  usr: null
[15:04:48]  src: the glowshroom (/obj/structure/glowshroom/single)
[15:04:48]  src.loc: Cave Floor (303,71,2) (/turf/open/floor/plating/asteroid)
[15:04:48]  call stack:
[15:04:48]the glowshroom (/obj/structure/glowshroom/single): New(Cave Floor (303,71,2) (/turf/open/floor/plating/asteroid), null, null)
[15:04:48]/dmm_suite (/dmm_suite): create atom(/obj/structure/glowshroom/sing... (/obj/structure/glowshroom/single), Cave Floor (303,71,2) (/turf/open/floor/plating/asteroid))
[15:04:48]/dmm_suite (/dmm_suite): instance atom(/obj/structure/glowshroom/sing... (/obj/structure/glowshroom/single), /list (/list), Cave Floor (303,71,2) (/turf/open/floor/plating/asteroid), 1)
[15:04:48]/dmm_suite (/dmm_suite): parse grid("/obj/structure/glowshroom/sing...", "eFi", 303, 71, 2, 1)
[15:04:48]/dmm_suite (/dmm_suite): load map impl(_maps/map_files/Deltastation/D..., 1, 1, 2, null, null, 1, -1e+031, 1e+031, -1e+031, 1e+031)
[15:04:48]/dmm_suite (/dmm_suite): load map(_maps/map_files/Deltastation/D..., 0, 0, 2, null, null, 1, null, null, null, null)
[15:04:48]Mapping (/datum/controller/subsystem/mapping): TryLoadZ("_maps/map_files/Deltastation/D...", /list (/list), 2, null)
[15:04:48]Mapping (/datum/controller/subsystem/mapping): loadWorld()
[15:04:48]Mapping (/datum/controller/subsystem/mapping): Initialize(649334)
[15:04:48]Master (/datum/controller/master): Initialize(10, 0)
runtime error: 
[15:04:49]Cannot execute /datum/plant_gene/trait/glow (/datum/plant_gene/trait/glow).glow range().
[15:04:49]proc name: New (/obj/structure/glowshroom/New)
[15:04:49]  source file: glowshroom.dm,63
[15:04:49]  usr: null
[15:04:49]  src: the glowshroom (/obj/structure/glowshroom/single)
[15:04:49]  src.loc: Cave Floor (306,70,2) (/turf/open/floor/plating/asteroid)
[15:04:49]  call stack:
[15:04:49]the glowshroom (/obj/structure/glowshroom/single): New(Cave Floor (306,70,2) (/turf/open/floor/plating/asteroid), null, null)
[15:04:49]/dmm_suite (/dmm_suite): create atom(/obj/structure/glowshroom/sing... (/obj/structure/glowshroom/single), Cave Floor (306,70,2) (/turf/open/floor/plating/asteroid))
[15:04:49]/dmm_suite (/dmm_suite): instance atom(/obj/structure/glowshroom/sing... (/obj/structure/glowshroom/single), /list (/list), Cave Floor (306,70,2) (/turf/open/floor/plating/asteroid), 1)
[15:04:49]/dmm_suite (/dmm_suite): parse grid("/obj/structure/glowshroom/sing...", "eFi", 306, 70, 2, 1)
[15:04:49]/dmm_suite (/dmm_suite): load map impl(_maps/map_files/Deltastation/D..., 1, 1, 2, null, null, 1, -1e+031, 1e+031, -1e+031, 1e+031)
[15:04:49]/dmm_suite (/dmm_suite): load map(_maps/map_files/Deltastation/D..., 0, 0, 2, null, null, 1, null, null, null, null)
[15:04:49]Mapping (/datum/controller/subsystem/mapping): TryLoadZ("_maps/map_files/Deltastation/D...", /list (/list), 2, null)
[15:04:49]Mapping (/datum/controller/subsystem/mapping): loadWorld()
[15:04:49]Mapping (/datum/controller/subsystem/mapping): Initialize(649334)
[15:04:49]Master (/datum/controller/master): Initialize(10, 0)
runtime error: 
[15:04:49]Cannot execute /datum/plant_gene/trait/glow (/datum/plant_gene/trait/glow).glow range().
[15:04:49]proc name: New (/obj/structure/glowshroom/New)
[15:04:49]  source file: glowshroom.dm,63
[15:04:49]  usr: null
[15:04:49]  src: the glowshroom (/obj/structure/glowshroom/single)
[15:04:49]  src.loc: Cave Floor (309,70,2) (/turf/open/floor/plating/asteroid)
[15:04:49]  call stack:
[15:04:49]the glowshroom (/obj/structure/glowshroom/single): New(Cave Floor (309,70,2) (/turf/open/floor/plating/asteroid), null, null)
[15:04:49]/dmm_suite (/dmm_suite): create atom(/obj/structure/glowshroom/sing... (/obj/structure/glowshroom/single), Cave Floor (309,70,2) (/turf/open/floor/plating/asteroid))
[15:04:49]/dmm_suite (/dmm_suite): instance atom(/obj/structure/glowshroom/sing... (/obj/structure/glowshroom/single), /list (/list), Cave Floor (309,70,2) (/turf/open/floor/plating/asteroid), 1)
[15:04:49]/dmm_suite (/dmm_suite): parse grid("/obj/structure/glowshroom/sing...", "eFi", 309, 70, 2, 1)
[15:04:49]/dmm_suite (/dmm_suite): load map impl(_maps/map_files/Deltastation/D..., 1, 1, 2, null, null, 1, -1e+031, 1e+031, -1e+031, 1e+031)
[15:04:49]/dmm_suite (/dmm_suite): load map(_maps/map_files/Deltastation/D..., 0, 0, 2, null, null, 1, null, null, null, null)
[15:04:49]Mapping (/datum/controller/subsystem/mapping): TryLoadZ("_maps/map_files/Deltastation/D...", /list (/list), 2, null)
[15:04:49]Mapping (/datum/controller/subsystem/mapping): loadWorld()
[15:04:49]Mapping (/datum/controller/subsystem/mapping): Initialize(649334)
[15:04:49]Master (/datum/controller/master): Initialize(10, 0)
runtime error: 
[15:04:49]Cannot execute /datum/plant_gene/trait/glow (/datum/plant_gene/trait/glow).glow range().
[15:04:49]proc name: New (/obj/structure/glowshroom/New)
[15:04:49]  source file: glowshroom.dm,63
[15:04:49]  usr: null
[15:04:49]  src: the glowshroom (/obj/structure/glowshroom/single)
[15:04:49]  src.loc: Cave Floor (302,69,2) (/turf/open/floor/plating/asteroid)
[15:04:49]  call stack:
[15:04:49]the glowshroom (/obj/structure/glowshroom/single): New(Cave Floor (302,69,2) (/turf/open/floor/plating/asteroid), null, null)
[15:04:49]/dmm_suite (/dmm_suite): create atom(/obj/structure/glowshroom/sing... (/obj/structure/glowshroom/single), Cave Floor (302,69,2) (/turf/open/floor/plating/asteroid))
[15:04:49]/dmm_suite (/dmm_suite): instance atom(/obj/structure/glowshroom/sing... (/obj/structure/glowshroom/single), /list (/list), Cave Floor (302,69,2) (/turf/open/floor/plating/asteroid), 1)
[15:04:49]/dmm_suite (/dmm_suite): parse grid("/obj/structure/glowshroom/sing...", "eFi", 302, 69, 2, 1)
[15:04:49]/dmm_suite (/dmm_suite): load map impl(_maps/map_files/Deltastation/D..., 1, 1, 2, null, null, 1, -1e+031, 1e+031, -1e+031, 1e+031)
[15:04:49]/dmm_suite (/dmm_suite): load map(_maps/map_files/Deltastation/D..., 0, 0, 2, null, null, 1, null, null, null, null)
[15:04:49]Mapping (/datum/controller/subsystem/mapping): TryLoadZ("_maps/map_files/Deltastation/D...", /list (/list), 2, null)
[15:04:49]Mapping (/datum/controller/subsystem/mapping): loadWorld()
[15:04:49]Mapping (/datum/controller/subsystem/mapping): Initialize(649334)
[15:04:49]Master (/datum/controller/master): Initialize(10, 0)
runtime error: 
[15:04:50]Cannot execute /datum/plant_gene/trait/glow (/datum/plant_gene/trait/glow).glow range().
[15:04:50]proc name: New (/obj/structure/glowshroom/New)
[15:04:50]  source file: glowshroom.dm,63
[15:04:50]  usr: null
[15:04:50]  src: the glowshroom (/obj/structure/glowshroom/single)
[15:04:50]  src.loc: Cave Floor (296,55,2) (/turf/open/floor/plating/asteroid)
[15:04:50]  call stack:
[15:04:50]the glowshroom (/obj/structure/glowshroom/single): New(Cave Floor (296,55,2) (/turf/open/floor/plating/asteroid), null, null)
[15:04:50]/dmm_suite (/dmm_suite): create atom(/obj/structure/glowshroom/sing... (/obj/structure/glowshroom/single), Cave Floor (296,55,2) (/turf/open/floor/plating/asteroid))
[15:04:50]/dmm_suite (/dmm_suite): instance atom(/obj/structure/glowshroom/sing... (/obj/structure/glowshroom/single), /list (/list), Cave Floor (296,55,2) (/turf/open/floor/plating/asteroid), 1)
[15:04:50]/dmm_suite (/dmm_suite): parse grid("/obj/structure/glowshroom/sing...", "eJI", 296, 55, 2, 1)
[15:04:50]/dmm_suite (/dmm_suite): load map impl(_maps/map_files/Deltastation/D..., 1, 1, 2, null, null, 1, -1e+031, 1e+031, -1e+031, 1e+031)
[15:04:50]/dmm_suite (/dmm_suite): load map(_maps/map_files/Deltastation/D..., 0, 0, 2, null, null, 1, null, null, null, null)
[15:04:50]Mapping (/datum/controller/subsystem/mapping): TryLoadZ("_maps/map_files/Deltastation/D...", /list (/list), 2, null)
[15:04:50]Mapping (/datum/controller/subsystem/mapping): loadWorld()
[15:04:50]Mapping (/datum/controller/subsystem/mapping): Initialize(649334)
[15:04:50]Master (/datum/controller/master): Initialize(10, 0)
runtime error: 
[15:04:50]Cannot execute /datum/plant_gene/trait/glow (/datum/plant_gene/trait/glow).glow range().
[15:04:50]proc name: New (/obj/structure/glowshroom/New)
[15:04:50]  source file: glowshroom.dm,63
[15:04:50]  usr: null
[15:04:50]  src: the glowshroom (/obj/structure/glowshroom/single)
[15:04:50]  src.loc: Cave Floor (299,55,2) (/turf/open/floor/plating/asteroid)
[15:04:50]  call stack:
[15:04:50]the glowshroom (/obj/structure/glowshroom/single): New(Cave Floor (299,55,2) (/turf/open/floor/plating/asteroid), null, null)
[15:04:50]/dmm_suite (/dmm_suite): create atom(/obj/structure/glowshroom/sing... (/obj/structure/glowshroom/single), Cave Floor (299,55,2) (/turf/open/floor/plating/asteroid))
[15:04:50]/dmm_suite (/dmm_suite): instance atom(/obj/structure/glowshroom/sing... (/obj/structure/glowshroom/single), /list (/list), Cave Floor (299,55,2) (/turf/open/floor/plating/asteroid), 1)
[15:04:50]/dmm_suite (/dmm_suite): parse grid("/obj/structure/glowshroom/sing...", "eJI", 299, 55, 2, 1)
[15:04:50]/dmm_suite (/dmm_suite): load map impl(_maps/map_files/Deltastation/D..., 1, 1, 2, null, null, 1, -1e+031, 1e+031, -1e+031, 1e+031)
[15:04:50]/dmm_suite (/dmm_suite): load map(_maps/map_files/Deltastation/D..., 0, 0, 2, null, null, 1, null, null, null, null)
[15:04:50]Mapping (/datum/controller/subsystem/mapping): TryLoadZ("_maps/map_files/Deltastation/D...", /list (/list), 2, null)
[15:04:50]Mapping (/datum/controller/subsystem/mapping): loadWorld()
[15:04:50]Mapping (/datum/controller/subsystem/mapping): Initialize(649334)
[15:04:50]Master (/datum/controller/master): Initialize(10, 0)
runtime error: 
[15:04:50]Cannot execute /datum/plant_gene/trait/glow (/datum/plant_gene/trait/glow).glow range().
[15:04:50]proc name: New (/obj/structure/glowshroom/New)
[15:04:50]  source file: glowshroom.dm,63
[15:04:50]  usr: null
[15:04:50]  src: the glowshroom (/obj/structure/glowshroom/single)
[15:04:50]  src.loc: Cave Floor (283,53,2) (/turf/open/floor/plating/asteroid)
[15:04:50]  call stack:
[15:04:50]the glowshroom (/obj/structure/glowshroom/single): New(Cave Floor (283,53,2) (/turf/open/floor/plating/asteroid), null, null)
[15:04:50]/dmm_suite (/dmm_suite): create atom(/obj/structure/glowshroom/sing... (/obj/structure/glowshroom/single), Cave Floor (283,53,2) (/turf/open/floor/plating/asteroid))
[15:04:50]/dmm_suite (/dmm_suite): instance atom(/obj/structure/glowshroom/sing... (/obj/structure/glowshroom/single), /list (/list), Cave Floor (283,53,2) (/turf/open/floor/plating/asteroid), 1)
[15:04:50]/dmm_suite (/dmm_suite): parse grid("/obj/structure/glowshroom/sing...", "eJI", 283, 53, 2, 1)
[15:04:50]/dmm_suite (/dmm_suite): load map impl(_maps/map_files/Deltastation/D..., 1, 1, 2, null, null, 1, -1e+031, 1e+031, -1e+031, 1e+031)
[15:04:50]/dmm_suite (/dmm_suite): load map(_maps/map_files/Deltastation/D..., 0, 0, 2, null, null, 1, null, null, null, null)
[15:04:50]Mapping (/datum/controller/subsystem/mapping): TryLoadZ("_maps/map_files/Deltastation/D...", /list (/list), 2, null)
[15:04:50]Mapping (/datum/controller/subsystem/mapping): loadWorld()
[15:04:50]Mapping (/datum/controller/subsystem/mapping): Initialize(649334)
[15:04:50]Master (/datum/controller/master): Initialize(10, 0)
runtime error: 
[15:04:50]Cannot execute /datum/plant_gene/trait/glow (/datum/plant_gene/trait/glow).glow range().
[15:04:50]proc name: New (/obj/structure/glowshroom/New)
[15:04:50]  source file: glowshroom.dm,63
[15:04:50]  usr: null
[15:04:50]  src: the glowshroom (/obj/structure/glowshroom/single)
[15:04:50]  src.loc: Cave Floor (302,53,2) (/turf/open/floor/plating/asteroid)
[15:04:50]  call stack:
[15:04:50]the glowshroom (/obj/structure/glowshroom/single): New(Cave Floor (302,53,2) (/turf/open/floor/plating/asteroid), null, null)
[15:04:50]/dmm_suite (/dmm_suite): create atom(/obj/structure/glowshroom/sing... (/obj/structure/glowshroom/single), Cave Floor (302,53,2) (/turf/open/floor/plating/asteroid))
[15:04:50]/dmm_suite (/dmm_suite): instance atom(/obj/structure/glowshroom/sing... (/obj/structure/glowshroom/single), /list (/list), Cave Floor (302,53,2) (/turf/open/floor/plating/asteroid), 1)
[15:04:50]/dmm_suite (/dmm_suite): parse grid("/obj/structure/glowshroom/sing...", "eJI", 302, 53, 2, 1)
[15:04:50]/dmm_suite (/dmm_suite): load map impl(_maps/map_files/Deltastation/D..., 1, 1, 2, null, null, 1, -1e+031, 1e+031, -1e+031, 1e+031)
[15:04:50]/dmm_suite (/dmm_suite): load map(_maps/map_files/Deltastation/D..., 0, 0, 2, null, null, 1, null, null, null, null)
[15:04:50]Mapping (/datum/controller/subsystem/mapping): TryLoadZ("_maps/map_files/Deltastation/D...", /list (/list), 2, null)
[15:04:50]Mapping (/datum/controller/subsystem/mapping): loadWorld()
[15:04:50]Mapping (/datum/controller/subsystem/mapping): Initialize(649334)
[15:04:50]Master (/datum/controller/master): Initialize(10, 0)
runtime error: 
[15:04:50]Cannot execute /datum/plant_gene/trait/glow (/datum/plant_gene/trait/glow).glow range().
[15:04:50]proc name: New (/obj/structure/glowshroom/New)
[15:04:50]  source file: glowshroom.dm,63
[15:04:50]  usr: null
[15:04:50]  src: the glowshroom (/obj/structure/glowshroom/single)
[15:04:50]  src.loc: Cave Floor (276,52,2) (/turf/open/floor/plating/asteroid)
[15:04:50]  call stack:
[15:04:50]the glowshroom (/obj/structure/glowshroom/single): New(Cave Floor (276,52,2) (/turf/open/floor/plating/asteroid), null, null)
[15:04:50]/dmm_suite (/dmm_suite): create atom(/obj/structure/glowshroom/sing... (/obj/structure/glowshroom/single), Cave Floor (276,52,2) (/turf/open/floor/plating/asteroid))
[15:04:50]/dmm_suite (/dmm_suite): instance atom(/obj/structure/glowshroom/sing... (/obj/structure/glowshroom/single), /list (/list), Cave Floor (276,52,2) (/turf/open/floor/plating/asteroid), 1)
[15:04:50]/dmm_suite (/dmm_suite): parse grid("/obj/structure/glowshroom/sing...", "eJI", 276, 52, 2, 1)
[15:04:50]/dmm_suite (/dmm_suite): load map impl(_maps/map_files/Deltastation/D..., 1, 1, 2, null, null, 1, -1e+031, 1e+031, -1e+031, 1e+031)
[15:04:50]/dmm_suite (/dmm_suite): load map(_maps/map_files/Deltastation/D..., 0, 0, 2, null, null, 1, null, null, null, null)
[15:04:50]Mapping (/datum/controller/subsystem/mapping): TryLoadZ("_maps/map_files/Deltastation/D...", /list (/list), 2, null)
[15:04:50]Mapping (/datum/controller/subsystem/mapping): loadWorld()
[15:04:50]Mapping (/datum/controller/subsystem/mapping): Initialize(649334)
[15:04:50]Master (/datum/controller/master): Initialize(10, 0)
runtime error: 
[15:04:51]Cannot execute /datum/plant_gene/trait/glow (/datum/plant_gene/trait/glow).glow range().
[15:04:51]proc name: New (/obj/structure/glowshroom/New)
[15:04:51]  source file: glowshroom.dm,63
[15:04:51]  usr: null
[15:04:51]  src: the glowshroom (/obj/structure/glowshroom/single)
[15:04:51]  src.loc: Cave Floor (292,51,2) (/turf/open/floor/plating/asteroid)
[15:04:51]  call stack:
[15:04:51]the glowshroom (/obj/structure/glowshroom/single): New(Cave Floor (292,51,2) (/turf/open/floor/plating/asteroid), null, null)
[15:04:51]/dmm_suite (/dmm_suite): create atom(/obj/structure/glowshroom/sing... (/obj/structure/glowshroom/single), Cave Floor (292,51,2) (/turf/open/floor/plating/asteroid))
[15:04:51]/dmm_suite (/dmm_suite): instance atom(/obj/structure/glowshroom/sing... (/obj/structure/glowshroom/single), /list (/list), Cave Floor (292,51,2) (/turf/open/floor/plating/asteroid), 1)
[15:04:51]/dmm_suite (/dmm_suite): parse grid("/obj/structure/glowshroom/sing...", "eJI", 292, 51, 2, 1)
[15:04:51]/dmm_suite (/dmm_suite): load map impl(_maps/map_files/Deltastation/D..., 1, 1, 2, null, null, 1, -1e+031, 1e+031, -1e+031, 1e+031)
[15:04:51]/dmm_suite (/dmm_suite): load map(_maps/map_files/Deltastation/D..., 0, 0, 2, null, null, 1, null, null, null, null)
[15:04:51]Mapping (/datum/controller/subsystem/mapping): TryLoadZ("_maps/map_files/Deltastation/D...", /list (/list), 2, null)
[15:04:51]Mapping (/datum/controller/subsystem/mapping): loadWorld()
[15:04:51]Mapping (/datum/controller/subsystem/mapping): Initialize(649334)
[15:04:51]Master (/datum/controller/master): Initialize(10, 0)
runtime error: 
[15:04:51]Cannot execute /datum/plant_gene/trait/glow (/datum/plant_gene/trait/glow).glow range().
[15:04:51]proc name: New (/obj/structure/glowshroom/New)
[15:04:51]  source file: glowshroom.dm,63
[15:04:51]  usr: null
[15:04:51]  src: the glowshroom (/obj/structure/glowshroom/single)
[15:04:51]  src.loc: Cave Floor (295,51,2) (/turf/open/floor/plating/asteroid)
[15:04:51]  call stack:
[15:04:51]the glowshroom (/obj/structure/glowshroom/single): New(Cave Floor (295,51,2) (/turf/open/floor/plating/asteroid), null, null)
[15:04:51]/dmm_suite (/dmm_suite): create atom(/obj/structure/glowshroom/sing... (/obj/structure/glowshroom/single), Cave Floor (295,51,2) (/turf/open/floor/plating/asteroid))
[15:04:51]/dmm_suite (/dmm_suite): instance atom(/obj/structure/glowshroom/sing... (/obj/structure/glowshroom/single), /list (/list), Cave Floor (295,51,2) (/turf/open/floor/plating/asteroid), 1)
[15:04:51]/dmm_suite (/dmm_suite): parse grid("/obj/structure/glowshroom/sing...", "eJI", 295, 51, 2, 1)
[15:04:51]/dmm_suite (/dmm_suite): load map impl(_maps/map_files/Deltastation/D..., 1, 1, 2, null, null, 1, -1e+031, 1e+031, -1e+031, 1e+031)
[15:04:51]/dmm_suite (/dmm_suite): load map(_maps/map_files/Deltastation/D..., 0, 0, 2, null, null, 1, null, null, null, null)
[15:04:51]Mapping (/datum/controller/subsystem/mapping): TryLoadZ("_maps/map_files/Deltastation/D...", /list (/list), 2, null)
[15:04:51]Mapping (/datum/controller/subsystem/mapping): loadWorld()
[15:04:51]Mapping (/datum/controller/subsystem/mapping): Initialize(649334)
[15:04:51]Master (/datum/controller/master): Initialize(10, 0)
runtime error: 
[15:04:51]Cannot execute /datum/plant_gene/trait/glow (/datum/plant_gene/trait/glow).glow range().
[15:04:51]proc name: New (/obj/structure/glowshroom/New)
[15:04:51]  source file: glowshroom.dm,63
[15:04:51]  usr: null
[15:04:51]  src: the glowshroom (/obj/structure/glowshroom/single)
[15:04:51]  src.loc: Cave Floor (258,49,2) (/turf/open/floor/plating/asteroid)
[15:04:51]  call stack:
[15:04:51]the glowshroom (/obj/structure/glowshroom/single): New(Cave Floor (258,49,2) (/turf/open/floor/plating/asteroid), null, null)
[15:04:51]/dmm_suite (/dmm_suite): create atom(/obj/structure/glowshroom/sing... (/obj/structure/glowshroom/single), Cave Floor (258,49,2) (/turf/open/floor/plating/asteroid))
[15:04:51]/dmm_suite (/dmm_suite): instance atom(/obj/structure/glowshroom/sing... (/obj/structure/glowshroom/single), /list (/list), Cave Floor (258,49,2) (/turf/open/floor/plating/asteroid), 1)
[15:04:51]/dmm_suite (/dmm_suite): parse grid("/obj/structure/glowshroom/sing...", "eJI", 258, 49, 2, 1)
[15:04:51]/dmm_suite (/dmm_suite): load map impl(_maps/map_files/Deltastation/D..., 1, 1, 2, null, null, 1, -1e+031, 1e+031, -1e+031, 1e+031)
[15:04:51]/dmm_suite (/dmm_suite): load map(_maps/map_files/Deltastation/D..., 0, 0, 2, null, null, 1, null, null, null, null)
[15:04:51]Mapping (/datum/controller/subsystem/mapping): TryLoadZ("_maps/map_files/Deltastation/D...", /list (/list), 2, null)
[15:04:51]Mapping (/datum/controller/subsystem/mapping): loadWorld()
[15:04:51]Mapping (/datum/controller/subsystem/mapping): Initialize(649334)
[15:04:51]Master (/datum/controller/master): Initialize(10, 0)
runtime error: 
[15:04:51]Cannot execute /datum/plant_gene/trait/glow (/datum/plant_gene/trait/glow).glow range().
[15:04:51]proc name: New (/obj/structure/glowshroom/New)
[15:04:51]  source file: glowshroom.dm,63
[15:04:51]  usr: null
[15:04:51]  src: the glowshroom (/obj/structure/glowshroom/single)
[15:04:51]  src.loc: Cave Floor (275,49,2) (/turf/open/floor/plating/asteroid)
[15:04:51]  call stack:
[15:04:51]the glowshroom (/obj/structure/glowshroom/single): New(Cave Floor (275,49,2) (/turf/open/floor/plating/asteroid), null, null)
[15:04:51]/dmm_suite (/dmm_suite): create atom(/obj/structure/glowshroom/sing... (/obj/structure/glowshroom/single), Cave Floor (275,49,2) (/turf/open/floor/plating/asteroid))
[15:04:51]/dmm_suite (/dmm_suite): instance atom(/obj/structure/glowshroom/sing... (/obj/structure/glowshroom/single), /list (/list), Cave Floor (275,49,2) (/turf/open/floor/plating/asteroid), 1)
[15:04:51]/dmm_suite (/dmm_suite): parse grid("/obj/structure/glowshroom/sing...", "eJI", 275, 49, 2, 1)
[15:04:51]/dmm_suite (/dmm_suite): load map impl(_maps/map_files/Deltastation/D..., 1, 1, 2, null, null, 1, -1e+031, 1e+031, -1e+031, 1e+031)
[15:04:51]/dmm_suite (/dmm_suite): load map(_maps/map_files/Deltastation/D..., 0, 0, 2, null, null, 1, null, null, null, null)
[15:04:51]Mapping (/datum/controller/subsystem/mapping): TryLoadZ("_maps/map_files/Deltastation/D...", /list (/list), 2, null)
[15:04:51]Mapping (/datum/controller/subsystem/mapping): loadWorld()
[15:04:51]Mapping (/datum/controller/subsystem/mapping): Initialize(649334)
[15:04:51]Master (/datum/controller/master): Initialize(10, 0)
runtime error: 
[15:04:51]Cannot execute /datum/plant_gene/trait/glow (/datum/plant_gene/trait/glow).glow range().
[15:04:51]proc name: New (/obj/structure/glowshroom/New)
[15:04:51]  source file: glowshroom.dm,63
[15:04:51]  usr: null
[15:04:51]  src: the glowshroom (/obj/structure/glowshroom/single)
[15:04:51]  src.loc: Cave Floor (261,48,2) (/turf/open/floor/plating/asteroid)
[15:04:51]  call stack:
[15:04:51]the glowshroom (/obj/structure/glowshroom/single): New(Cave Floor (261,48,2) (/turf/open/floor/plating/asteroid), null, null)
[15:04:51]/dmm_suite (/dmm_suite): create atom(/obj/structure/glowshroom/sing... (/obj/structure/glowshroom/single), Cave Floor (261,48,2) (/turf/open/floor/plating/asteroid))
[15:04:51]/dmm_suite (/dmm_suite): instance atom(/obj/structure/glowshroom/sing... (/obj/structure/glowshroom/single), /list (/list), Cave Floor (261,48,2) (/turf/open/floor/plating/asteroid), 1)
[15:04:51]/dmm_suite (/dmm_suite): parse grid("/obj/structure/glowshroom/sing...", "eJI", 261, 48, 2, 1)
[15:04:51]/dmm_suite (/dmm_suite): load map impl(_maps/map_files/Deltastation/D..., 1, 1, 2, null, null, 1, -1e+031, 1e+031, -1e+031, 1e+031)
[15:04:51]/dmm_suite (/dmm_suite): load map(_maps/map_files/Deltastation/D..., 0, 0, 2, null, null, 1, null, null, null, null)
[15:04:51]Mapping (/datum/controller/subsystem/mapping): TryLoadZ("_maps/map_files/Deltastation/D...", /list (/list), 2, null)
[15:04:51]Mapping (/datum/controller/subsystem/mapping): loadWorld()
[15:04:51]Mapping (/datum/controller/subsystem/mapping): Initialize(649334)
[15:04:51]Master (/datum/controller/master): Initialize(10, 0)
runtime error: 
[15:04:51]Cannot execute /datum/plant_gene/trait/glow (/datum/plant_gene/trait/glow).glow range().
[15:04:51]proc name: New (/obj/structure/glowshroom/New)
[15:04:51]  source file: glowshroom.dm,63
[15:04:51]  usr: null
[15:04:51]  src: the glowshroom (/obj/structure/glowshroom/single)
[15:04:51]  src.loc: Cave Floor (292,48,2) (/turf/open/floor/plating/asteroid)
[15:04:51]  call stack:
[15:04:51]the glowshroom (/obj/structure/glowshroom/single): New(Cave Floor (292,48,2) (/turf/open/floor/plating/asteroid), null, null)
[15:04:51]/dmm_suite (/dmm_suite): create atom(/obj/structure/glowshroom/sing... (/obj/structure/glowshroom/single), Cave Floor (292,48,2) (/turf/open/floor/plating/asteroid))
[15:04:51]/dmm_suite (/dmm_suite): instance atom(/obj/structure/glowshroom/sing... (/obj/structure/glowshroom/single), /list (/list), Cave Floor (292,48,2) (/turf/open/floor/plating/asteroid), 1)
[15:04:51]/dmm_suite (/dmm_suite): parse grid("/obj/structure/glowshroom/sing...", "eJI", 292, 48, 2, 1)
[15:04:51]/dmm_suite (/dmm_suite): load map impl(_maps/map_files/Deltastation/D..., 1, 1, 2, null, null, 1, -1e+031, 1e+031, -1e+031, 1e+031)
[15:04:51]/dmm_suite (/dmm_suite): load map(_maps/map_files/Deltastation/D..., 0, 0, 2, null, null, 1, null, null, null, null)
[15:04:51]Mapping (/datum/controller/subsystem/mapping): TryLoadZ("_maps/map_files/Deltastation/D...", /list (/list), 2, null)
[15:04:51]Mapping (/datum/controller/subsystem/mapping): loadWorld()
[15:04:51]Mapping (/datum/controller/subsystem/mapping): Initialize(649334)
[15:04:51]Master (/datum/controller/master): Initialize(10, 0)
runtime error: 
[15:04:51]Cannot execute /datum/plant_gene/trait/glow (/datum/plant_gene/trait/glow).glow range().
[15:04:51]proc name: New (/obj/structure/glowshroom/New)
[15:04:51]  source file: glowshroom.dm,63
runtime error: 
[15:04:51]Cannot execute /datum/plant_gene/trait/glow (/datum/plant_gene/trait/glow).glow range().
[15:04:51]proc name: New (/obj/structure/glowshroom/New)
[15:04:51]  source file: glowshroom.dm,63
runtime error: 
[15:04:51]Cannot execute /datum/plant_gene/trait/glow (/datum/plant_gene/trait/glow).glow range().
[15:04:51]proc name: New (/obj/structure/glowshroom/New)
[15:04:51]  source file: glowshroom.dm,63
runtime error: 
[15:04:51]Cannot execute /datum/plant_gene/trait/glow (/datum/plant_gene/trait/glow).glow range().
[15:04:51]proc name: New (/obj/structure/glowshroom/New)
[15:04:51]  source file: glowshroom.dm,63
runtime error: 
[15:04:51]Cannot execute /datum/plant_gene/trait/glow (/datum/plant_gene/trait/glow).glow range().
[15:04:51]proc name: New (/obj/structure/glowshroom/New)
[15:04:51]  source file: glowshroom.dm,63
runtime error: 
[15:04:51]Cannot execute /datum/plant_gene/trait/glow (/datum/plant_gene/trait/glow).glow range().
[15:04:51]proc name: New (/obj/structure/glowshroom/New)
[15:04:51]  source file: glowshroom.dm,63
runtime error: 
[15:04:52]Cannot execute /datum/plant_gene/trait/glow (/datum/plant_gene/trait/glow).glow range().
[15:04:52]proc name: New (/obj/structure/glowshroom/New)
[15:04:52]  source file: glowshroom.dm,63
runtime error: 
[15:04:52]Cannot execute /datum/plant_gene/trait/glow (/datum/plant_gene/trait/glow).glow range().
[15:04:52]proc name: New (/obj/structure/glowshroom/New)
[15:04:52]  source file: glowshroom.dm,63
runtime error: 
[15:04:52]Cannot execute /datum/plant_gene/trait/glow (/datum/plant_gene/trait/glow).glow range().
[15:04:52]proc name: New (/obj/structure/glowshroom/New)
[15:04:52]  source file: glowshroom.dm,63
runtime error: 
[15:04:52]Cannot execute /datum/plant_gene/trait/glow (/datum/plant_gene/trait/glow).glow range().
[15:04:52]proc name: New (/obj/structure/glowshroom/New)
[15:04:52]  source file: glowshroom.dm,63
runtime error: 
[15:04:52]Cannot execute /datum/plant_gene/trait/glow (/datum/plant_gene/trait/glow).glow range().
[15:04:52]proc name: New (/obj/structure/glowshroom/New)
[15:04:52]  source file: glowshroom.dm,63
runtime error: 
[15:04:52]Cannot execute /datum/plant_gene/trait/glow (/datum/plant_gene/trait/glow).glow range().
[15:04:52]proc name: New (/obj/structure/glowshroom/New)
[15:04:52]  source file: glowshroom.dm,63
runtime error: 
[15:04:52]Cannot execute /datum/plant_gene/trait/glow (/datum/plant_gene/trait/glow).glow range().
[15:04:52]proc name: New (/obj/structure/glowshroom/New)
[15:04:52]  source file: glowshroom.dm,63
runtime error: 
[15:04:52]Cannot execute /datum/plant_gene/trait/glow (/datum/plant_gene/trait/glow).glow range().
[15:04:52]proc name: New (/obj/structure/glowshroom/New)
[15:04:52]  source file: glowshroom.dm,63
runtime error: 
[15:04:52]Cannot execute /datum/plant_gene/trait/glow (/datum/plant_gene/trait/glow).glow range().
[15:04:52]proc name: New (/obj/structure/glowshroom/New)
[15:04:52]  source file: glowshroom.dm,63
runtime error: 
[15:04:52]Cannot execute /datum/plant_gene/trait/glow (/datum/plant_gene/trait/glow).glow range().
[15:04:52]proc name: New (/obj/structure/glowshroom/New)
[15:04:52]  source file: glowshroom.dm,63
runtime error: 
[15:04:52]Cannot execute /datum/plant_gene/trait/glow (/datum/plant_gene/trait/glow).glow range().
[15:04:52]proc name: New (/obj/structure/glowshroom/New)
[15:04:52]  source file: glowshroom.dm,63
runtime error: 
[15:04:53]Cannot execute /datum/plant_gene/trait/glow (/datum/plant_gene/trait/glow).glow range().
[15:04:53]proc name: New (/obj/structure/glowshroom/New)
[15:04:53]  source file: glowshroom.dm,63
runtime error: 
[15:04:53]Cannot execute /datum/plant_gene/trait/glow (/datum/plant_gene/trait/glow).glow range().
[15:04:53]proc name: New (/obj/structure/glowshroom/New)
[15:04:53]  source file: glowshroom.dm,63
runtime error: 
[15:04:53]Cannot execute /datum/plant_gene/trait/glow (/datum/plant_gene/trait/glow).glow range().
[15:04:53]proc name: New (/obj/structure/glowshroom/New)
[15:04:53]  source file: glowshroom.dm,63
runtime error: 
[15:04:53]Cannot execute /datum/plant_gene/trait/glow (/datum/plant_gene/trait/glow).glow range().
[15:04:53]proc name: New (/obj/structure/glowshroom/New)
[15:04:53]  source file: glowshroom.dm,63
runtime error: 
[15:04:53]Cannot execute /datum/plant_gene/trait/glow (/datum/plant_gene/trait/glow).glow range().
[15:04:53]proc name: New (/obj/structure/glowshroom/New)
[15:04:53]  source file: glowshroom.dm,63
runtime error: 
[15:04:53]Cannot execute /datum/plant_gene/trait/glow (/datum/plant_gene/trait/glow).glow range().
[15:04:53]proc name: New (/obj/structure/glowshroom/New)
[15:04:53]  source file: glowshroom.dm,63
runtime error: 
[15:04:53]Cannot execute /datum/plant_gene/trait/glow (/datum/plant_gene/trait/glow).glow range().
[15:04:53]proc name: New (/obj/structure/glowshroom/New)
[15:04:53]  source file: glowshroom.dm,63
runtime error: 
[15:04:53]Cannot execute /datum/plant_gene/trait/glow (/datum/plant_gene/trait/glow).glow range().
[15:04:53]proc name: New (/obj/structure/glowshroom/New)
[15:04:53]  source file: glowshroom.dm,63
runtime error: 
[15:04:53]Cannot execute /datum/plant_gene/trait/glow (/datum/plant_gene/trait/glow).glow range().
[15:04:53]proc name: New (/obj/structure/glowshroom/New)
[15:04:53]  source file: glowshroom.dm,63
Loaded station in 161.2s!
Ruin "Hierophant's Arena" placed at (153, 209, 5)
Ruin "Ruin of Sloth" placed at (113, 200, 5)
Ruin "Blood-Drunk Miner (Hunter)" placed at (103, 61, 5)
Ruin loader gave up with 1 left to spend.
Ruin "A Giant Ball of Paper in Space" placed at (119, 96, 9)
Initialized Mapping subsystem within 173.8 seconds!
runtime error: 
[15:05:15]Cannot execute null.add reagent().
[15:05:15]proc name: Initialize (/obj/effect/decal/cleanable/blood/gibs/Initialize)
[15:05:15]  source file: humans.dm,57
runtime error: 
[15:05:15]Cannot execute null.add reagent().
[15:05:15]proc name: Initialize (/obj/effect/decal/cleanable/blood/gibs/Initialize)
[15:05:15]  source file: humans.dm,57
runtime error: 
[15:05:15]Cannot execute null.add reagent().
[15:05:15]proc name: Initialize (/obj/effect/decal/cleanable/blood/gibs/Initialize)
[15:05:15]  source file: humans.dm,57
runtime error: 
[15:05:15]Cannot execute null.add reagent().
[15:05:15]proc name: Initialize (/obj/effect/decal/cleanable/blood/gibs/Initialize)
[15:05:15]  source file: humans.dm,57
runtime error: 
[15:05:15]Cannot execute null.add reagent().
[15:05:15]proc name: Initialize (/obj/effect/decal/cleanable/oil/Initialize)
[15:05:15]  source file: robots.dm,52
runtime error: 
[15:05:15]Cannot execute null.add reagent().
[15:05:15]proc name: Initialize (/obj/effect/decal/cleanable/oil/Initialize)
[15:05:15]  source file: robots.dm,52
runtime error: 
[15:05:22]Cannot execute null.add reagent().
[15:05:22]proc name: Initialize (/obj/effect/decal/cleanable/oil/Initialize)
[15:05:22]  source file: robots.dm,52
runtime error: 
[15:05:22]Cannot execute null.add reagent().
[15:05:22]proc name: Initialize (/obj/effect/decal/cleanable/oil/Initialize)
[15:05:22]  source file: robots.dm,52
runtime error: 
[15:05:23]Cannot execute null.add reagent().
[15:05:23]proc name: Initialize (/obj/effect/decal/cleanable/oil/Initialize)
[15:05:23]  source file: robots.dm,52
runtime error: 
[15:05:23]Cannot execute null.add reagent().
[15:05:23]proc name: Initialize (/obj/effect/decal/cleanable/blood/gibs/Initialize)
[15:05:23]  source file: humans.dm,57
runtime error: 
[15:05:23]Cannot execute null.add reagent().
[15:05:23]proc name: Initialize (/obj/effect/decal/cleanable/oil/Initialize)
[15:05:23]  source file: robots.dm,52
runtime error: 
[15:05:23]Cannot execute null.add reagent().
[15:05:23]proc name: Initialize (/obj/effect/decal/cleanable/blood/gibs/Initialize)
[15:05:23]  source file: humans.dm,57
runtime error: 
[15:05:23]Cannot execute null.add reagent().
[15:05:23]proc name: Initialize (/obj/effect/decal/cleanable/oil/Initialize)
[15:05:23]  source file: robots.dm,52
runtime error: 
[15:05:24]Cannot execute null.add reagent().
[15:05:24]proc name: Initialize (/obj/effect/decal/cleanable/blood/gibs/Initialize)
[15:05:24]  source file: humans.dm,57
runtime error: 
[15:05:24]Cannot execute null.add reagent().
[15:05:24]proc name: Initialize (/obj/effect/decal/cleanable/oil/Initialize)
[15:05:24]  source file: robots.dm,52
runtime error: 
[15:05:25]Cannot execute null.add reagent().
[15:05:25]proc name: Initialize (/obj/effect/decal/cleanable/oil/Initialize)
[15:05:25]  source file: robots.dm,52
runtime error: 
[15:05:25]Cannot execute null.add reagent().
[15:05:25]proc name: Initialize (/obj/effect/decal/cleanable/oil/Initialize)
[15:05:25]  source file: robots.dm,52
runtime error: 
[15:05:25]Cannot execute null.add reagent().
[15:05:25]proc name: Initialize (/obj/effect/decal/cleanable/oil/Initialize)
[15:05:25]  source file: robots.dm,52
runtime error: 
[15:05:25]Cannot execute null.add reagent().
[15:05:25]proc name: Initialize (/obj/effect/decal/cleanable/oil/Initialize)
[15:05:25]  source file: robots.dm,52
runtime error: 
[15:05:25]Cannot execute null.add reagent().
[15:05:25]proc name: Initialize (/obj/effect/decal/cleanable/oil/Initialize)
[15:05:25]  source file: robots.dm,52
runtime error: 
[15:05:25]Cannot execute null.add reagent().
[15:05:25]proc name: Initialize (/obj/effect/decal/cleanable/oil/Initialize)
[15:05:25]  source file: robots.dm,52
runtime error: 
[15:05:25]Cannot execute null.add reagent().
[15:05:25]proc name: Initialize (/obj/effect/decal/cleanable/oil/Initialize)
[15:05:25]  source file: robots.dm,52
runtime error: 
[15:05:26]Cannot execute null.add reagent().
[15:05:26]proc name: Initialize (/obj/effect/decal/cleanable/oil/Initialize)
[15:05:26]  source file: robots.dm,52
runtime error: 
[15:05:26]Cannot execute null.add reagent().
[15:05:26]proc name: Initialize (/obj/effect/decal/cleanable/oil/Initialize)
[15:05:26]  source file: robots.dm,52
runtime error: 
[15:05:26]Cannot execute null.add reagent().
[15:05:26]proc name: Initialize (/obj/effect/decal/cleanable/oil/Initialize)
[15:05:26]  source file: robots.dm,52
runtime error: 
[15:05:26]Cannot execute null.add reagent().
[15:05:26]proc name: Initialize (/obj/effect/decal/cleanable/oil/Initialize)
[15:05:26]  source file: robots.dm,52
runtime error: 
[15:05:27]Cannot execute null.add reagent().
[15:05:27]proc name: Initialize (/obj/effect/decal/cleanable/oil/Initialize)
[15:05:27]  source file: robots.dm,52
runtime error: 
[15:05:27]Cannot execute null.add reagent().
[15:05:27]proc name: Initialize (/obj/effect/decal/cleanable/oil/Initialize)
[15:05:27]  source file: robots.dm,52
runtime error: 
[15:05:28]Cannot execute null.add reagent().
[15:05:28]proc name: Initialize (/obj/effect/decal/cleanable/oil/Initialize)
[15:05:28]  source file: robots.dm,52
runtime error: 
[15:05:28]Cannot execute null.add reagent().
[15:05:28]proc name: Initialize (/obj/effect/decal/cleanable/oil/Initialize)
[15:05:28]  source file: robots.dm,52
runtime error: 
[15:05:29]Cannot execute null.add reagent().
[15:05:29]proc name: Initialize (/obj/effect/decal/cleanable/oil/Initialize)
[15:05:29]  source file: robots.dm,52
runtime error: 
[15:05:29]Cannot execute null.add reagent().
[15:05:29]proc name: Initialize (/obj/effect/decal/cleanable/oil/Initialize)
[15:05:29]  source file: robots.dm,52
runtime error: 
[15:05:29]Cannot execute null.add reagent().
[15:05:29]proc name: Initialize (/obj/effect/decal/cleanable/oil/Initialize)
[15:05:29]  source file: robots.dm,52
runtime error: 
[15:05:30]Cannot execute null.add reagent().
[15:05:30]proc name: Initialize (/obj/effect/decal/cleanable/oil/Initialize)
[15:05:30]  source file: robots.dm,52
runtime error: 
[15:05:32]Cannot execute null.add reagent().
[15:05:32]proc name: Initialize (/obj/effect/decal/cleanable/oil/Initialize)
[15:05:32]  source file: robots.dm,52
runtime error: 
[15:05:32]Cannot execute null.add reagent().
[15:05:32]proc name: Initialize (/obj/effect/decal/cleanable/oil/Initialize)
[15:05:32]  source file: robots.dm,52
runtime error: 
[15:05:32]Cannot execute null.add reagent().
[15:05:32]proc name: Initialize (/obj/effect/decal/cleanable/oil/Initialize)
[15:05:32]  source file: robots.dm,52
runtime error: 
[15:05:32]Cannot execute null.add reagent().
[15:05:32]proc name: Initialize (/obj/effect/decal/cleanable/oil/Initialize)
[15:05:32]  source file: robots.dm,52
runtime error: 
[15:05:33]Cannot execute null.add reagent().
[15:05:33]proc name: Initialize (/obj/effect/decal/cleanable/oil/Initialize)
[15:05:33]  source file: robots.dm,52
runtime error: 
[15:05:33]Cannot execute null.add reagent().
[15:05:33]proc name: Initialize (/obj/effect/decal/cleanable/oil/Initialize)
[15:05:33]  source file: robots.dm,52
runtime error: 
[15:05:33]Cannot execute null.add reagent().
[15:05:33]proc name: Initialize (/obj/effect/decal/cleanable/oil/Initialize)
[15:05:33]  source file: robots.dm,52
runtime error: 
[15:05:33]Cannot execute null.add reagent().
[15:05:33]proc name: Initialize (/obj/effect/decal/cleanable/oil/Initialize)
[15:05:33]  source file: robots.dm,52
runtime error: 
[15:05:35]Cannot execute null.add reagent().
[15:05:35]proc name: Initialize (/obj/effect/decal/cleanable/oil/Initialize)
[15:05:35]  source file: robots.dm,52
runtime error: 
[15:05:36]Cannot execute null.add reagent().
[15:05:36]proc name: Initialize (/obj/effect/decal/cleanable/oil/Initialize)
[15:05:36]  source file: robots.dm,52
runtime error: 
[15:05:36]Cannot execute null.add reagent().
[15:05:36]proc name: Initialize (/obj/effect/decal/cleanable/oil/Initialize)
[15:05:36]  source file: robots.dm,52
runtime error: 
[15:05:38]Cannot execute null.add reagent().
[15:05:38]proc name: Initialize (/obj/effect/decal/cleanable/oil/Initialize)
[15:05:38]  source file: robots.dm,52
runtime error: 
[15:05:38]Cannot execute null.add reagent().
[15:05:38]proc name: Initialize (/obj/effect/decal/cleanable/oil/Initialize)
[15:05:38]  source file: robots.dm,52
runtime error: 
[15:05:38]Cannot execute null.add reagent().
[15:05:38]proc name: Initialize (/obj/effect/decal/cleanable/oil/Initialize)
[15:05:38]  source file: robots.dm,52
runtime error: 
[15:05:38]Cannot execute null.add reagent().
[15:05:38]proc name: Initialize (/obj/effect/decal/cleanable/oil/Initialize)
[15:05:38]  source file: robots.dm,52
runtime error: 
[15:05:39]Cannot execute null.add reagent().
[15:05:39]proc name: Initialize (/obj/effect/decal/cleanable/oil/Initialize)
[15:05:39]  source file: robots.dm,52
runtime error: 
[15:05:39]Cannot execute null.add reagent().
[15:05:39]proc name: Initialize (/obj/effect/decal/cleanable/oil/Initialize)
[15:05:39]  source file: robots.dm,52
runtime error: 
[15:05:40]Cannot execute null.add reagent().
[15:05:40]proc name: Initialize (/obj/effect/decal/cleanable/oil/Initialize)
[15:05:40]  source file: robots.dm,52
runtime error: 
[15:05:41]Cannot execute null.add reagent().
[15:05:41]Warning: further proc crash messages are being suppressed to prevent overload...
runtime error: 
[15:05:48]Undefined variable /obj/item/rupee/var/swimming

runtime error: 
[15:05:48]Undefined variable /obj/item/rupee/var/swimming

runtime error: 
[15:05:48]Undefined variable /obj/item/rupee/var/swimming

runtime error: 
[15:05:48]Undefined variable /obj/structure/signpost/salvation/var/swimming

runtime error: 
[15:05:48]Undefined variable /obj/item/rupee/var/swimming

runtime error: 
[15:05:48]Undefined variable /obj/item/rupee/var/swimming

runtime error: 
[15:05:48]Undefined variable /obj/item/rupee/var/swimming

runtime error: 
[15:05:48]Undefined variable /obj/item/rupee/var/swimming

runtime error: 
[15:05:48]Undefined variable /obj/item/rupee/var/swimming

runtime error: 
[15:05:48]Undefined variable /obj/item/rupee/var/swimming

runtime error: 
[15:05:48]Undefined variable /obj/effect/landmark/error/var/swimming

runtime error: 
[15:05:48]Undefined variable /obj/item/rupee/var/swimming

runtime error: 
[15:05:48]Undefined variable /obj/item/rupee/var/swimming

runtime error: 
[15:05:48]Undefined variable /obj/item/rupee/var/swimming

runtime error: 
[15:05:48]Undefined variable /obj/item/rupee/var/swimming

runtime error: 
[15:05:48]Undefined variable /obj/item/rupee/var/swimming

runtime error: 
[15:05:48]Undefined variable /obj/item/rupee/var/swimming

runtime error: 
[15:05:48]Undefined variable /obj/item/rupee/var/swimming

runtime error: 
[15:05:48]Undefined variable /obj/item/rupee/var/swimming

runtime error: 
[15:05:48]Undefined variable /obj/item/rupee/var/swimming

runtime error: 
[15:05:48]Undefined variable /obj/item/rupee/var/swimming

runtime error: 
[15:05:48]Undefined variable /obj/item/rupee/var/swimming

runtime error: 
[15:05:48]Undefined variable /obj/item/rupee/var/swimming

runtime error: 
[15:05:48]Undefined variable /obj/item/rupee/var/swimming

runtime error: 
[15:05:48]Undefined variable /obj/item/rupee/var/swimming

runtime error: 
[15:05:48]Undefined variable /obj/item/rupee/var/swimming

runtime error: 
[15:05:48]Undefined variable /obj/item/rupee/var/swimming

runtime error: 
[15:05:48]Undefined variable /obj/item/rupee/var/swimming

runtime error: 
[15:05:48]Undefined variable /obj/item/rupee/var/swimming

runtime error: 
[15:05:48]Undefined variable /obj/item/rupee/var/swimming

runtime error: 
[15:05:48]Undefined variable /obj/item/rupee/var/swimming

runtime error: 
[15:05:48]Undefined variable /obj/item/rupee/var/swimming

runtime error: 
[15:05:48]Undefined variable /obj/item/rupee/var/swimming

runtime error: 
[15:05:49]Undefined variable /obj/item/rupee/var/swimming

runtime error: 
[15:05:49]Undefined variable /obj/item/rupee/var/swimming

runtime error: 
[15:05:49]Undefined variable /obj/item/rupee/var/swimming

runtime error: 
[15:05:49]Undefined variable /obj/item/rupee/var/swimming

runtime error: 
[15:05:49]Undefined variable /obj/item/rupee/var/swimming

runtime error: 
[15:05:49]Undefined variable /obj/item/rupee/var/swimming

runtime error: 
[15:05:49]Undefined variable /obj/item/rupee/var/swimming

runtime error: 
[15:05:49]Undefined variable /obj/item/rupee/var/swimming

runtime error: 
[15:05:49]Undefined variable /obj/item/rupee/var/swimming

runtime error: 
[15:05:49]Undefined variable /obj/item/rupee/var/swimming

runtime error: 
[15:05:49]Undefined variable /obj/item/rupee/var/swimming

runtime error: 
[15:05:49]Undefined variable /obj/item/rupee/var/swimming

runtime error: 
[15:05:49]Undefined variable /obj/item/rupee/var/swimming

runtime error: 
[15:05:49]Undefined variable /obj/item/rupee/var/swimming

runtime error: 
[15:05:49]Undefined variable /obj/structure/speaking_tile/var/swimming

runtime error: 
[15:05:49]Undefined variable /obj/machinery/abductor/gland_dispenser/var/swimming

runtime error: 
[15:05:49]Undefined variable /obj/structure/table/abductor/var/swimming

runtime error: 
[15:05:49]Undefined variable /obj/item/surgicaldrill/alien/var/swimming

runtime error: 
[15:05:49]undefined proc or verb /mob/living/simple_animal/bot/medbot/mysterious/remove overlay().

runtime error: 
[15:05:50]undefined proc or verb /mob/living/simple_animal/hostile/creature/remove overlay().

runtime error: 
[15:05:50]undefined proc or verb /mob/living/simple_animal/hostile/carp/cayenne/remove overlay().

runtime error: 
[15:05:51]undefined proc or verb /mob/dead/new_player/remove overlay().

runtime error: 
[15:05:51]undefined proc or verb /mob/dead/new_player/remove overlay().

runtime error: 
[15:05:51]undefined proc or verb /mob/dead/new_player/remove overlay().

runtime error: 
[15:05:51]undefined proc or verb /mob/dead/new_player/remove overlay().

runtime error: 
[15:05:56]Cannot execute null.add reagent().
runtime error: 
[15:05:57]Cannot execute null.add reagent().
runtime error: 
[15:05:57]Cannot execute null.add reagent().
runtime error: 
[15:05:57]Cannot execute null.add reagent().
runtime error: 
[15:05:57]Cannot execute null.add reagent().
runtime error: 
[15:05:57]undefined proc or verb /mob/living/simple_animal/bot/medbot/remove overlay().

runtime error: 
[15:05:57]undefined proc or verb /mob/living/simple_animal/cockroach/remove overlay().

runtime error: 
[15:05:57]undefined proc or verb /mob/living/simple_animal/cockroach/remove overlay().

runtime error: 
[15:05:58]undefined proc or verb /mob/living/simple_animal/cockroach/remove overlay().

runtime error: 
[15:05:58]undefined proc or verb /mob/living/simple_animal/cockroach/remove overlay().

runtime error: 
[15:05:58]undefined proc or verb /mob/living/simple_animal/cockroach/remove overlay().

runtime error: 
[15:05:58]undefined proc or verb /mob/living/simple_animal/pet/cat/Runtime/remove overlay().

runtime error: 
[15:05:58]undefined proc or verb /mob/living/simple_animal/cockroach/remove overlay().

runtime error: 
[15:05:58]undefined proc or verb /mob/living/simple_animal/pet/dog/pug/remove overlay().

runtime error: 
[15:05:58]undefined proc or verb /mob/living/simple_animal/cockroach/remove overlay().

runtime error: 
[15:05:58]undefined proc or verb /mob/living/simple_animal/cockroach/remove overlay().

runtime error: 
[15:05:59]undefined proc or verb /mob/living/simple_animal/cockroach/remove overlay().

runtime error: 
[15:05:59]undefined proc or verb /mob/living/simple_animal/slime/remove overlay().

runtime error: 
[15:05:59]undefined proc or verb /mob/living/simple_animal/slime/remove overlay().

runtime error: 
[15:05:59]undefined proc or verb /mob/living/simple_animal/slime/remove overlay().

runtime error: 
[15:05:59]undefined proc or verb /mob/living/simple_animal/cockroach/remove overlay().

runtime error: 
[15:06:00]undefined proc or verb /mob/living/simple_animal/cockroach/remove overlay().

runtime error: 
[15:06:00]undefined proc or verb /mob/living/simple_animal/pet/dog/corgi/Ian/remove overlay().

runtime error: 
[15:06:00]Cannot execute null.add reagent().
runtime error: 
[15:06:00]undefined proc or verb /mob/living/simple_animal/bot/secbot/pingsky/remove overlay().

runtime error: 
[15:06:00]undefined proc or verb /mob/living/simple_animal/parrot/Poly/remove overlay().

runtime error: 
[15:06:00]undefined proc or verb /mob/living/simple_animal/bot/secbot/beepsky/remove overlay().

runtime error: 
[15:06:00]undefined proc or verb /mob/living/simple_animal/pet/fox/Renault/remove overlay().

runtime error: 
[15:06:01]Cannot read null.martial_art
runtime error: 
[15:06:01]undefined proc or verb /mob/living/simple_animal/hostile/carp/cayenne/remove overlay().

runtime error: 
[15:06:02]undefined proc or verb /mob/living/simple_animal/cockroach/remove overlay().

runtime error: 
[15:06:02]undefined proc or verb /mob/living/simple_animal/hostile/retaliate/goat/remove overlay().

runtime error: 
[15:06:02]undefined proc or verb /mob/living/simple_animal/sloth/citrus/remove overlay().

runtime error: 
[15:06:02]undefined proc or verb /mob/living/simple_animal/cockroach/remove overlay().

runtime error: 
[15:06:03]undefined proc or verb /mob/living/simple_animal/mouse/remove overlay().

runtime error: 
[15:06:03]undefined proc or verb /mob/living/simple_animal/mouse/remove overlay().

runtime error: 
[15:06:03]undefined proc or verb /mob/living/simple_animal/bot/mulebot/remove overlay().

runtime error: 
[15:06:03]undefined proc or verb /mob/living/simple_animal/bot/mulebot/remove overlay().

runtime error: 
[15:06:03]undefined proc or verb /mob/living/simple_animal/cockroach/remove overlay().

runtime error: 
[15:06:03]undefined proc or verb /mob/living/simple_animal/hostile/lizard/remove overlay().

runtime error: 
[15:06:04]undefined proc or verb /mob/living/simple_animal/cockroach/remove overlay().

runtime error: 
[15:06:04]undefined proc or verb /mob/living/simple_animal/cockroach/remove overlay().

runtime error: 
[15:06:04]undefined proc or verb /mob/living/simple_animal/cockroach/remove overlay().

runtime error: 
[15:06:04]undefined proc or verb /mob/living/simple_animal/cockroach/remove overlay().

runtime error: 
[15:06:04]Cannot read null.martial_art
runtime error: 
[15:06:09]Cannot read null.martial_art
runtime error: 
[15:06:11]Cannot read null.martial_art
runtime error: 
[15:06:13]undefined proc or verb /mob/living/simple_animal/hostile/asteroid/basilisk/watcher/random/remove overlay().

runtime error: 
[15:06:13]undefined proc or verb /mob/living/simple_animal/hostile/asteroid/goliath/beast/random/remove overlay().

runtime error: 
[15:06:13]undefined proc or verb /mob/living/simple_animal/hostile/asteroid/basilisk/watcher/random/remove overlay().

runtime error: 
[15:06:13]undefined proc or verb /mob/living/simple_animal/hostile/asteroid/hivelord/legion/random/remove overlay().

runtime error: 
[15:06:13]undefined proc or verb /mob/living/simple_animal/hostile/asteroid/hivelord/legion/random/remove overlay().

runtime error: 
[15:06:13]undefined proc or verb /mob/living/simple_animal/hostile/asteroid/goliath/beast/random/remove overlay().

runtime error: 
[15:06:14]undefined proc or verb /mob/living/simple_animal/hostile/asteroid/goliath/beast/random/remove overlay().

Initialized 1.48048e+006 atoms
Initialized Atoms subsystem within 102.9 seconds!
Initialized Language subsystem within 0.1 seconds!
Initialized Machines subsystem within 1.3 seconds!
Initialized Circuit subsystem within 0 seconds!
Initialized Weather subsystem within 0 seconds!
## WARNING: There are 570 active turfs at roundstart, this is a mapping error caused by a difference of the air between the adjacent turfs. You can see its coordinates using "Mapping -> Show roundstart AT list" verb (debug verbs required)
## WARNING: HEY! LISTEN! 12 seconds were wasted processing 570 turf(s) (connected to 87022 other turfs) with atmos differences at round start.
Initialized Atmospherics subsystem within 35.1 seconds!
Initialized Minimap subsystem within 0 seconds!
Initialized Assets subsystem within 0.4 seconds!
Initialized Icon Smoothing subsystem within 9.4 seconds!
Initialized Overlay subsystem within 27.3 seconds!
Initialized XKeyScore subsystem within 0 seconds!
Initialized Lighting subsystem within 24.7 seconds!
Initialized Shuttle subsystem within 104.6 seconds!
Initialized Squeak subsystem within 0 seconds!
Loaded 0 engraved messages on map Delta Station
Initialized Persistence subsystem within 0.1 seconds!
Initializations complete within 480.4 seconds!
Game start took 0s
## WARNING: A ref was requested of an object with use_tag set but no tag: Rontgen in code/__HELPERS/unsorted.dm at line 1500 src:  usr: Rontgen.
runtime error: 
[15:10:23]Cannot read null.key
runtime error: 
[15:10:23]Cannot read null.martial_art
runtime error: 
[15:10:24]Cannot read null.martial_art
## WARNING: A ref was requested of an object with use_tag set but no tag: Frontline03 in code/__HELPERS/unsorted.dm at line 1500 src:  usr: Frontline03.
runtime error: 
[15:10:24]Cannot read null.key
runtime error: 
[15:10:25]Cannot read null.martial_art
runtime error: 
[15:10:25]Cannot read null.martial_art
## WARNING: A ref was requested of an object with use_tag set but no tag: AlcaroIsAFrick in code/__HELPERS/unsorted.dm at line 1500 src:  usr: AlcaroIsAFrick.
runtime error: 
[15:11:50]Cannot read null.key
runtime error: 
[15:11:50]Cannot read null.martial_art
runtime error: 
[15:11:51]Cannot read null.martial_art
## WARNING: A ref was requested of an object with use_tag set but no tag: Matvey2001 in code/__HELPERS/unsorted.dm at line 1500 src:  usr: Matvey2001.
runtime error: 
[15:12:04]Cannot read null.key
runtime error: 
[15:12:04]Cannot read null.martial_art
runtime error: 
[15:12:04]Cannot read null.martial_art
## WARNING: A ref was requested of an object with use_tag set but no tag: Kanoha Shinobi in code/__HELPERS/unsorted.dm at line 1500 src:  usr: Kanoha Shinobi.
runtime error: 
[15:15:37]Cannot read null.key
runtime error: 
[15:15:37]Cannot read null.martial_art
runtime error: 
[15:15:39]Cannot read null.martial_art
## WARNING: A ref was requested of an object with use_tag set but no tag: the new player in code/__HELPERS/unsorted.dm at line 1500 src:  usr: the new player.
runtime error: 
[15:16:37]Cannot read null.key
runtime error: 
[15:16:37]Cannot read null.martial_art
runtime error: 
[15:16:37]Cannot read null.martial_art
## WARNING: A ref was requested of an object with use_tag set but no tag: the new player in code/__HELPERS/unsorted.dm at line 1500 src:  usr: the new player.
runtime error: 
[15:17:55]Cannot read null.key
runtime error: 
[15:17:55]Cannot read null.martial_art
runtime error: 
[15:17:55]Cannot read null.martial_art
runtime error: 
[15:17:57]list index out of bounds
## WARNING: A ref was requested of an object with use_tag set but no tag: the new player in code/__HELPERS/unsorted.dm at line 1500 src:  usr: the new player.
runtime error: 
[15:18:28]Cannot read null.key
runtime error: 
[15:18:28]Cannot read null.martial_art
runtime error: 
[15:18:29]Cannot read null.martial_art
## WARNING: A ref was requested of an object with use_tag set but no tag: Cesarjunior233 in code/__HELPERS/unsorted.dm at line 1500 src:  usr: Cesarjunior233.
runtime error: 
[15:19:18]Cannot read null.key
runtime error: 
[15:19:18]Cannot read null.martial_art
runtime error: 
[15:19:19]Cannot read null.martial_art
## WARNING: A ref was requested of an object with use_tag set but no tag: the new player in code/__HELPERS/unsorted.dm at line 1500 src:  usr: the new player.
runtime error: 
[15:19:44]Cannot read null.key
runtime error: 
[15:19:44]Cannot read null.martial_art
runtime error: 
[15:19:45]Cannot read null.martial_art
runtime error: 
[15:20:30]list index out of bounds
runtime error: 
[15:20:37]list index out of bounds
runtime error: 
[15:20:38]list index out of bounds
runtime error: 
[15:20:39]list index out of bounds
runtime error: 
[15:20:40]list index out of bounds
runtime error: 
[15:20:41]list index out of bounds
runtime error: 
[15:20:42]list index out of bounds
runtime error: 
[15:20:43]list index out of bounds
runtime error: 
[15:20:44]list index out of bounds
runtime error: 
[15:20:45]list index out of bounds
runtime error: 
[15:20:49]list index out of bounds
runtime error: 
[15:20:50]list index out of bounds
runtime error: 
[15:20:51]list index out of bounds
runtime error: 
[15:20:52]list index out of bounds
runtime error: 
[15:20:53]list index out of bounds
runtime error: 
[15:20:54]list index out of bounds
runtime error: 
[15:20:55]list index out of bounds
runtime error: 
[15:20:56]list index out of bounds
runtime error: 
[15:20:57]list index out of bounds
runtime error: 
[15:20:58]undefined proc or verb /turf/open/space/break tile().

runtime error: 
[15:20:58]list index out of bounds
runtime error: 
[15:20:59]list index out of bounds
runtime error: 
[15:20:59]list index out of bounds
runtime error: 
[15:21:00]list index out of bounds
runtime error: 
[15:21:03]list index out of bounds
runtime error: 
[15:21:04]list index out of bounds
runtime error: 
[15:21:05]list index out of bounds
runtime error: 
[15:21:06]list index out of bounds
runtime error: 
[15:21:06]Undefined variable /obj/effect/particle_effect/sparks/var/swimming

runtime error: 
[15:21:06]Undefined variable /obj/effect/particle_effect/sparks/var/swimming

runtime error: 
[15:21:06]Undefined variable /obj/effect/particle_effect/sparks/var/swimming

runtime error: 
[15:21:06]Undefined variable /obj/effect/particle_effect/sparks/var/swimming

runtime error: 
[15:21:06]Undefined variable /obj/effect/particle_effect/sparks/var/swimming

runtime error: 
[15:21:06]Undefined variable /obj/effect/particle_effect/sparks/var/swimming

runtime error: 
[15:21:06]Undefined variable /obj/effect/particle_effect/sparks/var/swimming

runtime error: 
[15:21:06]Undefined variable /obj/effect/particle_effect/sparks/var/swimming

runtime error: 
[15:21:06]Undefined variable /obj/effect/particle_effect/sparks/var/swimming

runtime error: 
[15:21:06]Undefined variable /obj/effect/particle_effect/sparks/var/swimming

runtime error: 
[15:21:07]list index out of bounds
runtime error: 
[15:21:07]Undefined variable /obj/effect/particle_effect/sparks/var/swimming

runtime error: 
[15:21:07]Undefined variable /obj/effect/particle_effect/sparks/var/swimming

runtime error: 
[15:21:07]Undefined variable /obj/effect/particle_effect/sparks/var/swimming

runtime error: 
[15:21:07]Undefined variable /obj/effect/particle_effect/sparks/var/swimming

runtime error: 
[15:21:07]Undefined variable /obj/effect/particle_effect/sparks/var/swimming

runtime error: 
[15:21:08]Undefined variable /obj/effect/particle_effect/sparks/var/swimming

runtime error: 
[15:21:08]Undefined variable /obj/effect/particle_effect/sparks/var/swimming

runtime error: 
[15:21:08]Undefined variable /obj/effect/particle_effect/sparks/var/swimming

runtime error: 
[15:21:08]list index out of bounds
runtime error: 
[15:21:08]Undefined variable /obj/item/projectile/beam/emitter/var/swimming

runtime error: 
[15:21:09]Undefined variable /obj/item/projectile/beam/emitter/var/swimming

runtime error: 
[15:21:09]Undefined variable /obj/item/projectile/beam/emitter/var/swimming

runtime error: 
[15:21:09]Undefined variable /obj/item/projectile/beam/emitter/var/swimming

runtime error: 
[15:21:09]Undefined variable /obj/item/projectile/beam/emitter/var/swimming

runtime error: 
[15:21:09]Undefined variable /obj/item/projectile/beam/emitter/var/swimming

runtime error: 
[15:21:09]Undefined variable /obj/item/projectile/beam/emitter/var/swimming

runtime error: 
[15:21:09]Undefined variable /obj/item/projectile/beam/emitter/var/swimming

runtime error: 
[15:21:09]Undefined variable /obj/item/projectile/beam/emitter/var/swimming

runtime error: 
[15:21:09]Undefined variable /obj/item/projectile/beam/emitter/var/swimming

runtime error: 
[15:21:09]Undefined variable /obj/item/projectile/beam/emitter/var/swimming

runtime error: 
[15:21:09]Undefined variable /obj/item/projectile/beam/emitter/var/swimming

runtime error: 
[15:21:09]Undefined variable /obj/item/projectile/beam/emitter/var/swimming

runtime error: 
[15:21:09]Undefined variable /obj/item/projectile/beam/emitter/var/swimming

runtime error: 
[15:21:09]Undefined variable /obj/item/projectile/beam/emitter/var/swimming

runtime error: 
[15:21:09]Undefined variable /obj/item/projectile/beam/emitter/var/swimming

runtime error: 
[15:21:09]Undefined variable /obj/item/projectile/beam/emitter/var/swimming

runtime error: 
[15:21:09]Undefined variable /obj/item/projectile/beam/emitter/var/swimming

runtime error: 
[15:21:09]Undefined variable /obj/item/projectile/beam/emitter/var/swimming

runtime error: 
[15:21:09]Undefined variable /obj/effect/particle_effect/sparks/var/swimming

runtime error: 
[15:21:09]Undefined variable /obj/effect/particle_effect/sparks/var/swimming

runtime error: 
[15:21:09]Undefined variable /obj/effect/particle_effect/sparks/var/swimming

runtime error: 
[15:21:09]Undefined variable /obj/effect/particle_effect/sparks/var/swimming

runtime error: 
[15:21:09]Undefined variable /obj/item/projectile/beam/emitter/var/swimming

runtime error: 
[15:21:09]Undefined variable /obj/item/projectile/beam/emitter/var/swimming

runtime error: 
[15:21:09]Undefined variable /obj/item/projectile/beam/emitter/var/swimming

runtime error: 
[15:21:10]Undefined variable /obj/item/projectile/beam/emitter/var/swimming

runtime error: 
[15:21:10]Undefined variable /obj/item/projectile/beam/emitter/var/swimming

runtime error: 
[15:21:10]Undefined variable /obj/item/projectile/beam/emitter/var/swimming

runtime error: 
[15:21:10]list index out of bounds
runtime error: 
[15:21:10]Undefined variable /obj/item/projectile/beam/emitter/var/swimming

runtime error: 
[15:21:10]Undefined variable /obj/item/projectile/beam/emitter/var/swimming

runtime error: 
[15:21:10]Undefined variable /obj/item/projectile/beam/emitter/var/swimming

runtime error: 
[15:21:10]Undefined variable /obj/item/projectile/beam/emitter/var/swimming

runtime error: 
[15:21:10]list index out of bounds
runtime error: 
[15:21:11]list index out of bounds
runtime error: 
[15:21:12]undefined proc or verb /mob/living/simple_animal/bot/secbot/beepsky/remove overlay().

runtime error: 
[15:21:12]undefined proc or verb /mob/living/simple_animal/bot/secbot/beepsky/remove overlay().

runtime error: 
[15:21:12]list index out of bounds
runtime error: 
[15:21:12]undefined proc or verb /mob/living/simple_animal/bot/secbot/beepsky/remove overlay().

runtime error: 
[15:21:13]undefined proc or verb /mob/living/simple_animal/slime/remove overlay().

runtime error: 
[15:21:13]list index out of bounds
runtime error: 
[15:21:14]undefined proc or verb /mob/living/simple_animal/bot/secbot/beepsky/remove overlay().

runtime error: 
[15:21:14]undefined proc or verb /mob/living/simple_animal/bot/secbot/beepsky/remove overlay().

runtime error: 
[15:21:14]undefined proc or verb /mob/living/simple_animal/bot/secbot/beepsky/remove overlay().

runtime error: 
[15:21:15]list index out of bounds
runtime error: 
[15:21:15]undefined proc or verb /mob/living/simple_animal/bot/secbot/beepsky/remove overlay().

runtime error: 
[15:21:15]undefined proc or verb /mob/living/simple_animal/slime/remove overlay().

runtime error: 
[15:21:15]list index out of bounds
runtime error: 
[15:21:16]undefined proc or verb /mob/living/simple_animal/bot/secbot/beepsky/remove overlay().

runtime error: 
[15:21:16]list index out of bounds
runtime error: 
[15:21:16]undefined proc or verb /mob/living/simple_animal/bot/secbot/beepsky/remove overlay().

runtime error: 
[15:21:17]undefined proc or verb /mob/living/simple_animal/bot/secbot/beepsky/remove overlay().

runtime error: 
[15:21:17]undefined proc or verb /mob/living/simple_animal/hostile/asteroid/hivelord/legion/tendril/remove overlay().

runtime error: 
[15:21:17]undefined proc or verb /mob/living/simple_animal/hostile/asteroid/goliath/beast/tendril/remove overlay().

runtime error: 
[15:21:17]undefined proc or verb /mob/living/simple_animal/bot/secbot/beepsky/remove overlay().

runtime error: 
[15:21:17]undefined proc or verb /mob/living/simple_animal/hostile/asteroid/hivelord/legion/tendril/remove overlay().

runtime error: 
[15:21:17]undefined proc or verb /mob/living/simple_animal/hostile/asteroid/goliath/beast/tendril/remove overlay().

runtime error: 
[15:21:17]undefined proc or verb /mob/living/simple_animal/hostile/asteroid/goliath/beast/tendril/remove overlay().

runtime error: 
[15:21:17]list index out of bounds
runtime error: 
[15:21:17]undefined proc or verb /mob/living/simple_animal/hostile/lizard/remove overlay().

runtime error: 
[15:21:18]undefined proc or verb /mob/living/simple_animal/hostile/asteroid/hivelord/legion/random/remove overlay().

runtime error: 
[15:21:18]undefined proc or verb /mob/living/simple_animal/hostile/asteroid/goliath/beast/random/remove overlay().

runtime error: 
[15:21:18]undefined proc or verb /mob/living/simple_animal/hostile/asteroid/goliath/beast/random/remove overlay().

runtime error: 
[15:21:18]undefined proc or verb /mob/living/simple_animal/hostile/asteroid/goliath/beast/random/remove overlay().

runtime error: 
[15:21:18]undefined proc or verb /mob/living/simple_animal/hostile/asteroid/hivelord/legion/random/remove overlay().

runtime error: 
[15:21:18]undefined proc or verb /mob/living/simple_animal/hostile/asteroid/goliath/beast/random/remove overlay().

runtime error: 
[15:21:18]undefined proc or verb /mob/living/simple_animal/hostile/asteroid/goliath/beast/random/remove overlay().

runtime error: 
[15:21:18]undefined proc or verb /mob/living/simple_animal/hostile/asteroid/goliath/beast/random/remove overlay().

runtime error: 
[15:21:18]undefined proc or verb /mob/living/simple_animal/hostile/asteroid/goliath/beast/random/remove overlay().

runtime error: 
[15:21:18]undefined proc or verb /mob/living/simple_animal/hostile/asteroid/hivelord/legion/random/remove overlay().

runtime error: 
[15:21:18]undefined proc or verb /mob/living/simple_animal/hostile/asteroid/hivelord/legion/random/remove overlay().

runtime error: 
[15:21:18]list index out of bounds
runtime error: 
[15:21:18]undefined proc or verb /mob/living/simple_animal/hostile/asteroid/goliath/beast/random/remove overlay().

runtime error: 
[15:21:18]undefined proc or verb /mob/living/simple_animal/hostile/asteroid/goliath/beast/random/remove overlay().

runtime error: 
[15:21:18]undefined proc or verb /mob/living/simple_animal/hostile/asteroid/goliath/beast/random/remove overlay().

runtime error: 
[15:21:19]undefined proc or verb /mob/living/simple_animal/hostile/asteroid/goliath/beast/random/remove overlay().

runtime error: 
[15:21:19]undefined proc or verb /mob/living/simple_animal/hostile/asteroid/goliath/beast/random/remove overlay().

runtime error: 
[15:21:19]undefined proc or verb /mob/living/simple_animal/hostile/asteroid/goliath/beast/random/remove overlay().

runtime error: 
[15:21:19]undefined proc or verb /mob/living/simple_animal/parrot/Poly/remove overlay().

runtime error: 
[15:21:19]undefined proc or verb /mob/living/simple_animal/parrot/Poly/remove overlay().

runtime error: 
[15:21:19]list index out of bounds
runtime error: 
[15:21:19]undefined proc or verb /mob/living/simple_animal/hostile/asteroid/goliath/beast/random/remove overlay().

runtime error: 
[15:21:19]undefined proc or verb /mob/living/simple_animal/hostile/asteroid/goliath/beast/random/remove overlay().

runtime error: 
[15:21:19]undefined proc or verb /mob/living/simple_animal/hostile/asteroid/goliath/beast/random/remove overlay().

runtime error: 
[15:21:20]undefined proc or verb /mob/living/simple_animal/hostile/asteroid/goliath/beast/random/remove overlay().

runtime error: 
[15:21:20]undefined proc or verb /mob/living/simple_animal/hostile/asteroid/hivelord/legion/random/remove overlay().

runtime error: 
[15:21:20]undefined proc or verb /mob/living/simple_animal/hostile/asteroid/goliath/beast/random/remove overlay().

runtime error: 
[15:21:20]undefined proc or verb /mob/living/simple_animal/hostile/asteroid/goliath/beast/random/remove overlay().

runtime error: 
[15:21:20]undefined proc or verb /mob/living/simple_animal/hostile/asteroid/goldgrub/remove overlay().

runtime error: 
[15:21:20]undefined proc or verb /mob/living/simple_animal/hostile/asteroid/goliath/beast/random/remove overlay().

runtime error: 
[15:21:20]undefined proc or verb /mob/living/simple_animal/hostile/asteroid/goliath/beast/random/remove overlay().

runtime error: 
[15:21:20]undefined proc or verb /mob/living/simple_animal/hostile/asteroid/goliath/beast/random/remove overlay().

runtime error: 
[15:21:20]undefined proc or verb /mob/living/simple_animal/hostile/megafauna/dragon/remove overlay().

runtime error: 
[15:21:20]undefined proc or verb /mob/living/simple_animal/hostile/asteroid/hivelord/legion/random/remove overlay().

runtime error: 
[15:21:20]list index out of bounds
runtime error: 
[15:21:21]list index out of bounds
runtime error: 
[15:21:22]list index out of bounds
runtime error: 
[15:21:23]list index out of bounds
runtime error: 
[15:21:24]list index out of bounds
runtime error: 
[15:21:26]list index out of bounds
runtime error: 
[15:21:27]list index out of bounds
runtime error: 
[15:21:28]list index out of bounds
runtime error: 
[15:21:28]list index out of bounds
runtime error: 
[15:21:29]list index out of bounds
runtime error: 
[15:21:30]list index out of bounds
runtime error: 
[15:21:50]undefined proc or verb /turf/open/space/break tile().

## WARNING: A ref was requested of an object with use_tag set but no tag: the new player in code/__HELPERS/unsorted.dm at line 1500 src:  usr: the new player.
runtime error: 
[15:22:20]Cannot read null.key
runtime error: 
[15:22:20]Cannot read null.martial_art
runtime error: 
[15:22:21]Cannot read null.martial_art
## WARNING: A ref was requested of an object with use_tag set but no tag: the new player in code/__HELPERS/unsorted.dm at line 1500 src:  usr: the new player.
runtime error: 
[15:22:31]Cannot read null.key
runtime error: 
[15:22:31]Cannot read null.martial_art
runtime error: 
[15:22:32]Cannot read null.martial_art
## WARNING: A ref was requested of an object with use_tag set but no tag: Corpus Crewman in code/__HELPERS/unsorted.dm at line 1500 src:  usr: Corpus Crewman.
runtime error: 
[15:23:02]Cannot read null.key
runtime error: 
[15:23:02]Cannot read null.martial_art
runtime error: 
[15:23:03]Cannot read null.martial_art
## WARNING: A ref was requested of an object with use_tag set but no tag: BPlarg in code/__HELPERS/unsorted.dm at line 1500 src:  usr: BPlarg.
runtime error: 
[15:23:37]Cannot read null.key
runtime error: 
[15:23:37]Cannot read null.martial_art
runtime error: 
[15:23:39]Cannot read null.martial_art
runtime error: 
[15:25:02]Cannot execute null.add reagent().
runtime error: 
[15:25:02]Cannot execute null.add reagent().
runtime error: 
[15:25:02]Cannot execute null.add reagent().
runtime error: 
[15:25:02]Cannot execute null.add reagent().
runtime error: 
[15:25:02]Cannot execute null.add reagent().
runtime error: 
[15:25:02]Cannot execute null.add reagent().
runtime error: 
[15:25:02]Cannot execute null.add reagent().
runtime error: 
[15:25:02]Cannot execute null.add reagent().
runtime error: 
[15:25:02]Cannot execute null.add reagent().
runtime error: 
[15:25:02]Cannot execute null.add reagent().
runtime error: 
[15:25:02]Cannot execute null.add reagent().
runtime error: 
[15:25:02]Cannot execute null.add reagent().
runtime error: 
[15:25:02]Cannot execute null.add reagent().
runtime error: 
[15:25:02]Cannot execute null.add reagent().
runtime error: 
[15:25:02]Cannot execute null.add reagent().
runtime error: 
[15:25:11]Invalid timer: Timer: Timer: -1, TTR: 8247, Flags: , callBack: [0x2107ccfe], callBack.object: some_magic_bullshit[0x6000178](GLOBAL_PROC), callBack.delegate:/proc/_step(the fire, 10)Prev: NULL, Next: NULL, SPENT(8273), QDELETED, NO CALLBACK world.time: 8275, head_offset: 7802, practical_offset: 891
runtime error: 
[15:25:22]Invalid timer: Timer: Timer: -1, TTR: 8346.5, Flags: , callBack: [0x2107a8b4], callBack.object: /datum/looping_sound/geiger[0x21014bec](/datum/looping_sound/geiger), callBack.delegate:/datum/looping_sound/proc/sound_loop(1828)Prev: NULL, Next: NULL, SPENT(8350.5), QDELETED, NO CALLBACK world.time: 8381, head_offset: 8247, practical_offset: 200
