

Starting up round ID . 19:06:54
---------------------
[19:06:54]ADMIN: Loading Banlist
[19:06:55]GAME: Saved mode is 'sandbox'
[19:07:28]ACCESS: Login: Noober84555 from 127.0.0.1-645371209 || BYOND v511
[19:07:28]ACCESS: Mob Login: Noober84555/(Noober84555) was assigned to a /mob/dead/new_player
[19:10:17]EMOTE: *no key*/(monkey (697)) : <b>The monkey (697)</b> rolls. (200,25,2)
[19:10:17]SAY: Officer Beepsky/ : Engaging patrol mode. (186,190,2)
[19:10:17]SAY: Prison Ofitser/ : Engaging patrol mode. (23,36,5)
[19:10:17]SAY: Prison Ofitser/ : Disengaging patrol mode. (23,36,5)
[19:10:18]ACCESS: Mob Login: Noober84555/(Gamers) was assigned to a /mob/living/carbon/human
[19:10:30]EMOTE: *no key*/(monkey (910)) : <b>The monkey (910)</b> scratches. (160,141,2)
[19:10:32]EMOTE: *no key*/(Ian) : <b>Ian</b> chases its tail! (136,186,2)
[19:10:34]EMOTE: *no key*/(monkey (827)) : <b>The monkey (827)</b> rolls. (188,8,2)
[19:10:50]SAY: emergency medibot/ : I knew it, I should&#39;ve been a plastic surgeon. (222,84,1)
[19:10:50]EMOTE: *no key*/(Persephone) : <b>Persephone</b> meows (166,139,2)
[19:10:51]EMOTE: *no key*/(Pun Pun 26) : <b>Pun Pun 26</b> jumps! (138,217,2)
[19:10:56]EMOTE: *no key*/(Citrus) : <b>Citrus</b> yawns. (172,220,2)
[19:10:59]EMOTE: *no key*/(monkey (237)) : <b>The monkey (237)</b> waves his tail. (187,119,2)
[19:11:15]EMOTE: *no key*/(Pun Pun 26) : <b>Pun Pun 26</b> scratches. (138,217,2)
[19:11:17]SAY: Poly/ : Wire the solars, you lazy bums! (80,190,2)
[19:11:21]EMOTE: *no key*/(Renault) : <b>Renault</b> shivers. (151,193,2)
[19:11:24]SAY: Persephone/ : Meow! (166,141,2)
[19:11:34]EMOTE: *no key*/(Persephone) : <b>Persephone</b> wags its tail. (166,141,2)
[19:11:36]SAY: Medibot/ : Radar, put a mask on! (154,73,1)
[19:11:42]EMOTE: *no key*/(monkey (237)) : <b>The monkey (237)</b> scratches. (187,119,2)
[19:11:43]EMOTE: *no key*/(Poly) : <b>Poly</b> looks in the BreatheDeep cartridge's direction and takes flight. (80,190,2)
[19:11:49]SAY: Nobody's Perfect/ : Radar, put a mask on! (24,75,1)
[19:11:51]EMOTE: *no key*/(mouse) : <b>The mouse</b> squeeks. (201,231,2)
[19:11:52]EMOTE: *no key*/(grey baby slime (915)) : <b>The grey baby slime (915)</b> jiggles! (103,162,2)
[19:11:54]EMOTE: *no key*/(monkey (732)) : <b>The monkey (732)</b> waves her tail. (185,119,2)
[19:12:02]EMOTE: *no key*/(Persephone) : <b>Persephone</b> walks around. (166,141,2)
[19:12:04]EMOTE: *no key*/(Persephone) : <b>Persephone</b> twitches its whiskers. (166,141,2)
[19:12:09]EMOTE: *no key*/(monkey (765)) : <b>The monkey (765)</b> waves her tail. (200,21,2)
[19:12:11]EMOTE: *no key*/(grey baby slime (842)) : <b>The grey baby slime (842)</b> vibrates! (112,163,2)
[19:12:11]EMOTE: *no key*/(Ian) : <b>Ian</b> dances around. (135,184,2)
[19:12:13]SAY: Medibot/ : What kind of medbay is this? Everyone&#39;s dropping like flies. (155,73,1)
[19:12:15]ACCESS: Logout: Noober84555/(Gamers)
