

Starting up round ID . 19:06:54
---------------------
Initialized Blackbox subsystem within 0 seconds!
Initialized Server Tasks subsystem within 0 seconds!
Initialized Events subsystem within 0 seconds!
runtime error: 
[19:06:55]cannot read from list
[19:06:55]proc name: LoadJobs (/datum/controller/subsystem/job/proc/LoadJobs)
[19:06:55]  source file: job.dm,448
[19:06:55]  usr: null
[19:06:55]  src: Jobs (/datum/controller/subsystem/job)
[19:06:55]  call stack:
[19:06:55]Jobs (/datum/controller/subsystem/job): LoadJobs()
[19:06:55]Jobs (/datum/controller/subsystem/job): Initialize(832155)
[19:06:55]Master (/datum/controller/master): Initialize(10, 0)
Initialized Jobs subsystem within 0 seconds!
Initialized Ticker subsystem within 0 seconds!
Loading Delta Station...
runtime error: 
[19:08:00]Cannot execute /datum/plant_gene/trait/glow (/datum/plant_gene/trait/glow).glow range().
[19:08:00]proc name: New (/obj/structure/glowshroom/New)
[19:08:00]  source file: glowshroom.dm,63
[19:08:00]  usr: null
[19:08:00]  src: the glowshroom (/obj/structure/glowshroom/single)
[19:08:00]  src.loc: Cave Floor (303,71,2) (/turf/open/floor/plating/asteroid)
[19:08:00]  call stack:
[19:08:00]the glowshroom (/obj/structure/glowshroom/single): New(Cave Floor (303,71,2) (/turf/open/floor/plating/asteroid), null, null)
[19:08:00]/dmm_suite (/dmm_suite): create atom(/obj/structure/glowshroom/sing... (/obj/structure/glowshroom/single), Cave Floor (303,71,2) (/turf/open/floor/plating/asteroid))
[19:08:00]/dmm_suite (/dmm_suite): instance atom(/obj/structure/glowshroom/sing... (/obj/structure/glowshroom/single), /list (/list), Cave Floor (303,71,2) (/turf/open/floor/plating/asteroid), 1)
[19:08:00]/dmm_suite (/dmm_suite): parse grid("/obj/structure/glowshroom/sing...", "eAY", 303, 71, 2, 1)
[19:08:00]/dmm_suite (/dmm_suite): load map impl(_maps/map_files/Deltastation/D..., 1, 1, 2, null, null, 1, -1e+031, 1e+031, -1e+031, 1e+031)
[19:08:00]/dmm_suite (/dmm_suite): load map(_maps/map_files/Deltastation/D..., 0, 0, 2, null, null, 1, null, null, null, null)
[19:08:00]Mapping (/datum/controller/subsystem/mapping): TryLoadZ("_maps/map_files/Deltastation/D...", /list (/list), 2, null)
[19:08:00]Mapping (/datum/controller/subsystem/mapping): loadWorld()
[19:08:00]Mapping (/datum/controller/subsystem/mapping): Initialize(832155)
[19:08:00]Master (/datum/controller/master): Initialize(10, 0)
runtime error: 
[19:08:00]Cannot execute /datum/plant_gene/trait/glow (/datum/plant_gene/trait/glow).glow range().
[19:08:00]proc name: New (/obj/structure/glowshroom/New)
[19:08:00]  source file: glowshroom.dm,63
[19:08:00]  usr: null
[19:08:00]  src: the glowshroom (/obj/structure/glowshroom/single)
[19:08:00]  src.loc: Cave Floor (306,70,2) (/turf/open/floor/plating/asteroid)
[19:08:00]  call stack:
[19:08:00]the glowshroom (/obj/structure/glowshroom/single): New(Cave Floor (306,70,2) (/turf/open/floor/plating/asteroid), null, null)
[19:08:00]/dmm_suite (/dmm_suite): create atom(/obj/structure/glowshroom/sing... (/obj/structure/glowshroom/single), Cave Floor (306,70,2) (/turf/open/floor/plating/asteroid))
[19:08:00]/dmm_suite (/dmm_suite): instance atom(/obj/structure/glowshroom/sing... (/obj/structure/glowshroom/single), /list (/list), Cave Floor (306,70,2) (/turf/open/floor/plating/asteroid), 1)
[19:08:00]/dmm_suite (/dmm_suite): parse grid("/obj/structure/glowshroom/sing...", "eAY", 306, 70, 2, 1)
[19:08:00]/dmm_suite (/dmm_suite): load map impl(_maps/map_files/Deltastation/D..., 1, 1, 2, null, null, 1, -1e+031, 1e+031, -1e+031, 1e+031)
[19:08:00]/dmm_suite (/dmm_suite): load map(_maps/map_files/Deltastation/D..., 0, 0, 2, null, null, 1, null, null, null, null)
[19:08:00]Mapping (/datum/controller/subsystem/mapping): TryLoadZ("_maps/map_files/Deltastation/D...", /list (/list), 2, null)
[19:08:00]Mapping (/datum/controller/subsystem/mapping): loadWorld()
[19:08:00]Mapping (/datum/controller/subsystem/mapping): Initialize(832155)
[19:08:00]Master (/datum/controller/master): Initialize(10, 0)
runtime error: 
[19:08:00]Cannot execute /datum/plant_gene/trait/glow (/datum/plant_gene/trait/glow).glow range().
[19:08:00]proc name: New (/obj/structure/glowshroom/New)
[19:08:00]  source file: glowshroom.dm,63
[19:08:00]  usr: null
[19:08:00]  src: the glowshroom (/obj/structure/glowshroom/single)
[19:08:00]  src.loc: Cave Floor (309,70,2) (/turf/open/floor/plating/asteroid)
[19:08:00]  call stack:
[19:08:00]the glowshroom (/obj/structure/glowshroom/single): New(Cave Floor (309,70,2) (/turf/open/floor/plating/asteroid), null, null)
[19:08:00]/dmm_suite (/dmm_suite): create atom(/obj/structure/glowshroom/sing... (/obj/structure/glowshroom/single), Cave Floor (309,70,2) (/turf/open/floor/plating/asteroid))
[19:08:00]/dmm_suite (/dmm_suite): instance atom(/obj/structure/glowshroom/sing... (/obj/structure/glowshroom/single), /list (/list), Cave Floor (309,70,2) (/turf/open/floor/plating/asteroid), 1)
[19:08:00]/dmm_suite (/dmm_suite): parse grid("/obj/structure/glowshroom/sing...", "eAY", 309, 70, 2, 1)
[19:08:00]/dmm_suite (/dmm_suite): load map impl(_maps/map_files/Deltastation/D..., 1, 1, 2, null, null, 1, -1e+031, 1e+031, -1e+031, 1e+031)
[19:08:00]/dmm_suite (/dmm_suite): load map(_maps/map_files/Deltastation/D..., 0, 0, 2, null, null, 1, null, null, null, null)
[19:08:00]Mapping (/datum/controller/subsystem/mapping): TryLoadZ("_maps/map_files/Deltastation/D...", /list (/list), 2, null)
[19:08:00]Mapping (/datum/controller/subsystem/mapping): loadWorld()
[19:08:00]Mapping (/datum/controller/subsystem/mapping): Initialize(832155)
[19:08:00]Master (/datum/controller/master): Initialize(10, 0)
runtime error: 
[19:08:00]Cannot execute /datum/plant_gene/trait/glow (/datum/plant_gene/trait/glow).glow range().
[19:08:00]proc name: New (/obj/structure/glowshroom/New)
[19:08:00]  source file: glowshroom.dm,63
[19:08:00]  usr: null
[19:08:00]  src: the glowshroom (/obj/structure/glowshroom/single)
[19:08:00]  src.loc: Cave Floor (302,69,2) (/turf/open/floor/plating/asteroid)
[19:08:00]  call stack:
[19:08:00]the glowshroom (/obj/structure/glowshroom/single): New(Cave Floor (302,69,2) (/turf/open/floor/plating/asteroid), null, null)
[19:08:00]/dmm_suite (/dmm_suite): create atom(/obj/structure/glowshroom/sing... (/obj/structure/glowshroom/single), Cave Floor (302,69,2) (/turf/open/floor/plating/asteroid))
[19:08:00]/dmm_suite (/dmm_suite): instance atom(/obj/structure/glowshroom/sing... (/obj/structure/glowshroom/single), /list (/list), Cave Floor (302,69,2) (/turf/open/floor/plating/asteroid), 1)
[19:08:00]/dmm_suite (/dmm_suite): parse grid("/obj/structure/glowshroom/sing...", "eAY", 302, 69, 2, 1)
[19:08:00]/dmm_suite (/dmm_suite): load map impl(_maps/map_files/Deltastation/D..., 1, 1, 2, null, null, 1, -1e+031, 1e+031, -1e+031, 1e+031)
[19:08:00]/dmm_suite (/dmm_suite): load map(_maps/map_files/Deltastation/D..., 0, 0, 2, null, null, 1, null, null, null, null)
[19:08:00]Mapping (/datum/controller/subsystem/mapping): TryLoadZ("_maps/map_files/Deltastation/D...", /list (/list), 2, null)
[19:08:00]Mapping (/datum/controller/subsystem/mapping): loadWorld()
[19:08:00]Mapping (/datum/controller/subsystem/mapping): Initialize(832155)
[19:08:00]Master (/datum/controller/master): Initialize(10, 0)
runtime error: 
[19:08:00]Cannot execute /datum/plant_gene/trait/glow (/datum/plant_gene/trait/glow).glow range().
[19:08:00]proc name: New (/obj/structure/glowshroom/New)
[19:08:00]  source file: glowshroom.dm,63
[19:08:00]  usr: null
[19:08:00]  src: the glowshroom (/obj/structure/glowshroom/single)
[19:08:00]  src.loc: Cave Floor (296,55,2) (/turf/open/floor/plating/asteroid)
[19:08:00]  call stack:
[19:08:00]the glowshroom (/obj/structure/glowshroom/single): New(Cave Floor (296,55,2) (/turf/open/floor/plating/asteroid), null, null)
[19:08:00]/dmm_suite (/dmm_suite): create atom(/obj/structure/glowshroom/sing... (/obj/structure/glowshroom/single), Cave Floor (296,55,2) (/turf/open/floor/plating/asteroid))
[19:08:00]/dmm_suite (/dmm_suite): instance atom(/obj/structure/glowshroom/sing... (/obj/structure/glowshroom/single), /list (/list), Cave Floor (296,55,2) (/turf/open/floor/plating/asteroid), 1)
[19:08:00]/dmm_suite (/dmm_suite): parse grid("/obj/structure/glowshroom/sing...", "eFL", 296, 55, 2, 1)
[19:08:00]/dmm_suite (/dmm_suite): load map impl(_maps/map_files/Deltastation/D..., 1, 1, 2, null, null, 1, -1e+031, 1e+031, -1e+031, 1e+031)
[19:08:00]/dmm_suite (/dmm_suite): load map(_maps/map_files/Deltastation/D..., 0, 0, 2, null, null, 1, null, null, null, null)
[19:08:00]Mapping (/datum/controller/subsystem/mapping): TryLoadZ("_maps/map_files/Deltastation/D...", /list (/list), 2, null)
[19:08:00]Mapping (/datum/controller/subsystem/mapping): loadWorld()
[19:08:00]Mapping (/datum/controller/subsystem/mapping): Initialize(832155)
[19:08:00]Master (/datum/controller/master): Initialize(10, 0)
runtime error: 
[19:08:00]Cannot execute /datum/plant_gene/trait/glow (/datum/plant_gene/trait/glow).glow range().
[19:08:00]proc name: New (/obj/structure/glowshroom/New)
[19:08:00]  source file: glowshroom.dm,63
[19:08:00]  usr: null
[19:08:00]  src: the glowshroom (/obj/structure/glowshroom/single)
[19:08:00]  src.loc: Cave Floor (299,55,2) (/turf/open/floor/plating/asteroid)
[19:08:00]  call stack:
[19:08:00]the glowshroom (/obj/structure/glowshroom/single): New(Cave Floor (299,55,2) (/turf/open/floor/plating/asteroid), null, null)
[19:08:00]/dmm_suite (/dmm_suite): create atom(/obj/structure/glowshroom/sing... (/obj/structure/glowshroom/single), Cave Floor (299,55,2) (/turf/open/floor/plating/asteroid))
[19:08:00]/dmm_suite (/dmm_suite): instance atom(/obj/structure/glowshroom/sing... (/obj/structure/glowshroom/single), /list (/list), Cave Floor (299,55,2) (/turf/open/floor/plating/asteroid), 1)
[19:08:00]/dmm_suite (/dmm_suite): parse grid("/obj/structure/glowshroom/sing...", "eFL", 299, 55, 2, 1)
[19:08:00]/dmm_suite (/dmm_suite): load map impl(_maps/map_files/Deltastation/D..., 1, 1, 2, null, null, 1, -1e+031, 1e+031, -1e+031, 1e+031)
[19:08:00]/dmm_suite (/dmm_suite): load map(_maps/map_files/Deltastation/D..., 0, 0, 2, null, null, 1, null, null, null, null)
[19:08:00]Mapping (/datum/controller/subsystem/mapping): TryLoadZ("_maps/map_files/Deltastation/D...", /list (/list), 2, null)
[19:08:00]Mapping (/datum/controller/subsystem/mapping): loadWorld()
[19:08:00]Mapping (/datum/controller/subsystem/mapping): Initialize(832155)
[19:08:00]Master (/datum/controller/master): Initialize(10, 0)
runtime error: 
[19:08:00]Cannot execute /datum/plant_gene/trait/glow (/datum/plant_gene/trait/glow).glow range().
[19:08:00]proc name: New (/obj/structure/glowshroom/New)
[19:08:00]  source file: glowshroom.dm,63
[19:08:00]  usr: null
[19:08:00]  src: the glowshroom (/obj/structure/glowshroom/single)
[19:08:00]  src.loc: Cave Floor (283,53,2) (/turf/open/floor/plating/asteroid)
[19:08:00]  call stack:
[19:08:00]the glowshroom (/obj/structure/glowshroom/single): New(Cave Floor (283,53,2) (/turf/open/floor/plating/asteroid), null, null)
[19:08:00]/dmm_suite (/dmm_suite): create atom(/obj/structure/glowshroom/sing... (/obj/structure/glowshroom/single), Cave Floor (283,53,2) (/turf/open/floor/plating/asteroid))
[19:08:00]/dmm_suite (/dmm_suite): instance atom(/obj/structure/glowshroom/sing... (/obj/structure/glowshroom/single), /list (/list), Cave Floor (283,53,2) (/turf/open/floor/plating/asteroid), 1)
[19:08:00]/dmm_suite (/dmm_suite): parse grid("/obj/structure/glowshroom/sing...", "eFL", 283, 53, 2, 1)
[19:08:00]/dmm_suite (/dmm_suite): load map impl(_maps/map_files/Deltastation/D..., 1, 1, 2, null, null, 1, -1e+031, 1e+031, -1e+031, 1e+031)
[19:08:00]/dmm_suite (/dmm_suite): load map(_maps/map_files/Deltastation/D..., 0, 0, 2, null, null, 1, null, null, null, null)
[19:08:00]Mapping (/datum/controller/subsystem/mapping): TryLoadZ("_maps/map_files/Deltastation/D...", /list (/list), 2, null)
[19:08:00]Mapping (/datum/controller/subsystem/mapping): loadWorld()
[19:08:00]Mapping (/datum/controller/subsystem/mapping): Initialize(832155)
[19:08:00]Master (/datum/controller/master): Initialize(10, 0)
runtime error: 
[19:08:00]Cannot execute /datum/plant_gene/trait/glow (/datum/plant_gene/trait/glow).glow range().
[19:08:00]proc name: New (/obj/structure/glowshroom/New)
[19:08:00]  source file: glowshroom.dm,63
[19:08:00]  usr: null
[19:08:00]  src: the glowshroom (/obj/structure/glowshroom/single)
[19:08:00]  src.loc: Cave Floor (302,53,2) (/turf/open/floor/plating/asteroid)
[19:08:00]  call stack:
[19:08:00]the glowshroom (/obj/structure/glowshroom/single): New(Cave Floor (302,53,2) (/turf/open/floor/plating/asteroid), null, null)
[19:08:00]/dmm_suite (/dmm_suite): create atom(/obj/structure/glowshroom/sing... (/obj/structure/glowshroom/single), Cave Floor (302,53,2) (/turf/open/floor/plating/asteroid))
[19:08:00]/dmm_suite (/dmm_suite): instance atom(/obj/structure/glowshroom/sing... (/obj/structure/glowshroom/single), /list (/list), Cave Floor (302,53,2) (/turf/open/floor/plating/asteroid), 1)
[19:08:00]/dmm_suite (/dmm_suite): parse grid("/obj/structure/glowshroom/sing...", "eFL", 302, 53, 2, 1)
[19:08:00]/dmm_suite (/dmm_suite): load map impl(_maps/map_files/Deltastation/D..., 1, 1, 2, null, null, 1, -1e+031, 1e+031, -1e+031, 1e+031)
[19:08:00]/dmm_suite (/dmm_suite): load map(_maps/map_files/Deltastation/D..., 0, 0, 2, null, null, 1, null, null, null, null)
[19:08:00]Mapping (/datum/controller/subsystem/mapping): TryLoadZ("_maps/map_files/Deltastation/D...", /list (/list), 2, null)
[19:08:00]Mapping (/datum/controller/subsystem/mapping): loadWorld()
[19:08:00]Mapping (/datum/controller/subsystem/mapping): Initialize(832155)
[19:08:00]Master (/datum/controller/master): Initialize(10, 0)
runtime error: 
[19:08:00]Cannot execute /datum/plant_gene/trait/glow (/datum/plant_gene/trait/glow).glow range().
[19:08:00]proc name: New (/obj/structure/glowshroom/New)
[19:08:00]  source file: glowshroom.dm,63
[19:08:00]  usr: null
[19:08:00]  src: the glowshroom (/obj/structure/glowshroom/single)
[19:08:00]  src.loc: Cave Floor (276,52,2) (/turf/open/floor/plating/asteroid)
[19:08:00]  call stack:
[19:08:00]the glowshroom (/obj/structure/glowshroom/single): New(Cave Floor (276,52,2) (/turf/open/floor/plating/asteroid), null, null)
[19:08:00]/dmm_suite (/dmm_suite): create atom(/obj/structure/glowshroom/sing... (/obj/structure/glowshroom/single), Cave Floor (276,52,2) (/turf/open/floor/plating/asteroid))
[19:08:00]/dmm_suite (/dmm_suite): instance atom(/obj/structure/glowshroom/sing... (/obj/structure/glowshroom/single), /list (/list), Cave Floor (276,52,2) (/turf/open/floor/plating/asteroid), 1)
[19:08:00]/dmm_suite (/dmm_suite): parse grid("/obj/structure/glowshroom/sing...", "eFL", 276, 52, 2, 1)
[19:08:00]/dmm_suite (/dmm_suite): load map impl(_maps/map_files/Deltastation/D..., 1, 1, 2, null, null, 1, -1e+031, 1e+031, -1e+031, 1e+031)
[19:08:00]/dmm_suite (/dmm_suite): load map(_maps/map_files/Deltastation/D..., 0, 0, 2, null, null, 1, null, null, null, null)
[19:08:00]Mapping (/datum/controller/subsystem/mapping): TryLoadZ("_maps/map_files/Deltastation/D...", /list (/list), 2, null)
[19:08:00]Mapping (/datum/controller/subsystem/mapping): loadWorld()
[19:08:00]Mapping (/datum/controller/subsystem/mapping): Initialize(832155)
[19:08:00]Master (/datum/controller/master): Initialize(10, 0)
runtime error: 
[19:08:00]Cannot execute /datum/plant_gene/trait/glow (/datum/plant_gene/trait/glow).glow range().
[19:08:00]proc name: New (/obj/structure/glowshroom/New)
[19:08:00]  source file: glowshroom.dm,63
[19:08:00]  usr: null
[19:08:00]  src: the glowshroom (/obj/structure/glowshroom/single)
[19:08:00]  src.loc: Cave Floor (292,51,2) (/turf/open/floor/plating/asteroid)
[19:08:00]  call stack:
[19:08:00]the glowshroom (/obj/structure/glowshroom/single): New(Cave Floor (292,51,2) (/turf/open/floor/plating/asteroid), null, null)
[19:08:00]/dmm_suite (/dmm_suite): create atom(/obj/structure/glowshroom/sing... (/obj/structure/glowshroom/single), Cave Floor (292,51,2) (/turf/open/floor/plating/asteroid))
[19:08:00]/dmm_suite (/dmm_suite): instance atom(/obj/structure/glowshroom/sing... (/obj/structure/glowshroom/single), /list (/list), Cave Floor (292,51,2) (/turf/open/floor/plating/asteroid), 1)
[19:08:00]/dmm_suite (/dmm_suite): parse grid("/obj/structure/glowshroom/sing...", "eFL", 292, 51, 2, 1)
[19:08:00]/dmm_suite (/dmm_suite): load map impl(_maps/map_files/Deltastation/D..., 1, 1, 2, null, null, 1, -1e+031, 1e+031, -1e+031, 1e+031)
[19:08:00]/dmm_suite (/dmm_suite): load map(_maps/map_files/Deltastation/D..., 0, 0, 2, null, null, 1, null, null, null, null)
[19:08:00]Mapping (/datum/controller/subsystem/mapping): TryLoadZ("_maps/map_files/Deltastation/D...", /list (/list), 2, null)
[19:08:00]Mapping (/datum/controller/subsystem/mapping): loadWorld()
[19:08:00]Mapping (/datum/controller/subsystem/mapping): Initialize(832155)
[19:08:00]Master (/datum/controller/master): Initialize(10, 0)
runtime error: 
[19:08:00]Cannot execute /datum/plant_gene/trait/glow (/datum/plant_gene/trait/glow).glow range().
[19:08:00]proc name: New (/obj/structure/glowshroom/New)
[19:08:00]  source file: glowshroom.dm,63
[19:08:00]  usr: null
[19:08:00]  src: the glowshroom (/obj/structure/glowshroom/single)
[19:08:00]  src.loc: Cave Floor (295,51,2) (/turf/open/floor/plating/asteroid)
[19:08:00]  call stack:
[19:08:00]the glowshroom (/obj/structure/glowshroom/single): New(Cave Floor (295,51,2) (/turf/open/floor/plating/asteroid), null, null)
[19:08:00]/dmm_suite (/dmm_suite): create atom(/obj/structure/glowshroom/sing... (/obj/structure/glowshroom/single), Cave Floor (295,51,2) (/turf/open/floor/plating/asteroid))
[19:08:00]/dmm_suite (/dmm_suite): instance atom(/obj/structure/glowshroom/sing... (/obj/structure/glowshroom/single), /list (/list), Cave Floor (295,51,2) (/turf/open/floor/plating/asteroid), 1)
[19:08:00]/dmm_suite (/dmm_suite): parse grid("/obj/structure/glowshroom/sing...", "eFL", 295, 51, 2, 1)
[19:08:00]/dmm_suite (/dmm_suite): load map impl(_maps/map_files/Deltastation/D..., 1, 1, 2, null, null, 1, -1e+031, 1e+031, -1e+031, 1e+031)
[19:08:00]/dmm_suite (/dmm_suite): load map(_maps/map_files/Deltastation/D..., 0, 0, 2, null, null, 1, null, null, null, null)
[19:08:00]Mapping (/datum/controller/subsystem/mapping): TryLoadZ("_maps/map_files/Deltastation/D...", /list (/list), 2, null)
[19:08:00]Mapping (/datum/controller/subsystem/mapping): loadWorld()
[19:08:00]Mapping (/datum/controller/subsystem/mapping): Initialize(832155)
[19:08:00]Master (/datum/controller/master): Initialize(10, 0)
runtime error: 
[19:08:00]Cannot execute /datum/plant_gene/trait/glow (/datum/plant_gene/trait/glow).glow range().
[19:08:00]proc name: New (/obj/structure/glowshroom/New)
[19:08:00]  source file: glowshroom.dm,63
[19:08:00]  usr: null
[19:08:00]  src: the glowshroom (/obj/structure/glowshroom/single)
[19:08:00]  src.loc: Cave Floor (258,49,2) (/turf/open/floor/plating/asteroid)
[19:08:00]  call stack:
[19:08:00]the glowshroom (/obj/structure/glowshroom/single): New(Cave Floor (258,49,2) (/turf/open/floor/plating/asteroid), null, null)
[19:08:00]/dmm_suite (/dmm_suite): create atom(/obj/structure/glowshroom/sing... (/obj/structure/glowshroom/single), Cave Floor (258,49,2) (/turf/open/floor/plating/asteroid))
[19:08:00]/dmm_suite (/dmm_suite): instance atom(/obj/structure/glowshroom/sing... (/obj/structure/glowshroom/single), /list (/list), Cave Floor (258,49,2) (/turf/open/floor/plating/asteroid), 1)
[19:08:00]/dmm_suite (/dmm_suite): parse grid("/obj/structure/glowshroom/sing...", "eFL", 258, 49, 2, 1)
[19:08:00]/dmm_suite (/dmm_suite): load map impl(_maps/map_files/Deltastation/D..., 1, 1, 2, null, null, 1, -1e+031, 1e+031, -1e+031, 1e+031)
[19:08:00]/dmm_suite (/dmm_suite): load map(_maps/map_files/Deltastation/D..., 0, 0, 2, null, null, 1, null, null, null, null)
[19:08:00]Mapping (/datum/controller/subsystem/mapping): TryLoadZ("_maps/map_files/Deltastation/D...", /list (/list), 2, null)
[19:08:00]Mapping (/datum/controller/subsystem/mapping): loadWorld()
[19:08:00]Mapping (/datum/controller/subsystem/mapping): Initialize(832155)
[19:08:00]Master (/datum/controller/master): Initialize(10, 0)
runtime error: 
[19:08:00]Cannot execute /datum/plant_gene/trait/glow (/datum/plant_gene/trait/glow).glow range().
[19:08:00]proc name: New (/obj/structure/glowshroom/New)
[19:08:00]  source file: glowshroom.dm,63
[19:08:00]  usr: null
[19:08:00]  src: the glowshroom (/obj/structure/glowshroom/single)
[19:08:00]  src.loc: Cave Floor (275,49,2) (/turf/open/floor/plating/asteroid)
[19:08:00]  call stack:
[19:08:00]the glowshroom (/obj/structure/glowshroom/single): New(Cave Floor (275,49,2) (/turf/open/floor/plating/asteroid), null, null)
[19:08:00]/dmm_suite (/dmm_suite): create atom(/obj/structure/glowshroom/sing... (/obj/structure/glowshroom/single), Cave Floor (275,49,2) (/turf/open/floor/plating/asteroid))
[19:08:00]/dmm_suite (/dmm_suite): instance atom(/obj/structure/glowshroom/sing... (/obj/structure/glowshroom/single), /list (/list), Cave Floor (275,49,2) (/turf/open/floor/plating/asteroid), 1)
[19:08:00]/dmm_suite (/dmm_suite): parse grid("/obj/structure/glowshroom/sing...", "eFL", 275, 49, 2, 1)
[19:08:00]/dmm_suite (/dmm_suite): load map impl(_maps/map_files/Deltastation/D..., 1, 1, 2, null, null, 1, -1e+031, 1e+031, -1e+031, 1e+031)
[19:08:00]/dmm_suite (/dmm_suite): load map(_maps/map_files/Deltastation/D..., 0, 0, 2, null, null, 1, null, null, null, null)
[19:08:00]Mapping (/datum/controller/subsystem/mapping): TryLoadZ("_maps/map_files/Deltastation/D...", /list (/list), 2, null)
[19:08:00]Mapping (/datum/controller/subsystem/mapping): loadWorld()
[19:08:00]Mapping (/datum/controller/subsystem/mapping): Initialize(832155)
[19:08:00]Master (/datum/controller/master): Initialize(10, 0)
runtime error: 
[19:08:00]Cannot execute /datum/plant_gene/trait/glow (/datum/plant_gene/trait/glow).glow range().
[19:08:00]proc name: New (/obj/structure/glowshroom/New)
[19:08:00]  source file: glowshroom.dm,63
[19:08:00]  usr: null
[19:08:00]  src: the glowshroom (/obj/structure/glowshroom/single)
[19:08:00]  src.loc: Cave Floor (261,48,2) (/turf/open/floor/plating/asteroid)
[19:08:00]  call stack:
[19:08:00]the glowshroom (/obj/structure/glowshroom/single): New(Cave Floor (261,48,2) (/turf/open/floor/plating/asteroid), null, null)
[19:08:00]/dmm_suite (/dmm_suite): create atom(/obj/structure/glowshroom/sing... (/obj/structure/glowshroom/single), Cave Floor (261,48,2) (/turf/open/floor/plating/asteroid))
[19:08:00]/dmm_suite (/dmm_suite): instance atom(/obj/structure/glowshroom/sing... (/obj/structure/glowshroom/single), /list (/list), Cave Floor (261,48,2) (/turf/open/floor/plating/asteroid), 1)
[19:08:00]/dmm_suite (/dmm_suite): parse grid("/obj/structure/glowshroom/sing...", "eFL", 261, 48, 2, 1)
[19:08:00]/dmm_suite (/dmm_suite): load map impl(_maps/map_files/Deltastation/D..., 1, 1, 2, null, null, 1, -1e+031, 1e+031, -1e+031, 1e+031)
[19:08:00]/dmm_suite (/dmm_suite): load map(_maps/map_files/Deltastation/D..., 0, 0, 2, null, null, 1, null, null, null, null)
[19:08:00]Mapping (/datum/controller/subsystem/mapping): TryLoadZ("_maps/map_files/Deltastation/D...", /list (/list), 2, null)
[19:08:00]Mapping (/datum/controller/subsystem/mapping): loadWorld()
[19:08:00]Mapping (/datum/controller/subsystem/mapping): Initialize(832155)
[19:08:00]Master (/datum/controller/master): Initialize(10, 0)
runtime error: 
[19:08:00]Cannot execute /datum/plant_gene/trait/glow (/datum/plant_gene/trait/glow).glow range().
[19:08:00]proc name: New (/obj/structure/glowshroom/New)
[19:08:00]  source file: glowshroom.dm,63
[19:08:00]  usr: null
[19:08:00]  src: the glowshroom (/obj/structure/glowshroom/single)
[19:08:00]  src.loc: Cave Floor (292,48,2) (/turf/open/floor/plating/asteroid)
[19:08:00]  call stack:
[19:08:00]the glowshroom (/obj/structure/glowshroom/single): New(Cave Floor (292,48,2) (/turf/open/floor/plating/asteroid), null, null)
[19:08:00]/dmm_suite (/dmm_suite): create atom(/obj/structure/glowshroom/sing... (/obj/structure/glowshroom/single), Cave Floor (292,48,2) (/turf/open/floor/plating/asteroid))
[19:08:00]/dmm_suite (/dmm_suite): instance atom(/obj/structure/glowshroom/sing... (/obj/structure/glowshroom/single), /list (/list), Cave Floor (292,48,2) (/turf/open/floor/plating/asteroid), 1)
[19:08:00]/dmm_suite (/dmm_suite): parse grid("/obj/structure/glowshroom/sing...", "eFL", 292, 48, 2, 1)
[19:08:00]/dmm_suite (/dmm_suite): load map impl(_maps/map_files/Deltastation/D..., 1, 1, 2, null, null, 1, -1e+031, 1e+031, -1e+031, 1e+031)
[19:08:00]/dmm_suite (/dmm_suite): load map(_maps/map_files/Deltastation/D..., 0, 0, 2, null, null, 1, null, null, null, null)
[19:08:00]Mapping (/datum/controller/subsystem/mapping): TryLoadZ("_maps/map_files/Deltastation/D...", /list (/list), 2, null)
[19:08:00]Mapping (/datum/controller/subsystem/mapping): loadWorld()
[19:08:00]Mapping (/datum/controller/subsystem/mapping): Initialize(832155)
[19:08:00]Master (/datum/controller/master): Initialize(10, 0)
runtime error: 
[19:08:00]Cannot execute /datum/plant_gene/trait/glow (/datum/plant_gene/trait/glow).glow range().
[19:08:00]proc name: New (/obj/structure/glowshroom/New)
[19:08:00]  source file: glowshroom.dm,63
runtime error: 
[19:08:00]Cannot execute /datum/plant_gene/trait/glow (/datum/plant_gene/trait/glow).glow range().
[19:08:00]proc name: New (/obj/structure/glowshroom/New)
[19:08:00]  source file: glowshroom.dm,63
runtime error: 
[19:08:00]Cannot execute /datum/plant_gene/trait/glow (/datum/plant_gene/trait/glow).glow range().
[19:08:00]proc name: New (/obj/structure/glowshroom/New)
[19:08:00]  source file: glowshroom.dm,63
runtime error: 
[19:08:00]Cannot execute /datum/plant_gene/trait/glow (/datum/plant_gene/trait/glow).glow range().
[19:08:00]proc name: New (/obj/structure/glowshroom/New)
[19:08:00]  source file: glowshroom.dm,63
runtime error: 
[19:08:00]Cannot execute /datum/plant_gene/trait/glow (/datum/plant_gene/trait/glow).glow range().
[19:08:00]proc name: New (/obj/structure/glowshroom/New)
[19:08:00]  source file: glowshroom.dm,63
runtime error: 
[19:08:00]Cannot execute /datum/plant_gene/trait/glow (/datum/plant_gene/trait/glow).glow range().
[19:08:00]proc name: New (/obj/structure/glowshroom/New)
[19:08:00]  source file: glowshroom.dm,63
runtime error: 
[19:08:00]Cannot execute /datum/plant_gene/trait/glow (/datum/plant_gene/trait/glow).glow range().
[19:08:00]proc name: New (/obj/structure/glowshroom/New)
[19:08:00]  source file: glowshroom.dm,63
runtime error: 
[19:08:01]Cannot execute /datum/plant_gene/trait/glow (/datum/plant_gene/trait/glow).glow range().
[19:08:01]proc name: New (/obj/structure/glowshroom/New)
[19:08:01]  source file: glowshroom.dm,63
runtime error: 
[19:08:01]Cannot execute /datum/plant_gene/trait/glow (/datum/plant_gene/trait/glow).glow range().
[19:08:01]proc name: New (/obj/structure/glowshroom/New)
[19:08:01]  source file: glowshroom.dm,63
runtime error: 
[19:08:01]Cannot execute /datum/plant_gene/trait/glow (/datum/plant_gene/trait/glow).glow range().
[19:08:01]proc name: New (/obj/structure/glowshroom/New)
[19:08:01]  source file: glowshroom.dm,63
runtime error: 
[19:08:01]Cannot execute /datum/plant_gene/trait/glow (/datum/plant_gene/trait/glow).glow range().
[19:08:01]proc name: New (/obj/structure/glowshroom/New)
[19:08:01]  source file: glowshroom.dm,63
runtime error: 
[19:08:01]Cannot execute /datum/plant_gene/trait/glow (/datum/plant_gene/trait/glow).glow range().
[19:08:01]proc name: New (/obj/structure/glowshroom/New)
[19:08:01]  source file: glowshroom.dm,63
runtime error: 
[19:08:01]Cannot execute /datum/plant_gene/trait/glow (/datum/plant_gene/trait/glow).glow range().
[19:08:01]proc name: New (/obj/structure/glowshroom/New)
[19:08:01]  source file: glowshroom.dm,63
runtime error: 
[19:08:01]Cannot execute /datum/plant_gene/trait/glow (/datum/plant_gene/trait/glow).glow range().
[19:08:01]proc name: New (/obj/structure/glowshroom/New)
[19:08:01]  source file: glowshroom.dm,63
runtime error: 
[19:08:01]Cannot execute /datum/plant_gene/trait/glow (/datum/plant_gene/trait/glow).glow range().
[19:08:01]proc name: New (/obj/structure/glowshroom/New)
[19:08:01]  source file: glowshroom.dm,63
runtime error: 
[19:08:01]Cannot execute /datum/plant_gene/trait/glow (/datum/plant_gene/trait/glow).glow range().
[19:08:01]proc name: New (/obj/structure/glowshroom/New)
[19:08:01]  source file: glowshroom.dm,63
runtime error: 
[19:08:01]Cannot execute /datum/plant_gene/trait/glow (/datum/plant_gene/trait/glow).glow range().
[19:08:01]proc name: New (/obj/structure/glowshroom/New)
[19:08:01]  source file: glowshroom.dm,63
runtime error: 
[19:08:01]Cannot execute /datum/plant_gene/trait/glow (/datum/plant_gene/trait/glow).glow range().
[19:08:01]proc name: New (/obj/structure/glowshroom/New)
[19:08:01]  source file: glowshroom.dm,63
runtime error: 
[19:08:01]Cannot execute /datum/plant_gene/trait/glow (/datum/plant_gene/trait/glow).glow range().
[19:08:01]proc name: New (/obj/structure/glowshroom/New)
[19:08:01]  source file: glowshroom.dm,63
runtime error: 
[19:08:01]Cannot execute /datum/plant_gene/trait/glow (/datum/plant_gene/trait/glow).glow range().
[19:08:01]proc name: New (/obj/structure/glowshroom/New)
[19:08:01]  source file: glowshroom.dm,63
runtime error: 
[19:08:01]Cannot execute /datum/plant_gene/trait/glow (/datum/plant_gene/trait/glow).glow range().
[19:08:01]proc name: New (/obj/structure/glowshroom/New)
[19:08:01]  source file: glowshroom.dm,63
runtime error: 
[19:08:01]Cannot execute /datum/plant_gene/trait/glow (/datum/plant_gene/trait/glow).glow range().
[19:08:01]proc name: New (/obj/structure/glowshroom/New)
[19:08:01]  source file: glowshroom.dm,63
runtime error: 
[19:08:01]Cannot execute /datum/plant_gene/trait/glow (/datum/plant_gene/trait/glow).glow range().
[19:08:01]proc name: New (/obj/structure/glowshroom/New)
[19:08:01]  source file: glowshroom.dm,63
runtime error: 
[19:08:01]Cannot execute /datum/plant_gene/trait/glow (/datum/plant_gene/trait/glow).glow range().
[19:08:01]proc name: New (/obj/structure/glowshroom/New)
[19:08:01]  source file: glowshroom.dm,63
runtime error: 
[19:08:01]Cannot execute /datum/plant_gene/trait/glow (/datum/plant_gene/trait/glow).glow range().
[19:08:01]proc name: New (/obj/structure/glowshroom/New)
[19:08:01]  source file: glowshroom.dm,63
runtime error: 
[19:08:01]Cannot execute /datum/plant_gene/trait/glow (/datum/plant_gene/trait/glow).glow range().
[19:08:01]proc name: New (/obj/structure/glowshroom/New)
[19:08:01]  source file: glowshroom.dm,63
Loaded station in 66.6s!
Initialized Mapping subsystem within 70.7 seconds!
runtime error: 
[19:08:06]Cannot execute null.add reagent().
[19:08:06]proc name: Initialize (/obj/effect/decal/cleanable/blood/gibs/Initialize)
[19:08:06]  source file: humans.dm,57
runtime error: 
[19:08:06]Cannot execute null.add reagent().
[19:08:06]proc name: Initialize (/obj/effect/decal/cleanable/blood/gibs/Initialize)
[19:08:06]  source file: humans.dm,57
runtime error: 
[19:08:06]Cannot execute null.add reagent().
[19:08:06]proc name: Initialize (/obj/effect/decal/cleanable/blood/gibs/Initialize)
[19:08:06]  source file: humans.dm,57
runtime error: 
[19:08:06]Cannot execute null.add reagent().
[19:08:06]proc name: Initialize (/obj/effect/decal/cleanable/blood/gibs/Initialize)
[19:08:06]  source file: humans.dm,57
runtime error: 
[19:08:06]Cannot execute null.add reagent().
[19:08:06]proc name: Initialize (/obj/effect/decal/cleanable/oil/Initialize)
[19:08:06]  source file: robots.dm,52
runtime error: 
[19:08:06]Cannot execute null.add reagent().
[19:08:06]proc name: Initialize (/obj/effect/decal/cleanable/oil/Initialize)
[19:08:06]  source file: robots.dm,52
runtime error: 
[19:08:09]Cannot execute null.add reagent().
[19:08:09]proc name: Initialize (/obj/effect/decal/cleanable/oil/Initialize)
[19:08:09]  source file: robots.dm,52
runtime error: 
[19:08:09]Cannot execute null.add reagent().
[19:08:09]proc name: Initialize (/obj/effect/decal/cleanable/oil/Initialize)
[19:08:09]  source file: robots.dm,52
runtime error: 
[19:08:09]Cannot execute null.add reagent().
[19:08:09]proc name: Initialize (/obj/effect/decal/cleanable/oil/Initialize)
[19:08:09]  source file: robots.dm,52
runtime error: 
[19:08:09]Cannot execute null.add reagent().
[19:08:09]proc name: Initialize (/obj/effect/decal/cleanable/blood/gibs/Initialize)
[19:08:09]  source file: humans.dm,57
runtime error: 
[19:08:09]Cannot execute null.add reagent().
[19:08:09]proc name: Initialize (/obj/effect/decal/cleanable/oil/Initialize)
[19:08:09]  source file: robots.dm,52
runtime error: 
[19:08:10]Cannot execute null.add reagent().
[19:08:10]proc name: Initialize (/obj/effect/decal/cleanable/blood/gibs/Initialize)
[19:08:10]  source file: humans.dm,57
runtime error: 
[19:08:10]Cannot execute null.add reagent().
[19:08:10]proc name: Initialize (/obj/effect/decal/cleanable/oil/Initialize)
[19:08:10]  source file: robots.dm,52
runtime error: 
[19:08:10]Cannot execute null.add reagent().
[19:08:10]proc name: Initialize (/obj/effect/decal/cleanable/blood/gibs/Initialize)
[19:08:10]  source file: humans.dm,57
runtime error: 
[19:08:10]Cannot execute null.add reagent().
[19:08:10]proc name: Initialize (/obj/effect/decal/cleanable/oil/Initialize)
[19:08:10]  source file: robots.dm,52
runtime error: 
[19:08:10]Cannot execute null.add reagent().
[19:08:10]proc name: Initialize (/obj/effect/decal/cleanable/oil/Initialize)
[19:08:10]  source file: robots.dm,52
runtime error: 
[19:08:10]Cannot execute null.add reagent().
[19:08:10]proc name: Initialize (/obj/effect/decal/cleanable/oil/Initialize)
[19:08:10]  source file: robots.dm,52
runtime error: 
[19:08:10]Cannot execute null.add reagent().
[19:08:10]proc name: Initialize (/obj/effect/decal/cleanable/oil/Initialize)
[19:08:10]  source file: robots.dm,52
runtime error: 
[19:08:10]Cannot execute null.add reagent().
[19:08:10]proc name: Initialize (/obj/effect/decal/cleanable/oil/Initialize)
[19:08:10]  source file: robots.dm,52
runtime error: 
[19:08:10]Cannot execute null.add reagent().
[19:08:10]proc name: Initialize (/obj/effect/decal/cleanable/oil/Initialize)
[19:08:10]  source file: robots.dm,52
runtime error: 
[19:08:10]Cannot execute null.add reagent().
[19:08:10]proc name: Initialize (/obj/effect/decal/cleanable/oil/Initialize)
[19:08:10]  source file: robots.dm,52
runtime error: 
[19:08:11]Cannot execute null.add reagent().
[19:08:11]proc name: Initialize (/obj/effect/decal/cleanable/oil/Initialize)
[19:08:11]  source file: robots.dm,52
runtime error: 
[19:08:11]Cannot execute null.add reagent().
[19:08:11]proc name: Initialize (/obj/effect/decal/cleanable/oil/Initialize)
[19:08:11]  source file: robots.dm,52
runtime error: 
[19:08:11]Cannot execute null.add reagent().
[19:08:11]proc name: Initialize (/obj/effect/decal/cleanable/oil/Initialize)
[19:08:11]  source file: robots.dm,52
runtime error: 
[19:08:11]Cannot execute null.add reagent().
[19:08:11]proc name: Initialize (/obj/effect/decal/cleanable/oil/Initialize)
[19:08:11]  source file: robots.dm,52
runtime error: 
[19:08:11]Cannot execute null.add reagent().
[19:08:11]proc name: Initialize (/obj/effect/decal/cleanable/oil/Initialize)
[19:08:11]  source file: robots.dm,52
runtime error: 
[19:08:11]Cannot execute null.add reagent().
[19:08:11]proc name: Initialize (/obj/effect/decal/cleanable/oil/Initialize)
[19:08:11]  source file: robots.dm,52
runtime error: 
[19:08:11]Cannot execute null.add reagent().
[19:08:11]proc name: Initialize (/obj/effect/decal/cleanable/oil/Initialize)
[19:08:11]  source file: robots.dm,52
runtime error: 
[19:08:12]Cannot execute null.add reagent().
[19:08:12]proc name: Initialize (/obj/effect/decal/cleanable/oil/Initialize)
[19:08:12]  source file: robots.dm,52
runtime error: 
[19:08:12]Cannot execute null.add reagent().
[19:08:12]proc name: Initialize (/obj/effect/decal/cleanable/oil/Initialize)
[19:08:12]  source file: robots.dm,52
runtime error: 
[19:08:12]Cannot execute null.add reagent().
[19:08:12]proc name: Initialize (/obj/effect/decal/cleanable/oil/Initialize)
[19:08:12]  source file: robots.dm,52
runtime error: 
[19:08:12]Cannot execute null.add reagent().
[19:08:12]proc name: Initialize (/obj/effect/decal/cleanable/oil/Initialize)
[19:08:12]  source file: robots.dm,52
runtime error: 
[19:08:12]Cannot execute null.add reagent().
[19:08:12]proc name: Initialize (/obj/effect/decal/cleanable/oil/Initialize)
[19:08:12]  source file: robots.dm,52
runtime error: 
[19:08:13]Cannot execute null.add reagent().
[19:08:13]proc name: Initialize (/obj/effect/decal/cleanable/oil/Initialize)
[19:08:13]  source file: robots.dm,52
runtime error: 
[19:08:13]Cannot execute null.add reagent().
[19:08:13]proc name: Initialize (/obj/effect/decal/cleanable/oil/Initialize)
[19:08:13]  source file: robots.dm,52
runtime error: 
[19:08:13]Cannot execute null.add reagent().
[19:08:13]proc name: Initialize (/obj/effect/decal/cleanable/oil/Initialize)
[19:08:13]  source file: robots.dm,52
runtime error: 
[19:08:13]Cannot execute null.add reagent().
[19:08:13]proc name: Initialize (/obj/effect/decal/cleanable/oil/Initialize)
[19:08:13]  source file: robots.dm,52
runtime error: 
[19:08:13]Cannot execute null.add reagent().
[19:08:13]proc name: Initialize (/obj/effect/decal/cleanable/oil/Initialize)
[19:08:13]  source file: robots.dm,52
runtime error: 
[19:08:13]Cannot execute null.add reagent().
[19:08:13]proc name: Initialize (/obj/effect/decal/cleanable/oil/Initialize)
[19:08:13]  source file: robots.dm,52
runtime error: 
[19:08:14]Cannot execute null.add reagent().
[19:08:14]proc name: Initialize (/obj/effect/decal/cleanable/oil/Initialize)
[19:08:14]  source file: robots.dm,52
runtime error: 
[19:08:14]Cannot execute null.add reagent().
[19:08:14]proc name: Initialize (/obj/effect/decal/cleanable/oil/Initialize)
[19:08:14]  source file: robots.dm,52
runtime error: 
[19:08:14]Cannot execute null.add reagent().
[19:08:14]proc name: Initialize (/obj/effect/decal/cleanable/oil/Initialize)
[19:08:14]  source file: robots.dm,52
runtime error: 
[19:08:14]Cannot execute null.add reagent().
[19:08:14]proc name: Initialize (/obj/effect/decal/cleanable/oil/Initialize)
[19:08:14]  source file: robots.dm,52
runtime error: 
[19:08:14]Cannot execute null.add reagent().
[19:08:14]proc name: Initialize (/obj/effect/decal/cleanable/oil/Initialize)
[19:08:14]  source file: robots.dm,52
runtime error: 
[19:08:14]Cannot execute null.add reagent().
[19:08:14]proc name: Initialize (/obj/effect/decal/cleanable/oil/Initialize)
[19:08:14]  source file: robots.dm,52
runtime error: 
[19:08:15]Cannot execute null.add reagent().
[19:08:15]proc name: Initialize (/obj/effect/decal/cleanable/oil/Initialize)
[19:08:15]  source file: robots.dm,52
runtime error: 
[19:08:15]Cannot execute null.add reagent().
[19:08:15]proc name: Initialize (/obj/effect/decal/cleanable/oil/Initialize)
[19:08:15]  source file: robots.dm,52
runtime error: 
[19:08:15]Cannot execute null.add reagent().
[19:08:15]proc name: Initialize (/obj/effect/decal/cleanable/oil/Initialize)
[19:08:15]  source file: robots.dm,52
runtime error: 
[19:08:16]Cannot execute null.add reagent().
[19:08:16]proc name: Initialize (/obj/effect/decal/cleanable/oil/Initialize)
[19:08:16]  source file: robots.dm,52
runtime error: 
[19:08:16]Cannot execute null.add reagent().
[19:08:16]proc name: Initialize (/obj/effect/decal/cleanable/oil/Initialize)
[19:08:16]  source file: robots.dm,52
runtime error: 
[19:08:16]Cannot execute null.add reagent().
[19:08:16]proc name: Initialize (/obj/effect/decal/cleanable/oil/Initialize)
[19:08:16]  source file: robots.dm,52
runtime error: 
[19:08:16]Cannot execute null.add reagent().
[19:08:16]proc name: Initialize (/obj/effect/decal/cleanable/oil/Initialize)
[19:08:16]  source file: robots.dm,52
runtime error: 
[19:08:17]Cannot execute null.add reagent().
[19:08:17]Warning: further proc crash messages are being suppressed to prevent overload...
runtime error: 
[19:08:19]Undefined variable /obj/item/rupee/var/swimming

runtime error: 
[19:08:19]Undefined variable /obj/item/rupee/var/swimming

runtime error: 
[19:08:19]Undefined variable /obj/item/rupee/var/swimming

runtime error: 
[19:08:19]Undefined variable /obj/structure/signpost/salvation/var/swimming

runtime error: 
[19:08:19]Undefined variable /obj/item/rupee/var/swimming

runtime error: 
[19:08:19]Undefined variable /obj/item/rupee/var/swimming

runtime error: 
[19:08:19]Undefined variable /obj/item/rupee/var/swimming

runtime error: 
[19:08:19]Undefined variable /obj/item/rupee/var/swimming

runtime error: 
[19:08:19]Undefined variable /obj/item/rupee/var/swimming

runtime error: 
[19:08:19]Undefined variable /obj/item/rupee/var/swimming

runtime error: 
[19:08:19]Undefined variable /obj/effect/landmark/error/var/swimming

runtime error: 
[19:08:19]Undefined variable /obj/item/rupee/var/swimming

runtime error: 
[19:08:19]Undefined variable /obj/item/rupee/var/swimming

runtime error: 
[19:08:19]Undefined variable /obj/item/rupee/var/swimming

runtime error: 
[19:08:19]Undefined variable /obj/item/rupee/var/swimming

runtime error: 
[19:08:19]Undefined variable /obj/item/rupee/var/swimming

runtime error: 
[19:08:19]Undefined variable /obj/item/rupee/var/swimming

runtime error: 
[19:08:19]Undefined variable /obj/item/rupee/var/swimming

runtime error: 
[19:08:19]Undefined variable /obj/item/rupee/var/swimming

runtime error: 
[19:08:19]Undefined variable /obj/item/rupee/var/swimming

runtime error: 
[19:08:19]Undefined variable /obj/item/rupee/var/swimming

runtime error: 
[19:08:19]Undefined variable /obj/item/rupee/var/swimming

runtime error: 
[19:08:19]Undefined variable /obj/item/rupee/var/swimming

runtime error: 
[19:08:19]Undefined variable /obj/item/rupee/var/swimming

runtime error: 
[19:08:19]Undefined variable /obj/item/rupee/var/swimming

runtime error: 
[19:08:19]Undefined variable /obj/item/rupee/var/swimming

runtime error: 
[19:08:19]Undefined variable /obj/item/rupee/var/swimming

runtime error: 
[19:08:19]Undefined variable /obj/item/rupee/var/swimming

runtime error: 
[19:08:19]Undefined variable /obj/item/rupee/var/swimming

runtime error: 
[19:08:19]Undefined variable /obj/item/rupee/var/swimming

runtime error: 
[19:08:19]Undefined variable /obj/item/rupee/var/swimming

runtime error: 
[19:08:19]Undefined variable /obj/item/rupee/var/swimming

runtime error: 
[19:08:19]Undefined variable /obj/item/rupee/var/swimming

runtime error: 
[19:08:19]Undefined variable /obj/item/rupee/var/swimming

runtime error: 
[19:08:19]Undefined variable /obj/item/rupee/var/swimming

runtime error: 
[19:08:19]Undefined variable /obj/item/rupee/var/swimming

runtime error: 
[19:08:19]Undefined variable /obj/item/rupee/var/swimming

runtime error: 
[19:08:19]Undefined variable /obj/item/rupee/var/swimming

runtime error: 
[19:08:19]Undefined variable /obj/item/rupee/var/swimming

runtime error: 
[19:08:19]Undefined variable /obj/item/rupee/var/swimming

runtime error: 
[19:08:19]Undefined variable /obj/item/rupee/var/swimming

runtime error: 
[19:08:19]Undefined variable /obj/item/rupee/var/swimming

runtime error: 
[19:08:19]Undefined variable /obj/item/rupee/var/swimming

runtime error: 
[19:08:19]Undefined variable /obj/item/rupee/var/swimming

runtime error: 
[19:08:19]Undefined variable /obj/item/rupee/var/swimming

runtime error: 
[19:08:19]Undefined variable /obj/item/rupee/var/swimming

runtime error: 
[19:08:19]Undefined variable /obj/item/rupee/var/swimming

runtime error: 
[19:08:19]Undefined variable /obj/structure/speaking_tile/var/swimming

runtime error: 
[19:08:19]Undefined variable /obj/machinery/abductor/gland_dispenser/var/swimming

runtime error: 
[19:08:19]Undefined variable /obj/structure/table/abductor/var/swimming

runtime error: 
[19:08:19]Undefined variable /obj/item/surgicaldrill/alien/var/swimming

runtime error: 
[19:08:19]undefined proc or verb /mob/living/simple_animal/bot/medbot/mysterious/remove overlay().

runtime error: 
[19:08:19]undefined proc or verb /mob/living/simple_animal/hostile/creature/remove overlay().

runtime error: 
[19:08:20]undefined proc or verb /mob/living/simple_animal/hostile/carp/cayenne/remove overlay().

runtime error: 
[19:08:20]undefined proc or verb /mob/dead/new_player/remove overlay().

runtime error: 
[19:08:23]Cannot execute null.add reagent().
runtime error: 
[19:08:23]Cannot execute null.add reagent().
runtime error: 
[19:08:23]Cannot execute null.add reagent().
runtime error: 
[19:08:23]Cannot execute null.add reagent().
runtime error: 
[19:08:23]Cannot execute null.add reagent().
runtime error: 
[19:08:23]undefined proc or verb /mob/living/simple_animal/bot/medbot/remove overlay().

runtime error: 
[19:08:24]undefined proc or verb /mob/living/simple_animal/cockroach/remove overlay().

runtime error: 
[19:08:24]undefined proc or verb /mob/living/simple_animal/cockroach/remove overlay().

runtime error: 
[19:08:24]undefined proc or verb /mob/living/simple_animal/cockroach/remove overlay().

runtime error: 
[19:08:24]undefined proc or verb /mob/living/simple_animal/cockroach/remove overlay().

runtime error: 
[19:08:24]undefined proc or verb /mob/living/simple_animal/cockroach/remove overlay().

runtime error: 
[19:08:24]undefined proc or verb /mob/living/simple_animal/pet/cat/Runtime/remove overlay().

runtime error: 
[19:08:24]undefined proc or verb /mob/living/simple_animal/cockroach/remove overlay().

runtime error: 
[19:08:24]undefined proc or verb /mob/living/simple_animal/pet/dog/pug/remove overlay().

runtime error: 
[19:08:24]undefined proc or verb /mob/living/simple_animal/cockroach/remove overlay().

runtime error: 
[19:08:24]undefined proc or verb /mob/living/simple_animal/cockroach/remove overlay().

runtime error: 
[19:08:24]undefined proc or verb /mob/living/simple_animal/cockroach/remove overlay().

runtime error: 
[19:08:24]undefined proc or verb /mob/living/simple_animal/slime/remove overlay().

runtime error: 
[19:08:25]undefined proc or verb /mob/living/simple_animal/slime/remove overlay().

runtime error: 
[19:08:25]undefined proc or verb /mob/living/simple_animal/slime/remove overlay().

runtime error: 
[19:08:25]undefined proc or verb /mob/living/simple_animal/cockroach/remove overlay().

runtime error: 
[19:08:25]undefined proc or verb /mob/living/simple_animal/cockroach/remove overlay().

runtime error: 
[19:08:25]undefined proc or verb /mob/living/simple_animal/pet/dog/corgi/Ian/remove overlay().

runtime error: 
[19:08:25]undefined proc or verb /mob/living/simple_animal/bot/secbot/pingsky/remove overlay().

runtime error: 
[19:08:25]undefined proc or verb /mob/living/simple_animal/parrot/Poly/remove overlay().

runtime error: 
[19:08:26]undefined proc or verb /mob/living/simple_animal/bot/secbot/beepsky/remove overlay().

runtime error: 
[19:08:26]undefined proc or verb /mob/living/simple_animal/pet/fox/Renault/remove overlay().

runtime error: 
[19:08:26]undefined proc or verb /mob/living/simple_animal/hostile/carp/cayenne/remove overlay().

runtime error: 
[19:08:26]undefined proc or verb /mob/living/simple_animal/cockroach/remove overlay().

runtime error: 
[19:08:26]undefined proc or verb /mob/living/simple_animal/hostile/retaliate/goat/remove overlay().

runtime error: 
[19:08:26]undefined proc or verb /mob/living/simple_animal/sloth/citrus/remove overlay().

runtime error: 
[19:08:26]undefined proc or verb /mob/living/simple_animal/cockroach/remove overlay().

runtime error: 
[19:08:27]undefined proc or verb /mob/living/simple_animal/mouse/remove overlay().

runtime error: 
[19:08:27]undefined proc or verb /mob/living/simple_animal/mouse/remove overlay().

runtime error: 
[19:08:27]undefined proc or verb /mob/living/simple_animal/bot/mulebot/remove overlay().

runtime error: 
[19:08:27]undefined proc or verb /mob/living/simple_animal/bot/mulebot/remove overlay().

runtime error: 
[19:08:27]undefined proc or verb /mob/living/simple_animal/cockroach/remove overlay().

runtime error: 
[19:08:27]undefined proc or verb /mob/living/simple_animal/hostile/lizard/remove overlay().

runtime error: 
[19:08:27]undefined proc or verb /mob/living/simple_animal/cockroach/remove overlay().

runtime error: 
[19:08:27]undefined proc or verb /mob/living/simple_animal/cockroach/remove overlay().

runtime error: 
[19:08:27]undefined proc or verb /mob/living/simple_animal/cockroach/remove overlay().

runtime error: 
[19:08:30]undefined proc or verb /mob/living/simple_animal/bot/secbot/beepsky/remove overlay().

runtime error: 
[19:08:30]undefined proc or verb /mob/living/simple_animal/hostile/asteroid/basilisk/watcher/random/remove overlay().

runtime error: 
[19:08:30]undefined proc or verb /mob/living/simple_animal/hostile/asteroid/goliath/beast/random/remove overlay().

runtime error: 
[19:08:30]undefined proc or verb /mob/living/simple_animal/hostile/asteroid/goliath/beast/random/remove overlay().

runtime error: 
[19:08:30]undefined proc or verb /mob/living/simple_animal/hostile/asteroid/basilisk/watcher/random/remove overlay().

runtime error: 
[19:08:30]undefined proc or verb /mob/living/simple_animal/hostile/asteroid/goliath/beast/random/remove overlay().

runtime error: 
[19:08:30]undefined proc or verb /mob/living/simple_animal/hostile/spawner/lavaland/legion/remove overlay().

runtime error: 
[19:08:30]undefined proc or verb /mob/living/simple_animal/hostile/asteroid/goliath/beast/random/remove overlay().

runtime error: 
[19:08:30]undefined proc or verb /mob/living/simple_animal/hostile/asteroid/goliath/beast/random/remove overlay().

runtime error: 
[19:08:30]undefined proc or verb /mob/living/simple_animal/hostile/asteroid/basilisk/watcher/random/remove overlay().

runtime error: 
[19:08:30]undefined proc or verb /mob/living/simple_animal/hostile/asteroid/goliath/beast/random/remove overlay().

Initialized 1.48422e+006 atoms
Initialized Atoms subsystem within 41.7 seconds!
Initialized Language subsystem within 0 seconds!
Initialized Machines subsystem within 0.6 seconds!
Initialized Circuit subsystem within 0 seconds!
Initialized Weather subsystem within 0 seconds!
## WARNING: There are 705 active turfs at roundstart, this is a mapping error caused by a difference of the air between the adjacent turfs. You can see its coordinates using "Mapping -> Show roundstart AT list" verb (debug verbs required)
## WARNING: HEY! LISTEN! 3 seconds were wasted processing 705 turf(s) (connected to 76456 other turfs) with atmos differences at round start.
## WARNING: build_pipeline(): /obj/machinery/atmospherics/pipe/simple/supply/hidden added to a pipenet while still having one. (pipes leading to the same spot stacking in one turf) Nearby: (187, 161, 2)
## WARNING: build_pipeline(): /obj/machinery/atmospherics/pipe/simple/supply/hidden added to a pipenet while still having one. (pipes leading to the same spot stacking in one turf) Nearby: (187, 162, 2)
## WARNING: build_pipeline(): /obj/machinery/atmospherics/pipe/simple/supply/hidden added to a pipenet while still having one. (pipes leading to the same spot stacking in one turf) Nearby: (187, 160, 2)
## WARNING: build_pipeline(): /obj/machinery/atmospherics/pipe/simple/supply/hidden added to a pipenet while still having one. (pipes leading to the same spot stacking in one turf) Nearby: (186, 162, 2)
## WARNING: build_pipeline(): /obj/machinery/atmospherics/pipe/simple/supply/hidden added to a pipenet while still having one. (pipes leading to the same spot stacking in one turf) Nearby: (187, 159, 2)
## WARNING: build_pipeline(): /obj/machinery/atmospherics/pipe/simple/supply/hidden added to a pipenet while still having one. (pipes leading to the same spot stacking in one turf) Nearby: (185, 162, 2)
## WARNING: build_pipeline(): /obj/machinery/atmospherics/pipe/simple/supply/hidden added to a pipenet while still having one. (pipes leading to the same spot stacking in one turf) Nearby: (187, 158, 2)
## WARNING: build_pipeline(): /obj/machinery/atmospherics/pipe/simple/supply/hidden added to a pipenet while still having one. (pipes leading to the same spot stacking in one turf) Nearby: (184, 162, 2)
## WARNING: build_pipeline(): /obj/machinery/atmospherics/pipe/manifold/supply/hidden added to a pipenet while still having one. (pipes leading to the same spot stacking in one turf) Nearby: (187, 157, 2)
## WARNING: build_pipeline(): /obj/machinery/atmospherics/pipe/manifold/supply/hidden added to a pipenet while still having one. (pipes leading to the same spot stacking in one turf) Nearby: (183, 162, 2)
## WARNING: build_pipeline(): further messages about pipenets will be supressed
Initialized Atmospherics subsystem within 22.6 seconds!
Initialized Minimap subsystem within 0 seconds!
Initialized Assets subsystem within 0.1 seconds!
Initialized Icon Smoothing subsystem within 1.4 seconds!
Initialized Overlay subsystem within 8.3 seconds!
Initialized XKeyScore subsystem within 0 seconds!
Initialized Lighting subsystem within 10.6 seconds!
## WARNING: couldn't find dock with id: whiteship_away in code/controllers/subsystem/shuttle.dm at line 190 src: Shuttle usr: .
Initialized Shuttle subsystem within 37.5 seconds!
Initialized Squeak subsystem within 0 seconds!
Loaded 0 engraved messages on map Delta Station
Initialized Persistence subsystem within 0.1 seconds!
Initializations complete within 193.9 seconds!
Game start took 0s
## WARNING: A ref was requested of an object with use_tag set but no tag: Noober84555 in code/__HELPERS/unsorted.dm at line 1500 src:  usr: Noober84555.
runtime error: 
[19:10:18]Cannot read null.key
runtime error: 
[19:10:18]Cannot read null.martial_art
runtime error: 
[19:10:19]Cannot read null.martial_art
