

Starting up round ID . 23:32:59
---------------------
Noober84555 \ YO TENGO \ cool guys high class \ NONE \ LATEJOIN
UnusualCone \ Leonel Butterfill \ cool guys high class \ NONE \ LATEJOIN
Robotumus \ Iris Getsspaced \ Shitcurity \ NONE \ LATEJOIN
MiniusAreas \ Kristina Potter \ cool guys high class \ NONE \ LATEJOIN
Ss13isaids \ Dab Dab \ cool guys high class \ NONE \ LATEJOIN
Tastyplasmids \ Eggplant Man \ cool guys high class \ NONE \ LATEJOIN
Noober84555 \ Noober84555 \ cool guys high class \ NONE \ LATEJOIN
Tastyplasmids \ Eggplant Man \ cool guys high class \ NONE \ LATEJOIN
Tastyplasmids \ Eggplant Man \ cool guys high class \ NONE \ LATEJOIN
Davidmwindow \ shaheed \ Shitcurity \ NONE \ LATEJOIN
MiniusAreas \ Kristina Potter \ Shitcurity \ NONE \ LATEJOIN
Tastyplasmids \ Eggplant Man \ Gordon Ramsay Food Critic Cooker \ NONE \ LATEJOIN
Tastyplasmids \ Eggplant Man \ cool guys high class \ NONE \ LATEJOIN
Tastyplasmids \ Eggplant Man \ cool guys high class \ NONE \ LATEJOIN
MiniusAreas \ Kristina Potter \ Gordon Ramsay Food Critic Cooker \ NONE \ LATEJOIN
Tastyplasmids \ Eggplant Man \ cool guys high class \ NONE \ LATEJOIN
Jobobman \ Arnie Harding \ cool guys high class \ NONE \ LATEJOIN
Irishwolf12 \ Cash Rowley \ Shitcurity \ NONE \ LATEJOIN
ChiraqSavage \ Rico Nager \ cool guys high class \ NONE \ LATEJOIN
JimmyTombstone \ Jimmy Tombstone \ cool guys high class \ NONE \ LATEJOIN
JimmyTombstone \ Jimmy Tombstone \ Shitcurity \ NONE \ LATEJOIN
Momo1911 \ Vegeta \ cool guys high class \ NONE \ LATEJOIN
MACIEKBAKI \ Mr Lmao \ cool guys low class \ NONE \ LATEJOIN
Momo1911 \ Vegeta \ cool guys high class \ NONE \ LATEJOIN
