

Starting up round ID . 19:04:20
---------------------
[19:04:20]ADMIN: Loading Banlist
[19:04:21]GAME: Saved mode is 'sandbox'
[19:05:00]GAME: Hierophant's Arena loaded at at 174,57,5
[19:05:00]GAME: Fountain Hall loaded at at 161,43,5
[19:05:00]GAME: Ripley loaded at at 114,129,5
[19:05:00]GAME: Ruin of Gluttony loaded at at 158,161,5
[19:05:00]GAME: Free Golem Ship loaded at at 80,158,5
[19:05:00]GAME: Ash Walker Nest loaded at at 80,115,5
[19:05:01]GAME: Abandoned Teleporter loaded at at 154,27,11
[19:05:01]GAME: Detached Teleporter loaded at at 179,199,7
[19:05:01]GAME: Asteroid 3 loaded at at 61,209,9
[19:05:02]GAME: Derelict Tradepost loaded at at 156,38,9
[19:05:03]GAME: Authorship loaded at at 179,169,3
[19:05:03]GAME: Asteroid 4 loaded at at 210,24,3
[19:05:03]GAME: Derelict 5 loaded at at 47,49,8
[19:05:03]GAME: Derelict 4 loaded at at 99,46,11
[19:05:03]GAME: Ordinary Space Tile loaded at at 195,189,11
[19:05:03]GAME: Dinner for Two loaded at at 52,33,9
[19:05:03]GAME: Asteroid 5 loaded at at 69,162,8
[19:05:03]GAME: Derelict 1 loaded at at 48,133,7
[19:05:03]GAME: CF Corsair loaded at at 201,132,9
[19:05:03]GAME: NT Medical Ship loaded at at 135,109,9
[19:05:04]GAME: Crashed Ship loaded at at 49,60,4
[19:05:04]GAME: Asteroid 2 loaded at at 170,168,4
