

Starting up round ID . 19:40:53
---------------------
Initialized Blackbox subsystem within 0 seconds!
Initialized Server Tasks subsystem within 0 seconds!
Initialized Events subsystem within 0 seconds!
runtime error: 
[19:40:54]cannot read from list
[19:40:54]proc name: LoadJobs (/datum/controller/subsystem/job/proc/LoadJobs)
[19:40:54]  source file: job.dm,448
[19:40:54]  usr: null
[19:40:54]  src: Jobs (/datum/controller/subsystem/job)
[19:40:54]  call stack:
[19:40:54]Jobs (/datum/controller/subsystem/job): LoadJobs()
[19:40:54]Jobs (/datum/controller/subsystem/job): Initialize(816549)
[19:40:54]Master (/datum/controller/master): Initialize(10, 0)
Initialized Jobs subsystem within 0 seconds!
Initialized Ticker subsystem within 0.1 seconds!
Loading Delta Station...
runtime error: 
[19:42:44]Cannot read null.martial_art
[19:42:44]proc name: teach (/datum/martial_art/proc/teach)
[19:42:44]  source file: martial.dm,79
[19:42:44]  usr: AlcaroIsAFrick (/mob/dead/new_player)
[19:42:44]  src: Wrestling (/datum/martial_art/wrestling)
[19:42:44]  usr.loc: the plating (8,174,1) (/turf/open/floor/plating)
[19:42:44]  call stack:
[19:42:44]Wrestling (/datum/martial_art/wrestling): teach(Cool Man (/mob/living/carbon/human/dummy), 1)
[19:42:44]Wrestling (/datum/martial_art/wrestling): teach(Cool Man (/mob/living/carbon/human/dummy), 1)
[19:42:44]Wrestling Belt (/obj/item/storage/belt/champion/wrestling): equipped(Cool Man (/mob/living/carbon/human/dummy), 5)
[19:42:44]Cool Man (/mob/living/carbon/human/dummy): equip to slot(Wrestling Belt (/obj/item/storage/belt/champion/wrestling), 5, 0)
[19:42:44]Cool Man (/mob/living/carbon/human/dummy): equip to slot if possible(Wrestling Belt (/obj/item/storage/belt/champion/wrestling), 5, 1, 1, 0, 1)
[19:42:44]Cool Man (/mob/living/carbon/human/dummy): equip to slot or del(Wrestling Belt (/obj/item/storage/belt/champion/wrestling), 5)
[19:42:44]Captain (/datum/outfit/job/captain): equip(Cool Man (/mob/living/carbon/human/dummy), 1)
[19:42:44]Cool Man (/mob/living/carbon/human/dummy): equipOutfit(/datum/outfit/job/captain (/datum/outfit/job/captain), 1)
[19:42:44]/datum/job/captain (/datum/job/captain): equip(Cool Man (/mob/living/carbon/human/dummy), 1, 1)
[19:42:44]/datum/preferences (/datum/preferences): update preview icon()
[19:42:44]/datum/preferences (/datum/preferences): ShowChoices(AlcaroIsAFrick (/mob/dead/new_player))
[19:42:44]AlcaroIsAFrick (/mob/dead/new_player): Topic("src=\[mob_1];show_preferences=...", /list (/list))
[19:42:44]AlcaroIsAFrick (/client): Topic("src=\[mob_1];show_preferences=...", /list (/list), AlcaroIsAFrick (/mob/dead/new_player))
[19:42:44]AlcaroIsAFrick (/client): Topic("src=\[mob_1];show_preferences=...", /list (/list), AlcaroIsAFrick (/mob/dead/new_player))
runtime error: 
[19:42:44]Cannot execute null.start().
[19:42:44]proc name: equipped (/obj/item/clothing/head/helmet/space/hardsuit/equipped)
[19:42:44]  source file: hardsuit.dm,63
[19:42:44]  usr: AlcaroIsAFrick (/mob/dead/new_player)
[19:42:44]  src: the elite syndicate hardsuit h... (/obj/item/clothing/head/helmet/space/hardsuit/syndi/elite)
[19:42:44]  usr.loc: the plating (8,174,1) (/turf/open/floor/plating)
[19:42:44]  src.loc: Cool Man (/mob/living/carbon/human/dummy)
[19:42:44]  call stack:
[19:42:44]the elite syndicate hardsuit h... (/obj/item/clothing/head/helmet/space/hardsuit/syndi/elite): equipped(Cool Man (/mob/living/carbon/human/dummy), 11)
[19:42:44]Cool Man (/mob/living/carbon/human/dummy): equip to slot(the elite syndicate hardsuit h... (/obj/item/clothing/head/helmet/space/hardsuit/syndi/elite), 11, 1)
[19:42:44]Cool Man (/mob/living/carbon/human/dummy): equip to slot(the elite syndicate hardsuit h... (/obj/item/clothing/head/helmet/space/hardsuit/syndi/elite), 11, 1)
[19:42:44]Cool Man (/mob/living/carbon/human/dummy): equip to slot if possible(the elite syndicate hardsuit h... (/obj/item/clothing/head/helmet/space/hardsuit/syndi/elite), 11, 0, 0, 1, 0)
[19:42:44]the elite syndicate hardsuit (/obj/item/clothing/suit/space/hardsuit/syndi/elite): ToggleHelmet()
[19:42:44]Captain (/datum/outfit/job/captain): equip(Cool Man (/mob/living/carbon/human/dummy), 1)
[19:42:44]Cool Man (/mob/living/carbon/human/dummy): equipOutfit(/datum/outfit/job/captain (/datum/outfit/job/captain), 1)
[19:42:44]/datum/job/captain (/datum/job/captain): equip(Cool Man (/mob/living/carbon/human/dummy), 1, 1)
[19:42:44]/datum/preferences (/datum/preferences): update preview icon()
[19:42:44]/datum/preferences (/datum/preferences): ShowChoices(AlcaroIsAFrick (/mob/dead/new_player))
[19:42:44]AlcaroIsAFrick (/mob/dead/new_player): Topic("src=\[mob_1];show_preferences=...", /list (/list))
[19:42:44]AlcaroIsAFrick (/client): Topic("src=\[mob_1];show_preferences=...", /list (/list), AlcaroIsAFrick (/mob/dead/new_player))
[19:42:44]AlcaroIsAFrick (/client): Topic("src=\[mob_1];show_preferences=...", /list (/list), AlcaroIsAFrick (/mob/dead/new_player))
runtime error: 
[19:42:47]Cannot execute null.stop().
[19:42:47]proc name: dropped (/obj/item/clothing/head/helmet/space/hardsuit/dropped)
[19:42:47]  source file: hardsuit.dm,48
[19:42:47]  usr: AlcaroIsAFrick (/mob/dead/new_player)
[19:42:47]  src: the elite syndicate hardsuit h... (/obj/item/clothing/head/helmet/space/hardsuit/syndi/elite)
[19:42:47]  usr.loc: the plating (8,174,1) (/turf/open/floor/plating)
[19:42:47]  src.loc: Cool Man (/mob/living/carbon/human/dummy)
[19:42:47]  call stack:
[19:42:47]the elite syndicate hardsuit h... (/obj/item/clothing/head/helmet/space/hardsuit/syndi/elite): dropped(Cool Man (/mob/living/carbon/human/dummy))
[19:42:47]Cool Man (/mob/living/carbon/human/dummy): doUnEquip(the elite syndicate hardsuit h... (/obj/item/clothing/head/helmet/space/hardsuit/syndi/elite), 1, null, 1, 1)
[19:42:47]Cool Man (/mob/living/carbon/human/dummy): doUnEquip(the elite syndicate hardsuit h... (/obj/item/clothing/head/helmet/space/hardsuit/syndi/elite), 1, null, 1, 1)
[19:42:47]Cool Man (/mob/living/carbon/human/dummy): doUnEquip(the elite syndicate hardsuit h... (/obj/item/clothing/head/helmet/space/hardsuit/syndi/elite), 1, null, 1, 1)
[19:42:47]Cool Man (/mob/living/carbon/human/dummy): temporarilyRemoveItemFromInventory(the elite syndicate hardsuit h... (/obj/item/clothing/head/helmet/space/hardsuit/syndi/elite), 1, 1)
[19:42:47]the elite syndicate hardsuit h... (/obj/item/clothing/head/helmet/space/hardsuit/syndi/elite): Destroy(0)
[19:42:47]the elite syndicate hardsuit h... (/obj/item/clothing/head/helmet/space/hardsuit/syndi/elite): Destroy(0)
[19:42:47]the elite syndicate hardsuit h... (/obj/item/clothing/head/helmet/space/hardsuit/syndi/elite): Destroy(0)
[19:42:47]the elite syndicate hardsuit h... (/obj/item/clothing/head/helmet/space/hardsuit/syndi/elite): Destroy(0)
[19:42:47]qdel(the elite syndicate hardsuit h... (/obj/item/clothing/head/helmet/space/hardsuit/syndi/elite), 0)
[19:42:47]Cool Man (/mob/living/carbon/human/dummy): delete equipment()
[19:42:47]Cool Man (/mob/living/carbon/human/dummy): wipe state()
[19:42:47]unset busy human dummy("dummy_preference_preview")
[19:42:47]/datum/preferences (/datum/preferences): update preview icon()
[19:42:47]/datum/preferences (/datum/preferences): ShowChoices(AlcaroIsAFrick (/mob/dead/new_player))
[19:42:47]AlcaroIsAFrick (/mob/dead/new_player): Topic("src=\[mob_1];show_preferences=...", /list (/list))
[19:42:47]AlcaroIsAFrick (/client): Topic("src=\[mob_1];show_preferences=...", /list (/list), AlcaroIsAFrick (/mob/dead/new_player))
[19:42:47]AlcaroIsAFrick (/client): Topic("src=\[mob_1];show_preferences=...", /list (/list), AlcaroIsAFrick (/mob/dead/new_player))
runtime error: 
[19:42:47]Cannot read null.martial_art
[19:42:47]proc name: remove (/datum/martial_art/proc/remove)
[19:42:47]  source file: martial.dm,101
[19:42:47]  usr: AlcaroIsAFrick (/mob/dead/new_player)
[19:42:47]  src: Wrestling (/datum/martial_art/wrestling)
[19:42:47]  usr.loc: the plating (8,174,1) (/turf/open/floor/plating)
[19:42:47]  call stack:
[19:42:47]Wrestling (/datum/martial_art/wrestling): remove(Cool Man (/mob/living/carbon/human/dummy))
[19:42:47]Wrestling Belt (/obj/item/storage/belt/champion/wrestling): dropped(Cool Man (/mob/living/carbon/human/dummy))
[19:42:47]Cool Man (/mob/living/carbon/human/dummy): doUnEquip(Wrestling Belt (/obj/item/storage/belt/champion/wrestling), 1, null, 1, 1)
[19:42:47]Cool Man (/mob/living/carbon/human/dummy): doUnEquip(Wrestling Belt (/obj/item/storage/belt/champion/wrestling), 1, null, 1, 1)
[19:42:47]Cool Man (/mob/living/carbon/human/dummy): doUnEquip(Wrestling Belt (/obj/item/storage/belt/champion/wrestling), 1, null, 1, 1)
[19:42:47]Cool Man (/mob/living/carbon/human/dummy): temporarilyRemoveItemFromInventory(Wrestling Belt (/obj/item/storage/belt/champion/wrestling), 1, 1)
[19:42:47]Wrestling Belt (/obj/item/storage/belt/champion/wrestling): Destroy(0)
[19:42:47]Wrestling Belt (/obj/item/storage/belt/champion/wrestling): Destroy(0)
[19:42:47]qdel(Wrestling Belt (/obj/item/storage/belt/champion/wrestling), 0)
[19:42:47]Cool Man (/mob/living/carbon/human/dummy): delete equipment()
[19:42:47]Cool Man (/mob/living/carbon/human/dummy): wipe state()
[19:42:47]unset busy human dummy("dummy_preference_preview")
[19:42:47]/datum/preferences (/datum/preferences): update preview icon()
[19:42:47]/datum/preferences (/datum/preferences): ShowChoices(AlcaroIsAFrick (/mob/dead/new_player))
[19:42:47]AlcaroIsAFrick (/mob/dead/new_player): Topic("src=\[mob_1];show_preferences=...", /list (/list))
[19:42:47]AlcaroIsAFrick (/client): Topic("src=\[mob_1];show_preferences=...", /list (/list), AlcaroIsAFrick (/mob/dead/new_player))
[19:42:47]AlcaroIsAFrick (/client): Topic("src=\[mob_1];show_preferences=...", /list (/list), AlcaroIsAFrick (/mob/dead/new_player))
runtime error: 
[19:42:48]Cannot read null.martial_art
[19:42:48]proc name: teach (/datum/martial_art/proc/teach)
[19:42:48]  source file: martial.dm,79
[19:42:48]  usr: AlcaroIsAFrick (/mob/dead/new_player)
[19:42:48]  src: Wrestling (/datum/martial_art/wrestling)
[19:42:48]  usr.loc: the plating (8,174,1) (/turf/open/floor/plating)
[19:42:48]  call stack:
[19:42:48]Wrestling (/datum/martial_art/wrestling): teach(Cool Man (/mob/living/carbon/human/dummy), 1)
[19:42:48]Wrestling (/datum/martial_art/wrestling): teach(Cool Man (/mob/living/carbon/human/dummy), 1)
[19:42:48]Wrestling Belt (/obj/item/storage/belt/champion/wrestling): equipped(Cool Man (/mob/living/carbon/human/dummy), 5)
[19:42:48]Cool Man (/mob/living/carbon/human/dummy): equip to slot(Wrestling Belt (/obj/item/storage/belt/champion/wrestling), 5, 0)
[19:42:48]Cool Man (/mob/living/carbon/human/dummy): equip to slot if possible(Wrestling Belt (/obj/item/storage/belt/champion/wrestling), 5, 1, 1, 0, 1)
[19:42:48]Cool Man (/mob/living/carbon/human/dummy): equip to slot or del(Wrestling Belt (/obj/item/storage/belt/champion/wrestling), 5)
[19:42:48]Captain (/datum/outfit/job/captain): equip(Cool Man (/mob/living/carbon/human/dummy), 1)
[19:42:48]Cool Man (/mob/living/carbon/human/dummy): equipOutfit(/datum/outfit/job/captain (/datum/outfit/job/captain), 1)
[19:42:48]/datum/job/captain (/datum/job/captain): equip(Cool Man (/mob/living/carbon/human/dummy), 1, 1)
[19:42:48]/datum/preferences (/datum/preferences): update preview icon()
[19:42:48]/datum/preferences (/datum/preferences): ShowChoices(AlcaroIsAFrick (/mob/dead/new_player))
[19:42:48]AlcaroIsAFrick (/mob/dead/new_player): Topic("src=\[mob_1];show_preferences=...", /list (/list))
[19:42:48]AlcaroIsAFrick (/client): Topic("src=\[mob_1];show_preferences=...", /list (/list), AlcaroIsAFrick (/mob/dead/new_player))
[19:42:48]AlcaroIsAFrick (/client): Topic("src=\[mob_1];show_preferences=...", /list (/list), AlcaroIsAFrick (/mob/dead/new_player))
runtime error: 
[19:42:48]Cannot execute null.start().
[19:42:48]proc name: equipped (/obj/item/clothing/head/helmet/space/hardsuit/equipped)
[19:42:48]  source file: hardsuit.dm,63
[19:42:48]  usr: AlcaroIsAFrick (/mob/dead/new_player)
[19:42:48]  src: the elite syndicate hardsuit h... (/obj/item/clothing/head/helmet/space/hardsuit/syndi/elite)
[19:42:48]  usr.loc: the plating (8,174,1) (/turf/open/floor/plating)
[19:42:48]  src.loc: Cool Man (/mob/living/carbon/human/dummy)
[19:42:48]  call stack:
[19:42:48]the elite syndicate hardsuit h... (/obj/item/clothing/head/helmet/space/hardsuit/syndi/elite): equipped(Cool Man (/mob/living/carbon/human/dummy), 11)
[19:42:48]Cool Man (/mob/living/carbon/human/dummy): equip to slot(the elite syndicate hardsuit h... (/obj/item/clothing/head/helmet/space/hardsuit/syndi/elite), 11, 1)
[19:42:48]Cool Man (/mob/living/carbon/human/dummy): equip to slot(the elite syndicate hardsuit h... (/obj/item/clothing/head/helmet/space/hardsuit/syndi/elite), 11, 1)
[19:42:48]Cool Man (/mob/living/carbon/human/dummy): equip to slot if possible(the elite syndicate hardsuit h... (/obj/item/clothing/head/helmet/space/hardsuit/syndi/elite), 11, 0, 0, 1, 0)
[19:42:48]the elite syndicate hardsuit (/obj/item/clothing/suit/space/hardsuit/syndi/elite): ToggleHelmet()
[19:42:48]Captain (/datum/outfit/job/captain): equip(Cool Man (/mob/living/carbon/human/dummy), 1)
[19:42:48]Cool Man (/mob/living/carbon/human/dummy): equipOutfit(/datum/outfit/job/captain (/datum/outfit/job/captain), 1)
[19:42:48]/datum/job/captain (/datum/job/captain): equip(Cool Man (/mob/living/carbon/human/dummy), 1, 1)
[19:42:48]/datum/preferences (/datum/preferences): update preview icon()
[19:42:48]/datum/preferences (/datum/preferences): ShowChoices(AlcaroIsAFrick (/mob/dead/new_player))
[19:42:48]AlcaroIsAFrick (/mob/dead/new_player): Topic("src=\[mob_1];show_preferences=...", /list (/list))
[19:42:48]AlcaroIsAFrick (/client): Topic("src=\[mob_1];show_preferences=...", /list (/list), AlcaroIsAFrick (/mob/dead/new_player))
[19:42:48]AlcaroIsAFrick (/client): Topic("src=\[mob_1];show_preferences=...", /list (/list), AlcaroIsAFrick (/mob/dead/new_player))
runtime error: 
[19:42:51]Cannot execute null.stop().
[19:42:51]proc name: dropped (/obj/item/clothing/head/helmet/space/hardsuit/dropped)
[19:42:51]  source file: hardsuit.dm,48
[19:42:51]  usr: AlcaroIsAFrick (/mob/dead/new_player)
[19:42:51]  src: the elite syndicate hardsuit h... (/obj/item/clothing/head/helmet/space/hardsuit/syndi/elite)
[19:42:51]  usr.loc: the plating (8,174,1) (/turf/open/floor/plating)
[19:42:51]  src.loc: Cool Man (/mob/living/carbon/human/dummy)
[19:42:51]  call stack:
[19:42:51]the elite syndicate hardsuit h... (/obj/item/clothing/head/helmet/space/hardsuit/syndi/elite): dropped(Cool Man (/mob/living/carbon/human/dummy))
[19:42:51]Cool Man (/mob/living/carbon/human/dummy): doUnEquip(the elite syndicate hardsuit h... (/obj/item/clothing/head/helmet/space/hardsuit/syndi/elite), 1, null, 1, 1)
[19:42:51]Cool Man (/mob/living/carbon/human/dummy): doUnEquip(the elite syndicate hardsuit h... (/obj/item/clothing/head/helmet/space/hardsuit/syndi/elite), 1, null, 1, 1)
[19:42:51]Cool Man (/mob/living/carbon/human/dummy): doUnEquip(the elite syndicate hardsuit h... (/obj/item/clothing/head/helmet/space/hardsuit/syndi/elite), 1, null, 1, 1)
[19:42:51]Cool Man (/mob/living/carbon/human/dummy): temporarilyRemoveItemFromInventory(the elite syndicate hardsuit h... (/obj/item/clothing/head/helmet/space/hardsuit/syndi/elite), 1, 1)
[19:42:51]the elite syndicate hardsuit h... (/obj/item/clothing/head/helmet/space/hardsuit/syndi/elite): Destroy(0)
[19:42:51]the elite syndicate hardsuit h... (/obj/item/clothing/head/helmet/space/hardsuit/syndi/elite): Destroy(0)
[19:42:51]the elite syndicate hardsuit h... (/obj/item/clothing/head/helmet/space/hardsuit/syndi/elite): Destroy(0)
[19:42:51]the elite syndicate hardsuit h... (/obj/item/clothing/head/helmet/space/hardsuit/syndi/elite): Destroy(0)
[19:42:51]qdel(the elite syndicate hardsuit h... (/obj/item/clothing/head/helmet/space/hardsuit/syndi/elite), 0)
[19:42:51]Cool Man (/mob/living/carbon/human/dummy): delete equipment()
[19:42:51]Cool Man (/mob/living/carbon/human/dummy): wipe state()
[19:42:51]unset busy human dummy("dummy_preference_preview")
[19:42:51]/datum/preferences (/datum/preferences): update preview icon()
[19:42:51]/datum/preferences (/datum/preferences): ShowChoices(AlcaroIsAFrick (/mob/dead/new_player))
[19:42:51]AlcaroIsAFrick (/mob/dead/new_player): Topic("src=\[mob_1];show_preferences=...", /list (/list))
[19:42:51]AlcaroIsAFrick (/client): Topic("src=\[mob_1];show_preferences=...", /list (/list), AlcaroIsAFrick (/mob/dead/new_player))
[19:42:51]AlcaroIsAFrick (/client): Topic("src=\[mob_1];show_preferences=...", /list (/list), AlcaroIsAFrick (/mob/dead/new_player))
runtime error: 
[19:42:51]Cannot read null.martial_art
[19:42:51]proc name: remove (/datum/martial_art/proc/remove)
[19:42:51]  source file: martial.dm,101
[19:42:51]  usr: AlcaroIsAFrick (/mob/dead/new_player)
[19:42:51]  src: Wrestling (/datum/martial_art/wrestling)
[19:42:51]  usr.loc: the plating (8,174,1) (/turf/open/floor/plating)
[19:42:51]  call stack:
[19:42:51]Wrestling (/datum/martial_art/wrestling): remove(Cool Man (/mob/living/carbon/human/dummy))
[19:42:51]Wrestling Belt (/obj/item/storage/belt/champion/wrestling): dropped(Cool Man (/mob/living/carbon/human/dummy))
[19:42:51]Cool Man (/mob/living/carbon/human/dummy): doUnEquip(Wrestling Belt (/obj/item/storage/belt/champion/wrestling), 1, null, 1, 1)
[19:42:51]Cool Man (/mob/living/carbon/human/dummy): doUnEquip(Wrestling Belt (/obj/item/storage/belt/champion/wrestling), 1, null, 1, 1)
[19:42:51]Cool Man (/mob/living/carbon/human/dummy): doUnEquip(Wrestling Belt (/obj/item/storage/belt/champion/wrestling), 1, null, 1, 1)
[19:42:51]Cool Man (/mob/living/carbon/human/dummy): temporarilyRemoveItemFromInventory(Wrestling Belt (/obj/item/storage/belt/champion/wrestling), 1, 1)
[19:42:51]Wrestling Belt (/obj/item/storage/belt/champion/wrestling): Destroy(0)
[19:42:51]Wrestling Belt (/obj/item/storage/belt/champion/wrestling): Destroy(0)
[19:42:51]qdel(Wrestling Belt (/obj/item/storage/belt/champion/wrestling), 0)
[19:42:51]Cool Man (/mob/living/carbon/human/dummy): delete equipment()
[19:42:51]Cool Man (/mob/living/carbon/human/dummy): wipe state()
[19:42:51]unset busy human dummy("dummy_preference_preview")
[19:42:51]/datum/preferences (/datum/preferences): update preview icon()
[19:42:51]/datum/preferences (/datum/preferences): ShowChoices(AlcaroIsAFrick (/mob/dead/new_player))
[19:42:51]AlcaroIsAFrick (/mob/dead/new_player): Topic("src=\[mob_1];show_preferences=...", /list (/list))
[19:42:51]AlcaroIsAFrick (/client): Topic("src=\[mob_1];show_preferences=...", /list (/list), AlcaroIsAFrick (/mob/dead/new_player))
[19:42:51]AlcaroIsAFrick (/client): Topic("src=\[mob_1];show_preferences=...", /list (/list), AlcaroIsAFrick (/mob/dead/new_player))
runtime error: 
[19:42:54]Cannot read null.martial_art
[19:42:54]proc name: teach (/datum/martial_art/proc/teach)
[19:42:54]  source file: martial.dm,79
[19:42:54]  usr: AlcaroIsAFrick (/mob/dead/new_player)
[19:42:54]  src: Wrestling (/datum/martial_art/wrestling)
[19:42:54]  usr.loc: the plating (8,174,1) (/turf/open/floor/plating)
[19:42:54]  call stack:
[19:42:54]Wrestling (/datum/martial_art/wrestling): teach(Cool Man (/mob/living/carbon/human/dummy), 1)
[19:42:54]Wrestling (/datum/martial_art/wrestling): teach(Cool Man (/mob/living/carbon/human/dummy), 1)
[19:42:54]Wrestling Belt (/obj/item/storage/belt/champion/wrestling): equipped(Cool Man (/mob/living/carbon/human/dummy), 5)
[19:42:54]Cool Man (/mob/living/carbon/human/dummy): equip to slot(Wrestling Belt (/obj/item/storage/belt/champion/wrestling), 5, 0)
[19:42:54]Cool Man (/mob/living/carbon/human/dummy): equip to slot if possible(Wrestling Belt (/obj/item/storage/belt/champion/wrestling), 5, 1, 1, 0, 1)
[19:42:54]Cool Man (/mob/living/carbon/human/dummy): equip to slot or del(Wrestling Belt (/obj/item/storage/belt/champion/wrestling), 5)
[19:42:54]Captain (/datum/outfit/job/captain): equip(Cool Man (/mob/living/carbon/human/dummy), 1)
[19:42:54]Cool Man (/mob/living/carbon/human/dummy): equipOutfit(/datum/outfit/job/captain (/datum/outfit/job/captain), 1)
[19:42:54]/datum/job/captain (/datum/job/captain): equip(Cool Man (/mob/living/carbon/human/dummy), 1, 1)
[19:42:54]/datum/preferences (/datum/preferences): update preview icon()
[19:42:54]/datum/preferences (/datum/preferences): ShowChoices(AlcaroIsAFrick (/mob/dead/new_player))
[19:42:54]/datum/preferences (/datum/preferences): process link(AlcaroIsAFrick (/mob/dead/new_player), /list (/list))
[19:42:54]AlcaroIsAFrick (/client): Topic("_src_=prefs;preference=species...", /list (/list), null)
[19:42:54]AlcaroIsAFrick (/client): Topic("_src_=prefs;preference=species...", /list (/list))
runtime error: 
[19:42:54]Cannot execute null.start().
[19:42:54]proc name: equipped (/obj/item/clothing/head/helmet/space/hardsuit/equipped)
[19:42:54]  source file: hardsuit.dm,63
[19:42:54]  usr: AlcaroIsAFrick (/mob/dead/new_player)
[19:42:54]  src: the elite syndicate hardsuit h... (/obj/item/clothing/head/helmet/space/hardsuit/syndi/elite)
[19:42:54]  usr.loc: the plating (8,174,1) (/turf/open/floor/plating)
[19:42:54]  src.loc: Cool Man (/mob/living/carbon/human/dummy)
[19:42:54]  call stack:
[19:42:54]the elite syndicate hardsuit h... (/obj/item/clothing/head/helmet/space/hardsuit/syndi/elite): equipped(Cool Man (/mob/living/carbon/human/dummy), 11)
[19:42:54]Cool Man (/mob/living/carbon/human/dummy): equip to slot(the elite syndicate hardsuit h... (/obj/item/clothing/head/helmet/space/hardsuit/syndi/elite), 11, 1)
[19:42:54]Cool Man (/mob/living/carbon/human/dummy): equip to slot(the elite syndicate hardsuit h... (/obj/item/clothing/head/helmet/space/hardsuit/syndi/elite), 11, 1)
[19:42:54]Cool Man (/mob/living/carbon/human/dummy): equip to slot if possible(the elite syndicate hardsuit h... (/obj/item/clothing/head/helmet/space/hardsuit/syndi/elite), 11, 0, 0, 1, 0)
[19:42:54]the elite syndicate hardsuit (/obj/item/clothing/suit/space/hardsuit/syndi/elite): ToggleHelmet()
[19:42:54]Captain (/datum/outfit/job/captain): equip(Cool Man (/mob/living/carbon/human/dummy), 1)
[19:42:54]Cool Man (/mob/living/carbon/human/dummy): equipOutfit(/datum/outfit/job/captain (/datum/outfit/job/captain), 1)
[19:42:54]/datum/job/captain (/datum/job/captain): equip(Cool Man (/mob/living/carbon/human/dummy), 1, 1)
[19:42:54]/datum/preferences (/datum/preferences): update preview icon()
[19:42:54]/datum/preferences (/datum/preferences): ShowChoices(AlcaroIsAFrick (/mob/dead/new_player))
[19:42:54]/datum/preferences (/datum/preferences): process link(AlcaroIsAFrick (/mob/dead/new_player), /list (/list))
[19:42:54]AlcaroIsAFrick (/client): Topic("_src_=prefs;preference=species...", /list (/list), null)
[19:42:54]AlcaroIsAFrick (/client): Topic("_src_=prefs;preference=species...", /list (/list))
runtime error: 
[19:42:54]Cannot execute null.stop().
[19:42:54]proc name: dropped (/obj/item/clothing/head/helmet/space/hardsuit/dropped)
[19:42:54]  source file: hardsuit.dm,48
[19:42:54]  usr: AlcaroIsAFrick (/mob/dead/new_player)
[19:42:54]  src: the elite syndicate hardsuit h... (/obj/item/clothing/head/helmet/space/hardsuit/syndi/elite)
[19:42:54]  usr.loc: the plating (8,174,1) (/turf/open/floor/plating)
[19:42:54]  src.loc: Cool Man (/mob/living/carbon/human/dummy)
[19:42:54]  call stack:
[19:42:54]the elite syndicate hardsuit h... (/obj/item/clothing/head/helmet/space/hardsuit/syndi/elite): dropped(Cool Man (/mob/living/carbon/human/dummy))
[19:42:54]Cool Man (/mob/living/carbon/human/dummy): doUnEquip(the elite syndicate hardsuit h... (/obj/item/clothing/head/helmet/space/hardsuit/syndi/elite), 1, null, 1, 1)
[19:42:54]Cool Man (/mob/living/carbon/human/dummy): doUnEquip(the elite syndicate hardsuit h... (/obj/item/clothing/head/helmet/space/hardsuit/syndi/elite), 1, null, 1, 1)
[19:42:54]Cool Man (/mob/living/carbon/human/dummy): doUnEquip(the elite syndicate hardsuit h... (/obj/item/clothing/head/helmet/space/hardsuit/syndi/elite), 1, null, 1, 1)
[19:42:54]Cool Man (/mob/living/carbon/human/dummy): temporarilyRemoveItemFromInventory(the elite syndicate hardsuit h... (/obj/item/clothing/head/helmet/space/hardsuit/syndi/elite), 1, 1)
[19:42:54]the elite syndicate hardsuit h... (/obj/item/clothing/head/helmet/space/hardsuit/syndi/elite): Destroy(0)
[19:42:54]the elite syndicate hardsuit h... (/obj/item/clothing/head/helmet/space/hardsuit/syndi/elite): Destroy(0)
[19:42:54]the elite syndicate hardsuit h... (/obj/item/clothing/head/helmet/space/hardsuit/syndi/elite): Destroy(0)
[19:42:54]the elite syndicate hardsuit h... (/obj/item/clothing/head/helmet/space/hardsuit/syndi/elite): Destroy(0)
[19:42:54]qdel(the elite syndicate hardsuit h... (/obj/item/clothing/head/helmet/space/hardsuit/syndi/elite), 0)
[19:42:54]Cool Man (/mob/living/carbon/human/dummy): delete equipment()
[19:42:54]Cool Man (/mob/living/carbon/human/dummy): wipe state()
[19:42:54]unset busy human dummy("dummy_preference_preview")
[19:42:54]/datum/preferences (/datum/preferences): update preview icon()
[19:42:54]/datum/preferences (/datum/preferences): ShowChoices(AlcaroIsAFrick (/mob/dead/new_player))
[19:42:54]/datum/preferences (/datum/preferences): process link(AlcaroIsAFrick (/mob/dead/new_player), /list (/list))
[19:42:54]AlcaroIsAFrick (/client): Topic("_src_=prefs;preference=species...", /list (/list), null)
[19:42:54]AlcaroIsAFrick (/client): Topic("_src_=prefs;preference=species...", /list (/list))
runtime error: 
[19:42:55]Cannot read null.martial_art
[19:42:55]proc name: remove (/datum/martial_art/proc/remove)
[19:42:55]  source file: martial.dm,101
[19:42:55]  usr: AlcaroIsAFrick (/mob/dead/new_player)
[19:42:55]  src: Wrestling (/datum/martial_art/wrestling)
[19:42:55]  usr.loc: the plating (8,174,1) (/turf/open/floor/plating)
[19:42:55]  call stack:
[19:42:55]Wrestling (/datum/martial_art/wrestling): remove(Cool Man (/mob/living/carbon/human/dummy))
[19:42:55]Wrestling Belt (/obj/item/storage/belt/champion/wrestling): dropped(Cool Man (/mob/living/carbon/human/dummy))
[19:42:55]Cool Man (/mob/living/carbon/human/dummy): doUnEquip(Wrestling Belt (/obj/item/storage/belt/champion/wrestling), 1, null, 1, 1)
[19:42:55]Cool Man (/mob/living/carbon/human/dummy): doUnEquip(Wrestling Belt (/obj/item/storage/belt/champion/wrestling), 1, null, 1, 1)
[19:42:55]Cool Man (/mob/living/carbon/human/dummy): doUnEquip(Wrestling Belt (/obj/item/storage/belt/champion/wrestling), 1, null, 1, 1)
[19:42:55]Cool Man (/mob/living/carbon/human/dummy): temporarilyRemoveItemFromInventory(Wrestling Belt (/obj/item/storage/belt/champion/wrestling), 1, 1)
[19:42:55]Wrestling Belt (/obj/item/storage/belt/champion/wrestling): Destroy(0)
[19:42:55]Wrestling Belt (/obj/item/storage/belt/champion/wrestling): Destroy(0)
[19:42:55]qdel(Wrestling Belt (/obj/item/storage/belt/champion/wrestling), 0)
[19:42:55]Cool Man (/mob/living/carbon/human/dummy): delete equipment()
[19:42:55]Cool Man (/mob/living/carbon/human/dummy): wipe state()
[19:42:55]unset busy human dummy("dummy_preference_preview")
[19:42:55]/datum/preferences (/datum/preferences): update preview icon()
[19:42:55]/datum/preferences (/datum/preferences): ShowChoices(AlcaroIsAFrick (/mob/dead/new_player))
[19:42:55]/datum/preferences (/datum/preferences): process link(AlcaroIsAFrick (/mob/dead/new_player), /list (/list))
[19:42:55]AlcaroIsAFrick (/client): Topic("_src_=prefs;preference=species...", /list (/list), null)
[19:42:55]AlcaroIsAFrick (/client): Topic("_src_=prefs;preference=species...", /list (/list))
runtime error: 
[19:42:59]Cannot execute /datum/plant_gene/trait/glow (/datum/plant_gene/trait/glow).glow range().
[19:42:59]proc name: New (/obj/structure/glowshroom/New)
[19:42:59]  source file: glowshroom.dm,63
[19:42:59]  usr: null
[19:42:59]  src: the glowshroom (/obj/structure/glowshroom/single)
[19:42:59]  src.loc: Cave Floor (303,71,2) (/turf/open/floor/plating/asteroid)
[19:42:59]  call stack:
[19:42:59]the glowshroom (/obj/structure/glowshroom/single): New(Cave Floor (303,71,2) (/turf/open/floor/plating/asteroid), null, null)
[19:42:59]/dmm_suite (/dmm_suite): create atom(/obj/structure/glowshroom/sing... (/obj/structure/glowshroom/single), Cave Floor (303,71,2) (/turf/open/floor/plating/asteroid))
[19:42:59]/dmm_suite (/dmm_suite): instance atom(/obj/structure/glowshroom/sing... (/obj/structure/glowshroom/single), /list (/list), Cave Floor (303,71,2) (/turf/open/floor/plating/asteroid), 1)
[19:42:59]/dmm_suite (/dmm_suite): parse grid("/obj/structure/glowshroom/sing...", "eFg", 303, 71, 2, 1)
[19:42:59]/dmm_suite (/dmm_suite): load map impl(_maps/map_files/Deltastation/D..., 1, 1, 2, null, null, 1, -1e+031, 1e+031, -1e+031, 1e+031)
[19:42:59]/dmm_suite (/dmm_suite): load map(_maps/map_files/Deltastation/D..., 0, 0, 2, null, null, 1, null, null, null, null)
[19:42:59]Mapping (/datum/controller/subsystem/mapping): TryLoadZ("_maps/map_files/Deltastation/D...", /list (/list), 2, null)
[19:42:59]Mapping (/datum/controller/subsystem/mapping): loadWorld()
[19:42:59]Mapping (/datum/controller/subsystem/mapping): Initialize(816550)
[19:42:59]Master (/datum/controller/master): Initialize(10, 0)
runtime error: 
[19:42:59]Cannot execute /datum/plant_gene/trait/glow (/datum/plant_gene/trait/glow).glow range().
[19:42:59]proc name: New (/obj/structure/glowshroom/New)
[19:42:59]  source file: glowshroom.dm,63
[19:42:59]  usr: null
[19:42:59]  src: the glowshroom (/obj/structure/glowshroom/single)
[19:42:59]  src.loc: Cave Floor (306,70,2) (/turf/open/floor/plating/asteroid)
[19:42:59]  call stack:
[19:42:59]the glowshroom (/obj/structure/glowshroom/single): New(Cave Floor (306,70,2) (/turf/open/floor/plating/asteroid), null, null)
[19:42:59]/dmm_suite (/dmm_suite): create atom(/obj/structure/glowshroom/sing... (/obj/structure/glowshroom/single), Cave Floor (306,70,2) (/turf/open/floor/plating/asteroid))
[19:42:59]/dmm_suite (/dmm_suite): instance atom(/obj/structure/glowshroom/sing... (/obj/structure/glowshroom/single), /list (/list), Cave Floor (306,70,2) (/turf/open/floor/plating/asteroid), 1)
[19:42:59]/dmm_suite (/dmm_suite): parse grid("/obj/structure/glowshroom/sing...", "eFg", 306, 70, 2, 1)
[19:42:59]/dmm_suite (/dmm_suite): load map impl(_maps/map_files/Deltastation/D..., 1, 1, 2, null, null, 1, -1e+031, 1e+031, -1e+031, 1e+031)
[19:42:59]/dmm_suite (/dmm_suite): load map(_maps/map_files/Deltastation/D..., 0, 0, 2, null, null, 1, null, null, null, null)
[19:42:59]Mapping (/datum/controller/subsystem/mapping): TryLoadZ("_maps/map_files/Deltastation/D...", /list (/list), 2, null)
[19:42:59]Mapping (/datum/controller/subsystem/mapping): loadWorld()
[19:42:59]Mapping (/datum/controller/subsystem/mapping): Initialize(816550)
[19:42:59]Master (/datum/controller/master): Initialize(10, 0)
runtime error: 
[19:42:59]Cannot execute /datum/plant_gene/trait/glow (/datum/plant_gene/trait/glow).glow range().
[19:42:59]proc name: New (/obj/structure/glowshroom/New)
[19:42:59]  source file: glowshroom.dm,63
[19:42:59]  usr: null
[19:42:59]  src: the glowshroom (/obj/structure/glowshroom/single)
[19:42:59]  src.loc: Cave Floor (309,70,2) (/turf/open/floor/plating/asteroid)
[19:42:59]  call stack:
[19:42:59]the glowshroom (/obj/structure/glowshroom/single): New(Cave Floor (309,70,2) (/turf/open/floor/plating/asteroid), null, null)
[19:42:59]/dmm_suite (/dmm_suite): create atom(/obj/structure/glowshroom/sing... (/obj/structure/glowshroom/single), Cave Floor (309,70,2) (/turf/open/floor/plating/asteroid))
[19:42:59]/dmm_suite (/dmm_suite): instance atom(/obj/structure/glowshroom/sing... (/obj/structure/glowshroom/single), /list (/list), Cave Floor (309,70,2) (/turf/open/floor/plating/asteroid), 1)
[19:42:59]/dmm_suite (/dmm_suite): parse grid("/obj/structure/glowshroom/sing...", "eFg", 309, 70, 2, 1)
[19:42:59]/dmm_suite (/dmm_suite): load map impl(_maps/map_files/Deltastation/D..., 1, 1, 2, null, null, 1, -1e+031, 1e+031, -1e+031, 1e+031)
[19:42:59]/dmm_suite (/dmm_suite): load map(_maps/map_files/Deltastation/D..., 0, 0, 2, null, null, 1, null, null, null, null)
[19:42:59]Mapping (/datum/controller/subsystem/mapping): TryLoadZ("_maps/map_files/Deltastation/D...", /list (/list), 2, null)
[19:42:59]Mapping (/datum/controller/subsystem/mapping): loadWorld()
[19:42:59]Mapping (/datum/controller/subsystem/mapping): Initialize(816550)
[19:42:59]Master (/datum/controller/master): Initialize(10, 0)
runtime error: 
[19:42:59]Cannot execute /datum/plant_gene/trait/glow (/datum/plant_gene/trait/glow).glow range().
[19:42:59]proc name: New (/obj/structure/glowshroom/New)
[19:42:59]  source file: glowshroom.dm,63
runtime error: 
[19:43:00]Cannot execute /datum/plant_gene/trait/glow (/datum/plant_gene/trait/glow).glow range().
[19:43:00]proc name: New (/obj/structure/glowshroom/New)
[19:43:00]  source file: glowshroom.dm,63
runtime error: 
[19:43:00]Cannot execute /datum/plant_gene/trait/glow (/datum/plant_gene/trait/glow).glow range().
[19:43:00]proc name: New (/obj/structure/glowshroom/New)
[19:43:00]  source file: glowshroom.dm,63
runtime error: 
[19:43:00]Cannot execute /datum/plant_gene/trait/glow (/datum/plant_gene/trait/glow).glow range().
[19:43:00]proc name: New (/obj/structure/glowshroom/New)
[19:43:00]  source file: glowshroom.dm,63
runtime error: 
[19:43:00]Cannot execute /datum/plant_gene/trait/glow (/datum/plant_gene/trait/glow).glow range().
[19:43:00]proc name: New (/obj/structure/glowshroom/New)
[19:43:00]  source file: glowshroom.dm,63
runtime error: 
[19:43:00]Cannot execute /datum/plant_gene/trait/glow (/datum/plant_gene/trait/glow).glow range().
[19:43:00]proc name: New (/obj/structure/glowshroom/New)
[19:43:00]  source file: glowshroom.dm,63
runtime error: 
[19:43:00]Cannot execute /datum/plant_gene/trait/glow (/datum/plant_gene/trait/glow).glow range().
[19:43:00]proc name: New (/obj/structure/glowshroom/New)
[19:43:00]  source file: glowshroom.dm,63
runtime error: 
[19:43:00]Cannot execute /datum/plant_gene/trait/glow (/datum/plant_gene/trait/glow).glow range().
[19:43:00]proc name: New (/obj/structure/glowshroom/New)
[19:43:00]  source file: glowshroom.dm,63
runtime error: 
[19:43:00]Cannot execute /datum/plant_gene/trait/glow (/datum/plant_gene/trait/glow).glow range().
[19:43:00]proc name: New (/obj/structure/glowshroom/New)
[19:43:00]  source file: glowshroom.dm,63
runtime error: 
[19:43:00]Cannot execute /datum/plant_gene/trait/glow (/datum/plant_gene/trait/glow).glow range().
[19:43:00]proc name: New (/obj/structure/glowshroom/New)
[19:43:00]  source file: glowshroom.dm,63
runtime error: 
[19:43:00]Cannot execute /datum/plant_gene/trait/glow (/datum/plant_gene/trait/glow).glow range().
[19:43:00]proc name: New (/obj/structure/glowshroom/New)
[19:43:00]  source file: glowshroom.dm,63
runtime error: 
[19:43:00]Cannot execute /datum/plant_gene/trait/glow (/datum/plant_gene/trait/glow).glow range().
[19:43:00]proc name: New (/obj/structure/glowshroom/New)
[19:43:00]  source file: glowshroom.dm,63
runtime error: 
[19:43:00]Cannot execute /datum/plant_gene/trait/glow (/datum/plant_gene/trait/glow).glow range().
[19:43:00]proc name: New (/obj/structure/glowshroom/New)
[19:43:00]  source file: glowshroom.dm,63
runtime error: 
[19:43:00]Cannot execute /datum/plant_gene/trait/glow (/datum/plant_gene/trait/glow).glow range().
[19:43:00]proc name: New (/obj/structure/glowshroom/New)
[19:43:00]  source file: glowshroom.dm,63
runtime error: 
[19:43:00]Cannot execute /datum/plant_gene/trait/glow (/datum/plant_gene/trait/glow).glow range().
[19:43:00]proc name: New (/obj/structure/glowshroom/New)
[19:43:00]  source file: glowshroom.dm,63
runtime error: 
[19:43:00]Cannot execute /datum/plant_gene/trait/glow (/datum/plant_gene/trait/glow).glow range().
[19:43:00]proc name: New (/obj/structure/glowshroom/New)
[19:43:00]  source file: glowshroom.dm,63
runtime error: 
[19:43:00]Cannot execute /datum/plant_gene/trait/glow (/datum/plant_gene/trait/glow).glow range().
[19:43:00]proc name: New (/obj/structure/glowshroom/New)
[19:43:00]  source file: glowshroom.dm,63
runtime error: 
[19:43:00]Cannot execute /datum/plant_gene/trait/glow (/datum/plant_gene/trait/glow).glow range().
[19:43:00]proc name: New (/obj/structure/glowshroom/New)
[19:43:00]  source file: glowshroom.dm,63
runtime error: 
[19:43:00]Cannot execute /datum/plant_gene/trait/glow (/datum/plant_gene/trait/glow).glow range().
[19:43:00]proc name: New (/obj/structure/glowshroom/New)
[19:43:00]  source file: glowshroom.dm,63
runtime error: 
[19:43:00]Cannot execute /datum/plant_gene/trait/glow (/datum/plant_gene/trait/glow).glow range().
[19:43:00]proc name: New (/obj/structure/glowshroom/New)
[19:43:00]  source file: glowshroom.dm,63
runtime error: 
[19:43:01]Cannot execute /datum/plant_gene/trait/glow (/datum/plant_gene/trait/glow).glow range().
[19:43:01]proc name: New (/obj/structure/glowshroom/New)
[19:43:01]  source file: glowshroom.dm,63
runtime error: 
[19:43:01]Cannot execute /datum/plant_gene/trait/glow (/datum/plant_gene/trait/glow).glow range().
[19:43:01]proc name: New (/obj/structure/glowshroom/New)
[19:43:01]  source file: glowshroom.dm,63
runtime error: 
[19:43:01]Cannot execute /datum/plant_gene/trait/glow (/datum/plant_gene/trait/glow).glow range().
[19:43:01]proc name: New (/obj/structure/glowshroom/New)
[19:43:01]  source file: glowshroom.dm,63
runtime error: 
[19:43:01]Cannot execute /datum/plant_gene/trait/glow (/datum/plant_gene/trait/glow).glow range().
[19:43:01]proc name: New (/obj/structure/glowshroom/New)
[19:43:01]  source file: glowshroom.dm,63
runtime error: 
[19:43:01]Cannot execute /datum/plant_gene/trait/glow (/datum/plant_gene/trait/glow).glow range().
[19:43:01]proc name: New (/obj/structure/glowshroom/New)
[19:43:01]  source file: glowshroom.dm,63
runtime error: 
[19:43:01]Cannot execute /datum/plant_gene/trait/glow (/datum/plant_gene/trait/glow).glow range().
[19:43:01]proc name: New (/obj/structure/glowshroom/New)
[19:43:01]  source file: glowshroom.dm,63
runtime error: 
[19:43:01]Cannot execute /datum/plant_gene/trait/glow (/datum/plant_gene/trait/glow).glow range().
[19:43:01]proc name: New (/obj/structure/glowshroom/New)
[19:43:01]  source file: glowshroom.dm,63
runtime error: 
[19:43:01]Cannot execute /datum/plant_gene/trait/glow (/datum/plant_gene/trait/glow).glow range().
[19:43:01]proc name: New (/obj/structure/glowshroom/New)
[19:43:01]  source file: glowshroom.dm,63
runtime error: 
[19:43:01]Cannot execute /datum/plant_gene/trait/glow (/datum/plant_gene/trait/glow).glow range().
[19:43:01]proc name: New (/obj/structure/glowshroom/New)
[19:43:01]  source file: glowshroom.dm,63
runtime error: 
[19:43:01]Cannot execute /datum/plant_gene/trait/glow (/datum/plant_gene/trait/glow).glow range().
[19:43:01]proc name: New (/obj/structure/glowshroom/New)
[19:43:01]  source file: glowshroom.dm,63
runtime error: 
[19:43:02]Cannot execute /datum/plant_gene/trait/glow (/datum/plant_gene/trait/glow).glow range().
[19:43:02]proc name: New (/obj/structure/glowshroom/New)
[19:43:02]  source file: glowshroom.dm,63
runtime error: 
[19:43:02]Cannot execute /datum/plant_gene/trait/glow (/datum/plant_gene/trait/glow).glow range().
[19:43:02]proc name: New (/obj/structure/glowshroom/New)
[19:43:02]  source file: glowshroom.dm,63
runtime error: 
[19:43:02]Cannot execute /datum/plant_gene/trait/glow (/datum/plant_gene/trait/glow).glow range().
[19:43:02]proc name: New (/obj/structure/glowshroom/New)
[19:43:02]  source file: glowshroom.dm,63
runtime error: 
[19:43:02]Cannot execute /datum/plant_gene/trait/glow (/datum/plant_gene/trait/glow).glow range().
[19:43:02]proc name: New (/obj/structure/glowshroom/New)
[19:43:02]  source file: glowshroom.dm,63
runtime error: 
[19:43:02]Cannot execute /datum/plant_gene/trait/glow (/datum/plant_gene/trait/glow).glow range().
[19:43:02]proc name: New (/obj/structure/glowshroom/New)
[19:43:02]  source file: glowshroom.dm,63
runtime error: 
[19:43:02]Cannot execute /datum/plant_gene/trait/glow (/datum/plant_gene/trait/glow).glow range().
[19:43:02]proc name: New (/obj/structure/glowshroom/New)
[19:43:02]  source file: glowshroom.dm,63
runtime error: 
[19:43:02]Cannot execute /datum/plant_gene/trait/glow (/datum/plant_gene/trait/glow).glow range().
[19:43:02]proc name: New (/obj/structure/glowshroom/New)
[19:43:02]  source file: glowshroom.dm,63
runtime error: 
[19:43:02]Cannot execute /datum/plant_gene/trait/glow (/datum/plant_gene/trait/glow).glow range().
[19:43:02]proc name: New (/obj/structure/glowshroom/New)
[19:43:02]  source file: glowshroom.dm,63
Loaded station in 128.7s!
Ruin "Hierophant's Arena" placed at (126, 137, 5)
Ruin "Blood-Drunk Miner" placed at (199, 117, 5)
Ruin "Ruin of Sloth" placed at (175, 216, 5)
Ruin loader gave up with 1 left to spend.
Ruin "Waylaid Buses" placed at (88, 218, 10)
Initialized Mapping subsystem within 137.9 seconds!
runtime error: 
[19:43:13]Cannot read null.martial_art
[19:43:13]proc name: teach (/datum/martial_art/proc/teach)
[19:43:13]  source file: martial.dm,79
runtime error: 
[19:43:14]Cannot read null.martial_art
[19:43:14]proc name: remove (/datum/martial_art/proc/remove)
[19:43:14]  source file: martial.dm,101
runtime error: 
[19:43:14]Cannot execute null.add reagent().
[19:43:14]proc name: Initialize (/obj/effect/decal/cleanable/blood/gibs/Initialize)
[19:43:14]  source file: humans.dm,57
runtime error: 
[19:43:14]Cannot execute null.add reagent().
[19:43:14]proc name: Initialize (/obj/effect/decal/cleanable/blood/gibs/Initialize)
[19:43:14]  source file: humans.dm,57
runtime error: 
[19:43:14]Cannot execute null.add reagent().
[19:43:14]proc name: Initialize (/obj/effect/decal/cleanable/blood/gibs/Initialize)
[19:43:14]  source file: humans.dm,57
runtime error: 
[19:43:14]Cannot execute null.add reagent().
[19:43:14]proc name: Initialize (/obj/effect/decal/cleanable/blood/gibs/Initialize)
[19:43:14]  source file: humans.dm,57
runtime error: 
[19:43:15]Cannot execute null.add reagent().
[19:43:15]proc name: Initialize (/obj/effect/decal/cleanable/oil/Initialize)
[19:43:15]  source file: robots.dm,52
runtime error: 
[19:43:15]Cannot execute null.add reagent().
[19:43:15]proc name: Initialize (/obj/effect/decal/cleanable/oil/Initialize)
[19:43:15]  source file: robots.dm,52
runtime error: 
[19:43:19]Cannot execute null.add reagent().
[19:43:19]proc name: Initialize (/obj/effect/decal/cleanable/oil/Initialize)
[19:43:19]  source file: robots.dm,52
runtime error: 
[19:43:19]Cannot execute null.add reagent().
[19:43:19]proc name: Initialize (/obj/effect/decal/cleanable/oil/Initialize)
[19:43:19]  source file: robots.dm,52
runtime error: 
[19:43:19]Cannot execute null.add reagent().
[19:43:19]proc name: Initialize (/obj/effect/decal/cleanable/oil/Initialize)
[19:43:19]  source file: robots.dm,52
runtime error: 
[19:43:19]Cannot execute null.add reagent().
[19:43:19]proc name: Initialize (/obj/effect/decal/cleanable/blood/gibs/Initialize)
[19:43:19]  source file: humans.dm,57
runtime error: 
[19:43:20]Cannot execute null.add reagent().
[19:43:20]proc name: Initialize (/obj/effect/decal/cleanable/oil/Initialize)
[19:43:20]  source file: robots.dm,52
runtime error: 
[19:43:20]Cannot execute null.add reagent().
[19:43:20]proc name: Initialize (/obj/effect/decal/cleanable/blood/gibs/Initialize)
[19:43:20]  source file: humans.dm,57
runtime error: 
[19:43:20]Cannot execute null.add reagent().
[19:43:20]proc name: Initialize (/obj/effect/decal/cleanable/oil/Initialize)
[19:43:20]  source file: robots.dm,52
runtime error: 
[19:43:20]Cannot execute null.add reagent().
[19:43:20]proc name: Initialize (/obj/effect/decal/cleanable/blood/gibs/Initialize)
[19:43:20]  source file: humans.dm,57
runtime error: 
[19:43:21]Cannot execute null.add reagent().
[19:43:21]proc name: Initialize (/obj/effect/decal/cleanable/oil/Initialize)
[19:43:21]  source file: robots.dm,52
runtime error: 
[19:43:21]Cannot execute null.add reagent().
[19:43:21]proc name: Initialize (/obj/effect/decal/cleanable/oil/Initialize)
[19:43:21]  source file: robots.dm,52
runtime error: 
[19:43:21]Cannot execute null.add reagent().
[19:43:21]proc name: Initialize (/obj/effect/decal/cleanable/oil/Initialize)
[19:43:21]  source file: robots.dm,52
runtime error: 
[19:43:21]Cannot execute null.add reagent().
[19:43:21]proc name: Initialize (/obj/effect/decal/cleanable/oil/Initialize)
[19:43:21]  source file: robots.dm,52
runtime error: 
[19:43:21]Cannot execute null.add reagent().
[19:43:21]proc name: Initialize (/obj/effect/decal/cleanable/oil/Initialize)
[19:43:21]  source file: robots.dm,52
runtime error: 
[19:43:21]Cannot execute null.add reagent().
[19:43:21]proc name: Initialize (/obj/effect/decal/cleanable/oil/Initialize)
[19:43:21]  source file: robots.dm,52
runtime error: 
[19:43:21]Cannot execute null.add reagent().
[19:43:21]proc name: Initialize (/obj/effect/decal/cleanable/oil/Initialize)
[19:43:21]  source file: robots.dm,52
runtime error: 
[19:43:22]Cannot execute null.add reagent().
[19:43:22]proc name: Initialize (/obj/effect/decal/cleanable/oil/Initialize)
[19:43:22]  source file: robots.dm,52
runtime error: 
[19:43:22]Cannot execute null.add reagent().
[19:43:22]proc name: Initialize (/obj/effect/decal/cleanable/oil/Initialize)
[19:43:22]  source file: robots.dm,52
runtime error: 
[19:43:22]Cannot execute null.add reagent().
[19:43:22]proc name: Initialize (/obj/effect/decal/cleanable/oil/Initialize)
[19:43:22]  source file: robots.dm,52
runtime error: 
[19:43:22]Cannot execute null.add reagent().
[19:43:22]proc name: Initialize (/obj/effect/decal/cleanable/oil/Initialize)
[19:43:22]  source file: robots.dm,52
runtime error: 
[19:43:22]Cannot execute null.add reagent().
[19:43:22]proc name: Initialize (/obj/effect/decal/cleanable/oil/Initialize)
[19:43:22]  source file: robots.dm,52
runtime error: 
[19:43:23]Cannot execute null.add reagent().
[19:43:23]proc name: Initialize (/obj/effect/decal/cleanable/oil/Initialize)
[19:43:23]  source file: robots.dm,52
runtime error: 
[19:43:23]Cannot execute null.add reagent().
[19:43:23]proc name: Initialize (/obj/effect/decal/cleanable/oil/Initialize)
[19:43:23]  source file: robots.dm,52
runtime error: 
[19:43:24]Cannot execute null.add reagent().
[19:43:24]proc name: Initialize (/obj/effect/decal/cleanable/oil/Initialize)
[19:43:24]  source file: robots.dm,52
runtime error: 
[19:43:24]Cannot execute null.add reagent().
[19:43:24]proc name: Initialize (/obj/effect/decal/cleanable/oil/Initialize)
[19:43:24]  source file: robots.dm,52
runtime error: 
[19:43:24]Cannot execute null.add reagent().
[19:43:24]proc name: Initialize (/obj/effect/decal/cleanable/oil/Initialize)
[19:43:24]  source file: robots.dm,52
runtime error: 
[19:43:24]Cannot execute null.add reagent().
[19:43:24]proc name: Initialize (/obj/effect/decal/cleanable/oil/Initialize)
[19:43:24]  source file: robots.dm,52
runtime error: 
[19:43:24]Cannot execute null.add reagent().
[19:43:24]proc name: Initialize (/obj/effect/decal/cleanable/oil/Initialize)
[19:43:24]  source file: robots.dm,52
runtime error: 
[19:43:25]Cannot execute null.add reagent().
[19:43:25]proc name: Initialize (/obj/effect/decal/cleanable/oil/Initialize)
[19:43:25]  source file: robots.dm,52
runtime error: 
[19:43:26]Cannot execute null.add reagent().
[19:43:26]proc name: Initialize (/obj/effect/decal/cleanable/oil/Initialize)
[19:43:26]  source file: robots.dm,52
runtime error: 
[19:43:26]Cannot execute null.add reagent().
[19:43:26]proc name: Initialize (/obj/effect/decal/cleanable/oil/Initialize)
[19:43:26]  source file: robots.dm,52
runtime error: 
[19:43:26]Cannot execute null.add reagent().
[19:43:26]proc name: Initialize (/obj/effect/decal/cleanable/oil/Initialize)
[19:43:26]  source file: robots.dm,52
runtime error: 
[19:43:26]Cannot execute null.add reagent().
[19:43:26]proc name: Initialize (/obj/effect/decal/cleanable/oil/Initialize)
[19:43:26]  source file: robots.dm,52
runtime error: 
[19:43:26]Cannot execute null.add reagent().
[19:43:26]proc name: Initialize (/obj/effect/decal/cleanable/oil/Initialize)
[19:43:26]  source file: robots.dm,52
runtime error: 
[19:43:26]Cannot execute null.add reagent().
[19:43:26]Warning: further proc crash messages are being suppressed to prevent overload...
runtime error: 
[19:43:26]Cannot execute null.add reagent().
runtime error: 
[19:43:26]Cannot execute null.add reagent().
runtime error: 
[19:43:27]Cannot execute null.add reagent().
runtime error: 
[19:43:28]Cannot execute null.add reagent().
runtime error: 
[19:43:28]Cannot execute null.add reagent().
runtime error: 
[19:43:29]Cannot execute null.add reagent().
runtime error: 
[19:43:29]Cannot execute null.add reagent().
runtime error: 
[19:43:29]Cannot execute null.add reagent().
runtime error: 
[19:43:30]Cannot execute null.add reagent().
runtime error: 
[19:43:30]Cannot execute null.add reagent().
runtime error: 
[19:43:30]Cannot execute null.add reagent().
runtime error: 
[19:43:31]Cannot execute null.add reagent().
runtime error: 
[19:43:31]Cannot execute null.add reagent().
runtime error: 
[19:43:33]Cannot execute null.add reagent().
runtime error: 
[19:43:33]Cannot execute null.add reagent().
runtime error: 
[19:43:33]Cannot execute null.add reagent().
runtime error: 
[19:43:33]Cannot execute null.add reagent().
runtime error: 
[19:43:33]Cannot execute null.add reagent().
runtime error: 
[19:43:36]Undefined variable /obj/item/rupee/var/swimming

runtime error: 
[19:43:36]Undefined variable /obj/item/rupee/var/swimming

runtime error: 
[19:43:36]Undefined variable /obj/item/rupee/var/swimming

runtime error: 
[19:43:36]Undefined variable /obj/structure/signpost/salvation/var/swimming

runtime error: 
[19:43:36]Undefined variable /obj/item/rupee/var/swimming

runtime error: 
[19:43:36]Undefined variable /obj/item/rupee/var/swimming

runtime error: 
[19:43:36]Undefined variable /obj/item/rupee/var/swimming

runtime error: 
[19:43:36]Undefined variable /obj/item/rupee/var/swimming

runtime error: 
[19:43:36]Undefined variable /obj/item/rupee/var/swimming

runtime error: 
[19:43:36]Undefined variable /obj/item/rupee/var/swimming

runtime error: 
[19:43:36]Undefined variable /obj/effect/landmark/error/var/swimming

runtime error: 
[19:43:37]Undefined variable /obj/item/rupee/var/swimming

runtime error: 
[19:43:37]Undefined variable /obj/item/rupee/var/swimming

runtime error: 
[19:43:37]Undefined variable /obj/item/rupee/var/swimming

runtime error: 
[19:43:37]Undefined variable /obj/item/rupee/var/swimming

runtime error: 
[19:43:37]Undefined variable /obj/item/rupee/var/swimming

runtime error: 
[19:43:37]Undefined variable /obj/item/rupee/var/swimming

runtime error: 
[19:43:37]Undefined variable /obj/item/rupee/var/swimming

runtime error: 
[19:43:37]Undefined variable /obj/item/rupee/var/swimming

runtime error: 
[19:43:37]Undefined variable /obj/item/rupee/var/swimming

runtime error: 
[19:43:37]Undefined variable /obj/item/rupee/var/swimming

runtime error: 
[19:43:37]Undefined variable /obj/item/rupee/var/swimming

runtime error: 
[19:43:37]Undefined variable /obj/item/rupee/var/swimming

runtime error: 
[19:43:37]Undefined variable /obj/item/rupee/var/swimming

runtime error: 
[19:43:37]Undefined variable /obj/item/rupee/var/swimming

runtime error: 
[19:43:37]Undefined variable /obj/item/rupee/var/swimming

runtime error: 
[19:43:37]Undefined variable /obj/item/rupee/var/swimming

runtime error: 
[19:43:37]Undefined variable /obj/item/rupee/var/swimming

runtime error: 
[19:43:37]Undefined variable /obj/item/rupee/var/swimming

runtime error: 
[19:43:37]Undefined variable /obj/item/rupee/var/swimming

runtime error: 
[19:43:37]Undefined variable /obj/item/rupee/var/swimming

runtime error: 
[19:43:37]Undefined variable /obj/item/rupee/var/swimming

runtime error: 
[19:43:37]Undefined variable /obj/item/rupee/var/swimming

runtime error: 
[19:43:37]Undefined variable /obj/item/rupee/var/swimming

runtime error: 
[19:43:37]Undefined variable /obj/item/rupee/var/swimming

runtime error: 
[19:43:37]Undefined variable /obj/item/rupee/var/swimming

runtime error: 
[19:43:37]Undefined variable /obj/item/rupee/var/swimming

runtime error: 
[19:43:37]Undefined variable /obj/item/rupee/var/swimming

runtime error: 
[19:43:37]Undefined variable /obj/item/rupee/var/swimming

runtime error: 
[19:43:37]Undefined variable /obj/item/rupee/var/swimming

runtime error: 
[19:43:37]Undefined variable /obj/item/rupee/var/swimming

runtime error: 
[19:43:37]Undefined variable /obj/item/rupee/var/swimming

runtime error: 
[19:43:37]Undefined variable /obj/item/rupee/var/swimming

runtime error: 
[19:43:37]Undefined variable /obj/item/rupee/var/swimming

runtime error: 
[19:43:37]Undefined variable /obj/item/rupee/var/swimming

runtime error: 
[19:43:37]Undefined variable /obj/item/rupee/var/swimming

runtime error: 
[19:43:37]Undefined variable /obj/item/rupee/var/swimming

runtime error: 
[19:43:37]Undefined variable /obj/structure/speaking_tile/var/swimming

runtime error: 
[19:43:37]Undefined variable /obj/machinery/abductor/gland_dispenser/var/swimming

runtime error: 
[19:43:38]Undefined variable /obj/structure/table/abductor/var/swimming

runtime error: 
[19:43:38]Undefined variable /obj/item/surgicaldrill/alien/var/swimming

runtime error: 
[19:43:38]undefined proc or verb /mob/living/simple_animal/bot/medbot/mysterious/remove overlay().

runtime error: 
[19:43:39]undefined proc or verb /mob/living/simple_animal/hostile/creature/remove overlay().

runtime error: 
[19:43:39]undefined proc or verb /mob/living/simple_animal/hostile/carp/cayenne/remove overlay().

runtime error: 
[19:43:40]undefined proc or verb /mob/dead/new_player/remove overlay().

runtime error: 
[19:43:40]undefined proc or verb /mob/dead/new_player/remove overlay().

