

Starting up round ID . 15:29:30
---------------------
[15:29:30]ADMIN: Loading Banlist
[15:29:30]ACCESS: Login: AlcaroIsAFrick from 127.0.0.1-1817465521 || BYOND v511
[15:29:30]ACCESS: Mob Login: AlcaroIsAFrick/(AlcaroIsAFrick) was assigned to a /mob/dead/new_player
[15:29:32]GAME: Saved mode is 'sandbox'
[15:29:37]ACCESS: Logout: AlcaroIsAFrick/(AlcaroIsAFrick)
[15:29:41]ACCESS: Login: AlcaroIsAFrick from 127.0.0.1-1817465521 || BYOND v511
[15:29:41]ACCESS: Mob Login: AlcaroIsAFrick/(AlcaroIsAFrick) was assigned to a /mob/dead/new_player
[15:30:21]GAME: Hierophant's Arena loaded at at 149,134,5
[15:30:21]GAME: Free Golem Ship loaded at at 132,173,5
[15:30:21]GAME: Blood-Drunk Miner loaded at at 124,53,5
[15:30:21]GAME: Biodome Beach loaded at at 115,85,5
[15:30:21]GAME: The Wishgranter Cube loaded at at 57,112,5
[15:30:21]GAME: Xenomorph Nest loaded at at 70,180,5
[15:30:21]GAME: Ruin of Sloth loaded at at 99,116,5
[15:30:21]GAME: Ruined Pizza Party loaded at at 89,128,5
[15:30:22]GAME: Biological Storage Facility loaded at at 126,130,4
[15:30:22]GAME: Empty Shell loaded at at 77,119,7
[15:30:23]GAME: Abandoned Telecommunications Satellite loaded at at 50,43,9
[15:30:23]GAME: Gondoland loaded at at 74,75,7
[15:30:23]GAME: Detached Teleporter loaded at at 165,215,9
[15:30:24]GAME: The Twin-Nexus Hotel loaded at at 122,86,8
[15:30:26]GAME: Derelict Tradepost loaded at at 185,146,11
[15:30:26]GAME: Derelict 1 loaded at at 36,38,10
[15:30:26]GAME: Waylaid Buses loaded at at 172,128,3
[15:30:26]GAME: Aesthetic Outpost loaded at at 199,41,4
[15:30:26]GAME: Derelict 4 loaded at at 63,135,3
[15:30:28]GAME: Kosmicheskaya Stantsiya 13 loaded at at 79,43,10
[15:30:28]GAME: DJ Station loaded at at 211,181,9
[15:30:28]GAME: Unnamed Turreted Outpost loaded at at 50,177,7
[15:30:28]GAME: Dinner for Two loaded at at 64,188,3
[15:30:28]GAME: Asteroid 5 loaded at at 32,136,10
[15:34:12]SAY: mouse/ : Squeek! (93,113,2)
[15:34:14]EMOTE: *no key*/(Lizard) : <b>Lizard</b> stops moving... (180,139,3)
[15:34:16]SAY: Officer Beepsky/ : Engaging patrol mode. (193,130,2)
[15:34:16]SAY: Prison Ofitser/ : Engaging patrol mode. (23,36,5)
[15:34:16]SAY: Prison Ofitser/ : Disengaging patrol mode. (23,36,5)
[15:34:20]EMOTE: *no key*/(Ian) : <b>Ian</b> shivers. (144,122,2)
[15:34:22]EMOTE: *no key*/(monkey (77)) : <b>The monkey (77)</b> waves her tail. (195,59,2)
[15:34:22]SAY: Poly/ : Poly wanna cracker! (87,129,2)
[15:34:27]SAY: Renault/ : Geckers (158,133,2)
[15:34:32]EMOTE: *no key*/(grey baby slime (375)) : <b>The grey baby slime (375)</b> bounces in place. (110,103,2)
[15:34:33]EMOTE: *no key*/(Ian) : <b>Ian</b> yaps. (144,121,2)
[15:34:39]SAY: mouse/ : Squeek! (209,171,2)
[15:34:42]EMOTE: *no key*/(crab) : <b>The crab</b> clacks. (139,103,5)
[15:34:44]EMOTE: *no key*/(Poly) : <b>Poly</b> turns and flies towards the folder. (89,130,2)
[15:34:46]EMOTE: *no key*/(crab) : <b>The crab</b> clicks. (119,97,5)
[15:34:54]SAY: mouse/ : SQUEEK! (193,73,2)
[15:35:00]SAY: emergency medibot/ : What kind of medbay is this? Everyone&#39;s dropping like flies. (222,84,1)
[15:35:13]SAY: Accidents Happen/ : I knew it, I should&#39;ve been a plastic surgeon. (158,122,8)
[15:35:13]EMOTE: *no key*/(mouse) : <b>The mouse</b> shakes. (203,167,2)
[15:35:20]EMOTE: *no key*/(Ian) : <b>Ian</b> chases its tail! (144,121,2)
[15:35:25]SAY: mouse/ : SQUEEK! (165,123,2)
[15:35:36]SAY: Poly/ : Twice the calories for half the price! (87,131,2)
[15:35:39]EMOTE: *no key*/(Deempisi's Revenge V) : <b>Deempisi's Revenge V</b> jumps! (145,156,2)
[15:35:51]EMOTE: *no key*/(monkey (696)) : <b>The monkey (696)</b> jumps! (191,58,2)
[15:35:51]EMOTE: *no key*/(monkey (58)) : <b>The monkey (58)</b> waves her tail. (167,79,2)
[15:35:54]EMOTE: *no key*/(crab) : <b>The crab</b> clacks. (139,103,5)
[15:35:59]EMOTE: *no key*/(mouse) : <b>The mouse</b> runs in a circle. (28,132,2)
[15:36:09]EMOTE: *no key*/(mouse) : <b>The mouse</b> runs in a circle. (164,123,2)
[15:36:11]EMOTE: *no key*/(Poly) : <b>Poly</b> squawks. (87,131,2)
[15:36:15]EMOTE: *no key*/(Poly) : <b>Poly</b> flutters its wings. (87,131,2)
[15:36:17]EMOTE: *no key*/(Poly) : <b>Poly</b> looks in the BreatheDeep cartridge's direction and takes flight. (87,131,2)
[15:36:33]EMOTE: *no key*/(Runtime) : <b>Runtime</b> stretches out for a belly rub. (175,80,2)
[15:36:41]EMOTE: *no key*/(mouse) : <b>The mouse</b> squeeks. (79,210,2)
[15:36:45]EMOTE: *no key*/(Runtime) : <b>Runtime</b> stops resting. (175,80,2)
[15:36:46]EMOTE: *no key*/(crab) : <b>The crab</b> clacks. (140,103,5)
[15:36:53]EMOTE: *no key*/(grey baby slime (375)) : <b>The grey baby slime (375)</b> lights up for a bit, then stops. (110,103,2)
[15:36:54]EMOTE: *no key*/(mouse) : <b>The mouse</b> squeeks. (186,121,2)
[15:36:58]SAY: mouse/ : SQUEEK! (94,112,2)
[15:37:05]EMOTE: *no key*/(Runtime) : <b>Runtime</b> twitches its whiskers. (177,80,2)
[15:37:05]EMOTE: *no key*/(Ian) : <b>Ian</b> chases its tail! (144,121,2)
[15:37:06]EMOTE: *no key*/(mouse) : <b>The mouse</b> shakes. (194,73,2)
[15:37:07]EMOTE: *no key*/(Ian) : <b>Ian</b> dances around. (144,121,2)
[15:37:09]EMOTE: *no key*/(Deempisi's Revenge V) : <b>Deempisi's Revenge V</b> jumps! (146,158,2)
[15:37:14]EMOTE: *no key*/(Poly) : <b>Poly</b> looks in the BreatheDeep cartridge's direction and takes flight. (87,131,2)
[15:37:35]EMOTE: *no key*/(Runtime) : <b>Runtime</b> crouches on its hind legs. (177,81,2)
[15:37:35]EMOTE: *no key*/(pug) : <b>Swanson</b> chases its tail. (113,82,2)
[15:37:42]SAY: mouse/ : Squeek? (94,110,2)
[15:37:42]EMOTE: *no key*/(crab) : <b>The crab</b> clicks. (138,103,5)
[15:38:00]EMOTE: *no key*/(Poly) : <b>Poly</b> squawks. (87,131,2)
[15:38:04]EMOTE: *no key*/(crab) : <b>The crab</b> clacks. (140,103,5)
[15:38:06]EMOTE: *no key*/(mouse) : <b>The mouse</b> shakes. (28,128,2)
[15:38:10]EMOTE: *no key*/(Poly) : <b>Poly</b> looks in the BreatheDeep cartridge's direction and takes flight. (87,131,2)
[15:38:19]EMOTE: *no key*/(grey baby slime (981)) : <b>The grey baby slime (981)</b> lights up for a bit, then stops. (120,102,2)
[15:38:21]EMOTE: *no key*/(Ian) : <b>Ian</b> barks! (144,122,2)
[15:38:27]SAY: Medibot/ : Radar, put a mask on! (154,73,1)
[15:38:35]SAY: mouse/ : SQUEEK! (94,111,2)
[15:38:43]EMOTE: *no key*/(monkey (664)) : <b>The monkey (664)</b> jumps! (167,81,2)
[15:38:51]EMOTE: *no key*/(monkey (664)) : <b>The monkey (664)</b> scratches. (167,80,2)
[15:38:53]EMOTE: *no key*/(pug) : <b>Swanson</b> chases its tail. (113,84,2)
[15:38:55]EMOTE: *no key*/(mouse) : <b>The mouse</b> squeeks. (163,123,2)
[15:38:57]SAY: mouse/ : SQUEEK! (207,170,2)
[15:38:59]EMOTE: *no key*/(Poly) : <b>Poly</b> flutters its wings. (87,131,2)
[15:39:07]EMOTE: *no key*/(monkey (58)) : <b>The monkey (58)</b> scratches. (167,80,2)
[15:39:09]SAY: Ian/ : Woof! (144,122,2)
[15:39:11]SAY: mouse/ : SQUEEK! (85,211,2)
[15:39:11]EMOTE: *no key*/(Poly) : <b>Poly</b> looks in the BreatheDeep cartridge's direction and takes flight. (87,131,2)
[15:39:11]GAME: Random Event triggering: Minor Space Dust (/datum/round_event/space_dust)
[15:39:29]EMOTE: *no key*/(mouse) : <b>The mouse</b> squeeks. (208,170,2)
[15:39:31]SAY: Medibot/ : Radar, put a mask on! (155,73,1)
[15:39:31]EMOTE: *no key*/(Deempisi's Revenge V) : <b>Deempisi's Revenge V</b> scratches. (149,159,2)
[15:39:33]EMOTE: *no key*/(Poly) : <b>Poly</b> flutters its wings. (87,131,2)
[15:39:33]EMOTE: *no key*/(grey baby slime (981)) : <b>The grey baby slime (981)</b> lights up for a bit, then stops. (120,102,2)
[15:39:35]SAY: Nobody's Perfect/ : Radar, put a mask on! (24,75,1)
[15:39:45]EMOTE: *no key*/(Citrus) : <b>Citrus</b> dozes off. (181,159,2)
[15:40:03]SAY: grey baby slime (981)/ : Blop... (120,103,2)
[15:40:07]SAY: mouse/ : Squeek? (201,120,2)
[15:40:07]EMOTE: *no key*/(Poly) : <b>Poly</b> looks in the chief engineer's rubber stamp's direction and takes flight. (87,131,2)
[15:40:09]EMOTE: *no key*/(mouse) : <b>The mouse</b> runs in a circle. (207,164,2)
[15:40:12]EMOTE: *no key*/(Runtime) : <b>Runtime</b> looks alert. (177,81,2)
[15:40:35]EMOTE: *no key*/(mouse) : <b>The mouse</b> squeeks. (188,121,2)
[15:40:41]EMOTE: *no key*/(monkey (696)) : <b>The monkey (696)</b> jumps! (192,58,2)
[15:40:47]EMOTE: *no key*/(Renault) : <b>Renault</b> howls. (164,135,2)
[15:40:51]EMOTE: *no key*/(Runtime) : <b>Runtime</b> sits down. (177,81,2)
[15:41:03]SAY: Medibot/ : Radar, put a mask on! (154,73,1)
[15:41:03]EMOTE: *no key*/(Poly) : <b>Poly</b> looks in the Cohiba Robusto cigar's direction and takes flight. (87,131,2)
[15:41:12]EMOTE: *no key*/(Runtime) : <b>Runtime</b> stops resting. (177,81,2)
[15:41:17]SAY: mouse/ : SQUEEK! (95,114,2)
[15:41:21]EMOTE: *no key*/(monkey (355)) : <b>The monkey (355)</b> waves his tail. (192,58,2)
[15:41:24]EMOTE: *no key*/(monkey (696)) : <b>The monkey (696)</b> rolls. (192,59,2)
[15:41:25]SAY: emergency medibot/ : There&#39;s always a catch, and I&#39;m the best there is. (222,84,1)
[15:41:35]SAY: Renault/ : Ack-Ack-Ack-Ackawoooo (162,133,2)
[15:41:45]EMOTE: *no key*/(Citrus) : <b>Citrus</b> dozes off. (179,160,2)
[15:41:51]SAY: emergency medibot/ : There&#39;s always a catch, and I&#39;m the best there is. (222,84,1)
[15:41:53]SAY: Medibot/ : Radar, put a mask on! (154,73,1)
[15:41:57]EMOTE: *no key*/(crab) : <b>The crab</b> clicks. (129,133,4)
[15:42:00]EMOTE: *no key*/(grey baby slime (981)) : <b>The grey baby slime (981)</b> bounces in place. (119,101,2)
[15:42:02]EMOTE: *no key*/(Deempisi's Revenge V) : <b>Deempisi's Revenge V</b> jumps! (147,160,2)
[15:42:04]EMOTE: *no key*/(Runtime) : <b>Runtime</b> lies down. (177,81,2)
[15:42:12]EMOTE: *no key*/(Poly) : <b>Poly</b> looks in the Cohiba Robusto cigar's direction and takes flight. (87,131,2)
[15:42:16]SAY: Poly/ : Try our new nougat bar! (88,131,2)
[15:42:42]EMOTE: *no key*/(grey baby slime (981)) : <b>The grey baby slime (981)</b> vibrates! (120,102,2)
[15:42:56]EMOTE: *no key*/(Runtime) : <b>Runtime</b> walks around. (177,81,2)
[15:42:56]EMOTE: *no key*/(mouse) : <b>The mouse</b> runs in a circle. (100,117,2)
[15:43:00]SAY: mouse/ : Squeek! (99,117,2)
[15:43:04]EMOTE: *no key*/(mouse) : <b>The mouse</b> runs in a circle. (201,122,2)
[15:43:04]SAY: Renault/ : Geckers (161,135,2)
[15:43:08]EMOTE: *no key*/(mouse) : <b>The mouse</b> shakes. (94,112,2)
[15:43:08]EMOTE: *no key*/(Poly) : <b>Poly</b> looks in the premium Havanian cigar's direction and takes flight. (87,131,2)
[15:43:14]SAY: mouse/ : Squeek? (28,129,2)
[15:43:16]SAY: Poly/ : Twice the calories for half the price! (87,131,2)
[15:43:26]EMOTE: *no key*/(Runtime) : <b>Runtime</b> stretches out for a belly rub. (177,82,2)
[15:43:26]EMOTE: *no key*/(grey baby slime (375)) : <b>The grey baby slime (375)</b> lights up for a bit, then stops. (111,101,2)
[15:43:40]SAY: Poly/ : Try our new nougat bar! (87,131,2)
[15:43:42]EMOTE: *no key*/(mouse) : <b>The mouse</b> shakes. (98,119,2)
[15:43:48]EMOTE: *no key*/(pug) : <b>Swanson</b> chases its tail. (112,87,2)
[15:44:01]SAY: mouse/ : Squeek! (166,123,2)
[15:44:01]SAY: Poly/ : Don&#39;t believe the reports - smoke today! (87,131,2)
[15:44:05]EMOTE: *no key*/(Poly) : <b>Poly</b> looks in the premium cigar's direction and takes flight. (87,131,2)
[15:44:09]SAY: Poly/ : Try our new nougat bar! (88,132,2)
[15:44:12]EMOTE: *no key*/(monkey (664)) : <b>The monkey (664)</b> waves his tail. (167,81,2)
[15:44:15]SAY: mouse/ : Squeek! (95,114,2)
[15:44:33]SAY: mouse/ : SQUEEK! (165,123,2)
[15:44:33]EMOTE: *no key*/(crab) : <b>The crab</b> clacks. (122,97,5)
[15:44:35]EMOTE: *no key*/(mouse) : <b>The mouse</b> shakes. (165,123,2)
[15:44:35]SAY: Poly/ : Don&#39;t believe the reports - smoke today! (87,131,2)
[15:44:44]EMOTE: *no key*/(Runtime) : <b>Runtime</b> wags its tail. (177,82,2)
[15:44:46]EMOTE: *no key*/(monkey (696)) : <b>The monkey (696)</b> waves his tail. (194,59,2)
[15:45:04]EMOTE: *no key*/(Runtime) : <b>Runtime</b> lies down. (177,82,2)
[15:45:07]GAME: Random Event triggering: Minor Space Dust (/datum/round_event/space_dust)
[15:45:12]ACCESS: Logout: AlcaroIsAFrick/(AlcaroIsAFrick)
