

Starting up round ID . 20:15:40
---------------------
[20:15:40]ADMIN: Loading Banlist
[20:15:41]ACCESS: Login: AlcaroIsAFrick from 127.0.0.1-1817465521 || BYOND v511
[20:15:41]ACCESS: Mob Login: AlcaroIsAFrick/(AlcaroIsAFrick) was assigned to a /mob/dead/new_player
[20:15:42]GAME: Saved mode is 'sandbox'
[20:15:42]ACCESS: Login: Emanresu123 from 184.89.151.44-16551276 || BYOND v512
[20:15:43]ACCESS: Mob Login: Emanresu123/(Emanresu123) was assigned to a /mob/dead/new_player
[20:16:20]GAME: Hierophant's Arena loaded at at 185,147,5
[20:16:20]GAME: Survival Capsule Ruins loaded at at 162,135,5
[20:16:20]GAME: UFO Crash loaded at at 109,43,5
[20:16:20]GAME: Crashed Shuttle loaded at at 214,23,5
[20:16:20]GAME: UFO Crash loaded at at 144,124,5
[20:16:20]GAME: Ruin of Gluttony loaded at at 144,70,5
[20:16:20]GAME: Survival Capsule Ruins loaded at at 203,175,5
[20:16:21]GAME: Blood-Drunk Miner (Hunter) loaded at at 182,81,5
[20:16:21]GAME: Biodome Winter loaded at at 116,157,5
[20:16:21]GAME: Ruin of Sloth loaded at at 154,196,5
[20:16:21]GAME: Fountain Hall loaded at at 173,40,5
[20:16:21]GAME: Derelict 6 loaded at at 71,202,7
[20:16:21]GAME: Gondoland loaded at at 84,49,11
[20:16:21]GAME: Crashed Clown Ship loaded at at 173,214,11
[20:16:22]GAME: Strange Ship loaded at at 92,91,7
[20:16:22]GAME: DK Excavator 453 loaded at at 169,124,8
[20:16:22]GAME: Asteroid 4 loaded at at 148,110,8
[20:16:22]GAME: Abandoned Teleporter loaded at at 60,192,7
[20:16:22]GAME: Aesthetic Outpost loaded at at 206,186,9
[20:16:22]GAME: Derelict 5 loaded at at 39,127,11
[20:16:22]GAME: Biological Storage Facility loaded at at 154,83,10
[20:16:24]GAME: Derelict Tradepost loaded at at 161,97,4
[20:16:24]GAME: Dinner for Two loaded at at 163,168,11
[20:16:24]GAME: DJ Station loaded at at 176,51,11
[20:16:25]GAME: Ancient Space Station loaded at at 44,119,4
[20:16:25]GAME: Asteroid 5 loaded at at 26,64,11
[20:16:25]GAME: Detached Teleporter loaded at at 126,193,9
[20:17:13]ADMIN: AlcaroIsAFrick/(AlcaroIsAFrick) modified Space Station 13's icon to from config/title_screens/images/alberto.gif to oh wow.PNG
[20:17:21]ACCESS: Login: V.E.G.A12 from 173.190.14.77-1034625884 || BYOND v512
[20:17:21]ACCESS: Mob Login: V.E.G.A12/(V.E.G.A12) was assigned to a /mob/dead/new_player
[20:18:09]ADMIN: AlcaroIsAFrick/(AlcaroIsAFrick) modified Space Station 13's icon to from oh wow.PNG to config/title_screens/images/alberto.gif
[20:19:05]ACCESS: Mob Login: AlcaroIsAFrick/(Carlito) was assigned to a /mob/living/carbon/human
[20:19:09]ACCESS: Mob Login: V.E.G.A12/(ghost) was assigned to a /mob/dead/observer
[20:19:11]ACCESS: Mob Login: Emanresu123/(ghost) was assigned to a /mob/dead/observer
[20:19:14]SAY: Officer Beepsky/ : Engaging patrol mode. (193,130,2)
[20:19:14]SAY: Prison Ofitser/ : Engaging patrol mode. (23,36,5)
[20:19:14]SAY: Prison Ofitser/ : Disengaging patrol mode. (23,36,5)
[20:19:14]SAY: grey baby slime (556)/ : Blop... (114,92,2)
[20:19:23]GAME: Error: /obj/docking_port/stationary/transit([0x2035e88]) took longer than 1 second to delete (took 1.8 seconds to delete)
[20:19:31]EMOTE: *no key*/(grey baby slime (328)) : <b>The grey baby slime (328)</b> bounces in place. (110,103,2)
[20:19:44]EMOTE: *no key*/(Ian) : <b>Ian</b> woofs! (144,122,2)
[20:19:46]SAY: mouse/ : Squeek? (204,164,2)
[20:19:53]EMOTE: *no key*/(pug) : <b>Swanson</b> chases its tail. (114,83,2)
[20:19:56]SAY: Nobody's Perfect/ : I knew it, I should&#39;ve been a plastic surgeon. (24,75,1)
[20:20:01]EMOTE: *no key*/(Runtime) : <b>Runtime</b> wags its tail. (174,79,2)
[20:20:05]EMOTE: *no key*/(Deempisi's Revenge VII) : <b>Deempisi's Revenge VII</b> waves its tail. (144,157,2)
[20:20:05]SAY: Renault/ : Tchoff (159,134,2)
[20:20:12]EMOTE: *no key*/(monkey (514)) : <b>The monkey (514)</b> jumps! (193,58,2)
[20:20:16]EMOTE: *no key*/(mouse) : <b>The mouse</b> runs in a circle. (130,104,2)
[20:20:18]ADMIN: Emanresu123/(Collin Levett) modified The monkey (666)'s color to from  to red
[20:20:23]EMOTE: *no key*/(grey baby slime (556)) : <b>The grey baby slime (556)</b> vibrates! (116,92,2)
[20:20:26]ADMIN: Emanresu123/(Collin Levett) modified The monkey (666)'s light_color to from  to red
[20:20:27]EMOTE: *no key*/(crab) : <b>The crab</b> clicks. (158,86,10)
[20:20:35]ADMIN: Emanresu123/(Collin Levett) modified The monkey (666)'s light_range to from 0 to 3
[20:20:35]EMOTE: *no key*/(Runtime) : <b>Runtime</b> stops resting. (174,79,2)
[20:20:41]ADMIN: Emanresu123/(Collin Levett) modified The monkey (666)'s light_power to from 1 to 100
[20:20:50]SAY: Poly/ : Wire the solars, you lazy bums! (87,130,2)
[20:20:52]EMOTE: *no key*/(grey baby slime (22)) : <b>The grey baby slime (22)</b> bounces in place. (119,101,2)
[20:20:57]SAY: mouse/ : Squeek! (118,107,2)
[20:20:59]EMOTE: *no key*/(Poly) : <b>Poly</b> looks in the BreatheDeep cartridge's direction and takes flight. (87,130,2)
[20:21:02]EMOTE: *no key*/(monkey (691)) : <b>The monkey (691)</b> rolls. (167,82,2)
[20:21:03]SAY: mouse/ : Squeek? (118,107,2)
[20:21:12]EMOTE: *no key*/(monkey (573)) : <b>The monkey (573)</b> scratches. (167,80,2)
[20:21:15]EMOTE: *no key*/(mouse) : <b>The mouse</b> squeeks. (108,90,2)
[20:21:23]EMOTE: *no key*/(monkey (573)) : <b>The monkey (573)</b> jumps! (167,81,2)
[20:21:23]ADMIN: AlcaroIsAFrick/(Carlito) played sound 0D398F48-407C-4D3B-86F1-7126F42B20FE.ogg
[20:21:27]EMOTE: *no key*/(Ian) : <b>Ian</b> dances around. (144,122,2)
[20:21:34]EMOTE: *no key*/(Citrus) : <b>Citrus</b> yawns. (178,161,2)
[20:21:36]SAY: Medibot/ : What kind of medbay is this? Everyone&#39;s dropping like flies. (154,73,1)
[20:21:38]SAY: mouse/ : Squeek? (198,77,2)
[20:21:46]EMOTE: *no key*/(monkey (573)) : <b>The monkey (573)</b> jumps! (167,82,2)
[20:21:49]SAY: Medibot/ : There&#39;s always a catch, and I&#39;m the best there is. (155,73,1)
[20:21:55]EMOTE: *no key*/(Poly) : <b>Poly</b> looks in the BreatheDeep cartridge's direction and takes flight. (87,130,2)
[20:21:58]EMOTE: *no key*/(pug) : <b>Swanson</b> chases its tail. (114,83,2)
[20:22:11]EMOTE: *no key*/(Runtime) : <b>Runtime</b> stretches out for a belly rub. (176,77,2)
[20:22:13]ADMIN: Emanresu123/(Collin Levett) has created a command report: There's been a strange anomaly on the station. It seems to be centered around a monkey in Genetics.
[20:22:14]EMOTE: *no key*/(monkey (471)) : <b>The monkey (471)</b> jumps! (194,59,2)
[20:22:16]EMOTE: *no key*/(Runtime) : <b>Runtime</b> stretches out for a belly rub. (176,77,2)
[20:22:26]EMOTE: *no key*/(Runtime) : <b>Runtime</b> looks alert. (176,77,2)
[20:22:29]SAY: Carlito/AlcaroIsAFrick : Anomaly?? I know What To Do (144,201,2)
[20:22:30]EMOTE: *no key*/(monkey (573)) : <b>The monkey (573)</b> jumps! (167,82,2)
[20:22:30]ADMIN: V.E.G.A12/(Raul Kemble) punished *no key*/(Poly) with Bluespace Artillery Device.
[20:22:30]GAME: Explosion with size (0, 0, 0, 0) in area Chief Engineer's Office (87,130,2)
[20:22:32]EMOTE: *no key*/(monkey (231)) : <b>The monkey (231)</b> waves her tail. (194,58,2)
[20:22:34]SAY: Renault/ : Geckers (161,134,2)
[20:22:37]ADMIN: AlcaroIsAFrick/(Carlito) changed the security level to red
[20:22:38]EMOTE: *no key*/(monkey (691)) : <b>The monkey (691)</b> jumps! (167,81,2)
[20:22:49]SAY: mouse/ : Squeek? (131,108,2)
[20:22:51]ADMIN: Emanresu123/(Collin Levett) modified The monkey (666)'s mob_size to from 2 to 3
[20:22:51]EMOTE: *no key*/(mouse) : <b>The mouse</b> runs in a circle. (108,88,2)
[20:22:53]EMOTE: *no key*/(Poly) : <b>Poly</b> looks in the BreatheDeep cartridge's direction and takes flight. (87,130,2)
[20:22:55]ADMIN: Emanresu123/(Collin Levett) modified The monkey (666)'s resize to from 1 to 1
[20:22:58]SAY: Carlito/AlcaroIsAFrick : bye (161,218,2)
[20:22:59]ADMIN: Emanresu123/(Collin Levett) modified The monkey (666)'s resize to from 1 to 2
[20:22:59]EMOTE: *no key*/(monkey (573)) : <b>The monkey (573)</b> jumps! (167,82,2)
[20:23:02]ADMIN: Emanresu123/(Collin Levett) modified The monkey (666)'s resize to from 1 to 3
[20:23:04]SAY: Carlito/AlcaroIsAFrick : Bye faggots (43,17,13)
[20:23:05]ADMIN: Emanresu123/(Collin Levett) modified The monkey (666)'s resize to from 1 to 2
[20:23:07]ADMIN: Emanresu123/(Collin Levett) modified The monkey (666)'s resize to from 1 to 2
[20:23:09]ADMIN: Emanresu123/(Collin Levett) modified The monkey (666)'s resize to from 1 to 2
[20:23:09]EMOTE: *no key*/(Runtime) : <b>Runtime</b> gets up and meows. (176,77,2)
[20:23:12]EMOTE: *no key*/(pug) : <b>Swanson</b> chases its tail. (113,81,2)
[20:23:13]ADMIN: Emanresu123/(Collin Levett) modified The monkey (666)'s resize to from 1 to 2
[20:23:15]ADMIN: Emanresu123/(Collin Levett) modified The monkey (666)'s resize to from 1 to 2
[20:23:19]ADMIN: Emanresu123/(Collin Levett) modified The monkey (666)'s resize to from 1 to 300
[20:23:19]EMOTE: *no key*/(butterfly) : <b>The butterfly</b> stops moving... (215,189,9)
[20:23:21]GAME: <a href='?priv_msg=alcaroisafrick'>AlcaroIsAFrick</a>/(Carlito) checked the player panel while in game.
[20:23:22]ADMIN: AlcaroIsAFrick/(Carlito) healed / Revived AlcaroIsAFrick/(Carlito).
[20:23:22]ADMIN: AlcaroIsAFrick/(Carlito) healed / Revived AlcaroIsAFrick/(Carlito).
[20:23:24]EMOTE: AlcaroIsAFrick/(Carlito) : <b>Carlito</b> gasps! (164,238,5)
[20:23:25]SAY: Nobody's Perfect/ : Delicious! (24,75,1)
[20:23:27]SAY: mouse/ : SQUEEK! (122,67,2)
[20:23:33]SAY: emergency medibot/ : What kind of medbay is this? Everyone&#39;s dropping like flies. (222,84,1)
[20:23:33]GAME: <a href='?priv_msg=alcaroisafrick'>AlcaroIsAFrick</a>/(Carlito) checked the player panel while in game.
[20:23:34]ADMIN: AlcaroIsAFrick/(Carlito) healed / Revived AlcaroIsAFrick/(Carlito).
[20:23:35]EMOTE: *no key*/(Ian) : <b>Ian</b> woofs! (144,121,2)
[20:23:36]ADMIN: AlcaroIsAFrick/(Carlito) healed / Revived AlcaroIsAFrick/(Carlito).
[20:23:40]EMOTE: *no key*/(Runtime) : <b>Runtime</b> wags its tail. (177,79,2)
[20:23:40]EMOTE: *no key*/(monkey (573)) : <b>The monkey (573)</b> scratches. (167,79,2)
[20:23:49]SAY: Carlito/AlcaroIsAFrick : bye noobs stay on the station im out to lavaland (165,235,5)
[20:23:49]EMOTE: *no key*/(Poly) : <b>Poly</b> looks in the chief engineer's rubber stamp's direction and takes flight. (87,130,2)
[20:23:51]SAY: mouse/ : SQUEEK! (107,90,2)
[20:23:57]ADMIN: AlcaroIsAFrick/(Carlito) spawned /obj/item/pickaxe/drill/jackhammer at (172,233,5)
[20:24:00]EMOTE: *no key*/(grey baby slime (556)) : <b>The grey baby slime (556)</b> lights up for a bit, then stops. (115,91,2)
[20:24:04]ADMIN: AlcaroIsAFrick/(Carlito) modified The sonic jackhammer's digspeed to from 5 to 1
[20:24:07]EMOTE: *no key*/(Poly) : <b>Poly</b> flutters its wings. (87,130,2)
[20:24:08]ADMIN: AlcaroIsAFrick/(Carlito) modified The sonic jackhammer's digspeed to from 1 to 0
[20:24:13]SAY: mouse/ : Squeek? (195,78,2)
[20:24:14]ADMIN: Emanresu123/(Collin Levett) has created a command report: Space is collapsing around the monkey.
[20:24:19]ADMIN: AlcaroIsAFrick/(Carlito) modified The brown shoes's slowdown to from 0 to -3
[20:24:21]EMOTE: *no key*/(mouse) : <b>The mouse</b> shakes. (196,78,2)
[20:24:25]SAY: mouse/ : SQUEEK! (109,89,2)
[20:24:25]EMOTE: *no key*/(pug) : <b>Swanson</b> shakes its head. (116,81,2)
[20:24:28]ADMIN: Emanresu123/(Collin Levett) modified The monkey (666)'s resize to from 1 to -300
[20:24:28]EMOTE: *no key*/(monkey (573)) : <b>The monkey (573)</b> waves his tail. (167,80,2)
[20:24:32]ADMIN: Emanresu123/(Collin Levett) modified The monkey (666)'s resize to from 1 to -300
[20:24:32]EMOTE: *no key*/(monkey (691)) : <b>The monkey (691)</b> scratches. (167,80,2)
[20:24:33]ADMIN: AlcaroIsAFrick/(Carlito) jumped to 190,230,5 in Lavaland Wastes
[20:24:34]ADMIN: V.E.G.A12/(Raul Kemble) deleted the necropolis gate at (127, 244, 5)
[20:24:35]EMOTE: *no key*/(monkey (514)) : <b>The monkey (514)</b> scratches. (191,59,2)
[20:24:36]ADMIN: AlcaroIsAFrick/(Carlito) jumped to 190,225,5 in Lavaland Wastes
[20:24:37]EMOTE: *no key*/(grey baby slime (22)) : <b>The grey baby slime (22)</b> vibrates! (119,102,2)
[20:24:40]ADMIN: Emanresu123/(Collin Levett) has gibbed *no key*/(monkey (666))
[20:24:40]SAY: mouse/ : Squeek! (196,78,2)
[20:24:40]SAY: Runtime/ : Purr! (177,79,2)
[20:24:47]EMOTE: *no key*/(Poly) : <b>Poly</b> looks in the Cohiba Robusto cigar's direction and takes flight. (87,130,2)
[20:24:51]GAME: <a href='?priv_msg=alcaroisafrick'>AlcaroIsAFrick</a>/(Carlito) checked the player panel while in game.
[20:24:52]ADMIN: AlcaroIsAFrick/(Carlito) healed / Revived AlcaroIsAFrick/(Carlito).
[20:24:53]SAY: mouse/ : Squeek? (196,78,2)
[20:24:53]ADMIN: Emanresu123/(Collin Levett) spawned /obj/effect/anomaly/bluespace at (167,81,2)
[20:24:54]ADMIN: AlcaroIsAFrick/(Carlito) jumped to 150,146,5 in Lavaland Wastes
[20:25:00]GAME: <a href='?priv_msg=alcaroisafrick'>AlcaroIsAFrick</a>/(Carlito) checked the player panel while in game.
[20:25:00]ADMIN: AlcaroIsAFrick/(Carlito) healed / Revived AlcaroIsAFrick/(Carlito).
[20:25:01]ADMIN: Emanresu123/(Collin Levett) spawned /obj/effect/anomaly/flux at (167,80,2)
[20:25:06]ADMIN: Emanresu123/(Collin Levett) spawned /obj/effect/anomaly/grav at (167,82,2)
[20:25:09]ADMIN: AlcaroIsAFrick/(Carlito) jumped to 157,120,5 in Lavaland Wastes
[20:25:12]EMOTE: *no key*/(monkey (573)) : <b>The monkey (573)</b> scratches. (170,82,2)
[20:25:16]EMOTE: *no key*/(mouse) : <b>The mouse</b> runs in a circle. (196,117,2)
[20:25:16]GAME: <a href='?priv_msg=alcaroisafrick'>AlcaroIsAFrick</a>/(Carlito) checked the player panel while in game.
[20:25:17]ADMIN: Emanresu123/(Collin Levett) spawned /obj/effect/anomaly/pyro at (167,82,2)
[20:25:17]ADMIN: AlcaroIsAFrick/(Carlito) healed / Revived AlcaroIsAFrick/(Carlito).
[20:25:18]EMOTE: *no key*/(mouse) : <b>The mouse</b> runs in a circle. (196,117,2)
[20:25:22]SAY: Nobody's Perfect/ : Delicious! (24,75,1)
[20:25:28]EMOTE: *no key*/(monkey (231)) : <b>The monkey (231)</b> jumps! (195,58,2)
[20:25:28]EMOTE: *no key*/(Poly) : <b>Poly</b> flutters its wings. (87,130,2)
[20:25:29]ADMIN: AlcaroIsAFrick/(Carlito) modified The sonic jackhammer's force to from 15 to 99999
[20:25:45]EMOTE: *no key*/(Poly) : <b>Poly</b> looks in the premium Havanian cigar's direction and takes flight. (87,130,2)
[20:25:51]EMOTE: *no key*/(monkey (514)) : <b>The monkey (514)</b> rolls. (191,59,2)
[20:25:52]ADMIN: Emanresu123/(Collin Levett) spawned /obj/effect/anomaly/bhole at (167,79,2)
[20:25:55]SAY: Medibot/ : What kind of medbay is this? Everyone&#39;s dropping like flies. (154,73,1)
[20:26:04]EMOTE: *no key*/(monkey (573)) : <b>The monkey (573)</b> gasps! (164,80,2)
[20:26:05]GAME: <a href='?priv_msg=alcaroisafrick'>AlcaroIsAFrick</a>/(Carlito) checked the player panel while in game.
[20:26:05]EMOTE: *no key*/(mouse) : <b>The mouse</b> runs in a circle. (111,78,2)
[20:26:06]ADMIN: AlcaroIsAFrick/(Carlito) healed / Revived AlcaroIsAFrick/(Carlito).
[20:26:15]ADMIN: Emanresu123/(Collin Levett) spawned /obj/effect/anomaly/bluespace at (166,78,2)
[20:26:15]SAY: Nobody's Perfect/ : What kind of medbay is this? Everyone&#39;s dropping like flies. (24,75,1)
[20:26:19]ADMIN: V.E.G.A12/(Raul Kemble) changed the security level to red
[20:26:20]GAME: <a href='?priv_msg=alcaroisafrick'>AlcaroIsAFrick</a>/(Carlito) checked the player panel while in game.
[20:26:21]ADMIN: AlcaroIsAFrick/(Carlito) healed / Revived AlcaroIsAFrick/(Carlito).
[20:26:23]ADMIN: Emanresu123/(Collin Levett) spawned /obj/effect/anomaly at (166,81,2)
[20:26:31]EMOTE: *no key*/(monkey (573)) : <b>The monkey (573)</b> lets out a faint chimper as it collapses and stops moving... (169,82,2)
[20:26:31]EMOTE: *no key*/(mouse) : <b>The mouse</b> runs in a circle. (194,77,2)
[20:26:35]ADMIN: Emanresu123/(Collin Levett) spawned /obj/effect/anomaly/grav at (162,80,2)
[20:26:37]SAY: mouse/ : Squeek! (199,113,2)
[20:26:43]ADMIN: Emanresu123/(Collin Levett) spawned /obj/effect/anomaly/bluespace at (166,81,2)
[20:26:44]EMOTE: *no key*/(monkey (691)) : <b>The monkey (691)</b> lets out a faint chimper as it collapses and stops moving... (169,82,2)
[20:26:46]SAY: mouse/ : Squeek! (207,171,2)
[20:26:49]GAME: Explosion with size (1, 4, 16, 0) in area Medbay Central (170,81,2)
[20:26:51]EMOTE: *no key*/(Runtime) : <b>Runtime</b> stops moving... (177,79,2)
[20:26:52]ADMIN: AlcaroIsAFrick/(Carlito) spawned /obj/structure/fans/tiny at (70,37,5)
[20:26:54]ADMIN: Emanresu123/(Collin Levett) spawned /obj/effect/anomaly/bluespace at (165,78,2)
[20:26:56]SAY: Swanson/ : AUUUUUU (115,82,2)
[20:27:03]EMOTE: *no key*/(grey baby slime (328)) : <b>The grey baby slime (328)</b> lights up for a bit, then stops. (111,103,2)
[20:27:03]SAY: Carlito/AlcaroIsAFrick : Am at lavalad, boys (43,27,5)
[20:27:05]EMOTE: *no key*/(Poly) : <b>Poly</b> looks in the premium Havanian cigar's direction and takes flight. (87,130,2)
[20:27:07]EMOTE: *no key*/(monkey (514)) : <b>The monkey (514)</b> waves his tail. (195,58,2)
[20:27:12]ADMIN: V.E.G.A12/(Raul Kemble) has created a command report: anomalys are appearing in medbay

[20:27:18]ADMIN: Emanresu123/(Collin Levett) spawned /obj/effect/anomaly/bluespace at (167,82,2)
[20:27:26]ADMIN: Emanresu123/(Collin Levett) spawned /obj/effect/anomaly/pyro at (166,82,2)
[20:27:32]EMOTE: *no key*/(Renault) : <b>Renault</b> barks. (163,136,2)
[20:27:33]ADMIN: Emanresu123/(Collin Levett) spawned /obj/effect/anomaly/pyro at (157,78,2)
[20:27:55]EMOTE: *no key*/(red adult slime (293)) : <b>The red adult slime (293)</b> bounces in place. (174,77,2)
[20:27:56]GAME: Random Event triggering: Minor Space Dust (/datum/round_event/space_dust)
[20:27:57]SAY: Renault/ : Ack-Ack (163,136,2)
[20:27:57]EMOTE: *no key*/(pug) : <b>Swanson</b> chases its tail. (115,82,2)
[20:27:58]ADMIN: V.E.G.A12/(Raul Kemble) punished *no key*/(red adult slime (293)) with Fireball.
[20:28:02]EMOTE: *no key*/(Citrus) : <b>Citrus</b> looks around sleepily. (177,162,2)
[20:28:06]SAY: mouse/ : SQUEEK! (200,114,2)
[20:28:10]EMOTE: *no key*/(Ian) : <b>Ian</b> shivers. (141,120,2)
[20:28:13]EMOTE: *no key*/(Poly) : <b>Poly</b> bawks! (87,130,2)
[20:28:15]ADMIN: Emanresu123/(Collin Levett) spawned /obj/effect/anomaly/bluespace at (156,74,2)
[20:28:18]ADMIN: Emanresu123/(Collin Levett) spawned /obj/effect/anomaly/flux at (158,73,2)
[20:28:23]ADMIN: Emanresu123/(Collin Levett) spawned /obj/effect/anomaly/grav at (158,74,2)
[20:28:26]EMOTE: *no key*/(Poly) : <b>Poly</b> looks in the premium cigar's direction and takes flight. (87,130,2)
[20:28:27]ADMIN: Emanresu123/(Collin Levett) spawned /obj/effect/anomaly/flux at (156,79,2)
[20:28:31]EMOTE: *no key*/(monkey (231)) : <b>The monkey (231)</b> scratches. (195,58,2)
[20:28:35]EMOTE: *no key*/(grey baby slime (556)) : <b>The grey baby slime (556)</b> lights up for a bit, then stops. (114,92,2)
[20:28:35]SAY: emergency medibot/ : Delicious! (222,84,1)
[20:28:41]SAY: grey baby slime (22)/ : Blorble... (118,101,2)
[20:28:42]EMOTE: *no key*/(mouse) : <b>The mouse</b> runs in a circle. (102,92,2)
[20:28:42]SAY: Poly/ : Breaking news from Station Announcements! (87,130,2)
[20:28:42]ADMIN: Emanresu123/(Collin Levett) spawned /obj/effect/portal/wormhole at (162,74,2)
[20:28:44]SAY: Poly/ : Don&#39;t believe the reports - smoke today! (87,130,2)
[20:28:45]EMOTE: *no key*/(red adult slime (293)) : <b>The red adult slime (293)</b> bounces in place. (174,76,2)
[20:28:48]EMOTE: *no key*/(grey baby slime (328)) : <b>The grey baby slime (328)</b> lights up for a bit, then stops. (110,102,2)
[20:29:09]ADMIN: Emanresu123/(Collin Levett) has triggered an event. (Portal Storm: Constructs)
[20:29:20]ADMIN: Emanresu123/(Collin Levett) has triggered an event. (Wormholes)
[20:29:22]ADMIN: Emanresu123/(Collin Levett) has triggered an event. (Wormholes)
[20:29:22]EMOTE: *no key*/(crab) : <b>The crab</b> clicks. (156,86,10)
[20:29:24]ADMIN: Emanresu123/(Collin Levett) has triggered an event. (Wormholes)
[20:29:26]ADMIN: Emanresu123/(Collin Levett) has triggered an event. (Wormholes)
[20:29:28]ADMIN: Emanresu123/(Collin Levett) has triggered an event. (Wormholes)
[20:29:30]EMOTE: *no key*/(Poly) : <b>Poly</b> looks in the Power-ON cartridge's direction and takes flight. (87,130,2)
[20:29:33]SAY: Officer Beepsky/ : Engaging patrol mode. (149,111,2)
[20:29:39]SAY: Officer Beepsky/ : Engaging patrol mode. (149,111,2)
[20:29:45]EMOTE: *no key*/(Ian) : <b>Ian</b> dances around. (140,119,2)
[20:29:45]SAY: Officer Beepsky/ : Engaging patrol mode. (149,111,2)
[20:29:53]SAY: Officer Beepsky/ : Engaging patrol mode. (149,111,2)
[20:30:02]SAY: Carlito/AlcaroIsAFrick : just here at lavalad chillin with the bois (39,28,5)
[20:30:04]SAY: mouse/ : SQUEEK! (87,104,2)
[20:30:09]SAY: Officer Beepsky/ : Engaging patrol mode. (149,111,2)
[20:30:12]ADMIN: AlcaroIsAFrick/(Carlito) spawned /mob/living/carbon/alien/humanoid/drone at (39,28,5)
[20:30:12]SAY: Officer Beepsky/ : Unable to start patrol. (149,111,2)
[20:30:12]EMOTE: *no key*/(Renault) : <b>Renault</b> howls. (163,136,2)
[20:30:21]ADMIN: AlcaroIsAFrick/(Carlito) has triggered an event. (G-G-G-Ghosts!)
[20:30:22]ADMIN: V.E.G.A12/(Raul Kemble) has created a command report: due to the massive bluespace translocations,the fabric of space and time is being torn

[20:30:27]GAME: Explosion with size (1, 4, 16, 0) in area Morgue (160,73,2)
[20:30:34]EMOTE: *no key*/(Wags-His-Tail) : <b>Eats-The-Roaches</b> stops moving... (33,123,2)
[20:30:40]GAME: Explosion with size (1, 4, 16, 0) in area Genetics Lab (157,78,2)
[20:30:41]EMOTE: *no key*/(monkey (514)) : <b>The monkey (514)</b> waves his tail. (192,59,2)
[20:30:45]EMOTE: *no key*/(monkey (514)) : <b>The monkey (514)</b> rolls. (192,59,2)
[20:30:53]ADMINPRIVATE: ASAY: Emanresu123/(Collin Levett) : Lol (153,114,2)
[20:30:54]EMOTE: *no key*/(crab) : <b>The crab</b> clicks. (156,86,10)
[20:30:58]ADMIN: V.E.G.A12/(Raul Kemble) has created a command report: plese take cover

[20:31:07]SAY: Carlito/AlcaroIsAFrick : Yeah am at lavalad (45,27,5)
[20:31:14]SAY: Carlito/AlcaroIsAFrick : With my boy vulpys brother (44,26,5)
[20:31:15]EMOTE: *no key*/(Citrus) : <b>Citrus</b> stops moving... (123,190,2)
[20:31:20]EMOTE: *no key*/(mouse) : <b>The mouse</b> squeeks. (201,114,2)
[20:31:24]EMOTE: *no key*/(red adult slime (293)) : <b>The red adult slime (293)</b> jiggles! (32,121,2)
[20:31:24]EMOTE: *no key*/(Deempisi's Revenge VII) : <b>Deempisi's Revenge VII</b> jumps! (143,152,2)
[20:31:30]SAY: Carlito/AlcaroIsAFrick : And my step dad xXx_NiggerFucker420_xXx (43,23,5)
[20:31:33]EMOTE: *no key*/(Officer Beepsky) : <b>Officer Beepsky</b> stops moving... 
[20:31:33]SAY: Poly/ : Try our new nougat bar! (161,166,2)
[20:31:41]ADMIN: Emanresu123/(Collin Levett) spawned /obj/singularity/wizard at (166,80,2)
[20:31:45]EMOTE: *no key*/(Deempisi's Revenge VII) : <b>Deempisi's Revenge VII</b> rolls. (204,93,2)
[20:31:53]ACCESS: Login: Borksin from 173.247.1.66-111905061 || BYOND v511
[20:31:53]ACCESS: Mob Login: Borksin/(Borksin) was assigned to a /mob/dead/new_player
[20:31:56]EMOTE: *no key*/(grey baby slime (556)) : <b>The grey baby slime (556)</b> vibrates! (116,93,2)
[20:31:56]SAY: Poly/ : Twice the calories for half the price! (161,166,2)
[20:32:03]SAY: mouse/ : SQUEEK! (121,107,2)
[20:32:07]SAY: mouse/ : Squeek! (130,106,2)
[20:32:07]SAY: Renault/ : Tchoff (164,134,2)
[20:32:10]ADMIN: AlcaroIsAFrick/(Carlito) teleported Borksin/(Borksin)
[20:32:18]ADMIN: Emanresu123/(Collin Levett) has created a command report: A massive tear in the fabric of reality has formed in Medbay.
[20:32:19]EMOTE: *no key*/(mouse) : <b>The mouse</b> shakes. (92,108,2)
[20:32:24]ADMIN: Emanresu123/(Collin Levett) has possessed the tear in the fabric of reality (/obj/singularity/wizard) at (167, 70, 2)
[20:32:25]ADMIN: AlcaroIsAFrick/(Carlito) deleted the alien drone (321) at (39, 28, 5)
[20:32:32]SAY: mouse/ : SQUEEK! (123,107,2)
[20:32:34]EMOTE: *no key*/(grey baby slime (22)) : <b>The grey baby slime (22)</b> vibrates! (122,45,2)
[20:32:36]EMOTE: *no key*/(mouse) : <b>The mouse</b> squeeks. (201,114,2)
[20:32:39]ADMIN: Emanresu123/(Collin Levett) deleted the tear in the fabric of reality at (168, 80, 2)
[20:32:40]ADMIN: AlcaroIsAFrick/(Carlito) teleported Borksin/(Borksin)
[20:32:43]EMOTE: *no key*/(mouse) : <b>The mouse</b> squeeks. (200,114,2)
[20:32:43]ACCESS: Logout: Borksin/(Borksin)
[20:32:50]ADMIN: V.E.G.A12/(Raul Kemble) has entered build mode.
[20:32:52]ADMIN: V.E.G.A12/(Raul Kemble) has left build mode.
[20:32:52]SAY: mouse/ : Squeek? (203,141,2)
[20:32:55]ADMIN: Emanresu123/(Collin Levett) has created a command report: The tear has closed.
[20:32:55]ADMIN: V.E.G.A12/(Raul Kemble) has entered build mode.
[20:32:56]SAY: Swanson/ : Woof! (114,81,2)
[20:32:56]SAY: Poly/ : Try our new nougat bar! (161,166,2)
[20:33:00]SAY: mouse/ : Squeek! (95,121,2)
[20:33:01]ADMIN: V.E.G.A12/(Raul Kemble) has left build mode.
[20:33:02]ADMIN: Emanresu123/(Collin Levett) has entered build mode.
[20:33:04]ADMIN: Build Mode: Emanresu123/(Collin Levett) built the floor at (159,85,2)
[20:33:04]ADMIN: Build Mode: Emanresu123/(Collin Levett) built the floor at (159,84,2)
[20:33:05]ADMIN: Build Mode: Emanresu123/(Collin Levett) built the floor at (160,85,2)
[20:33:05]ADMIN: Build Mode: Emanresu123/(Collin Levett) built the floor at (160,84,2)
[20:33:06]ADMIN: Build Mode: Emanresu123/(Collin Levett) built the floor at (160,83,2)
[20:33:07]ADMIN: Build Mode: Emanresu123/(Collin Levett) built the floor at (160,82,2)
[20:33:07]ADMIN: Build Mode: Emanresu123/(Collin Levett) built the floor at (162,82,2)
[20:33:08]ADMIN: Build Mode: Emanresu123/(Collin Levett) built the floor at (164,81,2)
[20:33:09]ADMIN: Build Mode: Emanresu123/(Collin Levett) built the floor at (163,76,2)
[20:33:09]EMOTE: *no key*/(mouse) : <b>The mouse</b> squeeks. (105,128,2)
[20:33:09]ADMIN: Build Mode: Emanresu123/(Collin Levett) built the floor at (167,81,2)
[20:33:09]ADMIN: Build Mode: Emanresu123/(Collin Levett) built the floor at (167,77,2)
[20:33:10]ADMIN: Build Mode: Emanresu123/(Collin Levett) built the floor at (162,78,2)
[20:33:11]ADMIN: Build Mode: Emanresu123/(Collin Levett) built the floor at (169,79,2)
[20:33:22]EMOTE: *no key*/(pug) : <b>Swanson</b> chases its tail. (114,82,2)
[20:33:27]ADMIN: AlcaroIsAFrick/(Carlito) played a local sound Bailando.mid
[20:33:27]EMOTE: *no key*/(Lia) : <b>Lia</b> stops moving... (214,151,2)
[20:33:27]EMOTE: *no key*/(Poly) : <b>Poly</b> bawks! (161,166,2)
[20:33:30]ADMIN: Build Mode: Emanresu123/(Collin Levett) modified space (166,83,2) to /turf/closed/indestructible/necropolis
[20:33:32]ADMIN: Build Mode: Emanresu123/(Collin Levett) modified space (167,83,2) to /turf/closed/indestructible/necropolis
[20:33:33]EMOTE: *no key*/(mouse) : <b>The mouse</b> shakes. (205,142,2)
[20:33:36]ADMIN: Build Mode: Emanresu123/(Collin Levett) modified space (166,84,2) to /turf/closed/indestructible/necropolis
[20:33:37]ADMIN: Build Mode: Emanresu123/(Collin Levett) modified space (167,84,2) to /turf/closed/indestructible/necropolis
[20:33:38]EMOTE: *no key*/(Poly) : <b>Poly</b> flutters its wings. (161,166,2)
[20:33:40]EMOTE: *no key*/(Deempisi's Revenge VII) : <b>Deempisi's Revenge VII</b> gasps! (181,163,2)
[20:33:40]EMOTE: *no key*/(mouse) : <b>The mouse</b> runs in a circle. (105,128,2)
[20:33:41]ADMIN: Build Mode: Emanresu123/(Collin Levett) modified space (165,84,2) to /turf/closed/indestructible/necropolis
[20:33:41]ADMIN: Build Mode: Emanresu123/(Collin Levett) modified space (165,83,2) to /turf/closed/indestructible/necropolis
[20:33:42]ADMIN: Build Mode: Emanresu123/(Collin Levett) modified space (165,85,2) to /turf/closed/indestructible/necropolis
[20:33:43]ADMIN: Build Mode: Emanresu123/(Collin Levett) modified space (166,85,2) to /turf/closed/indestructible/necropolis
[20:33:43]ADMIN: Build Mode: Emanresu123/(Collin Levett) modified space (167,85,2) to /turf/closed/indestructible/necropolis
[20:33:44]ADMIN: Build Mode: Emanresu123/(Collin Levett) modified space (168,85,2) to /turf/closed/indestructible/necropolis
[20:33:44]ADMIN: Build Mode: Emanresu123/(Collin Levett) modified space (168,84,2) to /turf/closed/indestructible/necropolis
[20:33:45]EMOTE: *no key*/(mouse) : <b>The mouse</b> shakes. (147,151,2)
[20:33:45]ADMIN: Build Mode: Emanresu123/(Collin Levett) modified space (168,83,2) to /turf/closed/indestructible/necropolis
[20:33:46]ADMIN: Build Mode: Emanresu123/(Collin Levett) modified space (168,82,2) to /turf/closed/indestructible/necropolis
[20:33:47]ADMIN: Build Mode: Emanresu123/(Collin Levett) modified space (164,85,2) to /turf/closed/indestructible/necropolis
[20:33:48]ADMIN: Build Mode: Emanresu123/(Collin Levett) modified space (164,84,2) to /turf/closed/indestructible/necropolis
[20:33:48]ADMIN: Build Mode: Emanresu123/(Collin Levett) modified space (164,83,2) to /turf/closed/indestructible/necropolis
[20:33:49]ADMIN: Build Mode: Emanresu123/(Collin Levett) modified space (164,82,2) to /turf/closed/indestructible/necropolis
[20:33:49]ADMIN: Build Mode: Emanresu123/(Collin Levett) modified space (165,82,2) to /turf/closed/indestructible/necropolis
[20:33:50]ADMIN: Build Mode: Emanresu123/(Collin Levett) modified space (166,82,2) to /turf/closed/indestructible/necropolis
[20:33:50]ADMIN: Build Mode: Emanresu123/(Collin Levett) modified space (167,82,2) to /turf/closed/indestructible/necropolis
[20:33:51]ADMIN: Build Mode: Emanresu123/(Collin Levett) modified the floor (167,81,2) to /turf/closed/indestructible/necropolis
[20:33:52]ADMIN: Build Mode: Emanresu123/(Collin Levett) modified space (168,81,2) to /turf/closed/indestructible/necropolis
[20:33:52]SAY: Renault/ : Tchoff (164,133,2)
[20:33:53]ADMIN: Build Mode: Emanresu123/(Collin Levett) modified space (166,81,2) to /turf/closed/indestructible/necropolis
[20:33:53]ADMIN: Build Mode: Emanresu123/(Collin Levett) modified space (165,81,2) to /turf/closed/indestructible/necropolis
[20:33:54]ADMIN: Build Mode: Emanresu123/(Collin Levett) modified the floor (164,81,2) to /turf/closed/indestructible/necropolis
[20:33:54]SAY: mouse/ : Squeek! (92,108,2)
[20:33:56]ADMIN: Build Mode: Emanresu123/(Collin Levett) modified space (163,85,2) to /turf/closed/indestructible/necropolis
[20:33:56]ADMIN: Build Mode: Emanresu123/(Collin Levett) modified space (163,84,2) to /turf/closed/indestructible/necropolis
[20:33:57]ADMIN: Build Mode: Emanresu123/(Collin Levett) modified space (162,84,2) to /turf/closed/indestructible/necropolis
[20:33:57]SAY: Nobody's Perfect/ : I knew it, I should&#39;ve been a plastic surgeon. (24,75,1)
[20:33:57]ADMIN: Build Mode: Emanresu123/(Collin Levett) modified space (162,85,2) to /turf/closed/indestructible/necropolis
[20:33:58]ADMIN: Build Mode: Emanresu123/(Collin Levett) modified space (161,85,2) to /turf/closed/indestructible/necropolis
[20:33:59]ADMIN: Build Mode: Emanresu123/(Collin Levett) modified space (161,84,2) to /turf/closed/indestructible/necropolis
[20:33:59]ADMIN: Build Mode: Emanresu123/(Collin Levett) modified space (161,83,2) to /turf/closed/indestructible/necropolis
[20:34:00]ADMIN: Build Mode: Emanresu123/(Collin Levett) modified space (161,82,2) to /turf/closed/indestructible/necropolis
[20:34:00]EMOTE: *no key*/(monkey (231)) : <b>The monkey (231)</b> waves her tail. (116,172,2)
[20:34:00]ADMIN: Build Mode: Emanresu123/(Collin Levett) modified space (161,81,2) to /turf/closed/indestructible/necropolis
[20:34:01]ADMIN: Build Mode: Emanresu123/(Collin Levett) modified space (160,81,2) to /turf/closed/indestructible/necropolis
[20:34:02]ADMIN: Build Mode: Emanresu123/(Collin Levett) modified space (159,81,2) to /turf/closed/indestructible/necropolis
[20:34:02]ADMIN: Build Mode: Emanresu123/(Collin Levett) modified space (159,82,2) to /turf/closed/indestructible/necropolis
[20:34:03]ADMIN: Build Mode: Emanresu123/(Collin Levett) modified space (159,83,2) to /turf/closed/indestructible/necropolis
[20:34:03]ADMIN: Build Mode: Emanresu123/(Collin Levett) modified space (158,83,2) to /turf/closed/indestructible/necropolis
[20:34:04]ADMIN: Build Mode: Emanresu123/(Collin Levett) modified the plating (157,83,2) to /turf/closed/indestructible/necropolis
[20:34:04]EMOTE: *no key*/(mouse) : <b>The mouse</b> shakes. (202,114,2)
[20:34:05]ADMIN: Build Mode: Emanresu123/(Collin Levett) modified space (157,82,2) to /turf/closed/indestructible/necropolis
[20:34:06]ADMIN: Build Mode: Emanresu123/(Collin Levett) modified space (157,81,2) to /turf/closed/indestructible/necropolis
[20:34:07]ADMIN: Build Mode: Emanresu123/(Collin Levett) modified the plating (155,81,2) to /turf/closed/indestructible/necropolis
[20:34:08]ADMIN: Build Mode: Emanresu123/(Collin Levett) modified space (156,81,2) to /turf/closed/indestructible/necropolis
[20:34:08]EMOTE: *no key*/(pug) : <b>Swanson</b> chases its tail. (115,83,2)
[20:34:09]ADMIN: Build Mode: Emanresu123/(Collin Levett) modified space (156,80,2) to /turf/closed/indestructible/necropolis
[20:34:09]ADMIN: Build Mode: Emanresu123/(Collin Levett) modified space (156,79,2) to /turf/closed/indestructible/necropolis
[20:34:10]ADMIN: Build Mode: Emanresu123/(Collin Levett) modified space (157,78,2) to /turf/closed/indestructible/necropolis
[20:34:10]EMOTE: *no key*/(monkey (514)) : <b>The monkey (514)</b> scratches. (192,58,2)
[20:34:11]ADMIN: Build Mode: Emanresu123/(Collin Levett) modified space (157,79,2) to /turf/closed/indestructible/necropolis
[20:34:11]ADMIN: Build Mode: Emanresu123/(Collin Levett) modified space (157,77,2) to /turf/closed/indestructible/necropolis
[20:34:13]ADMIN: Build Mode: Emanresu123/(Collin Levett) modified space (157,76,2) to /turf/closed/indestructible/necropolis
[20:34:13]ADMIN: Build Mode: Emanresu123/(Collin Levett) modified space (158,76,2) to /turf/closed/indestructible/necropolis
[20:34:14]ADMIN: Build Mode: Emanresu123/(Collin Levett) modified space (159,76,2) to /turf/closed/indestructible/necropolis
[20:34:15]ADMIN: Build Mode: Emanresu123/(Collin Levett) modified space (159,75,2) to /turf/closed/indestructible/necropolis
[20:34:15]ADMIN: Build Mode: Emanresu123/(Collin Levett) modified space (155,76,2) to /turf/closed/indestructible/necropolis
[20:34:17]ADMIN: Build Mode: Emanresu123/(Collin Levett) modified space (159,74,2) to /turf/closed/indestructible/necropolis
[20:34:18]ADMIN: Build Mode: Emanresu123/(Collin Levett) modified space (159,73,2) to /turf/closed/indestructible/necropolis
[20:34:18]ADMIN: Build Mode: Emanresu123/(Collin Levett) modified space (158,73,2) to /turf/closed/indestructible/necropolis
[20:34:19]ADMIN: Build Mode: Emanresu123/(Collin Levett) modified space (158,72,2) to /turf/closed/indestructible/necropolis
[20:34:20]ADMIN: Build Mode: Emanresu123/(Collin Levett) modified space (159,72,2) to /turf/closed/indestructible/necropolis
[20:34:21]ADMIN: Build Mode: Emanresu123/(Collin Levett) modified space (160,73,2) to /turf/closed/indestructible/necropolis
[20:34:21]ADMIN: Build Mode: Emanresu123/(Collin Levett) modified space (161,73,2) to /turf/closed/indestructible/necropolis
[20:34:22]ADMIN: Build Mode: Emanresu123/(Collin Levett) modified space (162,72,2) to /turf/closed/indestructible/necropolis
[20:34:23]ADMIN: Build Mode: Emanresu123/(Collin Levett) modified space (162,71,2) to /turf/closed/indestructible/necropolis
[20:34:23]ADMIN: Build Mode: Emanresu123/(Collin Levett) modified space (161,72,2) to /turf/closed/indestructible/necropolis
[20:34:25]ADMIN: Build Mode: Emanresu123/(Collin Levett) modified space (162,70,2) to /turf/closed/indestructible/necropolis
[20:34:25]ADMIN: Build Mode: Emanresu123/(Collin Levett) modified space (163,70,2) to /turf/closed/indestructible/necropolis
[20:34:26]SAY: Nobody's Perfect/ : What kind of medbay is this? Everyone&#39;s dropping like flies. (24,75,1)
[20:34:26]ADMIN: Build Mode: Emanresu123/(Collin Levett) modified space (164,70,2) to /turf/closed/indestructible/necropolis
[20:34:26]ADMIN: Build Mode: Emanresu123/(Collin Levett) modified space (164,69,2) to /turf/closed/indestructible/necropolis
[20:34:30]ADMIN: Build Mode: Emanresu123/(Collin Levett) modified space (165,69,2) to /turf/closed/indestructible/necropolis
[20:34:31]ADMIN: Build Mode: Emanresu123/(Collin Levett) modified space (166,69,2) to /turf/closed/indestructible/necropolis
[20:34:31]ADMIN: Build Mode: Emanresu123/(Collin Levett) modified space (167,69,2) to /turf/closed/indestructible/necropolis
[20:34:32]ADMIN: Build Mode: Emanresu123/(Collin Levett) modified space (168,69,2) to /turf/closed/indestructible/necropolis
[20:34:33]ADMIN: Build Mode: Emanresu123/(Collin Levett) modified space (169,69,2) to /turf/closed/indestructible/necropolis
[20:34:33]ADMIN: V.E.G.A12/(Raul Kemble) pumped a random event.
[20:34:33]ADMIN: Build Mode: Emanresu123/(Collin Levett) modified space (170,69,2) to /turf/closed/indestructible/necropolis
[20:34:34]GAME: Random Event triggering: Minor Space Dust (/datum/round_event/space_dust)
[20:34:35]ADMIN: Build Mode: Emanresu123/(Collin Levett) modified space (170,70,2) to /turf/closed/indestructible/necropolis
[20:34:36]ADMIN: Build Mode: Emanresu123/(Collin Levett) modified space (170,71,2) to /turf/closed/indestructible/necropolis
[20:34:36]ADMIN: Build Mode: Emanresu123/(Collin Levett) modified space (171,71,2) to /turf/closed/indestructible/necropolis
[20:34:36]EMOTE: *no key*/(Ian) : <b>Ian</b> chases its tail. (141,120,2)
[20:34:37]ADMIN: Build Mode: Emanresu123/(Collin Levett) modified space (171,72,2) to /turf/closed/indestructible/necropolis
[20:34:38]ADMIN: Build Mode: Emanresu123/(Collin Levett) modified space (171,75,2) to /turf/closed/indestructible/necropolis
[20:34:38]ADMIN: Build Mode: Emanresu123/(Collin Levett) modified space (171,73,2) to /turf/closed/indestructible/necropolis
[20:34:39]ADMIN: Build Mode: Emanresu123/(Collin Levett) modified space (171,74,2) to /turf/closed/indestructible/necropolis
[20:34:39]ADMIN: Build Mode: Emanresu123/(Collin Levett) modified space (171,76,2) to /turf/closed/indestructible/necropolis
[20:34:40]ADMIN: Build Mode: Emanresu123/(Collin Levett) modified space (171,77,2) to /turf/closed/indestructible/necropolis
[20:34:41]SAY: mouse/ : Squeek! (129,101,2)
[20:34:41]ADMIN: Build Mode: Emanresu123/(Collin Levett) modified space (171,78,2) to /turf/closed/indestructible/necropolis
[20:34:42]ADMIN: Build Mode: Emanresu123/(Collin Levett) modified space (171,79,2) to /turf/closed/indestructible/necropolis
[20:34:43]ADMIN: Build Mode: Emanresu123/(Collin Levett) modified space (171,80,2) to /turf/closed/indestructible/necropolis
[20:34:43]ADMIN: Build Mode: Emanresu123/(Collin Levett) modified space (171,81,2) to /turf/closed/indestructible/necropolis
[20:34:44]ADMIN: Build Mode: Emanresu123/(Collin Levett) modified space (171,82,2) to /turf/closed/indestructible/necropolis
[20:34:45]ADMIN: Build Mode: Emanresu123/(Collin Levett) modified space (171,83,2) to /turf/closed/indestructible/necropolis
[20:34:45]ADMIN: Build Mode: Emanresu123/(Collin Levett) modified space (171,84,2) to /turf/closed/indestructible/necropolis
[20:34:45]EMOTE: *no key*/(mouse) : <b>The mouse</b> squeeks. (92,108,2)
[20:34:46]ADMIN: Build Mode: Emanresu123/(Collin Levett) modified space (170,84,2) to /turf/closed/indestructible/necropolis
[20:34:46]ADMIN: Build Mode: Emanresu123/(Collin Levett) modified space (169,84,2) to /turf/closed/indestructible/necropolis
[20:34:47]ADMIN: Build Mode: Emanresu123/(Collin Levett) modified space (169,85,2) to /turf/closed/indestructible/necropolis
[20:34:47]SAY: mouse/ : SQUEEK! (95,123,2)
[20:34:47]SAY: Nobody's Perfect/ : There&#39;s always a catch, and I&#39;m the best there is. (24,75,1)
[20:34:50]EMOTE: *no key*/(crab) : <b>The crab</b> clacks. (156,86,10)
[20:34:50]ADMIN: Build Mode: Emanresu123/(Collin Levett) modified space (163,77,2) to /turf/closed/indestructible/necropolis
[20:34:51]ADMIN: Build Mode: Emanresu123/(Collin Levett) modified space (161,76,2) to /turf/closed/indestructible/necropolis
[20:34:52]EMOTE: *no key*/(mouse) : <b>The mouse</b> shakes. (202,114,2)
[20:34:52]ADMIN: Build Mode: Emanresu123/(Collin Levett) modified space (167,79,2) to /turf/closed/indestructible/necropolis
[20:34:52]ADMIN: Build Mode: Emanresu123/(Collin Levett) modified the floor (167,77,2) to /turf/closed/indestructible/necropolis
[20:34:52]ADMIN: Build Mode: Emanresu123/(Collin Levett) modified the necropolis wall (167,77,2) to /turf/closed/indestructible/necropolis
[20:34:53]ADMIN: Build Mode: Emanresu123/(Collin Levett) modified the floor (169,79,2) to /turf/closed/indestructible/necropolis
[20:34:54]ADMIN: Build Mode: Emanresu123/(Collin Levett) modified the floor (162,78,2) to /turf/closed/indestructible/necropolis
[20:34:54]EMOTE: *no key*/(Ian) : <b>Ian</b> yaps. (141,120,2)
[20:34:54]ADMIN: Build Mode: Emanresu123/(Collin Levett) modified the floor (163,76,2) to /turf/closed/indestructible/necropolis
[20:34:55]EMOTE: *no key*/(Deempisi's Revenge VII) : <b>Deempisi's Revenge VII</b> gasps! (181,163,2)
[20:34:55]ADMIN: Build Mode: Emanresu123/(Collin Levett) modified the floor (162,82,2) to /turf/closed/indestructible/necropolis
[20:34:55]ADMIN: Build Mode: Emanresu123/(Collin Levett) modified space (164,77,2) to /turf/closed/indestructible/necropolis
[20:34:56]ADMIN: Build Mode: Emanresu123/(Collin Levett) modified space (163,81,2) to /turf/closed/indestructible/necropolis
[20:34:56]ADMIN: Build Mode: Emanresu123/(Collin Levett) modified space (163,80,2) to /turf/closed/indestructible/necropolis
[20:34:56]SAY: Medibot/ : There&#39;s always a catch, and I&#39;m the best there is. (154,73,1)
[20:34:56]ADMIN: Build Mode: Emanresu123/(Collin Levett) modified space (160,79,2) to /turf/closed/indestructible/necropolis
[20:34:57]ADMIN: Build Mode: Emanresu123/(Collin Levett) modified space (162,79,2) to /turf/closed/indestructible/necropolis
[20:34:58]ADMIN: Build Mode: Emanresu123/(Collin Levett) modified space (157,80,2) to /turf/closed/indestructible/necropolis
[20:35:00]ADMIN: Build Mode: Emanresu123/(Collin Levett) modified space (166,74,2) to /turf/closed/indestructible/necropolis
[20:35:00]ADMIN: Build Mode: Emanresu123/(Collin Levett) modified space (167,71,2) to /turf/closed/indestructible/necropolis
[20:35:05]EMOTE: *no key*/(crab) : <b>The crab</b> clacks. (157,86,10)
[20:35:09]EMOTE: *no key*/(mouse) : <b>The mouse</b> shakes. (148,152,2)
[20:35:21]EMOTE: *no key*/(monkey (231)) : <b>The monkey (231)</b> rolls. (119,173,2)
[20:35:26]SAY: Medibot/ : What kind of medbay is this? Everyone&#39;s dropping like flies. (154,73,1)
[20:35:29]ADMIN: Emanresu123/(Collin Levett) has created a command report: A large, unbreakable mass of an unknown material has formed around the massive hull breach in Medbay.
[20:35:31]SAY: Poly/ : Try our new nougat bar! (161,166,2)
[20:35:33]SAY: Medibot/ : Delicious! (155,73,1)
[20:35:33]EMOTE: *no key*/(Poly) : <b>Poly</b> squawks. (161,166,2)
[20:35:35]SAY: Poly/ : Try our new nougat bar! (161,166,2)
[20:35:36]ADMIN: Emanresu123/(Collin Levett) deleted the necropolis wall at (165, 83, 2)
[20:35:37]SAY: mouse/ : SQUEEK! (189,127,2)
[20:35:53]EMOTE: *no key*/(Ian) : <b>Ian</b> dances around. (141,120,2)
[20:36:00]ADMIN: Emanresu123/(Collin Levett) spawned /obj/singularity/energy_ball at (165,77,2)
[20:36:07]EMOTE: *no key*/(Deempisi's Revenge VII) : <b>Deempisi's Revenge VII</b> gasps! (181,163,2)
[20:36:14]EMOTE: *no key*/(Poly) : <b>Poly</b> squawks. (161,166,2)
[20:36:17]EMOTE: *no key*/(mouse) : <b>The mouse</b> runs in a circle. (149,152,2)
[20:36:20]ADMIN: V.E.G.A12/(Raul Kemble) has possessed the energy ball (/obj/singularity/energy_ball) at (157, 68, 2)
[20:36:23]SAY: Renault/ : Tchoff (163,134,2)
[20:36:27]ADMIN: Emanresu123/(Collin Levett) has created a command report: A massive electrical anomaly has escaped from the mass
[20:36:37]EMOTE: *no key*/(red adult slime (293)) : <b>The red adult slime (293)</b> bounces in place. (127,183,2)
[20:36:48]EMOTE: *no key*/(crab) : <b>The crab</b> clacks. (156,86,10)
[20:36:54]ADMIN: Emanresu123/(Collin Levett) modified The energy ball's name to from energy ball to Lord Tesloth
[20:36:54]EMOTE: *no key*/(monkey (231)) : <b>The monkey (231)</b> waves her tail. (121,172,2)
[20:37:08]EMOTE: *no key*/(monkey (514)) : <b>The monkey (514)</b> rolls. (192,58,2)
[20:37:12]ADMIN: V.E.G.A12/(energy ball) has possessed Lord Tesloth (/obj/singularity/energy_ball) at (150, 115, 2)
[20:37:12]EMOTE: *no key*/(pug) : <b>Swanson</b> chases its tail. (54,237,2)
[20:37:24]EMOTE: *no key*/(Renault) : <b>Renault</b> barks. (162,133,2)
[20:37:27]EMOTE: *no key*/(Ian) : <b>Ian</b> stops moving... (140,119,2)
[20:37:30]ADMIN: Emanresu123/(Collin Levett) has created a command report: Supermatter has been detected within the mass.
[20:37:35]EMOTE: *no key*/(Poly) : <b>Poly</b> flutters its wings. (161,166,2)
[20:37:36]ADMIN: Emanresu123/(Collin Levett) has entered build mode.
[20:37:42]SAY: Poly/ : Breaking news from Station Announcements! (161,166,2)
[20:37:45]EMOTE: *no key*/(monkey (471)) : <b>The monkey (471)</b> rolls. (167,147,2)
[20:37:45]EMOTE: *no key*/(mouse) : <b>The mouse</b> squeeks. (92,108,2)
[20:37:45]ADMIN: Build Mode: Emanresu123/(Collin Levett) modified the supermatter crystal's (164,75,2) dir to 2
[20:37:46]ADMIN: Build Mode: Emanresu123/(Collin Levett) modified the supermatter crystal's (164,76,2) dir to 2
[20:37:46]ADMIN: Build Mode: Emanresu123/(Collin Levett) modified the supermatter crystal's (165,76,2) dir to 2
[20:37:47]ADMIN: Build Mode: Emanresu123/(Collin Levett) modified the supermatter crystal's (165,75,2) dir to 2
[20:37:47]ADMIN: Build Mode: Emanresu123/(Collin Levett) modified the supermatter crystal's (166,75,2) dir to 2
[20:37:48]ADMIN: Build Mode: Emanresu123/(Collin Levett) modified the supermatter crystal's (166,76,2) dir to 2
[20:37:49]ADMIN: Build Mode: Emanresu123/(Collin Levett) modified the supermatter crystal's (165,74,2) dir to 2
[20:37:49]ADMIN: Build Mode: Emanresu123/(Collin Levett) modified the supermatter crystal's (164,74,2) dir to 2
[20:37:50]ADMIN: Build Mode: Emanresu123/(Collin Levett) modified the supermatter crystal's (163,75,2) dir to 2
[20:37:51]ADMIN: Build Mode: Emanresu123/(Collin Levett) modified the supermatter crystal's (160,78,2) dir to 2
[20:37:51]ADMIN: Build Mode: Emanresu123/(Collin Levett) modified the supermatter crystal's (161,79,2) dir to 2
[20:37:52]ADMIN: Build Mode: Emanresu123/(Collin Levett) modified the supermatter crystal's (161,77,2) dir to 2
[20:37:52]ADMIN: Build Mode: Emanresu123/(Collin Levett) modified the supermatter crystal's (161,78,2) dir to 2
[20:37:53]ADMIN: Build Mode: Emanresu123/(Collin Levett) modified the supermatter crystal's (165,79,2) dir to 2
[20:37:54]ADMIN: Build Mode: Emanresu123/(Collin Levett) modified the supermatter crystal's (166,78,2) dir to 2
[20:37:54]EMOTE: *no key*/(pug) : <b>Swanson</b> shakes its head. (54,237,2)
[20:37:54]ADMIN: Build Mode: Emanresu123/(Collin Levett) modified the supermatter crystal's (168,78,2) dir to 2
[20:37:54]ADMIN: Build Mode: Emanresu123/(Collin Levett) modified the supermatter crystal's (168,77,2) dir to 2
[20:37:55]ADMIN: Build Mode: Emanresu123/(Collin Levett) modified the supermatter crystal's (169,72,2) dir to 2
[20:37:56]ADMIN: Build Mode: Emanresu123/(Collin Levett) modified the supermatter crystal's (166,72,2) dir to 2
[20:37:56]ADMIN: Build Mode: Emanresu123/(Collin Levett) modified the supermatter crystal's (165,72,2) dir to 2
[20:37:57]ADMIN: Build Mode: Emanresu123/(Collin Levett) modified the supermatter crystal's (163,73,2) dir to 2
[20:37:57]ADMIN: Build Mode: Emanresu123/(Collin Levett) modified the supermatter crystal's (162,74,2) dir to 2
[20:37:57]ADMIN: Build Mode: Emanresu123/(Collin Levett) modified the supermatter crystal's (163,74,2) dir to 2
[20:37:57]ADMIN: Build Mode: Emanresu123/(Collin Levett) modified the supermatter crystal's (163,73,2) dir to 2
[20:37:58]ADMIN: Build Mode: Emanresu123/(Collin Levett) modified the supermatter crystal's (165,74,2) dir to 2
[20:37:58]ADMIN: Build Mode: Emanresu123/(Collin Levett) modified the supermatter crystal's (169,75,2) dir to 2
[20:37:59]GAME: A chemical smoke reaction has taken place in (Hydroponics | 131, 146)[ Plant-B-Gone ]. No associated key.
[20:37:59]GAME: A grenade detonated at Hydroponics (131,146,2)
[20:37:59]ADMIN: Build Mode: Emanresu123/(Collin Levett) modified the supermatter crystal's (169,80,2) dir to 2
[20:37:59]ADMIN: Build Mode: Emanresu123/(Collin Levett) modified the supermatter crystal's (169,81,2) dir to 2
[20:37:59]ADMIN: Build Mode: Emanresu123/(Collin Levett) modified the supermatter crystal's (169,81,2) dir to 2
[20:38:01]ADMIN: Build Mode: Emanresu123/(Collin Levett) modified the supermatter crystal's (165,83,2) dir to 2
[20:38:01]ADMIN: Build Mode: Emanresu123/(Collin Levett) modified the supermatter crystal's (163,83,2) dir to 2
[20:38:02]ADMIN: Build Mode: Emanresu123/(Collin Levett) modified the supermatter crystal's (163,82,2) dir to 2
[20:38:02]ADMIN: Build Mode: Emanresu123/(Collin Levett) modified the supermatter crystal's (163,82,2) dir to 2
[20:38:03]ADMIN: Build Mode: Emanresu123/(Collin Levett) modified the supermatter crystal's (159,80,2) dir to 2
[20:38:04]ADMIN: Build Mode: Emanresu123/(Collin Levett) modified the supermatter crystal's (158,81,2) dir to 2
[20:38:04]ADMIN: Build Mode: Emanresu123/(Collin Levett) modified the supermatter crystal's (158,80,2) dir to 2
[20:38:05]ADMIN: Build Mode: Emanresu123/(Collin Levett) modified the supermatter crystal's (160,76,2) dir to 2
[20:38:05]EMOTE: *no key*/(mouse) : <b>The mouse</b> shakes. (146,152,2)
[20:38:07]ADMIN: Build Mode: Emanresu123/(Collin Levett) modified the supermatter crystal's (168,74,2) dir to 2
[20:38:11]EMOTE: *no key*/(mouse) : <b>The mouse</b> runs in a circle. (89,105,2)
[20:38:14]EMOTE: *no key*/(grey baby slime (22)) : <b>The grey baby slime (22)</b> bounces in place. (122,46,2)
[20:38:21]GAME: Explosion with size (0, 1, 5, 5) in area Engineering Foyer (102,143,2)
[20:38:25]ADMIN: Emanresu123/(Collin Levett) has created a command report: A singularity has begun to form within the mass.
[20:38:30]EMOTE: *no key*/(pug) : <b>Swanson</b> chases its tail. (54,237,2)
[20:38:32]SAY: Swanson/ : AUUUUUU (54,237,2)
[20:38:33]GAME: A grenade detonated at Atmospherics (106,152,2)
[20:38:33]GAME: A grenade detonated at Atmospherics (106,152,2)
[20:38:35]ADMIN: Emanresu123/(Collin Levett) spawned /obj/singularity at (165,78,2)
[20:38:39]ADMIN: Emanresu123/(Collin Levett) has possessed the gravitational singularity (/obj/singularity) at (165, 78, 2)
[20:38:41]SAY: mouse/ : Squeek? (105,128,2)
[20:38:41]EMOTE: *no key*/(crab) : <b>The crab</b> clacks. (156,86,10)
[20:38:43]GAME: Radiation pulse with intensity:4156 and range modifier:0.5 in area Morgue 
[20:38:47]EMOTE: *no key*/(pug) : <b>Swanson</b> chases its tail. (54,237,2)
[20:38:48]GAME: Radiation pulse with intensity:3000 and range modifier:2 in area Genetics Lab 
[20:38:50]GAME: Radiation pulse with intensity:3000 and range modifier:2 in area Genetics Lab 
[20:38:53]GAME: Radiation pulse with intensity:3000 and range modifier:2 in area Genetics Lab 
[20:38:55]GAME: Radiation pulse with intensity:3000 and range modifier:2 in area Genetics Lab 
[20:39:03]GAME: SMES deleted at Incinerator(91,170,2)
[20:39:07]ADMIN: Emanresu123/(gravitational singularity) modified The supermatter-charged gravitational singularity's name to from supermatter-charged gravitational singularity to Lord Singuloth
[20:39:07]EMOTE: *no key*/(monkey (231)) : <b>The monkey (231)</b> jumps! (123,172,2)
[20:39:12]GAME: Explosion with size (0, 1, 5, 5) in area Incinerator (93,169,2)
[20:39:16]EMOTE: *no key*/(grey baby slime (328)) : <b>The grey baby slime (328)</b> vibrates! (139,188,2)
[20:39:18]GAME: Radiation pulse with intensity:5000 and range modifier:0.5 in area Cloning Lab 
[20:39:51]GAME: SMES deleted at Engineering(106,127,2)
[20:39:52]GAME: SMES deleted at Engineering(107,127,2)
[20:39:55]GAME: Radiation pulse with intensity:5000 and range modifier:0.5 in area Central Primary Hallway 
[20:39:56]GAME: SMES deleted at Engineering(108,127,2)
[20:40:21]GAME: A grenade detonated at Engineering (101,121,2)
[20:40:21]GAME: A grenade detonated at Engineering (99,119,2)
[20:40:41]ACCESS: Login: Riki2321gamer from 192.168.134.104-1909296211 || BYOND v511
[20:40:41]ACCESS: Mob Login: Riki2321gamer/(Riki2321gamer) was assigned to a /mob/dead/new_player
[20:40:49]GAME: Radiation pulse with intensity:5000 and range modifier:0.5 in area Service Hallway 
[20:40:50]ADMIN: Emanresu123/(Collin Levett) has possessed Lord Tesloth (/obj/singularity/energy_ball) at (104, 125, 2)
[20:40:57]ACCESS: Mob Login: Riki2321gamer/(Oof) was assigned to a /mob/living/carbon/human
[20:40:59]ADMIN: V.E.G.A12/(Raul Kemble) has triggered an event. (Minor Space Dust)
[20:41:27]ADMIN: AlcaroIsAFrick/(Carlito) teleported Riki2321gamer/(Oof)
[20:41:37]ADMIN: V.E.G.A12/(Raul Kemble) has triggered an event. (Immovable Rod)
[20:41:48]GAME: Radiation pulse with intensity:5000 and range modifier:0.5 in area Bar 
[20:41:57]ADMIN: V.E.G.A12/(Raul Kemble) has possessed the immovable rod (/obj/effect/immovablerod) at (164, 226, 2)
[20:42:11]ADMIN: Emanresu123/(Collin Levett) has created a command report: Time and space are literally ripping apart.
[20:42:25]EMOTE: *no key*/(grey baby slime (328)) : <b>The grey baby slime (328)</b> lights up for a bit, then stops. (139,188,2)
[20:42:27]GAME: Radiation pulse with intensity:5000 and range modifier:0.5 in area Bar 
[20:42:29]SAY: Carlito/AlcaroIsAFrick : I don&#39;t care im here with my boy and the other boy and we safe on lavalad ffs (44,22,5)
[20:42:30]ADMIN: Emanresu123/(Collin Levett) spawned /obj/singularity/energy_ball at (131,172,2)
[20:42:30]GAME: Explosion with size (1, 2, 4, 0) in area Service Hallway (131,172,2)
[20:42:33]ADMIN: V.E.G.A12/(immovable rod) deleted the immovable rod at (50, 226, 2)
[20:42:33]ACCESS: Mob Login: V.E.G.A12/(immovable rod) was assigned to a /mob/dead/observer
[20:42:34]ADMIN: Emanresu123/(Collin Levett) spawned /obj/singularity/energy_ball at (130,175,2)
[20:42:38]ADMIN: Emanresu123/(Collin Levett) spawned /obj/singularity/energy_ball at (129,172,2)
[20:42:41]ADMIN: Emanresu123/(Collin Levett) spawned /obj/singularity/energy_ball at (129,170,2)
[20:42:42]EMOTE: *no key*/(monkey (231)) : <b>The monkey (231)</b> lets out a faint chimper as it collapses and stops moving... (127,171,2)
[20:42:46]ADMIN: AlcaroIsAFrick/(Carlito) has created a command report: a nigga dont give a fuck down there on lavaland he safe with boy
[20:43:08]ADMIN: V.E.G.A12/(immovable rod) polymorphed all living mobs.
[20:43:14]GAME: Radiation pulse with intensity:5000 and range modifier:0.5 in area Port Bow Maintenance 
[20:43:36]EMOTE: *no key*/(Wraith (754)) : <b>Wraith (754)</b> collapses in a shattered heap. (128,166,2)
[20:43:41]ADMIN: Emanresu123/(Collin Levett) has created a command report: A severe blackspace anomaly has been detected on Lavaland.
[20:43:59]ADMIN: AlcaroIsAFrick/(Carlito) jumped to Super Secret Room
[20:44:00]GAME: Radiation pulse with intensity:5000 and range modifier:0.5 in area Custodial Closet 
[20:44:03]ADMIN: AlcaroIsAFrick/(Carlito) teleported Riki2321gamer/(Oof)
[20:44:07]ADMIN: Emanresu123/(Collin Levett) spawned /obj/singularity/narsie/large/cult at (129,178,5)
[20:44:13]GAME: Explosion with size (0, 1, 5, 5) in area Custodial Closet (135,181,2)
[20:44:15]ACCESS: Mob Login: Emanresu123/(Harvester (241)) was assigned to a /mob/living/simple_animal/hostile/construct/harvester
[20:44:25]ADMIN: Emanresu123/(Harvester (241)) admin-recalled the emergency shuttle.
[20:44:33]GAME: Explosion with size (1, 2, 4, 0) in area Bar (137,171,2)
[20:44:34]ADMIN: V.E.G.A12/(immovable rod) has possessed the weird crystal (/obj/item/rupee) at (10, 6, 1)
[20:44:35]GAME: Explosion with size (1, 2, 4, 0) in area Custodial Closet (136,176,2)
[20:44:44]SAY: Ghost/V.E.G.A12 : helo (9,6,1)
[20:44:49]GAME: Radiation pulse with intensity:5000 and range modifier:0.5 in area Auxiliary Restrooms 
[20:44:52]SAY: Harvester (241)/Emanresu123 : Hi (132,170,5)
[20:44:56]ADMIN: AlcaroIsAFrick/(Carlito) deleted the weird crystal at (9, 7, 1)
[20:44:56]ACCESS: Mob Login: V.E.G.A12/(weird crystal) was assigned to a /mob/dead/observer
[20:44:57]GAME: Random Event triggering: Communications Blackout (/datum/round_event/communications_blackout)
[20:45:03]GAME: Explosion with size (1, 2, 4, 0) in area Bar (145,171,2)
[20:45:26]ADMIN: AlcaroIsAFrick/(Carlito) jumped to CentCom Recovery Ship
[20:45:28]ADMIN: Emanresu123/(Harvester (241)) has possessed Nar-Sie (/obj/singularity/narsie/large/cult) at (135, 174, 5)
[20:45:28]GAME: Radiation pulse with intensity:5000 and range modifier:0.5 in area Port Bow Maintenance 
[20:45:34]ADMIN: AlcaroIsAFrick/(Carlito) teleported Riki2321gamer/(Oof)
[20:45:48]GAME: Explosion with size (0, 1, 5, 0) in area Warehouse (157,177,2)
[20:45:48]GAME: Explosion with size (0, 1, 5, 5) in area Port Bow Maintenance (150,174,2)
[20:46:00]GAME: Radiation pulse with intensity:5000 and range modifier:0.5 in area Port Bow Maintenance 
[20:46:04]ADMIN: AlcaroIsAFrick/(Carlito) played sound 0D398F48-407C-4D3B-86F1-7126F42B20FE.ogg
[20:46:08]ADMIN: AlcaroIsAFrick/(Carlito) deleted CentCom Security at (186, 71, 1)
[20:46:11]ADMIN: AlcaroIsAFrick/(Carlito) deleted CentCom Security at (178, 71, 1)
[20:46:13]ADMIN: Emanresu123/(Harvester (241)) used gibself.
[20:46:13]ACCESS: Mob Login: Emanresu123/(Harvester (241)) was assigned to a /mob/dead/observer
[20:46:28]EMOTE: *no key*/(goldgrub) : <b>The goldgrub</b> shudders violently for a moment before falling still, its eyes slowly darkening. (168,229,5)
[20:46:31]EMOTE: *no key*/(watcher) : <b>The watcher</b> seizes up and falls limp, his eyes dead and lifeless... (46,96,5)
[20:46:31]EMOTE: *no key*/(Swarmer (628)) : <b>Swarmer (628)</b> vibrates! (224,30,5)
[20:46:36]GAME: Radiation pulse with intensity:5000 and range modifier:0.5 in area Bar 
[20:46:39]ADMIN: AlcaroIsAFrick/(Carlito) played a local sound 0D398F48-407C-4D3B-86F1-7126F42B20FE.ogg
[20:46:41]ADMIN: AlcaroIsAFrick/(Carlito) played a local sound 0D398F48-407C-4D3B-86F1-7126F42B20FE.ogg
[20:46:44]ADMIN: AlcaroIsAFrick/(Carlito) played a local sound 0D398F48-407C-4D3B-86F1-7126F42B20FE.ogg
[20:46:45]ADMIN: AlcaroIsAFrick/(Carlito) played a local sound 0D398F48-407C-4D3B-86F1-7126F42B20FE.ogg
[20:47:06]ADMIN: Emanresu123/(Harvester (241)) has created a command report: A second severe blackspace anomaly has been detected elsewhere in Lavaland.
[20:47:12]GAME: Radiation pulse with intensity:5000 and range modifier:0.5 in area Bar 
[20:47:15]ADMIN: AlcaroIsAFrick/(Carlito) played a local sound abba-money_money_money.mid
[20:47:26]EMOTE: *no key*/(Swarmer (766)) : <b>Swarmer (766)</b> shakes out its coat. (224,28,5)
[20:47:26]ACCESS: Mob Login: Riki2321gamer/(Oof) was assigned to a /mob/living/carbon/alien/humanoid/sentinel
[20:47:30]EMOTE: *no key*/(goliath) : <b>The goliath</b> gasps! (79,171,5)
[20:47:36]EMOTE: *no key*/(legion) : <b>The legion</b> gasps! (70,181,5)
[20:47:37]EMOTE: *no key*/(goliath) : <b>The goliath</b> gasps! (123,90,5)
[20:47:43]EMOTE: *no key*/(watcher) : <b>The watcher</b> gasps! (185,59,5)
[20:47:52]EMOTE: *no key*/(legion) : <b>The legion</b> gasps! (100,158,5)
[20:47:53]GAME: Radiation pulse with intensity:5000 and range modifier:0.5 in area Fore Primary Hallway 
[20:47:54]EMOTE: *no key*/(legion) : <b>The legion</b> gasps! (141,4,5)
[20:47:55]EMOTE: *no key*/(goliath) : <b>The goliath</b> gasps! (79,171,5)
[20:47:55]ACCESS: Mob Login: AlcaroIsAFrick/(Carlito) was assigned to a /mob/living/silicon/robot/modules/standard
[20:47:56]ADMIN: V.E.G.A12/(weird crystal) used secret whiteout
[20:47:56]EMOTE: *no key*/(goliath) : <b>The goliath</b> bounces in place. (201,117,5)
[20:47:59]ADMIN: V.E.G.A12/(weird crystal) made all areas powered
[20:48:03]ADMIN: V.E.G.A12/(weird crystal) used secret power
[20:48:06]EMOTE: *no key*/(legion) : <b>The legion</b> lets out a faint chimper as it collapses and stops moving... (141,4,5)
[20:48:08]EMOTE: *no key*/(legion) : <b>The legion</b> gasps! (70,181,5)
[20:48:10]ADMINPRIVATE: ASAY: Emanresu123/(Harvester (241)) : How to spawn Ratvar? (204,156,5)
