

Starting up round ID . 10:32:30
---------------------
Initialized Blackbox subsystem within 0 seconds!
Initialized Server Tasks subsystem within 0 seconds!
Initialized Events subsystem within 0 seconds!
runtime error: 
[10:32:31]cannot read from list
[10:32:31]proc name: LoadJobs (/datum/controller/subsystem/job/proc/LoadJobs)
[10:32:31]  source file: job.dm,448
[10:32:31]  usr: null
[10:32:31]  src: Jobs (/datum/controller/subsystem/job)
[10:32:31]  call stack:
[10:32:31]Jobs (/datum/controller/subsystem/job): LoadJobs()
[10:32:31]Jobs (/datum/controller/subsystem/job): Initialize(523519)
[10:32:31]Master (/datum/controller/master): Initialize(10, 0)
Initialized Jobs subsystem within 0 seconds!
Initialized Ticker subsystem within 0 seconds!
Loading Delta Station...
runtime error: 
[10:33:46]Cannot execute /datum/plant_gene/trait/glow (/datum/plant_gene/trait/glow).glow range().
[10:33:46]proc name: New (/obj/structure/glowshroom/New)
[10:33:46]  source file: glowshroom.dm,63
[10:33:46]  usr: null
[10:33:46]  src: the glowshroom (/obj/structure/glowshroom/single)
[10:33:46]  src.loc: Cave Floor (303,71,2) (/turf/open/floor/plating/asteroid)
[10:33:46]  call stack:
[10:33:46]the glowshroom (/obj/structure/glowshroom/single): New(Cave Floor (303,71,2) (/turf/open/floor/plating/asteroid), null, null)
[10:33:46]/dmm_suite (/dmm_suite): create atom(/obj/structure/glowshroom/sing... (/obj/structure/glowshroom/single), Cave Floor (303,71,2) (/turf/open/floor/plating/asteroid))
[10:33:46]/dmm_suite (/dmm_suite): instance atom(/obj/structure/glowshroom/sing... (/obj/structure/glowshroom/single), /list (/list), Cave Floor (303,71,2) (/turf/open/floor/plating/asteroid), 1)
[10:33:46]/dmm_suite (/dmm_suite): parse grid("/obj/structure/glowshroom/sing...", "eDv", 303, 71, 2, 1)
[10:33:46]/dmm_suite (/dmm_suite): load map impl(_maps/map_files/Deltastation/D..., 1, 1, 2, null, null, 1, -1e+031, 1e+031, -1e+031, 1e+031)
[10:33:46]/dmm_suite (/dmm_suite): load map(_maps/map_files/Deltastation/D..., 0, 0, 2, null, null, 1, null, null, null, null)
[10:33:46]Mapping (/datum/controller/subsystem/mapping): TryLoadZ("_maps/map_files/Deltastation/D...", /list (/list), 2, null)
[10:33:46]Mapping (/datum/controller/subsystem/mapping): loadWorld()
[10:33:46]Mapping (/datum/controller/subsystem/mapping): Initialize(523519)
[10:33:46]Master (/datum/controller/master): Initialize(10, 0)
runtime error: 
[10:33:46]Cannot execute /datum/plant_gene/trait/glow (/datum/plant_gene/trait/glow).glow range().
[10:33:46]proc name: New (/obj/structure/glowshroom/New)
[10:33:46]  source file: glowshroom.dm,63
[10:33:46]  usr: null
[10:33:46]  src: the glowshroom (/obj/structure/glowshroom/single)
[10:33:46]  src.loc: Cave Floor (306,70,2) (/turf/open/floor/plating/asteroid)
[10:33:46]  call stack:
[10:33:46]the glowshroom (/obj/structure/glowshroom/single): New(Cave Floor (306,70,2) (/turf/open/floor/plating/asteroid), null, null)
[10:33:46]/dmm_suite (/dmm_suite): create atom(/obj/structure/glowshroom/sing... (/obj/structure/glowshroom/single), Cave Floor (306,70,2) (/turf/open/floor/plating/asteroid))
[10:33:46]/dmm_suite (/dmm_suite): instance atom(/obj/structure/glowshroom/sing... (/obj/structure/glowshroom/single), /list (/list), Cave Floor (306,70,2) (/turf/open/floor/plating/asteroid), 1)
[10:33:46]/dmm_suite (/dmm_suite): parse grid("/obj/structure/glowshroom/sing...", "eDv", 306, 70, 2, 1)
[10:33:46]/dmm_suite (/dmm_suite): load map impl(_maps/map_files/Deltastation/D..., 1, 1, 2, null, null, 1, -1e+031, 1e+031, -1e+031, 1e+031)
[10:33:46]/dmm_suite (/dmm_suite): load map(_maps/map_files/Deltastation/D..., 0, 0, 2, null, null, 1, null, null, null, null)
[10:33:46]Mapping (/datum/controller/subsystem/mapping): TryLoadZ("_maps/map_files/Deltastation/D...", /list (/list), 2, null)
[10:33:46]Mapping (/datum/controller/subsystem/mapping): loadWorld()
[10:33:46]Mapping (/datum/controller/subsystem/mapping): Initialize(523519)
[10:33:46]Master (/datum/controller/master): Initialize(10, 0)
runtime error: 
[10:33:46]Cannot execute /datum/plant_gene/trait/glow (/datum/plant_gene/trait/glow).glow range().
[10:33:46]proc name: New (/obj/structure/glowshroom/New)
[10:33:46]  source file: glowshroom.dm,63
[10:33:46]  usr: null
[10:33:46]  src: the glowshroom (/obj/structure/glowshroom/single)
[10:33:46]  src.loc: Cave Floor (309,70,2) (/turf/open/floor/plating/asteroid)
[10:33:46]  call stack:
[10:33:46]the glowshroom (/obj/structure/glowshroom/single): New(Cave Floor (309,70,2) (/turf/open/floor/plating/asteroid), null, null)
[10:33:46]/dmm_suite (/dmm_suite): create atom(/obj/structure/glowshroom/sing... (/obj/structure/glowshroom/single), Cave Floor (309,70,2) (/turf/open/floor/plating/asteroid))
[10:33:46]/dmm_suite (/dmm_suite): instance atom(/obj/structure/glowshroom/sing... (/obj/structure/glowshroom/single), /list (/list), Cave Floor (309,70,2) (/turf/open/floor/plating/asteroid), 1)
[10:33:46]/dmm_suite (/dmm_suite): parse grid("/obj/structure/glowshroom/sing...", "eDv", 309, 70, 2, 1)
[10:33:46]/dmm_suite (/dmm_suite): load map impl(_maps/map_files/Deltastation/D..., 1, 1, 2, null, null, 1, -1e+031, 1e+031, -1e+031, 1e+031)
[10:33:46]/dmm_suite (/dmm_suite): load map(_maps/map_files/Deltastation/D..., 0, 0, 2, null, null, 1, null, null, null, null)
[10:33:46]Mapping (/datum/controller/subsystem/mapping): TryLoadZ("_maps/map_files/Deltastation/D...", /list (/list), 2, null)
[10:33:46]Mapping (/datum/controller/subsystem/mapping): loadWorld()
[10:33:46]Mapping (/datum/controller/subsystem/mapping): Initialize(523519)
[10:33:46]Master (/datum/controller/master): Initialize(10, 0)
runtime error: 
[10:33:46]Cannot execute /datum/plant_gene/trait/glow (/datum/plant_gene/trait/glow).glow range().
[10:33:46]proc name: New (/obj/structure/glowshroom/New)
[10:33:46]  source file: glowshroom.dm,63
[10:33:46]  usr: null
[10:33:46]  src: the glowshroom (/obj/structure/glowshroom/single)
[10:33:46]  src.loc: Cave Floor (302,69,2) (/turf/open/floor/plating/asteroid)
[10:33:46]  call stack:
[10:33:46]the glowshroom (/obj/structure/glowshroom/single): New(Cave Floor (302,69,2) (/turf/open/floor/plating/asteroid), null, null)
[10:33:46]/dmm_suite (/dmm_suite): create atom(/obj/structure/glowshroom/sing... (/obj/structure/glowshroom/single), Cave Floor (302,69,2) (/turf/open/floor/plating/asteroid))
[10:33:46]/dmm_suite (/dmm_suite): instance atom(/obj/structure/glowshroom/sing... (/obj/structure/glowshroom/single), /list (/list), Cave Floor (302,69,2) (/turf/open/floor/plating/asteroid), 1)
[10:33:46]/dmm_suite (/dmm_suite): parse grid("/obj/structure/glowshroom/sing...", "eDv", 302, 69, 2, 1)
[10:33:46]/dmm_suite (/dmm_suite): load map impl(_maps/map_files/Deltastation/D..., 1, 1, 2, null, null, 1, -1e+031, 1e+031, -1e+031, 1e+031)
[10:33:46]/dmm_suite (/dmm_suite): load map(_maps/map_files/Deltastation/D..., 0, 0, 2, null, null, 1, null, null, null, null)
[10:33:46]Mapping (/datum/controller/subsystem/mapping): TryLoadZ("_maps/map_files/Deltastation/D...", /list (/list), 2, null)
[10:33:46]Mapping (/datum/controller/subsystem/mapping): loadWorld()
[10:33:46]Mapping (/datum/controller/subsystem/mapping): Initialize(523519)
[10:33:46]Master (/datum/controller/master): Initialize(10, 0)
runtime error: 
[10:33:46]Cannot execute /datum/plant_gene/trait/glow (/datum/plant_gene/trait/glow).glow range().
[10:33:46]proc name: New (/obj/structure/glowshroom/New)
[10:33:46]  source file: glowshroom.dm,63
[10:33:46]  usr: null
[10:33:46]  src: the glowshroom (/obj/structure/glowshroom/single)
[10:33:46]  src.loc: Cave Floor (296,55,2) (/turf/open/floor/plating/asteroid)
[10:33:46]  call stack:
[10:33:46]the glowshroom (/obj/structure/glowshroom/single): New(Cave Floor (296,55,2) (/turf/open/floor/plating/asteroid), null, null)
[10:33:46]/dmm_suite (/dmm_suite): create atom(/obj/structure/glowshroom/sing... (/obj/structure/glowshroom/single), Cave Floor (296,55,2) (/turf/open/floor/plating/asteroid))
[10:33:46]/dmm_suite (/dmm_suite): instance atom(/obj/structure/glowshroom/sing... (/obj/structure/glowshroom/single), /list (/list), Cave Floor (296,55,2) (/turf/open/floor/plating/asteroid), 1)
[10:33:46]/dmm_suite (/dmm_suite): parse grid("/obj/structure/glowshroom/sing...", "eIi", 296, 55, 2, 1)
[10:33:46]/dmm_suite (/dmm_suite): load map impl(_maps/map_files/Deltastation/D..., 1, 1, 2, null, null, 1, -1e+031, 1e+031, -1e+031, 1e+031)
[10:33:46]/dmm_suite (/dmm_suite): load map(_maps/map_files/Deltastation/D..., 0, 0, 2, null, null, 1, null, null, null, null)
[10:33:46]Mapping (/datum/controller/subsystem/mapping): TryLoadZ("_maps/map_files/Deltastation/D...", /list (/list), 2, null)
[10:33:46]Mapping (/datum/controller/subsystem/mapping): loadWorld()
[10:33:46]Mapping (/datum/controller/subsystem/mapping): Initialize(523519)
[10:33:46]Master (/datum/controller/master): Initialize(10, 0)
runtime error: 
[10:33:47]Cannot execute /datum/plant_gene/trait/glow (/datum/plant_gene/trait/glow).glow range().
[10:33:47]proc name: New (/obj/structure/glowshroom/New)
[10:33:47]  source file: glowshroom.dm,63
[10:33:47]  usr: null
[10:33:47]  src: the glowshroom (/obj/structure/glowshroom/single)
[10:33:47]  src.loc: Cave Floor (299,55,2) (/turf/open/floor/plating/asteroid)
[10:33:47]  call stack:
[10:33:47]the glowshroom (/obj/structure/glowshroom/single): New(Cave Floor (299,55,2) (/turf/open/floor/plating/asteroid), null, null)
[10:33:47]/dmm_suite (/dmm_suite): create atom(/obj/structure/glowshroom/sing... (/obj/structure/glowshroom/single), Cave Floor (299,55,2) (/turf/open/floor/plating/asteroid))
[10:33:47]/dmm_suite (/dmm_suite): instance atom(/obj/structure/glowshroom/sing... (/obj/structure/glowshroom/single), /list (/list), Cave Floor (299,55,2) (/turf/open/floor/plating/asteroid), 1)
[10:33:47]/dmm_suite (/dmm_suite): parse grid("/obj/structure/glowshroom/sing...", "eIi", 299, 55, 2, 1)
[10:33:47]/dmm_suite (/dmm_suite): load map impl(_maps/map_files/Deltastation/D..., 1, 1, 2, null, null, 1, -1e+031, 1e+031, -1e+031, 1e+031)
[10:33:47]/dmm_suite (/dmm_suite): load map(_maps/map_files/Deltastation/D..., 0, 0, 2, null, null, 1, null, null, null, null)
[10:33:47]Mapping (/datum/controller/subsystem/mapping): TryLoadZ("_maps/map_files/Deltastation/D...", /list (/list), 2, null)
[10:33:47]Mapping (/datum/controller/subsystem/mapping): loadWorld()
[10:33:47]Mapping (/datum/controller/subsystem/mapping): Initialize(523519)
[10:33:47]Master (/datum/controller/master): Initialize(10, 0)
runtime error: 
[10:33:47]Cannot execute /datum/plant_gene/trait/glow (/datum/plant_gene/trait/glow).glow range().
[10:33:47]proc name: New (/obj/structure/glowshroom/New)
[10:33:47]  source file: glowshroom.dm,63
[10:33:47]  usr: null
[10:33:47]  src: the glowshroom (/obj/structure/glowshroom/single)
[10:33:47]  src.loc: Cave Floor (283,53,2) (/turf/open/floor/plating/asteroid)
[10:33:47]  call stack:
[10:33:47]the glowshroom (/obj/structure/glowshroom/single): New(Cave Floor (283,53,2) (/turf/open/floor/plating/asteroid), null, null)
[10:33:47]/dmm_suite (/dmm_suite): create atom(/obj/structure/glowshroom/sing... (/obj/structure/glowshroom/single), Cave Floor (283,53,2) (/turf/open/floor/plating/asteroid))
[10:33:47]/dmm_suite (/dmm_suite): instance atom(/obj/structure/glowshroom/sing... (/obj/structure/glowshroom/single), /list (/list), Cave Floor (283,53,2) (/turf/open/floor/plating/asteroid), 1)
[10:33:47]/dmm_suite (/dmm_suite): parse grid("/obj/structure/glowshroom/sing...", "eIi", 283, 53, 2, 1)
[10:33:47]/dmm_suite (/dmm_suite): load map impl(_maps/map_files/Deltastation/D..., 1, 1, 2, null, null, 1, -1e+031, 1e+031, -1e+031, 1e+031)
[10:33:47]/dmm_suite (/dmm_suite): load map(_maps/map_files/Deltastation/D..., 0, 0, 2, null, null, 1, null, null, null, null)
[10:33:47]Mapping (/datum/controller/subsystem/mapping): TryLoadZ("_maps/map_files/Deltastation/D...", /list (/list), 2, null)
[10:33:47]Mapping (/datum/controller/subsystem/mapping): loadWorld()
[10:33:47]Mapping (/datum/controller/subsystem/mapping): Initialize(523519)
[10:33:47]Master (/datum/controller/master): Initialize(10, 0)
runtime error: 
[10:33:47]Cannot execute /datum/plant_gene/trait/glow (/datum/plant_gene/trait/glow).glow range().
[10:33:47]proc name: New (/obj/structure/glowshroom/New)
[10:33:47]  source file: glowshroom.dm,63
[10:33:47]  usr: null
[10:33:47]  src: the glowshroom (/obj/structure/glowshroom/single)
[10:33:47]  src.loc: Cave Floor (302,53,2) (/turf/open/floor/plating/asteroid)
[10:33:47]  call stack:
[10:33:47]the glowshroom (/obj/structure/glowshroom/single): New(Cave Floor (302,53,2) (/turf/open/floor/plating/asteroid), null, null)
[10:33:47]/dmm_suite (/dmm_suite): create atom(/obj/structure/glowshroom/sing... (/obj/structure/glowshroom/single), Cave Floor (302,53,2) (/turf/open/floor/plating/asteroid))
[10:33:47]/dmm_suite (/dmm_suite): instance atom(/obj/structure/glowshroom/sing... (/obj/structure/glowshroom/single), /list (/list), Cave Floor (302,53,2) (/turf/open/floor/plating/asteroid), 1)
[10:33:47]/dmm_suite (/dmm_suite): parse grid("/obj/structure/glowshroom/sing...", "eIi", 302, 53, 2, 1)
[10:33:47]/dmm_suite (/dmm_suite): load map impl(_maps/map_files/Deltastation/D..., 1, 1, 2, null, null, 1, -1e+031, 1e+031, -1e+031, 1e+031)
[10:33:47]/dmm_suite (/dmm_suite): load map(_maps/map_files/Deltastation/D..., 0, 0, 2, null, null, 1, null, null, null, null)
[10:33:47]Mapping (/datum/controller/subsystem/mapping): TryLoadZ("_maps/map_files/Deltastation/D...", /list (/list), 2, null)
[10:33:47]Mapping (/datum/controller/subsystem/mapping): loadWorld()
[10:33:47]Mapping (/datum/controller/subsystem/mapping): Initialize(523519)
[10:33:47]Master (/datum/controller/master): Initialize(10, 0)
runtime error: 
[10:33:47]Cannot execute /datum/plant_gene/trait/glow (/datum/plant_gene/trait/glow).glow range().
[10:33:47]proc name: New (/obj/structure/glowshroom/New)
[10:33:47]  source file: glowshroom.dm,63
[10:33:47]  usr: null
[10:33:47]  src: the glowshroom (/obj/structure/glowshroom/single)
[10:33:47]  src.loc: Cave Floor (276,52,2) (/turf/open/floor/plating/asteroid)
[10:33:47]  call stack:
[10:33:47]the glowshroom (/obj/structure/glowshroom/single): New(Cave Floor (276,52,2) (/turf/open/floor/plating/asteroid), null, null)
[10:33:47]/dmm_suite (/dmm_suite): create atom(/obj/structure/glowshroom/sing... (/obj/structure/glowshroom/single), Cave Floor (276,52,2) (/turf/open/floor/plating/asteroid))
[10:33:47]/dmm_suite (/dmm_suite): instance atom(/obj/structure/glowshroom/sing... (/obj/structure/glowshroom/single), /list (/list), Cave Floor (276,52,2) (/turf/open/floor/plating/asteroid), 1)
[10:33:47]/dmm_suite (/dmm_suite): parse grid("/obj/structure/glowshroom/sing...", "eIi", 276, 52, 2, 1)
[10:33:47]/dmm_suite (/dmm_suite): load map impl(_maps/map_files/Deltastation/D..., 1, 1, 2, null, null, 1, -1e+031, 1e+031, -1e+031, 1e+031)
[10:33:47]/dmm_suite (/dmm_suite): load map(_maps/map_files/Deltastation/D..., 0, 0, 2, null, null, 1, null, null, null, null)
[10:33:47]Mapping (/datum/controller/subsystem/mapping): TryLoadZ("_maps/map_files/Deltastation/D...", /list (/list), 2, null)
[10:33:47]Mapping (/datum/controller/subsystem/mapping): loadWorld()
[10:33:47]Mapping (/datum/controller/subsystem/mapping): Initialize(523519)
[10:33:47]Master (/datum/controller/master): Initialize(10, 0)
runtime error: 
[10:33:47]Cannot execute /datum/plant_gene/trait/glow (/datum/plant_gene/trait/glow).glow range().
[10:33:47]proc name: New (/obj/structure/glowshroom/New)
[10:33:47]  source file: glowshroom.dm,63
[10:33:47]  usr: null
[10:33:47]  src: the glowshroom (/obj/structure/glowshroom/single)
[10:33:47]  src.loc: Cave Floor (292,51,2) (/turf/open/floor/plating/asteroid)
[10:33:47]  call stack:
[10:33:47]the glowshroom (/obj/structure/glowshroom/single): New(Cave Floor (292,51,2) (/turf/open/floor/plating/asteroid), null, null)
[10:33:47]/dmm_suite (/dmm_suite): create atom(/obj/structure/glowshroom/sing... (/obj/structure/glowshroom/single), Cave Floor (292,51,2) (/turf/open/floor/plating/asteroid))
[10:33:47]/dmm_suite (/dmm_suite): instance atom(/obj/structure/glowshroom/sing... (/obj/structure/glowshroom/single), /list (/list), Cave Floor (292,51,2) (/turf/open/floor/plating/asteroid), 1)
[10:33:47]/dmm_suite (/dmm_suite): parse grid("/obj/structure/glowshroom/sing...", "eIi", 292, 51, 2, 1)
[10:33:47]/dmm_suite (/dmm_suite): load map impl(_maps/map_files/Deltastation/D..., 1, 1, 2, null, null, 1, -1e+031, 1e+031, -1e+031, 1e+031)
[10:33:47]/dmm_suite (/dmm_suite): load map(_maps/map_files/Deltastation/D..., 0, 0, 2, null, null, 1, null, null, null, null)
[10:33:47]Mapping (/datum/controller/subsystem/mapping): TryLoadZ("_maps/map_files/Deltastation/D...", /list (/list), 2, null)
[10:33:47]Mapping (/datum/controller/subsystem/mapping): loadWorld()
[10:33:47]Mapping (/datum/controller/subsystem/mapping): Initialize(523519)
[10:33:47]Master (/datum/controller/master): Initialize(10, 0)
runtime error: 
[10:33:47]Cannot execute /datum/plant_gene/trait/glow (/datum/plant_gene/trait/glow).glow range().
[10:33:47]proc name: New (/obj/structure/glowshroom/New)
[10:33:47]  source file: glowshroom.dm,63
[10:33:47]  usr: null
[10:33:47]  src: the glowshroom (/obj/structure/glowshroom/single)
[10:33:47]  src.loc: Cave Floor (295,51,2) (/turf/open/floor/plating/asteroid)
[10:33:47]  call stack:
[10:33:47]the glowshroom (/obj/structure/glowshroom/single): New(Cave Floor (295,51,2) (/turf/open/floor/plating/asteroid), null, null)
[10:33:47]/dmm_suite (/dmm_suite): create atom(/obj/structure/glowshroom/sing... (/obj/structure/glowshroom/single), Cave Floor (295,51,2) (/turf/open/floor/plating/asteroid))
[10:33:47]/dmm_suite (/dmm_suite): instance atom(/obj/structure/glowshroom/sing... (/obj/structure/glowshroom/single), /list (/list), Cave Floor (295,51,2) (/turf/open/floor/plating/asteroid), 1)
[10:33:47]/dmm_suite (/dmm_suite): parse grid("/obj/structure/glowshroom/sing...", "eIi", 295, 51, 2, 1)
[10:33:47]/dmm_suite (/dmm_suite): load map impl(_maps/map_files/Deltastation/D..., 1, 1, 2, null, null, 1, -1e+031, 1e+031, -1e+031, 1e+031)
[10:33:47]/dmm_suite (/dmm_suite): load map(_maps/map_files/Deltastation/D..., 0, 0, 2, null, null, 1, null, null, null, null)
[10:33:47]Mapping (/datum/controller/subsystem/mapping): TryLoadZ("_maps/map_files/Deltastation/D...", /list (/list), 2, null)
[10:33:47]Mapping (/datum/controller/subsystem/mapping): loadWorld()
[10:33:47]Mapping (/datum/controller/subsystem/mapping): Initialize(523519)
[10:33:47]Master (/datum/controller/master): Initialize(10, 0)
runtime error: 
[10:33:47]Cannot execute /datum/plant_gene/trait/glow (/datum/plant_gene/trait/glow).glow range().
[10:33:47]proc name: New (/obj/structure/glowshroom/New)
[10:33:47]  source file: glowshroom.dm,63
[10:33:47]  usr: null
[10:33:47]  src: the glowshroom (/obj/structure/glowshroom/single)
[10:33:47]  src.loc: Cave Floor (258,49,2) (/turf/open/floor/plating/asteroid)
[10:33:47]  call stack:
[10:33:47]the glowshroom (/obj/structure/glowshroom/single): New(Cave Floor (258,49,2) (/turf/open/floor/plating/asteroid), null, null)
[10:33:47]/dmm_suite (/dmm_suite): create atom(/obj/structure/glowshroom/sing... (/obj/structure/glowshroom/single), Cave Floor (258,49,2) (/turf/open/floor/plating/asteroid))
[10:33:47]/dmm_suite (/dmm_suite): instance atom(/obj/structure/glowshroom/sing... (/obj/structure/glowshroom/single), /list (/list), Cave Floor (258,49,2) (/turf/open/floor/plating/asteroid), 1)
[10:33:47]/dmm_suite (/dmm_suite): parse grid("/obj/structure/glowshroom/sing...", "eIi", 258, 49, 2, 1)
[10:33:47]/dmm_suite (/dmm_suite): load map impl(_maps/map_files/Deltastation/D..., 1, 1, 2, null, null, 1, -1e+031, 1e+031, -1e+031, 1e+031)
[10:33:47]/dmm_suite (/dmm_suite): load map(_maps/map_files/Deltastation/D..., 0, 0, 2, null, null, 1, null, null, null, null)
[10:33:47]Mapping (/datum/controller/subsystem/mapping): TryLoadZ("_maps/map_files/Deltastation/D...", /list (/list), 2, null)
[10:33:47]Mapping (/datum/controller/subsystem/mapping): loadWorld()
[10:33:47]Mapping (/datum/controller/subsystem/mapping): Initialize(523519)
[10:33:47]Master (/datum/controller/master): Initialize(10, 0)
runtime error: 
[10:33:48]Cannot execute /datum/plant_gene/trait/glow (/datum/plant_gene/trait/glow).glow range().
[10:33:48]proc name: New (/obj/structure/glowshroom/New)
[10:33:48]  source file: glowshroom.dm,63
[10:33:48]  usr: null
[10:33:48]  src: the glowshroom (/obj/structure/glowshroom/single)
[10:33:48]  src.loc: Cave Floor (275,49,2) (/turf/open/floor/plating/asteroid)
[10:33:48]  call stack:
[10:33:48]the glowshroom (/obj/structure/glowshroom/single): New(Cave Floor (275,49,2) (/turf/open/floor/plating/asteroid), null, null)
[10:33:48]/dmm_suite (/dmm_suite): create atom(/obj/structure/glowshroom/sing... (/obj/structure/glowshroom/single), Cave Floor (275,49,2) (/turf/open/floor/plating/asteroid))
[10:33:48]/dmm_suite (/dmm_suite): instance atom(/obj/structure/glowshroom/sing... (/obj/structure/glowshroom/single), /list (/list), Cave Floor (275,49,2) (/turf/open/floor/plating/asteroid), 1)
[10:33:48]/dmm_suite (/dmm_suite): parse grid("/obj/structure/glowshroom/sing...", "eIi", 275, 49, 2, 1)
[10:33:48]/dmm_suite (/dmm_suite): load map impl(_maps/map_files/Deltastation/D..., 1, 1, 2, null, null, 1, -1e+031, 1e+031, -1e+031, 1e+031)
[10:33:48]/dmm_suite (/dmm_suite): load map(_maps/map_files/Deltastation/D..., 0, 0, 2, null, null, 1, null, null, null, null)
[10:33:48]Mapping (/datum/controller/subsystem/mapping): TryLoadZ("_maps/map_files/Deltastation/D...", /list (/list), 2, null)
[10:33:48]Mapping (/datum/controller/subsystem/mapping): loadWorld()
[10:33:48]Mapping (/datum/controller/subsystem/mapping): Initialize(523519)
[10:33:48]Master (/datum/controller/master): Initialize(10, 0)
runtime error: 
[10:33:49]Cannot execute /datum/plant_gene/trait/glow (/datum/plant_gene/trait/glow).glow range().
[10:33:49]proc name: New (/obj/structure/glowshroom/New)
[10:33:49]  source file: glowshroom.dm,63
[10:33:49]  usr: null
[10:33:49]  src: the glowshroom (/obj/structure/glowshroom/single)
[10:33:49]  src.loc: Cave Floor (261,48,2) (/turf/open/floor/plating/asteroid)
[10:33:49]  call stack:
[10:33:49]the glowshroom (/obj/structure/glowshroom/single): New(Cave Floor (261,48,2) (/turf/open/floor/plating/asteroid), null, null)
[10:33:49]/dmm_suite (/dmm_suite): create atom(/obj/structure/glowshroom/sing... (/obj/structure/glowshroom/single), Cave Floor (261,48,2) (/turf/open/floor/plating/asteroid))
[10:33:49]/dmm_suite (/dmm_suite): instance atom(/obj/structure/glowshroom/sing... (/obj/structure/glowshroom/single), /list (/list), Cave Floor (261,48,2) (/turf/open/floor/plating/asteroid), 1)
[10:33:49]/dmm_suite (/dmm_suite): parse grid("/obj/structure/glowshroom/sing...", "eIi", 261, 48, 2, 1)
[10:33:49]/dmm_suite (/dmm_suite): load map impl(_maps/map_files/Deltastation/D..., 1, 1, 2, null, null, 1, -1e+031, 1e+031, -1e+031, 1e+031)
[10:33:49]/dmm_suite (/dmm_suite): load map(_maps/map_files/Deltastation/D..., 0, 0, 2, null, null, 1, null, null, null, null)
[10:33:49]Mapping (/datum/controller/subsystem/mapping): TryLoadZ("_maps/map_files/Deltastation/D...", /list (/list), 2, null)
[10:33:49]Mapping (/datum/controller/subsystem/mapping): loadWorld()
[10:33:49]Mapping (/datum/controller/subsystem/mapping): Initialize(523519)
[10:33:49]Master (/datum/controller/master): Initialize(10, 0)
runtime error: 
[10:33:49]Cannot execute /datum/plant_gene/trait/glow (/datum/plant_gene/trait/glow).glow range().
[10:33:49]proc name: New (/obj/structure/glowshroom/New)
[10:33:49]  source file: glowshroom.dm,63
[10:33:49]  usr: null
[10:33:49]  src: the glowshroom (/obj/structure/glowshroom/single)
[10:33:49]  src.loc: Cave Floor (292,48,2) (/turf/open/floor/plating/asteroid)
[10:33:49]  call stack:
[10:33:49]the glowshroom (/obj/structure/glowshroom/single): New(Cave Floor (292,48,2) (/turf/open/floor/plating/asteroid), null, null)
[10:33:49]/dmm_suite (/dmm_suite): create atom(/obj/structure/glowshroom/sing... (/obj/structure/glowshroom/single), Cave Floor (292,48,2) (/turf/open/floor/plating/asteroid))
[10:33:49]/dmm_suite (/dmm_suite): instance atom(/obj/structure/glowshroom/sing... (/obj/structure/glowshroom/single), /list (/list), Cave Floor (292,48,2) (/turf/open/floor/plating/asteroid), 1)
[10:33:49]/dmm_suite (/dmm_suite): parse grid("/obj/structure/glowshroom/sing...", "eIi", 292, 48, 2, 1)
[10:33:49]/dmm_suite (/dmm_suite): load map impl(_maps/map_files/Deltastation/D..., 1, 1, 2, null, null, 1, -1e+031, 1e+031, -1e+031, 1e+031)
[10:33:49]/dmm_suite (/dmm_suite): load map(_maps/map_files/Deltastation/D..., 0, 0, 2, null, null, 1, null, null, null, null)
[10:33:49]Mapping (/datum/controller/subsystem/mapping): TryLoadZ("_maps/map_files/Deltastation/D...", /list (/list), 2, null)
[10:33:49]Mapping (/datum/controller/subsystem/mapping): loadWorld()
[10:33:49]Mapping (/datum/controller/subsystem/mapping): Initialize(523519)
[10:33:49]Master (/datum/controller/master): Initialize(10, 0)
runtime error: 
[10:33:49]Cannot execute /datum/plant_gene/trait/glow (/datum/plant_gene/trait/glow).glow range().
[10:33:49]proc name: New (/obj/structure/glowshroom/New)
[10:33:49]  source file: glowshroom.dm,63
runtime error: 
[10:33:49]Cannot execute /datum/plant_gene/trait/glow (/datum/plant_gene/trait/glow).glow range().
[10:33:49]proc name: New (/obj/structure/glowshroom/New)
[10:33:49]  source file: glowshroom.dm,63
runtime error: 
[10:33:49]Cannot execute /datum/plant_gene/trait/glow (/datum/plant_gene/trait/glow).glow range().
[10:33:49]proc name: New (/obj/structure/glowshroom/New)
[10:33:49]  source file: glowshroom.dm,63
runtime error: 
[10:33:49]Cannot execute /datum/plant_gene/trait/glow (/datum/plant_gene/trait/glow).glow range().
[10:33:49]proc name: New (/obj/structure/glowshroom/New)
[10:33:49]  source file: glowshroom.dm,63
runtime error: 
[10:33:49]Cannot execute /datum/plant_gene/trait/glow (/datum/plant_gene/trait/glow).glow range().
[10:33:49]proc name: New (/obj/structure/glowshroom/New)
[10:33:49]  source file: glowshroom.dm,63
runtime error: 
[10:33:49]Cannot execute /datum/plant_gene/trait/glow (/datum/plant_gene/trait/glow).glow range().
[10:33:49]proc name: New (/obj/structure/glowshroom/New)
[10:33:49]  source file: glowshroom.dm,63
runtime error: 
[10:33:49]Cannot execute /datum/plant_gene/trait/glow (/datum/plant_gene/trait/glow).glow range().
[10:33:49]proc name: New (/obj/structure/glowshroom/New)
[10:33:49]  source file: glowshroom.dm,63
runtime error: 
[10:33:49]Cannot execute /datum/plant_gene/trait/glow (/datum/plant_gene/trait/glow).glow range().
[10:33:49]proc name: New (/obj/structure/glowshroom/New)
[10:33:49]  source file: glowshroom.dm,63
runtime error: 
[10:33:49]Cannot execute /datum/plant_gene/trait/glow (/datum/plant_gene/trait/glow).glow range().
[10:33:49]proc name: New (/obj/structure/glowshroom/New)
[10:33:49]  source file: glowshroom.dm,63
runtime error: 
[10:33:50]Cannot execute /datum/plant_gene/trait/glow (/datum/plant_gene/trait/glow).glow range().
[10:33:50]proc name: New (/obj/structure/glowshroom/New)
[10:33:50]  source file: glowshroom.dm,63
runtime error: 
[10:33:50]Cannot execute /datum/plant_gene/trait/glow (/datum/plant_gene/trait/glow).glow range().
[10:33:50]proc name: New (/obj/structure/glowshroom/New)
[10:33:50]  source file: glowshroom.dm,63
runtime error: 
[10:33:50]Cannot execute /datum/plant_gene/trait/glow (/datum/plant_gene/trait/glow).glow range().
[10:33:50]proc name: New (/obj/structure/glowshroom/New)
[10:33:50]  source file: glowshroom.dm,63
runtime error: 
[10:33:50]Cannot execute /datum/plant_gene/trait/glow (/datum/plant_gene/trait/glow).glow range().
[10:33:50]proc name: New (/obj/structure/glowshroom/New)
[10:33:50]  source file: glowshroom.dm,63
runtime error: 
[10:33:50]Cannot execute /datum/plant_gene/trait/glow (/datum/plant_gene/trait/glow).glow range().
[10:33:50]proc name: New (/obj/structure/glowshroom/New)
[10:33:50]  source file: glowshroom.dm,63
runtime error: 
[10:33:50]Cannot execute /datum/plant_gene/trait/glow (/datum/plant_gene/trait/glow).glow range().
[10:33:50]proc name: New (/obj/structure/glowshroom/New)
[10:33:50]  source file: glowshroom.dm,63
runtime error: 
[10:33:50]Cannot execute /datum/plant_gene/trait/glow (/datum/plant_gene/trait/glow).glow range().
[10:33:50]proc name: New (/obj/structure/glowshroom/New)
[10:33:50]  source file: glowshroom.dm,63
runtime error: 
[10:33:50]Cannot execute /datum/plant_gene/trait/glow (/datum/plant_gene/trait/glow).glow range().
[10:33:50]proc name: New (/obj/structure/glowshroom/New)
[10:33:50]  source file: glowshroom.dm,63
runtime error: 
[10:33:50]Cannot execute /datum/plant_gene/trait/glow (/datum/plant_gene/trait/glow).glow range().
[10:33:50]proc name: New (/obj/structure/glowshroom/New)
[10:33:50]  source file: glowshroom.dm,63
runtime error: 
[10:33:50]Cannot execute /datum/plant_gene/trait/glow (/datum/plant_gene/trait/glow).glow range().
[10:33:50]proc name: New (/obj/structure/glowshroom/New)
[10:33:50]  source file: glowshroom.dm,63
runtime error: 
[10:33:50]Cannot execute /datum/plant_gene/trait/glow (/datum/plant_gene/trait/glow).glow range().
[10:33:50]proc name: New (/obj/structure/glowshroom/New)
[10:33:50]  source file: glowshroom.dm,63
runtime error: 
[10:33:50]Cannot execute /datum/plant_gene/trait/glow (/datum/plant_gene/trait/glow).glow range().
[10:33:50]proc name: New (/obj/structure/glowshroom/New)
[10:33:50]  source file: glowshroom.dm,63
runtime error: 
[10:33:50]Cannot execute /datum/plant_gene/trait/glow (/datum/plant_gene/trait/glow).glow range().
[10:33:50]proc name: New (/obj/structure/glowshroom/New)
[10:33:50]  source file: glowshroom.dm,63
runtime error: 
[10:33:50]Cannot execute /datum/plant_gene/trait/glow (/datum/plant_gene/trait/glow).glow range().
[10:33:50]proc name: New (/obj/structure/glowshroom/New)
[10:33:50]  source file: glowshroom.dm,63
runtime error: 
[10:33:50]Cannot execute /datum/plant_gene/trait/glow (/datum/plant_gene/trait/glow).glow range().
[10:33:50]proc name: New (/obj/structure/glowshroom/New)
[10:33:50]  source file: glowshroom.dm,63
runtime error: 
[10:33:50]Cannot execute /datum/plant_gene/trait/glow (/datum/plant_gene/trait/glow).glow range().
[10:33:50]proc name: New (/obj/structure/glowshroom/New)
[10:33:50]  source file: glowshroom.dm,63
runtime error: 
[10:33:50]Cannot execute /datum/plant_gene/trait/glow (/datum/plant_gene/trait/glow).glow range().
[10:33:50]proc name: New (/obj/structure/glowshroom/New)
[10:33:50]  source file: glowshroom.dm,63
Loaded station in 79.3s!
Initialized Mapping subsystem within 84.8 seconds!
runtime error: 
[10:33:57]Cannot execute null.add reagent().
[10:33:57]proc name: Initialize (/obj/effect/decal/cleanable/blood/gibs/Initialize)
[10:33:57]  source file: humans.dm,57
runtime error: 
[10:33:57]Cannot execute null.add reagent().
[10:33:57]proc name: Initialize (/obj/effect/decal/cleanable/blood/gibs/Initialize)
[10:33:57]  source file: humans.dm,57
runtime error: 
[10:33:57]Cannot execute null.add reagent().
[10:33:57]proc name: Initialize (/obj/effect/decal/cleanable/blood/gibs/Initialize)
[10:33:57]  source file: humans.dm,57
runtime error: 
[10:33:57]Cannot execute null.add reagent().
[10:33:57]proc name: Initialize (/obj/effect/decal/cleanable/blood/gibs/Initialize)
[10:33:57]  source file: humans.dm,57
runtime error: 
[10:33:57]Cannot execute null.add reagent().
[10:33:57]proc name: Initialize (/obj/effect/decal/cleanable/oil/Initialize)
[10:33:57]  source file: robots.dm,52
runtime error: 
[10:33:57]Cannot execute null.add reagent().
[10:33:57]proc name: Initialize (/obj/effect/decal/cleanable/oil/Initialize)
[10:33:57]  source file: robots.dm,52
runtime error: 
[10:33:59]Cannot execute null.add reagent().
[10:33:59]proc name: Initialize (/obj/effect/decal/cleanable/oil/Initialize)
[10:33:59]  source file: robots.dm,52
runtime error: 
[10:33:59]Cannot execute null.add reagent().
[10:33:59]proc name: Initialize (/obj/effect/decal/cleanable/oil/Initialize)
[10:33:59]  source file: robots.dm,52
runtime error: 
[10:33:59]Cannot execute null.add reagent().
[10:33:59]proc name: Initialize (/obj/effect/decal/cleanable/oil/Initialize)
[10:33:59]  source file: robots.dm,52
runtime error: 
[10:33:59]Cannot execute null.add reagent().
[10:33:59]proc name: Initialize (/obj/effect/decal/cleanable/blood/gibs/Initialize)
[10:33:59]  source file: humans.dm,57
runtime error: 
[10:33:59]Cannot execute null.add reagent().
[10:33:59]proc name: Initialize (/obj/effect/decal/cleanable/oil/Initialize)
[10:33:59]  source file: robots.dm,52
runtime error: 
[10:33:59]Cannot execute null.add reagent().
[10:33:59]proc name: Initialize (/obj/effect/decal/cleanable/blood/gibs/Initialize)
[10:33:59]  source file: humans.dm,57
runtime error: 
[10:33:59]Cannot execute null.add reagent().
[10:33:59]proc name: Initialize (/obj/effect/decal/cleanable/oil/Initialize)
[10:33:59]  source file: robots.dm,52
runtime error: 
[10:33:59]Cannot execute null.add reagent().
[10:33:59]proc name: Initialize (/obj/effect/decal/cleanable/blood/gibs/Initialize)
[10:33:59]  source file: humans.dm,57
runtime error: 
[10:34:00]Cannot execute null.add reagent().
[10:34:00]proc name: Initialize (/obj/effect/decal/cleanable/oil/Initialize)
[10:34:00]  source file: robots.dm,52
runtime error: 
[10:34:00]Cannot execute null.add reagent().
[10:34:00]proc name: Initialize (/obj/effect/decal/cleanable/oil/Initialize)
[10:34:00]  source file: robots.dm,52
runtime error: 
[10:34:00]Cannot execute null.add reagent().
[10:34:00]proc name: Initialize (/obj/effect/decal/cleanable/oil/Initialize)
[10:34:00]  source file: robots.dm,52
runtime error: 
[10:34:00]Cannot execute null.add reagent().
[10:34:00]proc name: Initialize (/obj/effect/decal/cleanable/oil/Initialize)
[10:34:00]  source file: robots.dm,52
runtime error: 
[10:34:00]Cannot execute null.add reagent().
[10:34:00]proc name: Initialize (/obj/effect/decal/cleanable/oil/Initialize)
[10:34:00]  source file: robots.dm,52
runtime error: 
[10:34:00]Cannot execute null.add reagent().
[10:34:00]proc name: Initialize (/obj/effect/decal/cleanable/oil/Initialize)
[10:34:00]  source file: robots.dm,52
runtime error: 
[10:34:00]Cannot execute null.add reagent().
[10:34:00]proc name: Initialize (/obj/effect/decal/cleanable/oil/Initialize)
[10:34:00]  source file: robots.dm,52
runtime error: 
[10:34:00]Cannot execute null.add reagent().
[10:34:00]proc name: Initialize (/obj/effect/decal/cleanable/oil/Initialize)
[10:34:00]  source file: robots.dm,52
runtime error: 
[10:34:00]Cannot execute null.add reagent().
[10:34:00]proc name: Initialize (/obj/effect/decal/cleanable/oil/Initialize)
[10:34:00]  source file: robots.dm,52
runtime error: 
[10:34:00]Cannot execute null.add reagent().
[10:34:00]proc name: Initialize (/obj/effect/decal/cleanable/oil/Initialize)
[10:34:00]  source file: robots.dm,52
runtime error: 
[10:34:00]Cannot execute null.add reagent().
[10:34:00]proc name: Initialize (/obj/effect/decal/cleanable/oil/Initialize)
[10:34:00]  source file: robots.dm,52
runtime error: 
[10:34:00]Cannot execute null.add reagent().
[10:34:00]proc name: Initialize (/obj/effect/decal/cleanable/oil/Initialize)
[10:34:00]  source file: robots.dm,52
runtime error: 
[10:34:01]Cannot execute null.add reagent().
[10:34:01]proc name: Initialize (/obj/effect/decal/cleanable/oil/Initialize)
[10:34:01]  source file: robots.dm,52
runtime error: 
[10:34:01]Cannot execute null.add reagent().
[10:34:01]proc name: Initialize (/obj/effect/decal/cleanable/oil/Initialize)
[10:34:01]  source file: robots.dm,52
runtime error: 
[10:34:01]Cannot execute null.add reagent().
[10:34:01]proc name: Initialize (/obj/effect/decal/cleanable/oil/Initialize)
[10:34:01]  source file: robots.dm,52
runtime error: 
[10:34:01]Cannot execute null.add reagent().
[10:34:01]proc name: Initialize (/obj/effect/decal/cleanable/oil/Initialize)
[10:34:01]  source file: robots.dm,52
runtime error: 
[10:34:02]Cannot execute null.add reagent().
[10:34:02]proc name: Initialize (/obj/effect/decal/cleanable/oil/Initialize)
[10:34:02]  source file: robots.dm,52
runtime error: 
[10:34:02]Cannot execute null.add reagent().
[10:34:02]proc name: Initialize (/obj/effect/decal/cleanable/oil/Initialize)
[10:34:02]  source file: robots.dm,52
runtime error: 
[10:34:02]Cannot execute null.add reagent().
[10:34:02]proc name: Initialize (/obj/effect/decal/cleanable/oil/Initialize)
[10:34:02]  source file: robots.dm,52
runtime error: 
[10:34:02]Cannot execute null.add reagent().
[10:34:02]proc name: Initialize (/obj/effect/decal/cleanable/oil/Initialize)
[10:34:02]  source file: robots.dm,52
runtime error: 
[10:34:02]Cannot execute null.add reagent().
[10:34:02]proc name: Initialize (/obj/effect/decal/cleanable/oil/Initialize)
[10:34:02]  source file: robots.dm,52
runtime error: 
[10:34:02]Cannot execute null.add reagent().
[10:34:02]proc name: Initialize (/obj/effect/decal/cleanable/oil/Initialize)
[10:34:02]  source file: robots.dm,52
runtime error: 
[10:34:02]Cannot execute null.add reagent().
[10:34:02]proc name: Initialize (/obj/effect/decal/cleanable/oil/Initialize)
[10:34:02]  source file: robots.dm,52
runtime error: 
[10:34:02]Cannot execute null.add reagent().
[10:34:02]proc name: Initialize (/obj/effect/decal/cleanable/oil/Initialize)
[10:34:02]  source file: robots.dm,52
runtime error: 
[10:34:03]Cannot execute null.add reagent().
[10:34:03]proc name: Initialize (/obj/effect/decal/cleanable/oil/Initialize)
[10:34:03]  source file: robots.dm,52
runtime error: 
[10:34:03]Cannot execute null.add reagent().
[10:34:03]proc name: Initialize (/obj/effect/decal/cleanable/oil/Initialize)
[10:34:03]  source file: robots.dm,52
runtime error: 
[10:34:03]Cannot execute null.add reagent().
[10:34:03]proc name: Initialize (/obj/effect/decal/cleanable/oil/Initialize)
[10:34:03]  source file: robots.dm,52
runtime error: 
[10:34:03]Cannot execute null.add reagent().
[10:34:03]proc name: Initialize (/obj/effect/decal/cleanable/oil/Initialize)
[10:34:03]  source file: robots.dm,52
runtime error: 
[10:34:03]Cannot execute null.add reagent().
[10:34:03]proc name: Initialize (/obj/effect/decal/cleanable/oil/Initialize)
[10:34:03]  source file: robots.dm,52
runtime error: 
[10:34:03]Cannot execute null.add reagent().
[10:34:03]proc name: Initialize (/obj/effect/decal/cleanable/oil/Initialize)
[10:34:03]  source file: robots.dm,52
runtime error: 
[10:34:03]Cannot execute null.add reagent().
[10:34:03]proc name: Initialize (/obj/effect/decal/cleanable/oil/Initialize)
[10:34:03]  source file: robots.dm,52
runtime error: 
[10:34:04]Cannot execute null.add reagent().
[10:34:04]proc name: Initialize (/obj/effect/decal/cleanable/oil/Initialize)
[10:34:04]  source file: robots.dm,52
runtime error: 
[10:34:04]Cannot execute null.add reagent().
[10:34:04]proc name: Initialize (/obj/effect/decal/cleanable/oil/Initialize)
[10:34:04]  source file: robots.dm,52
runtime error: 
[10:34:04]Cannot execute null.add reagent().
[10:34:04]proc name: Initialize (/obj/effect/decal/cleanable/oil/Initialize)
[10:34:04]  source file: robots.dm,52
runtime error: 
[10:34:04]Cannot execute null.add reagent().
[10:34:04]proc name: Initialize (/obj/effect/decal/cleanable/oil/Initialize)
[10:34:04]  source file: robots.dm,52
runtime error: 
[10:34:04]Cannot execute null.add reagent().
[10:34:04]proc name: Initialize (/obj/effect/decal/cleanable/oil/Initialize)
[10:34:04]  source file: robots.dm,52
runtime error: 
[10:34:05]Cannot execute null.add reagent().
[10:34:05]proc name: Initialize (/obj/effect/decal/cleanable/oil/Initialize)
[10:34:05]  source file: robots.dm,52
runtime error: 
[10:34:05]Cannot execute null.add reagent().
[10:34:05]proc name: Initialize (/obj/effect/decal/cleanable/oil/Initialize)
[10:34:05]  source file: robots.dm,52
runtime error: 
[10:34:05]Cannot execute null.add reagent().
[10:34:05]Warning: further proc crash messages are being suppressed to prevent overload...
runtime error: 
[10:34:07]Undefined variable /obj/item/rupee/var/swimming

runtime error: 
[10:34:07]Undefined variable /obj/item/rupee/var/swimming

runtime error: 
[10:34:07]Undefined variable /obj/item/rupee/var/swimming

runtime error: 
[10:34:07]Undefined variable /obj/structure/signpost/salvation/var/swimming

runtime error: 
[10:34:07]Undefined variable /obj/item/rupee/var/swimming

runtime error: 
[10:34:07]Undefined variable /obj/item/rupee/var/swimming

runtime error: 
[10:34:07]Undefined variable /obj/item/rupee/var/swimming

runtime error: 
[10:34:07]Undefined variable /obj/item/rupee/var/swimming

runtime error: 
[10:34:07]Undefined variable /obj/item/rupee/var/swimming

runtime error: 
[10:34:07]Undefined variable /obj/item/rupee/var/swimming

runtime error: 
[10:34:07]Undefined variable /obj/effect/landmark/error/var/swimming

runtime error: 
[10:34:07]Undefined variable /obj/item/rupee/var/swimming

runtime error: 
[10:34:07]Undefined variable /obj/item/rupee/var/swimming

runtime error: 
[10:34:07]Undefined variable /obj/item/rupee/var/swimming

runtime error: 
[10:34:07]Undefined variable /obj/item/rupee/var/swimming

runtime error: 
[10:34:07]Undefined variable /obj/item/rupee/var/swimming

runtime error: 
[10:34:07]Undefined variable /obj/item/rupee/var/swimming

runtime error: 
[10:34:07]Undefined variable /obj/item/rupee/var/swimming

runtime error: 
[10:34:07]Undefined variable /obj/item/rupee/var/swimming

runtime error: 
[10:34:07]Undefined variable /obj/item/rupee/var/swimming

runtime error: 
[10:34:07]Undefined variable /obj/item/rupee/var/swimming

runtime error: 
[10:34:07]Undefined variable /obj/item/rupee/var/swimming

runtime error: 
[10:34:07]Undefined variable /obj/item/rupee/var/swimming

runtime error: 
[10:34:07]Undefined variable /obj/item/rupee/var/swimming

runtime error: 
[10:34:07]Undefined variable /obj/item/rupee/var/swimming

runtime error: 
[10:34:07]Undefined variable /obj/item/rupee/var/swimming

runtime error: 
[10:34:07]Undefined variable /obj/item/rupee/var/swimming

runtime error: 
[10:34:07]Undefined variable /obj/item/rupee/var/swimming

runtime error: 
[10:34:07]Undefined variable /obj/item/rupee/var/swimming

runtime error: 
[10:34:07]Undefined variable /obj/item/rupee/var/swimming

runtime error: 
[10:34:07]Undefined variable /obj/item/rupee/var/swimming

runtime error: 
[10:34:07]Undefined variable /obj/item/rupee/var/swimming

runtime error: 
[10:34:07]Undefined variable /obj/item/rupee/var/swimming

runtime error: 
[10:34:07]Undefined variable /obj/item/rupee/var/swimming

runtime error: 
[10:34:07]Undefined variable /obj/item/rupee/var/swimming

runtime error: 
[10:34:07]Undefined variable /obj/item/rupee/var/swimming

runtime error: 
[10:34:07]Undefined variable /obj/item/rupee/var/swimming

runtime error: 
[10:34:07]Undefined variable /obj/item/rupee/var/swimming

runtime error: 
[10:34:07]Undefined variable /obj/item/rupee/var/swimming

runtime error: 
[10:34:07]Undefined variable /obj/item/rupee/var/swimming

runtime error: 
[10:34:07]Undefined variable /obj/item/rupee/var/swimming

runtime error: 
[10:34:07]Undefined variable /obj/item/rupee/var/swimming

runtime error: 
[10:34:07]Undefined variable /obj/item/rupee/var/swimming

runtime error: 
[10:34:07]Undefined variable /obj/item/rupee/var/swimming

runtime error: 
[10:34:07]Undefined variable /obj/item/rupee/var/swimming

runtime error: 
[10:34:07]Undefined variable /obj/item/rupee/var/swimming

runtime error: 
[10:34:07]Undefined variable /obj/item/rupee/var/swimming

runtime error: 
[10:34:07]Undefined variable /obj/structure/speaking_tile/var/swimming

runtime error: 
[10:34:07]Undefined variable /obj/machinery/abductor/gland_dispenser/var/swimming

runtime error: 
[10:34:07]Undefined variable /obj/structure/table/abductor/var/swimming

runtime error: 
[10:34:07]Undefined variable /obj/item/surgicaldrill/alien/var/swimming

runtime error: 
[10:34:08]undefined proc or verb /mob/living/simple_animal/bot/medbot/mysterious/remove overlay().

runtime error: 
[10:34:08]undefined proc or verb /mob/living/simple_animal/hostile/creature/remove overlay().

runtime error: 
[10:34:08]undefined proc or verb /mob/living/simple_animal/hostile/carp/cayenne/remove overlay().

runtime error: 
[10:34:08]undefined proc or verb /mob/dead/new_player/remove overlay().

runtime error: 
[10:34:10]Cannot execute null.add reagent().
runtime error: 
[10:34:11]Cannot execute null.add reagent().
runtime error: 
[10:34:11]Cannot execute null.add reagent().
runtime error: 
[10:34:11]Cannot execute null.add reagent().
runtime error: 
[10:34:11]Cannot execute null.add reagent().
runtime error: 
[10:34:11]undefined proc or verb /mob/living/simple_animal/bot/medbot/remove overlay().

runtime error: 
[10:34:11]undefined proc or verb /mob/living/simple_animal/cockroach/remove overlay().

runtime error: 
[10:34:11]undefined proc or verb /mob/living/simple_animal/cockroach/remove overlay().

runtime error: 
[10:34:11]undefined proc or verb /mob/living/simple_animal/cockroach/remove overlay().

runtime error: 
[10:34:11]undefined proc or verb /mob/living/simple_animal/cockroach/remove overlay().

runtime error: 
[10:34:11]undefined proc or verb /mob/living/simple_animal/cockroach/remove overlay().

runtime error: 
[10:34:11]undefined proc or verb /mob/living/simple_animal/pet/cat/Runtime/remove overlay().

runtime error: 
[10:34:12]undefined proc or verb /mob/living/simple_animal/cockroach/remove overlay().

runtime error: 
[10:34:12]undefined proc or verb /mob/living/simple_animal/pet/dog/pug/remove overlay().

runtime error: 
[10:34:12]undefined proc or verb /mob/living/simple_animal/cockroach/remove overlay().

runtime error: 
[10:34:12]undefined proc or verb /mob/living/simple_animal/cockroach/remove overlay().

runtime error: 
[10:34:12]undefined proc or verb /mob/living/simple_animal/cockroach/remove overlay().

runtime error: 
[10:34:12]undefined proc or verb /mob/living/simple_animal/slime/remove overlay().

runtime error: 
[10:34:12]undefined proc or verb /mob/living/simple_animal/slime/remove overlay().

runtime error: 
[10:34:12]undefined proc or verb /mob/living/simple_animal/slime/remove overlay().

runtime error: 
[10:34:12]undefined proc or verb /mob/living/simple_animal/cockroach/remove overlay().

runtime error: 
[10:34:12]undefined proc or verb /mob/living/simple_animal/cockroach/remove overlay().

runtime error: 
[10:34:13]undefined proc or verb /mob/living/simple_animal/pet/dog/corgi/Ian/remove overlay().

runtime error: 
[10:34:13]undefined proc or verb /mob/living/simple_animal/bot/secbot/pingsky/remove overlay().

runtime error: 
[10:34:13]undefined proc or verb /mob/living/simple_animal/parrot/Poly/remove overlay().

runtime error: 
[10:34:13]undefined proc or verb /mob/living/simple_animal/bot/secbot/beepsky/remove overlay().

runtime error: 
[10:34:13]undefined proc or verb /mob/living/simple_animal/pet/fox/Renault/remove overlay().

runtime error: 
[10:34:13]undefined proc or verb /mob/living/simple_animal/hostile/carp/cayenne/remove overlay().

runtime error: 
[10:34:13]undefined proc or verb /mob/living/simple_animal/cockroach/remove overlay().

runtime error: 
[10:34:13]undefined proc or verb /mob/living/simple_animal/hostile/retaliate/goat/remove overlay().

runtime error: 
[10:34:13]undefined proc or verb /mob/living/simple_animal/sloth/citrus/remove overlay().

runtime error: 
[10:34:13]undefined proc or verb /mob/living/simple_animal/cockroach/remove overlay().

runtime error: 
[10:34:14]undefined proc or verb /mob/living/simple_animal/mouse/remove overlay().

runtime error: 
[10:34:14]undefined proc or verb /mob/living/simple_animal/mouse/remove overlay().

runtime error: 
[10:34:14]undefined proc or verb /mob/living/simple_animal/bot/mulebot/remove overlay().

runtime error: 
[10:34:14]undefined proc or verb /mob/living/simple_animal/bot/mulebot/remove overlay().

runtime error: 
[10:34:14]undefined proc or verb /mob/living/simple_animal/cockroach/remove overlay().

runtime error: 
[10:34:14]undefined proc or verb /mob/living/simple_animal/hostile/lizard/remove overlay().

runtime error: 
[10:34:14]undefined proc or verb /mob/living/simple_animal/cockroach/remove overlay().

runtime error: 
[10:34:14]undefined proc or verb /mob/living/simple_animal/cockroach/remove overlay().

runtime error: 
[10:34:14]undefined proc or verb /mob/living/simple_animal/cockroach/remove overlay().

runtime error: 
[10:34:14]undefined proc or verb /mob/living/simple_animal/cockroach/remove overlay().

runtime error: 
[10:34:16]undefined proc or verb /mob/living/simple_animal/bot/secbot/beepsky/remove overlay().

runtime error: 
[10:34:16]undefined proc or verb /mob/living/simple_animal/hostile/asteroid/hivelord/legion/random/remove overlay().

runtime error: 
[10:34:16]undefined proc or verb /mob/living/simple_animal/hostile/asteroid/basilisk/watcher/random/remove overlay().

runtime error: 
[10:34:16]undefined proc or verb /mob/living/simple_animal/hostile/asteroid/goliath/beast/random/remove overlay().

runtime error: 
[10:34:16]undefined proc or verb /mob/living/simple_animal/hostile/asteroid/hivelord/legion/random/remove overlay().

runtime error: 
[10:34:17]undefined proc or verb /mob/living/simple_animal/hostile/asteroid/goliath/beast/random/remove overlay().

runtime error: 
[10:34:17]undefined proc or verb /mob/living/simple_animal/hostile/asteroid/goliath/beast/random/remove overlay().

runtime error: 
[10:34:17]undefined proc or verb /mob/living/simple_animal/hostile/asteroid/goliath/beast/random/remove overlay().

runtime error: 
[10:34:17]undefined proc or verb /mob/living/simple_animal/hostile/asteroid/basilisk/watcher/random/remove overlay().

runtime error: 
[10:34:17]undefined proc or verb /mob/living/simple_animal/hostile/asteroid/hivelord/legion/random/remove overlay().

Initialized 1.48477e+006 atoms
Initialized Atoms subsystem within 27.5 seconds!
Initialized Language subsystem within 0.1 seconds!
Initialized Machines subsystem within 0.4 seconds!
Initialized Circuit subsystem within 0.1 seconds!
Initialized Weather subsystem within 0 seconds!
## WARNING: There are 742 active turfs at roundstart, this is a mapping error caused by a difference of the air between the adjacent turfs. You can see its coordinates using "Mapping -> Show roundstart AT list" verb (debug verbs required)
## WARNING: HEY! LISTEN! 3 seconds were wasted processing 742 turf(s) (connected to 76311 other turfs) with atmos differences at round start.
## WARNING: build_pipeline(): /obj/machinery/atmospherics/pipe/simple/supply/hidden added to a pipenet while still having one. (pipes leading to the same spot stacking in one turf) Nearby: (187, 161, 2)
## WARNING: build_pipeline(): /obj/machinery/atmospherics/pipe/simple/supply/hidden added to a pipenet while still having one. (pipes leading to the same spot stacking in one turf) Nearby: (187, 162, 2)
## WARNING: build_pipeline(): /obj/machinery/atmospherics/pipe/simple/supply/hidden added to a pipenet while still having one. (pipes leading to the same spot stacking in one turf) Nearby: (187, 160, 2)
## WARNING: build_pipeline(): /obj/machinery/atmospherics/pipe/simple/supply/hidden added to a pipenet while still having one. (pipes leading to the same spot stacking in one turf) Nearby: (186, 162, 2)
## WARNING: build_pipeline(): /obj/machinery/atmospherics/pipe/simple/supply/hidden added to a pipenet while still having one. (pipes leading to the same spot stacking in one turf) Nearby: (187, 159, 2)
## WARNING: build_pipeline(): /obj/machinery/atmospherics/pipe/simple/supply/hidden added to a pipenet while still having one. (pipes leading to the same spot stacking in one turf) Nearby: (185, 162, 2)
## WARNING: build_pipeline(): /obj/machinery/atmospherics/pipe/simple/supply/hidden added to a pipenet while still having one. (pipes leading to the same spot stacking in one turf) Nearby: (187, 158, 2)
## WARNING: build_pipeline(): /obj/machinery/atmospherics/pipe/simple/supply/hidden added to a pipenet while still having one. (pipes leading to the same spot stacking in one turf) Nearby: (184, 162, 2)
## WARNING: build_pipeline(): /obj/machinery/atmospherics/pipe/manifold/supply/hidden added to a pipenet while still having one. (pipes leading to the same spot stacking in one turf) Nearby: (187, 157, 2)
## WARNING: build_pipeline(): /obj/machinery/atmospherics/pipe/manifold/supply/hidden added to a pipenet while still having one. (pipes leading to the same spot stacking in one turf) Nearby: (183, 162, 2)
## WARNING: build_pipeline(): further messages about pipenets will be supressed
Initialized Atmospherics subsystem within 11.7 seconds!
Initialized Minimap subsystem within 0 seconds!
Initialized Assets subsystem within 0.1 seconds!
Initialized Icon Smoothing subsystem within 2.3 seconds!
Initialized Overlay subsystem within 8.1 seconds!
Initialized XKeyScore subsystem within 0 seconds!
Initialized Lighting subsystem within 8.2 seconds!
Initialized Shuttle subsystem within 42.3 seconds!
Initialized Squeak subsystem within 0 seconds!
Loaded 0 engraved messages on map Delta Station
Initialized Persistence subsystem within 0.1 seconds!
Initializations complete within 186 seconds!
Game start took 0s
