

Starting up round ID . 19:03:24
---------------------
[19:03:24]ADMIN: Loading Banlist
[19:03:25]GAME: Saved mode is 'sandbox'
[19:04:11]GAME: Hierophant's Arena loaded at at 68,123,5
[19:04:11]GAME: Summoning Ritual loaded at at 59,179,5
[19:04:11]GAME: Survival Capsule Ruins loaded at at 190,186,5
[19:04:12]GAME: Makeshift Shelter loaded at at 134,134,5
[19:04:12]GAME: Ruin of Sloth loaded at at 85,160,5
[19:04:12]GAME: Blood-Drunk Miner (Guidance) loaded at at 192,139,5
[19:04:12]GAME: Fountain Hall loaded at at 44,180,5
[19:04:12]GAME: Ruin of Pride loaded at at 205,48,5
[19:04:12]GAME: Seed Vault loaded at at 136,165,5
[19:04:13]GAME: Ruined Pizza Party loaded at at 210,121,5
[19:04:13]GAME: Ripley loaded at at 100,65,5
[19:04:13]GAME: Abandoned Telecommunications Satellite loaded at at 107,40,9
[19:04:13]GAME: Aesthetic Outpost loaded at at 53,155,8
[19:04:13]GAME: Derelict 4 loaded at at 54,90,7
[19:04:15]GAME: Derelict Tradepost loaded at at 150,147,7
[19:04:15]GAME: Derelict 6 loaded at at 93,205,9
[19:04:15]GAME: Syndicate Listening Station loaded at at 88,147,10
[19:04:16]GAME: Ancient Space Station loaded at at 36,25,7
[19:04:17]GAME: The Twin-Nexus Hotel loaded at at 79,147,8
[19:04:17]GAME: Authorship loaded at at 146,77,4
[19:04:18]GAME: Abandoned Teleporter loaded at at 22,52,11
[19:04:19]GAME: Kosmicheskaya Stantsiya 13 loaded at at 141,87,11
[19:04:19]GAME: Asteroid 3 loaded at at 85,61,8
[19:04:19]GAME: Ordinary Space Tile loaded at at 175,55,4
[19:04:19]GAME: Asteroid 4 loaded at at 52,209,10
[19:04:19]GAME: Strange Ship loaded at at 59,117,11
[19:04:19]GAME: Dinner for Two loaded at at 184,51,3
[19:05:03]ACCESS: Login: AlcaroIsAFrick from 127.0.0.1-1817465521 || BYOND v511
[19:05:03]ACCESS: Mob Login: AlcaroIsAFrick/(AlcaroIsAFrick) was assigned to a /mob/dead/new_player
[19:06:52]ACCESS: Logout: AlcaroIsAFrick/(AlcaroIsAFrick)
