

Starting up round ID . 23:43:39
---------------------
Initialized Blackbox subsystem within 0 seconds!
Initialized Server Tasks subsystem within 0 seconds!
Initialized Events subsystem within 0 seconds!
runtime error: 
[23:43:42]cannot read from list
[23:43:42]proc name: LoadJobs (/datum/controller/subsystem/job/proc/LoadJobs)
[23:43:42]  source file: job.dm,448
[23:43:42]  usr: null
[23:43:42]  src: Jobs (/datum/controller/subsystem/job)
[23:43:42]  call stack:
[23:43:42]Jobs (/datum/controller/subsystem/job): LoadJobs()
[23:43:42]Jobs (/datum/controller/subsystem/job): Initialize(134223)
[23:43:42]Master (/datum/controller/master): Initialize(10, 0)
Initialized Jobs subsystem within 0.1 seconds!
Initialized Ticker subsystem within 0 seconds!
Loading Delta Station...
runtime error: 
[23:45:06]Cannot execute /datum/plant_gene/trait/glow (/datum/plant_gene/trait/glow).glow range().
[23:45:06]proc name: New (/obj/structure/glowshroom/New)
[23:45:06]  source file: glowshroom.dm,63
[23:45:06]  usr: null
[23:45:06]  src: the glowshroom (/obj/structure/glowshroom/single)
[23:45:06]  src.loc: Cave Floor (303,71,2) (/turf/open/floor/plating/asteroid)
[23:45:06]  call stack:
[23:45:06]the glowshroom (/obj/structure/glowshroom/single): New(Cave Floor (303,71,2) (/turf/open/floor/plating/asteroid), null, null)
[23:45:06]/dmm_suite (/dmm_suite): create atom(/obj/structure/glowshroom/sing... (/obj/structure/glowshroom/single), Cave Floor (303,71,2) (/turf/open/floor/plating/asteroid))
[23:45:06]/dmm_suite (/dmm_suite): instance atom(/obj/structure/glowshroom/sing... (/obj/structure/glowshroom/single), /list (/list), Cave Floor (303,71,2) (/turf/open/floor/plating/asteroid), 1)
[23:45:06]/dmm_suite (/dmm_suite): parse grid("/obj/structure/glowshroom/sing...", "eAW", 303, 71, 2, 1)
[23:45:06]/dmm_suite (/dmm_suite): load map impl(_maps/map_files/Deltastation/D..., 1, 1, 2, null, null, 1, -1e+031, 1e+031, -1e+031, 1e+031)
[23:45:06]/dmm_suite (/dmm_suite): load map(_maps/map_files/Deltastation/D..., 0, 0, 2, null, null, 1, null, null, null, null)
[23:45:06]Mapping (/datum/controller/subsystem/mapping): TryLoadZ("_maps/map_files/Deltastation/D...", /list (/list), 2, null)
[23:45:06]Mapping (/datum/controller/subsystem/mapping): loadWorld()
[23:45:06]Mapping (/datum/controller/subsystem/mapping): Initialize(134224)
[23:45:06]Master (/datum/controller/master): Initialize(10, 0)
runtime error: 
[23:45:06]Cannot execute /datum/plant_gene/trait/glow (/datum/plant_gene/trait/glow).glow range().
[23:45:06]proc name: New (/obj/structure/glowshroom/New)
[23:45:06]  source file: glowshroom.dm,63
[23:45:06]  usr: null
[23:45:06]  src: the glowshroom (/obj/structure/glowshroom/single)
[23:45:06]  src.loc: Cave Floor (306,70,2) (/turf/open/floor/plating/asteroid)
[23:45:06]  call stack:
[23:45:06]the glowshroom (/obj/structure/glowshroom/single): New(Cave Floor (306,70,2) (/turf/open/floor/plating/asteroid), null, null)
[23:45:06]/dmm_suite (/dmm_suite): create atom(/obj/structure/glowshroom/sing... (/obj/structure/glowshroom/single), Cave Floor (306,70,2) (/turf/open/floor/plating/asteroid))
[23:45:06]/dmm_suite (/dmm_suite): instance atom(/obj/structure/glowshroom/sing... (/obj/structure/glowshroom/single), /list (/list), Cave Floor (306,70,2) (/turf/open/floor/plating/asteroid), 1)
[23:45:06]/dmm_suite (/dmm_suite): parse grid("/obj/structure/glowshroom/sing...", "eAW", 306, 70, 2, 1)
[23:45:06]/dmm_suite (/dmm_suite): load map impl(_maps/map_files/Deltastation/D..., 1, 1, 2, null, null, 1, -1e+031, 1e+031, -1e+031, 1e+031)
[23:45:06]/dmm_suite (/dmm_suite): load map(_maps/map_files/Deltastation/D..., 0, 0, 2, null, null, 1, null, null, null, null)
[23:45:06]Mapping (/datum/controller/subsystem/mapping): TryLoadZ("_maps/map_files/Deltastation/D...", /list (/list), 2, null)
[23:45:06]Mapping (/datum/controller/subsystem/mapping): loadWorld()
[23:45:06]Mapping (/datum/controller/subsystem/mapping): Initialize(134224)
[23:45:06]Master (/datum/controller/master): Initialize(10, 0)
runtime error: 
[23:45:06]Cannot execute /datum/plant_gene/trait/glow (/datum/plant_gene/trait/glow).glow range().
[23:45:06]proc name: New (/obj/structure/glowshroom/New)
[23:45:06]  source file: glowshroom.dm,63
[23:45:06]  usr: null
[23:45:06]  src: the glowshroom (/obj/structure/glowshroom/single)
[23:45:06]  src.loc: Cave Floor (309,70,2) (/turf/open/floor/plating/asteroid)
[23:45:06]  call stack:
[23:45:06]the glowshroom (/obj/structure/glowshroom/single): New(Cave Floor (309,70,2) (/turf/open/floor/plating/asteroid), null, null)
[23:45:06]/dmm_suite (/dmm_suite): create atom(/obj/structure/glowshroom/sing... (/obj/structure/glowshroom/single), Cave Floor (309,70,2) (/turf/open/floor/plating/asteroid))
[23:45:06]/dmm_suite (/dmm_suite): instance atom(/obj/structure/glowshroom/sing... (/obj/structure/glowshroom/single), /list (/list), Cave Floor (309,70,2) (/turf/open/floor/plating/asteroid), 1)
[23:45:06]/dmm_suite (/dmm_suite): parse grid("/obj/structure/glowshroom/sing...", "eAW", 309, 70, 2, 1)
[23:45:06]/dmm_suite (/dmm_suite): load map impl(_maps/map_files/Deltastation/D..., 1, 1, 2, null, null, 1, -1e+031, 1e+031, -1e+031, 1e+031)
[23:45:06]/dmm_suite (/dmm_suite): load map(_maps/map_files/Deltastation/D..., 0, 0, 2, null, null, 1, null, null, null, null)
[23:45:06]Mapping (/datum/controller/subsystem/mapping): TryLoadZ("_maps/map_files/Deltastation/D...", /list (/list), 2, null)
[23:45:06]Mapping (/datum/controller/subsystem/mapping): loadWorld()
[23:45:06]Mapping (/datum/controller/subsystem/mapping): Initialize(134224)
[23:45:06]Master (/datum/controller/master): Initialize(10, 0)
runtime error: 
[23:45:06]Cannot execute /datum/plant_gene/trait/glow (/datum/plant_gene/trait/glow).glow range().
[23:45:06]proc name: New (/obj/structure/glowshroom/New)
[23:45:06]  source file: glowshroom.dm,63
[23:45:06]  usr: null
[23:45:06]  src: the glowshroom (/obj/structure/glowshroom/single)
[23:45:06]  src.loc: Cave Floor (302,69,2) (/turf/open/floor/plating/asteroid)
[23:45:06]  call stack:
[23:45:06]the glowshroom (/obj/structure/glowshroom/single): New(Cave Floor (302,69,2) (/turf/open/floor/plating/asteroid), null, null)
[23:45:06]/dmm_suite (/dmm_suite): create atom(/obj/structure/glowshroom/sing... (/obj/structure/glowshroom/single), Cave Floor (302,69,2) (/turf/open/floor/plating/asteroid))
[23:45:06]/dmm_suite (/dmm_suite): instance atom(/obj/structure/glowshroom/sing... (/obj/structure/glowshroom/single), /list (/list), Cave Floor (302,69,2) (/turf/open/floor/plating/asteroid), 1)
[23:45:06]/dmm_suite (/dmm_suite): parse grid("/obj/structure/glowshroom/sing...", "eAW", 302, 69, 2, 1)
[23:45:06]/dmm_suite (/dmm_suite): load map impl(_maps/map_files/Deltastation/D..., 1, 1, 2, null, null, 1, -1e+031, 1e+031, -1e+031, 1e+031)
[23:45:06]/dmm_suite (/dmm_suite): load map(_maps/map_files/Deltastation/D..., 0, 0, 2, null, null, 1, null, null, null, null)
[23:45:06]Mapping (/datum/controller/subsystem/mapping): TryLoadZ("_maps/map_files/Deltastation/D...", /list (/list), 2, null)
[23:45:06]Mapping (/datum/controller/subsystem/mapping): loadWorld()
[23:45:06]Mapping (/datum/controller/subsystem/mapping): Initialize(134224)
[23:45:06]Master (/datum/controller/master): Initialize(10, 0)
runtime error: 
[23:45:06]Cannot execute /datum/plant_gene/trait/glow (/datum/plant_gene/trait/glow).glow range().
[23:45:06]proc name: New (/obj/structure/glowshroom/New)
[23:45:06]  source file: glowshroom.dm,63
[23:45:06]  usr: null
[23:45:06]  src: the glowshroom (/obj/structure/glowshroom/single)
[23:45:06]  src.loc: Cave Floor (296,55,2) (/turf/open/floor/plating/asteroid)
[23:45:06]  call stack:
[23:45:06]the glowshroom (/obj/structure/glowshroom/single): New(Cave Floor (296,55,2) (/turf/open/floor/plating/asteroid), null, null)
[23:45:06]/dmm_suite (/dmm_suite): create atom(/obj/structure/glowshroom/sing... (/obj/structure/glowshroom/single), Cave Floor (296,55,2) (/turf/open/floor/plating/asteroid))
[23:45:06]/dmm_suite (/dmm_suite): instance atom(/obj/structure/glowshroom/sing... (/obj/structure/glowshroom/single), /list (/list), Cave Floor (296,55,2) (/turf/open/floor/plating/asteroid), 1)
[23:45:06]/dmm_suite (/dmm_suite): parse grid("/obj/structure/glowshroom/sing...", "eFJ", 296, 55, 2, 1)
[23:45:06]/dmm_suite (/dmm_suite): load map impl(_maps/map_files/Deltastation/D..., 1, 1, 2, null, null, 1, -1e+031, 1e+031, -1e+031, 1e+031)
[23:45:06]/dmm_suite (/dmm_suite): load map(_maps/map_files/Deltastation/D..., 0, 0, 2, null, null, 1, null, null, null, null)
[23:45:06]Mapping (/datum/controller/subsystem/mapping): TryLoadZ("_maps/map_files/Deltastation/D...", /list (/list), 2, null)
[23:45:06]Mapping (/datum/controller/subsystem/mapping): loadWorld()
[23:45:06]Mapping (/datum/controller/subsystem/mapping): Initialize(134224)
[23:45:06]Master (/datum/controller/master): Initialize(10, 0)
runtime error: 
[23:45:07]Cannot execute /datum/plant_gene/trait/glow (/datum/plant_gene/trait/glow).glow range().
[23:45:07]proc name: New (/obj/structure/glowshroom/New)
[23:45:07]  source file: glowshroom.dm,63
[23:45:07]  usr: null
[23:45:07]  src: the glowshroom (/obj/structure/glowshroom/single)
[23:45:07]  src.loc: Cave Floor (299,55,2) (/turf/open/floor/plating/asteroid)
[23:45:07]  call stack:
[23:45:07]the glowshroom (/obj/structure/glowshroom/single): New(Cave Floor (299,55,2) (/turf/open/floor/plating/asteroid), null, null)
[23:45:07]/dmm_suite (/dmm_suite): create atom(/obj/structure/glowshroom/sing... (/obj/structure/glowshroom/single), Cave Floor (299,55,2) (/turf/open/floor/plating/asteroid))
[23:45:07]/dmm_suite (/dmm_suite): instance atom(/obj/structure/glowshroom/sing... (/obj/structure/glowshroom/single), /list (/list), Cave Floor (299,55,2) (/turf/open/floor/plating/asteroid), 1)
[23:45:07]/dmm_suite (/dmm_suite): parse grid("/obj/structure/glowshroom/sing...", "eFJ", 299, 55, 2, 1)
[23:45:07]/dmm_suite (/dmm_suite): load map impl(_maps/map_files/Deltastation/D..., 1, 1, 2, null, null, 1, -1e+031, 1e+031, -1e+031, 1e+031)
[23:45:07]/dmm_suite (/dmm_suite): load map(_maps/map_files/Deltastation/D..., 0, 0, 2, null, null, 1, null, null, null, null)
[23:45:07]Mapping (/datum/controller/subsystem/mapping): TryLoadZ("_maps/map_files/Deltastation/D...", /list (/list), 2, null)
[23:45:07]Mapping (/datum/controller/subsystem/mapping): loadWorld()
[23:45:07]Mapping (/datum/controller/subsystem/mapping): Initialize(134224)
[23:45:07]Master (/datum/controller/master): Initialize(10, 0)
runtime error: 
[23:45:07]Cannot execute /datum/plant_gene/trait/glow (/datum/plant_gene/trait/glow).glow range().
[23:45:07]proc name: New (/obj/structure/glowshroom/New)
[23:45:07]  source file: glowshroom.dm,63
[23:45:07]  usr: null
[23:45:07]  src: the glowshroom (/obj/structure/glowshroom/single)
[23:45:07]  src.loc: Cave Floor (283,53,2) (/turf/open/floor/plating/asteroid)
[23:45:07]  call stack:
[23:45:07]the glowshroom (/obj/structure/glowshroom/single): New(Cave Floor (283,53,2) (/turf/open/floor/plating/asteroid), null, null)
[23:45:07]/dmm_suite (/dmm_suite): create atom(/obj/structure/glowshroom/sing... (/obj/structure/glowshroom/single), Cave Floor (283,53,2) (/turf/open/floor/plating/asteroid))
[23:45:07]/dmm_suite (/dmm_suite): instance atom(/obj/structure/glowshroom/sing... (/obj/structure/glowshroom/single), /list (/list), Cave Floor (283,53,2) (/turf/open/floor/plating/asteroid), 1)
[23:45:07]/dmm_suite (/dmm_suite): parse grid("/obj/structure/glowshroom/sing...", "eFJ", 283, 53, 2, 1)
[23:45:07]/dmm_suite (/dmm_suite): load map impl(_maps/map_files/Deltastation/D..., 1, 1, 2, null, null, 1, -1e+031, 1e+031, -1e+031, 1e+031)
[23:45:07]/dmm_suite (/dmm_suite): load map(_maps/map_files/Deltastation/D..., 0, 0, 2, null, null, 1, null, null, null, null)
[23:45:07]Mapping (/datum/controller/subsystem/mapping): TryLoadZ("_maps/map_files/Deltastation/D...", /list (/list), 2, null)
[23:45:07]Mapping (/datum/controller/subsystem/mapping): loadWorld()
[23:45:07]Mapping (/datum/controller/subsystem/mapping): Initialize(134224)
[23:45:07]Master (/datum/controller/master): Initialize(10, 0)
runtime error: 
[23:45:07]Cannot execute /datum/plant_gene/trait/glow (/datum/plant_gene/trait/glow).glow range().
[23:45:07]proc name: New (/obj/structure/glowshroom/New)
[23:45:07]  source file: glowshroom.dm,63
[23:45:07]  usr: null
[23:45:07]  src: the glowshroom (/obj/structure/glowshroom/single)
[23:45:07]  src.loc: Cave Floor (302,53,2) (/turf/open/floor/plating/asteroid)
[23:45:07]  call stack:
[23:45:07]the glowshroom (/obj/structure/glowshroom/single): New(Cave Floor (302,53,2) (/turf/open/floor/plating/asteroid), null, null)
[23:45:07]/dmm_suite (/dmm_suite): create atom(/obj/structure/glowshroom/sing... (/obj/structure/glowshroom/single), Cave Floor (302,53,2) (/turf/open/floor/plating/asteroid))
[23:45:07]/dmm_suite (/dmm_suite): instance atom(/obj/structure/glowshroom/sing... (/obj/structure/glowshroom/single), /list (/list), Cave Floor (302,53,2) (/turf/open/floor/plating/asteroid), 1)
[23:45:07]/dmm_suite (/dmm_suite): parse grid("/obj/structure/glowshroom/sing...", "eFJ", 302, 53, 2, 1)
[23:45:07]/dmm_suite (/dmm_suite): load map impl(_maps/map_files/Deltastation/D..., 1, 1, 2, null, null, 1, -1e+031, 1e+031, -1e+031, 1e+031)
[23:45:07]/dmm_suite (/dmm_suite): load map(_maps/map_files/Deltastation/D..., 0, 0, 2, null, null, 1, null, null, null, null)
[23:45:07]Mapping (/datum/controller/subsystem/mapping): TryLoadZ("_maps/map_files/Deltastation/D...", /list (/list), 2, null)
[23:45:07]Mapping (/datum/controller/subsystem/mapping): loadWorld()
[23:45:07]Mapping (/datum/controller/subsystem/mapping): Initialize(134224)
[23:45:07]Master (/datum/controller/master): Initialize(10, 0)
runtime error: 
[23:45:07]Cannot execute /datum/plant_gene/trait/glow (/datum/plant_gene/trait/glow).glow range().
[23:45:07]proc name: New (/obj/structure/glowshroom/New)
[23:45:07]  source file: glowshroom.dm,63
[23:45:07]  usr: null
[23:45:07]  src: the glowshroom (/obj/structure/glowshroom/single)
[23:45:07]  src.loc: Cave Floor (276,52,2) (/turf/open/floor/plating/asteroid)
[23:45:07]  call stack:
[23:45:07]the glowshroom (/obj/structure/glowshroom/single): New(Cave Floor (276,52,2) (/turf/open/floor/plating/asteroid), null, null)
[23:45:07]/dmm_suite (/dmm_suite): create atom(/obj/structure/glowshroom/sing... (/obj/structure/glowshroom/single), Cave Floor (276,52,2) (/turf/open/floor/plating/asteroid))
[23:45:07]/dmm_suite (/dmm_suite): instance atom(/obj/structure/glowshroom/sing... (/obj/structure/glowshroom/single), /list (/list), Cave Floor (276,52,2) (/turf/open/floor/plating/asteroid), 1)
[23:45:07]/dmm_suite (/dmm_suite): parse grid("/obj/structure/glowshroom/sing...", "eFJ", 276, 52, 2, 1)
[23:45:07]/dmm_suite (/dmm_suite): load map impl(_maps/map_files/Deltastation/D..., 1, 1, 2, null, null, 1, -1e+031, 1e+031, -1e+031, 1e+031)
[23:45:07]/dmm_suite (/dmm_suite): load map(_maps/map_files/Deltastation/D..., 0, 0, 2, null, null, 1, null, null, null, null)
[23:45:07]Mapping (/datum/controller/subsystem/mapping): TryLoadZ("_maps/map_files/Deltastation/D...", /list (/list), 2, null)
[23:45:07]Mapping (/datum/controller/subsystem/mapping): loadWorld()
[23:45:07]Mapping (/datum/controller/subsystem/mapping): Initialize(134224)
[23:45:07]Master (/datum/controller/master): Initialize(10, 0)
runtime error: 
[23:45:07]Cannot execute /datum/plant_gene/trait/glow (/datum/plant_gene/trait/glow).glow range().
[23:45:07]proc name: New (/obj/structure/glowshroom/New)
[23:45:07]  source file: glowshroom.dm,63
[23:45:07]  usr: null
[23:45:07]  src: the glowshroom (/obj/structure/glowshroom/single)
[23:45:07]  src.loc: Cave Floor (292,51,2) (/turf/open/floor/plating/asteroid)
[23:45:07]  call stack:
[23:45:07]the glowshroom (/obj/structure/glowshroom/single): New(Cave Floor (292,51,2) (/turf/open/floor/plating/asteroid), null, null)
[23:45:07]/dmm_suite (/dmm_suite): create atom(/obj/structure/glowshroom/sing... (/obj/structure/glowshroom/single), Cave Floor (292,51,2) (/turf/open/floor/plating/asteroid))
[23:45:07]/dmm_suite (/dmm_suite): instance atom(/obj/structure/glowshroom/sing... (/obj/structure/glowshroom/single), /list (/list), Cave Floor (292,51,2) (/turf/open/floor/plating/asteroid), 1)
[23:45:07]/dmm_suite (/dmm_suite): parse grid("/obj/structure/glowshroom/sing...", "eFJ", 292, 51, 2, 1)
[23:45:07]/dmm_suite (/dmm_suite): load map impl(_maps/map_files/Deltastation/D..., 1, 1, 2, null, null, 1, -1e+031, 1e+031, -1e+031, 1e+031)
[23:45:07]/dmm_suite (/dmm_suite): load map(_maps/map_files/Deltastation/D..., 0, 0, 2, null, null, 1, null, null, null, null)
[23:45:07]Mapping (/datum/controller/subsystem/mapping): TryLoadZ("_maps/map_files/Deltastation/D...", /list (/list), 2, null)
[23:45:07]Mapping (/datum/controller/subsystem/mapping): loadWorld()
[23:45:07]Mapping (/datum/controller/subsystem/mapping): Initialize(134224)
[23:45:07]Master (/datum/controller/master): Initialize(10, 0)
runtime error: 
[23:45:07]Cannot execute /datum/plant_gene/trait/glow (/datum/plant_gene/trait/glow).glow range().
[23:45:07]proc name: New (/obj/structure/glowshroom/New)
[23:45:07]  source file: glowshroom.dm,63
[23:45:07]  usr: null
[23:45:07]  src: the glowshroom (/obj/structure/glowshroom/single)
[23:45:07]  src.loc: Cave Floor (295,51,2) (/turf/open/floor/plating/asteroid)
[23:45:07]  call stack:
[23:45:07]the glowshroom (/obj/structure/glowshroom/single): New(Cave Floor (295,51,2) (/turf/open/floor/plating/asteroid), null, null)
[23:45:07]/dmm_suite (/dmm_suite): create atom(/obj/structure/glowshroom/sing... (/obj/structure/glowshroom/single), Cave Floor (295,51,2) (/turf/open/floor/plating/asteroid))
[23:45:07]/dmm_suite (/dmm_suite): instance atom(/obj/structure/glowshroom/sing... (/obj/structure/glowshroom/single), /list (/list), Cave Floor (295,51,2) (/turf/open/floor/plating/asteroid), 1)
[23:45:07]/dmm_suite (/dmm_suite): parse grid("/obj/structure/glowshroom/sing...", "eFJ", 295, 51, 2, 1)
[23:45:07]/dmm_suite (/dmm_suite): load map impl(_maps/map_files/Deltastation/D..., 1, 1, 2, null, null, 1, -1e+031, 1e+031, -1e+031, 1e+031)
[23:45:07]/dmm_suite (/dmm_suite): load map(_maps/map_files/Deltastation/D..., 0, 0, 2, null, null, 1, null, null, null, null)
[23:45:07]Mapping (/datum/controller/subsystem/mapping): TryLoadZ("_maps/map_files/Deltastation/D...", /list (/list), 2, null)
[23:45:07]Mapping (/datum/controller/subsystem/mapping): loadWorld()
[23:45:07]Mapping (/datum/controller/subsystem/mapping): Initialize(134224)
[23:45:07]Master (/datum/controller/master): Initialize(10, 0)
runtime error: 
[23:45:07]Cannot execute /datum/plant_gene/trait/glow (/datum/plant_gene/trait/glow).glow range().
[23:45:07]proc name: New (/obj/structure/glowshroom/New)
[23:45:07]  source file: glowshroom.dm,63
[23:45:07]  usr: null
[23:45:07]  src: the glowshroom (/obj/structure/glowshroom/single)
[23:45:07]  src.loc: Cave Floor (258,49,2) (/turf/open/floor/plating/asteroid)
[23:45:07]  call stack:
[23:45:07]the glowshroom (/obj/structure/glowshroom/single): New(Cave Floor (258,49,2) (/turf/open/floor/plating/asteroid), null, null)
[23:45:07]/dmm_suite (/dmm_suite): create atom(/obj/structure/glowshroom/sing... (/obj/structure/glowshroom/single), Cave Floor (258,49,2) (/turf/open/floor/plating/asteroid))
[23:45:07]/dmm_suite (/dmm_suite): instance atom(/obj/structure/glowshroom/sing... (/obj/structure/glowshroom/single), /list (/list), Cave Floor (258,49,2) (/turf/open/floor/plating/asteroid), 1)
[23:45:07]/dmm_suite (/dmm_suite): parse grid("/obj/structure/glowshroom/sing...", "eFJ", 258, 49, 2, 1)
[23:45:07]/dmm_suite (/dmm_suite): load map impl(_maps/map_files/Deltastation/D..., 1, 1, 2, null, null, 1, -1e+031, 1e+031, -1e+031, 1e+031)
[23:45:07]/dmm_suite (/dmm_suite): load map(_maps/map_files/Deltastation/D..., 0, 0, 2, null, null, 1, null, null, null, null)
[23:45:07]Mapping (/datum/controller/subsystem/mapping): TryLoadZ("_maps/map_files/Deltastation/D...", /list (/list), 2, null)
[23:45:07]Mapping (/datum/controller/subsystem/mapping): loadWorld()
[23:45:07]Mapping (/datum/controller/subsystem/mapping): Initialize(134224)
[23:45:07]Master (/datum/controller/master): Initialize(10, 0)
runtime error: 
[23:45:07]Cannot execute /datum/plant_gene/trait/glow (/datum/plant_gene/trait/glow).glow range().
[23:45:07]proc name: New (/obj/structure/glowshroom/New)
[23:45:07]  source file: glowshroom.dm,63
[23:45:07]  usr: null
[23:45:07]  src: the glowshroom (/obj/structure/glowshroom/single)
[23:45:07]  src.loc: Cave Floor (275,49,2) (/turf/open/floor/plating/asteroid)
[23:45:07]  call stack:
[23:45:07]the glowshroom (/obj/structure/glowshroom/single): New(Cave Floor (275,49,2) (/turf/open/floor/plating/asteroid), null, null)
[23:45:07]/dmm_suite (/dmm_suite): create atom(/obj/structure/glowshroom/sing... (/obj/structure/glowshroom/single), Cave Floor (275,49,2) (/turf/open/floor/plating/asteroid))
[23:45:07]/dmm_suite (/dmm_suite): instance atom(/obj/structure/glowshroom/sing... (/obj/structure/glowshroom/single), /list (/list), Cave Floor (275,49,2) (/turf/open/floor/plating/asteroid), 1)
[23:45:07]/dmm_suite (/dmm_suite): parse grid("/obj/structure/glowshroom/sing...", "eFJ", 275, 49, 2, 1)
[23:45:07]/dmm_suite (/dmm_suite): load map impl(_maps/map_files/Deltastation/D..., 1, 1, 2, null, null, 1, -1e+031, 1e+031, -1e+031, 1e+031)
[23:45:07]/dmm_suite (/dmm_suite): load map(_maps/map_files/Deltastation/D..., 0, 0, 2, null, null, 1, null, null, null, null)
[23:45:07]Mapping (/datum/controller/subsystem/mapping): TryLoadZ("_maps/map_files/Deltastation/D...", /list (/list), 2, null)
[23:45:07]Mapping (/datum/controller/subsystem/mapping): loadWorld()
[23:45:07]Mapping (/datum/controller/subsystem/mapping): Initialize(134224)
[23:45:07]Master (/datum/controller/master): Initialize(10, 0)
runtime error: 
[23:45:07]Cannot execute /datum/plant_gene/trait/glow (/datum/plant_gene/trait/glow).glow range().
[23:45:07]proc name: New (/obj/structure/glowshroom/New)
[23:45:07]  source file: glowshroom.dm,63
[23:45:07]  usr: null
[23:45:07]  src: the glowshroom (/obj/structure/glowshroom/single)
[23:45:07]  src.loc: Cave Floor (261,48,2) (/turf/open/floor/plating/asteroid)
[23:45:07]  call stack:
[23:45:07]the glowshroom (/obj/structure/glowshroom/single): New(Cave Floor (261,48,2) (/turf/open/floor/plating/asteroid), null, null)
[23:45:07]/dmm_suite (/dmm_suite): create atom(/obj/structure/glowshroom/sing... (/obj/structure/glowshroom/single), Cave Floor (261,48,2) (/turf/open/floor/plating/asteroid))
[23:45:07]/dmm_suite (/dmm_suite): instance atom(/obj/structure/glowshroom/sing... (/obj/structure/glowshroom/single), /list (/list), Cave Floor (261,48,2) (/turf/open/floor/plating/asteroid), 1)
[23:45:07]/dmm_suite (/dmm_suite): parse grid("/obj/structure/glowshroom/sing...", "eFJ", 261, 48, 2, 1)
[23:45:07]/dmm_suite (/dmm_suite): load map impl(_maps/map_files/Deltastation/D..., 1, 1, 2, null, null, 1, -1e+031, 1e+031, -1e+031, 1e+031)
[23:45:07]/dmm_suite (/dmm_suite): load map(_maps/map_files/Deltastation/D..., 0, 0, 2, null, null, 1, null, null, null, null)
[23:45:07]Mapping (/datum/controller/subsystem/mapping): TryLoadZ("_maps/map_files/Deltastation/D...", /list (/list), 2, null)
[23:45:07]Mapping (/datum/controller/subsystem/mapping): loadWorld()
[23:45:07]Mapping (/datum/controller/subsystem/mapping): Initialize(134224)
[23:45:07]Master (/datum/controller/master): Initialize(10, 0)
runtime error: 
[23:45:07]Cannot execute /datum/plant_gene/trait/glow (/datum/plant_gene/trait/glow).glow range().
[23:45:07]proc name: New (/obj/structure/glowshroom/New)
[23:45:07]  source file: glowshroom.dm,63
[23:45:07]  usr: null
[23:45:07]  src: the glowshroom (/obj/structure/glowshroom/single)
[23:45:07]  src.loc: Cave Floor (292,48,2) (/turf/open/floor/plating/asteroid)
[23:45:07]  call stack:
[23:45:07]the glowshroom (/obj/structure/glowshroom/single): New(Cave Floor (292,48,2) (/turf/open/floor/plating/asteroid), null, null)
[23:45:07]/dmm_suite (/dmm_suite): create atom(/obj/structure/glowshroom/sing... (/obj/structure/glowshroom/single), Cave Floor (292,48,2) (/turf/open/floor/plating/asteroid))
[23:45:07]/dmm_suite (/dmm_suite): instance atom(/obj/structure/glowshroom/sing... (/obj/structure/glowshroom/single), /list (/list), Cave Floor (292,48,2) (/turf/open/floor/plating/asteroid), 1)
[23:45:07]/dmm_suite (/dmm_suite): parse grid("/obj/structure/glowshroom/sing...", "eFJ", 292, 48, 2, 1)
[23:45:07]/dmm_suite (/dmm_suite): load map impl(_maps/map_files/Deltastation/D..., 1, 1, 2, null, null, 1, -1e+031, 1e+031, -1e+031, 1e+031)
[23:45:07]/dmm_suite (/dmm_suite): load map(_maps/map_files/Deltastation/D..., 0, 0, 2, null, null, 1, null, null, null, null)
[23:45:07]Mapping (/datum/controller/subsystem/mapping): TryLoadZ("_maps/map_files/Deltastation/D...", /list (/list), 2, null)
[23:45:07]Mapping (/datum/controller/subsystem/mapping): loadWorld()
[23:45:07]Mapping (/datum/controller/subsystem/mapping): Initialize(134224)
[23:45:07]Master (/datum/controller/master): Initialize(10, 0)
runtime error: 
[23:45:07]Cannot execute /datum/plant_gene/trait/glow (/datum/plant_gene/trait/glow).glow range().
[23:45:07]proc name: New (/obj/structure/glowshroom/New)
[23:45:07]  source file: glowshroom.dm,63
runtime error: 
[23:45:07]Cannot execute /datum/plant_gene/trait/glow (/datum/plant_gene/trait/glow).glow range().
[23:45:07]proc name: New (/obj/structure/glowshroom/New)
[23:45:07]  source file: glowshroom.dm,63
runtime error: 
[23:45:07]Cannot execute /datum/plant_gene/trait/glow (/datum/plant_gene/trait/glow).glow range().
[23:45:07]proc name: New (/obj/structure/glowshroom/New)
[23:45:07]  source file: glowshroom.dm,63
runtime error: 
[23:45:07]Cannot execute /datum/plant_gene/trait/glow (/datum/plant_gene/trait/glow).glow range().
[23:45:07]proc name: New (/obj/structure/glowshroom/New)
[23:45:07]  source file: glowshroom.dm,63
runtime error: 
[23:45:07]Cannot execute /datum/plant_gene/trait/glow (/datum/plant_gene/trait/glow).glow range().
[23:45:07]proc name: New (/obj/structure/glowshroom/New)
[23:45:07]  source file: glowshroom.dm,63
runtime error: 
[23:45:07]Cannot execute /datum/plant_gene/trait/glow (/datum/plant_gene/trait/glow).glow range().
[23:45:07]proc name: New (/obj/structure/glowshroom/New)
[23:45:07]  source file: glowshroom.dm,63
runtime error: 
[23:45:07]Cannot execute /datum/plant_gene/trait/glow (/datum/plant_gene/trait/glow).glow range().
[23:45:07]proc name: New (/obj/structure/glowshroom/New)
[23:45:07]  source file: glowshroom.dm,63
runtime error: 
[23:45:07]Cannot execute /datum/plant_gene/trait/glow (/datum/plant_gene/trait/glow).glow range().
[23:45:07]proc name: New (/obj/structure/glowshroom/New)
[23:45:07]  source file: glowshroom.dm,63
runtime error: 
[23:45:07]Cannot execute /datum/plant_gene/trait/glow (/datum/plant_gene/trait/glow).glow range().
[23:45:07]proc name: New (/obj/structure/glowshroom/New)
[23:45:07]  source file: glowshroom.dm,63
runtime error: 
[23:45:07]Cannot execute /datum/plant_gene/trait/glow (/datum/plant_gene/trait/glow).glow range().
[23:45:07]proc name: New (/obj/structure/glowshroom/New)
[23:45:07]  source file: glowshroom.dm,63
runtime error: 
[23:45:07]Cannot execute /datum/plant_gene/trait/glow (/datum/plant_gene/trait/glow).glow range().
[23:45:07]proc name: New (/obj/structure/glowshroom/New)
[23:45:07]  source file: glowshroom.dm,63
runtime error: 
[23:45:07]Cannot execute /datum/plant_gene/trait/glow (/datum/plant_gene/trait/glow).glow range().
[23:45:07]proc name: New (/obj/structure/glowshroom/New)
[23:45:07]  source file: glowshroom.dm,63
runtime error: 
[23:45:07]Cannot execute /datum/plant_gene/trait/glow (/datum/plant_gene/trait/glow).glow range().
[23:45:07]proc name: New (/obj/structure/glowshroom/New)
[23:45:07]  source file: glowshroom.dm,63
runtime error: 
[23:45:07]Cannot execute /datum/plant_gene/trait/glow (/datum/plant_gene/trait/glow).glow range().
[23:45:07]proc name: New (/obj/structure/glowshroom/New)
[23:45:07]  source file: glowshroom.dm,63
runtime error: 
[23:45:07]Cannot execute /datum/plant_gene/trait/glow (/datum/plant_gene/trait/glow).glow range().
[23:45:07]proc name: New (/obj/structure/glowshroom/New)
[23:45:07]  source file: glowshroom.dm,63
runtime error: 
[23:45:07]Cannot execute /datum/plant_gene/trait/glow (/datum/plant_gene/trait/glow).glow range().
[23:45:07]proc name: New (/obj/structure/glowshroom/New)
[23:45:07]  source file: glowshroom.dm,63
runtime error: 
[23:45:07]Cannot execute /datum/plant_gene/trait/glow (/datum/plant_gene/trait/glow).glow range().
[23:45:07]proc name: New (/obj/structure/glowshroom/New)
[23:45:07]  source file: glowshroom.dm,63
runtime error: 
[23:45:07]Cannot execute /datum/plant_gene/trait/glow (/datum/plant_gene/trait/glow).glow range().
[23:45:07]proc name: New (/obj/structure/glowshroom/New)
[23:45:07]  source file: glowshroom.dm,63
runtime error: 
[23:45:08]Cannot execute /datum/plant_gene/trait/glow (/datum/plant_gene/trait/glow).glow range().
[23:45:08]proc name: New (/obj/structure/glowshroom/New)
[23:45:08]  source file: glowshroom.dm,63
runtime error: 
[23:45:08]Cannot execute /datum/plant_gene/trait/glow (/datum/plant_gene/trait/glow).glow range().
[23:45:08]proc name: New (/obj/structure/glowshroom/New)
[23:45:08]  source file: glowshroom.dm,63
runtime error: 
[23:45:08]Cannot execute /datum/plant_gene/trait/glow (/datum/plant_gene/trait/glow).glow range().
[23:45:08]proc name: New (/obj/structure/glowshroom/New)
[23:45:08]  source file: glowshroom.dm,63
runtime error: 
[23:45:08]Cannot execute /datum/plant_gene/trait/glow (/datum/plant_gene/trait/glow).glow range().
[23:45:08]proc name: New (/obj/structure/glowshroom/New)
[23:45:08]  source file: glowshroom.dm,63
runtime error: 
[23:45:08]Cannot execute /datum/plant_gene/trait/glow (/datum/plant_gene/trait/glow).glow range().
[23:45:08]proc name: New (/obj/structure/glowshroom/New)
[23:45:08]  source file: glowshroom.dm,63
runtime error: 
[23:45:08]Cannot execute /datum/plant_gene/trait/glow (/datum/plant_gene/trait/glow).glow range().
[23:45:08]proc name: New (/obj/structure/glowshroom/New)
[23:45:08]  source file: glowshroom.dm,63
runtime error: 
[23:45:08]Cannot execute /datum/plant_gene/trait/glow (/datum/plant_gene/trait/glow).glow range().
[23:45:08]proc name: New (/obj/structure/glowshroom/New)
[23:45:08]  source file: glowshroom.dm,63
runtime error: 
[23:45:08]Cannot execute /datum/plant_gene/trait/glow (/datum/plant_gene/trait/glow).glow range().
[23:45:08]proc name: New (/obj/structure/glowshroom/New)
[23:45:08]  source file: glowshroom.dm,63
Loaded station in 86.1s!
Initialized Mapping subsystem within 90.4 seconds!
runtime error: 
[23:45:13]Cannot execute null.add reagent().
[23:45:13]proc name: Initialize (/obj/effect/decal/cleanable/blood/gibs/Initialize)
[23:45:13]  source file: humans.dm,57
runtime error: 
[23:45:13]Cannot execute null.add reagent().
[23:45:13]proc name: Initialize (/obj/effect/decal/cleanable/blood/gibs/Initialize)
[23:45:13]  source file: humans.dm,57
runtime error: 
[23:45:13]Cannot execute null.add reagent().
[23:45:13]proc name: Initialize (/obj/effect/decal/cleanable/blood/gibs/Initialize)
[23:45:13]  source file: humans.dm,57
runtime error: 
[23:45:13]Cannot execute null.add reagent().
[23:45:13]proc name: Initialize (/obj/effect/decal/cleanable/blood/gibs/Initialize)
[23:45:13]  source file: humans.dm,57
runtime error: 
[23:45:13]Cannot execute null.add reagent().
[23:45:13]proc name: Initialize (/obj/effect/decal/cleanable/oil/Initialize)
[23:45:13]  source file: robots.dm,52
runtime error: 
[23:45:13]Cannot execute null.add reagent().
[23:45:13]proc name: Initialize (/obj/effect/decal/cleanable/oil/Initialize)
[23:45:13]  source file: robots.dm,52
runtime error: 
[23:45:15]Cannot execute null.add reagent().
[23:45:15]proc name: Initialize (/obj/effect/decal/cleanable/oil/Initialize)
[23:45:15]  source file: robots.dm,52
runtime error: 
[23:45:15]Cannot execute null.add reagent().
[23:45:15]proc name: Initialize (/obj/effect/decal/cleanable/oil/Initialize)
[23:45:15]  source file: robots.dm,52
runtime error: 
[23:45:16]Cannot execute null.add reagent().
[23:45:16]proc name: Initialize (/obj/effect/decal/cleanable/oil/Initialize)
[23:45:16]  source file: robots.dm,52
runtime error: 
[23:45:16]Cannot execute null.add reagent().
[23:45:16]proc name: Initialize (/obj/effect/decal/cleanable/blood/gibs/Initialize)
[23:45:16]  source file: humans.dm,57
runtime error: 
[23:45:16]Cannot execute null.add reagent().
[23:45:16]proc name: Initialize (/obj/effect/decal/cleanable/oil/Initialize)
[23:45:16]  source file: robots.dm,52
runtime error: 
[23:45:16]Cannot execute null.add reagent().
[23:45:16]proc name: Initialize (/obj/effect/decal/cleanable/blood/gibs/Initialize)
[23:45:16]  source file: humans.dm,57
runtime error: 
[23:45:16]Cannot execute null.add reagent().
[23:45:16]proc name: Initialize (/obj/effect/decal/cleanable/oil/Initialize)
[23:45:16]  source file: robots.dm,52
runtime error: 
[23:45:16]Cannot execute null.add reagent().
[23:45:16]proc name: Initialize (/obj/effect/decal/cleanable/blood/gibs/Initialize)
[23:45:16]  source file: humans.dm,57
runtime error: 
[23:45:16]Cannot execute null.add reagent().
[23:45:16]proc name: Initialize (/obj/effect/decal/cleanable/oil/Initialize)
[23:45:16]  source file: robots.dm,52
runtime error: 
[23:45:16]Cannot execute null.add reagent().
[23:45:16]proc name: Initialize (/obj/effect/decal/cleanable/oil/Initialize)
[23:45:16]  source file: robots.dm,52
runtime error: 
[23:45:17]Cannot execute null.add reagent().
[23:45:17]proc name: Initialize (/obj/effect/decal/cleanable/oil/Initialize)
[23:45:17]  source file: robots.dm,52
runtime error: 
[23:45:17]Cannot execute null.add reagent().
[23:45:17]proc name: Initialize (/obj/effect/decal/cleanable/oil/Initialize)
[23:45:17]  source file: robots.dm,52
runtime error: 
[23:45:17]Cannot execute null.add reagent().
[23:45:17]proc name: Initialize (/obj/effect/decal/cleanable/oil/Initialize)
[23:45:17]  source file: robots.dm,52
runtime error: 
[23:45:17]Cannot execute null.add reagent().
[23:45:17]proc name: Initialize (/obj/effect/decal/cleanable/oil/Initialize)
[23:45:17]  source file: robots.dm,52
runtime error: 
[23:45:17]Cannot execute null.add reagent().
[23:45:17]proc name: Initialize (/obj/effect/decal/cleanable/oil/Initialize)
[23:45:17]  source file: robots.dm,52
runtime error: 
[23:45:17]Cannot execute null.add reagent().
[23:45:17]proc name: Initialize (/obj/effect/decal/cleanable/oil/Initialize)
[23:45:17]  source file: robots.dm,52
runtime error: 
[23:45:17]Cannot execute null.add reagent().
[23:45:17]proc name: Initialize (/obj/effect/decal/cleanable/oil/Initialize)
[23:45:17]  source file: robots.dm,52
runtime error: 
[23:45:17]Cannot execute null.add reagent().
[23:45:17]proc name: Initialize (/obj/effect/decal/cleanable/oil/Initialize)
[23:45:17]  source file: robots.dm,52
runtime error: 
[23:45:17]Cannot execute null.add reagent().
[23:45:17]proc name: Initialize (/obj/effect/decal/cleanable/oil/Initialize)
[23:45:17]  source file: robots.dm,52
runtime error: 
[23:45:17]Cannot execute null.add reagent().
[23:45:17]proc name: Initialize (/obj/effect/decal/cleanable/oil/Initialize)
[23:45:17]  source file: robots.dm,52
runtime error: 
[23:45:17]Cannot execute null.add reagent().
[23:45:17]proc name: Initialize (/obj/effect/decal/cleanable/oil/Initialize)
[23:45:17]  source file: robots.dm,52
runtime error: 
[23:45:17]Cannot execute null.add reagent().
[23:45:17]proc name: Initialize (/obj/effect/decal/cleanable/oil/Initialize)
[23:45:17]  source file: robots.dm,52
runtime error: 
[23:45:18]Cannot execute null.add reagent().
[23:45:18]proc name: Initialize (/obj/effect/decal/cleanable/oil/Initialize)
[23:45:18]  source file: robots.dm,52
runtime error: 
[23:45:18]Cannot execute null.add reagent().
[23:45:18]proc name: Initialize (/obj/effect/decal/cleanable/oil/Initialize)
[23:45:18]  source file: robots.dm,52
runtime error: 
[23:45:18]Cannot execute null.add reagent().
[23:45:18]proc name: Initialize (/obj/effect/decal/cleanable/oil/Initialize)
[23:45:18]  source file: robots.dm,52
runtime error: 
[23:45:18]Cannot execute null.add reagent().
[23:45:18]proc name: Initialize (/obj/effect/decal/cleanable/oil/Initialize)
[23:45:18]  source file: robots.dm,52
runtime error: 
[23:45:18]Cannot execute null.add reagent().
[23:45:18]proc name: Initialize (/obj/effect/decal/cleanable/oil/Initialize)
[23:45:18]  source file: robots.dm,52
runtime error: 
[23:45:19]Cannot execute null.add reagent().
[23:45:19]proc name: Initialize (/obj/effect/decal/cleanable/oil/Initialize)
[23:45:19]  source file: robots.dm,52
runtime error: 
[23:45:19]Cannot execute null.add reagent().
[23:45:19]proc name: Initialize (/obj/effect/decal/cleanable/oil/Initialize)
[23:45:19]  source file: robots.dm,52
runtime error: 
[23:45:19]Cannot execute null.add reagent().
[23:45:19]proc name: Initialize (/obj/effect/decal/cleanable/oil/Initialize)
[23:45:19]  source file: robots.dm,52
runtime error: 
[23:45:19]Cannot execute null.add reagent().
[23:45:19]proc name: Initialize (/obj/effect/decal/cleanable/oil/Initialize)
[23:45:19]  source file: robots.dm,52
runtime error: 
[23:45:19]Cannot execute null.add reagent().
[23:45:19]proc name: Initialize (/obj/effect/decal/cleanable/oil/Initialize)
[23:45:19]  source file: robots.dm,52
runtime error: 
[23:45:19]Cannot execute null.add reagent().
[23:45:19]proc name: Initialize (/obj/effect/decal/cleanable/oil/Initialize)
[23:45:19]  source file: robots.dm,52
runtime error: 
[23:45:19]Cannot execute null.add reagent().
[23:45:19]proc name: Initialize (/obj/effect/decal/cleanable/oil/Initialize)
[23:45:19]  source file: robots.dm,52
runtime error: 
[23:45:20]Cannot execute null.add reagent().
[23:45:20]proc name: Initialize (/obj/effect/decal/cleanable/oil/Initialize)
[23:45:20]  source file: robots.dm,52
runtime error: 
[23:45:20]Cannot execute null.add reagent().
[23:45:20]proc name: Initialize (/obj/effect/decal/cleanable/oil/Initialize)
[23:45:20]  source file: robots.dm,52
runtime error: 
[23:45:20]Cannot execute null.add reagent().
[23:45:20]proc name: Initialize (/obj/effect/decal/cleanable/oil/Initialize)
[23:45:20]  source file: robots.dm,52
runtime error: 
[23:45:20]Cannot execute null.add reagent().
[23:45:20]proc name: Initialize (/obj/effect/decal/cleanable/oil/Initialize)
[23:45:20]  source file: robots.dm,52
runtime error: 
[23:45:20]Cannot execute null.add reagent().
[23:45:20]proc name: Initialize (/obj/effect/decal/cleanable/oil/Initialize)
[23:45:20]  source file: robots.dm,52
runtime error: 
[23:45:21]Cannot execute null.add reagent().
[23:45:21]proc name: Initialize (/obj/effect/decal/cleanable/oil/Initialize)
[23:45:21]  source file: robots.dm,52
runtime error: 
[23:45:21]Cannot execute null.add reagent().
[23:45:21]proc name: Initialize (/obj/effect/decal/cleanable/oil/Initialize)
[23:45:21]  source file: robots.dm,52
runtime error: 
[23:45:22]Cannot execute null.add reagent().
[23:45:22]proc name: Initialize (/obj/effect/decal/cleanable/oil/Initialize)
[23:45:22]  source file: robots.dm,52
runtime error: 
[23:45:22]Cannot execute null.add reagent().
[23:45:22]proc name: Initialize (/obj/effect/decal/cleanable/oil/Initialize)
[23:45:22]  source file: robots.dm,52
runtime error: 
[23:45:22]Cannot execute null.add reagent().
[23:45:22]proc name: Initialize (/obj/effect/decal/cleanable/oil/Initialize)
[23:45:22]  source file: robots.dm,52
runtime error: 
[23:45:22]Cannot execute null.add reagent().
[23:45:22]proc name: Initialize (/obj/effect/decal/cleanable/oil/Initialize)
[23:45:22]  source file: robots.dm,52
runtime error: 
[23:45:22]Cannot execute null.add reagent().
[23:45:22]proc name: Initialize (/obj/effect/decal/cleanable/oil/Initialize)
[23:45:22]  source file: robots.dm,52
runtime error: 
[23:45:23]Cannot execute null.add reagent().
[23:45:23]Warning: further proc crash messages are being suppressed to prevent overload...
runtime error: 
[23:45:25]Undefined variable /obj/structure/signpost/salvation/var/swimming

runtime error: 
[23:45:25]Undefined variable /obj/effect/landmark/error/var/swimming

runtime error: 
[23:45:25]Undefined variable /obj/structure/speaking_tile/var/swimming

runtime error: 
[23:45:25]Undefined variable /obj/machinery/abductor/gland_dispenser/var/swimming

runtime error: 
[23:45:25]Undefined variable /obj/structure/table/abductor/var/swimming

runtime error: 
[23:45:25]Undefined variable /obj/item/surgicaldrill/alien/var/swimming

runtime error: 
[23:45:25]Undefined variable /obj/item/circular_saw/alien/var/swimming

runtime error: 
[23:45:25]Undefined variable /obj/structure/bed/abductor/var/swimming

runtime error: 
[23:45:25]Undefined variable /obj/item/surgical_drapes/var/swimming

runtime error: 
[23:45:25]Undefined variable /obj/item/paper/guides/antag/abductor/var/swimming

runtime error: 
[23:45:25]Undefined variable /obj/item/scalpel/alien/var/swimming

runtime error: 
[23:45:25]Undefined variable /obj/structure/table/abductor/var/swimming

runtime error: 
[23:45:25]Undefined variable /obj/item/cautery/alien/var/swimming

runtime error: 
[23:45:25]Undefined variable /obj/structure/closet/abductor/var/swimming

runtime error: 
[23:45:25]Undefined variable /obj/item/retractor/alien/var/swimming

runtime error: 
[23:45:25]Undefined variable /obj/item/hemostat/alien/var/swimming

runtime error: 
[23:45:25]Undefined variable /obj/structure/table/abductor/var/swimming

runtime error: 
[23:45:25]Undefined variable /obj/effect/landmark/abductor/scientist/var/swimming

runtime error: 
[23:45:25]Undefined variable /obj/structure/table/optable/abductor/var/swimming

runtime error: 
[23:45:25]Undefined variable /obj/effect/landmark/abductor/agent/var/swimming

runtime error: 
[23:45:25]Undefined variable /obj/structure/table/abductor/var/swimming

runtime error: 
[23:45:25]Undefined variable /obj/item/storage/box/alienhandcuffs/var/swimming

runtime error: 
[23:45:25]Undefined variable /obj/machinery/computer/camera_advanced/abductor/var/swimming

runtime error: 
[23:45:25]Undefined variable /obj/structure/closet/abductor/var/swimming

runtime error: 
[23:45:25]Undefined variable /obj/structure/grille/var/swimming

runtime error: 
[23:45:25]Undefined variable /obj/structure/window/shuttle/var/swimming

runtime error: 
[23:45:25]Undefined variable /obj/structure/grille/var/swimming

runtime error: 
[23:45:25]Undefined variable /obj/structure/window/shuttle/var/swimming

runtime error: 
[23:45:25]Undefined variable /obj/structure/grille/var/swimming

runtime error: 
[23:45:25]Undefined variable /obj/structure/window/shuttle/var/swimming

runtime error: 
[23:45:25]Undefined variable /obj/structure/grille/var/swimming

runtime error: 
[23:45:25]Undefined variable /obj/structure/window/shuttle/var/swimming

runtime error: 
[23:45:25]Undefined variable /obj/structure/grille/var/swimming

runtime error: 
[23:45:25]Undefined variable /obj/structure/window/shuttle/var/swimming

runtime error: 
[23:45:25]Undefined variable /obj/machinery/abductor/experiment/var/swimming

runtime error: 
[23:45:25]Undefined variable /obj/machinery/abductor/console/var/swimming

runtime error: 
[23:45:25]Undefined variable /obj/machinery/abductor/pad/var/swimming

runtime error: 
[23:45:25]Undefined variable /obj/structure/table/var/swimming

runtime error: 
[23:45:25]Undefined variable /obj/item/storage/lockbox/var/swimming

runtime error: 
[23:45:25]Undefined variable /obj/structure/table/var/swimming

runtime error: 
[23:45:25]Undefined variable /obj/machinery/computer/shuttle/var/swimming

runtime error: 
[23:45:25]Undefined variable /obj/structure/table/var/swimming

runtime error: 
[23:45:25]Undefined variable /obj/item/clipboard/var/swimming

runtime error: 
[23:45:25]Undefined variable /obj/item/pen/var/swimming

runtime error: 
[23:45:25]Undefined variable /obj/structure/table/var/swimming

runtime error: 
[23:45:25]Undefined variable /obj/item/paper_bin/var/swimming

runtime error: 
[23:45:25]Undefined variable /obj/structure/table/var/swimming

runtime error: 
[23:45:25]Undefined variable /obj/item/storage/box/donkpockets/var/swimming

runtime error: 
[23:45:25]Undefined variable /obj/machinery/light/var/swimming

runtime error: 
[23:45:25]Undefined variable /obj/structure/chair/var/swimming

runtime error: 
[23:45:25]Undefined variable /obj/structure/table/var/swimming

runtime error: 
[23:45:25]undefined proc or verb /mob/living/simple_animal/bot/medbot/mysterious/remove overlay().

runtime error: 
[23:45:25]undefined proc or verb /mob/living/simple_animal/hostile/creature/remove overlay().

runtime error: 
[23:45:26]undefined proc or verb /mob/living/simple_animal/hostile/carp/cayenne/remove overlay().

runtime error: 
[23:45:26]undefined proc or verb /mob/dead/new_player/remove overlay().

runtime error: 
[23:45:26]undefined proc or verb /mob/dead/new_player/remove overlay().

runtime error: 
[23:45:26]undefined proc or verb /mob/dead/new_player/remove overlay().

runtime error: 
[23:45:26]undefined proc or verb /mob/dead/new_player/remove overlay().

runtime error: 
[23:45:26]undefined proc or verb /mob/dead/new_player/remove overlay().

runtime error: 
[23:45:26]undefined proc or verb /mob/dead/new_player/remove overlay().

runtime error: 
[23:45:26]undefined proc or verb /mob/dead/new_player/remove overlay().

runtime error: 
[23:45:29]Cannot execute null.add reagent().
runtime error: 
[23:45:29]Cannot execute null.add reagent().
runtime error: 
[23:45:30]Cannot execute null.add reagent().
runtime error: 
[23:45:30]Cannot execute null.add reagent().
runtime error: 
[23:45:30]Cannot execute null.add reagent().
runtime error: 
[23:45:30]undefined proc or verb /mob/living/simple_animal/bot/medbot/remove overlay().

runtime error: 
[23:45:30]undefined proc or verb /mob/living/simple_animal/cockroach/remove overlay().

runtime error: 
[23:45:30]undefined proc or verb /mob/living/simple_animal/cockroach/remove overlay().

runtime error: 
[23:45:30]undefined proc or verb /mob/living/simple_animal/cockroach/remove overlay().

runtime error: 
[23:45:30]Cannot execute null.add reagent().
runtime error: 
[23:45:30]undefined proc or verb /mob/living/simple_animal/cockroach/remove overlay().

runtime error: 
[23:45:30]undefined proc or verb /mob/living/simple_animal/cockroach/remove overlay().

runtime error: 
[23:45:31]undefined proc or verb /mob/living/simple_animal/pet/cat/Runtime/remove overlay().

runtime error: 
[23:45:31]undefined proc or verb /mob/living/simple_animal/cockroach/remove overlay().

runtime error: 
[23:45:31]undefined proc or verb /mob/living/simple_animal/pet/dog/pug/remove overlay().

runtime error: 
[23:45:31]undefined proc or verb /mob/living/simple_animal/cockroach/remove overlay().

runtime error: 
[23:45:31]undefined proc or verb /mob/living/simple_animal/cockroach/remove overlay().

runtime error: 
[23:45:31]undefined proc or verb /mob/living/simple_animal/cockroach/remove overlay().

runtime error: 
[23:45:31]undefined proc or verb /mob/living/simple_animal/slime/remove overlay().

runtime error: 
[23:45:31]undefined proc or verb /mob/living/simple_animal/slime/remove overlay().

runtime error: 
[23:45:31]undefined proc or verb /mob/living/simple_animal/slime/remove overlay().

runtime error: 
[23:45:31]undefined proc or verb /mob/living/simple_animal/cockroach/remove overlay().

runtime error: 
[23:45:32]undefined proc or verb /mob/living/simple_animal/cockroach/remove overlay().

runtime error: 
[23:45:32]Cannot execute null.add reagent().
runtime error: 
[23:45:32]undefined proc or verb /mob/living/simple_animal/pet/dog/corgi/puppy/remove overlay().

runtime error: 
[23:45:32]undefined proc or verb /mob/living/simple_animal/bot/secbot/pingsky/remove overlay().

runtime error: 
[23:45:32]undefined proc or verb /mob/living/simple_animal/parrot/Poly/remove overlay().

runtime error: 
[23:45:32]undefined proc or verb /mob/living/simple_animal/bot/secbot/beepsky/remove overlay().

runtime error: 
[23:45:32]undefined proc or verb /mob/living/simple_animal/pet/fox/Renault/remove overlay().

runtime error: 
[23:45:33]undefined proc or verb /mob/living/simple_animal/hostile/carp/cayenne/remove overlay().

runtime error: 
[23:45:33]undefined proc or verb /mob/living/simple_animal/cockroach/remove overlay().

runtime error: 
[23:45:33]undefined proc or verb /mob/living/simple_animal/hostile/retaliate/goat/remove overlay().

runtime error: 
[23:45:33]undefined proc or verb /mob/living/simple_animal/sloth/citrus/remove overlay().

runtime error: 
[23:45:33]undefined proc or verb /mob/living/simple_animal/cockroach/remove overlay().

runtime error: 
[23:45:33]undefined proc or verb /mob/living/simple_animal/mouse/remove overlay().

runtime error: 
[23:45:33]undefined proc or verb /mob/living/simple_animal/mouse/remove overlay().

runtime error: 
[23:45:33]undefined proc or verb /mob/living/simple_animal/bot/mulebot/remove overlay().

runtime error: 
[23:45:33]undefined proc or verb /mob/living/simple_animal/bot/mulebot/remove overlay().

runtime error: 
[23:45:33]undefined proc or verb /mob/living/simple_animal/cockroach/remove overlay().

runtime error: 
[23:45:33]undefined proc or verb /mob/living/simple_animal/hostile/lizard/remove overlay().

runtime error: 
[23:45:33]undefined proc or verb /mob/living/simple_animal/cockroach/remove overlay().

runtime error: 
[23:45:33]undefined proc or verb /mob/living/simple_animal/cockroach/remove overlay().

runtime error: 
[23:45:33]undefined proc or verb /mob/living/simple_animal/cockroach/remove overlay().

runtime error: 
[23:45:36]undefined proc or verb /mob/living/simple_animal/bot/secbot/beepsky/remove overlay().

runtime error: 
[23:45:36]undefined proc or verb /mob/living/simple_animal/hostile/asteroid/hivelord/legion/random/remove overlay().

runtime error: 
[23:45:36]undefined proc or verb /mob/living/simple_animal/hostile/asteroid/goliath/beast/random/remove overlay().

runtime error: 
[23:45:36]undefined proc or verb /mob/living/simple_animal/hostile/asteroid/hivelord/legion/random/remove overlay().

runtime error: 
[23:45:36]undefined proc or verb /mob/living/simple_animal/hostile/asteroid/basilisk/watcher/random/remove overlay().

Initialized 1.48436e+006 atoms
Initialized Atoms subsystem within 41.1 seconds!
Initialized Language subsystem within 0 seconds!
Initialized Machines subsystem within 0.5 seconds!
Initialized Circuit subsystem within 0.1 seconds!
Initialized Weather subsystem within 0 seconds!
